/out/sourcedata/freesurfer/sub-v2s11x28684_ses-1/mri
/opt/freesurfer/bin/talairach_avi
--i orig_nu.mgz --xfm transforms/talairach.auto.xfm --atlas 3T18yoSchwartzReactN32_as_orig
talairach_avi 7.3.2
Linux dna061 5.14.0-427.37.1.el9_4.x86_64 #1 SMP PREEMPT_DYNAMIC Fri Sep 13 12:41:50 EDT 2024 x86_64 x86_64 x86_64 GNU/Linux
Tue Mar 10 14:29:03 CET 2026
mri_convert orig_nu.mgz talsrcimg.img 
reading from orig_nu.mgz...
TR=0.00, TE=0.00, TI=0.00, flip angle=0.00
i_ras = (-1, 0, 0)
j_ras = (0, 0, -1)
k_ras = (0, 1, 0)
writing to talsrcimg.img...
Analyze Output Matrix
-0.80000   0.00000   0.00000   128.87608;
 0.00000   0.00000   0.80000  -131.82460;
 0.00000  -0.80000   0.00000   157.72975;
 0.00000   0.00000   0.00000   1.00000;
--------------------
INFO: set hdr.hist.orient to -1
mpr2mni305 talsrcimg
Tue Mar 10 14:29:04 CET 2026
/opt/freesurfer/bin/mpr2mni305 talsrcimg
mpr2mni305 7.3.2
target=3T18yoSchwartzReactN32_as_orig

---------------------------------------------------------------------
analyzeto4dfp talsrcimg -O0 -y
---------------------------------------------------------------------

freesurfer ifh2hdr.c
Tue Mar 10 14:29:04 2026
Writing: talsrcimg.4dfp.hdr
freesurfer analyzeto4dfp.c
Reading: talsrcimg.hdr
header size 348 bytes
hdr.dime.datatype	offset=70	value=2
hdr.dime.bitpix		offset=72	value=8
hdr.hist.orient		offset=252	value=-1
dimensionality     4
dimensions       320       320       320         1
Reading: talsrcimg.img
Writing: talsrcimg.4dfp.img
Writing: talsrcimg.4dfp.ifh
ifh2hdr talsrcimg -r0to198
ori=2

---------------------------------------------------------------------
gauss_4dfp talsrcimg 1.1
---------------------------------------------------------------------

freesurfer gauss_4dfp.c
Reading: talsrcimg.4dfp.img
Writing: talsrcimg_g11.4dfp.img
image dimensions 320 320 320 padded to 384 384 384
processing volume 1freesurfer ifh2hdr.c
Tue Mar 10 14:29:21 2026
Writing: talsrcimg_g11.4dfp.hdr

Writing: talsrcimg_g11.4dfp.ifh
including: talsrcimg.4dfp.img.rec in talsrcimg_g11.4dfp.img.rec

---------------------------------------------------------------------
imgreg_4dfp /opt/freesurfer/average/3T18yoSchwartzReactN32_as_orig none talsrcimg_g11 none talsrcimg_to_3T18yoSchwartzReactN32_as_orig_t4 4355
---------------------------------------------------------------------

freesurfer imgreg_4dfp.c
/opt/freesurfer/average/3T18yoSchwartzReactN32_as_orig.4dfp.img
       256       256       256         1
  1.000000  1.000000  1.000000
orientation T byte_order littleendian
Reading image: /opt/freesurfer/average/3T18yoSchwartzReactN32_as_orig.4dfp.img
dimensions:      256       256       256
mmppix:       1.0000   -1.0000   -1.0000
center:     128.0000 -129.0000 -129.0000
talsrcimg_g11.4dfp.img
       320       320       320         1
  0.800000  0.800000  0.800000
orientation T byte_order littleendian
Reading image: talsrcimg_g11.4dfp.img
dimensions:      320       320       320
mmppix:       0.8000   -0.8000   -0.8000
center:     128.0000 -128.8000 -128.8000
t4_read: open error in t4_sub.f l:  46 t4_file(1:l)talsrcimg_to_3T18yoSchwartzReactN32_as_orig_t4 
t4_read: transform initialized to I4
rotation matrix determinant  1.000000
image alignment mode   4355 decimal     1103 hex
   -7.5000  -45.0000  -45.0000 8222.8623   14.7712
    0.0000  -45.0000  -45.0000 8602.1123   14.8374
    7.5000  -45.0000  -45.0000 8206.7627   14.8017
   -7.5000  -37.5000  -45.0000 8818.0654   14.8048
    0.0000  -37.5000  -45.0000 9230.6504   14.8744
    7.5000  -37.5000  -45.0000 8803.1514   14.8411
   -7.5000  -30.0000  -45.0000 9550.3623   15.6216
    0.0000  -30.0000  -45.0000 9992.4424   15.6982
    7.5000  -30.0000  -45.0000 9529.5684   15.6607
   -7.5000  -22.5000  -45.000010258.0781   16.3730
    0.0000  -22.5000  -45.000010740.3906   16.4530
    7.5000  -22.5000  -45.000010224.5029   16.4075
   -7.5000  -15.0000  -45.000010937.3672   17.0144
    0.0000  -15.0000  -45.000011428.2773   17.0936
    7.5000  -15.0000  -45.000010887.1045   17.0445
   -7.5000   -7.5000  -45.000011550.3564   17.5500
    0.0000   -7.5000  -45.000012069.9502   17.6283
    7.5000   -7.5000  -45.000011478.1133   17.5811
   -7.5000    0.0000  -45.000012090.0596   18.0821
    0.0000    0.0000  -45.000012662.3291   18.1632
    7.5000    0.0000  -45.000012026.9570   18.1194
   -7.5000    7.5000  -45.000011837.6123   18.0614
    0.0000    7.5000  -45.000012419.1406   18.1463
    7.5000    7.5000  -45.000011798.3809   18.1057
   -7.5000   15.0000  -45.000011497.8789   18.0876
    0.0000   15.0000  -45.000012065.2764   18.1764
    7.5000   15.0000  -45.000011446.8301   18.1329
   -7.5000   22.5000  -45.000011084.9756   18.0694
    0.0000   22.5000  -45.000011627.6123   18.1576
    7.5000   22.5000  -45.000011015.1699   18.1075
   -7.5000   30.0000  -45.000010606.7100   17.9363
    0.0000   30.0000  -45.000011113.7617   18.0198
    7.5000   30.0000  -45.000010543.2520   17.9680
   -7.5000   37.5000  -45.000010518.2158   17.8334
    0.0000   37.5000  -45.000011000.7715   17.9130
    7.5000   37.5000  -45.000010436.7441   17.8650
   -7.5000   45.0000  -45.0000 9924.0010   17.5868
    0.0000   45.0000  -45.000010365.4727   17.6657
    7.5000   45.0000  -45.0000 9839.5391   17.6231
   -7.5000  -45.0000  -37.5000 8462.4590   14.5116
    0.0000  -45.0000  -37.5000 8852.2959   14.5810
    7.5000  -45.0000  -37.5000 8455.9883   14.5442
   -7.5000  -37.5000  -37.5000 9093.9316   14.5353
    0.0000  -37.5000  -37.5000 9506.0439   14.6065
    7.5000  -37.5000  -37.5000 9087.9961   14.5737
   -7.5000  -30.0000  -37.5000 9872.6260   15.3353
    0.0000  -30.0000  -37.500010310.2451   15.4108
    7.5000  -30.0000  -37.5000 9855.8984   15.3764
   -7.5000  -22.5000  -37.500010641.2598   16.0821
    0.0000  -22.5000  -37.500011102.0938   16.1588
    7.5000  -22.5000  -37.500010597.2305   16.1176
   -7.5000  -15.0000  -37.500011356.8623   16.7241
    0.0000  -15.0000  -37.500011839.0488   16.8019
    7.5000  -15.0000  -37.500011301.5566   16.7546
   -7.5000   -7.5000  -37.500012011.7275   17.2517
    0.0000   -7.5000  -37.500012536.1387   17.3325
    7.5000   -7.5000  -37.500011952.5850   17.2846
   -7.5000    0.0000  -37.500012580.5596   17.7644
    0.0000    0.0000  -37.500013150.7246   17.8493
    7.5000    0.0000  -37.500012525.6152   17.8043
   -7.5000    7.5000  -37.500012336.1553   17.7326
    0.0000    7.5000  -37.500012920.4092   17.8195
    7.5000    7.5000  -37.500012288.6670   17.7794
   -7.5000   15.0000  -37.500011978.4580   17.7562
    0.0000   15.0000  -37.500012567.3994   17.8436
    7.5000   15.0000  -37.500011918.6094   17.8037
   -7.5000   22.5000  -37.500011538.5752   17.7483
    0.0000   22.5000  -37.500012083.2715   17.8330
    7.5000   22.5000  -37.500011450.3340   17.7875
   -7.5000   30.0000  -37.500011029.9453   17.6302
    0.0000   30.0000  -37.500011535.3975   17.7123
    7.5000   30.0000  -37.500010943.4492   17.6625
   -7.5000   37.5000  -37.500010914.2871   17.5303
    0.0000   37.5000  -37.500011426.8135   17.6124
    7.5000   37.5000  -37.500010855.4824   17.5638
   -7.5000   45.0000  -37.500010303.8633   17.2778
    0.0000   45.0000  -37.500010780.6738   17.3604
    7.5000   45.0000  -37.500010247.1504   17.3166
   -7.5000  -45.0000  -30.0000 8948.3447   14.7563
    0.0000  -45.0000  -30.0000 9341.3545   14.8286
    7.5000  -45.0000  -30.0000 8941.0518   14.7879
   -7.5000  -37.5000  -30.0000 9630.6572   14.7802
    0.0000  -37.5000  -30.000010042.6367   14.8515
    7.5000  -37.5000  -30.0000 9619.0605   14.8138
   -7.5000  -30.0000  -30.000010472.0840   15.6066
    0.0000  -30.0000  -30.000010913.2793   15.6803
    7.5000  -30.0000  -30.000010450.3525   15.6451
   -7.5000  -22.5000  -30.000011305.9648   16.3808
    0.0000  -22.5000  -30.000011774.3613   16.4569
    7.5000  -22.5000  -30.000011272.0566   16.4197
   -7.5000  -15.0000  -30.000012088.0430   17.0528
    0.0000  -15.0000  -30.000012597.4531   17.1334
    7.5000  -15.0000  -30.000012036.9131   17.0903
   -7.5000   -7.5000  -30.000012791.6914   17.6084
    0.0000   -7.5000  -30.000013322.8271   17.6942
    7.5000   -7.5000  -30.000012735.1387   17.6465
   -7.5000    0.0000  -30.000013380.0352   18.1513
    0.0000    0.0000  -30.000013957.0771   18.2401
    7.5000    0.0000  -30.000013337.7812   18.1901
   -7.5000    7.5000  -30.000013120.2129   18.1184
    0.0000    7.5000  -30.000013705.7832   18.2059
    7.5000    7.5000  -30.000013073.0293   18.1596
   -7.5000   15.0000  -30.000012762.0479   18.1402
    0.0000   15.0000  -30.000013341.8750   18.2259
    7.5000   15.0000  -30.000012701.7031   18.1850
   -7.5000   22.5000  -30.000012314.0742   18.1309
    0.0000   22.5000  -30.000012864.6230   18.2151
    7.5000   22.5000  -30.000012227.7119   18.1739
   -7.5000   30.0000  -30.000011764.9268   18.0130
    0.0000   30.0000  -30.000012285.1729   18.0981
    7.5000   30.0000  -30.000011687.5664   18.0526
   -7.5000   37.5000  -30.000011640.0117   17.9126
    0.0000   37.5000  -30.000012159.9697   17.9999
    7.5000   37.5000  -30.000011585.6514   17.9514
   -7.5000   45.0000  -30.000010998.5254   17.6591
    0.0000   45.0000  -30.000011502.0371   17.7455
    7.5000   45.0000  -30.000010960.6943   17.6969
   -7.5000  -45.0000  -22.5000 9428.0977   14.9436
    0.0000  -45.0000  -22.5000 9819.3486   15.0155
    7.5000  -45.0000  -22.5000 9413.5723   14.9727
   -7.5000  -37.5000  -22.500010168.8613   14.9762
    0.0000  -37.5000  -22.500010583.1201   15.0452
    7.5000  -37.5000  -22.500010147.0420   15.0031
   -7.5000  -30.0000  -22.500011086.2607   15.8246
    0.0000  -30.0000  -22.500011542.2207   15.8965
    7.5000  -30.0000  -22.500011054.8174   15.8582
   -7.5000  -22.5000  -22.500011996.6777   16.6127
    0.0000  -22.5000  -22.500012480.3652   16.6901
    7.5000  -22.5000  -22.500011952.6758   16.6531
   -7.5000  -15.0000  -22.500012825.6309   17.2968
    0.0000  -15.0000  -22.500013357.7100   17.3808
    7.5000  -15.0000  -22.500012772.9473   17.3406
   -7.5000   -7.5000  -22.500013604.1982   17.8736
    0.0000   -7.5000  -22.500014161.0986   17.9622
    7.5000   -7.5000  -22.500013548.0039   17.9163
   -7.5000    0.0000  -22.500014251.5879   18.4505
    0.0000    0.0000  -22.500014846.7822   18.5393
    7.5000    0.0000  -22.500014208.1260   18.4865
   -7.5000    7.5000  -22.500013983.3242   18.4270
    0.0000    7.5000  -22.500014563.9834   18.5119
    7.5000    7.5000  -22.500013937.3926   18.4601
   -7.5000   15.0000  -22.500013605.4443   18.4504
    0.0000   15.0000  -22.500014176.7021   18.5342
    7.5000   15.0000  -22.500013541.2656   18.4896
   -7.5000   22.5000  -22.500013153.0742   18.4314
    0.0000   22.5000  -22.500013695.6963   18.5173
    7.5000   22.5000  -22.500013057.8076   18.4763
   -7.5000   30.0000  -22.500012606.0254   18.3016
    0.0000   30.0000  -22.500013143.6387   18.3906
    7.5000   30.0000  -22.500012524.0010   18.3481
   -7.5000   37.5000  -22.500012454.9971   18.1983
    0.0000   37.5000  -22.500012986.8135   18.2884
    7.5000   37.5000  -22.500012400.3906   18.2417
   -7.5000   45.0000  -22.500011753.3154   17.9514
    0.0000   45.0000  -22.500012265.3594   18.0378
    7.5000   45.0000  -22.500011713.8193   17.9864
   -7.5000  -45.0000  -15.0000 9906.7607   15.0351
    0.0000  -45.0000  -15.000010310.3643   15.1049
    7.5000  -45.0000  -15.0000 9891.2568   15.0621
   -7.5000  -37.5000  -15.000010728.7324   15.0761
    0.0000  -37.5000  -15.000011160.4512   15.1442
    7.5000  -37.5000  -15.000010701.7998   15.1005
   -7.5000  -30.0000  -15.000011718.1367   15.9394
    0.0000  -30.0000  -15.000012199.2734   16.0131
    7.5000  -30.0000  -15.000011678.8926   15.9703
   -7.5000  -22.5000  -15.000012695.9258   16.7350
    0.0000  -22.5000  -15.000013220.0176   16.8162
    7.5000  -22.5000  -15.000012645.4150   16.7737
   -7.5000  -15.0000  -15.000013592.5869   17.4214
    0.0000  -15.0000  -15.000014151.1055   17.5079
    7.5000  -15.0000  -15.000013531.2021   17.4645
   -7.5000   -7.5000  -15.000014439.4033   18.0105
    0.0000   -7.5000  -15.000015028.4766   18.0981
    7.5000   -7.5000  -15.000014386.3633   18.0516
   -7.5000    0.0000  -15.000015158.4346   18.6120
    0.0000    0.0000  -15.000015781.7549   18.6984
    7.5000    0.0000  -15.000015106.0791   18.6453
   -7.5000    7.5000  -15.000014904.1631   18.5973
    0.0000    7.5000  -15.000015492.7334   18.6814
    7.5000    7.5000  -15.000014840.9121   18.6274
   -7.5000   15.0000  -15.000014530.3867   18.6262
    0.0000   15.0000  -15.000015095.0908   18.7124
    7.5000   15.0000  -15.000014452.3887   18.6624
   -7.5000   22.5000  -15.000014048.4131   18.6005
    0.0000   22.5000  -15.000014586.9824   18.6908
    7.5000   22.5000  -15.000013937.4492   18.6435
   -7.5000   30.0000  -15.000013473.5859   18.4568
    0.0000   30.0000  -15.000014020.9404   18.5484
    7.5000   30.0000  -15.000013376.0791   18.5024
   -7.5000   37.5000  -15.000013316.4570   18.3481
    0.0000   37.5000  -15.000013871.7637   18.4373
    7.5000   37.5000  -15.000013258.3955   18.3899
   -7.5000   45.0000  -15.000012566.6543   18.1053
    0.0000   45.0000  -15.000013089.6953   18.1894
    7.5000   45.0000  -15.000012522.2461   18.1378
   -7.5000  -45.0000   -7.500010379.0410   15.0172
    0.0000  -45.0000   -7.500010765.2559   15.0874
    7.5000  -45.0000   -7.500010339.4258   15.0479
   -7.5000  -37.5000   -7.500011273.0771   15.0566
    0.0000  -37.5000   -7.500011705.6191   15.1283
    7.5000  -37.5000   -7.500011226.2334   15.0888
   -7.5000  -30.0000   -7.500012346.0381   15.9273
    0.0000  -30.0000   -7.500012847.6289   16.0071
    7.5000  -30.0000   -7.500012309.3896   15.9645
   -7.5000  -22.5000   -7.500013365.5996   16.7327
    0.0000  -22.5000   -7.500013907.2178   16.8195
    7.5000  -22.5000   -7.500013315.3105   16.7725
   -7.5000  -15.0000   -7.500014304.8438   17.4267
    0.0000  -15.0000   -7.500014867.6943   17.5153
    7.5000  -15.0000   -7.500014234.8467   17.4671
   -7.5000   -7.5000   -7.500015247.6875   18.0225
    0.0000   -7.5000   -7.500015835.7959   18.1095
    7.5000   -7.5000   -7.500015165.8682   18.0618
   -7.5000    0.0000   -7.500016054.9229   18.6312
    0.0000    0.0000   -7.500016649.7949   18.7183
    7.5000    0.0000   -7.500015948.2236   18.6694
   -7.5000    7.5000   -7.500015844.4365   18.6135
    0.0000    7.5000   -7.500016408.9922   18.7022
    7.5000    7.5000   -7.500015717.4287   18.6534
   -7.5000   15.0000   -7.500015473.2148   18.6468
    0.0000   15.0000   -7.500016034.7773   18.7402
    7.5000   15.0000   -7.500015350.2832   18.6903
   -7.5000   22.5000   -7.500014973.4580   18.6248
    0.0000   22.5000   -7.500015526.9775   18.7214
    7.5000   22.5000   -7.500014818.0830   18.6690
   -7.5000   30.0000   -7.500014354.2881   18.4791
    0.0000   30.0000   -7.500014921.7227   18.5731
    7.5000   30.0000   -7.500014226.4463   18.5219
   -7.5000   37.5000   -7.500014201.7959   18.3667
    0.0000   37.5000   -7.500014784.5947   18.4554
    7.5000   37.5000   -7.500014101.8711   18.4068
   -7.5000   45.0000   -7.500013386.1357   18.1177
    0.0000   45.0000   -7.500013954.3096   18.2024
    7.5000   45.0000   -7.500013318.9717   18.1548
   -7.5000  -45.0000    0.000010728.9404   14.9849
    0.0000  -45.0000    0.000011147.9082   15.0597
    7.5000  -45.0000    0.000010671.0742   15.0234
   -7.5000  -37.5000    0.000011692.7676   15.0146
    0.0000  -37.5000    0.000012175.5635   15.0923
    7.5000  -37.5000    0.000011632.6602   15.0583
   -7.5000  -30.0000    0.000012878.0381   15.8869
    0.0000  -30.0000    0.000013474.5508   15.9722
    7.5000  -30.0000    0.000012824.3193   15.9338
   -7.5000  -22.5000    0.000013994.2783   16.7057
    0.0000  -22.5000    0.000014600.9590   16.7954
    7.5000  -22.5000    0.000013898.8115   16.7491
   -7.5000  -15.0000    0.000014965.2236   17.4170
    0.0000  -15.0000    0.000015441.2080   17.5073
    7.5000  -15.0000    0.000014792.8643   17.4572
   -7.5000   -7.5000    0.000015973.3320   18.0243
    0.0000   -7.5000    0.000016507.8477   18.1144
    7.5000   -7.5000    0.000015787.8340   18.0660
   -7.5000    0.0000    0.000016877.4746   18.6350
    0.0000    0.0000    0.000017504.9238   18.7279
    7.5000    0.0000    0.000016678.7969   18.6828
   -7.5000    7.5000    0.000016689.5859   18.6059
    0.0000    7.5000    0.000017367.5898   18.7020
    7.5000    7.5000    0.000016498.7930   18.6600
   -7.5000   15.0000    0.000016305.7432   18.6386
    0.0000   15.0000    0.000017004.7383   18.7386
    7.5000   15.0000    0.000016114.4326   18.6936
   -7.5000   22.5000    0.000015760.5176   18.6255
    0.0000   22.5000    0.000016474.4902   18.7256
    7.5000   22.5000    0.000015577.8076   18.6739
   -7.5000   30.0000    0.000015098.4629   18.4895
    0.0000   30.0000    0.000015812.4570   18.5853
    7.5000   30.0000    0.000014964.4971   18.5322
   -7.5000   37.5000    0.000014973.0215   18.3783
    0.0000   37.5000    0.000015639.3926   18.4701
    7.5000   37.5000    0.000014865.3203   18.4208
   -7.5000   45.0000    0.000014127.6523   18.1179
    0.0000   45.0000    0.000014752.7012   18.2082
    7.5000   45.0000    0.000014086.9492   18.1643
   -7.5000  -45.0000    7.500010278.1064   15.0429
    0.0000  -45.0000    7.500010700.9570   15.1207
    7.5000  -45.0000    7.500010208.8096   15.0822
   -7.5000  -37.5000    7.500011190.0752   15.0639
    0.0000  -37.5000    7.500011692.6211   15.1435
    7.5000  -37.5000    7.500011107.6865   15.1087
   -7.5000  -30.0000    7.500012347.0117   15.9375
    0.0000  -30.0000    7.500013095.1436   16.0221
    7.5000  -30.0000    7.500012268.8232   15.9856
   -7.5000  -22.5000    7.500013519.4873   16.7679
    0.0000  -22.5000    7.500014500.6758   16.8547
    7.5000  -22.5000    7.500013400.6592   16.8113
   -7.5000  -15.0000    7.500014533.5322   17.4956
    0.0000  -15.0000    7.500015433.1992   17.5842
    7.5000  -15.0000    7.500014288.0146   17.5346
   -7.5000   -7.5000    7.500015484.4404   18.1107
    0.0000   -7.5000    7.500016309.8740   18.2028
    7.5000   -7.5000    7.500015206.8809   18.1524
   -7.5000    0.0000    7.500016377.7129   18.7185
    0.0000    0.0000    7.500017220.9941   18.8154
    7.5000    0.0000    7.500016130.1758   18.7675
   -7.5000    7.5000    7.500016209.9004   18.6782
    0.0000    7.5000    7.500017041.9395   18.7769
    7.5000    7.5000    7.500016027.9883   18.7338
   -7.5000   15.0000    7.500015845.6436   18.7079
    0.0000   15.0000    7.500016630.6699   18.8071
    7.5000   15.0000    7.500015679.7354   18.7642
   -7.5000   22.5000    7.500015330.0117   18.7037
    0.0000   22.5000    7.500016042.4229   18.8005
    7.5000   22.5000    7.500015174.5400   18.7521
   -7.5000   30.0000    7.500014676.1924   18.5810
    0.0000   30.0000    7.500015343.5312   18.6751
    7.5000   30.0000    7.500014557.3105   18.6225
   -7.5000   37.5000    7.500014524.4082   18.4725
    0.0000   37.5000    7.500015173.3496   18.5665
    7.5000   37.5000    7.500014452.5400   18.5150
   -7.5000   45.0000    7.500013680.3076   18.2050
    0.0000   45.0000    7.500014324.0303   18.2992
    7.5000   45.0000    7.500013684.8037   18.2526
   -7.5000  -45.0000   15.0000 9799.5527   15.2678
    0.0000  -45.0000   15.000010235.6582   15.3453
    7.5000  -45.0000   15.0000 9728.8682   15.3028
   -7.5000  -37.5000   15.000010704.8613   15.2872
    0.0000  -37.5000   15.000011210.4209   15.3638
    7.5000  -37.5000   15.000010615.3330   15.3242
   -7.5000  -30.0000   15.000011823.6406   16.1693
    0.0000  -30.0000   15.000012604.1914   16.2487
    7.5000  -30.0000   15.000011756.6387   16.2116
   -7.5000  -22.5000   15.000012960.2314   17.0110
    0.0000  -22.5000   15.000013953.7324   17.0932
    7.5000  -22.5000   15.000012851.2021   17.0538
   -7.5000  -15.0000   15.000013969.1387   17.7553
    0.0000  -15.0000   15.000014927.8057   17.8424
    7.5000  -15.0000   15.000013738.1611   17.7970
   -7.5000   -7.5000   15.000014897.8193   18.3864
    0.0000   -7.5000   15.000015870.1777   18.4793
    7.5000   -7.5000   15.000014651.7891   18.4289
   -7.5000    0.0000   15.000015714.1494   19.0075
    0.0000    0.0000   15.000016681.0000   19.1040
    7.5000    0.0000   15.000015494.2080   19.0511
   -7.5000    7.5000   15.000015498.5352   18.9656
    0.0000    7.5000   15.000016370.3789   19.0606
    7.5000    7.5000   15.000015337.0840   19.0115
   -7.5000   15.0000   15.000015109.0801   18.9920
    0.0000   15.0000   15.000015912.4883   19.0851
    7.5000   15.0000   15.000014989.9717   19.0416
   -7.5000   22.5000   15.000014594.3154   18.9874
    0.0000   22.5000   15.000015339.1172   19.0791
    7.5000   22.5000   15.000014486.7041   19.0352
   -7.5000   30.0000   15.000013989.4854   18.8682
    0.0000   30.0000   15.000014683.6924   18.9608
    7.5000   30.0000   15.000013909.2744   18.9125
   -7.5000   37.5000   15.000013878.7236   18.7622
    0.0000   37.5000   15.000014545.4238   18.8570
    7.5000   37.5000   15.000013833.4805   18.8056
   -7.5000   45.0000   15.000013121.2061   18.4936
    0.0000   45.0000   15.000013738.4980   18.5875
    7.5000   45.0000   15.000013120.7070   18.5360
   -7.5000  -45.0000   22.5000 9318.4727   15.5023
    0.0000  -45.0000   22.5000 9725.0020   15.5762
    7.5000  -45.0000   22.5000 9279.9033   15.5314
   -7.5000  -37.5000   22.500010186.2197   15.5291
    0.0000  -37.5000   22.500010671.8750   15.6001
    7.5000  -37.5000   22.500010143.6582   15.5559
   -7.5000  -30.0000   22.500011204.5850   16.4244
    0.0000  -30.0000   22.500011883.1416   16.4983
    7.5000  -30.0000   22.500011199.4365   16.4582
   -7.5000  -22.5000   22.500012222.2207   17.2702
    0.0000  -22.5000   22.500012897.3955   17.3499
    7.5000  -22.5000   22.500012138.6416   17.3112
   -7.5000  -15.0000   22.500013153.7148   18.0177
    0.0000  -15.0000   22.500013804.8486   18.1045
    7.5000  -15.0000   22.500013021.8506   18.0622
   -7.5000   -7.5000   22.500014057.9014   18.6603
    0.0000   -7.5000   22.500014820.9355   18.7519
    7.5000   -7.5000   22.500013958.3418   18.7035
   -7.5000    0.0000   22.500014871.9941   19.3009
    0.0000    0.0000   22.500015699.9434   19.3929
    7.5000    0.0000   22.500014782.0264   19.3371
   -7.5000    7.5000   22.500014680.0566   19.2685
    0.0000    7.5000   22.500015449.1016   19.3565
    7.5000    7.5000   22.500014600.6367   19.3017
   -7.5000   15.0000   22.500014338.9336   19.2949
    0.0000   15.0000   22.500015027.5195   19.3817
    7.5000   15.0000   22.500014254.8643   19.3346
   -7.5000   22.5000   22.500013873.0859   19.2813
    0.0000   22.5000   22.500014520.6201   19.3703
    7.5000   22.5000   22.500013787.7012   19.3270
   -7.5000   30.0000   22.500013319.4473   19.1529
    0.0000   30.0000   22.500013934.7588   19.2452
    7.5000   30.0000   22.500013244.5557   19.2003
   -7.5000   37.5000   22.500013223.5479   19.0472
    0.0000   37.5000   22.500013833.4033   19.1407
    7.5000   37.5000   22.500013167.3994   19.0913
   -7.5000   45.0000   22.500012512.9434   18.7868
    0.0000   45.0000   22.500013108.1055   18.8764
    7.5000   45.0000   22.500012476.3379   18.8220
   -7.5000  -45.0000   30.0000 8795.3174   15.7875
    0.0000  -45.0000   30.0000 9164.1816   15.8570
    7.5000  -45.0000   30.0000 8805.3945   15.8113
   -7.5000  -37.5000   30.0000 9618.9463   15.8223
    0.0000  -37.5000   30.000010067.5596   15.8899
    7.5000  -37.5000   30.0000 9646.9482   15.8432
   -7.5000  -30.0000   30.000010576.1240   16.7375
    0.0000  -30.0000   30.000011109.7324   16.8108
    7.5000  -30.0000   30.000010602.4551   16.7652
   -7.5000  -22.5000   30.000011500.7871   17.5930
    0.0000  -22.5000   30.000011999.4297   17.6744
    7.5000  -22.5000   30.000011450.1494   17.6290
   -7.5000  -15.0000   30.000012365.8242   18.3439
    0.0000  -15.0000   30.000012922.9180   18.4309
    7.5000  -15.0000   30.000012324.1523   18.3846
   -7.5000   -7.5000   30.000013236.3359   18.9966
    0.0000   -7.5000   30.000013864.3770   19.0846
    7.5000   -7.5000   30.000013202.6523   19.0348
   -7.5000    0.0000   30.000013985.5547   19.6565
    0.0000    0.0000   30.000014670.8652   19.7430
    7.5000    0.0000   30.000013953.4463   19.6860
   -7.5000    7.5000   30.000013843.7607   19.6341
    0.0000    7.5000   30.000014500.9775   19.7180
    7.5000    7.5000   30.000013798.7959   19.6600
   -7.5000   15.0000   30.000013516.5430   19.6660
    0.0000   15.0000   30.000014157.0186   19.7522
    7.5000   15.0000   30.000013461.9473   19.6985
   -7.5000   22.5000   30.000013090.6943   19.6468
    0.0000   22.5000   30.000013703.7744   19.7376
    7.5000   22.5000   30.000013017.0752   19.6869
   -7.5000   30.0000   30.000012585.3682   19.5063
    0.0000   30.0000   30.000013153.0508   19.5988
    7.5000   30.0000   30.000012504.8770   19.5496
   -7.5000   37.5000   30.000012492.3818   19.3970
    0.0000   37.5000   30.000013068.1641   19.4868
    7.5000   37.5000   30.000012435.3486   19.4360
   -7.5000   45.0000   30.000011855.6357   19.1413
    0.0000   45.0000   30.000012408.9609   19.2256
    7.5000   45.0000   30.000011816.9326   19.1701
   -7.5000  -45.0000   37.5000 8707.1289   16.0884
    0.0000  -45.0000   37.5000 9055.5107   16.1589
    7.5000  -45.0000   37.5000 8735.5908   16.1167
   -7.5000  -37.5000   37.5000 9516.2207   16.1205
    0.0000  -37.5000   37.5000 9933.6680   16.1926
    7.5000  -37.5000   37.5000 9573.8496   16.1502
   -7.5000  -30.0000   37.500010450.8281   17.0573
    0.0000  -30.0000   37.500010906.7119   17.1380
    7.5000  -30.0000   37.500010478.5146   17.0921
   -7.5000  -22.5000   37.500011328.7324   17.9354
    0.0000  -22.5000   37.500011784.4355   18.0237
    7.5000  -22.5000   37.500011314.9502   17.9729
   -7.5000  -15.0000   37.500012176.6602   18.7020
    0.0000  -15.0000   37.500012707.9062   18.7922
    7.5000  -15.0000   37.500012174.5391   18.7403
   -7.5000   -7.5000   37.500012992.1982   19.3649
    0.0000   -7.5000   37.500013561.2197   19.4530
    7.5000   -7.5000   37.500012987.6006   19.4019
   -7.5000    0.0000   37.500013718.6211   20.0311
    0.0000    0.0000   37.500014312.1699   20.1189
    7.5000    0.0000   37.500013702.8232   20.0663
   -7.5000    7.5000   37.500013591.0635   20.0042
    0.0000    7.5000   37.500014186.3174   20.0936
    7.5000    7.5000   37.500013560.2520   20.0410
   -7.5000   15.0000   37.500013295.4570   20.0418
    0.0000   15.0000   37.500013868.6699   20.1366
    7.5000   15.0000   37.500013261.6846   20.0827
   -7.5000   22.5000   37.500012898.8535   20.0291
    0.0000   22.5000   37.500013467.5537   20.1277
    7.5000   22.5000   37.500012841.0303   20.0710
   -7.5000   30.0000   37.500012370.4697   19.8871
    0.0000   30.0000   37.500012915.4785   19.9830
    7.5000   30.0000   37.500012308.7334   19.9279
   -7.5000   37.5000   37.500012270.5586   19.7730
    0.0000   37.5000   37.500012826.0752   19.8630
    7.5000   37.5000   37.500012230.6670   19.8109
   -7.5000   45.0000   37.500011686.9033   19.5061
    0.0000   45.0000   37.500012211.0762   19.5916
    7.5000   45.0000   37.500011675.9287   19.5404
   -7.5000  -45.0000   45.0000 8308.5254   16.5977
    0.0000  -45.0000   45.0000 8648.0947   16.6752
    7.5000  -45.0000   45.0000 8346.2168   16.6341
   -7.5000  -37.5000   45.0000 9066.7500   16.6177
    0.0000  -37.5000   45.0000 9451.9648   16.6995
    7.5000  -37.5000   45.0000 9126.4297   16.6614
   -7.5000  -30.0000   45.0000 9934.5117   17.5812
    0.0000  -30.0000   45.000010341.8799   17.6719
    7.5000  -30.0000   45.0000 9962.8848   17.6285
   -7.5000  -22.5000   45.000010742.2090   18.4994
    0.0000  -22.5000   45.000011170.4131   18.5940
    7.5000  -22.5000   45.000010752.3711   18.5408
   -7.5000  -15.0000   45.000011539.4707   19.3048
    0.0000  -15.0000   45.000012017.4014   19.3984
    7.5000  -15.0000   45.000011544.2959   19.3406
   -7.5000   -7.5000   45.000012280.4453   19.9916
    0.0000   -7.5000   45.000012780.7559   20.0845
    7.5000   -7.5000   45.000012269.6973   20.0289
   -7.5000    0.0000   45.000012944.9941   20.6666
    0.0000    0.0000   45.000013479.3086   20.7631
    7.5000    0.0000   45.000012941.5146   20.7118
   -7.5000    7.5000   45.000012813.0781   20.6242
    0.0000    7.5000   45.000013364.2559   20.7256
    7.5000    7.5000   45.000012808.9150   20.6784
   -7.5000   15.0000   45.000012552.4365   20.6627
    0.0000   15.0000   45.000013083.1123   20.7693
    7.5000   15.0000   45.000012532.3311   20.7183
   -7.5000   22.5000   45.000012174.9629   20.6659
    0.0000   22.5000   45.000012681.3535   20.7717
    7.5000   22.5000   45.000012129.2793   20.7122
   -7.5000   30.0000   45.000011674.7119   20.5366
    0.0000   30.0000   45.000012153.3770   20.6362
    7.5000   30.0000   45.000011626.2021   20.5748
   -7.5000   37.5000   45.000011589.0010   20.4210
    0.0000   37.5000   45.000012096.6992   20.5158
    7.5000   37.5000   45.000011563.8740   20.4591
   -7.5000   45.0000   45.000011043.0166   20.1342
    0.0000   45.0000   45.000011533.6309   20.2282
    7.5000   45.0000   45.000011039.9805   20.1782

---------------------------------------------------------------------
imgreg_4dfp /opt/freesurfer/average/3T18yoSchwartzReactN32_as_orig /opt/freesurfer/average/711-2B_as_mni_average_305_mask talsrcimg_g11 none talsrcimg_to_3T18yoSchwartzReactN32_as_orig_t4 4355
---------------------------------------------------------------------

freesurfer imgreg_4dfp.c
/opt/freesurfer/average/3T18yoSchwartzReactN32_as_orig.4dfp.img
       256       256       256         1
  1.000000  1.000000  1.000000
orientation T byte_order littleendian
Reading image: /opt/freesurfer/average/3T18yoSchwartzReactN32_as_orig.4dfp.img
dimensions:      256       256       256
mmppix:       1.0000   -1.0000   -1.0000
center:     128.0000 -129.0000 -129.0000
/opt/freesurfer/average/711-2B_as_mni_average_305_mask.4dfp.img
       256       256       256         1
  1.000000  1.000000  1.000000
orientation T byte_order littleendian
Reading mask: /opt/freesurfer/average/711-2B_as_mni_average_305_mask.4dfp.img (2306576 pixels)
talsrcimg_g11.4dfp.img
       320       320       320         1
  0.800000  0.800000  0.800000
orientation T byte_order littleendian
Reading image: talsrcimg_g11.4dfp.img
dimensions:      320       320       320
mmppix:       0.8000   -0.8000   -0.8000
center:     128.0000 -128.8000 -128.8000
rotation matrix determinant  1.000000
image alignment mode   4355 decimal     1103 hex
   -7.5000  -45.0000  -45.0000 2328.1313   25.6996
    0.0000  -45.0000  -45.0000 2336.6211   25.6392
    7.5000  -45.0000  -45.0000 2324.2268   25.6713
   -7.5000  -37.5000  -45.0000 2396.0515   23.8784
    0.0000  -37.5000  -45.0000 2407.4285   23.8192
    7.5000  -37.5000  -45.0000 2393.6367   23.8785
   -7.5000  -30.0000  -45.0000 2444.9983   22.3859
    0.0000  -30.0000  -45.0000 2458.2954   22.3329
    7.5000  -30.0000  -45.0000 2444.6707   22.4061
   -7.5000  -22.5000  -45.0000 2471.5806   21.2331
    0.0000  -22.5000  -45.0000 2488.7336   21.1959
    7.5000  -22.5000  -45.0000 2474.6055   21.2554
   -7.5000  -15.0000  -45.0000 2492.5869   20.5436
    0.0000  -15.0000  -45.0000 2498.2363   20.4574
    7.5000  -15.0000  -45.0000 2488.8589   20.5074
   -7.5000   -7.5000  -45.0000 2485.7678   20.1412
    0.0000   -7.5000  -45.0000 2496.0933   20.0763
    7.5000   -7.5000  -45.0000 2479.6606   20.1273
   -7.5000    0.0000  -45.0000 2487.8298   20.2116
    0.0000    0.0000  -45.0000 2500.2305   20.1293
    7.5000    0.0000  -45.0000 2475.9976   20.1294
   -7.5000    7.5000  -45.0000 2466.6030   20.5541
    0.0000    7.5000  -45.0000 2480.7681   20.4799
    7.5000    7.5000  -45.0000 2462.5181   20.4687
   -7.5000   15.0000  -45.0000 2425.4626   21.2929
    0.0000   15.0000  -45.0000 2441.0547   21.2521
    7.5000   15.0000  -45.0000 2419.3899   21.1865
   -7.5000   22.5000  -45.0000 2368.5137   22.4733
    0.0000   22.5000  -45.0000 2382.9421   22.4136
    7.5000   22.5000  -45.0000 2359.7744   22.3796
   -7.5000   30.0000  -45.0000 2293.4138   24.0774
    0.0000   30.0000  -45.0000 2304.6111   23.9938
    7.5000   30.0000  -45.0000 2286.8550   23.9521
   -7.5000   37.5000  -45.0000 2217.8862   26.0964
    0.0000   37.5000  -45.0000 2221.3142   25.9396
    7.5000   37.5000  -45.0000 2205.3069   25.9121
   -7.5000   45.0000  -45.0000 2113.3069   28.7179
    0.0000   45.0000  -45.0000 2108.2346   28.4545
    7.5000   45.0000  -45.0000 2095.8884   28.4602
   -7.5000  -45.0000  -37.5000 2355.8643   24.6413
    0.0000  -45.0000  -37.5000 2365.9624   24.5153
    7.5000  -45.0000  -37.5000 2349.5178   24.5439
   -7.5000  -37.5000  -37.5000 2427.4382   22.8087
    0.0000  -37.5000  -37.5000 2432.3552   22.6620
    7.5000  -37.5000  -37.5000 2424.3853   22.7713
   -7.5000  -30.0000  -37.5000 2486.1223   21.3789
    0.0000  -30.0000  -37.5000 2489.3604   21.2342
    7.5000  -30.0000  -37.5000 2486.9578   21.3863
   -7.5000  -22.5000  -37.5000 2517.7366   20.2026
    0.0000  -22.5000  -37.5000 2526.3442   20.1039
    7.5000  -22.5000  -37.5000 2524.1104   20.2494
   -7.5000  -15.0000  -37.5000 2544.7456   19.5115
    0.0000  -15.0000  -37.5000 2543.2456   19.3606
    7.5000  -15.0000  -37.5000 2543.5320   19.4895
   -7.5000   -7.5000  -37.5000 2550.8694   19.1478
    0.0000   -7.5000  -37.5000 2557.3369   19.0255
    7.5000   -7.5000  -37.5000 2550.8323   19.1454
   -7.5000    0.0000  -37.5000 2558.2388   19.1688
    0.0000    0.0000  -37.5000 2563.1558   19.0334
    7.5000    0.0000  -37.5000 2549.4351   19.1087
   -7.5000    7.5000  -37.5000 2539.1130   19.4315
    0.0000    7.5000  -37.5000 2551.6873   19.3146
    7.5000    7.5000  -37.5000 2536.4395   19.3797
   -7.5000   15.0000  -37.5000 2497.4475   20.0787
    0.0000   15.0000  -37.5000 2519.3696   20.0102
    7.5000   15.0000  -37.5000 2495.7534   20.0232
   -7.5000   22.5000  -37.5000 2443.1060   21.1952
    0.0000   22.5000  -37.5000 2458.0784   21.1128
    7.5000   22.5000  -37.5000 2435.0251   21.1353
   -7.5000   30.0000  -37.5000 2364.6448   22.7111
    0.0000   30.0000  -37.5000 2375.8547   22.6238
    7.5000   30.0000  -37.5000 2352.6292   22.5842
   -7.5000   37.5000  -37.5000 2278.2937   24.6224
    0.0000   37.5000  -37.5000 2290.8508   24.5145
    7.5000   37.5000  -37.5000 2273.9946   24.4572
   -7.5000   45.0000  -37.5000 2174.9355   27.0711
    0.0000   45.0000  -37.5000 2177.0840   26.8690
    7.5000   45.0000  -37.5000 2166.4502   26.8820
   -7.5000  -45.0000  -30.0000 2460.6274   24.3983
    0.0000  -45.0000  -30.0000 2463.0515   24.2092
    7.5000  -45.0000  -30.0000 2450.4377   24.2711
   -7.5000  -37.5000  -30.0000 2524.2925   22.4488
    0.0000  -37.5000  -30.0000 2521.9546   22.2550
    7.5000  -37.5000  -30.0000 2515.7659   22.3446
   -7.5000  -30.0000  -30.0000 2584.7246   20.9513
    0.0000  -30.0000  -30.0000 2581.3372   20.7352
    7.5000  -30.0000  -30.0000 2587.3228   20.9182
   -7.5000  -22.5000  -30.0000 2623.0996   19.7418
    0.0000  -22.5000  -30.0000 2624.2961   19.5877
    7.5000  -22.5000  -30.0000 2635.5916   19.7891
   -7.5000  -15.0000  -30.0000 2652.6582   18.9873
    0.0000  -15.0000  -30.0000 2653.5283   18.8311
    7.5000  -15.0000  -30.0000 2657.9424   19.0056
   -7.5000   -7.5000  -30.0000 2669.9990   18.6751
    0.0000   -7.5000  -30.0000 2674.3262   18.5213
    7.5000   -7.5000  -30.0000 2671.8076   18.6655
   -7.5000    0.0000  -30.0000 2676.4043   18.6780
    0.0000    0.0000  -30.0000 2679.7742   18.5014
    7.5000    0.0000  -30.0000 2677.1863   18.6484
   -7.5000    7.5000  -30.0000 2658.1875   18.9186
    0.0000    7.5000  -30.0000 2665.6514   18.7333
    7.5000    7.5000  -30.0000 2661.7473   18.8907
   -7.5000   15.0000  -30.0000 2621.7085   19.5392
    0.0000   15.0000  -30.0000 2634.9941   19.3741
    7.5000   15.0000  -30.0000 2624.8992   19.4921
   -7.5000   22.5000  -30.0000 2568.6775   20.6035
    0.0000   22.5000  -30.0000 2582.6489   20.4620
    7.5000   22.5000  -30.0000 2565.6763   20.5737
   -7.5000   30.0000  -30.0000 2483.1575   22.0633
    0.0000   30.0000  -30.0000 2501.4897   21.9765
    7.5000   30.0000  -30.0000 2475.6011   21.9583
   -7.5000   37.5000  -30.0000 2389.2280   23.9029
    0.0000   37.5000  -30.0000 2406.7729   23.8385
    7.5000   37.5000  -30.0000 2382.0625   23.7240
   -7.5000   45.0000  -30.0000 2279.0403   26.2412
    0.0000   45.0000  -30.0000 2295.9402   26.1804
    7.5000   45.0000  -30.0000 2280.7749   26.0919
   -7.5000  -45.0000  -22.5000 2517.4883   24.0546
    0.0000  -45.0000  -22.5000 2505.4614   23.7647
    7.5000  -45.0000  -22.5000 2506.9250   23.9267
   -7.5000  -37.5000  -22.5000 2577.7800   22.0419
    0.0000  -37.5000  -22.5000 2573.8748   21.7987
    7.5000  -37.5000  -22.5000 2571.4539   21.9478
   -7.5000  -30.0000  -22.5000 2636.5820   20.4690
    0.0000  -30.0000  -22.5000 2625.7522   20.2187
    7.5000  -30.0000  -22.5000 2632.7622   20.3616
   -7.5000  -22.5000  -22.5000 2676.1121   19.2021
    0.0000  -22.5000  -22.5000 2673.1680   19.0039
    7.5000  -22.5000  -22.5000 2690.7690   19.2110
   -7.5000  -15.0000  -22.5000 2703.5276   18.3691
    0.0000  -15.0000  -22.5000 2704.7676   18.2002
    7.5000  -15.0000  -22.5000 2711.3342   18.3860
   -7.5000   -7.5000  -22.5000 2736.4175   18.0495
    0.0000   -7.5000  -22.5000 2737.1064   17.8705
    7.5000   -7.5000  -22.5000 2741.4531   18.0641
   -7.5000    0.0000  -22.5000 2753.5664   18.0794
    0.0000    0.0000  -22.5000 2751.0105   17.8595
    7.5000    0.0000  -22.5000 2758.0205   18.0680
   -7.5000    7.5000  -22.5000 2738.9653   18.3402
    0.0000    7.5000  -22.5000 2739.0281   18.1094
    7.5000    7.5000  -22.5000 2744.9280   18.3077
   -7.5000   15.0000  -22.5000 2703.4568   18.9506
    0.0000   15.0000  -22.5000 2708.3892   18.7355
    7.5000   15.0000  -22.5000 2706.8257   18.9072
   -7.5000   22.5000  -22.5000 2646.5850   19.9471
    0.0000   22.5000  -22.5000 2655.7446   19.7686
    7.5000   22.5000  -22.5000 2639.3210   19.8962
   -7.5000   30.0000  -22.5000 2570.5583   21.4019
    0.0000   30.0000  -22.5000 2582.1465   21.2154
    7.5000   30.0000  -22.5000 2559.5837   21.2787
   -7.5000   37.5000  -22.5000 2466.6519   23.1942
    0.0000   37.5000  -22.5000 2478.1201   23.0529
    7.5000   37.5000  -22.5000 2461.3167   23.0429
   -7.5000   45.0000  -22.5000 2348.9355   25.4943
    0.0000   45.0000  -22.5000 2362.4822   25.3926
    7.5000   45.0000  -22.5000 2347.0217   25.3262
   -7.5000  -45.0000  -15.0000 2527.8115   23.7313
    0.0000  -45.0000  -15.0000 2522.6677   23.4541
    7.5000  -45.0000  -15.0000 2524.9287   23.5829
   -7.5000  -37.5000  -15.0000 2595.6628   21.6964
    0.0000  -37.5000  -15.0000 2589.4902   21.4345
    7.5000  -37.5000  -15.0000 2594.9099   21.5842
   -7.5000  -30.0000  -15.0000 2645.0496   20.0269
    0.0000  -30.0000  -15.0000 2642.3818   19.7997
    7.5000  -30.0000  -15.0000 2648.0818   19.9321
   -7.5000  -22.5000  -15.0000 2683.7913   18.6770
    0.0000  -22.5000  -15.0000 2677.8491   18.4393
    7.5000  -22.5000  -15.0000 2697.3738   18.6341
   -7.5000  -15.0000  -15.0000 2715.7446   17.7503
    0.0000  -15.0000  -15.0000 2710.4624   17.5205
    7.5000  -15.0000  -15.0000 2725.1575   17.7427
   -7.5000   -7.5000  -15.0000 2757.8420   17.4403
    0.0000   -7.5000  -15.0000 2752.6394   17.1783
    7.5000   -7.5000  -15.0000 2768.2820   17.4216
   -7.5000    0.0000  -15.0000 2780.7593   17.4617
    0.0000    0.0000  -15.0000 2778.0662   17.1934
    7.5000    0.0000  -15.0000 2791.3887   17.4386
   -7.5000    7.5000  -15.0000 2771.1877   17.7254
    0.0000    7.5000  -15.0000 2771.2905   17.4693
    7.5000    7.5000  -15.0000 2780.7808   17.6937
   -7.5000   15.0000  -15.0000 2742.9629   18.3648
    0.0000   15.0000  -15.0000 2742.9307   18.1121
    7.5000   15.0000  -15.0000 2749.6091   18.3218
   -7.5000   22.5000  -15.0000 2686.3228   19.3711
    0.0000   22.5000  -15.0000 2689.2690   19.1531
    7.5000   22.5000  -15.0000 2681.5493   19.3220
   -7.5000   30.0000  -15.0000 2609.6301   20.7472
    0.0000   30.0000  -15.0000 2617.8284   20.5443
    7.5000   30.0000  -15.0000 2604.3643   20.6741
   -7.5000   37.5000  -15.0000 2503.8926   22.4713
    0.0000   37.5000  -15.0000 2517.2422   22.3250
    7.5000   37.5000  -15.0000 2510.9561   22.4216
   -7.5000   45.0000  -15.0000 2384.0088   24.7171
    0.0000   45.0000  -15.0000 2394.3931   24.6162
    7.5000   45.0000  -15.0000 2388.1946   24.6144
   -7.5000  -45.0000   -7.5000 2523.5718   23.6196
    0.0000  -45.0000   -7.5000 2512.5381   23.2818
    7.5000  -45.0000   -7.5000 2520.2224   23.4399
   -7.5000  -37.5000   -7.5000 2593.3640   21.5397
    0.0000  -37.5000   -7.5000 2585.1121   21.2674
    7.5000  -37.5000   -7.5000 2591.0337   21.3738
   -7.5000  -30.0000   -7.5000 2645.6445   19.8112
    0.0000  -30.0000   -7.5000 2635.5952   19.5602
    7.5000  -30.0000   -7.5000 2654.4272   19.7069
   -7.5000  -22.5000   -7.5000 2664.7319   18.2990
    0.0000  -22.5000   -7.5000 2648.7263   18.0114
    7.5000  -22.5000   -7.5000 2688.7720   18.2674
   -7.5000  -15.0000   -7.5000 2688.2593   17.2375
    0.0000  -15.0000   -7.5000 2670.0132   16.8872
    7.5000  -15.0000   -7.5000 2706.9778   17.2213
   -7.5000   -7.5000   -7.5000 2747.5332   16.9295
    0.0000   -7.5000   -7.5000 2727.9324   16.5570
    7.5000   -7.5000   -7.5000 2756.1489   16.8587
   -7.5000    0.0000   -7.5000 2774.9167   16.9512
    0.0000    0.0000   -7.5000 2756.5552   16.5923
    7.5000    0.0000   -7.5000 2781.1150   16.8762
   -7.5000    7.5000   -7.5000 2782.0056   17.2921
    0.0000    7.5000   -7.5000 2761.5322   16.9315
    7.5000    7.5000   -7.5000 2785.8179   17.2125
   -7.5000   15.0000   -7.5000 2756.5830   17.9359
    0.0000   15.0000   -7.5000 2744.3728   17.6193
    7.5000   15.0000   -7.5000 2762.9033   17.8743
   -7.5000   22.5000   -7.5000 2707.6016   18.9753
    0.0000   22.5000   -7.5000 2697.2820   18.6544
    7.5000   22.5000   -7.5000 2703.0627   18.8962
   -7.5000   30.0000   -7.5000 2624.6167   20.3114
    0.0000   30.0000   -7.5000 2627.6028   20.0207
    7.5000   30.0000   -7.5000 2626.4631   20.2524
   -7.5000   37.5000   -7.5000 2518.9714   21.9683
    0.0000   37.5000   -7.5000 2531.6541   21.7744
    7.5000   37.5000   -7.5000 2525.0515   21.9156
   -7.5000   45.0000   -7.5000 2384.7974   24.0607
    0.0000   45.0000   -7.5000 2404.4321   23.9886
    7.5000   45.0000   -7.5000 2392.3643   23.9770
   -7.5000  -45.0000    0.0000 2500.3882   23.6202
    0.0000  -45.0000    0.0000 2502.3438   23.4009
    7.5000  -45.0000    0.0000 2496.2185   23.4022
   -7.5000  -37.5000    0.0000 2575.7988   21.5174
    0.0000  -37.5000    0.0000 2579.6011   21.3446
    7.5000  -37.5000    0.0000 2572.6499   21.2753
   -7.5000  -30.0000    0.0000 2638.0090   19.8294
    0.0000  -30.0000    0.0000 2641.8611   19.7054
    7.5000  -30.0000    0.0000 2635.2031   19.5776
   -7.5000  -22.5000    0.0000 2659.4182   18.3074
    0.0000  -22.5000    0.0000 2661.0015   18.2081
    7.5000  -22.5000    0.0000 2666.4060   18.1265
   -7.5000  -15.0000    0.0000 2655.0366   17.0117
    0.0000  -15.0000    0.0000 2607.7266   16.6818
    7.5000  -15.0000    0.0000 2663.8540   16.9428
   -7.5000   -7.5000    0.0000 2710.6033   16.6087
    0.0000   -7.5000    0.0000 2676.5417   16.2726
    7.5000   -7.5000    0.0000 2717.0879   16.5140
   -7.5000    0.0000    0.0000 2750.6833   16.6440
    0.0000    0.0000    0.0000 2735.7417   16.3603
    7.5000    0.0000    0.0000 2755.9033   16.5158
   -7.5000    7.5000    0.0000 2766.4387   16.9936
    0.0000    7.5000    0.0000 2761.1123   16.7214
    7.5000    7.5000    0.0000 2768.0037   16.8365
   -7.5000   15.0000    0.0000 2753.1150   17.6628
    0.0000   15.0000    0.0000 2749.9248   17.4153
    7.5000   15.0000    0.0000 2749.9939   17.5211
   -7.5000   22.5000    0.0000 2706.4768   18.7282
    0.0000   22.5000    0.0000 2708.8760   18.4784
    7.5000   22.5000    0.0000 2701.3308   18.5954
   -7.5000   30.0000    0.0000 2631.7681   20.1198
    0.0000   30.0000    0.0000 2640.9875   19.8683
    7.5000   30.0000    0.0000 2629.7849   19.9941
   -7.5000   37.5000    0.0000 2535.5410   21.7890
    0.0000   37.5000    0.0000 2542.3411   21.6164
    7.5000   37.5000    0.0000 2531.6287   21.6544
   -7.5000   45.0000    0.0000 2402.0386   23.9079
    0.0000   45.0000    0.0000 2416.7959   23.7667
    7.5000   45.0000    0.0000 2406.7939   23.7563
   -7.5000  -45.0000    7.5000 2492.8660   23.9279
    0.0000  -45.0000    7.5000 2493.1462   23.7430
    7.5000  -45.0000    7.5000 2484.9839   23.6466
   -7.5000  -37.5000    7.5000 2561.7334   21.7300
    0.0000  -37.5000    7.5000 2571.3914   21.6507
    7.5000  -37.5000    7.5000 2551.3525   21.4169
   -7.5000  -30.0000    7.5000 2624.6880   20.0616
    0.0000  -30.0000    7.5000 2649.1921   20.0991
    7.5000  -30.0000    7.5000 2610.8306   19.7315
   -7.5000  -22.5000    7.5000 2658.2622   18.5948
    0.0000  -22.5000    7.5000 2724.4263   18.8591
    7.5000  -22.5000    7.5000 2648.1987   18.3243
   -7.5000  -15.0000    7.5000 2661.4780   17.3438
    0.0000  -15.0000    7.5000 2696.8271   17.4543
    7.5000  -15.0000    7.5000 2649.4951   17.1433
   -7.5000   -7.5000    7.5000 2675.8813   16.6669
    0.0000   -7.5000    7.5000 2680.0493   16.5861
    7.5000   -7.5000    7.5000 2667.0103   16.4709
   -7.5000    0.0000    7.5000 2719.5393   16.5924
    0.0000    0.0000    7.5000 2711.1226   16.3897
    7.5000    0.0000    7.5000 2711.7163   16.3553
   -7.5000    7.5000    7.5000 2752.2778   16.9357
    0.0000    7.5000    7.5000 2741.0225   16.6513
    7.5000    7.5000    7.5000 2749.4712   16.7103
   -7.5000   15.0000    7.5000 2748.0911   17.6494
    0.0000   15.0000    7.5000 2743.3635   17.3732
    7.5000   15.0000    7.5000 2748.8130   17.4808
   -7.5000   22.5000    7.5000 2716.7410   18.7719
    0.0000   22.5000    7.5000 2709.7219   18.4773
    7.5000   22.5000    7.5000 2709.1575   18.6044
   -7.5000   30.0000    7.5000 2642.4075   20.1791
    0.0000   30.0000    7.5000 2643.2449   19.9164
    7.5000   30.0000    7.5000 2634.4998   20.0033
   -7.5000   37.5000    7.5000 2540.9814   21.8279
    0.0000   37.5000    7.5000 2552.9426   21.6793
    7.5000   37.5000    7.5000 2538.5066   21.6837
   -7.5000   45.0000    7.5000 2405.7659   23.8986
    0.0000   45.0000    7.5000 2432.1323   23.8139
    7.5000   45.0000    7.5000 2415.5640   23.7252
   -7.5000  -45.0000   15.0000 2479.7170   24.3144
    0.0000  -45.0000   15.0000 2491.6650   24.2806
    7.5000  -45.0000   15.0000 2476.5959   24.1205
   -7.5000  -37.5000   15.0000 2565.7021   22.1483
    0.0000  -37.5000   15.0000 2585.3662   22.1807
    7.5000  -37.5000   15.0000 2557.9587   21.9261
   -7.5000  -30.0000   15.0000 2640.8655   20.4892
    0.0000  -30.0000   15.0000 2678.6284   20.6336
    7.5000  -30.0000   15.0000 2626.4136   20.2394
   -7.5000  -22.5000   15.0000 2690.9944   19.0605
    0.0000  -22.5000   15.0000 2758.6394   19.3965
    7.5000  -22.5000   15.0000 2674.3484   18.8281
   -7.5000  -15.0000   15.0000 2698.7356   17.8276
    0.0000  -15.0000   15.0000 2734.5981   17.9508
    7.5000  -15.0000   15.0000 2667.7629   17.5590
   -7.5000   -7.5000   15.0000 2708.9924   17.1718
    0.0000   -7.5000   15.0000 2714.2700   17.0332
    7.5000   -7.5000   15.0000 2673.7932   16.8487
   -7.5000    0.0000   15.0000 2727.7615   16.9786
    0.0000    0.0000   15.0000 2733.7832   16.8167
    7.5000    0.0000   15.0000 2708.1367   16.7206
   -7.5000    7.5000   15.0000 2735.6560   17.1772
    0.0000    7.5000   15.0000 2742.3831   17.0120
    7.5000    7.5000   15.0000 2731.0825   16.9867
   -7.5000   15.0000   15.0000 2728.4722   17.8031
    0.0000   15.0000   15.0000 2734.4360   17.6093
    7.5000   15.0000   15.0000 2728.6846   17.6401
   -7.5000   22.5000   15.0000 2695.6006   18.8518
    0.0000   22.5000   15.0000 2701.2778   18.6507
    7.5000   22.5000   15.0000 2689.9121   18.6905
   -7.5000   30.0000   15.0000 2631.1292   20.2682
    0.0000   30.0000   15.0000 2636.3940   20.0406
    7.5000   30.0000   15.0000 2627.8672   20.1183
   -7.5000   37.5000   15.0000 2544.5798   22.0024
    0.0000   37.5000   15.0000 2550.4553   21.7706
    7.5000   37.5000   15.0000 2544.8362   21.8360
   -7.5000   45.0000   15.0000 2418.8862   24.1083
    0.0000   45.0000   15.0000 2435.0701   23.9571
    7.5000   45.0000   15.0000 2426.9050   23.9311
   -7.5000  -45.0000   22.5000 2474.5671   24.8083
    0.0000  -45.0000   22.5000 2484.4526   24.7588
    7.5000  -45.0000   22.5000 2482.0679   24.7221
   -7.5000  -37.5000   22.5000 2566.7991   22.5485
    0.0000  -37.5000   22.5000 2578.4854   22.5342
    7.5000  -37.5000   22.5000 2567.2742   22.4263
   -7.5000  -30.0000   22.5000 2635.5752   20.7465
    0.0000  -30.0000   22.5000 2665.3735   20.8636
    7.5000  -30.0000   22.5000 2633.8835   20.6172
   -7.5000  -22.5000   22.5000 2662.0393   19.1028
    0.0000  -22.5000   22.5000 2703.3450   19.2985
    7.5000  -22.5000   22.5000 2663.1260   19.0277
   -7.5000  -15.0000   22.5000 2682.7056   18.0241
    0.0000  -15.0000   22.5000 2666.5369   17.8015
    7.5000  -15.0000   22.5000 2656.4976   17.7849
   -7.5000   -7.5000   22.5000 2707.9949   17.5364
    0.0000   -7.5000   22.5000 2702.4280   17.2527
    7.5000   -7.5000   22.5000 2690.7373   17.2824
   -7.5000    0.0000   22.5000 2730.3953   17.4541
    0.0000    0.0000   22.5000 2740.7866   17.2621
    7.5000    0.0000   22.5000 2729.0776   17.2848
   -7.5000    7.5000   22.5000 2739.1970   17.7121
    0.0000    7.5000   22.5000 2749.5605   17.5465
    7.5000    7.5000   22.5000 2741.2407   17.5682
   -7.5000   15.0000   22.5000 2732.7041   18.3306
    0.0000   15.0000   22.5000 2732.8848   18.1302
    7.5000   15.0000   22.5000 2727.8467   18.1638
   -7.5000   22.5000   22.5000 2697.2756   19.2977
    0.0000   22.5000   22.5000 2693.4768   19.0592
    7.5000   22.5000   22.5000 2688.4348   19.1214
   -7.5000   30.0000   22.5000 2633.8127   20.6157
    0.0000   30.0000   22.5000 2633.9827   20.3830
    7.5000   30.0000   22.5000 2624.8162   20.4412
   -7.5000   37.5000   22.5000 2539.8127   22.2481
    0.0000   37.5000   22.5000 2545.2761   22.0942
    7.5000   37.5000   22.5000 2540.8013   22.0995
   -7.5000   45.0000   22.5000 2413.7595   24.3160
    0.0000   45.0000   22.5000 2429.7944   24.2198
    7.5000   45.0000   22.5000 2415.7600   24.1457
   -7.5000  -45.0000   30.0000 2456.3889   25.1722
    0.0000  -45.0000   30.0000 2454.7354   24.9886
    7.5000  -45.0000   30.0000 2471.7188   25.1634
   -7.5000  -37.5000   30.0000 2549.2991   22.8472
    0.0000  -37.5000   30.0000 2550.3181   22.6874
    7.5000  -37.5000   30.0000 2561.6328   22.8118
   -7.5000  -30.0000   30.0000 2614.8455   20.9443
    0.0000  -30.0000   30.0000 2636.5100   20.9769
    7.5000  -30.0000   30.0000 2634.3218   20.9865
   -7.5000  -22.5000   30.0000 2658.8079   19.4314
    0.0000  -22.5000   30.0000 2648.1047   19.2014
    7.5000  -22.5000   30.0000 2650.2808   19.3167
   -7.5000  -15.0000   30.0000 2693.0669   18.4886
    0.0000  -15.0000   30.0000 2681.1580   18.1847
    7.5000  -15.0000   30.0000 2681.9265   18.3183
   -7.5000   -7.5000   30.0000 2728.9207   18.0983
    0.0000   -7.5000   30.0000 2733.2961   17.8821
    7.5000   -7.5000   30.0000 2724.4448   17.9399
   -7.5000    0.0000   30.0000 2745.7986   18.0821
    0.0000    0.0000   30.0000 2758.3638   17.9380
    7.5000    0.0000   30.0000 2752.0078   17.9566
   -7.5000    7.5000   30.0000 2755.2490   18.4034
    0.0000    7.5000   30.0000 2758.8586   18.2233
    7.5000    7.5000   30.0000 2759.1055   18.2752
   -7.5000   15.0000   30.0000 2737.9219   18.9819
    0.0000   15.0000   30.0000 2745.5012   18.8146
    7.5000   15.0000   30.0000 2743.9160   18.8861
   -7.5000   22.5000   30.0000 2694.3462   19.8785
    0.0000   22.5000   30.0000 2700.5020   19.7314
    7.5000   22.5000   30.0000 2691.7791   19.7631
   -7.5000   30.0000   30.0000 2623.9912   21.1002
    0.0000   30.0000   30.0000 2623.0012   20.9153
    7.5000   30.0000   30.0000 2618.2915   20.9577
   -7.5000   37.5000   30.0000 2525.1721   22.6626
    0.0000   37.5000   30.0000 2531.6729   22.5042
    7.5000   37.5000   30.0000 2525.2576   22.5277
   -7.5000   45.0000   30.0000 2412.3276   24.7819
    0.0000   45.0000   30.0000 2424.8955   24.6507
    7.5000   45.0000   30.0000 2411.6792   24.6043
   -7.5000  -45.0000   37.5000 2443.1868   25.5515
    0.0000  -45.0000   37.5000 2436.9541   25.2855
    7.5000  -45.0000   37.5000 2466.3708   25.6674
   -7.5000  -37.5000   37.5000 2539.2275   23.1983
    0.0000  -37.5000   37.5000 2539.8496   23.0318
    7.5000  -37.5000   37.5000 2561.6794   23.3093
   -7.5000  -30.0000   37.5000 2609.8704   21.3657
    0.0000  -30.0000   37.5000 2602.7097   21.1445
    7.5000  -30.0000   37.5000 2618.8606   21.3607
   -7.5000  -22.5000   37.5000 2654.3796   19.9298
    0.0000  -22.5000   37.5000 2631.5093   19.5075
    7.5000  -22.5000   37.5000 2650.4883   19.7830
   -7.5000  -15.0000   37.5000 2703.8909   19.1017
    0.0000  -15.0000   37.5000 2702.7571   18.8111
    7.5000  -15.0000   37.5000 2709.6150   19.0129
   -7.5000   -7.5000   37.5000 2742.6638   18.7949
    0.0000   -7.5000   37.5000 2748.2422   18.6024
    7.5000   -7.5000   37.5000 2745.4341   18.6995
   -7.5000    0.0000   37.5000 2758.3462   18.8312
    0.0000    0.0000   37.5000 2765.9829   18.6993
    7.5000    0.0000   37.5000 2766.4622   18.7370
   -7.5000    7.5000   37.5000 2762.8352   19.1606
    0.0000    7.5000   37.5000 2767.9175   19.0013
    7.5000    7.5000   37.5000 2772.7659   19.0637
   -7.5000   15.0000   37.5000 2743.0500   19.7396
    0.0000   15.0000   37.5000 2747.2952   19.5812
    7.5000   15.0000   37.5000 2753.7710   19.6606
   -7.5000   22.5000   37.5000 2703.9238   20.6590
    0.0000   22.5000   37.5000 2712.3699   20.5275
    7.5000   22.5000   37.5000 2706.2778   20.5669
   -7.5000   30.0000   37.5000 2618.8579   21.8514
    0.0000   30.0000   37.5000 2620.7361   21.6962
    7.5000   30.0000   37.5000 2613.0708   21.7214
   -7.5000   37.5000   37.5000 2509.6355   23.3404
    0.0000   37.5000   37.5000 2518.6267   23.1889
    7.5000   37.5000   37.5000 2507.7588   23.2099
   -7.5000   45.0000   37.5000 2402.4038   25.3520
    0.0000   45.0000   37.5000 2418.5972   25.2495
    7.5000   45.0000   37.5000 2411.7407   25.2229
   -7.5000  -45.0000   45.0000 2438.9712   26.0996
    0.0000  -45.0000   45.0000 2425.1912   25.7282
    7.5000  -45.0000   45.0000 2456.4663   26.2522
   -7.5000  -37.5000   45.0000 2524.6450   23.6874
    0.0000  -37.5000   45.0000 2520.4341   23.4263
    7.5000  -37.5000   45.0000 2541.4170   23.8106
   -7.5000  -30.0000   45.0000 2605.1792   21.9419
    0.0000  -30.0000   45.0000 2578.0413   21.4952
    7.5000  -30.0000   45.0000 2597.9087   21.8224
   -7.5000  -22.5000   45.0000 2644.0444   20.5509
    0.0000  -22.5000   45.0000 2635.6558   20.1827
    7.5000  -22.5000   45.0000 2658.9956   20.5153
   -7.5000  -15.0000   45.0000 2711.1877   19.8580
    0.0000  -15.0000   45.0000 2708.6433   19.5779
    7.5000  -15.0000   45.0000 2723.2336   19.8378
   -7.5000   -7.5000   45.0000 2749.3921   19.5992
    0.0000   -7.5000   45.0000 2744.1467   19.3426
    7.5000   -7.5000   45.0000 2750.3020   19.5204
   -7.5000    0.0000   45.0000 2761.5862   19.6400
    0.0000    0.0000   45.0000 2761.4448   19.4350
    7.5000    0.0000   45.0000 2771.7573   19.5900
   -7.5000    7.5000   45.0000 2762.6267   19.9648
    0.0000    7.5000   45.0000 2768.0940   19.7687
    7.5000    7.5000   45.0000 2776.4956   19.8912
   -7.5000   15.0000   45.0000 2745.5437   20.5434
    0.0000   15.0000   45.0000 2748.1848   20.3766
    7.5000   15.0000   45.0000 2752.9958   20.4521
   -7.5000   22.5000   45.0000 2697.0144   21.4424
    0.0000   22.5000   45.0000 2700.0435   21.2956
    7.5000   22.5000   45.0000 2701.2729   21.3759
   -7.5000   30.0000   45.0000 2605.6289   22.7013
    0.0000   30.0000   45.0000 2606.9556   22.5532
    7.5000   30.0000   45.0000 2604.8145   22.6109
   -7.5000   37.5000   45.0000 2494.4875   24.1806
    0.0000   37.5000   45.0000 2509.0459   24.0689
    7.5000   37.5000   45.0000 2502.5857   24.1376
   -7.5000   45.0000   45.0000 2382.6277   26.0875
    0.0000   45.0000   45.0000 2402.8628   26.0186
    7.5000   45.0000   45.0000 2396.9617   26.0682

---------------------------------------------------------------------
imgreg_4dfp /opt/freesurfer/average/3T18yoSchwartzReactN32_as_orig /opt/freesurfer/average/711-2B_as_mni_average_305_mask talsrcimg_g11 none talsrcimg_to_3T18yoSchwartzReactN32_as_orig_t4 1283
---------------------------------------------------------------------

freesurfer imgreg_4dfp.c
/opt/freesurfer/average/3T18yoSchwartzReactN32_as_orig.4dfp.img
       256       256       256         1
  1.000000  1.000000  1.000000
orientation T byte_order littleendian
Reading image: /opt/freesurfer/average/3T18yoSchwartzReactN32_as_orig.4dfp.img
dimensions:      256       256       256
mmppix:       1.0000   -1.0000   -1.0000
center:     128.0000 -129.0000 -129.0000
/opt/freesurfer/average/711-2B_as_mni_average_305_mask.4dfp.img
       256       256       256         1
  1.000000  1.000000  1.000000
orientation T byte_order littleendian
Reading mask: /opt/freesurfer/average/711-2B_as_mni_average_305_mask.4dfp.img (2306576 pixels)
talsrcimg_g11.4dfp.img
       320       320       320         1
  0.800000  0.800000  0.800000
orientation T byte_order littleendian
Reading image: talsrcimg_g11.4dfp.img
dimensions:      320       320       320
mmppix:       0.8000   -0.8000   -0.8000
center:     128.0000 -128.8000 -128.8000
rotation matrix determinant  1.000000
fimgreg.f
image alignment mode   1283 decimal      503 hex
parameters
    7.5000    0.0000  -15.0000    0.0000    0.0000    0.0000
eta,q 0.87347 17.41550
niter,ni,del,rscale     5    3   12.0000    1.2000
parameters
    6.8259    0.2505  -14.0342   -0.5236   -1.1469    1.4866
eta,q 0.87623 17.13700
  0.1346  0.1364  0.1295  0.1264  0.1262  0.1279
  0.1306  0.1294  0.1299  0.1245  0.1240  0.1256
  0.1261  0.1258  0.1282  0.1236  0.1235  0.1239
  0.1265  0.1258  0.1254  0.1239  0.1238  0.1235
  0.1297  0.1260  0.1232  0.1251  0.1250  0.1239
  0.1336  0.1304  0.1257  0.1257  0.1263  0.1245
  0.1381  0.1332  0.1297  0.1264  0.1278  0.1246
niter,ni,del,rscale     4    3   12.0000    1.2000
parameters
    6.6778    0.7070  -14.2865   -0.8440   -1.6129    1.9250
eta,q 0.87619 17.13704
  0.1349  0.1359  0.1292  0.1265  0.1265  0.1266
  0.1318  0.1293  0.1293  0.1247  0.1242  0.1246
  0.1261  0.1242  0.1269  0.1236  0.1235  0.1235
  0.1238  0.1237  0.1236  0.1239  0.1238  0.1237
  0.1276  0.1242  0.1244  0.1251  0.1246  0.1245
  0.1318  0.1278  0.1278  0.1257  0.1254  0.1248
  0.1360  0.1318  0.1329  0.1261  0.1267  0.1251
niter,ni,del,rscale     3    3   12.0000    1.2000
parameters
    6.6552    0.8634  -14.4428   -1.0445   -1.7944    1.8341
eta,q 0.87614 17.13993
  0.1356  0.1351  0.1291  0.1266  0.1267  0.1262
  0.1325  0.1277  0.1295  0.1250  0.1245  0.1244
  0.1266  0.1240  0.1274  0.1238  0.1236  0.1236
  0.1238  0.1238  0.1238  0.1240  0.1239  0.1239
  0.1275  0.1249  0.1241  0.1251  0.1246  0.1248
  0.1317  0.1291  0.1274  0.1258  0.1253  0.1251
  0.1361  0.1322  0.1326  0.1260  0.1264  0.1256
niter,ni,del,rscale     2    3   12.0000    1.2000
parameters
    6.6710    0.8949  -14.5001   -1.1446   -1.7604    1.7531
eta,q 0.87611 17.14039
  0.1359  0.1349  0.1292  0.1267  0.1270  0.1263
  0.1329  0.1273  0.1297  0.1251  0.1247  0.1245
  0.1268  0.1241  0.1277  0.1238  0.1236  0.1237
  0.1239  0.1239  0.1239  0.1239  0.1239  0.1239
  0.1275  0.1253  0.1239  0.1251  0.1246  0.1248
  0.1317  0.1298  0.1273  0.1258  0.1252  0.1251
  0.1362  0.1324  0.1325  0.1260  0.1262  0.1256
niter,ni,del,rscale     1    3   12.0000    1.2000
parameters
    6.6758    0.9055  -14.5204   -1.2037   -1.7150    1.7201
eta,q 0.87610 17.14035
  0.1359  0.1349  0.1293  0.1267  0.1270  0.1264
  0.1329  0.1272  0.1298  0.1252  0.1247  0.1245
  0.1268  0.1242  0.1278  0.1239  0.1236  0.1237
  0.1239  0.1239  0.1239  0.1239  0.1239  0.1239
  0.1276  0.1254  0.1238  0.1251  0.1246  0.1248
  0.1318  0.1300  0.1272  0.1259  0.1252  0.1251
  0.1363  0.1325  0.1325  0.1260  0.1262  0.1256
registration optimization eta report
parameter search radius
    6.0000    6.0000    6.0000    6.0000    6.0000    6.0000
100000*second partial in parameter space
       30.       28.       17.        6.        8.        6.
  0.1359  0.1349  0.1293  0.1267  0.1270  0.1264
  0.1329  0.1272  0.1298  0.1252  0.1247  0.1245
  0.1268  0.1242  0.1278  0.1239  0.1236  0.1237
  0.1239  0.1239  0.1239  0.1239  0.1239  0.1239
  0.1276  0.1254  0.1238  0.1251  0.1246  0.1248
  0.1318  0.1300  0.1272  0.1259  0.1252  0.1251
  0.1363  0.1325  0.1325  0.1260  0.1262  0.1256
    6.6758    0.9055  -14.5204   -1.2037   -1.7150    1.7201
eta,q 0.87610 17.14035

---------------------------------------------------------------------
imgreg_4dfp /opt/freesurfer/average/3T18yoSchwartzReactN32_as_orig /opt/freesurfer/average/711-2B_as_mni_average_305_mask talsrcimg_g11 none talsrcimg_to_3T18yoSchwartzReactN32_as_orig_t4 3335
---------------------------------------------------------------------

freesurfer imgreg_4dfp.c
/opt/freesurfer/average/3T18yoSchwartzReactN32_as_orig.4dfp.img
       256       256       256         1
  1.000000  1.000000  1.000000
orientation T byte_order littleendian
Reading image: /opt/freesurfer/average/3T18yoSchwartzReactN32_as_orig.4dfp.img
dimensions:      256       256       256
mmppix:       1.0000   -1.0000   -1.0000
center:     128.0000 -129.0000 -129.0000
/opt/freesurfer/average/711-2B_as_mni_average_305_mask.4dfp.img
       256       256       256         1
  1.000000  1.000000  1.000000
orientation T byte_order littleendian
Reading mask: /opt/freesurfer/average/711-2B_as_mni_average_305_mask.4dfp.img (2306576 pixels)
talsrcimg_g11.4dfp.img
       320       320       320         1
  0.800000  0.800000  0.800000
orientation T byte_order littleendian
Reading image: talsrcimg_g11.4dfp.img
dimensions:      320       320       320
mmppix:       0.8000   -0.8000   -0.8000
center:     128.0000 -128.8000 -128.8000
fimgreg.f
image alignment mode   3335 decimal      D07 hex
parameters
    6.6758    0.9055  -14.5204   -0.0898   -0.0690   -0.0668
   -3.0638    2.9278    3.0003    2.1895   -2.9928   -2.0997
eta,q 0.87407 17.31022
niter,ni,del,rscale     5    3    5.0000    1.2000
parameter  1  0.652669 ->  0.500000 qaram    1.1500
parameter  2 -0.942698 -> -0.500000 qaram    1.1500
parameter  7  1.533633 ->  0.500000 qaram    1.1500
parameter 11 -1.569308 -> -0.500000 qaram    1.1500
parameter 12 -4.148553 -> -0.500000 qaram    1.1500
parameters
    5.2958    2.2855  -13.4871    2.4447   -0.8375   -2.1886
   -7.2038    3.1483   -0.2195    1.7039    1.1472    2.0403
eta,q 0.87689 17.00403
  0.1258  0.1268  0.1264  0.1272  0.1260  0.1264  0.1244  0.1256  0.1247  0.1249  0.1259  0.1261
  0.1258  0.1264  0.1262  0.1263  0.1253  0.1253  0.1246  0.1253  0.1246  0.1248  0.1254  0.1255
  0.1258  0.1260  0.1259  0.1256  0.1251  0.1254  0.1249  0.1249  0.1246  0.1247  0.1250  0.1248
  0.1259  0.1257  0.1254  0.1251  0.1250  0.1250  0.1253  0.1246  0.1246  0.1246  0.1246  0.1242
  0.1262  0.1255  0.1251  0.1250  0.1252  0.1264  0.1259  0.1247  0.1248  0.1246  0.1243  0.1235
  0.1267  0.1254  0.1252  0.1252  0.1257  0.1273  0.1265  0.1250  0.1251  0.1248  0.1241  0.1230
  0.1271  0.1254  0.1257  0.1255  0.1264  0.1292  0.1271  0.1257  0.1254  0.1250  0.1240  0.1226
niter,ni,del,rscale     7    3    5.0000    1.2000
parameter 11 -1.236407 -> -0.500000 qaram    1.3225
parameter 12 -1.797522 -> -0.500000 qaram    1.3225
parameters
    5.5510    3.6153  -14.5435    3.7452   -2.2167   -4.4819
  -11.3075    2.1622    0.6967    0.1483    5.9082    6.8013
eta,q 0.87890 16.89792
  0.1242  0.1241  0.1231  0.1245  0.1234  0.1239  0.1227  0.1235  0.1232  0.1227  0.1242  0.1240
  0.1237  0.1237  0.1227  0.1237  0.1229  0.1228  0.1225  0.1230  0.1228  0.1226  0.1236  0.1233
  0.1233  0.1234  0.1226  0.1231  0.1226  0.1227  0.1225  0.1226  0.1226  0.1225  0.1230  0.1226
  0.1231  0.1231  0.1229  0.1226  0.1226  0.1226  0.1227  0.1225  0.1225  0.1225  0.1225  0.1219
  0.1232  0.1229  0.1233  0.1227  0.1230  0.1240  0.1230  0.1227  0.1226  0.1226  0.1221  0.1214
  0.1235  0.1229  0.1238  0.1232  0.1235  0.1251  0.1235  0.1233  0.1227  0.1228  0.1218  0.1210
  0.1239  0.1231  0.1241  0.1235  0.1242  0.1271  0.1241  0.1246  0.1229  0.1231  0.1218  0.1208
niter,ni,del,rscale     7    3    5.0000    1.2000
parameter 11 -0.567035 -> -0.500000 qaram    1.5209
parameter 12 -0.930032 -> -0.500000 qaram    1.5209
parameters
    5.5179    3.6677  -15.3095    5.3206   -2.2757   -6.3812
  -12.4619    1.3408    0.8839   -1.5487   11.3834   12.2765
eta,q 0.88015 16.88568
  0.1223  0.1217  0.1214  0.1232  0.1221  0.1226  0.1215  0.1221  0.1214  0.1211  0.1229  0.1228
  0.1216  0.1215  0.1211  0.1223  0.1215  0.1213  0.1211  0.1215  0.1211  0.1210  0.1221  0.1218
  0.1212  0.1212  0.1210  0.1215  0.1212  0.1209  0.1209  0.1211  0.1209  0.1209  0.1214  0.1211
  0.1211  0.1211  0.1211  0.1210  0.1210  0.1210  0.1209  0.1208  0.1209  0.1209  0.1209  0.1205
  0.1213  0.1211  0.1214  0.1211  0.1211  0.1221  0.1211  0.1210  0.1209  0.1210  0.1206  0.1201
  0.1217  0.1214  0.1218  0.1215  0.1216  0.1236  0.1215  0.1219  0.1211  0.1212  0.1205  0.1198
  0.1223  0.1217  0.1222  0.1219  0.1222  0.1255  0.1219  0.1232  0.1214  0.1216  0.1208  0.1198
niter,ni,del,rscale     7    3    5.0000    1.2000
parameters
    5.5421    3.1447  -15.9573    6.8627   -1.6782   -7.7000
  -12.7824    0.1016    1.4984   -3.5300   14.3513   16.7537
eta,q 0.88051 17.00390
  0.1211  0.1203  0.1202  0.1224  0.1213  0.1223  0.1203  0.1209  0.1203  0.1200  0.1218  0.1216
  0.1204  0.1200  0.1200  0.1211  0.1205  0.1205  0.1200  0.1202  0.1200  0.1198  0.1209  0.1207
  0.1199  0.1199  0.1198  0.1202  0.1201  0.1197  0.1197  0.1198  0.1198  0.1198  0.1202  0.1200
  0.1198  0.1199  0.1198  0.1198  0.1199  0.1199  0.1197  0.1197  0.1197  0.1197  0.1198  0.1196
  0.1201  0.1200  0.1201  0.1201  0.1201  0.1210  0.1197  0.1199  0.1198  0.1199  0.1196  0.1195
  0.1205  0.1204  0.1205  0.1205  0.1204  0.1225  0.1200  0.1210  0.1199  0.1202  0.1198  0.1196
  0.1210  0.1208  0.1212  0.1207  0.1208  0.1245  0.1204  0.1227  0.1201  0.1209  0.1204  0.1198
niter,ni,del,rscale     6    3    5.0000    1.2000
parameters
    4.5469    2.4362  -16.7522    8.8612   -1.2661   -9.1847
  -11.6429   -0.8526    1.5299   -6.2262   15.6508   19.8317
eta,q 0.88121 17.13238
  0.1197  0.1196  0.1194  0.1217  0.1205  0.1216  0.1197  0.1204  0.1195  0.1192  0.1204  0.1207
  0.1194  0.1193  0.1193  0.1205  0.1197  0.1196  0.1193  0.1196  0.1192  0.1189  0.1196  0.1198
  0.1193  0.1193  0.1192  0.1196  0.1194  0.1189  0.1191  0.1192  0.1191  0.1189  0.1191  0.1192
  0.1195  0.1193  0.1193  0.1192  0.1193  0.1193  0.1190  0.1190  0.1190  0.1190  0.1189  0.1188
  0.1198  0.1195  0.1194  0.1194  0.1195  0.1204  0.1190  0.1191  0.1191  0.1193  0.1188  0.1188
  0.1202  0.1197  0.1198  0.1197  0.1197  0.1220  0.1191  0.1201  0.1192  0.1198  0.1191  0.1190
  0.1207  0.1201  0.1205  0.1198  0.1202  0.1240  0.1194  0.1219  0.1195  0.1207  0.1199  0.1194
niter,ni,del,rscale     5    3    5.0000    1.2000
parameter  1  0.679580 ->  0.500000 qaram    1.3225
parameters
    2.9599    1.6692  -17.4752   11.2343   -1.5935  -10.5313
  -10.0005   -1.7738    0.2592   -8.7318   15.5452   22.4459
eta,q 0.88236 17.21040
  0.1186  0.1187  0.1186  0.1211  0.1194  0.1207  0.1189  0.1194  0.1183  0.1183  0.1190  0.1199
  0.1184  0.1184  0.1184  0.1199  0.1187  0.1187  0.1184  0.1186  0.1180  0.1178  0.1183  0.1189
  0.1185  0.1183  0.1183  0.1188  0.1183  0.1178  0.1180  0.1181  0.1179  0.1177  0.1179  0.1181
  0.1188  0.1184  0.1183  0.1183  0.1183  0.1183  0.1179  0.1178  0.1179  0.1179  0.1177  0.1177
  0.1192  0.1186  0.1186  0.1183  0.1186  0.1194  0.1179  0.1181  0.1181  0.1183  0.1178  0.1177
  0.1197  0.1189  0.1191  0.1185  0.1190  0.1209  0.1180  0.1191  0.1183  0.1191  0.1182  0.1179
  0.1202  0.1193  0.1197  0.1188  0.1195  0.1230  0.1183  0.1209  0.1186  0.1202  0.1191  0.1185
niter,ni,del,rscale     5    3    5.0000    1.2000
parameters
    1.5884    1.2003  -17.8562   13.2029   -2.0650  -11.5549
   -6.9354   -2.6122   -0.8581  -10.6194   14.3470   25.1236
eta,q 0.88315 17.27386
  0.1179  0.1179  0.1178  0.1202  0.1186  0.1202  0.1181  0.1185  0.1174  0.1176  0.1180  0.1189
  0.1174  0.1176  0.1175  0.1189  0.1178  0.1179  0.1177  0.1176  0.1172  0.1172  0.1173  0.1180
  0.1173  0.1173  0.1173  0.1178  0.1174  0.1170  0.1173  0.1172  0.1170  0.1169  0.1169  0.1173
  0.1176  0.1173  0.1173  0.1173  0.1173  0.1173  0.1170  0.1169  0.1170  0.1170  0.1169  0.1169
  0.1182  0.1175  0.1174  0.1173  0.1176  0.1183  0.1169  0.1172  0.1172  0.1174  0.1170  0.1169
  0.1188  0.1180  0.1177  0.1176  0.1182  0.1199  0.1170  0.1181  0.1175  0.1180  0.1176  0.1171
  0.1196  0.1186  0.1183  0.1181  0.1188  0.1218  0.1172  0.1198  0.1177  0.1192  0.1188  0.1176
niter,ni,del,rscale     4    3    5.0000    1.2000
parameters
    0.2079    0.8607  -18.0434   13.9688   -2.0318  -12.1875
   -4.0625   -3.5550   -1.1322  -12.4471   11.7392   27.7485
eta,q 0.88381 17.34764
  0.1171  0.1170  0.1171  0.1192  0.1179  0.1199  0.1174  0.1177  0.1168  0.1169  0.1170  0.1181
  0.1166  0.1167  0.1167  0.1179  0.1169  0.1174  0.1170  0.1169  0.1166  0.1165  0.1164  0.1172
  0.1165  0.1165  0.1165  0.1169  0.1166  0.1164  0.1167  0.1165  0.1164  0.1163  0.1162  0.1166
  0.1168  0.1165  0.1165  0.1165  0.1165  0.1165  0.1164  0.1163  0.1163  0.1163  0.1163  0.1162
  0.1174  0.1166  0.1166  0.1168  0.1166  0.1174  0.1163  0.1165  0.1164  0.1166  0.1165  0.1162
  0.1182  0.1169  0.1168  0.1175  0.1171  0.1190  0.1163  0.1174  0.1167  0.1172  0.1173  0.1164
  0.1190  0.1175  0.1173  0.1181  0.1178  0.1207  0.1166  0.1192  0.1169  0.1183  0.1185  0.1169
niter,ni,del,rscale     3    3    5.0000    1.2000
parameters
   -0.5601    0.1168  -17.8681   14.0227   -1.6537  -12.7357
   -3.0602   -3.4977   -0.0389  -14.5931    9.3811   30.1605
eta,q 0.88412 17.37551
  0.1170  0.1164  0.1167  0.1182  0.1175  0.1195  0.1168  0.1178  0.1167  0.1164  0.1167  0.1177
  0.1165  0.1162  0.1163  0.1171  0.1166  0.1171  0.1165  0.1168  0.1164  0.1161  0.1161  0.1168
  0.1162  0.1161  0.1161  0.1163  0.1161  0.1159  0.1162  0.1163  0.1162  0.1160  0.1159  0.1162
  0.1162  0.1162  0.1161  0.1161  0.1161  0.1161  0.1161  0.1160  0.1160  0.1160  0.1160  0.1159
  0.1166  0.1163  0.1162  0.1167  0.1162  0.1168  0.1161  0.1161  0.1161  0.1163  0.1162  0.1159
  0.1175  0.1166  0.1162  0.1174  0.1165  0.1184  0.1162  0.1166  0.1162  0.1168  0.1168  0.1161
  0.1185  0.1170  0.1165  0.1178  0.1172  0.1201  0.1166  0.1179  0.1164  0.1179  0.1180  0.1166
niter,ni,del,rscale     2    3    5.0000    1.2000
parameters
   -1.1110   -0.6339  -17.8973   14.1498   -1.5734  -13.4548
   -2.7332   -2.7694    1.0753  -16.8157    7.1283   32.5296
eta,q 0.88450 17.40035
  0.1168  0.1162  0.1163  0.1178  0.1171  0.1189  0.1163  0.1176  0.1163  0.1161  0.1164  0.1174
  0.1164  0.1159  0.1159  0.1168  0.1164  0.1165  0.1160  0.1167  0.1160  0.1157  0.1157  0.1165
  0.1160  0.1158  0.1158  0.1160  0.1159  0.1155  0.1158  0.1160  0.1158  0.1156  0.1155  0.1158
  0.1159  0.1159  0.1158  0.1158  0.1158  0.1158  0.1157  0.1157  0.1157  0.1157  0.1156  0.1155
  0.1161  0.1161  0.1159  0.1163  0.1161  0.1165  0.1158  0.1157  0.1157  0.1160  0.1158  0.1155
  0.1169  0.1163  0.1160  0.1169  0.1163  0.1181  0.1159  0.1160  0.1159  0.1166  0.1165  0.1158
  0.1180  0.1166  0.1162  0.1174  0.1169  0.1197  0.1162  0.1171  0.1160  0.1177  0.1176  0.1162
niter,ni,del,rscale     1    3    5.0000    1.2000
parameters
   -1.4744   -1.0200  -17.8566   14.3223   -1.9057  -14.1599
   -2.1447   -1.7414    1.8319  -18.5241    5.0448   34.5915
eta,q 0.88482 17.39677
  0.1164  0.1161  0.1161  0.1174  0.1166  0.1185  0.1159  0.1173  0.1159  0.1159  0.1161  0.1171
  0.1160  0.1156  0.1156  0.1164  0.1160  0.1162  0.1156  0.1163  0.1156  0.1155  0.1154  0.1162
  0.1157  0.1155  0.1155  0.1156  0.1155  0.1152  0.1154  0.1157  0.1154  0.1153  0.1152  0.1155
  0.1155  0.1155  0.1155  0.1155  0.1155  0.1155  0.1154  0.1154  0.1153  0.1153  0.1153  0.1152
  0.1156  0.1158  0.1156  0.1159  0.1159  0.1162  0.1154  0.1153  0.1154  0.1156  0.1155  0.1152
  0.1162  0.1160  0.1157  0.1164  0.1162  0.1177  0.1155  0.1156  0.1155  0.1162  0.1162  0.1155
  0.1173  0.1163  0.1159  0.1170  0.1167  0.1193  0.1157  0.1165  0.1156  0.1174  0.1173  0.1161
registration optimization eta report
parameter search radius
    3.1740    2.7600    2.4000    7.2000    7.2000    7.2000
    8.2800    7.2000    7.2000    7.2000   10.9503   10.9503
100000*second partial in parameter space
       13.        9.        9.        3.        2.        7.
        1.        3.        1.        3.        1.        1.
  0.1164  0.1161  0.1161  0.1174  0.1166  0.1185  0.1159  0.1173  0.1159  0.1159  0.1161  0.1171
  0.1160  0.1156  0.1156  0.1164  0.1160  0.1162  0.1156  0.1163  0.1156  0.1155  0.1154  0.1162
  0.1157  0.1155  0.1155  0.1156  0.1155  0.1152  0.1154  0.1157  0.1154  0.1153  0.1152  0.1155
  0.1155  0.1155  0.1155  0.1155  0.1155  0.1155  0.1154  0.1154  0.1153  0.1153  0.1153  0.1152
  0.1156  0.1158  0.1156  0.1159  0.1159  0.1162  0.1154  0.1153  0.1154  0.1156  0.1155  0.1152
  0.1162  0.1160  0.1157  0.1164  0.1162  0.1177  0.1155  0.1156  0.1155  0.1162  0.1162  0.1155
  0.1173  0.1163  0.1159  0.1170  0.1167  0.1193  0.1157  0.1165  0.1156  0.1174  0.1173  0.1161
   -1.4744   -1.0200  -17.8566   14.3223   -1.9057  -14.1599
   -2.1447   -1.7414    1.8319  -18.5241    5.0448   34.5915
eta,q 0.88482 17.39677

---------------------------------------------------------------------
imgreg_4dfp /opt/freesurfer/average/3T18yoSchwartzReactN32_as_orig /opt/freesurfer/average/711-2B_as_mni_average_305_mask talsrcimg_g11 none talsrcimg_to_3T18yoSchwartzReactN32_as_orig_t4 2311
---------------------------------------------------------------------

freesurfer imgreg_4dfp.c
/opt/freesurfer/average/3T18yoSchwartzReactN32_as_orig.4dfp.img
       256       256       256         1
  1.000000  1.000000  1.000000
orientation T byte_order littleendian
Reading image: /opt/freesurfer/average/3T18yoSchwartzReactN32_as_orig.4dfp.img
dimensions:      256       256       256
mmppix:       1.0000   -1.0000   -1.0000
center:     128.0000 -129.0000 -129.0000
/opt/freesurfer/average/711-2B_as_mni_average_305_mask.4dfp.img
       256       256       256         1
  1.000000  1.000000  1.000000
orientation T byte_order littleendian
Reading mask: /opt/freesurfer/average/711-2B_as_mni_average_305_mask.4dfp.img (2306576 pixels)
talsrcimg_g11.4dfp.img
       320       320       320         1
  0.800000  0.800000  0.800000
orientation T byte_order littleendian
Reading image: talsrcimg_g11.4dfp.img
dimensions:      320       320       320
mmppix:       0.8000   -0.8000   -0.8000
center:     128.0000 -128.8000 -128.8000
fimgreg.f
image alignment mode   2311 decimal      907 hex
parameters
   -1.4744   -1.0200  -17.8566   14.3223   -1.9057  -14.1599
   -2.1447   -1.7414    1.8319  -18.5241    5.0448   34.5915
eta,q 0.88482 17.39677
niter,ni,del,rscale     5    3    5.0000    0.8000
parameter 12 -0.501165 -> -0.500000 qaram    1.1500
parameters
   -1.3194   -1.4101  -18.1185   13.8411   -2.1584  -15.7553
   -1.5094   -0.2044    2.4354  -19.8808    3.8312   37.3515
eta,q 0.88529 17.29703
  0.1155  0.1154  0.1153  0.1159  0.1157  0.1156  0.1151  0.1160  0.1151  0.1150  0.1149  0.1153
  0.1154  0.1152  0.1151  0.1154  0.1154  0.1149  0.1150  0.1156  0.1149  0.1149  0.1148  0.1150
  0.1152  0.1151  0.1151  0.1151  0.1151  0.1150  0.1150  0.1152  0.1148  0.1148  0.1148  0.1149
  0.1152  0.1152  0.1151  0.1151  0.1151  0.1150  0.1150  0.1150  0.1148  0.1148  0.1148  0.1148
  0.1152  0.1153  0.1152  0.1154  0.1153  0.1155  0.1150  0.1148  0.1148  0.1149  0.1149  0.1147
  0.1153  0.1154  0.1153  0.1157  0.1156  0.1164  0.1150  0.1149  0.1149  0.1152  0.1150  0.1147
  0.1154  0.1156  0.1154  0.1162  0.1158  0.1173  0.1150  0.1152  0.1150  0.1158  0.1153  0.1148
niter,ni,del,rscale     5    3    5.0000    0.8000
parameter  3  0.563585 ->  0.500000 qaram    1.1500
parameters
   -1.1483   -1.2645  -19.0385   13.4357   -2.8545  -17.4871
   -1.5234    0.6146    2.6635  -21.1822    3.2535   39.3380
eta,q 0.88568 17.23974
  0.1152  0.1151  0.1147  0.1156  0.1151  0.1151  0.1147  0.1155  0.1147  0.1147  0.1147  0.1150
  0.1150  0.1149  0.1146  0.1150  0.1149  0.1145  0.1146  0.1150  0.1146  0.1145  0.1145  0.1147
  0.1148  0.1148  0.1146  0.1146  0.1146  0.1145  0.1145  0.1147  0.1145  0.1144  0.1144  0.1146
  0.1147  0.1147  0.1147  0.1146  0.1146  0.1146  0.1145  0.1145  0.1145  0.1145  0.1144  0.1144
  0.1147  0.1147  0.1148  0.1149  0.1148  0.1151  0.1145  0.1144  0.1145  0.1146  0.1145  0.1143
  0.1149  0.1148  0.1150  0.1154  0.1152  0.1161  0.1146  0.1146  0.1145  0.1149  0.1146  0.1143
  0.1151  0.1150  0.1151  0.1158  0.1155  0.1168  0.1147  0.1150  0.1146  0.1155  0.1148  0.1145
niter,ni,del,rscale     5    3    5.0000    0.8000
parameters
   -1.0295   -0.9615  -19.4680   13.2637   -3.5364  -18.4389
   -1.7598    1.1956    2.5933  -21.9906    2.9952   40.7197
eta,q 0.88590 17.20729
  0.1150  0.1148  0.1145  0.1155  0.1148  0.1153  0.1144  0.1151  0.1144  0.1146  0.1145  0.1147
  0.1146  0.1146  0.1143  0.1148  0.1145  0.1144  0.1143  0.1147  0.1143  0.1143  0.1143  0.1145
  0.1144  0.1144  0.1142  0.1143  0.1143  0.1142  0.1142  0.1144  0.1142  0.1142  0.1142  0.1143
  0.1143  0.1143  0.1143  0.1142  0.1142  0.1142  0.1142  0.1142  0.1142  0.1142  0.1142  0.1142
  0.1143  0.1143  0.1144  0.1146  0.1144  0.1146  0.1142  0.1142  0.1142  0.1143  0.1142  0.1141
  0.1145  0.1144  0.1146  0.1151  0.1148  0.1155  0.1144  0.1144  0.1143  0.1146  0.1143  0.1142
  0.1148  0.1146  0.1147  0.1155  0.1152  0.1163  0.1145  0.1148  0.1144  0.1152  0.1145  0.1144
niter,ni,del,rscale     4    3    5.0000    0.7000
parameters
   -0.9131   -0.7284  -19.8378   13.0581   -4.0108  -19.4214
   -1.9730    1.5011    2.5714  -22.5095    3.0367   41.9670
eta,q 0.88604 17.16025
  0.1147  0.1145  0.1143  0.1152  0.1145  0.1147  0.1142  0.1147  0.1142  0.1144  0.1143  0.1144
  0.1144  0.1143  0.1141  0.1145  0.1143  0.1141  0.1141  0.1144  0.1141  0.1142  0.1141  0.1143
  0.1142  0.1142  0.1140  0.1141  0.1141  0.1140  0.1140  0.1142  0.1140  0.1140  0.1140  0.1141
  0.1141  0.1141  0.1141  0.1140  0.1140  0.1140  0.1140  0.1140  0.1140  0.1140  0.1140  0.1140
  0.1141  0.1141  0.1142  0.1143  0.1142  0.1143  0.1141  0.1141  0.1140  0.1141  0.1140  0.1140
  0.1143  0.1142  0.1143  0.1148  0.1145  0.1150  0.1142  0.1142  0.1141  0.1143  0.1141  0.1140
  0.1145  0.1143  0.1144  0.1153  0.1149  0.1158  0.1143  0.1146  0.1142  0.1148  0.1143  0.1142
niter,ni,del,rscale     3    3    5.0000    0.6000
parameters
   -0.8203   -0.5494  -20.3381   12.8179   -4.2813  -20.3791
   -2.1677    1.6454    2.4908  -22.8813    3.2765   42.9173
eta,q 0.88614 17.12419
  0.1144  0.1143  0.1140  0.1148  0.1143  0.1143  0.1141  0.1144  0.1141  0.1142  0.1141  0.1142
  0.1142  0.1141  0.1139  0.1143  0.1141  0.1140  0.1140  0.1142  0.1140  0.1140  0.1140  0.1141
  0.1140  0.1140  0.1139  0.1140  0.1140  0.1139  0.1139  0.1140  0.1139  0.1139  0.1139  0.1140
  0.1140  0.1140  0.1140  0.1139  0.1139  0.1139  0.1139  0.1139  0.1139  0.1139  0.1139  0.1139
  0.1140  0.1140  0.1140  0.1141  0.1140  0.1141  0.1139  0.1139  0.1139  0.1140  0.1139  0.1139
  0.1141  0.1140  0.1141  0.1145  0.1142  0.1146  0.1140  0.1141  0.1140  0.1141  0.1140  0.1139
  0.1143  0.1141  0.1143  0.1150  0.1145  0.1153  0.1141  0.1144  0.1141  0.1145  0.1141  0.1140
niter,ni,del,rscale     2    3    5.0000    0.5000
parameters
   -0.7351   -0.4054  -20.8136   12.6248   -4.4030  -21.2127
   -2.3772    1.6882    2.6167  -23.1022    3.6294   43.6128
eta,q 0.88623 17.09796
  0.1142  0.1141  0.1139  0.1145  0.1141  0.1141  0.1139  0.1142  0.1139  0.1141  0.1140  0.1141
  0.1140  0.1140  0.1138  0.1141  0.1140  0.1138  0.1138  0.1140  0.1139  0.1139  0.1139  0.1140
  0.1139  0.1139  0.1138  0.1139  0.1139  0.1138  0.1138  0.1139  0.1138  0.1138  0.1138  0.1139
  0.1139  0.1139  0.1139  0.1138  0.1138  0.1138  0.1138  0.1138  0.1138  0.1138  0.1138  0.1138
  0.1139  0.1139  0.1139  0.1140  0.1139  0.1140  0.1138  0.1138  0.1138  0.1138  0.1138  0.1138
  0.1140  0.1139  0.1140  0.1143  0.1140  0.1143  0.1139  0.1140  0.1138  0.1140  0.1138  0.1138
  0.1141  0.1140  0.1141  0.1147  0.1142  0.1148  0.1140  0.1142  0.1139  0.1142  0.1139  0.1139
niter,ni,del,rscale     1    3    5.0000    0.4000
parameters
   -0.6813   -0.3246  -21.2241   12.4942   -4.3980  -21.9106
   -2.6095    1.7087    2.8300  -23.2097    3.8450   44.0866
eta,q 0.88629 17.07860
  0.1140  0.1139  0.1138  0.1143  0.1140  0.1139  0.1138  0.1140  0.1138  0.1139  0.1138  0.1139
  0.1139  0.1138  0.1138  0.1140  0.1139  0.1137  0.1137  0.1138  0.1138  0.1138  0.1138  0.1138
  0.1138  0.1138  0.1138  0.1138  0.1138  0.1137  0.1137  0.1138  0.1137  0.1137  0.1137  0.1138
  0.1138  0.1138  0.1138  0.1138  0.1137  0.1137  0.1137  0.1137  0.1137  0.1137  0.1137  0.1137
  0.1138  0.1138  0.1138  0.1139  0.1138  0.1138  0.1137  0.1137  0.1137  0.1137  0.1137  0.1137
  0.1138  0.1138  0.1139  0.1141  0.1139  0.1140  0.1138  0.1138  0.1137  0.1138  0.1138  0.1137
  0.1139  0.1139  0.1139  0.1144  0.1140  0.1143  0.1138  0.1140  0.1138  0.1140  0.1138  0.1138
registration optimization eta report
parameter search radius
    0.8000    0.8000    0.9200    2.4000    2.4000    2.4000
    2.4000    2.4000    2.4000    2.4000    2.4000    2.7600
100000*second partial in parameter space
       31.       16.       10.       10.        4.        6.
        2.        4.        1.        4.        2.        2.
  0.1140  0.1139  0.1138  0.1143  0.1140  0.1139  0.1138  0.1140  0.1138  0.1139  0.1138  0.1139
  0.1139  0.1138  0.1138  0.1140  0.1139  0.1137  0.1137  0.1138  0.1138  0.1138  0.1138  0.1138
  0.1138  0.1138  0.1138  0.1138  0.1138  0.1137  0.1137  0.1138  0.1137  0.1137  0.1137  0.1138
  0.1138  0.1138  0.1138  0.1138  0.1137  0.1137  0.1137  0.1137  0.1137  0.1137  0.1137  0.1137
  0.1138  0.1138  0.1138  0.1139  0.1138  0.1138  0.1137  0.1137  0.1137  0.1137  0.1137  0.1137
  0.1138  0.1138  0.1139  0.1141  0.1139  0.1140  0.1138  0.1138  0.1137  0.1138  0.1138  0.1137
  0.1139  0.1139  0.1139  0.1144  0.1140  0.1143  0.1138  0.1140  0.1138  0.1140  0.1138  0.1138
   -0.6813   -0.3246  -21.2241   12.4942   -4.3980  -21.9106
   -2.6095    1.7087    2.8300  -23.2097    3.8450   44.0866
eta,q 0.88629 17.07860

---------------------------------------------------------------------
imgreg_4dfp /opt/freesurfer/average/3T18yoSchwartzReactN32_as_orig /opt/freesurfer/average/711-2B_as_mni_average_305_mask talsrcimg_g11 none talsrcimg_to_3T18yoSchwartzReactN32_as_orig_t4 2311
---------------------------------------------------------------------

freesurfer imgreg_4dfp.c
/opt/freesurfer/average/3T18yoSchwartzReactN32_as_orig.4dfp.img
       256       256       256         1
  1.000000  1.000000  1.000000
orientation T byte_order littleendian
Reading image: /opt/freesurfer/average/3T18yoSchwartzReactN32_as_orig.4dfp.img
dimensions:      256       256       256
mmppix:       1.0000   -1.0000   -1.0000
center:     128.0000 -129.0000 -129.0000
/opt/freesurfer/average/711-2B_as_mni_average_305_mask.4dfp.img
       256       256       256         1
  1.000000  1.000000  1.000000
orientation T byte_order littleendian
Reading mask: /opt/freesurfer/average/711-2B_as_mni_average_305_mask.4dfp.img (2306576 pixels)
talsrcimg_g11.4dfp.img
       320       320       320         1
  0.800000  0.800000  0.800000
orientation T byte_order littleendian
Reading image: talsrcimg_g11.4dfp.img
dimensions:      320       320       320
mmppix:       0.8000   -0.8000   -0.8000
center:     128.0000 -128.8000 -128.8000
fimgreg.f
image alignment mode   2311 decimal      907 hex
parameters
   -0.6813   -0.3246  -21.2241   12.4942   -4.3980  -21.9106
   -2.6095    1.7087    2.8300  -23.2097    3.8450   44.0866
eta,q 0.88629 17.07862
niter,ni,del,rscale     5    3    5.0000    0.8000
parameters
   -0.6216   -0.2855  -21.5381   12.6294   -4.7566  -21.8171
   -2.5168    1.6547    2.8305  -23.6343    4.1912   43.9278
eta,q 0.88628 17.12390
  0.1145  0.1141  0.1139  0.1155  0.1143  0.1158  0.1141  0.1144  0.1140  0.1144  0.1141  0.1141
  0.1141  0.1139  0.1138  0.1147  0.1141  0.1144  0.1139  0.1141  0.1139  0.1140  0.1139  0.1139
  0.1138  0.1138  0.1137  0.1139  0.1138  0.1138  0.1138  0.1138  0.1138  0.1138  0.1138  0.1138
  0.1137  0.1137  0.1137  0.1137  0.1137  0.1137  0.1137  0.1137  0.1137  0.1137  0.1137  0.1137
  0.1138  0.1138  0.1138  0.1140  0.1138  0.1139  0.1138  0.1138  0.1138  0.1138  0.1137  0.1138
  0.1140  0.1139  0.1139  0.1146  0.1142  0.1146  0.1139  0.1141  0.1139  0.1142  0.1138  0.1140
  0.1144  0.1141  0.1141  0.1152  0.1146  0.1154  0.1140  0.1145  0.1140  0.1149  0.1140  0.1142
niter,ni,del,rscale     4    3    5.0000    0.7000
parameters
   -0.6355   -0.2893  -21.4116   12.5927   -4.9173  -21.9087
   -2.6569    1.5172    2.8475  -23.6919    4.2192   44.1627
eta,q 0.88626 17.09807
  0.1143  0.1140  0.1140  0.1151  0.1142  0.1151  0.1140  0.1143  0.1140  0.1143  0.1140  0.1141
  0.1140  0.1139  0.1138  0.1144  0.1140  0.1141  0.1138  0.1140  0.1138  0.1140  0.1139  0.1139
  0.1138  0.1138  0.1138  0.1139  0.1138  0.1138  0.1138  0.1138  0.1138  0.1138  0.1138  0.1138
  0.1137  0.1137  0.1137  0.1137  0.1137  0.1137  0.1137  0.1137  0.1137  0.1137  0.1137  0.1137
  0.1138  0.1138  0.1137  0.1140  0.1138  0.1139  0.1138  0.1138  0.1138  0.1138  0.1138  0.1138
  0.1140  0.1139  0.1138  0.1145  0.1140  0.1144  0.1139  0.1140  0.1138  0.1140  0.1139  0.1139
  0.1143  0.1140  0.1139  0.1151  0.1143  0.1151  0.1140  0.1144  0.1140  0.1144  0.1140  0.1140
niter,ni,del,rscale     3    3    5.0000    0.6000
parameters
   -0.6580   -0.2020  -21.4427   12.5019   -4.9180  -22.1792
   -2.6841    1.4736    2.9029  -23.6597    4.1838   44.4556
eta,q 0.88629 17.07833
  0.1141  0.1140  0.1139  0.1148  0.1141  0.1146  0.1139  0.1142  0.1139  0.1142  0.1139  0.1140
  0.1139  0.1138  0.1138  0.1142  0.1140  0.1139  0.1138  0.1140  0.1138  0.1139  0.1138  0.1139
  0.1138  0.1138  0.1137  0.1138  0.1138  0.1137  0.1137  0.1138  0.1137  0.1138  0.1137  0.1138
  0.1137  0.1137  0.1137  0.1137  0.1137  0.1137  0.1137  0.1137  0.1137  0.1137  0.1137  0.1137
  0.1138  0.1137  0.1137  0.1139  0.1138  0.1139  0.1137  0.1138  0.1137  0.1137  0.1137  0.1137
  0.1139  0.1138  0.1138  0.1144  0.1139  0.1142  0.1138  0.1139  0.1138  0.1139  0.1138  0.1138
  0.1142  0.1139  0.1139  0.1149  0.1142  0.1148  0.1139  0.1142  0.1139  0.1142  0.1140  0.1139
niter,ni,del,rscale     2    3    5.0000    0.5000
parameters
   -0.6724   -0.1511  -21.5907   12.4207   -4.7961  -22.5085
   -2.7796    1.5113    2.9741  -23.6058    4.1820   44.6812
eta,q 0.88632 17.06702
  0.1140  0.1139  0.1138  0.1145  0.1140  0.1142  0.1138  0.1140  0.1138  0.1140  0.1139  0.1139
  0.1138  0.1138  0.1137  0.1141  0.1139  0.1138  0.1137  0.1139  0.1137  0.1138  0.1138  0.1138
  0.1137  0.1137  0.1137  0.1138  0.1138  0.1137  0.1137  0.1137  0.1137  0.1137  0.1137  0.1137
  0.1137  0.1137  0.1137  0.1137  0.1137  0.1137  0.1137  0.1137  0.1137  0.1137  0.1137  0.1137
  0.1138  0.1137  0.1137  0.1139  0.1137  0.1138  0.1137  0.1137  0.1137  0.1137  0.1137  0.1137
  0.1139  0.1138  0.1138  0.1142  0.1138  0.1140  0.1138  0.1138  0.1137  0.1138  0.1138  0.1138
  0.1140  0.1138  0.1138  0.1146  0.1140  0.1144  0.1138  0.1140  0.1138  0.1140  0.1139  0.1138
niter,ni,del,rscale     1    3    5.0000    0.4000
parameters
   -0.6685   -0.1441  -21.7403   12.3655   -4.6219  -22.8260
   -2.8333    1.5645    3.0445  -23.5112    4.1760   44.7355
eta,q 0.88634 17.05427
  0.1139  0.1138  0.1137  0.1143  0.1139  0.1140  0.1138  0.1139  0.1137  0.1139  0.1138  0.1138
  0.1138  0.1137  0.1137  0.1139  0.1138  0.1137  0.1137  0.1138  0.1137  0.1138  0.1137  0.1137
  0.1137  0.1137  0.1137  0.1137  0.1137  0.1137  0.1137  0.1137  0.1137  0.1137  0.1137  0.1137
  0.1137  0.1137  0.1137  0.1137  0.1137  0.1137  0.1137  0.1137  0.1137  0.1137  0.1137  0.1137
  0.1137  0.1137  0.1137  0.1138  0.1137  0.1137  0.1137  0.1137  0.1137  0.1137  0.1137  0.1137
  0.1138  0.1137  0.1137  0.1140  0.1138  0.1139  0.1137  0.1138  0.1137  0.1137  0.1137  0.1137
  0.1139  0.1138  0.1138  0.1143  0.1139  0.1141  0.1138  0.1139  0.1137  0.1139  0.1138  0.1138
registration optimization eta report
parameter search radius
    0.8000    0.8000    0.8000    2.4000    2.4000    2.4000
    2.4000    2.4000    2.4000    2.4000    2.4000    2.4000
100000*second partial in parameter space
       31.       15.       10.       10.        4.        6.
        2.        4.        1.        4.        2.        2.
  0.1139  0.1138  0.1137  0.1143  0.1139  0.1140  0.1138  0.1139  0.1137  0.1139  0.1138  0.1138
  0.1138  0.1137  0.1137  0.1139  0.1138  0.1137  0.1137  0.1138  0.1137  0.1138  0.1137  0.1137
  0.1137  0.1137  0.1137  0.1137  0.1137  0.1137  0.1137  0.1137  0.1137  0.1137  0.1137  0.1137
  0.1137  0.1137  0.1137  0.1137  0.1137  0.1137  0.1137  0.1137  0.1137  0.1137  0.1137  0.1137
  0.1137  0.1137  0.1137  0.1138  0.1137  0.1137  0.1137  0.1137  0.1137  0.1137  0.1137  0.1137
  0.1138  0.1137  0.1137  0.1140  0.1138  0.1139  0.1137  0.1138  0.1137  0.1137  0.1137  0.1137
  0.1139  0.1138  0.1138  0.1143  0.1139  0.1141  0.1138  0.1139  0.1137  0.1139  0.1138  0.1138
   -0.6685   -0.1441  -21.7403   12.3655   -4.6219  -22.8260
   -2.8333    1.5645    3.0445  -23.5112    4.1760   44.7355
eta,q 0.88634 17.05427

---------------------------------------------------------------------
compute_vox2vox talsrcimg talsrcimg_to_3T18yoSchwartzReactN32_as_orig_t4 /opt/freesurfer/average/3T18yoSchwartzReactN32_as_orig
---------------------------------------------------------------------

freesurfer compute_vox2vox.c
Reading: talsrcimg.4dfp.ifh
Reading: talsrcimg_to_3T18yoSchwartzReactN32_as_orig_t4
Reading: /opt/freesurfer/average/3T18yoSchwartzReactN32_as_orig.4dfp.ifh
Writing: talsrcimg_to_3T18yoSchwartzReactN32_as_orig_t4_vox2vox.txt

start time Tue Mar 10 14:29:04 CET 2026
end		time Tue Mar 10 14:30:33 CET 2026

mpr2mni305 success

avi2talxfm orig_nu.mgz /opt/freesurfer/average/mni305.cor.mgz talsrcimg_to_3T18yoSchwartzReactN32_as_orig_t4_vox2vox.txt transforms/talairach.auto.xfm
avi2talxfm done
mv -f /out/sourcedata/freesurfer/sub-v2s11x28684_ses-1/mri/talsrcimg_to_3T18yoSchwartzReactN32_as_orig_t4_vox2vox.txt /out/sourcedata/freesurfer/sub-v2s11x28684_ses-1/mri/transforms/talsrcimg_to_3T18yoSchwartzReactN32_as_orig_t4_vox2vox.txt
lta_convert --src orig_nu.mgz --trg /opt/freesurfer/average/mni305.cor.mgz --inxfm transforms/talairach.auto.xfm --outlta transforms/talairach.auto.xfm.lta --subject fsaverage
7.3.2

--src: orig_nu.mgz src image (geometry).
--trg: /opt/freesurfer/average/mni305.cor.mgz trg image (geometry).
--inmni: transforms/talairach.auto.xfm input MNI/XFM transform.
--outlta: transforms/talairach.auto.xfm.lta output LTA.
--s: fsaverage subject name
 LTA read, type : 1
 0.88945  -0.00873   0.03052  -0.57474;
-0.02771   1.13404  -0.53273   43.31009;
-0.03522   0.27983   0.91616  -19.23962;
 0.00000   0.00000   0.00000   1.00000;
setting subject to fsaverage
Writing  LTA to file transforms/talairach.auto.xfm.lta...
lta_convert successful.
 
 
Started at Tue Mar 10 14:29:03 CET 2026
Ended   at Tue Mar 10 14:30:34 CET 2026
talairach_avi done
