/out/sourcedata/freesurfer/sub-v2s11x28684_ses-1/mri
/opt/freesurfer/bin/talairach
--i orig_nu.mgz --xfm transforms/talairach.auto.xfm
talairach 7.3.2
Linux dna061 5.14.0-427.37.1.el9_4.x86_64 #1 SMP PREEMPT_DYNAMIC Fri Sep 13 12:41:50 EDT 2024 x86_64 x86_64 x86_64 GNU/Linux
Tue Mar 10 14:36:14 CET 2026
tmpdir is transforms/tmp.talairach.572570
/out/sourcedata/freesurfer/sub-v2s11x28684_ses-1/mri
mri_convert orig_nu.mgz transforms/tmp.talairach.572570/src.mnc
mri_convert orig_nu.mgz transforms/tmp.talairach.572570/src.mnc 
reading from orig_nu.mgz...
TR=0.00, TE=0.00, TI=0.00, flip angle=0.00
i_ras = (-1, 0, 0)
j_ras = (0, 0, -1)
k_ras = (0, 1, 0)
writing to transforms/tmp.talairach.572570/src.mnc...
[oesteban@dna061:/out/sourcedata/freesurfer/sub-v2s11x28684_ses-1/mri/] [2026-03-10 14:36:15] running:
  /opt/freesurfer/mni/bin/mritotal -verbose -debug -clobber -modeldir /opt/freesurfer/mni/bin/../share/mni_autoreg -protocol icbm transforms/tmp.talairach.572570/src.mnc transforms/talairach.auto.xfm

Loading configuration file /opt/freesurfer/mni/bin/../etc/mni_autoreg/mritotal.cfg
Loading protocol default (protocol file = /opt/freesurfer/mni/bin/../etc/mni_autoreg/mritotal.default.cfg)
Loading protocol icbm (protocol file = /opt/freesurfer/mni/bin/../etc/mni_autoreg/mritotal.icbm.cfg)
   source = transforms/tmp.talairach.572570/src.mnc
    model = /opt/freesurfer/mni/bin/../share/mni_autoreg/average_305
transform = transforms/talairach.auto.xfm
 protocol = icbm:
    linear fit only
    subsample heuristically
    crop according to 0,0 0,0 -25%,0
    blur with 16 and 8 mm FHWM kernels
    pad/unpad correctly (encroach on original volume)
    default objective function = cross-correlation

Subsampling/cropping data:
[mritotal] [oesteban@dna061:/out/sourcedata/freesurfer/sub-v2s11x28684_ses-1/mri] [2026-03-10 14:36:15] /opt/freesurfer/mni/bin/autocrop -clobber transforms/tmp.talairach.572570/src.mnc /var/tmp/mritotal_572619//src_crop.mnc -step 1.59999978542328 1.59999978542328 1.59999978542328 -extend 0,0 0,0 -25%,0
[autocrop] [oesteban@dna061:/out/sourcedata/freesurfer/sub-v2s11x28684_ses-1/mri] [2026-03-10 14:36:15] /opt/freesurfer/mni/bin/mincresample -clobber transforms/tmp.talairach.572570/src.mnc /var/tmp/mritotal_572619//src_crop.mnc -start -128.076 -156.93 -66.625008636713 -step 1.59999978542328 1.59999978542328 1.59999978542328 -nelements 161 161 121
Centroid of input volume: -0.019727 12.138447 32.342361

Zero-padding data:
[mritotal] [oesteban@dna061:/out/sourcedata/freesurfer/sub-v2s11x28684_ses-1/mri] [2026-03-10 14:36:15] /opt/freesurfer/mni/bin/autocrop -clobber /var/tmp/mritotal_572619//src_crop.mnc /var/tmp/mritotal_572619//src_pad.mnc -expand 20.7999972105026 20.7999972105026 20.7999972105026
[autocrop] [oesteban@dna061:/out/sourcedata/freesurfer/sub-v2s11x28684_ses-1/mri] [2026-03-10 14:36:15] /opt/freesurfer/mni/bin/mincreshape -clobber /var/tmp/mritotal_572619//src_crop.mnc /var/tmp/mritotal_572619//src_pad.mnc -start -13,-13,-13 -count 188,188,148

Intensity blurring data:
[mritotal] [oesteban@dna061:/out/sourcedata/freesurfer/sub-v2s11x28684_ses-1/mri] [2026-03-10 14:36:15] /opt/freesurfer/mni/bin/mincblur -clobber -debug /var/tmp/mritotal_572619//src_pad.mnc /var/tmp/mritotal_572619//tmp_16 -fwhm 16
===== Debugging information from /opt/freesurfer/mni/bin/mincblur =====
Data filename     = /var/tmp/mritotal_572619//src_pad.mnc
Output basename   = /var/tmp/mritotal_572619//tmp_16
Input volume      = 188 cols by 188 rows by 148 slices
Input voxels are  =    1.600    1.600    1.600
min/max value     =    0.000  198.000
Apodizing data at (16.000000,16.000000) (16.000000,16.000000) (16.000000,16.000000)
Volume def min and max: = 0.000000 198.000000
before blur min/max = 0.000000 198.000000
after  blur min/max = -0.000003 83.739594
Making byte volume...
[mritotal] [oesteban@dna061:/out/sourcedata/freesurfer/sub-v2s11x28684_ses-1/mri] [2026-03-10 14:36:16] /opt/freesurfer/mni/bin/autocrop -clobber /var/tmp/mritotal_572619//tmp_16_blur.mnc /var/tmp/mritotal_572619//src_16_blur.mnc -expand -41.5999944210052 -41.5999944210052 -41.5999944210052
[autocrop] [oesteban@dna061:/out/sourcedata/freesurfer/sub-v2s11x28684_ses-1/mri] [2026-03-10 14:36:16] /opt/freesurfer/mni/bin/mincreshape -clobber /var/tmp/mritotal_572619//tmp_16_blur.mnc /var/tmp/mritotal_572619//src_16_blur.mnc -start 26,26,26 -count 138,138,98

Gradient blurring data:
[mritotal] [oesteban@dna061:/out/sourcedata/freesurfer/sub-v2s11x28684_ses-1/mri] [2026-03-10 14:36:16] /opt/freesurfer/mni/bin/mincblur -clobber -debug /var/tmp/mritotal_572619//src_pad.mnc /var/tmp/mritotal_572619//tmp_8 -fwhm 8 -gradient
===== Debugging information from /opt/freesurfer/mni/bin/mincblur =====
Data filename     = /var/tmp/mritotal_572619//src_pad.mnc
Output basename   = /var/tmp/mritotal_572619//tmp_8
Input volume      = 188 cols by 188 rows by 148 slices
Input voxels are  =    1.600    1.600    1.600
min/max value     =    0.000  198.000
Apodizing data at (8.000000,8.000000) (8.000000,8.000000) (8.000000,8.000000)
Volume def min and max: = 0.000000 198.000000
before blur min/max = 0.000000 198.000000
after  blur min/max = -0.000011 121.090485
Making byte volume...
Making byte volume dx...dx: min = -11.528484, max = 13.020060
Making byte volume dy...dy: min = -10.039650, max = 13.045252
Making byte volume dz...dz: min = -11.915524, max = 13.612039
[mritotal] [oesteban@dna061:/out/sourcedata/freesurfer/sub-v2s11x28684_ses-1/mri] [2026-03-10 14:36:18] /opt/freesurfer/mni/bin/autocrop -clobber /var/tmp/mritotal_572619//tmp_8_blur.mnc /var/tmp/mritotal_572619//src_8_blur.mnc -expand -31.9999957084656 -31.9999957084656 -31.9999957084656
[autocrop] [oesteban@dna061:/out/sourcedata/freesurfer/sub-v2s11x28684_ses-1/mri] [2026-03-10 14:36:18] /opt/freesurfer/mni/bin/mincreshape -clobber /var/tmp/mritotal_572619//tmp_8_blur.mnc /var/tmp/mritotal_572619//src_8_blur.mnc -start 20,20,20 -count 149,149,109
[mritotal] [oesteban@dna061:/out/sourcedata/freesurfer/sub-v2s11x28684_ses-1/mri] [2026-03-10 14:36:18] /opt/freesurfer/mni/bin/autocrop -clobber /var/tmp/mritotal_572619//tmp_8_dxyz.mnc /var/tmp/mritotal_572619//src_8_dxyz.mnc -expand -31.9999957084656 -31.9999957084656 -31.9999957084656
[autocrop] [oesteban@dna061:/out/sourcedata/freesurfer/sub-v2s11x28684_ses-1/mri] [2026-03-10 14:36:18] /opt/freesurfer/mni/bin/mincreshape -clobber /var/tmp/mritotal_572619//tmp_8_dxyz.mnc /var/tmp/mritotal_572619//src_8_dxyz.mnc -start 20,20,20 -count 149,149,109

16mm intensity lsq7 fit, no masks: making /var/tmp/mritotal_572619//src_16.xfm
[mritotal] [oesteban@dna061:/out/sourcedata/freesurfer/sub-v2s11x28684_ses-1/mri] [2026-03-10 14:36:19] /opt/freesurfer/mni/bin/minctracc -clobber -debug /var/tmp/mritotal_572619//src_16_blur.mnc /opt/freesurfer/mni/bin/../share/mni_autoreg/average_305_16_blur.mnc /var/tmp/mritotal_572619//src_16.xfm -est_translations -lsq7 -xcorr -center -0.019727 12.138447 32.342361 -step 4 4 4 -tol 0.01 -simplex 20
===== Debugging information from /opt/freesurfer/mni/bin/minctracc =====
Data filename       = /var/tmp/mritotal_572619//src_16_blur.mnc
Model filename      = /opt/freesurfer/mni/bin/../share/mni_autoreg/average_305_16_blur.mnc
Data mask filename  = 
Model mask filename = 
Input xform name    = 
Output filename     = /var/tmp/mritotal_572619//src_16.xfm
Step size           = 4.000000 4.000000 4.000000
Sub-lattice dia     = 24.000000 24.000000 24.000000
Objective function  = cross correlation (threshold = 0.000000 0.000000)
Transform linear    = TRUE
Transform inverted? = FALSE
Transform type      = 4
Transform matrix    =    1.0000    0.0000    0.0000    0.0000 
                         0.0000    1.0000    0.0000    0.0000 
                         0.0000    0.0000    1.0000    0.0000 
Transform center   =   -0.020   12.138   32.342
Transform rotation   =    0.000    0.000    0.000 

Transform trans    =    0.000    0.000    0.000
Transform scale    =    1.000    1.000    1.000

Center of rot/scale forced: -0.019727 12.138447 32.342361
  using PAT to get initial parameters:
  will try to get: [trans]
COG of v1 forced: -0.019727 12.138447 32.342361
In set_up_lattice, xyzv[axes] = 2, 1, 0, -1
In set_up_lattice, xyzv[axes] = 2, 1, 0, -1
in vol to cov
start =   -47.25  -125.51   -85.09 
count =       43       55       29 
step  =     4.00     4.00     4.00 
direct=     1.00     0.00     0.00 
direct=     0.00     1.00     0.00 
direct=     0.00     0.00     1.00 
In set_up_lattice, xyzv[axes] = 2, 1, 0, -1
In set_up_lattice, xyzv[axes] = 2, 1, 0, -1
COG of v2: 0.327802 -17.590965 9.454404
   [trans] = 0.347529 -29.729412 -22.887959
Only center & trans required, now returning from init_transformation
Transform center   =   -0.020   12.138   32.342
Transform rots    =    0.000    0.000    0.000
Transform trans    =    0.348  -29.729  -22.888
Transform scale    =    1.000    1.000    1.000

In set_up_lattice, xyzv[axes] = 2, 1, 0, -1
slice lim 0 38
row lim   3 50
col lim   1 52
thresh =    0.00000    0.00000
In set_up_lattice, xyzv[axes] = 2, 1, 0, -1
  68585   48633 -> 0.04023836
  68585   48633 -> 0.04023836
  68585   47225 -> 0.06965507
  68585   46139 -> 0.04470962
  68585   48633 -> 0.06760541
  68585   50697 -> 0.04850078
  68585   48633 -> 0.04780261
  68585   48996 -> 0.04169047
  68585   59856 -> 0.11946072
  68585   19791 -> 0.15289830
  68585   55563 -> 0.07855383
  68585   36702 -> 0.06396094
  68585   43294 -> 0.08078440
  68585   47606 -> 0.04848714
  68585   45750 -> 0.06963057
  68585   47571 -> 0.04692872
  68585   55109 -> 0.07599078
  68585   43508 -> 0.04141738
  68585   48526 -> 0.04418319
  68585   46898 -> 0.04806928
  68585   47425 -> 0.04009203
  68585   45952 -> 0.04048898
  68585   46270 -> 0.03429879
  68585   44042 -> 0.04570323
  68585   45168 -> 0.05869980
  68585   47584 -> 0.03451975
  68585   48001 -> 0.03945243
  68585   44867 -> 0.03139637
  68585   40391 -> 0.04236011
  68585   48530 -> 0.04301004
  68585   45213 -> 0.03420981
  68585   47291 -> 0.04311755
  68585   46538 -> 0.03376428
  68585   43401 -> 0.03314820
  68585   44524 -> 0.03850062
  68585   44467 -> 0.03730557
  68585   47149 -> 0.03913482
  68585   45249 -> 0.03233126
  68585   48010 -> 0.03921975
  68585   45274 -> 0.03174591
  68585   42788 -> 0.03316575
  68585   43195 -> 0.03983909
  68585   45719 -> 0.03108572
  68585   43617 -> 0.03486964
  68585   45180 -> 0.03101067
  68585   43153 -> 0.03193838
  68585   46508 -> 0.03264016
  68585   45900 -> 0.03121111
  68585   43481 -> 0.03352299
  68585   45923 -> 0.03020261
  68585   45269 -> 0.02998857
  68585   44979 -> 0.03320283
  68585   47462 -> 0.03422858
  68585   44320 -> 0.02958327
  68585   45349 -> 0.03043417
  68585   45846 -> 0.03386251
  68585   45277 -> 0.02954659
  68585   44344 -> 0.03122843
  68585   45662 -> 0.02967911
  68585   44171 -> 0.03119962
  68585   45599 -> 0.02978392
  68585   45049 -> 0.03012234
  68585   44966 -> 0.03125914
  68585   45437 -> 0.02974046
  68585   44606 -> 0.03035786
  68585   45494 -> 0.02929292
  68585   45096 -> 0.03088079
  68585   45332 -> 0.02930965
  68585   45462 -> 0.03052749
  68585   45303 -> 0.02934488
  68585   44598 -> 0.02983834
  68585   45433 -> 0.02919559
  68585   45251 -> 0.02963814
  68585   44710 -> 0.02963710
  68585   45060 -> 0.02913146
  68585   45153 -> 0.03039137
  68585   45611 -> 0.02971901
  68585   44944 -> 0.02911745
  68585   46131 -> 0.02975316
  68585   44779 -> 0.02905232
  68585   45231 -> 0.02978073
  68585   45249 -> 0.02920417
  68585   45047 -> 0.02939028
  68585   45254 -> 0.02925069
  68585   45039 -> 0.02936567
  68585   45296 -> 0.02921502
  68585   44682 -> 0.02938669
  68585   45266 -> 0.02911920
done with simplex after 79 iterations
0 0.02912: 0.39786 -13.26908 -23.87539 -3.63814 -0.32878 -0.33420 45.87232 
1 0.02925: 0.85030 -14.99323 -23.84224 -4.19279  0.47027 -1.36681 46.15494 
2 0.02912: 0.85502 -14.56658 -23.95729 -3.21612 -0.56116 -0.42148 46.32086 
3 0.02920: 0.96777 -15.77700 -24.27884 -3.54872 -1.11683  1.14291 46.38390 
4 0.02913:-0.14197 -15.34515 -24.39432 -1.18035 -0.37777 -1.55255 46.08685 
5 0.02905: 0.95051 -13.77880 -24.29191 -3.40557 -0.74140 -0.08427 45.73989 
6 0.02920: 0.62019 -15.09443 -23.48264 -2.61887 -1.27655 -1.92284 46.18280 
7 0.02922: 0.80503 -14.32106 -24.43795 -3.81273 -0.10479 -2.02402 46.20063 
after parameter optimization
-center        -0.01973   12.13845   32.34236
-translation    0.95051  -13.77880  -24.29191
-rotation      -3.40557   -0.74140   -0.08427
-scale          0.91480    0.91480    0.91480
-shear          0.00000    0.00000    0.00000
  68585   44779 -> 0.02905232
Initial objective function val = 0.04023836
Final objective function value = 0.02905232

8mm intensity lsq7 fit, no masks: making /var/tmp/mritotal_572619//src_8tmp1a.xfm
[mritotal] [oesteban@dna061:/out/sourcedata/freesurfer/sub-v2s11x28684_ses-1/mri] [2026-03-10 14:36:19] /opt/freesurfer/mni/bin/minctracc -clobber -debug /var/tmp/mritotal_572619//src_8_blur.mnc /opt/freesurfer/mni/bin/../share/mni_autoreg/average_305_8_blur.mnc /var/tmp/mritotal_572619//src_8tmp1a.xfm -transformation /var/tmp/mritotal_572619//src_16.xfm -lsq7 -xcorr -center -0.019727 12.138447 32.342361 -step 4 4 4 -tol 0.004 -simplex 5
===== Debugging information from /opt/freesurfer/mni/bin/minctracc =====
Data filename       = /var/tmp/mritotal_572619//src_8_blur.mnc
Model filename      = /opt/freesurfer/mni/bin/../share/mni_autoreg/average_305_8_blur.mnc
Data mask filename  = 
Model mask filename = 
Input xform name    = /var/tmp/mritotal_572619//src_16.xfm
Output filename     = /var/tmp/mritotal_572619//src_8tmp1a.xfm
Step size           = 4.000000 4.000000 4.000000
Sub-lattice dia     = 24.000000 24.000000 24.000000
Objective function  = cross correlation (threshold = 0.000000 0.000000)
Transform linear    = TRUE
Transform inverted? = FALSE
Transform type      = 4
Transform matrix    =    0.9147    0.0020   -0.0117    1.3036 
                        -0.0013    0.9132    0.0544  -14.4831 
                         0.0118   -0.0543    0.9131  -20.8217 
Transform center   =   -0.020   12.138   32.342
Transform rotation   =    0.000    0.000    0.000 

Transform trans    =    0.000    0.000    0.000
Transform scale    =    1.000    1.000    1.000

Center of rot/scale forced: -0.019727 12.138447 32.342361
  using input transformation to get initial parameters:
In set_up_lattice, xyzv[axes] = 2, 1, 0, -1
slice lim 0 43
row lim   7 51
col lim   6 53
thresh =    0.00000    0.00000
In set_up_lattice, xyzv[axes] = 2, 1, 0, -1
  80410   57133 -> 0.07196800
  80410   57133 -> 0.07196800
  80410   55028 -> 0.07378384
  80410   55679 -> 0.07132687
  80410   57151 -> 0.07663502
  80410   56891 -> 0.07261679
  80410   56491 -> 0.07295170
  80410   55937 -> 0.07237023
  80410   59413 -> 0.07410581
  80410   57233 -> 0.07150403
  80410   46840 -> 0.09069651
  80410   57970 -> 0.06870912
  80410   56606 -> 0.07427263
  80410   55883 -> 0.07167865
  80410   56664 -> 0.07184102
  80410   56915 -> 0.06915120
  80410   56587 -> 0.07025637
  80410   56924 -> 0.07273239
  80410   57165 -> 0.07026628
  80410   56565 -> 0.06999224
  80410   56934 -> 0.06947179
  80410   56788 -> 0.07172468
  80410   57177 -> 0.06957857
  80410   58696 -> 0.06958727
  80410   57720 -> 0.07051643
  80410   57287 -> 0.06905827
  80410   57995 -> 0.06988650
  80410   58162 -> 0.06957074
  80410   57093 -> 0.07143056
  80410   57859 -> 0.06876858
  80410   56144 -> 0.07037242
  80410   58126 -> 0.06861128
  80410   58231 -> 0.06921528
  80410   56966 -> 0.06976177
  80410   57886 -> 0.06888714
  80410   58581 -> 0.07011502
  80410   57310 -> 0.06831596
  80410   57230 -> 0.06964332
  80410   57944 -> 0.06867961
  80410   58478 -> 0.06904841
  80410   58678 -> 0.06968895
  80410   57604 -> 0.06855989
  80410   57074 -> 0.06916143
  80410   58056 -> 0.06828475
  80410   57875 -> 0.06884242
  80410   57882 -> 0.06848057
  80410   57838 -> 0.06893788
  80410   57861 -> 0.06868515
  80410   57544 -> 0.06862523
  80410   57754 -> 0.06857624
  80410   57597 -> 0.06875328
  80410   57869 -> 0.06855590
  80410   57886 -> 0.06862965
  80410   57683 -> 0.06824465
  80410   57370 -> 0.06868517
  80410   57960 -> 0.06843408
  80410   57813 -> 0.06858117
  80410   57791 -> 0.06846906
  80410   58017 -> 0.06890154
  80410   57710 -> 0.06839174
  80410   57668 -> 0.06844844
  80410   57641 -> 0.06860025
  80410   57836 -> 0.06837505
  80410   57767 -> 0.06839640
done with simplex after 55 iterations
0 0.06839: 1.50669 -12.38725 -26.43917 -4.45653 -0.12334  0.46105 48.00476 
1 0.06832: 1.10884 -11.05774 -26.86988 -5.03261 -0.20178  0.48110 48.11682 
2 0.06843: 1.81730 -12.66292 -27.03987 -4.79169  0.04736  0.45028 48.34778 
3 0.06845: 1.36038 -12.28320 -26.98131 -4.08179  0.58971 -0.19422 48.14915 
4 0.06828: 0.98865 -13.20524 -26.31769 -3.40455  0.11327  0.25663 48.54271 
5 0.06838: 1.42494 -12.49096 -26.42134 -4.53476  0.42167  0.24469 48.17662 
6 0.06840: 1.27927 -12.42929 -26.73386 -4.34507  0.47952  0.48297 48.15079 
7 0.06824: 1.50048 -12.06680 -27.43890 -5.46596  0.12632  0.68072 48.16212 
after parameter optimization
-center        -0.01973   12.13845   32.34236
-translation    1.50048  -12.06680  -27.43890
-rotation      -5.46596    0.12632    0.68072
-scale          0.96324    0.96324    0.96324
-shear          0.00000    0.00000    0.00000
  80410   57683 -> 0.06824465
Initial objective function val = 0.07196800
Final objective function value = 0.06824465

8mm gradient lsq7 fit, target masked: making /var/tmp/mritotal_572619//src_8tmp1b.xfm
[mritotal] [oesteban@dna061:/out/sourcedata/freesurfer/sub-v2s11x28684_ses-1/mri] [2026-03-10 14:36:19] /opt/freesurfer/mni/bin/minctracc -clobber -debug /var/tmp/mritotal_572619//src_8_dxyz.mnc /opt/freesurfer/mni/bin/../share/mni_autoreg/average_305_8_dxyz.mnc /var/tmp/mritotal_572619//src_8tmp1b.xfm -transformation /var/tmp/mritotal_572619//src_8tmp1a.xfm -lsq7 -xcorr -model_mask /opt/freesurfer/mni/bin/../share/mni_autoreg/average_305_8_mask.mnc -center -0.019727 12.138447 32.342361 -step 4 4 4 -tol 0.004 -simplex 2
===== Debugging information from /opt/freesurfer/mni/bin/minctracc =====
Data filename       = /var/tmp/mritotal_572619//src_8_dxyz.mnc
Model filename      = /opt/freesurfer/mni/bin/../share/mni_autoreg/average_305_8_dxyz.mnc
Data mask filename  = 
Model mask filename = /opt/freesurfer/mni/bin/../share/mni_autoreg/average_305_8_mask.mnc
Input xform name    = /var/tmp/mritotal_572619//src_8tmp1a.xfm
Output filename     = /var/tmp/mritotal_572619//src_8tmp1b.xfm
Step size           = 4.000000 4.000000 4.000000
Sub-lattice dia     = 24.000000 24.000000 24.000000
Objective function  = cross correlation (threshold = 0.000000 0.000000)
Transform linear    = TRUE
Transform inverted? = FALSE
Transform type      = 4
Transform matrix    =    0.9632   -0.0116    0.0010    1.6074 
                         0.0114    0.9588    0.0918  -14.5345 
                        -0.0021   -0.0918    0.9589  -24.9947 
Transform center   =   -0.020   12.138   32.342
Transform rotation   =    0.000    0.000    0.000 

Transform trans    =    0.000    0.000    0.000
Transform scale    =    1.000    1.000    1.000

Center of rot/scale forced: -0.019727 12.138447 32.342361
  using input transformation to get initial parameters:
In set_up_lattice, xyzv[axes] = 2, 1, 0, -1
slice lim 0 43
row lim   0 59
col lim   0 59
thresh =    0.00000    0.00000
In set_up_lattice, xyzv[axes] = 2, 1, 0, -1
  29440   24948 -> 0.31652874
  29440   24948 -> 0.31652874
  29440   24952 -> 0.32406649
  29440   24526 -> 0.31540465
  29440   24990 -> 0.29968110
  29440   24917 -> 0.32264194
  29440   24950 -> 0.31719688
  29440   24965 -> 0.31811246
  29440   25539 -> 0.32066032
  29440   24999 -> 0.30824900
  29440   25078 -> 0.30868673
  29440   24290 -> 0.30273342
  29440   24699 -> 0.29680237
  29440   24587 -> 0.28697488
  29440   24601 -> 0.29317474
  29440   24500 -> 0.28777984
  29440   24905 -> 0.28203413
  29440   25122 -> 0.27257356
  29440   24346 -> 0.27871609
  29440   24278 -> 0.26968622
  29440   23928 -> 0.25950623
  29440   24906 -> 0.26970056
  29440   24164 -> 0.27505124
  29440   24447 -> 0.26887304
  29440   24554 -> 0.26590165
  29440   24416 -> 0.25902173
  29440   24374 -> 0.25104803
  29440   24740 -> 0.26366696
  29440   24981 -> 0.25192070
  29440   24025 -> 0.25084379
  29440   23510 -> 0.27812013
  29440   23981 -> 0.25435999
  29440   24322 -> 0.24262328
  29440   24329 -> 0.25956729
  29440   24168 -> 0.24573882
  29440   23735 -> 0.23646064
  29440   23219 -> 0.26092795
  29440   24605 -> 0.30753008
  29440   24060 -> 0.24634957
  29440   24481 -> 0.24620704
  29440   23342 -> 0.25652140
  29440   24572 -> 0.24718702
  29440   23971 -> 0.24270706
  29440   24392 -> 0.23659685
  29440   23744 -> 0.23756705
  29440   24191 -> 0.24274299
  29440   23682 -> 0.27283502
  29440   24270 -> 0.24182841
  29440   24014 -> 0.24173649
  29440   23970 -> 0.24536905
  29440   24123 -> 0.23596452
  29440   24167 -> 0.23915654
  29440   23835 -> 0.23988329
  29440   23734 -> 0.24997672
  29440   24130 -> 0.23591951
  29440   24011 -> 0.24055196
  29440   24002 -> 0.23545533
  29440   24281 -> 0.24667235
  29440   23931 -> 0.23552199
  29440   23829 -> 0.24203902
  29440   24084 -> 0.23489833
  29440   24369 -> 0.23279606
  29440   24676 -> 0.23555639
  29440   23729 -> 0.23958027
  29440   24223 -> 0.23455030
  29440   24527 -> 0.23568729
  29440   24255 -> 0.23417795
  29440   24264 -> 0.23846729
  29440   24164 -> 0.23381676
  29440   23785 -> 0.23571810
  29440   24340 -> 0.23525663
  29440   24483 -> 0.23555753
  29440   24067 -> 0.23409364
  29440   24422 -> 0.23509723
  29440   24130 -> 0.23251325
  29440   24038 -> 0.23365001
  29440   23945 -> 0.23532639
  29440   24305 -> 0.23420855
  29440   24344 -> 0.23623399
  29440   24150 -> 0.23329233
  29440   24203 -> 0.23267345
  29440   24080 -> 0.23312910
  29440   24077 -> 0.23376170
  29440   24261 -> 0.23284546
  29440   24199 -> 0.23457251
  29440   24173 -> 0.23261623
  29440   24308 -> 0.23390037
  29440   24135 -> 0.23281534
  29440   24235 -> 0.23216940
  29440   24278 -> 0.23276469
  29440   24349 -> 0.23242308
  29440   24193 -> 0.23343123
  29440   24244 -> 0.23228650
  29440   24348 -> 0.23357348
  29440   24191 -> 0.23211689
done with simplex after 86 iterations
0 0.23242:-1.14594 -13.37851 -15.28660 -7.90490  0.11623 -1.62656 43.76181 
1 0.23212:-1.07147 -12.88108 -14.88581 -8.36291  0.16484 -1.73559 43.45393 
2 0.23267:-1.32922 -13.05227 -15.10110 -7.96245 -0.36761 -0.63704 43.49951 
3 0.23280:-1.24784 -13.48438 -14.76076 -8.37548  0.22768 -1.04863 43.61534 
4 0.23251:-0.94173 -12.85968 -15.59925 -8.14145  0.21965 -1.35884 43.41402 
5 0.23229:-1.37300 -13.06137 -15.04745 -8.14994  0.22686 -1.50199 43.57300 
6 0.23217:-1.30838 -13.13819 -15.29573 -7.70319  0.32131 -1.30264 43.61703 
7 0.23262:-0.88133 -12.58616 -14.87704 -8.81425  0.04823 -1.73163 43.51662 
after parameter optimization
-center        -0.01973   12.13845   32.34236
-translation   -1.07147  -12.88108  -14.88581
-rotation      -8.36291    0.16484   -1.73559
-scale          0.86908    0.86908    0.86908
-shear          0.00000    0.00000    0.00000
  29440   24191 -> 0.23211689
Initial objective function val = 0.31652874
Final objective function value = 0.23211689

8mm gradient lsq9 fit, target masked: making /var/tmp/mritotal_572619//src_8tmp2a.xfm
[mritotal] [oesteban@dna061:/out/sourcedata/freesurfer/sub-v2s11x28684_ses-1/mri] [2026-03-10 14:36:20] /opt/freesurfer/mni/bin/minctracc -clobber -debug /var/tmp/mritotal_572619//src_8_dxyz.mnc /opt/freesurfer/mni/bin/../share/mni_autoreg/average_305_8_dxyz.mnc /var/tmp/mritotal_572619//src_8tmp2a.xfm -transformation /var/tmp/mritotal_572619//src_8tmp1b.xfm -lsq9 -xcorr -model_mask /opt/freesurfer/mni/bin/../share/mni_autoreg/average_305_8_mask.mnc -center -0.019727 12.138447 32.342361 -step 4 4 4 -tol 0.004 -simplex 2
===== Debugging information from /opt/freesurfer/mni/bin/minctracc =====
Data filename       = /var/tmp/mritotal_572619//src_8_dxyz.mnc
Model filename      = /opt/freesurfer/mni/bin/../share/mni_autoreg/average_305_8_dxyz.mnc
Data mask filename  = 
Model mask filename = /opt/freesurfer/mni/bin/../share/mni_autoreg/average_305_8_mask.mnc
Input xform name    = /var/tmp/mritotal_572619//src_8tmp1b.xfm
Output filename     = /var/tmp/mritotal_572619//src_8tmp2a.xfm
Step size           = 4.000000 4.000000 4.000000
Sub-lattice dia     = 24.000000 24.000000 24.000000
Objective function  = cross correlation (threshold = 0.000000 0.000000)
Transform linear    = TRUE
Transform inverted? = FALSE
Transform type      = 5
Transform matrix    =    0.8687    0.0257    0.0063   -1.5895 
                        -0.0263    0.8595    0.1263  -15.2594 
                        -0.0025   -0.1264    0.8598   -8.8182 
Transform center   =   -0.020   12.138   32.342
Transform rotation   =    0.000    0.000    0.000 

Transform trans    =    0.000    0.000    0.000
Transform scale    =    1.000    1.000    1.000

Center of rot/scale forced: -0.019727 12.138447 32.342361
  using input transformation to get initial parameters:
In set_up_lattice, xyzv[axes] = 2, 1, 0, -1
slice lim 0 43
row lim   0 59
col lim   0 59
thresh =    0.00000    0.00000
In set_up_lattice, xyzv[axes] = 2, 1, 0, -1
  29440   24191 -> 0.23211691
  29440   24191 -> 0.23211691
  29440   24173 -> 0.23799957
  29440   23733 -> 0.23625216
  29440   24255 -> 0.23407680
  29440   24043 -> 0.23125497
  29440   24186 -> 0.23236176
  29440   24175 -> 0.23405871
  29440   24187 -> 0.24560045
  29440   24819 -> 0.23565234
  29440   24177 -> 0.22716539
  29440   24204 -> 0.22917822
  29440   24224 -> 0.24015212
  29440   24188 -> 0.23352423
  29440   24750 -> 0.23065671
  29440   23639 -> 0.23801005
  29440   24526 -> 0.23274702
  29440   24293 -> 0.23026727
  29440   24401 -> 0.22741199
  29440   24422 -> 0.23015460
  29440   24069 -> 0.23044494
  29440   24382 -> 0.22535554
  29440   24490 -> 0.22287127
  29440   24454 -> 0.22512254
  29440   24668 -> 0.22631639
  29440   23956 -> 0.22951186
  29440   24604 -> 0.22455946
  29440   24452 -> 0.22949550
  29440   24313 -> 0.22052927
  29440   24255 -> 0.22125898
  29440   24887 -> 0.22434703
  29440   24472 -> 0.22786896
  29440   24795 -> 0.22328517
  29440   24588 -> 0.22598685
  29440   24699 -> 0.22038762
  29440   24820 -> 0.22344425
  29440   25031 -> 0.22903372
  29440   24387 -> 0.22480941
  29440   24489 -> 0.22250265
  29440   24557 -> 0.22349530
  29440   24713 -> 0.22202808
  29440   24827 -> 0.21902381
  29440   25052 -> 0.22294416
  29440   24661 -> 0.22187379
  29440   24375 -> 0.22054376
  29440   24645 -> 0.21967565
  29440   24371 -> 0.21992667
  29440   24650 -> 0.21682665
  29440   24737 -> 0.21610451
  29440   24705 -> 0.22462688
  29440   24542 -> 0.22033513
  29440   24443 -> 0.21969844
  29440   24428 -> 0.21874245
  29440   24757 -> 0.21767116
  29440   24872 -> 0.21576788
  29440   25139 -> 0.21478087
  29440   24602 -> 0.21517201
  29440   24771 -> 0.22379702
  29440   24602 -> 0.21724921
  29440   25005 -> 0.21453308
  29440   25308 -> 0.21531014
  29440   25060 -> 0.21372592
  29440   25382 -> 0.21263666
  29440   25020 -> 0.21245120
  29440   25229 -> 0.21556208
  29440   24877 -> 0.21245764
  29440   25356 -> 0.21610896
  29440   25192 -> 0.21522510
  29440   25454 -> 0.21798539
  29440   24818 -> 0.21436371
  29440   24579 -> 0.21345751
  29440   25182 -> 0.20874411
  29440   25389 -> 0.20943090
  29440   24727 -> 0.22077647
  29440   25074 -> 0.21241273
  29440   25406 -> 0.21119031
  29440   24925 -> 0.21100236
  29440   25054 -> 0.21067494
  29440   25289 -> 0.21024415
  29440   25676 -> 0.21102314
  29440   24964 -> 0.21125935
  29440   25475 -> 0.21038844
  29440   25429 -> 0.20868184
  29440   25637 -> 0.21212195
  29440   25471 -> 0.20814696
  29440   25674 -> 0.20878305
  29440   25683 -> 0.21185228
  29440   25149 -> 0.20954689
  29440   25182 -> 0.21017008
  29440   24803 -> 0.21074145
  29440   25501 -> 0.21294078
  29440   25080 -> 0.20927703
  29440   25715 -> 0.21131054
  29440   25026 -> 0.20871061
  29440   25445 -> 0.20708457
  29440   25650 -> 0.20751853
  29440   25027 -> 0.21113504
  29440   25362 -> 0.20913666
  29440   25221 -> 0.20736633
  29440   25347 -> 0.20985810
  29440   25301 -> 0.20807815
  29440   25418 -> 0.20914385
  29440   25545 -> 0.20697145
  29440   25772 -> 0.20771959
  29440   25253 -> 0.20919600
  29440   25371 -> 0.20769808
  29440   25301 -> 0.20748913
  29440   25526 -> 0.20841938
  29440   25771 -> 0.20852408
  29440   25452 -> 0.20754972
  29440   25031 -> 0.20892406
  29440   25596 -> 0.20739269
  29440   25312 -> 0.20841034
  29440   25359 -> 0.20718247
  29440   25360 -> 0.20792772
  29440   25511 -> 0.20695558
  29440   25614 -> 0.20752515
  29440   25520 -> 0.20775920
  29440   25469 -> 0.20722139
  29440   25493 -> 0.20664331
  29440   25547 -> 0.20711626
  29440   25426 -> 0.20746188
  29440   25601 -> 0.20686026
  29440   25519 -> 0.20741409
  29440   25496 -> 0.20691849
  29440   25330 -> 0.20740809
  29440   25527 -> 0.20704377
done with simplex after 116 iterations
0 0.20664:-0.97674 -14.14054 -13.50069 -5.81078 -6.42560 -2.74827 40.75162 47.37799 49.88609 
1 0.20697:-1.22666 -14.33376 -13.84260 -5.76102 -7.79736 -2.24364 40.91655 47.48895 50.13021 
2 0.20722:-0.81598 -13.52375 -13.36314 -6.98882 -6.46462 -2.58145 40.91246 47.43719 49.57783 
3 0.20692:-0.80086 -13.92072 -13.78615 -6.36775 -5.77975 -2.56362 40.92329 47.42433 49.18703 
4 0.20737:-0.55153 -13.55601 -13.84275 -6.16037 -6.24377 -2.76699 41.06623 46.83010 49.03976 
5 0.20718:-0.82234 -14.16976 -13.74152 -5.86010 -6.34759 -2.48287 40.80185 46.91023 49.39885 
6 0.20696:-1.00504 -13.95515 -13.56266 -5.71389 -6.79392 -3.43306 40.96183 47.54747 49.33533 
7 0.20708:-0.49814 -13.81441 -14.03016 -6.52179 -5.90197 -3.14688 41.01355 47.33292 50.08721 
8 0.20704:-0.90509 -14.04910 -13.57899 -6.45639 -6.54794 -2.75953 41.07376 47.40271 49.87328 
9 0.20686:-0.64400 -14.21782 -13.53312 -6.19754 -6.73633 -2.57196 41.09092 47.59879 49.37170 
after parameter optimization
-center        -0.01973   12.13845   32.34236
-translation   -0.97674  -14.14054  -13.50069
-rotation      -5.81078   -6.42560   -2.74827
-scale          0.81503    0.94756    0.99772
-shear          0.00000    0.00000    0.00000
  29440   25493 -> 0.20664331
Initial objective function val = 0.23211691
Final objective function value = 0.20664331

checking z-scale: making /var/tmp/mritotal_572619//src_8tmp2b.xfm
[mritotal] [oesteban@dna061:/out/sourcedata/freesurfer/sub-v2s11x28684_ses-1/mri] [2026-03-10 14:36:20] /opt/freesurfer/mni/bin/check_scale /var/tmp/mritotal_572619//src_8tmp2a.xfm /var/tmp/mritotal_572619//src_8tmp2b.xfm

8mm gradient lsq9 fit, target masked: making /var/tmp/mritotal_572619//src_8tmp2c.xfm
[mritotal] [oesteban@dna061:/out/sourcedata/freesurfer/sub-v2s11x28684_ses-1/mri] [2026-03-10 14:36:20] /opt/freesurfer/mni/bin/minctracc -clobber -debug /var/tmp/mritotal_572619//src_8_dxyz.mnc /opt/freesurfer/mni/bin/../share/mni_autoreg/average_305_8_dxyz.mnc /var/tmp/mritotal_572619//src_8tmp2c.xfm -transformation /var/tmp/mritotal_572619//src_8tmp2b.xfm -lsq9 -xcorr -model_mask /opt/freesurfer/mni/bin/../share/mni_autoreg/average_305_8_mask.mnc -center -0.019727 12.138447 32.342361 -step 4 4 4 -tol 0.004 -simplex 2
===== Debugging information from /opt/freesurfer/mni/bin/minctracc =====
Data filename       = /var/tmp/mritotal_572619//src_8_dxyz.mnc
Model filename      = /opt/freesurfer/mni/bin/../share/mni_autoreg/average_305_8_dxyz.mnc
Data mask filename  = 
Model mask filename = /opt/freesurfer/mni/bin/../share/mni_autoreg/average_305_8_mask.mnc
Input xform name    = /var/tmp/mritotal_572619//src_8tmp2b.xfm
Output filename     = /var/tmp/mritotal_572619//src_8tmp2c.xfm
Step size           = 4.000000 4.000000 4.000000
Sub-lattice dia     = 24.000000 24.000000 24.000000
Objective function  = cross correlation (threshold = 0.000000 0.000000)
Transform linear    = TRUE
Transform inverted? = FALSE
Transform type      = 5
Transform matrix    =    0.8090    0.0481   -0.0867    1.2391 
                        -0.0451    0.9411    0.1009  -16.6891 
                         0.1117   -0.1004    0.9864  -11.8389 
Transform center   =   -0.020   12.138   32.342
Transform rotation   =    0.000    0.000    0.000 

Transform trans    =    0.000    0.000    0.000
Transform scale    =    1.000    1.000    1.000

Center of rot/scale forced: -0.019727 12.138447 32.342361
  using input transformation to get initial parameters:
In set_up_lattice, xyzv[axes] = 2, 1, 0, -1
slice lim 0 43
row lim   0 59
col lim   0 59
thresh =    0.00000    0.00000
In set_up_lattice, xyzv[axes] = 2, 1, 0, -1
  29440   25493 -> 0.20664334
  29440   25493 -> 0.20664334
  29440   25466 -> 0.21272002
  29440   25073 -> 0.20738466
  29440   25533 -> 0.20816781
  29440   25353 -> 0.20521735
  29440   25486 -> 0.20676745
  29440   25470 -> 0.20705988
  29440   25494 -> 0.20792113
  29440   26050 -> 0.20651385
  29440   25482 -> 0.20736204
  29440   25515 -> 0.21689467
  29440   25479 -> 0.20785359
  29440   25447 -> 0.20611840
  29440   25473 -> 0.22976860
  29440   25487 -> 0.20819643
  29440   25421 -> 0.20581299
  29440   25415 -> 0.20570460
  29440   25223 -> 0.20604296
  29440   25402 -> 0.20503968
  29440   25421 -> 0.20555405
  29440   25406 -> 0.20549783
  29440   25422 -> 0.20780100
  29440   25701 -> 0.20516987
  29440   25417 -> 0.20581716
  29440   25415 -> 0.21253203
  29440   25418 -> 0.20561184
  29440   25661 -> 0.20491131
  29440   25888 -> 0.20546165
  29440   25518 -> 0.20534576
  29440   25538 -> 0.20478037
  29440   25599 -> 0.20459391
  29440   25584 -> 0.20554781
  29440   25620 -> 0.20611352
  29440   25466 -> 0.20520115
  29440   25627 -> 0.20445007
  29440   25732 -> 0.20538610
  29440   25470 -> 0.20578082
  29440   25554 -> 0.20499270
  29440   25674 -> 0.20455182
  29440   25603 -> 0.20423928
  29440   25641 -> 0.20412657
  29440   25832 -> 0.20543005
  29440   25474 -> 0.20491837
  29440   25723 -> 0.20418254
  29440   25496 -> 0.20419978
  29440   25804 -> 0.20395404
  29440   25987 -> 0.20402031
  29440   25716 -> 0.20374350
  29440   25797 -> 0.20340805
  29440   25855 -> 0.20412590
  29440   25726 -> 0.20379913
  29440   25816 -> 0.20291212
  29440   25916 -> 0.20320041
  29440   25753 -> 0.20337804
  29440   25844 -> 0.20203732
  29440   25944 -> 0.20139574
  29440   26060 -> 0.20383802
  29440   25922 -> 0.20320216
  29440   26062 -> 0.20352335
  29440   25894 -> 0.20220014
  29440   25967 -> 0.20225509
  29440   25681 -> 0.20221469
  29440   26016 -> 0.20276293
  29440   25684 -> 0.20277828
  29440   25928 -> 0.20165040
  29440   25973 -> 0.20237733
  29440   25841 -> 0.20075287
  29440   25799 -> 0.20033960
  29440   25958 -> 0.20129494
  29440   26149 -> 0.20159170
  29440   25827 -> 0.20083721
  29440   25820 -> 0.20075595
  29440   25800 -> 0.19964062
  29440   25709 -> 0.19889368
  29440   26081 -> 0.20128246
  29440   25945 -> 0.19966134
  29440   25905 -> 0.19856752
  29440   25891 -> 0.19768275
  29440   25641 -> 0.19975641
  29440   25777 -> 0.19825235
  29440   25712 -> 0.19901128
  29440   25463 -> 0.19953680
  29440   25669 -> 0.19747540
  29440   25592 -> 0.20047329
  29440   25652 -> 0.19984618
  29440   25646 -> 0.19686519
  29440   25586 -> 0.19698744
  29440   25776 -> 0.19944520
  29440   25841 -> 0.19786422
  29440   25487 -> 0.19813800
  29440   25969 -> 0.19709246
  29440   25737 -> 0.19923633
  29440   25750 -> 0.19705206
  29440   25797 -> 0.19653615
  29440   25852 -> 0.19809672
  29440   25824 -> 0.19766968
  29440   25766 -> 0.19618694
  29440   25767 -> 0.19898593
  29440   26062 -> 0.19911523
  29440   25643 -> 0.19641462
  29440   25708 -> 0.19781253
  29440   25748 -> 0.19622037
  29440   25590 -> 0.19712012
  29440   25639 -> 0.19849063
  29440   25780 -> 0.19627164
  29440   25823 -> 0.19619213
  29440   25907 -> 0.19745561
  29440   25683 -> 0.19579148
  29440   25489 -> 0.19814314
  29440   25855 -> 0.19622223
  29440   25752 -> 0.19488156
  29440   25755 -> 0.19401039
  29440   25876 -> 0.19554143
  29440   25744 -> 0.19677687
  29440   25785 -> 0.19569218
  29440   25919 -> 0.19567852
  29440   25827 -> 0.19458547
  29440   25746 -> 0.19481401
  29440   25858 -> 0.19476800
  29440   25783 -> 0.19501966
  29440   25844 -> 0.19512857
  29440   25957 -> 0.19457309
  29440   25904 -> 0.19330297
  29440   25962 -> 0.19313739
  29440   25756 -> 0.19391027
  29440   25796 -> 0.19340143
  29440   25809 -> 0.19476843
  29440   25881 -> 0.19395350
  29440   25968 -> 0.19299899
  29440   26089 -> 0.19299246
  29440   25942 -> 0.19412978
  29440   25923 -> 0.19253407
  29440   25963 -> 0.19224358
  29440   25992 -> 0.19269858
  29440   25848 -> 0.19131054
  29440   25789 -> 0.19032077
  29440   25830 -> 0.19255009
  29440   26033 -> 0.19157024
  29440   25934 -> 0.19258435
  29440   26102 -> 0.19231263
  29440   26136 -> 0.19274586
  29440   25986 -> 0.19466472
  29440   25975 -> 0.19172013
  29440   25872 -> 0.19178998
  29440   25748 -> 0.19232954
  29440   25843 -> 0.19199552
  29440   25861 -> 0.19248518
  29440   25989 -> 0.19195740
  29440   25981 -> 0.19278674
  29440   25891 -> 0.19152422
  29440   26129 -> 0.19271393
  29440   25844 -> 0.19139895
  29440   25708 -> 0.19139135
  29440   25817 -> 0.19191860
  29440   25920 -> 0.19212727
  29440   25861 -> 0.19128008
  29440   25738 -> 0.19296570
  29440   25929 -> 0.19133876
  29440   25952 -> 0.19232525
  29440   25851 -> 0.19124110
  29440   25883 -> 0.19166997
  29440   25750 -> 0.19063193
  29440   25818 -> 0.19136068
  29440   25626 -> 0.19207391
  29440   25933 -> 0.19130176
  29440   25772 -> 0.19052573
  29440   25800 -> 0.19071449
  29440   25969 -> 0.19248527
  29440   25774 -> 0.19093998
  29440   25841 -> 0.19096306
  29440   25711 -> 0.19128059
  29440   25676 -> 0.19109577
  29440   25871 -> 0.19130614
  29440   25749 -> 0.19082735
  29440   25679 -> 0.19015710
  29440   25591 -> 0.19048901
  29440   25707 -> 0.19095631
  29440   25867 -> 0.19092633
  29440   25681 -> 0.19077511
  29440   25864 -> 0.19136772
  29440   25717 -> 0.19065888
  29440   25722 -> 0.19039206
  29440   25643 -> 0.19072889
  29440   25697 -> 0.19000697
  29440   25668 -> 0.19074737
  29440   25779 -> 0.19066203
  29440   25882 -> 0.19066225
  29440   25714 -> 0.19066976
  29440   25734 -> 0.19020404
done with simplex after 179 iterations
0 0.19063: 0.66646 -18.40705 -14.48580  2.50752  1.55280 -1.44866 41.20954 47.05605 54.22974 
1 0.19032: 0.50954 -18.07664 -14.83687  2.21990  0.53299 -1.30592 41.22327 47.37887 54.08691 
2 0.19053: 0.76353 -18.52085 -14.53523  2.27995  1.00130 -1.25052 41.06117 47.00895 54.13864 
3 0.19016: 0.41467 -18.14073 -14.64668  2.54985  0.67034 -1.21482 41.19764 47.03287 53.86058 
4 0.19039: 0.66385 -18.44344 -14.28479  2.67799  1.75947 -0.58345 41.21678 47.03289 53.71485 
5 0.19001: 0.72566 -18.29424 -14.40089  2.63509  1.60370 -0.74894 41.14741 47.02274 54.27816 
6 0.19066: 0.67328 -18.55398 -14.50610  2.64453  0.68515 -1.52691 41.25657 47.40269 54.08287 
7 0.19020: 0.40896 -18.14771 -14.67220  2.33879  0.50385 -1.23379 41.27605 47.16490 54.13221 
8 0.19066: 0.24493 -18.32798 -14.52141  2.43895  0.60654 -1.25437 41.24563 47.20220 53.91571 
9 0.19066: 0.48037 -18.08681 -14.44239  2.12868  0.62001 -1.23967 41.14022 47.11526 53.89614 
after parameter optimization
-center        -0.01973   12.13845   32.34236
-translation    0.72566  -18.29424  -14.40089
-rotation       2.63509    1.60370   -0.74894
-scale          0.82295    0.94045    1.08556
-shear          0.00000    0.00000    0.00000
  29440   25697 -> 0.19000697
Initial objective function val = 0.20664334
Final objective function value = 0.19000697

final linear fit: 8mm gradient lsq9 fit, target masked: making transforms/talairach.auto.xfm
[mritotal] [oesteban@dna061:/out/sourcedata/freesurfer/sub-v2s11x28684_ses-1/mri] [2026-03-10 14:36:21] /opt/freesurfer/mni/bin/minctracc -clobber -debug /var/tmp/mritotal_572619//src_8_dxyz.mnc /opt/freesurfer/mni/bin/../share/mni_autoreg/average_305_8_dxyz.mnc transforms/talairach.auto.xfm -transformation /var/tmp/mritotal_572619//src_8tmp2c.xfm -lsq9 -xcorr -model_mask /opt/freesurfer/mni/bin/../share/mni_autoreg/average_305_8_mask.mnc -center -0.019727 12.138447 32.342361 -step 4 4 4 -tol 0.004 -simplex 2
===== Debugging information from /opt/freesurfer/mni/bin/minctracc =====
Data filename       = /var/tmp/mritotal_572619//src_8_dxyz.mnc
Model filename      = /opt/freesurfer/mni/bin/../share/mni_autoreg/average_305_8_dxyz.mnc
Data mask filename  = 
Model mask filename = /opt/freesurfer/mni/bin/../share/mni_autoreg/average_305_8_mask.mnc
Input xform name    = /var/tmp/mritotal_572619//src_8tmp2c.xfm
Output filename     = transforms/talairach.auto.xfm
Step size           = 4.000000 4.000000 4.000000
Sub-lattice dia     = 24.000000 24.000000 24.000000
Objective function  = cross correlation (threshold = 0.000000 0.000000)
Transform linear    = TRUE
Transform inverted? = FALSE
Transform type      = 5
Transform matrix    =    0.8226    0.0118    0.0225   -0.1492 
                        -0.0123    0.9394   -0.0436  -16.1491 
                        -0.0304    0.0499    1.0840  -17.7235 
Transform center   =   -0.020   12.138   32.342
Transform rotation   =    0.000    0.000    0.000 

Transform trans    =    0.000    0.000    0.000
Transform scale    =    1.000    1.000    1.000

Center of rot/scale forced: -0.019727 12.138447 32.342361
  using input transformation to get initial parameters:
In set_up_lattice, xyzv[axes] = 2, 1, 0, -1
slice lim 0 43
row lim   0 59
col lim   0 59
thresh =    0.00000    0.00000
In set_up_lattice, xyzv[axes] = 2, 1, 0, -1
  29440   25697 -> 0.19000699
  29440   25697 -> 0.19000699
  29440   25688 -> 0.19826329
  29440   25341 -> 0.19353439
  29440   25680 -> 0.19288111
  29440   25653 -> 0.19080794
  29440   25700 -> 0.19354944
  29440   25703 -> 0.19234084
  29440   25697 -> 0.20080236
  29440   26243 -> 0.19283061
  29440   25707 -> 0.19198774
  29440   25692 -> 0.20992923
  29440   25697 -> 0.19503781
  29440   25698 -> 0.20217584
  29440   25691 -> 0.19247532
  29440   25692 -> 0.19405827
  29440   25694 -> 0.19188778
  29440   25692 -> 0.19426604
  29440   25694 -> 0.19175038
  29440   26215 -> 0.19239450
  29440   25981 -> 0.19301769
  29440   25742 -> 0.19163902
  29440   25330 -> 0.19356664
  29440   26045 -> 0.19241497
  29440   25895 -> 0.19441405
  29440   25738 -> 0.19191664
  29440   25527 -> 0.19117145
  29440   25217 -> 0.19289979
  29440   25994 -> 0.19226074
  29440   25752 -> 0.19224244
  29440   25454 -> 0.19228408
  29440   25823 -> 0.19178468
  29440   25669 -> 0.19220686
  29440   25666 -> 0.19141713
  29440   25670 -> 0.19165605
  29440   25607 -> 0.19104119
  29440   25634 -> 0.19088353
  29440   25508 -> 0.19071403
  29440   25564 -> 0.18903412
  29440   25528 -> 0.19023700
  29440   25561 -> 0.19227958
  29440   25637 -> 0.19079375
  29440   25497 -> 0.18997125
  29440   25525 -> 0.18993522
  29440   25673 -> 0.19227430
  29440   25545 -> 0.19017370
  29440   25540 -> 0.18908456
  29440   25505 -> 0.18977977
  29440   25506 -> 0.19049615
  29440   25452 -> 0.18962146
  29440   25549 -> 0.18878123
  29440   25584 -> 0.18999425
  29440   25618 -> 0.19023384
  29440   25577 -> 0.18960750
  29440   25539 -> 0.18986240
  29440   25341 -> 0.18951920
  29440   25532 -> 0.18861642
  29440   25544 -> 0.18929602
  29440   25508 -> 0.18902613
  29440   25491 -> 0.18872812
  29440   25522 -> 0.18927884
  29440   25618 -> 0.18875228
  29440   25483 -> 0.18754604
  29440   25432 -> 0.18930937
  29440   25694 -> 0.18981616
  29440   25451 -> 0.18821490
  29440   25536 -> 0.18948133
  29440   25525 -> 0.18839402
  29440   25515 -> 0.18923277
  29440   25533 -> 0.18845506
  29440   25464 -> 0.18877749
  29440   25526 -> 0.18873717
  29440   25453 -> 0.18784636
  29440   25557 -> 0.18910459
  29440   25496 -> 0.18830320
  29440   25400 -> 0.18855156
  29440   25456 -> 0.18823332
  29440   25461 -> 0.18857023
  29440   25407 -> 0.18883900
  29440   25505 -> 0.18823949
  29440   25487 -> 0.18877748
  29440   25473 -> 0.18817492
  29440   25596 -> 0.18832056
  29440   25424 -> 0.18723811
  29440   25354 -> 0.18760426
  29440   25420 -> 0.18804064
  29440   25336 -> 0.18796039
  29440   25394 -> 0.18714157
  29440   25341 -> 0.18740407
  29440   25352 -> 0.18750060
  29440   25382 -> 0.18794522
  29440   25370 -> 0.18710457
  29440   25330 -> 0.18938692
  29440   25322 -> 0.18725200
  29440   25358 -> 0.18713324
  29440   25465 -> 0.18855287
  29440   25361 -> 0.18735205
  29440   25412 -> 0.18740034
  29440   25334 -> 0.18768704
  29440   25380 -> 0.18696843
  29440   25260 -> 0.18702644
done with simplex after 90 iterations
0 0.18710: 1.14059 -18.63883 -13.55737  4.98995  0.19909 -0.24273 41.37231 45.88564 53.24379 
1 0.18724: 0.96537 -18.71062 -14.00519  5.11880  0.35846 -0.24439 41.25164 45.99521 53.59591 
2 0.18697: 0.94030 -18.60858 -13.87558  4.74458  0.31717  0.04632 41.25566 45.79081 53.41321 
3 0.18750: 0.99005 -18.55424 -14.06828  5.09374  0.50796  0.15912 41.29099 45.85983 53.35751 
4 0.18703: 0.94540 -18.38519 -13.66895  5.38807  0.27262 -0.10285 41.31368 45.76303 53.40189 
5 0.18714: 0.85632 -18.43542 -13.83041  4.81005  0.52524 -0.11097 41.25800 46.06155 53.32442 
6 0.18740: 0.99144 -18.35953 -13.98246  4.41380  0.33473  0.13887 41.27276 46.06294 53.79961 
7 0.18713: 0.92452 -18.84868 -13.53804  4.89663  0.60117 -0.09847 41.39622 45.67493 53.44347 
8 0.18725: 1.04772 -18.61003 -13.53831  5.24602  0.43286  0.01574 41.21268 45.81100 53.32223 
9 0.18735: 0.92873 -18.58220 -13.86659  4.82719  0.69134 -0.32941 41.28419 45.84364 53.48834 
after parameter optimization
-center        -0.01973   12.13845   32.34236
-translation    0.94030  -18.60858  -13.87558
-rotation       4.74458    0.31717    0.04632
-scale          0.82511    0.91582    1.06826
-shear          0.00000    0.00000    0.00000
  29440   25380 -> 0.18696843
Initial objective function val = 0.19000699
Final objective function value = 0.18696843
lta_convert --src orig_nu.mgz --trg /opt/freesurfer/mni/bin/../share/mni_autoreg/average_305.mnc --inxfm transforms/talairach.auto.xfm --outlta transforms/talairach.auto.xfm.lta --subject fsaverage
7.3.2

--src: orig_nu.mgz src image (geometry).
--trg: /opt/freesurfer/mni/bin/../share/mni_autoreg/average_305.mnc trg image (geometry).
--inmni: transforms/talairach.auto.xfm input MNI/XFM transform.
--outlta: transforms/talairach.auto.xfm.lta output LTA.
--s: fsaverage subject name
 LTA read, type : 1
 0.82510  -0.00029   0.00461   0.79133;
 0.00074   0.91268  -0.07575  -15.09879;
-0.00591   0.08836   1.06459  -17.03714;
 0.00000   0.00000   0.00000   1.00000;
setting subject to fsaverage
Writing  LTA to file transforms/talairach.auto.xfm.lta...
lta_convert successful.
 
 
Tue Mar 10 14:36:22 CET 2026
talairach done
