/out/sourcedata/freesurfer/sub-v2s11x28714_ses-1/mri
/opt/freesurfer/bin/talairach_avi
--i orig_nu.mgz --xfm transforms/talairach.auto.xfm
talairach_avi 7.3.2
Linux dna023 5.14.0-427.37.1.el9_4.x86_64 #1 SMP PREEMPT_DYNAMIC Fri Sep 13 12:41:50 EDT 2024 x86_64 x86_64 x86_64 GNU/Linux
Tue Mar 10 20:59:25 CET 2026
mri_convert orig_nu.mgz talsrcimg.img 
reading from orig_nu.mgz...
TR=0.00, TE=0.00, TI=0.00, flip angle=0.00
i_ras = (-1, 0, 0)
j_ras = (0, 0, -1)
k_ras = (0, 1, 0)
writing to talsrcimg.img...
Analyze Output Matrix
-0.80000   0.00000   0.00000   131.51154;
 0.00000   0.00000   0.80000  -126.98203;
 0.00000  -0.80000   0.00000   149.50600;
 0.00000   0.00000   0.00000   1.00000;
--------------------
INFO: set hdr.hist.orient to -1
mpr2mni305 talsrcimg
Tue Mar 10 20:59:25 CET 2026
/opt/freesurfer/bin/mpr2mni305 talsrcimg
mpr2mni305 7.3.2
target=711-2C_as_mni_average_305

---------------------------------------------------------------------
analyzeto4dfp talsrcimg -O0 -y
---------------------------------------------------------------------

freesurfer ifh2hdr.c
Tue Mar 10 20:59:26 2026
Writing: talsrcimg.4dfp.hdr
freesurfer analyzeto4dfp.c
Reading: talsrcimg.hdr
header size 348 bytes
hdr.dime.datatype	offset=70	value=2
hdr.dime.bitpix		offset=72	value=8
hdr.hist.orient		offset=252	value=-1
dimensionality     4
dimensions       320       320       320         1
Reading: talsrcimg.img
Writing: talsrcimg.4dfp.img
Writing: talsrcimg.4dfp.ifh
ifh2hdr talsrcimg -r0to174
ori=2

---------------------------------------------------------------------
gauss_4dfp talsrcimg 1.1
---------------------------------------------------------------------

freesurfer gauss_4dfp.c
Reading: talsrcimg.4dfp.img
Writing: talsrcimg_g11.4dfp.img
image dimensions 320 320 320 padded to 384 384 384
processing volume 1freesurfer ifh2hdr.c
Tue Mar 10 20:59:42 2026
Writing: talsrcimg_g11.4dfp.hdr

Writing: talsrcimg_g11.4dfp.ifh
including: talsrcimg.4dfp.img.rec in talsrcimg_g11.4dfp.img.rec

---------------------------------------------------------------------
imgreg_4dfp /opt/freesurfer/average/711-2C_as_mni_average_305 none talsrcimg_g11 none talsrcimg_to_711-2C_as_mni_average_305_t4 4355
---------------------------------------------------------------------

freesurfer imgreg_4dfp.c
/opt/freesurfer/average/711-2C_as_mni_average_305.4dfp.img
       256       256       256         1
  1.000000  1.000000  1.000000
orientation T byte_order littleendian
Reading image: /opt/freesurfer/average/711-2C_as_mni_average_305.4dfp.img
dimensions:      256       256       256
mmppix:       1.0000   -1.0000   -1.0000
center:     128.0000 -129.0000 -129.0000
talsrcimg_g11.4dfp.img
       320       320       320         1
  0.800000  0.800000  0.800000
orientation T byte_order littleendian
Reading image: talsrcimg_g11.4dfp.img
dimensions:      320       320       320
mmppix:       0.8000   -0.8000   -0.8000
center:     128.0000 -128.8000 -128.8000
t4_read: open error in t4_sub.f l:  41 t4_file(1:l)talsrcimg_to_711-2C_as_mni_average_305_t4 
t4_read: transform initialized to I4
rotation matrix determinant  1.000000
image alignment mode   4355 decimal     1103 hex
   -7.5000  -45.0000  -45.0000 8418.8594   21.4222
    0.0000  -45.0000  -45.0000 8845.1738   21.5352
    7.5000  -45.0000  -45.0000 8472.1436   21.5280
   -7.5000  -37.5000  -45.0000 8960.8701   21.4665
    0.0000  -37.5000  -45.0000 9410.3213   21.5839
    7.5000  -37.5000  -45.0000 9015.0664   21.5853
   -7.5000  -30.0000  -45.0000 9777.8193   21.6056
    0.0000  -30.0000  -45.000010266.3125   21.7249
    7.5000  -30.0000  -45.0000 9827.2529   21.7367
   -7.5000  -22.5000  -45.000010552.4375   21.6940
    0.0000  -22.5000  -45.000011112.6836   21.8114
    7.5000  -22.5000  -45.000010594.8271   21.8252
   -7.5000  -15.0000  -45.000011335.3809   21.6544
    0.0000  -15.0000  -45.000011946.5879   21.7674
    7.5000  -15.0000  -45.000011370.3770   21.7720
   -7.5000   -7.5000  -45.000012148.6172   21.5183
    0.0000   -7.5000  -45.000012818.9150   21.6286
    7.5000   -7.5000  -45.000012191.6084   21.6225
   -7.5000    0.0000  -45.000012772.3496   21.4222
    0.0000    0.0000  -45.000013495.7090   21.5352
    7.5000    0.0000  -45.000012816.3281   21.5280
   -7.5000    7.5000  -45.000012259.3291   21.4665
    0.0000    7.5000  -45.000012959.6816   21.5839
    7.5000    7.5000  -45.000012294.5117   21.5853
   -7.5000   15.0000  -45.000011640.6748   21.6056
    0.0000   15.0000  -45.000012316.6357   21.7249
    7.5000   15.0000  -45.000011674.6348   21.7367
   -7.5000   22.5000  -45.000010838.8652   21.6910
    0.0000   22.5000  -45.000011471.3154   21.8084
    7.5000   22.5000  -45.000010861.9678   21.8222
   -7.5000   30.0000  -45.000010010.6094   21.3658
    0.0000   30.0000  -45.000010589.5986   21.4773
    7.5000   30.0000  -45.000010037.5176   21.4818
   -7.5000   37.5000  -45.0000 9580.0879   21.2316
    0.0000   37.5000  -45.000010126.6904   21.3404
    7.5000   37.5000  -45.0000 9615.3525   21.3343
   -7.5000   45.0000  -45.0000 8787.2236   20.6001
    0.0000   45.0000  -45.0000 9278.8936   20.7087
    7.5000   45.0000  -45.0000 8814.3311   20.7018
   -7.5000  -45.0000  -37.5000 8613.9561   21.1610
    0.0000  -45.0000  -37.5000 9054.1338   21.2709
    7.5000  -45.0000  -37.5000 8656.0537   21.2525
   -7.5000  -37.5000  -37.5000 9167.1504   21.2099
    0.0000  -37.5000  -37.5000 9635.1348   21.3254
    7.5000  -37.5000  -37.5000 9205.1875   21.3169
   -7.5000  -30.0000  -37.500010013.0488   21.3447
    0.0000  -30.0000  -37.500010514.6016   21.4636
    7.5000  -30.0000  -37.500010037.2500   21.4690
   -7.5000  -22.5000  -37.500010828.9814   21.4243
    0.0000  -22.5000  -37.500011402.8896   21.5421
    7.5000  -22.5000  -37.500010845.5762   21.5514
   -7.5000  -15.0000  -37.500011617.7480   21.3809
    0.0000  -15.0000  -37.500012259.1875   21.4927
    7.5000  -15.0000  -37.500011633.7803   21.4917
   -7.5000   -7.5000  -37.500012425.7520   21.2488
    0.0000   -7.5000  -37.500013123.1816   21.3564
    7.5000   -7.5000  -37.500012448.0557   21.3413
   -7.5000    0.0000  -37.500013038.9346   21.1610
    0.0000    0.0000  -37.500013788.0117   21.2709
    7.5000    0.0000  -37.500013065.0586   21.2525
   -7.5000    7.5000  -37.500012513.3770   21.2099
    0.0000    7.5000  -37.500013241.8018   21.3254
    7.5000    7.5000  -37.500012532.0293   21.3169
   -7.5000   15.0000  -37.500011868.9209   21.3447
    0.0000   15.0000  -37.500012587.8984   21.4636
    7.5000   15.0000  -37.500011887.6816   21.4690
   -7.5000   22.5000  -37.500011066.0869   21.4214
    0.0000   22.5000  -37.500011744.9707   21.5391
    7.5000   22.5000  -37.500011081.2051   21.5485
   -7.5000   30.0000  -37.500010222.9893   21.0960
    0.0000   30.0000  -37.500010850.2832   21.2062
    7.5000   30.0000  -37.500010253.1719   21.2053
   -7.5000   37.5000  -37.5000 9770.8984   20.9656
    0.0000   37.5000  -37.500010354.7549   21.0718
    7.5000   37.5000  -37.5000 9817.6816   21.0569
   -7.5000   45.0000  -37.5000 8966.2734   20.3488
    0.0000   45.0000  -37.5000 9481.8320   20.4545
    7.5000   45.0000  -37.5000 8998.6787   20.4368
   -7.5000  -45.0000  -30.0000 9235.3096   21.6072
    0.0000  -45.0000  -30.0000 9702.9434   21.7236
    7.5000  -45.0000  -30.0000 9268.6602   21.6973
   -7.5000  -37.5000  -30.0000 9824.6035   21.6609
    0.0000  -37.5000  -30.000010323.8135   21.7829
    7.5000  -37.5000  -30.0000 9855.6094   21.7660
   -7.5000  -30.0000  -30.000010741.9678   21.8042
    0.0000  -30.0000  -30.000011269.7188   21.9310
    7.5000  -30.0000  -30.000010758.0674   21.9295
   -7.5000  -22.5000  -30.000011644.0605   21.8887
    0.0000  -22.5000  -30.000012244.7100   22.0151
    7.5000  -22.5000  -30.000011660.3115   22.0195
   -7.5000  -15.0000  -30.000012489.3301   21.8414
    0.0000  -15.0000  -30.000013174.9219   21.9614
    7.5000  -15.0000  -30.000012503.9443   21.9561
   -7.5000   -7.5000  -30.000013346.7217   21.6997
    0.0000   -7.5000  -30.000014095.3096   21.8145
    7.5000   -7.5000  -30.000013355.0439   21.7938
   -7.5000    0.0000  -30.000013973.1270   21.6072
    0.0000    0.0000  -30.000014769.2529   21.7236
    7.5000    0.0000  -30.000013976.8682   21.6973
   -7.5000    7.5000  -30.000013418.2412   21.6609
    0.0000    7.5000  -30.000014190.5674   21.7829
    7.5000    7.5000  -30.000013419.7607   21.7660
   -7.5000   15.0000  -30.000012723.2646   21.8042
    0.0000   15.0000  -30.000013491.4785   21.9310
    7.5000   15.0000  -30.000012748.5713   21.9295
   -7.5000   22.5000  -30.000011882.3096   21.8835
    0.0000   22.5000  -30.000012595.7168   22.0098
    7.5000   22.5000  -30.000011903.4365   22.0142
   -7.5000   30.0000  -30.000010968.5879   21.5524
    0.0000   30.0000  -30.000011630.9424   21.6708
    7.5000   30.0000  -30.000010998.5947   21.6655
   -7.5000   37.5000  -30.000010446.0771   21.4126
    0.0000   37.5000  -30.000011078.7656   21.5258
    7.5000   37.5000  -30.000010498.0186   21.5055
   -7.5000   45.0000  -30.0000 9551.2227   20.7932
    0.0000   45.0000  -30.000010116.3799   20.9052
    7.5000   45.0000  -30.0000 9598.5977   20.8799
   -7.5000  -45.0000  -22.5000 9841.9609   21.9074
    0.0000  -45.0000  -22.500010328.8926   22.0282
    7.5000  -45.0000  -22.5000 9870.0410   22.0051
   -7.5000  -37.5000  -22.500010467.5254   21.9638
    0.0000  -37.5000  -22.500010978.3594   22.0891
    7.5000  -37.5000  -22.500010492.3984   22.0733
   -7.5000  -30.0000  -22.500011453.3066   22.1174
    0.0000  -30.0000  -22.500012009.4639   22.2471
    7.5000  -30.0000  -22.500011480.4980   22.2445
   -7.5000  -22.5000  -22.500012438.8584   22.2104
    0.0000  -22.5000  -22.500013077.7764   22.3403
    7.5000  -22.5000  -22.500012461.4238   22.3432
   -7.5000  -15.0000  -22.500013348.2227   22.1607
    0.0000  -15.0000  -22.500014064.1689   22.2856
    7.5000  -15.0000  -22.500013344.4248   22.2806
   -7.5000   -7.5000  -22.500014264.9346   22.0074
    0.0000   -7.5000  -22.500015039.3613   22.1278
    7.5000   -7.5000  -22.500014234.5693   22.1100
   -7.5000    0.0000  -22.500014931.5234   21.9074
    0.0000    0.0000  -22.500015752.7402   22.0282
    7.5000    0.0000  -22.500014896.3076   22.0051
   -7.5000    7.5000  -22.500014326.8828   21.9638
    0.0000    7.5000  -22.500015133.2295   22.0891
    7.5000    7.5000  -22.500014318.3428   22.0733
   -7.5000   15.0000  -22.500013584.8701   22.1174
    0.0000   15.0000  -22.500014366.8916   22.2471
    7.5000   15.0000  -22.500013612.2979   22.2445
   -7.5000   22.5000  -22.500012694.5527   22.2036
    0.0000   22.5000  -22.500013443.8193   22.3334
    7.5000   22.5000  -22.500012726.7070   22.3363
   -7.5000   30.0000  -22.500011713.4316   21.8708
    0.0000   30.0000  -22.500012409.7256   21.9941
    7.5000   30.0000  -22.500011751.0469   21.9891
   -7.5000   37.5000  -22.500011134.2500   21.7196
    0.0000   37.5000  -22.500011799.6592   21.8384
    7.5000   37.5000  -22.500011172.3633   21.8208
   -7.5000   45.0000  -22.500010155.7959   21.0979
    0.0000   45.0000  -22.500010765.4453   21.2143
    7.5000   45.0000  -22.500010202.5029   21.1921
   -7.5000  -45.0000  -15.000010419.3359   21.9954
    0.0000  -45.0000  -15.000010929.2676   22.1178
    7.5000  -45.0000  -15.000010458.1328   22.1031
   -7.5000  -37.5000  -15.000011108.4082   22.0510
    0.0000  -37.5000  -15.000011635.0098   22.1768
    7.5000  -37.5000  -15.000011141.2539   22.1683
   -7.5000  -30.0000  -15.000012166.5352   22.2091
    0.0000  -30.0000  -15.000012748.1484   22.3378
    7.5000  -30.0000  -15.000012196.2627   22.3389
   -7.5000  -22.5000  -15.000013229.1123   22.3079
    0.0000  -22.5000  -15.000013887.4219   22.4361
    7.5000  -22.5000  -15.000013238.3135   22.4404
   -7.5000  -15.0000  -15.000014190.0977   22.2593
    0.0000  -15.0000  -15.000014910.8691   22.3839
    7.5000  -15.0000  -15.000014148.7178   22.3814
   -7.5000   -7.5000  -15.000015171.0781   22.1010
    0.0000   -7.5000  -15.000015956.6953   22.2226
    7.5000   -7.5000  -15.000015099.0752   22.2107
   -7.5000    0.0000  -15.000015898.9824   21.9954
    0.0000    0.0000  -15.000016720.2832   22.1178
    7.5000    0.0000  -15.000015829.1865   22.1031
   -7.5000    7.5000  -15.000015256.3750   22.0510
    0.0000    7.5000  -15.000016066.0049   22.1768
    7.5000    7.5000  -15.000015224.8105   22.1683
   -7.5000   15.0000  -15.000014447.0068   22.2091
    0.0000   15.0000  -15.000015231.1113   22.3378
    7.5000   15.0000  -15.000014460.7666   22.3389
   -7.5000   22.5000  -15.000013491.7510   22.3000
    0.0000   22.5000  -15.000014267.6484   22.4281
    7.5000   22.5000  -15.000013513.5928   22.4324
   -7.5000   30.0000  -15.000012468.2266   21.9712
    0.0000   30.0000  -15.000013196.6816   22.0942
    7.5000   30.0000  -15.000012494.7676   22.0917
   -7.5000   37.5000  -15.000011861.6230   21.8150
    0.0000   37.5000  -15.000012562.5566   21.9350
    7.5000   37.5000  -15.000011880.6367   21.9233
   -7.5000   45.0000  -15.000010801.6689   21.1954
    0.0000   45.0000  -15.000011439.3574   21.3134
    7.5000   45.0000  -15.000010839.9873   21.2992
   -7.5000  -45.0000   -7.500011003.1396   21.8966
    0.0000  -45.0000   -7.500011528.8965   22.0167
    7.5000  -45.0000   -7.500011043.0322   22.0043
   -7.5000  -37.5000   -7.500011796.4736   21.9502
    0.0000  -37.5000   -7.500012352.3926   22.0737
    7.5000  -37.5000   -7.500011830.5029   22.0679
   -7.5000  -30.0000   -7.500012956.3887   22.1051
    0.0000  -30.0000   -7.500013577.3623   22.2303
    7.5000  -30.0000   -7.500012983.3975   22.2325
   -7.5000  -22.5000   -7.500014064.5059   22.2019
    0.0000  -22.5000   -7.500014756.7305   22.3257
    7.5000  -22.5000   -7.500014036.3984   22.3295
   -7.5000  -15.0000   -7.500015084.7969   22.1553
    0.0000  -15.0000   -7.500015784.4648   22.2759
    7.5000  -15.0000   -7.500014965.1484   22.2727
   -7.5000   -7.5000   -7.500016155.9521   22.0010
    0.0000   -7.5000   -7.500016894.6973   22.1194
    7.5000   -7.5000   -7.500016021.9814   22.1080
   -7.5000    0.0000   -7.500016948.9902   21.8966
    0.0000    0.0000   -7.500017763.4473   22.0167
    7.5000    0.0000   -7.500016861.1934   22.0043
   -7.5000    7.5000   -7.500016288.1367   21.9502
    0.0000    7.5000   -7.500017065.3555   22.0737
    7.5000    7.5000   -7.500016236.5049   22.0679
   -7.5000   15.0000   -7.500015438.6426   22.1051
    0.0000   15.0000   -7.500016202.2041   22.2303
    7.5000   15.0000   -7.500015399.0430   22.2325
   -7.5000   22.5000   -7.500014426.9697   22.1916
    0.0000   22.5000   -7.500015193.6982   22.3154
    7.5000   22.5000   -7.500014397.6064   22.3192
   -7.5000   30.0000   -7.500013349.1328   21.8680
    0.0000   30.0000   -7.500014102.3135   21.9870
    7.5000   30.0000   -7.500013334.4736   21.9838
   -7.5000   37.5000   -7.500012719.0059   21.7157
    0.0000   37.5000   -7.500013441.9307   21.8326
    7.5000   37.5000   -7.500012703.6543   21.8213
   -7.5000   45.0000   -7.500011548.8135   21.1043
    0.0000   45.0000   -7.500012218.8662   21.2200
    7.5000   45.0000   -7.500011556.0361   21.2080
   -7.5000  -45.0000    0.000011521.8359   21.6698
    0.0000  -45.0000    0.000012109.0371   21.7871
    7.5000  -45.0000    0.000011540.6709   21.7687
   -7.5000  -37.5000    0.000012427.7363   21.7240
    0.0000  -37.5000    0.000013062.9834   21.8453
    7.5000  -37.5000    0.000012458.6445   21.8348
   -7.5000  -30.0000    0.000013783.2900   21.8735
    0.0000  -30.0000    0.000014545.0723   21.9968
    7.5000  -30.0000    0.000013794.4805   21.9962
   -7.5000  -22.5000    0.000015006.0107   21.9635
    0.0000  -22.5000    0.000015796.9502   22.0855
    7.5000  -22.5000    0.000014898.8271   22.0871
   -7.5000  -15.0000    0.000016104.2559   21.9167
    0.0000  -15.0000    0.000016742.1016   22.0348
    7.5000  -15.0000    0.000015862.1084   22.0280
   -7.5000   -7.5000    0.000017227.4316   21.7686
    0.0000   -7.5000    0.000017897.1582   21.8839
    7.5000   -7.5000    0.000017002.0195   21.8669
   -7.5000    0.0000    0.000018076.5137   21.6698
    0.0000    0.0000    0.000018844.9531   21.7871
    7.5000    0.0000    0.000017922.4844   21.7687
   -7.5000    7.5000    0.000017403.2422   21.7240
    0.0000    7.5000    0.000018200.7656   21.8453
    7.5000    7.5000    0.000017285.1758   21.8348
   -7.5000   15.0000    0.000016494.6719   21.8735
    0.0000   15.0000    0.000017317.6680   21.9968
    7.5000   15.0000    0.000016377.7334   21.9962
   -7.5000   22.5000    0.000015418.3174   21.9534
    0.0000   22.5000    0.000016255.8604   22.0753
    7.5000   22.5000    0.000015306.7051   22.0770
   -7.5000   30.0000    0.000014269.5430   21.6330
    0.0000   30.0000    0.000015087.5557   21.7496
    7.5000   30.0000    0.000014172.6514   21.7429
   -7.5000   37.5000    0.000013582.8604   21.4869
    0.0000   37.5000    0.000014368.3965   21.6007
    7.5000   37.5000    0.000013507.6426   21.5839
   -7.5000   45.0000    0.000012310.6670   20.8872
    0.0000   45.0000    0.000013045.0615   21.0003
    7.5000   45.0000    0.000012267.0195   20.9825
   -7.5000  -45.0000    7.500011148.5400   22.0658
    0.0000  -45.0000    7.500011716.1279   22.1848
    7.5000  -45.0000    7.500011169.6201   22.1582
   -7.5000  -37.5000    7.500012086.2695   22.1236
    0.0000  -37.5000    7.500012759.5195   22.2480
    7.5000  -37.5000    7.500012115.0088   22.2310
   -7.5000  -30.0000    7.500013642.4326   22.2724
    0.0000  -30.0000    7.500014613.5371   22.4003
    7.5000  -30.0000    7.500013622.8623   22.3967
   -7.5000  -22.5000    7.500015154.5781   22.3583
    0.0000  -22.5000    7.500016173.5459   22.4852
    7.5000  -22.5000    7.500014959.2344   22.4858
   -7.5000  -15.0000    7.500016269.4521   22.3087
    0.0000  -15.0000    7.500016977.2734   22.4297
    7.5000  -15.0000    7.500015941.7656   22.4205
   -7.5000   -7.5000    7.500017235.2969   22.1610
    0.0000   -7.5000    7.500017913.2812   22.2779
    7.5000   -7.5000    7.500016947.9219   22.2549
   -7.5000    0.0000    7.500018013.0312   22.0658
    0.0000    0.0000    7.500018851.8359   22.1848
    7.5000    0.0000    7.500017794.5684   22.1582
   -7.5000    7.5000    7.500017302.0430   22.1236
    0.0000    7.5000    7.500018201.6758   22.2480
    7.5000    7.5000    7.500017110.3203   22.2310
   -7.5000   15.0000    7.500016350.0957   22.2724
    0.0000   15.0000    7.500017254.5684   22.4003
    7.5000   15.0000    7.500016173.8545   22.3967
   -7.5000   22.5000    7.500015258.2686   22.3480
    0.0000   22.5000    7.500016146.2402   22.4748
    7.5000   22.5000    7.500015098.0781   22.4754
   -7.5000   30.0000    7.500014090.7031   22.0199
    0.0000   30.0000    7.500014943.5059   22.1394
    7.5000   30.0000    7.500013963.2285   22.1303
   -7.5000   37.5000    7.500013393.8916   21.8742
    0.0000   37.5000    7.500014210.9873   21.9896
    7.5000   37.5000    7.500013297.6035   21.9669
   -7.5000   45.0000    7.500012145.3613   21.2689
    0.0000   45.0000    7.500012887.2793   21.3836
    7.5000   45.0000    7.500012087.2500   21.3580
   -7.5000  -45.0000   15.000010675.4355   22.4391
    0.0000  -45.0000   15.000011220.2275   22.5609
    7.5000  -45.0000   15.000010692.5176   22.5299
   -7.5000  -37.5000   15.000011593.2754   22.4998
    0.0000  -37.5000   15.000012281.6826   22.6273
    7.5000  -37.5000   15.000011581.4688   22.6054
   -7.5000  -30.0000   15.000013173.8613   22.6513
    0.0000  -30.0000   15.000014291.3584   22.7837
    7.5000  -30.0000   15.000013106.4971   22.7770
   -7.5000  -22.5000   15.000014717.9287   22.7384
    0.0000  -22.5000   15.000015849.8613   22.8703
    7.5000  -22.5000   15.000014597.6777   22.8696
   -7.5000  -15.0000   15.000015673.8633   22.6864
    0.0000  -15.0000   15.000016563.8672   22.8118
    7.5000  -15.0000   15.000015591.0146   22.8017
   -7.5000   -7.5000   15.000016549.1641   22.5349
    0.0000   -7.5000   15.000017402.2461   22.6551
    7.5000   -7.5000   15.000016446.9941   22.6298
   -7.5000    0.0000   15.000017311.7520   22.4391
    0.0000    0.0000   15.000018276.4766   22.5609
    7.5000    0.0000   15.000017161.8652   22.5299
   -7.5000    7.5000   15.000016642.4863   22.4998
    0.0000    7.5000   15.000017602.3496   22.6273
    7.5000    7.5000   15.000016488.5234   22.6054
   -7.5000   15.0000   15.000015721.2051   22.6513
    0.0000   15.0000   15.000016627.6270   22.7837
    7.5000   15.0000   15.000015581.5674   22.7770
   -7.5000   22.5000   15.000014677.4111   22.7280
    0.0000   22.5000   15.000015542.3516   22.8598
    7.5000   22.5000   15.000014563.0225   22.8591
   -7.5000   30.0000   15.000013588.2178   22.3928
    0.0000   30.0000   15.000014437.5449   22.5166
    7.5000   30.0000   15.000013475.3867   22.5066
   -7.5000   37.5000   15.000012959.3867   22.2433
    0.0000   37.5000   15.000013771.5020   22.3619
    7.5000   37.5000   15.000012868.8428   22.3369
   -7.5000   45.0000   15.000011782.0381   21.6287
    0.0000   45.0000   15.000012527.5625   21.7462
    7.5000   45.0000   15.000011728.0967   21.7163
   -7.5000  -45.0000   22.500010167.3428   22.7757
    0.0000  -45.0000   22.500010722.7334   22.8984
    7.5000  -45.0000   22.500010160.2080   22.8734
   -7.5000  -37.5000   22.500011039.8906   22.8370
    0.0000  -37.5000   22.500011733.6602   22.9645
    7.5000  -37.5000   22.500011002.5938   22.9470
   -7.5000  -30.0000   22.500012415.2188   22.9923
    0.0000  -30.0000   22.500013344.0869   23.1245
    7.5000  -30.0000   22.500012395.3613   23.1205
   -7.5000  -22.5000   22.500013528.0146   23.0839
    0.0000  -22.5000   22.500014473.5625   23.2161
    7.5000  -22.5000   22.500013603.3525   23.2177
   -7.5000  -15.0000   22.500014411.1025   23.0313
    0.0000  -15.0000   22.500015301.5723   23.1582
    7.5000  -15.0000   22.500014517.6104   23.1516
   -7.5000   -7.5000   22.500015445.1396   22.8745
    0.0000   -7.5000   22.500016405.3438   22.9966
    7.5000   -7.5000   22.500015488.7412   22.9770
   -7.5000    0.0000   22.500016278.7344   22.7757
    0.0000    0.0000   22.500017312.0547   22.8984
    7.5000    0.0000   22.500016236.3975   22.8734
   -7.5000    7.5000   22.500015700.8213   22.8370
    0.0000    7.5000   22.500016650.1973   22.9645
    7.5000    7.5000   22.500015622.6182   22.9470
   -7.5000   15.0000   22.500014861.7432   22.9923
    0.0000   15.0000   22.500015740.5215   23.1245
    7.5000   15.0000   22.500014789.3643   23.1205
   -7.5000   22.5000   22.500013909.8564   23.0733
    0.0000   22.5000   22.500014743.7041   23.2054
    7.5000   22.5000   22.500013839.3262   23.2070
   -7.5000   30.0000   22.500012906.4492   22.7332
    0.0000   30.0000   22.500013688.0469   22.8584
    7.5000   30.0000   22.500012835.9551   22.8520
   -7.5000   37.5000   22.500012316.2861   22.5785
    0.0000   37.5000   22.500013058.5664   22.6990
    7.5000   37.5000   22.500012268.8105   22.6796
   -7.5000   45.0000   22.500011234.0117   21.9532
    0.0000   45.0000   22.500011893.3096   22.0715
    7.5000   45.0000   22.500011188.1729   22.0474
   -7.5000  -45.0000   30.0000 9607.2188   23.2791
    0.0000  -45.0000   30.000010132.2002   23.4028
    7.5000  -45.0000   30.0000 9611.0801   23.3886
   -7.5000  -37.5000   30.000010399.2207   23.3400
    0.0000  -37.5000   30.000011017.0098   23.4675
    7.5000  -37.5000   30.000010403.0430   23.4602
   -7.5000  -30.0000   30.000011520.6670   23.4987
    0.0000  -30.0000   30.000012232.0693   23.6293
    7.5000  -30.0000   30.000011580.2461   23.6323
   -7.5000  -22.5000   30.000012451.7607   23.5945
    0.0000  -22.5000   30.000013122.3076   23.7241
    7.5000  -22.5000   30.000012561.6289   23.7306
   -7.5000  -15.0000   30.000013366.7207   23.5422
    0.0000  -15.0000   30.000014047.8281   23.6679
    7.5000  -15.0000   30.000013446.6748   23.6668
   -7.5000   -7.5000   30.000014421.7344   23.3816
    0.0000   -7.5000   30.000015191.6152   23.5041
    7.5000   -7.5000   30.000014441.6553   23.4929
   -7.5000    0.0000   30.000015245.3750   23.2791
    0.0000    0.0000   30.000016056.0293   23.4028
    7.5000    0.0000   30.000015233.8252   23.3886
   -7.5000    7.5000   30.000014720.7793   23.3400
    0.0000    7.5000   30.000015493.1807   23.4675
    7.5000    7.5000   30.000014696.4014   23.4602
   -7.5000   15.0000   30.000013958.8457   23.4987
    0.0000   15.0000   30.000014702.8750   23.6293
    7.5000   15.0000   30.000013920.5479   23.6323
   -7.5000   22.5000   30.000013080.6494   23.5836
    0.0000   22.5000   30.000013801.9336   23.7132
    7.5000   22.5000   30.000013030.4229   23.7196
   -7.5000   30.0000   30.000012127.0518   23.2375
    0.0000   30.0000   30.000012810.5488   23.3616
    7.5000   30.0000   30.000012086.8271   23.3605
   -7.5000   37.5000   30.000011561.9883   23.0790
    0.0000   37.5000   30.000012189.3945   23.2000
    7.5000   37.5000   30.000011542.2754   23.1889
   -7.5000   45.0000   30.000010577.6689   22.4384
    0.0000   45.0000   30.000011134.5332   22.5576
    7.5000   45.0000   30.000010569.1240   22.5440
   -7.5000  -45.0000   37.5000 9549.0830   23.7530
    0.0000  -45.0000   37.500010032.5859   23.8760
    7.5000  -45.0000   37.5000 9562.8428   23.8638
   -7.5000  -37.5000   37.500010275.1465   23.8152
    0.0000  -37.5000   37.500010810.6846   23.9420
    7.5000  -37.5000   37.500010317.5059   23.9375
   -7.5000  -30.0000   37.500011282.2939   23.9728
    0.0000  -30.0000   37.500011842.0635   24.1013
    7.5000  -30.0000   37.500011361.7627   24.1062
   -7.5000  -22.5000   37.500012190.9121   24.0647
    0.0000  -22.5000   37.500012737.5742   24.1918
    7.5000  -22.5000   37.500012253.6084   24.1988
   -7.5000  -15.0000   37.500013155.2754   24.0110
    0.0000  -15.0000   37.500013770.2490   24.1346
    7.5000  -15.0000   37.500013180.1035   24.1335
   -7.5000   -7.5000   37.500014222.3379   23.8526
    0.0000   -7.5000   37.500014898.0215   23.9738
    7.5000   -7.5000   37.500014217.6758   23.9630
   -7.5000    0.0000   37.500015014.4463   23.7530
    0.0000    0.0000   37.500015724.5400   23.8760
    7.5000    0.0000   37.500014990.4512   23.8638
   -7.5000    7.5000   37.500014526.7627   23.8152
    0.0000    7.5000   37.500015223.4492   23.9420
    7.5000    7.5000   37.500014494.2168   23.9375
   -7.5000   15.0000   37.500013782.7969   23.9728
    0.0000   15.0000   37.500014465.7607   24.1013
    7.5000   15.0000   37.500013732.9219   24.1062
   -7.5000   22.5000   37.500012913.1074   24.0536
    0.0000   22.5000   37.500013571.3457   24.1807
    7.5000   22.5000   37.500012868.2275   24.1877
   -7.5000   30.0000   37.500011959.5879   23.7003
    0.0000   30.0000   37.500012557.0186   23.8222
    7.5000   30.0000   37.500011929.7314   23.8212
   -7.5000   37.5000   37.500011401.2314   23.5439
    0.0000   37.5000   37.500011959.3916   23.6635
    7.5000   37.5000   37.500011367.1992   23.6528
   -7.5000   45.0000   37.500010421.8018   22.8952
    0.0000   45.0000   37.500010940.0449   23.0137
    7.5000   45.0000   37.500010418.6602   23.0019
   -7.5000  -45.0000   45.0000 9031.0596   24.4460
    0.0000  -45.0000   45.0000 9468.6738   24.5695
    7.5000  -45.0000   45.0000 9054.0977   24.5493
   -7.5000  -37.5000   45.0000 9686.0430   24.5135
    0.0000  -37.5000   45.000010157.4434   24.6421
    7.5000  -37.5000   45.0000 9735.8994   24.6318
   -7.5000  -30.0000   45.000010589.3955   24.6695
    0.0000  -30.0000   45.000011069.7979   24.8004
    7.5000  -30.0000   45.000010637.2695   24.8028
   -7.5000  -22.5000   45.000011455.3174   24.7532
    0.0000  -22.5000   45.000011969.7246   24.8824
    7.5000  -22.5000   45.000011474.4336   24.8880
   -7.5000  -15.0000   45.000012405.0498   24.6953
    0.0000  -15.0000   45.000012980.1279   24.8195
    7.5000  -15.0000   45.000012398.8330   24.8147
   -7.5000   -7.5000   45.000013374.7285   24.5397
    0.0000   -7.5000   45.000014003.2734   24.6607
    7.5000   -7.5000   45.000013362.1436   24.6425
   -7.5000    0.0000   45.000014108.4307   24.4460
    0.0000    0.0000   45.000014765.9092   24.5695
    7.5000    0.0000   45.000014094.4512   24.5493
   -7.5000    7.5000   45.000013655.4365   24.5135
    0.0000    7.5000   45.000014309.8818   24.6421
    7.5000    7.5000   45.000013627.7676   24.6318
   -7.5000   15.0000   45.000012945.9697   24.6695
    0.0000   15.0000   45.000013575.3594   24.8004
    7.5000   15.0000   45.000012917.6670   24.8028
   -7.5000   22.5000   45.000012141.3604   24.7417
    0.0000   22.5000   45.000012731.2109   24.8708
    7.5000   22.5000   45.000012108.2695   24.8765
   -7.5000   30.0000   45.000011232.3320   24.3736
    0.0000   30.0000   45.000011773.0830   24.4961
    7.5000   30.0000   45.000011198.3281   24.4914
   -7.5000   37.5000   45.000010711.8613   24.2201
    0.0000   37.5000   45.000011236.6729   24.3394
    7.5000   37.5000   45.000010681.7129   24.3215
   -7.5000   45.0000   45.0000 9826.3096   23.5738
    0.0000   45.0000   45.000010312.3867   23.6929
    7.5000   45.0000   45.0000 9820.7275   23.6734

---------------------------------------------------------------------
imgreg_4dfp /opt/freesurfer/average/711-2C_as_mni_average_305 /opt/freesurfer/average/711-2B_as_mni_average_305_mask talsrcimg_g11 none talsrcimg_to_711-2C_as_mni_average_305_t4 4355
---------------------------------------------------------------------

freesurfer imgreg_4dfp.c
/opt/freesurfer/average/711-2C_as_mni_average_305.4dfp.img
       256       256       256         1
  1.000000  1.000000  1.000000
orientation T byte_order littleendian
Reading image: /opt/freesurfer/average/711-2C_as_mni_average_305.4dfp.img
dimensions:      256       256       256
mmppix:       1.0000   -1.0000   -1.0000
center:     128.0000 -129.0000 -129.0000
/opt/freesurfer/average/711-2B_as_mni_average_305_mask.4dfp.img
       256       256       256         1
  1.000000  1.000000  1.000000
orientation T byte_order littleendian
Reading mask: /opt/freesurfer/average/711-2B_as_mni_average_305_mask.4dfp.img (2306576 pixels)
talsrcimg_g11.4dfp.img
       320       320       320         1
  0.800000  0.800000  0.800000
orientation T byte_order littleendian
Reading image: talsrcimg_g11.4dfp.img
dimensions:      320       320       320
mmppix:       0.8000   -0.8000   -0.8000
center:     128.0000 -128.8000 -128.8000
rotation matrix determinant  1.000000
image alignment mode   4355 decimal     1103 hex
   -7.5000  -45.0000  -37.5000 2466.8271   30.1499
    0.0000  -45.0000  -37.5000 2475.9514   30.0143
    7.5000  -45.0000  -37.5000 2467.2864   29.9081
   -7.5000  -37.5000  -37.5000 2532.7874   28.1212
    0.0000  -37.5000  -37.5000 2546.9470   28.0985
    7.5000  -37.5000  -37.5000 2533.4060   27.9773
   -7.5000  -30.0000  -37.5000 2568.0334   26.6309
    0.0000  -30.0000  -37.5000 2583.9897   26.6444
    7.5000  -30.0000  -37.5000 2564.7727   26.5200
   -7.5000  -22.5000  -37.5000 2586.4443   25.5262
    0.0000  -22.5000  -37.5000 2605.9707   25.5387
    7.5000  -22.5000  -37.5000 2583.7471   25.4139
   -7.5000  -15.0000  -37.5000 2596.4531   24.8724
    0.0000  -15.0000  -37.5000 2615.2085   24.8617
    7.5000  -15.0000  -37.5000 2592.4216   24.7221
   -7.5000   -7.5000  -37.5000 2588.5571   24.5760
    0.0000   -7.5000  -37.5000 2609.9722   24.5979
    7.5000   -7.5000  -37.5000 2588.9307   24.4680
   -7.5000    0.0000  -37.5000 2584.6150   24.7577
    0.0000    0.0000  -37.5000 2600.4771   24.7489
    7.5000    0.0000  -37.5000 2576.8406   24.5736
   -7.5000    7.5000  -37.5000 2559.7202   25.2767
    0.0000    7.5000  -37.5000 2571.1606   25.2668
    7.5000    7.5000  -37.5000 2553.8972   25.1312
   -7.5000   15.0000  -37.5000 2514.5940   26.2916
    0.0000   15.0000  -37.5000 2525.7034   26.2777
    7.5000   15.0000  -37.5000 2509.5396   26.1939
   -7.5000   22.5000  -37.5000 2447.9514   27.7707
    0.0000   22.5000  -37.5000 2458.1199   27.7650
    7.5000   22.5000  -37.5000 2441.5093   27.7673
   -7.5000   30.0000  -37.5000 2365.6104   29.7886
    0.0000   30.0000  -37.5000 2373.3884   29.6798
    7.5000   30.0000  -37.5000 2358.0283   29.7009
   -7.5000   37.5000  -37.5000 2279.3083   32.2814
    0.0000   37.5000  -37.5000 2282.6135   32.1048
    7.5000   37.5000  -37.5000 2274.2288   32.1006
   -7.5000   45.0000  -37.5000 2178.3247   35.4927
    0.0000   45.0000  -37.5000 2179.2458   35.2918
    7.5000   45.0000  -37.5000 2169.8271   35.3773
   -7.5000  -45.0000  -30.0000 2567.5430   29.7367
    0.0000  -45.0000  -30.0000 2583.7869   29.6219
    7.5000  -45.0000  -30.0000 2565.6440   29.4239
   -7.5000  -37.5000  -30.0000 2633.8657   27.6485
    0.0000  -37.5000  -30.0000 2651.1692   27.5297
    7.5000  -37.5000  -30.0000 2634.6794   27.3892
   -7.5000  -30.0000  -30.0000 2673.9207   26.1377
    0.0000  -30.0000  -30.0000 2692.5771   26.0674
    7.5000  -30.0000  -30.0000 2674.7095   25.9620
   -7.5000  -22.5000  -30.0000 2699.0479   24.9899
    0.0000  -22.5000  -30.0000 2717.5371   25.0000
    7.5000  -22.5000  -30.0000 2698.0530   24.8442
   -7.5000  -15.0000  -30.0000 2713.0898   24.2578
    0.0000  -15.0000  -30.0000 2728.7524   24.2559
    7.5000  -15.0000  -30.0000 2710.4456   24.1134
   -7.5000   -7.5000  -30.0000 2706.4883   23.9329
    0.0000   -7.5000  -30.0000 2726.8228   23.9555
    7.5000   -7.5000  -30.0000 2704.4387   23.8108
   -7.5000    0.0000  -30.0000 2694.3062   24.0534
    0.0000    0.0000  -30.0000 2714.4307   24.0639
    7.5000    0.0000  -30.0000 2690.6052   23.8992
   -7.5000    7.5000  -30.0000 2671.7068   24.5589
    0.0000    7.5000  -30.0000 2691.4128   24.5825
    7.5000    7.5000  -30.0000 2668.1475   24.4051
   -7.5000   15.0000  -30.0000 2624.2839   25.4732
    0.0000   15.0000  -30.0000 2645.9270   25.5147
    7.5000   15.0000  -30.0000 2627.2676   25.4267
   -7.5000   22.5000  -30.0000 2555.5452   26.8696
    0.0000   22.5000  -30.0000 2573.2058   26.9112
    7.5000   22.5000  -30.0000 2554.8296   26.9025
   -7.5000   30.0000  -30.0000 2473.2561   28.7511
    0.0000   30.0000  -30.0000 2482.6123   28.6901
    7.5000   30.0000  -30.0000 2467.2939   28.7061
   -7.5000   37.5000  -30.0000 2375.8696   31.0948
    0.0000   37.5000  -30.0000 2383.2419   30.9885
    7.5000   37.5000  -30.0000 2373.7585   30.9914
   -7.5000   45.0000  -30.0000 2264.2708   34.1987
    0.0000   45.0000  -30.0000 2264.7566   34.0538
    7.5000   45.0000  -30.0000 2261.1943   34.1397
   -7.5000  -45.0000  -22.5000 2626.9878   29.1827
    0.0000  -45.0000  -22.5000 2642.3938   29.0208
    7.5000  -45.0000  -22.5000 2626.5808   28.8366
   -7.5000  -37.5000  -22.5000 2687.4170   27.0280
    0.0000  -37.5000  -22.5000 2701.5496   26.8573
    7.5000  -37.5000  -22.5000 2687.3606   26.6830
   -7.5000  -30.0000  -22.5000 2731.3506   25.4514
    0.0000  -30.0000  -22.5000 2740.7192   25.2962
    7.5000  -30.0000  -22.5000 2732.2349   25.1911
   -7.5000  -22.5000  -22.5000 2760.9907   24.2979
    0.0000  -22.5000  -22.5000 2774.5154   24.2229
    7.5000  -22.5000  -22.5000 2763.1377   24.1137
   -7.5000  -15.0000  -22.5000 2776.5095   23.4567
    0.0000  -15.0000  -22.5000 2787.1318   23.4301
    7.5000  -15.0000  -22.5000 2776.9194   23.3205
   -7.5000   -7.5000  -22.5000 2776.2065   23.1120
    0.0000   -7.5000  -22.5000 2789.5947   23.0932
    7.5000   -7.5000  -22.5000 2773.8840   22.9783
   -7.5000    0.0000  -22.5000 2766.4990   23.2222
    0.0000    0.0000  -22.5000 2779.4570   23.1739
    7.5000    0.0000  -22.5000 2763.5083   23.0723
   -7.5000    7.5000  -22.5000 2738.2874   23.6884
    0.0000    7.5000  -22.5000 2754.0459   23.6568
    7.5000    7.5000  -22.5000 2737.5376   23.5342
   -7.5000   15.0000  -22.5000 2688.2383   24.5528
    0.0000   15.0000  -22.5000 2705.6289   24.5366
    7.5000   15.0000  -22.5000 2693.5991   24.4941
   -7.5000   22.5000  -22.5000 2617.5535   25.8868
    0.0000   22.5000  -22.5000 2632.5378   25.8527
    7.5000   22.5000  -22.5000 2621.4646   25.8809
   -7.5000   30.0000  -22.5000 2528.5381   27.6686
    0.0000   30.0000  -22.5000 2541.8027   27.5955
    7.5000   30.0000  -22.5000 2526.6885   27.6047
   -7.5000   37.5000  -22.5000 2426.8284   29.9244
    0.0000   37.5000  -22.5000 2435.2209   29.8498
    7.5000   37.5000  -22.5000 2420.2405   29.8542
   -7.5000   45.0000  -22.5000 2308.0259   32.9514
    0.0000   45.0000  -22.5000 2310.1411   32.8356
    7.5000   45.0000  -22.5000 2304.5247   32.8772
   -7.5000  -45.0000  -15.0000 2644.7546   28.7064
    0.0000  -45.0000  -15.0000 2654.3984   28.4225
    7.5000  -45.0000  -15.0000 2649.8105   28.3096
   -7.5000  -37.5000  -15.0000 2709.5615   26.5499
    0.0000  -37.5000  -15.0000 2721.4717   26.2962
    7.5000  -37.5000  -15.0000 2714.2573   26.1430
   -7.5000  -30.0000  -15.0000 2751.8865   24.8877
    0.0000  -30.0000  -15.0000 2757.8345   24.6169
    7.5000  -30.0000  -15.0000 2751.7793   24.5288
   -7.5000  -22.5000  -15.0000 2781.6719   23.6109
    0.0000  -22.5000  -15.0000 2790.2168   23.4436
    7.5000  -22.5000  -15.0000 2785.2686   23.3762
   -7.5000  -15.0000  -15.0000 2795.8608   22.6868
    0.0000  -15.0000  -15.0000 2803.2346   22.5672
    7.5000  -15.0000  -15.0000 2798.1648   22.5390
   -7.5000   -7.5000  -15.0000 2804.9041   22.3388
    0.0000   -7.5000  -15.0000 2811.8870   22.2149
    7.5000   -7.5000  -15.0000 2804.4878   22.1717
   -7.5000    0.0000  -15.0000 2799.5659   22.4442
    0.0000    0.0000  -15.0000 2805.0259   22.3008
    7.5000    0.0000  -15.0000 2797.6626   22.2410
   -7.5000    7.5000  -15.0000 2770.0422   22.8879
    0.0000    7.5000  -15.0000 2774.3127   22.7220
    7.5000    7.5000  -15.0000 2768.9170   22.7231
   -7.5000   15.0000  -15.0000 2713.9336   23.7485
    0.0000   15.0000  -15.0000 2721.0903   23.6081
    7.5000   15.0000  -15.0000 2720.3411   23.6554
   -7.5000   22.5000  -15.0000 2639.0833   25.0293
    0.0000   22.5000  -15.0000 2648.5339   24.9008
    7.5000   22.5000  -15.0000 2643.1152   24.9747
   -7.5000   30.0000  -15.0000 2555.0913   26.7719
    0.0000   30.0000  -15.0000 2568.2888   26.6896
    7.5000   30.0000  -15.0000 2556.2812   26.7123
   -7.5000   37.5000  -15.0000 2452.9702   29.0349
    0.0000   37.5000  -15.0000 2464.3433   28.9997
    7.5000   37.5000  -15.0000 2447.8843   28.9843
   -7.5000   45.0000  -15.0000 2332.0859   32.0205
    0.0000   45.0000  -15.0000 2336.8967   31.9797
    7.5000   45.0000  -15.0000 2327.8679   31.9272
   -7.5000  -45.0000   -7.5000 2647.9832   28.5601
    0.0000  -45.0000   -7.5000 2656.1426   28.1809
    7.5000  -45.0000   -7.5000 2655.9741   28.1534
   -7.5000  -37.5000   -7.5000 2718.4646   26.3887
    0.0000  -37.5000   -7.5000 2724.8721   25.9986
    7.5000  -37.5000   -7.5000 2724.2163   25.9594
   -7.5000  -30.0000   -7.5000 2759.3384   24.6142
    0.0000  -30.0000   -7.5000 2765.5583   24.2585
    7.5000  -30.0000   -7.5000 2758.5020   24.2096
   -7.5000  -22.5000   -7.5000 2783.8003   23.1304
    0.0000  -22.5000   -7.5000 2784.6929   22.8009
    7.5000  -22.5000   -7.5000 2781.1023   22.8252
   -7.5000  -15.0000   -7.5000 2796.6279   22.0583
    0.0000  -15.0000   -7.5000 2790.3943   21.7460
    7.5000  -15.0000   -7.5000 2789.9751   21.8436
   -7.5000   -7.5000   -7.5000 2814.1816   21.7197
    0.0000   -7.5000   -7.5000 2805.2380   21.4023
    7.5000   -7.5000   -7.5000 2806.8657   21.4596
   -7.5000    0.0000   -7.5000 2806.4878   21.8438
    0.0000    0.0000   -7.5000 2798.4016   21.5153
    7.5000    0.0000   -7.5000 2804.4424   21.5901
   -7.5000    7.5000   -7.5000 2776.7144   22.2839
    0.0000    7.5000   -7.5000 2767.4285   21.9649
    7.5000    7.5000   -7.5000 2778.9111   22.1327
   -7.5000   15.0000   -7.5000 2726.7488   23.1428
    0.0000   15.0000   -7.5000 2716.0212   22.8205
    7.5000   15.0000   -7.5000 2729.4583   23.0612
   -7.5000   22.5000   -7.5000 2657.0835   24.3798
    0.0000   22.5000   -7.5000 2656.9626   24.1377
    7.5000   22.5000   -7.5000 2660.1689   24.3601
   -7.5000   30.0000   -7.5000 2576.0757   26.1527
    0.0000   30.0000   -7.5000 2584.4031   25.9615
    7.5000   30.0000   -7.5000 2580.4351   26.1470
   -7.5000   37.5000   -7.5000 2473.5483   28.4091
    0.0000   37.5000   -7.5000 2475.8989   28.2846
    7.5000   37.5000   -7.5000 2471.9893   28.3814
   -7.5000   45.0000   -7.5000 2345.9502   31.2767
    0.0000   45.0000   -7.5000 2349.3364   31.1744
    7.5000   45.0000   -7.5000 2344.3384   31.2126
   -7.5000  -45.0000    0.0000 2670.3708   28.7813
    0.0000  -45.0000    0.0000 2673.2446   28.3519
    7.5000  -45.0000    0.0000 2664.5911   28.2289
   -7.5000  -37.5000    0.0000 2739.0317   26.5927
    0.0000  -37.5000    0.0000 2738.3147   26.1887
    7.5000  -37.5000    0.0000 2731.4075   26.0295
   -7.5000  -30.0000    0.0000 2783.4128   24.8023
    0.0000  -30.0000    0.0000 2780.4663   24.4409
    7.5000  -30.0000    0.0000 2773.6338   24.3126
   -7.5000  -22.5000    0.0000 2795.5505   23.1447
    0.0000  -22.5000    0.0000 2786.6245   22.7262
    7.5000  -22.5000    0.0000 2785.9629   22.7230
   -7.5000  -15.0000    0.0000 2800.1318   21.7827
    0.0000  -15.0000    0.0000 2773.0786   21.2643
    7.5000  -15.0000    0.0000 2780.6067   21.4501
   -7.5000   -7.5000    0.0000 2818.6841   21.4019
    0.0000   -7.5000    0.0000 2784.7505   20.8590
    7.5000   -7.5000    0.0000 2797.8599   21.0460
   -7.5000    0.0000    0.0000 2809.3948   21.4939
    0.0000    0.0000    0.0000 2782.2881   21.0389
    7.5000    0.0000    0.0000 2805.2644   21.2269
   -7.5000    7.5000    0.0000 2793.0361   21.9529
    0.0000    7.5000    0.0000 2766.7212   21.5116
    7.5000    7.5000    0.0000 2795.3376   21.8034
   -7.5000   15.0000    0.0000 2750.2876   22.7641
    0.0000   15.0000    0.0000 2733.5557   22.3978
    7.5000   15.0000    0.0000 2750.7292   22.6977
   -7.5000   22.5000    0.0000 2685.5098   24.0541
    0.0000   22.5000    0.0000 2675.8516   23.7702
    7.5000   22.5000    0.0000 2683.9187   24.0417
   -7.5000   30.0000    0.0000 2606.3547   25.8265
    0.0000   30.0000    0.0000 2602.2104   25.6069
    7.5000   30.0000    0.0000 2602.0432   25.7889
   -7.5000   37.5000    0.0000 2499.7715   28.0437
    0.0000   37.5000    0.0000 2499.8848   27.8644
    7.5000   37.5000    0.0000 2497.0547   27.9567
   -7.5000   45.0000    0.0000 2366.1689   30.8565
    0.0000   45.0000    0.0000 2373.3225   30.6571
    7.5000   45.0000    0.0000 2365.1577   30.7487
   -7.5000  -45.0000    7.5000 2680.4990   28.9759
    0.0000  -45.0000    7.5000 2689.6997   28.6046
    7.5000  -45.0000    7.5000 2668.8398   28.4170
   -7.5000  -37.5000    7.5000 2750.3501   26.7814
    0.0000  -37.5000    7.5000 2755.7007   26.4318
    7.5000  -37.5000    7.5000 2738.9758   26.2473
   -7.5000  -30.0000    7.5000 2801.1831   25.1770
    0.0000  -30.0000    7.5000 2808.1951   24.9314
    7.5000  -30.0000    7.5000 2787.2539   24.5908
   -7.5000  -22.5000    7.5000 2826.9790   23.6738
    0.0000  -22.5000    7.5000 2833.8630   23.4558
    7.5000  -22.5000    7.5000 2806.5933   23.1127
   -7.5000  -15.0000    7.5000 2821.1758   22.0880
    0.0000  -15.0000    7.5000 2779.9548   21.5352
    7.5000  -15.0000    7.5000 2793.6494   21.6812
   -7.5000   -7.5000    7.5000 2817.0732   21.3275
    0.0000   -7.5000    7.5000 2770.9414   20.7120
    7.5000   -7.5000    7.5000 2790.7048   20.9950
   -7.5000    0.0000    7.5000 2804.6433   21.2582
    0.0000    0.0000    7.5000 2771.8357   20.7607
    7.5000    0.0000    7.5000 2798.2278   21.0301
   -7.5000    7.5000    7.5000 2787.5972   21.6685
    0.0000    7.5000    7.5000 2770.5017   21.2991
    7.5000    7.5000    7.5000 2790.2720   21.5416
   -7.5000   15.0000    7.5000 2755.0767   22.5401
    0.0000   15.0000    7.5000 2748.7375   22.2874
    7.5000   15.0000    7.5000 2755.6741   22.4599
   -7.5000   22.5000    7.5000 2699.2883   23.8681
    0.0000   22.5000    7.5000 2696.4812   23.7063
    7.5000   22.5000    7.5000 2694.6184   23.8164
   -7.5000   30.0000    7.5000 2621.8276   25.6770
    0.0000   30.0000    7.5000 2624.7327   25.5212
    7.5000   30.0000    7.5000 2613.5042   25.5774
   -7.5000   37.5000    7.5000 2521.7542   27.9182
    0.0000   37.5000    7.5000 2523.5542   27.7278
    7.5000   37.5000    7.5000 2511.1670   27.7511
   -7.5000   45.0000    7.5000 2388.0747   30.6898
    0.0000   45.0000    7.5000 2398.3337   30.5392
    7.5000   45.0000    7.5000 2383.1272   30.5054
   -7.5000  -45.0000   15.0000 2672.5603   29.2017
    0.0000  -45.0000   15.0000 2680.2351   28.9295
    7.5000  -45.0000   15.0000 2669.5361   28.7706
   -7.5000  -37.5000   15.0000 2748.1357   27.0452
    0.0000  -37.5000   15.0000 2754.4272   26.8400
    7.5000  -37.5000   15.0000 2739.8433   26.6626
   -7.5000  -30.0000   15.0000 2805.5938   25.4755
    0.0000  -30.0000   15.0000 2822.2229   25.4583
    7.5000  -30.0000   15.0000 2791.0876   25.0455
   -7.5000  -22.5000   15.0000 2830.3945   23.9725
    0.0000  -22.5000   15.0000 2874.6584   24.1178
    7.5000  -22.5000   15.0000 2815.9937   23.6227
   -7.5000  -15.0000   15.0000 2821.5901   22.3747
    0.0000  -15.0000   15.0000 2821.6619   22.1396
    7.5000  -15.0000   15.0000 2795.9375   22.2233
   -7.5000   -7.5000   15.0000 2783.2402   21.2451
    0.0000   -7.5000   15.0000 2764.9075   20.8826
    7.5000   -7.5000   15.0000 2775.9758   21.2567
   -7.5000    0.0000   15.0000 2776.7026   21.0889
    0.0000    0.0000   15.0000 2763.1433   20.7908
    7.5000    0.0000   15.0000 2774.5251   21.0573
   -7.5000    7.5000   15.0000 2774.7598   21.5262
    0.0000    7.5000   15.0000 2759.9702   21.3186
    7.5000    7.5000   15.0000 2774.7156   21.4467
   -7.5000   15.0000   15.0000 2753.8423   22.4394
    0.0000   15.0000   15.0000 2738.2937   22.2322
    7.5000   15.0000   15.0000 2751.7192   22.3487
   -7.5000   22.5000   15.0000 2701.9856   23.8256
    0.0000   22.5000   15.0000 2693.9495   23.6452
    7.5000   22.5000   15.0000 2694.9551   23.7295
   -7.5000   30.0000   15.0000 2625.8999   25.6447
    0.0000   30.0000   15.0000 2636.3721   25.5328
    7.5000   30.0000   15.0000 2616.5239   25.5323
   -7.5000   37.5000   15.0000 2526.8508   27.8535
    0.0000   37.5000   15.0000 2541.2507   27.8363
    7.5000   37.5000   15.0000 2521.5483   27.7422
   -7.5000   45.0000   15.0000 2396.9727   30.6304
    0.0000   45.0000   15.0000 2416.5984   30.6791
    7.5000   45.0000   15.0000 2393.2910   30.4838
   -7.5000  -45.0000   22.5000 2660.9375   29.6099
    0.0000  -45.0000   22.5000 2678.7913   29.4559
    7.5000  -45.0000   22.5000 2656.9666   29.3509
   -7.5000  -37.5000   22.5000 2732.7468   27.3849
    0.0000  -37.5000   22.5000 2754.4866   27.3213
    7.5000  -37.5000   22.5000 2724.0093   27.1384
   -7.5000  -30.0000   22.5000 2784.5920   25.7028
    0.0000  -30.0000   22.5000 2813.7449   25.7824
    7.5000  -30.0000   22.5000 2774.2749   25.4438
   -7.5000  -22.5000   22.5000 2797.5413   23.9364
    0.0000  -22.5000   22.5000 2822.7869   23.9537
    7.5000  -22.5000   22.5000 2794.6143   23.8870
   -7.5000  -15.0000   22.5000 2768.9829   22.2388
    0.0000  -15.0000   22.5000 2760.1035   22.0276
    7.5000  -15.0000   22.5000 2785.3745   22.4418
   -7.5000   -7.5000   22.5000 2777.1946   21.4796
    0.0000   -7.5000   22.5000 2776.9832   21.3350
    7.5000   -7.5000   22.5000 2783.0518   21.5874
   -7.5000    0.0000   22.5000 2793.2522   21.4660
    0.0000    0.0000   22.5000 2805.3403   21.4780
    7.5000    0.0000   22.5000 2785.1289   21.4580
   -7.5000    7.5000   22.5000 2787.4500   21.9780
    0.0000    7.5000   22.5000 2793.0042   21.9531
    7.5000    7.5000   22.5000 2780.1152   21.8982
   -7.5000   15.0000   22.5000 2756.8074   22.8248
    0.0000   15.0000   22.5000 2760.7588   22.7684
    7.5000   15.0000   22.5000 2751.5642   22.7575
   -7.5000   22.5000   22.5000 2705.7444   24.1218
    0.0000   22.5000   22.5000 2716.0044   24.0586
    7.5000   22.5000   22.5000 2696.5261   24.0343
   -7.5000   30.0000   22.5000 2629.1360   25.8354
    0.0000   30.0000   22.5000 2642.4707   25.7929
    7.5000   30.0000   22.5000 2619.9910   25.7228
   -7.5000   37.5000   22.5000 2523.9878   27.9525
    0.0000   37.5000   22.5000 2542.5486   27.9364
    7.5000   37.5000   22.5000 2519.1577   27.8378
   -7.5000   45.0000   22.5000 2390.4160   30.6847
    0.0000   45.0000   22.5000 2403.6685   30.7016
    7.5000   45.0000   22.5000 2388.3254   30.5896
   -7.5000  -45.0000   30.0000 2629.0378   29.9009
    0.0000  -45.0000   30.0000 2645.4343   29.7873
    7.5000  -45.0000   30.0000 2636.2505   29.8938
   -7.5000  -37.5000   30.0000 2694.2112   27.6368
    0.0000  -37.5000   30.0000 2714.1458   27.5552
    7.5000  -37.5000   30.0000 2703.3210   27.5827
   -7.5000  -30.0000   30.0000 2739.0710   25.8138
    0.0000  -30.0000   30.0000 2758.6191   25.6980
    7.5000  -30.0000   30.0000 2742.6858   25.7020
   -7.5000  -22.5000   30.0000 2747.3184   23.8958
    0.0000  -22.5000   30.0000 2741.5540   23.5387
    7.5000  -22.5000   30.0000 2763.6399   24.0407
   -7.5000  -15.0000   30.0000 2747.3408   22.4460
    0.0000  -15.0000   30.0000 2740.6853   22.1110
    7.5000  -15.0000   30.0000 2761.6165   22.6444
   -7.5000   -7.5000   30.0000 2789.6707   22.0185
    0.0000   -7.5000   30.0000 2798.6055   21.8242
    7.5000   -7.5000   30.0000 2783.3833   21.9942
   -7.5000    0.0000   30.0000 2811.5615   22.0888
    0.0000    0.0000   30.0000 2821.0288   21.9788
    7.5000    0.0000   30.0000 2802.6121   22.0022
   -7.5000    7.5000   30.0000 2794.4795   22.5504
    0.0000    7.5000   30.0000 2801.6277   22.4971
    7.5000    7.5000   30.0000 2789.9839   22.4959
   -7.5000   15.0000   30.0000 2755.6233   23.3799
    0.0000   15.0000   30.0000 2767.5710   23.4027
    7.5000   15.0000   30.0000 2752.1038   23.3819
   -7.5000   22.5000   30.0000 2698.6909   24.5954
    0.0000   22.5000   30.0000 2717.2856   24.6283
    7.5000   22.5000   30.0000 2693.8022   24.6212
   -7.5000   30.0000   30.0000 2614.4263   26.2547
    0.0000   30.0000   30.0000 2635.9189   26.2945
    7.5000   30.0000   30.0000 2612.3462   26.2171
   -7.5000   37.5000   30.0000 2509.9807   28.3579
    0.0000   37.5000   30.0000 2523.4292   28.3587
    7.5000   37.5000   30.0000 2508.4055   28.2333
   -7.5000   45.0000   30.0000 2391.3921   31.0752
    0.0000   45.0000   30.0000 2396.5938   31.0438
    7.5000   45.0000   30.0000 2385.0972   30.9154
   -7.5000  -45.0000   37.5000 2600.1306   30.3913
    0.0000  -45.0000   37.5000 2603.6931   30.0698
    7.5000  -45.0000   37.5000 2614.0530   30.4771
   -7.5000  -37.5000   37.5000 2665.0479   28.0362
    0.0000  -37.5000   37.5000 2672.3508   27.7369
    7.5000  -37.5000   37.5000 2678.0015   28.0614
   -7.5000  -30.0000   37.5000 2703.8030   26.0285
    0.0000  -30.0000   37.5000 2701.1338   25.6196
    7.5000  -30.0000   37.5000 2715.6946   26.0755
   -7.5000  -22.5000   37.5000 2705.5649   24.0498
    0.0000  -22.5000   37.5000 2693.0862   23.5869
    7.5000  -22.5000   37.5000 2723.6951   24.3031
   -7.5000  -15.0000   37.5000 2746.6143   22.9874
    0.0000  -15.0000   37.5000 2741.1631   22.7053
    7.5000  -15.0000   37.5000 2742.7312   23.1056
   -7.5000   -7.5000   37.5000 2794.0608   22.7268
    0.0000   -7.5000   37.5000 2794.4131   22.4438
    7.5000   -7.5000   37.5000 2782.9509   22.6829
   -7.5000    0.0000   37.5000 2811.9795   22.8122
    0.0000    0.0000   37.5000 2812.5642   22.6077
    7.5000    0.0000   37.5000 2801.8425   22.7425
   -7.5000    7.5000   37.5000 2794.0344   23.2846
    0.0000    7.5000   37.5000 2801.4338   23.1208
    7.5000    7.5000   37.5000 2789.4080   23.2290
   -7.5000   15.0000   37.5000 2751.5217   24.1061
    0.0000   15.0000   37.5000 2765.5449   24.0410
    7.5000   15.0000   37.5000 2747.7373   24.0966
   -7.5000   22.5000   37.5000 2687.8057   25.3336
    0.0000   22.5000   37.5000 2703.4832   25.3143
    7.5000   22.5000   37.5000 2683.2612   25.3117
   -7.5000   30.0000   37.5000 2592.5767   26.9660
    0.0000   30.0000   37.5000 2603.8779   26.9699
    7.5000   30.0000   37.5000 2592.5237   26.8994
   -7.5000   37.5000   37.5000 2484.9060   28.9393
    0.0000   37.5000   37.5000 2495.0444   28.9825
    7.5000   37.5000   37.5000 2477.4016   28.8585
   -7.5000   45.0000   37.5000 2374.2944   31.6165
    0.0000   45.0000   37.5000 2390.2227   31.5911
    7.5000   45.0000   37.5000 2371.1697   31.5414
   -7.5000  -45.0000   45.0000 2575.2751   30.9917
    0.0000  -45.0000   45.0000 2579.7517   30.6174
    7.5000  -45.0000   45.0000 2589.1582   31.0897
   -7.5000  -37.5000   45.0000 2628.6704   28.5137
    0.0000  -37.5000   45.0000 2628.0806   28.0785
    7.5000  -37.5000   45.0000 2643.3684   28.5882
   -7.5000  -30.0000   45.0000 2660.5483   26.4193
    0.0000  -30.0000   45.0000 2653.4121   25.8934
    7.5000  -30.0000   45.0000 2676.0208   26.5704
   -7.5000  -22.5000   45.0000 2681.9536   24.6268
    0.0000  -22.5000   45.0000 2677.7449   24.2794
    7.5000  -22.5000   45.0000 2681.6472   24.8153
   -7.5000  -15.0000   45.0000 2740.7649   23.8382
    0.0000  -15.0000   45.0000 2735.2551   23.5511
    7.5000  -15.0000   45.0000 2731.8457   23.9219
   -7.5000   -7.5000   45.0000 2778.1360   23.5679
    0.0000   -7.5000   45.0000 2777.9126   23.2916
    7.5000   -7.5000   45.0000 2769.0403   23.5257
   -7.5000    0.0000   45.0000 2793.5420   23.6529
    0.0000    0.0000   45.0000 2795.0359   23.4194
    7.5000    0.0000   45.0000 2784.0850   23.6024
   -7.5000    7.5000   45.0000 2776.3335   24.1102
    0.0000    7.5000   45.0000 2782.8809   23.9435
    7.5000    7.5000   45.0000 2768.5574   24.0835
   -7.5000   15.0000   45.0000 2728.1538   24.9047
    0.0000   15.0000   45.0000 2742.0117   24.8255
    7.5000   15.0000   45.0000 2726.6531   24.9412
   -7.5000   22.5000   45.0000 2662.9373   26.1190
    0.0000   22.5000   45.0000 2676.7842   26.1091
    7.5000   22.5000   45.0000 2660.0090   26.2150
   -7.5000   30.0000   45.0000 2561.1548   27.7804
    0.0000   30.0000   45.0000 2570.7571   27.8035
    7.5000   30.0000   45.0000 2554.4614   27.8185
   -7.5000   37.5000   45.0000 2457.0737   29.7318
    0.0000   37.5000   45.0000 2468.1216   29.7773
    7.5000   37.5000   45.0000 2450.4485   29.7525
   -7.5000   45.0000   45.0000 2364.0139   32.3788
    0.0000   45.0000   45.0000 2378.2637   32.3891
    7.5000   45.0000   45.0000 2367.2510   32.3829
   -7.5000  -45.0000   52.5000 2531.6794   31.6333
    0.0000  -45.0000   52.5000 2542.2751   31.2941
    7.5000  -45.0000   52.5000 2550.3013   31.7827
   -7.5000  -37.5000   52.5000 2590.7021   29.1505
    0.0000  -37.5000   52.5000 2598.3770   28.7286
    7.5000  -37.5000   52.5000 2601.3293   29.2670
   -7.5000  -30.0000   52.5000 2622.1619   27.0576
    0.0000  -30.0000   52.5000 2621.9692   26.6792
    7.5000  -30.0000   52.5000 2629.2368   27.2553
   -7.5000  -22.5000   52.5000 2665.3845   25.4796
    0.0000  -22.5000   52.5000 2666.8301   25.2933
    7.5000  -22.5000   52.5000 2658.3828   25.6730
   -7.5000  -15.0000   52.5000 2720.6858   24.8313
    0.0000  -15.0000   52.5000 2721.7673   24.6005
    7.5000  -15.0000   52.5000 2714.0754   24.8981
   -7.5000   -7.5000   52.5000 2744.6921   24.5561
    0.0000   -7.5000   52.5000 2751.4988   24.3370
    7.5000   -7.5000   52.5000 2746.7783   24.5529
   -7.5000    0.0000   52.5000 2755.7744   24.5988
    0.0000    0.0000   52.5000 2763.0735   24.4033
    7.5000    0.0000   52.5000 2757.2097   24.5882
   -7.5000    7.5000   52.5000 2743.2351   24.9990
    0.0000    7.5000   52.5000 2755.5508   24.8490
    7.5000    7.5000   52.5000 2739.6541   25.0072
   -7.5000   15.0000   52.5000 2700.0759   25.8195
    0.0000   15.0000   52.5000 2709.4089   25.7227
    7.5000   15.0000   52.5000 2696.1355   25.8650
   -7.5000   22.5000   52.5000 2626.2063   26.9909
    0.0000   22.5000   52.5000 2640.1902   26.9798
    7.5000   22.5000   52.5000 2623.6287   27.0699
   -7.5000   30.0000   52.5000 2528.4768   28.6810
    0.0000   30.0000   52.5000 2534.5962   28.7156
    7.5000   30.0000   52.5000 2523.6963   28.7274
   -7.5000   37.5000   52.5000 2438.5356   30.7738
    0.0000   37.5000   52.5000 2444.1091   30.7619
    7.5000   37.5000   52.5000 2436.1709   30.7340
   -7.5000   45.0000   52.5000 2342.2004   33.3723
    0.0000   45.0000   52.5000 2351.4368   33.3175
    7.5000   45.0000   52.5000 2343.8972   33.3585

---------------------------------------------------------------------
imgreg_4dfp /opt/freesurfer/average/711-2C_as_mni_average_305 /opt/freesurfer/average/711-2B_as_mni_average_305_mask talsrcimg_g11 none talsrcimg_to_711-2C_as_mni_average_305_t4 1283
---------------------------------------------------------------------

freesurfer imgreg_4dfp.c
/opt/freesurfer/average/711-2C_as_mni_average_305.4dfp.img
       256       256       256         1
  1.000000  1.000000  1.000000
orientation T byte_order littleendian
Reading image: /opt/freesurfer/average/711-2C_as_mni_average_305.4dfp.img
dimensions:      256       256       256
mmppix:       1.0000   -1.0000   -1.0000
center:     128.0000 -129.0000 -129.0000
/opt/freesurfer/average/711-2B_as_mni_average_305_mask.4dfp.img
       256       256       256         1
  1.000000  1.000000  1.000000
orientation T byte_order littleendian
Reading mask: /opt/freesurfer/average/711-2B_as_mni_average_305_mask.4dfp.img (2306576 pixels)
talsrcimg_g11.4dfp.img
       320       320       320         1
  0.800000  0.800000  0.800000
orientation T byte_order littleendian
Reading image: talsrcimg_g11.4dfp.img
dimensions:      320       320       320
mmppix:       0.8000   -0.8000   -0.8000
center:     128.0000 -128.8000 -128.8000
rotation matrix determinant  1.000000
fimgreg.f
image alignment mode   1283 decimal      503 hex
parameters
    0.0000  -22.5000   15.0000    0.0000    0.0000    0.0000
eta,q 0.90293 24.18711
niter,ni,del,rscale     5    3   12.0000    1.2000
parameters
   -1.2236  -22.3555   14.6707    0.6379   -1.8289    0.5886
eta,q 0.90497 23.97834
  0.1088  0.1087  0.1121  0.1007  0.0969  0.0977
  0.0994  0.1052  0.1055  0.0999  0.0962  0.0966
  0.0946  0.1005  0.0975  0.0974  0.0952  0.0957
  0.0993  0.0956  0.0954  0.0954  0.0952  0.0951
  0.1046  0.0950  0.0989  0.0955  0.0971  0.0950
  0.1102  0.1011  0.1093  0.0974  0.0989  0.0957
  0.1154  0.1112  0.1152  0.0999  0.1011  0.0972
niter,ni,del,rscale     4    3   12.0000    1.2000
parameters
   -1.2773  -22.4041   14.4519    0.9516   -2.8061   -0.7646
eta,q 0.90423 23.96022
  0.1116  0.1074  0.1100  0.1005  0.0966  0.0967
  0.1041  0.1032  0.1055  0.0988  0.0969  0.0961
  0.0981  0.0986  0.0986  0.0964  0.0964  0.0959
  0.0950  0.0950  0.0951  0.0952  0.0952  0.0958
  0.0995  0.0958  0.0973  0.0957  0.0953  0.0961
  0.1064  0.1016  0.1063  0.0976  0.0974  0.0970
  0.1104  0.1100  0.1135  0.1000  0.0991  0.0985
niter,ni,del,rscale     3    3   12.0000    1.2000
parameters
   -1.5182  -22.5157   14.2109    1.2428   -3.2422   -2.8690
eta,q 0.90381 24.00303
  0.1104  0.1070  0.1084  0.1012  0.0967  0.0965
  0.1026  0.1030  0.1051  0.0993  0.0971  0.0963
  0.0978  0.0988  0.0998  0.0971  0.0969  0.0962
  0.0958  0.0958  0.0959  0.0961  0.0961  0.0963
  0.0997  0.0967  0.0975  0.0966  0.0952  0.0966
  0.1067  0.1020  0.1054  0.0983  0.0963  0.0971
  0.1105  0.1097  0.1124  0.1006  0.0985  0.0982
niter,ni,del,rscale     2    3   12.0000    1.2000
parameters
   -1.9145  -22.7155   13.8935    1.1706   -2.7075   -4.0734
eta,q 0.90394 24.07117
  0.1100  0.1063  0.1071  0.1007  0.0974  0.0969
  0.1018  0.1023  0.1046  0.0991  0.0976  0.0963
  0.0972  0.0987  0.1003  0.0976  0.0977  0.0960
  0.0962  0.0961  0.0962  0.0966  0.0966  0.0963
  0.1002  0.0974  0.0976  0.0972  0.0956  0.0966
  0.1073  0.1024  0.1050  0.0989  0.0962  0.0969
  0.1111  0.1089  0.1119  0.1013  0.0983  0.0975
niter,ni,del,rscale     1    3   12.0000    1.2000
parameters
   -2.3377  -22.6129   13.7133    0.5380   -2.7353   -4.9623
eta,q 0.90407 24.13290
  0.1106  0.1071  0.1072  0.0994  0.0975  0.0972
  0.1018  0.1028  0.1046  0.0980  0.0977  0.0962
  0.0966  0.0988  0.1004  0.0968  0.0976  0.0959
  0.0961  0.0958  0.0957  0.0960  0.0961  0.0961
  0.1007  0.0966  0.0961  0.0967  0.0951  0.0966
  0.1075  0.1013  0.1035  0.0989  0.0964  0.0971
  0.1117  0.1076  0.1118  0.1017  0.0993  0.0977
registration optimization eta report
parameter search radius
    6.0000    6.0000    6.0000    6.0000    6.0000    6.0000
100000*second partial in parameter space
       40.       31.       37.       12.        6.        4.
  0.1106  0.1071  0.1072  0.0994  0.0975  0.0972
  0.1018  0.1028  0.1046  0.0980  0.0977  0.0962
  0.0966  0.0988  0.1004  0.0968  0.0976  0.0959
  0.0961  0.0958  0.0957  0.0960  0.0961  0.0961
  0.1007  0.0966  0.0961  0.0967  0.0951  0.0966
  0.1075  0.1013  0.1035  0.0989  0.0964  0.0971
  0.1117  0.1076  0.1118  0.1017  0.0993  0.0977
   -2.3377  -22.6129   13.7133    0.5380   -2.7353   -4.9623
eta,q 0.90407 24.13290

---------------------------------------------------------------------
imgreg_4dfp /opt/freesurfer/average/711-2C_as_mni_average_305 /opt/freesurfer/average/711-2B_as_mni_average_305_mask talsrcimg_g11 none talsrcimg_to_711-2C_as_mni_average_305_t4 3335
---------------------------------------------------------------------

freesurfer imgreg_4dfp.c
/opt/freesurfer/average/711-2C_as_mni_average_305.4dfp.img
       256       256       256         1
  1.000000  1.000000  1.000000
orientation T byte_order littleendian
Reading image: /opt/freesurfer/average/711-2C_as_mni_average_305.4dfp.img
dimensions:      256       256       256
mmppix:       1.0000   -1.0000   -1.0000
center:     128.0000 -129.0000 -129.0000
/opt/freesurfer/average/711-2B_as_mni_average_305_mask.4dfp.img
       256       256       256         1
  1.000000  1.000000  1.000000
orientation T byte_order littleendian
Reading mask: /opt/freesurfer/average/711-2B_as_mni_average_305_mask.4dfp.img (2306576 pixels)
talsrcimg_g11.4dfp.img
       320       320       320         1
  0.800000  0.800000  0.800000
orientation T byte_order littleendian
Reading image: talsrcimg_g11.4dfp.img
dimensions:      320       320       320
mmppix:       0.8000   -0.8000   -0.8000
center:     128.0000 -128.8000 -128.8000
fimgreg.f
image alignment mode   3335 decimal      D07 hex
parameters
   -2.3377  -22.6129   13.7133   -0.4883   -0.3831   -0.1183
    8.6943    4.6729   -8.6402   -1.3482   -4.7722    0.9379
eta,q 0.90454 24.22405
niter,ni,del,rscale     5    3    5.0000    1.2000
parameter  4  3.559521 ->  0.500000 qaram    1.1500
parameter  5  0.924846 ->  0.500000 qaram    1.1500
parameter  6  1.495516 ->  0.500000 qaram    1.1500
parameter  8  1.078508 ->  0.500000 qaram    1.1500
parameter 10  1.182874 ->  0.500000 qaram    1.1500
parameters
   -1.8830  -22.4370   13.7274   -4.6283   -4.5231   -4.2583
    9.6219    0.5329   -6.6512   -5.4882   -4.8443    1.0259
eta,q 0.93436 24.80582
  0.0999  0.0974  0.0976  0.0762  0.0768  0.0692  0.0753  0.0681  0.0699  0.0653  0.0687  0.0662
  0.0980  0.0964  0.0964  0.0808  0.0778  0.0711  0.0735  0.0671  0.0685  0.0655  0.0668  0.0659
  0.0964  0.0956  0.0956  0.0870  0.0795  0.0737  0.0723  0.0686  0.0676  0.0662  0.0658  0.0657
  0.0955  0.0953  0.0953  0.0953  0.0823  0.0782  0.0717  0.0717  0.0673  0.0672  0.0656  0.0656
  0.0953  0.0954  0.0954  0.1048  0.0870  0.0845  0.0718  0.0753  0.0672  0.0686  0.0661  0.0657
  0.0961  0.0959  0.0963  0.1136  0.0933  0.0924  0.0725  0.0789  0.0674  0.0703  0.0671  0.0659
  0.0976  0.0970  0.0977  0.1212  0.1010  0.0975  0.0738  0.0824  0.0679  0.0721  0.0685  0.0662
niter,ni,del,rscale     7    3    5.0000    1.2000
parameter  2 -2.418477 -> -0.500000 qaram    1.1500
parameter  4  0.783668 ->  0.500000 qaram    1.3225
parameter  5  0.561574 ->  0.500000 qaram    1.3225
parameter  7  0.788029 ->  0.500000 qaram    1.1500
parameter 10  0.593397 ->  0.500000 qaram    1.3225
parameter 11 -1.145265 -> -0.500000 qaram    1.1500
parameter 12 -5.661175 -> -0.500000 qaram    1.1500
parameters
   -1.2962  -21.0570   14.6394   -9.3893   -9.2841   -6.5174
    5.4819   -0.9587   -5.3102  -10.2492   -0.7043    5.1659
eta,q 0.94780 24.51776
  0.0722  0.0719  0.0654  0.0555  0.0539  0.0565  0.0538  0.0567  0.0543  0.0536  0.0544  0.0544
  0.0693  0.0695  0.0639  0.0553  0.0540  0.0556  0.0538  0.0543  0.0540  0.0533  0.0539  0.0539
  0.0670  0.0673  0.0629  0.0567  0.0545  0.0547  0.0541  0.0538  0.0539  0.0534  0.0535  0.0534
  0.0656  0.0653  0.0624  0.0621  0.0555  0.0541  0.0546  0.0539  0.0538  0.0538  0.0533  0.0529
  0.0653  0.0635  0.0621  0.0721  0.0579  0.0545  0.0553  0.0545  0.0538  0.0545  0.0531  0.0525
  0.0661  0.0620  0.0622  0.0846  0.0633  0.0598  0.0564  0.0564  0.0538  0.0554  0.0529  0.0521
  0.0681  0.0609  0.0627  0.0968  0.0710  0.0692  0.0580  0.0604  0.0540  0.0565  0.0528  0.0517
niter,ni,del,rscale     7    3    5.0000    1.2000
parameter  2 -4.739645 -> -0.500000 qaram    1.3225
parameter  3  1.924871 ->  0.500000 qaram    1.1500
parameter 11 -1.497432 -> -0.500000 qaram    1.3225
parameter 12 -2.352057 -> -0.500000 qaram    1.3225
parameters
   -0.5090  -19.4700   13.2594  -12.1393  -12.7997   -7.4872
    2.3944   -1.4583   -1.7924   -8.9922    4.0567    9.9269
eta,q 0.95240 24.00832
  0.0549  0.0594  0.0474  0.0515  0.0492  0.0504  0.0488  0.0499  0.0496  0.0509  0.0489  0.0490
  0.0535  0.0569  0.0477  0.0501  0.0486  0.0498  0.0485  0.0486  0.0491  0.0496  0.0486  0.0486
  0.0527  0.0544  0.0480  0.0487  0.0483  0.0491  0.0484  0.0484  0.0487  0.0487  0.0484  0.0483
  0.0522  0.0520  0.0483  0.0477  0.0485  0.0483  0.0486  0.0484  0.0484  0.0483  0.0483  0.0480
  0.0520  0.0498  0.0487  0.0493  0.0496  0.0474  0.0489  0.0486  0.0483  0.0484  0.0481  0.0478
  0.0522  0.0478  0.0492  0.0574  0.0536  0.0489  0.0494  0.0489  0.0483  0.0490  0.0480  0.0475
  0.0527  0.0461  0.0498  0.0713  0.0614  0.0550  0.0502  0.0504  0.0484  0.0498  0.0479  0.0474
niter,ni,del,rscale     7    3    5.0000    1.2000
parameter  2 -3.753269 -> -0.500000 qaram    1.5209
parameters
   -0.3447  -17.6450   12.3618  -12.9742  -14.2391   -8.5315
    0.6664   -2.8636   -0.0207   -5.7965    8.3672   12.3605
eta,q 0.95570 23.73154
  0.0486  0.0555  0.0439  0.0481  0.0470  0.0466  0.0454  0.0457  0.0456  0.0476  0.0454  0.0450
  0.0480  0.0528  0.0437  0.0468  0.0460  0.0460  0.0449  0.0450  0.0452  0.0462  0.0450  0.0448
  0.0477  0.0502  0.0437  0.0453  0.0448  0.0452  0.0447  0.0447  0.0449  0.0452  0.0448  0.0446
  0.0476  0.0476  0.0437  0.0437  0.0441  0.0444  0.0447  0.0447  0.0447  0.0446  0.0445  0.0444
  0.0477  0.0453  0.0439  0.0428  0.0442  0.0435  0.0450  0.0448  0.0446  0.0445  0.0444  0.0443
  0.0479  0.0432  0.0440  0.0452  0.0463  0.0455  0.0455  0.0454  0.0447  0.0447  0.0444  0.0443
  0.0483  0.0416  0.0444  0.0543  0.0524  0.0514  0.0465  0.0477  0.0450  0.0452  0.0446  0.0447
niter,ni,del,rscale     7    3    5.0000    1.2000
parameter  2 -2.880876 -> -0.500000 qaram    1.7490
parameter 10 -0.968359 -> -0.500000 qaram    1.5209
parameters
   -0.4866  -15.5462   13.7093  -13.6909  -16.0750   -9.1354
   -1.6902   -4.1872   -0.3061   -0.3213    6.8395   12.0602
eta,q 0.96001 23.52036
  0.0451  0.0528  0.0413  0.0442  0.0439  0.0432  0.0417  0.0417  0.0415  0.0441  0.0405  0.0410
  0.0446  0.0497  0.0410  0.0430  0.0426  0.0426  0.0412  0.0413  0.0412  0.0429  0.0402  0.0405
  0.0443  0.0469  0.0407  0.0416  0.0413  0.0418  0.0410  0.0411  0.0410  0.0419  0.0400  0.0402
  0.0443  0.0443  0.0404  0.0402  0.0405  0.0409  0.0411  0.0410  0.0410  0.0410  0.0400  0.0400
  0.0444  0.0419  0.0402  0.0395  0.0408  0.0404  0.0415  0.0411  0.0411  0.0403  0.0401  0.0400
  0.0447  0.0399  0.0402  0.0415  0.0443  0.0413  0.0422  0.0415  0.0413  0.0399  0.0404  0.0404
  0.0453  0.0383  0.0405  0.0490  0.0519  0.0463  0.0436  0.0429  0.0416  0.0401  0.0411  0.0414
niter,ni,del,rscale     7    3    5.0000    1.2000
parameter  2 -1.891815 -> -0.500000 qaram    2.0114
parameters
   -0.5098  -13.1326   13.5816  -12.9980  -18.6335   -9.3129
   -2.0222   -3.6188   -1.3317    2.9285    5.4178    8.3163
eta,q 0.96501 23.31619
  0.0408  0.0502  0.0365  0.0398  0.0382  0.0383  0.0372  0.0380  0.0363  0.0406  0.0356  0.0353
  0.0404  0.0467  0.0361  0.0385  0.0369  0.0375  0.0363  0.0365  0.0359  0.0388  0.0353  0.0351
  0.0401  0.0433  0.0358  0.0371  0.0358  0.0366  0.0358  0.0359  0.0357  0.0371  0.0351  0.0350
  0.0400  0.0400  0.0356  0.0356  0.0353  0.0356  0.0357  0.0357  0.0357  0.0357  0.0351  0.0351
  0.0401  0.0372  0.0357  0.0345  0.0364  0.0352  0.0359  0.0358  0.0359  0.0351  0.0352  0.0355
  0.0404  0.0351  0.0360  0.0350  0.0413  0.0359  0.0364  0.0363  0.0362  0.0356  0.0355  0.0364
  0.0409  0.0341  0.0368  0.0408  0.0509  0.0404  0.0375  0.0374  0.0368  0.0374  0.0362  0.0379
niter,ni,del,rscale     7    3    5.0000    1.2000
parameter  2 -0.799630 -> -0.500000 qaram    2.3131
parameter 12  0.622857 ->  0.500000 qaram    1.5209
parameters
   -0.4148  -10.3569   13.0733  -13.1204  -20.8991   -8.3935
   -1.2562   -3.6854   -1.8546    3.6944    3.1576    2.8412
eta,q 0.96856 23.10145
  0.0361  0.0465  0.0323  0.0361  0.0355  0.0352  0.0341  0.0342  0.0330  0.0368  0.0320  0.0314
  0.0355  0.0423  0.0320  0.0348  0.0339  0.0344  0.0329  0.0326  0.0323  0.0347  0.0319  0.0314
  0.0352  0.0384  0.0318  0.0333  0.0326  0.0333  0.0322  0.0320  0.0320  0.0330  0.0318  0.0315
  0.0350  0.0350  0.0318  0.0318  0.0319  0.0323  0.0319  0.0319  0.0319  0.0319  0.0318  0.0318
  0.0351  0.0326  0.0319  0.0307  0.0328  0.0315  0.0320  0.0322  0.0321  0.0319  0.0319  0.0323
  0.0354  0.0317  0.0324  0.0318  0.0377  0.0316  0.0325  0.0327  0.0326  0.0333  0.0321  0.0332
  0.0360  0.0327  0.0332  0.0395  0.0473  0.0354  0.0334  0.0342  0.0333  0.0361  0.0326  0.0345
niter,ni,del,rscale     7    3    5.0000    1.2000
parameter 12  0.648740 ->  0.500000 qaram    1.7490
parameters
   -0.1454   -8.9346   13.4747  -12.7176  -21.8004   -8.0269
   -0.8802   -3.8056   -1.8519    4.9352   -0.6381   -3.4552
eta,q 0.97020 23.08050
  0.0328  0.0420  0.0315  0.0352  0.0352  0.0338  0.0326  0.0330  0.0318  0.0354  0.0305  0.0298
  0.0321  0.0376  0.0312  0.0338  0.0333  0.0329  0.0313  0.0309  0.0311  0.0331  0.0303  0.0298
  0.0317  0.0339  0.0308  0.0323  0.0316  0.0318  0.0307  0.0305  0.0307  0.0314  0.0303  0.0299
  0.0314  0.0314  0.0306  0.0306  0.0304  0.0306  0.0305  0.0305  0.0305  0.0305  0.0304  0.0303
  0.0315  0.0306  0.0306  0.0292  0.0302  0.0299  0.0307  0.0309  0.0306  0.0305  0.0306  0.0309
  0.0318  0.0318  0.0307  0.0300  0.0329  0.0303  0.0312  0.0315  0.0311  0.0315  0.0309  0.0320
  0.0323  0.0354  0.0312  0.0372  0.0405  0.0351  0.0322  0.0326  0.0318  0.0339  0.0315  0.0336
niter,ni,del,rscale     7    3    5.0000    1.2000
parameters
    0.0289   -8.2435   13.6611  -13.0169  -21.3260   -7.7489
   -0.5214   -2.9847   -1.8944    6.6217   -1.8741   -8.5788
eta,q 0.97084 23.14663
  0.0313  0.0389  0.0305  0.0344  0.0353  0.0332  0.0317  0.0339  0.0310  0.0348  0.0299  0.0297
  0.0305  0.0348  0.0301  0.0330  0.0333  0.0321  0.0304  0.0303  0.0302  0.0324  0.0295  0.0293
  0.0300  0.0315  0.0298  0.0314  0.0313  0.0308  0.0297  0.0294  0.0297  0.0305  0.0294  0.0292
  0.0298  0.0298  0.0296  0.0296  0.0298  0.0296  0.0295  0.0295  0.0296  0.0296  0.0295  0.0294
  0.0299  0.0299  0.0296  0.0283  0.0291  0.0288  0.0297  0.0299  0.0297  0.0295  0.0295  0.0301
  0.0302  0.0318  0.0298  0.0301  0.0305  0.0293  0.0302  0.0305  0.0302  0.0304  0.0297  0.0312
  0.0309  0.0357  0.0304  0.0389  0.0361  0.0348  0.0312  0.0315  0.0310  0.0325  0.0302  0.0329
niter,ni,del,rscale     6    3    5.0000    1.2000
parameters
    0.0530   -7.9492   13.0574  -12.9574  -20.9620   -7.2396
   -0.5799   -1.8834   -1.9746    8.8472   -1.3741  -11.8224
eta,q 0.97151 23.26113
  0.0304  0.0378  0.0296  0.0340  0.0346  0.0330  0.0308  0.0341  0.0303  0.0345  0.0294  0.0295
  0.0297  0.0335  0.0293  0.0326  0.0326  0.0318  0.0295  0.0298  0.0295  0.0319  0.0289  0.0288
  0.0293  0.0305  0.0292  0.0309  0.0306  0.0304  0.0289  0.0286  0.0290  0.0300  0.0287  0.0285
  0.0292  0.0292  0.0291  0.0291  0.0291  0.0290  0.0287  0.0287  0.0288  0.0288  0.0286  0.0286
  0.0293  0.0297  0.0293  0.0276  0.0286  0.0279  0.0290  0.0291  0.0290  0.0286  0.0286  0.0291
  0.0297  0.0320  0.0298  0.0289  0.0300  0.0281  0.0297  0.0298  0.0295  0.0294  0.0288  0.0300
  0.0304  0.0364  0.0306  0.0373  0.0355  0.0344  0.0307  0.0307  0.0303  0.0314  0.0292  0.0315
niter,ni,del,rscale     5    3    5.0000    1.2000
parameters
    0.0721   -7.7816   12.1016  -12.8217  -20.9830   -7.2414
   -0.5422   -1.2505   -2.0370   10.9920   -0.6853  -13.3458
eta,q 0.97190 23.34670
  0.0298  0.0370  0.0288  0.0333  0.0335  0.0327  0.0304  0.0327  0.0298  0.0339  0.0290  0.0296
  0.0291  0.0326  0.0285  0.0319  0.0316  0.0314  0.0292  0.0291  0.0290  0.0312  0.0285  0.0287
  0.0287  0.0297  0.0284  0.0302  0.0297  0.0299  0.0285  0.0282  0.0286  0.0295  0.0282  0.0282
  0.0285  0.0285  0.0285  0.0284  0.0283  0.0283  0.0283  0.0283  0.0284  0.0284  0.0281  0.0281
  0.0286  0.0292  0.0288  0.0268  0.0280  0.0270  0.0286  0.0287  0.0286  0.0281  0.0282  0.0285
  0.0290  0.0316  0.0294  0.0279  0.0295  0.0279  0.0292  0.0294  0.0291  0.0289  0.0283  0.0293
  0.0298  0.0363  0.0304  0.0366  0.0355  0.0360  0.0302  0.0307  0.0298  0.0310  0.0288  0.0306
niter,ni,del,rscale     4    3    5.0000    1.2000
parameters
    0.0965   -7.4630   11.2475  -12.9245  -21.3231   -7.5976
   -0.4673   -1.2752   -1.9968   12.6244   -0.0023  -14.1068
eta,q 0.97186 23.34938
  0.0294  0.0369  0.0284  0.0329  0.0329  0.0325  0.0303  0.0319  0.0296  0.0331  0.0289  0.0298
  0.0287  0.0325  0.0282  0.0315  0.0311  0.0312  0.0292  0.0289  0.0289  0.0308  0.0284  0.0289
  0.0283  0.0294  0.0280  0.0299  0.0293  0.0297  0.0286  0.0283  0.0285  0.0293  0.0282  0.0283
  0.0281  0.0281  0.0281  0.0280  0.0281  0.0282  0.0284  0.0284  0.0284  0.0284  0.0281  0.0281
  0.0282  0.0286  0.0283  0.0264  0.0279  0.0267  0.0286  0.0288  0.0285  0.0281  0.0282  0.0284
  0.0286  0.0308  0.0289  0.0277  0.0295  0.0285  0.0293  0.0295  0.0289  0.0289  0.0283  0.0292
  0.0294  0.0354  0.0298  0.0371  0.0359  0.0373  0.0302  0.0314  0.0296  0.0312  0.0287  0.0303
niter,ni,del,rscale     3    3    5.0000    1.2000
parameters
    0.1017   -7.0174   10.5562  -13.0770  -21.9112   -8.1130
   -0.4432   -1.4058   -1.8559   14.1933   -0.0537  -14.7284
eta,q 0.97176 23.30235
  0.0294  0.0369  0.0284  0.0327  0.0326  0.0323  0.0304  0.0319  0.0297  0.0329  0.0288  0.0299
  0.0287  0.0326  0.0282  0.0313  0.0309  0.0311  0.0294  0.0291  0.0291  0.0309  0.0284  0.0290
  0.0283  0.0296  0.0281  0.0298  0.0293  0.0297  0.0288  0.0284  0.0287  0.0296  0.0283  0.0284
  0.0281  0.0281  0.0281  0.0280  0.0281  0.0283  0.0285  0.0285  0.0285  0.0285  0.0283  0.0282
  0.0282  0.0284  0.0282  0.0264  0.0280  0.0268  0.0288  0.0289  0.0286  0.0282  0.0283  0.0285
  0.0286  0.0304  0.0286  0.0277  0.0298  0.0288  0.0294  0.0296  0.0290  0.0290  0.0285  0.0292
  0.0294  0.0349  0.0294  0.0370  0.0363  0.0376  0.0303  0.0317  0.0296  0.0314  0.0288  0.0303
niter,ni,del,rscale     2    3    5.0000    1.2000
parameters
    0.1022   -6.4699    9.9144  -13.2542  -22.6269   -8.7549
   -0.4657   -1.3060   -1.5715   15.8352   -0.4445  -15.3296
eta,q 0.97169 23.22943
  0.0294  0.0370  0.0284  0.0325  0.0326  0.0320  0.0304  0.0322  0.0299  0.0331  0.0288  0.0299
  0.0288  0.0330  0.0282  0.0312  0.0308  0.0310  0.0294  0.0292  0.0293  0.0314  0.0284  0.0290
  0.0284  0.0299  0.0281  0.0297  0.0292  0.0297  0.0289  0.0286  0.0289  0.0299  0.0283  0.0285
  0.0282  0.0282  0.0281  0.0281  0.0282  0.0283  0.0286  0.0286  0.0287  0.0286  0.0283  0.0283
  0.0283  0.0284  0.0282  0.0264  0.0282  0.0269  0.0289  0.0290  0.0287  0.0283  0.0284  0.0286
  0.0287  0.0303  0.0286  0.0277  0.0300  0.0289  0.0295  0.0297  0.0291  0.0292  0.0286  0.0293
  0.0295  0.0347  0.0292  0.0368  0.0365  0.0376  0.0304  0.0316  0.0298  0.0316  0.0288  0.0302
niter,ni,del,rscale     1    3    5.0000    1.2000
parameters
    0.0920   -5.8798    9.2693  -13.3603  -23.3675   -9.4658
   -0.5241   -1.1761   -1.3980   17.3481   -0.4270  -15.9194
eta,q 0.97157 23.15442
  0.0294  0.0373  0.0285  0.0324  0.0326  0.0317  0.0304  0.0323  0.0300  0.0334  0.0289  0.0299
  0.0288  0.0333  0.0283  0.0311  0.0309  0.0307  0.0295  0.0293  0.0293  0.0316  0.0285  0.0291
  0.0285  0.0301  0.0282  0.0297  0.0293  0.0296  0.0289  0.0286  0.0289  0.0299  0.0284  0.0286
  0.0283  0.0283  0.0282  0.0281  0.0282  0.0284  0.0287  0.0287  0.0287  0.0287  0.0284  0.0284
  0.0284  0.0284  0.0283  0.0265  0.0282  0.0271  0.0289  0.0291  0.0288  0.0284  0.0285  0.0287
  0.0288  0.0304  0.0287  0.0276  0.0301  0.0289  0.0295  0.0297  0.0292  0.0294  0.0286  0.0293
  0.0295  0.0347  0.0292  0.0362  0.0366  0.0372  0.0304  0.0315  0.0299  0.0320  0.0288  0.0302
registration optimization eta report
parameter search radius
    2.4000    5.5513    2.7600    9.5220    9.5220    8.2800
    8.2800    8.2800    7.2000   10.9503    9.5220   12.5928
100000*second partial in parameter space
       20.       25.        9.        7.        7.       10.
        2.        5.        2.        3.        0.        1.
  0.0294  0.0373  0.0285  0.0324  0.0326  0.0317  0.0304  0.0323  0.0300  0.0334  0.0289  0.0299
  0.0288  0.0333  0.0283  0.0311  0.0309  0.0307  0.0295  0.0293  0.0293  0.0316  0.0285  0.0291
  0.0285  0.0301  0.0282  0.0297  0.0293  0.0296  0.0289  0.0286  0.0289  0.0299  0.0284  0.0286
  0.0283  0.0283  0.0282  0.0281  0.0282  0.0284  0.0287  0.0287  0.0287  0.0287  0.0284  0.0284
  0.0284  0.0284  0.0283  0.0265  0.0282  0.0271  0.0289  0.0291  0.0288  0.0284  0.0285  0.0287
  0.0288  0.0304  0.0287  0.0276  0.0301  0.0289  0.0295  0.0297  0.0292  0.0294  0.0286  0.0293
  0.0295  0.0347  0.0292  0.0362  0.0366  0.0372  0.0304  0.0315  0.0299  0.0320  0.0288  0.0302
    0.0920   -5.8798    9.2693  -13.3603  -23.3675   -9.4658
   -0.5241   -1.1761   -1.3980   17.3481   -0.4270  -15.9194
eta,q 0.97157 23.15442

---------------------------------------------------------------------
imgreg_4dfp /opt/freesurfer/average/711-2C_as_mni_average_305 /opt/freesurfer/average/711-2B_as_mni_average_305_mask talsrcimg_g11 none talsrcimg_to_711-2C_as_mni_average_305_t4 2311
---------------------------------------------------------------------

freesurfer imgreg_4dfp.c
/opt/freesurfer/average/711-2C_as_mni_average_305.4dfp.img
       256       256       256         1
  1.000000  1.000000  1.000000
orientation T byte_order littleendian
Reading image: /opt/freesurfer/average/711-2C_as_mni_average_305.4dfp.img
dimensions:      256       256       256
mmppix:       1.0000   -1.0000   -1.0000
center:     128.0000 -129.0000 -129.0000
/opt/freesurfer/average/711-2B_as_mni_average_305_mask.4dfp.img
       256       256       256         1
  1.000000  1.000000  1.000000
orientation T byte_order littleendian
Reading mask: /opt/freesurfer/average/711-2B_as_mni_average_305_mask.4dfp.img (2306576 pixels)
talsrcimg_g11.4dfp.img
       320       320       320         1
  0.800000  0.800000  0.800000
orientation T byte_order littleendian
Reading image: talsrcimg_g11.4dfp.img
dimensions:      320       320       320
mmppix:       0.8000   -0.8000   -0.8000
center:     128.0000 -128.8000 -128.8000
fimgreg.f
image alignment mode   2311 decimal      907 hex
parameters
    0.0920   -5.8798    9.2693  -13.3603  -23.3675   -9.4658
   -0.5241   -1.1761   -1.3980   17.3481   -0.4270  -15.9194
eta,q 0.97157 23.15442
niter,ni,del,rscale     5    3    5.0000    0.8000
parameter  4 -3.997606 -> -0.500000 qaram    1.1500
parameters
    0.1322   -5.1669    8.8079  -10.6003  -22.7698   -7.3476
   -0.8610   -0.7085   -1.4240   18.0070   -0.0942  -17.6555
eta,q 0.97409 23.50184
  0.0289  0.0298  0.0284  0.0305  0.0286  0.0289  0.0269  0.0307  0.0269  0.0277  0.0269  0.0261
  0.0287  0.0292  0.0283  0.0298  0.0278  0.0282  0.0264  0.0280  0.0264  0.0269  0.0264  0.0259
  0.0285  0.0287  0.0283  0.0291  0.0272  0.0275  0.0261  0.0265  0.0261  0.0263  0.0261  0.0259
  0.0284  0.0284  0.0283  0.0283  0.0269  0.0268  0.0260  0.0260  0.0260  0.0260  0.0260  0.0260
  0.0285  0.0283  0.0284  0.0274  0.0268  0.0262  0.0262  0.0262  0.0261  0.0260  0.0260  0.0261
  0.0286  0.0283  0.0285  0.0267  0.0271  0.0259  0.0266  0.0271  0.0264  0.0263  0.0262  0.0263
  0.0289  0.0285  0.0287  0.0266  0.0280  0.0273  0.0272  0.0290  0.0269  0.0270  0.0267  0.0266
niter,ni,del,rscale     5    3    5.0000    0.8000
parameters
   -0.1072   -5.6210    9.0429  -11.1458  -22.5966   -7.9279
   -0.1965   -1.2926   -1.5142   18.5067    0.5100  -18.2272
eta,q 0.97380 23.51659
  0.0269  0.0262  0.0267  0.0288  0.0276  0.0283  0.0274  0.0281  0.0270  0.0277  0.0268  0.0265
  0.0263  0.0259  0.0262  0.0278  0.0269  0.0275  0.0268  0.0268  0.0266  0.0270  0.0265  0.0263
  0.0259  0.0258  0.0259  0.0268  0.0263  0.0268  0.0265  0.0263  0.0263  0.0265  0.0263  0.0262
  0.0259  0.0259  0.0258  0.0258  0.0261  0.0260  0.0263  0.0263  0.0262  0.0262  0.0262  0.0262
  0.0262  0.0261  0.0259  0.0257  0.0261  0.0258  0.0263  0.0267  0.0263  0.0263  0.0262  0.0263
  0.0268  0.0266  0.0260  0.0275  0.0265  0.0274  0.0265  0.0276  0.0266  0.0266  0.0263  0.0264
  0.0278  0.0272  0.0262  0.0322  0.0276  0.0319  0.0269  0.0293  0.0271  0.0273  0.0266  0.0266
niter,ni,del,rscale     4    3    5.0000    0.7000
parameters
   -0.2478   -5.5376    8.6255  -10.7097  -22.5853   -8.1582
    0.0013   -1.5072   -1.6107   19.0715    0.8893  -18.3268
eta,q 0.97398 23.54681
  0.0268  0.0269  0.0263  0.0288  0.0271  0.0279  0.0269  0.0281  0.0267  0.0273  0.0266  0.0263
  0.0264  0.0265  0.0262  0.0279  0.0265  0.0272  0.0264  0.0268  0.0263  0.0267  0.0263  0.0261
  0.0262  0.0263  0.0262  0.0270  0.0261  0.0266  0.0262  0.0262  0.0261  0.0263  0.0261  0.0260
  0.0262  0.0262  0.0262  0.0262  0.0260  0.0260  0.0261  0.0261  0.0261  0.0260  0.0260  0.0260
  0.0263  0.0263  0.0263  0.0257  0.0260  0.0256  0.0261  0.0264  0.0261  0.0260  0.0260  0.0261
  0.0266  0.0264  0.0264  0.0263  0.0264  0.0266  0.0263  0.0271  0.0264  0.0263  0.0262  0.0261
  0.0271  0.0268  0.0266  0.0288  0.0272  0.0297  0.0267  0.0286  0.0267  0.0268  0.0264  0.0263
niter,ni,del,rscale     3    3    5.0000    0.6000
parameters
   -0.3051   -5.4229    8.5490  -10.3865  -22.7751   -8.0136
    0.1333   -1.6836   -1.7278   19.2196    1.1357  -18.3586
eta,q 0.97417 23.54975
  0.0266  0.0266  0.0262  0.0282  0.0266  0.0275  0.0265  0.0276  0.0263  0.0267  0.0263  0.0260
  0.0263  0.0263  0.0261  0.0275  0.0262  0.0269  0.0261  0.0265  0.0260  0.0262  0.0261  0.0259
  0.0261  0.0261  0.0260  0.0267  0.0260  0.0264  0.0259  0.0260  0.0259  0.0260  0.0259  0.0259
  0.0260  0.0260  0.0260  0.0260  0.0259  0.0259  0.0258  0.0258  0.0258  0.0258  0.0258  0.0258
  0.0261  0.0260  0.0261  0.0257  0.0260  0.0256  0.0259  0.0261  0.0259  0.0259  0.0259  0.0258
  0.0263  0.0262  0.0262  0.0263  0.0263  0.0260  0.0261  0.0268  0.0261  0.0261  0.0260  0.0259
  0.0268  0.0264  0.0263  0.0282  0.0269  0.0279  0.0264  0.0280  0.0264  0.0266  0.0262  0.0260
niter,ni,del,rscale     2    3    5.0000    0.5000
parameters
   -0.3645   -5.4007    8.6222  -10.0943  -22.8883   -7.7245
    0.2523   -1.8326   -1.8312   19.1500    1.3008  -18.2831
eta,q 0.97436 23.55429
  0.0263  0.0262  0.0261  0.0276  0.0263  0.0270  0.0261  0.0270  0.0260  0.0262  0.0261  0.0258
  0.0260  0.0260  0.0259  0.0270  0.0260  0.0265  0.0259  0.0262  0.0258  0.0259  0.0258  0.0257
  0.0259  0.0259  0.0259  0.0263  0.0258  0.0261  0.0257  0.0258  0.0257  0.0257  0.0257  0.0257
  0.0258  0.0258  0.0258  0.0258  0.0257  0.0257  0.0257  0.0256  0.0256  0.0256  0.0256  0.0256
  0.0259  0.0259  0.0258  0.0257  0.0258  0.0255  0.0257  0.0259  0.0257  0.0257  0.0257  0.0257
  0.0261  0.0260  0.0259  0.0261  0.0260  0.0258  0.0258  0.0264  0.0258  0.0259  0.0258  0.0257
  0.0264  0.0261  0.0260  0.0275  0.0264  0.0270  0.0261  0.0273  0.0260  0.0263  0.0260  0.0258
niter,ni,del,rscale     1    3    5.0000    0.4000
parameters
   -0.4271   -5.4608    8.7758   -9.8656  -22.9214   -7.3466
    0.3737   -1.9617   -1.8882   18.9063    1.3857  -18.0786
eta,q 0.97452 23.55954
  0.0260  0.0258  0.0259  0.0270  0.0260  0.0265  0.0258  0.0265  0.0257  0.0258  0.0258  0.0256
  0.0258  0.0257  0.0257  0.0264  0.0258  0.0262  0.0256  0.0259  0.0256  0.0256  0.0256  0.0255
  0.0257  0.0256  0.0257  0.0260  0.0256  0.0259  0.0255  0.0256  0.0255  0.0255  0.0255  0.0255
  0.0256  0.0256  0.0256  0.0256  0.0256  0.0256  0.0255  0.0255  0.0255  0.0255  0.0255  0.0255
  0.0257  0.0257  0.0256  0.0256  0.0256  0.0254  0.0255  0.0257  0.0255  0.0256  0.0255  0.0255
  0.0259  0.0258  0.0257  0.0259  0.0258  0.0256  0.0256  0.0261  0.0256  0.0257  0.0256  0.0255
  0.0261  0.0259  0.0257  0.0268  0.0260  0.0263  0.0258  0.0267  0.0257  0.0260  0.0258  0.0256
registration optimization eta report
parameter search radius
    0.8000    0.8000    0.8000    2.7600    2.4000    2.4000
    2.4000    2.4000    2.4000    2.4000    2.4000    2.4000
100000*second partial in parameter space
       60.       35.       25.       17.        7.       14.
        5.       19.        4.        7.        5.        2.
  0.0260  0.0258  0.0259  0.0270  0.0260  0.0265  0.0258  0.0265  0.0257  0.0258  0.0258  0.0256
  0.0258  0.0257  0.0257  0.0264  0.0258  0.0262  0.0256  0.0259  0.0256  0.0256  0.0256  0.0255
  0.0257  0.0256  0.0257  0.0260  0.0256  0.0259  0.0255  0.0256  0.0255  0.0255  0.0255  0.0255
  0.0256  0.0256  0.0256  0.0256  0.0256  0.0256  0.0255  0.0255  0.0255  0.0255  0.0255  0.0255
  0.0257  0.0257  0.0256  0.0256  0.0256  0.0254  0.0255  0.0257  0.0255  0.0256  0.0255  0.0255
  0.0259  0.0258  0.0257  0.0259  0.0258  0.0256  0.0256  0.0261  0.0256  0.0257  0.0256  0.0255
  0.0261  0.0259  0.0257  0.0268  0.0260  0.0263  0.0258  0.0267  0.0257  0.0260  0.0258  0.0256
   -0.4271   -5.4608    8.7758   -9.8656  -22.9214   -7.3466
    0.3737   -1.9617   -1.8882   18.9063    1.3857  -18.0786
eta,q 0.97452 23.55954

---------------------------------------------------------------------
imgreg_4dfp /opt/freesurfer/average/711-2C_as_mni_average_305 /opt/freesurfer/average/711-2B_as_mni_average_305_mask talsrcimg_g11 none talsrcimg_to_711-2C_as_mni_average_305_t4 2311
---------------------------------------------------------------------

freesurfer imgreg_4dfp.c
/opt/freesurfer/average/711-2C_as_mni_average_305.4dfp.img
       256       256       256         1
  1.000000  1.000000  1.000000
orientation T byte_order littleendian
Reading image: /opt/freesurfer/average/711-2C_as_mni_average_305.4dfp.img
dimensions:      256       256       256
mmppix:       1.0000   -1.0000   -1.0000
center:     128.0000 -129.0000 -129.0000
/opt/freesurfer/average/711-2B_as_mni_average_305_mask.4dfp.img
       256       256       256         1
  1.000000  1.000000  1.000000
orientation T byte_order littleendian
Reading mask: /opt/freesurfer/average/711-2B_as_mni_average_305_mask.4dfp.img (2306576 pixels)
talsrcimg_g11.4dfp.img
       320       320       320         1
  0.800000  0.800000  0.800000
orientation T byte_order littleendian
Reading image: talsrcimg_g11.4dfp.img
dimensions:      320       320       320
mmppix:       0.8000   -0.8000   -0.8000
center:     128.0000 -128.8000 -128.8000
fimgreg.f
image alignment mode   2311 decimal      907 hex
parameters
   -0.4271   -5.4608    8.7758   -9.8656  -22.9214   -7.3466
    0.3737   -1.9617   -1.8882   18.9063    1.3857  -18.0786
eta,q 0.97452 23.55955
niter,ni,del,rscale     5    3    5.0000    0.8000
parameters
   -0.5104   -5.5632    9.1187  -10.6259  -23.0104   -8.0329
    0.6608   -2.1434   -1.8071   18.8144    1.3461  -18.3281
eta,q 0.97402 23.51471
  0.0270  0.0263  0.0267  0.0279  0.0271  0.0279  0.0270  0.0286  0.0268  0.0272  0.0265  0.0263
  0.0261  0.0258  0.0260  0.0270  0.0264  0.0271  0.0265  0.0269  0.0264  0.0266  0.0262  0.0261
  0.0256  0.0255  0.0256  0.0261  0.0259  0.0264  0.0261  0.0261  0.0261  0.0262  0.0260  0.0260
  0.0255  0.0255  0.0255  0.0255  0.0257  0.0257  0.0260  0.0260  0.0260  0.0260  0.0260  0.0260
  0.0257  0.0256  0.0255  0.0258  0.0258  0.0255  0.0261  0.0263  0.0261  0.0261  0.0260  0.0260
  0.0264  0.0260  0.0256  0.0277  0.0263  0.0273  0.0263  0.0272  0.0263  0.0266  0.0262  0.0262
  0.0274  0.0265  0.0259  0.0320  0.0274  0.0320  0.0268  0.0289  0.0268  0.0274  0.0265  0.0264
niter,ni,del,rscale     4    3    5.0000    0.7000
parameters
   -0.5292   -5.4792    8.6912  -10.3301  -22.7941   -8.2512
    0.5203   -2.0764   -1.7531   19.2273    1.4057  -18.3105
eta,q 0.97411 23.54591
  0.0268  0.0267  0.0261  0.0282  0.0270  0.0277  0.0266  0.0285  0.0266  0.0271  0.0264  0.0262
  0.0264  0.0263  0.0260  0.0275  0.0264  0.0270  0.0262  0.0269  0.0262  0.0265  0.0261  0.0260
  0.0261  0.0261  0.0259  0.0267  0.0260  0.0264  0.0260  0.0261  0.0260  0.0261  0.0259  0.0259
  0.0260  0.0260  0.0260  0.0259  0.0258  0.0258  0.0259  0.0259  0.0259  0.0259  0.0259  0.0259
  0.0261  0.0260  0.0261  0.0257  0.0259  0.0255  0.0260  0.0261  0.0260  0.0259  0.0259  0.0259
  0.0264  0.0262  0.0262  0.0263  0.0262  0.0264  0.0263  0.0269  0.0262  0.0262  0.0261  0.0260
  0.0269  0.0265  0.0265  0.0283  0.0269  0.0294  0.0267  0.0282  0.0265  0.0267  0.0264  0.0262
niter,ni,del,rscale     3    3    5.0000    0.6000
parameters
   -0.5078   -5.4081    8.6254  -10.0705  -22.9176   -8.0531
    0.4608   -2.0799   -1.7969   19.2643    1.4637  -18.2587
eta,q 0.97427 23.54812
  0.0266  0.0264  0.0261  0.0278  0.0266  0.0273  0.0263  0.0278  0.0262  0.0265  0.0262  0.0260
  0.0262  0.0261  0.0260  0.0271  0.0262  0.0268  0.0260  0.0266  0.0259  0.0261  0.0259  0.0258
  0.0260  0.0260  0.0259  0.0264  0.0259  0.0263  0.0258  0.0259  0.0258  0.0258  0.0258  0.0258
  0.0259  0.0259  0.0259  0.0259  0.0258  0.0258  0.0257  0.0257  0.0257  0.0257  0.0257  0.0257
  0.0259  0.0259  0.0259  0.0257  0.0259  0.0255  0.0258  0.0260  0.0258  0.0258  0.0258  0.0257
  0.0262  0.0261  0.0260  0.0262  0.0262  0.0259  0.0260  0.0266  0.0260  0.0261  0.0259  0.0258
  0.0266  0.0263  0.0262  0.0278  0.0268  0.0276  0.0264  0.0278  0.0262  0.0265  0.0262  0.0259
niter,ni,del,rscale     2    3    5.0000    0.5000
parameters
   -0.5131   -5.4134    8.7096   -9.8586  -22.9729   -7.7138
    0.4812   -2.1110   -1.8550   19.1058    1.5182  -18.1403
eta,q 0.97442 23.55256
  0.0263  0.0261  0.0260  0.0272  0.0262  0.0269  0.0260  0.0272  0.0259  0.0261  0.0260  0.0258
  0.0260  0.0259  0.0258  0.0267  0.0259  0.0265  0.0258  0.0262  0.0257  0.0258  0.0258  0.0257
  0.0258  0.0258  0.0258  0.0261  0.0258  0.0260  0.0256  0.0257  0.0256  0.0256  0.0256  0.0256
  0.0257  0.0257  0.0257  0.0257  0.0257  0.0257  0.0256  0.0256  0.0256  0.0256  0.0256  0.0256
  0.0258  0.0258  0.0257  0.0256  0.0257  0.0255  0.0256  0.0258  0.0256  0.0257  0.0256  0.0256
  0.0260  0.0259  0.0258  0.0261  0.0259  0.0257  0.0258  0.0263  0.0258  0.0259  0.0257  0.0256
  0.0263  0.0261  0.0259  0.0271  0.0263  0.0268  0.0260  0.0272  0.0260  0.0262  0.0260  0.0257
niter,ni,del,rscale     1    3    5.0000    0.4000
parameters
   -0.5363   -5.4923    8.8661   -9.7005  -22.9661   -7.3056
    0.5239   -2.1644   -1.9078   18.8103    1.5463  -17.9619
eta,q 0.97456 23.55905
  0.0260  0.0258  0.0258  0.0267  0.0259  0.0265  0.0258  0.0265  0.0257  0.0257  0.0257  0.0256
  0.0257  0.0256  0.0257  0.0262  0.0257  0.0261  0.0256  0.0259  0.0255  0.0256  0.0256  0.0255
  0.0256  0.0256  0.0256  0.0258  0.0256  0.0258  0.0255  0.0255  0.0255  0.0255  0.0255  0.0255
  0.0256  0.0256  0.0256  0.0256  0.0255  0.0255  0.0255  0.0254  0.0254  0.0254  0.0254  0.0254
  0.0256  0.0256  0.0256  0.0255  0.0256  0.0254  0.0255  0.0256  0.0255  0.0255  0.0255  0.0254
  0.0258  0.0257  0.0256  0.0258  0.0257  0.0255  0.0256  0.0260  0.0256  0.0257  0.0256  0.0255
  0.0260  0.0258  0.0257  0.0266  0.0259  0.0262  0.0257  0.0266  0.0257  0.0259  0.0257  0.0255
registration optimization eta report
parameter search radius
    0.8000    0.8000    0.8000    2.4000    2.4000    2.4000
    2.4000    2.4000    2.4000    2.4000    2.4000    2.4000
100000*second partial in parameter space
       64.       34.       25.       18.        7.       14.
        5.       20.        4.        7.        5.        2.
  0.0260  0.0258  0.0258  0.0267  0.0259  0.0265  0.0258  0.0265  0.0257  0.0257  0.0257  0.0256
  0.0257  0.0256  0.0257  0.0262  0.0257  0.0261  0.0256  0.0259  0.0255  0.0256  0.0256  0.0255
  0.0256  0.0256  0.0256  0.0258  0.0256  0.0258  0.0255  0.0255  0.0255  0.0255  0.0255  0.0255
  0.0256  0.0256  0.0256  0.0256  0.0255  0.0255  0.0255  0.0254  0.0254  0.0254  0.0254  0.0254
  0.0256  0.0256  0.0256  0.0255  0.0256  0.0254  0.0255  0.0256  0.0255  0.0255  0.0255  0.0254
  0.0258  0.0257  0.0256  0.0258  0.0257  0.0255  0.0256  0.0260  0.0256  0.0257  0.0256  0.0255
  0.0260  0.0258  0.0257  0.0266  0.0259  0.0262  0.0257  0.0266  0.0257  0.0259  0.0257  0.0255
   -0.5363   -5.4923    8.8661   -9.7005  -22.9661   -7.3056
    0.5239   -2.1644   -1.9078   18.8103    1.5463  -17.9619
eta,q 0.97456 23.55905

---------------------------------------------------------------------
compute_vox2vox talsrcimg talsrcimg_to_711-2C_as_mni_average_305_t4 /opt/freesurfer/average/711-2C_as_mni_average_305
---------------------------------------------------------------------

freesurfer compute_vox2vox.c
Reading: talsrcimg.4dfp.ifh
Reading: talsrcimg_to_711-2C_as_mni_average_305_t4
Reading: /opt/freesurfer/average/711-2C_as_mni_average_305.4dfp.ifh
Writing: talsrcimg_to_711-2C_as_mni_average_305_t4_vox2vox.txt

start time Tue Mar 10 20:59:25 CET 2026
end		time Tue Mar 10 21:00:49 CET 2026

mpr2mni305 success

avi2talxfm orig_nu.mgz /opt/freesurfer/average/mni305.cor.mgz talsrcimg_to_711-2C_as_mni_average_305_t4_vox2vox.txt transforms/talairach.auto.xfm
avi2talxfm done
mv -f /out/sourcedata/freesurfer/sub-v2s11x28714_ses-1/mri/talsrcimg_to_711-2C_as_mni_average_305_t4_vox2vox.txt /out/sourcedata/freesurfer/sub-v2s11x28714_ses-1/mri/transforms/talsrcimg_to_711-2C_as_mni_average_305_t4_vox2vox.txt
lta_convert --src orig_nu.mgz --trg /opt/freesurfer/average/mni305.cor.mgz --inxfm transforms/talairach.auto.xfm --outlta transforms/talairach.auto.xfm.lta --subject fsaverage
7.3.2

--src: orig_nu.mgz src image (geometry).
--trg: /opt/freesurfer/average/mni305.cor.mgz trg image (geometry).
--inmni: transforms/talairach.auto.xfm input MNI/XFM transform.
--outlta: transforms/talairach.auto.xfm.lta output LTA.
--s: fsaverage subject name
 LTA read, type : 1
 1.10695   0.02614  -0.00143  -2.64429;
-0.01256   1.02978   0.24020  -14.80536;
 0.03048  -0.25081   1.23944  -16.44370;
 0.00000   0.00000   0.00000   1.00000;
setting subject to fsaverage
Writing  LTA to file transforms/talairach.auto.xfm.lta...
lta_convert successful.
 
 
Started at Tue Mar 10 20:59:25 CET 2026
Ended   at Tue Mar 10 21:00:49 CET 2026
talairach_avi done
