Log file for defect2seg
Wed Mar 11 01:08:44 CET 2026

setenv SUBJECTS_DIR /out/sourcedata/freesurfer
cd /out/sourcedata/freesurfer/sub-v2s11x28726_ses-1/scripts
/opt/freesurfer/bin/defect2seg --s sub-v2s11x28726_ses-1 --rh-only --cortex

freesurfer-linux-ubuntu22_x86_64-7.3.2-20220804-6354275
defect2seg 7.3.2
Linux dna006 5.14.0-427.37.1.el9_4.x86_64 #1 SMP PREEMPT_DYNAMIC Fri Sep 13 12:41:50 EDT 2024 x86_64 x86_64 x86_64 GNU/Linux
pid 1549141
mri_label2label --label-cortex /out/sourcedata/freesurfer/sub-v2s11x28726_ses-1/surf/rh.orig.nofix /out/sourcedata/freesurfer/sub-v2s11x28726_ses-1/mri/aseg.presurf.mgz 0 /out/sourcedata/freesurfer/sub-v2s11x28726_ses-1/label/rh.nofix.cortex.label

 Generating cortex label... RemoveHipAmgy=0
 NucAccIsMedialWall=0
 mris->useRealRAS=0
39 non-cortical segments detected
only using segment with 10815 vertices
erasing segment 0 (vno[0] = 11166)
erasing segment 1 (vno[0] = 31899)
erasing segment 2 (vno[0] = 35876)
erasing segment 4 (vno[0] = 101454)
erasing segment 5 (vno[0] = 102461)
erasing segment 6 (vno[0] = 105231)
erasing segment 7 (vno[0] = 115284)
erasing segment 8 (vno[0] = 122160)
erasing segment 9 (vno[0] = 127787)
erasing segment 10 (vno[0] = 131963)
erasing segment 11 (vno[0] = 134084)
erasing segment 12 (vno[0] = 139990)
erasing segment 13 (vno[0] = 145326)
erasing segment 14 (vno[0] = 153179)
erasing segment 15 (vno[0] = 162056)
erasing segment 16 (vno[0] = 162060)
erasing segment 17 (vno[0] = 165915)
erasing segment 18 (vno[0] = 167243)
erasing segment 19 (vno[0] = 167306)
erasing segment 20 (vno[0] = 169797)
erasing segment 21 (vno[0] = 169857)
erasing segment 22 (vno[0] = 171096)
erasing segment 23 (vno[0] = 171117)
erasing segment 24 (vno[0] = 172209)
erasing segment 25 (vno[0] = 172219)
erasing segment 26 (vno[0] = 173478)
erasing segment 27 (vno[0] = 173499)
erasing segment 28 (vno[0] = 174541)
erasing segment 29 (vno[0] = 174598)
erasing segment 30 (vno[0] = 174664)
erasing segment 31 (vno[0] = 175533)
erasing segment 32 (vno[0] = 178477)
erasing segment 33 (vno[0] = 221172)
erasing segment 34 (vno[0] = 224838)
erasing segment 35 (vno[0] = 229095)
erasing segment 36 (vno[0] = 235189)
erasing segment 37 (vno[0] = 235446)
erasing segment 38 (vno[0] = 236608)
mri_label2vol --defects /out/sourcedata/freesurfer/sub-v2s11x28726_ses-1/surf/rh.orig.nofix /out/sourcedata/freesurfer/sub-v2s11x28726_ses-1/surf/rh.defect_labels /out/sourcedata/freesurfer/sub-v2s11x28726_ses-1/mri/orig.mgz 2000 0 /out/sourcedata/freesurfer/sub-v2s11x28726_ses-1/mri/rh.surface.defects.mgz /out/sourcedata/freesurfer/sub-v2s11x28726_ses-1/label/rh.nofix.cortex.label
mri_label2vol supposed to be reproducible but seed not set
Contraining to label /out/sourcedata/freesurfer/sub-v2s11x28726_ses-1/label/rh.nofix.cortex.label
Changing input type 0 to MRI_INT
Converting defects to volume: offset=2000, merge=0
Writing to /out/sourcedata/freesurfer/sub-v2s11x28726_ses-1/mri/rh.surface.defects.mgz
mris_defects_pointset -s /out/sourcedata/freesurfer/sub-v2s11x28726_ses-1/surf/rh.orig.nofix -d /out/sourcedata/freesurfer/sub-v2s11x28726_ses-1/surf/rh.defect_labels -o /out/sourcedata/freesurfer/sub-v2s11x28726_ses-1/surf/rh.defects.pointset --label /out/sourcedata/freesurfer/sub-v2s11x28726_ses-1/label/rh.nofix.cortex.label
Reading in surface /out/sourcedata/freesurfer/sub-v2s11x28726_ses-1/surf/rh.orig.nofix
Reading in defect segmentation /out/sourcedata/freesurfer/sub-v2s11x28726_ses-1/surf/rh.defect_labels
Reading in label /out/sourcedata/freesurfer/sub-v2s11x28726_ses-1/label/rh.nofix.cortex.label
#VMPC# mris_defects_pointset 1384732
mris_defects_pointset done
 
Started at Wed Mar 11 01:08:44 CET 2026 
Ended   at Wed Mar 11 01:09:12 CET 2026
Defect2seg-Run-Time-Sec 28
Defect2seg-Run-Time-Min 0.56
Defect2seg-Run-Time-Hours 0.01
 
defect2seg Done
