status file for recon-all
Tue Mar 10 21:40:12 CET 2026
#@# MotionCor Tue Mar 10 21:40:16 CET 2026
#@# Talairach Tue Mar 10 21:40:26 CET 2026
#@# Talairach Failure Detection Tue Mar 10 21:47:31 CET 2026
#@# Nu Intensity Correction Tue Mar 10 21:47:31 CET 2026
#@# Intensity Normalization Tue Mar 10 21:53:52 CET 2026
recon-all -s sub-v2s11x28726_ses-1 finished without error at Tue Mar 10 21:58:18 CET 2026



#New# invocation of recon-all 



status file for recon-all
Tue Mar 10 22:05:51 CET 2026
#@# EM Registration Tue Mar 10 22:05:51 CET 2026
recon-all -s sub-v2s11x28726_ses-1 finished without error at Tue Mar 10 22:07:42 CET 2026



#New# invocation of recon-all 



status file for recon-all
Tue Mar 10 22:07:47 CET 2026
#@# CA Normalize Tue Mar 10 22:07:47 CET 2026
#@# CA Reg Tue Mar 10 22:09:35 CET 2026
#@# SubCort Seg Tue Mar 10 22:58:43 CET 2026
#@# CC Seg Wed Mar 11 00:13:08 CET 2026
#@# Merge ASeg Wed Mar 11 00:13:59 CET 2026
#@# Intensity Normalization2 Wed Mar 11 00:13:59 CET 2026
#@# Mask BFS Wed Mar 11 00:18:48 CET 2026
#@# WM Segmentation Wed Mar 11 00:18:50 CET 2026
#@# Fill Wed Mar 11 00:23:14 CET 2026
recon-all -s sub-v2s11x28726_ses-1 finished without error at Wed Mar 11 00:25:03 CET 2026



#New# invocation of recon-all 



status file for recon-all
Wed Mar 11 01:45:32 CET 2026
#@# white curv lh Wed Mar 11 01:45:32 CET 2026
#@# white area lh Wed Mar 11 01:45:32 CET 2026
#@# pial curv lh Wed Mar 11 01:45:32 CET 2026
#@# pial area lh Wed Mar 11 01:45:32 CET 2026
#@# thickness lh Wed Mar 11 01:45:32 CET 2026
#@# area and vertex vol lh Wed Mar 11 01:45:32 CET 2026
#@# white curv rh Wed Mar 11 01:45:32 CET 2026
#@# white area rh Wed Mar 11 01:45:32 CET 2026
#@# pial curv rh Wed Mar 11 01:45:32 CET 2026
#@# pial area rh Wed Mar 11 01:45:32 CET 2026
#@# thickness rh Wed Mar 11 01:45:32 CET 2026
#@# area and vertex vol rh Wed Mar 11 01:45:32 CET 2026
#@# Cortical ribbon mask Wed Mar 11 01:45:32 CET 2026
recon-all -s sub-v2s11x28726_ses-1 finished without error at Wed Mar 11 02:01:02 CET 2026



#New# invocation of recon-all 



status file for recon-all
Wed Mar 11 02:12:10 CET 2026
#@# white curv lh Wed Mar 11 02:12:10 CET 2026
#@# white area lh Wed Mar 11 02:12:10 CET 2026
#@# pial curv lh Wed Mar 11 02:12:10 CET 2026
#@# pial area lh Wed Mar 11 02:12:10 CET 2026
#@# thickness lh Wed Mar 11 02:12:10 CET 2026
#@# area and vertex vol lh Wed Mar 11 02:12:10 CET 2026
#@# white curv rh Wed Mar 11 02:12:10 CET 2026
#@# white area rh Wed Mar 11 02:12:10 CET 2026
#@# pial curv rh Wed Mar 11 02:12:10 CET 2026
#@# pial area rh Wed Mar 11 02:12:10 CET 2026
#@# thickness rh Wed Mar 11 02:12:10 CET 2026
#@# area and vertex vol rh Wed Mar 11 02:12:10 CET 2026
#@# Curvature Stats lh Wed Mar 11 02:12:10 CET 2026
#@# Curvature Stats rh Wed Mar 11 02:12:14 CET 2026
#@# Relabel Hypointensities Wed Mar 11 02:12:18 CET 2026
#@# APas-to-ASeg Wed Mar 11 02:12:48 CET 2026
#@# AParc-to-ASeg aparc Wed Mar 11 02:13:01 CET 2026
#@# AParc-to-ASeg aparc.a2009s Wed Mar 11 02:14:35 CET 2026
#@# AParc-to-ASeg aparc.DKTatlas Wed Mar 11 02:16:06 CET 2026
#@# WMParc Wed Mar 11 02:17:37 CET 2026
#@# ASeg Stats Wed Mar 11 02:23:15 CET 2026
recon-all -s sub-v2s11x28726_ses-1 finished without error at Wed Mar 11 02:24:13 CET 2026
