status file for recon-all
Wed Mar 11 00:25:07 CET 2026
#@# Tessellate lh Wed Mar 11 00:25:07 CET 2026
#@# Smooth1 lh Wed Mar 11 00:25:15 CET 2026
#@# Inflation1 lh Wed Mar 11 00:25:19 CET 2026
#@# QSphere lh Wed Mar 11 00:27:10 CET 2026
#@# Fix Topology lh Wed Mar 11 00:28:33 CET 2026
#@# Smooth2 lh Wed Mar 11 00:36:47 CET 2026
#@# Inflation2 lh Wed Mar 11 00:36:51 CET 2026
#@# Curv .H and .K lh Wed Mar 11 00:37:22 CET 2026
#@# Sphere lh Wed Mar 11 00:38:42 CET 2026
#@# Surf Reg lh Wed Mar 11 00:43:29 CET 2026
#@# Jacobian white lh Wed Mar 11 00:51:43 CET 2026
#@# AvgCurv lh Wed Mar 11 00:51:45 CET 2026
#@# Cortical Parc lh Wed Mar 11 00:51:46 CET 2026
#@# white curv lh Wed Mar 11 01:01:49 CET 2026
#@# white area lh Wed Mar 11 01:01:52 CET 2026
#@# pial curv lh Wed Mar 11 01:01:53 CET 2026
#@# pial area lh Wed Mar 11 01:01:56 CET 2026
#@# thickness lh Wed Mar 11 01:01:57 CET 2026
#@# area and vertex vol lh Wed Mar 11 01:02:48 CET 2026
#@# Curvature Stats lh Wed Mar 11 01:02:50 CET 2026
#@# Cortical Parc 2 lh Wed Mar 11 01:02:54 CET 2026
#@# Cortical Parc 3 lh Wed Mar 11 01:03:17 CET 2026
#@# WM/GM Contrast lh Wed Mar 11 01:03:34 CET 2026
recon-all -s sub-v2s11x28726_ses-1 finished without error at Wed Mar 11 01:03:38 CET 2026



#New# invocation of recon-all 



status file for recon-all
Wed Mar 11 02:01:06 CET 2026
#@# white curv lh Wed Mar 11 02:01:06 CET 2026
#@# white area lh Wed Mar 11 02:01:06 CET 2026
#@# pial curv lh Wed Mar 11 02:01:06 CET 2026
#@# pial area lh Wed Mar 11 02:01:06 CET 2026
#@# thickness lh Wed Mar 11 02:01:06 CET 2026
#@# area and vertex vol lh Wed Mar 11 02:01:06 CET 2026
#@# Parcellation Stats lh Wed Mar 11 02:01:06 CET 2026
#@# Parcellation Stats 2 lh Wed Mar 11 02:01:51 CET 2026
#@# Parcellation Stats 3 lh Wed Mar 11 02:02:14 CET 2026
#@# BA_exvivo Labels lh Wed Mar 11 02:02:36 CET 2026
recon-all -s sub-v2s11x28726_ses-1 finished without error at Wed Mar 11 02:06:26 CET 2026
