status file for recon-all
Wed Mar 11 01:03:40 CET 2026
#@# Tessellate rh Wed Mar 11 01:03:40 CET 2026
#@# Smooth1 rh Wed Mar 11 01:03:47 CET 2026
#@# Inflation1 rh Wed Mar 11 01:03:51 CET 2026
#@# QSphere rh Wed Mar 11 01:05:39 CET 2026
#@# Fix Topology rh Wed Mar 11 01:07:04 CET 2026
#@# Smooth2 rh Wed Mar 11 01:15:56 CET 2026
#@# Inflation2 rh Wed Mar 11 01:16:01 CET 2026
#@# Curv .H and .K rh Wed Mar 11 01:16:32 CET 2026
#@# Sphere rh Wed Mar 11 01:17:55 CET 2026
#@# Surf Reg rh Wed Mar 11 01:22:55 CET 2026
#@# Jacobian white rh Wed Mar 11 01:33:49 CET 2026
#@# AvgCurv rh Wed Mar 11 01:33:50 CET 2026
#@# Cortical Parc rh Wed Mar 11 01:33:52 CET 2026
#@# white curv rh Wed Mar 11 01:43:31 CET 2026
#@# white area rh Wed Mar 11 01:43:35 CET 2026
#@# pial curv rh Wed Mar 11 01:43:36 CET 2026
#@# pial area rh Wed Mar 11 01:43:39 CET 2026
#@# thickness rh Wed Mar 11 01:43:40 CET 2026
#@# area and vertex vol rh Wed Mar 11 01:44:33 CET 2026
#@# Curvature Stats rh Wed Mar 11 01:44:35 CET 2026
#@# Cortical Parc 2 rh Wed Mar 11 01:44:40 CET 2026
#@# Cortical Parc 3 rh Wed Mar 11 01:45:03 CET 2026
#@# WM/GM Contrast rh Wed Mar 11 01:45:21 CET 2026
recon-all -s sub-v2s11x28726_ses-1 finished without error at Wed Mar 11 01:45:26 CET 2026



#New# invocation of recon-all 



status file for recon-all
Wed Mar 11 02:06:28 CET 2026
#@# white curv rh Wed Mar 11 02:06:28 CET 2026
#@# white area rh Wed Mar 11 02:06:28 CET 2026
#@# pial curv rh Wed Mar 11 02:06:28 CET 2026
#@# pial area rh Wed Mar 11 02:06:28 CET 2026
#@# thickness rh Wed Mar 11 02:06:28 CET 2026
#@# area and vertex vol rh Wed Mar 11 02:06:28 CET 2026
#@# Parcellation Stats rh Wed Mar 11 02:06:28 CET 2026
#@# Parcellation Stats 2 rh Wed Mar 11 02:07:17 CET 2026
#@# Parcellation Stats 3 rh Wed Mar 11 02:07:42 CET 2026
#@# BA_exvivo Labels rh Wed Mar 11 02:08:06 CET 2026
recon-all -s sub-v2s11x28726_ses-1 finished without error at Wed Mar 11 02:12:06 CET 2026
