Log file for defect2seg
Tue Mar 10 21:25:07 CET 2026

setenv SUBJECTS_DIR /out/sourcedata/freesurfer
cd /out/sourcedata/freesurfer/sub-v2s11x28691_ses-1/scripts
/opt/freesurfer/bin/defect2seg --s sub-v2s11x28691_ses-1 --rh-only --cortex

freesurfer-linux-ubuntu22_x86_64-7.3.2-20220804-6354275
defect2seg 7.3.2
Linux dna048 5.14.0-427.37.1.el9_4.x86_64 #1 SMP PREEMPT_DYNAMIC Fri Sep 13 12:41:50 EDT 2024 x86_64 x86_64 x86_64 GNU/Linux
pid 3253217
mri_label2label --label-cortex /out/sourcedata/freesurfer/sub-v2s11x28691_ses-1/surf/rh.orig.nofix /out/sourcedata/freesurfer/sub-v2s11x28691_ses-1/mri/aseg.presurf.mgz 0 /out/sourcedata/freesurfer/sub-v2s11x28691_ses-1/label/rh.nofix.cortex.label

 Generating cortex label... RemoveHipAmgy=0
 NucAccIsMedialWall=0
 mris->useRealRAS=0
38 non-cortical segments detected
only using segment with 11529 vertices
erasing segment 0 (vno[0] = 22234)
erasing segment 1 (vno[0] = 23169)
erasing segment 2 (vno[0] = 26152)
erasing segment 3 (vno[0] = 29529)
erasing segment 4 (vno[0] = 49997)
erasing segment 5 (vno[0] = 64464)
erasing segment 6 (vno[0] = 65644)
erasing segment 8 (vno[0] = 67049)
erasing segment 9 (vno[0] = 70726)
erasing segment 10 (vno[0] = 79265)
erasing segment 11 (vno[0] = 83729)
erasing segment 12 (vno[0] = 87144)
erasing segment 13 (vno[0] = 90302)
erasing segment 14 (vno[0] = 94713)
erasing segment 15 (vno[0] = 96395)
erasing segment 16 (vno[0] = 101220)
erasing segment 17 (vno[0] = 123055)
erasing segment 18 (vno[0] = 123676)
erasing segment 19 (vno[0] = 125087)
erasing segment 20 (vno[0] = 125660)
erasing segment 21 (vno[0] = 128876)
erasing segment 22 (vno[0] = 131426)
erasing segment 23 (vno[0] = 138663)
erasing segment 24 (vno[0] = 139783)
erasing segment 25 (vno[0] = 141471)
erasing segment 26 (vno[0] = 141886)
erasing segment 27 (vno[0] = 142044)
erasing segment 28 (vno[0] = 143219)
erasing segment 29 (vno[0] = 144264)
erasing segment 30 (vno[0] = 145035)
erasing segment 31 (vno[0] = 147291)
erasing segment 32 (vno[0] = 147632)
erasing segment 33 (vno[0] = 147742)
erasing segment 34 (vno[0] = 150968)
erasing segment 35 (vno[0] = 154725)
erasing segment 36 (vno[0] = 158637)
erasing segment 37 (vno[0] = 167137)
mri_label2vol --defects /out/sourcedata/freesurfer/sub-v2s11x28691_ses-1/surf/rh.orig.nofix /out/sourcedata/freesurfer/sub-v2s11x28691_ses-1/surf/rh.defect_labels /out/sourcedata/freesurfer/sub-v2s11x28691_ses-1/mri/orig.mgz 2000 0 /out/sourcedata/freesurfer/sub-v2s11x28691_ses-1/mri/rh.surface.defects.mgz /out/sourcedata/freesurfer/sub-v2s11x28691_ses-1/label/rh.nofix.cortex.label
mri_label2vol supposed to be reproducible but seed not set
Contraining to label /out/sourcedata/freesurfer/sub-v2s11x28691_ses-1/label/rh.nofix.cortex.label
Changing input type 0 to MRI_INT
Converting defects to volume: offset=2000, merge=0
Writing to /out/sourcedata/freesurfer/sub-v2s11x28691_ses-1/mri/rh.surface.defects.mgz
mris_defects_pointset -s /out/sourcedata/freesurfer/sub-v2s11x28691_ses-1/surf/rh.orig.nofix -d /out/sourcedata/freesurfer/sub-v2s11x28691_ses-1/surf/rh.defect_labels -o /out/sourcedata/freesurfer/sub-v2s11x28691_ses-1/surf/rh.defects.pointset --label /out/sourcedata/freesurfer/sub-v2s11x28691_ses-1/label/rh.nofix.cortex.label
Reading in surface /out/sourcedata/freesurfer/sub-v2s11x28691_ses-1/surf/rh.orig.nofix
Reading in defect segmentation /out/sourcedata/freesurfer/sub-v2s11x28691_ses-1/surf/rh.defect_labels
Reading in label /out/sourcedata/freesurfer/sub-v2s11x28691_ses-1/label/rh.nofix.cortex.label
#VMPC# mris_defects_pointset 1913740
mris_defects_pointset done
 
Started at Tue Mar 10 21:25:07 CET 2026 
Ended   at Tue Mar 10 21:25:32 CET 2026
Defect2seg-Run-Time-Sec 25
Defect2seg-Run-Time-Min 0.50
Defect2seg-Run-Time-Hours 0.01
 
defect2seg Done
