status file for recon-all
Tue Mar 10 21:19:52 CET 2026
#@# Tessellate rh Tue Mar 10 21:19:52 CET 2026
#@# Smooth1 rh Tue Mar 10 21:19:58 CET 2026
#@# Inflation1 rh Tue Mar 10 21:20:02 CET 2026
#@# QSphere rh Tue Mar 10 21:21:51 CET 2026
#@# Fix Topology rh Tue Mar 10 21:23:32 CET 2026
#@# Smooth2 rh Tue Mar 10 21:31:09 CET 2026
#@# Inflation2 rh Tue Mar 10 21:31:13 CET 2026
#@# Curv .H and .K rh Tue Mar 10 21:31:44 CET 2026
#@# Sphere rh Tue Mar 10 21:32:55 CET 2026
#@# Surf Reg rh Tue Mar 10 21:37:44 CET 2026
#@# Jacobian white rh Tue Mar 10 21:45:22 CET 2026
#@# AvgCurv rh Tue Mar 10 21:45:23 CET 2026
#@# Cortical Parc rh Tue Mar 10 21:45:24 CET 2026
#@# white curv rh Tue Mar 10 21:54:02 CET 2026
#@# white area rh Tue Mar 10 21:54:05 CET 2026
#@# pial curv rh Tue Mar 10 21:54:06 CET 2026
#@# pial area rh Tue Mar 10 21:54:09 CET 2026
#@# thickness rh Tue Mar 10 21:54:11 CET 2026
#@# area and vertex vol rh Tue Mar 10 21:55:04 CET 2026
#@# Curvature Stats rh Tue Mar 10 21:55:06 CET 2026
#@# Cortical Parc 2 rh Tue Mar 10 21:55:10 CET 2026
#@# Cortical Parc 3 rh Tue Mar 10 21:55:30 CET 2026
#@# WM/GM Contrast rh Tue Mar 10 21:55:45 CET 2026
recon-all -s sub-v2s11x28691_ses-1 finished without error at Tue Mar 10 21:55:50 CET 2026



#New# invocation of recon-all 



status file for recon-all
Tue Mar 10 22:18:16 CET 2026
#@# white curv rh Tue Mar 10 22:18:16 CET 2026
#@# white area rh Tue Mar 10 22:18:17 CET 2026
#@# pial curv rh Tue Mar 10 22:18:17 CET 2026
#@# pial area rh Tue Mar 10 22:18:17 CET 2026
#@# thickness rh Tue Mar 10 22:18:17 CET 2026
#@# area and vertex vol rh Tue Mar 10 22:18:17 CET 2026
#@# Parcellation Stats rh Tue Mar 10 22:18:17 CET 2026
#@# Parcellation Stats 2 rh Tue Mar 10 22:18:53 CET 2026
#@# Parcellation Stats 3 rh Tue Mar 10 22:19:12 CET 2026
#@# BA_exvivo Labels rh Tue Mar 10 22:19:31 CET 2026
recon-all -s sub-v2s11x28691_ses-1 finished without error at Tue Mar 10 22:23:14 CET 2026
