status file for recon-all
Tue Mar 10 18:02:06 CET 2026
#@# MotionCor Tue Mar 10 18:02:10 CET 2026
#@# Talairach Tue Mar 10 18:02:21 CET 2026
#@# Talairach Failure Detection Tue Mar 10 18:09:26 CET 2026
#@# Nu Intensity Correction Tue Mar 10 18:09:26 CET 2026
#@# Intensity Normalization Tue Mar 10 18:15:45 CET 2026
recon-all -s sub-v2s11x28691_ses-1 finished without error at Tue Mar 10 18:20:50 CET 2026



#New# invocation of recon-all 



status file for recon-all
Tue Mar 10 18:28:44 CET 2026
#@# EM Registration Tue Mar 10 18:28:44 CET 2026
recon-all -s sub-v2s11x28691_ses-1 finished without error at Tue Mar 10 18:30:37 CET 2026



#New# invocation of recon-all 



status file for recon-all
Tue Mar 10 18:30:40 CET 2026
#@# CA Normalize Tue Mar 10 18:30:40 CET 2026
#@# CA Reg Tue Mar 10 18:32:33 CET 2026
#@# SubCort Seg Tue Mar 10 19:17:39 CET 2026
#@# CC Seg Tue Mar 10 20:28:44 CET 2026
#@# Merge ASeg Tue Mar 10 20:29:45 CET 2026
#@# Intensity Normalization2 Tue Mar 10 20:29:45 CET 2026
#@# Mask BFS Tue Mar 10 20:34:36 CET 2026
#@# WM Segmentation Tue Mar 10 20:34:37 CET 2026
#@# Fill Tue Mar 10 20:38:55 CET 2026
recon-all -s sub-v2s11x28691_ses-1 finished without error at Tue Mar 10 20:40:36 CET 2026



#New# invocation of recon-all 



status file for recon-all
Tue Mar 10 21:55:54 CET 2026
#@# white curv lh Tue Mar 10 21:55:54 CET 2026
#@# white area lh Tue Mar 10 21:55:54 CET 2026
#@# pial curv lh Tue Mar 10 21:55:54 CET 2026
#@# pial area lh Tue Mar 10 21:55:54 CET 2026
#@# thickness lh Tue Mar 10 21:55:54 CET 2026
#@# area and vertex vol lh Tue Mar 10 21:55:54 CET 2026
#@# white curv rh Tue Mar 10 21:55:54 CET 2026
#@# white area rh Tue Mar 10 21:55:54 CET 2026
#@# pial curv rh Tue Mar 10 21:55:54 CET 2026
#@# pial area rh Tue Mar 10 21:55:54 CET 2026
#@# thickness rh Tue Mar 10 21:55:54 CET 2026
#@# area and vertex vol rh Tue Mar 10 21:55:54 CET 2026
#@# Cortical ribbon mask Tue Mar 10 21:55:54 CET 2026
recon-all -s sub-v2s11x28691_ses-1 finished without error at Tue Mar 10 22:12:53 CET 2026



#New# invocation of recon-all 



status file for recon-all
Tue Mar 10 22:23:18 CET 2026
#@# white curv lh Tue Mar 10 22:23:18 CET 2026
#@# white area lh Tue Mar 10 22:23:18 CET 2026
#@# pial curv lh Tue Mar 10 22:23:18 CET 2026
#@# pial area lh Tue Mar 10 22:23:19 CET 2026
#@# thickness lh Tue Mar 10 22:23:19 CET 2026
#@# area and vertex vol lh Tue Mar 10 22:23:19 CET 2026
#@# white curv rh Tue Mar 10 22:23:19 CET 2026
#@# white area rh Tue Mar 10 22:23:19 CET 2026
#@# pial curv rh Tue Mar 10 22:23:19 CET 2026
#@# pial area rh Tue Mar 10 22:23:19 CET 2026
#@# thickness rh Tue Mar 10 22:23:19 CET 2026
#@# area and vertex vol rh Tue Mar 10 22:23:19 CET 2026
#@# Curvature Stats lh Tue Mar 10 22:23:19 CET 2026
#@# Curvature Stats rh Tue Mar 10 22:23:22 CET 2026
#@# Relabel Hypointensities Tue Mar 10 22:23:26 CET 2026
#@# APas-to-ASeg Tue Mar 10 22:23:56 CET 2026
#@# AParc-to-ASeg aparc Tue Mar 10 22:24:09 CET 2026
#@# AParc-to-ASeg aparc.a2009s Tue Mar 10 22:25:25 CET 2026
#@# AParc-to-ASeg aparc.DKTatlas Tue Mar 10 22:26:41 CET 2026
#@# WMParc Tue Mar 10 22:28:18 CET 2026
#@# ASeg Stats Tue Mar 10 22:33:57 CET 2026
recon-all -s sub-v2s11x28691_ses-1 finished without error at Tue Mar 10 22:34:55 CET 2026
