status file for recon-all
Tue Mar 10 20:40:40 CET 2026
#@# Tessellate lh Tue Mar 10 20:40:40 CET 2026
#@# Smooth1 lh Tue Mar 10 20:40:47 CET 2026
#@# Inflation1 lh Tue Mar 10 20:40:52 CET 2026
#@# QSphere lh Tue Mar 10 20:42:48 CET 2026
#@# Fix Topology lh Tue Mar 10 20:44:18 CET 2026
#@# Smooth2 lh Tue Mar 10 20:53:12 CET 2026
#@# Inflation2 lh Tue Mar 10 20:53:17 CET 2026
#@# Curv .H and .K lh Tue Mar 10 20:53:47 CET 2026
#@# Sphere lh Tue Mar 10 20:55:03 CET 2026
#@# Surf Reg lh Tue Mar 10 20:59:36 CET 2026
#@# Jacobian white lh Tue Mar 10 21:08:38 CET 2026
#@# AvgCurv lh Tue Mar 10 21:08:39 CET 2026
#@# Cortical Parc lh Tue Mar 10 21:08:40 CET 2026
#@# white curv lh Tue Mar 10 21:18:01 CET 2026
#@# white area lh Tue Mar 10 21:18:04 CET 2026
#@# pial curv lh Tue Mar 10 21:18:05 CET 2026
#@# pial area lh Tue Mar 10 21:18:08 CET 2026
#@# thickness lh Tue Mar 10 21:18:09 CET 2026
#@# area and vertex vol lh Tue Mar 10 21:19:00 CET 2026
#@# Curvature Stats lh Tue Mar 10 21:19:02 CET 2026
#@# Cortical Parc 2 lh Tue Mar 10 21:19:06 CET 2026
#@# Cortical Parc 3 lh Tue Mar 10 21:19:28 CET 2026
#@# WM/GM Contrast lh Tue Mar 10 21:19:43 CET 2026
recon-all -s sub-v2s11x28691_ses-1 finished without error at Tue Mar 10 21:19:48 CET 2026



#New# invocation of recon-all 



status file for recon-all
Tue Mar 10 22:12:56 CET 2026
#@# white curv lh Tue Mar 10 22:12:57 CET 2026
#@# white area lh Tue Mar 10 22:12:57 CET 2026
#@# pial curv lh Tue Mar 10 22:12:57 CET 2026
#@# pial area lh Tue Mar 10 22:12:57 CET 2026
#@# thickness lh Tue Mar 10 22:12:57 CET 2026
#@# area and vertex vol lh Tue Mar 10 22:12:57 CET 2026
#@# Parcellation Stats lh Tue Mar 10 22:12:57 CET 2026
#@# Parcellation Stats 2 lh Tue Mar 10 22:13:38 CET 2026
#@# Parcellation Stats 3 lh Tue Mar 10 22:14:00 CET 2026
#@# BA_exvivo Labels lh Tue Mar 10 22:14:20 CET 2026
recon-all -s sub-v2s11x28691_ses-1 finished without error at Tue Mar 10 22:18:15 CET 2026
