status file for recon-all
Tue Mar 10 23:23:52 CET 2026
#@# Tessellate lh Tue Mar 10 23:23:52 CET 2026
#@# Smooth1 lh Tue Mar 10 23:23:58 CET 2026
#@# Inflation1 lh Tue Mar 10 23:24:03 CET 2026
#@# QSphere lh Tue Mar 10 23:26:05 CET 2026
#@# Fix Topology lh Tue Mar 10 23:27:52 CET 2026
#@# Smooth2 lh Tue Mar 10 23:36:53 CET 2026
#@# Inflation2 lh Tue Mar 10 23:36:57 CET 2026
#@# Curv .H and .K lh Tue Mar 10 23:37:29 CET 2026
#@# Sphere lh Tue Mar 10 23:38:42 CET 2026
#@# Surf Reg lh Tue Mar 10 23:44:03 CET 2026
#@# Jacobian white lh Tue Mar 10 23:50:53 CET 2026
#@# AvgCurv lh Tue Mar 10 23:50:55 CET 2026
#@# Cortical Parc lh Tue Mar 10 23:50:57 CET 2026
#@# white curv lh Wed Mar 11 00:00:26 CET 2026
#@# white area lh Wed Mar 11 00:00:29 CET 2026
#@# pial curv lh Wed Mar 11 00:00:30 CET 2026
#@# pial area lh Wed Mar 11 00:00:33 CET 2026
#@# thickness lh Wed Mar 11 00:00:34 CET 2026
#@# area and vertex vol lh Wed Mar 11 00:01:28 CET 2026
#@# Curvature Stats lh Wed Mar 11 00:01:31 CET 2026
#@# Cortical Parc 2 lh Wed Mar 11 00:01:35 CET 2026
#@# Cortical Parc 3 lh Wed Mar 11 00:01:57 CET 2026
#@# WM/GM Contrast lh Wed Mar 11 00:02:14 CET 2026
recon-all -s sub-v2s11x28706_ses-1 finished without error at Wed Mar 11 00:02:19 CET 2026



#New# invocation of recon-all 



status file for recon-all
Wed Mar 11 00:54:36 CET 2026
#@# white curv lh Wed Mar 11 00:54:36 CET 2026
#@# white area lh Wed Mar 11 00:54:36 CET 2026
#@# pial curv lh Wed Mar 11 00:54:36 CET 2026
#@# pial area lh Wed Mar 11 00:54:37 CET 2026
#@# thickness lh Wed Mar 11 00:54:37 CET 2026
#@# area and vertex vol lh Wed Mar 11 00:54:37 CET 2026
#@# Parcellation Stats lh Wed Mar 11 00:54:37 CET 2026
#@# Parcellation Stats 2 lh Wed Mar 11 00:55:15 CET 2026
#@# Parcellation Stats 3 lh Wed Mar 11 00:55:34 CET 2026
#@# BA_exvivo Labels lh Wed Mar 11 00:55:54 CET 2026
recon-all -s sub-v2s11x28706_ses-1 finished without error at Wed Mar 11 01:00:05 CET 2026
