status file for recon-all
Wed Mar 11 00:02:22 CET 2026
#@# Tessellate rh Wed Mar 11 00:02:22 CET 2026
#@# Smooth1 rh Wed Mar 11 00:02:29 CET 2026
#@# Inflation1 rh Wed Mar 11 00:02:34 CET 2026
#@# QSphere rh Wed Mar 11 00:04:39 CET 2026
#@# Fix Topology rh Wed Mar 11 00:06:25 CET 2026
#@# Smooth2 rh Wed Mar 11 00:16:11 CET 2026
#@# Inflation2 rh Wed Mar 11 00:16:15 CET 2026
#@# Curv .H and .K rh Wed Mar 11 00:16:52 CET 2026
#@# Sphere rh Wed Mar 11 00:18:04 CET 2026
#@# Surf Reg rh Wed Mar 11 00:22:05 CET 2026
#@# Jacobian white rh Wed Mar 11 00:30:12 CET 2026
#@# AvgCurv rh Wed Mar 11 00:30:14 CET 2026
#@# Cortical Parc rh Wed Mar 11 00:30:15 CET 2026
#@# white curv rh Wed Mar 11 00:39:33 CET 2026
#@# white area rh Wed Mar 11 00:39:35 CET 2026
#@# pial curv rh Wed Mar 11 00:39:37 CET 2026
#@# pial area rh Wed Mar 11 00:39:40 CET 2026
#@# thickness rh Wed Mar 11 00:39:41 CET 2026
#@# area and vertex vol rh Wed Mar 11 00:40:31 CET 2026
#@# Curvature Stats rh Wed Mar 11 00:40:34 CET 2026
#@# Cortical Parc 2 rh Wed Mar 11 00:40:38 CET 2026
#@# Cortical Parc 3 rh Wed Mar 11 00:40:57 CET 2026
#@# WM/GM Contrast rh Wed Mar 11 00:41:11 CET 2026
recon-all -s sub-v2s11x28706_ses-1 finished without error at Wed Mar 11 00:41:16 CET 2026



#New# invocation of recon-all 



status file for recon-all
Wed Mar 11 01:00:06 CET 2026
#@# white curv rh Wed Mar 11 01:00:06 CET 2026
#@# white area rh Wed Mar 11 01:00:06 CET 2026
#@# pial curv rh Wed Mar 11 01:00:06 CET 2026
#@# pial area rh Wed Mar 11 01:00:06 CET 2026
#@# thickness rh Wed Mar 11 01:00:06 CET 2026
#@# area and vertex vol rh Wed Mar 11 01:00:06 CET 2026
#@# Parcellation Stats rh Wed Mar 11 01:00:06 CET 2026
#@# Parcellation Stats 2 rh Wed Mar 11 01:00:44 CET 2026
#@# Parcellation Stats 3 rh Wed Mar 11 01:01:04 CET 2026
#@# BA_exvivo Labels rh Wed Mar 11 01:01:22 CET 2026
recon-all -s sub-v2s11x28706_ses-1 finished without error at Wed Mar 11 01:05:27 CET 2026
