status file for recon-all
Wed Mar 11 00:00:08 CET 2026
#@# Tessellate rh Wed Mar 11 00:00:08 CET 2026
#@# Smooth1 rh Wed Mar 11 00:00:14 CET 2026
#@# Inflation1 rh Wed Mar 11 00:00:18 CET 2026
#@# QSphere rh Wed Mar 11 00:01:58 CET 2026
#@# Fix Topology rh Wed Mar 11 00:03:21 CET 2026
#@# Smooth2 rh Wed Mar 11 00:11:11 CET 2026
#@# Inflation2 rh Wed Mar 11 00:11:15 CET 2026
#@# Curv .H and .K rh Wed Mar 11 00:11:44 CET 2026
#@# Sphere rh Wed Mar 11 00:12:46 CET 2026
#@# Surf Reg rh Wed Mar 11 00:17:04 CET 2026
#@# Jacobian white rh Wed Mar 11 00:22:16 CET 2026
#@# AvgCurv rh Wed Mar 11 00:22:17 CET 2026
#@# Cortical Parc rh Wed Mar 11 00:22:18 CET 2026
#@# white curv rh Wed Mar 11 00:30:00 CET 2026
#@# white area rh Wed Mar 11 00:30:02 CET 2026
#@# pial curv rh Wed Mar 11 00:30:03 CET 2026
#@# pial area rh Wed Mar 11 00:30:06 CET 2026
#@# thickness rh Wed Mar 11 00:30:07 CET 2026
#@# area and vertex vol rh Wed Mar 11 00:30:45 CET 2026
#@# Curvature Stats rh Wed Mar 11 00:30:47 CET 2026
#@# Cortical Parc 2 rh Wed Mar 11 00:30:50 CET 2026
#@# Cortical Parc 3 rh Wed Mar 11 00:31:08 CET 2026
#@# WM/GM Contrast rh Wed Mar 11 00:31:21 CET 2026
recon-all -s sub-v2s11x28714_ses-1 finished without error at Wed Mar 11 00:31:25 CET 2026



#New# invocation of recon-all 



status file for recon-all
Wed Mar 11 00:49:32 CET 2026
#@# white curv rh Wed Mar 11 00:49:32 CET 2026
#@# white area rh Wed Mar 11 00:49:32 CET 2026
#@# pial curv rh Wed Mar 11 00:49:32 CET 2026
#@# pial area rh Wed Mar 11 00:49:32 CET 2026
#@# thickness rh Wed Mar 11 00:49:32 CET 2026
#@# area and vertex vol rh Wed Mar 11 00:49:32 CET 2026
#@# Parcellation Stats rh Wed Mar 11 00:49:32 CET 2026
#@# Parcellation Stats 2 rh Wed Mar 11 00:50:01 CET 2026
#@# Parcellation Stats 3 rh Wed Mar 11 00:50:15 CET 2026
#@# BA_exvivo Labels rh Wed Mar 11 00:50:37 CET 2026
recon-all -s sub-v2s11x28714_ses-1 finished without error at Wed Mar 11 00:53:59 CET 2026
