status file for recon-all
Tue Mar 10 20:53:32 CET 2026
#@# MotionCor Tue Mar 10 20:53:36 CET 2026
#@# Talairach Tue Mar 10 20:53:47 CET 2026
#@# Talairach Failure Detection Tue Mar 10 21:00:51 CET 2026
#@# Nu Intensity Correction Tue Mar 10 21:00:52 CET 2026
#@# Intensity Normalization Tue Mar 10 21:07:09 CET 2026
recon-all -s sub-v2s11x28714_ses-1 finished without error at Tue Mar 10 21:11:04 CET 2026



#New# invocation of recon-all 



status file for recon-all
Tue Mar 10 21:18:11 CET 2026
#@# EM Registration Tue Mar 10 21:18:11 CET 2026
recon-all -s sub-v2s11x28714_ses-1 finished without error at Tue Mar 10 21:20:53 CET 2026



#New# invocation of recon-all 



status file for recon-all
Tue Mar 10 21:20:55 CET 2026
#@# CA Normalize Tue Mar 10 21:20:55 CET 2026
#@# CA Reg Tue Mar 10 21:22:42 CET 2026
#@# SubCort Seg Tue Mar 10 22:15:26 CET 2026
#@# CC Seg Tue Mar 10 23:18:11 CET 2026
#@# Merge ASeg Tue Mar 10 23:19:02 CET 2026
#@# Intensity Normalization2 Tue Mar 10 23:19:02 CET 2026
#@# Mask BFS Tue Mar 10 23:23:57 CET 2026
#@# WM Segmentation Tue Mar 10 23:23:58 CET 2026
#@# Fill Tue Mar 10 23:27:54 CET 2026
recon-all -s sub-v2s11x28714_ses-1 finished without error at Tue Mar 10 23:29:33 CET 2026



#New# invocation of recon-all 



status file for recon-all
Wed Mar 11 00:31:30 CET 2026
#@# white curv lh Wed Mar 11 00:31:30 CET 2026
#@# white area lh Wed Mar 11 00:31:30 CET 2026
#@# pial curv lh Wed Mar 11 00:31:30 CET 2026
#@# pial area lh Wed Mar 11 00:31:30 CET 2026
#@# thickness lh Wed Mar 11 00:31:30 CET 2026
#@# area and vertex vol lh Wed Mar 11 00:31:30 CET 2026
#@# white curv rh Wed Mar 11 00:31:30 CET 2026
#@# white area rh Wed Mar 11 00:31:30 CET 2026
#@# pial curv rh Wed Mar 11 00:31:30 CET 2026
#@# pial area rh Wed Mar 11 00:31:30 CET 2026
#@# thickness rh Wed Mar 11 00:31:30 CET 2026
#@# area and vertex vol rh Wed Mar 11 00:31:30 CET 2026
#@# Cortical ribbon mask Wed Mar 11 00:31:30 CET 2026
recon-all -s sub-v2s11x28714_ses-1 finished without error at Wed Mar 11 00:44:54 CET 2026



#New# invocation of recon-all 



status file for recon-all
Wed Mar 11 00:54:02 CET 2026
#@# white curv lh Wed Mar 11 00:54:02 CET 2026
#@# white area lh Wed Mar 11 00:54:02 CET 2026
#@# pial curv lh Wed Mar 11 00:54:02 CET 2026
#@# pial area lh Wed Mar 11 00:54:02 CET 2026
#@# thickness lh Wed Mar 11 00:54:02 CET 2026
#@# area and vertex vol lh Wed Mar 11 00:54:02 CET 2026
#@# white curv rh Wed Mar 11 00:54:02 CET 2026
#@# white area rh Wed Mar 11 00:54:02 CET 2026
#@# pial curv rh Wed Mar 11 00:54:02 CET 2026
#@# pial area rh Wed Mar 11 00:54:02 CET 2026
#@# thickness rh Wed Mar 11 00:54:02 CET 2026
#@# area and vertex vol rh Wed Mar 11 00:54:02 CET 2026
#@# Curvature Stats lh Wed Mar 11 00:54:02 CET 2026
#@# Curvature Stats rh Wed Mar 11 00:54:06 CET 2026
#@# Relabel Hypointensities Wed Mar 11 00:54:09 CET 2026
#@# APas-to-ASeg Wed Mar 11 00:54:36 CET 2026
#@# AParc-to-ASeg aparc Wed Mar 11 00:54:48 CET 2026
#@# AParc-to-ASeg aparc.a2009s Wed Mar 11 00:56:03 CET 2026
#@# AParc-to-ASeg aparc.DKTatlas Wed Mar 11 00:57:05 CET 2026
#@# WMParc Wed Mar 11 00:58:11 CET 2026
#@# ASeg Stats Wed Mar 11 01:04:26 CET 2026
recon-all -s sub-v2s11x28714_ses-1 finished without error at Wed Mar 11 01:05:26 CET 2026
