/out/sourcedata/freesurfer/sub-v2s11x28731_ses-1/mri
/opt/freesurfer/bin/talairach_avi
--i orig_nu.mgz --xfm transforms/talairach.auto.xfm
talairach_avi 7.3.2
Linux dna029 5.14.0-427.37.1.el9_4.x86_64 #1 SMP PREEMPT_DYNAMIC Fri Sep 13 12:41:50 EDT 2024 x86_64 x86_64 x86_64 GNU/Linux
Tue Mar 10 22:03:25 CET 2026
mri_convert orig_nu.mgz talsrcimg.img 
reading from orig_nu.mgz...
TR=0.00, TE=0.00, TI=0.00, flip angle=0.00
i_ras = (-1, 0, 0)
j_ras = (0, 0, -1)
k_ras = (0, 1, 0)
writing to talsrcimg.img...
Analyze Output Matrix
-0.80000   0.00000   0.00000   131.51154;
 0.00000   0.00000   0.80000  -149.98442;
 0.00000  -0.80000   0.00000   150.71664;
 0.00000   0.00000   0.00000   1.00000;
--------------------
INFO: set hdr.hist.orient to -1
mpr2mni305 talsrcimg
Tue Mar 10 22:03:26 CET 2026
/opt/freesurfer/bin/mpr2mni305 talsrcimg
mpr2mni305 7.3.2
target=711-2C_as_mni_average_305

---------------------------------------------------------------------
analyzeto4dfp talsrcimg -O0 -y
---------------------------------------------------------------------

freesurfer ifh2hdr.c
Tue Mar 10 22:03:26 2026
Writing: talsrcimg.4dfp.hdr
freesurfer analyzeto4dfp.c
Reading: talsrcimg.hdr
header size 348 bytes
hdr.dime.datatype	offset=70	value=2
hdr.dime.bitpix		offset=72	value=8
hdr.hist.orient		offset=252	value=-1
dimensionality     4
dimensions       320       320       320         1
Reading: talsrcimg.img
Writing: talsrcimg.4dfp.img
Writing: talsrcimg.4dfp.ifh
ifh2hdr talsrcimg -r0to185
ori=2

---------------------------------------------------------------------
gauss_4dfp talsrcimg 1.1
---------------------------------------------------------------------

freesurfer gauss_4dfp.c
Reading: talsrcimg.4dfp.img
Writing: talsrcimg_g11.4dfp.img
image dimensions 320 320 320 padded to 384 384 384
processing volume 1freesurfer ifh2hdr.c
Tue Mar 10 22:03:42 2026
Writing: talsrcimg_g11.4dfp.hdr

Writing: talsrcimg_g11.4dfp.ifh
including: talsrcimg.4dfp.img.rec in talsrcimg_g11.4dfp.img.rec

---------------------------------------------------------------------
imgreg_4dfp /opt/freesurfer/average/711-2C_as_mni_average_305 none talsrcimg_g11 none talsrcimg_to_711-2C_as_mni_average_305_t4 4355
---------------------------------------------------------------------

freesurfer imgreg_4dfp.c
/opt/freesurfer/average/711-2C_as_mni_average_305.4dfp.img
       256       256       256         1
  1.000000  1.000000  1.000000
orientation T byte_order littleendian
Reading image: /opt/freesurfer/average/711-2C_as_mni_average_305.4dfp.img
dimensions:      256       256       256
mmppix:       1.0000   -1.0000   -1.0000
center:     128.0000 -129.0000 -129.0000
talsrcimg_g11.4dfp.img
       320       320       320         1
  0.800000  0.800000  0.800000
orientation T byte_order littleendian
Reading image: talsrcimg_g11.4dfp.img
dimensions:      320       320       320
mmppix:       0.8000   -0.8000   -0.8000
center:     128.0000 -128.8000 -128.8000
t4_read: open error in t4_sub.f l:  41 t4_file(1:l)talsrcimg_to_711-2C_as_mni_average_305_t4 
t4_read: transform initialized to I4
rotation matrix determinant  1.000000
image alignment mode   4355 decimal     1103 hex
   -7.5000  -45.0000  -45.0000 9077.5049   16.8017
    0.0000  -45.0000  -45.0000 9475.9619   16.9139
    7.5000  -45.0000  -45.0000 9007.9727   16.8841
   -7.5000  -37.5000  -45.0000 9618.2139   16.8511
    0.0000  -37.5000  -45.000010042.5039   16.9666
    7.5000  -37.5000  -45.0000 9548.4844   16.9373
   -7.5000  -30.0000  -45.000010496.4756   16.9852
    0.0000  -30.0000  -45.000010977.0664   17.1037
    7.5000  -30.0000  -45.000010403.2061   17.0734
   -7.5000  -22.5000  -45.000011376.6318   17.0668
    0.0000  -22.5000  -45.000011893.3516   17.1846
    7.5000  -22.5000  -45.000011255.6230   17.1525
   -7.5000  -15.0000  -45.000012238.4922   17.0260
    0.0000  -15.0000  -45.000012798.5684   17.1413
    7.5000  -15.0000  -45.000012100.2295   17.1089
   -7.5000   -7.5000  -45.000013097.8975   16.8919
    0.0000   -7.5000  -45.000013683.6016   17.0045
    7.5000   -7.5000  -45.000012939.3008   16.9735
   -7.5000    0.0000  -45.000013653.5381   16.8017
    0.0000    0.0000  -45.000014284.5791   16.9139
    7.5000    0.0000  -45.000013494.3037   16.8841
   -7.5000    7.5000  -45.000013067.7031   16.8511
    0.0000    7.5000  -45.000013670.1885   16.9666
    7.5000    7.5000  -45.000012917.9277   16.9373
   -7.5000   15.0000  -45.000012316.7070   16.9852
    0.0000   15.0000  -45.000012882.9736   17.1037
    7.5000   15.0000  -45.000012177.3887   17.0734
   -7.5000   22.5000  -45.000011460.6650   17.0644
    0.0000   22.5000  -45.000011978.8379   17.1823
    7.5000   22.5000  -45.000011325.3867   17.1501
   -7.5000   30.0000  -45.000010621.3213   16.7991
    0.0000   30.0000  -45.000011085.2617   16.9128
    7.5000   30.0000  -45.000010482.1465   16.8809
   -7.5000   37.5000  -45.000010163.0684   16.6668
    0.0000   37.5000  -45.000010597.8428   16.7779
    7.5000   37.5000  -45.0000 9998.1455   16.7473
   -7.5000   45.0000  -45.0000 9326.7334   16.1568
    0.0000   45.0000  -45.0000 9711.4023   16.2648
    7.5000   45.0000  -45.0000 9160.3682   16.2361
   -7.5000  -45.0000  -37.5000 9407.5703   16.6984
    0.0000  -45.0000  -37.5000 9837.1875   16.8129
    7.5000  -45.0000  -37.5000 9341.0850   16.7776
   -7.5000  -37.5000  -37.5000 9950.6924   16.7579
    0.0000  -37.5000  -37.500010409.6367   16.8751
    7.5000  -37.5000  -37.5000 9894.1064   16.8398
   -7.5000  -30.0000  -37.500010845.4248   16.8971
    0.0000  -30.0000  -37.500011349.1699   17.0167
    7.5000  -30.0000  -37.500010771.9346   16.9805
   -7.5000  -22.5000  -37.500011738.4863   16.9751
    0.0000  -22.5000  -37.500012296.2812   17.0940
    7.5000  -22.5000  -37.500011633.6104   17.0561
   -7.5000  -15.0000  -37.500012625.3418   16.9255
    0.0000  -15.0000  -37.500013213.9814   17.0420
    7.5000  -15.0000  -37.500012475.9209   17.0040
   -7.5000   -7.5000  -37.500013491.2559   16.7847
    0.0000   -7.5000  -37.500014105.8105   16.8995
    7.5000   -7.5000  -37.500013313.0020   16.8631
   -7.5000    0.0000  -37.500014051.0215   16.6984
    0.0000    0.0000  -37.500014712.9717   16.8129
    7.5000    0.0000  -37.500013879.8438   16.7776
   -7.5000    7.5000  -37.500013452.5527   16.7579
    0.0000    7.5000  -37.500014093.6416   16.8751
    7.5000    7.5000  -37.500013303.5576   16.8398
   -7.5000   15.0000  -37.500012694.5908   16.8971
    0.0000   15.0000  -37.500013315.4092   17.0167
    7.5000   15.0000  -37.500012546.1445   16.9805
   -7.5000   22.5000  -37.500011802.6992   16.9728
    0.0000   22.5000  -37.500012375.3770   17.0917
    7.5000   22.5000  -37.500011650.3115   17.0537
   -7.5000   30.0000  -37.500010891.1738   16.6999
    0.0000   30.0000  -37.500011406.3623   16.8149
    7.5000   30.0000  -37.500010754.8652   16.7774
   -7.5000   37.5000  -37.500010413.6348   16.5610
    0.0000   37.5000  -37.500010880.1895   16.6743
    7.5000   37.5000  -37.500010277.7246   16.6384
   -7.5000   45.0000  -37.5000 9541.7539   16.0575
    0.0000   45.0000  -37.5000 9948.1797   16.1677
    7.5000   45.0000  -37.5000 9393.2236   16.1337
   -7.5000  -45.0000  -30.000010059.5459   17.0142
    0.0000  -45.0000  -30.000010533.8467   17.1311
    7.5000  -45.0000  -30.000010000.6006   17.0905
   -7.5000  -37.5000  -30.000010645.9492   17.0789
    0.0000  -37.5000  -30.000011147.2236   17.1954
    7.5000  -37.5000  -30.000010578.9102   17.1536
   -7.5000  -30.0000  -30.000011605.9609   17.2266
    0.0000  -30.0000  -30.000012142.1982   17.3424
    7.5000  -30.0000  -30.000011511.9395   17.2977
   -7.5000  -22.5000  -30.000012552.4297   17.3086
    0.0000  -22.5000  -30.000013150.2529   17.4235
    7.5000  -22.5000  -30.000012422.4180   17.3763
   -7.5000  -15.0000  -30.000013494.7441   17.2548
    0.0000  -15.0000  -30.000014110.1621   17.3700
    7.5000  -15.0000  -30.000013316.3174   17.3238
   -7.5000   -7.5000  -30.000014395.7441   17.1049
    0.0000   -7.5000  -30.000015049.4287   17.2215
    7.5000   -7.5000  -30.000014225.0771   17.1789
   -7.5000    0.0000  -30.000014990.8975   17.0142
    0.0000    0.0000  -30.000015682.2383   17.1311
    7.5000    0.0000  -30.000014817.3975   17.0905
   -7.5000    7.5000  -30.000014376.6406   17.0789
    0.0000    7.5000  -30.000015045.6211   17.1954
    7.5000    7.5000  -30.000014203.0957   17.1536
   -7.5000   15.0000  -30.000013563.0439   17.2266
    0.0000   15.0000  -30.000014222.2129   17.3424
    7.5000   15.0000  -30.000013383.9961   17.2977
   -7.5000   22.5000  -30.000012596.6963   17.3044
    0.0000   22.5000  -30.000013206.9229   17.4193
    7.5000   22.5000  -30.000012421.6162   17.3721
   -7.5000   30.0000  -30.000011594.4326   17.0265
    0.0000   30.0000  -30.000012158.6895   17.1402
    7.5000   30.0000  -30.000011452.6113   17.0945
   -7.5000   37.5000  -30.000011059.4131   16.8786
    0.0000   37.5000  -30.000011584.7061   16.9936
    7.5000   37.5000  -30.000010935.0830   16.9516
   -7.5000   45.0000  -30.000010116.6152   16.3732
    0.0000   45.0000  -30.000010551.8105   16.4858
    7.5000   45.0000  -30.0000 9976.3545   16.4467
   -7.5000  -45.0000  -22.500010722.6572   17.2557
    0.0000  -45.0000  -22.500011229.3867   17.3736
    7.5000  -45.0000  -22.500010669.2920   17.3333
   -7.5000  -37.5000  -22.500011353.4170   17.3199
    0.0000  -37.5000  -22.500011885.7803   17.4344
    7.5000  -37.5000  -22.500011263.6680   17.3917
   -7.5000  -30.0000  -22.500012379.3730   17.4702
    0.0000  -30.0000  -22.500012928.6572   17.5809
    7.5000  -30.0000  -22.500012252.2090   17.5335
   -7.5000  -22.5000  -22.500013402.1816   17.5553
    0.0000  -22.5000  -22.500014001.9072   17.6654
    7.5000  -22.5000  -22.500013231.2363   17.6150
   -7.5000  -15.0000  -22.500014402.4258   17.5025
    0.0000  -15.0000  -22.500015034.7969   17.6159
    7.5000  -15.0000  -22.500014196.7227   17.5677
   -7.5000   -7.5000  -22.500015350.3320   17.3498
    0.0000   -7.5000  -22.500016055.3525   17.4672
    7.5000   -7.5000  -22.500015166.0312   17.4243
   -7.5000    0.0000  -22.500015980.2969   17.2557
    0.0000    0.0000  -22.500016717.5371   17.3736
    7.5000    0.0000  -22.500015779.8105   17.3333
   -7.5000    7.5000  -22.500015308.7119   17.3199
    0.0000    7.5000  -22.500016028.8457   17.4344
    7.5000    7.5000  -22.500015098.3467   17.3917
   -7.5000   15.0000  -22.500014447.9404   17.4702
    0.0000   15.0000  -22.500015121.2285   17.5809
    7.5000   15.0000  -22.500014230.4863   17.5335
   -7.5000   22.5000  -22.500013403.1572   17.5499
    0.0000   22.5000  -22.500014041.0098   17.6600
    7.5000   22.5000  -22.500013207.1758   17.6096
   -7.5000   30.0000  -22.500012336.1318   17.2736
    0.0000   30.0000  -22.500012939.1992   17.3855
    7.5000   30.0000  -22.500012183.7168   17.3379
   -7.5000   37.5000  -22.500011767.1152   17.1229
    0.0000   37.5000  -22.500012335.9287   17.2387
    7.5000   37.5000  -22.500011630.6768   17.1964
   -7.5000   45.0000  -22.500010729.4893   16.6181
    0.0000   45.0000  -22.500011202.8906   16.7317
    7.5000   45.0000  -22.500010595.0264   16.6929
   -7.5000  -45.0000  -15.000011422.6465   17.3557
    0.0000  -45.0000  -15.000011941.6865   17.4740
    7.5000  -45.0000  -15.000011334.9658   17.4377
   -7.5000  -37.5000  -15.000012099.1396   17.4151
    0.0000  -37.5000  -15.000012650.0098   17.5303
    7.5000  -37.5000  -15.000011976.2666   17.4917
   -7.5000  -30.0000  -15.000013193.1533   17.5601
    0.0000  -30.0000  -15.000013753.0586   17.6717
    7.5000  -30.0000  -15.000013019.1104   17.6284
   -7.5000  -22.5000  -15.000014291.1875   17.6449
    0.0000  -22.5000  -15.000014887.7402   17.7561
    7.5000  -22.5000  -15.000014063.9590   17.7100
   -7.5000  -15.0000  -15.000015337.1074   17.5968
    0.0000  -15.0000  -15.000015996.0332   17.7115
    7.5000  -15.0000  -15.000015101.7852   17.6680
   -7.5000   -7.5000  -15.000016351.5752   17.4491
    0.0000   -7.5000  -15.000017080.1719   17.5674
    7.5000   -7.5000  -15.000016121.4141   17.5288
   -7.5000    0.0000  -15.000017001.1641   17.3557
    0.0000    0.0000  -15.000017758.0371   17.4740
    7.5000    0.0000  -15.000016761.1270   17.4377
   -7.5000    7.5000  -15.000016245.8438   17.4151
    0.0000    7.5000  -15.000016979.3652   17.5303
    7.5000    7.5000  -15.000016007.1787   17.4917
   -7.5000   15.0000  -15.000015338.4209   17.5601
    0.0000   15.0000  -15.000016028.0234   17.6717
    7.5000   15.0000  -15.000015090.1514   17.6284
   -7.5000   22.5000  -15.000014228.5098   17.6387
    0.0000   22.5000  -15.000014905.9951   17.7498
    7.5000   22.5000  -15.000014020.8359   17.7038
   -7.5000   30.0000  -15.000013083.2549   17.3691
    0.0000   30.0000  -15.000013714.9619   17.4822
    7.5000   30.0000  -15.000012934.8975   17.4393
   -7.5000   37.5000  -15.000012457.8389   17.2233
    0.0000   37.5000  -15.000013066.3418   17.3400
    7.5000   37.5000  -15.000012326.2920   17.3020
   -7.5000   45.0000  -15.000011348.5303   16.7245
    0.0000   45.0000  -15.000011879.8857   16.8385
    7.5000   45.0000  -15.000011227.5840   16.8036
   -7.5000  -45.0000   -7.500012119.3994   17.2653
    0.0000  -45.0000   -7.500012641.3301   17.3844
    7.5000  -45.0000   -7.500011984.6934   17.3514
   -7.5000  -37.5000   -7.500012845.7236   17.3202
    0.0000  -37.5000   -7.500013399.9502   17.4394
    7.5000  -37.5000   -7.500012670.5264   17.4057
   -7.5000  -30.0000   -7.500013990.9648   17.4569
    0.0000  -30.0000   -7.500014573.8789   17.5762
    7.5000  -30.0000   -7.500013768.3271   17.5399
   -7.5000  -22.5000   -7.500015149.5186   17.5387
    0.0000  -22.5000   -7.500015759.4326   17.6574
    7.5000  -22.5000   -7.500014876.4297   17.6191
   -7.5000  -15.0000   -7.500016246.6514   17.4951
    0.0000  -15.0000   -7.500016918.8770   17.6143
    7.5000  -15.0000   -7.500015965.2520   17.5769
   -7.5000   -7.5000   -7.500017348.3809   17.3552
    0.0000   -7.5000   -7.500018077.4629   17.4746
    7.5000   -7.5000   -7.500017045.5020   17.4399
   -7.5000    0.0000   -7.500017992.0039   17.2653
    0.0000    0.0000   -7.500018775.0156   17.3844
    7.5000    0.0000   -7.500017690.0371   17.3514
   -7.5000    7.5000   -7.500017179.6055   17.3202
    0.0000    7.5000   -7.500017933.5645   17.4394
    7.5000    7.5000   -7.500016902.4316   17.4057
   -7.5000   15.0000   -7.500016211.8926   17.4569
    0.0000   15.0000   -7.500016916.9551   17.5762
    7.5000   15.0000   -7.500015941.8906   17.5399
   -7.5000   22.5000   -7.500015052.5488   17.5306
    0.0000   22.5000   -7.500015747.1064   17.6493
    7.5000   22.5000   -7.500014816.0693   17.6110
   -7.5000   30.0000   -7.500013867.0234   17.2682
    0.0000   30.0000   -7.500014528.5791   17.3859
    7.5000   30.0000   -7.500013667.7520   17.3490
   -7.5000   37.5000   -7.500013171.1562   17.1301
    0.0000   37.5000   -7.500013801.6699   17.2479
    7.5000   37.5000   -7.500013001.6582   17.2137
   -7.5000   45.0000   -7.500011981.9346   16.6405
    0.0000   45.0000   -7.500012533.0225   16.7553
    7.5000   45.0000   -7.500011827.2295   16.7235
   -7.5000  -45.0000    0.000012741.3623   17.0624
    0.0000  -45.0000    0.000013311.5322   17.1842
    7.5000  -45.0000    0.000012576.1699   17.1517
   -7.5000  -37.5000    0.000013515.9443   17.1190
    0.0000  -37.5000    0.000014111.1787   17.2438
    7.5000  -37.5000    0.000013307.8262   17.2118
   -7.5000  -30.0000    0.000014731.5410   17.2522
    0.0000  -30.0000    0.000015366.4004   17.3798
    7.5000  -30.0000    0.000014473.1377   17.3471
   -7.5000  -22.5000    0.000015929.0020   17.3292
    0.0000  -22.5000    0.000016617.3535   17.4562
    7.5000  -22.5000    0.000015644.3115   17.4218
   -7.5000  -15.0000    0.000017091.8281   17.2839
    0.0000  -15.0000    0.000017805.9531   17.4085
    7.5000  -15.0000    0.000016781.3281   17.3738
   -7.5000   -7.5000    0.000018220.7383   17.1472
    0.0000   -7.5000    0.000019029.5996   17.2692
    7.5000   -7.5000    0.000017899.6172   17.2358
   -7.5000    0.0000    0.000018925.4141   17.0624
    0.0000    0.0000    0.000019762.9121   17.1842
    7.5000    0.0000    0.000018589.2812   17.1517
   -7.5000    7.5000    0.000018082.0801   17.1190
    0.0000    7.5000    0.000018890.0410   17.2438
    7.5000    7.5000    0.000017763.3164   17.2118
   -7.5000   15.0000    0.000017044.8223   17.2522
    0.0000   15.0000    0.000017816.5156   17.3798
    7.5000   15.0000    0.000016738.6406   17.3471
   -7.5000   22.5000    0.000015837.8291   17.3212
    0.0000   22.5000    0.000016574.2266   17.4481
    7.5000   22.5000    0.000015562.1445   17.4138
   -7.5000   30.0000    0.000014590.9492   17.0602
    0.0000   30.0000    0.000015283.9316   17.1832
    7.5000   30.0000    0.000014361.9678   17.1490
   -7.5000   37.5000    0.000013883.2051   16.9253
    0.0000   37.5000    0.000014522.4023   17.0458
    7.5000   37.5000    0.000013655.7471   17.0127
   -7.5000   45.0000    0.000012581.3584   16.4462
    0.0000   45.0000    0.000013160.3643   16.5636
    7.5000   45.0000    0.000012381.1445   16.5323
   -7.5000  -45.0000    7.500012457.3535   17.3118
    0.0000  -45.0000    7.500013017.1797   17.4364
    7.5000  -45.0000    7.500012283.9316   17.3984
   -7.5000  -37.5000    7.500013256.0732   17.3783
    0.0000  -37.5000    7.500013839.5059   17.5055
    7.5000  -37.5000    7.500013027.6533   17.4675
   -7.5000  -30.0000    7.500014545.5293   17.5204
    0.0000  -30.0000    7.500015220.1641   17.6499
    7.5000  -30.0000    7.500014214.9717   17.6110
   -7.5000  -22.5000    7.500015693.4502   17.5972
    0.0000  -22.5000    7.500016396.8809   17.7261
    7.5000  -22.5000    7.500015364.0801   17.6855
   -7.5000  -15.0000    7.500016661.7637   17.5430
    0.0000  -15.0000    7.500017369.9570   17.6694
    7.5000  -15.0000    7.500016411.1074   17.6287
   -7.5000   -7.5000    7.500017733.2031   17.3963
    0.0000   -7.5000    7.500018504.0488   17.5210
    7.5000   -7.5000    7.500017465.8125   17.4819
   -7.5000    0.0000    7.500018446.2676   17.3118
    0.0000    0.0000    7.500019278.0488   17.4364
    7.5000    0.0000    7.500018145.8418   17.3984
   -7.5000    7.5000    7.500017653.0645   17.3783
    0.0000    7.5000    7.500018471.5312   17.5055
    7.5000    7.5000    7.500017356.7148   17.4675
   -7.5000   15.0000    7.500016655.0781   17.5204
    0.0000   15.0000    7.500017428.4180   17.6499
    7.5000   15.0000    7.500016354.4561   17.6110
   -7.5000   22.5000    7.500015479.7627   17.5891
    0.0000   22.5000    7.500016202.9365   17.7179
    7.5000   22.5000    7.500015192.9424   17.6773
   -7.5000   30.0000    7.500014281.8457   17.3160
    0.0000   30.0000    7.500014958.0195   17.4407
    7.5000   30.0000    7.500014010.6895   17.4005
   -7.5000   37.5000    7.500013596.1709   17.1712
    0.0000   37.5000    7.500014233.1875   17.2942
    7.5000   37.5000    7.500013331.6367   17.2556
   -7.5000   45.0000    7.500012318.3057   16.6866
    0.0000   45.0000    7.500012887.9697   16.8067
    7.5000   45.0000    7.500012063.9141   16.7700
   -7.5000  -45.0000   15.000012057.5889   17.6072
    0.0000  -45.0000   15.000012568.1885   17.7305
    7.5000  -45.0000   15.000011847.4277   17.6868
   -7.5000  -37.5000   15.000012877.4434   17.6799
    0.0000  -37.5000   15.000013460.1973   17.8028
    7.5000  -37.5000   15.000012579.5029   17.7580
   -7.5000  -30.0000   15.000014224.3975   17.8309
    0.0000  -30.0000   15.000014914.5303   17.9530
    7.5000  -30.0000   15.000013810.6133   17.9052
   -7.5000  -22.5000   15.000015225.1426   17.9112
    0.0000  -22.5000   15.000015872.3359   18.0323
    7.5000  -22.5000   15.000014958.3418   17.9818
   -7.5000  -15.0000   15.000016016.0498   17.8518
    0.0000  -15.0000   15.000016654.1602   17.9732
    7.5000  -15.0000   15.000015920.4502   17.9236
   -7.5000   -7.5000   15.000017038.5957   17.6954
    0.0000   -7.5000   15.000017737.1523   17.8181
    7.5000   -7.5000   15.000016900.8906   17.7724
   -7.5000    0.0000   15.000017826.8125   17.6072
    0.0000    0.0000   15.000018618.7383   17.7305
    7.5000    0.0000   15.000017590.9258   17.6868
   -7.5000    7.5000   15.000017146.1074   17.6799
    0.0000    7.5000   15.000017909.1445   17.8028
    7.5000    7.5000   15.000016828.0312   17.7580
   -7.5000   15.0000   15.000016228.7334   17.8309
    0.0000   15.0000   15.000016950.7090   17.9530
    7.5000   15.0000   15.000015854.8037   17.9052
   -7.5000   22.5000   15.000015114.5410   17.9029
    0.0000   22.5000   15.000015781.2490   18.0240
    7.5000   22.5000   15.000014733.2412   17.9736
   -7.5000   30.0000   15.000013962.6426   17.6208
    0.0000   30.0000   15.000014587.2568   17.7406
    7.5000   30.0000   15.000013623.2988   17.6916
   -7.5000   37.5000   15.000013298.5166   17.4664
    0.0000   37.5000   15.000013884.1455   17.5875
    7.5000   37.5000   15.000012978.1992   17.5424
   -7.5000   45.0000   15.000012032.7295   16.9713
    0.0000   45.0000   15.000012550.4111   17.0902
    7.5000   45.0000   15.000011738.0029   17.0481
   -7.5000  -45.0000   22.500011513.9062   17.9439
    0.0000  -45.0000   22.500012032.2021   18.0650
    7.5000  -45.0000   22.500011364.6201   18.0209
   -7.5000  -37.5000   22.500012288.8828   18.0162
    0.0000  -37.5000   22.500012849.7559   18.1338
    7.5000  -37.5000   22.500012057.0371   18.0874
   -7.5000  -30.0000   22.500013600.9502   18.1696
    0.0000  -30.0000   22.500014280.2891   18.2831
    7.5000  -30.0000   22.500013255.5908   18.2317
   -7.5000  -22.5000   22.500014718.2832   18.2528
    0.0000  -22.5000   22.500015366.1084   18.3655
    7.5000  -22.5000   22.500014456.9326   18.3108
   -7.5000  -15.0000   22.500015628.4814   18.1945
    0.0000  -15.0000   22.500016240.3877   18.3106
    7.5000  -15.0000   22.500015444.5713   18.2580
   -7.5000   -7.5000   22.500016649.3887   18.0353
    0.0000   -7.5000   22.500017319.9473   18.1557
    7.5000   -7.5000   22.500016402.2070   18.1088
   -7.5000    0.0000   22.500017374.8848   17.9439
    0.0000    0.0000   22.500018113.3359   18.0650
    7.5000    0.0000   22.500017023.6719   18.0209
   -7.5000    7.5000   22.500016661.7090   18.0162
    0.0000    7.5000   22.500017362.3809   18.1338
    7.5000    7.5000   22.500016248.3867   18.0874
   -7.5000   15.0000   22.500015725.8252   18.1696
    0.0000   15.0000   22.500016383.8486   18.2831
    7.5000   15.0000   22.500015294.5439   18.2317
   -7.5000   22.5000   22.500014603.6240   18.2444
    0.0000   22.5000   22.500015208.8965   18.3570
    7.5000   22.5000   22.500014200.8008   18.3023
   -7.5000   30.0000   22.500013466.1357   17.9591
    0.0000   30.0000   22.500014044.6504   18.0736
    7.5000   30.0000   22.500013116.8086   18.0217
   -7.5000   37.5000   22.500012778.2637   17.8019
    0.0000   37.5000   22.500013346.8008   17.9207
    7.5000   37.5000   22.500012472.0186   17.8744
   -7.5000   45.0000   22.500011534.2812   17.2959
    0.0000   45.0000   22.500012042.4932   17.4126
    7.5000   45.0000   22.500011252.3994   17.3701
   -7.5000  -45.0000   30.000010906.7031   18.3551
    0.0000  -45.0000   30.000011412.1650   18.4749
    7.5000  -45.0000   30.000010819.6670   18.4337
   -7.5000  -37.5000   30.000011599.7617   18.4249
    0.0000  -37.5000   30.000012163.2686   18.5409
    7.5000  -37.5000   30.000011445.7324   18.4972
   -7.5000  -30.0000   30.000012786.0791   18.5738
    0.0000  -30.0000   30.000013406.8682   18.6858
    7.5000  -30.0000   30.000012545.2803   18.6370
   -7.5000  -22.5000   30.000013940.8418   18.6556
    0.0000  -22.5000   30.000014617.7881   18.7671
    7.5000  -22.5000   30.000013664.1855   18.7152
   -7.5000  -15.0000   30.000015060.2197   18.6004
    0.0000  -15.0000   30.000015802.0537   18.7158
    7.5000  -15.0000   30.000014721.3994   18.6667
   -7.5000   -7.5000   30.000016109.6523   18.4451
    0.0000   -7.5000   30.000016886.9707   18.5647
    7.5000   -7.5000   30.000015708.8604   18.5209
   -7.5000    0.0000   30.000016718.9629   18.3551
    0.0000    0.0000   30.000017479.5859   18.4749
    7.5000    0.0000   30.000016283.4102   18.4337
   -7.5000    7.5000   30.000015939.0283   18.4249
    0.0000    7.5000   30.000016628.8984   18.5409
    7.5000    7.5000   30.000015536.7998   18.4972
   -7.5000   15.0000   30.000014977.2002   18.5738
    0.0000   15.0000   30.000015603.7783   18.6858
    7.5000   15.0000   30.000014607.3828   18.6370
   -7.5000   22.5000   30.000013899.2764   18.6470
    0.0000   22.5000   30.000014472.0010   18.7584
    7.5000   22.5000   30.000013568.0195   18.7066
   -7.5000   30.0000   30.000012811.8018   18.3597
    0.0000   30.0000   30.000013344.5078   18.4736
    7.5000   30.0000   30.000012535.1836   18.4251
   -7.5000   37.5000   30.000012179.5488   18.2064
    0.0000   37.5000   30.000012703.8535   18.3244
    7.5000   37.5000   30.000011934.4688   18.2812
   -7.5000   45.0000   30.000011015.4111   17.6923
    0.0000   45.0000   30.000011451.4033   17.8077
    7.5000   45.0000   30.000010783.3340   17.7680
   -7.5000  -45.0000   37.500010683.0039   18.5935
    0.0000  -45.0000   37.500011169.1514   18.7129
    7.5000  -45.0000   37.500010590.6416   18.6748
   -7.5000  -37.5000   37.500011365.9199   18.6619
    0.0000  -37.5000   37.500011886.5049   18.7814
    7.5000  -37.5000   37.500011239.4971   18.7423
   -7.5000  -30.0000   37.500012469.6641   18.8016
    0.0000  -30.0000   37.500013015.9395   18.9209
    7.5000  -30.0000   37.500012301.4746   18.8789
   -7.5000  -22.5000   37.500013545.4150   18.8765
    0.0000  -22.5000   37.500014131.7656   18.9950
    7.5000  -22.5000   37.500013356.7754   18.9507
   -7.5000  -15.0000   37.500014602.3750   18.8230
    0.0000  -15.0000   37.500015248.8584   18.9419
    7.5000  -15.0000   37.500014377.9980   18.8988
   -7.5000   -7.5000   37.500015646.5361   18.6759
    0.0000   -7.5000   37.500016343.5361   18.7955
    7.5000   -7.5000   37.500015395.0957   18.7555
   -7.5000    0.0000   37.500016301.6162   18.5935
    0.0000    0.0000   37.500017018.7324   18.7129
    7.5000    0.0000   37.500016029.7549   18.6748
   -7.5000    7.5000   37.500015584.5098   18.6619
    0.0000    7.5000   37.500016246.0645   18.7814
    7.5000    7.5000   37.500015309.1133   18.7423
   -7.5000   15.0000   37.500014665.6250   18.8016
    0.0000   15.0000   37.500015264.1875   18.9209
    7.5000   15.0000   37.500014386.5781   18.8789
   -7.5000   22.5000   37.500013625.5684   18.8678
    0.0000   22.5000   37.500014180.4297   18.9862
    7.5000   22.5000   37.500013359.1318   18.9420
   -7.5000   30.0000   37.500012543.3896   18.5793
    0.0000   30.0000   37.500013060.5049   18.6968
    7.5000   30.0000   37.500012320.5000   18.6542
   -7.5000   37.5000   37.500011905.4443   18.4342
    0.0000   37.5000   37.500012413.9775   18.5523
    7.5000   37.5000   37.500011699.1650   18.5128
   -7.5000   45.0000   37.500010778.0527   17.9220
    0.0000   45.0000   37.500011229.8818   18.0371
    7.5000   45.0000   37.500010596.2666   18.0003
   -7.5000  -45.0000   45.0000 9965.8594   18.9076
    0.0000  -45.0000   45.000010400.8896   19.0314
    7.5000  -45.0000   45.0000 9919.2393   18.9909
   -7.5000  -37.5000   45.000010570.2402   18.9828
    0.0000  -37.5000   45.000011038.6582   19.1101
    7.5000  -37.5000   45.000010526.0312   19.0700
   -7.5000  -30.0000   45.000011544.6641   19.1222
    0.0000  -30.0000   45.000012038.8770   19.2526
    7.5000  -30.0000   45.000011490.6250   19.2116
   -7.5000  -22.5000   45.000012526.5947   19.1912
    0.0000  -22.5000   45.000013064.2090   19.3206
    7.5000  -22.5000   45.000012476.2178   19.2778
   -7.5000  -15.0000   45.000013487.8672   19.1316
    0.0000  -15.0000   45.000014079.2773   19.2583
    7.5000  -15.0000   45.000013413.3184   19.2151
   -7.5000   -7.5000   45.000014439.1719   18.9837
    0.0000   -7.5000   45.000015078.3545   19.1077
    7.5000   -7.5000   45.000014351.9531   19.0660
   -7.5000    0.0000   45.000015052.8623   18.9076
    0.0000    0.0000   45.000015720.3545   19.0314
    7.5000    0.0000   45.000014959.1689   18.9909
   -7.5000    7.5000   45.000014431.9707   18.9828
    0.0000    7.5000   45.000015076.8193   19.1101
    7.5000    7.5000   45.000014323.1436   19.0700
   -7.5000   15.0000   45.000013623.1719   19.1222
    0.0000   15.0000   45.000014225.7627   19.2526
    7.5000   15.0000   45.000013494.3613   19.2116
   -7.5000   22.5000   45.000012689.9297   19.1823
    0.0000   22.5000   45.000013241.3877   19.3117
    7.5000   22.5000   45.000012534.1445   19.2688
   -7.5000   30.0000   45.000011701.9795   18.8823
    0.0000   30.0000   45.000012205.3613   19.0074
    7.5000   30.0000   45.000011538.9990   18.9648
   -7.5000   37.5000   45.000011137.8281   18.7364
    0.0000   37.5000   45.000011617.1924   18.8587
    7.5000   37.5000   45.000010966.9424   18.8176
   -7.5000   45.0000   45.000010096.9238   18.2330
    0.0000   45.0000   45.000010539.6064   18.3524
    7.5000   45.0000   45.0000 9960.2500   18.3133

---------------------------------------------------------------------
imgreg_4dfp /opt/freesurfer/average/711-2C_as_mni_average_305 /opt/freesurfer/average/711-2B_as_mni_average_305_mask talsrcimg_g11 none talsrcimg_to_711-2C_as_mni_average_305_t4 4355
---------------------------------------------------------------------

freesurfer imgreg_4dfp.c
/opt/freesurfer/average/711-2C_as_mni_average_305.4dfp.img
       256       256       256         1
  1.000000  1.000000  1.000000
orientation T byte_order littleendian
Reading image: /opt/freesurfer/average/711-2C_as_mni_average_305.4dfp.img
dimensions:      256       256       256
mmppix:       1.0000   -1.0000   -1.0000
center:     128.0000 -129.0000 -129.0000
/opt/freesurfer/average/711-2B_as_mni_average_305_mask.4dfp.img
       256       256       256         1
  1.000000  1.000000  1.000000
orientation T byte_order littleendian
Reading mask: /opt/freesurfer/average/711-2B_as_mni_average_305_mask.4dfp.img (2306576 pixels)
talsrcimg_g11.4dfp.img
       320       320       320         1
  0.800000  0.800000  0.800000
orientation T byte_order littleendian
Reading image: talsrcimg_g11.4dfp.img
dimensions:      320       320       320
mmppix:       0.8000   -0.8000   -0.8000
center:     128.0000 -128.8000 -128.8000
rotation matrix determinant  1.000000
image alignment mode   4355 decimal     1103 hex
   -7.5000  -45.0000  -45.0000 2457.1602   24.1833
    0.0000  -45.0000  -45.0000 2458.3628   24.1923
    7.5000  -45.0000  -45.0000 2458.4670   24.3388
   -7.5000  -37.5000  -45.0000 2509.5408   22.7119
    0.0000  -37.5000  -45.0000 2513.2922   22.7250
    7.5000  -37.5000  -45.0000 2511.3435   22.8389
   -7.5000  -30.0000  -45.0000 2540.5186   21.5792
    0.0000  -30.0000  -45.0000 2545.7266   21.5971
    7.5000  -30.0000  -45.0000 2544.9646   21.7316
   -7.5000  -22.5000  -45.0000 2567.4653   20.7971
    0.0000  -22.5000  -45.0000 2568.4817   20.7877
    7.5000  -22.5000  -45.0000 2565.2717   20.9323
   -7.5000  -15.0000  -45.0000 2578.2739   20.3853
    0.0000  -15.0000  -45.0000 2581.1975   20.4047
    7.5000  -15.0000  -45.0000 2576.1799   20.5159
   -7.5000   -7.5000  -45.0000 2580.9238   20.3876
    0.0000   -7.5000  -45.0000 2578.4084   20.3895
    7.5000   -7.5000  -45.0000 2576.0603   20.5554
   -7.5000    0.0000  -45.0000 2564.7175   20.7142
    0.0000    0.0000  -45.0000 2571.6899   20.7057
    7.5000    0.0000  -45.0000 2568.9019   20.9100
   -7.5000    7.5000  -45.0000 2541.6531   21.3105
    0.0000    7.5000  -45.0000 2546.7097   21.3358
    7.5000    7.5000  -45.0000 2551.3625   21.5653
   -7.5000   15.0000  -45.0000 2504.8713   22.2774
    0.0000   15.0000  -45.0000 2505.5750   22.2686
    7.5000   15.0000  -45.0000 2512.2993   22.5345
   -7.5000   22.5000  -45.0000 2446.8542   23.6387
    0.0000   22.5000  -45.0000 2440.5544   23.6019
    7.5000   22.5000  -45.0000 2449.9636   23.9095
   -7.5000   30.0000  -45.0000 2380.9072   25.5253
    0.0000   30.0000  -45.0000 2373.2471   25.4401
    7.5000   30.0000  -45.0000 2382.3086   25.7626
   -7.5000   37.5000  -45.0000 2307.9260   27.8368
    0.0000   37.5000  -45.0000 2309.9578   27.7636
    7.5000   37.5000  -45.0000 2304.4380   28.0175
   -7.5000   45.0000  -45.0000 2220.6255   30.6852
    0.0000   45.0000  -45.0000 2227.7002   30.6629
    7.5000   45.0000  -45.0000 2221.1724   30.8389
   -7.5000  -45.0000  -37.5000 2491.7073   23.1148
    0.0000  -45.0000  -37.5000 2498.9395   23.1412
    7.5000  -45.0000  -37.5000 2496.6050   23.2291
   -7.5000  -37.5000  -37.5000 2542.5115   21.6701
    0.0000  -37.5000  -37.5000 2551.0103   21.6892
    7.5000  -37.5000  -37.5000 2550.5061   21.7845
   -7.5000  -30.0000  -37.5000 2570.9597   20.5891
    0.0000  -30.0000  -37.5000 2580.4346   20.6234
    7.5000  -30.0000  -37.5000 2581.0417   20.7100
   -7.5000  -22.5000  -37.5000 2594.8567   19.8261
    0.0000  -22.5000  -37.5000 2603.5840   19.8462
    7.5000  -22.5000  -37.5000 2603.3511   19.9626
   -7.5000  -15.0000  -37.5000 2608.9241   19.4409
    0.0000  -15.0000  -37.5000 2619.6868   19.4753
    7.5000  -15.0000  -37.5000 2610.5547   19.5547
   -7.5000   -7.5000  -37.5000 2611.4893   19.3877
    0.0000   -7.5000  -37.5000 2617.4878   19.4196
    7.5000   -7.5000  -37.5000 2608.6506   19.5262
   -7.5000    0.0000  -37.5000 2601.8936   19.6753
    0.0000    0.0000  -37.5000 2611.1821   19.6886
    7.5000    0.0000  -37.5000 2601.3049   19.8017
   -7.5000    7.5000  -37.5000 2579.2329   20.2041
    0.0000    7.5000  -37.5000 2588.3848   20.2429
    7.5000    7.5000  -37.5000 2585.9744   20.3699
   -7.5000   15.0000  -37.5000 2543.4734   21.1412
    0.0000   15.0000  -37.5000 2549.2000   21.1422
    7.5000   15.0000  -37.5000 2548.6545   21.3423
   -7.5000   22.5000  -37.5000 2477.2898   22.4373
    0.0000   22.5000  -37.5000 2482.5286   22.4693
    7.5000   22.5000  -37.5000 2484.2043   22.7272
   -7.5000   30.0000  -37.5000 2397.2078   24.2442
    0.0000   30.0000  -37.5000 2399.4092   24.1538
    7.5000   30.0000  -37.5000 2407.7900   24.4834
   -7.5000   37.5000  -37.5000 2320.9377   26.3863
    0.0000   37.5000  -37.5000 2319.6033   26.2914
    7.5000   37.5000  -37.5000 2325.3606   26.5893
   -7.5000   45.0000  -37.5000 2232.9351   29.1560
    0.0000   45.0000  -37.5000 2230.9492   29.0607
    7.5000   45.0000  -37.5000 2231.2297   29.3166
   -7.5000  -45.0000  -30.0000 2595.2632   22.4974
    0.0000  -45.0000  -30.0000 2605.0132   22.5448
    7.5000  -45.0000  -30.0000 2599.4285   22.5859
   -7.5000  -37.5000  -30.0000 2654.1267   21.0948
    0.0000  -37.5000  -30.0000 2661.5454   21.1095
    7.5000  -37.5000  -30.0000 2654.4622   21.1740
   -7.5000  -30.0000  -30.0000 2683.7324   20.0357
    0.0000  -30.0000  -30.0000 2696.0515   20.0708
    7.5000  -30.0000  -30.0000 2685.0676   20.1514
   -7.5000  -22.5000  -30.0000 2708.7522   19.3115
    0.0000  -22.5000  -30.0000 2720.5479   19.3442
    7.5000  -22.5000  -30.0000 2709.4880   19.4334
   -7.5000  -15.0000  -30.0000 2727.2070   18.9502
    0.0000  -15.0000  -30.0000 2737.4209   18.9631
    7.5000  -15.0000  -30.0000 2721.6055   19.0396
   -7.5000   -7.5000  -30.0000 2725.8774   18.8289
    0.0000   -7.5000  -30.0000 2735.5027   18.8719
    7.5000   -7.5000  -30.0000 2726.7415   18.9409
   -7.5000    0.0000  -30.0000 2720.8020   19.0416
    0.0000    0.0000  -30.0000 2729.2542   19.0614
    7.5000    0.0000  -30.0000 2721.7029   19.1669
   -7.5000    7.5000  -30.0000 2703.4558   19.5540
    0.0000    7.5000  -30.0000 2709.1997   19.5822
    7.5000    7.5000  -30.0000 2704.2053   19.6938
   -7.5000   15.0000  -30.0000 2662.3484   20.4732
    0.0000   15.0000  -30.0000 2665.8428   20.4683
    7.5000   15.0000  -30.0000 2660.7244   20.6298
   -7.5000   22.5000  -30.0000 2596.3210   21.7779
    0.0000   22.5000  -30.0000 2596.9387   21.7725
    7.5000   22.5000  -30.0000 2592.6343   21.9360
   -7.5000   30.0000  -30.0000 2510.9204   23.4832
    0.0000   30.0000  -30.0000 2510.4685   23.4232
    7.5000   30.0000  -30.0000 2512.9216   23.6537
   -7.5000   37.5000  -30.0000 2426.8828   25.5058
    0.0000   37.5000  -30.0000 2424.6526   25.4337
    7.5000   37.5000  -30.0000 2427.6443   25.7019
   -7.5000   45.0000  -30.0000 2325.6475   28.1149
    0.0000   45.0000  -30.0000 2316.7898   28.0329
    7.5000   45.0000  -30.0000 2325.1184   28.3410
   -7.5000  -45.0000  -22.5000 2667.6467   21.8527
    0.0000  -45.0000  -22.5000 2678.9502   21.8868
    7.5000  -45.0000  -22.5000 2667.2761   21.9099
   -7.5000  -37.5000  -22.5000 2727.5808   20.4450
    0.0000  -37.5000  -22.5000 2734.5972   20.4383
    7.5000  -37.5000  -22.5000 2722.0669   20.5187
   -7.5000  -30.0000  -22.5000 2766.3838   19.4787
    0.0000  -30.0000  -22.5000 2771.1130   19.4448
    7.5000  -30.0000  -22.5000 2755.1702   19.5357
   -7.5000  -22.5000  -22.5000 2794.6543   18.7480
    0.0000  -22.5000  -22.5000 2801.1050   18.7379
    7.5000  -22.5000  -22.5000 2785.7576   18.8208
   -7.5000  -15.0000  -22.5000 2818.3706   18.3991
    0.0000  -15.0000  -22.5000 2822.3967   18.3641
    7.5000  -15.0000  -22.5000 2806.3738   18.4511
   -7.5000   -7.5000  -22.5000 2814.9343   18.2581
    0.0000   -7.5000  -22.5000 2826.4412   18.2641
    7.5000   -7.5000  -22.5000 2813.4177   18.3609
   -7.5000    0.0000  -22.5000 2810.7251   18.4291
    0.0000    0.0000  -22.5000 2820.0486   18.4403
    7.5000    0.0000  -22.5000 2809.2773   18.5731
   -7.5000    7.5000  -22.5000 2791.0125   18.9102
    0.0000    7.5000  -22.5000 2798.0679   18.9309
    7.5000    7.5000  -22.5000 2782.8711   19.0269
   -7.5000   15.0000  -22.5000 2745.7551   19.7723
    0.0000   15.0000  -22.5000 2752.5527   19.8146
    7.5000   15.0000  -22.5000 2732.4944   19.8831
   -7.5000   22.5000  -22.5000 2678.5706   21.0498
    0.0000   22.5000  -22.5000 2681.3728   21.0569
    7.5000   22.5000  -22.5000 2665.3621   21.1733
   -7.5000   30.0000  -22.5000 2588.8660   22.6736
    0.0000   30.0000  -22.5000 2592.4390   22.6647
    7.5000   30.0000  -22.5000 2580.1167   22.7914
   -7.5000   37.5000  -22.5000 2499.4604   24.5996
    0.0000   37.5000  -22.5000 2502.9624   24.5929
    7.5000   37.5000  -22.5000 2494.8152   24.8089
   -7.5000   45.0000  -22.5000 2384.0027   27.1104
    0.0000   45.0000  -22.5000 2380.7976   27.0684
    7.5000   45.0000  -22.5000 2390.2092   27.3848
   -7.5000  -45.0000  -15.0000 2717.8044   21.3612
    0.0000  -45.0000  -15.0000 2721.3352   21.3233
    7.5000  -45.0000  -15.0000 2705.8928   21.3792
   -7.5000  -37.5000  -15.0000 2775.4797   19.8917
    0.0000  -37.5000  -15.0000 2780.2429   19.8706
    7.5000  -37.5000  -15.0000 2765.0337   19.9391
   -7.5000  -30.0000  -15.0000 2819.4456   18.8956
    0.0000  -30.0000  -15.0000 2818.0955   18.8448
    7.5000  -30.0000  -15.0000 2806.4353   18.9660
   -7.5000  -22.5000  -15.0000 2853.8750   18.1871
    0.0000  -22.5000  -15.0000 2850.4900   18.1494
    7.5000  -22.5000  -15.0000 2838.2358   18.2379
   -7.5000  -15.0000  -15.0000 2878.8499   17.8248
    0.0000  -15.0000  -15.0000 2875.5730   17.7637
    7.5000  -15.0000  -15.0000 2864.2512   17.8699
   -7.5000   -7.5000  -15.0000 2879.6565   17.7057
    0.0000   -7.5000  -15.0000 2883.6499   17.6776
    7.5000   -7.5000  -15.0000 2870.9482   17.8062
   -7.5000    0.0000  -15.0000 2871.1917   17.8531
    0.0000    0.0000  -15.0000 2877.6826   17.8522
    7.5000    0.0000  -15.0000 2863.2510   17.9761
   -7.5000    7.5000  -15.0000 2846.8032   18.2773
    0.0000    7.5000  -15.0000 2853.8530   18.3140
    7.5000    7.5000  -15.0000 2832.7729   18.4239
   -7.5000   15.0000  -15.0000 2803.8767   19.1090
    0.0000   15.0000  -15.0000 2807.2205   19.1579
    7.5000   15.0000  -15.0000 2785.3506   19.2613
   -7.5000   22.5000  -15.0000 2729.1062   20.3494
    0.0000   22.5000  -15.0000 2736.2559   20.3480
    7.5000   22.5000  -15.0000 2712.9143   20.4840
   -7.5000   30.0000  -15.0000 2635.0125   21.9227
    0.0000   30.0000  -15.0000 2637.1794   21.9297
    7.5000   30.0000  -15.0000 2624.5808   22.0884
   -7.5000   37.5000  -15.0000 2539.0898   23.8454
    0.0000   37.5000  -15.0000 2542.0979   23.8425
    7.5000   37.5000  -15.0000 2534.4395   24.0572
   -7.5000   45.0000  -15.0000 2426.3206   26.2512
    0.0000   45.0000  -15.0000 2426.9189   26.2488
    7.5000   45.0000  -15.0000 2434.3774   26.5461
   -7.5000  -45.0000   -7.5000 2734.0288   20.8752
    0.0000  -45.0000   -7.5000 2733.9338   20.7707
    7.5000  -45.0000   -7.5000 2721.0576   20.9133
   -7.5000  -37.5000   -7.5000 2800.0442   19.4443
    0.0000  -37.5000   -7.5000 2802.6746   19.3782
    7.5000  -37.5000   -7.5000 2788.6697   19.4875
   -7.5000  -30.0000   -7.5000 2840.3462   18.3653
    0.0000  -30.0000   -7.5000 2839.9307   18.3016
    7.5000  -30.0000   -7.5000 2833.7283   18.4415
   -7.5000  -22.5000   -7.5000 2879.5334   17.5992
    0.0000  -22.5000   -7.5000 2874.0498   17.5556
    7.5000  -22.5000   -7.5000 2864.1821   17.6697
   -7.5000  -15.0000   -7.5000 2906.7571   17.1921
    0.0000  -15.0000   -7.5000 2899.7512   17.1523
    7.5000  -15.0000   -7.5000 2891.9055   17.2791
   -7.5000   -7.5000   -7.5000 2911.9954   17.1159
    0.0000   -7.5000   -7.5000 2914.8447   17.0922
    7.5000   -7.5000   -7.5000 2902.4197   17.2340
   -7.5000    0.0000   -7.5000 2902.3818   17.2681
    0.0000    0.0000   -7.5000 2908.1921   17.2543
    7.5000    0.0000   -7.5000 2895.2043   17.4244
   -7.5000    7.5000   -7.5000 2874.9465   17.6902
    0.0000    7.5000   -7.5000 2881.5288   17.6963
    7.5000    7.5000   -7.5000 2866.5527   17.8849
   -7.5000   15.0000   -7.5000 2828.2009   18.4973
    0.0000   15.0000   -7.5000 2829.2175   18.4949
    7.5000   15.0000   -7.5000 2816.9075   18.6900
   -7.5000   22.5000   -7.5000 2751.3098   19.6844
    0.0000   22.5000   -7.5000 2758.8567   19.6926
    7.5000   22.5000   -7.5000 2739.4353   19.8673
   -7.5000   30.0000   -7.5000 2660.7690   21.2472
    0.0000   30.0000   -7.5000 2667.9817   21.3051
    7.5000   30.0000   -7.5000 2646.5688   21.4301
   -7.5000   37.5000   -7.5000 2555.2952   23.1508
    0.0000   37.5000   -7.5000 2560.6240   23.1855
    7.5000   37.5000   -7.5000 2550.5098   23.3559
   -7.5000   45.0000   -7.5000 2440.3364   25.5128
    0.0000   45.0000   -7.5000 2444.7319   25.5576
    7.5000   45.0000   -7.5000 2446.4712   25.8044
   -7.5000  -45.0000    0.0000 2739.7917   20.5153
    0.0000  -45.0000    0.0000 2746.5959   20.4485
    7.5000  -45.0000    0.0000 2737.6597   20.5825
   -7.5000  -37.5000    0.0000 2807.5186   19.0607
    0.0000  -37.5000    0.0000 2816.5017   18.9848
    7.5000  -37.5000    0.0000 2805.6035   19.1183
   -7.5000  -30.0000    0.0000 2855.5168   17.9706
    0.0000  -30.0000    0.0000 2865.4663   17.9051
    7.5000  -30.0000    0.0000 2856.4226   18.0585
   -7.5000  -22.5000    0.0000 2888.3586   17.1124
    0.0000  -22.5000    0.0000 2894.1289   17.0819
    7.5000  -22.5000    0.0000 2885.5925   17.2446
   -7.5000  -15.0000    0.0000 2918.4216   16.6358
    0.0000  -15.0000    0.0000 2918.4062   16.6444
    7.5000  -15.0000    0.0000 2915.6169   16.8409
   -7.5000   -7.5000    0.0000 2929.0134   16.5862
    0.0000   -7.5000    0.0000 2934.3948   16.5886
    7.5000   -7.5000    0.0000 2928.7515   16.7757
   -7.5000    0.0000    0.0000 2920.7122   16.7612
    0.0000    0.0000    0.0000 2926.9539   16.7437
    7.5000    0.0000    0.0000 2922.8323   16.9695
   -7.5000    7.5000    0.0000 2895.0615   17.2209
    0.0000    7.5000    0.0000 2896.5017   17.1775
    7.5000    7.5000    0.0000 2897.5605   17.4345
   -7.5000   15.0000    0.0000 2841.3123   18.0375
    0.0000   15.0000    0.0000 2846.4458   18.0296
    7.5000   15.0000    0.0000 2838.7212   18.2588
   -7.5000   22.5000    0.0000 2767.5530   19.2517
    0.0000   22.5000    0.0000 2773.7905   19.2842
    7.5000   22.5000    0.0000 2761.7717   19.4735
   -7.5000   30.0000    0.0000 2675.7429   20.7814
    0.0000   30.0000    0.0000 2684.1272   20.8180
    7.5000   30.0000    0.0000 2672.4653   21.0008
   -7.5000   37.5000    0.0000 2570.5415   22.6335
    0.0000   37.5000    0.0000 2574.8345   22.6849
    7.5000   37.5000    0.0000 2570.3000   22.8603
   -7.5000   45.0000    0.0000 2452.2637   24.9940
    0.0000   45.0000    0.0000 2457.9993   24.9839
    7.5000   45.0000    0.0000 2455.0566   25.2383
   -7.5000  -45.0000    7.5000 2737.4187   20.2925
    0.0000  -45.0000    7.5000 2749.3728   20.2271
    7.5000  -45.0000    7.5000 2740.9333   20.3899
   -7.5000  -37.5000    7.5000 2809.8821   18.8006
    0.0000  -37.5000    7.5000 2823.0061   18.7324
    7.5000  -37.5000    7.5000 2817.3484   18.9227
   -7.5000  -30.0000    7.5000 2863.8252   17.7090
    0.0000  -30.0000    7.5000 2879.6772   17.6486
    7.5000  -30.0000    7.5000 2873.0918   17.8466
   -7.5000  -22.5000    7.5000 2896.5430   16.7960
    0.0000  -22.5000    7.5000 2910.7334   16.7590
    7.5000  -22.5000    7.5000 2907.5962   17.0438
   -7.5000  -15.0000    7.5000 2920.1216   16.2039
    0.0000  -15.0000    7.5000 2924.5930   16.1747
    7.5000  -15.0000    7.5000 2932.0156   16.5466
   -7.5000   -7.5000    7.5000 2930.4846   16.1206
    0.0000   -7.5000    7.5000 2934.7886   16.0745
    7.5000   -7.5000    7.5000 2937.9695   16.4034
   -7.5000    0.0000    7.5000 2925.0085   16.3587
    0.0000    0.0000    7.5000 2929.7097   16.2717
    7.5000    0.0000    7.5000 2934.9485   16.6100
   -7.5000    7.5000    7.5000 2896.9602   16.8738
    0.0000    7.5000    7.5000 2904.7021   16.8341
    7.5000    7.5000    7.5000 2909.9961   17.1391
   -7.5000   15.0000    7.5000 2846.0117   17.7575
    0.0000   15.0000    7.5000 2858.1689   17.7569
    7.5000   15.0000    7.5000 2858.2495   18.0468
   -7.5000   22.5000    7.5000 2771.6465   18.9423
    0.0000   22.5000    7.5000 2785.2446   18.9894
    7.5000   22.5000    7.5000 2779.5381   19.2476
   -7.5000   30.0000    7.5000 2680.6357   20.4389
    0.0000   30.0000    7.5000 2694.7698   20.5061
    7.5000   30.0000    7.5000 2684.5757   20.7322
   -7.5000   37.5000    7.5000 2579.2327   22.2595
    0.0000   37.5000    7.5000 2590.5308   22.3266
    7.5000   37.5000    7.5000 2581.3105   22.5330
   -7.5000   45.0000    7.5000 2460.4614   24.5774
    0.0000   45.0000    7.5000 2470.1052   24.5895
    7.5000   45.0000    7.5000 2460.6968   24.8382
   -7.5000  -45.0000   15.0000 2737.3376   20.2943
    0.0000  -45.0000   15.0000 2741.3521   20.1677
    7.5000  -45.0000   15.0000 2737.1379   20.3939
   -7.5000  -37.5000   15.0000 2808.8403   18.7923
    0.0000  -37.5000   15.0000 2816.2275   18.6642
    7.5000  -37.5000   15.0000 2812.1824   18.8974
   -7.5000  -30.0000   15.0000 2865.3582   17.7111
    0.0000  -30.0000   15.0000 2880.4114   17.6147
    7.5000  -30.0000   15.0000 2869.6577   17.7893
   -7.5000  -22.5000   15.0000 2903.8354   16.7561
    0.0000  -22.5000   15.0000 2924.7739   16.6840
    7.5000  -22.5000   15.0000 2908.6445   16.9821
   -7.5000  -15.0000   15.0000 2909.0317   15.9151
    0.0000  -15.0000   15.0000 2913.6858   15.8188
    7.5000  -15.0000   15.0000 2928.3635   16.3900
   -7.5000   -7.5000   15.0000 2915.7517   15.8198
    0.0000   -7.5000   15.0000 2912.5867   15.6994
    7.5000   -7.5000   15.0000 2934.2671   16.2450
   -7.5000    0.0000   15.0000 2920.4707   16.1852
    0.0000    0.0000   15.0000 2925.4854   16.0993
    7.5000    0.0000   15.0000 2933.2471   16.4749
   -7.5000    7.5000   15.0000 2907.0339   16.8366
    0.0000    7.5000   15.0000 2912.0581   16.7869
    7.5000    7.5000   15.0000 2912.0781   17.0515
   -7.5000   15.0000   15.0000 2863.5005   17.7640
    0.0000   15.0000   15.0000 2867.8208   17.7296
    7.5000   15.0000   15.0000 2861.3967   17.9366
   -7.5000   22.5000   15.0000 2790.7080   19.0016
    0.0000   22.5000   15.0000 2794.8643   18.9574
    7.5000   22.5000   15.0000 2785.4260   19.1700
   -7.5000   30.0000   15.0000 2702.0193   20.4956
    0.0000   30.0000   15.0000 2708.5449   20.4910
    7.5000   30.0000   15.0000 2700.0439   20.7013
   -7.5000   37.5000   15.0000 2600.3823   22.2627
    0.0000   37.5000   15.0000 2604.3606   22.2832
    7.5000   37.5000   15.0000 2600.3630   22.4990
   -7.5000   45.0000   15.0000 2471.9932   24.4950
    0.0000   45.0000   15.0000 2476.8965   24.4861
    7.5000   45.0000   15.0000 2472.8215   24.7604
   -7.5000  -45.0000   22.5000 2730.6885   20.4992
    0.0000  -45.0000   22.5000 2739.1614   20.3790
    7.5000  -45.0000   22.5000 2736.3438   20.6693
   -7.5000  -37.5000   22.5000 2800.8323   18.9602
    0.0000  -37.5000   22.5000 2808.6313   18.8266
    7.5000  -37.5000   22.5000 2810.9897   19.1427
   -7.5000  -30.0000   22.5000 2864.0430   17.9190
    0.0000  -30.0000   22.5000 2875.6853   17.7933
    7.5000  -30.0000   22.5000 2874.7373   18.0507
   -7.5000  -22.5000   22.5000 2913.3904   17.0518
    0.0000  -22.5000   22.5000 2933.1067   16.9845
    7.5000  -22.5000   22.5000 2918.1091   17.2300
   -7.5000  -15.0000   22.5000 2928.3679   16.3469
    0.0000  -15.0000   22.5000 2931.7803   16.2093
    7.5000  -15.0000   22.5000 2940.7961   16.6903
   -7.5000   -7.5000   22.5000 2929.7334   16.1508
    0.0000   -7.5000   22.5000 2937.4968   16.0850
    7.5000   -7.5000   22.5000 2944.8896   16.5143
   -7.5000    0.0000   22.5000 2931.3545   16.4197
    0.0000    0.0000   22.5000 2941.0710   16.3612
    7.5000    0.0000   22.5000 2938.0168   16.6468
   -7.5000    7.5000   22.5000 2912.7485   17.0212
    0.0000    7.5000   22.5000 2914.7542   16.9697
    7.5000    7.5000   22.5000 2910.3406   17.1580
   -7.5000   15.0000   22.5000 2873.3594   17.9539
    0.0000   15.0000   22.5000 2870.7708   17.9012
    7.5000   15.0000   22.5000 2861.0178   18.0431
   -7.5000   22.5000   22.5000 2800.7625   19.1814
    0.0000   22.5000   22.5000 2798.2249   19.1421
    7.5000   22.5000   22.5000 2785.6204   19.2643
   -7.5000   30.0000   22.5000 2708.0852   20.6293
    0.0000   30.0000   22.5000 2715.4690   20.6602
    7.5000   30.0000   22.5000 2697.3113   20.7772
   -7.5000   37.5000   22.5000 2598.1399   22.3301
    0.0000   37.5000   22.5000 2614.5327   22.4429
    7.5000   37.5000   22.5000 2597.7056   22.5524
   -7.5000   45.0000   22.5000 2474.1033   24.5492
    0.0000   45.0000   22.5000 2485.3789   24.6385
    7.5000   45.0000   22.5000 2475.4412   24.7913
   -7.5000  -45.0000   30.0000 2710.4565   20.8617
    0.0000  -45.0000   30.0000 2722.7422   20.7726
    7.5000  -45.0000   30.0000 2730.7322   21.1261
   -7.5000  -37.5000   30.0000 2787.1890   19.3936
    0.0000  -37.5000   30.0000 2798.8572   19.3312
    7.5000  -37.5000   30.0000 2807.7959   19.6420
   -7.5000  -30.0000   30.0000 2856.2148   18.3849
    0.0000  -30.0000   30.0000 2875.9387   18.3639
    7.5000  -30.0000   30.0000 2870.4407   18.5543
   -7.5000  -22.5000   30.0000 2914.3103   17.5659
    0.0000  -22.5000   30.0000 2928.6499   17.5156
    7.5000  -22.5000   30.0000 2918.0835   17.7706
   -7.5000  -15.0000   30.0000 2947.6133   17.0996
    0.0000  -15.0000   30.0000 2962.7314   17.1231
    7.5000  -15.0000   30.0000 2942.9473   17.2663
   -7.5000   -7.5000   30.0000 2957.0945   16.9797
    0.0000   -7.5000   30.0000 2975.5291   17.0081
    7.5000   -7.5000   30.0000 2950.3252   17.1170
   -7.5000    0.0000   30.0000 2938.7869   17.0223
    0.0000    0.0000   30.0000 2954.2642   17.0705
    7.5000    0.0000   30.0000 2935.9121   17.1885
   -7.5000    7.5000   30.0000 2910.0620   17.4435
    0.0000    7.5000   30.0000 2913.8347   17.4279
    7.5000    7.5000   30.0000 2905.9031   17.5765
   -7.5000   15.0000   30.0000 2861.1526   18.2635
    0.0000   15.0000   30.0000 2860.1260   18.2066
    7.5000   15.0000   30.0000 2853.5325   18.3594
   -7.5000   22.5000   30.0000 2787.8601   19.4140
    0.0000   22.5000   30.0000 2789.3955   19.3751
    7.5000   22.5000   30.0000 2778.5278   19.5202
   -7.5000   30.0000   30.0000 2698.2271   20.8812
    0.0000   30.0000   30.0000 2703.0310   20.8652
    7.5000   30.0000   30.0000 2692.8660   21.0137
   -7.5000   37.5000   30.0000 2595.6375   22.6201
    0.0000   37.5000   30.0000 2609.7747   22.6525
    7.5000   37.5000   30.0000 2598.6455   22.8072
   -7.5000   45.0000   30.0000 2476.7571   24.8409
    0.0000   45.0000   30.0000 2482.0461   24.8818
    7.5000   45.0000   30.0000 2478.1699   25.0675
   -7.5000  -45.0000   37.5000 2703.3596   21.5112
    0.0000  -45.0000   37.5000 2707.8767   21.4198
    7.5000  -45.0000   37.5000 2720.1560   21.7847
   -7.5000  -37.5000   37.5000 2783.0693   20.0868
    0.0000  -37.5000   37.5000 2787.3740   20.0227
    7.5000  -37.5000   37.5000 2797.2686   20.3181
   -7.5000  -30.0000   37.5000 2851.1555   19.0546
    0.0000  -30.0000   37.5000 2854.3020   18.9467
    7.5000  -30.0000   37.5000 2862.6211   19.2717
   -7.5000  -22.5000   37.5000 2900.2795   18.1732
    0.0000  -22.5000   37.5000 2904.1082   18.1367
    7.5000  -22.5000   37.5000 2905.0461   18.4398
   -7.5000  -15.0000   37.5000 2935.8960   17.7684
    0.0000  -15.0000   37.5000 2941.9758   17.7402
    7.5000  -15.0000   37.5000 2936.7014   17.9602
   -7.5000   -7.5000   37.5000 2946.1655   17.6879
    0.0000   -7.5000   37.5000 2955.2122   17.6285
    7.5000   -7.5000   37.5000 2940.5715   17.8051
   -7.5000    0.0000   37.5000 2935.8105   17.8186
    0.0000    0.0000   37.5000 2940.9697   17.7466
    7.5000    0.0000   37.5000 2927.4663   17.9023
   -7.5000    7.5000   37.5000 2903.0706   18.2004
    0.0000    7.5000   37.5000 2909.1726   18.1573
    7.5000    7.5000   37.5000 2892.2979   18.2784
   -7.5000   15.0000   37.5000 2845.9441   18.8921
    0.0000   15.0000   37.5000 2847.3047   18.8668
    7.5000   15.0000   37.5000 2836.3398   18.9702
   -7.5000   22.5000   37.5000 2773.3223   19.9259
    0.0000   22.5000   37.5000 2775.3281   19.9129
    7.5000   22.5000   37.5000 2762.2151   20.0242
   -7.5000   30.0000   37.5000 2679.7610   21.3053
    0.0000   30.0000   37.5000 2683.3850   21.3422
    7.5000   30.0000   37.5000 2673.6160   21.4504
   -7.5000   37.5000   37.5000 2578.8225   22.9859
    0.0000   37.5000   37.5000 2589.4211   23.0449
    7.5000   37.5000   37.5000 2577.4170   23.1763
   -7.5000   45.0000   37.5000 2472.0300   25.2308
    0.0000   45.0000   37.5000 2478.7581   25.2202
    7.5000   45.0000   37.5000 2473.1711   25.4457
   -7.5000  -45.0000   45.0000 2693.3984   22.2771
    0.0000  -45.0000   45.0000 2690.5549   22.1428
    7.5000  -45.0000   45.0000 2710.4768   22.5841
   -7.5000  -37.5000   45.0000 2772.3818   20.8339
    0.0000  -37.5000   45.0000 2767.3394   20.6968
    7.5000  -37.5000   45.0000 2789.1978   21.1211
   -7.5000  -30.0000   45.0000 2830.8335   19.7125
    0.0000  -30.0000   45.0000 2826.7778   19.5563
    7.5000  -30.0000   45.0000 2845.1914   19.9918
   -7.5000  -22.5000   45.0000 2881.1150   18.8871
    0.0000  -22.5000   45.0000 2876.0173   18.8425
    7.5000  -22.5000   45.0000 2892.8342   19.1943
   -7.5000  -15.0000   45.0000 2909.8621   18.5223
    0.0000  -15.0000   45.0000 2910.2263   18.4564
    7.5000  -15.0000   45.0000 2917.8115   18.7544
   -7.5000   -7.5000   45.0000 2916.3069   18.3832
    0.0000   -7.5000   45.0000 2921.3569   18.3298
    7.5000   -7.5000   45.0000 2919.9626   18.5760
   -7.5000    0.0000   45.0000 2905.4370   18.4822
    0.0000    0.0000   45.0000 2908.1172   18.4266
    7.5000    0.0000   45.0000 2907.1821   18.6427
   -7.5000    7.5000   45.0000 2880.2578   18.8740
    0.0000    7.5000   45.0000 2881.4661   18.7992
    7.5000    7.5000   45.0000 2875.0261   18.9839
   -7.5000   15.0000   45.0000 2830.3376   19.6043
    0.0000   15.0000   45.0000 2834.9153   19.5806
    7.5000   15.0000   45.0000 2822.7080   19.7159
   -7.5000   22.5000   45.0000 2756.2671   20.6628
    0.0000   22.5000   45.0000 2760.4058   20.6707
    7.5000   22.5000   45.0000 2743.9673   20.7446
   -7.5000   30.0000   45.0000 2656.5732   22.0026
    0.0000   30.0000   45.0000 2661.6631   22.0068
    7.5000   30.0000   45.0000 2649.2666   22.1185
   -7.5000   37.5000   45.0000 2570.1208   23.6641
    0.0000   37.5000   45.0000 2575.4849   23.6752
    7.5000   37.5000   45.0000 2560.5898   23.7623
   -7.5000   45.0000   45.0000 2464.3726   25.8512
    0.0000   45.0000   45.0000 2469.5813   25.8459
    7.5000   45.0000   45.0000 2463.6736   26.0139

---------------------------------------------------------------------
imgreg_4dfp /opt/freesurfer/average/711-2C_as_mni_average_305 /opt/freesurfer/average/711-2B_as_mni_average_305_mask talsrcimg_g11 none talsrcimg_to_711-2C_as_mni_average_305_t4 1283
---------------------------------------------------------------------

freesurfer imgreg_4dfp.c
/opt/freesurfer/average/711-2C_as_mni_average_305.4dfp.img
       256       256       256         1
  1.000000  1.000000  1.000000
orientation T byte_order littleendian
Reading image: /opt/freesurfer/average/711-2C_as_mni_average_305.4dfp.img
dimensions:      256       256       256
mmppix:       1.0000   -1.0000   -1.0000
center:     128.0000 -129.0000 -129.0000
/opt/freesurfer/average/711-2B_as_mni_average_305_mask.4dfp.img
       256       256       256         1
  1.000000  1.000000  1.000000
orientation T byte_order littleendian
Reading mask: /opt/freesurfer/average/711-2B_as_mni_average_305_mask.4dfp.img (2306576 pixels)
talsrcimg_g11.4dfp.img
       320       320       320         1
  0.800000  0.800000  0.800000
orientation T byte_order littleendian
Reading image: talsrcimg_g11.4dfp.img
dimensions:      320       320       320
mmppix:       0.8000   -0.8000   -0.8000
center:     128.0000 -128.8000 -128.8000
rotation matrix determinant  1.000000
fimgreg.f
image alignment mode   1283 decimal      503 hex
parameters
    0.0000   -7.5000   30.0000    0.0000    0.0000    0.0000
eta,q 0.93353 17.05626
niter,ni,del,rscale     5    3   12.0000    1.2000
parameters
   -1.9281   -7.8003   30.2597   -0.1815   -0.5497   -2.3978
eta,q 0.93356 17.05430
  0.0718  0.0729  0.0762  0.0707  0.0721  0.0665
  0.0681  0.0713  0.0701  0.0689  0.0686  0.0664
  0.0663  0.0684  0.0671  0.0672  0.0664  0.0664
  0.0692  0.0664  0.0665  0.0666  0.0666  0.0664
  0.0721  0.0675  0.0673  0.0671  0.0685  0.0665
  0.0739  0.0713  0.0698  0.0690  0.0710  0.0670
  0.0760  0.0756  0.0739  0.0715  0.0732  0.0679
niter,ni,del,rscale     4    3   12.0000    1.2000
parameters
   -1.5160   -7.8255   30.2407   -0.1597   -0.6697   -2.4896
eta,q 0.93356 17.05174
  0.0761  0.0724  0.0744  0.0706  0.0730  0.0672
  0.0727  0.0720  0.0694  0.0690  0.0690  0.0665
  0.0682  0.0691  0.0667  0.0673  0.0665  0.0663
  0.0664  0.0665  0.0665  0.0665  0.0665  0.0664
  0.0680  0.0670  0.0672  0.0669  0.0679  0.0664
  0.0717  0.0701  0.0700  0.0685  0.0703  0.0666
  0.0735  0.0745  0.0740  0.0709  0.0724  0.0671
niter,ni,del,rscale     3    3   12.0000    1.2000
parameters
   -1.3098   -7.8828   30.2561   -0.0791   -0.9603   -2.2919
eta,q 0.93357 17.05656
  0.0757  0.0722  0.0745  0.0706  0.0727  0.0673
  0.0720  0.0718  0.0695  0.0691  0.0687  0.0665
  0.0677  0.0691  0.0668  0.0674  0.0665  0.0663
  0.0664  0.0665  0.0665  0.0665  0.0665  0.0664
  0.0686  0.0670  0.0671  0.0669  0.0681  0.0664
  0.0722  0.0700  0.0700  0.0685  0.0707  0.0666
  0.0736  0.0745  0.0740  0.0708  0.0727  0.0670
niter,ni,del,rscale     2    3   12.0000    1.2000
parameters
   -1.1067   -7.9534   30.2771    0.0152   -1.3617   -1.8926
eta,q 0.93369 17.06712
  0.0755  0.0722  0.0745  0.0707  0.0726  0.0672
  0.0721  0.0719  0.0696  0.0691  0.0687  0.0665
  0.0677  0.0691  0.0669  0.0674  0.0664  0.0663
  0.0664  0.0665  0.0665  0.0665  0.0665  0.0663
  0.0686  0.0669  0.0671  0.0669  0.0682  0.0663
  0.0721  0.0701  0.0700  0.0685  0.0709  0.0664
  0.0736  0.0746  0.0740  0.0708  0.0730  0.0669
niter,ni,del,rscale     1    3   12.0000    1.2000
parameters
   -0.8337   -8.0331   30.2934    0.0924   -1.9180   -1.1193
eta,q 0.93381 17.07301
  0.0754  0.0721  0.0744  0.0706  0.0722  0.0671
  0.0724  0.0718  0.0696  0.0690  0.0686  0.0664
  0.0679  0.0691  0.0669  0.0674  0.0664  0.0663
  0.0663  0.0664  0.0665  0.0665  0.0665  0.0663
  0.0685  0.0668  0.0671  0.0669  0.0683  0.0662
  0.0719  0.0700  0.0699  0.0685  0.0712  0.0663
  0.0734  0.0746  0.0740  0.0708  0.0734  0.0667
registration optimization eta report
parameter search radius
    6.0000    6.0000    6.0000    6.0000    6.0000    6.0000
100000*second partial in parameter space
       21.       18.       22.       11.       17.        2.
  0.0754  0.0721  0.0744  0.0706  0.0722  0.0671
  0.0724  0.0718  0.0696  0.0690  0.0686  0.0664
  0.0679  0.0691  0.0669  0.0674  0.0664  0.0663
  0.0663  0.0664  0.0665  0.0665  0.0665  0.0663
  0.0685  0.0668  0.0671  0.0669  0.0683  0.0662
  0.0719  0.0700  0.0699  0.0685  0.0712  0.0663
  0.0734  0.0746  0.0740  0.0708  0.0734  0.0667
   -0.8337   -8.0331   30.2934    0.0924   -1.9180   -1.1193
eta,q 0.93381 17.07301

---------------------------------------------------------------------
imgreg_4dfp /opt/freesurfer/average/711-2C_as_mni_average_305 /opt/freesurfer/average/711-2B_as_mni_average_305_mask talsrcimg_g11 none talsrcimg_to_711-2C_as_mni_average_305_t4 3335
---------------------------------------------------------------------

freesurfer imgreg_4dfp.c
/opt/freesurfer/average/711-2C_as_mni_average_305.4dfp.img
       256       256       256         1
  1.000000  1.000000  1.000000
orientation T byte_order littleendian
Reading image: /opt/freesurfer/average/711-2C_as_mni_average_305.4dfp.img
dimensions:      256       256       256
mmppix:       1.0000   -1.0000   -1.0000
center:     128.0000 -129.0000 -129.0000
/opt/freesurfer/average/711-2B_as_mni_average_305_mask.4dfp.img
       256       256       256         1
  1.000000  1.000000  1.000000
orientation T byte_order littleendian
Reading mask: /opt/freesurfer/average/711-2B_as_mni_average_305_mask.4dfp.img (2306576 pixels)
talsrcimg_g11.4dfp.img
       320       320       320         1
  0.800000  0.800000  0.800000
orientation T byte_order littleendian
Reading image: talsrcimg_g11.4dfp.img
dimensions:      320       320       320
mmppix:       0.8000   -0.8000   -0.8000
center:     128.0000 -128.8000 -128.8000
fimgreg.f
image alignment mode   3335 decimal      D07 hex
parameters
   -0.8337   -8.0331   30.2934   -0.0751   -0.0193   -0.0562
    1.9589    3.3432   -1.9524   -0.2267   -3.3470    0.1613
eta,q 0.93461 17.07961
niter,ni,del,rscale     5    3    5.0000    1.2000
parameter  2  0.572581 ->  0.500000 qaram    1.1500
parameter  3  0.538289 ->  0.500000 qaram    1.1500
parameter  4  1.795098 ->  0.500000 qaram    1.1500
parameter  5  1.132664 ->  0.500000 qaram    1.1500
parameter  7 -0.862729 -> -0.500000 qaram    1.1500
parameter  9 -1.978574 -> -0.500000 qaram    1.1500
parameter 10 -1.695337 -> -0.500000 qaram    1.1500
parameter 11 -0.792787 -> -0.500000 qaram    1.1500
parameter 12 -1.316653 -> -0.500000 qaram    1.1500
parameters
   -0.7665   -9.4131   28.9134   -4.2151   -4.1593   -3.0429
    6.0989    4.4943    2.1876    3.9133    0.7930    4.3013
eta,q 0.94381 16.87744
  0.0668  0.0653  0.0652  0.0590  0.0594  0.0599  0.0609  0.0619  0.0601  0.0636  0.0590  0.0590
  0.0660  0.0652  0.0649  0.0604  0.0597  0.0597  0.0605  0.0608  0.0597  0.0617  0.0582  0.0582
  0.0655  0.0652  0.0649  0.0623  0.0601  0.0598  0.0601  0.0600  0.0595  0.0601  0.0577  0.0575
  0.0654  0.0654  0.0652  0.0649  0.0609  0.0598  0.0597  0.0594  0.0592  0.0589  0.0573  0.0569
  0.0656  0.0657  0.0656  0.0681  0.0620  0.0610  0.0595  0.0592  0.0591  0.0579  0.0570  0.0564
  0.0659  0.0662  0.0662  0.0720  0.0633  0.0645  0.0594  0.0595  0.0589  0.0570  0.0569  0.0561
  0.0665  0.0667  0.0668  0.0755  0.0649  0.0711  0.0595  0.0610  0.0588  0.0563  0.0569  0.0559
niter,ni,del,rscale     7    3    5.0000    1.2000
parameter  2 -0.758053 -> -0.500000 qaram    1.3225
parameter  3  1.628373 ->  0.500000 qaram    1.3225
parameter  4  0.820022 ->  0.500000 qaram    1.3225
parameter  5  2.478060 ->  0.500000 qaram    1.3225
parameter 10 -1.417837 -> -0.500000 qaram    1.3225
parameters
   -0.0175   -7.8261   27.3264   -8.9761   -8.9203   -5.4517
    8.2616    6.6279    5.6782    8.6743   -1.4499    5.1446
eta,q 0.94948 16.60054
  0.0585  0.0567  0.0548  0.0526  0.0512  0.0523  0.0536  0.0537  0.0530  0.0544  0.0510  0.0512
  0.0574  0.0564  0.0550  0.0529  0.0519  0.0521  0.0529  0.0530  0.0525  0.0534  0.0507  0.0509
  0.0566  0.0562  0.0554  0.0537  0.0525  0.0521  0.0524  0.0524  0.0521  0.0524  0.0505  0.0507
  0.0562  0.0561  0.0559  0.0551  0.0530  0.0520  0.0521  0.0520  0.0518  0.0516  0.0506  0.0505
  0.0561  0.0560  0.0565  0.0577  0.0539  0.0521  0.0520  0.0518  0.0516  0.0509  0.0508  0.0506
  0.0563  0.0559  0.0572  0.0615  0.0548  0.0535  0.0521  0.0519  0.0517  0.0505  0.0512  0.0507
  0.0567  0.0559  0.0579  0.0656  0.0559  0.0559  0.0526  0.0525  0.0519  0.0503  0.0518  0.0510
niter,ni,del,rscale     7    3    5.0000    1.2000
parameter  3  0.581604 ->  0.500000 qaram    1.5209
parameter  4  0.568302 ->  0.500000 qaram    1.5209
parameter  5  1.572327 ->  0.500000 qaram    1.5209
parameter 10 -0.802300 -> -0.500000 qaram    1.5209
parameters
   -0.8693   -7.0680   25.5014  -14.4513  -14.3954   -7.6756
    6.9867    6.2976    3.7968   14.1494    1.4308    2.2244
eta,q 0.95285 16.20683
  0.0508  0.0516  0.0502  0.0490  0.0476  0.0486  0.0490  0.0493  0.0486  0.0518  0.0480  0.0474
  0.0505  0.0510  0.0501  0.0491  0.0481  0.0485  0.0486  0.0488  0.0483  0.0505  0.0477  0.0472
  0.0504  0.0506  0.0501  0.0494  0.0486  0.0483  0.0483  0.0484  0.0483  0.0492  0.0475  0.0472
  0.0505  0.0504  0.0503  0.0501  0.0492  0.0482  0.0483  0.0483  0.0483  0.0483  0.0473  0.0472
  0.0508  0.0503  0.0507  0.0512  0.0501  0.0484  0.0485  0.0484  0.0484  0.0476  0.0472  0.0474
  0.0513  0.0505  0.0511  0.0540  0.0511  0.0494  0.0489  0.0488  0.0486  0.0473  0.0473  0.0477
  0.0520  0.0508  0.0518  0.0586  0.0524  0.0511  0.0497  0.0496  0.0491  0.0475  0.0475  0.0482
niter,ni,del,rscale     7    3    5.0000    1.2000
parameter  1  0.514712 ->  0.500000 qaram    1.1500
parameter  5  1.578514 ->  0.500000 qaram    1.7490
parameter  6  0.638570 ->  0.500000 qaram    1.1500
parameter  8  0.921663 ->  0.500000 qaram    1.1500
parameter  9  0.564754 ->  0.500000 qaram    1.3225
parameter 10  2.010767 ->  0.500000 qaram    1.7490
parameter 12  3.983206 ->  0.500000 qaram    1.3225
parameters
   -2.2493   -8.1548   23.9158  -18.7805  -20.6919  -11.8156
    5.0648    2.1576   -0.9642    7.8530   -1.9162   -2.5366
eta,q 0.95784 15.74396
  0.0472  0.0473  0.0469  0.0469  0.0445  0.0444  0.0453  0.0443  0.0443  0.0428  0.0432  0.0416
  0.0470  0.0469  0.0468  0.0466  0.0448  0.0447  0.0450  0.0443  0.0441  0.0430  0.0431  0.0420
  0.0470  0.0468  0.0467  0.0464  0.0455  0.0449  0.0448  0.0445  0.0441  0.0434  0.0431  0.0425
  0.0471  0.0470  0.0468  0.0467  0.0464  0.0450  0.0448  0.0447  0.0443  0.0441  0.0431  0.0431
  0.0475  0.0473  0.0471  0.0474  0.0475  0.0451  0.0450  0.0450  0.0447  0.0448  0.0432  0.0437
  0.0480  0.0478  0.0476  0.0485  0.0486  0.0460  0.0455  0.0454  0.0453  0.0454  0.0435  0.0443
  0.0486  0.0484  0.0482  0.0512  0.0501  0.0476  0.0462  0.0460  0.0459  0.0462  0.0438  0.0449
niter,ni,del,rscale     7    3    5.0000    1.2000
parameter  2  0.552546 ->  0.500000 qaram    1.5209
parameter  3245.810913 ->  0.500000 qaram    1.7490
parameter  4 -2.581879 -> -0.500000 qaram    1.7490
parameter  6  4.916314 ->  0.500000 qaram    1.3225
parameters
   -2.1728   -9.9799   21.8170  -12.4841  -23.8140  -16.5766
    4.3661    1.1835   -2.4645    9.9428   -3.0216   -0.7062
eta,q 0.96364 15.76383
  0.0433  0.0420  0.0383  0.0412  0.0409  0.0366  0.0377  0.0381  0.0373  0.0409  0.0370  0.0378
  0.0427  0.0418  0.0393  0.0406  0.0399  0.0366  0.0372  0.0374  0.0369  0.0394  0.0367  0.0372
  0.0423  0.0418  0.0404  0.0401  0.0390  0.0375  0.0369  0.0369  0.0368  0.0379  0.0365  0.0368
  0.0422  0.0422  0.0418  0.0396  0.0387  0.0389  0.0367  0.0367  0.0367  0.0367  0.0365  0.0364
  0.0423  0.0428  0.0432  0.0391  0.0395  0.0403  0.0369  0.0371  0.0368  0.0365  0.0367  0.0364
  0.0426  0.0438  0.0443  0.0385  0.0426  0.0413  0.0374  0.0379  0.0372  0.0374  0.0370  0.0366
  0.0432  0.0450  0.0453  0.0385  0.0470  0.0418  0.0382  0.0389  0.0379  0.0393  0.0374  0.0372
niter,ni,del,rscale     7    3    5.0000    1.2000
parameter  3  0.582996 ->  0.500000 qaram    2.0114
parameters
   -1.8367   -9.9516   19.4033   -8.9533  -22.2549  -17.1423
    3.2344    1.4175   -3.5334   11.4569   -4.9704   -1.3152
eta,q 0.96595 15.88194
  0.0378  0.0384  0.0361  0.0381  0.0388  0.0368  0.0353  0.0358  0.0353  0.0384  0.0343  0.0349
  0.0371  0.0373  0.0357  0.0374  0.0374  0.0359  0.0347  0.0350  0.0346  0.0367  0.0341  0.0345
  0.0366  0.0366  0.0357  0.0366  0.0359  0.0348  0.0343  0.0344  0.0343  0.0352  0.0340  0.0342
  0.0364  0.0363  0.0363  0.0356  0.0346  0.0342  0.0342  0.0342  0.0342  0.0342  0.0341  0.0340
  0.0364  0.0366  0.0377  0.0344  0.0338  0.0347  0.0345  0.0344  0.0344  0.0342  0.0342  0.0342
  0.0367  0.0372  0.0395  0.0339  0.0345  0.0364  0.0352  0.0349  0.0350  0.0352  0.0344  0.0346
  0.0373  0.0383  0.0414  0.0372  0.0383  0.0376  0.0363  0.0357  0.0360  0.0371  0.0348  0.0353
niter,ni,del,rscale     7    3    5.0000    1.2000
parameter 11  0.546635 ->  0.500000 qaram    1.3225
parameters
   -1.5578   -9.8850   18.2808  -10.4095  -21.1152  -16.2895
    3.8972    1.1543   -3.2678   11.7143   -9.7314   -2.8591
eta,q 0.96590 15.87970
  0.0357  0.0364  0.0354  0.0372  0.0387  0.0371  0.0357  0.0354  0.0355  0.0378  0.0342  0.0347
  0.0349  0.0351  0.0348  0.0364  0.0374  0.0362  0.0350  0.0346  0.0348  0.0362  0.0341  0.0344
  0.0343  0.0343  0.0342  0.0355  0.0360  0.0353  0.0345  0.0343  0.0344  0.0349  0.0341  0.0342
  0.0341  0.0340  0.0340  0.0341  0.0347  0.0344  0.0342  0.0342  0.0342  0.0342  0.0342  0.0341
  0.0341  0.0343  0.0345  0.0331  0.0339  0.0342  0.0342  0.0344  0.0343  0.0344  0.0343  0.0342
  0.0345  0.0350  0.0362  0.0358  0.0348  0.0351  0.0346  0.0348  0.0346  0.0356  0.0344  0.0347
  0.0352  0.0362  0.0387  0.0428  0.0387  0.0368  0.0354  0.0355  0.0354  0.0379  0.0345  0.0355
niter,ni,del,rscale     7    3    5.0000    1.2000
parameters
   -1.2431   -9.4640   17.1769  -11.9254  -20.6906  -16.4190
    3.9955    0.9789   -1.9986   12.6397  -13.6835   -3.8215
eta,q 0.96571 15.84522
  0.0357  0.0368  0.0353  0.0372  0.0386  0.0370  0.0358  0.0364  0.0359  0.0380  0.0346  0.0349
  0.0349  0.0354  0.0347  0.0365  0.0374  0.0362  0.0352  0.0348  0.0352  0.0365  0.0343  0.0346
  0.0344  0.0345  0.0342  0.0355  0.0360  0.0354  0.0348  0.0345  0.0348  0.0353  0.0343  0.0344
  0.0341  0.0341  0.0341  0.0341  0.0347  0.0346  0.0346  0.0346  0.0346  0.0346  0.0345  0.0343
  0.0341  0.0342  0.0345  0.0334  0.0340  0.0342  0.0347  0.0350  0.0346  0.0345  0.0347  0.0343
  0.0345  0.0347  0.0360  0.0363  0.0353  0.0349  0.0351  0.0355  0.0348  0.0353  0.0348  0.0347
  0.0352  0.0358  0.0382  0.0425  0.0396  0.0386  0.0359  0.0360  0.0354  0.0376  0.0349  0.0355
niter,ni,del,rscale     6    3    5.0000    1.2000
parameters
   -1.4074   -8.9043   16.2409  -13.6917  -20.9806  -17.3478
    4.4999    0.5377    0.0728   14.2432  -16.3990   -3.4683
eta,q 0.96534 15.77456
  0.0355  0.0370  0.0357  0.0374  0.0384  0.0371  0.0364  0.0371  0.0363  0.0383  0.0352  0.0354
  0.0349  0.0356  0.0348  0.0366  0.0373  0.0364  0.0358  0.0353  0.0358  0.0369  0.0346  0.0351
  0.0344  0.0347  0.0344  0.0357  0.0360  0.0357  0.0354  0.0350  0.0354  0.0358  0.0346  0.0348
  0.0343  0.0343  0.0342  0.0343  0.0349  0.0350  0.0352  0.0352  0.0351  0.0350  0.0349  0.0347
  0.0345  0.0343  0.0347  0.0339  0.0344  0.0343  0.0352  0.0356  0.0350  0.0347  0.0351  0.0346
  0.0350  0.0347  0.0360  0.0372  0.0361  0.0357  0.0355  0.0362  0.0351  0.0352  0.0353  0.0349
  0.0360  0.0357  0.0380  0.0428  0.0405  0.0406  0.0362  0.0369  0.0357  0.0375  0.0355  0.0354
niter,ni,del,rscale     5    3    5.0000    1.2000
parameters
   -1.7257   -8.3422   15.4547  -15.3576  -21.9120  -18.4220
    5.2432    0.2436    1.4893   15.5921  -19.3150   -2.4995
eta,q 0.96485 15.68302
  0.0357  0.0372  0.0361  0.0376  0.0384  0.0373  0.0367  0.0375  0.0366  0.0385  0.0357  0.0359
  0.0351  0.0359  0.0351  0.0368  0.0373  0.0367  0.0362  0.0357  0.0361  0.0372  0.0351  0.0356
  0.0348  0.0351  0.0347  0.0359  0.0361  0.0361  0.0358  0.0354  0.0358  0.0362  0.0352  0.0353
  0.0347  0.0347  0.0346  0.0346  0.0351  0.0353  0.0356  0.0356  0.0356  0.0355  0.0354  0.0352
  0.0348  0.0346  0.0349  0.0342  0.0349  0.0345  0.0356  0.0360  0.0355  0.0352  0.0356  0.0351
  0.0354  0.0351  0.0360  0.0371  0.0369  0.0362  0.0359  0.0365  0.0357  0.0357  0.0357  0.0353
  0.0364  0.0360  0.0378  0.0424  0.0412  0.0410  0.0365  0.0371  0.0362  0.0380  0.0359  0.0358
niter,ni,del,rscale     4    3    5.0000    1.2000
parameters
   -1.9969   -7.8142   14.8738  -16.9208  -23.0330  -19.6440
    5.8186    0.1854    2.0177   16.7119  -21.3821   -0.4591
eta,q 0.96427 15.58450
  0.0361  0.0374  0.0367  0.0379  0.0385  0.0375  0.0370  0.0378  0.0367  0.0386  0.0362  0.0365
  0.0356  0.0363  0.0355  0.0371  0.0375  0.0370  0.0366  0.0362  0.0364  0.0375  0.0357  0.0362
  0.0353  0.0355  0.0351  0.0363  0.0365  0.0365  0.0363  0.0359  0.0362  0.0366  0.0357  0.0360
  0.0352  0.0352  0.0351  0.0351  0.0356  0.0358  0.0361  0.0361  0.0361  0.0361  0.0359  0.0358
  0.0353  0.0352  0.0354  0.0346  0.0354  0.0350  0.0361  0.0364  0.0360  0.0357  0.0361  0.0357
  0.0358  0.0356  0.0362  0.0373  0.0374  0.0368  0.0363  0.0368  0.0362  0.0362  0.0361  0.0358
  0.0367  0.0364  0.0378  0.0423  0.0414  0.0412  0.0369  0.0373  0.0366  0.0384  0.0362  0.0362
niter,ni,del,rscale     3    3    5.0000    1.2000
parameter 12 -0.605573 -> -0.500000 qaram    1.5209
parameters
   -1.9636   -7.3069   14.1495  -18.3524  -24.5133  -21.2464
    5.7745    0.3296    0.5914   18.4714  -17.2664    5.0160
eta,q 0.96401 15.41943
  0.0366  0.0377  0.0370  0.0381  0.0385  0.0376  0.0372  0.0380  0.0368  0.0391  0.0367  0.0370
  0.0362  0.0366  0.0359  0.0374  0.0376  0.0372  0.0369  0.0367  0.0366  0.0382  0.0362  0.0367
  0.0359  0.0360  0.0356  0.0367  0.0367  0.0368  0.0366  0.0364  0.0365  0.0374  0.0362  0.0364
  0.0357  0.0357  0.0357  0.0356  0.0360  0.0362  0.0365  0.0365  0.0365  0.0365  0.0362  0.0362
  0.0358  0.0357  0.0360  0.0351  0.0360  0.0357  0.0366  0.0367  0.0366  0.0359  0.0362  0.0360
  0.0361  0.0360  0.0367  0.0373  0.0379  0.0374  0.0368  0.0370  0.0367  0.0364  0.0362  0.0360
  0.0367  0.0368  0.0381  0.0418  0.0415  0.0415  0.0373  0.0375  0.0371  0.0387  0.0361  0.0362
niter,ni,del,rscale     3    3    5.0000    1.2000
parameters
   -1.8965   -7.2915   13.2275  -16.1178  -26.8541  -23.3895
    5.7411    1.0233   -0.3844   20.6855  -14.7974    6.6997
eta,q 0.96463 15.33150
  0.0367  0.0378  0.0369  0.0376  0.0377  0.0367  0.0365  0.0373  0.0364  0.0394  0.0360  0.0364
  0.0363  0.0368  0.0362  0.0370  0.0367  0.0363  0.0361  0.0362  0.0360  0.0382  0.0357  0.0360
  0.0361  0.0362  0.0359  0.0365  0.0359  0.0359  0.0359  0.0359  0.0359  0.0369  0.0355  0.0357
  0.0360  0.0360  0.0360  0.0359  0.0355  0.0357  0.0359  0.0359  0.0359  0.0358  0.0355  0.0355
  0.0361  0.0361  0.0363  0.0351  0.0359  0.0356  0.0360  0.0359  0.0360  0.0353  0.0355  0.0353
  0.0363  0.0367  0.0369  0.0347  0.0381  0.0372  0.0362  0.0362  0.0363  0.0359  0.0355  0.0355
  0.0366  0.0378  0.0379  0.0376  0.0415  0.0404  0.0365  0.0367  0.0367  0.0382  0.0356  0.0361
niter,ni,del,rscale     2    3    5.0000    1.2000
parameters
   -2.0408   -6.8019   12.5944  -14.0907  -28.2942  -24.9262
    5.8943    1.5253   -0.1324   22.2321  -14.8162    7.6446
eta,q 0.96503 15.29909
  0.0360  0.0376  0.0363  0.0368  0.0374  0.0362  0.0360  0.0365  0.0360  0.0390  0.0354  0.0359
  0.0356  0.0364  0.0356  0.0363  0.0364  0.0358  0.0356  0.0356  0.0356  0.0375  0.0351  0.0356
  0.0354  0.0357  0.0353  0.0358  0.0355  0.0354  0.0353  0.0353  0.0353  0.0362  0.0350  0.0353
  0.0354  0.0354  0.0353  0.0353  0.0350  0.0351  0.0353  0.0353  0.0353  0.0353  0.0350  0.0350
  0.0355  0.0354  0.0356  0.0345  0.0351  0.0350  0.0353  0.0354  0.0353  0.0348  0.0351  0.0349
  0.0357  0.0358  0.0361  0.0341  0.0368  0.0361  0.0356  0.0357  0.0355  0.0357  0.0352  0.0351
  0.0361  0.0366  0.0370  0.0370  0.0400  0.0386  0.0359  0.0360  0.0359  0.0381  0.0353  0.0358
niter,ni,del,rscale     1    3    5.0000    1.2000
parameters
   -2.0718   -6.4806   12.1243  -14.5329  -29.1969  -26.1326
    5.7508    1.5132   -0.1700   23.1273  -14.9835    8.7549
eta,q 0.96495 15.24276
  0.0356  0.0370  0.0360  0.0364  0.0376  0.0363  0.0359  0.0362  0.0359  0.0388  0.0354  0.0359
  0.0353  0.0359  0.0353  0.0360  0.0365  0.0358  0.0355  0.0355  0.0355  0.0374  0.0352  0.0356
  0.0350  0.0352  0.0350  0.0355  0.0356  0.0355  0.0353  0.0353  0.0353  0.0361  0.0351  0.0353
  0.0350  0.0350  0.0350  0.0349  0.0350  0.0351  0.0352  0.0352  0.0352  0.0352  0.0351  0.0351
  0.0350  0.0351  0.0352  0.0340  0.0351  0.0349  0.0354  0.0354  0.0353  0.0349  0.0352  0.0350
  0.0353  0.0355  0.0356  0.0344  0.0365  0.0359  0.0356  0.0357  0.0355  0.0360  0.0353  0.0352
  0.0356  0.0364  0.0364  0.0386  0.0393  0.0382  0.0359  0.0361  0.0359  0.0385  0.0354  0.0358
registration optimization eta report
parameter search radius
    2.7600    3.6501    4.8273   12.5928   12.5928    9.5220
    8.2800    8.2800    9.5220   12.5928    9.5220   10.9503
100000*second partial in parameter space
        8.       13.        5.        2.        2.        2.
        1.        1.        1.        2.        0.        1.
  0.0356  0.0370  0.0360  0.0364  0.0376  0.0363  0.0359  0.0362  0.0359  0.0388  0.0354  0.0359
  0.0353  0.0359  0.0353  0.0360  0.0365  0.0358  0.0355  0.0355  0.0355  0.0374  0.0352  0.0356
  0.0350  0.0352  0.0350  0.0355  0.0356  0.0355  0.0353  0.0353  0.0353  0.0361  0.0351  0.0353
  0.0350  0.0350  0.0350  0.0349  0.0350  0.0351  0.0352  0.0352  0.0352  0.0352  0.0351  0.0351
  0.0350  0.0351  0.0352  0.0340  0.0351  0.0349  0.0354  0.0354  0.0353  0.0349  0.0352  0.0350
  0.0353  0.0355  0.0356  0.0344  0.0365  0.0359  0.0356  0.0357  0.0355  0.0360  0.0353  0.0352
  0.0356  0.0364  0.0364  0.0386  0.0393  0.0382  0.0359  0.0361  0.0359  0.0385  0.0354  0.0358
   -2.0718   -6.4806   12.1243  -14.5329  -29.1969  -26.1326
    5.7508    1.5132   -0.1700   23.1273  -14.9835    8.7549
eta,q 0.96495 15.24276

---------------------------------------------------------------------
imgreg_4dfp /opt/freesurfer/average/711-2C_as_mni_average_305 /opt/freesurfer/average/711-2B_as_mni_average_305_mask talsrcimg_g11 none talsrcimg_to_711-2C_as_mni_average_305_t4 2311
---------------------------------------------------------------------

freesurfer imgreg_4dfp.c
/opt/freesurfer/average/711-2C_as_mni_average_305.4dfp.img
       256       256       256         1
  1.000000  1.000000  1.000000
orientation T byte_order littleendian
Reading image: /opt/freesurfer/average/711-2C_as_mni_average_305.4dfp.img
dimensions:      256       256       256
mmppix:       1.0000   -1.0000   -1.0000
center:     128.0000 -129.0000 -129.0000
/opt/freesurfer/average/711-2B_as_mni_average_305_mask.4dfp.img
       256       256       256         1
  1.000000  1.000000  1.000000
orientation T byte_order littleendian
Reading mask: /opt/freesurfer/average/711-2B_as_mni_average_305_mask.4dfp.img (2306576 pixels)
talsrcimg_g11.4dfp.img
       320       320       320         1
  0.800000  0.800000  0.800000
orientation T byte_order littleendian
Reading image: talsrcimg_g11.4dfp.img
dimensions:      320       320       320
mmppix:       0.8000   -0.8000   -0.8000
center:     128.0000 -128.8000 -128.8000
fimgreg.f
image alignment mode   2311 decimal      907 hex
parameters
   -2.0718   -6.4806   12.1243  -14.5329  -29.1969  -26.1326
    5.7508    1.5132   -0.1700   23.1273  -14.9835    8.7549
eta,q 0.96495 15.24277
niter,ni,del,rscale     5    3    5.0000    0.8000
parameter  4  2.139467 -> -0.500000 qaram    1.1500
parameters
   -2.0456   -6.1888   11.6100  -11.7729  -27.3362  -26.2979
    6.6789    2.1846    0.7788   23.7185  -14.8832    7.8465
eta,q 0.96567 15.37840
  0.0353  0.0355  0.0351  0.0356  0.0353  0.0349  0.0350  0.0351  0.0348  0.0352  0.0345  0.0345
  0.0352  0.0353  0.0350  0.0354  0.0350  0.0347  0.0347  0.0347  0.0346  0.0348  0.0344  0.0344
  0.0351  0.0351  0.0350  0.0352  0.0347  0.0345  0.0345  0.0345  0.0345  0.0346  0.0343  0.0343
  0.0350  0.0350  0.0350  0.0350  0.0345  0.0344  0.0344  0.0344  0.0344  0.0344  0.0343  0.0343
  0.0351  0.0350  0.0351  0.0348  0.0344  0.0344  0.0344  0.0344  0.0344  0.0343  0.0344  0.0344
  0.0351  0.0351  0.0351  0.0344  0.0344  0.0346  0.0345  0.0346  0.0344  0.0345  0.0344  0.0345
  0.0353  0.0352  0.0352  0.0341  0.0346  0.0351  0.0347  0.0347  0.0346  0.0350  0.0344  0.0347
niter,ni,del,rscale     5    3    5.0000    0.8000
parameter  3  0.524763 ->  0.500000 qaram    1.1500
parameter  4 -1.003700 -> -0.500000 qaram    1.3225
parameters
   -2.3352   -6.3074   10.6900   -8.5989  -27.9457  -26.7262
    6.1128    3.6767    0.1512   24.5807  -13.3339    7.9412
eta,q 0.96644 15.41973
  0.0345  0.0347  0.0343  0.0353  0.0342  0.0343  0.0343  0.0355  0.0340  0.0346  0.0341  0.0338
  0.0344  0.0345  0.0343  0.0351  0.0339  0.0340  0.0340  0.0346  0.0338  0.0342  0.0338  0.0337
  0.0343  0.0344  0.0343  0.0347  0.0338  0.0338  0.0338  0.0340  0.0337  0.0339  0.0337  0.0336
  0.0343  0.0343  0.0343  0.0343  0.0337  0.0337  0.0337  0.0337  0.0336  0.0336  0.0336  0.0336
  0.0344  0.0344  0.0344  0.0339  0.0338  0.0337  0.0339  0.0336  0.0337  0.0336  0.0336  0.0336
  0.0345  0.0345  0.0345  0.0337  0.0341  0.0340  0.0342  0.0338  0.0339  0.0337  0.0336  0.0337
  0.0348  0.0348  0.0346  0.0340  0.0347  0.0348  0.0347  0.0341  0.0343  0.0342  0.0337  0.0339
niter,ni,del,rscale     6    3    5.0000    0.9000
parameters
   -2.6342   -6.1140   10.6952   -9.2158  -27.8440  -26.7801
    6.1341    2.7592    0.1920   24.6369  -12.7474    7.8721
eta,q 0.96634 15.40526
  0.0340  0.0342  0.0339  0.0351  0.0345  0.0345  0.0345  0.0344  0.0342  0.0347  0.0340  0.0340
  0.0337  0.0339  0.0337  0.0347  0.0341  0.0343  0.0341  0.0339  0.0339  0.0342  0.0338  0.0338
  0.0336  0.0337  0.0336  0.0342  0.0339  0.0340  0.0338  0.0337  0.0337  0.0339  0.0337  0.0337
  0.0336  0.0335  0.0335  0.0335  0.0337  0.0337  0.0337  0.0337  0.0337  0.0337  0.0337  0.0337
  0.0337  0.0336  0.0336  0.0333  0.0337  0.0336  0.0337  0.0339  0.0337  0.0337  0.0337  0.0337
  0.0340  0.0337  0.0337  0.0343  0.0340  0.0340  0.0340  0.0344  0.0339  0.0341  0.0338  0.0338
  0.0345  0.0340  0.0339  0.0371  0.0346  0.0349  0.0346  0.0350  0.0343  0.0348  0.0339  0.0340
niter,ni,del,rscale     5    3    5.0000    0.8000
parameters
   -2.6520   -6.0742   10.4533   -8.8351  -27.7492  -26.7873
    6.2016    2.6844   -0.1018   24.7128  -12.2465    7.5159
eta,q 0.96644 15.41039
  0.0341  0.0341  0.0339  0.0350  0.0342  0.0343  0.0343  0.0344  0.0340  0.0344  0.0339  0.0338
  0.0339  0.0339  0.0337  0.0347  0.0339  0.0340  0.0339  0.0339  0.0338  0.0340  0.0337  0.0337
  0.0337  0.0337  0.0337  0.0342  0.0337  0.0338  0.0337  0.0337  0.0336  0.0337  0.0336  0.0336
  0.0337  0.0337  0.0337  0.0337  0.0336  0.0336  0.0336  0.0336  0.0336  0.0336  0.0336  0.0336
  0.0337  0.0337  0.0337  0.0333  0.0336  0.0335  0.0336  0.0337  0.0336  0.0336  0.0336  0.0336
  0.0339  0.0338  0.0338  0.0337  0.0338  0.0338  0.0339  0.0340  0.0338  0.0339  0.0336  0.0337
  0.0342  0.0341  0.0340  0.0354  0.0343  0.0345  0.0343  0.0345  0.0341  0.0345  0.0338  0.0339
niter,ni,del,rscale     4    3    5.0000    0.7000
parameters
   -2.6863   -5.9990   10.3604   -8.2566  -27.7122  -26.6719
    6.0317    2.7295   -0.4134   24.7887  -11.9049    6.9195
eta,q 0.96658 15.42322
  0.0339  0.0339  0.0337  0.0349  0.0340  0.0341  0.0340  0.0342  0.0338  0.0341  0.0337  0.0336
  0.0337  0.0337  0.0336  0.0345  0.0337  0.0338  0.0337  0.0338  0.0336  0.0338  0.0335  0.0335
  0.0336  0.0336  0.0336  0.0341  0.0335  0.0336  0.0335  0.0335  0.0335  0.0336  0.0335  0.0334
  0.0336  0.0336  0.0336  0.0336  0.0334  0.0334  0.0334  0.0334  0.0334  0.0334  0.0334  0.0334
  0.0336  0.0336  0.0336  0.0333  0.0335  0.0334  0.0335  0.0335  0.0335  0.0335  0.0334  0.0335
  0.0337  0.0337  0.0337  0.0336  0.0336  0.0336  0.0337  0.0338  0.0336  0.0337  0.0335  0.0336
  0.0340  0.0339  0.0338  0.0349  0.0340  0.0342  0.0341  0.0342  0.0339  0.0341  0.0336  0.0337
niter,ni,del,rscale     3    3    5.0000    0.6000
parameters
   -2.7110   -5.9573   10.3954   -7.6520  -27.6649  -26.3923
    5.8169    2.8354   -0.7080   24.8041  -11.6221    6.0808
eta,q 0.96671 15.44132
  0.0337  0.0337  0.0336  0.0346  0.0337  0.0338  0.0337  0.0340  0.0336  0.0338  0.0335  0.0334
  0.0336  0.0336  0.0335  0.0343  0.0335  0.0336  0.0335  0.0336  0.0334  0.0336  0.0334  0.0333
  0.0335  0.0335  0.0334  0.0338  0.0334  0.0335  0.0333  0.0334  0.0333  0.0334  0.0333  0.0333
  0.0334  0.0334  0.0334  0.0334  0.0333  0.0333  0.0333  0.0333  0.0333  0.0333  0.0333  0.0333
  0.0335  0.0334  0.0334  0.0332  0.0333  0.0333  0.0334  0.0334  0.0333  0.0333  0.0333  0.0333
  0.0336  0.0335  0.0335  0.0335  0.0335  0.0334  0.0336  0.0336  0.0335  0.0335  0.0334  0.0334
  0.0338  0.0337  0.0336  0.0344  0.0337  0.0338  0.0339  0.0339  0.0337  0.0339  0.0335  0.0336
niter,ni,del,rscale     2    3    5.0000    0.5000
parameters
   -2.7307   -5.9424   10.5048   -7.1016  -27.5379  -25.9687
    5.5673    2.9563   -0.9812   24.7727  -11.2960    5.1003
eta,q 0.96683 15.46368
  0.0335  0.0335  0.0334  0.0343  0.0335  0.0336  0.0335  0.0337  0.0334  0.0336  0.0334  0.0332
  0.0334  0.0334  0.0334  0.0340  0.0334  0.0335  0.0333  0.0334  0.0333  0.0334  0.0333  0.0332
  0.0333  0.0333  0.0333  0.0336  0.0333  0.0333  0.0332  0.0332  0.0332  0.0332  0.0332  0.0332
  0.0333  0.0333  0.0333  0.0333  0.0332  0.0332  0.0332  0.0332  0.0332  0.0332  0.0332  0.0332
  0.0333  0.0333  0.0333  0.0332  0.0332  0.0332  0.0332  0.0332  0.0332  0.0332  0.0332  0.0332
  0.0334  0.0334  0.0333  0.0334  0.0333  0.0333  0.0334  0.0334  0.0333  0.0334  0.0332  0.0333
  0.0336  0.0335  0.0334  0.0341  0.0335  0.0335  0.0336  0.0336  0.0335  0.0336  0.0333  0.0334
niter,ni,del,rscale     1    3    5.0000    0.4000
parameters
   -2.7341   -5.9701   10.6728   -6.6090  -27.4018  -25.3810
    5.3011    3.0613   -1.2265   24.6539  -10.8771    4.0794
eta,q 0.96693 15.48611
  0.0333  0.0333  0.0333  0.0340  0.0333  0.0334  0.0333  0.0335  0.0332  0.0333  0.0332  0.0331
  0.0333  0.0332  0.0332  0.0337  0.0332  0.0333  0.0332  0.0332  0.0331  0.0332  0.0332  0.0331
  0.0332  0.0332  0.0332  0.0334  0.0332  0.0332  0.0331  0.0331  0.0331  0.0331  0.0331  0.0331
  0.0332  0.0332  0.0332  0.0332  0.0331  0.0331  0.0331  0.0331  0.0331  0.0331  0.0331  0.0331
  0.0332  0.0332  0.0332  0.0331  0.0331  0.0331  0.0331  0.0331  0.0331  0.0331  0.0331  0.0331
  0.0333  0.0332  0.0332  0.0333  0.0332  0.0331  0.0332  0.0332  0.0332  0.0332  0.0331  0.0332
  0.0334  0.0333  0.0332  0.0337  0.0333  0.0332  0.0334  0.0334  0.0333  0.0334  0.0332  0.0333
registration optimization eta report
parameter search radius
    0.8000    0.8000    0.9200    3.1740    2.4000    2.4000
    2.4000    2.4000    2.4000    2.4000    2.4000    2.4000
100000*second partial in parameter space
       28.       19.        9.        7.        3.        4.
        4.        6.        3.        5.        2.        2.
  0.0333  0.0333  0.0333  0.0340  0.0333  0.0334  0.0333  0.0335  0.0332  0.0333  0.0332  0.0331
  0.0333  0.0332  0.0332  0.0337  0.0332  0.0333  0.0332  0.0332  0.0331  0.0332  0.0332  0.0331
  0.0332  0.0332  0.0332  0.0334  0.0332  0.0332  0.0331  0.0331  0.0331  0.0331  0.0331  0.0331
  0.0332  0.0332  0.0332  0.0332  0.0331  0.0331  0.0331  0.0331  0.0331  0.0331  0.0331  0.0331
  0.0332  0.0332  0.0332  0.0331  0.0331  0.0331  0.0331  0.0331  0.0331  0.0331  0.0331  0.0331
  0.0333  0.0332  0.0332  0.0333  0.0332  0.0331  0.0332  0.0332  0.0332  0.0332  0.0331  0.0332
  0.0334  0.0333  0.0332  0.0337  0.0333  0.0332  0.0334  0.0334  0.0333  0.0334  0.0332  0.0333
   -2.7341   -5.9701   10.6728   -6.6090  -27.4018  -25.3810
    5.3011    3.0613   -1.2265   24.6539  -10.8771    4.0794
eta,q 0.96693 15.48611

---------------------------------------------------------------------
imgreg_4dfp /opt/freesurfer/average/711-2C_as_mni_average_305 /opt/freesurfer/average/711-2B_as_mni_average_305_mask talsrcimg_g11 none talsrcimg_to_711-2C_as_mni_average_305_t4 2311
---------------------------------------------------------------------

freesurfer imgreg_4dfp.c
/opt/freesurfer/average/711-2C_as_mni_average_305.4dfp.img
       256       256       256         1
  1.000000  1.000000  1.000000
orientation T byte_order littleendian
Reading image: /opt/freesurfer/average/711-2C_as_mni_average_305.4dfp.img
dimensions:      256       256       256
mmppix:       1.0000   -1.0000   -1.0000
center:     128.0000 -129.0000 -129.0000
/opt/freesurfer/average/711-2B_as_mni_average_305_mask.4dfp.img
       256       256       256         1
  1.000000  1.000000  1.000000
orientation T byte_order littleendian
Reading mask: /opt/freesurfer/average/711-2B_as_mni_average_305_mask.4dfp.img (2306576 pixels)
talsrcimg_g11.4dfp.img
       320       320       320         1
  0.800000  0.800000  0.800000
orientation T byte_order littleendian
Reading image: talsrcimg_g11.4dfp.img
dimensions:      320       320       320
mmppix:       0.8000   -0.8000   -0.8000
center:     128.0000 -128.8000 -128.8000
fimgreg.f
image alignment mode   2311 decimal      907 hex
parameters
   -2.7341   -5.9701   10.6728   -6.6090  -27.4018  -25.3810
    5.3011    3.0613   -1.2265   24.6539  -10.8771    4.0794
eta,q 0.96693 15.48610
niter,ni,del,rscale     5    3    5.0000    0.8000
parameters
   -2.7385   -6.0430   10.9906   -7.0649  -27.2675  -25.3206
    5.3675    2.9216   -1.4053   24.7543  -10.6030    3.7884
eta,q 0.96689 15.49721
  0.0338  0.0335  0.0334  0.0343  0.0338  0.0339  0.0340  0.0342  0.0336  0.0340  0.0335  0.0333
  0.0334  0.0333  0.0332  0.0339  0.0335  0.0336  0.0335  0.0335  0.0333  0.0336  0.0333  0.0332
  0.0332  0.0331  0.0331  0.0334  0.0333  0.0334  0.0332  0.0332  0.0332  0.0333  0.0331  0.0331
  0.0331  0.0331  0.0331  0.0331  0.0331  0.0331  0.0331  0.0331  0.0331  0.0331  0.0331  0.0331
  0.0331  0.0331  0.0331  0.0331  0.0331  0.0331  0.0332  0.0333  0.0332  0.0331  0.0331  0.0331
  0.0334  0.0333  0.0331  0.0338  0.0333  0.0333  0.0335  0.0336  0.0334  0.0334  0.0332  0.0332
  0.0339  0.0336  0.0332  0.0355  0.0338  0.0341  0.0340  0.0343  0.0337  0.0340  0.0334  0.0335
niter,ni,del,rscale     4    3    5.0000    0.7000
parameters
   -2.6625   -6.1125   10.9264   -6.7993  -27.1386  -25.1982
    5.2349    3.0129   -1.6434   24.7562  -10.2602    3.3940
eta,q 0.96695 15.50882
  0.0337  0.0334  0.0333  0.0342  0.0336  0.0337  0.0337  0.0340  0.0335  0.0337  0.0334  0.0332
  0.0334  0.0333  0.0332  0.0338  0.0333  0.0335  0.0333  0.0335  0.0332  0.0334  0.0332  0.0331
  0.0332  0.0331  0.0331  0.0334  0.0332  0.0332  0.0331  0.0331  0.0331  0.0332  0.0331  0.0331
  0.0331  0.0331  0.0331  0.0331  0.0331  0.0331  0.0330  0.0330  0.0331  0.0330  0.0330  0.0331
  0.0331  0.0332  0.0331  0.0330  0.0331  0.0330  0.0331  0.0332  0.0331  0.0331  0.0331  0.0331
  0.0333  0.0333  0.0332  0.0333  0.0332  0.0332  0.0334  0.0334  0.0333  0.0333  0.0331  0.0332
  0.0336  0.0335  0.0333  0.0343  0.0336  0.0338  0.0338  0.0339  0.0336  0.0338  0.0333  0.0333
niter,ni,del,rscale     3    3    5.0000    0.6000
parameters
   -2.6208   -6.1000   10.9592   -6.4518  -27.0545  -24.9220
    4.9847    3.1147   -1.8424   24.6928   -9.8618    2.7669
eta,q 0.96701 15.52023
  0.0335  0.0333  0.0332  0.0340  0.0334  0.0335  0.0334  0.0337  0.0333  0.0335  0.0333  0.0331
  0.0333  0.0332  0.0331  0.0337  0.0332  0.0333  0.0332  0.0333  0.0331  0.0332  0.0331  0.0330
  0.0331  0.0331  0.0331  0.0333  0.0331  0.0332  0.0330  0.0331  0.0330  0.0331  0.0330  0.0330
  0.0331  0.0331  0.0331  0.0331  0.0330  0.0330  0.0330  0.0330  0.0330  0.0330  0.0330  0.0330
  0.0331  0.0331  0.0331  0.0330  0.0330  0.0330  0.0331  0.0331  0.0330  0.0330  0.0330  0.0330
  0.0332  0.0332  0.0331  0.0332  0.0331  0.0331  0.0333  0.0333  0.0332  0.0332  0.0331  0.0331
  0.0334  0.0333  0.0332  0.0339  0.0334  0.0335  0.0336  0.0336  0.0334  0.0336  0.0331  0.0332
niter,ni,del,rscale     2    3    5.0000    0.5000
parameters
   -2.5928   -6.1122   11.0595   -6.0857  -26.9096  -24.4743
    4.6792    3.1981   -2.0430   24.5799   -9.3590    1.8521
eta,q 0.96710 15.53724
  0.0333  0.0332  0.0331  0.0338  0.0332  0.0334  0.0332  0.0335  0.0331  0.0333  0.0331  0.0330
  0.0331  0.0331  0.0330  0.0334  0.0331  0.0332  0.0330  0.0332  0.0330  0.0331  0.0330  0.0329
  0.0330  0.0330  0.0330  0.0332  0.0330  0.0331  0.0329  0.0330  0.0329  0.0330  0.0329  0.0329
  0.0330  0.0330  0.0330  0.0330  0.0329  0.0330  0.0329  0.0329  0.0329  0.0329  0.0329  0.0329
  0.0330  0.0330  0.0330  0.0329  0.0330  0.0329  0.0330  0.0330  0.0330  0.0330  0.0329  0.0329
  0.0331  0.0331  0.0330  0.0331  0.0330  0.0330  0.0331  0.0331  0.0331  0.0331  0.0330  0.0330
  0.0333  0.0332  0.0331  0.0336  0.0332  0.0332  0.0334  0.0334  0.0332  0.0334  0.0330  0.0331
niter,ni,del,rscale     1    3    5.0000    0.4000
parameters
   -2.5539   -6.1561   11.2150   -5.7286  -26.6893  -23.8698
    4.3405    3.2519   -2.2282   24.4049   -8.7683    0.6969
eta,q 0.96719 15.55904
  0.0331  0.0330  0.0330  0.0335  0.0331  0.0332  0.0330  0.0332  0.0330  0.0331  0.0330  0.0328
  0.0330  0.0330  0.0329  0.0332  0.0330  0.0331  0.0329  0.0330  0.0329  0.0329  0.0329  0.0328
  0.0329  0.0329  0.0329  0.0330  0.0329  0.0330  0.0328  0.0329  0.0328  0.0329  0.0329  0.0328
  0.0329  0.0329  0.0329  0.0329  0.0329  0.0329  0.0328  0.0328  0.0328  0.0328  0.0328  0.0328
  0.0329  0.0329  0.0329  0.0329  0.0329  0.0328  0.0329  0.0329  0.0329  0.0329  0.0328  0.0329
  0.0330  0.0330  0.0329  0.0330  0.0329  0.0329  0.0330  0.0330  0.0329  0.0330  0.0328  0.0329
  0.0331  0.0330  0.0329  0.0333  0.0330  0.0330  0.0332  0.0332  0.0330  0.0331  0.0329  0.0330
registration optimization eta report
parameter search radius
    0.8000    0.8000    0.8000    2.4000    2.4000    2.4000
    2.4000    2.4000    2.4000    2.4000    2.4000    2.4000
100000*second partial in parameter space
       31.       19.        9.        8.        3.        4.
        4.        6.        3.        5.        2.        1.
  0.0331  0.0330  0.0330  0.0335  0.0331  0.0332  0.0330  0.0332  0.0330  0.0331  0.0330  0.0328
  0.0330  0.0330  0.0329  0.0332  0.0330  0.0331  0.0329  0.0330  0.0329  0.0329  0.0329  0.0328
  0.0329  0.0329  0.0329  0.0330  0.0329  0.0330  0.0328  0.0329  0.0328  0.0329  0.0329  0.0328
  0.0329  0.0329  0.0329  0.0329  0.0329  0.0329  0.0328  0.0328  0.0328  0.0328  0.0328  0.0328
  0.0329  0.0329  0.0329  0.0329  0.0329  0.0328  0.0329  0.0329  0.0329  0.0329  0.0328  0.0329
  0.0330  0.0330  0.0329  0.0330  0.0329  0.0329  0.0330  0.0330  0.0329  0.0330  0.0328  0.0329
  0.0331  0.0330  0.0329  0.0333  0.0330  0.0330  0.0332  0.0332  0.0330  0.0331  0.0329  0.0330
   -2.5539   -6.1561   11.2150   -5.7286  -26.6893  -23.8698
    4.3405    3.2519   -2.2282   24.4049   -8.7683    0.6969
eta,q 0.96719 15.55904

---------------------------------------------------------------------
compute_vox2vox talsrcimg talsrcimg_to_711-2C_as_mni_average_305_t4 /opt/freesurfer/average/711-2C_as_mni_average_305
---------------------------------------------------------------------

freesurfer compute_vox2vox.c
Reading: talsrcimg.4dfp.ifh
Reading: talsrcimg_to_711-2C_as_mni_average_305_t4
Reading: /opt/freesurfer/average/711-2C_as_mni_average_305.4dfp.ifh
Writing: talsrcimg_to_711-2C_as_mni_average_305_t4_vox2vox.txt

start time Tue Mar 10 22:03:26 CET 2026
end		time Tue Mar 10 22:04:51 CET 2026

mpr2mni305 success

avi2talxfm orig_nu.mgz /opt/freesurfer/average/mni305.cor.mgz talsrcimg_to_711-2C_as_mni_average_305_t4_vox2vox.txt transforms/talairach.auto.xfm
avi2talxfm done
mv -f /out/sourcedata/freesurfer/sub-v2s11x28731_ses-1/mri/talsrcimg_to_711-2C_as_mni_average_305_t4_vox2vox.txt /out/sourcedata/freesurfer/sub-v2s11x28731_ses-1/mri/transforms/talsrcimg_to_711-2C_as_mni_average_305_t4_vox2vox.txt
lta_convert --src orig_nu.mgz --trg /opt/freesurfer/average/mni305.cor.mgz --inxfm transforms/talairach.auto.xfm --outlta transforms/talairach.auto.xfm.lta --subject fsaverage
7.3.2

--src: orig_nu.mgz src image (geometry).
--trg: /opt/freesurfer/average/mni305.cor.mgz trg image (geometry).
--inmni: transforms/talairach.auto.xfm input MNI/XFM transform.
--outlta: transforms/talairach.auto.xfm.lta output LTA.
--s: fsaverage subject name
 LTA read, type : 1
 1.05695  -0.02516  -0.06234   0.54477;
 0.12181   1.31465  -0.01971   13.44948;
-0.00843  -0.43841   1.36872  -26.29193;
 0.00000   0.00000   0.00000   1.00000;
setting subject to fsaverage
Writing  LTA to file transforms/talairach.auto.xfm.lta...
lta_convert successful.
 
 
Started at Tue Mar 10 22:03:25 CET 2026
Ended   at Tue Mar 10 22:04:51 CET 2026
talairach_avi done
