status file for recon-all
Tue Mar 10 22:27:50 CET 2026
#@# Tessellate lh Tue Mar 10 22:27:50 CET 2026
#@# Smooth1 lh Tue Mar 10 22:27:59 CET 2026
#@# Inflation1 lh Tue Mar 10 22:28:04 CET 2026
#@# QSphere lh Tue Mar 10 22:30:25 CET 2026
#@# Fix Topology lh Tue Mar 10 22:32:18 CET 2026
#@# Smooth2 lh Tue Mar 10 22:44:57 CET 2026
#@# Inflation2 lh Tue Mar 10 22:45:03 CET 2026
#@# Curv .H and .K lh Tue Mar 10 22:45:57 CET 2026
#@# Sphere lh Tue Mar 10 22:47:28 CET 2026
#@# Surf Reg lh Tue Mar 10 22:55:25 CET 2026
#@# Jacobian white lh Tue Mar 10 23:04:41 CET 2026
#@# AvgCurv lh Tue Mar 10 23:04:43 CET 2026
#@# Cortical Parc lh Tue Mar 10 23:04:45 CET 2026
#@# white curv lh Tue Mar 10 23:16:18 CET 2026
#@# white area lh Tue Mar 10 23:16:22 CET 2026
#@# pial curv lh Tue Mar 10 23:16:23 CET 2026
#@# pial area lh Tue Mar 10 23:16:27 CET 2026
#@# thickness lh Tue Mar 10 23:16:28 CET 2026
#@# area and vertex vol lh Tue Mar 10 23:17:34 CET 2026
#@# Curvature Stats lh Tue Mar 10 23:17:37 CET 2026
#@# Cortical Parc 2 lh Tue Mar 10 23:17:42 CET 2026
#@# Cortical Parc 3 lh Tue Mar 10 23:18:09 CET 2026
#@# WM/GM Contrast lh Tue Mar 10 23:18:28 CET 2026
recon-all -s sub-v2s11x28698_ses-1 finished without error at Tue Mar 10 23:18:34 CET 2026



#New# invocation of recon-all 



status file for recon-all
Wed Mar 11 00:34:39 CET 2026
#@# white curv lh Wed Mar 11 00:34:39 CET 2026
#@# white area lh Wed Mar 11 00:34:39 CET 2026
#@# pial curv lh Wed Mar 11 00:34:39 CET 2026
#@# pial area lh Wed Mar 11 00:34:39 CET 2026
#@# thickness lh Wed Mar 11 00:34:39 CET 2026
#@# area and vertex vol lh Wed Mar 11 00:34:39 CET 2026
#@# Parcellation Stats lh Wed Mar 11 00:34:39 CET 2026
#@# Parcellation Stats 2 lh Wed Mar 11 00:35:37 CET 2026
#@# Parcellation Stats 3 lh Wed Mar 11 00:36:06 CET 2026
#@# BA_exvivo Labels lh Wed Mar 11 00:36:42 CET 2026
recon-all -s sub-v2s11x28698_ses-1 finished without error at Wed Mar 11 00:41:47 CET 2026
