status file for recon-all
Tue Mar 10 19:23:36 CET 2026
#@# MotionCor Tue Mar 10 19:23:41 CET 2026
#@# Talairach Tue Mar 10 19:23:51 CET 2026
#@# Talairach Failure Detection Tue Mar 10 19:30:57 CET 2026
#@# Nu Intensity Correction Tue Mar 10 19:30:57 CET 2026
#@# Intensity Normalization Tue Mar 10 19:37:17 CET 2026
recon-all -s sub-v2s11x28698_ses-1 finished without error at Tue Mar 10 19:42:01 CET 2026



#New# invocation of recon-all 



status file for recon-all
Tue Mar 10 19:49:52 CET 2026
#@# EM Registration Tue Mar 10 19:49:52 CET 2026
recon-all -s sub-v2s11x28698_ses-1 finished without error at Tue Mar 10 19:52:06 CET 2026



#New# invocation of recon-all 



status file for recon-all
Tue Mar 10 19:52:08 CET 2026
#@# CA Normalize Tue Mar 10 19:52:08 CET 2026
#@# CA Reg Tue Mar 10 19:54:03 CET 2026
#@# SubCort Seg Tue Mar 10 20:55:04 CET 2026
#@# CC Seg Tue Mar 10 22:15:52 CET 2026
#@# Merge ASeg Tue Mar 10 22:16:46 CET 2026
#@# Intensity Normalization2 Tue Mar 10 22:16:46 CET 2026
#@# Mask BFS Tue Mar 10 22:21:34 CET 2026
#@# WM Segmentation Tue Mar 10 22:21:35 CET 2026
#@# Fill Tue Mar 10 22:25:59 CET 2026
recon-all -s sub-v2s11x28698_ses-1 finished without error at Tue Mar 10 22:27:46 CET 2026



#New# invocation of recon-all 



status file for recon-all
Wed Mar 11 00:21:31 CET 2026
#@# white curv lh Wed Mar 11 00:21:31 CET 2026
#@# white area lh Wed Mar 11 00:21:31 CET 2026
#@# pial curv lh Wed Mar 11 00:21:31 CET 2026
#@# pial area lh Wed Mar 11 00:21:31 CET 2026
#@# thickness lh Wed Mar 11 00:21:31 CET 2026
#@# area and vertex vol lh Wed Mar 11 00:21:31 CET 2026
#@# white curv rh Wed Mar 11 00:21:31 CET 2026
#@# white area rh Wed Mar 11 00:21:31 CET 2026
#@# pial curv rh Wed Mar 11 00:21:31 CET 2026
#@# pial area rh Wed Mar 11 00:21:31 CET 2026
#@# thickness rh Wed Mar 11 00:21:31 CET 2026
#@# area and vertex vol rh Wed Mar 11 00:21:31 CET 2026
#@# Cortical ribbon mask Wed Mar 11 00:21:31 CET 2026
recon-all -s sub-v2s11x28698_ses-1 finished without error at Wed Mar 11 00:34:35 CET 2026



#New# invocation of recon-all 



status file for recon-all
Wed Mar 11 00:48:49 CET 2026
#@# white curv lh Wed Mar 11 00:48:49 CET 2026
#@# white area lh Wed Mar 11 00:48:49 CET 2026
#@# pial curv lh Wed Mar 11 00:48:49 CET 2026
#@# pial area lh Wed Mar 11 00:48:49 CET 2026
#@# thickness lh Wed Mar 11 00:48:49 CET 2026
#@# area and vertex vol lh Wed Mar 11 00:48:49 CET 2026
#@# white curv rh Wed Mar 11 00:48:49 CET 2026
#@# white area rh Wed Mar 11 00:48:49 CET 2026
#@# pial curv rh Wed Mar 11 00:48:49 CET 2026
#@# pial area rh Wed Mar 11 00:48:49 CET 2026
#@# thickness rh Wed Mar 11 00:48:49 CET 2026
#@# area and vertex vol rh Wed Mar 11 00:48:50 CET 2026
#@# Curvature Stats lh Wed Mar 11 00:48:50 CET 2026
#@# Curvature Stats rh Wed Mar 11 00:48:55 CET 2026
#@# Relabel Hypointensities Wed Mar 11 00:49:00 CET 2026
#@# APas-to-ASeg Wed Mar 11 00:49:33 CET 2026
#@# AParc-to-ASeg aparc Wed Mar 11 00:49:52 CET 2026
#@# AParc-to-ASeg aparc.a2009s Wed Mar 11 00:51:44 CET 2026
#@# AParc-to-ASeg aparc.DKTatlas Wed Mar 11 00:53:39 CET 2026
#@# WMParc Wed Mar 11 00:55:19 CET 2026
#@# ASeg Stats Wed Mar 11 01:02:24 CET 2026
recon-all -s sub-v2s11x28698_ses-1 finished without error at Wed Mar 11 01:03:24 CET 2026
