status file for recon-all
Tue Mar 10 20:56:25 CET 2026
#@# MotionCor Tue Mar 10 20:56:29 CET 2026
#@# Talairach Tue Mar 10 20:56:39 CET 2026
#@# Talairach Failure Detection Tue Mar 10 21:03:47 CET 2026
#@# Nu Intensity Correction Tue Mar 10 21:03:47 CET 2026
#@# Intensity Normalization Tue Mar 10 21:10:07 CET 2026
recon-all -s sub-v2s11x28705_ses-1 finished without error at Tue Mar 10 21:14:32 CET 2026



#New# invocation of recon-all 



status file for recon-all
Tue Mar 10 21:22:26 CET 2026
#@# EM Registration Tue Mar 10 21:22:26 CET 2026
recon-all -s sub-v2s11x28705_ses-1 finished without error at Tue Mar 10 21:24:25 CET 2026



#New# invocation of recon-all 



status file for recon-all
Tue Mar 10 21:24:26 CET 2026
#@# CA Normalize Tue Mar 10 21:24:26 CET 2026
#@# CA Reg Tue Mar 10 21:26:13 CET 2026
#@# SubCort Seg Tue Mar 10 22:12:14 CET 2026
#@# CC Seg Tue Mar 10 23:32:44 CET 2026
#@# Merge ASeg Tue Mar 10 23:33:51 CET 2026
#@# Intensity Normalization2 Tue Mar 10 23:33:51 CET 2026
#@# Mask BFS Tue Mar 10 23:38:34 CET 2026
#@# WM Segmentation Tue Mar 10 23:38:36 CET 2026
#@# Fill Tue Mar 10 23:43:17 CET 2026
recon-all -s sub-v2s11x28705_ses-1 finished without error at Tue Mar 10 23:45:06 CET 2026



#New# invocation of recon-all 



status file for recon-all
Wed Mar 11 02:11:33 CET 2026
#@# white curv lh Wed Mar 11 02:11:33 CET 2026
#@# white area lh Wed Mar 11 02:11:33 CET 2026
#@# pial curv lh Wed Mar 11 02:11:33 CET 2026
#@# pial area lh Wed Mar 11 02:11:34 CET 2026
#@# thickness lh Wed Mar 11 02:11:34 CET 2026
#@# area and vertex vol lh Wed Mar 11 02:11:34 CET 2026
#@# white curv rh Wed Mar 11 02:11:34 CET 2026
#@# white area rh Wed Mar 11 02:11:34 CET 2026
#@# pial curv rh Wed Mar 11 02:11:34 CET 2026
#@# pial area rh Wed Mar 11 02:11:34 CET 2026
#@# thickness rh Wed Mar 11 02:11:34 CET 2026
#@# area and vertex vol rh Wed Mar 11 02:11:34 CET 2026
#@# Cortical ribbon mask Wed Mar 11 02:11:34 CET 2026
recon-all -s sub-v2s11x28705_ses-1 finished without error at Wed Mar 11 02:24:23 CET 2026



#New# invocation of recon-all 



status file for recon-all
Wed Mar 11 02:37:52 CET 2026
#@# white curv lh Wed Mar 11 02:37:52 CET 2026
#@# white area lh Wed Mar 11 02:37:52 CET 2026
#@# pial curv lh Wed Mar 11 02:37:52 CET 2026
#@# pial area lh Wed Mar 11 02:37:52 CET 2026
#@# thickness lh Wed Mar 11 02:37:52 CET 2026
#@# area and vertex vol lh Wed Mar 11 02:37:52 CET 2026
#@# white curv rh Wed Mar 11 02:37:52 CET 2026
#@# white area rh Wed Mar 11 02:37:52 CET 2026
#@# pial curv rh Wed Mar 11 02:37:52 CET 2026
#@# pial area rh Wed Mar 11 02:37:52 CET 2026
#@# thickness rh Wed Mar 11 02:37:52 CET 2026
#@# area and vertex vol rh Wed Mar 11 02:37:52 CET 2026
#@# Curvature Stats lh Wed Mar 11 02:37:52 CET 2026
#@# Curvature Stats rh Wed Mar 11 02:37:57 CET 2026
#@# Relabel Hypointensities Wed Mar 11 02:38:02 CET 2026
#@# APas-to-ASeg Wed Mar 11 02:38:34 CET 2026
#@# AParc-to-ASeg aparc Wed Mar 11 02:38:52 CET 2026
#@# AParc-to-ASeg aparc.a2009s Wed Mar 11 02:40:37 CET 2026
#@# AParc-to-ASeg aparc.DKTatlas Wed Mar 11 02:42:20 CET 2026
#@# WMParc Wed Mar 11 02:44:08 CET 2026
#@# ASeg Stats Wed Mar 11 02:50:31 CET 2026
recon-all -s sub-v2s11x28705_ses-1 finished without error at Wed Mar 11 02:51:29 CET 2026
