status file for recon-all
Wed Mar 11 00:58:47 CET 2026
#@# Tessellate rh Wed Mar 11 00:58:47 CET 2026
#@# Smooth1 rh Wed Mar 11 00:58:54 CET 2026
#@# Inflation1 rh Wed Mar 11 00:59:00 CET 2026
#@# QSphere rh Wed Mar 11 01:01:04 CET 2026
#@# Fix Topology rh Wed Mar 11 01:03:21 CET 2026
#@# Smooth2 rh Wed Mar 11 01:28:28 CET 2026
#@# Inflation2 rh Wed Mar 11 01:28:34 CET 2026
#@# Curv .H and .K rh Wed Mar 11 01:29:21 CET 2026
#@# Sphere rh Wed Mar 11 01:30:49 CET 2026
#@# Surf Reg rh Wed Mar 11 01:43:19 CET 2026
#@# Jacobian white rh Wed Mar 11 01:57:25 CET 2026
#@# AvgCurv rh Wed Mar 11 01:57:27 CET 2026
#@# Cortical Parc rh Wed Mar 11 01:57:29 CET 2026
#@# white curv rh Wed Mar 11 02:09:18 CET 2026
#@# white area rh Wed Mar 11 02:09:21 CET 2026
#@# pial curv rh Wed Mar 11 02:09:22 CET 2026
#@# pial area rh Wed Mar 11 02:09:26 CET 2026
#@# thickness rh Wed Mar 11 02:09:28 CET 2026
#@# area and vertex vol rh Wed Mar 11 02:10:31 CET 2026
#@# Curvature Stats rh Wed Mar 11 02:10:35 CET 2026
#@# Cortical Parc 2 rh Wed Mar 11 02:10:39 CET 2026
#@# Cortical Parc 3 rh Wed Mar 11 02:11:05 CET 2026
#@# WM/GM Contrast rh Wed Mar 11 02:11:24 CET 2026
recon-all -s sub-v2s11x28705_ses-1 finished without error at Wed Mar 11 02:11:30 CET 2026



#New# invocation of recon-all 



status file for recon-all
Wed Mar 11 02:31:06 CET 2026
#@# white curv rh Wed Mar 11 02:31:06 CET 2026
#@# white area rh Wed Mar 11 02:31:06 CET 2026
#@# pial curv rh Wed Mar 11 02:31:06 CET 2026
#@# pial area rh Wed Mar 11 02:31:06 CET 2026
#@# thickness rh Wed Mar 11 02:31:06 CET 2026
#@# area and vertex vol rh Wed Mar 11 02:31:06 CET 2026
#@# Parcellation Stats rh Wed Mar 11 02:31:06 CET 2026
#@# Parcellation Stats 2 rh Wed Mar 11 02:32:00 CET 2026
#@# Parcellation Stats 3 rh Wed Mar 11 02:32:28 CET 2026
#@# BA_exvivo Labels rh Wed Mar 11 02:32:55 CET 2026
recon-all -s sub-v2s11x28705_ses-1 finished without error at Wed Mar 11 02:37:48 CET 2026
