status file for recon-all
Tue Mar 10 23:45:09 CET 2026
#@# Tessellate lh Tue Mar 10 23:45:09 CET 2026
#@# Smooth1 lh Tue Mar 10 23:45:17 CET 2026
#@# Inflation1 lh Tue Mar 10 23:45:22 CET 2026
#@# QSphere lh Tue Mar 10 23:47:10 CET 2026
#@# Fix Topology lh Tue Mar 10 23:49:03 CET 2026
#@# Smooth2 lh Wed Mar 11 00:11:01 CET 2026
#@# Inflation2 lh Wed Mar 11 00:11:07 CET 2026
#@# Curv .H and .K lh Wed Mar 11 00:11:53 CET 2026
#@# Sphere lh Wed Mar 11 00:13:21 CET 2026
#@# Surf Reg lh Wed Mar 11 00:25:55 CET 2026
#@# Jacobian white lh Wed Mar 11 00:38:12 CET 2026
#@# AvgCurv lh Wed Mar 11 00:38:14 CET 2026
#@# Cortical Parc lh Wed Mar 11 00:38:16 CET 2026
#@# white curv lh Wed Mar 11 00:56:33 CET 2026
#@# white area lh Wed Mar 11 00:56:36 CET 2026
#@# pial curv lh Wed Mar 11 00:56:38 CET 2026
#@# pial area lh Wed Mar 11 00:56:41 CET 2026
#@# thickness lh Wed Mar 11 00:56:42 CET 2026
#@# area and vertex vol lh Wed Mar 11 00:57:45 CET 2026
#@# Curvature Stats lh Wed Mar 11 00:57:48 CET 2026
#@# Cortical Parc 2 lh Wed Mar 11 00:57:52 CET 2026
#@# Cortical Parc 3 lh Wed Mar 11 00:58:19 CET 2026
#@# WM/GM Contrast lh Wed Mar 11 00:58:39 CET 2026
recon-all -s sub-v2s11x28705_ses-1 finished without error at Wed Mar 11 00:58:44 CET 2026



#New# invocation of recon-all 



status file for recon-all
Wed Mar 11 02:24:28 CET 2026
#@# white curv lh Wed Mar 11 02:24:28 CET 2026
#@# white area lh Wed Mar 11 02:24:28 CET 2026
#@# pial curv lh Wed Mar 11 02:24:28 CET 2026
#@# pial area lh Wed Mar 11 02:24:28 CET 2026
#@# thickness lh Wed Mar 11 02:24:28 CET 2026
#@# area and vertex vol lh Wed Mar 11 02:24:28 CET 2026
#@# Parcellation Stats lh Wed Mar 11 02:24:28 CET 2026
#@# Parcellation Stats 2 lh Wed Mar 11 02:25:19 CET 2026
#@# Parcellation Stats 3 lh Wed Mar 11 02:25:46 CET 2026
#@# BA_exvivo Labels lh Wed Mar 11 02:26:13 CET 2026
recon-all -s sub-v2s11x28705_ses-1 finished without error at Wed Mar 11 02:31:03 CET 2026
