/out/sourcedata/freesurfer/sub-v2s11x28707_ses-1/mri
/opt/freesurfer/bin/talairach_avi
--i orig_nu.mgz --xfm transforms/talairach.auto.xfm
talairach_avi 7.3.2
Linux dna056 5.14.0-427.37.1.el9_4.x86_64 #1 SMP PREEMPT_DYNAMIC Fri Sep 13 12:41:50 EDT 2024 x86_64 x86_64 x86_64 GNU/Linux
Tue Mar 10 20:57:27 CET 2026
mri_convert orig_nu.mgz talsrcimg.img 
reading from orig_nu.mgz...
TR=0.00, TE=0.00, TI=0.00, flip angle=0.00
i_ras = (-1, 0, 0)
j_ras = (0, 0, -1)
k_ras = (0, 1, 0)
writing to talsrcimg.img...
Analyze Output Matrix
-0.80000   0.00000   0.00000   128.48489;
 0.00000   0.00000   0.80000  -107.99267;
 0.00000  -0.80000   0.00000   148.13913;
 0.00000   0.00000   0.00000   1.00000;
--------------------
INFO: set hdr.hist.orient to -1
mpr2mni305 talsrcimg
Tue Mar 10 20:57:27 CET 2026
/opt/freesurfer/bin/mpr2mni305 talsrcimg
mpr2mni305 7.3.2
target=711-2C_as_mni_average_305

---------------------------------------------------------------------
analyzeto4dfp talsrcimg -O0 -y
---------------------------------------------------------------------

freesurfer ifh2hdr.c
Tue Mar 10 20:57:27 2026
Writing: talsrcimg.4dfp.hdr
freesurfer analyzeto4dfp.c
Reading: talsrcimg.hdr
header size 348 bytes
hdr.dime.datatype	offset=70	value=2
hdr.dime.bitpix		offset=72	value=8
hdr.hist.orient		offset=252	value=-1
dimensionality     4
dimensions       320       320       320         1
Reading: talsrcimg.img
Writing: talsrcimg.4dfp.img
Writing: talsrcimg.4dfp.ifh
ifh2hdr talsrcimg -r0to186
ori=2

---------------------------------------------------------------------
gauss_4dfp talsrcimg 1.1
---------------------------------------------------------------------

freesurfer gauss_4dfp.c
Reading: talsrcimg.4dfp.img
Writing: talsrcimg_g11.4dfp.img
image dimensions 320 320 320 padded to 384 384 384
processing volume 1freesurfer ifh2hdr.c
Tue Mar 10 20:57:44 2026
Writing: talsrcimg_g11.4dfp.hdr

Writing: talsrcimg_g11.4dfp.ifh
including: talsrcimg.4dfp.img.rec in talsrcimg_g11.4dfp.img.rec

---------------------------------------------------------------------
imgreg_4dfp /opt/freesurfer/average/711-2C_as_mni_average_305 none talsrcimg_g11 none talsrcimg_to_711-2C_as_mni_average_305_t4 4355
---------------------------------------------------------------------

freesurfer imgreg_4dfp.c
/opt/freesurfer/average/711-2C_as_mni_average_305.4dfp.img
       256       256       256         1
  1.000000  1.000000  1.000000
orientation T byte_order littleendian
Reading image: /opt/freesurfer/average/711-2C_as_mni_average_305.4dfp.img
dimensions:      256       256       256
mmppix:       1.0000   -1.0000   -1.0000
center:     128.0000 -129.0000 -129.0000
talsrcimg_g11.4dfp.img
       320       320       320         1
  0.800000  0.800000  0.800000
orientation T byte_order littleendian
Reading image: talsrcimg_g11.4dfp.img
dimensions:      320       320       320
mmppix:       0.8000   -0.8000   -0.8000
center:     128.0000 -128.8000 -128.8000
t4_read: open error in t4_sub.f l:  41 t4_file(1:l)talsrcimg_to_711-2C_as_mni_average_305_t4 
t4_read: transform initialized to I4
rotation matrix determinant  1.000000
image alignment mode   4355 decimal     1103 hex
   -7.5000  -45.0000  -45.0000 8251.0039   21.7775
    0.0000  -45.0000  -45.0000 8665.2275   21.8497
    7.5000  -45.0000  -45.0000 8262.5547   21.7742
   -7.5000  -37.5000  -45.0000 8864.4854   21.7784
    0.0000  -37.5000  -45.0000 9314.3604   21.8495
    7.5000  -37.5000  -45.0000 8880.5293   21.7753
   -7.5000  -30.0000  -45.0000 9811.4072   21.9188
    0.0000  -30.0000  -45.000010322.8350   21.9851
    7.5000  -30.0000  -45.0000 9829.3447   21.9001
   -7.5000  -22.5000  -45.000010724.0723   22.0529
    0.0000  -22.5000  -45.000011303.2920   22.1171
    7.5000  -22.5000  -45.000010727.4512   22.0201
   -7.5000  -15.0000  -45.000011598.7852   22.0590
    0.0000  -15.0000  -45.000012211.5859   22.1274
    7.5000  -15.0000  -45.000011594.4150   22.0293
   -7.5000   -7.5000  -45.000012455.7812   21.9207
    0.0000   -7.5000  -45.000013156.5127   21.9924
    7.5000   -7.5000  -45.000012443.6582   21.9051
   -7.5000    0.0000  -45.000013167.3242   21.7775
    0.0000    0.0000  -45.000013931.6846   21.8497
    7.5000    0.0000  -45.000013145.2822   21.7742
   -7.5000    7.5000  -45.000012729.4766   21.7784
    0.0000    7.5000  -45.000013501.3125   21.8495
    7.5000    7.5000  -45.000012734.1777   21.7753
   -7.5000   15.0000  -45.000012195.9590   21.9188
    0.0000   15.0000  -45.000012957.4805   21.9851
    7.5000   15.0000  -45.000012209.2373   21.9001
   -7.5000   22.5000  -45.000011496.6094   22.0499
    0.0000   22.5000  -45.000012214.1729   22.1141
    7.5000   22.5000  -45.000011527.7148   22.0171
   -7.5000   30.0000  -45.000010679.0381   21.7650
    0.0000   30.0000  -45.000011358.4131   21.8325
    7.5000   30.0000  -45.000010721.6172   21.7358
   -7.5000   37.5000  -45.000010228.4707   21.6286
    0.0000   37.5000  -45.000010864.2227   21.6993
    7.5000   37.5000  -45.000010273.9287   21.6132
   -7.5000   45.0000  -45.0000 9421.3887   20.9417
    0.0000   45.0000  -45.000010020.1895   21.0111
    7.5000   45.0000  -45.0000 9464.8906   20.9385
   -7.5000  -45.0000  -37.5000 8533.1660   21.7892
    0.0000  -45.0000  -37.5000 8953.1504   21.8684
    7.5000  -45.0000  -37.5000 8558.9434   21.8011
   -7.5000  -37.5000  -37.5000 9187.7393   21.7921
    0.0000  -37.5000  -37.5000 9633.5449   21.8675
    7.5000  -37.5000  -37.5000 9217.4385   21.7998
   -7.5000  -30.0000  -37.500010190.2109   21.9400
    0.0000  -30.0000  -37.500010694.7363   22.0066
    7.5000  -30.0000  -37.500010210.6338   21.9254
   -7.5000  -22.5000  -37.500011142.1504   22.0822
    0.0000  -22.5000  -37.500011715.2148   22.1450
    7.5000  -22.5000  -37.500011144.9492   22.0504
   -7.5000  -15.0000  -37.500012029.5000   22.0890
    0.0000  -15.0000  -37.500012646.7344   22.1583
    7.5000  -15.0000  -37.500012013.2617   22.0634
   -7.5000   -7.5000  -37.500012893.5029   21.9407
    0.0000   -7.5000  -37.500013617.3867   22.0176
    7.5000   -7.5000  -37.500012870.6895   21.9366
   -7.5000    0.0000  -37.500013629.4414   21.7892
    0.0000    0.0000  -37.500014432.9746   21.8684
    7.5000    0.0000  -37.500013601.4697   21.8011
   -7.5000    7.5000  -37.500013190.0068   21.7921
    0.0000    7.5000  -37.500013969.1572   21.8675
    7.5000    7.5000  -37.500013180.7139   21.7998
   -7.5000   15.0000  -37.500012607.3984   21.9400
    0.0000   15.0000  -37.500013359.2412   22.0066
    7.5000   15.0000  -37.500012600.7070   21.9254
   -7.5000   22.5000  -37.500011887.4707   22.0792
    0.0000   22.5000  -37.500012609.6240   22.1420
    7.5000   22.5000  -37.500011905.2412   22.0474
   -7.5000   30.0000  -37.500011063.6035   21.7947
    0.0000   30.0000  -37.500011727.0664   21.8630
    7.5000   30.0000  -37.500011091.8838   21.7694
   -7.5000   37.5000  -37.500010591.4746   21.6484
    0.0000   37.5000  -37.500011231.9932   21.7242
    7.5000   37.5000  -37.500010638.6729   21.6443
   -7.5000   45.0000  -37.5000 9741.5420   20.9529
    0.0000   45.0000  -37.500010347.6182   21.0291
    7.5000   45.0000  -37.5000 9792.2461   20.9644
   -7.5000  -45.0000  -30.0000 9056.0986   22.3694
    0.0000  -45.0000  -30.0000 9482.8564   22.4526
    7.5000  -45.0000  -30.0000 9096.7090   22.3883
   -7.5000  -37.5000  -30.0000 9762.7324   22.3636
    0.0000  -37.5000  -30.000010234.0615   22.4415
    7.5000  -37.5000  -30.0000 9817.9502   22.3783
   -7.5000  -30.0000  -30.000010872.4512   22.5100
    0.0000  -30.0000  -30.000011411.3633   22.5779
    7.5000  -30.0000  -30.000010908.4531   22.5040
   -7.5000  -22.5000  -30.000011949.5947   22.6610
    0.0000  -22.5000  -30.000012543.7500   22.7248
    7.5000  -22.5000  -30.000011943.2246   22.6379
   -7.5000  -15.0000  -30.000012885.6074   22.6772
    0.0000  -15.0000  -30.000013556.6299   22.7483
    7.5000  -15.0000  -30.000012841.3193   22.6597
   -7.5000   -7.5000  -30.000013792.9521   22.5287
    0.0000   -7.5000  -30.000014555.9434   22.6092
    7.5000   -7.5000  -30.000013740.4785   22.5325
   -7.5000    0.0000  -30.000014571.9688   22.3694
    0.0000    0.0000  -30.000015399.5674   22.4526
    7.5000    0.0000  -30.000014538.3721   22.3883
   -7.5000    7.5000  -30.000014125.6543   22.3636
    0.0000    7.5000  -30.000014925.6836   22.4415
    7.5000    7.5000  -30.000014076.8281   22.3783
   -7.5000   15.0000  -30.000013499.9170   22.5100
    0.0000   15.0000  -30.000014254.9971   22.5779
    7.5000   15.0000  -30.000013452.5342   22.5040
   -7.5000   22.5000  -30.000012735.3887   22.6556
    0.0000   22.5000  -30.000013448.2236   22.7193
    7.5000   22.5000  -30.000012704.5049   22.6324
   -7.5000   30.0000  -30.000011839.3076   22.3772
    0.0000   30.0000  -30.000012505.4131   22.4473
    7.5000   30.0000  -30.000011844.6836   22.3598
   -7.5000   37.5000  -30.000011343.7734   22.2306
    0.0000   37.5000  -30.000011998.0312   22.3101
    7.5000   37.5000  -30.000011371.0215   22.2344
   -7.5000   45.0000  -30.000010437.8193   21.5267
    0.0000   45.0000  -30.000011055.4463   21.6068
    7.5000   45.0000  -30.000010464.8066   21.5449
   -7.5000  -45.0000  -22.5000 9514.0684   22.8345
    0.0000  -45.0000  -22.5000 9965.5957   22.9137
    7.5000  -45.0000  -22.5000 9555.5840   22.8407
   -7.5000  -37.5000  -22.500010266.5576   22.8217
    0.0000  -37.5000  -22.500010751.3623   22.8960
    7.5000  -37.5000  -22.500010304.6680   22.8269
   -7.5000  -30.0000  -22.500011497.8223   22.9599
    0.0000  -30.0000  -22.500012053.9150   23.0271
    7.5000  -30.0000  -22.500011515.0352   22.9526
   -7.5000  -22.5000  -22.500012726.9326   23.1092
    0.0000  -22.5000  -22.500013377.5254   23.1748
    7.5000  -22.5000  -22.500012692.2988   23.0894
   -7.5000  -15.0000  -22.500013738.5674   23.1310
    0.0000  -15.0000  -22.500014474.4082   23.2035
    7.5000  -15.0000  -22.500013674.0283   23.1145
   -7.5000   -7.5000  -22.500014694.0635   22.9910
    0.0000   -7.5000  -22.500015466.7314   23.0701
    7.5000   -7.5000  -22.500014604.8428   22.9880
   -7.5000    0.0000  -22.500015557.5879   22.8345
    0.0000    0.0000  -22.500016350.3848   22.9137
    7.5000    0.0000  -22.500015426.0039   22.8407
   -7.5000    7.5000  -22.500015108.7061   22.8217
    0.0000    7.5000  -22.500015868.7168   22.8960
    7.5000    7.5000  -22.500014944.3418   22.8269
   -7.5000   15.0000  -22.500014411.4492   22.9599
    0.0000   15.0000  -22.500015157.1611   23.0271
    7.5000   15.0000  -22.500014283.8867   22.9526
   -7.5000   22.5000  -22.500013582.2900   23.1020
    0.0000   22.5000  -22.500014269.9766   23.1676
    7.5000   22.5000  -22.500013514.7959   23.0823
   -7.5000   30.0000  -22.500012639.5732   22.8285
    0.0000   30.0000  -22.500013307.0488   22.9000
    7.5000   30.0000  -22.500012615.8711   22.8121
   -7.5000   37.5000  -22.500012113.1963   22.6903
    0.0000   37.5000  -22.500012786.3877   22.7684
    7.5000   37.5000  -22.500012115.8594   22.6873
   -7.5000   45.0000  -22.500011166.6016   21.9907
    0.0000   45.0000  -22.500011816.4395   22.0670
    7.5000   45.0000  -22.500011160.5840   21.9967
   -7.5000  -45.0000  -15.0000 9937.0869   23.1063
    0.0000  -45.0000  -15.000010399.5039   23.1799
    7.5000  -45.0000  -15.0000 9956.3682   23.0936
   -7.5000  -37.5000  -15.000010738.1885   23.0948
    0.0000  -37.5000  -15.000011241.7930   23.1666
    7.5000  -37.5000  -15.000010739.2139   23.0856
   -7.5000  -30.0000  -15.000012038.8281   23.2300
    0.0000  -30.0000  -15.000012636.0771   23.2998
    7.5000  -30.0000  -15.000012018.1553   23.2160
   -7.5000  -22.5000  -15.000013443.7871   23.3729
    0.0000  -22.5000  -15.000014185.1846   23.4437
    7.5000  -22.5000  -15.000013380.0752   23.3511
   -7.5000  -15.0000  -15.000014627.6836   23.3916
    0.0000  -15.0000  -15.000015498.4834   23.4671
    7.5000  -15.0000  -15.000014524.5781   23.3702
   -7.5000   -7.5000  -15.000015682.6016   23.2564
    0.0000   -7.5000  -15.000016521.0840   23.3328
    7.5000   -7.5000  -15.000015486.5752   23.2396
   -7.5000    0.0000  -15.000016644.0254   23.1063
    0.0000    0.0000  -15.000017370.2168   23.1799
    7.5000    0.0000  -15.000016322.7119   23.0936
   -7.5000    7.5000  -15.000016124.7871   23.0948
    0.0000    7.5000  -15.000016843.1602   23.1666
    7.5000    7.5000  -15.000015845.1172   23.0856
   -7.5000   15.0000  -15.000015336.8037   23.2300
    0.0000   15.0000  -15.000016049.4141   23.2998
    7.5000   15.0000  -15.000015156.6729   23.2160
   -7.5000   22.5000  -15.000014438.3340   23.3646
    0.0000   22.5000  -15.000015155.9697   23.4354
    7.5000   22.5000  -15.000014319.9668   23.3428
   -7.5000   30.0000  -15.000013479.9102   23.0888
    0.0000   30.0000  -15.000014209.0547   23.1634
    7.5000   30.0000  -15.000013387.2500   23.0678
   -7.5000   37.5000  -15.000012956.1328   22.9554
    0.0000   37.5000  -15.000013675.1719   23.0308
    7.5000   37.5000  -15.000012870.4863   22.9388
   -7.5000   45.0000  -15.000011961.8086   22.2659
    0.0000   45.0000  -15.000012635.1680   22.3369
    7.5000   45.0000  -15.000011862.4414   22.2537
   -7.5000  -45.0000   -7.500010303.9414   23.1184
    0.0000  -45.0000   -7.500010840.1836   23.1932
    7.5000  -45.0000   -7.500010311.0918   23.1017
   -7.5000  -37.5000   -7.500011140.2227   23.1154
    0.0000  -37.5000   -7.500011698.7266   23.1906
    7.5000  -37.5000   -7.500011119.5576   23.1035
   -7.5000  -30.0000   -7.500012488.0957   23.2571
    0.0000  -30.0000   -7.500013126.2197   23.3315
    7.5000  -30.0000   -7.500012441.4561   23.2392
   -7.5000  -22.5000   -7.500014029.4453   23.3976
    0.0000  -22.5000   -7.500014918.1973   23.4724
    7.5000  -22.5000   -7.500013927.4531   23.3703
   -7.5000  -15.0000   -7.500015626.1934   23.4081
    0.0000  -15.0000   -7.500016782.1426   23.4856
    7.5000  -15.0000   -7.500015369.4824   23.3804
   -7.5000   -7.5000   -7.500017002.3809   23.2669
    0.0000   -7.5000   -7.500018055.8711   23.3437
    7.5000   -7.5000   -7.500016563.8867   23.2439
   -7.5000    0.0000   -7.500017839.7129   23.1184
    0.0000    0.0000   -7.500018715.9609   23.1932
    7.5000    0.0000   -7.500017427.5195   23.1017
   -7.5000    7.5000   -7.500017058.1895   23.1154
    0.0000    7.5000   -7.500017901.1797   23.1906
    7.5000    7.5000   -7.500016783.4043   23.1035
   -7.5000   15.0000   -7.500016193.7227   23.2571
    0.0000   15.0000   -7.500017040.8594   23.3315
    7.5000   15.0000   -7.500015968.9854   23.2392
   -7.5000   22.5000   -7.500015246.4893   23.3868
    0.0000   22.5000   -7.500016101.8750   23.4616
    7.5000   22.5000   -7.500015056.1465   23.3595
   -7.5000   30.0000   -7.500014233.8340   23.1046
    0.0000   30.0000   -7.500015061.4150   23.1811
    7.5000   30.0000   -7.500014053.1895   23.0772
   -7.5000   37.5000   -7.500013687.5479   22.9652
    0.0000   37.5000   -7.500014481.1318   23.0410
    7.5000   37.5000   -7.500013506.3496   22.9424
   -7.5000   45.0000   -7.500012597.4082   22.2818
    0.0000   45.0000   -7.500013333.1240   22.3538
    7.5000   45.0000   -7.500012436.7979   22.2657
   -7.5000  -45.0000    0.000010642.7441   22.9478
    0.0000  -45.0000    0.000011221.9756   23.0319
    7.5000  -45.0000    0.000010632.4375   22.9480
   -7.5000  -37.5000    0.000011529.6504   22.9529
    0.0000  -37.5000    0.000012139.4678   23.0359
    7.5000  -37.5000    0.000011487.3457   22.9535
   -7.5000  -30.0000    0.000012926.3057   23.1040
    0.0000  -30.0000    0.000013606.1006   23.1822
    7.5000  -30.0000    0.000012834.2998   23.0891
   -7.5000  -22.5000    0.000014525.3535   23.2470
    0.0000  -22.5000    0.000015524.7930   23.3231
    7.5000  -22.5000    0.000014343.0518   23.2179
   -7.5000  -15.0000    0.000016298.7070   23.2516
    0.0000  -15.0000    0.000017756.8379   23.3319
    7.5000  -15.0000    0.000015936.9707   23.2255
   -7.5000   -7.5000    0.000017698.1387   23.0997
    0.0000   -7.5000    0.000019221.4453   23.1835
    7.5000   -7.5000    0.000017405.1426   23.0877
   -7.5000    0.0000    0.000018372.5117   22.9478
    0.0000    0.0000    0.000019785.2168   23.0319
    7.5000    0.0000    0.000018214.0723   22.9480
   -7.5000    7.5000    0.000017607.9453   22.9529
    0.0000    7.5000    0.000018905.5195   23.0359
    7.5000    7.5000    0.000017431.0547   22.9535
   -7.5000   15.0000    0.000016764.0215   23.1040
    0.0000   15.0000    0.000017940.8809   23.1822
    7.5000   15.0000    0.000016545.9434   23.0891
   -7.5000   22.5000    0.000015755.4727   23.2363
    0.0000   22.5000    0.000016788.0371   23.3124
    7.5000   22.5000    0.000015566.8096   23.2072
   -7.5000   30.0000    0.000014655.5449   22.9506
    0.0000   30.0000    0.000015550.7129   23.0300
    7.5000   30.0000    0.000014510.3125   22.9250
   -7.5000   37.5000    0.000014112.2314   22.8008
    0.0000   37.5000    0.000014921.0889   22.8834
    7.5000   37.5000    0.000013951.5635   22.7889
   -7.5000   45.0000    0.000013080.0908   22.1190
    0.0000   45.0000    0.000013799.5547   22.2001
    7.5000   45.0000    0.000012917.3789   22.1193
   -7.5000  -45.0000    7.500010193.3428   23.2467
    0.0000  -45.0000    7.500010784.5410   23.3373
    7.5000  -45.0000    7.500010173.2363   23.2612
   -7.5000  -37.5000    7.500011054.5029   23.2527
    0.0000  -37.5000    7.500011712.3672   23.3397
    7.5000  -37.5000    7.500010994.0654   23.2635
   -7.5000  -30.0000    7.500012350.4463   23.4125
    0.0000  -30.0000    7.500013110.8652   23.4905
    7.5000  -30.0000    7.500012271.8740   23.4008
   -7.5000  -22.5000    7.500013792.5420   23.5655
    0.0000  -22.5000    7.500014774.6924   23.6396
    7.5000  -22.5000    7.500013687.4561   23.5359
   -7.5000  -15.0000    7.500015175.5488   23.5716
    0.0000  -15.0000    7.500016411.7812   23.6519
    7.5000  -15.0000    7.500015088.2178   23.5479
   -7.5000   -7.5000    7.500016303.4805   23.4090
    0.0000   -7.5000    7.500017523.6895   23.4970
    7.5000   -7.5000    7.500016366.5078   23.4069
   -7.5000    0.0000    7.500017142.2285   23.2467
    0.0000    0.0000    7.500018334.7383   23.3373
    7.5000    0.0000    7.500017203.7109   23.2612
   -7.5000    7.5000    7.500016679.6055   23.2527
    0.0000    7.5000    7.500017827.5137   23.3397
    7.5000    7.5000    7.500016585.9590   23.2635
   -7.5000   15.0000    7.500015982.3848   23.4125
    0.0000   15.0000    7.500017035.5391   23.4905
    7.5000   15.0000    7.500015815.3672   23.4008
   -7.5000   22.5000    7.500015019.5762   23.5547
    0.0000   22.5000    7.500015968.6045   23.6287
    7.5000   22.5000    7.500014865.6992   23.5251
   -7.5000   30.0000    7.500013972.3154   23.2665
    0.0000   30.0000    7.500014827.0381   23.3458
    7.5000   30.0000    7.500013853.0762   23.2431
   -7.5000   37.5000    7.500013456.1572   23.1061
    0.0000   37.5000    7.500014248.8252   23.1929
    7.5000   37.5000    7.500013319.8330   23.1040
   -7.5000   45.0000    7.500012486.5000   22.4071
    0.0000   45.0000    7.500013203.6553   22.4945
    7.5000   45.0000    7.500012358.9346   22.4212
   -7.5000  -45.0000   15.0000 9679.9316   23.6995
    0.0000  -45.0000   15.000010237.5039   23.7882
    7.5000  -45.0000   15.0000 9652.4033   23.7141
   -7.5000  -37.5000   15.000010424.5830   23.6992
    0.0000  -37.5000   15.000011013.0205   23.7826
    7.5000  -37.5000   15.000010421.1807   23.7098
   -7.5000  -30.0000   15.000011588.6777   23.8582
    0.0000  -30.0000   15.000012213.5264   23.9314
    7.5000  -30.0000   15.000011590.0254   23.8474
   -7.5000  -22.5000   15.000012894.5342   24.0187
    0.0000  -22.5000   15.000013666.7236   24.0877
    7.5000  -22.5000   15.000012883.4297   23.9899
   -7.5000  -15.0000   15.000014074.2412   24.0324
    0.0000  -15.0000   15.000014933.0830   24.1088
    7.5000  -15.0000   15.000014121.7207   24.0090
   -7.5000   -7.5000   15.000015067.1650   23.8685
    0.0000   -7.5000   15.000015901.1113   23.9545
    7.5000   -7.5000   15.000015190.0586   23.8672
   -7.5000    0.0000   15.000015953.4180   23.6995
    0.0000    0.0000   15.000016792.3574   23.7882
    7.5000    0.0000   15.000016025.0225   23.7141
   -7.5000    7.5000   15.000015615.0986   23.6992
    0.0000    7.5000   15.000016471.8320   23.7826
    7.5000    7.5000   15.000015571.2070   23.7098
   -7.5000   15.0000   15.000014997.1846   23.8582
    0.0000   15.0000   15.000015794.5508   23.9314
    7.5000   15.0000   15.000014896.0176   23.8474
   -7.5000   22.5000   15.000014150.4570   24.0077
    0.0000   22.5000   15.000014874.3555   24.0766
    7.5000   22.5000   15.000014023.8105   23.9789
   -7.5000   30.0000   15.000013211.9268   23.7214
    0.0000   30.0000   15.000013903.8848   23.7968
    7.5000   30.0000   15.000013081.5732   23.6983
   -7.5000   37.5000   15.000012716.4980   23.5596
    0.0000   37.5000   15.000013406.6045   23.6445
    7.5000   37.5000   15.000012610.2754   23.5583
   -7.5000   45.0000   15.000011759.2236   22.8436
    0.0000   45.0000   15.000012427.6787   22.9291
    7.5000   45.0000   15.000011694.2578   22.8577
   -7.5000  -45.0000   22.5000 9132.0117   24.4206
    0.0000  -45.0000   22.5000 9584.9287   24.5033
    7.5000  -45.0000   22.5000 9140.9609   24.4176
   -7.5000  -37.5000   22.5000 9793.9043   24.4141
    0.0000  -37.5000   22.500010264.3076   24.4915
    7.5000  -37.5000   22.5000 9818.9463   24.4102
   -7.5000  -30.0000   22.500010889.6641   24.5656
    0.0000  -30.0000   22.500011398.7412   24.6353
    7.5000  -30.0000   22.500010900.5918   24.5480
   -7.5000  -22.5000   22.500012091.0400   24.7251
    0.0000  -22.5000   22.500012698.3691   24.7930
    7.5000  -22.5000   22.500012106.2002   24.6936
   -7.5000  -15.0000   22.500013149.8936   24.7445
    0.0000  -15.0000   22.500013811.1143   24.8198
    7.5000  -15.0000   22.500013212.6934   24.7164
   -7.5000   -7.5000   22.500014102.1543   24.5876
    0.0000   -7.5000   22.500014802.1064   24.6700
    7.5000   -7.5000   22.500014182.6094   24.5743
   -7.5000    0.0000   22.500014971.8467   24.4206
    0.0000    0.0000   22.500015694.8057   24.5033
    7.5000    0.0000   22.500014995.4502   24.4176
   -7.5000    7.5000   22.500014647.2090   24.4141
    0.0000    7.5000   22.500015342.2344   24.4915
    7.5000    7.5000   22.500014593.0381   24.4102
   -7.5000   15.0000   22.500014079.1562   24.5656
    0.0000   15.0000   22.500014744.4277   24.6353
    7.5000   15.0000   22.500013977.7178   24.5480
   -7.5000   22.5000   22.500013268.6885   24.7137
    0.0000   22.5000   22.500013897.7129   24.7816
    7.5000   22.5000   22.500013171.1865   24.6822
   -7.5000   30.0000   22.500012418.7520   24.4242
    0.0000   30.0000   22.500013019.8174   24.4986
    7.5000   30.0000   22.500012319.9551   24.3965
   -7.5000   37.5000   22.500011985.8164   24.2694
    0.0000   37.5000   22.500012591.0664   24.3508
    7.5000   37.5000   22.500011913.7842   24.2563
   -7.5000   45.0000   22.500011051.5625   23.5387
    0.0000   45.0000   22.500011594.6699   23.6183
    7.5000   45.0000   22.500011008.6406   23.5358
   -7.5000  -45.0000   30.0000 8576.9678   25.2866
    0.0000  -45.0000   30.0000 8971.1934   25.3587
    7.5000  -45.0000   30.0000 8590.0400   25.2532
   -7.5000  -37.5000   30.0000 9217.0215   25.2809
    0.0000  -37.5000   30.0000 9619.1191   25.3511
    7.5000  -37.5000   30.0000 9224.8223   25.2519
   -7.5000  -30.0000   30.000010247.5361   25.4293
    0.0000  -30.0000   30.000010692.5254   25.4971
    7.5000  -30.0000   30.000010242.4629   25.3951
   -7.5000  -22.5000   30.000011331.5430   25.5834
    0.0000  -22.5000   30.000011868.4326   25.6520
    7.5000  -22.5000   30.000011331.8262   25.5398
   -7.5000  -15.0000   30.000012288.1562   25.6002
    0.0000  -15.0000   30.000012879.1846   25.6742
    7.5000  -15.0000   30.000012331.2432   25.5566
   -7.5000   -7.5000   30.000013204.6094   25.4477
    0.0000   -7.5000   30.000013832.1660   25.5227
    7.5000   -7.5000   30.000013229.6602   25.4091
   -7.5000    0.0000   30.000014020.6240   25.2866
    0.0000    0.0000   30.000014650.7588   25.3587
    7.5000    0.0000   30.000013975.4756   25.2532
   -7.5000    7.5000   30.000013705.5264   25.2809
    0.0000    7.5000   30.000014319.7227   25.3511
    7.5000    7.5000   30.000013622.8770   25.2519
   -7.5000   15.0000   30.000013159.9541   25.4293
    0.0000   15.0000   30.000013753.4053   25.4971
    7.5000   15.0000   30.000013061.0039   25.3951
   -7.5000   22.5000   30.000012417.1133   25.5716
    0.0000   22.5000   30.000012994.2324   25.6402
    7.5000   22.5000   30.000012326.0732   25.5280
   -7.5000   30.0000   30.000011596.4570   25.2689
    0.0000   30.0000   30.000012195.3262   25.3419
    7.5000   30.0000   30.000011545.2607   25.2259
   -7.5000   37.5000   30.000011186.9229   25.1183
    0.0000   37.5000   30.000011761.0410   25.1924
    7.5000   37.5000   30.000011149.4971   25.0803
   -7.5000   45.0000   30.000010312.2305   24.3734
    0.0000   45.0000   30.000010808.0400   24.4429
    7.5000   45.0000   30.000010234.8154   24.3411
   -7.5000  -45.0000   37.5000 8423.6240   26.0901
    0.0000  -45.0000   37.5000 8785.8955   26.1642
    7.5000  -45.0000   37.5000 8418.7891   26.0470
   -7.5000  -37.5000   37.5000 9068.7734   26.0948
    0.0000  -37.5000   37.5000 9468.5908   26.1689
    7.5000  -37.5000   37.5000 9060.9541   26.0564
   -7.5000  -30.0000   37.500010072.1787   26.2589
    0.0000  -30.0000   37.500010529.0215   26.3309
    7.5000  -30.0000   37.500010048.6270   26.2110
   -7.5000  -22.5000   37.500011104.4990   26.4182
    0.0000  -22.5000   37.500011628.0664   26.4901
    7.5000  -22.5000   37.500011092.1699   26.3578
   -7.5000  -15.0000   37.500012010.2695   26.4257
    0.0000  -15.0000   37.500012568.1387   26.5013
    7.5000  -15.0000   37.500012023.1445   26.3657
   -7.5000   -7.5000   37.500012900.4561   26.2572
    0.0000   -7.5000   37.500013508.4043   26.3333
    7.5000   -7.5000   37.500012889.4473   26.2053
   -7.5000    0.0000   37.500013664.2480   26.0901
    0.0000    0.0000   37.500014278.7090   26.1642
    7.5000    0.0000   37.500013592.6064   26.0470
   -7.5000    7.5000   37.500013325.0078   26.0948
    0.0000    7.5000   37.500013931.5098   26.1689
    7.5000    7.5000   37.500013249.4307   26.0564
   -7.5000   15.0000   37.500012820.5811   26.2589
    0.0000   15.0000   37.500013414.1963   26.3309
    7.5000   15.0000   37.500012729.9727   26.2110
   -7.5000   22.5000   37.500012097.3623   26.4061
    0.0000   22.5000   37.500012680.1250   26.4779
    7.5000   22.5000   37.500012000.4219   26.3456
   -7.5000   30.0000   37.500011291.1143   26.0837
    0.0000   30.0000   37.500011854.2725   26.1584
    7.5000   30.0000   37.500011231.5146   26.0244
   -7.5000   37.5000   37.500010889.0732   25.9174
    0.0000   37.5000   37.500011424.7373   25.9925
    7.5000   37.5000   37.500010822.5332   25.8662
   -7.5000   45.0000   37.500010011.9775   25.1479
    0.0000   45.0000   37.500010483.6924   25.2193
    7.5000   45.0000   37.5000 9920.9209   25.1063
   -7.5000  -45.0000   45.0000 7971.2173   27.0836
    0.0000  -45.0000   45.0000 8330.2842   27.1656
    7.5000  -45.0000   45.0000 7949.5332   27.0520
   -7.5000  -37.5000   45.0000 8592.3867   27.0968
    0.0000  -37.5000   45.0000 8989.0732   27.1776
    7.5000  -37.5000   45.0000 8560.7471   27.0663
   -7.5000  -30.0000   45.0000 9560.1611   27.2781
    0.0000  -30.0000   45.0000 9999.2871   27.3505
    7.5000  -30.0000   45.0000 9506.2139   27.2234
   -7.5000  -22.5000   45.000010487.9990   27.4483
    0.0000  -22.5000   45.000010979.7568   27.5154
    7.5000  -22.5000   45.000010443.0840   27.3709
   -7.5000  -15.0000   45.000011323.0488   27.4516
    0.0000  -15.0000   45.000011845.3086   27.5242
    7.5000  -15.0000   45.000011296.9229   27.3778
   -7.5000   -7.5000   45.000012166.7637   27.2636
    0.0000   -7.5000   45.000012726.9727   27.3427
    7.5000   -7.5000   45.000012114.6113   27.2118
   -7.5000    0.0000   45.000012837.1309   27.0836
    0.0000    0.0000   45.000013435.3379   27.1656
    7.5000    0.0000   45.000012776.0430   27.0520
   -7.5000    7.5000   45.000012502.4521   27.0968
    0.0000    7.5000   45.000013085.7705   27.1776
    7.5000    7.5000   45.000012450.2588   27.0663
   -7.5000   15.0000   45.000012015.8594   27.2781
    0.0000   15.0000   45.000012590.7666   27.3505
    7.5000   15.0000   45.000011954.2676   27.2234
   -7.5000   22.5000   45.000011345.8008   27.4356
    0.0000   22.5000   45.000011897.8193   27.5027
    7.5000   22.5000   45.000011267.6260   27.3582
   -7.5000   30.0000   45.000010588.1475   27.0939
    0.0000   30.0000   45.000011107.5430   27.1656
    7.5000   30.0000   45.000010525.7852   27.0212
   -7.5000   37.5000   45.000010172.5352   26.9085
    0.0000   37.5000   45.000010660.7686   26.9865
    7.5000   37.5000   45.000010117.8809   26.8573
   -7.5000   45.0000   45.0000 9391.2090   26.1173
    0.0000   45.0000   45.0000 9804.3418   26.1964
    7.5000   45.0000   45.0000 9321.6963   26.0868

---------------------------------------------------------------------
imgreg_4dfp /opt/freesurfer/average/711-2C_as_mni_average_305 /opt/freesurfer/average/711-2B_as_mni_average_305_mask talsrcimg_g11 none talsrcimg_to_711-2C_as_mni_average_305_t4 4355
---------------------------------------------------------------------

freesurfer imgreg_4dfp.c
/opt/freesurfer/average/711-2C_as_mni_average_305.4dfp.img
       256       256       256         1
  1.000000  1.000000  1.000000
orientation T byte_order littleendian
Reading image: /opt/freesurfer/average/711-2C_as_mni_average_305.4dfp.img
dimensions:      256       256       256
mmppix:       1.0000   -1.0000   -1.0000
center:     128.0000 -129.0000 -129.0000
/opt/freesurfer/average/711-2B_as_mni_average_305_mask.4dfp.img
       256       256       256         1
  1.000000  1.000000  1.000000
orientation T byte_order littleendian
Reading mask: /opt/freesurfer/average/711-2B_as_mni_average_305_mask.4dfp.img (2306576 pixels)
talsrcimg_g11.4dfp.img
       320       320       320         1
  0.800000  0.800000  0.800000
orientation T byte_order littleendian
Reading image: talsrcimg_g11.4dfp.img
dimensions:      320       320       320
mmppix:       0.8000   -0.8000   -0.8000
center:     128.0000 -128.8000 -128.8000
rotation matrix determinant  1.000000
image alignment mode   4355 decimal     1103 hex
   -7.5000  -45.0000  -45.0000 2473.0012   33.6342
    0.0000  -45.0000  -45.0000 2477.6653   33.5718
    7.5000  -45.0000  -45.0000 2462.4526   33.4113
   -7.5000  -37.5000  -45.0000 2526.8262   31.0441
    0.0000  -37.5000  -45.0000 2531.8167   30.9536
    7.5000  -37.5000  -45.0000 2517.8022   30.7889
   -7.5000  -30.0000  -45.0000 2547.5796   28.9568
    0.0000  -30.0000  -45.0000 2553.1936   28.8723
    7.5000  -30.0000  -45.0000 2542.5515   28.7523
   -7.5000  -22.5000  -45.0000 2560.9885   27.3027
    0.0000  -22.5000  -45.0000 2560.6606   27.1947
    7.5000  -22.5000  -45.0000 2552.8621   27.1020
   -7.5000  -15.0000  -45.0000 2570.3247   26.1051
    0.0000  -15.0000  -45.0000 2570.6309   26.0141
    7.5000  -15.0000  -45.0000 2565.6333   25.9928
   -7.5000   -7.5000  -45.0000 2575.2593   25.3834
    0.0000   -7.5000  -45.0000 2577.5300   25.3147
    7.5000   -7.5000  -45.0000 2573.8333   25.3154
   -7.5000    0.0000  -45.0000 2587.6294   25.1408
    0.0000    0.0000  -45.0000 2591.5930   25.0941
    7.5000    0.0000  -45.0000 2588.5906   25.0869
   -7.5000    7.5000  -45.0000 2583.8110   25.2637
    0.0000    7.5000  -45.0000 2588.1208   25.2298
    7.5000    7.5000  -45.0000 2591.2397   25.2593
   -7.5000   15.0000  -45.0000 2561.3667   25.8835
    0.0000   15.0000  -45.0000 2573.2200   25.8322
    7.5000   15.0000  -45.0000 2563.1489   25.8621
   -7.5000   22.5000  -45.0000 2505.1489   26.9096
    0.0000   22.5000  -45.0000 2520.7917   26.9358
    7.5000   22.5000  -45.0000 2506.5017   26.8928
   -7.5000   30.0000  -45.0000 2431.1567   28.4207
    0.0000   30.0000  -45.0000 2450.8569   28.5088
    7.5000   30.0000  -45.0000 2434.7551   28.4512
   -7.5000   37.5000  -45.0000 2350.4253   30.3720
    0.0000   37.5000  -45.0000 2366.5198   30.4651
    7.5000   37.5000  -45.0000 2353.7532   30.4349
   -7.5000   45.0000  -45.0000 2247.9514   32.7690
    0.0000   45.0000  -45.0000 2266.0630   32.8057
    7.5000   45.0000  -45.0000 2252.2903   32.7657
   -7.5000  -45.0000  -37.5000 2505.2612   32.7397
    0.0000  -45.0000  -37.5000 2498.8496   32.4324
    7.5000  -45.0000  -37.5000 2495.5222   32.4615
   -7.5000  -37.5000  -37.5000 2561.2188   30.1838
    0.0000  -37.5000  -37.5000 2554.2581   29.8989
    7.5000  -37.5000  -37.5000 2552.1956   29.8894
   -7.5000  -30.0000  -37.5000 2590.6228   28.1606
    0.0000  -30.0000  -37.5000 2583.7334   27.8805
    7.5000  -30.0000  -37.5000 2579.7078   27.7990
   -7.5000  -22.5000  -37.5000 2597.4177   26.4433
    0.0000  -22.5000  -37.5000 2586.3694   26.1766
    7.5000  -22.5000  -37.5000 2588.5171   26.1329
   -7.5000  -15.0000  -37.5000 2603.5930   25.1725
    0.0000  -15.0000  -37.5000 2595.2266   24.9723
    7.5000  -15.0000  -37.5000 2597.3291   24.9613
   -7.5000   -7.5000  -37.5000 2600.6470   24.3193
    0.0000   -7.5000  -37.5000 2600.6536   24.2572
    7.5000   -7.5000  -37.5000 2599.2119   24.2674
   -7.5000    0.0000  -37.5000 2609.8806   24.0261
    0.0000    0.0000  -37.5000 2614.5645   24.0152
    7.5000    0.0000  -37.5000 2614.2246   24.0260
   -7.5000    7.5000  -37.5000 2610.8459   24.1498
    0.0000    7.5000  -37.5000 2612.7834   24.1006
    7.5000    7.5000  -37.5000 2620.1140   24.1742
   -7.5000   15.0000  -37.5000 2586.6877   24.7543
    0.0000   15.0000  -37.5000 2592.2158   24.6457
    7.5000   15.0000  -37.5000 2589.5249   24.7526
   -7.5000   22.5000  -37.5000 2530.7134   25.7797
    0.0000   22.5000  -37.5000 2543.1873   25.6829
    7.5000   22.5000  -37.5000 2537.9551   25.7414
   -7.5000   30.0000  -37.5000 2460.4150   27.2428
    0.0000   30.0000  -37.5000 2475.2554   27.2367
    7.5000   30.0000  -37.5000 2468.0542   27.2745
   -7.5000   37.5000  -37.5000 2380.3875   29.1168
    0.0000   37.5000  -37.5000 2394.1055   29.1106
    7.5000   37.5000  -37.5000 2385.9202   29.1623
   -7.5000   45.0000  -37.5000 2268.9368   31.3221
    0.0000   45.0000  -37.5000 2290.5918   31.3646
    7.5000   45.0000  -37.5000 2273.8831   31.3538
   -7.5000  -45.0000  -30.0000 2595.6140   32.7944
    0.0000  -45.0000  -30.0000 2579.8259   32.3241
    7.5000  -45.0000  -30.0000 2585.5391   32.4354
   -7.5000  -37.5000  -30.0000 2654.8049   30.1112
    0.0000  -37.5000  -30.0000 2636.3228   29.6558
    7.5000  -37.5000  -30.0000 2645.1641   29.7648
   -7.5000  -30.0000  -30.0000 2691.0120   28.0348
    0.0000  -30.0000  -30.0000 2670.4324   27.6189
    7.5000  -30.0000  -30.0000 2678.1531   27.6513
   -7.5000  -22.5000  -30.0000 2703.5466   26.2956
    0.0000  -22.5000  -30.0000 2688.5193   25.9542
    7.5000  -22.5000  -30.0000 2693.7415   25.8874
   -7.5000  -15.0000  -30.0000 2700.5840   24.8764
    0.0000  -15.0000  -30.0000 2687.4958   24.5454
    7.5000  -15.0000  -30.0000 2691.2908   24.5331
   -7.5000   -7.5000  -30.0000 2690.7566   23.8716
    0.0000   -7.5000  -30.0000 2691.5637   23.7107
    7.5000   -7.5000  -30.0000 2687.3213   23.7247
   -7.5000    0.0000  -30.0000 2701.7773   23.5460
    0.0000    0.0000  -30.0000 2698.0745   23.4097
    7.5000    0.0000  -30.0000 2705.4548   23.4804
   -7.5000    7.5000  -30.0000 2707.7554   23.6451
    0.0000    7.5000  -30.0000 2700.2341   23.4502
    7.5000    7.5000  -30.0000 2715.0261   23.6043
   -7.5000   15.0000  -30.0000 2686.4280   24.2015
    0.0000   15.0000  -30.0000 2680.5559   23.9602
    7.5000   15.0000  -30.0000 2690.2480   24.1135
   -7.5000   22.5000  -30.0000 2635.6060   25.1738
    0.0000   22.5000  -30.0000 2631.0583   24.9487
    7.5000   22.5000  -30.0000 2638.6968   25.1124
   -7.5000   30.0000  -30.0000 2554.1462   26.5946
    0.0000   30.0000  -30.0000 2558.3254   26.4731
    7.5000   30.0000  -30.0000 2565.2437   26.6232
   -7.5000   37.5000  -30.0000 2471.5576   28.3708
    0.0000   37.5000  -30.0000 2474.7910   28.2337
    7.5000   37.5000  -30.0000 2479.3813   28.4106
   -7.5000   45.0000  -30.0000 2362.1929   30.5292
    0.0000   45.0000  -30.0000 2368.8518   30.4473
    7.5000   45.0000  -30.0000 2366.6091   30.6635
   -7.5000  -45.0000  -22.5000 2636.0491   32.7895
    0.0000  -45.0000  -22.5000 2617.5771   32.1983
    7.5000  -45.0000  -22.5000 2630.0164   32.2826
   -7.5000  -37.5000  -22.5000 2700.0552   30.0451
    0.0000  -37.5000  -22.5000 2680.3171   29.5089
    7.5000  -37.5000  -22.5000 2692.2263   29.5546
   -7.5000  -30.0000  -22.5000 2743.9280   27.9068
    0.0000  -30.0000  -22.5000 2723.1121   27.4172
    7.5000  -30.0000  -22.5000 2731.6670   27.4110
   -7.5000  -22.5000  -22.5000 2766.3484   26.1349
    0.0000  -22.5000  -22.5000 2745.3069   25.6448
    7.5000  -22.5000  -22.5000 2751.0361   25.6158
   -7.5000  -15.0000  -22.5000 2762.3096   24.6464
    0.0000  -15.0000  -22.5000 2742.8870   24.1877
    7.5000  -15.0000  -22.5000 2753.8379   24.1968
   -7.5000   -7.5000  -22.5000 2744.9216   23.4295
    0.0000   -7.5000  -22.5000 2729.6379   23.0661
    7.5000   -7.5000  -22.5000 2737.5662   23.1787
   -7.5000    0.0000  -22.5000 2761.6880   23.0677
    0.0000    0.0000  -22.5000 2733.0256   22.6914
    7.5000    0.0000  -22.5000 2753.0674   22.9107
   -7.5000    7.5000  -22.5000 2766.1243   23.1686
    0.0000    7.5000  -22.5000 2740.3384   22.7762
    7.5000    7.5000  -22.5000 2764.8145   22.9994
   -7.5000   15.0000  -22.5000 2742.0017   23.6499
    0.0000   15.0000  -22.5000 2723.0391   23.2443
    7.5000   15.0000  -22.5000 2741.2729   23.4966
   -7.5000   22.5000  -22.5000 2682.5762   24.5230
    0.0000   22.5000  -22.5000 2675.6287   24.2069
    7.5000   22.5000  -22.5000 2693.0005   24.5281
   -7.5000   30.0000  -22.5000 2605.2263   25.8708
    0.0000   30.0000  -22.5000 2592.2173   25.5549
    7.5000   30.0000  -22.5000 2614.5674   25.9709
   -7.5000   37.5000  -22.5000 2521.4443   27.6080
    0.0000   37.5000  -22.5000 2516.2544   27.3384
    7.5000   37.5000  -22.5000 2531.6001   27.7717
   -7.5000   45.0000  -22.5000 2417.7812   29.7496
    0.0000   45.0000  -22.5000 2422.3799   29.6478
    7.5000   45.0000  -22.5000 2426.2581   30.0140
   -7.5000  -45.0000  -15.0000 2654.7354   32.8656
    0.0000  -45.0000  -15.0000 2631.3857   32.2031
    7.5000  -45.0000  -15.0000 2648.6211   32.2976
   -7.5000  -37.5000  -15.0000 2722.1504   30.1106
    0.0000  -37.5000  -15.0000 2696.2852   29.5206
    7.5000  -37.5000  -15.0000 2714.4939   29.5282
   -7.5000  -30.0000  -15.0000 2772.7170   27.9313
    0.0000  -30.0000  -15.0000 2747.4709   27.4350
    7.5000  -30.0000  -15.0000 2758.0002   27.3582
   -7.5000  -22.5000  -15.0000 2806.5483   26.1483
    0.0000  -22.5000  -15.0000 2781.1204   25.7179
    7.5000  -22.5000  -15.0000 2786.4429   25.5840
   -7.5000  -15.0000  -15.0000 2805.5688   24.6410
    0.0000  -15.0000  -15.0000 2789.6768   24.2511
    7.5000  -15.0000  -15.0000 2788.4917   24.1106
   -7.5000   -7.5000  -15.0000 2773.5889   23.2487
    0.0000   -7.5000  -15.0000 2748.7202   22.7866
    7.5000   -7.5000  -15.0000 2764.2336   22.9290
   -7.5000    0.0000  -15.0000 2786.2515   22.7314
    0.0000    0.0000  -15.0000 2739.2712   22.2181
    7.5000    0.0000  -15.0000 2769.8914   22.5673
   -7.5000    7.5000  -15.0000 2791.5837   22.8497
    0.0000    7.5000  -15.0000 2747.5171   22.2745
    7.5000    7.5000  -15.0000 2774.0845   22.6404
   -7.5000   15.0000  -15.0000 2759.6436   23.1980
    0.0000   15.0000  -15.0000 2729.8999   22.7024
    7.5000   15.0000  -15.0000 2757.1965   23.1482
   -7.5000   22.5000  -15.0000 2698.5034   23.9937
    0.0000   22.5000  -15.0000 2671.7346   23.5441
    7.5000   22.5000  -15.0000 2707.8301   24.0867
   -7.5000   30.0000  -15.0000 2630.2676   25.3658
    0.0000   30.0000  -15.0000 2611.4956   24.9938
    7.5000   30.0000  -15.0000 2636.7957   25.5026
   -7.5000   37.5000  -15.0000 2551.7773   27.1876
    0.0000   37.5000  -15.0000 2540.3125   26.8920
    7.5000   37.5000  -15.0000 2557.9182   27.3070
   -7.5000   45.0000  -15.0000 2452.4529   29.3394
    0.0000   45.0000  -15.0000 2445.4460   29.0852
    7.5000   45.0000  -15.0000 2451.6641   29.4925
   -7.5000  -45.0000   -7.5000 2645.4087   32.9515
    0.0000  -45.0000   -7.5000 2640.3850   32.4685
    7.5000  -45.0000   -7.5000 2637.5554   32.3880
   -7.5000  -37.5000   -7.5000 2716.4424   30.1170
    0.0000  -37.5000   -7.5000 2709.0427   29.6876
    7.5000  -37.5000   -7.5000 2705.0178   29.5609
   -7.5000  -30.0000   -7.5000 2771.0764   27.9485
    0.0000  -30.0000   -7.5000 2760.2214   27.5315
    7.5000  -30.0000   -7.5000 2754.4031   27.3678
   -7.5000  -22.5000   -7.5000 2816.6870   26.2256
    0.0000  -22.5000   -7.5000 2805.8528   25.9182
    7.5000  -22.5000   -7.5000 2792.6760   25.6685
   -7.5000  -15.0000   -7.5000 2837.7109   24.9259
    0.0000  -15.0000   -7.5000 2843.8318   24.7829
    7.5000  -15.0000   -7.5000 2808.1838   24.2899
   -7.5000   -7.5000   -7.5000 2819.0007   23.6019
    0.0000   -7.5000   -7.5000 2823.3845   23.4061
    7.5000   -7.5000   -7.5000 2797.2834   23.2449
   -7.5000    0.0000   -7.5000 2802.6460   22.7438
    0.0000    0.0000   -7.5000 2767.5847   22.3767
    7.5000    0.0000   -7.5000 2780.7007   22.6518
   -7.5000    7.5000   -7.5000 2768.7139   22.4462
    0.0000    7.5000   -7.5000 2748.9373   22.1103
    7.5000    7.5000   -7.5000 2757.8794   22.4819
   -7.5000   15.0000   -7.5000 2735.6963   22.6910
    0.0000   15.0000   -7.5000 2710.0730   22.3663
    7.5000   15.0000   -7.5000 2739.3938   22.9070
   -7.5000   22.5000   -7.5000 2691.8513   23.6214
    0.0000   22.5000   -7.5000 2679.1799   23.3648
    7.5000   22.5000   -7.5000 2692.5452   23.7370
   -7.5000   30.0000   -7.5000 2633.2092   25.0723
    0.0000   30.0000   -7.5000 2623.2864   24.8722
    7.5000   30.0000   -7.5000 2632.1003   25.1240
   -7.5000   37.5000   -7.5000 2560.6504   26.8624
    0.0000   37.5000   -7.5000 2552.6174   26.7067
    7.5000   37.5000   -7.5000 2554.5154   26.9210
   -7.5000   45.0000   -7.5000 2464.5764   29.0505
    0.0000   45.0000   -7.5000 2460.3423   28.9523
    7.5000   45.0000   -7.5000 2446.7786   29.1031
   -7.5000  -45.0000    0.0000 2631.1177   33.3710
    0.0000  -45.0000    0.0000 2639.7412   32.9849
    7.5000  -45.0000    0.0000 2631.2083   32.8662
   -7.5000  -37.5000    0.0000 2703.2063   30.4692
    0.0000  -37.5000    0.0000 2708.2898   30.1082
    7.5000  -37.5000    0.0000 2700.6165   29.9729
   -7.5000  -30.0000    0.0000 2763.5193   28.1954
    0.0000  -30.0000    0.0000 2767.4871   27.9161
    7.5000  -30.0000    0.0000 2752.4272   27.7272
   -7.5000  -22.5000    0.0000 2814.2251   26.4145
    0.0000  -22.5000    0.0000 2828.7092   26.3122
    7.5000  -22.5000    0.0000 2796.2969   26.0045
   -7.5000  -15.0000    0.0000 2849.1028   25.1438
    0.0000  -15.0000    0.0000 2893.9573   25.3253
    7.5000  -15.0000    0.0000 2823.5681   24.7174
   -7.5000   -7.5000    0.0000 2848.8894   24.0388
    0.0000   -7.5000    0.0000 2924.4880   24.4408
    7.5000   -7.5000    0.0000 2825.0784   23.7783
   -7.5000    0.0000    0.0000 2789.9084   22.8153
    0.0000    0.0000    0.0000 2822.4937   22.9795
    7.5000    0.0000    0.0000 2786.1902   23.0476
   -7.5000    7.5000    0.0000 2740.4580   22.2494
    0.0000    7.5000    0.0000 2743.0369   22.2430
    7.5000    7.5000    0.0000 2750.0452   22.6663
   -7.5000   15.0000    0.0000 2722.8274   22.6641
    0.0000   15.0000    0.0000 2724.5117   22.6007
    7.5000   15.0000    0.0000 2722.3298   22.8642
   -7.5000   22.5000    0.0000 2691.3264   23.6809
    0.0000   22.5000    0.0000 2688.4741   23.5489
    7.5000   22.5000    0.0000 2687.7083   23.7209
   -7.5000   30.0000    0.0000 2634.7610   25.1229
    0.0000   30.0000    0.0000 2628.5315   24.9536
    7.5000   30.0000    0.0000 2628.5605   25.1072
   -7.5000   37.5000    0.0000 2567.9373   26.9097
    0.0000   37.5000    0.0000 2561.8340   26.7674
    7.5000   37.5000    0.0000 2555.4526   26.9431
   -7.5000   45.0000    0.0000 2478.1885   29.1683
    0.0000   45.0000    0.0000 2472.1963   29.0352
    7.5000   45.0000    0.0000 2463.7766   29.2629
   -7.5000  -45.0000    7.5000 2621.4285   33.9955
    0.0000  -45.0000    7.5000 2636.5852   33.7117
    7.5000  -45.0000    7.5000 2622.9343   33.5943
   -7.5000  -37.5000    7.5000 2696.2297   31.0211
    0.0000  -37.5000    7.5000 2708.8340   30.8121
    7.5000  -37.5000    7.5000 2693.1333   30.6869
   -7.5000  -30.0000    7.5000 2751.9402   28.6308
    0.0000  -30.0000    7.5000 2772.6855   28.5844
    7.5000  -30.0000    7.5000 2746.5999   28.4111
   -7.5000  -22.5000    7.5000 2797.3762   26.6853
    0.0000  -22.5000    7.5000 2831.8711   26.8207
    7.5000  -22.5000    7.5000 2793.7000   26.5982
   -7.5000  -15.0000    7.5000 2818.9568   25.1935
    0.0000  -15.0000    7.5000 2863.5959   25.4281
    7.5000  -15.0000    7.5000 2819.7551   25.1273
   -7.5000   -7.5000    7.5000 2802.7275   23.7868
    0.0000   -7.5000    7.5000 2865.5027   24.0422
    7.5000   -7.5000    7.5000 2819.6836   24.0947
   -7.5000    0.0000    7.5000 2777.4734   22.8455
    0.0000    0.0000    7.5000 2776.8679   22.8055
    7.5000    0.0000    7.5000 2803.5781   23.3928
   -7.5000    7.5000    7.5000 2774.7676   22.7344
    0.0000    7.5000    7.5000 2781.5193   22.7276
    7.5000    7.5000    7.5000 2764.3303   23.0173
   -7.5000   15.0000    7.5000 2759.7297   23.3450
    0.0000   15.0000    7.5000 2772.1750   23.3375
    7.5000   15.0000    7.5000 2746.4207   23.4204
   -7.5000   22.5000    7.5000 2708.6978   24.3830
    0.0000   22.5000    7.5000 2716.4146   24.2921
    7.5000   22.5000    7.5000 2695.8318   24.3355
   -7.5000   30.0000    7.5000 2642.8252   25.7115
    0.0000   30.0000    7.5000 2639.1135   25.6196
    7.5000   30.0000    7.5000 2629.0781   25.6563
   -7.5000   37.5000    7.5000 2577.6321   27.3474
    0.0000   37.5000    7.5000 2574.0005   27.3146
    7.5000   37.5000    7.5000 2554.6775   27.3596
   -7.5000   45.0000    7.5000 2483.0564   29.5251
    0.0000   45.0000    7.5000 2483.0457   29.5078
    7.5000   45.0000    7.5000 2465.5085   29.5942
   -7.5000  -45.0000   15.0000 2605.9575   34.5795
    0.0000  -45.0000   15.0000 2623.0688   34.3970
    7.5000  -45.0000   15.0000 2619.1304   34.5239
   -7.5000  -37.5000   15.0000 2678.0588   31.4750
    0.0000  -37.5000   15.0000 2694.1213   31.3418
    7.5000  -37.5000   15.0000 2688.4998   31.5191
   -7.5000  -30.0000   15.0000 2723.2207   28.9099
    0.0000  -30.0000   15.0000 2738.2590   28.8163
    7.5000  -30.0000   15.0000 2741.3857   29.0651
   -7.5000  -22.5000   15.0000 2767.7034   26.9374
    0.0000  -22.5000   15.0000 2780.0232   26.8428
    7.5000  -22.5000   15.0000 2784.3584   27.0931
   -7.5000  -15.0000   15.0000 2792.6719   25.4113
    0.0000  -15.0000   15.0000 2817.1069   25.3826
    7.5000  -15.0000   15.0000 2812.5713   25.5606
   -7.5000   -7.5000   15.0000 2783.8462   23.9086
    0.0000   -7.5000   15.0000 2797.8650   23.8239
    7.5000   -7.5000   15.0000 2812.4414   24.4195
   -7.5000    0.0000   15.0000 2796.0991   23.2291
    0.0000    0.0000   15.0000 2793.5100   23.0937
    7.5000    0.0000   15.0000 2801.9082   23.6513
   -7.5000    7.5000   15.0000 2815.1118   23.3867
    0.0000    7.5000   15.0000 2820.7502   23.2796
    7.5000    7.5000   15.0000 2799.8389   23.5573
   -7.5000   15.0000   15.0000 2794.1152   24.1238
    0.0000   15.0000   15.0000 2790.3184   23.9209
    7.5000   15.0000   15.0000 2774.9412   24.1411
   -7.5000   22.5000   15.0000 2740.4143   25.2939
    0.0000   22.5000   15.0000 2731.9661   25.0962
    7.5000   22.5000   15.0000 2724.6917   25.2685
   -7.5000   30.0000   15.0000 2659.1545   26.6278
    0.0000   30.0000   15.0000 2659.3269   26.5542
    7.5000   30.0000   15.0000 2641.1135   26.6348
   -7.5000   37.5000   15.0000 2573.8008   28.2251
    0.0000   37.5000   15.0000 2580.5837   28.2265
    7.5000   37.5000   15.0000 2559.3687   28.2743
   -7.5000   45.0000   15.0000 2473.4309   30.3183
    0.0000   45.0000   15.0000 2483.5762   30.3848
    7.5000   45.0000   15.0000 2468.3840   30.3599
   -7.5000  -45.0000   22.5000 2581.6226   35.0766
    0.0000  -45.0000   22.5000 2590.4773   34.7867
    7.5000  -45.0000   22.5000 2602.3628   35.3219
   -7.5000  -37.5000   22.5000 2638.5942   31.8010
    0.0000  -37.5000   22.5000 2648.4529   31.5886
    7.5000  -37.5000   22.5000 2666.3406   32.1788
   -7.5000  -30.0000   22.5000 2693.9595   29.3026
    0.0000  -30.0000   22.5000 2699.1013   29.0707
    7.5000  -30.0000   22.5000 2722.7390   29.6761
   -7.5000  -22.5000   22.5000 2747.0596   27.3611
    0.0000  -22.5000   22.5000 2749.6311   27.1330
    7.5000  -22.5000   22.5000 2764.5674   27.6285
   -7.5000  -15.0000   22.5000 2761.5627   25.7560
    0.0000  -15.0000   22.5000 2763.6943   25.5391
    7.5000  -15.0000   22.5000 2781.1118   26.0821
   -7.5000   -7.5000   22.5000 2762.4265   24.3938
    0.0000   -7.5000   22.5000 2769.2437   24.2556
    7.5000   -7.5000   22.5000 2779.6743   24.8903
   -7.5000    0.0000   22.5000 2798.2554   23.9553
    0.0000    0.0000   22.5000 2799.1050   23.8288
    7.5000    0.0000   22.5000 2796.7693   24.2259
   -7.5000    7.5000   22.5000 2814.3679   24.1238
    0.0000    7.5000   22.5000 2816.3552   24.0351
    7.5000    7.5000   22.5000 2801.8291   24.2858
   -7.5000   15.0000   22.5000 2796.6357   24.8403
    0.0000   15.0000   22.5000 2791.7595   24.7072
    7.5000   15.0000   22.5000 2774.3911   24.9399
   -7.5000   22.5000   22.5000 2738.5894   26.0343
    0.0000   22.5000   22.5000 2730.4043   25.8851
    7.5000   22.5000   22.5000 2718.1802   26.1069
   -7.5000   30.0000   22.5000 2660.6541   27.5936
    0.0000   30.0000   22.5000 2661.2368   27.5108
    7.5000   30.0000   22.5000 2647.7051   27.6292
   -7.5000   37.5000   22.5000 2574.7283   29.3567
    0.0000   37.5000   22.5000 2585.7498   29.3134
    7.5000   37.5000   22.5000 2573.1104   29.3875
   -7.5000   45.0000   22.5000 2450.7866   31.3483
    0.0000   45.0000   22.5000 2461.3003   31.3692
    7.5000   45.0000   22.5000 2456.8936   31.4298
   -7.5000  -45.0000   30.0000 2541.7339   35.5569
    0.0000  -45.0000   30.0000 2550.9629   35.2008
    7.5000  -45.0000   30.0000 2574.3616   36.0068
   -7.5000  -37.5000   30.0000 2608.7778   32.3195
    0.0000  -37.5000   30.0000 2609.8794   31.9607
    7.5000  -37.5000   30.0000 2639.3889   32.7890
   -7.5000  -30.0000   30.0000 2664.5034   29.8340
    0.0000  -30.0000   30.0000 2665.6396   29.5529
    7.5000  -30.0000   30.0000 2688.0945   30.2633
   -7.5000  -22.5000   30.0000 2704.4771   27.8913
    0.0000  -22.5000   30.0000 2706.7375   27.6184
    7.5000  -22.5000   30.0000 2727.2212   28.2850
   -7.5000  -15.0000   30.0000 2722.7090   26.3656
    0.0000  -15.0000   30.0000 2727.5217   26.1067
    7.5000  -15.0000   30.0000 2743.5837   26.7878
   -7.5000   -7.5000   30.0000 2741.0659   25.2255
    0.0000   -7.5000   30.0000 2744.9529   25.1128
    7.5000   -7.5000   30.0000 2751.7524   25.6534
   -7.5000    0.0000   30.0000 2780.5151   24.8974
    0.0000    0.0000   30.0000 2780.0256   24.7633
    7.5000    0.0000   30.0000 2773.3740   25.1195
   -7.5000    7.5000   30.0000 2791.0918   25.0340
    0.0000    7.5000   30.0000 2789.4243   24.9440
    7.5000    7.5000   30.0000 2778.0667   25.2249
   -7.5000   15.0000   30.0000 2769.8904   25.7374
    0.0000   15.0000   30.0000 2769.8745   25.6430
    7.5000   15.0000   30.0000 2752.1262   25.8981
   -7.5000   22.5000   30.0000 2718.3701   26.9596
    0.0000   22.5000   30.0000 2717.2468   26.8611
    7.5000   22.5000   30.0000 2702.0322   27.0780
   -7.5000   30.0000   30.0000 2639.3979   28.5080
    0.0000   30.0000   30.0000 2650.3284   28.5032
    7.5000   30.0000   30.0000 2637.2048   28.6735
   -7.5000   37.5000   30.0000 2543.4634   30.2927
    0.0000   37.5000   30.0000 2561.6128   30.3631
    7.5000   37.5000   30.0000 2551.3462   30.4954
   -7.5000   45.0000   30.0000 2422.6848   32.5094
    0.0000   45.0000   30.0000 2432.6311   32.5725
    7.5000   45.0000   30.0000 2423.7754   32.6617
   -7.5000  -45.0000   37.5000 2501.0615   36.1687
    0.0000  -45.0000   37.5000 2503.0393   35.7213
    7.5000  -45.0000   37.5000 2531.3081   36.7345
   -7.5000  -37.5000   37.5000 2570.3848   32.9610
    0.0000  -37.5000   37.5000 2574.3550   32.5799
    7.5000  -37.5000   37.5000 2598.3936   33.4829
   -7.5000  -30.0000   37.5000 2628.6628   30.5934
    0.0000  -30.0000   37.5000 2632.9414   30.2898
    7.5000  -30.0000   37.5000 2643.0962   30.9902
   -7.5000  -22.5000   37.5000 2663.6909   28.7006
    0.0000  -22.5000   37.5000 2674.2449   28.4361
    7.5000  -22.5000   37.5000 2681.8140   29.0668
   -7.5000  -15.0000   37.5000 2684.0234   27.2213
    0.0000  -15.0000   37.5000 2690.3506   26.9850
    7.5000  -15.0000   37.5000 2706.2068   27.6813
   -7.5000   -7.5000   37.5000 2713.8904   26.2803
    0.0000   -7.5000   37.5000 2718.6323   26.1747
    7.5000   -7.5000   37.5000 2716.2446   26.6183
   -7.5000    0.0000   37.5000 2746.1211   25.9805
    0.0000    0.0000   37.5000 2749.7769   25.8682
    7.5000    0.0000   37.5000 2735.3438   26.1972
   -7.5000    7.5000   37.5000 2750.6089   26.1057
    0.0000    7.5000   37.5000 2754.6655   26.0309
    7.5000    7.5000   37.5000 2745.9314   26.3083
   -7.5000   15.0000   37.5000 2735.5369   26.7431
    0.0000   15.0000   37.5000 2739.7876   26.6841
    7.5000   15.0000   37.5000 2722.2549   26.9798
   -7.5000   22.5000   37.5000 2686.4263   27.9516
    0.0000   22.5000   37.5000 2695.4250   27.8982
    7.5000   22.5000   37.5000 2673.3958   28.1442
   -7.5000   30.0000   37.5000 2603.1118   29.5762
    0.0000   30.0000   37.5000 2617.7324   29.5676
    7.5000   30.0000   37.5000 2605.5383   29.7635
   -7.5000   37.5000   37.5000 2510.9363   31.4906
    0.0000   37.5000   37.5000 2523.5664   31.5470
    7.5000   37.5000   37.5000 2513.3804   31.6552
   -7.5000   45.0000   37.5000 2383.9841   33.7083
    0.0000   45.0000   37.5000 2384.5713   33.7998
    7.5000   45.0000   37.5000 2375.2603   33.8121
   -7.5000  -45.0000   45.0000 2460.4863   37.1113
    0.0000  -45.0000   45.0000 2467.6907   36.7429
    7.5000  -45.0000   45.0000 2478.2439   37.6107
   -7.5000  -37.5000   45.0000 2538.6880   33.9310
    0.0000  -37.5000   45.0000 2549.7668   33.6522
    7.5000  -37.5000   45.0000 2550.0667   34.3514
   -7.5000  -30.0000   45.0000 2596.9763   31.6083
    0.0000  -30.0000   45.0000 2604.0068   31.3383
    7.5000  -30.0000   45.0000 2601.9121   31.9790
   -7.5000  -22.5000   45.0000 2626.7749   29.7313
    0.0000  -22.5000   45.0000 2632.2332   29.4340
    7.5000  -22.5000   45.0000 2638.0496   30.0806
   -7.5000  -15.0000   45.0000 2645.0051   28.2779
    0.0000  -15.0000   45.0000 2653.5657   28.1654
    7.5000  -15.0000   45.0000 2654.8608   28.6625
   -7.5000   -7.5000   45.0000 2682.7400   27.4567
    0.0000   -7.5000   45.0000 2682.4670   27.3791
    7.5000   -7.5000   45.0000 2675.4541   27.7290
   -7.5000    0.0000   45.0000 2707.6711   27.2155
    0.0000    0.0000   45.0000 2715.7891   27.1358
    7.5000    0.0000   45.0000 2701.4736   27.4032
   -7.5000    7.5000   45.0000 2708.0247   27.3415
    0.0000    7.5000   45.0000 2715.7651   27.2808
    7.5000    7.5000   45.0000 2707.9304   27.5401
   -7.5000   15.0000   45.0000 2689.9685   27.9101
    0.0000   15.0000   45.0000 2698.9258   27.8745
    7.5000   15.0000   45.0000 2686.7437   28.1373
   -7.5000   22.5000   45.0000 2644.3721   29.0341
    0.0000   22.5000   45.0000 2654.5261   29.0001
    7.5000   22.5000   45.0000 2638.4204   29.2552
   -7.5000   30.0000   45.0000 2561.5923   30.7494
    0.0000   30.0000   45.0000 2574.6292   30.7453
    7.5000   30.0000   45.0000 2560.9180   30.8743
   -7.5000   37.5000   45.0000 2458.6179   32.6837
    0.0000   37.5000   45.0000 2467.9026   32.7850
    7.5000   37.5000   45.0000 2459.0610   32.8789
   -7.5000   45.0000   45.0000 2354.4404   34.9967
    0.0000   45.0000   45.0000 2347.7764   35.0780
    7.5000   45.0000   45.0000 2344.4138   35.2364

---------------------------------------------------------------------
imgreg_4dfp /opt/freesurfer/average/711-2C_as_mni_average_305 /opt/freesurfer/average/711-2B_as_mni_average_305_mask talsrcimg_g11 none talsrcimg_to_711-2C_as_mni_average_305_t4 1283
---------------------------------------------------------------------

freesurfer imgreg_4dfp.c
/opt/freesurfer/average/711-2C_as_mni_average_305.4dfp.img
       256       256       256         1
  1.000000  1.000000  1.000000
orientation T byte_order littleendian
Reading image: /opt/freesurfer/average/711-2C_as_mni_average_305.4dfp.img
dimensions:      256       256       256
mmppix:       1.0000   -1.0000   -1.0000
center:     128.0000 -129.0000 -129.0000
/opt/freesurfer/average/711-2B_as_mni_average_305_mask.4dfp.img
       256       256       256         1
  1.000000  1.000000  1.000000
orientation T byte_order littleendian
Reading mask: /opt/freesurfer/average/711-2B_as_mni_average_305_mask.4dfp.img (2306576 pixels)
talsrcimg_g11.4dfp.img
       320       320       320         1
  0.800000  0.800000  0.800000
orientation T byte_order littleendian
Reading image: talsrcimg_g11.4dfp.img
dimensions:      320       320       320
mmppix:       0.8000   -0.8000   -0.8000
center:     128.0000 -128.8000 -128.8000
rotation matrix determinant  1.000000
fimgreg.f
image alignment mode   1283 decimal      503 hex
parameters
    0.0000   -7.5000    0.0000    0.0000    0.0000    0.0000
eta,q 0.91788 24.59683
niter,ni,del,rscale     5    3   12.0000    1.2000
parameters
   -1.2693   -8.9809    0.6556   -0.2777    1.6194    0.2402
eta,q 0.91925 24.54263
  0.0959  0.0934  0.1012  0.0869  0.0873  0.0838
  0.0890  0.0871  0.0937  0.0854  0.0849  0.0819
  0.0851  0.0835  0.0875  0.0835  0.0846  0.0809
  0.0848  0.0843  0.0832  0.0825  0.0826  0.0807
  0.0906  0.0897  0.0830  0.0829  0.0804  0.0813
  0.1007  0.0981  0.0888  0.0849  0.0812  0.0820
  0.1078  0.1120  0.0957  0.0889  0.0848  0.0830
niter,ni,del,rscale     4    3   12.0000    1.2000
parameters
   -1.7638   -9.3258    0.8445   -0.2757    1.5443    0.3063
eta,q 0.91882 24.58547
  0.0977  0.0967  0.0982  0.0872  0.0852  0.0841
  0.0889  0.0898  0.0906  0.0848  0.0847  0.0824
  0.0841  0.0839  0.0846  0.0820  0.0833  0.0813
  0.0807  0.0810  0.0812  0.0811  0.0811  0.0812
  0.0847  0.0836  0.0830  0.0819  0.0806  0.0819
  0.0947  0.0912  0.0897  0.0840  0.0830  0.0826
  0.1033  0.1022  0.0963  0.0876  0.0876  0.0836
niter,ni,del,rscale     3    3   12.0000    1.2000
parameters
   -1.7823   -9.4471    0.8854   -0.2153    1.5453    0.2714
eta,q 0.91874 24.59888
  0.1010  0.0976  0.0974  0.0874  0.0851  0.0841
  0.0897  0.0907  0.0902  0.0850  0.0847  0.0824
  0.0852  0.0846  0.0843  0.0822  0.0835  0.0813
  0.0812  0.0812  0.0813  0.0813  0.0813  0.0813
  0.0828  0.0830  0.0835  0.0821  0.0806  0.0820
  0.0916  0.0901  0.0904  0.0842  0.0829  0.0827
  0.1009  0.1007  0.0969  0.0877  0.0873  0.0838
niter,ni,del,rscale     2    3   12.0000    1.2000
parameters
   -1.7897   -9.4848    0.9013   -0.1743    1.5605    0.2364
eta,q 0.91872 24.60248
  0.1009  0.0979  0.0973  0.0874  0.0851  0.0841
  0.0896  0.0911  0.0901  0.0850  0.0846  0.0824
  0.0853  0.0849  0.0843  0.0822  0.0835  0.0814
  0.0813  0.0813  0.0813  0.0813  0.0813  0.0813
  0.0827  0.0828  0.0836  0.0821  0.0806  0.0821
  0.0914  0.0897  0.0905  0.0842  0.0828  0.0827
  0.1007  0.1002  0.0970  0.0877  0.0872  0.0838
registration optimization eta report
parameter search radius
    6.0000    6.0000    6.0000    6.0000    6.0000    6.0000
100000*second partial in parameter space
       53.       48.       42.       17.       13.        7.
  0.1009  0.0979  0.0973  0.0874  0.0851  0.0841
  0.0896  0.0911  0.0901  0.0850  0.0846  0.0824
  0.0853  0.0849  0.0843  0.0822  0.0835  0.0814
  0.0813  0.0813  0.0813  0.0813  0.0813  0.0813
  0.0827  0.0828  0.0836  0.0821  0.0806  0.0821
  0.0914  0.0897  0.0905  0.0842  0.0828  0.0827
  0.1007  0.1002  0.0970  0.0877  0.0872  0.0838
   -1.7897   -9.4848    0.9013   -0.1743    1.5605    0.2364
eta,q 0.91872 24.60248

---------------------------------------------------------------------
imgreg_4dfp /opt/freesurfer/average/711-2C_as_mni_average_305 /opt/freesurfer/average/711-2B_as_mni_average_305_mask talsrcimg_g11 none talsrcimg_to_711-2C_as_mni_average_305_t4 3335
---------------------------------------------------------------------

freesurfer imgreg_4dfp.c
/opt/freesurfer/average/711-2C_as_mni_average_305.4dfp.img
       256       256       256         1
  1.000000  1.000000  1.000000
orientation T byte_order littleendian
Reading image: /opt/freesurfer/average/711-2C_as_mni_average_305.4dfp.img
dimensions:      256       256       256
mmppix:       1.0000   -1.0000   -1.0000
center:     128.0000 -129.0000 -129.0000
/opt/freesurfer/average/711-2B_as_mni_average_305_mask.4dfp.img
       256       256       256         1
  1.000000  1.000000  1.000000
orientation T byte_order littleendian
Reading mask: /opt/freesurfer/average/711-2B_as_mni_average_305_mask.4dfp.img (2306576 pixels)
talsrcimg_g11.4dfp.img
       320       320       320         1
  0.800000  0.800000  0.800000
orientation T byte_order littleendian
Reading image: talsrcimg_g11.4dfp.img
dimensions:      320       320       320
mmppix:       0.8000   -0.8000   -0.8000
center:     128.0000 -128.8000 -128.8000
fimgreg.f
image alignment mode   3335 decimal      D07 hex
parameters
   -1.7897   -9.4848    0.9013   -0.0379   -0.0013   -0.0376
   -0.4044   -2.7246    0.4125    0.2929    2.7233   -0.3041
eta,q 0.92040 24.92628
niter,ni,del,rscale     5    3    5.0000    1.2000
parameter  4  1.778421 ->  0.500000 qaram    1.1500
parameter  5  0.674266 ->  0.500000 qaram    1.1500
parameter  6  0.585692 ->  0.500000 qaram    1.1500
parameters
   -1.1342   -9.8299    0.8480   -4.1779   -4.1413   -4.1776
   -1.0839   -3.0753   -0.1789   -2.6953    2.9168   -1.6252
eta,q 0.94023 25.57908
  0.0884  0.0807  0.0821  0.0605  0.0620  0.0608  0.0633  0.0669  0.0617  0.0604  0.0612  0.0600
  0.0846  0.0796  0.0805  0.0631  0.0621  0.0603  0.0613  0.0625  0.0606  0.0598  0.0604  0.0599
  0.0815  0.0791  0.0794  0.0691  0.0627  0.0602  0.0603  0.0605  0.0602  0.0598  0.0599  0.0598
  0.0796  0.0791  0.0790  0.0790  0.0644  0.0622  0.0602  0.0602  0.0601  0.0601  0.0598  0.0598
  0.0791  0.0795  0.0794  0.0920  0.0678  0.0678  0.0609  0.0611  0.0604  0.0607  0.0599  0.0599
  0.0801  0.0805  0.0806  0.1048  0.0730  0.0757  0.0623  0.0637  0.0611  0.0616  0.0603  0.0600
  0.0824  0.0820  0.0825  0.1144  0.0796  0.0845  0.0646  0.0681  0.0622  0.0629  0.0611  0.0604
niter,ni,del,rscale     7    3    5.0000    1.2000
parameter  2 -1.642027 -> -0.500000 qaram    1.1500
parameter  3  1.197648 ->  0.500000 qaram    1.1500
parameter 12  0.928965 ->  0.500000 qaram    1.1500
parameters
   -1.1649   -8.4499   -0.5320   -7.9872   -6.0027   -4.7048
   -0.3232   -3.4476   -0.1913   -0.4910    5.4034   -5.7652
eta,q 0.94427 25.60442
  0.0638  0.0650  0.0567  0.0579  0.0580  0.0589  0.0585  0.0581  0.0571  0.0575  0.0566  0.0557
  0.0615  0.0631  0.0569  0.0560  0.0570  0.0580  0.0571  0.0564  0.0564  0.0566  0.0563  0.0557
  0.0602  0.0613  0.0572  0.0551  0.0560  0.0570  0.0563  0.0560  0.0561  0.0562  0.0561  0.0558
  0.0598  0.0598  0.0577  0.0570  0.0553  0.0557  0.0560  0.0560  0.0559  0.0559  0.0559  0.0558
  0.0603  0.0585  0.0584  0.0635  0.0561  0.0544  0.0560  0.0562  0.0560  0.0559  0.0558  0.0559
  0.0617  0.0575  0.0592  0.0755  0.0594  0.0563  0.0565  0.0569  0.0564  0.0560  0.0558  0.0560
  0.0640  0.0570  0.0603  0.0903  0.0646  0.0633  0.0576  0.0585  0.0571  0.0562  0.0561  0.0561
niter,ni,del,rscale     7    3    5.0000    1.2000
parameter  2 -4.491144 -> -0.500000 qaram    1.3225
parameter  3  1.679718 ->  0.500000 qaram    1.3225
parameter 10 -0.860811 -> -0.500000 qaram    1.1500
parameter 11 -0.718125 -> -0.500000 qaram    1.1500
parameter 12  4.380569 ->  0.500000 qaram    1.3225
parameters
   -1.6036   -6.8629   -2.1190   -9.4166   -7.5593   -5.5712
    0.7135   -5.0907   -0.8762    3.6490    9.5434  -10.5262
eta,q 0.94718 25.56842
  0.0569  0.0613  0.0518  0.0575  0.0560  0.0566  0.0556  0.0545  0.0544  0.0556  0.0539  0.0527
  0.0561  0.0594  0.0520  0.0558  0.0549  0.0559  0.0547  0.0539  0.0540  0.0546  0.0537  0.0528
  0.0557  0.0575  0.0523  0.0538  0.0538  0.0549  0.0542  0.0538  0.0538  0.0541  0.0535  0.0530
  0.0557  0.0557  0.0527  0.0521  0.0528  0.0533  0.0539  0.0538  0.0538  0.0538  0.0534  0.0532
  0.0562  0.0539  0.0531  0.0526  0.0532  0.0522  0.0538  0.0540  0.0539  0.0535  0.0532  0.0534
  0.0570  0.0523  0.0536  0.0576  0.0568  0.0546  0.0541  0.0545  0.0542  0.0533  0.0532  0.0536
  0.0582  0.0511  0.0543  0.0684  0.0627  0.0627  0.0549  0.0562  0.0548  0.0532  0.0533  0.0539
niter,ni,del,rscale     7    3    5.0000    1.2000
parameter  2 -6.468895 -> -0.500000 qaram    1.5209
parameter 10 -0.748739 -> -0.500000 qaram    1.3225
parameter 12  3.145425 ->  0.500000 qaram    1.5209
parameters
   -2.0755   -5.0378   -3.4702   -9.9958   -9.3681   -7.0578
    1.6604   -5.7744    0.3257    8.4100   10.3429  -16.0013
eta,q 0.95042 25.52222
  0.0537  0.0593  0.0494  0.0545  0.0526  0.0533  0.0522  0.0519  0.0515  0.0542  0.0506  0.0494
  0.0530  0.0571  0.0489  0.0531  0.0515  0.0525  0.0514  0.0513  0.0511  0.0521  0.0504  0.0495
  0.0527  0.0549  0.0489  0.0511  0.0503  0.0514  0.0510  0.0509  0.0509  0.0512  0.0502  0.0497
  0.0528  0.0527  0.0491  0.0488  0.0493  0.0499  0.0508  0.0507  0.0508  0.0507  0.0500  0.0500
  0.0532  0.0506  0.0496  0.0481  0.0498  0.0494  0.0507  0.0507  0.0507  0.0503  0.0499  0.0502
  0.0538  0.0486  0.0502  0.0514  0.0544  0.0536  0.0509  0.0512  0.0508  0.0499  0.0501  0.0505
  0.0548  0.0471  0.0509  0.0603  0.0615  0.0622  0.0516  0.0532  0.0512  0.0498  0.0506  0.0508
niter,ni,del,rscale     7    3    5.0000    1.2000
parameter  2 -3.118600 -> -0.500000 qaram    1.7490
parameter 10 -0.505410 -> -0.500000 qaram    1.5209
parameters
   -1.9309   -2.9390   -3.5259   -9.9038  -10.9467   -7.5063
    0.9280   -5.8748    1.0911   13.8851    9.2734  -17.7271
eta,q 0.95455 25.48339
  0.0512  0.0576  0.0468  0.0510  0.0495  0.0500  0.0475  0.0481  0.0475  0.0536  0.0460  0.0459
  0.0503  0.0549  0.0458  0.0496  0.0480  0.0490  0.0469  0.0473  0.0469  0.0491  0.0458  0.0454
  0.0498  0.0522  0.0455  0.0477  0.0466  0.0477  0.0465  0.0467  0.0466  0.0472  0.0456  0.0454
  0.0496  0.0496  0.0455  0.0455  0.0454  0.0460  0.0463  0.0464  0.0464  0.0463  0.0455  0.0455
  0.0497  0.0471  0.0457  0.0443  0.0460  0.0445  0.0465  0.0463  0.0463  0.0458  0.0455  0.0457
  0.0501  0.0450  0.0461  0.0464  0.0505  0.0470  0.0471  0.0469  0.0465  0.0454  0.0459  0.0458
  0.0508  0.0438  0.0466  0.0538  0.0581  0.0547  0.0485  0.0487  0.0472  0.0457  0.0467  0.0460
niter,ni,del,rscale     7    3    5.0000    1.2000
parameter  2 -1.565563 -> -0.500000 qaram    2.0114
parameters
   -1.8751   -0.5254   -3.2116   -9.7026  -11.4616   -7.0122
   -0.1861   -6.2760    0.1602   16.0242    8.0906  -16.5670
eta,q 0.95926 25.43829
  0.0473  0.0554  0.0429  0.0478  0.0470  0.0474  0.0426  0.0438  0.0423  0.0512  0.0415  0.0432
  0.0463  0.0520  0.0421  0.0460  0.0449  0.0459  0.0416  0.0421  0.0415  0.0449  0.0411  0.0411
  0.0457  0.0486  0.0416  0.0438  0.0429  0.0439  0.0411  0.0413  0.0411  0.0421  0.0408  0.0407
  0.0455  0.0455  0.0414  0.0413  0.0412  0.0414  0.0410  0.0410  0.0410  0.0410  0.0407  0.0407
  0.0456  0.0428  0.0413  0.0401  0.0409  0.0393  0.0414  0.0413  0.0413  0.0407  0.0409  0.0409
  0.0462  0.0410  0.0416  0.0425  0.0442  0.0411  0.0425  0.0424  0.0420  0.0418  0.0414  0.0413
  0.0471  0.0404  0.0425  0.0502  0.0514  0.0494  0.0445  0.0449  0.0433  0.0449  0.0424  0.0419
niter,ni,del,rscale     7    3    5.0000    1.2000
parameters
   -1.9040    1.0827   -3.8592   -9.9251  -12.4118   -7.5298
    0.2931   -6.0543   -0.4999   17.0914    8.9782  -16.1551
eta,q 0.95974 25.33493
  0.0431  0.0511  0.0407  0.0463  0.0456  0.0465  0.0434  0.0438  0.0419  0.0484  0.0412  0.0425
  0.0418  0.0470  0.0398  0.0443  0.0433  0.0449  0.0417  0.0416  0.0409  0.0434  0.0408  0.0405
  0.0410  0.0435  0.0393  0.0418  0.0412  0.0426  0.0408  0.0407  0.0405  0.0413  0.0405  0.0402
  0.0407  0.0407  0.0392  0.0392  0.0394  0.0399  0.0404  0.0404  0.0404  0.0404  0.0403  0.0402
  0.0410  0.0392  0.0397  0.0382  0.0396  0.0387  0.0405  0.0406  0.0407  0.0404  0.0402  0.0405
  0.0419  0.0398  0.0410  0.0414  0.0442  0.0427  0.0412  0.0414  0.0414  0.0417  0.0404  0.0409
  0.0432  0.0435  0.0431  0.0511  0.0524  0.0532  0.0427  0.0433  0.0426  0.0457  0.0410  0.0416
niter,ni,del,rscale     6    3    5.0000    1.2000
parameters
   -2.0281    1.5222   -4.1876   -9.7632  -12.8750   -7.9989
    0.9987   -6.4287   -1.1593   17.6339   10.3318  -15.8430
eta,q 0.95964 25.29255
  0.0424  0.0483  0.0416  0.0470  0.0459  0.0464  0.0437  0.0433  0.0419  0.0470  0.0414  0.0423
  0.0411  0.0448  0.0407  0.0451  0.0438  0.0449  0.0419  0.0415  0.0410  0.0430  0.0410  0.0406
  0.0404  0.0421  0.0402  0.0427  0.0417  0.0427  0.0409  0.0407  0.0406  0.0413  0.0407  0.0403
  0.0403  0.0403  0.0399  0.0400  0.0398  0.0401  0.0405  0.0405  0.0405  0.0405  0.0404  0.0404
  0.0406  0.0397  0.0402  0.0385  0.0394  0.0388  0.0406  0.0408  0.0408  0.0405  0.0403  0.0406
  0.0415  0.0416  0.0411  0.0412  0.0428  0.0426  0.0412  0.0418  0.0414  0.0419  0.0405  0.0410
  0.0429  0.0470  0.0427  0.0500  0.0503  0.0526  0.0426  0.0442  0.0426  0.0461  0.0410  0.0416
niter,ni,del,rscale     5    3    5.0000    1.2000
parameters
   -2.1706    1.8744   -4.4637   -9.8489  -13.2622   -8.3735
    1.5885   -6.8475   -1.6786   18.1878   11.5705  -15.6027
eta,q 0.95939 25.25369
  0.0425  0.0480  0.0417  0.0472  0.0462  0.0464  0.0438  0.0434  0.0423  0.0468  0.0416  0.0423
  0.0412  0.0447  0.0408  0.0453  0.0441  0.0450  0.0420  0.0417  0.0413  0.0432  0.0412  0.0408
  0.0405  0.0421  0.0403  0.0428  0.0420  0.0430  0.0411  0.0410  0.0408  0.0416  0.0409  0.0406
  0.0404  0.0404  0.0401  0.0401  0.0402  0.0404  0.0408  0.0407  0.0408  0.0408  0.0407  0.0406
  0.0407  0.0399  0.0403  0.0389  0.0397  0.0390  0.0409  0.0410  0.0410  0.0406  0.0406  0.0408
  0.0416  0.0418  0.0411  0.0420  0.0429  0.0425  0.0415  0.0419  0.0416  0.0419  0.0407  0.0411
  0.0431  0.0473  0.0426  0.0513  0.0501  0.0519  0.0429  0.0444  0.0428  0.0462  0.0413  0.0418
niter,ni,del,rscale     4    3    5.0000    1.2000
parameters
   -2.3032    2.2192   -4.7125   -9.9634  -13.6620   -8.7463
    2.0814   -7.2317   -2.0529   18.7165   12.5762  -15.4357
eta,q 0.95911 25.21134
  0.0428  0.0481  0.0419  0.0474  0.0463  0.0464  0.0439  0.0436  0.0426  0.0467  0.0419  0.0424
  0.0414  0.0449  0.0410  0.0455  0.0442  0.0451  0.0422  0.0420  0.0416  0.0435  0.0415  0.0411
  0.0407  0.0423  0.0405  0.0431  0.0422  0.0432  0.0414  0.0413  0.0411  0.0419  0.0412  0.0409
  0.0406  0.0406  0.0404  0.0404  0.0405  0.0407  0.0410  0.0410  0.0410  0.0410  0.0409  0.0409
  0.0410  0.0401  0.0405  0.0391  0.0399  0.0392  0.0411  0.0412  0.0413  0.0408  0.0408  0.0411
  0.0418  0.0420  0.0412  0.0423  0.0430  0.0427  0.0418  0.0421  0.0418  0.0420  0.0410  0.0414
  0.0432  0.0475  0.0427  0.0516  0.0502  0.0518  0.0432  0.0446  0.0429  0.0464  0.0417  0.0420
niter,ni,del,rscale     3    3    5.0000    1.2000
parameters
   -2.4202    2.5578   -4.9349  -10.0678  -14.0660   -9.1000
    2.4775   -7.5477   -2.2743   19.1960   13.2941  -15.3884
eta,q 0.95883 25.16792
  0.0430  0.0482  0.0421  0.0476  0.0464  0.0465  0.0440  0.0438  0.0429  0.0467  0.0421  0.0425
  0.0417  0.0451  0.0413  0.0457  0.0444  0.0452  0.0424  0.0423  0.0419  0.0438  0.0417  0.0413
  0.0410  0.0426  0.0408  0.0433  0.0424  0.0434  0.0416  0.0416  0.0414  0.0422  0.0414  0.0411
  0.0409  0.0409  0.0407  0.0407  0.0408  0.0410  0.0413  0.0413  0.0413  0.0413  0.0412  0.0412
  0.0412  0.0404  0.0408  0.0394  0.0402  0.0395  0.0414  0.0414  0.0415  0.0410  0.0411  0.0413
  0.0421  0.0422  0.0414  0.0425  0.0432  0.0428  0.0421  0.0422  0.0420  0.0422  0.0413  0.0416
  0.0434  0.0477  0.0428  0.0518  0.0503  0.0516  0.0434  0.0447  0.0431  0.0467  0.0420  0.0422
niter,ni,del,rscale     2    3    5.0000    1.2000
parameters
   -2.5224    2.8818   -5.1287  -10.1416  -14.4688   -9.4085
    2.7799   -7.7669   -2.3749   19.6361   13.7808  -15.4253
eta,q 0.95862 25.12601
  0.0432  0.0483  0.0423  0.0478  0.0465  0.0465  0.0441  0.0440  0.0431  0.0467  0.0423  0.0426
  0.0420  0.0453  0.0415  0.0460  0.0445  0.0453  0.0425  0.0425  0.0421  0.0440  0.0419  0.0415
  0.0413  0.0428  0.0411  0.0436  0.0427  0.0435  0.0418  0.0418  0.0416  0.0425  0.0416  0.0414
  0.0412  0.0412  0.0409  0.0409  0.0410  0.0412  0.0415  0.0415  0.0415  0.0415  0.0414  0.0414
  0.0415  0.0406  0.0411  0.0396  0.0404  0.0397  0.0416  0.0415  0.0417  0.0411  0.0413  0.0415
  0.0423  0.0424  0.0416  0.0426  0.0433  0.0428  0.0423  0.0423  0.0422  0.0423  0.0415  0.0418
  0.0435  0.0480  0.0429  0.0518  0.0504  0.0513  0.0437  0.0448  0.0432  0.0469  0.0423  0.0424
niter,ni,del,rscale     1    3    5.0000    1.2000
parameters
   -2.6072    3.1790   -5.2895  -10.1930  -14.8437   -9.6726
    3.0087   -7.9355   -2.3990   20.0211   14.1129  -15.5932
eta,q 0.95845 25.08813
  0.0434  0.0483  0.0425  0.0479  0.0466  0.0466  0.0441  0.0441  0.0433  0.0467  0.0424  0.0427
  0.0422  0.0454  0.0417  0.0462  0.0447  0.0454  0.0427  0.0427  0.0423  0.0442  0.0421  0.0417
  0.0415  0.0430  0.0413  0.0438  0.0428  0.0437  0.0419  0.0420  0.0418  0.0427  0.0418  0.0415
  0.0414  0.0414  0.0412  0.0412  0.0412  0.0414  0.0416  0.0416  0.0417  0.0417  0.0416  0.0416
  0.0417  0.0409  0.0413  0.0399  0.0406  0.0399  0.0418  0.0416  0.0418  0.0412  0.0415  0.0417
  0.0424  0.0426  0.0418  0.0428  0.0434  0.0428  0.0424  0.0424  0.0423  0.0424  0.0417  0.0419
  0.0437  0.0482  0.0430  0.0518  0.0504  0.0511  0.0438  0.0449  0.0433  0.0472  0.0425  0.0425
registration optimization eta report
parameter search radius
    2.4000    4.8273    3.1740    8.2800    8.2800    8.2800
    7.2000    7.2000    7.2000   10.9503    8.2800   10.9503
100000*second partial in parameter space
       38.       30.       16.       13.       11.       11.
        5.        6.        3.        5.        1.        1.
  0.0434  0.0483  0.0425  0.0479  0.0466  0.0466  0.0441  0.0441  0.0433  0.0467  0.0424  0.0427
  0.0422  0.0454  0.0417  0.0462  0.0447  0.0454  0.0427  0.0427  0.0423  0.0442  0.0421  0.0417
  0.0415  0.0430  0.0413  0.0438  0.0428  0.0437  0.0419  0.0420  0.0418  0.0427  0.0418  0.0415
  0.0414  0.0414  0.0412  0.0412  0.0412  0.0414  0.0416  0.0416  0.0417  0.0417  0.0416  0.0416
  0.0417  0.0409  0.0413  0.0399  0.0406  0.0399  0.0418  0.0416  0.0418  0.0412  0.0415  0.0417
  0.0424  0.0426  0.0418  0.0428  0.0434  0.0428  0.0424  0.0424  0.0423  0.0424  0.0417  0.0419
  0.0437  0.0482  0.0430  0.0518  0.0504  0.0511  0.0438  0.0449  0.0433  0.0472  0.0425  0.0425
   -2.6072    3.1790   -5.2895  -10.1930  -14.8437   -9.6726
    3.0087   -7.9355   -2.3990   20.0211   14.1129  -15.5932
eta,q 0.95845 25.08813

---------------------------------------------------------------------
imgreg_4dfp /opt/freesurfer/average/711-2C_as_mni_average_305 /opt/freesurfer/average/711-2B_as_mni_average_305_mask talsrcimg_g11 none talsrcimg_to_711-2C_as_mni_average_305_t4 2311
---------------------------------------------------------------------

freesurfer imgreg_4dfp.c
/opt/freesurfer/average/711-2C_as_mni_average_305.4dfp.img
       256       256       256         1
  1.000000  1.000000  1.000000
orientation T byte_order littleendian
Reading image: /opt/freesurfer/average/711-2C_as_mni_average_305.4dfp.img
dimensions:      256       256       256
mmppix:       1.0000   -1.0000   -1.0000
center:     128.0000 -129.0000 -129.0000
/opt/freesurfer/average/711-2B_as_mni_average_305_mask.4dfp.img
       256       256       256         1
  1.000000  1.000000  1.000000
orientation T byte_order littleendian
Reading mask: /opt/freesurfer/average/711-2B_as_mni_average_305_mask.4dfp.img (2306576 pixels)
talsrcimg_g11.4dfp.img
       320       320       320         1
  0.800000  0.800000  0.800000
orientation T byte_order littleendian
Reading image: talsrcimg_g11.4dfp.img
dimensions:      320       320       320
mmppix:       0.8000   -0.8000   -0.8000
center:     128.0000 -128.8000 -128.8000
fimgreg.f
image alignment mode   2311 decimal      907 hex
parameters
   -2.6072    3.1790   -5.2895  -10.1930  -14.8437   -9.6726
    3.0087   -7.9355   -2.3990   20.0211   14.1129  -15.5932
eta,q 0.95845 25.08813
niter,ni,del,rscale     5    3    5.0000    0.8000
parameter  2 -0.970769 -> -0.500000 qaram    1.1500
parameter 12  0.819606 ->  0.500000 qaram    1.1500
parameters
   -2.7203    4.0990   -5.4708   -8.2719  -15.3050   -8.1651
    3.1576   -8.6699   -2.6094   20.3217   12.6945  -18.3532
eta,q 0.96104 25.15102
  0.0423  0.0431  0.0413  0.0453  0.0423  0.0436  0.0415  0.0415  0.0406  0.0409  0.0395  0.0389
  0.0418  0.0425  0.0412  0.0440  0.0413  0.0425  0.0402  0.0401  0.0398  0.0401  0.0393  0.0389
  0.0416  0.0420  0.0411  0.0425  0.0405  0.0413  0.0395  0.0394  0.0393  0.0395  0.0391  0.0390
  0.0416  0.0415  0.0411  0.0411  0.0400  0.0401  0.0392  0.0392  0.0392  0.0392  0.0392  0.0391
  0.0417  0.0412  0.0411  0.0401  0.0401  0.0392  0.0394  0.0398  0.0394  0.0392  0.0394  0.0393
  0.0420  0.0410  0.0413  0.0402  0.0415  0.0393  0.0401  0.0413  0.0400  0.0397  0.0399  0.0396
  0.0426  0.0411  0.0415  0.0421  0.0443  0.0415  0.0412  0.0438  0.0409  0.0407  0.0408  0.0399
niter,ni,del,rscale     6    3    5.0000    0.9000
parameters
   -2.4929    3.8130   -5.8497   -8.7083  -15.3625   -8.2692
    3.1557   -8.0961   -2.4742   22.0613   11.5184  -20.6326
eta,q 0.96127 25.25093
  0.0422  0.0401  0.0395  0.0437  0.0423  0.0436  0.0414  0.0433  0.0408  0.0418  0.0394  0.0390
  0.0405  0.0395  0.0391  0.0419  0.0410  0.0422  0.0401  0.0410  0.0398  0.0405  0.0391  0.0387
  0.0394  0.0391  0.0389  0.0401  0.0400  0.0406  0.0394  0.0398  0.0393  0.0397  0.0389  0.0387
  0.0390  0.0389  0.0390  0.0389  0.0391  0.0391  0.0392  0.0392  0.0391  0.0391  0.0389  0.0389
  0.0391  0.0392  0.0392  0.0391  0.0389  0.0387  0.0394  0.0392  0.0393  0.0389  0.0390  0.0391
  0.0397  0.0399  0.0396  0.0418  0.0401  0.0408  0.0401  0.0400  0.0398  0.0390  0.0395  0.0394
  0.0408  0.0414  0.0403  0.0474  0.0435  0.0459  0.0413  0.0419  0.0406  0.0398  0.0404  0.0398
niter,ni,del,rscale     5    3    5.0000    0.8000
parameters
   -2.3752    4.2200   -6.0133   -8.5671  -15.7527   -8.4187
    3.1882   -7.6145   -2.3440   23.2677   10.6974  -21.6083
eta,q 0.96151 25.24342
  0.0407  0.0404  0.0393  0.0430  0.0410  0.0426  0.0405  0.0422  0.0401  0.0409  0.0390  0.0390
  0.0396  0.0397  0.0388  0.0414  0.0400  0.0413  0.0395  0.0403  0.0393  0.0398  0.0388  0.0385
  0.0390  0.0391  0.0386  0.0398  0.0392  0.0399  0.0389  0.0392  0.0388  0.0391  0.0386  0.0385
  0.0387  0.0387  0.0386  0.0386  0.0385  0.0386  0.0387  0.0387  0.0387  0.0387  0.0385  0.0385
  0.0389  0.0386  0.0388  0.0384  0.0386  0.0384  0.0389  0.0388  0.0388  0.0385  0.0387  0.0387
  0.0393  0.0388  0.0391  0.0399  0.0399  0.0403  0.0395  0.0395  0.0392  0.0387  0.0390  0.0389
  0.0401  0.0395  0.0396  0.0436  0.0431  0.0448  0.0405  0.0411  0.0399  0.0395  0.0397  0.0393
niter,ni,del,rscale     4    3    5.0000    0.7000
parameters
   -2.3139    4.5009   -6.2356   -8.3002  -15.9533   -8.5450
    3.1269   -7.3021   -2.2474   23.9417   10.0629  -22.1533
eta,q 0.96170 25.23910
  0.0400  0.0398  0.0389  0.0422  0.0403  0.0418  0.0398  0.0413  0.0395  0.0401  0.0388  0.0388
  0.0392  0.0392  0.0386  0.0408  0.0395  0.0406  0.0390  0.0397  0.0389  0.0392  0.0385  0.0384
  0.0387  0.0388  0.0384  0.0394  0.0388  0.0393  0.0385  0.0388  0.0385  0.0387  0.0384  0.0383
  0.0385  0.0385  0.0384  0.0384  0.0383  0.0383  0.0384  0.0384  0.0384  0.0384  0.0383  0.0383
  0.0386  0.0384  0.0386  0.0382  0.0383  0.0383  0.0386  0.0385  0.0385  0.0383  0.0384  0.0385
  0.0390  0.0386  0.0389  0.0393  0.0392  0.0399  0.0391  0.0392  0.0388  0.0386  0.0387  0.0386
  0.0397  0.0392  0.0393  0.0421  0.0415  0.0434  0.0399  0.0406  0.0394  0.0393  0.0393  0.0389
niter,ni,del,rscale     3    3    5.0000    0.6000
parameters
   -2.2553    4.6452   -6.3685   -8.0611  -15.9808   -8.5520
    3.0052   -7.0549   -2.1785   24.2933    9.5267  -22.4964
eta,q 0.96186 25.24225
  0.0395  0.0392  0.0387  0.0414  0.0398  0.0410  0.0393  0.0406  0.0391  0.0394  0.0385  0.0386
  0.0389  0.0388  0.0384  0.0402  0.0391  0.0400  0.0386  0.0393  0.0386  0.0388  0.0383  0.0382
  0.0384  0.0385  0.0383  0.0390  0.0386  0.0390  0.0383  0.0385  0.0383  0.0384  0.0382  0.0381
  0.0383  0.0383  0.0383  0.0383  0.0382  0.0382  0.0382  0.0382  0.0382  0.0382  0.0382  0.0382
  0.0384  0.0383  0.0384  0.0382  0.0381  0.0381  0.0383  0.0383  0.0383  0.0382  0.0383  0.0383
  0.0387  0.0385  0.0386  0.0390  0.0388  0.0393  0.0388  0.0389  0.0385  0.0385  0.0385  0.0384
  0.0393  0.0390  0.0389  0.0412  0.0403  0.0419  0.0394  0.0400  0.0390  0.0391  0.0389  0.0386
niter,ni,del,rscale     2    3    5.0000    0.5000
parameters
   -2.2007    4.6824   -6.4206   -7.8761  -15.8871   -8.4700
    2.8890   -6.8394   -2.1287   24.4418    9.0581  -22.7056
eta,q 0.96199 25.25082
  0.0391  0.0387  0.0385  0.0405  0.0393  0.0403  0.0388  0.0398  0.0387  0.0389  0.0383  0.0383
  0.0386  0.0384  0.0383  0.0395  0.0388  0.0395  0.0384  0.0389  0.0383  0.0384  0.0381  0.0381
  0.0383  0.0382  0.0382  0.0387  0.0384  0.0387  0.0381  0.0383  0.0381  0.0382  0.0380  0.0380
  0.0381  0.0381  0.0381  0.0381  0.0381  0.0381  0.0380  0.0380  0.0380  0.0380  0.0380  0.0380
  0.0382  0.0382  0.0382  0.0381  0.0381  0.0380  0.0382  0.0381  0.0381  0.0381  0.0381  0.0381
  0.0385  0.0384  0.0383  0.0388  0.0384  0.0388  0.0385  0.0386  0.0383  0.0383  0.0383  0.0382
  0.0389  0.0387  0.0386  0.0403  0.0394  0.0406  0.0390  0.0394  0.0387  0.0388  0.0386  0.0384
niter,ni,del,rscale     1    3    5.0000    0.4000
parameters
   -2.1531    4.6417   -6.4057   -7.7338  -15.7055   -8.3384
    2.7623   -6.6433   -2.0739   24.4390    8.6576  -22.8455
eta,q 0.96209 25.26366
  0.0387  0.0384  0.0383  0.0397  0.0389  0.0396  0.0385  0.0392  0.0384  0.0385  0.0381  0.0382
  0.0383  0.0382  0.0381  0.0389  0.0385  0.0390  0.0381  0.0385  0.0381  0.0382  0.0380  0.0380
  0.0381  0.0381  0.0380  0.0383  0.0382  0.0384  0.0380  0.0381  0.0380  0.0380  0.0379  0.0379
  0.0380  0.0380  0.0380  0.0380  0.0380  0.0380  0.0379  0.0379  0.0379  0.0379  0.0379  0.0379
  0.0381  0.0381  0.0380  0.0380  0.0380  0.0379  0.0380  0.0380  0.0380  0.0380  0.0380  0.0380
  0.0382  0.0382  0.0381  0.0385  0.0382  0.0384  0.0382  0.0383  0.0381  0.0382  0.0381  0.0381
  0.0385  0.0385  0.0383  0.0395  0.0388  0.0396  0.0386  0.0388  0.0383  0.0385  0.0383  0.0382
registration optimization eta report
parameter search radius
    0.8000    0.9200    0.8000    2.4000    2.4000    2.4000
    2.4000    2.4000    2.4000    2.4000    2.4000    2.7600
100000*second partial in parameter space
       90.       48.       44.       27.       14.       29.
       10.       19.        8.       10.        5.        3.
  0.0387  0.0384  0.0383  0.0397  0.0389  0.0396  0.0385  0.0392  0.0384  0.0385  0.0381  0.0382
  0.0383  0.0382  0.0381  0.0389  0.0385  0.0390  0.0381  0.0385  0.0381  0.0382  0.0380  0.0380
  0.0381  0.0381  0.0380  0.0383  0.0382  0.0384  0.0380  0.0381  0.0380  0.0380  0.0379  0.0379
  0.0380  0.0380  0.0380  0.0380  0.0380  0.0380  0.0379  0.0379  0.0379  0.0379  0.0379  0.0379
  0.0381  0.0381  0.0380  0.0380  0.0380  0.0379  0.0380  0.0380  0.0380  0.0380  0.0380  0.0380
  0.0382  0.0382  0.0381  0.0385  0.0382  0.0384  0.0382  0.0383  0.0381  0.0382  0.0381  0.0381
  0.0385  0.0385  0.0383  0.0395  0.0388  0.0396  0.0386  0.0388  0.0383  0.0385  0.0383  0.0382
   -2.1531    4.6417   -6.4057   -7.7338  -15.7055   -8.3384
    2.7623   -6.6433   -2.0739   24.4390    8.6576  -22.8455
eta,q 0.96209 25.26366

---------------------------------------------------------------------
imgreg_4dfp /opt/freesurfer/average/711-2C_as_mni_average_305 /opt/freesurfer/average/711-2B_as_mni_average_305_mask talsrcimg_g11 none talsrcimg_to_711-2C_as_mni_average_305_t4 2311
---------------------------------------------------------------------

freesurfer imgreg_4dfp.c
/opt/freesurfer/average/711-2C_as_mni_average_305.4dfp.img
       256       256       256         1
  1.000000  1.000000  1.000000
orientation T byte_order littleendian
Reading image: /opt/freesurfer/average/711-2C_as_mni_average_305.4dfp.img
dimensions:      256       256       256
mmppix:       1.0000   -1.0000   -1.0000
center:     128.0000 -129.0000 -129.0000
/opt/freesurfer/average/711-2B_as_mni_average_305_mask.4dfp.img
       256       256       256         1
  1.000000  1.000000  1.000000
orientation T byte_order littleendian
Reading mask: /opt/freesurfer/average/711-2B_as_mni_average_305_mask.4dfp.img (2306576 pixels)
talsrcimg_g11.4dfp.img
       320       320       320         1
  0.800000  0.800000  0.800000
orientation T byte_order littleendian
Reading image: talsrcimg_g11.4dfp.img
dimensions:      320       320       320
mmppix:       0.8000   -0.8000   -0.8000
center:     128.0000 -128.8000 -128.8000
fimgreg.f
image alignment mode   2311 decimal      907 hex
parameters
   -2.1531    4.6417   -6.4057   -7.7338  -15.7055   -8.3384
    2.7623   -6.6433   -2.0739   24.4390    8.6576  -22.8455
eta,q 0.96209 25.26367
niter,ni,del,rscale     5    3    5.0000    0.8000
parameters
   -2.0837    4.4453   -6.2595   -8.3626  -16.0761   -8.8598
    2.7402   -6.3939   -1.9901   24.6586    8.5670  -23.1622
eta,q 0.96153 25.26307
  0.0406  0.0389  0.0394  0.0419  0.0405  0.0421  0.0401  0.0420  0.0398  0.0402  0.0391  0.0389
  0.0391  0.0383  0.0386  0.0403  0.0396  0.0407  0.0392  0.0399  0.0391  0.0393  0.0388  0.0385
  0.0382  0.0380  0.0381  0.0388  0.0387  0.0393  0.0387  0.0389  0.0386  0.0388  0.0386  0.0384
  0.0379  0.0379  0.0379  0.0379  0.0381  0.0382  0.0385  0.0385  0.0385  0.0385  0.0385  0.0385
  0.0381  0.0381  0.0380  0.0385  0.0381  0.0385  0.0387  0.0387  0.0386  0.0385  0.0385  0.0386
  0.0389  0.0387  0.0383  0.0412  0.0394  0.0411  0.0392  0.0396  0.0390  0.0390  0.0388  0.0387
  0.0401  0.0397  0.0389  0.0464  0.0425  0.0461  0.0402  0.0412  0.0397  0.0401  0.0392  0.0389
niter,ni,del,rscale     4    3    5.0000    0.7000
parameters
   -2.0814    4.8330   -6.4915   -8.1520  -16.3924   -8.8943
    2.7135   -6.3809   -1.9889   25.0902    8.4222  -23.4630
eta,q 0.96169 25.23901
  0.0398  0.0396  0.0388  0.0422  0.0402  0.0417  0.0398  0.0410  0.0394  0.0399  0.0389  0.0387
  0.0391  0.0391  0.0385  0.0408  0.0394  0.0406  0.0390  0.0394  0.0388  0.0391  0.0386  0.0384
  0.0386  0.0387  0.0384  0.0394  0.0387  0.0394  0.0385  0.0386  0.0385  0.0386  0.0384  0.0383
  0.0385  0.0385  0.0384  0.0384  0.0383  0.0383  0.0384  0.0384  0.0384  0.0384  0.0383  0.0383
  0.0386  0.0384  0.0385  0.0382  0.0383  0.0382  0.0385  0.0386  0.0385  0.0384  0.0384  0.0384
  0.0391  0.0385  0.0388  0.0394  0.0393  0.0396  0.0390  0.0394  0.0388  0.0387  0.0386  0.0386
  0.0398  0.0388  0.0392  0.0423  0.0417  0.0430  0.0398  0.0409  0.0394  0.0395  0.0390  0.0387
niter,ni,del,rscale     3    3    5.0000    0.6000
parameters
   -2.0603    4.9854   -6.5980   -7.9467  -16.4665   -8.8677
    2.6652   -6.3214   -1.9909   25.2982    8.2239  -23.6586
eta,q 0.96181 25.23402
  0.0395  0.0390  0.0387  0.0414  0.0398  0.0411  0.0393  0.0404  0.0391  0.0394  0.0386  0.0385
  0.0388  0.0387  0.0384  0.0402  0.0391  0.0401  0.0387  0.0391  0.0386  0.0388  0.0384  0.0383
  0.0384  0.0384  0.0383  0.0391  0.0386  0.0390  0.0383  0.0384  0.0383  0.0384  0.0383  0.0382
  0.0383  0.0383  0.0383  0.0383  0.0382  0.0382  0.0382  0.0382  0.0382  0.0382  0.0382  0.0382
  0.0384  0.0383  0.0384  0.0382  0.0382  0.0381  0.0384  0.0384  0.0383  0.0383  0.0383  0.0383
  0.0388  0.0384  0.0386  0.0391  0.0388  0.0392  0.0387  0.0391  0.0386  0.0386  0.0384  0.0384
  0.0394  0.0388  0.0389  0.0413  0.0404  0.0418  0.0394  0.0402  0.0391  0.0392  0.0388  0.0385
niter,ni,del,rscale     2    3    5.0000    0.5000
parameters
   -2.0379    5.0168   -6.6261   -7.7758  -16.3715   -8.7668
    2.5992   -6.2361   -1.9837   25.3467    8.0026  -23.7299
eta,q 0.96191 25.23849
  0.0391  0.0386  0.0386  0.0406  0.0394  0.0404  0.0389  0.0398  0.0387  0.0389  0.0384  0.0384
  0.0386  0.0384  0.0383  0.0396  0.0389  0.0396  0.0384  0.0388  0.0384  0.0385  0.0382  0.0382
  0.0383  0.0383  0.0382  0.0387  0.0384  0.0387  0.0382  0.0383  0.0382  0.0382  0.0381  0.0381
  0.0382  0.0382  0.0382  0.0382  0.0381  0.0381  0.0381  0.0381  0.0381  0.0381  0.0381  0.0381
  0.0383  0.0382  0.0382  0.0382  0.0381  0.0381  0.0382  0.0382  0.0382  0.0381  0.0381  0.0381
  0.0386  0.0384  0.0384  0.0389  0.0385  0.0388  0.0385  0.0387  0.0384  0.0384  0.0383  0.0382
  0.0390  0.0386  0.0386  0.0404  0.0395  0.0406  0.0390  0.0396  0.0387  0.0389  0.0386  0.0384
niter,ni,del,rscale     1    3    5.0000    0.4000
parameters
   -2.0154    4.9605   -6.5935   -7.6482  -16.1608   -8.6160
    2.5278   -6.1517   -1.9593   25.2631    7.8029  -23.7518
eta,q 0.96201 25.24974
  0.0387  0.0383  0.0384  0.0397  0.0389  0.0397  0.0385  0.0392  0.0384  0.0385  0.0382  0.0382
  0.0384  0.0382  0.0382  0.0390  0.0386  0.0391  0.0382  0.0385  0.0382  0.0382  0.0381  0.0381
  0.0382  0.0381  0.0381  0.0384  0.0383  0.0384  0.0380  0.0381  0.0380  0.0380  0.0380  0.0380
  0.0381  0.0381  0.0381  0.0381  0.0381  0.0380  0.0380  0.0380  0.0380  0.0380  0.0380  0.0380
  0.0381  0.0381  0.0381  0.0381  0.0380  0.0380  0.0381  0.0381  0.0380  0.0381  0.0380  0.0380
  0.0383  0.0382  0.0382  0.0386  0.0382  0.0385  0.0383  0.0384  0.0382  0.0382  0.0381  0.0381
  0.0386  0.0384  0.0383  0.0396  0.0388  0.0396  0.0386  0.0390  0.0384  0.0386  0.0383  0.0382
registration optimization eta report
parameter search radius
    0.8000    0.8000    0.8000    2.4000    2.4000    2.4000
    2.4000    2.4000    2.4000    2.4000    2.4000    2.4000
100000*second partial in parameter space
       90.       48.       43.       28.       14.       28.
       10.       19.        8.       10.        5.        4.
  0.0387  0.0383  0.0384  0.0397  0.0389  0.0397  0.0385  0.0392  0.0384  0.0385  0.0382  0.0382
  0.0384  0.0382  0.0382  0.0390  0.0386  0.0391  0.0382  0.0385  0.0382  0.0382  0.0381  0.0381
  0.0382  0.0381  0.0381  0.0384  0.0383  0.0384  0.0380  0.0381  0.0380  0.0380  0.0380  0.0380
  0.0381  0.0381  0.0381  0.0381  0.0381  0.0380  0.0380  0.0380  0.0380  0.0380  0.0380  0.0380
  0.0381  0.0381  0.0381  0.0381  0.0380  0.0380  0.0381  0.0381  0.0380  0.0381  0.0380  0.0380
  0.0383  0.0382  0.0382  0.0386  0.0382  0.0385  0.0383  0.0384  0.0382  0.0382  0.0381  0.0381
  0.0386  0.0384  0.0383  0.0396  0.0388  0.0396  0.0386  0.0390  0.0384  0.0386  0.0383  0.0382
   -2.0154    4.9605   -6.5935   -7.6482  -16.1608   -8.6160
    2.5278   -6.1517   -1.9593   25.2631    7.8029  -23.7518
eta,q 0.96201 25.24974

---------------------------------------------------------------------
compute_vox2vox talsrcimg talsrcimg_to_711-2C_as_mni_average_305_t4 /opt/freesurfer/average/711-2C_as_mni_average_305
---------------------------------------------------------------------

freesurfer compute_vox2vox.c
Reading: talsrcimg.4dfp.ifh
Reading: talsrcimg_to_711-2C_as_mni_average_305_t4
Reading: /opt/freesurfer/average/711-2C_as_mni_average_305.4dfp.ifh
Writing: talsrcimg_to_711-2C_as_mni_average_305_t4_vox2vox.txt

start time Tue Mar 10 20:57:27 CET 2026
end		time Tue Mar 10 20:58:54 CET 2026

mpr2mni305 success

avi2talxfm orig_nu.mgz /opt/freesurfer/average/mni305.cor.mgz talsrcimg_to_711-2C_as_mni_average_305_t4_vox2vox.txt transforms/talairach.auto.xfm
avi2talxfm done
mv -f /out/sourcedata/freesurfer/sub-v2s11x28707_ses-1/mri/talsrcimg_to_711-2C_as_mni_average_305_t4_vox2vox.txt /out/sourcedata/freesurfer/sub-v2s11x28707_ses-1/mri/transforms/talsrcimg_to_711-2C_as_mni_average_305_t4_vox2vox.txt
lta_convert --src orig_nu.mgz --trg /opt/freesurfer/average/mni305.cor.mgz --inxfm transforms/talairach.auto.xfm --outlta transforms/talairach.auto.xfm.lta --subject fsaverage
7.3.2

--src: orig_nu.mgz src image (geometry).
--trg: /opt/freesurfer/average/mni305.cor.mgz trg image (geometry).
--inmni: transforms/talairach.auto.xfm input MNI/XFM transform.
--outlta: transforms/talairach.auto.xfm.lta output LTA.
--s: fsaverage subject name
 LTA read, type : 1
 1.07620   0.07550  -0.01106   1.76387;
-0.07916   1.00925   0.28831  -21.72833;
 0.04900  -0.30235   1.10563  -22.69641;
 0.00000   0.00000   0.00000   1.00000;
setting subject to fsaverage
Writing  LTA to file transforms/talairach.auto.xfm.lta...
lta_convert successful.
 
 
Started at Tue Mar 10 20:57:27 CET 2026
Ended   at Tue Mar 10 20:58:54 CET 2026
talairach_avi done
