status file for recon-all
Wed Mar 11 00:03:47 CET 2026
#@# Tessellate lh Wed Mar 11 00:03:47 CET 2026
#@# Smooth1 lh Wed Mar 11 00:03:52 CET 2026
#@# Inflation1 lh Wed Mar 11 00:03:56 CET 2026
#@# QSphere lh Wed Mar 11 00:05:18 CET 2026
#@# Fix Topology lh Wed Mar 11 00:06:30 CET 2026
#@# Smooth2 lh Wed Mar 11 00:17:20 CET 2026
#@# Inflation2 lh Wed Mar 11 00:17:24 CET 2026
#@# Curv .H and .K lh Wed Mar 11 00:17:53 CET 2026
#@# Sphere lh Wed Mar 11 00:18:59 CET 2026
#@# Surf Reg lh Wed Mar 11 00:21:34 CET 2026
#@# Jacobian white lh Wed Mar 11 00:25:48 CET 2026
#@# AvgCurv lh Wed Mar 11 00:25:49 CET 2026
#@# Cortical Parc lh Wed Mar 11 00:25:50 CET 2026
#@# white curv lh Wed Mar 11 00:32:22 CET 2026
#@# white area lh Wed Mar 11 00:32:24 CET 2026
#@# pial curv lh Wed Mar 11 00:32:25 CET 2026
#@# pial area lh Wed Mar 11 00:32:28 CET 2026
#@# thickness lh Wed Mar 11 00:32:28 CET 2026
#@# area and vertex vol lh Wed Mar 11 00:33:11 CET 2026
#@# Curvature Stats lh Wed Mar 11 00:33:13 CET 2026
#@# Cortical Parc 2 lh Wed Mar 11 00:33:15 CET 2026
#@# Cortical Parc 3 lh Wed Mar 11 00:33:33 CET 2026
#@# WM/GM Contrast lh Wed Mar 11 00:33:46 CET 2026
recon-all -s sub-v2s11x28724_ses-1 finished without error at Wed Mar 11 00:33:50 CET 2026



#New# invocation of recon-all 



status file for recon-all
Wed Mar 11 01:14:33 CET 2026
#@# white curv lh Wed Mar 11 01:14:33 CET 2026
#@# white area lh Wed Mar 11 01:14:33 CET 2026
#@# pial curv lh Wed Mar 11 01:14:33 CET 2026
#@# pial area lh Wed Mar 11 01:14:33 CET 2026
#@# thickness lh Wed Mar 11 01:14:33 CET 2026
#@# area and vertex vol lh Wed Mar 11 01:14:33 CET 2026
#@# Parcellation Stats lh Wed Mar 11 01:14:34 CET 2026
#@# Parcellation Stats 2 lh Wed Mar 11 01:15:04 CET 2026
#@# Parcellation Stats 3 lh Wed Mar 11 01:15:20 CET 2026
#@# BA_exvivo Labels lh Wed Mar 11 01:15:36 CET 2026
recon-all -s sub-v2s11x28724_ses-1 finished without error at Wed Mar 11 01:18:43 CET 2026
