/out/sourcedata/freesurfer/sub-v2s11x28691_ses-1/mri
/opt/freesurfer/bin/talairach_avi
--i orig_nu.mgz --xfm transforms/talairach.auto.xfm
talairach_avi 7.3.2
Linux dna048 5.14.0-427.37.1.el9_4.x86_64 #1 SMP PREEMPT_DYNAMIC Fri Sep 13 12:41:50 EDT 2024 x86_64 x86_64 x86_64 GNU/Linux
Tue Mar 10 18:08:00 CET 2026
mri_convert orig_nu.mgz talsrcimg.img 
reading from orig_nu.mgz...
TR=0.00, TE=0.00, TI=0.00, flip angle=0.00
i_ras = (-1, 0, 0)
j_ras = (0, 0, -1)
k_ras = (0, 1, 0)
writing to talsrcimg.img...
Analyze Output Matrix
-0.80000   0.00000   0.00000   125.36268;
 0.00000   0.00000   0.80000  -120.33730;
 0.00000  -0.80000   0.00000   176.22003;
 0.00000   0.00000   0.00000   1.00000;
--------------------
INFO: set hdr.hist.orient to -1
mpr2mni305 talsrcimg
Tue Mar 10 18:08:01 CET 2026
/opt/freesurfer/bin/mpr2mni305 talsrcimg
mpr2mni305 7.3.2
target=711-2C_as_mni_average_305

---------------------------------------------------------------------
analyzeto4dfp talsrcimg -O0 -y
---------------------------------------------------------------------

freesurfer ifh2hdr.c
Tue Mar 10 18:08:01 2026
Writing: talsrcimg.4dfp.hdr
freesurfer analyzeto4dfp.c
Reading: talsrcimg.hdr
header size 348 bytes
hdr.dime.datatype	offset=70	value=2
hdr.dime.bitpix		offset=72	value=8
hdr.hist.orient		offset=252	value=-1
dimensionality     4
dimensions       320       320       320         1
Reading: talsrcimg.img
Writing: talsrcimg.4dfp.img
Writing: talsrcimg.4dfp.ifh
ifh2hdr talsrcimg -r0to180
ori=2

---------------------------------------------------------------------
gauss_4dfp talsrcimg 1.1
---------------------------------------------------------------------

freesurfer gauss_4dfp.c
Reading: talsrcimg.4dfp.img
Writing: talsrcimg_g11.4dfp.img
image dimensions 320 320 320 padded to 384 384 384
processing volume 1freesurfer ifh2hdr.c
Tue Mar 10 18:08:17 2026
Writing: talsrcimg_g11.4dfp.hdr

Writing: talsrcimg_g11.4dfp.ifh
including: talsrcimg.4dfp.img.rec in talsrcimg_g11.4dfp.img.rec

---------------------------------------------------------------------
imgreg_4dfp /opt/freesurfer/average/711-2C_as_mni_average_305 none talsrcimg_g11 none talsrcimg_to_711-2C_as_mni_average_305_t4 4355
---------------------------------------------------------------------

freesurfer imgreg_4dfp.c
/opt/freesurfer/average/711-2C_as_mni_average_305.4dfp.img
       256       256       256         1
  1.000000  1.000000  1.000000
orientation T byte_order littleendian
Reading image: /opt/freesurfer/average/711-2C_as_mni_average_305.4dfp.img
dimensions:      256       256       256
mmppix:       1.0000   -1.0000   -1.0000
center:     128.0000 -129.0000 -129.0000
talsrcimg_g11.4dfp.img
       320       320       320         1
  0.800000  0.800000  0.800000
orientation T byte_order littleendian
Reading image: talsrcimg_g11.4dfp.img
dimensions:      320       320       320
mmppix:       0.8000   -0.8000   -0.8000
center:     128.0000 -128.8000 -128.8000
t4_read: open error in t4_sub.f l:  41 t4_file(1:l)talsrcimg_to_711-2C_as_mni_average_305_t4 
t4_read: transform initialized to I4
rotation matrix determinant  1.000000
image alignment mode   4355 decimal     1103 hex
   -7.5000  -45.0000  -45.0000 9375.4814   17.0029
    0.0000  -45.0000  -45.0000 9808.2852   17.0773
    7.5000  -45.0000  -45.0000 9306.0010   16.9979
   -7.5000  -37.5000  -45.0000 9957.1074   17.0204
    0.0000  -37.5000  -45.000010410.0654   17.0947
    7.5000  -37.5000  -45.0000 9874.4346   17.0141
   -7.5000  -30.0000  -45.000010903.1377   17.1302
    0.0000  -30.0000  -45.000011408.2012   17.2058
    7.5000  -30.0000  -45.000010818.6836   17.1210
   -7.5000  -22.5000  -45.000011832.3457   17.2175
    0.0000  -22.5000  -45.000012389.8193   17.2945
    7.5000  -22.5000  -45.000011748.5000   17.2066
   -7.5000  -15.0000  -45.000012721.1602   17.2035
    0.0000  -15.0000  -45.000013312.4795   17.2800
    7.5000  -15.0000  -45.000012622.1572   17.1932
   -7.5000   -7.5000  -45.000013586.9629   17.0963
    0.0000   -7.5000  -45.000014215.8311   17.1714
    7.5000   -7.5000  -45.000013467.6914   17.0889
   -7.5000    0.0000  -45.000014251.8643   17.0029
    0.0000    0.0000  -45.000014935.7275   17.0773
    7.5000    0.0000  -45.000014129.6602   16.9979
   -7.5000    7.5000  -45.000013714.5225   17.0204
    0.0000    7.5000  -45.000014374.5410   17.0947
    7.5000    7.5000  -45.000013577.7832   17.0141
   -7.5000   15.0000  -45.000013024.3262   17.1302
    0.0000   15.0000  -45.000013660.5488   17.2058
    7.5000   15.0000  -45.000012889.0781   17.1210
   -7.5000   22.5000  -45.000012185.7881   17.2152
    0.0000   22.5000  -45.000012786.4492   17.2922
    7.5000   22.5000  -45.000012074.2822   17.2042
   -7.5000   30.0000  -45.000011195.4688   16.9742
    0.0000   30.0000  -45.000011746.5312   17.0497
    7.5000   30.0000  -45.000011086.5869   16.9641
   -7.5000   37.5000  -45.000010617.2314   16.8685
    0.0000   37.5000  -45.000011122.6465   16.9426
    7.5000   37.5000  -45.000010482.8623   16.8612
   -7.5000   45.0000  -45.0000 9705.5557   16.3503
    0.0000   45.0000  -45.000010173.5234   16.4219
    7.5000   45.0000  -45.0000 9570.6621   16.3455
   -7.5000  -45.0000  -37.5000 9651.9893   16.8341
    0.0000  -45.0000  -37.500010091.4150   16.9101
    7.5000  -45.0000  -37.5000 9592.9707   16.8310
   -7.5000  -37.5000  -37.500010258.8672   16.8474
    0.0000  -37.5000  -37.500010714.8604   16.9251
    7.5000  -37.5000  -37.500010187.0693   16.8473
   -7.5000  -30.0000  -37.500011223.5928   16.9544
    0.0000  -30.0000  -37.500011726.9570   17.0342
    7.5000  -30.0000  -37.500011153.6445   16.9550
   -7.5000  -22.5000  -37.500012163.9453   17.0431
    0.0000  -22.5000  -37.500012725.5801   17.1234
    7.5000  -22.5000  -37.500012109.1572   17.0414
   -7.5000  -15.0000  -37.500013069.7422   17.0340
    0.0000  -15.0000  -37.500013671.2188   17.1119
    7.5000  -15.0000  -37.500013006.7607   17.0286
   -7.5000   -7.5000  -37.500013963.0518   16.9295
    0.0000   -7.5000  -37.500014612.2764   17.0051
    7.5000   -7.5000  -37.500013884.8828   16.9232
   -7.5000    0.0000  -37.500014645.2285   16.8341
    0.0000    0.0000  -37.500015345.1875   16.9101
    7.5000    0.0000  -37.500014563.3984   16.8310
   -7.5000    7.5000  -37.500014080.2188   16.8474
    0.0000    7.5000  -37.500014742.0742   16.9251
    7.5000    7.5000  -37.500013971.3525   16.8473
   -7.5000   15.0000  -37.500013353.0586   16.9544
    0.0000   15.0000  -37.500013976.5293   17.0342
    7.5000   15.0000  -37.500013231.8330   16.9550
   -7.5000   22.5000  -37.500012499.3896   17.0407
    0.0000   22.5000  -37.500013085.1777   17.1210
    7.5000   22.5000  -37.500012393.8379   17.0391
   -7.5000   30.0000  -37.500011503.7676   16.8070
    0.0000   30.0000  -37.500012039.4697   16.8839
    7.5000   30.0000  -37.500011401.0801   16.8017
   -7.5000   37.5000  -37.500010902.8848   16.7039
    0.0000   37.5000  -37.500011406.8301   16.7785
    7.5000   37.5000  -37.500010779.8984   16.6977
   -7.5000   45.0000  -37.5000 9961.4414   16.1880
    0.0000   45.0000  -37.500010436.5166   16.2611
    7.5000   45.0000  -37.5000 9840.7129   16.1850
   -7.5000  -45.0000  -30.000010262.2578   17.1805
    0.0000  -45.0000  -30.000010707.9443   17.2607
    7.5000  -45.0000  -30.000010181.8711   17.1758
   -7.5000  -37.5000  -30.000010896.8730   17.1891
    0.0000  -37.5000  -30.000011360.5781   17.2726
    7.5000  -37.5000  -30.000010819.4424   17.1915
   -7.5000  -30.0000  -30.000011901.5654   17.2926
    0.0000  -30.0000  -30.000012427.5527   17.3797
    7.5000  -30.0000  -30.000011844.1777   17.3009
   -7.5000  -22.5000  -30.000012905.4990   17.3824
    0.0000  -22.5000  -30.000013489.7686   17.4699
    7.5000  -22.5000  -30.000012872.2891   17.3899
   -7.5000  -15.0000  -30.000013877.9023   17.3784
    0.0000  -15.0000  -30.000014509.2676   17.4619
    7.5000  -15.0000  -30.000013837.9688   17.3781
   -7.5000   -7.5000  -30.000014832.4785   17.2773
    0.0000   -7.5000  -30.000015527.0928   17.3570
    7.5000   -7.5000  -30.000014785.4521   17.2707
   -7.5000    0.0000  -30.000015561.0283   17.1805
    0.0000    0.0000  -30.000016280.1104   17.2607
    7.5000    0.0000  -30.000015512.7256   17.1758
   -7.5000    7.5000  -30.000014953.5996   17.1891
    0.0000    7.5000  -30.000015645.0293   17.2726
    7.5000    7.5000  -30.000014895.2725   17.1915
   -7.5000   15.0000  -30.000014170.2803   17.2926
    0.0000   15.0000  -30.000014825.2998   17.3797
    7.5000   15.0000  -30.000014088.6738   17.3009
   -7.5000   22.5000  -30.000013281.7900   17.3782
    0.0000   22.5000  -30.000013879.7715   17.4657
    7.5000   22.5000  -30.000013192.0479   17.3857
   -7.5000   30.0000  -30.000012231.7832   17.1484
    0.0000   30.0000  -30.000012788.5264   17.2308
    7.5000   30.0000  -30.000012155.3535   17.1482
   -7.5000   37.5000  -30.000011586.4502   17.0486
    0.0000   37.5000  -30.000012110.8438   17.1274
    7.5000   37.5000  -30.000011500.0762   17.0422
   -7.5000   45.0000  -30.000010582.4072   16.5333
    0.0000   45.0000  -30.000011081.5693   16.6104
    7.5000   45.0000  -30.000010486.8086   16.5287
   -7.5000  -45.0000  -22.500010839.1836   17.4418
    0.0000  -45.0000  -22.500011282.3584   17.5263
    7.5000  -45.0000  -22.500010733.5840   17.4399
   -7.5000  -37.5000  -22.500011512.1885   17.4510
    0.0000  -37.5000  -22.500011992.2480   17.5385
    7.5000  -37.5000  -22.500011427.0049   17.4557
   -7.5000  -30.0000  -22.500012575.6523   17.5532
    0.0000  -30.0000  -22.500013125.8486   17.6450
    7.5000  -30.0000  -22.500012521.4365   17.5652
   -7.5000  -22.5000  -22.500013628.5664   17.6412
    0.0000  -22.5000  -22.500014259.7979   17.7343
    7.5000  -22.5000  -22.500013617.2461   17.6545
   -7.5000  -15.0000  -22.500014656.7129   17.6365
    0.0000  -15.0000  -22.500015337.7266   17.7258
    7.5000  -15.0000  -22.500014655.5859   17.6427
   -7.5000   -7.5000  -22.500015674.3906   17.5365
    0.0000   -7.5000  -22.500016413.8125   17.6213
    7.5000   -7.5000  -22.500015675.0938   17.5348
   -7.5000    0.0000  -22.500016453.1992   17.4418
    0.0000    0.0000  -22.500017229.3965   17.5263
    7.5000    0.0000  -22.500016447.7969   17.4399
   -7.5000    7.5000  -22.500015828.1279   17.4510
    0.0000    7.5000  -22.500016575.9297   17.5385
    7.5000    7.5000  -22.500015825.8857   17.4557
   -7.5000   15.0000  -22.500014989.6719   17.5532
    0.0000   15.0000  -22.500015690.9609   17.6450
    7.5000   15.0000  -22.500014978.6934   17.5652
   -7.5000   22.5000  -22.500014044.3262   17.6358
    0.0000   22.5000  -22.500014687.7627   17.7288
    7.5000   22.5000  -22.500014020.2051   17.6491
   -7.5000   30.0000  -22.500012955.6885   17.4058
    0.0000   30.0000  -22.500013543.0391   17.4939
    7.5000   30.0000  -22.500012925.4961   17.4119
   -7.5000   37.5000  -22.500012281.8975   17.3071
    0.0000   37.5000  -22.500012837.0498   17.3908
    7.5000   37.5000  -22.500012226.6533   17.3054
   -7.5000   45.0000  -22.500011207.6582   16.7974
    0.0000   45.0000  -22.500011730.5234   16.8787
    7.5000   45.0000  -22.500011143.8535   16.7955
   -7.5000  -45.0000  -15.000011392.2158   17.5612
    0.0000  -45.0000  -15.000011844.1699   17.6489
    7.5000  -45.0000  -15.000011281.2178   17.5676
   -7.5000  -37.5000  -15.000012117.8027   17.5744
    0.0000  -37.5000  -15.000012613.3623   17.6634
    7.5000  -37.5000  -15.000012015.4268   17.5830
   -7.5000  -30.0000  -15.000013265.1621   17.6781
    0.0000  -30.0000  -15.000013845.2070   17.7705
    7.5000  -30.0000  -15.000013195.0088   17.6909
   -7.5000  -22.5000  -15.000014369.8467   17.7642
    0.0000  -22.5000  -15.000015051.8115   17.8592
    7.5000  -22.5000  -15.000014366.6426   17.7797
   -7.5000  -15.0000  -15.000015405.1094   17.7553
    0.0000  -15.0000  -15.000016181.6543   17.8485
    7.5000  -15.0000  -15.000015489.3623   17.7682
   -7.5000   -7.5000  -15.000016465.8906   17.6534
    0.0000   -7.5000  -15.000017315.6816   17.7426
    7.5000   -7.5000  -15.000016593.3262   17.6613
   -7.5000    0.0000  -15.000017315.2266   17.5612
    0.0000    0.0000  -15.000018198.5137   17.6489
    7.5000    0.0000  -15.000017435.4707   17.5676
   -7.5000    7.5000  -15.000016681.5195   17.5744
    0.0000    7.5000  -15.000017534.8691   17.6634
    7.5000    7.5000  -15.000016788.0938   17.5830
   -7.5000   15.0000  -15.000015810.4395   17.6781
    0.0000   15.0000  -15.000016614.2715   17.7705
    7.5000   15.0000  -15.000015906.9170   17.6909
   -7.5000   22.5000  -15.000014798.9678   17.7579
    0.0000   22.5000  -15.000015537.9834   17.8529
    7.5000   22.5000  -15.000014866.0557   17.7734
   -7.5000   30.0000  -15.000013679.2812   17.5256
    0.0000   30.0000  -15.000014350.4463   17.6175
    7.5000   30.0000  -15.000013717.8213   17.5383
   -7.5000   37.5000  -15.000013011.6191   17.4249
    0.0000   37.5000  -15.000013634.8672   17.5130
    7.5000   37.5000  -15.000012989.6914   17.4327
   -7.5000   45.0000  -15.000011880.6670   16.9225
    0.0000   45.0000  -15.000012452.3398   17.0070
    7.5000   45.0000  -15.000011830.8818   16.9287
   -7.5000  -45.0000   -7.500011902.3848   17.5090
    0.0000  -45.0000   -7.500012387.1758   17.5981
    7.5000  -45.0000   -7.500011781.0938   17.5236
   -7.5000  -37.5000   -7.500012704.7549   17.5278
    0.0000  -37.5000   -7.500013210.6104   17.6168
    7.5000  -37.5000   -7.500012547.2100   17.5410
   -7.5000  -30.0000   -7.500013970.0381   17.6349
    0.0000  -30.0000   -7.500014544.5693   17.7258
    7.5000  -30.0000   -7.500013798.2139   17.6473
   -7.5000  -22.5000   -7.500015182.7217   17.7194
    0.0000  -22.5000   -7.500015901.6689   17.8128
    7.5000  -22.5000   -7.500015091.1162   17.7328
   -7.5000  -15.0000   -7.500016186.0293   17.7051
    0.0000  -15.0000   -7.500017078.4375   17.7981
    7.5000  -15.0000   -7.500016299.1221   17.7196
   -7.5000   -7.5000   -7.500017223.4824   17.5992
    0.0000   -7.5000   -7.500018236.4883   17.6897
    7.5000   -7.5000   -7.500017482.4688   17.6140
   -7.5000    0.0000   -7.500018120.2988   17.5090
    0.0000    0.0000   -7.500019178.6621   17.5981
    7.5000    0.0000   -7.500018388.9473   17.5236
   -7.5000    7.5000   -7.500017510.2617   17.5278
    0.0000    7.5000   -7.500018546.9961   17.6168
    7.5000    7.5000   -7.500017728.7578   17.5410
   -7.5000   15.0000   -7.500016623.4648   17.6349
    0.0000   15.0000   -7.500017582.6445   17.7258
    7.5000   15.0000   -7.500016778.5957   17.6473
   -7.5000   22.5000   -7.500015602.8857   17.7112
    0.0000   22.5000   -7.500016454.9512   17.8046
    7.5000   22.5000   -7.500015651.3154   17.7246
   -7.5000   30.0000   -7.500014457.6182   17.4755
    0.0000   30.0000   -7.500015219.6553   17.5673
    7.5000   30.0000   -7.500014444.6621   17.4898
   -7.5000   37.5000   -7.500013779.4766   17.3710
    0.0000   37.5000   -7.500014479.0723   17.4603
    7.5000   37.5000   -7.500013696.9258   17.3856
   -7.5000   45.0000   -7.500012585.5664   16.8754
    0.0000   45.0000   -7.500013210.7041   16.9613
    7.5000   45.0000   -7.500012500.3818   16.8895
   -7.5000  -45.0000    0.000012310.8525   17.3681
    0.0000  -45.0000    0.000012850.5166   17.4562
    7.5000  -45.0000    0.000012230.8154   17.3860
   -7.5000  -37.5000    0.000013132.4805   17.3880
    0.0000  -37.5000    0.000013715.6484   17.4762
    7.5000  -37.5000    0.000013030.8613   17.4045
   -7.5000  -30.0000    0.000014507.6113   17.4967
    0.0000  -30.0000    0.000015122.9814   17.5859
    7.5000  -30.0000    0.000014335.1074   17.5103
   -7.5000  -22.5000    0.000015925.3018   17.5822
    0.0000  -22.5000    0.000016635.7852   17.6728
    7.5000  -22.5000    0.000015668.1875   17.5942
   -7.5000  -15.0000    0.000017084.3320   17.5671
    0.0000  -15.0000    0.000018044.9922   17.6571
    7.5000  -15.0000    0.000016977.6914   17.5799
   -7.5000   -7.5000    0.000018109.4277   17.4592
    0.0000   -7.5000    0.000019315.7285   17.5479
    7.5000   -7.5000    0.000018284.0449   17.4748
   -7.5000    0.0000    0.000019007.9160   17.3681
    0.0000    0.0000    0.000020325.9258   17.4562
    7.5000    0.0000    0.000019267.6113   17.3860
   -7.5000    7.5000    0.000018407.8418   17.3880
    0.0000    7.5000    0.000019625.0078   17.4762
    7.5000    7.5000    0.000018559.4004   17.4045
   -7.5000   15.0000    0.000017500.4219   17.4967
    0.0000   15.0000    0.000018562.5547   17.5859
    7.5000   15.0000    0.000017536.2422   17.5103
   -7.5000   22.5000    0.000016384.8203   17.5741
    0.0000   22.5000    0.000017294.7441   17.6646
    7.5000   22.5000    0.000016335.8086   17.5861
   -7.5000   30.0000    0.000015152.5693   17.3398
    0.0000   30.0000    0.000015950.3672   17.4286
    7.5000   30.0000    0.000015097.4131   17.3524
   -7.5000   37.5000    0.000014436.6318   17.2332
    0.0000   37.5000    0.000015171.5840   17.3208
    7.5000   37.5000    0.000014347.8809   17.2486
   -7.5000   45.0000    0.000013192.2822   16.7409
    0.0000   45.0000    0.000013851.7686   16.8258
    7.5000   45.0000    0.000013100.2188   16.7581
   -7.5000  -45.0000    7.500011818.0332   17.5844
    0.0000  -45.0000    7.500012381.9355   17.6739
    7.5000  -45.0000    7.500011825.9600   17.6004
   -7.5000  -37.5000    7.500012595.0508   17.5999
    0.0000  -37.5000    7.500013233.0254   17.6912
    7.5000  -37.5000    7.500012599.2520   17.6188
   -7.5000  -30.0000    7.500013895.1846   17.7102
    0.0000  -30.0000    7.500014604.9316   17.8035
    7.5000  -30.0000    7.500013835.3555   17.7296
   -7.5000  -22.5000    7.500015321.7988   17.8013
    0.0000  -22.5000    7.500016117.5283   17.8951
    7.5000  -22.5000    7.500015105.3711   17.8185
   -7.5000  -15.0000    7.500016762.9316   17.7912
    0.0000  -15.0000    7.500017686.2832   17.8827
    7.5000  -15.0000    7.500016433.5156   17.8049
   -7.5000   -7.5000    7.500018030.1875   17.6820
    0.0000   -7.5000    7.500019090.3691   17.7711
    7.5000   -7.5000    7.500017758.3652   17.6948
   -7.5000    0.0000    7.500018856.3965   17.5844
    0.0000    0.0000    7.500019963.0820   17.6739
    7.5000    0.0000    7.500018651.4199   17.6004
   -7.5000    7.5000    7.500018071.2637   17.5999
    0.0000    7.5000    7.500019141.8008   17.6912
    7.5000    7.5000    7.500017972.4902   17.6188
   -7.5000   15.0000    7.500017013.5449   17.7102
    0.0000   15.0000    7.500018033.5664   17.8035
    7.5000   15.0000    7.500017005.9297   17.7296
   -7.5000   22.5000    7.500015812.6182   17.7931
    0.0000   22.5000    7.500016742.0977   17.8869
    7.5000   22.5000    7.500015841.5439   17.8103
   -7.5000   30.0000    7.500014613.6426   17.5610
    0.0000   30.0000    7.500015454.4326   17.6512
    7.5000   30.0000    7.500014636.5010   17.5744
   -7.5000   37.5000    7.500013941.7441   17.4531
    0.0000   37.5000    7.500014722.6230   17.5411
    7.5000   37.5000    7.500013925.6924   17.4658
   -7.5000   45.0000    7.500012794.9990   16.9494
    0.0000   45.0000    7.500013468.9023   17.0356
    7.5000   45.0000    7.500012737.7520   16.9648
   -7.5000  -45.0000   15.000011295.1494   17.9363
    0.0000  -45.0000   15.000011839.4619   18.0286
    7.5000  -45.0000   15.000011299.9824   17.9485
   -7.5000  -37.5000   15.000012054.3311   17.9471
    0.0000  -37.5000   15.000012680.4600   18.0429
    7.5000  -37.5000   15.000012049.4834   17.9668
   -7.5000  -30.0000   15.000013280.6279   18.0561
    0.0000  -30.0000   15.000014022.6670   18.1556
    7.5000  -30.0000   15.000013266.6885   18.0817
   -7.5000  -22.5000   15.000014580.0410   18.1504
    0.0000  -22.5000   15.000015486.5303   18.2503
    7.5000  -22.5000   15.000014522.0850   18.1751
   -7.5000  -15.0000   15.000015873.4141   18.1456
    0.0000  -15.0000   15.000016907.7812   18.2413
    7.5000  -15.0000   15.000015774.7139   18.1622
   -7.5000   -7.5000   15.000017088.8672   18.0375
    0.0000   -7.5000   15.000018103.5801   18.1294
    7.5000   -7.5000   15.000016933.0566   18.0478
   -7.5000    0.0000   15.000017947.3984   17.9363
    0.0000    0.0000   15.000018928.3320   18.0286
    7.5000    0.0000   15.000017781.6758   17.9485
   -7.5000    7.5000   15.000017232.4922   17.9471
    0.0000    7.5000   15.000018185.3789   18.0429
    7.5000    7.5000   15.000017174.9688   17.9668
   -7.5000   15.0000   15.000016261.4570   18.0561
    0.0000   15.0000   15.000017168.1523   18.1556
    7.5000   15.0000   15.000016290.1797   18.0817
   -7.5000   22.5000   15.000015120.0205   18.1420
    0.0000   22.5000   15.000015945.5938   18.2419
    7.5000   22.5000   15.000015145.9365   18.1667
   -7.5000   30.0000   15.000014010.1562   17.9107
    0.0000   30.0000   15.000014747.1406   18.0053
    7.5000   30.0000   15.000013996.9062   17.9271
   -7.5000   37.5000   15.000013380.1621   17.8041
    0.0000   37.5000   15.000014080.8281   17.8948
    7.5000   37.5000   15.000013332.4082   17.8142
   -7.5000   45.0000   15.000012288.4746   17.2885
    0.0000   45.0000   15.000012935.3350   17.3775
    7.5000   45.0000   15.000012229.5723   17.3003
   -7.5000  -45.0000   22.500010726.9541   18.3306
    0.0000  -45.0000   22.500011260.9658   18.4269
    7.5000  -45.0000   22.500010731.9072   18.3443
   -7.5000  -37.5000   22.500011427.5791   18.3423
    0.0000  -37.5000   22.500012017.1777   18.4419
    7.5000  -37.5000   22.500011446.8369   18.3631
   -7.5000  -30.0000   22.500012551.3828   18.4523
    0.0000  -30.0000   22.500013221.5332   18.5567
    7.5000  -30.0000   22.500012584.0918   18.4812
   -7.5000  -22.5000   22.500013706.9512   18.5471
    0.0000  -22.5000   22.500014530.2832   18.6528
    7.5000  -22.5000   22.500013769.6748   18.5774
   -7.5000  -15.0000   22.500014847.5283   18.5420
    0.0000  -15.0000   22.500015724.0088   18.6436
    7.5000  -15.0000   22.500014897.6982   18.5646
   -7.5000   -7.5000   22.500015971.9443   18.4327
    0.0000   -7.5000   22.500016798.5977   18.5293
    7.5000   -7.5000   22.500015942.4580   18.4466
   -7.5000    0.0000   22.500016771.3691   18.3306
    0.0000    0.0000   22.500017614.2559   18.4269
    7.5000    0.0000   22.500016714.7070   18.3443
   -7.5000    7.5000   22.500016188.3799   18.3423
    0.0000    7.5000   22.500017035.0605   18.4419
    7.5000    7.5000   22.500016170.4688   18.3631
   -7.5000   15.0000   22.500015355.9727   18.4523
    0.0000   15.0000   22.500016167.5547   18.5567
    7.5000   15.0000   22.500015354.8438   18.4812
   -7.5000   22.5000   22.500014308.6963   18.5386
    0.0000   22.5000   22.500015048.9619   18.6443
    7.5000   22.5000   22.500014287.3203   18.5689
   -7.5000   30.0000   22.500013277.2139   18.3021
    0.0000   30.0000   22.500013947.0010   18.4023
    7.5000   30.0000   22.500013224.6895   18.3244
   -7.5000   37.5000   22.500012706.7324   18.1941
    0.0000   37.5000   22.500013350.6826   18.2895
    7.5000   37.5000   22.500012624.5371   18.2078
   -7.5000   45.0000   22.500011681.1992   17.6686
    0.0000   45.0000   22.500012274.0029   17.7614
    7.5000   45.0000   22.500011605.0615   17.6818
   -7.5000  -45.0000   30.000010169.1807   18.8933
    0.0000  -45.0000   30.000010665.2129   18.9949
    7.5000  -45.0000   30.000010194.7734   18.9150
   -7.5000  -37.5000   30.000010825.3496   18.9127
    0.0000  -37.5000   30.000011340.0566   19.0161
    7.5000  -37.5000   30.000010827.1279   18.9373
   -7.5000  -30.0000   30.000011889.1621   19.0297
    0.0000  -30.0000   30.000012448.6582   19.1371
    7.5000  -30.0000   30.000011897.4570   19.0593
   -7.5000  -22.5000   30.000012985.0283   19.1240
    0.0000  -22.5000   30.000013645.7041   19.2343
    7.5000  -22.5000   30.000013024.7910   19.1565
   -7.5000  -15.0000   30.000014082.5439   19.1116
    0.0000  -15.0000   30.000014737.6123   19.2195
    7.5000  -15.0000   30.000014071.5791   19.1408
   -7.5000   -7.5000   30.000015121.9531   18.9948
    0.0000   -7.5000   30.000015780.6084   19.0981
    7.5000   -7.5000   30.000015041.7568   19.0181
   -7.5000    0.0000   30.000015871.4326   18.8933
    0.0000    0.0000   30.000016576.9453   18.9949
    7.5000    0.0000   30.000015791.7773   18.9150
   -7.5000    7.5000   30.000015331.5752   18.9127
    0.0000    7.5000   30.000016057.6934   19.0161
    7.5000    7.5000   30.000015282.1055   18.9373
   -7.5000   15.0000   30.000014580.2695   19.0297
    0.0000   15.0000   30.000015284.9883   19.1371
    7.5000   15.0000   30.000014527.7393   19.0593
   -7.5000   22.5000   30.000013601.4746   19.1152
    0.0000   22.5000   30.000014260.8711   19.2254
    7.5000   22.5000   30.000013542.1475   19.1477
   -7.5000   30.0000   30.000012612.8457   18.8643
    0.0000   30.0000   30.000013239.2217   18.9708
    7.5000   30.0000   30.000012546.7793   18.8931
   -7.5000   37.5000   30.000012087.6768   18.7490
    0.0000   37.5000   30.000012694.5000   18.8510
    7.5000   37.5000   30.000012000.8115   18.7720
   -7.5000   45.0000   30.000011093.1494   18.2110
    0.0000   45.0000   30.000011646.8018   18.3089
    7.5000   45.0000   30.000011020.4414   18.2319
   -7.5000  -45.0000   37.5000 9966.7969   19.3355
    0.0000  -45.0000   37.500010450.2969   19.4423
    7.5000  -45.0000   37.5000 9973.0410   19.3697
   -7.5000  -37.5000   37.500010632.7275   19.3654
    0.0000  -37.5000   37.500011117.7275   19.4721
    7.5000  -37.5000   37.500010597.6914   19.3982
   -7.5000  -30.0000   37.500011694.2988   19.4916
    0.0000  -30.0000   37.500012224.3584   19.6007
    7.5000  -30.0000   37.500011663.2617   19.5235
   -7.5000  -22.5000   37.500012793.7012   19.5857
    0.0000  -22.5000   37.500013392.9307   19.6977
    7.5000  -22.5000   37.500012769.9277   19.6186
   -7.5000  -15.0000   37.500013851.1162   19.5638
    0.0000  -15.0000   37.500014444.8232   19.6751
    7.5000  -15.0000   37.500013787.0820   19.5975
   -7.5000   -7.5000   37.500014830.4951   19.4366
    0.0000   -7.5000   37.500015469.9004   19.5451
    7.5000   -7.5000   37.500014762.8125   19.4707
   -7.5000    0.0000   37.500015559.3096   19.3355
    0.0000    0.0000   37.500016246.7939   19.4423
    7.5000    0.0000   37.500015488.5449   19.3697
   -7.5000    7.5000   37.500015057.9365   19.3654
    0.0000    7.5000   37.500015730.1475   19.4721
    7.5000    7.5000   37.500014983.6943   19.3982
   -7.5000   15.0000   37.500014322.0186   19.4916
    0.0000   15.0000   37.500014977.3936   19.6007
    7.5000   15.0000   37.500014248.3750   19.5235
   -7.5000   22.5000   37.500013372.6748   19.5767
    0.0000   22.5000   37.500014013.4932   19.6886
    7.5000   22.5000   37.500013302.1650   19.6095
   -7.5000   30.0000   37.500012417.7764   19.3106
    0.0000   30.0000   37.500013022.3594   19.4205
    7.5000   30.0000   37.500012338.6943   19.3439
   -7.5000   37.5000   37.500011915.0293   19.1850
    0.0000   37.5000   37.500012490.7705   19.2921
    7.5000   37.5000   37.500011825.3809   19.2187
   -7.5000   45.0000   37.500010927.9395   18.6372
    0.0000   45.0000   37.500011452.4219   18.7402
    7.5000   45.0000   37.500010831.9873   18.6701
   -7.5000  -45.0000   45.0000 9413.4961   19.9490
    0.0000  -45.0000   45.0000 9860.4004   20.0604
    7.5000  -45.0000   45.0000 9408.8389   19.9888
   -7.5000  -37.5000   45.000010053.2646   19.9839
    0.0000  -37.5000   45.000010509.0195   20.0960
    7.5000  -37.5000   45.000010014.2881   20.0230
   -7.5000  -30.0000   45.000011072.8486   20.1213
    0.0000  -30.0000   45.000011567.7129   20.2351
    7.5000  -30.0000   45.000011032.8545   20.1565
   -7.5000  -22.5000   45.000012126.9688   20.2223
    0.0000  -22.5000   45.000012682.4600   20.3378
    7.5000  -22.5000   45.000012081.4287   20.2548
   -7.5000  -15.0000   45.000013119.0020   20.1971
    0.0000  -15.0000   45.000013675.3174   20.3111
    7.5000  -15.0000   45.000013045.9570   20.2296
   -7.5000   -7.5000   45.000014035.6943   20.0577
    0.0000   -7.5000   45.000014647.1270   20.1695
    7.5000   -7.5000   45.000013969.3223   20.0938
   -7.5000    0.0000   45.000014688.1504   19.9490
    0.0000    0.0000   45.000015344.4609   20.0604
    7.5000    0.0000   45.000014630.8018   19.9888
   -7.5000    7.5000   45.000014209.6895   19.9839
    0.0000    7.5000   45.000014842.2451   20.0960
    7.5000    7.5000   45.000014151.5527   20.0230
   -7.5000   15.0000   45.000013528.1670   20.1213
    0.0000   15.0000   45.000014144.8066   20.2351
    7.5000   15.0000   45.000013453.7402   20.1565
   -7.5000   22.5000   45.000012651.7949   20.2130
    0.0000   22.5000   45.000013245.3789   20.3284
    7.5000   22.5000   45.000012582.4180   20.2454
   -7.5000   30.0000   45.000011743.5771   19.9339
    0.0000   30.0000   45.000012311.8564   20.0465
    7.5000   30.0000   45.000011673.6895   19.9661
   -7.5000   37.5000   45.000011268.0410   19.7964
    0.0000   37.5000   45.000011814.7959   19.9068
    7.5000   37.5000   45.000011188.4375   19.8320
   -7.5000   45.0000   45.000010330.1758   19.2373
    0.0000   45.0000   45.000010825.2031   19.3446
    7.5000   45.0000   45.000010242.4150   19.2757

---------------------------------------------------------------------
imgreg_4dfp /opt/freesurfer/average/711-2C_as_mni_average_305 /opt/freesurfer/average/711-2B_as_mni_average_305_mask talsrcimg_g11 none talsrcimg_to_711-2C_as_mni_average_305_t4 4355
---------------------------------------------------------------------

freesurfer imgreg_4dfp.c
/opt/freesurfer/average/711-2C_as_mni_average_305.4dfp.img
       256       256       256         1
  1.000000  1.000000  1.000000
orientation T byte_order littleendian
Reading image: /opt/freesurfer/average/711-2C_as_mni_average_305.4dfp.img
dimensions:      256       256       256
mmppix:       1.0000   -1.0000   -1.0000
center:     128.0000 -129.0000 -129.0000
/opt/freesurfer/average/711-2B_as_mni_average_305_mask.4dfp.img
       256       256       256         1
  1.000000  1.000000  1.000000
orientation T byte_order littleendian
Reading mask: /opt/freesurfer/average/711-2B_as_mni_average_305_mask.4dfp.img (2306576 pixels)
talsrcimg_g11.4dfp.img
       320       320       320         1
  0.800000  0.800000  0.800000
orientation T byte_order littleendian
Reading image: talsrcimg_g11.4dfp.img
dimensions:      320       320       320
mmppix:       0.8000   -0.8000   -0.8000
center:     128.0000 -128.8000 -128.8000
rotation matrix determinant  1.000000
image alignment mode   4355 decimal     1103 hex
   -7.5000  -45.0000  -45.0000 2514.1614   23.8353
    0.0000  -45.0000  -45.0000 2522.3618   23.9940
    7.5000  -45.0000  -45.0000 2513.4106   24.0533
   -7.5000  -37.5000  -45.0000 2582.8281   22.1564
    0.0000  -37.5000  -45.0000 2590.1157   22.3096
    7.5000  -37.5000  -45.0000 2582.9014   22.4174
   -7.5000  -30.0000  -45.0000 2633.0088   20.9873
    0.0000  -30.0000  -45.0000 2639.5308   21.0912
    7.5000  -30.0000  -45.0000 2630.0349   21.2217
   -7.5000  -22.5000  -45.0000 2666.8743   20.1350
    0.0000  -22.5000  -45.0000 2671.6279   20.1864
    7.5000  -22.5000  -45.0000 2659.4968   20.3465
   -7.5000  -15.0000  -45.0000 2692.2488   19.6213
    0.0000  -15.0000  -45.0000 2691.7488   19.6558
    7.5000  -15.0000  -45.0000 2681.5859   19.8279
   -7.5000   -7.5000  -45.0000 2701.4114   19.4380
    0.0000   -7.5000  -45.0000 2698.9050   19.4730
    7.5000   -7.5000  -45.0000 2689.5400   19.6681
   -7.5000    0.0000  -45.0000 2698.9951   19.5119
    0.0000    0.0000  -45.0000 2699.3943   19.6066
    7.5000    0.0000  -45.0000 2688.9302   19.8094
   -7.5000    7.5000  -45.0000 2692.3984   19.9467
    0.0000    7.5000  -45.0000 2690.6375   20.0183
    7.5000    7.5000  -45.0000 2679.0286   20.2425
   -7.5000   15.0000  -45.0000 2659.7764   20.7582
    0.0000   15.0000  -45.0000 2660.6704   20.8180
    7.5000   15.0000  -45.0000 2647.6753   21.0090
   -7.5000   22.5000  -45.0000 2602.7878   21.9621
    0.0000   22.5000  -45.0000 2605.0608   22.0274
    7.5000   22.5000  -45.0000 2593.8503   22.2001
   -7.5000   30.0000  -45.0000 2523.4722   23.5736
    0.0000   30.0000  -45.0000 2528.9492   23.6708
    7.5000   30.0000  -45.0000 2517.1951   23.8512
   -7.5000   37.5000  -45.0000 2436.5925   25.5136
    0.0000   37.5000  -45.0000 2442.0420   25.6441
    7.5000   37.5000  -45.0000 2431.1997   25.9114
   -7.5000   45.0000  -45.0000 2338.8064   27.8880
    0.0000   45.0000  -45.0000 2346.8164   28.0112
    7.5000   45.0000  -45.0000 2336.5732   28.3468
   -7.5000  -45.0000  -37.5000 2549.2229   23.1099
    0.0000  -45.0000  -37.5000 2556.8743   23.1464
    7.5000  -45.0000  -37.5000 2547.1616   23.2658
   -7.5000  -37.5000  -37.5000 2620.2634   21.4334
    0.0000  -37.5000  -37.5000 2624.7290   21.4715
    7.5000  -37.5000  -37.5000 2616.7209   21.6097
   -7.5000  -30.0000  -37.5000 2670.7683   20.1886
    0.0000  -30.0000  -37.5000 2674.2332   20.2406
    7.5000  -30.0000  -37.5000 2669.3931   20.4260
   -7.5000  -22.5000  -37.5000 2705.8696   19.3701
    0.0000  -22.5000  -37.5000 2707.7517   19.3742
    7.5000  -22.5000  -37.5000 2700.3735   19.5685
   -7.5000  -15.0000  -37.5000 2731.5642   18.8590
    0.0000  -15.0000  -37.5000 2728.6406   18.8414
    7.5000  -15.0000  -37.5000 2722.9302   19.0415
   -7.5000   -7.5000  -37.5000 2743.5068   18.6611
    0.0000   -7.5000  -37.5000 2736.8904   18.6469
    7.5000   -7.5000  -37.5000 2733.8420   18.8505
   -7.5000    0.0000  -37.5000 2741.9082   18.7256
    0.0000    0.0000  -37.5000 2738.5232   18.7627
    7.5000    0.0000  -37.5000 2728.2700   18.9701
   -7.5000    7.5000  -37.5000 2728.5637   19.1109
    0.0000    7.5000  -37.5000 2724.1406   19.1412
    7.5000    7.5000  -37.5000 2708.9475   19.3502
   -7.5000   15.0000  -37.5000 2696.5979   19.8563
    0.0000   15.0000  -37.5000 2692.7444   19.8883
    7.5000   15.0000  -37.5000 2677.0967   20.0958
   -7.5000   22.5000  -37.5000 2638.6072   21.0046
    0.0000   22.5000  -37.5000 2638.1924   21.0679
    7.5000   22.5000  -37.5000 2622.7834   21.2479
   -7.5000   30.0000  -37.5000 2556.7356   22.5455
    0.0000   30.0000  -37.5000 2558.5259   22.6116
    7.5000   30.0000  -37.5000 2545.0686   22.8179
   -7.5000   37.5000  -37.5000 2466.7405   24.4350
    0.0000   37.5000  -37.5000 2471.9509   24.5076
    7.5000   37.5000  -37.5000 2456.0132   24.7562
   -7.5000   45.0000  -37.5000 2367.9475   26.6979
    0.0000   45.0000  -37.5000 2375.3625   26.8112
    7.5000   45.0000  -37.5000 2358.7104   27.0324
   -7.5000  -45.0000  -30.0000 2644.5098   22.9358
    0.0000  -45.0000  -30.0000 2649.3787   22.9080
    7.5000  -45.0000  -30.0000 2638.8711   23.1103
   -7.5000  -37.5000  -30.0000 2718.4285   21.2518
    0.0000  -37.5000  -30.0000 2720.9998   21.2166
    7.5000  -37.5000  -30.0000 2717.5222   21.4511
   -7.5000  -30.0000  -30.0000 2768.4485   19.9608
    0.0000  -30.0000  -30.0000 2770.4956   19.9294
    7.5000  -30.0000  -30.0000 2769.2556   20.1652
   -7.5000  -22.5000  -30.0000 2809.1687   19.0401
    0.0000  -22.5000  -30.0000 2807.0591   19.0255
    7.5000  -22.5000  -30.0000 2808.0249   19.2537
   -7.5000  -15.0000  -30.0000 2840.8323   18.5048
    0.0000  -15.0000  -30.0000 2835.8157   18.4851
    7.5000  -15.0000  -30.0000 2833.1289   18.7105
   -7.5000   -7.5000  -30.0000 2855.1855   18.2790
    0.0000   -7.5000  -30.0000 2850.8965   18.2582
    7.5000   -7.5000  -30.0000 2846.6582   18.4740
   -7.5000    0.0000  -30.0000 2852.2664   18.3399
    0.0000    0.0000  -30.0000 2847.4468   18.3598
    7.5000    0.0000  -30.0000 2841.8611   18.5713
   -7.5000    7.5000  -30.0000 2838.2693   18.6937
    0.0000    7.5000  -30.0000 2832.3105   18.6855
    7.5000    7.5000  -30.0000 2824.1377   18.9340
   -7.5000   15.0000  -30.0000 2803.9666   19.3814
    0.0000   15.0000  -30.0000 2799.7292   19.3798
    7.5000   15.0000  -30.0000 2787.7012   19.6457
   -7.5000   22.5000  -30.0000 2748.3445   20.4628
    0.0000   22.5000  -30.0000 2742.3281   20.4973
    7.5000   22.5000  -30.0000 2730.3062   20.7306
   -7.5000   30.0000  -30.0000 2663.5229   21.9537
    0.0000   30.0000  -30.0000 2663.3401   21.9785
    7.5000   30.0000  -30.0000 2651.7732   22.2130
   -7.5000   37.5000  -30.0000 2567.6873   23.7891
    0.0000   37.5000  -30.0000 2568.0945   23.7960
    7.5000   37.5000  -30.0000 2558.4148   24.0428
   -7.5000   45.0000  -30.0000 2465.8765   25.9783
    0.0000   45.0000  -30.0000 2466.9402   25.9946
    7.5000   45.0000  -30.0000 2456.9897   26.2339
   -7.5000  -45.0000  -22.5000 2698.3105   22.7509
    0.0000  -45.0000  -22.5000 2699.2380   22.6782
    7.5000  -45.0000  -22.5000 2694.2996   22.8695
   -7.5000  -37.5000  -22.5000 2768.8435   20.9931
    0.0000  -37.5000  -22.5000 2772.4670   20.9638
    7.5000  -37.5000  -22.5000 2769.5686   21.1857
   -7.5000  -30.0000  -22.5000 2822.0417   19.6674
    0.0000  -30.0000  -22.5000 2823.9346   19.6292
    7.5000  -30.0000  -22.5000 2824.8574   19.8877
   -7.5000  -22.5000  -22.5000 2861.8843   18.6630
    0.0000  -22.5000  -22.5000 2862.5361   18.6531
    7.5000  -22.5000  -22.5000 2867.4714   18.9367
   -7.5000  -15.0000  -22.5000 2896.8718   18.0443
    0.0000  -15.0000  -22.5000 2893.3940   18.0464
    7.5000  -15.0000  -22.5000 2895.7356   18.3411
   -7.5000   -7.5000  -22.5000 2917.5161   17.7756
    0.0000   -7.5000  -22.5000 2910.6130   17.7871
    7.5000   -7.5000  -22.5000 2912.6519   18.0616
   -7.5000    0.0000  -22.5000 2919.5554   17.8749
    0.0000    0.0000  -22.5000 2909.0969   17.8613
    7.5000    0.0000  -22.5000 2908.7871   18.1314
   -7.5000    7.5000  -22.5000 2904.9053   18.2330
    0.0000    7.5000  -22.5000 2895.4126   18.1755
    7.5000    7.5000  -22.5000 2897.1641   18.4774
   -7.5000   15.0000  -22.5000 2872.1189   18.9014
    0.0000   15.0000  -22.5000 2866.1755   18.8586
    7.5000   15.0000  -22.5000 2865.6624   19.1610
   -7.5000   22.5000  -22.5000 2812.1055   19.9361
    0.0000   22.5000  -22.5000 2807.2051   19.9255
    7.5000   22.5000  -22.5000 2804.2463   20.2098
   -7.5000   30.0000  -22.5000 2730.0396   21.3899
    0.0000   30.0000  -22.5000 2724.9761   21.3561
    7.5000   30.0000  -22.5000 2719.8323   21.6509
   -7.5000   37.5000  -22.5000 2631.1848   23.1430
    0.0000   37.5000  -22.5000 2631.0474   23.1346
    7.5000   37.5000  -22.5000 2622.9802   23.3824
   -7.5000   45.0000  -22.5000 2521.0090   25.2641
    0.0000   45.0000  -22.5000 2523.9441   25.2757
    7.5000   45.0000  -22.5000 2517.8311   25.5168
   -7.5000  -45.0000  -15.0000 2718.5623   22.6615
    0.0000  -45.0000  -15.0000 2720.5586   22.5551
    7.5000  -45.0000  -15.0000 2723.3403   22.7457
   -7.5000  -37.5000  -15.0000 2790.7029   20.8525
    0.0000  -37.5000  -15.0000 2792.8013   20.7751
    7.5000  -37.5000  -15.0000 2799.1985   21.0501
   -7.5000  -30.0000  -15.0000 2843.4919   19.4496
    0.0000  -30.0000  -15.0000 2848.1313   19.4278
    7.5000  -30.0000  -15.0000 2852.1199   19.7157
   -7.5000  -22.5000  -15.0000 2883.5696   18.3701
    0.0000  -22.5000  -15.0000 2888.3154   18.3806
    7.5000  -22.5000  -15.0000 2894.3660   18.7204
   -7.5000  -15.0000  -15.0000 2915.3484   17.6317
    0.0000  -15.0000  -15.0000 2917.6724   17.6788
    7.5000  -15.0000  -15.0000 2928.9502   18.0939
   -7.5000   -7.5000  -15.0000 2939.0713   17.3096
    0.0000   -7.5000  -15.0000 2936.6926   17.3454
    7.5000   -7.5000  -15.0000 2950.3569   17.7648
   -7.5000    0.0000  -15.0000 2949.6648   17.4405
    0.0000    0.0000  -15.0000 2941.5764   17.4005
    7.5000    0.0000  -15.0000 2955.5071   17.8156
   -7.5000    7.5000  -15.0000 2937.6462   17.8174
    0.0000    7.5000  -15.0000 2932.3701   17.7620
    7.5000    7.5000  -15.0000 2942.2737   18.1391
   -7.5000   15.0000  -15.0000 2903.6318   18.4874
    0.0000   15.0000  -15.0000 2903.4055   18.4591
    7.5000   15.0000  -15.0000 2913.4558   18.8347
   -7.5000   22.5000  -15.0000 2841.5452   19.5097
    0.0000   22.5000  -15.0000 2843.5669   19.5167
    7.5000   22.5000  -15.0000 2854.5757   19.8871
   -7.5000   30.0000  -15.0000 2759.8149   20.8882
    0.0000   30.0000  -15.0000 2760.9727   20.9017
    7.5000   30.0000  -15.0000 2767.5371   21.2770
   -7.5000   37.5000  -15.0000 2666.5276   22.6144
    0.0000   37.5000  -15.0000 2669.6685   22.6481
    7.5000   37.5000  -15.0000 2670.1724   22.9780
   -7.5000   45.0000  -15.0000 2556.0000   24.7073
    0.0000   45.0000  -15.0000 2564.0310   24.7787
    7.5000   45.0000  -15.0000 2558.7100   25.0778
   -7.5000  -45.0000   -7.5000 2724.5369   22.6662
    0.0000  -45.0000   -7.5000 2727.2529   22.5153
    7.5000  -45.0000   -7.5000 2725.4353   22.6513
   -7.5000  -37.5000   -7.5000 2796.2693   20.8433
    0.0000  -37.5000   -7.5000 2797.4504   20.7105
    7.5000  -37.5000   -7.5000 2798.2754   20.8831
   -7.5000  -30.0000   -7.5000 2850.3267   19.4091
    0.0000  -30.0000   -7.5000 2852.9468   19.3139
    7.5000  -30.0000   -7.5000 2854.3442   19.5346
   -7.5000  -22.5000   -7.5000 2895.7317   18.3013
    0.0000  -22.5000   -7.5000 2900.0200   18.2669
    7.5000  -22.5000   -7.5000 2902.7280   18.5113
   -7.5000  -15.0000   -7.5000 2918.3657   17.4131
    0.0000  -15.0000   -7.5000 2928.5273   17.5030
    7.5000  -15.0000   -7.5000 2936.7532   17.8396
   -7.5000   -7.5000   -7.5000 2935.2466   16.9185
    0.0000   -7.5000   -7.5000 2947.4092   17.0809
    7.5000   -7.5000   -7.5000 2959.0977   17.5073
   -7.5000    0.0000   -7.5000 2946.1099   17.0491
    0.0000    0.0000   -7.5000 2957.5149   17.1079
    7.5000    0.0000   -7.5000 2971.5498   17.5801
   -7.5000    7.5000   -7.5000 2946.2222   17.4952
    0.0000    7.5000   -7.5000 2958.1335   17.5296
    7.5000    7.5000   -7.5000 2965.1121   17.9359
   -7.5000   15.0000   -7.5000 2918.2996   18.2070
    0.0000   15.0000   -7.5000 2931.8779   18.2508
    7.5000   15.0000   -7.5000 2936.0833   18.6021
   -7.5000   22.5000   -7.5000 2859.4438   19.2488
    0.0000   22.5000   -7.5000 2868.6514   19.2522
    7.5000   22.5000   -7.5000 2872.6838   19.5741
   -7.5000   30.0000   -7.5000 2777.1370   20.5974
    0.0000   30.0000   -7.5000 2786.4673   20.6190
    7.5000   30.0000   -7.5000 2786.1453   20.9118
   -7.5000   37.5000   -7.5000 2682.5818   22.2822
    0.0000   37.5000   -7.5000 2695.7607   22.3322
    7.5000   37.5000   -7.5000 2690.9963   22.6323
   -7.5000   45.0000   -7.5000 2573.8076   24.3251
    0.0000   45.0000   -7.5000 2586.0408   24.4341
    7.5000   45.0000   -7.5000 2583.9268   24.7437
   -7.5000  -45.0000    0.0000 2723.6213   22.8085
    0.0000  -45.0000    0.0000 2719.0361   22.6032
    7.5000  -45.0000    0.0000 2716.8137   22.6917
   -7.5000  -37.5000    0.0000 2793.0769   20.9369
    0.0000  -37.5000    0.0000 2789.0066   20.7963
    7.5000  -37.5000    0.0000 2788.0063   20.8936
   -7.5000  -30.0000    0.0000 2851.1997   19.4952
    0.0000  -30.0000    0.0000 2848.3508   19.3955
    7.5000  -30.0000    0.0000 2848.5073   19.5046
   -7.5000  -22.5000    0.0000 2902.0730   18.4344
    0.0000  -22.5000    0.0000 2901.3789   18.3317
    7.5000  -22.5000    0.0000 2905.3484   18.4647
   -7.5000  -15.0000    0.0000 2937.4619   17.6445
    0.0000  -15.0000    0.0000 2946.4919   17.6136
    7.5000  -15.0000    0.0000 2946.2375   17.7777
   -7.5000   -7.5000    0.0000 2943.8701   17.0089
    0.0000   -7.5000    0.0000 2978.0273   17.2203
    7.5000   -7.5000    0.0000 2971.5068   17.4474
   -7.5000    0.0000    0.0000 2955.7104   17.0188
    0.0000    0.0000    0.0000 2992.8145   17.2096
    7.5000    0.0000    0.0000 2991.1409   17.4862
   -7.5000    7.5000    0.0000 2961.2224   17.4388
    0.0000    7.5000    0.0000 2989.3660   17.5539
    7.5000    7.5000    0.0000 2983.3577   17.7908
   -7.5000   15.0000    0.0000 2938.6575   18.1524
    0.0000   15.0000    0.0000 2951.7144   18.1403
    7.5000   15.0000    0.0000 2948.0632   18.3887
   -7.5000   22.5000    0.0000 2879.9551   19.1739
    0.0000   22.5000    0.0000 2887.0264   19.0957
    7.5000   22.5000    0.0000 2882.7654   19.3189
   -7.5000   30.0000    0.0000 2795.9846   20.5459
    0.0000   30.0000    0.0000 2799.8093   20.4603
    7.5000   30.0000    0.0000 2798.6169   20.6912
   -7.5000   37.5000    0.0000 2702.7075   22.1994
    0.0000   37.5000    0.0000 2708.6958   22.1435
    7.5000   37.5000    0.0000 2703.2173   22.3971
   -7.5000   45.0000    0.0000 2595.6880   24.2030
    0.0000   45.0000    0.0000 2601.0898   24.2124
    7.5000   45.0000    0.0000 2597.1743   24.4685
   -7.5000  -45.0000    7.5000 2710.2100   23.0489
    0.0000  -45.0000    7.5000 2710.5266   22.8856
    7.5000  -45.0000    7.5000 2709.7764   22.9328
   -7.5000  -37.5000    7.5000 2778.2214   21.1286
    0.0000  -37.5000    7.5000 2780.7109   21.0432
    7.5000  -37.5000    7.5000 2781.6575   21.0752
   -7.5000  -30.0000    7.5000 2841.8660   19.6865
    0.0000  -30.0000    7.5000 2845.4917   19.6514
    7.5000  -30.0000    7.5000 2842.6648   19.6376
   -7.5000  -22.5000    7.5000 2901.4443   18.6522
    0.0000  -22.5000    7.5000 2904.7556   18.6191
    7.5000  -22.5000    7.5000 2895.8176   18.5612
   -7.5000  -15.0000    7.5000 2961.5403   18.0461
    0.0000  -15.0000    7.5000 2968.2341   18.0167
    7.5000  -15.0000    7.5000 2943.4343   17.8519
   -7.5000   -7.5000    7.5000 3003.0266   17.6684
    0.0000   -7.5000    7.5000 3020.8533   17.6762
    7.5000   -7.5000    7.5000 2979.0420   17.5528
   -7.5000    0.0000    7.5000 3009.1995   17.4574
    0.0000    0.0000    7.5000 3036.5713   17.5127
    7.5000    0.0000    7.5000 3003.9624   17.5310
   -7.5000    7.5000    7.5000 2985.5989   17.6066
    0.0000    7.5000    7.5000 3009.9719   17.6240
    7.5000    7.5000    7.5000 2995.7825   17.7543
   -7.5000   15.0000    7.5000 2944.4900   18.1596
    0.0000   15.0000    7.5000 2963.4580   18.1258
    7.5000   15.0000    7.5000 2956.8066   18.3193
   -7.5000   22.5000    7.5000 2880.8713   19.1165
    0.0000   22.5000    7.5000 2893.4758   19.0711
    7.5000   22.5000    7.5000 2893.2559   19.3047
   -7.5000   30.0000    7.5000 2803.0708   20.4819
    0.0000   30.0000    7.5000 2811.8118   20.4373
    7.5000   30.0000    7.5000 2811.2849   20.6787
   -7.5000   37.5000    7.5000 2714.2363   22.1522
    0.0000   37.5000    7.5000 2725.3215   22.1509
    7.5000   37.5000    7.5000 2718.1062   22.3762
   -7.5000   45.0000    7.5000 2612.7979   24.2218
    0.0000   45.0000    7.5000 2618.3833   24.2723
    7.5000   45.0000    7.5000 2609.8279   24.4223
   -7.5000  -45.0000   15.0000 2703.5515   23.5171
    0.0000  -45.0000   15.0000 2703.5061   23.3494
    7.5000  -45.0000   15.0000 2702.3711   23.2977
   -7.5000  -37.5000   15.0000 2779.0706   21.6581
    0.0000  -37.5000   15.0000 2779.0178   21.5501
    7.5000  -37.5000   15.0000 2772.2734   21.4445
   -7.5000  -30.0000   15.0000 2849.3052   20.2469
    0.0000  -30.0000   15.0000 2852.2134   20.2132
    7.5000  -30.0000   15.0000 2833.7627   20.0585
   -7.5000  -22.5000   15.0000 2911.5186   19.1447
    0.0000  -22.5000   15.0000 2915.3806   19.1339
    7.5000  -22.5000   15.0000 2892.5415   18.9592
   -7.5000  -15.0000   15.0000 2964.5811   18.3909
    0.0000  -15.0000   15.0000 2979.8240   18.4343
    7.5000  -15.0000   15.0000 2946.0178   18.2222
   -7.5000   -7.5000   15.0000 3001.4802   17.9436
    0.0000   -7.5000   15.0000 3028.4971   17.9458
    7.5000   -7.5000   15.0000 2986.5281   17.8244
   -7.5000    0.0000   15.0000 3020.3586   17.8219
    0.0000    0.0000   15.0000 3036.0557   17.6727
    7.5000    0.0000   15.0000 3007.0039   17.6826
   -7.5000    7.5000   15.0000 3002.0303   17.9782
    0.0000    7.5000   15.0000 3013.5798   17.8351
    7.5000    7.5000   15.0000 2996.8936   17.8998
   -7.5000   15.0000   15.0000 2962.6313   18.5397
    0.0000   15.0000   15.0000 2971.3333   18.4141
    7.5000   15.0000   15.0000 2965.6626   18.5568
   -7.5000   22.5000   15.0000 2893.5115   19.4379
    0.0000   22.5000   15.0000 2898.1311   19.3549
    7.5000   22.5000   15.0000 2899.1990   19.5570
   -7.5000   30.0000   15.0000 2813.9309   20.7305
    0.0000   30.0000   15.0000 2813.3210   20.6485
    7.5000   30.0000   15.0000 2817.8208   20.8836
   -7.5000   37.5000   15.0000 2725.3286   22.3611
    0.0000   37.5000   15.0000 2728.0583   22.3056
    7.5000   37.5000   15.0000 2726.0295   22.5254
   -7.5000   45.0000   15.0000 2618.6404   24.3245
    0.0000   45.0000   15.0000 2624.8643   24.3531
    7.5000   45.0000   15.0000 2618.0049   24.5184
   -7.5000  -45.0000   22.5000 2703.4719   24.1693
    0.0000  -45.0000   22.5000 2701.4072   23.9381
    7.5000  -45.0000   22.5000 2690.8428   23.8186
   -7.5000  -37.5000   22.5000 2779.6943   22.2394
    0.0000  -37.5000   22.5000 2779.4277   22.0786
    7.5000  -37.5000   22.5000 2768.3508   21.9900
   -7.5000  -30.0000   22.5000 2846.8591   20.7677
    0.0000  -30.0000   22.5000 2843.5398   20.6141
    7.5000  -30.0000   22.5000 2834.0984   20.5569
   -7.5000  -22.5000   22.5000 2902.9858   19.5641
    0.0000  -22.5000   22.5000 2901.5322   19.4510
    7.5000  -22.5000   22.5000 2892.9746   19.3976
   -7.5000  -15.0000   22.5000 2953.2148   18.7398
    0.0000  -15.0000   22.5000 2961.7087   18.6825
    7.5000  -15.0000   22.5000 2946.2407   18.6296
   -7.5000   -7.5000   22.5000 2994.3296   18.2638
    0.0000   -7.5000   22.5000 3007.8433   18.1346
    7.5000   -7.5000   22.5000 2986.7646   18.1896
   -7.5000    0.0000   22.5000 3013.2163   18.1282
    0.0000    0.0000   22.5000 3020.8440   17.9439
    7.5000    0.0000   22.5000 3000.0513   17.9953
   -7.5000    7.5000   22.5000 3001.0667   18.3374
    0.0000    7.5000   22.5000 3011.6885   18.1994
    7.5000    7.5000   22.5000 2997.3684   18.2688
   -7.5000   15.0000   22.5000 2965.5347   18.9419
    0.0000   15.0000   22.5000 2975.4788   18.8233
    7.5000   15.0000   22.5000 2967.2688   18.9147
   -7.5000   22.5000   22.5000 2896.4617   19.9221
    0.0000   22.5000   22.5000 2900.0786   19.8026
    7.5000   22.5000   22.5000 2900.3442   19.9332
   -7.5000   30.0000   22.5000 2814.7107   21.1812
    0.0000   30.0000   22.5000 2817.3862   21.0656
    7.5000   30.0000   22.5000 2817.4380   21.2344
   -7.5000   37.5000   22.5000 2724.9890   22.7169
    0.0000   37.5000   22.5000 2728.1321   22.6322
    7.5000   37.5000   22.5000 2726.1191   22.8248
   -7.5000   45.0000   22.5000 2618.0549   24.6612
    0.0000   45.0000   22.5000 2621.1260   24.6281
    7.5000   45.0000   22.5000 2617.6484   24.7689
   -7.5000  -45.0000   30.0000 2691.9590   24.8284
    0.0000  -45.0000   30.0000 2690.1526   24.5222
    7.5000  -45.0000   30.0000 2682.3394   24.4482
   -7.5000  -37.5000   30.0000 2767.9846   22.7982
    0.0000  -37.5000   30.0000 2764.7136   22.5068
    7.5000  -37.5000   30.0000 2757.1267   22.4783
   -7.5000  -30.0000   30.0000 2833.4463   21.2476
    0.0000  -30.0000   30.0000 2827.3721   20.9766
    7.5000  -30.0000   30.0000 2821.1382   20.9636
   -7.5000  -22.5000   30.0000 2895.0398   20.0686
    0.0000  -22.5000   30.0000 2889.0728   19.8405
    7.5000  -22.5000   30.0000 2884.0566   19.8274
   -7.5000  -15.0000   30.0000 2943.2104   19.2632
    0.0000  -15.0000   30.0000 2946.8091   19.0521
    7.5000  -15.0000   30.0000 2940.8174   19.0672
   -7.5000   -7.5000   30.0000 2983.1377   18.8044
    0.0000   -7.5000   30.0000 2987.7307   18.5094
    7.5000   -7.5000   30.0000 2975.2053   18.5813
   -7.5000    0.0000   30.0000 2998.3462   18.6422
    0.0000    0.0000   30.0000 3006.0090   18.4028
    7.5000    0.0000   30.0000 2994.7749   18.4784
   -7.5000    7.5000   30.0000 2987.1267   18.8371
    0.0000    7.5000   30.0000 2997.6506   18.6873
    7.5000    7.5000   30.0000 2990.1670   18.7517
   -7.5000   15.0000   30.0000 2955.5691   19.4434
    0.0000   15.0000   30.0000 2964.5208   19.3201
    7.5000   15.0000   30.0000 2959.2854   19.3971
   -7.5000   22.5000   30.0000 2889.1418   20.4459
    0.0000   22.5000   30.0000 2894.2534   20.3237
    7.5000   22.5000   30.0000 2895.0979   20.4152
   -7.5000   30.0000   30.0000 2809.5027   21.7258
    0.0000   30.0000   30.0000 2815.1340   21.6133
    7.5000   30.0000   30.0000 2811.5151   21.6982
   -7.5000   37.5000   30.0000 2722.9807   23.2576
    0.0000   37.5000   30.0000 2729.4836   23.1691
    7.5000   37.5000   30.0000 2723.1011   23.2584
   -7.5000   45.0000   30.0000 2611.4568   25.1735
    0.0000   45.0000   30.0000 2613.9097   25.1462
    7.5000   45.0000   30.0000 2611.0139   25.2157
   -7.5000  -45.0000   37.5000 2672.4841   25.5077
    0.0000  -45.0000   37.5000 2668.6245   25.0716
    7.5000  -45.0000   37.5000 2662.3474   24.9959
   -7.5000  -37.5000   37.5000 2753.1394   23.4386
    0.0000  -37.5000   37.5000 2747.7666   23.0302
    7.5000  -37.5000   37.5000 2739.6807   22.9578
   -7.5000  -30.0000   37.5000 2822.6672   21.8804
    0.0000  -30.0000   37.5000 2815.6040   21.5148
    7.5000  -30.0000   37.5000 2808.3406   21.4920
   -7.5000  -22.5000   37.5000 2884.4739   20.7085
    0.0000  -22.5000   37.5000 2878.2361   20.3792
    7.5000  -22.5000   37.5000 2874.9275   20.3829
   -7.5000  -15.0000   37.5000 2928.6829   19.9193
    0.0000  -15.0000   37.5000 2931.5686   19.5610
    7.5000  -15.0000   37.5000 2925.1938   19.6038
   -7.5000   -7.5000   37.5000 2960.0854   19.4390
    0.0000   -7.5000   37.5000 2964.0156   19.1019
    7.5000   -7.5000   37.5000 2958.3101   19.1702
   -7.5000    0.0000   37.5000 2978.5879   19.2520
    0.0000    0.0000   37.5000 2986.7014   19.0208
    7.5000    0.0000   37.5000 2978.8342   19.0838
   -7.5000    7.5000   37.5000 2971.5723   19.4688
    0.0000    7.5000   37.5000 2976.7781   19.2905
    7.5000    7.5000   37.5000 2972.0496   19.3557
   -7.5000   15.0000   37.5000 2939.0781   20.0788
    0.0000   15.0000   37.5000 2944.5525   19.8953
    7.5000   15.0000   37.5000 2942.9004   19.9712
   -7.5000   22.5000   37.5000 2873.2739   21.0520
    0.0000   22.5000   37.5000 2879.3013   20.9014
    7.5000   22.5000   37.5000 2879.6472   20.9717
   -7.5000   30.0000   37.5000 2796.1631   22.3596
    0.0000   30.0000   37.5000 2803.5596   22.2263
    7.5000   30.0000   37.5000 2797.0029   22.2897
   -7.5000   37.5000   37.5000 2708.9983   23.8772
    0.0000   37.5000   37.5000 2715.0112   23.7922
    7.5000   37.5000   37.5000 2710.1965   23.8492
   -7.5000   45.0000   37.5000 2592.7961   25.8269
    0.0000   45.0000   37.5000 2599.9343   25.7786
    7.5000   45.0000   37.5000 2593.2397   25.8167
   -7.5000  -45.0000   45.0000 2653.5176   26.3317
    0.0000  -45.0000   45.0000 2647.2754   25.8084
    7.5000  -45.0000   45.0000 2643.2151   25.7236
   -7.5000  -37.5000   45.0000 2735.2690   24.2356
    0.0000  -37.5000   45.0000 2730.0837   23.7425
    7.5000  -37.5000   45.0000 2723.5789   23.6741
   -7.5000  -30.0000   45.0000 2805.3245   22.6422
    0.0000  -30.0000   45.0000 2799.6355   22.2094
    7.5000  -30.0000   45.0000 2794.3835   22.2076
   -7.5000  -22.5000   45.0000 2865.0029   21.4873
    0.0000  -22.5000   45.0000 2863.3999   21.0766
    7.5000  -22.5000   45.0000 2860.1101   21.0985
   -7.5000  -15.0000   45.0000 2907.0510   20.6823
    0.0000  -15.0000   45.0000 2909.6055   20.2781
    7.5000  -15.0000   45.0000 2903.9226   20.3272
   -7.5000   -7.5000   45.0000 2934.4817   20.1863
    0.0000   -7.5000   45.0000 2939.9021   19.8774
    7.5000   -7.5000   45.0000 2935.1436   19.9127
   -7.5000    0.0000   45.0000 2948.6606   20.0206
    0.0000    0.0000   45.0000 2957.7007   19.8035
    7.5000    0.0000   45.0000 2953.0986   19.8183
   -7.5000    7.5000   45.0000 2942.7410   20.2330
    0.0000    7.5000   45.0000 2947.7075   20.0348
    7.5000    7.5000   45.0000 2947.8967   20.0638
   -7.5000   15.0000   45.0000 2913.1028   20.8110
    0.0000   15.0000   45.0000 2917.2219   20.6007
    7.5000   15.0000   45.0000 2915.7507   20.6537
   -7.5000   22.5000   45.0000 2849.7585   21.7308
    0.0000   22.5000   45.0000 2856.7488   21.5409
    7.5000   22.5000   45.0000 2855.9624   21.6135
   -7.5000   30.0000   45.0000 2770.4500   23.0045
    0.0000   30.0000   45.0000 2780.4648   22.8511
    7.5000   30.0000   45.0000 2777.6895   22.9253
   -7.5000   37.5000   45.0000 2682.1694   24.5466
    0.0000   37.5000   45.0000 2692.5481   24.4539
    7.5000   37.5000   45.0000 2689.3787   24.5085
   -7.5000   45.0000   45.0000 2570.0142   26.5901
    0.0000   45.0000   45.0000 2580.1509   26.5305
    7.5000   45.0000   45.0000 2572.0178   26.5419

---------------------------------------------------------------------
imgreg_4dfp /opt/freesurfer/average/711-2C_as_mni_average_305 /opt/freesurfer/average/711-2B_as_mni_average_305_mask talsrcimg_g11 none talsrcimg_to_711-2C_as_mni_average_305_t4 1283
---------------------------------------------------------------------

freesurfer imgreg_4dfp.c
/opt/freesurfer/average/711-2C_as_mni_average_305.4dfp.img
       256       256       256         1
  1.000000  1.000000  1.000000
orientation T byte_order littleendian
Reading image: /opt/freesurfer/average/711-2C_as_mni_average_305.4dfp.img
dimensions:      256       256       256
mmppix:       1.0000   -1.0000   -1.0000
center:     128.0000 -129.0000 -129.0000
/opt/freesurfer/average/711-2B_as_mni_average_305_mask.4dfp.img
       256       256       256         1
  1.000000  1.000000  1.000000
orientation T byte_order littleendian
Reading mask: /opt/freesurfer/average/711-2B_as_mni_average_305_mask.4dfp.img (2306576 pixels)
talsrcimg_g11.4dfp.img
       320       320       320         1
  0.800000  0.800000  0.800000
orientation T byte_order littleendian
Reading image: talsrcimg_g11.4dfp.img
dimensions:      320       320       320
mmppix:       0.8000   -0.8000   -0.8000
center:     128.0000 -128.8000 -128.8000
rotation matrix determinant  1.000000
fimgreg.f
image alignment mode   1283 decimal      503 hex
parameters
    0.0000    0.0000    7.5000    0.0000    0.0000    0.0000
eta,q 0.95352 17.55986
niter,ni,del,rscale     5    3   12.0000    1.2000
parameter  2  0.823437 ->  0.500000 qaram    1.1500
parameter  3 -0.873615 -> -0.500000 qaram    1.1500
parameters
   -0.8258   -3.4500   10.9500   -2.3993   -1.8624    1.4596
eta,q 0.95669 17.55807
  0.0556  0.0489  0.0612  0.0453  0.0464  0.0482
  0.0522  0.0480  0.0580  0.0438  0.0447  0.0456
  0.0506  0.0486  0.0536  0.0434  0.0434  0.0440
  0.0500  0.0501  0.0480  0.0442  0.0434  0.0434
  0.0521  0.0507  0.0446  0.0460  0.0461  0.0434
  0.0558  0.0516  0.0444  0.0480  0.0506  0.0438
  0.0584  0.0537  0.0456  0.0503  0.0543  0.0448
niter,ni,del,rscale     6    3   12.0000    1.2000
parameters
   -0.3009   -1.8674   11.5533   -3.3112   -2.6407    2.1304
eta,q 0.95707 17.53605
  0.0557  0.0542  0.0540  0.0452  0.0466  0.0463
  0.0507  0.0491  0.0483  0.0439  0.0448  0.0446
  0.0463  0.0452  0.0435  0.0429  0.0436  0.0435
  0.0433  0.0429  0.0426  0.0429  0.0427  0.0430
  0.0432  0.0430  0.0439  0.0439  0.0432  0.0430
  0.0474  0.0454  0.0462  0.0453  0.0461  0.0438
  0.0530  0.0468  0.0500  0.0467  0.0505  0.0451
niter,ni,del,rscale     5    3   12.0000    1.2000
parameters
   -0.0461   -0.8124   11.3021   -5.7416   -3.5294    2.6245
eta,q 0.95736 17.57591
  0.0541  0.0514  0.0519  0.0436  0.0461  0.0458
  0.0492  0.0471  0.0461  0.0428  0.0441  0.0442
  0.0452  0.0442  0.0424  0.0426  0.0429  0.0430
  0.0429  0.0428  0.0430  0.0428  0.0426  0.0426
  0.0433  0.0440  0.0449  0.0442  0.0433  0.0427
  0.0475  0.0458  0.0480  0.0456  0.0459  0.0434
  0.0531  0.0467  0.0518  0.0468  0.0499  0.0450
niter,ni,del,rscale     4    3   12.0000    1.2000
parameters
    0.2380    0.3423   10.5859   -7.8015   -4.0096    2.7413
eta,q 0.95881 17.57988
  0.0540  0.0508  0.0502  0.0429  0.0463  0.0446
  0.0491  0.0474  0.0437  0.0416  0.0436  0.0429
  0.0451  0.0441  0.0409  0.0412  0.0417  0.0415
  0.0426  0.0424  0.0423  0.0417  0.0412  0.0412
  0.0428  0.0426  0.0448  0.0429  0.0420  0.0416
  0.0470  0.0444  0.0481  0.0449  0.0445  0.0427
  0.0529  0.0468  0.0516  0.0463  0.0487  0.0444
niter,ni,del,rscale     3    3   12.0000    1.2000
parameters
    0.3695    0.8558   10.1932   -8.4497   -4.1371    2.7342
eta,q 0.95938 17.55761
  0.0528  0.0496  0.0511  0.0435  0.0466  0.0443
  0.0479  0.0464  0.0438  0.0424  0.0438  0.0424
  0.0435  0.0430  0.0399  0.0409  0.0415  0.0409
  0.0412  0.0411  0.0411  0.0407  0.0406  0.0406
  0.0418  0.0419  0.0438  0.0415  0.0412  0.0412
  0.0463  0.0444  0.0474  0.0432  0.0436  0.0424
  0.0529  0.0479  0.0510  0.0452  0.0478  0.0442
niter,ni,del,rscale     2    3   12.0000    1.2000
parameters
    0.3774    0.9846   10.1065   -8.6358   -4.1474    2.7235
eta,q 0.95945 17.55160
  0.0522  0.0488  0.0522  0.0439  0.0468  0.0443
  0.0473  0.0456  0.0447  0.0427  0.0440  0.0424
  0.0429  0.0422  0.0400  0.0412  0.0416  0.0409
  0.0406  0.0406  0.0406  0.0405  0.0406  0.0406
  0.0416  0.0421  0.0433  0.0412  0.0411  0.0412
  0.0463  0.0448  0.0468  0.0426  0.0433  0.0424
  0.0532  0.0485  0.0505  0.0447  0.0475  0.0442
niter,ni,del,rscale     1    3   12.0000    1.2000
parameters
    0.3775    1.0146   10.0891   -8.6840   -4.1476    2.7215
eta,q 0.95946 17.55033
  0.0521  0.0486  0.0524  0.0440  0.0468  0.0443
  0.0473  0.0454  0.0449  0.0428  0.0440  0.0424
  0.0428  0.0421  0.0400  0.0413  0.0416  0.0409
  0.0406  0.0406  0.0406  0.0405  0.0405  0.0405
  0.0416  0.0422  0.0432  0.0411  0.0411  0.0412
  0.0463  0.0449  0.0466  0.0424  0.0433  0.0424
  0.0532  0.0487  0.0504  0.0445  0.0474  0.0442
registration optimization eta report
parameter search radius
    6.0000    6.9000    6.9000    6.0000    6.0000    6.0000
100000*second partial in parameter space
       33.       16.       23.       10.       18.       10.
  0.0521  0.0486  0.0524  0.0440  0.0468  0.0443
  0.0473  0.0454  0.0449  0.0428  0.0440  0.0424
  0.0428  0.0421  0.0400  0.0413  0.0416  0.0409
  0.0406  0.0406  0.0406  0.0405  0.0405  0.0405
  0.0416  0.0422  0.0432  0.0411  0.0411  0.0412
  0.0463  0.0449  0.0466  0.0424  0.0433  0.0424
  0.0532  0.0487  0.0504  0.0445  0.0474  0.0442
    0.3775    1.0146   10.0891   -8.6840   -4.1476    2.7215
eta,q 0.95946 17.55033

---------------------------------------------------------------------
imgreg_4dfp /opt/freesurfer/average/711-2C_as_mni_average_305 /opt/freesurfer/average/711-2B_as_mni_average_305_mask talsrcimg_g11 none talsrcimg_to_711-2C_as_mni_average_305_t4 3335
---------------------------------------------------------------------

freesurfer imgreg_4dfp.c
/opt/freesurfer/average/711-2C_as_mni_average_305.4dfp.img
       256       256       256         1
  1.000000  1.000000  1.000000
orientation T byte_order littleendian
Reading image: /opt/freesurfer/average/711-2C_as_mni_average_305.4dfp.img
dimensions:      256       256       256
mmppix:       1.0000   -1.0000   -1.0000
center:     128.0000 -129.0000 -129.0000
/opt/freesurfer/average/711-2B_as_mni_average_305_mask.4dfp.img
       256       256       256         1
  1.000000  1.000000  1.000000
orientation T byte_order littleendian
Reading mask: /opt/freesurfer/average/711-2B_as_mni_average_305_mask.4dfp.img (2306576 pixels)
talsrcimg_g11.4dfp.img
       320       320       320         1
  0.800000  0.800000  0.800000
orientation T byte_order littleendian
Reading image: talsrcimg_g11.4dfp.img
dimensions:      320       320       320
mmppix:       0.8000   -0.8000   -0.8000
center:     128.0000 -128.8000 -128.8000
fimgreg.f
image alignment mode   3335 decimal      D07 hex
parameters
    0.3775    1.0146   10.0891   -0.3744   -1.3097   -1.4053
   -5.7845    6.4248    4.7357   15.4209   -7.2326  -15.0589
eta,q 0.96066 17.73918
niter,ni,del,rscale     5    3    5.0000    1.2000
parameter  4  1.064977 ->  0.500000 qaram    1.1500
parameter  5  5.360867 ->  0.500000 qaram    1.1500
parameter 11 -0.935594 -> -0.500000 qaram    1.1500
parameter 12 -0.545484 -> -0.500000 qaram    1.1500
parameters
    0.9249    1.0479    9.3305   -4.5144   -5.4497   -4.2306
   -7.0894    8.4157    5.4333   15.1373   -3.0926  -10.9189
eta,q 0.96932 17.68806
  0.0426  0.0402  0.0399  0.0356  0.0304  0.0336  0.0332  0.0376  0.0337  0.0342  0.0350  0.0334
  0.0411  0.0396  0.0392  0.0358  0.0319  0.0326  0.0325  0.0349  0.0327  0.0329  0.0337  0.0323
  0.0400  0.0393  0.0390  0.0368  0.0338  0.0321  0.0321  0.0331  0.0321  0.0320  0.0326  0.0315
  0.0393  0.0392  0.0392  0.0390  0.0360  0.0324  0.0321  0.0321  0.0318  0.0318  0.0318  0.0310
  0.0392  0.0393  0.0398  0.0421  0.0380  0.0344  0.0325  0.0319  0.0319  0.0322  0.0313  0.0307
  0.0396  0.0396  0.0407  0.0457  0.0402  0.0382  0.0333  0.0324  0.0323  0.0332  0.0309  0.0307
  0.0406  0.0401  0.0418  0.0491  0.0426  0.0427  0.0345  0.0336  0.0331  0.0346  0.0309  0.0309
niter,ni,del,rscale     7    3    5.0000    1.2000
parameter  5  0.844514 ->  0.500000 qaram    1.3225
parameters
    1.1036    1.5045    8.4994   -5.4639  -10.2107   -1.5091
   -6.1426    8.4075    5.7467   14.1931    0.1347  -10.9339
eta,q 0.97235 17.52955
  0.0334  0.0330  0.0309  0.0343  0.0293  0.0330  0.0305  0.0322  0.0299  0.0302  0.0307  0.0290
  0.0320  0.0319  0.0306  0.0327  0.0290  0.0318  0.0293  0.0297  0.0289  0.0288  0.0293  0.0282
  0.0311  0.0311  0.0305  0.0313  0.0295  0.0304  0.0284  0.0283  0.0282  0.0280  0.0284  0.0278
  0.0307  0.0307  0.0306  0.0305  0.0307  0.0291  0.0279  0.0279  0.0279  0.0279  0.0278  0.0276
  0.0308  0.0306  0.0310  0.0311  0.0324  0.0280  0.0280  0.0283  0.0280  0.0285  0.0276  0.0278
  0.0315  0.0310  0.0316  0.0337  0.0344  0.0279  0.0285  0.0296  0.0286  0.0299  0.0278  0.0283
  0.0327  0.0318  0.0325  0.0376  0.0365  0.0302  0.0295  0.0324  0.0297  0.0320  0.0281  0.0290
niter,ni,del,rscale     7    3    5.0000    1.2000
parameters
    0.7839    1.7946    8.1758   -5.2954  -12.0181   -1.9229
   -5.5179    7.2996    5.4838   14.3164    1.3587  -10.8161
eta,q 0.97255 17.44938
  0.0294  0.0300  0.0285  0.0329  0.0301  0.0313  0.0299  0.0304  0.0291  0.0303  0.0291  0.0286
  0.0282  0.0288  0.0278  0.0310  0.0284  0.0299  0.0287  0.0286  0.0282  0.0288  0.0282  0.0279
  0.0277  0.0280  0.0275  0.0290  0.0274  0.0286  0.0279  0.0276  0.0276  0.0279  0.0277  0.0276
  0.0276  0.0276  0.0275  0.0275  0.0274  0.0273  0.0275  0.0275  0.0275  0.0275  0.0275  0.0275
  0.0282  0.0276  0.0278  0.0274  0.0285  0.0270  0.0276  0.0282  0.0277  0.0277  0.0275  0.0276
  0.0292  0.0281  0.0283  0.0296  0.0305  0.0291  0.0282  0.0301  0.0284  0.0286  0.0278  0.0279
  0.0306  0.0291  0.0291  0.0337  0.0332  0.0345  0.0292  0.0336  0.0294  0.0302  0.0283  0.0285
niter,ni,del,rscale     6    3    5.0000    1.2000
parameters
    0.6001    2.0160    8.1626   -4.6935  -12.3021   -2.0858
   -5.3182    6.6605    5.3541   14.5029    1.9536  -10.7841
eta,q 0.97274 17.44363
  0.0294  0.0297  0.0285  0.0330  0.0310  0.0312  0.0295  0.0309  0.0290  0.0301  0.0287  0.0284
  0.0282  0.0285  0.0278  0.0311  0.0290  0.0298  0.0283  0.0288  0.0281  0.0286  0.0279  0.0277
  0.0276  0.0278  0.0275  0.0291  0.0277  0.0284  0.0276  0.0276  0.0275  0.0277  0.0274  0.0274
  0.0275  0.0274  0.0274  0.0274  0.0272  0.0272  0.0273  0.0272  0.0273  0.0273  0.0273  0.0273
  0.0279  0.0275  0.0275  0.0270  0.0277  0.0266  0.0275  0.0278  0.0275  0.0275  0.0273  0.0274
  0.0287  0.0281  0.0279  0.0288  0.0292  0.0284  0.0282  0.0296  0.0282  0.0284  0.0277  0.0277
  0.0301  0.0290  0.0285  0.0327  0.0316  0.0334  0.0293  0.0329  0.0292  0.0299  0.0283  0.0283
niter,ni,del,rscale     5    3    5.0000    1.2000
parameters
    0.5463    2.0043    8.2223   -4.4545  -12.3518   -2.1364
   -5.2885    6.3554    5.3177   14.5153    2.1718  -10.7092
eta,q 0.97279 17.44531
  0.0296  0.0292  0.0284  0.0327  0.0312  0.0311  0.0294  0.0312  0.0290  0.0298  0.0286  0.0283
  0.0283  0.0281  0.0277  0.0308  0.0292  0.0298  0.0282  0.0290  0.0280  0.0285  0.0278  0.0277
  0.0275  0.0275  0.0273  0.0288  0.0278  0.0284  0.0275  0.0277  0.0274  0.0276  0.0273  0.0273
  0.0273  0.0273  0.0273  0.0273  0.0272  0.0272  0.0272  0.0272  0.0272  0.0272  0.0272  0.0272
  0.0276  0.0275  0.0274  0.0270  0.0276  0.0266  0.0274  0.0276  0.0274  0.0275  0.0273  0.0273
  0.0285  0.0282  0.0277  0.0292  0.0291  0.0282  0.0282  0.0292  0.0281  0.0284  0.0277  0.0277
  0.0298  0.0292  0.0282  0.0333  0.0314  0.0330  0.0294  0.0323  0.0291  0.0299  0.0284  0.0283
niter,ni,del,rscale     4    3    5.0000    1.2000
parameters
    0.5255    1.9785    8.2544   -4.3595  -12.3650   -2.1591
   -5.3030    6.2390    5.3289   14.4892    2.2249  -10.6604
eta,q 0.97280 17.44640
  0.0297  0.0291  0.0283  0.0326  0.0312  0.0311  0.0293  0.0314  0.0290  0.0298  0.0285  0.0283
  0.0283  0.0281  0.0276  0.0307  0.0292  0.0298  0.0282  0.0291  0.0281  0.0284  0.0277  0.0277
  0.0274  0.0274  0.0273  0.0287  0.0278  0.0284  0.0274  0.0277  0.0274  0.0276  0.0273  0.0273
  0.0272  0.0272  0.0272  0.0272  0.0272  0.0272  0.0272  0.0272  0.0272  0.0272  0.0272  0.0272
  0.0275  0.0274  0.0273  0.0271  0.0276  0.0266  0.0275  0.0275  0.0274  0.0274  0.0273  0.0273
  0.0284  0.0281  0.0276  0.0294  0.0291  0.0281  0.0282  0.0290  0.0280  0.0284  0.0277  0.0277
  0.0298  0.0292  0.0282  0.0336  0.0314  0.0329  0.0294  0.0321  0.0290  0.0299  0.0284  0.0283
niter,ni,del,rscale     3    3    5.0000    1.2000
parameters
    0.5183    1.9642    8.2756   -4.3208  -12.3647   -2.1605
   -5.3137    6.2086    5.3435   14.4628    2.2322  -10.6345
eta,q 0.97282 17.44704
  0.0298  0.0291  0.0283  0.0326  0.0312  0.0311  0.0293  0.0315  0.0290  0.0298  0.0285  0.0283
  0.0283  0.0281  0.0276  0.0306  0.0292  0.0298  0.0282  0.0292  0.0281  0.0284  0.0277  0.0277
  0.0275  0.0274  0.0273  0.0287  0.0278  0.0284  0.0275  0.0278  0.0274  0.0276  0.0273  0.0273
  0.0272  0.0272  0.0272  0.0272  0.0272  0.0272  0.0272  0.0272  0.0272  0.0272  0.0272  0.0272
  0.0275  0.0274  0.0273  0.0271  0.0276  0.0266  0.0275  0.0275  0.0274  0.0274  0.0273  0.0273
  0.0284  0.0281  0.0276  0.0295  0.0291  0.0281  0.0282  0.0289  0.0280  0.0284  0.0277  0.0277
  0.0297  0.0291  0.0282  0.0337  0.0314  0.0328  0.0294  0.0319  0.0290  0.0299  0.0285  0.0283
registration optimization eta report
parameter search radius
    2.4000    2.4000    2.4000    8.2800    9.5220    7.2000
    7.2000    7.2000    7.2000    7.2000    8.2800    8.2800
100000*second partial in parameter space
       44.       33.       18.        9.        4.       10.
        4.        9.        4.        5.        2.        2.
  0.0298  0.0291  0.0283  0.0326  0.0312  0.0311  0.0293  0.0315  0.0290  0.0298  0.0285  0.0283
  0.0283  0.0281  0.0276  0.0306  0.0292  0.0298  0.0282  0.0292  0.0281  0.0284  0.0277  0.0277
  0.0275  0.0274  0.0273  0.0287  0.0278  0.0284  0.0275  0.0278  0.0274  0.0276  0.0273  0.0273
  0.0272  0.0272  0.0272  0.0272  0.0272  0.0272  0.0272  0.0272  0.0272  0.0272  0.0272  0.0272
  0.0275  0.0274  0.0273  0.0271  0.0276  0.0266  0.0275  0.0275  0.0274  0.0274  0.0273  0.0273
  0.0284  0.0281  0.0276  0.0295  0.0291  0.0281  0.0282  0.0289  0.0280  0.0284  0.0277  0.0277
  0.0297  0.0291  0.0282  0.0337  0.0314  0.0328  0.0294  0.0319  0.0290  0.0299  0.0285  0.0283
    0.5183    1.9642    8.2756   -4.3208  -12.3647   -2.1605
   -5.3137    6.2086    5.3435   14.4628    2.2322  -10.6345
eta,q 0.97282 17.44704

---------------------------------------------------------------------
imgreg_4dfp /opt/freesurfer/average/711-2C_as_mni_average_305 /opt/freesurfer/average/711-2B_as_mni_average_305_mask talsrcimg_g11 none talsrcimg_to_711-2C_as_mni_average_305_t4 2311
---------------------------------------------------------------------

freesurfer imgreg_4dfp.c
/opt/freesurfer/average/711-2C_as_mni_average_305.4dfp.img
       256       256       256         1
  1.000000  1.000000  1.000000
orientation T byte_order littleendian
Reading image: /opt/freesurfer/average/711-2C_as_mni_average_305.4dfp.img
dimensions:      256       256       256
mmppix:       1.0000   -1.0000   -1.0000
center:     128.0000 -129.0000 -129.0000
/opt/freesurfer/average/711-2B_as_mni_average_305_mask.4dfp.img
       256       256       256         1
  1.000000  1.000000  1.000000
orientation T byte_order littleendian
Reading mask: /opt/freesurfer/average/711-2B_as_mni_average_305_mask.4dfp.img (2306576 pixels)
talsrcimg_g11.4dfp.img
       320       320       320         1
  0.800000  0.800000  0.800000
orientation T byte_order littleendian
Reading image: talsrcimg_g11.4dfp.img
dimensions:      320       320       320
mmppix:       0.8000   -0.8000   -0.8000
center:     128.0000 -128.8000 -128.8000
fimgreg.f
image alignment mode   2311 decimal      907 hex
parameters
    0.5183    1.9642    8.2756   -4.3208  -12.3646   -2.1605
   -5.3137    6.2086    5.3435   14.4628    2.2322  -10.6345
eta,q 0.97282 17.44705
niter,ni,del,rscale     5    3    5.0000    0.8000
parameters
    0.4983    1.9511    8.2372   -3.3484  -12.5592   -1.1171
   -5.2037    6.3005    5.2494   14.5595    2.3834  -10.9253
eta,q 0.97348 17.45885
  0.0283  0.0281  0.0276  0.0301  0.0280  0.0295  0.0277  0.0293  0.0274  0.0280  0.0272  0.0269
  0.0277  0.0276  0.0273  0.0290  0.0274  0.0285  0.0271  0.0278  0.0269  0.0273  0.0268  0.0267
  0.0273  0.0273  0.0272  0.0280  0.0271  0.0277  0.0267  0.0269  0.0266  0.0267  0.0266  0.0265
  0.0272  0.0272  0.0272  0.0272  0.0269  0.0269  0.0265  0.0265  0.0265  0.0265  0.0265  0.0265
  0.0273  0.0273  0.0272  0.0269  0.0271  0.0264  0.0266  0.0267  0.0266  0.0266  0.0266  0.0266
  0.0277  0.0276  0.0274  0.0274  0.0275  0.0268  0.0270  0.0276  0.0270  0.0271  0.0268  0.0267
  0.0284  0.0281  0.0276  0.0287  0.0282  0.0283  0.0276  0.0292  0.0275  0.0280  0.0271  0.0270
niter,ni,del,rscale     4    3    5.0000    0.7000
parameters
    0.5272    1.8133    8.3668   -3.4091  -12.7649   -0.9448
   -5.1980    6.3196    5.2410   14.5565    2.2788  -11.0199
eta,q 0.97353 17.45778
  0.0277  0.0271  0.0272  0.0286  0.0274  0.0285  0.0273  0.0285  0.0272  0.0276  0.0269  0.0268
  0.0270  0.0267  0.0268  0.0277  0.0269  0.0278  0.0269  0.0274  0.0268  0.0270  0.0267  0.0266
  0.0266  0.0265  0.0266  0.0269  0.0266  0.0271  0.0266  0.0267  0.0265  0.0266  0.0265  0.0265
  0.0265  0.0265  0.0265  0.0265  0.0265  0.0265  0.0265  0.0265  0.0265  0.0265  0.0265  0.0265
  0.0266  0.0266  0.0266  0.0266  0.0266  0.0264  0.0266  0.0266  0.0265  0.0266  0.0265  0.0265
  0.0270  0.0269  0.0267  0.0275  0.0270  0.0271  0.0269  0.0273  0.0268  0.0270  0.0267  0.0266
  0.0276  0.0274  0.0269  0.0290  0.0276  0.0287  0.0273  0.0285  0.0272  0.0276  0.0270  0.0268
niter,ni,del,rscale     3    3    5.0000    0.6000
parameters
    0.5155    1.8240    8.3834   -3.3112  -12.8579   -0.7399
   -5.1654    6.3832    5.2319   14.5848    2.2140  -11.1430
eta,q 0.97361 17.45556
  0.0273  0.0270  0.0269  0.0281  0.0271  0.0281  0.0271  0.0280  0.0269  0.0273  0.0268  0.0266
  0.0268  0.0267  0.0266  0.0274  0.0267  0.0275  0.0267  0.0271  0.0266  0.0268  0.0266  0.0265
  0.0265  0.0265  0.0265  0.0268  0.0265  0.0269  0.0265  0.0266  0.0265  0.0265  0.0264  0.0264
  0.0265  0.0265  0.0265  0.0265  0.0265  0.0265  0.0264  0.0264  0.0264  0.0264  0.0264  0.0264
  0.0266  0.0265  0.0265  0.0265  0.0265  0.0264  0.0265  0.0265  0.0265  0.0265  0.0264  0.0264
  0.0268  0.0267  0.0266  0.0271  0.0268  0.0269  0.0267  0.0270  0.0266  0.0268  0.0266  0.0265
  0.0273  0.0270  0.0268  0.0282  0.0272  0.0281  0.0271  0.0279  0.0269  0.0273  0.0268  0.0267
niter,ni,del,rscale     2    3    5.0000    0.5000
parameters
    0.5169    1.8200    8.4246   -3.2438  -12.9382   -0.5388
   -5.1550    6.4395    5.2295   14.5933    2.1579  -11.2762
eta,q 0.97366 17.45397
  0.0270  0.0268  0.0267  0.0276  0.0268  0.0277  0.0268  0.0275  0.0267  0.0270  0.0266  0.0265
  0.0266  0.0266  0.0265  0.0270  0.0266  0.0272  0.0266  0.0269  0.0265  0.0266  0.0265  0.0264
  0.0265  0.0264  0.0264  0.0266  0.0264  0.0267  0.0264  0.0265  0.0264  0.0264  0.0264  0.0264
  0.0264  0.0264  0.0264  0.0264  0.0264  0.0264  0.0264  0.0264  0.0263  0.0263  0.0263  0.0263
  0.0265  0.0264  0.0264  0.0265  0.0264  0.0263  0.0264  0.0264  0.0264  0.0264  0.0264  0.0264
  0.0267  0.0266  0.0265  0.0269  0.0266  0.0267  0.0266  0.0268  0.0265  0.0266  0.0265  0.0264
  0.0270  0.0268  0.0267  0.0276  0.0269  0.0276  0.0268  0.0275  0.0267  0.0270  0.0266  0.0265
niter,ni,del,rscale     1    3    5.0000    0.4000
parameters
    0.5197    1.8146    8.4720   -3.1946  -13.0104   -0.3544
   -5.1543    6.5069    5.2390   14.5958    2.0924  -11.3371
eta,q 0.97369 17.45191
  0.0267  0.0266  0.0266  0.0272  0.0266  0.0273  0.0266  0.0271  0.0266  0.0267  0.0265  0.0264
  0.0265  0.0265  0.0265  0.0268  0.0265  0.0269  0.0265  0.0267  0.0264  0.0265  0.0264  0.0264
  0.0264  0.0264  0.0264  0.0265  0.0264  0.0266  0.0263  0.0264  0.0263  0.0264  0.0263  0.0263
  0.0263  0.0263  0.0263  0.0263  0.0263  0.0263  0.0263  0.0263  0.0263  0.0263  0.0263  0.0263
  0.0264  0.0264  0.0264  0.0264  0.0264  0.0263  0.0264  0.0264  0.0263  0.0264  0.0263  0.0263
  0.0265  0.0265  0.0264  0.0267  0.0265  0.0266  0.0265  0.0266  0.0264  0.0265  0.0264  0.0264
  0.0267  0.0266  0.0265  0.0272  0.0267  0.0272  0.0266  0.0270  0.0266  0.0267  0.0265  0.0264
registration optimization eta report
parameter search radius
    0.8000    0.8000    0.8000    2.4000    2.4000    2.4000
    2.4000    2.4000    2.4000    2.4000    2.4000    2.4000
100000*second partial in parameter space
       60.       38.       32.       14.        6.       15.
        5.       13.        4.        7.        3.        2.
  0.0267  0.0266  0.0266  0.0272  0.0266  0.0273  0.0266  0.0271  0.0266  0.0267  0.0265  0.0264
  0.0265  0.0265  0.0265  0.0268  0.0265  0.0269  0.0265  0.0267  0.0264  0.0265  0.0264  0.0264
  0.0264  0.0264  0.0264  0.0265  0.0264  0.0266  0.0263  0.0264  0.0263  0.0264  0.0263  0.0263
  0.0263  0.0263  0.0263  0.0263  0.0263  0.0263  0.0263  0.0263  0.0263  0.0263  0.0263  0.0263
  0.0264  0.0264  0.0264  0.0264  0.0264  0.0263  0.0264  0.0264  0.0263  0.0264  0.0263  0.0263
  0.0265  0.0265  0.0264  0.0267  0.0265  0.0266  0.0265  0.0266  0.0264  0.0265  0.0264  0.0264
  0.0267  0.0266  0.0265  0.0272  0.0267  0.0272  0.0266  0.0270  0.0266  0.0267  0.0265  0.0264
    0.5197    1.8146    8.4720   -3.1946  -13.0104   -0.3544
   -5.1543    6.5069    5.2390   14.5958    2.0924  -11.3371
eta,q 0.97369 17.45191

---------------------------------------------------------------------
imgreg_4dfp /opt/freesurfer/average/711-2C_as_mni_average_305 /opt/freesurfer/average/711-2B_as_mni_average_305_mask talsrcimg_g11 none talsrcimg_to_711-2C_as_mni_average_305_t4 2311
---------------------------------------------------------------------

freesurfer imgreg_4dfp.c
/opt/freesurfer/average/711-2C_as_mni_average_305.4dfp.img
       256       256       256         1
  1.000000  1.000000  1.000000
orientation T byte_order littleendian
Reading image: /opt/freesurfer/average/711-2C_as_mni_average_305.4dfp.img
dimensions:      256       256       256
mmppix:       1.0000   -1.0000   -1.0000
center:     128.0000 -129.0000 -129.0000
/opt/freesurfer/average/711-2B_as_mni_average_305_mask.4dfp.img
       256       256       256         1
  1.000000  1.000000  1.000000
orientation T byte_order littleendian
Reading mask: /opt/freesurfer/average/711-2B_as_mni_average_305_mask.4dfp.img (2306576 pixels)
talsrcimg_g11.4dfp.img
       320       320       320         1
  0.800000  0.800000  0.800000
orientation T byte_order littleendian
Reading image: talsrcimg_g11.4dfp.img
dimensions:      320       320       320
mmppix:       0.8000   -0.8000   -0.8000
center:     128.0000 -128.8000 -128.8000
fimgreg.f
image alignment mode   2311 decimal      907 hex
parameters
    0.5197    1.8146    8.4720   -3.1946  -13.0104   -0.3544
   -5.1543    6.5069    5.2390   14.5958    2.0924  -11.3371
eta,q 0.97369 17.45190
niter,ni,del,rscale     5    3    5.0000    0.8000
parameters
    0.5482    1.8036    8.5799   -3.6209  -12.9895   -0.9248
   -5.2446    6.3977    5.2863   14.5862    2.0091  -11.1021
eta,q 0.97349 17.45256
  0.0279  0.0273  0.0273  0.0286  0.0276  0.0285  0.0276  0.0289  0.0274  0.0279  0.0271  0.0270
  0.0270  0.0267  0.0268  0.0276  0.0269  0.0277  0.0270  0.0276  0.0269  0.0272  0.0268  0.0267
  0.0265  0.0264  0.0264  0.0267  0.0265  0.0269  0.0266  0.0268  0.0266  0.0267  0.0266  0.0266
  0.0263  0.0263  0.0263  0.0263  0.0264  0.0264  0.0265  0.0265  0.0265  0.0265  0.0265  0.0265
  0.0265  0.0264  0.0264  0.0267  0.0265  0.0266  0.0267  0.0267  0.0266  0.0266  0.0266  0.0265
  0.0270  0.0268  0.0266  0.0279  0.0269  0.0280  0.0270  0.0276  0.0269  0.0271  0.0268  0.0267
  0.0278  0.0273  0.0270  0.0301  0.0276  0.0308  0.0277  0.0292  0.0274  0.0280  0.0271  0.0269
niter,ni,del,rscale     4    3    5.0000    0.7000
parameters
    0.5172    1.8534    8.3891   -3.4237  -12.8659   -0.9291
   -5.2220    6.4329    5.2921   14.6313    2.1066  -11.1326
eta,q 0.97355 17.45480
  0.0275  0.0273  0.0269  0.0287  0.0274  0.0284  0.0273  0.0285  0.0272  0.0276  0.0270  0.0268
  0.0269  0.0269  0.0266  0.0278  0.0269  0.0277  0.0269  0.0274  0.0268  0.0270  0.0267  0.0266
  0.0266  0.0266  0.0265  0.0270  0.0266  0.0270  0.0266  0.0267  0.0265  0.0266  0.0265  0.0265
  0.0265  0.0265  0.0265  0.0265  0.0265  0.0265  0.0265  0.0265  0.0265  0.0265  0.0265  0.0265
  0.0266  0.0266  0.0266  0.0265  0.0265  0.0264  0.0266  0.0266  0.0265  0.0265  0.0265  0.0265
  0.0270  0.0268  0.0268  0.0272  0.0268  0.0272  0.0269  0.0273  0.0268  0.0269  0.0267  0.0266
  0.0276  0.0272  0.0271  0.0286  0.0274  0.0289  0.0273  0.0285  0.0272  0.0276  0.0269  0.0268
niter,ni,del,rscale     3    3    5.0000    0.6000
parameters
    0.5265    1.8377    8.3853   -3.3209  -12.8807   -0.7401
   -5.2013    6.4481    5.2571   14.6208    2.1517  -11.2040
eta,q 0.97361 17.45501
  0.0273  0.0270  0.0269  0.0281  0.0271  0.0281  0.0271  0.0279  0.0269  0.0272  0.0268  0.0266
  0.0268  0.0267  0.0266  0.0274  0.0268  0.0275  0.0267  0.0271  0.0266  0.0268  0.0266  0.0265
  0.0265  0.0265  0.0265  0.0268  0.0265  0.0269  0.0265  0.0266  0.0264  0.0265  0.0264  0.0264
  0.0265  0.0265  0.0265  0.0265  0.0264  0.0264  0.0264  0.0264  0.0264  0.0264  0.0264  0.0264
  0.0265  0.0265  0.0265  0.0265  0.0265  0.0264  0.0265  0.0265  0.0265  0.0265  0.0264  0.0264
  0.0268  0.0267  0.0266  0.0271  0.0268  0.0269  0.0267  0.0270  0.0266  0.0268  0.0266  0.0265
  0.0272  0.0270  0.0268  0.0281  0.0272  0.0281  0.0270  0.0280  0.0269  0.0273  0.0268  0.0266
niter,ni,del,rscale     2    3    5.0000    0.5000
parameters
    0.5284    1.8242    8.4254   -3.2541  -12.9464   -0.5363
   -5.1796    6.4705    5.2420   14.6135    2.1210  -11.2878
eta,q 0.97366 17.45373
  0.0270  0.0268  0.0267  0.0276  0.0269  0.0277  0.0268  0.0275  0.0267  0.0270  0.0266  0.0265
  0.0266  0.0266  0.0265  0.0270  0.0266  0.0272  0.0266  0.0269  0.0265  0.0266  0.0265  0.0264
  0.0265  0.0264  0.0264  0.0266  0.0264  0.0267  0.0264  0.0265  0.0264  0.0264  0.0264  0.0264
  0.0264  0.0264  0.0264  0.0264  0.0264  0.0264  0.0263  0.0263  0.0263  0.0263  0.0263  0.0263
  0.0265  0.0264  0.0264  0.0265  0.0264  0.0263  0.0264  0.0264  0.0264  0.0264  0.0264  0.0264
  0.0267  0.0266  0.0265  0.0269  0.0266  0.0267  0.0266  0.0268  0.0265  0.0266  0.0265  0.0264
  0.0270  0.0268  0.0267  0.0276  0.0269  0.0276  0.0268  0.0275  0.0267  0.0270  0.0266  0.0265
niter,ni,del,rscale     1    3    5.0000    0.4000
parameters
    0.5257    1.8188    8.4720   -3.1995  -13.0266   -0.3515
   -5.1603    6.5203    5.2318   14.6023    2.0745  -11.3387
eta,q 0.97369 17.45121
  0.0267  0.0266  0.0266  0.0272  0.0266  0.0273  0.0266  0.0271  0.0266  0.0267  0.0265  0.0264
  0.0265  0.0264  0.0264  0.0268  0.0265  0.0269  0.0265  0.0267  0.0264  0.0265  0.0264  0.0264
  0.0264  0.0264  0.0264  0.0265  0.0264  0.0266  0.0263  0.0264  0.0263  0.0264  0.0263  0.0263
  0.0263  0.0263  0.0263  0.0263  0.0263  0.0263  0.0263  0.0263  0.0263  0.0263  0.0263  0.0263
  0.0264  0.0264  0.0264  0.0264  0.0264  0.0263  0.0263  0.0264  0.0263  0.0264  0.0263  0.0263
  0.0265  0.0265  0.0264  0.0267  0.0265  0.0266  0.0264  0.0266  0.0264  0.0265  0.0264  0.0264
  0.0267  0.0266  0.0265  0.0272  0.0267  0.0272  0.0266  0.0270  0.0266  0.0267  0.0265  0.0264
registration optimization eta report
parameter search radius
    0.8000    0.8000    0.8000    2.4000    2.4000    2.4000
    2.4000    2.4000    2.4000    2.4000    2.4000    2.4000
100000*second partial in parameter space
       60.       38.       32.       14.        5.       15.
        5.       13.        4.        7.        3.        2.
  0.0267  0.0266  0.0266  0.0272  0.0266  0.0273  0.0266  0.0271  0.0266  0.0267  0.0265  0.0264
  0.0265  0.0264  0.0264  0.0268  0.0265  0.0269  0.0265  0.0267  0.0264  0.0265  0.0264  0.0264
  0.0264  0.0264  0.0264  0.0265  0.0264  0.0266  0.0263  0.0264  0.0263  0.0264  0.0263  0.0263
  0.0263  0.0263  0.0263  0.0263  0.0263  0.0263  0.0263  0.0263  0.0263  0.0263  0.0263  0.0263
  0.0264  0.0264  0.0264  0.0264  0.0264  0.0263  0.0263  0.0264  0.0263  0.0264  0.0263  0.0263
  0.0265  0.0265  0.0264  0.0267  0.0265  0.0266  0.0264  0.0266  0.0264  0.0265  0.0264  0.0264
  0.0267  0.0266  0.0265  0.0272  0.0267  0.0272  0.0266  0.0270  0.0266  0.0267  0.0265  0.0264
    0.5257    1.8188    8.4720   -3.1995  -13.0266   -0.3515
   -5.1603    6.5203    5.2318   14.6023    2.0745  -11.3387
eta,q 0.97369 17.45121

---------------------------------------------------------------------
compute_vox2vox talsrcimg talsrcimg_to_711-2C_as_mni_average_305_t4 /opt/freesurfer/average/711-2C_as_mni_average_305
---------------------------------------------------------------------

freesurfer compute_vox2vox.c
Reading: talsrcimg.4dfp.ifh
Reading: talsrcimg_to_711-2C_as_mni_average_305_t4
Reading: /opt/freesurfer/average/711-2C_as_mni_average_305.4dfp.ifh
Writing: talsrcimg_to_711-2C_as_mni_average_305_t4_vox2vox.txt

start time Tue Mar 10 18:08:01 CET 2026
end		time Tue Mar 10 18:09:23 CET 2026

mpr2mni305 success

avi2talxfm orig_nu.mgz /opt/freesurfer/average/mni305.cor.mgz talsrcimg_to_711-2C_as_mni_average_305_t4_vox2vox.txt transforms/talairach.auto.xfm
avi2talxfm done
mv -f /out/sourcedata/freesurfer/sub-v2s11x28691_ses-1/mri/talsrcimg_to_711-2C_as_mni_average_305_t4_vox2vox.txt /out/sourcedata/freesurfer/sub-v2s11x28691_ses-1/mri/transforms/talsrcimg_to_711-2C_as_mni_average_305_t4_vox2vox.txt
lta_convert --src orig_nu.mgz --trg /opt/freesurfer/average/mni305.cor.mgz --inxfm transforms/talairach.auto.xfm --outlta transforms/talairach.auto.xfm.lta --subject fsaverage
7.3.2

--src: orig_nu.mgz src image (geometry).
--trg: /opt/freesurfer/average/mni305.cor.mgz trg image (geometry).
--inmni: transforms/talairach.auto.xfm input MNI/XFM transform.
--outlta: transforms/talairach.auto.xfm.lta output LTA.
--s: fsaverage subject name
 LTA read, type : 1
 1.03188  -0.07506   0.05144   1.68260;
-0.02801   0.98675   0.12698  -23.25494;
-0.05737  -0.16116   1.12536  -52.97835;
 0.00000   0.00000   0.00000   1.00000;
setting subject to fsaverage
Writing  LTA to file transforms/talairach.auto.xfm.lta...
lta_convert successful.
 
 
Started at Tue Mar 10 18:08:00 CET 2026
Ended   at Tue Mar 10 18:09:23 CET 2026
talairach_avi done
