status file for recon-all
Tue Mar 10 20:48:19 CET 2026
#@# MotionCor Tue Mar 10 20:48:23 CET 2026
#@# Talairach Tue Mar 10 20:48:33 CET 2026
#@# Talairach Failure Detection Tue Mar 10 20:55:36 CET 2026
#@# Nu Intensity Correction Tue Mar 10 20:55:36 CET 2026
#@# Intensity Normalization Tue Mar 10 21:01:57 CET 2026
recon-all -s sub-v2s11x28701_ses-1 finished without error at Tue Mar 10 21:07:15 CET 2026



#New# invocation of recon-all 



status file for recon-all
Tue Mar 10 21:14:44 CET 2026
#@# EM Registration Tue Mar 10 21:14:44 CET 2026
recon-all -s sub-v2s11x28701_ses-1 finished without error at Tue Mar 10 21:17:14 CET 2026



#New# invocation of recon-all 



status file for recon-all
Tue Mar 10 21:17:16 CET 2026
#@# CA Normalize Tue Mar 10 21:17:16 CET 2026
#@# CA Reg Tue Mar 10 21:19:03 CET 2026
#@# SubCort Seg Tue Mar 10 22:11:16 CET 2026
#@# CC Seg Tue Mar 10 23:33:53 CET 2026
#@# Merge ASeg Tue Mar 10 23:34:48 CET 2026
#@# Intensity Normalization2 Tue Mar 10 23:34:48 CET 2026
#@# Mask BFS Tue Mar 10 23:39:33 CET 2026
#@# WM Segmentation Tue Mar 10 23:39:34 CET 2026
#@# Fill Tue Mar 10 23:44:10 CET 2026
recon-all -s sub-v2s11x28701_ses-1 finished without error at Tue Mar 10 23:45:57 CET 2026



#New# invocation of recon-all 



status file for recon-all
Wed Mar 11 02:08:33 CET 2026
#@# white curv lh Wed Mar 11 02:08:33 CET 2026
#@# white area lh Wed Mar 11 02:08:33 CET 2026
#@# pial curv lh Wed Mar 11 02:08:33 CET 2026
#@# pial area lh Wed Mar 11 02:08:33 CET 2026
#@# thickness lh Wed Mar 11 02:08:33 CET 2026
#@# area and vertex vol lh Wed Mar 11 02:08:33 CET 2026
#@# white curv rh Wed Mar 11 02:08:33 CET 2026
#@# white area rh Wed Mar 11 02:08:33 CET 2026
#@# pial curv rh Wed Mar 11 02:08:33 CET 2026
#@# pial area rh Wed Mar 11 02:08:33 CET 2026
#@# thickness rh Wed Mar 11 02:08:33 CET 2026
#@# area and vertex vol rh Wed Mar 11 02:08:33 CET 2026
#@# Cortical ribbon mask Wed Mar 11 02:08:33 CET 2026
recon-all -s sub-v2s11x28701_ses-1 finished without error at Wed Mar 11 02:33:36 CET 2026



#New# invocation of recon-all 



status file for recon-all
Wed Mar 11 02:47:25 CET 2026
#@# white curv lh Wed Mar 11 02:47:25 CET 2026
#@# white area lh Wed Mar 11 02:47:25 CET 2026
#@# pial curv lh Wed Mar 11 02:47:25 CET 2026
#@# pial area lh Wed Mar 11 02:47:25 CET 2026
#@# thickness lh Wed Mar 11 02:47:25 CET 2026
#@# area and vertex vol lh Wed Mar 11 02:47:25 CET 2026
#@# white curv rh Wed Mar 11 02:47:25 CET 2026
#@# white area rh Wed Mar 11 02:47:25 CET 2026
#@# pial curv rh Wed Mar 11 02:47:25 CET 2026
#@# pial area rh Wed Mar 11 02:47:25 CET 2026
#@# thickness rh Wed Mar 11 02:47:25 CET 2026
#@# area and vertex vol rh Wed Mar 11 02:47:25 CET 2026
#@# Curvature Stats lh Wed Mar 11 02:47:25 CET 2026
#@# Curvature Stats rh Wed Mar 11 02:47:30 CET 2026
#@# Relabel Hypointensities Wed Mar 11 02:47:35 CET 2026
#@# APas-to-ASeg Wed Mar 11 02:48:10 CET 2026
#@# AParc-to-ASeg aparc Wed Mar 11 02:48:28 CET 2026
#@# AParc-to-ASeg aparc.a2009s Wed Mar 11 02:50:42 CET 2026
#@# AParc-to-ASeg aparc.DKTatlas Wed Mar 11 02:53:02 CET 2026
#@# WMParc Wed Mar 11 02:55:21 CET 2026
#@# ASeg Stats Wed Mar 11 03:02:31 CET 2026
recon-all -s sub-v2s11x28701_ses-1 finished without error at Wed Mar 11 03:03:32 CET 2026
