/out/sourcedata/freesurfer/sub-v2s11x28728_ses-1/mri
/opt/freesurfer/bin/talairach_avi
--i orig_nu.mgz --xfm transforms/talairach.auto.xfm
talairach_avi 7.3.2
Linux dna050 5.14.0-427.37.1.el9_4.x86_64 #1 SMP PREEMPT_DYNAMIC Fri Sep 13 12:41:50 EDT 2024 x86_64 x86_64 x86_64 GNU/Linux
Tue Mar 10 22:01:40 CET 2026
mri_convert orig_nu.mgz talsrcimg.img 
reading from orig_nu.mgz...
TR=0.00, TE=0.00, TI=0.00, flip angle=0.00
i_ras = (-1, 0, 0)
j_ras = (0, 0, -1)
k_ras = (0, 1, 0)
writing to talsrcimg.img...
Analyze Output Matrix
-0.80000   0.00000   0.00000   127.87958;
 0.00000   0.00000   0.80000  -139.69391;
 0.00000  -0.80000   0.00000   137.39946;
 0.00000   0.00000   0.00000   1.00000;
--------------------
INFO: set hdr.hist.orient to -1
mpr2mni305 talsrcimg
Tue Mar 10 22:01:41 CET 2026
/opt/freesurfer/bin/mpr2mni305 talsrcimg
mpr2mni305 7.3.2
target=711-2C_as_mni_average_305

---------------------------------------------------------------------
analyzeto4dfp talsrcimg -O0 -y
---------------------------------------------------------------------

freesurfer ifh2hdr.c
Tue Mar 10 22:01:41 2026
Writing: talsrcimg.4dfp.hdr
freesurfer analyzeto4dfp.c
Reading: talsrcimg.hdr
header size 348 bytes
hdr.dime.datatype	offset=70	value=2
hdr.dime.bitpix		offset=72	value=8
hdr.hist.orient		offset=252	value=-1
dimensionality     4
dimensions       320       320       320         1
Reading: talsrcimg.img
Writing: talsrcimg.4dfp.img
Writing: talsrcimg.4dfp.ifh
ifh2hdr talsrcimg -r0to169
ori=2

---------------------------------------------------------------------
gauss_4dfp talsrcimg 1.1
---------------------------------------------------------------------

freesurfer gauss_4dfp.c
Reading: talsrcimg.4dfp.img
Writing: talsrcimg_g11.4dfp.img
image dimensions 320 320 320 padded to 384 384 384
processing volume 1freesurfer ifh2hdr.c
Tue Mar 10 22:01:58 2026
Writing: talsrcimg_g11.4dfp.hdr

Writing: talsrcimg_g11.4dfp.ifh
including: talsrcimg.4dfp.img.rec in talsrcimg_g11.4dfp.img.rec

---------------------------------------------------------------------
imgreg_4dfp /opt/freesurfer/average/711-2C_as_mni_average_305 none talsrcimg_g11 none talsrcimg_to_711-2C_as_mni_average_305_t4 4355
---------------------------------------------------------------------

freesurfer imgreg_4dfp.c
/opt/freesurfer/average/711-2C_as_mni_average_305.4dfp.img
       256       256       256         1
  1.000000  1.000000  1.000000
orientation T byte_order littleendian
Reading image: /opt/freesurfer/average/711-2C_as_mni_average_305.4dfp.img
dimensions:      256       256       256
mmppix:       1.0000   -1.0000   -1.0000
center:     128.0000 -129.0000 -129.0000
talsrcimg_g11.4dfp.img
       320       320       320         1
  0.800000  0.800000  0.800000
orientation T byte_order littleendian
Reading image: talsrcimg_g11.4dfp.img
dimensions:      320       320       320
mmppix:       0.8000   -0.8000   -0.8000
center:     128.0000 -128.8000 -128.8000
t4_read: open error in t4_sub.f l:  41 t4_file(1:l)talsrcimg_to_711-2C_as_mni_average_305_t4 
t4_read: transform initialized to I4
rotation matrix determinant  1.000000
image alignment mode   4355 decimal     1103 hex
   -7.5000  -45.0000  -45.0000 8507.2627   18.6850
    0.0000  -45.0000  -45.0000 8915.7852   18.7472
    7.5000  -45.0000  -45.0000 8543.8320   18.6979
   -7.5000  -37.5000  -45.0000 9025.7959   18.7651
    0.0000  -37.5000  -45.0000 9463.1777   18.8254
    7.5000  -37.5000  -45.0000 9073.1152   18.7774
   -7.5000  -30.0000  -45.0000 9892.1318   18.8995
    0.0000  -30.0000  -45.000010365.7549   18.9584
    7.5000  -30.0000  -45.0000 9933.4902   18.9112
   -7.5000  -22.5000  -45.000010776.6748   18.9695
    0.0000  -22.5000  -45.000011296.0840   19.0285
    7.5000  -22.5000  -45.000010791.8740   18.9803
   -7.5000  -15.0000  -45.000011616.7627   18.9144
    0.0000  -15.0000  -45.000012174.7588   18.9750
    7.5000  -15.0000  -45.000011619.0918   18.9252
   -7.5000   -7.5000  -45.000012449.1748   18.7611
    0.0000   -7.5000  -45.000013062.8057   18.8237
    7.5000   -7.5000  -45.000012457.2930   18.7736
   -7.5000    0.0000  -45.000013144.8467   18.6850
    0.0000    0.0000  -45.000013808.1611   18.7472
    7.5000    0.0000  -45.000013161.1289   18.6979
   -7.5000    7.5000  -45.000012743.2256   18.7651
    0.0000    7.5000  -45.000013384.8223   18.8254
    7.5000    7.5000  -45.000012747.9561   18.7774
   -7.5000   15.0000  -45.000012087.8154   18.8995
    0.0000   15.0000  -45.000012704.2285   18.9584
    7.5000   15.0000  -45.000012105.2773   18.9112
   -7.5000   22.5000  -45.000011284.0430   18.9669
    0.0000   22.5000  -45.000011842.1396   19.0259
    7.5000   22.5000  -45.000011296.7324   18.9777
   -7.5000   30.0000  -45.000010451.2227   18.6623
    0.0000   30.0000  -45.000010978.5098   18.7222
    7.5000   30.0000  -45.000010475.8857   18.6730
   -7.5000   37.5000  -45.000010001.8281   18.5111
    0.0000   37.5000  -45.000010501.2256   18.5729
    7.5000   37.5000  -45.000010018.3789   18.5234
   -7.5000   45.0000  -45.0000 9198.6367   17.9678
    0.0000   45.0000  -45.0000 9674.0938   18.0277
    7.5000   45.0000  -45.0000 9207.5527   17.9803
   -7.5000  -45.0000  -37.5000 8751.1777   18.3891
    0.0000  -45.0000  -37.5000 9154.7646   18.4554
    7.5000  -45.0000  -37.5000 8783.9219   18.4107
   -7.5000  -37.5000  -37.5000 9293.0176   18.4658
    0.0000  -37.5000  -37.5000 9726.3672   18.5304
    7.5000  -37.5000  -37.5000 9340.1826   18.4868
   -7.5000  -30.0000  -37.500010173.2139   18.5926
    0.0000  -30.0000  -37.500010647.4570   18.6573
    7.5000  -30.0000  -37.500010216.7236   18.6141
   -7.5000  -22.5000  -37.500011080.8887   18.6586
    0.0000  -22.5000  -37.500011580.9385   18.7251
    7.5000  -22.5000  -37.500011091.7793   18.6811
   -7.5000  -15.0000  -37.500011954.3164   18.6068
    0.0000  -15.0000  -37.500012485.5410   18.6751
    7.5000  -15.0000  -37.500011949.5332   18.6299
   -7.5000   -7.5000  -37.500012804.1650   18.4610
    0.0000   -7.5000  -37.500013406.1797   18.5293
    7.5000   -7.5000  -37.500012814.4189   18.4840
   -7.5000    0.0000  -37.500013514.4336   18.3891
    0.0000    0.0000  -37.500014170.1719   18.4554
    7.5000    0.0000  -37.500013528.6523   18.4107
   -7.5000    7.5000  -37.500013077.9756   18.4658
    0.0000    7.5000  -37.500013706.4404   18.5304
    7.5000    7.5000  -37.500013092.9229   18.4868
   -7.5000   15.0000  -37.500012402.5693   18.5926
    0.0000   15.0000  -37.500012992.5771   18.6573
    7.5000   15.0000  -37.500012419.3477   18.6141
   -7.5000   22.5000  -37.500011578.6260   18.6560
    0.0000   22.5000  -37.500012120.3193   18.7226
    7.5000   22.5000  -37.500011592.1016   18.6785
   -7.5000   30.0000  -37.500010727.9414   18.3588
    0.0000   30.0000  -37.500011228.6055   18.4262
    7.5000   30.0000  -37.500010747.1240   18.3816
   -7.5000   37.5000  -37.500010252.5703   18.2150
    0.0000   37.5000  -37.500010749.2783   18.2824
    7.5000   37.5000  -37.500010268.6797   18.2376
   -7.5000   45.0000  -37.5000 9426.7598   17.6833
    0.0000   45.0000  -37.5000 9909.0391   17.7471
    7.5000   45.0000  -37.5000 9447.0664   17.7041
   -7.5000  -45.0000  -30.0000 9292.9912   18.7534
    0.0000  -45.0000  -30.0000 9723.0566   18.8267
    7.5000  -45.0000  -30.0000 9339.3838   18.7860
   -7.5000  -37.5000  -30.0000 9889.2031   18.8365
    0.0000  -37.5000  -30.000010336.9375   18.9096
    7.5000  -37.5000  -30.0000 9934.0986   18.8689
   -7.5000  -30.0000  -30.000010848.4424   18.9686
    0.0000  -30.0000  -30.000011335.5557   19.0412
    7.5000  -30.0000  -30.000010881.7754   18.9992
   -7.5000  -22.5000  -30.000011816.0098   19.0336
    0.0000  -22.5000  -30.000012340.0420   19.1061
    7.5000  -22.5000  -30.000011827.4844   19.0622
   -7.5000  -15.0000  -30.000012756.9141   18.9754
    0.0000  -15.0000  -30.000013317.1973   19.0484
    7.5000  -15.0000  -30.000012749.5615   19.0045
   -7.5000   -7.5000  -30.000013673.2617   18.8242
    0.0000   -7.5000  -30.000014284.5527   18.8978
    7.5000   -7.5000  -30.000013667.1602   18.8557
   -7.5000    0.0000  -30.000014425.3193   18.7534
    0.0000    0.0000  -30.000015072.3037   18.8267
    7.5000    0.0000  -30.000014417.3770   18.7860
   -7.5000    7.5000  -30.000013950.2725   18.8365
    0.0000    7.5000  -30.000014562.8037   18.9096
    7.5000    7.5000  -30.000013938.8857   18.8689
   -7.5000   15.0000  -30.000013230.0977   18.9686
    0.0000   15.0000  -30.000013796.8145   19.0412
    7.5000   15.0000  -30.000013221.5723   18.9992
   -7.5000   22.5000  -30.000012342.1631   19.0291
    0.0000   22.5000  -30.000012876.0850   19.1015
    7.5000   22.5000  -30.000012350.7773   19.0577
   -7.5000   30.0000  -30.000011428.6631   18.7243
    0.0000   30.0000  -30.000011920.6934   18.7963
    7.5000   30.0000  -30.000011439.1504   18.7531
   -7.5000   37.5000  -30.000010920.9072   18.5752
    0.0000   37.5000  -30.000011397.3604   18.6478
    7.5000   37.5000  -30.000010919.5791   18.6062
   -7.5000   45.0000  -30.000010043.4561   18.0469
    0.0000   45.0000  -30.000010501.9629   18.1175
    7.5000   45.0000  -30.000010036.1387   18.0783
   -7.5000  -45.0000  -22.5000 9832.7744   19.0289
    0.0000  -45.0000  -22.500010290.1328   19.1059
    7.5000  -45.0000  -22.5000 9899.7979   19.0663
   -7.5000  -37.5000  -22.500010478.2197   19.1198
    0.0000  -37.5000  -22.500010964.1191   19.1972
    7.5000  -37.5000  -22.500010541.9434   19.1563
   -7.5000  -30.0000  -22.500011522.3555   19.2586
    0.0000  -30.0000  -22.500012054.4570   19.3334
    7.5000  -30.0000  -22.500011574.5781   19.2889
   -7.5000  -22.5000  -22.500012563.7373   19.3224
    0.0000  -22.5000  -22.500013138.2725   19.3937
    7.5000  -22.5000  -22.500012598.9053   19.3459
   -7.5000  -15.0000  -22.500013568.5654   19.2560
    0.0000  -15.0000  -22.500014171.9229   19.3268
    7.5000  -15.0000  -22.500013578.3115   19.2801
   -7.5000   -7.5000  -22.500014563.9219   19.0981
    0.0000   -7.5000  -22.500015223.6553   19.1722
    7.5000   -7.5000  -22.500014567.8398   19.1300
   -7.5000    0.0000  -22.500015373.9551   19.0289
    0.0000    0.0000  -22.500016068.8164   19.1059
    7.5000    0.0000  -22.500015368.2236   19.0663
   -7.5000    7.5000  -22.500014854.0107   19.1198
    0.0000    7.5000  -22.500015504.0264   19.1972
    7.5000    7.5000  -22.500014842.4043   19.1563
   -7.5000   15.0000  -22.500014069.3262   19.2586
    0.0000   15.0000  -22.500014660.2188   19.3334
    7.5000   15.0000  -22.500014055.8369   19.2889
   -7.5000   22.5000  -22.500013126.3604   19.3165
    0.0000   22.5000  -22.500013654.6279   19.3877
    7.5000   22.5000  -22.500013104.6094   19.3399
   -7.5000   30.0000  -22.500012165.0342   19.0041
    0.0000   30.0000  -22.500012640.1514   19.0740
    7.5000   30.0000  -22.500012150.2432   19.0279
   -7.5000   37.5000  -22.500011642.5059   18.8483
    0.0000   37.5000  -22.500012093.9082   18.9215
    7.5000   37.5000  -22.500011621.6133   18.8798
   -7.5000   45.0000  -22.500010692.9277   18.3258
    0.0000   45.0000  -22.500011132.4570   18.3999
    7.5000   45.0000  -22.500010665.8779   18.3618
   -7.5000  -45.0000  -15.000010374.4795   19.1330
    0.0000  -45.0000  -15.000010869.5469   19.2072
    7.5000  -45.0000  -15.000010450.8643   19.1623
   -7.5000  -37.5000  -15.000011085.9756   19.2299
    0.0000  -37.5000  -15.000011626.2070   19.3043
    7.5000  -37.5000  -15.000011153.8994   19.2580
   -7.5000  -30.0000  -15.000012225.9951   19.3741
    0.0000  -30.0000  -15.000012833.2197   19.4447
    7.5000  -30.0000  -15.000012305.2861   19.3950
   -7.5000  -22.5000  -15.000013361.4609   19.4375
    0.0000  -22.5000  -15.000014029.2793   19.5034
    7.5000  -22.5000  -15.000013435.5928   19.4505
   -7.5000  -15.0000  -15.000014416.8193   19.3652
    0.0000  -15.0000  -15.000015128.0479   19.4308
    7.5000  -15.0000  -15.000014469.3330   19.3787
   -7.5000   -7.5000  -15.000015468.9268   19.2017
    0.0000   -7.5000  -15.000016236.8174   19.2718
    7.5000   -7.5000  -15.000015503.9375   19.2244
   -7.5000    0.0000  -15.000016317.3604   19.1330
    0.0000    0.0000  -15.000017105.8594   19.2072
    7.5000    0.0000  -15.000016336.5010   19.1623
   -7.5000    7.5000  -15.000015767.1660   19.2299
    0.0000    7.5000  -15.000016492.2852   19.3043
    7.5000    7.5000  -15.000015776.7031   19.2580
   -7.5000   15.0000  -15.000014946.2656   19.3741
    0.0000   15.0000  -15.000015585.3506   19.4447
    7.5000   15.0000  -15.000014916.7188   19.3950
   -7.5000   22.5000  -15.000013957.0869   19.4307
    0.0000   22.5000  -15.000014511.4971   19.4965
    7.5000   22.5000  -15.000013926.4883   19.4436
   -7.5000   30.0000  -15.000012936.7812   19.1146
    0.0000   30.0000  -15.000013430.4668   19.1793
    7.5000   30.0000  -15.000012918.2549   19.1279
   -7.5000   37.5000  -15.000012383.5771   18.9532
    0.0000   37.5000  -15.000012857.9189   19.0224
    7.5000   37.5000  -15.000012370.3750   18.9756
   -7.5000   45.0000  -15.000011376.6016   18.4371
    0.0000   45.0000  -15.000011841.9629   18.5087
    7.5000   45.0000  -15.000011355.4160   18.4654
   -7.5000  -45.0000   -7.500010912.5254   19.0788
    0.0000  -45.0000   -7.500011481.6055   19.1490
    7.5000  -45.0000   -7.500011016.0859   19.0981
   -7.5000  -37.5000   -7.500011696.6875   19.1721
    0.0000  -37.5000   -7.500012323.2959   19.2416
    7.5000  -37.5000   -7.500011787.4180   19.1907
   -7.5000  -30.0000   -7.500012951.2529   19.3141
    0.0000  -30.0000   -7.500013678.7627   19.3806
    7.5000  -30.0000   -7.500013060.9395   19.3286
   -7.5000  -22.5000   -7.500014209.6846   19.3794
    0.0000  -22.5000   -7.500015044.6592   19.4427
    7.5000  -22.5000   -7.500014340.9014   19.3889
   -7.5000  -15.0000   -7.500015321.3604   19.3116
    0.0000  -15.0000   -7.500016232.5088   19.3752
    7.5000  -15.0000   -7.500015449.8516   19.3208
   -7.5000   -7.5000   -7.500016395.3535   19.1497
    0.0000   -7.5000   -7.500017326.0605   19.2173
    7.5000   -7.5000   -7.500016472.8477   19.1648
   -7.5000    0.0000   -7.500017301.8555   19.0788
    0.0000    0.0000   -7.500018189.8438   19.1490
    7.5000    0.0000   -7.500017310.7402   19.0981
   -7.5000    7.5000   -7.500016727.0410   19.1721
    0.0000    7.5000   -7.500017543.9102   19.2416
    7.5000    7.5000   -7.500016722.4785   19.1907
   -7.5000   15.0000   -7.500015879.8428   19.3141
    0.0000   15.0000   -7.500016595.6562   19.3806
    7.5000   15.0000   -7.500015838.4746   19.3286
   -7.5000   22.5000   -7.500014858.1777   19.3704
    0.0000   22.5000   -7.500015491.0830   19.4337
    7.5000   22.5000   -7.500014821.6475   19.3799
   -7.5000   30.0000   -7.500013800.4688   19.0612
    0.0000   30.0000   -7.500014382.7842   19.1240
    7.5000   30.0000   -7.500013767.0605   19.0702
   -7.5000   37.5000   -7.500013227.1963   18.9014
    0.0000   37.5000   -7.500013789.3457   18.9681
    7.5000   37.5000   -7.500013209.7168   18.9162
   -7.5000   45.0000   -7.500012132.2148   18.3884
    0.0000   45.0000   -7.500012683.9014   18.4561
    7.5000   45.0000   -7.500012123.8174   18.4070
   -7.5000  -45.0000    0.000011323.1279   18.9138
    0.0000  -45.0000    0.000011996.7236   18.9850
    7.5000  -45.0000    0.000011446.2314   18.9334
   -7.5000  -37.5000    0.000012152.7891   18.9992
    0.0000  -37.5000    0.000012911.4609   19.0687
    7.5000  -37.5000    0.000012283.3965   19.0184
   -7.5000  -30.0000    0.000013535.8828   19.1319
    0.0000  -30.0000    0.000014432.9756   19.2001
    7.5000  -30.0000    0.000013671.7607   19.1503
   -7.5000  -22.5000    0.000014958.5625   19.1963
    0.0000  -22.5000    0.000016028.0410   19.2646
    7.5000  -22.5000    0.000015143.9775   19.2136
   -7.5000  -15.0000    0.000016220.5537   19.1370
    0.0000  -15.0000    0.000017444.0957   19.2066
    7.5000  -15.0000    0.000016411.2930   19.1540
   -7.5000   -7.5000    0.000017373.0957   18.9838
    0.0000   -7.5000    0.000018578.3086   19.0553
    7.5000   -7.5000    0.000017421.6543   19.0027
   -7.5000    0.0000    0.000018314.0820   18.9138
    0.0000    0.0000    0.000019389.5293   18.9850
    7.5000    0.0000    0.000018228.0879   18.9334
   -7.5000    7.5000    0.000017685.3848   18.9992
    0.0000    7.5000    0.000018665.9863   19.0687
    7.5000    7.5000    0.000017602.2461   19.0184
   -7.5000   15.0000    0.000016795.7148   19.1319
    0.0000   15.0000    0.000017714.0762   19.2001
    7.5000   15.0000    0.000016738.3418   19.1503
   -7.5000   22.5000    0.000015724.6748   19.1875
    0.0000   22.5000    0.000016563.9727   19.2557
    7.5000   22.5000    0.000015702.6172   19.2047
   -7.5000   30.0000    0.000014618.2402   18.8893
    0.0000   30.0000    0.000015384.4170   18.9581
    7.5000   30.0000    0.000014605.2061   18.9062
   -7.5000   37.5000    0.000014020.6875   18.7382
    0.0000   37.5000    0.000014753.4912   18.8087
    7.5000   37.5000    0.000014023.7305   18.7568
   -7.5000   45.0000    0.000012868.7354   18.2307
    0.0000   45.0000    0.000013543.9492   18.2993
    7.5000   45.0000    0.000012882.6982   18.2496
   -7.5000  -45.0000    7.500010962.6572   19.1165
    0.0000  -45.0000    7.500011610.3955   19.1920
    7.5000  -45.0000    7.500011043.6318   19.1435
   -7.5000  -37.5000    7.500011749.1279   19.2000
    0.0000  -37.5000    7.500012503.6865   19.2738
    7.5000  -37.5000    7.500011827.6367   19.2266
   -7.5000  -30.0000    7.500013070.5479   19.3284
    0.0000  -30.0000    7.500013993.9395   19.4025
    7.5000  -30.0000    7.500013190.5547   19.3556
   -7.5000  -22.5000    7.500014549.8848   19.3909
    0.0000  -22.5000    7.500015819.9619   19.4668
    7.5000  -22.5000    7.500014792.5137   19.4190
   -7.5000  -15.0000    7.500015933.7002   19.3338
    0.0000  -15.0000    7.500017678.2266   19.4113
    7.5000  -15.0000    7.500016324.2881   19.3624
   -7.5000   -7.5000    7.500017159.2109   19.1846
    0.0000   -7.5000    7.500019003.8359   19.2621
    7.5000   -7.5000    7.500017455.7246   19.2130
   -7.5000    0.0000    7.500018027.3750   19.1165
    0.0000    0.0000    7.500019665.4805   19.1920
    7.5000    0.0000    7.500018145.3770   19.1435
   -7.5000    7.5000    7.500017397.7617   19.2000
    0.0000    7.5000    7.500018735.6543   19.2738
    7.5000    7.5000    7.500017404.7754   19.2266
   -7.5000   15.0000    7.500016486.1465   19.3284
    0.0000   15.0000    7.500017634.9375   19.4025
    7.5000   15.0000    7.500016475.3008   19.3556
   -7.5000   22.5000    7.500015438.4551   19.3820
    0.0000   22.5000    7.500016426.0586   19.4578
    7.5000   22.5000    7.500015419.7588   19.4101
   -7.5000   30.0000    7.500014363.5254   19.0836
    0.0000   30.0000    7.500015223.0439   19.1601
    7.5000   30.0000    7.500014330.4639   19.1118
   -7.5000   37.5000    7.500013770.5967   18.9363
    0.0000   37.5000    7.500014547.9209   19.0128
    7.5000   37.5000    7.500013733.4619   18.9643
   -7.5000   45.0000    7.500012610.5566   18.4261
    0.0000   45.0000    7.500013312.1865   18.4989
    7.5000   45.0000    7.500012592.5449   18.4521
   -7.5000  -45.0000   15.000010521.6045   19.4287
    0.0000  -45.0000   15.000011149.1592   19.5069
    7.5000  -45.0000   15.000010562.7324   19.4626
   -7.5000  -37.5000   15.000011277.1826   19.5165
    0.0000  -37.5000   15.000012010.5811   19.5944
    7.5000  -37.5000   15.000011321.9492   19.5499
   -7.5000  -30.0000   15.000012561.9707   19.6493
    0.0000  -30.0000   15.000013454.9004   19.7268
    7.5000  -30.0000   15.000012634.8740   19.6811
   -7.5000  -22.5000   15.000013980.4834   19.7119
    0.0000  -22.5000   15.000015286.5400   19.7894
    7.5000  -22.5000   15.000014188.8770   19.7420
   -7.5000  -15.0000   15.000015293.4951   19.6503
    0.0000  -15.0000   15.000017086.2539   19.7284
    7.5000  -15.0000   15.000015650.6729   19.6810
   -7.5000   -7.5000   15.000016438.9863   19.4967
    0.0000   -7.5000   15.000018260.2734   19.5753
    7.5000   -7.5000   15.000016772.5605   19.5297
   -7.5000    0.0000   15.000017356.1133   19.4287
    0.0000    0.0000   15.000018971.9727   19.5069
    7.5000    0.0000   15.000017535.8398   19.4626
   -7.5000    7.5000   15.000016776.1367   19.5165
    0.0000    7.5000   15.000018155.4902   19.5944
    7.5000    7.5000   15.000016835.5645   19.5499
   -7.5000   15.0000   15.000015877.6611   19.6493
    0.0000   15.0000   15.000017071.2168   19.7268
    7.5000   15.0000   15.000015898.9844   19.6811
   -7.5000   22.5000   15.000014865.9609   19.7029
    0.0000   22.5000   15.000015900.7510   19.7803
    7.5000   22.5000   15.000014866.3965   19.7329
   -7.5000   30.0000   15.000013838.9521   19.3960
    0.0000   30.0000   15.000014733.0098   19.4731
    7.5000   30.0000   15.000013820.2256   19.4263
   -7.5000   37.5000   15.000013293.4434   19.2444
    0.0000   37.5000   15.000014096.3105   19.3220
    7.5000   37.5000   15.000013249.1650   19.2770
   -7.5000   45.0000   15.000012205.0000   18.7270
    0.0000   45.0000   15.000012925.7207   18.8024
    7.5000   45.0000   15.000012178.3506   18.7597
   -7.5000  -45.0000   22.500010036.9629   19.8075
    0.0000  -45.0000   22.500010597.5508   19.8855
    7.5000  -45.0000   22.500010059.4619   19.8431
   -7.5000  -37.5000   22.500010783.4668   19.9019
    0.0000  -37.5000   22.500011397.4492   19.9803
    7.5000  -37.5000   22.500010782.6445   19.9363
   -7.5000  -30.0000   22.500012018.9561   20.0429
    0.0000  -30.0000   22.500012769.2383   20.1185
    7.5000  -30.0000   22.500012015.2324   20.0707
   -7.5000  -22.5000   22.500013295.4434   20.1070
    0.0000  -22.5000   22.500014315.9287   20.1791
    7.5000  -22.5000   22.500013376.9561   20.1278
   -7.5000  -15.0000   22.500014408.5127   20.0382
    0.0000  -15.0000   22.500015597.9590   20.1101
    7.5000  -15.0000   22.500014580.8779   20.0600
   -7.5000   -7.5000   22.500015462.0762   19.8765
    0.0000   -7.5000   22.500016633.1289   19.9517
    7.5000   -7.5000   22.500015620.1104   19.9065
   -7.5000    0.0000   22.500016392.9473   19.8075
    0.0000    0.0000   22.500017551.5410   19.8855
    7.5000    0.0000   22.500016475.6406   19.8431
   -7.5000    7.5000   22.500015916.5146   19.9019
    0.0000    7.5000   22.500017028.5117   19.9803
    7.5000    7.5000   22.500015940.4658   19.9363
   -7.5000   15.0000   22.500015129.1875   20.0429
    0.0000   15.0000   22.500016174.5186   20.1185
    7.5000   15.0000   22.500015148.1777   20.0707
   -7.5000   22.5000   22.500014189.8848   20.0978
    0.0000   22.5000   22.500015152.7188   20.1698
    7.5000   22.5000   22.500014199.6504   20.1185
   -7.5000   30.0000   22.500013218.9434   19.7788
    0.0000   30.0000   22.500014078.0742   19.8498
    7.5000   30.0000   22.500013200.5469   19.8004
   -7.5000   37.5000   22.500012697.0264   19.6192
    0.0000   37.5000   22.500013506.5469   19.6935
    7.5000   37.5000   22.500012664.1943   19.6489
   -7.5000   45.0000   22.500011664.3564   19.0922
    0.0000   45.0000   22.500012391.5674   19.1674
    7.5000   45.0000   22.500011646.2188   19.1264
   -7.5000  -45.0000   30.0000 9471.5039   20.2953
    0.0000  -45.0000   30.0000 9954.5176   20.3683
    7.5000  -45.0000   30.0000 9475.2783   20.3197
   -7.5000  -37.5000   30.000010171.3457   20.3954
    0.0000  -37.5000   30.000010669.0723   20.4683
    7.5000  -37.5000   30.000010149.6270   20.4181
   -7.5000  -30.0000   30.000011314.9277   20.5453
    0.0000  -30.0000   30.000011925.8779   20.6138
    7.5000  -30.0000   30.000011319.7686   20.5596
   -7.5000  -22.5000   30.000012444.8828   20.6129
    0.0000  -22.5000   30.000013223.2793   20.6763
    7.5000  -22.5000   30.000012543.5967   20.6184
   -7.5000  -15.0000   30.000013487.0400   20.5387
    0.0000  -15.0000   30.000014325.9658   20.6021
    7.5000  -15.0000   30.000013616.6816   20.5452
   -7.5000   -7.5000   30.000014521.0986   20.3677
    0.0000   -7.5000   30.000015378.3838   20.4363
    7.5000   -7.5000   30.000014623.4961   20.3848
   -7.5000    0.0000   30.000015414.6875   20.2953
    0.0000    0.0000   30.000016362.3477   20.3683
    7.5000    0.0000   30.000015475.9521   20.3197
   -7.5000    7.5000   30.000014960.6230   20.3954
    0.0000    7.5000   30.000015882.8613   20.4683
    7.5000    7.5000   30.000014973.2666   20.4181
   -7.5000   15.0000   30.000014255.3193   20.5453
    0.0000   15.0000   30.000015131.2217   20.6138
    7.5000   15.0000   30.000014257.1367   20.5596
   -7.5000   22.5000   30.000013397.8223   20.6034
    0.0000   22.5000   30.000014210.2842   20.6668
    7.5000   22.5000   30.000013379.2041   20.6089
   -7.5000   30.0000   30.000012514.4736   20.2729
    0.0000   30.0000   30.000013248.0361   20.3354
    7.5000   30.0000   30.000012452.9355   20.2793
   -7.5000   37.5000   30.000012012.2510   20.1041
    0.0000   37.5000   30.000012728.7002   20.1718
    7.5000   37.5000   30.000011960.1318   20.1210
   -7.5000   45.0000   30.000011017.4785   19.5623
    0.0000   45.0000   30.000011667.8916   19.6327
    7.5000   45.0000   30.000010978.2490   19.5858
   -7.5000  -45.0000   37.5000 9328.6934   20.7852
    0.0000  -45.0000   37.5000 9745.1631   20.8519
    7.5000  -45.0000   37.5000 9334.3770   20.7927
   -7.5000  -37.5000   37.500010015.3115   20.8827
    0.0000  -37.5000   37.500010439.1875   20.9482
    7.5000  -37.5000   37.500010009.6523   20.8892
   -7.5000  -30.0000   37.500011081.9248   21.0324
    0.0000  -30.0000   37.500011634.7227   21.0939
    7.5000  -30.0000   37.500011134.4219   21.0337
   -7.5000  -22.5000   37.500012190.5752   21.1035
    0.0000  -22.5000   37.500012826.2646   21.1614
    7.5000  -22.5000   37.500012284.6436   21.0984
   -7.5000  -15.0000   37.500013234.3984   21.0335
    0.0000  -15.0000   37.500013876.9746   21.0921
    7.5000  -15.0000   37.500013292.3447   21.0281
   -7.5000   -7.5000   37.500014256.0918   20.8615
    0.0000   -7.5000   37.500014970.7969   20.9252
    7.5000   -7.5000   37.500014293.0537   20.8637
   -7.5000    0.0000   37.500015098.0771   20.7852
    0.0000    0.0000   37.500015901.8262   20.8519
    7.5000    0.0000   37.500015122.5986   20.7927
   -7.5000    7.5000   37.500014635.5420   20.8827
    0.0000    7.5000   37.500015422.0771   20.9482
    7.5000    7.5000   37.500014619.9873   20.8892
   -7.5000   15.0000   37.500013960.1787   21.0324
    0.0000   15.0000   37.500014702.9023   21.0939
    7.5000   15.0000   37.500013916.0664   21.0337
   -7.5000   22.5000   37.500013140.2344   21.0938
    0.0000   22.5000   37.500013824.7012   21.1516
    7.5000   22.5000   37.500013083.8330   21.0887
   -7.5000   30.0000   37.500012263.5762   20.7613
    0.0000   30.0000   37.500012925.4697   20.8191
    7.5000   30.0000   37.500012209.6221   20.7560
   -7.5000   37.5000   37.500011763.2080   20.5915
    0.0000   37.5000   37.500012401.0723   20.6544
    7.5000   37.5000   37.500011705.2842   20.5937
   -7.5000   45.0000   37.500010777.9424   20.0345
    0.0000   45.0000   37.500011352.1807   20.0989
    7.5000   45.0000   37.500010731.7178   20.0417
   -7.5000  -45.0000   45.0000 8845.7109   21.4524
    0.0000  -45.0000   45.0000 9230.6865   21.5240
    7.5000  -45.0000   45.0000 8862.1660   21.4627
   -7.5000  -37.5000   45.0000 9480.0244   21.5452
    0.0000  -37.5000   45.0000 9882.8711   21.6140
    7.5000  -37.5000   45.0000 9496.7236   21.5541
   -7.5000  -30.0000   45.000010464.4688   21.6906
    0.0000  -30.0000   45.000010948.7119   21.7576
    7.5000  -30.0000   45.000010518.2744   21.6986
   -7.5000  -22.5000   45.000011507.9434   21.7634
    0.0000  -22.5000   45.000012027.0469   21.8307
    7.5000  -22.5000   45.000011571.2441   21.7707
   -7.5000  -15.0000   45.000012503.4463   21.6998
    0.0000  -15.0000   45.000013042.2402   21.7694
    7.5000  -15.0000   45.000012510.6113   21.7075
   -7.5000   -7.5000   45.000013457.0010   21.5308
    0.0000   -7.5000   45.000014073.5801   21.6028
    7.5000   -7.5000   45.000013450.9219   21.5408
   -7.5000    0.0000   45.000014219.3223   21.4524
    0.0000    0.0000   45.000014907.1855   21.5240
    7.5000    0.0000   45.000014221.1396   21.4627
   -7.5000    7.5000   45.000013745.2285   21.5452
    0.0000    7.5000   45.000014424.5713   21.6140
    7.5000    7.5000   45.000013736.1709   21.5541
   -7.5000   15.0000   45.000013103.5117   21.6906
    0.0000   15.0000   45.000013733.1777   21.7576
    7.5000   15.0000   45.000013067.7617   21.6986
   -7.5000   22.5000   45.000012339.9189   21.7533
    0.0000   22.5000   45.000012939.8154   21.8206
    7.5000   22.5000   45.000012289.3271   21.7606
   -7.5000   30.0000   45.000011521.0254   21.4171
    0.0000   30.0000   45.000012079.7393   21.4858
    7.5000   30.0000   45.000011462.3164   21.4247
   -7.5000   37.5000   45.000011042.1982   21.2503
    0.0000   37.5000   45.000011583.6260   21.3214
    7.5000   37.5000   45.000010983.9385   21.2601
   -7.5000   45.0000   45.000010110.1602   20.6871
    0.0000   45.0000   45.000010614.8955   20.7561
    7.5000   45.0000   45.000010065.7510   20.6969

---------------------------------------------------------------------
imgreg_4dfp /opt/freesurfer/average/711-2C_as_mni_average_305 /opt/freesurfer/average/711-2B_as_mni_average_305_mask talsrcimg_g11 none talsrcimg_to_711-2C_as_mni_average_305_t4 4355
---------------------------------------------------------------------

freesurfer imgreg_4dfp.c
/opt/freesurfer/average/711-2C_as_mni_average_305.4dfp.img
       256       256       256         1
  1.000000  1.000000  1.000000
orientation T byte_order littleendian
Reading image: /opt/freesurfer/average/711-2C_as_mni_average_305.4dfp.img
dimensions:      256       256       256
mmppix:       1.0000   -1.0000   -1.0000
center:     128.0000 -129.0000 -129.0000
/opt/freesurfer/average/711-2B_as_mni_average_305_mask.4dfp.img
       256       256       256         1
  1.000000  1.000000  1.000000
orientation T byte_order littleendian
Reading mask: /opt/freesurfer/average/711-2B_as_mni_average_305_mask.4dfp.img (2306576 pixels)
talsrcimg_g11.4dfp.img
       320       320       320         1
  0.800000  0.800000  0.800000
orientation T byte_order littleendian
Reading image: talsrcimg_g11.4dfp.img
dimensions:      320       320       320
mmppix:       0.8000   -0.8000   -0.8000
center:     128.0000 -128.8000 -128.8000
rotation matrix determinant  1.000000
image alignment mode   4355 decimal     1103 hex
   -7.5000  -45.0000  -37.5000 2453.5615   27.5857
    0.0000  -45.0000  -37.5000 2450.5667   27.4050
    7.5000  -45.0000  -37.5000 2456.0701   27.5167
   -7.5000  -37.5000  -37.5000 2512.8730   25.6703
    0.0000  -37.5000  -37.5000 2510.7664   25.4559
    7.5000  -37.5000  -37.5000 2516.9033   25.5576
   -7.5000  -30.0000  -37.5000 2558.5935   24.1063
    0.0000  -30.0000  -37.5000 2556.2102   23.8685
    7.5000  -30.0000  -37.5000 2563.5088   23.9836
   -7.5000  -22.5000  -37.5000 2597.4175   22.8815
    0.0000  -22.5000  -37.5000 2593.4897   22.6568
    7.5000  -22.5000  -37.5000 2597.7185   22.7559
   -7.5000  -15.0000  -37.5000 2627.0208   22.0806
    0.0000  -15.0000  -37.5000 2625.9238   21.8841
    7.5000  -15.0000  -37.5000 2626.8740   21.9411
   -7.5000   -7.5000  -37.5000 2643.7400   21.7405
    0.0000   -7.5000  -37.5000 2647.9160   21.5688
    7.5000   -7.5000  -37.5000 2645.6724   21.5812
   -7.5000    0.0000  -37.5000 2646.0090   21.6975
    0.0000    0.0000  -37.5000 2657.2375   21.5541
    7.5000    0.0000  -37.5000 2654.5583   21.5543
   -7.5000    7.5000  -37.5000 2630.6465   21.9599
    0.0000    7.5000  -37.5000 2645.4038   21.8765
    7.5000    7.5000  -37.5000 2641.4282   21.8687
   -7.5000   15.0000  -37.5000 2598.7517   22.6593
    0.0000   15.0000  -37.5000 2616.6658   22.6050
    7.5000   15.0000  -37.5000 2608.4490   22.5996
   -7.5000   22.5000  -37.5000 2541.0271   23.7343
    0.0000   22.5000  -37.5000 2556.6758   23.6895
    7.5000   22.5000  -37.5000 2550.9290   23.6977
   -7.5000   30.0000  -37.5000 2464.0574   25.2257
    0.0000   30.0000  -37.5000 2478.2715   25.1645
    7.5000   30.0000  -37.5000 2475.5647   25.1768
   -7.5000   37.5000  -37.5000 2384.7888   27.0665
    0.0000   37.5000  -37.5000 2396.4421   26.9947
    7.5000   37.5000  -37.5000 2393.8740   27.0009
   -7.5000   45.0000  -37.5000 2290.5469   29.4658
    0.0000   45.0000  -37.5000 2302.3965   29.3039
    7.5000   45.0000  -37.5000 2300.0967   29.3104
   -7.5000  -45.0000  -30.0000 2552.8101   27.4896
    0.0000  -45.0000  -30.0000 2550.5481   27.2608
    7.5000  -45.0000  -30.0000 2558.0598   27.3993
   -7.5000  -37.5000  -30.0000 2619.9009   25.5018
    0.0000  -37.5000  -30.0000 2612.4531   25.2717
    7.5000  -37.5000  -30.0000 2620.8745   25.4000
   -7.5000  -30.0000  -30.0000 2668.4634   23.9193
    0.0000  -30.0000  -30.0000 2658.5432   23.6577
    7.5000  -30.0000  -30.0000 2666.9519   23.7529
   -7.5000  -22.5000  -30.0000 2710.7141   22.6490
    0.0000  -22.5000  -30.0000 2697.0017   22.3471
    7.5000  -22.5000  -30.0000 2706.1670   22.4591
   -7.5000  -15.0000  -30.0000 2744.4150   21.7949
    0.0000  -15.0000  -30.0000 2736.0632   21.5234
    7.5000  -15.0000  -30.0000 2739.4050   21.6367
   -7.5000   -7.5000  -30.0000 2756.1223   21.3654
    0.0000   -7.5000  -30.0000 2756.3523   21.1911
    7.5000   -7.5000  -30.0000 2754.8818   21.2495
   -7.5000    0.0000  -30.0000 2758.3765   21.2846
    0.0000    0.0000  -30.0000 2765.1990   21.1356
    7.5000    0.0000  -30.0000 2764.2715   21.1885
   -7.5000    7.5000  -30.0000 2746.1626   21.5338
    0.0000    7.5000  -30.0000 2756.1255   21.3771
    7.5000    7.5000  -30.0000 2754.7510   21.4401
   -7.5000   15.0000  -30.0000 2715.5857   22.2029
    0.0000   15.0000  -30.0000 2723.8162   22.0241
    7.5000   15.0000  -30.0000 2722.8066   22.0752
   -7.5000   22.5000  -30.0000 2655.0605   23.2151
    0.0000   22.5000  -30.0000 2667.3652   23.0866
    7.5000   22.5000  -30.0000 2665.5334   23.1171
   -7.5000   30.0000  -30.0000 2577.7393   24.6162
    0.0000   30.0000  -30.0000 2593.0161   24.5110
    7.5000   30.0000  -30.0000 2587.2991   24.5555
   -7.5000   37.5000  -30.0000 2494.8872   26.3788
    0.0000   37.5000  -30.0000 2507.1387   26.2822
    7.5000   37.5000  -30.0000 2498.6013   26.2877
   -7.5000   45.0000  -30.0000 2397.8608   28.6672
    0.0000   45.0000  -30.0000 2409.1475   28.5662
    7.5000   45.0000  -30.0000 2399.8511   28.5513
   -7.5000  -45.0000  -22.5000 2612.1899   27.2973
    0.0000  -45.0000  -22.5000 2605.6133   26.9441
    7.5000  -45.0000  -22.5000 2618.5366   27.0899
   -7.5000  -37.5000  -22.5000 2674.9978   25.2389
    0.0000  -37.5000  -22.5000 2667.5908   24.9144
    7.5000  -37.5000  -22.5000 2681.3945   25.0426
   -7.5000  -30.0000  -22.5000 2729.6497   23.6310
    0.0000  -30.0000  -22.5000 2720.1399   23.3373
    7.5000  -30.0000  -22.5000 2732.8123   23.4014
   -7.5000  -22.5000  -22.5000 2773.2092   22.3151
    0.0000  -22.5000  -22.5000 2761.2090   22.0094
    7.5000  -22.5000  -22.5000 2772.5505   22.0594
   -7.5000  -15.0000  -22.5000 2805.1919   21.3705
    0.0000  -15.0000  -22.5000 2797.8022   21.0942
    7.5000  -15.0000  -22.5000 2803.9023   21.1603
   -7.5000   -7.5000  -22.5000 2821.7861   20.9140
    0.0000   -7.5000  -22.5000 2820.3926   20.6487
    7.5000   -7.5000  -22.5000 2824.1333   20.7350
   -7.5000    0.0000  -22.5000 2830.6763   20.8128
    0.0000    0.0000  -22.5000 2831.0107   20.5497
    7.5000    0.0000  -22.5000 2833.9670   20.6427
   -7.5000    7.5000  -22.5000 2822.5237   21.0377
    0.0000    7.5000  -22.5000 2822.4932   20.7507
    7.5000    7.5000  -22.5000 2825.5205   20.8428
   -7.5000   15.0000  -22.5000 2789.8635   21.6382
    0.0000   15.0000  -22.5000 2792.6665   21.3779
    7.5000   15.0000  -22.5000 2793.2217   21.4476
   -7.5000   22.5000  -22.5000 2729.2820   22.6151
    0.0000   22.5000  -22.5000 2733.1035   22.3765
    7.5000   22.5000  -22.5000 2733.6228   22.4318
   -7.5000   30.0000  -22.5000 2649.2988   23.9542
    0.0000   30.0000  -22.5000 2660.6587   23.7482
    7.5000   30.0000  -22.5000 2661.0173   23.8105
   -7.5000   37.5000  -22.5000 2565.6599   25.6476
    0.0000   37.5000  -22.5000 2579.2444   25.4797
    7.5000   37.5000  -22.5000 2574.5227   25.5156
   -7.5000   45.0000  -22.5000 2463.6265   27.8920
    0.0000   45.0000  -22.5000 2476.9968   27.7310
    7.5000   45.0000  -22.5000 2466.9661   27.7362
   -7.5000  -45.0000  -15.0000 2636.0981   27.1364
    0.0000  -45.0000  -15.0000 2633.3555   26.7479
    7.5000  -45.0000  -15.0000 2647.2495   26.8174
   -7.5000  -37.5000  -15.0000 2703.3018   25.0651
    0.0000  -37.5000  -15.0000 2698.2092   24.6824
    7.5000  -37.5000  -15.0000 2713.1614   24.7207
   -7.5000  -30.0000  -15.0000 2756.3345   23.3708
    0.0000  -30.0000  -15.0000 2751.2112   23.0293
    7.5000  -30.0000  -15.0000 2767.2415   23.0584
   -7.5000  -22.5000  -15.0000 2801.2261   22.0004
    0.0000  -22.5000  -15.0000 2798.6030   21.6967
    7.5000  -22.5000  -15.0000 2808.2285   21.7043
   -7.5000  -15.0000  -15.0000 2833.1274   20.9795
    0.0000  -15.0000  -15.0000 2826.5413   20.6420
    7.5000  -15.0000  -15.0000 2834.1895   20.6795
   -7.5000   -7.5000  -15.0000 2855.2358   20.4275
    0.0000   -7.5000  -15.0000 2850.1353   20.0770
    7.5000   -7.5000  -15.0000 2853.2397   20.1349
   -7.5000    0.0000  -15.0000 2866.7578   20.2892
    0.0000    0.0000  -15.0000 2861.7217   19.9349
    7.5000    0.0000  -15.0000 2865.0166   19.9976
   -7.5000    7.5000  -15.0000 2857.9277   20.4962
    0.0000    7.5000  -15.0000 2856.7427   20.1341
    7.5000    7.5000  -15.0000 2859.0237   20.1893
   -7.5000   15.0000  -15.0000 2829.8147   21.0900
    0.0000   15.0000  -15.0000 2829.2808   20.7453
    7.5000   15.0000  -15.0000 2829.3679   20.8101
   -7.5000   22.5000  -15.0000 2771.9209   22.0816
    0.0000   22.5000  -15.0000 2771.3018   21.7344
    7.5000   22.5000  -15.0000 2776.2476   21.8174
   -7.5000   30.0000  -15.0000 2695.0044   23.4059
    0.0000   30.0000  -15.0000 2696.0220   23.0609
    7.5000   30.0000  -15.0000 2704.2407   23.1565
   -7.5000   37.5000  -15.0000 2608.5276   25.0676
    0.0000   37.5000  -15.0000 2612.7119   24.7441
    7.5000   37.5000  -15.0000 2618.5117   24.8515
   -7.5000   45.0000  -15.0000 2501.5874   27.2415
    0.0000   45.0000  -15.0000 2513.0684   26.9904
    7.5000   45.0000  -15.0000 2509.6765   27.0986
   -7.5000  -45.0000   -7.5000 2647.9749   27.0189
    0.0000  -45.0000   -7.5000 2648.3301   26.7043
    7.5000  -45.0000   -7.5000 2648.1912   26.6111
   -7.5000  -37.5000   -7.5000 2713.8794   24.8582
    0.0000  -37.5000   -7.5000 2711.4360   24.5830
    7.5000  -37.5000   -7.5000 2714.7996   24.5043
   -7.5000  -30.0000   -7.5000 2769.9600   23.1353
    0.0000  -30.0000   -7.5000 2767.8687   22.9122
    7.5000  -30.0000   -7.5000 2771.4636   22.8121
   -7.5000  -22.5000   -7.5000 2817.2087   21.6955
    0.0000  -22.5000   -7.5000 2817.0029   21.4828
    7.5000  -22.5000   -7.5000 2818.8740   21.4232
   -7.5000  -15.0000   -7.5000 2840.9326   20.6151
    0.0000  -15.0000   -7.5000 2838.0916   20.3612
    7.5000  -15.0000   -7.5000 2837.8669   20.2965
   -7.5000   -7.5000   -7.5000 2863.0408   19.9620
    0.0000   -7.5000   -7.5000 2852.6704   19.5946
    7.5000   -7.5000   -7.5000 2851.3369   19.5957
   -7.5000    0.0000   -7.5000 2877.0298   19.8046
    0.0000    0.0000   -7.5000 2862.6677   19.3639
    7.5000    0.0000   -7.5000 2861.1174   19.4055
   -7.5000    7.5000   -7.5000 2873.2266   19.9966
    0.0000    7.5000   -7.5000 2862.7588   19.5793
    7.5000    7.5000   -7.5000 2864.7168   19.6070
   -7.5000   15.0000   -7.5000 2852.2305   20.6073
    0.0000   15.0000   -7.5000 2841.4080   20.1759
    7.5000   15.0000   -7.5000 2840.5310   20.2364
   -7.5000   22.5000   -7.5000 2796.7639   21.6201
    0.0000   22.5000   -7.5000 2786.6538   21.1791
    7.5000   22.5000   -7.5000 2786.8782   21.2781
   -7.5000   30.0000   -7.5000 2720.2043   22.9851
    0.0000   30.0000   -7.5000 2712.8552   22.5332
    7.5000   30.0000   -7.5000 2714.2534   22.6319
   -7.5000   37.5000   -7.5000 2632.9011   24.6553
    0.0000   37.5000   -7.5000 2629.3679   24.2306
    7.5000   37.5000   -7.5000 2634.7170   24.3609
   -7.5000   45.0000   -7.5000 2522.4155   26.8140
    0.0000   45.0000   -7.5000 2526.2222   26.4367
    7.5000   45.0000   -7.5000 2525.2205   26.5558
   -7.5000  -45.0000    0.0000 2641.6702   26.9746
    0.0000  -45.0000    0.0000 2660.0454   26.9465
    7.5000  -45.0000    0.0000 2637.6729   26.6668
   -7.5000  -37.5000    0.0000 2709.2686   24.7278
    0.0000  -37.5000    0.0000 2728.2712   24.7645
    7.5000  -37.5000    0.0000 2702.9590   24.4692
   -7.5000  -30.0000    0.0000 2768.9170   23.0157
    0.0000  -30.0000    0.0000 2786.1475   23.0793
    7.5000  -30.0000    0.0000 2759.0217   22.7688
   -7.5000  -22.5000    0.0000 2819.2983   21.6054
    0.0000  -22.5000    0.0000 2838.0952   21.6982
    7.5000  -22.5000    0.0000 2809.6921   21.3508
   -7.5000  -15.0000    0.0000 2849.3418   20.5285
    0.0000  -15.0000    0.0000 2865.1094   20.5357
    7.5000  -15.0000    0.0000 2837.6609   20.2406
   -7.5000   -7.5000    0.0000 2867.1606   19.7941
    0.0000   -7.5000    0.0000 2868.4595   19.6435
    7.5000   -7.5000    0.0000 2843.1663   19.4473
   -7.5000    0.0000    0.0000 2880.7493   19.5410
    0.0000    0.0000    0.0000 2872.9292   19.2087
    7.5000    0.0000    0.0000 2848.0872   19.1741
   -7.5000    7.5000    0.0000 2877.3079   19.6931
    0.0000    7.5000    0.0000 2867.7725   19.3560
    7.5000    7.5000    0.0000 2855.9939   19.3433
   -7.5000   15.0000    0.0000 2854.7886   20.2674
    0.0000   15.0000    0.0000 2851.3962   19.9521
    7.5000   15.0000    0.0000 2842.9651   19.9338
   -7.5000   22.5000    0.0000 2804.1443   21.3302
    0.0000   22.5000    0.0000 2804.4473   21.0069
    7.5000   22.5000    0.0000 2796.3267   21.0076
   -7.5000   30.0000    0.0000 2734.5044   22.7652
    0.0000   30.0000    0.0000 2735.5312   22.4643
    7.5000   30.0000    0.0000 2727.4531   22.4889
   -7.5000   37.5000    0.0000 2657.3311   24.5529
    0.0000   37.5000    0.0000 2662.0459   24.2416
    7.5000   37.5000    0.0000 2653.7471   24.2750
   -7.5000   45.0000    0.0000 2550.0149   26.7506
    0.0000   45.0000    0.0000 2555.7217   26.4429
    7.5000   45.0000    0.0000 2547.6365   26.4395
   -7.5000  -45.0000    7.5000 2651.0132   27.2637
    0.0000  -45.0000    7.5000 2667.3079   27.2792
    7.5000  -45.0000    7.5000 2641.3979   26.9749
   -7.5000  -37.5000    7.5000 2716.1880   24.9095
    0.0000  -37.5000    7.5000 2740.0032   25.0334
    7.5000  -37.5000    7.5000 2703.1038   24.6504
   -7.5000  -30.0000    7.5000 2774.0767   23.1144
    0.0000  -30.0000    7.5000 2802.3770   23.3273
    7.5000  -30.0000    7.5000 2760.2786   22.9015
   -7.5000  -22.5000    7.5000 2831.5999   21.7670
    0.0000  -22.5000    7.5000 2868.9258   22.1341
    7.5000  -22.5000    7.5000 2821.8518   21.6277
   -7.5000  -15.0000    7.5000 2865.1167   20.7732
    0.0000  -15.0000    7.5000 2931.3982   21.2934
    7.5000  -15.0000    7.5000 2870.1831   20.7427
   -7.5000   -7.5000    7.5000 2880.5354   20.0243
    0.0000   -7.5000    7.5000 2953.7112   20.5083
    7.5000   -7.5000    7.5000 2884.7661   20.0154
   -7.5000    0.0000    7.5000 2888.8022   19.5858
    0.0000    0.0000    7.5000 2920.8577   19.6758
    7.5000    0.0000    7.5000 2873.1189   19.4250
   -7.5000    7.5000    7.5000 2885.2307   19.6133
    0.0000    7.5000    7.5000 2888.3918   19.4577
    7.5000    7.5000    7.5000 2863.3896   19.3449
   -7.5000   15.0000    7.5000 2863.6931   20.2322
    0.0000   15.0000    7.5000 2858.1565   19.9670
    7.5000   15.0000    7.5000 2849.8713   19.9336
   -7.5000   22.5000    7.5000 2815.5933   21.3379
    0.0000   22.5000    7.5000 2812.7729   21.0653
    7.5000   22.5000    7.5000 2806.1650   21.0901
   -7.5000   30.0000    7.5000 2753.4749   22.8642
    0.0000   30.0000    7.5000 2750.8108   22.5664
    7.5000   30.0000    7.5000 2742.8069   22.6260
   -7.5000   37.5000    7.5000 2673.1672   24.6195
    0.0000   37.5000    7.5000 2677.0942   24.3488
    7.5000   37.5000    7.5000 2667.6897   24.3690
   -7.5000   45.0000    7.5000 2566.1997   26.7776
    0.0000   45.0000    7.5000 2573.2869   26.5655
    7.5000   45.0000    7.5000 2564.9199   26.5676
   -7.5000  -45.0000   15.0000 2648.1780   27.6933
    0.0000  -45.0000   15.0000 2666.2202   27.7140
    7.5000  -45.0000   15.0000 2634.7402   27.3442
   -7.5000  -37.5000   15.0000 2714.5403   25.2668
    0.0000  -37.5000   15.0000 2744.0366   25.4346
    7.5000  -37.5000   15.0000 2703.1462   25.0416
   -7.5000  -30.0000   15.0000 2772.8853   23.3983
    0.0000  -30.0000   15.0000 2819.7146   23.7740
    7.5000  -30.0000   15.0000 2773.5979   23.3547
   -7.5000  -22.5000   15.0000 2831.6079   22.0249
    0.0000  -22.5000   15.0000 2891.8933   22.5629
    7.5000  -22.5000   15.0000 2841.4868   22.0982
   -7.5000  -15.0000   15.0000 2876.8772   21.0841
    0.0000  -15.0000   15.0000 2960.5618   21.7824
    7.5000  -15.0000   15.0000 2897.4702   21.2496
   -7.5000   -7.5000   15.0000 2891.1694   20.3035
    0.0000   -7.5000   15.0000 2978.5884   20.9328
    7.5000   -7.5000   15.0000 2911.2117   20.4517
   -7.5000    0.0000   15.0000 2898.9631   19.9097
    0.0000    0.0000   15.0000 2943.8401   20.0830
    7.5000    0.0000   15.0000 2897.7200   19.9316
   -7.5000    7.5000   15.0000 2894.2852   19.9460
    0.0000    7.5000   15.0000 2912.4216   19.8688
    7.5000    7.5000   15.0000 2883.1895   19.8642
   -7.5000   15.0000   15.0000 2863.5139   20.5061
    0.0000   15.0000   15.0000 2875.2617   20.4002
    7.5000   15.0000   15.0000 2856.5044   20.3730
   -7.5000   22.5000   15.0000 2817.4949   21.5894
    0.0000   22.5000   15.0000 2821.2715   21.4226
    7.5000   22.5000   15.0000 2808.5767   21.3770
   -7.5000   30.0000   15.0000 2753.5515   23.0522
    0.0000   30.0000   15.0000 2754.8518   22.8349
    7.5000   30.0000   15.0000 2746.2764   22.7981
   -7.5000   37.5000   15.0000 2677.6387   24.8058
    0.0000   37.5000   15.0000 2678.8418   24.5633
    7.5000   37.5000   15.0000 2672.3596   24.5605
   -7.5000   45.0000   15.0000 2575.1321   27.0319
    0.0000   45.0000   15.0000 2580.6323   26.7366
    7.5000   45.0000   15.0000 2572.7681   26.8107
   -7.5000  -45.0000   22.5000 2644.0906   28.1981
    0.0000  -45.0000   22.5000 2661.0833   28.2469
    7.5000  -45.0000   22.5000 2636.6145   28.0100
   -7.5000  -37.5000   22.5000 2712.5730   25.7010
    0.0000  -37.5000   22.5000 2736.2615   25.8866
    7.5000  -37.5000   22.5000 2708.2710   25.6426
   -7.5000  -30.0000   22.5000 2776.9490   23.7952
    0.0000  -30.0000   22.5000 2803.9382   24.0715
    7.5000  -30.0000   22.5000 2775.2324   23.8081
   -7.5000  -22.5000   22.5000 2836.6738   22.3815
    0.0000  -22.5000   22.5000 2872.5967   22.7407
    7.5000  -22.5000   22.5000 2837.8694   22.4182
   -7.5000  -15.0000   22.5000 2871.4651   21.2821
    0.0000  -15.0000   22.5000 2928.2048   21.7317
    7.5000  -15.0000   22.5000 2880.8254   21.3786
   -7.5000   -7.5000   22.5000 2879.5925   20.5707
    0.0000   -7.5000   22.5000 2922.4446   20.7600
    7.5000   -7.5000   22.5000 2891.7412   20.6493
   -7.5000    0.0000   22.5000 2902.3723   20.3195
    0.0000    0.0000   22.5000 2920.2185   20.2174
    7.5000    0.0000   22.5000 2901.8279   20.3174
   -7.5000    7.5000   22.5000 2912.1807   20.5299
    0.0000    7.5000   22.5000 2925.7334   20.4222
    7.5000    7.5000   22.5000 2902.0195   20.4740
   -7.5000   15.0000   22.5000 2885.6812   21.2006
    0.0000   15.0000   22.5000 2897.2524   21.1456
    7.5000   15.0000   22.5000 2881.5295   21.1300
   -7.5000   22.5000   22.5000 2829.3401   22.2782
    0.0000   22.5000   22.5000 2834.8113   22.1618
    7.5000   22.5000   22.5000 2823.9614   22.1447
   -7.5000   30.0000   22.5000 2758.2266   23.6728
    0.0000   30.0000   22.5000 2762.9495   23.4987
    7.5000   30.0000   22.5000 2753.6829   23.4807
   -7.5000   37.5000   22.5000 2680.7642   25.2633
    0.0000   37.5000   22.5000 2686.5735   25.0724
    7.5000   37.5000   22.5000 2676.3169   25.0613
   -7.5000   45.0000   22.5000 2575.2871   27.3631
    0.0000   45.0000   22.5000 2577.8127   27.1788
    7.5000   45.0000   22.5000 2570.8716   27.1680
   -7.5000  -45.0000   30.0000 2631.1472   28.7004
    0.0000  -45.0000   30.0000 2636.7583   28.6288
    7.5000  -45.0000   30.0000 2632.0894   28.5903
   -7.5000  -37.5000   30.0000 2703.3064   26.1842
    0.0000  -37.5000   30.0000 2705.8145   26.1397
    7.5000  -37.5000   30.0000 2704.3020   26.1122
   -7.5000  -30.0000   30.0000 2770.6155   24.2395
    0.0000  -30.0000   30.0000 2773.7314   24.2510
    7.5000  -30.0000   30.0000 2773.1487   24.2553
   -7.5000  -22.5000   30.0000 2829.7695   22.7659
    0.0000  -22.5000   30.0000 2848.6877   22.9525
    7.5000  -22.5000   30.0000 2837.1436   22.8868
   -7.5000  -15.0000   30.0000 2859.7373   21.6503
    0.0000  -15.0000   30.0000 2887.5396   21.8471
    7.5000  -15.0000   30.0000 2870.3667   21.7874
   -7.5000   -7.5000   30.0000 2890.1824   21.1103
    0.0000   -7.5000   30.0000 2899.5813   21.0288
    7.5000   -7.5000   30.0000 2892.6265   21.1782
   -7.5000    0.0000   30.0000 2914.4724   20.9885
    0.0000    0.0000   30.0000 2928.1731   20.8853
    7.5000    0.0000   30.0000 2910.1638   20.9663
   -7.5000    7.5000   30.0000 2920.6987   21.2502
    0.0000    7.5000   30.0000 2935.6641   21.1431
    7.5000    7.5000   30.0000 2912.9255   21.1835
   -7.5000   15.0000   30.0000 2897.4995   21.9625
    0.0000   15.0000   30.0000 2908.0713   21.8429
    7.5000   15.0000   30.0000 2890.2151   21.8407
   -7.5000   22.5000   30.0000 2840.6606   23.0690
    0.0000   22.5000   30.0000 2848.0684   22.9584
    7.5000   22.5000   30.0000 2835.5500   22.9668
   -7.5000   30.0000   30.0000 2766.6975   24.4560
    0.0000   30.0000   30.0000 2771.8757   24.3288
    7.5000   30.0000   30.0000 2761.2627   24.3232
   -7.5000   37.5000   30.0000 2676.9763   26.0098
    0.0000   37.5000   30.0000 2685.5393   25.8681
    7.5000   37.5000   30.0000 2678.9299   25.8592
   -7.5000   45.0000   30.0000 2567.5227   28.0138
    0.0000   45.0000   30.0000 2570.8865   27.8955
    7.5000   45.0000   30.0000 2567.8872   27.8951
   -7.5000  -45.0000   37.5000 2616.1672   29.2468
    0.0000  -45.0000   37.5000 2605.1499   28.9434
    7.5000  -45.0000   37.5000 2620.1106   29.2194
   -7.5000  -37.5000   37.5000 2694.0034   26.6557
    0.0000  -37.5000   37.5000 2678.6523   26.4183
    7.5000  -37.5000   37.5000 2698.2991   26.7188
   -7.5000  -30.0000   37.5000 2763.6304   24.7475
    0.0000  -30.0000   37.5000 2755.3125   24.6539
    7.5000  -30.0000   37.5000 2770.9819   24.8635
   -7.5000  -22.5000   37.5000 2816.9956   23.2275
    0.0000  -22.5000   37.5000 2822.3809   23.2212
    7.5000  -22.5000   37.5000 2829.7944   23.3735
   -7.5000  -15.0000   37.5000 2860.0916   22.2343
    0.0000  -15.0000   37.5000 2853.4531   22.0311
    7.5000  -15.0000   37.5000 2864.6948   22.2861
   -7.5000   -7.5000   37.5000 2891.9792   21.7285
    0.0000   -7.5000   37.5000 2897.5383   21.5846
    7.5000   -7.5000   37.5000 2892.4407   21.7936
   -7.5000    0.0000   37.5000 2912.0364   21.6905
    0.0000    0.0000   37.5000 2922.0720   21.6065
    7.5000    0.0000   37.5000 2908.9773   21.6993
   -7.5000    7.5000   37.5000 2914.8018   22.0314
    0.0000    7.5000   37.5000 2926.7808   21.9413
    7.5000    7.5000   37.5000 2908.0459   21.9542
   -7.5000   15.0000   37.5000 2896.2715   22.7536
    0.0000   15.0000   37.5000 2901.9980   22.6097
    7.5000   15.0000   37.5000 2886.8386   22.6170
   -7.5000   22.5000   37.5000 2837.2678   23.8249
    0.0000   22.5000   37.5000 2839.0691   23.6679
    7.5000   22.5000   37.5000 2832.3560   23.7115
   -7.5000   30.0000   37.5000 2761.5955   25.2331
    0.0000   30.0000   37.5000 2770.0129   25.1154
    7.5000   30.0000   37.5000 2761.2710   25.0978
   -7.5000   37.5000   37.5000 2669.3735   26.8768
    0.0000   37.5000   37.5000 2678.4978   26.7744
    7.5000   37.5000   37.5000 2671.8818   26.6879
   -7.5000   45.0000   37.5000 2555.2297   28.8816
    0.0000   45.0000   37.5000 2561.1208   28.7708
    7.5000   45.0000   37.5000 2557.4199   28.7205
   -7.5000  -45.0000   45.0000 2596.2000   29.8550
    0.0000  -45.0000   45.0000 2576.6409   29.3517
    7.5000  -45.0000   45.0000 2607.4875   29.8992
   -7.5000  -37.5000   45.0000 2680.2532   27.2904
    0.0000  -37.5000   45.0000 2657.1472   26.8619
    7.5000  -37.5000   45.0000 2689.1987   27.3586
   -7.5000  -30.0000   45.0000 2744.1943   25.2763
    0.0000  -30.0000   45.0000 2732.8220   25.0393
    7.5000  -30.0000   45.0000 2756.9424   25.4036
   -7.5000  -22.5000   45.0000 2806.3647   23.7790
    0.0000  -22.5000   45.0000 2787.5376   23.4909
    7.5000  -22.5000   45.0000 2816.7920   23.8989
   -7.5000  -15.0000   45.0000 2854.0908   22.8468
    0.0000  -15.0000   45.0000 2839.9673   22.5517
    7.5000  -15.0000   45.0000 2854.4768   22.9093
   -7.5000   -7.5000   45.0000 2889.4080   22.4002
    0.0000   -7.5000   45.0000 2886.2021   22.2118
    7.5000   -7.5000   45.0000 2886.4124   22.4905
   -7.5000    0.0000   45.0000 2901.3777   22.4173
    0.0000    0.0000   45.0000 2906.2349   22.2686
    7.5000    0.0000   45.0000 2902.9519   22.4348
   -7.5000    7.5000   45.0000 2898.2173   22.7562
    0.0000    7.5000   45.0000 2906.8777   22.6085
    7.5000    7.5000   45.0000 2898.5295   22.6863
   -7.5000   15.0000   45.0000 2872.7346   23.4695
    0.0000   15.0000   45.0000 2874.6428   23.2939
    7.5000   15.0000   45.0000 2867.6604   23.3586
   -7.5000   22.5000   45.0000 2814.3286   24.5429
    0.0000   22.5000   45.0000 2816.4673   24.3441
    7.5000   22.5000   45.0000 2813.9641   24.4106
   -7.5000   30.0000   45.0000 2737.0779   25.9033
    0.0000   30.0000   45.0000 2743.7703   25.7542
    7.5000   30.0000   45.0000 2743.0371   25.8083
   -7.5000   37.5000   45.0000 2648.5520   27.6059
    0.0000   37.5000   45.0000 2656.5530   27.4883
    7.5000   37.5000   45.0000 2652.7288   27.5080
   -7.5000   45.0000   45.0000 2537.2288   29.6990
    0.0000   45.0000   45.0000 2549.5701   29.6279
    7.5000   45.0000   45.0000 2540.8772   29.6420
   -7.5000  -45.0000   52.5000 2571.6521   30.4514
    0.0000  -45.0000   52.5000 2551.5977   29.8481
    7.5000  -45.0000   52.5000 2585.9585   30.5448
   -7.5000  -37.5000   52.5000 2655.7209   27.8889
    0.0000  -37.5000   52.5000 2633.6482   27.3754
    7.5000  -37.5000   52.5000 2666.9729   27.9867
   -7.5000  -30.0000   52.5000 2722.1716   25.8789
    0.0000  -30.0000   52.5000 2703.2141   25.4742
    7.5000  -30.0000   52.5000 2735.5217   25.9869
   -7.5000  -22.5000   52.5000 2782.5632   24.4245
    0.0000  -22.5000   52.5000 2760.7920   24.0278
    7.5000  -22.5000   52.5000 2789.2744   24.5089
   -7.5000  -15.0000   52.5000 2839.7034   23.5520
    0.0000  -15.0000   52.5000 2822.2993   23.2184
    7.5000  -15.0000   52.5000 2839.2607   23.6425
   -7.5000   -7.5000   52.5000 2875.6194   23.1606
    0.0000   -7.5000   52.5000 2865.8506   22.9001
    7.5000   -7.5000   52.5000 2873.6064   23.2478
   -7.5000    0.0000   52.5000 2880.1370   23.1456
    0.0000    0.0000   52.5000 2880.1223   22.9471
    7.5000    0.0000   52.5000 2883.9316   23.2075
   -7.5000    7.5000   52.5000 2873.7317   23.4413
    0.0000    7.5000   52.5000 2875.1316   23.2491
    7.5000    7.5000   52.5000 2877.9602   23.4462
   -7.5000   15.0000   52.5000 2843.1914   24.1147
    0.0000   15.0000   52.5000 2847.9917   23.9225
    7.5000   15.0000   52.5000 2844.4773   24.0548
   -7.5000   22.5000   52.5000 2783.9983   25.1829
    0.0000   22.5000   52.5000 2792.1389   24.9899
    7.5000   22.5000   52.5000 2787.6907   25.0790
   -7.5000   30.0000   52.5000 2706.9612   26.6084
    0.0000   30.0000   52.5000 2713.6118   26.4500
    7.5000   30.0000   52.5000 2711.0017   26.5182
   -7.5000   37.5000   52.5000 2620.6521   28.3729
    0.0000   37.5000   52.5000 2629.6211   28.2577
    7.5000   37.5000   52.5000 2623.0735   28.3036
   -7.5000   45.0000   52.5000 2522.2166   30.5702
    0.0000   45.0000   52.5000 2529.1790   30.4889
    7.5000   45.0000   52.5000 2520.8115   30.4947

---------------------------------------------------------------------
imgreg_4dfp /opt/freesurfer/average/711-2C_as_mni_average_305 /opt/freesurfer/average/711-2B_as_mni_average_305_mask talsrcimg_g11 none talsrcimg_to_711-2C_as_mni_average_305_t4 1283
---------------------------------------------------------------------

freesurfer imgreg_4dfp.c
/opt/freesurfer/average/711-2C_as_mni_average_305.4dfp.img
       256       256       256         1
  1.000000  1.000000  1.000000
orientation T byte_order littleendian
Reading image: /opt/freesurfer/average/711-2C_as_mni_average_305.4dfp.img
dimensions:      256       256       256
mmppix:       1.0000   -1.0000   -1.0000
center:     128.0000 -129.0000 -129.0000
/opt/freesurfer/average/711-2B_as_mni_average_305_mask.4dfp.img
       256       256       256         1
  1.000000  1.000000  1.000000
orientation T byte_order littleendian
Reading mask: /opt/freesurfer/average/711-2B_as_mni_average_305_mask.4dfp.img (2306576 pixels)
talsrcimg_g11.4dfp.img
       320       320       320         1
  0.800000  0.800000  0.800000
orientation T byte_order littleendian
Reading image: talsrcimg_g11.4dfp.img
dimensions:      320       320       320
mmppix:       0.8000   -0.8000   -0.8000
center:     128.0000 -128.8000 -128.8000
rotation matrix determinant  1.000000
fimgreg.f
image alignment mode   1283 decimal      503 hex
parameters
    0.0000   -7.5000   15.0000    0.0000    0.0000    0.0000
eta,q 0.93368 21.07270
niter,ni,del,rscale     5    3   12.0000    1.2000
parameter  4  0.517686 ->  0.500000 qaram    1.1500
parameters
    0.6991   -8.9400   12.3924   -3.4500    1.7925    0.3652
eta,q 0.93934 21.32829
  0.0897  0.0700  0.0678  0.0628  0.0739  0.0639
  0.0828  0.0669  0.0632  0.0614  0.0687  0.0625
  0.0735  0.0653  0.0625  0.0617  0.0640  0.0612
  0.0662  0.0654  0.0651  0.0625  0.0613  0.0607
  0.0664  0.0683  0.0705  0.0642  0.0607  0.0611
  0.0735  0.0725  0.0770  0.0663  0.0617  0.0621
  0.0840  0.0765  0.0824  0.0681  0.0648  0.0632
niter,ni,del,rscale     5    3   12.0000    1.2000
parameters
    0.5208   -7.7969   11.8290   -6.3574    2.6089   -0.3834
eta,q 0.93939 21.26404
  0.0818  0.0721  0.0717  0.0602  0.0700  0.0614
  0.0733  0.0675  0.0648  0.0609  0.0653  0.0607
  0.0645  0.0635  0.0604  0.0604  0.0622  0.0606
  0.0607  0.0607  0.0603  0.0601  0.0607  0.0605
  0.0645  0.0607  0.0634  0.0610  0.0607  0.0605
  0.0746  0.0632  0.0692  0.0625  0.0623  0.0611
  0.0850  0.0662  0.0755  0.0650  0.0662  0.0622
niter,ni,del,rscale     4    3   12.0000    1.2000
parameters
    0.2131   -6.0413   11.2526   -9.1702    3.3976    0.0676
eta,q 0.94236 21.25024
  0.0811  0.0699  0.0717  0.0595  0.0683  0.0611
  0.0717  0.0656  0.0638  0.0580  0.0629  0.0594
  0.0633  0.0628  0.0585  0.0580  0.0597  0.0582
  0.0606  0.0606  0.0590  0.0584  0.0579  0.0577
  0.0652  0.0589  0.0628  0.0602  0.0579  0.0577
  0.0752  0.0597  0.0690  0.0621  0.0596  0.0586
  0.0850  0.0635  0.0755  0.0636  0.0642  0.0604
niter,ni,del,rscale     3    3   12.0000    1.2000
parameters
   -0.0006   -5.3762   10.8217   -9.6926    3.5461    0.2455
eta,q 0.94293 21.18959
  0.0799  0.0686  0.0725  0.0605  0.0662  0.0604
  0.0692  0.0635  0.0638  0.0592  0.0613  0.0586
  0.0602  0.0596  0.0576  0.0576  0.0585  0.0575
  0.0576  0.0576  0.0574  0.0570  0.0571  0.0571
  0.0624  0.0576  0.0613  0.0572  0.0576  0.0571
  0.0722  0.0600  0.0679  0.0595  0.0603  0.0582
  0.0822  0.0651  0.0761  0.0625  0.0657  0.0602
niter,ni,del,rscale     2    3   12.0000    1.2000
parameters
   -0.0859   -5.2202   10.7274   -9.8506    3.5952    0.2751
eta,q 0.94298 21.17657
  0.0804  0.0675  0.0742  0.0608  0.0659  0.0601
  0.0695  0.0620  0.0652  0.0594  0.0612  0.0583
  0.0602  0.0582  0.0582  0.0578  0.0583  0.0574
  0.0571  0.0570  0.0571  0.0570  0.0570  0.0570
  0.0615  0.0578  0.0602  0.0568  0.0576  0.0571
  0.0709  0.0610  0.0664  0.0589  0.0605  0.0582
  0.0811  0.0667  0.0744  0.0621  0.0660  0.0603
niter,ni,del,rscale     1    3   12.0000    1.2000
parameters
   -0.1151   -5.1798   10.7045   -9.8842    3.6188    0.2803
eta,q 0.94300 21.17287
  0.0808  0.0673  0.0745  0.0609  0.0658  0.0601
  0.0699  0.0616  0.0655  0.0595  0.0611  0.0583
  0.0604  0.0580  0.0584  0.0578  0.0583  0.0574
  0.0570  0.0570  0.0570  0.0570  0.0570  0.0570
  0.0612  0.0579  0.0600  0.0567  0.0576  0.0570
  0.0706  0.0612  0.0660  0.0587  0.0606  0.0582
  0.0808  0.0671  0.0740  0.0620  0.0661  0.0602
registration optimization eta report
parameter search radius
    6.0000    6.0000    6.0000    6.9000    6.0000    6.0000
100000*second partial in parameter space
       64.       29.       47.       10.       25.        9.
  0.0808  0.0673  0.0745  0.0609  0.0658  0.0601
  0.0699  0.0616  0.0655  0.0595  0.0611  0.0583
  0.0604  0.0580  0.0584  0.0578  0.0583  0.0574
  0.0570  0.0570  0.0570  0.0570  0.0570  0.0570
  0.0612  0.0579  0.0600  0.0567  0.0576  0.0570
  0.0706  0.0612  0.0660  0.0587  0.0606  0.0582
  0.0808  0.0671  0.0740  0.0620  0.0661  0.0602
   -0.1151   -5.1798   10.7045   -9.8842    3.6188    0.2803
eta,q 0.94300 21.17287

---------------------------------------------------------------------
imgreg_4dfp /opt/freesurfer/average/711-2C_as_mni_average_305 /opt/freesurfer/average/711-2B_as_mni_average_305_mask talsrcimg_g11 none talsrcimg_to_711-2C_as_mni_average_305_t4 3335
---------------------------------------------------------------------

freesurfer imgreg_4dfp.c
/opt/freesurfer/average/711-2C_as_mni_average_305.4dfp.img
       256       256       256         1
  1.000000  1.000000  1.000000
orientation T byte_order littleendian
Reading image: /opt/freesurfer/average/711-2C_as_mni_average_305.4dfp.img
dimensions:      256       256       256
mmppix:       1.0000   -1.0000   -1.0000
center:     128.0000 -129.0000 -129.0000
/opt/freesurfer/average/711-2B_as_mni_average_305_mask.4dfp.img
       256       256       256         1
  1.000000  1.000000  1.000000
orientation T byte_order littleendian
Reading mask: /opt/freesurfer/average/711-2B_as_mni_average_305_mask.4dfp.img (2306576 pixels)
talsrcimg_g11.4dfp.img
       320       320       320         1
  0.800000  0.800000  0.800000
orientation T byte_order littleendian
Reading image: talsrcimg_g11.4dfp.img
dimensions:      320       320       320
mmppix:       0.8000   -0.8000   -0.8000
center:     128.0000 -128.8000 -128.8000
fimgreg.f
image alignment mode   3335 decimal      D07 hex
parameters
   -0.1151   -5.1798   10.7045   -0.2006   -1.4802   -1.6808
    0.6015   -6.3020    0.4882   17.1351    6.3118  -17.1315
eta,q 0.94372 21.35173
niter,ni,del,rscale     5    3    5.0000    1.2000
parameter  4  0.573014 ->  0.500000 qaram    1.1500
parameter  5  1.704460 ->  0.500000 qaram    1.1500
parameter 12 -0.551135 -> -0.500000 qaram    1.1500
parameters
   -0.2178   -4.7551   10.5032   -4.3406   -5.6202   -3.7762
    0.9506   -5.3660    1.3156   16.2180    9.2265  -12.9915
eta,q 0.94989 21.40794
  0.0609  0.0589  0.0591  0.0551  0.0476  0.0527  0.0532  0.0556  0.0526  0.0524  0.0519  0.0520
  0.0583  0.0577  0.0572  0.0539  0.0492  0.0521  0.0518  0.0526  0.0516  0.0515  0.0514  0.0512
  0.0567  0.0568  0.0562  0.0538  0.0512  0.0508  0.0509  0.0512  0.0509  0.0508  0.0509  0.0507
  0.0563  0.0563  0.0562  0.0561  0.0537  0.0497  0.0506  0.0506  0.0506  0.0506  0.0506  0.0504
  0.0570  0.0562  0.0569  0.0612  0.0567  0.0516  0.0509  0.0507  0.0507  0.0509  0.0504  0.0502
  0.0589  0.0566  0.0582  0.0683  0.0604  0.0572  0.0516  0.0515  0.0511  0.0520  0.0504  0.0501
  0.0617  0.0576  0.0600  0.0762  0.0647  0.0657  0.0527  0.0533  0.0518  0.0541  0.0508  0.0503
niter,ni,del,rscale     7    3    5.0000    1.2000
parameter  3  0.505209 ->  0.500000 qaram    1.1500
parameter  5  1.000153 ->  0.500000 qaram    1.3225
parameters
   -0.0087   -3.7458    9.1232   -5.4773  -10.3812   -4.4602
    1.4052   -6.5420    1.2558   15.9479   11.0132  -13.7344
eta,q 0.95225 21.09856
  0.0527  0.0533  0.0498  0.0534  0.0472  0.0506  0.0499  0.0496  0.0493  0.0502  0.0482  0.0486
  0.0513  0.0519  0.0495  0.0524  0.0472  0.0502  0.0489  0.0484  0.0485  0.0490  0.0481  0.0481
  0.0505  0.0508  0.0495  0.0509  0.0482  0.0490  0.0482  0.0479  0.0480  0.0482  0.0480  0.0478
  0.0501  0.0501  0.0498  0.0495  0.0500  0.0474  0.0478  0.0478  0.0478  0.0478  0.0479  0.0478
  0.0502  0.0498  0.0503  0.0495  0.0522  0.0472  0.0480  0.0482  0.0480  0.0481  0.0477  0.0479
  0.0508  0.0499  0.0510  0.0529  0.0548  0.0495  0.0486  0.0494  0.0485  0.0491  0.0477  0.0483
  0.0519  0.0504  0.0520  0.0595  0.0582  0.0548  0.0495  0.0517  0.0494  0.0508  0.0481  0.0489
niter,ni,del,rscale     7    3    5.0000    1.2000
parameters
    0.0976   -2.8535    9.4746   -4.8204  -14.1154   -3.8110
    1.0551   -6.9563    1.2805   16.6371   10.2963  -15.4081
eta,q 0.95415 20.90618
  0.0495  0.0509  0.0488  0.0517  0.0482  0.0494  0.0477  0.0489  0.0475  0.0486  0.0464  0.0465
  0.0486  0.0495  0.0479  0.0508  0.0470  0.0490  0.0467  0.0470  0.0467  0.0474  0.0462  0.0461
  0.0480  0.0484  0.0476  0.0493  0.0465  0.0481  0.0461  0.0462  0.0462  0.0465  0.0460  0.0459
  0.0478  0.0477  0.0475  0.0475  0.0471  0.0465  0.0460  0.0460  0.0460  0.0460  0.0459  0.0459
  0.0479  0.0475  0.0476  0.0463  0.0490  0.0451  0.0463  0.0463  0.0461  0.0460  0.0459  0.0462
  0.0483  0.0477  0.0478  0.0477  0.0514  0.0463  0.0470  0.0475  0.0467  0.0466  0.0462  0.0466
  0.0492  0.0482  0.0481  0.0524  0.0544  0.0503  0.0480  0.0497  0.0475  0.0479  0.0469  0.0472
niter,ni,del,rscale     6    3    5.0000    1.2000
parameters
    0.0409   -2.1152    9.9099   -4.4073  -15.5302   -3.7334
    0.8667   -6.6026    1.5224   17.1418   10.1165  -16.9493
eta,q 0.95472 20.83342
  0.0476  0.0488  0.0474  0.0505  0.0484  0.0487  0.0473  0.0491  0.0470  0.0477  0.0460  0.0460
  0.0467  0.0474  0.0464  0.0494  0.0469  0.0482  0.0463  0.0468  0.0461  0.0466  0.0457  0.0455
  0.0461  0.0465  0.0458  0.0477  0.0458  0.0472  0.0456  0.0458  0.0456  0.0458  0.0455  0.0453
  0.0459  0.0459  0.0457  0.0457  0.0455  0.0455  0.0454  0.0454  0.0454  0.0454  0.0453  0.0454
  0.0460  0.0457  0.0458  0.0447  0.0464  0.0442  0.0457  0.0455  0.0455  0.0454  0.0453  0.0457
  0.0467  0.0460  0.0460  0.0467  0.0484  0.0460  0.0464  0.0465  0.0460  0.0460  0.0456  0.0461
  0.0479  0.0466  0.0464  0.0517  0.0510  0.0508  0.0475  0.0484  0.0468  0.0473  0.0463  0.0467
niter,ni,del,rscale     5    3    5.0000    1.2000
parameters
    0.0109   -1.7427   10.1855   -4.3232  -16.2145   -3.8414
    0.9883   -6.4020    1.6338   17.4381   10.3477  -17.8542
eta,q 0.95475 20.80255
  0.0472  0.0475  0.0469  0.0501  0.0486  0.0484  0.0475  0.0487  0.0468  0.0474  0.0460  0.0462
  0.0462  0.0464  0.0459  0.0490  0.0471  0.0479  0.0463  0.0466  0.0460  0.0464  0.0457  0.0456
  0.0455  0.0457  0.0454  0.0472  0.0458  0.0469  0.0456  0.0457  0.0455  0.0457  0.0455  0.0453
  0.0453  0.0453  0.0452  0.0453  0.0452  0.0452  0.0453  0.0453  0.0453  0.0453  0.0453  0.0453
  0.0455  0.0453  0.0454  0.0445  0.0459  0.0441  0.0455  0.0455  0.0454  0.0454  0.0453  0.0456
  0.0462  0.0457  0.0457  0.0468  0.0476  0.0461  0.0463  0.0464  0.0459  0.0460  0.0455  0.0460
  0.0474  0.0465  0.0462  0.0521  0.0501  0.0510  0.0473  0.0483  0.0467  0.0472  0.0461  0.0465
niter,ni,del,rscale     4    3    5.0000    1.2000
parameters
   -0.0394   -1.5146   10.3377   -4.3176  -16.5968   -3.9983
    1.1961   -6.3611    1.6738   17.5790   10.6998  -18.3226
eta,q 0.95467 20.78501
  0.0472  0.0472  0.0467  0.0500  0.0488  0.0483  0.0476  0.0484  0.0468  0.0473  0.0461  0.0464
  0.0461  0.0462  0.0458  0.0489  0.0473  0.0478  0.0464  0.0466  0.0460  0.0464  0.0458  0.0458
  0.0455  0.0456  0.0454  0.0472  0.0459  0.0468  0.0457  0.0457  0.0456  0.0457  0.0456  0.0454
  0.0453  0.0453  0.0452  0.0452  0.0452  0.0453  0.0454  0.0454  0.0454  0.0454  0.0454  0.0453
  0.0455  0.0453  0.0453  0.0445  0.0458  0.0442  0.0456  0.0455  0.0455  0.0455  0.0453  0.0456
  0.0462  0.0458  0.0457  0.0469  0.0474  0.0462  0.0463  0.0464  0.0460  0.0461  0.0455  0.0460
  0.0474  0.0466  0.0463  0.0523  0.0498  0.0509  0.0473  0.0484  0.0468  0.0473  0.0462  0.0465
niter,ni,del,rscale     3    3    5.0000    1.2000
parameters
   -0.1129   -1.3655   10.4503   -4.3267  -16.8426   -4.1394
    1.4106   -6.3807    1.7002   17.6142   11.0335  -18.5529
eta,q 0.95457 20.77362
  0.0472  0.0472  0.0466  0.0500  0.0490  0.0483  0.0476  0.0483  0.0469  0.0473  0.0462  0.0465
  0.0461  0.0462  0.0459  0.0490  0.0475  0.0478  0.0465  0.0466  0.0461  0.0464  0.0459  0.0459
  0.0455  0.0456  0.0455  0.0472  0.0461  0.0468  0.0457  0.0458  0.0456  0.0457  0.0456  0.0455
  0.0453  0.0453  0.0453  0.0453  0.0453  0.0454  0.0454  0.0454  0.0454  0.0454  0.0454  0.0454
  0.0456  0.0454  0.0454  0.0446  0.0458  0.0443  0.0457  0.0456  0.0456  0.0456  0.0454  0.0456
  0.0462  0.0459  0.0458  0.0469  0.0474  0.0462  0.0463  0.0465  0.0461  0.0462  0.0456  0.0460
  0.0475  0.0468  0.0464  0.0523  0.0497  0.0507  0.0474  0.0485  0.0469  0.0474  0.0463  0.0466
niter,ni,del,rscale     2    3    5.0000    1.2000
parameters
   -0.1892   -1.2638   10.5444   -4.3376  -17.0042   -4.2487
    1.5868   -6.4166    1.7267   17.6093   11.2798  -18.6770
eta,q 0.95451 20.76676
  0.0472  0.0472  0.0467  0.0500  0.0491  0.0482  0.0477  0.0482  0.0469  0.0473  0.0463  0.0466
  0.0462  0.0462  0.0459  0.0490  0.0476  0.0478  0.0465  0.0466  0.0462  0.0464  0.0459  0.0460
  0.0456  0.0457  0.0455  0.0473  0.0462  0.0468  0.0458  0.0458  0.0457  0.0458  0.0457  0.0456
  0.0454  0.0454  0.0454  0.0454  0.0454  0.0454  0.0455  0.0455  0.0455  0.0455  0.0455  0.0455
  0.0456  0.0456  0.0455  0.0447  0.0459  0.0444  0.0457  0.0456  0.0457  0.0456  0.0455  0.0457
  0.0463  0.0461  0.0458  0.0470  0.0474  0.0461  0.0464  0.0465  0.0461  0.0463  0.0457  0.0461
  0.0475  0.0469  0.0465  0.0523  0.0497  0.0505  0.0474  0.0485  0.0469  0.0475  0.0464  0.0466
niter,ni,del,rscale     1    3    5.0000    1.2000
parameters
   -0.2573   -1.1976   10.6190   -4.3443  -17.1136   -4.3283
    1.7257   -6.4369    1.7665   17.5833   11.4614  -18.7266
eta,q 0.95446 20.76234
  0.0473  0.0472  0.0467  0.0500  0.0492  0.0482  0.0477  0.0482  0.0470  0.0473  0.0463  0.0467
  0.0463  0.0463  0.0460  0.0490  0.0477  0.0477  0.0465  0.0467  0.0462  0.0465  0.0460  0.0461
  0.0457  0.0457  0.0456  0.0474  0.0463  0.0469  0.0458  0.0459  0.0457  0.0458  0.0457  0.0457
  0.0455  0.0455  0.0455  0.0455  0.0455  0.0455  0.0456  0.0456  0.0455  0.0456  0.0455  0.0455
  0.0457  0.0456  0.0456  0.0447  0.0459  0.0445  0.0458  0.0456  0.0457  0.0457  0.0455  0.0457
  0.0464  0.0462  0.0459  0.0470  0.0475  0.0461  0.0465  0.0465  0.0462  0.0463  0.0457  0.0461
  0.0475  0.0470  0.0466  0.0523  0.0497  0.0504  0.0475  0.0485  0.0469  0.0475  0.0464  0.0466
registration optimization eta report
parameter search radius
    2.4000    2.4000    2.7600    8.2800    9.5220    7.2000
    7.2000    7.2000    7.2000    7.2000    7.2000    8.2800
100000*second partial in parameter space
       33.       27.       15.        8.        4.        8.
        4.        5.        3.        4.        2.        2.
  0.0473  0.0472  0.0467  0.0500  0.0492  0.0482  0.0477  0.0482  0.0470  0.0473  0.0463  0.0467
  0.0463  0.0463  0.0460  0.0490  0.0477  0.0477  0.0465  0.0467  0.0462  0.0465  0.0460  0.0461
  0.0457  0.0457  0.0456  0.0474  0.0463  0.0469  0.0458  0.0459  0.0457  0.0458  0.0457  0.0457
  0.0455  0.0455  0.0455  0.0455  0.0455  0.0455  0.0456  0.0456  0.0455  0.0456  0.0455  0.0455
  0.0457  0.0456  0.0456  0.0447  0.0459  0.0445  0.0458  0.0456  0.0457  0.0457  0.0455  0.0457
  0.0464  0.0462  0.0459  0.0470  0.0475  0.0461  0.0465  0.0465  0.0462  0.0463  0.0457  0.0461
  0.0475  0.0470  0.0466  0.0523  0.0497  0.0504  0.0475  0.0485  0.0469  0.0475  0.0464  0.0466
   -0.2573   -1.1976   10.6190   -4.3443  -17.1136   -4.3283
    1.7257   -6.4369    1.7665   17.5833   11.4614  -18.7266
eta,q 0.95446 20.76234

---------------------------------------------------------------------
imgreg_4dfp /opt/freesurfer/average/711-2C_as_mni_average_305 /opt/freesurfer/average/711-2B_as_mni_average_305_mask talsrcimg_g11 none talsrcimg_to_711-2C_as_mni_average_305_t4 2311
---------------------------------------------------------------------

freesurfer imgreg_4dfp.c
/opt/freesurfer/average/711-2C_as_mni_average_305.4dfp.img
       256       256       256         1
  1.000000  1.000000  1.000000
orientation T byte_order littleendian
Reading image: /opt/freesurfer/average/711-2C_as_mni_average_305.4dfp.img
dimensions:      256       256       256
mmppix:       1.0000   -1.0000   -1.0000
center:     128.0000 -129.0000 -129.0000
/opt/freesurfer/average/711-2B_as_mni_average_305_mask.4dfp.img
       256       256       256         1
  1.000000  1.000000  1.000000
orientation T byte_order littleendian
Reading mask: /opt/freesurfer/average/711-2B_as_mni_average_305_mask.4dfp.img (2306576 pixels)
talsrcimg_g11.4dfp.img
       320       320       320         1
  0.800000  0.800000  0.800000
orientation T byte_order littleendian
Reading image: talsrcimg_g11.4dfp.img
dimensions:      320       320       320
mmppix:       0.8000   -0.8000   -0.8000
center:     128.0000 -128.8000 -128.8000
fimgreg.f
image alignment mode   2311 decimal      907 hex
parameters
   -0.2573   -1.1976   10.6190   -4.3443  -17.1136   -4.3283
    1.7257   -6.4369    1.7665   17.5833   11.4614  -18.7266
eta,q 0.95446 20.76234
niter,ni,del,rscale     5    3    5.0000    0.8000
parameters
   -0.2905   -1.1501   10.6873   -2.2363  -17.3523   -3.3398
    1.7788   -6.8635    1.3681   18.1822   10.2151  -18.4982
eta,q 0.95574 20.71805
  0.0463  0.0463  0.0459  0.0487  0.0460  0.0469  0.0456  0.0464  0.0450  0.0457  0.0447  0.0448
  0.0459  0.0459  0.0457  0.0477  0.0454  0.0464  0.0449  0.0452  0.0446  0.0450  0.0444  0.0445
  0.0456  0.0456  0.0456  0.0466  0.0449  0.0456  0.0445  0.0445  0.0444  0.0446  0.0443  0.0443
  0.0455  0.0455  0.0455  0.0455  0.0447  0.0448  0.0443  0.0443  0.0443  0.0443  0.0443  0.0443
  0.0456  0.0456  0.0456  0.0448  0.0449  0.0442  0.0445  0.0447  0.0445  0.0443  0.0445  0.0443
  0.0459  0.0458  0.0457  0.0449  0.0455  0.0445  0.0449  0.0458  0.0448  0.0446  0.0450  0.0445
  0.0464  0.0462  0.0459  0.0461  0.0463  0.0463  0.0455  0.0473  0.0453  0.0452  0.0457  0.0447
niter,ni,del,rscale     4    3    5.0000    0.7000
parameters
   -0.3910   -1.6561   10.3806   -2.4478  -16.8065   -2.7018
    1.6961   -7.0271    1.3246   18.3551    9.3830  -17.7954
eta,q 0.95619 20.75885
  0.0452  0.0444  0.0444  0.0466  0.0454  0.0467  0.0448  0.0458  0.0445  0.0449  0.0442  0.0444
  0.0447  0.0442  0.0442  0.0455  0.0448  0.0459  0.0442  0.0447  0.0441  0.0443  0.0440  0.0441
  0.0443  0.0442  0.0441  0.0446  0.0444  0.0450  0.0439  0.0440  0.0439  0.0440  0.0438  0.0439
  0.0443  0.0443  0.0442  0.0441  0.0442  0.0441  0.0438  0.0438  0.0438  0.0438  0.0438  0.0438
  0.0444  0.0445  0.0443  0.0444  0.0442  0.0437  0.0440  0.0441  0.0439  0.0439  0.0440  0.0438
  0.0449  0.0448  0.0445  0.0455  0.0444  0.0443  0.0443  0.0449  0.0441  0.0442  0.0443  0.0439
  0.0456  0.0453  0.0448  0.0476  0.0450  0.0461  0.0448  0.0462  0.0445  0.0448  0.0449  0.0441
niter,ni,del,rscale     3    3    5.0000    0.6000
parameters
   -0.3202   -1.8904   10.1642   -2.4449  -16.5834   -2.3364
    1.2930   -6.9357    1.3133   18.1808    8.6972  -17.2188
eta,q 0.95643 20.76101
  0.0448  0.0441  0.0441  0.0458  0.0446  0.0462  0.0441  0.0454  0.0441  0.0443  0.0439  0.0441
  0.0443  0.0439  0.0439  0.0449  0.0442  0.0454  0.0438  0.0444  0.0438  0.0439  0.0437  0.0438
  0.0439  0.0438  0.0438  0.0442  0.0439  0.0445  0.0436  0.0438  0.0436  0.0437  0.0436  0.0437
  0.0438  0.0438  0.0438  0.0438  0.0438  0.0438  0.0436  0.0436  0.0436  0.0436  0.0436  0.0436
  0.0439  0.0439  0.0439  0.0439  0.0438  0.0436  0.0437  0.0438  0.0436  0.0437  0.0437  0.0436
  0.0441  0.0441  0.0441  0.0446  0.0440  0.0444  0.0440  0.0443  0.0438  0.0440  0.0440  0.0437
  0.0446  0.0445  0.0444  0.0461  0.0445  0.0458  0.0445  0.0453  0.0441  0.0445  0.0444  0.0438
niter,ni,del,rscale     2    3    5.0000    0.5000
parameters
   -0.2330   -2.0049   10.1678   -2.3596  -16.4737   -2.0479
    0.9928   -6.6844    1.3161   17.8787    8.1864  -16.8600
eta,q 0.95656 20.75378
  0.0443  0.0438  0.0440  0.0451  0.0441  0.0456  0.0439  0.0450  0.0438  0.0439  0.0437  0.0438
  0.0439  0.0437  0.0437  0.0444  0.0438  0.0449  0.0436  0.0442  0.0436  0.0436  0.0435  0.0436
  0.0437  0.0436  0.0436  0.0439  0.0436  0.0442  0.0435  0.0437  0.0435  0.0435  0.0435  0.0435
  0.0436  0.0436  0.0436  0.0436  0.0436  0.0436  0.0435  0.0435  0.0434  0.0434  0.0434  0.0434
  0.0436  0.0436  0.0436  0.0436  0.0436  0.0435  0.0436  0.0435  0.0435  0.0436  0.0435  0.0435
  0.0438  0.0438  0.0438  0.0441  0.0438  0.0441  0.0437  0.0439  0.0436  0.0438  0.0437  0.0435
  0.0441  0.0440  0.0440  0.0451  0.0441  0.0453  0.0440  0.0445  0.0438  0.0442  0.0440  0.0436
niter,ni,del,rscale     1    3    5.0000    0.4000
parameters
   -0.1577   -2.0944   10.2366   -2.2610  -16.3855   -1.8213
    0.8112   -6.4473    1.3210   17.6236    7.8240  -16.6462
eta,q 0.95665 20.74876
  0.0439  0.0436  0.0438  0.0445  0.0438  0.0450  0.0436  0.0444  0.0436  0.0437  0.0435  0.0436
  0.0437  0.0435  0.0436  0.0440  0.0436  0.0444  0.0435  0.0439  0.0435  0.0435  0.0434  0.0434
  0.0435  0.0434  0.0435  0.0436  0.0435  0.0438  0.0434  0.0435  0.0434  0.0434  0.0434  0.0434
  0.0434  0.0434  0.0434  0.0434  0.0434  0.0434  0.0434  0.0434  0.0434  0.0434  0.0434  0.0434
  0.0435  0.0435  0.0434  0.0435  0.0434  0.0434  0.0434  0.0434  0.0434  0.0434  0.0434  0.0434
  0.0436  0.0436  0.0435  0.0438  0.0436  0.0439  0.0435  0.0436  0.0435  0.0436  0.0435  0.0434
  0.0438  0.0437  0.0437  0.0445  0.0438  0.0447  0.0437  0.0441  0.0436  0.0438  0.0437  0.0435
registration optimization eta report
parameter search radius
    0.8000    0.8000    0.8000    2.4000    2.4000    2.4000
    2.4000    2.4000    2.4000    2.4000    2.4000    2.4000
100000*second partial in parameter space
       64.       35.       46.       18.        6.       24.
        5.       15.        4.        7.        4.        3.
  0.0439  0.0436  0.0438  0.0445  0.0438  0.0450  0.0436  0.0444  0.0436  0.0437  0.0435  0.0436
  0.0437  0.0435  0.0436  0.0440  0.0436  0.0444  0.0435  0.0439  0.0435  0.0435  0.0434  0.0434
  0.0435  0.0434  0.0435  0.0436  0.0435  0.0438  0.0434  0.0435  0.0434  0.0434  0.0434  0.0434
  0.0434  0.0434  0.0434  0.0434  0.0434  0.0434  0.0434  0.0434  0.0434  0.0434  0.0434  0.0434
  0.0435  0.0435  0.0434  0.0435  0.0434  0.0434  0.0434  0.0434  0.0434  0.0434  0.0434  0.0434
  0.0436  0.0436  0.0435  0.0438  0.0436  0.0439  0.0435  0.0436  0.0435  0.0436  0.0435  0.0434
  0.0438  0.0437  0.0437  0.0445  0.0438  0.0447  0.0437  0.0441  0.0436  0.0438  0.0437  0.0435
   -0.1577   -2.0944   10.2366   -2.2610  -16.3855   -1.8213
    0.8112   -6.4473    1.3210   17.6236    7.8240  -16.6462
eta,q 0.95665 20.74876

---------------------------------------------------------------------
imgreg_4dfp /opt/freesurfer/average/711-2C_as_mni_average_305 /opt/freesurfer/average/711-2B_as_mni_average_305_mask talsrcimg_g11 none talsrcimg_to_711-2C_as_mni_average_305_t4 2311
---------------------------------------------------------------------

freesurfer imgreg_4dfp.c
/opt/freesurfer/average/711-2C_as_mni_average_305.4dfp.img
       256       256       256         1
  1.000000  1.000000  1.000000
orientation T byte_order littleendian
Reading image: /opt/freesurfer/average/711-2C_as_mni_average_305.4dfp.img
dimensions:      256       256       256
mmppix:       1.0000   -1.0000   -1.0000
center:     128.0000 -129.0000 -129.0000
/opt/freesurfer/average/711-2B_as_mni_average_305_mask.4dfp.img
       256       256       256         1
  1.000000  1.000000  1.000000
orientation T byte_order littleendian
Reading mask: /opt/freesurfer/average/711-2B_as_mni_average_305_mask.4dfp.img (2306576 pixels)
talsrcimg_g11.4dfp.img
       320       320       320         1
  0.800000  0.800000  0.800000
orientation T byte_order littleendian
Reading image: talsrcimg_g11.4dfp.img
dimensions:      320       320       320
mmppix:       0.8000   -0.8000   -0.8000
center:     128.0000 -128.8000 -128.8000
fimgreg.f
image alignment mode   2311 decimal      907 hex
parameters
   -0.1577   -2.0944   10.2366   -2.2610  -16.3855   -1.8213
    0.8112   -6.4473    1.3210   17.6236    7.8240  -16.6462
eta,q 0.95665 20.74876
niter,ni,del,rscale     5    3    5.0000    0.8000
parameters
   -0.1241   -2.1559   10.3526   -2.7416  -16.3639   -2.2534
    0.7933   -6.1712    1.4573   17.5599    7.8356  -16.8201
eta,q 0.95641 20.78289
  0.0451  0.0442  0.0447  0.0462  0.0447  0.0466  0.0447  0.0467  0.0444  0.0449  0.0444  0.0441
  0.0442  0.0437  0.0440  0.0450  0.0441  0.0456  0.0441  0.0450  0.0440  0.0442  0.0440  0.0438
  0.0436  0.0434  0.0435  0.0439  0.0436  0.0444  0.0437  0.0440  0.0437  0.0438  0.0437  0.0436
  0.0434  0.0433  0.0434  0.0433  0.0434  0.0434  0.0436  0.0436  0.0436  0.0436  0.0436  0.0436
  0.0435  0.0435  0.0434  0.0438  0.0435  0.0439  0.0437  0.0438  0.0437  0.0437  0.0436  0.0437
  0.0440  0.0438  0.0438  0.0455  0.0440  0.0458  0.0441  0.0446  0.0439  0.0442  0.0439  0.0439
  0.0450  0.0443  0.0443  0.0483  0.0448  0.0490  0.0448  0.0460  0.0443  0.0450  0.0444  0.0442
niter,ni,del,rscale     4    3    5.0000    0.7000
parameters
   -0.0642   -2.0473   10.2056   -2.5774  -16.2643   -2.2207
    0.7654   -6.1427    1.3872   17.7163    7.7129  -16.8589
eta,q 0.95650 20.77658
  0.0448  0.0444  0.0442  0.0463  0.0446  0.0464  0.0444  0.0458  0.0441  0.0447  0.0441  0.0440
  0.0442  0.0440  0.0438  0.0452  0.0441  0.0455  0.0439  0.0445  0.0438  0.0441  0.0438  0.0437
  0.0437  0.0437  0.0436  0.0442  0.0437  0.0445  0.0436  0.0438  0.0436  0.0437  0.0436  0.0435
  0.0436  0.0436  0.0436  0.0436  0.0435  0.0435  0.0435  0.0435  0.0435  0.0435  0.0435  0.0435
  0.0437  0.0436  0.0437  0.0436  0.0436  0.0435  0.0436  0.0437  0.0436  0.0436  0.0436  0.0436
  0.0440  0.0438  0.0440  0.0445  0.0439  0.0448  0.0439  0.0445  0.0438  0.0439  0.0438  0.0437
  0.0446  0.0442  0.0444  0.0463  0.0445  0.0470  0.0445  0.0457  0.0442  0.0445  0.0442  0.0440
niter,ni,del,rscale     3    3    5.0000    0.6000
parameters
   -0.0539   -2.0838   10.1962   -2.4348  -16.2524   -2.0576
    0.7633   -6.1251    1.3121   17.7043    7.5767  -16.7712
eta,q 0.95658 20.76987
  0.0444  0.0440  0.0441  0.0457  0.0442  0.0460  0.0441  0.0452  0.0439  0.0443  0.0439  0.0438
  0.0439  0.0437  0.0437  0.0447  0.0439  0.0452  0.0437  0.0442  0.0436  0.0438  0.0436  0.0436
  0.0436  0.0435  0.0436  0.0440  0.0436  0.0442  0.0435  0.0436  0.0435  0.0435  0.0435  0.0435
  0.0435  0.0435  0.0435  0.0435  0.0435  0.0435  0.0434  0.0434  0.0434  0.0434  0.0434  0.0434
  0.0436  0.0436  0.0436  0.0435  0.0435  0.0435  0.0435  0.0436  0.0435  0.0435  0.0435  0.0435
  0.0439  0.0437  0.0438  0.0442  0.0438  0.0444  0.0437  0.0442  0.0436  0.0438  0.0437  0.0436
  0.0444  0.0440  0.0441  0.0456  0.0443  0.0460  0.0441  0.0452  0.0439  0.0443  0.0440  0.0437
niter,ni,del,rscale     2    3    5.0000    0.5000
parameters
   -0.0511   -2.1295   10.2309   -2.3236  -16.2491   -1.8825
    0.7611   -6.0934    1.2634   17.6112    7.4538  -16.6551
eta,q 0.95665 20.76229
  0.0440  0.0437  0.0439  0.0450  0.0439  0.0455  0.0438  0.0447  0.0437  0.0439  0.0437  0.0436
  0.0437  0.0435  0.0436  0.0443  0.0437  0.0447  0.0436  0.0439  0.0435  0.0436  0.0435  0.0435
  0.0435  0.0434  0.0435  0.0437  0.0435  0.0440  0.0434  0.0435  0.0434  0.0434  0.0434  0.0434
  0.0434  0.0434  0.0434  0.0434  0.0434  0.0434  0.0434  0.0434  0.0434  0.0434  0.0434  0.0434
  0.0435  0.0435  0.0435  0.0435  0.0435  0.0434  0.0434  0.0435  0.0434  0.0434  0.0434  0.0434
  0.0437  0.0436  0.0436  0.0440  0.0436  0.0441  0.0436  0.0439  0.0435  0.0437  0.0435  0.0435
  0.0440  0.0438  0.0438  0.0450  0.0440  0.0453  0.0439  0.0446  0.0437  0.0440  0.0438  0.0436
niter,ni,del,rscale     1    3    5.0000    0.4000
parameters
   -0.0477   -2.1725   10.2849   -2.2251  -16.2633   -1.7307
    0.7490   -6.0507    1.2696   17.4892    7.3650  -16.5410
eta,q 0.95669 20.75447
  0.0438  0.0436  0.0437  0.0444  0.0437  0.0449  0.0436  0.0442  0.0435  0.0437  0.0435  0.0435
  0.0435  0.0434  0.0435  0.0439  0.0435  0.0443  0.0435  0.0437  0.0434  0.0435  0.0434  0.0434
  0.0434  0.0434  0.0434  0.0436  0.0434  0.0437  0.0434  0.0434  0.0433  0.0433  0.0433  0.0433
  0.0434  0.0434  0.0434  0.0434  0.0433  0.0433  0.0433  0.0433  0.0433  0.0433  0.0433  0.0433
  0.0434  0.0434  0.0434  0.0434  0.0434  0.0434  0.0434  0.0434  0.0433  0.0434  0.0433  0.0433
  0.0435  0.0435  0.0435  0.0437  0.0435  0.0439  0.0435  0.0437  0.0434  0.0435  0.0434  0.0434
  0.0438  0.0436  0.0436  0.0444  0.0437  0.0447  0.0436  0.0441  0.0435  0.0438  0.0436  0.0435
registration optimization eta report
parameter search radius
    0.8000    0.8000    0.8000    2.4000    2.4000    2.4000
    2.4000    2.4000    2.4000    2.4000    2.4000    2.4000
100000*second partial in parameter space
       66.       37.       47.       18.        6.       25.
        6.       15.        4.        7.        4.        3.
  0.0438  0.0436  0.0437  0.0444  0.0437  0.0449  0.0436  0.0442  0.0435  0.0437  0.0435  0.0435
  0.0435  0.0434  0.0435  0.0439  0.0435  0.0443  0.0435  0.0437  0.0434  0.0435  0.0434  0.0434
  0.0434  0.0434  0.0434  0.0436  0.0434  0.0437  0.0434  0.0434  0.0433  0.0433  0.0433  0.0433
  0.0434  0.0434  0.0434  0.0434  0.0433  0.0433  0.0433  0.0433  0.0433  0.0433  0.0433  0.0433
  0.0434  0.0434  0.0434  0.0434  0.0434  0.0434  0.0434  0.0434  0.0433  0.0434  0.0433  0.0433
  0.0435  0.0435  0.0435  0.0437  0.0435  0.0439  0.0435  0.0437  0.0434  0.0435  0.0434  0.0434
  0.0438  0.0436  0.0436  0.0444  0.0437  0.0447  0.0436  0.0441  0.0435  0.0438  0.0436  0.0435
   -0.0477   -2.1725   10.2849   -2.2251  -16.2633   -1.7307
    0.7490   -6.0507    1.2696   17.4892    7.3650  -16.5410
eta,q 0.95669 20.75447

---------------------------------------------------------------------
compute_vox2vox talsrcimg talsrcimg_to_711-2C_as_mni_average_305_t4 /opt/freesurfer/average/711-2C_as_mni_average_305
---------------------------------------------------------------------

freesurfer compute_vox2vox.c
Reading: talsrcimg.4dfp.ifh
Reading: talsrcimg_to_711-2C_as_mni_average_305_t4
Reading: /opt/freesurfer/average/711-2C_as_mni_average_305.4dfp.ifh
Writing: talsrcimg_to_711-2C_as_mni_average_305_t4_vox2vox.txt

start time Tue Mar 10 22:01:41 CET 2026
end		time Tue Mar 10 22:03:07 CET 2026

mpr2mni305 success

avi2talxfm orig_nu.mgz /opt/freesurfer/average/mni305.cor.mgz talsrcimg_to_711-2C_as_mni_average_305_t4_vox2vox.txt transforms/talairach.auto.xfm
avi2talxfm done
mv -f /out/sourcedata/freesurfer/sub-v2s11x28728_ses-1/mri/talsrcimg_to_711-2C_as_mni_average_305_t4_vox2vox.txt /out/sourcedata/freesurfer/sub-v2s11x28728_ses-1/mri/transforms/talsrcimg_to_711-2C_as_mni_average_305_t4_vox2vox.txt
lta_convert --src orig_nu.mgz --trg /opt/freesurfer/average/mni305.cor.mgz --inxfm transforms/talairach.auto.xfm --outlta transforms/talairach.auto.xfm.lta --subject fsaverage
7.3.2

--src: orig_nu.mgz src image (geometry).
--trg: /opt/freesurfer/average/mni305.cor.mgz trg image (geometry).
--inmni: transforms/talairach.auto.xfm input MNI/XFM transform.
--outlta: transforms/talairach.auto.xfm.lta output LTA.
--s: fsaverage subject name
 LTA read, type : 1
 1.01804   0.06212   0.00316   1.05286;
-0.07622   0.97840   0.19395  -0.94160;
 0.00048  -0.20529   1.15366  -7.70331;
 0.00000   0.00000   0.00000   1.00000;
setting subject to fsaverage
Writing  LTA to file transforms/talairach.auto.xfm.lta...
lta_convert successful.
 
 
Started at Tue Mar 10 22:01:40 CET 2026
Ended   at Tue Mar 10 22:03:07 CET 2026
talairach_avi done
