/out/sourcedata/freesurfer/sub-v2s11x28702_ses-1/mri
/opt/freesurfer/bin/talairach_avi
--i orig_nu.mgz --xfm transforms/talairach.auto.xfm
talairach_avi 7.3.2
Linux dna059 5.14.0-427.37.1.el9_4.x86_64 #1 SMP PREEMPT_DYNAMIC Fri Sep 13 12:41:50 EDT 2024 x86_64 x86_64 x86_64 GNU/Linux
Tue Mar 10 20:53:33 CET 2026
mri_convert orig_nu.mgz talsrcimg.img 
reading from orig_nu.mgz...
TR=0.00, TE=0.00, TI=0.00, flip angle=0.00
i_ras = (-1, 0, 0)
j_ras = (0, 0, -1)
k_ras = (0, 1, 0)
writing to talsrcimg.img...
Analyze Output Matrix
-0.80000   0.00000   0.00000   127.87956;
 0.00000   0.00000   0.80000  -129.29921;
 0.00000  -0.80000   0.00000   146.82990;
 0.00000   0.00000   0.00000   1.00000;
--------------------
INFO: set hdr.hist.orient to -1
mpr2mni305 talsrcimg
Tue Mar 10 20:53:33 CET 2026
/opt/freesurfer/bin/mpr2mni305 talsrcimg
mpr2mni305 7.3.2
target=711-2C_as_mni_average_305

---------------------------------------------------------------------
analyzeto4dfp talsrcimg -O0 -y
---------------------------------------------------------------------

freesurfer ifh2hdr.c
Tue Mar 10 20:53:33 2026
Writing: talsrcimg.4dfp.hdr
freesurfer analyzeto4dfp.c
Reading: talsrcimg.hdr
header size 348 bytes
hdr.dime.datatype	offset=70	value=2
hdr.dime.bitpix		offset=72	value=8
hdr.hist.orient		offset=252	value=-1
dimensionality     4
dimensions       320       320       320         1
Reading: talsrcimg.img
Writing: talsrcimg.4dfp.img
Writing: talsrcimg.4dfp.ifh
ifh2hdr talsrcimg -r0to193
ori=2

---------------------------------------------------------------------
gauss_4dfp talsrcimg 1.1
---------------------------------------------------------------------

freesurfer gauss_4dfp.c
Reading: talsrcimg.4dfp.img
Writing: talsrcimg_g11.4dfp.img
image dimensions 320 320 320 padded to 384 384 384
processing volume 1freesurfer ifh2hdr.c
Tue Mar 10 20:53:50 2026
Writing: talsrcimg_g11.4dfp.hdr

Writing: talsrcimg_g11.4dfp.ifh
including: talsrcimg.4dfp.img.rec in talsrcimg_g11.4dfp.img.rec

---------------------------------------------------------------------
imgreg_4dfp /opt/freesurfer/average/711-2C_as_mni_average_305 none talsrcimg_g11 none talsrcimg_to_711-2C_as_mni_average_305_t4 4355
---------------------------------------------------------------------

freesurfer imgreg_4dfp.c
/opt/freesurfer/average/711-2C_as_mni_average_305.4dfp.img
       256       256       256         1
  1.000000  1.000000  1.000000
orientation T byte_order littleendian
Reading image: /opt/freesurfer/average/711-2C_as_mni_average_305.4dfp.img
dimensions:      256       256       256
mmppix:       1.0000   -1.0000   -1.0000
center:     128.0000 -129.0000 -129.0000
talsrcimg_g11.4dfp.img
       320       320       320         1
  0.800000  0.800000  0.800000
orientation T byte_order littleendian
Reading image: talsrcimg_g11.4dfp.img
dimensions:      320       320       320
mmppix:       0.8000   -0.8000   -0.8000
center:     128.0000 -128.8000 -128.8000
t4_read: open error in t4_sub.f l:  41 t4_file(1:l)talsrcimg_to_711-2C_as_mni_average_305_t4 
t4_read: transform initialized to I4
rotation matrix determinant  1.000000
image alignment mode   4355 decimal     1103 hex
   -7.5000  -45.0000  -45.0000 8034.7622   18.0649
    0.0000  -45.0000  -45.0000 8456.8662   18.1544
    7.5000  -45.0000  -45.0000 8150.0903   18.1173
   -7.5000  -37.5000  -45.0000 8552.8037   18.0827
    0.0000  -37.5000  -45.0000 8998.0684   18.1672
    7.5000  -37.5000  -45.0000 8678.1680   18.1253
   -7.5000  -30.0000  -45.0000 9419.3604   18.1667
    0.0000  -30.0000  -45.0000 9916.2949   18.2471
    7.5000  -30.0000  -45.0000 9554.8789   18.2013
   -7.5000  -22.5000  -45.000010250.9033   18.2310
    0.0000  -22.5000  -45.000010810.5918   18.3132
    7.5000  -22.5000  -45.000010409.7930   18.2691
   -7.5000  -15.0000  -45.000011008.5479   18.2173
    0.0000  -15.0000  -45.000011641.5869   18.3053
    7.5000  -15.0000  -45.000011190.8770   18.2673
   -7.5000   -7.5000  -45.000011791.1016   18.1327
    0.0000   -7.5000  -45.000012470.0439   18.2241
    7.5000   -7.5000  -45.000011966.5127   18.1889
   -7.5000    0.0000  -45.000012421.8994   18.0649
    0.0000    0.0000  -45.000013138.5723   18.1544
    7.5000    0.0000  -45.000012590.8711   18.1173
   -7.5000    7.5000  -45.000011981.4736   18.0827
    0.0000    7.5000  -45.000012688.7451   18.1672
    7.5000    7.5000  -45.000012155.6973   18.1253
   -7.5000   15.0000  -45.000011425.9248   18.1667
    0.0000   15.0000  -45.000012117.0898   18.2471
    7.5000   15.0000  -45.000011590.3613   18.2013
   -7.5000   22.5000  -45.000010779.1816   18.2285
    0.0000   22.5000  -45.000011441.9717   18.3106
    7.5000   22.5000  -45.000010924.1074   18.2666
   -7.5000   30.0000  -45.000010020.3242   17.9745
    0.0000   30.0000  -45.000010633.7285   18.0614
    7.5000   30.0000  -45.000010137.3848   18.0238
   -7.5000   37.5000  -45.0000 9558.9697   17.8910
    0.0000   37.5000  -45.000010129.7617   17.9812
    7.5000   37.5000  -45.0000 9657.7988   17.9465
   -7.5000   45.0000  -45.0000 8764.5820   17.3716
    0.0000   45.0000  -45.0000 9271.6924   17.4577
    7.5000   45.0000  -45.0000 8845.6787   17.4219
   -7.5000  -45.0000  -37.5000 8298.6963   17.9505
    0.0000  -45.0000  -37.5000 8730.1387   18.0417
    7.5000  -45.0000  -37.5000 8411.3105   17.9962
   -7.5000  -37.5000  -37.5000 8865.1230   17.9672
    0.0000  -37.5000  -37.5000 9303.0488   18.0548
    7.5000  -37.5000  -37.5000 8968.8965   18.0027
   -7.5000  -30.0000  -37.5000 9765.9570   18.0480
    0.0000  -30.0000  -37.500010265.4844   18.1324
    7.5000  -30.0000  -37.5000 9872.8789   18.0780
   -7.5000  -22.5000  -37.500010620.5635   18.1105
    0.0000  -22.5000  -37.500011170.2832   18.1961
    7.5000  -22.5000  -37.500010757.9902   18.1471
   -7.5000  -15.0000  -37.500011379.3271   18.0977
    0.0000  -15.0000  -37.500012007.5332   18.1878
    7.5000  -15.0000  -37.500011553.9570   18.1463
   -7.5000   -7.5000  -37.500012168.3086   18.0161
    0.0000   -7.5000  -37.500012845.8428   18.1086
    7.5000   -7.5000  -37.500012333.8643   18.0684
   -7.5000    0.0000  -37.500012811.2188   17.9505
    0.0000    0.0000  -37.500013533.1309   18.0417
    7.5000    0.0000  -37.500012982.8906   17.9962
   -7.5000    7.5000  -37.500012381.3369   17.9672
    0.0000    7.5000  -37.500013116.8408   18.0548
    7.5000    7.5000  -37.500012555.9482   18.0027
   -7.5000   15.0000  -37.500011812.4521   18.0480
    0.0000   15.0000  -37.500012520.4688   18.1324
    7.5000   15.0000  -37.500011960.8535   18.0780
   -7.5000   22.5000  -37.500011122.1289   18.1081
    0.0000   22.5000  -37.500011794.3867   18.1936
    7.5000   22.5000  -37.500011263.0684   18.1446
   -7.5000   30.0000  -37.500010325.1924   17.8565
    0.0000   30.0000  -37.500010935.4385   17.9454
    7.5000   30.0000  -37.500010452.4307   17.9045
   -7.5000   37.5000  -37.5000 9834.4717   17.7760
    0.0000   37.5000  -37.500010391.0645   17.8673
    7.5000   37.5000  -37.5000 9934.0586   17.8276
   -7.5000   45.0000  -37.5000 9019.7451   17.2615
    0.0000   45.0000  -37.5000 9523.8115   17.3493
    7.5000   45.0000  -37.5000 9114.1133   17.3055
   -7.5000  -45.0000  -30.0000 8854.6504   18.4717
    0.0000  -45.0000  -30.0000 9307.6357   18.5600
    7.5000  -45.0000  -30.0000 8964.4561   18.5009
   -7.5000  -37.5000  -30.0000 9474.2656   18.4861
    0.0000  -37.5000  -30.0000 9932.8584   18.5706
    7.5000  -37.5000  -30.0000 9564.7236   18.5044
   -7.5000  -30.0000  -30.000010437.2754   18.5617
    0.0000  -30.0000  -30.000010951.0967   18.6438
    7.5000  -30.0000  -30.000010533.8262   18.5800
   -7.5000  -22.5000  -30.000011359.2373   18.6213
    0.0000  -22.5000  -30.000011914.6436   18.7054
    7.5000  -22.5000  -30.000011470.4805   18.6520
   -7.5000  -15.0000  -30.000012170.0859   18.6121
    0.0000  -15.0000  -30.000012790.4658   18.6999
    7.5000  -15.0000  -30.000012309.1250   18.6536
   -7.5000   -7.5000  -30.000012986.3662   18.5354
    0.0000   -7.5000  -30.000013672.4199   18.6251
    7.5000   -7.5000  -30.000013125.1250   18.5755
   -7.5000    0.0000  -30.000013676.0518   18.4717
    0.0000    0.0000  -30.000014418.9482   18.5600
    7.5000    0.0000  -30.000013823.8857   18.5009
   -7.5000    7.5000  -30.000013224.5039   18.4861
    0.0000    7.5000  -30.000013955.6025   18.5706
    7.5000    7.5000  -30.000013356.2812   18.5044
   -7.5000   15.0000  -30.000012607.1230   18.5617
    0.0000   15.0000  -30.000013299.7979   18.6438
    7.5000   15.0000  -30.000012718.5527   18.5800
   -7.5000   22.5000  -30.000011874.4023   18.6169
    0.0000   22.5000  -30.000012514.7939   18.7009
    7.5000   22.5000  -30.000011970.9844   18.6475
   -7.5000   30.0000  -30.000011035.1191   18.3658
    0.0000   30.0000  -30.000011624.7246   18.4525
    7.5000   30.0000  -30.000011122.5117   18.4067
   -7.5000   37.5000  -30.000010519.9365   18.2902
    0.0000   37.5000  -30.000011050.7158   18.3787
    7.5000   37.5000  -30.000010587.6357   18.3297
   -7.5000   45.0000  -30.0000 9631.2266   17.7758
    0.0000   45.0000  -30.000010120.9600   17.8607
    7.5000   45.0000  -30.0000 9688.1650   17.8039
   -7.5000  -45.0000  -22.5000 9412.7119   18.8698
    0.0000  -45.0000  -22.5000 9880.7334   18.9525
    7.5000  -45.0000  -22.5000 9517.4072   18.8893
   -7.5000  -37.5000  -22.500010089.1973   18.8822
    0.0000  -37.5000  -22.500010563.4316   18.9599
    7.5000  -37.5000  -22.500010165.2695   18.8908
   -7.5000  -30.0000  -22.500011097.2842   18.9542
    0.0000  -30.0000  -22.500011622.6455   19.0294
    7.5000  -30.0000  -22.500011200.9033   18.9654
   -7.5000  -22.5000  -22.500012075.9697   19.0126
    0.0000  -22.5000  -22.500012660.7480   19.0906
    7.5000  -22.5000  -22.500012194.6104   19.0383
   -7.5000  -15.0000  -22.500012945.1260   19.0067
    0.0000  -15.0000  -22.500013582.7256   19.0889
    7.5000  -15.0000  -22.500013071.3252   19.0421
   -7.5000   -7.5000  -22.500013810.3154   18.9332
    0.0000   -7.5000  -22.500014495.5674   19.0177
    7.5000   -7.5000  -22.500013928.4248   18.9649
   -7.5000    0.0000  -22.500014559.3115   18.8698
    0.0000    0.0000  -22.500015300.4629   18.9525
    7.5000    0.0000  -22.500014671.3359   18.8893
   -7.5000    7.5000  -22.500014089.0615   18.8822
    0.0000    7.5000  -22.500014808.2637   18.9599
    7.5000    7.5000  -22.500014181.7461   18.8908
   -7.5000   15.0000  -22.500013407.5205   18.9542
    0.0000   15.0000  -22.500014093.6074   19.0294
    7.5000   15.0000  -22.500013491.0742   18.9654
   -7.5000   22.5000  -22.500012632.3037   19.0068
    0.0000   22.5000  -22.500013244.6904   19.0847
    7.5000   22.5000  -22.500012694.6963   19.0324
   -7.5000   30.0000  -22.500011787.5684   18.7580
    0.0000   30.0000  -22.500012335.6934   18.8392
    7.5000   30.0000  -22.500011837.0674   18.7930
   -7.5000   37.5000  -22.500011237.1309   18.6856
    0.0000   37.5000  -22.500011737.9102   18.7689
    7.5000   37.5000  -22.500011260.1143   18.7168
   -7.5000   45.0000  -22.500010278.6875   18.1726
    0.0000   45.0000  -22.500010742.1533   18.2522
    7.5000   45.0000  -22.500010289.2676   18.1913
   -7.5000  -45.0000  -15.0000 9949.4541   19.0845
    0.0000  -45.0000  -15.000010419.4395   19.1670
    7.5000  -45.0000  -15.000010045.2334   19.1120
   -7.5000  -37.5000  -15.000010691.6387   19.0968
    0.0000  -37.5000  -15.000011189.6309   19.1734
    7.5000  -37.5000  -15.000010770.5029   19.1144
   -7.5000  -30.0000  -15.000011791.8340   19.1722
    0.0000  -30.0000  -15.000012336.1807   19.2457
    7.5000  -30.0000  -15.000011894.2852   19.1901
   -7.5000  -22.5000  -15.000012805.9111   19.2343
    0.0000  -22.5000  -15.000013439.0625   19.3104
    7.5000  -22.5000  -15.000012947.5791   19.2633
   -7.5000  -15.0000  -15.000013731.6094   19.2287
    0.0000  -15.0000  -15.000014403.7256   19.3101
    7.5000  -15.0000  -15.000013843.4756   19.2670
   -7.5000   -7.5000  -15.000014655.0332   19.1516
    0.0000   -7.5000  -15.000015348.3457   19.2360
    7.5000   -7.5000  -15.000014743.6172   19.1886
   -7.5000    0.0000  -15.000015472.9238   19.0845
    0.0000    0.0000  -15.000016226.2822   19.1670
    7.5000    0.0000  -15.000015551.7197   19.1120
   -7.5000    7.5000  -15.000014989.8760   19.0968
    0.0000    7.5000  -15.000015731.7412   19.1734
    7.5000    7.5000  -15.000015062.5068   19.1144
   -7.5000   15.0000  -15.000014250.4893   19.1722
    0.0000   15.0000  -15.000014944.1064   19.2457
    7.5000   15.0000  -15.000014323.5293   19.1901
   -7.5000   22.5000  -15.000013410.9404   19.2275
    0.0000   22.5000  -15.000014010.0977   19.3036
    7.5000   22.5000  -15.000013458.9629   19.2565
   -7.5000   30.0000  -15.000012551.9023   18.9799
    0.0000   30.0000  -15.000013089.3311   19.0602
    7.5000   30.0000  -15.000012579.5254   19.0177
   -7.5000   37.5000  -15.000012001.4727   18.9038
    0.0000   37.5000  -15.000012497.7656   18.9870
    7.5000   37.5000  -15.000012002.6533   18.9403
   -7.5000   45.0000  -15.000010964.4795   18.3905
    0.0000   45.0000  -15.000011427.0967   18.4699
    7.5000   45.0000  -15.000010962.0898   18.4169
   -7.5000  -45.0000   -7.500010408.7744   19.1004
    0.0000  -45.0000   -7.500010902.1270   19.1902
    7.5000  -45.0000   -7.500010528.2568   19.1472
   -7.5000  -37.5000   -7.500011223.0430   19.1155
    0.0000  -37.5000   -7.500011758.1240   19.1996
    7.5000  -37.5000   -7.500011347.9473   19.1532
   -7.5000  -30.0000   -7.500012488.8428   19.2001
    0.0000  -30.0000   -7.500013090.3867   19.2802
    7.5000  -30.0000   -7.500012623.6230   19.2329
   -7.5000  -22.5000   -7.500013631.4326   19.2684
    0.0000  -22.5000   -7.500014327.3379   19.3508
    7.5000  -22.5000   -7.500013784.0068   19.3069
   -7.5000  -15.0000   -7.500014589.4561   19.2593
    0.0000  -15.0000   -7.500015278.9287   19.3477
    7.5000  -15.0000   -7.500014684.3936   19.3081
   -7.5000   -7.5000   -7.500015574.9092   19.1731
    0.0000   -7.5000   -7.500016241.2969   19.2650
    7.5000   -7.5000   -7.500015599.5859   19.2253
   -7.5000    0.0000   -7.500016441.1543   19.1004
    0.0000    0.0000   -7.500017174.4629   19.1902
    7.5000    0.0000   -7.500016477.4688   19.1472
   -7.5000    7.5000   -7.500015896.6826   19.1155
    0.0000    7.5000   -7.500016653.3574   19.1996
    7.5000    7.5000   -7.500015964.9844   19.1532
   -7.5000   15.0000   -7.500015138.9629   19.2001
    0.0000   15.0000   -7.500015845.6846   19.2802
    7.5000   15.0000   -7.500015212.8838   19.2329
   -7.5000   22.5000   -7.500014280.1426   19.2595
    0.0000   22.5000   -7.500014921.2344   19.3418
    7.5000   22.5000   -7.500014324.6338   19.2980
   -7.5000   30.0000   -7.500013383.4434   19.0095
    0.0000   30.0000   -7.500013982.1494   19.0968
    7.5000   30.0000   -7.500013407.5439   19.0577
   -7.5000   37.5000   -7.500012826.2959   18.9244
    0.0000   37.5000   -7.500013433.0586   19.0152
    7.5000   37.5000   -7.500012850.3994   18.9760
   -7.5000   45.0000   -7.500011708.6279   18.4091
    0.0000   45.0000   -7.500012269.8604   18.4958
    7.5000   45.0000   -7.500011736.5996   18.4543
   -7.5000  -45.0000    0.000010725.7607   18.9862
    0.0000  -45.0000    0.000011233.3584   19.0858
    7.5000  -45.0000    0.000010867.3770   19.0461
   -7.5000  -37.5000    0.000011576.5596   19.0056
    0.0000  -37.5000    0.000012152.3389   19.1002
    7.5000  -37.5000    0.000011741.8516   19.0558
   -7.5000  -30.0000    0.000013000.1533   19.0975
    0.0000  -30.0000    0.000013720.1143   19.1882
    7.5000  -30.0000    0.000013232.7412   19.1398
   -7.5000  -22.5000    0.000014430.6738   19.1690
    0.0000  -22.5000    0.000015359.2295   19.2613
    7.5000  -22.5000    0.000014729.5283   19.2147
   -7.5000  -15.0000    0.000015492.3037   19.1549
    0.0000  -15.0000    0.000016401.2949   19.2531
    7.5000  -15.0000    0.000015690.4785   19.2125
   -7.5000   -7.5000    0.000016472.8398   19.0614
    0.0000   -7.5000    0.000017263.0566   19.1628
    7.5000   -7.5000    0.000016505.8398   19.1251
   -7.5000    0.0000    0.000017350.9395   18.9862
    0.0000    0.0000    0.000018195.2500   19.0858
    7.5000    0.0000    0.000017376.1738   19.0461
   -7.5000    7.5000    0.000016822.0059   19.0056
    0.0000    7.5000    0.000017702.0156   19.1002
    7.5000    7.5000    0.000016924.1738   19.0558
   -7.5000   15.0000    0.000016083.7139   19.0975
    0.0000   15.0000    0.000016997.6484   19.1882
    7.5000   15.0000    0.000016224.4609   19.1398
   -7.5000   22.5000    0.000015162.5166   19.1601
    0.0000   22.5000    0.000016090.7900   19.2525
    7.5000   22.5000    0.000015327.3477   19.2059
   -7.5000   30.0000    0.000014207.4785   18.9070
    0.0000   30.0000    0.000015089.0186   19.0040
    7.5000   30.0000    0.000014362.2041   18.9638
   -7.5000   37.5000    0.000013618.1025   18.8147
    0.0000   37.5000    0.000014455.3291   18.9148
    7.5000   37.5000    0.000013747.5898   18.8776
   -7.5000   45.0000    0.000012438.1172   18.3005
    0.0000   45.0000    0.000013147.5117   18.3965
    7.5000   45.0000    0.000012514.2139   18.3582
   -7.5000  -45.0000    7.500010253.3525   19.2258
    0.0000  -45.0000    7.500010739.2783   19.3283
    7.5000  -45.0000    7.500010375.3262   19.2788
   -7.5000  -37.5000    7.500011086.7432   19.2450
    0.0000  -37.5000    7.500011591.6025   19.3436
    7.5000  -37.5000    7.500011188.0156   19.2873
   -7.5000  -30.0000    7.500012506.3789   19.3342
    0.0000  -30.0000    7.500013171.3037   19.4295
    7.5000  -30.0000    7.500012713.8643   19.3707
   -7.5000  -22.5000    7.500014039.0439   19.4035
    0.0000  -22.5000    7.500015279.3359   19.5000
    7.5000  -22.5000    7.500014510.8750   19.4467
   -7.5000  -15.0000    7.500015282.0752   19.3895
    0.0000  -15.0000    7.500016783.2109   19.4907
    7.5000  -15.0000    7.500015756.2734   19.4453
   -7.5000   -7.5000    7.500016194.9521   19.2984
    0.0000   -7.5000    7.500017556.9062   19.4022
    7.5000   -7.5000    7.500016534.3945   19.3582
   -7.5000    0.0000    7.500016969.1953   19.2258
    0.0000    0.0000    7.500018248.2949   19.3283
    7.5000    0.0000    7.500017255.9180   19.2788
   -7.5000    7.5000    7.500016451.1738   19.2450
    0.0000    7.5000    7.500017740.2129   19.3436
    7.5000    7.5000    7.500016751.0859   19.2873
   -7.5000   15.0000    7.500015745.8926   19.3342
    0.0000   15.0000    7.500017041.6250   19.4295
    7.5000   15.0000    7.500016035.4844   19.3707
   -7.5000   22.5000    7.500014842.0391   19.3946
    0.0000   22.5000    7.500016040.8740   19.4910
    7.5000   22.5000    7.500015105.1279   19.4377
   -7.5000   30.0000    7.500013845.2969   19.1386
    0.0000   30.0000    7.500014875.0342   19.2385
    7.5000   30.0000    7.500014060.6885   19.1936
   -7.5000   37.5000    7.500013229.8447   19.0487
    0.0000   37.5000    7.500014117.4629   19.1511
    7.5000   37.5000    7.500013392.0566   19.1076
   -7.5000   45.0000    7.500012094.7891   18.5315
    0.0000   45.0000    7.500012837.5293   18.6302
    7.5000   45.0000    7.500012180.7256   18.5826
   -7.5000  -45.0000   15.0000 9767.9111   19.5217
    0.0000  -45.0000   15.000010227.5342   19.6172
    7.5000  -45.0000   15.0000 9863.5010   19.5538
   -7.5000  -37.5000   15.000010575.3613   19.5366
    0.0000  -37.5000   15.000011061.4805   19.6280
    7.5000  -37.5000   15.000010637.4277   19.5572
   -7.5000  -30.0000   15.000011961.1709   19.6159
    0.0000  -30.0000   15.000012644.2793   19.7047
    7.5000  -30.0000   15.000012084.7236   19.6363
   -7.5000  -22.5000   15.000013346.7920   19.6798
    0.0000  -22.5000   15.000014705.2754   19.7705
    7.5000  -22.5000   15.000013719.5752   19.7128
   -7.5000  -15.0000   15.000014454.7051   19.6713
    0.0000  -15.0000   15.000016166.9775   19.7661
    7.5000  -15.0000   15.000015011.8389   19.7157
   -7.5000   -7.5000   15.000015400.9961   19.5899
    0.0000   -7.5000   15.000017114.0938   19.6867
    7.5000   -7.5000   15.000015999.3516   19.6331
   -7.5000    0.0000   15.000016196.3271   19.5217
    0.0000    0.0000   15.000017886.9883   19.6172
    7.5000    0.0000   15.000016747.1191   19.5538
   -7.5000    7.5000   15.000015711.4102   19.5366
    0.0000    7.5000   15.000017315.2598   19.6280
    7.5000    7.5000   15.000016156.6113   19.5572
   -7.5000   15.0000   15.000015037.1611   19.6159
    0.0000   15.0000   15.000016480.4473   19.7047
    7.5000   15.0000   15.000015374.6416   19.6363
   -7.5000   22.5000   15.000014157.0664   19.6707
    0.0000   22.5000   15.000015345.2100   19.7614
    7.5000   22.5000   15.000014407.0264   19.7037
   -7.5000   30.0000   15.000013178.6865   19.4167
    0.0000   30.0000   15.000014168.6787   19.5103
    7.5000   30.0000   15.000013393.7617   19.4606
   -7.5000   37.5000   15.000012614.4580   19.3363
    0.0000   37.5000   15.000013469.7197   19.4319
    7.5000   37.5000   15.000012771.1328   19.3790
   -7.5000   45.0000   15.000011586.6055   18.8167
    0.0000   45.0000   15.000012330.6201   18.9087
    7.5000   45.0000   15.000011694.5098   18.8476
   -7.5000  -45.0000   22.5000 9241.6914   19.8106
    0.0000  -45.0000   22.5000 9696.3350   19.8964
    7.5000  -45.0000   22.5000 9295.9092   19.8280
   -7.5000  -37.5000   22.500010019.5723   19.8213
    0.0000  -37.5000   22.500010518.6836   19.9019
    7.5000  -37.5000   22.500010030.7402   19.8272
   -7.5000  -30.0000   22.500011287.8125   19.8930
    0.0000  -30.0000   22.500012005.7061   19.9710
    7.5000  -30.0000   22.500011376.1709   19.9017
   -7.5000  -22.5000   22.500012433.4238   19.9535
    0.0000  -22.5000   22.500013577.3750   20.0342
    7.5000  -22.5000   22.500012706.3369   19.9773
   -7.5000  -15.0000   22.500013368.4521   19.9502
    0.0000  -15.0000   22.500014598.1572   20.0355
    7.5000  -15.0000   22.500013725.8115   19.9843
   -7.5000   -7.5000   22.500014355.5967   19.8762
    0.0000   -7.5000   22.500015600.8525   19.9639
    7.5000   -7.5000   22.500014724.6641   19.9065
   -7.5000    0.0000   22.500015247.3271   19.8106
    0.0000    0.0000   22.500016570.5430   19.8964
    7.5000    0.0000   22.500015596.7588   19.8280
   -7.5000    7.5000   22.500014809.2891   19.8213
    0.0000    7.5000   22.500016093.8984   19.9019
    7.5000    7.5000   22.500015130.6719   19.8272
   -7.5000   15.0000   22.500014152.1855   19.8930
    0.0000   15.0000   22.500015350.9336   19.9710
    7.5000   15.0000   22.500014403.3271   19.9017
   -7.5000   22.5000   22.500013307.1465   19.9443
    0.0000   22.5000   22.500014345.1641   20.0250
    7.5000   22.5000   22.500013494.9209   19.9681
   -7.5000   30.0000   22.500012390.0449   19.6920
    0.0000   30.0000   22.500013311.6748   19.7762
    7.5000   30.0000   22.500012569.1885   19.7257
   -7.5000   37.5000   22.500011873.3359   19.6190
    0.0000   37.5000   22.500012684.5117   19.7055
    7.5000   37.5000   22.500012008.8232   19.6489
   -7.5000   45.0000   22.500010913.8506   19.0951
    0.0000   45.0000   22.500011624.3535   19.1779
    7.5000   45.0000   22.500011007.8896   19.1119
   -7.5000  -45.0000   30.0000 8643.1973   20.1937
    0.0000  -45.0000   30.0000 9045.2861   20.2770
    7.5000  -45.0000   30.0000 8644.8760   20.2163
   -7.5000  -37.5000   30.0000 9378.3027   20.2027
    0.0000  -37.5000   30.0000 9774.2422   20.2797
    7.5000  -37.5000   30.0000 9341.0137   20.2144
   -7.5000  -30.0000   30.000010492.0859   20.2759
    0.0000  -30.0000   30.000011070.8262   20.3492
    7.5000  -30.0000   30.000010535.8906   20.2878
   -7.5000  -22.5000   30.000011453.4121   20.3392
    0.0000  -22.5000   30.000012219.6582   20.4155
    7.5000  -22.5000   30.000011596.0742   20.3635
   -7.5000  -15.0000   30.000012318.2461   20.3378
    0.0000  -15.0000   30.000013058.2754   20.4200
    7.5000  -15.0000   30.000012455.1670   20.3722
   -7.5000   -7.5000   30.000013268.7275   20.2624
    0.0000   -7.5000   30.000014066.0586   20.3479
    7.5000   -7.5000   30.000013410.5781   20.2954
   -7.5000    0.0000   30.000014090.1699   20.1937
    0.0000    0.0000   30.000014945.7129   20.2770
    7.5000    0.0000   30.000014243.6406   20.2163
   -7.5000    7.5000   30.000013728.2324   20.2027
    0.0000    7.5000   30.000014604.1250   20.2797
    7.5000    7.5000   30.000013891.5752   20.2144
   -7.5000   15.0000   30.000013151.2930   20.2759
    0.0000   15.0000   30.000014005.4297   20.3492
    7.5000   15.0000   30.000013284.3008   20.2878
   -7.5000   22.5000   30.000012395.7646   20.3299
    0.0000   22.5000   30.000013176.7725   20.4061
    7.5000   22.5000   30.000012489.7676   20.3541
   -7.5000   30.0000   30.000011566.1660   20.0745
    0.0000   30.0000   30.000012310.7109   20.1557
    7.5000   30.0000   30.000011656.0850   20.1086
   -7.5000   37.5000   30.000011085.6602   20.0002
    0.0000   37.5000   30.000011767.1748   20.0845
    7.5000   37.5000   30.000011134.3555   20.0328
   -7.5000   45.0000   30.000010178.1992   19.4644
    0.0000   45.0000   30.000010810.5713   19.5447
    7.5000   45.0000   30.000010212.9541   19.4861
   -7.5000  -45.0000   37.5000 8445.1250   20.7075
    0.0000  -45.0000   37.5000 8782.6006   20.8020
    7.5000  -45.0000   37.5000 8436.9385   20.7528
   -7.5000  -37.5000   37.5000 9132.2656   20.7211
    0.0000  -37.5000   37.5000 9489.2559   20.8089
    7.5000  -37.5000   37.5000 9106.4033   20.7557
   -7.5000  -30.0000   37.500010147.2598   20.8066
    0.0000  -30.0000   37.500010634.5234   20.8899
    7.5000  -30.0000   37.500010207.8867   20.8360
   -7.5000  -22.5000   37.500011054.4385   20.8781
    0.0000  -22.5000   37.500011622.2080   20.9641
    7.5000  -22.5000   37.500011148.2334   20.9145
   -7.5000  -15.0000   37.500011935.9482   20.8719
    0.0000  -15.0000   37.500012509.1953   20.9649
    7.5000  -15.0000   37.500012006.1680   20.9201
   -7.5000   -7.5000   37.500012876.2422   20.7840
    0.0000   -7.5000   37.500013504.0332   20.8808
    7.5000   -7.5000   37.500012956.3486   20.8357
   -7.5000    0.0000   37.500013622.2695   20.7075
    0.0000    0.0000   37.500014318.6318   20.8020
    7.5000    0.0000   37.500013712.4355   20.7528
   -7.5000    7.5000   37.500013271.3096   20.7211
    0.0000    7.5000   37.500013974.6885   20.8089
    7.5000    7.5000   37.500013379.7920   20.7557
   -7.5000   15.0000   37.500012761.8936   20.8066
    0.0000   15.0000   37.500013457.1182   20.8899
    7.5000   15.0000   37.500012852.2646   20.8360
   -7.5000   22.5000   37.500012075.0283   20.8685
    0.0000   22.5000   37.500012740.4756   20.9544
    7.5000   22.5000   37.500012131.3965   20.9049
   -7.5000   30.0000   37.500011297.1064   20.6018
    0.0000   30.0000   37.500011928.8242   20.6935
    7.5000   30.0000   37.500011346.4551   20.6493
   -7.5000   37.5000   37.500010833.6064   20.5150
    0.0000   37.5000   37.500011400.4902   20.6106
    7.5000   37.5000   37.500010839.1855   20.5661
   -7.5000   45.0000   37.5000 9958.2822   19.9597
    0.0000   45.0000   37.500010478.0234   20.0508
    7.5000   45.0000   37.5000 9928.0166   20.0033
   -7.5000  -45.0000   45.0000 7878.2402   21.4015
    0.0000  -45.0000   45.0000 8184.3047   21.5148
    7.5000  -45.0000   45.0000 7891.7651   21.4675
   -7.5000  -37.5000   45.0000 8512.4609   21.4174
    0.0000  -37.5000   45.0000 8843.2393   21.5246
    7.5000  -37.5000   45.0000 8520.0820   21.4715
   -7.5000  -30.0000   45.0000 9438.5801   21.5138
    0.0000  -30.0000   45.0000 9861.9785   21.6160
    7.5000  -30.0000   45.0000 9499.0000   21.5582
   -7.5000  -22.5000   45.000010316.7568   21.5938
    0.0000  -22.5000   45.000010768.9414   21.6980
    7.5000  -22.5000   45.000010379.0303   21.6423
   -7.5000  -15.0000   45.000011166.2832   21.5844
    0.0000  -15.0000   45.000011628.9307   21.6957
    7.5000  -15.0000   45.000011202.9014   21.6472
   -7.5000   -7.5000   45.000012027.4033   21.4855
    0.0000   -7.5000   45.000012535.9609   21.6010
    7.5000   -7.5000   45.000012063.9492   21.5560
   -7.5000    0.0000   45.000012674.5684   21.4015
    0.0000    0.0000   45.000013249.2559   21.5148
    7.5000    0.0000   45.000012725.3037   21.4675
   -7.5000    7.5000   45.000012341.0859   21.4174
    0.0000    7.5000   45.000012912.9805   21.5246
    7.5000    7.5000   45.000012403.5098   21.4715
   -7.5000   15.0000   45.000011858.6084   21.5138
    0.0000   15.0000   45.000012447.4883   21.6160
    7.5000   15.0000   45.000011921.5654   21.5582
   -7.5000   22.5000   45.000011233.8857   21.5838
    0.0000   22.5000   45.000011815.6084   21.6879
    7.5000   22.5000   45.000011289.6562   21.6323
   -7.5000   30.0000   45.000010516.2598   21.3033
    0.0000   30.0000   45.000011052.9258   21.4131
    7.5000   30.0000   45.000010570.1729   21.3652
   -7.5000   37.5000   45.000010088.1367   21.2056
    0.0000   37.5000   45.000010615.2686   21.3196
    7.5000   37.5000   45.000010097.1250   21.2752
   -7.5000   45.0000   45.0000 9312.1592   20.6379
    0.0000   45.0000   45.0000 9780.3359   20.7472
    7.5000   45.0000   45.0000 9286.7676   20.7016

---------------------------------------------------------------------
imgreg_4dfp /opt/freesurfer/average/711-2C_as_mni_average_305 /opt/freesurfer/average/711-2B_as_mni_average_305_mask talsrcimg_g11 none talsrcimg_to_711-2C_as_mni_average_305_t4 4355
---------------------------------------------------------------------

freesurfer imgreg_4dfp.c
/opt/freesurfer/average/711-2C_as_mni_average_305.4dfp.img
       256       256       256         1
  1.000000  1.000000  1.000000
orientation T byte_order littleendian
Reading image: /opt/freesurfer/average/711-2C_as_mni_average_305.4dfp.img
dimensions:      256       256       256
mmppix:       1.0000   -1.0000   -1.0000
center:     128.0000 -129.0000 -129.0000
/opt/freesurfer/average/711-2B_as_mni_average_305_mask.4dfp.img
       256       256       256         1
  1.000000  1.000000  1.000000
orientation T byte_order littleendian
Reading mask: /opt/freesurfer/average/711-2B_as_mni_average_305_mask.4dfp.img (2306576 pixels)
talsrcimg_g11.4dfp.img
       320       320       320         1
  0.800000  0.800000  0.800000
orientation T byte_order littleendian
Reading image: talsrcimg_g11.4dfp.img
dimensions:      320       320       320
mmppix:       0.8000   -0.8000   -0.8000
center:     128.0000 -128.8000 -128.8000
rotation matrix determinant  1.000000
image alignment mode   4355 decimal     1103 hex
   -7.5000  -45.0000  -37.5000 2304.0063   25.1225
    0.0000  -45.0000  -37.5000 2318.5227   24.8203
    7.5000  -45.0000  -37.5000 2316.7971   24.7153
   -7.5000  -37.5000  -37.5000 2380.4260   23.0933
    0.0000  -37.5000  -37.5000 2388.1860   22.7861
    7.5000  -37.5000  -37.5000 2390.7139   22.7426
   -7.5000  -30.0000  -37.5000 2434.2063   21.5840
    0.0000  -30.0000  -37.5000 2446.3882   21.3067
    7.5000  -30.0000  -37.5000 2441.7034   21.2685
   -7.5000  -22.5000  -37.5000 2461.5183   20.4308
    0.0000  -22.5000  -37.5000 2474.6860   20.1926
    7.5000  -22.5000  -37.5000 2473.2598   20.1926
   -7.5000  -15.0000  -37.5000 2470.2639   19.6539
    0.0000  -15.0000  -37.5000 2491.7898   19.4574
    7.5000  -15.0000  -37.5000 2489.4983   19.4419
   -7.5000   -7.5000  -37.5000 2496.8586   19.3608
    0.0000   -7.5000  -37.5000 2516.1631   19.1479
    7.5000   -7.5000  -37.5000 2513.3289   19.1256
   -7.5000    0.0000  -37.5000 2500.4834   19.3143
    0.0000    0.0000  -37.5000 2514.1694   19.1261
    7.5000    0.0000  -37.5000 2513.3738   19.1247
   -7.5000    7.5000  -37.5000 2490.4553   19.6301
    0.0000    7.5000  -37.5000 2509.7422   19.4755
    7.5000    7.5000  -37.5000 2503.8992   19.4680
   -7.5000   15.0000  -37.5000 2455.3362   20.2767
    0.0000   15.0000  -37.5000 2473.3525   20.1699
    7.5000   15.0000  -37.5000 2470.2761   20.1340
   -7.5000   22.5000  -37.5000 2389.3032   21.3239
    0.0000   22.5000  -37.5000 2411.6155   21.2505
    7.5000   22.5000  -37.5000 2409.4009   21.1972
   -7.5000   30.0000  -37.5000 2311.0117   22.7287
    0.0000   30.0000  -37.5000 2330.4224   22.6970
    7.5000   30.0000  -37.5000 2329.5662   22.7006
   -7.5000   37.5000  -37.5000 2221.5684   24.5853
    0.0000   37.5000  -37.5000 2231.4392   24.5016
    7.5000   37.5000  -37.5000 2226.2751   24.5417
   -7.5000   45.0000  -37.5000 2119.3784   26.9294
    0.0000   45.0000  -37.5000 2131.1331   26.7625
    7.5000   45.0000  -37.5000 2131.8923   26.7851
   -7.5000  -45.0000  -30.0000 2413.9431   25.1723
    0.0000  -45.0000  -30.0000 2430.0037   24.8005
    7.5000  -45.0000  -30.0000 2424.7717   24.6519
   -7.5000  -37.5000  -30.0000 2485.0508   22.9926
    0.0000  -37.5000  -30.0000 2500.1355   22.6278
    7.5000  -37.5000  -30.0000 2494.2976   22.5379
   -7.5000  -30.0000  -30.0000 2540.3052   21.3403
    0.0000  -30.0000  -30.0000 2548.7358   20.9843
    7.5000  -30.0000  -30.0000 2545.6707   20.9303
   -7.5000  -22.5000  -30.0000 2579.5808   20.1835
    0.0000  -22.5000  -30.0000 2587.6431   19.8502
    7.5000  -22.5000  -30.0000 2582.3206   19.8448
   -7.5000  -15.0000  -30.0000 2594.4805   19.3407
    0.0000  -15.0000  -30.0000 2599.5513   19.0602
    7.5000  -15.0000  -30.0000 2601.2063   19.0974
   -7.5000   -7.5000  -30.0000 2618.8994   18.9800
    0.0000   -7.5000  -30.0000 2626.2961   18.7188
    7.5000   -7.5000  -30.0000 2627.4480   18.7461
   -7.5000    0.0000  -30.0000 2621.9517   18.9337
    0.0000    0.0000  -30.0000 2633.4487   18.7150
    7.5000    0.0000  -30.0000 2632.0176   18.7415
   -7.5000    7.5000  -30.0000 2607.9121   19.2173
    0.0000    7.5000  -30.0000 2624.7366   19.0105
    7.5000    7.5000  -30.0000 2622.5740   19.0434
   -7.5000   15.0000  -30.0000 2571.3589   19.7930
    0.0000   15.0000  -30.0000 2590.4343   19.6232
    7.5000   15.0000  -30.0000 2591.0374   19.6386
   -7.5000   22.5000  -30.0000 2508.0266   20.8106
    0.0000   22.5000  -30.0000 2530.5342   20.6632
    7.5000   22.5000  -30.0000 2528.7800   20.6811
   -7.5000   30.0000  -30.0000 2426.5767   22.1832
    0.0000   30.0000  -30.0000 2449.5498   22.0572
    7.5000   30.0000  -30.0000 2442.9758   22.0979
   -7.5000   37.5000  -30.0000 2331.5349   23.9662
    0.0000   37.5000  -30.0000 2345.1169   23.8248
    7.5000   37.5000  -30.0000 2338.8833   23.8506
   -7.5000   45.0000  -30.0000 2219.4705   26.2384
    0.0000   45.0000  -30.0000 2237.5171   26.0884
    7.5000   45.0000  -30.0000 2232.5159   26.0862
   -7.5000  -45.0000  -22.5000 2482.6594   24.9918
    0.0000  -45.0000  -22.5000 2488.3691   24.4555
    7.5000  -45.0000  -22.5000 2484.4351   24.3317
   -7.5000  -37.5000  -22.5000 2557.1860   22.8134
    0.0000  -37.5000  -22.5000 2564.7986   22.3278
    7.5000  -37.5000  -22.5000 2557.9956   22.2073
   -7.5000  -30.0000  -22.5000 2604.6772   21.0454
    0.0000  -30.0000  -22.5000 2610.2080   20.5866
    7.5000  -30.0000  -22.5000 2606.9629   20.4977
   -7.5000  -22.5000  -22.5000 2647.6372   19.7716
    0.0000  -22.5000  -22.5000 2645.3440   19.3494
    7.5000  -22.5000  -22.5000 2644.5825   19.3189
   -7.5000  -15.0000  -22.5000 2668.4116   18.8599
    0.0000  -15.0000  -22.5000 2665.8013   18.4913
    7.5000  -15.0000  -22.5000 2668.9692   18.5105
   -7.5000   -7.5000  -22.5000 2691.1555   18.4109
    0.0000   -7.5000  -22.5000 2689.7000   18.0954
    7.5000   -7.5000  -22.5000 2692.5955   18.1383
   -7.5000    0.0000  -22.5000 2696.0813   18.3924
    0.0000    0.0000  -22.5000 2699.1833   18.0849
    7.5000    0.0000  -22.5000 2696.2332   18.1411
   -7.5000    7.5000  -22.5000 2681.5269   18.6620
    0.0000    7.5000  -22.5000 2688.7795   18.3542
    7.5000    7.5000  -22.5000 2687.8369   18.4143
   -7.5000   15.0000  -22.5000 2644.5271   19.2296
    0.0000   15.0000  -22.5000 2651.6064   18.9287
    7.5000   15.0000  -22.5000 2651.6790   18.9575
   -7.5000   22.5000  -22.5000 2581.8555   20.1903
    0.0000   22.5000  -22.5000 2592.2375   19.9166
    7.5000   22.5000  -22.5000 2589.8889   19.9424
   -7.5000   30.0000  -22.5000 2506.5498   21.5359
    0.0000   30.0000  -22.5000 2515.0505   21.3012
    7.5000   30.0000  -22.5000 2513.0935   21.3109
   -7.5000   37.5000  -22.5000 2402.7998   23.2457
    0.0000   37.5000  -22.5000 2411.2830   23.0275
    7.5000   37.5000  -22.5000 2403.0396   23.0095
   -7.5000   45.0000  -22.5000 2279.8855   25.4430
    0.0000   45.0000  -22.5000 2294.9697   25.2918
    7.5000   45.0000  -22.5000 2281.6633   25.2606
   -7.5000  -45.0000  -15.0000 2509.6047   24.9018
    0.0000  -45.0000  -15.0000 2507.3054   24.2512
    7.5000  -45.0000  -15.0000 2510.4890   24.1239
   -7.5000  -37.5000  -15.0000 2592.3616   22.6784
    0.0000  -37.5000  -15.0000 2586.2080   22.0519
    7.5000  -37.5000  -15.0000 2589.3630   21.9743
   -7.5000  -30.0000  -15.0000 2640.5742   20.8479
    0.0000  -30.0000  -15.0000 2636.4824   20.3051
    7.5000  -30.0000  -15.0000 2637.9478   20.2171
   -7.5000  -22.5000  -15.0000 2677.5044   19.4361
    0.0000  -22.5000  -15.0000 2672.4587   18.9306
    7.5000  -22.5000  -15.0000 2674.6143   18.8584
   -7.5000  -15.0000  -15.0000 2697.3542   18.3674
    0.0000  -15.0000  -15.0000 2691.3445   17.9181
    7.5000  -15.0000  -15.0000 2691.3494   17.9045
   -7.5000   -7.5000  -15.0000 2721.1321   17.8204
    0.0000   -7.5000  -15.0000 2709.8916   17.4269
    7.5000   -7.5000  -15.0000 2713.4229   17.4589
   -7.5000    0.0000  -15.0000 2731.8955   17.8113
    0.0000    0.0000  -15.0000 2722.0137   17.4290
    7.5000    0.0000  -15.0000 2724.9983   17.4648
   -7.5000    7.5000  -15.0000 2723.1206   18.1140
    0.0000    7.5000  -15.0000 2712.6885   17.7134
    7.5000    7.5000  -15.0000 2713.8328   17.7492
   -7.5000   15.0000  -15.0000 2684.4561   18.7044
    0.0000   15.0000  -15.0000 2677.4050   18.3074
    7.5000   15.0000  -15.0000 2678.6755   18.3284
   -7.5000   22.5000  -15.0000 2619.9856   19.6264
    0.0000   22.5000  -15.0000 2614.5237   19.2606
    7.5000   22.5000  -15.0000 2616.9104   19.3064
   -7.5000   30.0000  -15.0000 2543.2183   20.9317
    0.0000   30.0000  -15.0000 2543.8035   20.6088
    7.5000   30.0000  -15.0000 2544.9565   20.6624
   -7.5000   37.5000  -15.0000 2447.9822   22.6705
    0.0000   37.5000  -15.0000 2450.1101   22.3663
    7.5000   37.5000  -15.0000 2447.5886   22.4238
   -7.5000   45.0000  -15.0000 2315.9507   24.8474
    0.0000   45.0000  -15.0000 2320.7000   24.6230
    7.5000   45.0000  -15.0000 2315.1912   24.6616
   -7.5000  -45.0000   -7.5000 2516.7495   24.9556
    0.0000  -45.0000   -7.5000 2506.9634   24.2732
    7.5000  -45.0000   -7.5000 2516.0474   24.1324
   -7.5000  -37.5000   -7.5000 2601.6487   22.7107
    0.0000  -37.5000   -7.5000 2590.5427   22.1115
    7.5000  -37.5000   -7.5000 2597.3425   21.9705
   -7.5000  -30.0000   -7.5000 2666.4543   20.8812
    0.0000  -30.0000   -7.5000 2648.1313   20.3206
    7.5000  -30.0000   -7.5000 2651.6140   20.2205
   -7.5000  -22.5000   -7.5000 2699.8850   19.3538
    0.0000  -22.5000   -7.5000 2678.6587   18.8699
    7.5000  -22.5000   -7.5000 2683.3489   18.7464
   -7.5000  -15.0000   -7.5000 2704.5918   18.0264
    0.0000  -15.0000   -7.5000 2683.0852   17.5431
    7.5000  -15.0000   -7.5000 2687.0664   17.5191
   -7.5000   -7.5000   -7.5000 2730.6758   17.3575
    0.0000   -7.5000   -7.5000 2698.2676   16.8593
    7.5000   -7.5000   -7.5000 2703.9175   16.9152
   -7.5000    0.0000   -7.5000 2748.6685   17.3312
    0.0000    0.0000   -7.5000 2716.2129   16.8659
    7.5000    0.0000   -7.5000 2721.4827   16.8870
   -7.5000    7.5000   -7.5000 2736.3330   17.6444
    0.0000    7.5000   -7.5000 2711.1750   17.2250
    7.5000    7.5000   -7.5000 2715.2600   17.1946
   -7.5000   15.0000   -7.5000 2695.4995   18.2894
    0.0000   15.0000   -7.5000 2674.5205   17.8541
    7.5000   15.0000   -7.5000 2682.7258   17.8867
   -7.5000   22.5000   -7.5000 2641.4785   19.2553
    0.0000   22.5000   -7.5000 2619.2119   18.8418
    7.5000   22.5000   -7.5000 2630.4619   18.9091
   -7.5000   30.0000   -7.5000 2573.8936   20.6080
    0.0000   30.0000   -7.5000 2554.6021   20.2082
    7.5000   30.0000   -7.5000 2562.8726   20.3216
   -7.5000   37.5000   -7.5000 2480.3596   22.3137
    0.0000   37.5000   -7.5000 2471.8423   21.9447
    7.5000   37.5000   -7.5000 2470.6289   22.0867
   -7.5000   45.0000   -7.5000 2344.4834   24.4527
    0.0000   45.0000   -7.5000 2343.0107   24.1525
    7.5000   45.0000   -7.5000 2340.1951   24.2427
   -7.5000  -45.0000    0.0000 2531.2756   25.2952
    0.0000  -45.0000    0.0000 2528.6433   24.7478
    7.5000  -45.0000    0.0000 2528.6448   24.4679
   -7.5000  -37.5000    0.0000 2608.2200   22.9567
    0.0000  -37.5000    0.0000 2608.1104   22.5423
    7.5000  -37.5000    0.0000 2610.9314   22.3234
   -7.5000  -30.0000    0.0000 2675.9980   21.1144
    0.0000  -30.0000    0.0000 2672.2729   20.7607
    7.5000  -30.0000    0.0000 2670.9639   20.5671
   -7.5000  -22.5000    0.0000 2724.7039   19.6171
    0.0000  -22.5000    0.0000 2717.4011   19.3752
    7.5000  -22.5000    0.0000 2714.1050   19.1355
   -7.5000  -15.0000    0.0000 2717.1897   18.1533
    0.0000  -15.0000    0.0000 2701.6172   17.8310
    7.5000  -15.0000    0.0000 2704.4482   17.7186
   -7.5000   -7.5000    0.0000 2725.2183   17.2293
    0.0000   -7.5000    0.0000 2683.7100   16.7628
    7.5000   -7.5000    0.0000 2692.8240   16.8003
   -7.5000    0.0000    0.0000 2745.9570   17.0918
    0.0000    0.0000    0.0000 2704.0898   16.6630
    7.5000    0.0000    0.0000 2705.5244   16.6567
   -7.5000    7.5000    0.0000 2738.1562   17.4296
    0.0000    7.5000    0.0000 2710.0864   17.1025
    7.5000    7.5000    0.0000 2715.7886   17.0669
   -7.5000   15.0000    0.0000 2712.9236   18.1330
    0.0000   15.0000    0.0000 2697.0981   17.8236
    7.5000   15.0000    0.0000 2706.0833   17.8517
   -7.5000   22.5000    0.0000 2661.2944   19.1382
    0.0000   22.5000    0.0000 2659.1255   18.8845
    7.5000   22.5000    0.0000 2666.3374   18.9456
   -7.5000   30.0000    0.0000 2599.1589   20.5275
    0.0000   30.0000    0.0000 2602.3916   20.2991
    7.5000   30.0000    0.0000 2598.3665   20.3654
   -7.5000   37.5000    0.0000 2511.6804   22.2439
    0.0000   37.5000    0.0000 2514.1565   22.0089
    7.5000   37.5000    0.0000 2508.0032   22.0753
   -7.5000   45.0000    0.0000 2383.6868   24.3461
    0.0000   45.0000    0.0000 2382.1895   24.1499
    7.5000   45.0000    0.0000 2375.4187   24.1175
   -7.5000  -45.0000    7.5000 2536.8811   25.8026
    0.0000  -45.0000    7.5000 2542.0476   25.3557
    7.5000  -45.0000    7.5000 2532.3149   25.0136
   -7.5000  -37.5000    7.5000 2619.8796   23.4293
    0.0000  -37.5000    7.5000 2627.8806   23.0672
    7.5000  -37.5000    7.5000 2617.6960   22.7733
   -7.5000  -30.0000    7.5000 2690.4133   21.5149
    0.0000  -30.0000    7.5000 2700.5872   21.3016
    7.5000  -30.0000    7.5000 2685.3315   20.9955
   -7.5000  -22.5000    7.5000 2750.8398   20.0822
    0.0000  -22.5000    7.5000 2764.1482   20.0918
    7.5000  -22.5000    7.5000 2743.6125   19.7242
   -7.5000  -15.0000    7.5000 2765.2517   18.7598
    0.0000  -15.0000    7.5000 2803.5176   18.9739
    7.5000  -15.0000    7.5000 2762.8979   18.5333
   -7.5000   -7.5000    7.5000 2745.6953   17.6686
    0.0000   -7.5000    7.5000 2738.2390   17.6044
    7.5000   -7.5000    7.5000 2727.2903   17.4739
   -7.5000    0.0000    7.5000 2743.0442   17.1694
    0.0000    0.0000    7.5000 2739.8083   17.1039
    7.5000    0.0000    7.5000 2719.9165   17.0500
   -7.5000    7.5000    7.5000 2738.6470   17.4355
    0.0000    7.5000    7.5000 2745.6252   17.3376
    7.5000    7.5000    7.5000 2730.1982   17.3258
   -7.5000   15.0000    7.5000 2723.4958   18.1226
    0.0000   15.0000    7.5000 2742.3291   18.0535
    7.5000   15.0000    7.5000 2720.6790   18.0091
   -7.5000   22.5000    7.5000 2676.2307   19.1698
    0.0000   22.5000    7.5000 2695.4934   19.0840
    7.5000   22.5000    7.5000 2685.6685   19.0440
   -7.5000   30.0000    7.5000 2612.4880   20.5673
    0.0000   30.0000    7.5000 2628.4614   20.4377
    7.5000   30.0000    7.5000 2619.2134   20.4205
   -7.5000   37.5000    7.5000 2517.7722   22.2522
    0.0000   37.5000    7.5000 2532.8579   22.1259
    7.5000   37.5000    7.5000 2527.0859   22.1135
   -7.5000   45.0000    7.5000 2393.2180   24.3736
    0.0000   45.0000    7.5000 2406.4456   24.2222
    7.5000   45.0000    7.5000 2396.0718   24.2448
   -7.5000  -45.0000   15.0000 2540.3662   26.5179
    0.0000  -45.0000   15.0000 2536.4546   26.0482
    7.5000  -45.0000   15.0000 2528.1099   25.6851
   -7.5000  -37.5000   15.0000 2622.6460   24.0388
    0.0000  -37.5000   15.0000 2628.6709   23.7606
    7.5000  -37.5000   15.0000 2611.6660   23.4157
   -7.5000  -30.0000   15.0000 2697.1609   22.0941
    0.0000  -30.0000   15.0000 2717.3525   22.0245
    7.5000  -30.0000   15.0000 2688.7566   21.7180
   -7.5000  -22.5000   15.0000 2763.5361   20.6787
    0.0000  -22.5000   15.0000 2803.8420   20.9026
    7.5000  -22.5000   15.0000 2761.5305   20.4772
   -7.5000  -15.0000   15.0000 2774.0105   19.2979
    0.0000  -15.0000   15.0000 2872.6316   19.9004
    7.5000  -15.0000   15.0000 2801.3186   19.3700
   -7.5000   -7.5000   15.0000 2759.8484   18.2488
    0.0000   -7.5000   15.0000 2845.5503   18.7220
    7.5000   -7.5000   15.0000 2782.9246   18.4260
   -7.5000    0.0000   15.0000 2753.4812   17.7352
    0.0000    0.0000   15.0000 2796.2747   17.8874
    7.5000    0.0000   15.0000 2763.3623   17.8718
   -7.5000    7.5000   15.0000 2744.3225   17.7847
    0.0000    7.5000   15.0000 2785.8159   17.9399
    7.5000    7.5000   15.0000 2750.2056   17.8422
   -7.5000   15.0000   15.0000 2729.0330   18.3984
    0.0000   15.0000   15.0000 2756.4126   18.4721
    7.5000   15.0000   15.0000 2728.8076   18.3775
   -7.5000   22.5000   15.0000 2683.6467   19.4256
    0.0000   22.5000   15.0000 2693.5825   19.3943
    7.5000   22.5000   15.0000 2679.9407   19.2995
   -7.5000   30.0000   15.0000 2617.4734   20.8160
    0.0000   30.0000   15.0000 2624.4651   20.6594
    7.5000   30.0000   15.0000 2617.8677   20.6588
   -7.5000   37.5000   15.0000 2527.0203   22.5191
    0.0000   37.5000   15.0000 2532.6963   22.3292
    7.5000   37.5000   15.0000 2529.0532   22.3795
   -7.5000   45.0000   15.0000 2408.0447   24.6461
    0.0000   45.0000   15.0000 2418.2803   24.4857
    7.5000   45.0000   15.0000 2416.9624   24.5341
   -7.5000  -45.0000   22.5000 2538.2480   27.3886
    0.0000  -45.0000   22.5000 2551.1521   27.0870
    7.5000  -45.0000   22.5000 2530.6091   26.7032
   -7.5000  -37.5000   22.5000 2624.2583   24.8602
    0.0000  -37.5000   22.5000 2651.5940   24.7706
    7.5000  -37.5000   22.5000 2622.8005   24.4263
   -7.5000  -30.0000   22.5000 2699.4890   22.8694
    0.0000  -30.0000   22.5000 2744.9097   22.9926
    7.5000  -30.0000   22.5000 2707.7112   22.6766
   -7.5000  -22.5000   22.5000 2758.0994   21.2706
    0.0000  -22.5000   22.5000 2830.8235   21.7413
    7.5000  -22.5000   22.5000 2785.8293   21.2846
   -7.5000  -15.0000   22.5000 2756.7434   19.7178
    0.0000  -15.0000   22.5000 2849.9182   20.2728
    7.5000  -15.0000   22.5000 2797.0754   19.9268
   -7.5000   -7.5000   22.5000 2784.1033   18.8735
    0.0000   -7.5000   22.5000 2819.7620   19.0134
    7.5000   -7.5000   22.5000 2808.2346   19.0518
   -7.5000    0.0000   22.5000 2813.6746   18.5218
    0.0000    0.0000   22.5000 2853.9883   18.6451
    7.5000    0.0000   22.5000 2820.2854   18.6012
   -7.5000    7.5000   22.5000 2792.2134   18.5794
    0.0000    7.5000   22.5000 2832.7446   18.7451
    7.5000    7.5000   22.5000 2806.0632   18.6881
   -7.5000   15.0000   22.5000 2750.9822   19.1155
    0.0000   15.0000   22.5000 2786.3362   19.2378
    7.5000   15.0000   22.5000 2762.7517   19.1907
   -7.5000   22.5000   22.5000 2684.1230   20.0447
    0.0000   22.5000   22.5000 2701.7041   20.0876
    7.5000   22.5000   22.5000 2691.1057   20.0537
   -7.5000   30.0000   22.5000 2613.4541   21.3401
    0.0000   30.0000   22.5000 2624.5276   21.2903
    7.5000   30.0000   22.5000 2618.0503   21.2717
   -7.5000   37.5000   22.5000 2520.6487   22.9995
    0.0000   37.5000   22.5000 2525.4050   22.8755
    7.5000   37.5000   22.5000 2522.5215   22.8865
   -7.5000   45.0000   22.5000 2396.8037   25.0555
    0.0000   45.0000   22.5000 2407.5186   24.9419
    7.5000   45.0000   22.5000 2403.4666   24.9136
   -7.5000  -45.0000   30.0000 2531.7388   28.3041
    0.0000  -45.0000   30.0000 2556.3450   28.1390
    7.5000  -45.0000   30.0000 2535.9629   27.7920
   -7.5000  -37.5000   30.0000 2621.8430   25.7159
    0.0000  -37.5000   30.0000 2652.0510   25.6778
    7.5000  -37.5000   30.0000 2629.7463   25.4284
   -7.5000  -30.0000   30.0000 2696.0754   23.6922
    0.0000  -30.0000   30.0000 2734.7590   23.8080
    7.5000  -30.0000   30.0000 2710.8645   23.5871
   -7.5000  -22.5000   30.0000 2739.0540   21.9021
    0.0000  -22.5000   30.0000 2797.0603   22.2508
    7.5000  -22.5000   30.0000 2767.0103   21.9221
   -7.5000  -15.0000   30.0000 2750.4561   20.3344
    0.0000  -15.0000   30.0000 2772.4446   20.3563
    7.5000  -15.0000   30.0000 2775.8147   20.3840
   -7.5000   -7.5000   30.0000 2801.4060   19.5771
    0.0000   -7.5000   30.0000 2825.0161   19.5798
    7.5000   -7.5000   30.0000 2810.8362   19.6454
   -7.5000    0.0000   30.0000 2840.9749   19.3304
    0.0000    0.0000   30.0000 2864.5278   19.3448
    7.5000    0.0000   30.0000 2840.9927   19.3740
   -7.5000    7.5000   30.0000 2823.8577   19.4848
    0.0000    7.5000   30.0000 2851.8494   19.5259
    7.5000    7.5000   30.0000 2828.5039   19.5286
   -7.5000   15.0000   30.0000 2770.7231   19.9963
    0.0000   15.0000   30.0000 2796.5225   20.0530
    7.5000   15.0000   30.0000 2784.0303   20.0569
   -7.5000   22.5000   30.0000 2691.3601   20.9490
    0.0000   22.5000   30.0000 2711.7117   20.9851
    7.5000   22.5000   30.0000 2707.9158   20.9908
   -7.5000   30.0000   30.0000 2610.8054   22.2070
    0.0000   30.0000   30.0000 2629.7961   22.1695
    7.5000   30.0000   30.0000 2621.1543   22.2041
   -7.5000   37.5000   30.0000 2512.9153   23.8128
    0.0000   37.5000   30.0000 2519.3848   23.7538
    7.5000   37.5000   30.0000 2511.7395   23.7064
   -7.5000   45.0000   30.0000 2386.0271   25.8468
    0.0000   45.0000   30.0000 2395.5479   25.7126
    7.5000   45.0000   30.0000 2388.9631   25.6774
   -7.5000  -45.0000   37.5000 2516.0549   29.3429
    0.0000  -45.0000   37.5000 2530.6785   29.1007
    7.5000  -45.0000   37.5000 2524.1206   28.8917
   -7.5000  -37.5000   37.5000 2602.7246   26.5971
    0.0000  -37.5000   37.5000 2617.4792   26.4070
    7.5000  -37.5000   37.5000 2613.4973   26.3379
   -7.5000  -30.0000   37.5000 2673.2485   24.4741
    0.0000  -30.0000   37.5000 2688.7661   24.3933
    7.5000  -30.0000   37.5000 2683.4060   24.3044
   -7.5000  -22.5000   37.5000 2703.8169   22.5005
    0.0000  -22.5000   37.5000 2713.4795   22.3955
    7.5000  -22.5000   37.5000 2721.9224   22.4142
   -7.5000  -15.0000   37.5000 2737.4927   21.0563
    0.0000  -15.0000   37.5000 2749.5322   20.8922
    7.5000  -15.0000   37.5000 2745.2957   21.0024
   -7.5000   -7.5000   37.5000 2798.1001   20.4402
    0.0000   -7.5000   37.5000 2812.0432   20.3524
    7.5000   -7.5000   37.5000 2803.6746   20.4449
   -7.5000    0.0000   37.5000 2824.7180   20.2053
    0.0000    0.0000   37.5000 2844.0305   20.1413
    7.5000    0.0000   37.5000 2824.1682   20.2077
   -7.5000    7.5000   37.5000 2805.6726   20.2949
    0.0000    7.5000   37.5000 2831.1919   20.3138
    7.5000    7.5000   37.5000 2815.0007   20.3497
   -7.5000   15.0000   37.5000 2763.3252   20.8891
    0.0000   15.0000   37.5000 2783.1277   20.9097
    7.5000   15.0000   37.5000 2773.5491   20.9349
   -7.5000   22.5000   37.5000 2691.0801   21.9444
    0.0000   22.5000   37.5000 2709.6528   21.9259
    7.5000   22.5000   37.5000 2705.2332   21.9526
   -7.5000   30.0000   37.5000 2610.0759   23.2531
    0.0000   30.0000   37.5000 2626.9524   23.1936
    7.5000   30.0000   37.5000 2619.4438   23.2089
   -7.5000   37.5000   37.5000 2508.0476   24.8395
    0.0000   37.5000   37.5000 2504.6509   24.7424
    7.5000   37.5000   37.5000 2503.6855   24.7638
   -7.5000   45.0000   37.5000 2371.6663   26.7219
    0.0000   45.0000   37.5000 2374.7363   26.6532
    7.5000   45.0000   37.5000 2364.2273   26.7178
   -7.5000  -45.0000   45.0000 2482.2959   30.3658
    0.0000  -45.0000   45.0000 2484.7800   29.9066
    7.5000  -45.0000   45.0000 2491.9966   29.8418
   -7.5000  -37.5000   45.0000 2567.3994   27.4600
    0.0000  -37.5000   45.0000 2565.8665   27.0708
    7.5000  -37.5000   45.0000 2577.3142   27.1251
   -7.5000  -30.0000   45.0000 2624.7305   25.1698
    0.0000  -30.0000   45.0000 2624.4087   24.8591
    7.5000  -30.0000   45.0000 2642.6743   24.9838
   -7.5000  -22.5000   45.0000 2670.7305   23.3170
    0.0000  -22.5000   45.0000 2664.8354   22.9491
    7.5000  -22.5000   45.0000 2675.7209   23.0989
   -7.5000  -15.0000   45.0000 2724.5042   22.0079
    0.0000  -15.0000   45.0000 2722.0588   21.7329
    7.5000  -15.0000   45.0000 2720.3188   21.8838
   -7.5000   -7.5000   45.0000 2775.3572   21.4496
    0.0000   -7.5000   45.0000 2773.5000   21.2159
    7.5000   -7.5000   45.0000 2773.5862   21.3830
   -7.5000    0.0000   45.0000 2784.2920   21.1767
    0.0000    0.0000   45.0000 2796.6370   21.0160
    7.5000    0.0000   45.0000 2787.8928   21.1402
   -7.5000    7.5000   45.0000 2770.7249   21.2570
    0.0000    7.5000   45.0000 2785.4307   21.1539
    7.5000    7.5000   45.0000 2777.5122   21.2422
   -7.5000   15.0000   45.0000 2728.1628   21.8396
    0.0000   15.0000   45.0000 2747.0969   21.7772
    7.5000   15.0000   45.0000 2743.2441   21.8454
   -7.5000   22.5000   45.0000 2669.8560   22.8992
    0.0000   22.5000   45.0000 2688.4177   22.8165
    7.5000   22.5000   45.0000 2680.8271   22.8778
   -7.5000   30.0000   45.0000 2592.1204   24.2870
    0.0000   30.0000   45.0000 2601.4277   24.2130
    7.5000   30.0000   45.0000 2602.1392   24.2614
   -7.5000   37.5000   45.0000 2478.7803   25.8692
    0.0000   37.5000   45.0000 2485.3425   25.7628
    7.5000   37.5000   45.0000 2476.0330   25.8338
   -7.5000   45.0000   45.0000 2356.4236   27.8741
    0.0000   45.0000   45.0000 2356.1526   27.7353
    7.5000   45.0000   45.0000 2352.0266   27.8389
   -7.5000  -45.0000   52.5000 2446.0098   31.4485
    0.0000  -45.0000   52.5000 2433.0195   30.7982
    7.5000  -45.0000   52.5000 2450.8416   30.8428
   -7.5000  -37.5000   52.5000 2525.7712   28.4436
    0.0000  -37.5000   52.5000 2516.4351   27.9020
    7.5000  -37.5000   52.5000 2534.6282   28.0130
   -7.5000  -30.0000   52.5000 2582.5486   26.1170
    0.0000  -30.0000   52.5000 2573.3806   25.6288
    7.5000  -30.0000   52.5000 2590.1450   25.7730
   -7.5000  -22.5000   52.5000 2643.4724   24.3462
    0.0000  -22.5000   52.5000 2625.8359   23.8396
    7.5000  -22.5000   52.5000 2638.5640   24.0733
   -7.5000  -15.0000   52.5000 2693.6748   23.0852
    0.0000  -15.0000   52.5000 2681.8098   22.7131
    7.5000  -15.0000   52.5000 2687.1653   22.9446
   -7.5000   -7.5000   52.5000 2732.1946   22.5410
    0.0000   -7.5000   52.5000 2723.2476   22.1934
    7.5000   -7.5000   52.5000 2730.2063   22.4135
   -7.5000    0.0000   52.5000 2737.9575   22.2541
    0.0000    0.0000   52.5000 2736.1667   21.9951
    7.5000    0.0000   52.5000 2741.4573   22.1622
   -7.5000    7.5000   52.5000 2725.6199   22.3308
    0.0000    7.5000   52.5000 2730.2004   22.1354
    7.5000    7.5000   52.5000 2729.4685   22.2699
   -7.5000   15.0000   52.5000 2683.2598   22.8929
    0.0000   15.0000   52.5000 2704.4714   22.7584
    7.5000   15.0000   52.5000 2696.9153   22.8812
   -7.5000   22.5000   52.5000 2629.0701   23.9356
    0.0000   22.5000   52.5000 2647.7302   23.7858
    7.5000   22.5000   52.5000 2638.5840   23.8720
   -7.5000   30.0000   52.5000 2541.6096   25.2911
    0.0000   30.0000   52.5000 2550.8254   25.1733
    7.5000   30.0000   52.5000 2551.0527   25.2454
   -7.5000   37.5000   52.5000 2436.7783   26.9433
    0.0000   37.5000   52.5000 2443.8430   26.8285
    7.5000   37.5000   52.5000 2440.9641   26.8840
   -7.5000   45.0000   52.5000 2325.2756   29.0473
    0.0000   45.0000   52.5000 2325.2236   28.9535
    7.5000   45.0000   52.5000 2323.4419   29.0013

---------------------------------------------------------------------
imgreg_4dfp /opt/freesurfer/average/711-2C_as_mni_average_305 /opt/freesurfer/average/711-2B_as_mni_average_305_mask talsrcimg_g11 none talsrcimg_to_711-2C_as_mni_average_305_t4 1283
---------------------------------------------------------------------

freesurfer imgreg_4dfp.c
/opt/freesurfer/average/711-2C_as_mni_average_305.4dfp.img
       256       256       256         1
  1.000000  1.000000  1.000000
orientation T byte_order littleendian
Reading image: /opt/freesurfer/average/711-2C_as_mni_average_305.4dfp.img
dimensions:      256       256       256
mmppix:       1.0000   -1.0000   -1.0000
center:     128.0000 -129.0000 -129.0000
/opt/freesurfer/average/711-2B_as_mni_average_305_mask.4dfp.img
       256       256       256         1
  1.000000  1.000000  1.000000
orientation T byte_order littleendian
Reading mask: /opt/freesurfer/average/711-2B_as_mni_average_305_mask.4dfp.img (2306576 pixels)
talsrcimg_g11.4dfp.img
       320       320       320         1
  0.800000  0.800000  0.800000
orientation T byte_order littleendian
Reading image: talsrcimg_g11.4dfp.img
dimensions:      320       320       320
mmppix:       0.8000   -0.8000   -0.8000
center:     128.0000 -128.8000 -128.8000
rotation matrix determinant  1.000000
fimgreg.f
image alignment mode   1283 decimal      503 hex
parameters
    0.0000  -15.0000   15.0000    0.0000    0.0000    0.0000
eta,q 0.90159 20.07563
niter,ni,del,rscale     5    3   12.0000    1.2000
parameter  4  0.330615 -> -0.500000 qaram    1.1500
parameters
    1.2553  -13.1445   17.0440    3.4500    1.0649    1.3542
eta,q 0.90407 19.64556
  0.1308  0.1146  0.1210  0.0985  0.1066  0.0986
  0.1183  0.1071  0.1139  0.0977  0.1041  0.0974
  0.1092  0.1012  0.1061  0.0990  0.1001  0.0967
  0.1029  0.0993  0.1002  0.0995  0.0968  0.0961
  0.0989  0.1004  0.0995  0.0982  0.0962  0.0959
  0.1047  0.1011  0.1014  0.0962  0.0985  0.0962
  0.1158  0.1021  0.1055  0.0964  0.1031  0.0972
niter,ni,del,rscale     5    3   12.0000    1.2000
parameters
    0.7221  -15.6345   17.8136    4.3347    2.0562    0.9011
eta,q 0.90741 20.17316
  0.1198  0.0980  0.1150  0.0956  0.1055  0.0953
  0.1083  0.0945  0.1048  0.0945  0.1008  0.0943
  0.0978  0.0938  0.0973  0.0948  0.0955  0.0930
  0.0959  0.0955  0.0937  0.0934  0.0927  0.0926
  0.1021  0.0998  0.0945  0.0922  0.0932  0.0930
  0.1151  0.1083  0.0990  0.0931  0.0961  0.0946
  0.1295  0.1145  0.1064  0.0956  0.0996  0.0966
niter,ni,del,rscale     4    3   12.0000    1.2000
parameters
    0.4848  -16.2989   18.0212    4.4298    2.4266    0.8435
eta,q 0.90765 20.31788
  0.1212  0.1027  0.1107  0.0946  0.1040  0.0955
  0.1074  0.0973  0.1013  0.0938  0.0985  0.0943
  0.0960  0.0934  0.0951  0.0935  0.0939  0.0931
  0.0926  0.0925  0.0923  0.0924  0.0923  0.0923
  0.0980  0.0954  0.0945  0.0921  0.0937  0.0925
  0.1106  0.1003  0.0996  0.0934  0.0972  0.0940
  0.1258  0.1091  0.1084  0.0952  0.1011  0.0961
niter,ni,del,rscale     3    3   12.0000    1.2000
parameters
    0.3816  -16.4688   18.0792    4.4770    2.6031    0.8052
eta,q 0.90768 20.35030
  0.1225  0.1045  0.1096  0.0946  0.1035  0.0956
  0.1081  0.0986  0.1006  0.0938  0.0978  0.0944
  0.0963  0.0941  0.0948  0.0934  0.0935  0.0931
  0.0924  0.0923  0.0923  0.0923  0.0923  0.0923
  0.0974  0.0946  0.0947  0.0922  0.0941  0.0925
  0.1096  0.0988  0.1001  0.0935  0.0977  0.0940
  0.1244  0.1065  0.1090  0.0951  0.1015  0.0962
niter,ni,del,rscale     2    3   12.0000    1.2000
parameters
    0.3247  -16.5113   18.0853    4.5004    2.6878    0.7800
eta,q 0.90767 20.35586
  0.1230  0.1050  0.1093  0.0946  0.1032  0.0956
  0.1083  0.0991  0.1004  0.0939  0.0975  0.0944
  0.0964  0.0944  0.0947  0.0934  0.0934  0.0931
  0.0923  0.0923  0.0923  0.0923  0.0923  0.0923
  0.0972  0.0945  0.0948  0.0922  0.0943  0.0925
  0.1093  0.0986  0.1002  0.0935  0.0979  0.0940
  0.1239  0.1059  0.1092  0.0952  0.1017  0.0962
niter,ni,del,rscale     1    3   12.0000    1.2000
parameters
    0.2950  -16.5185   18.0796    4.5071    2.7304    0.7635
eta,q 0.90767 20.35525
  0.1233  0.1052  0.1092  0.0946  0.1030  0.0956
  0.1085  0.0992  0.1004  0.0939  0.0974  0.0944
  0.0966  0.0944  0.0946  0.0934  0.0933  0.0931
  0.0923  0.0923  0.0923  0.0923  0.0923  0.0923
  0.0971  0.0944  0.0949  0.0922  0.0944  0.0925
  0.1091  0.0985  0.1003  0.0936  0.0980  0.0940
  0.1236  0.1057  0.1093  0.0952  0.1018  0.0962
registration optimization eta report
parameter search radius
    6.0000    6.0000    6.0000    6.9000    6.0000    6.0000
100000*second partial in parameter space
       85.       35.       46.        5.       27.       10.
  0.1233  0.1052  0.1092  0.0946  0.1030  0.0956
  0.1085  0.0992  0.1004  0.0939  0.0974  0.0944
  0.0966  0.0944  0.0946  0.0934  0.0933  0.0931
  0.0923  0.0923  0.0923  0.0923  0.0923  0.0923
  0.0971  0.0944  0.0949  0.0922  0.0944  0.0925
  0.1091  0.0985  0.1003  0.0936  0.0980  0.0940
  0.1236  0.1057  0.1093  0.0952  0.1018  0.0962
    0.2950  -16.5185   18.0796    4.5071    2.7304    0.7635
eta,q 0.90767 20.35525

---------------------------------------------------------------------
imgreg_4dfp /opt/freesurfer/average/711-2C_as_mni_average_305 /opt/freesurfer/average/711-2B_as_mni_average_305_mask talsrcimg_g11 none talsrcimg_to_711-2C_as_mni_average_305_t4 3335
---------------------------------------------------------------------

freesurfer imgreg_4dfp.c
/opt/freesurfer/average/711-2C_as_mni_average_305.4dfp.img
       256       256       256         1
  1.000000  1.000000  1.000000
orientation T byte_order littleendian
Reading image: /opt/freesurfer/average/711-2C_as_mni_average_305.4dfp.img
dimensions:      256       256       256
mmppix:       1.0000   -1.0000   -1.0000
center:     128.0000 -129.0000 -129.0000
/opt/freesurfer/average/711-2B_as_mni_average_305_mask.4dfp.img
       256       256       256         1
  1.000000  1.000000  1.000000
orientation T byte_order littleendian
Reading mask: /opt/freesurfer/average/711-2B_as_mni_average_305_mask.4dfp.img (2306576 pixels)
talsrcimg_g11.4dfp.img
       320       320       320         1
  0.800000  0.800000  0.800000
orientation T byte_order littleendian
Reading image: talsrcimg_g11.4dfp.img
dimensions:      320       320       320
mmppix:       0.8000   -0.8000   -0.8000
center:     128.0000 -128.8000 -128.8000
fimgreg.f
image alignment mode   3335 decimal      D07 hex
parameters
    0.2950  -16.5185   18.0796   -0.1224   -0.3231   -0.4224
   -1.7028   -4.6437    1.3311   -7.9209    4.7636    7.8493
eta,q 0.90673 20.39312
niter,ni,del,rscale     5    3    5.0000    1.2000
parameter  4  1.322581 ->  0.500000 qaram    1.1500
parameter  5  1.351567 ->  0.500000 qaram    1.1500
parameter  6  0.894879 ->  0.500000 qaram    1.1500
parameters
    0.2821  -16.8155   17.8351   -4.2624   -4.4631   -4.5624
   -0.0071   -3.5862    0.8046  -10.9489    4.1201    5.3823
eta,q 0.92969 20.90779
  0.0979  0.0954  0.0956  0.0806  0.0742  0.0695  0.0758  0.0791  0.0720  0.0712  0.0718  0.0708
  0.0954  0.0941  0.0941  0.0828  0.0758  0.0706  0.0736  0.0748  0.0714  0.0705  0.0710  0.0705
  0.0938  0.0933  0.0933  0.0869  0.0787  0.0728  0.0720  0.0722  0.0710  0.0704  0.0706  0.0703
  0.0933  0.0933  0.0932  0.0932  0.0837  0.0765  0.0711  0.0709  0.0708  0.0708  0.0704  0.0704
  0.0938  0.0939  0.0938  0.1018  0.0907  0.0826  0.0710  0.0710  0.0710  0.0717  0.0707  0.0708
  0.0955  0.0951  0.0950  0.1122  0.0985  0.0922  0.0715  0.0724  0.0716  0.0731  0.0713  0.0716
  0.0981  0.0966  0.0967  0.1222  0.1056  0.1017  0.0728  0.0753  0.0726  0.0750  0.0725  0.0729
niter,ni,del,rscale     7    3    5.0000    1.2000
parameter  2 -1.472775 -> -0.500000 qaram    1.1500
parameter  3  0.792937 ->  0.500000 qaram    1.1500
parameter  5  0.704131 ->  0.500000 qaram    1.3225
parameter 10 -0.711141 -> -0.500000 qaram    1.1500
parameter 12 -1.718326 -> -0.500000 qaram    1.1500
parameters
    0.3853  -15.4355   16.4551   -7.8408   -9.2241   -7.0105
    0.4526   -3.6123    1.3650   -6.8089    6.2355    9.5223
eta,q 0.93701 20.43951
  0.0731  0.0770  0.0673  0.0679  0.0642  0.0651  0.0654  0.0660  0.0649  0.0664  0.0649  0.0660
  0.0716  0.0745  0.0673  0.0670  0.0643  0.0647  0.0649  0.0650  0.0647  0.0655  0.0645  0.0652
  0.0707  0.0723  0.0675  0.0665  0.0647  0.0644  0.0646  0.0645  0.0645  0.0648  0.0642  0.0645
  0.0703  0.0703  0.0679  0.0673  0.0666  0.0643  0.0644  0.0644  0.0644  0.0643  0.0639  0.0638
  0.0705  0.0687  0.0685  0.0707  0.0710  0.0649  0.0644  0.0645  0.0643  0.0641  0.0638  0.0633
  0.0713  0.0676  0.0694  0.0775  0.0773  0.0663  0.0646  0.0650  0.0645  0.0639  0.0639  0.0629
  0.0727  0.0671  0.0704  0.0883  0.0832  0.0721  0.0653  0.0660  0.0648  0.0640  0.0642  0.0627
niter,ni,del,rscale     7    3    5.0000    1.2000
parameter  2 -5.114780 -> -0.500000 qaram    1.3225
parameter 10 -1.006518 -> -0.500000 qaram    1.3225
parameter 12 -0.643205 -> -0.500000 qaram    1.3225
parameters
    1.2327  -13.8485   15.9058   -8.8825  -13.7250   -9.1662
    1.5196   -4.1351    3.8823   -2.0479    7.5845   14.2833
eta,q 0.94272 20.01878
  0.0652  0.0705  0.0595  0.0620  0.0585  0.0600  0.0597  0.0599  0.0592  0.0611  0.0589  0.0600
  0.0642  0.0679  0.0590  0.0609  0.0585  0.0594  0.0592  0.0591  0.0590  0.0602  0.0584  0.0592
  0.0635  0.0653  0.0588  0.0596  0.0586  0.0588  0.0589  0.0588  0.0588  0.0594  0.0581  0.0584
  0.0630  0.0628  0.0588  0.0587  0.0590  0.0585  0.0587  0.0587  0.0587  0.0586  0.0579  0.0578
  0.0628  0.0604  0.0590  0.0590  0.0609  0.0591  0.0587  0.0588  0.0586  0.0581  0.0578  0.0574
  0.0629  0.0582  0.0597  0.0612  0.0663  0.0611  0.0588  0.0594  0.0586  0.0578  0.0580  0.0573
  0.0634  0.0564  0.0607  0.0661  0.0742  0.0662  0.0593  0.0603  0.0588  0.0578  0.0584  0.0576
niter,ni,del,rscale     7    3    5.0000    1.2000
parameter  2 -3.044152 -> -0.500000 qaram    1.5209
parameters
    1.4349  -12.0234   15.7911   -9.9486  -17.4043  -11.2480
    0.5250   -5.1924    3.6231    2.2900    7.9625   13.8172
eta,q 0.94688 19.78151
  0.0588  0.0655  0.0552  0.0563  0.0542  0.0558  0.0543  0.0545  0.0541  0.0567  0.0540  0.0549
  0.0581  0.0626  0.0542  0.0553  0.0537  0.0547  0.0539  0.0539  0.0539  0.0556  0.0535  0.0542
  0.0575  0.0598  0.0536  0.0542  0.0534  0.0538  0.0537  0.0537  0.0537  0.0546  0.0532  0.0535
  0.0573  0.0573  0.0534  0.0534  0.0536  0.0534  0.0536  0.0536  0.0536  0.0536  0.0531  0.0531
  0.0573  0.0549  0.0535  0.0536  0.0552  0.0544  0.0538  0.0538  0.0537  0.0531  0.0531  0.0531
  0.0577  0.0528  0.0543  0.0557  0.0598  0.0574  0.0542  0.0544  0.0539  0.0532  0.0534  0.0539
  0.0584  0.0514  0.0557  0.0601  0.0681  0.0634  0.0549  0.0553  0.0543  0.0540  0.0538  0.0560
niter,ni,del,rscale     7    3    5.0000    1.2000
parameter  2 -2.475866 -> -0.500000 qaram    1.7490
parameters
    1.1258   -9.9246   15.8720   -8.3920  -19.8100  -12.8704
   -0.0857   -5.0600    2.6395    4.9869    6.1309   13.6558
eta,q 0.95081 19.65541
  0.0537  0.0615  0.0511  0.0525  0.0512  0.0518  0.0504  0.0512  0.0500  0.0522  0.0495  0.0509
  0.0534  0.0585  0.0503  0.0516  0.0503  0.0509  0.0499  0.0502  0.0497  0.0512  0.0493  0.0503
  0.0532  0.0557  0.0497  0.0506  0.0494  0.0499  0.0496  0.0497  0.0496  0.0503  0.0492  0.0497
  0.0531  0.0531  0.0494  0.0494  0.0489  0.0492  0.0495  0.0495  0.0495  0.0495  0.0492  0.0492
  0.0532  0.0508  0.0495  0.0486  0.0494  0.0499  0.0497  0.0496  0.0496  0.0492  0.0493  0.0491
  0.0536  0.0489  0.0500  0.0491  0.0530  0.0524  0.0501  0.0501  0.0499  0.0494  0.0497  0.0497
  0.0542  0.0476  0.0511  0.0516  0.0609  0.0574  0.0509  0.0511  0.0504  0.0505  0.0503  0.0517
niter,ni,del,rscale     7    3    5.0000    1.2000
parameter  2 -1.908596 -> -0.500000 qaram    2.0114
parameter 10 -0.822905 -> -0.500000 qaram    1.5209
parameters
    0.7787   -7.5110   15.3571   -7.2699  -22.0398  -14.4596
    0.0491   -4.5859    1.2181   10.4620    4.4576   11.4498
eta,q 0.95517 19.59593
  0.0499  0.0578  0.0466  0.0489  0.0479  0.0478  0.0471  0.0479  0.0462  0.0490  0.0452  0.0461
  0.0495  0.0546  0.0460  0.0479  0.0470  0.0471  0.0465  0.0466  0.0461  0.0480  0.0449  0.0455
  0.0492  0.0518  0.0456  0.0468  0.0459  0.0463  0.0461  0.0461  0.0460  0.0470  0.0447  0.0450
  0.0492  0.0492  0.0455  0.0456  0.0451  0.0456  0.0460  0.0460  0.0460  0.0460  0.0447  0.0447
  0.0494  0.0469  0.0458  0.0448  0.0455  0.0460  0.0460  0.0461  0.0460  0.0451  0.0450  0.0451
  0.0498  0.0451  0.0467  0.0454  0.0495  0.0482  0.0464  0.0465  0.0462  0.0447  0.0454  0.0468
  0.0505  0.0442  0.0481  0.0485  0.0583  0.0526  0.0471  0.0473  0.0466  0.0454  0.0462  0.0502
niter,ni,del,rscale     7    3    5.0000    1.2000
parameter  2 -1.109152 -> -0.500000 qaram    2.3131
parameter  9  0.501177 ->  0.500000 qaram    1.1500
parameters
    0.6474   -4.7353   14.0354   -7.2520  -25.1512  -16.0472
    0.9390   -3.8662   -2.9219   14.4591    5.3843    9.6615
eta,q 0.96052 19.39400
  0.0459  0.0554  0.0405  0.0435  0.0421  0.0422  0.0421  0.0428  0.0409  0.0461  0.0401  0.0405
  0.0453  0.0517  0.0403  0.0425  0.0413  0.0418  0.0415  0.0416  0.0407  0.0443  0.0397  0.0400
  0.0449  0.0482  0.0402  0.0414  0.0406  0.0412  0.0411  0.0411  0.0407  0.0425  0.0395  0.0396
  0.0448  0.0448  0.0406  0.0402  0.0402  0.0405  0.0409  0.0409  0.0409  0.0407  0.0394  0.0393
  0.0450  0.0420  0.0415  0.0396  0.0416  0.0406  0.0409  0.0410  0.0411  0.0394  0.0394  0.0395
  0.0455  0.0403  0.0433  0.0408  0.0473  0.0425  0.0411  0.0413  0.0416  0.0394  0.0395  0.0405
  0.0462  0.0411  0.0458  0.0451  0.0570  0.0467  0.0417  0.0421  0.0422  0.0423  0.0398  0.0431
niter,ni,del,rscale     7    3    5.0000    1.2000
parameters
    0.7142   -2.5513   13.2868   -6.6643  -28.2154  -16.7548
    1.6683   -3.5925   -2.9465   14.3236    3.1184    8.7726
eta,q 0.96307 19.11115
  0.0407  0.0524  0.0373  0.0397  0.0385  0.0388  0.0382  0.0387  0.0383  0.0419  0.0370  0.0375
  0.0401  0.0478  0.0369  0.0388  0.0376  0.0382  0.0375  0.0375  0.0375  0.0397  0.0369  0.0373
  0.0396  0.0434  0.0366  0.0377  0.0367  0.0375  0.0371  0.0370  0.0370  0.0380  0.0369  0.0371
  0.0395  0.0395  0.0366  0.0366  0.0364  0.0367  0.0369  0.0369  0.0369  0.0369  0.0369  0.0369
  0.0396  0.0368  0.0370  0.0359  0.0380  0.0363  0.0369  0.0370  0.0371  0.0367  0.0369  0.0368
  0.0399  0.0370  0.0380  0.0365  0.0436  0.0377  0.0372  0.0374  0.0375  0.0384  0.0370  0.0371
  0.0406  0.0422  0.0399  0.0403  0.0531  0.0415  0.0377  0.0383  0.0384  0.0436  0.0372  0.0383
niter,ni,del,rscale     6    3    5.0000    1.2000
parameters
    0.9386   -0.9492   14.0951   -6.6215  -30.7812  -18.1532
    1.6861   -3.8545   -2.6427   14.1339    1.6830    7.3517
eta,q 0.96405 18.92577
  0.0382  0.0479  0.0366  0.0381  0.0380  0.0374  0.0369  0.0371  0.0377  0.0403  0.0360  0.0364
  0.0376  0.0437  0.0362  0.0372  0.0367  0.0369  0.0363  0.0363  0.0367  0.0383  0.0359  0.0362
  0.0372  0.0399  0.0358  0.0361  0.0357  0.0363  0.0360  0.0359  0.0361  0.0368  0.0359  0.0360
  0.0369  0.0369  0.0354  0.0352  0.0351  0.0355  0.0359  0.0359  0.0359  0.0359  0.0359  0.0359
  0.0370  0.0353  0.0351  0.0347  0.0362  0.0355  0.0360  0.0361  0.0360  0.0356  0.0359  0.0359
  0.0373  0.0360  0.0352  0.0357  0.0410  0.0374  0.0363  0.0365  0.0365  0.0370  0.0360  0.0362
  0.0379  0.0409  0.0359  0.0394  0.0501  0.0414  0.0369  0.0372  0.0374  0.0421  0.0362  0.0373
niter,ni,del,rscale     5    3    5.0000    1.2000
parameter  3 -0.866070 -> -0.500000 qaram    1.3225
parameters
    1.1369    0.0105   15.6821   -7.0067  -32.6131  -20.0219
    1.4901   -3.8606   -2.0712   13.7497    1.2683    6.9203
eta,q 0.96419 18.85414
  0.0373  0.0450  0.0366  0.0375  0.0384  0.0372  0.0367  0.0371  0.0376  0.0394  0.0361  0.0365
  0.0366  0.0412  0.0362  0.0366  0.0370  0.0366  0.0361  0.0363  0.0366  0.0378  0.0359  0.0362
  0.0362  0.0380  0.0358  0.0356  0.0358  0.0360  0.0358  0.0358  0.0360  0.0365  0.0358  0.0360
  0.0359  0.0359  0.0353  0.0348  0.0349  0.0353  0.0357  0.0357  0.0357  0.0357  0.0358  0.0358
  0.0360  0.0352  0.0350  0.0347  0.0353  0.0356  0.0359  0.0359  0.0359  0.0354  0.0358  0.0358
  0.0363  0.0364  0.0348  0.0359  0.0388  0.0381  0.0362  0.0364  0.0363  0.0366  0.0359  0.0360
  0.0369  0.0413  0.0351  0.0394  0.0470  0.0429  0.0368  0.0370  0.0371  0.0416  0.0361  0.0370
niter,ni,del,rscale     5    3    5.0000    1.2000
parameter  3 -0.561489 -> -0.500000 qaram    1.5209
parameters
    1.2038    0.4405   17.5071   -7.5561  -33.8958  -22.0173
    1.0436   -3.7985   -1.5158   12.8496    1.4701    7.8461
eta,q 0.96393 18.84511
  0.0371  0.0434  0.0371  0.0376  0.0390  0.0377  0.0370  0.0375  0.0376  0.0391  0.0366  0.0372
  0.0364  0.0399  0.0366  0.0367  0.0377  0.0370  0.0364  0.0366  0.0367  0.0376  0.0363  0.0368
  0.0360  0.0373  0.0361  0.0358  0.0363  0.0362  0.0361  0.0361  0.0362  0.0366  0.0362  0.0364
  0.0358  0.0358  0.0356  0.0351  0.0352  0.0356  0.0360  0.0360  0.0360  0.0360  0.0361  0.0361
  0.0359  0.0356  0.0352  0.0352  0.0352  0.0362  0.0362  0.0362  0.0361  0.0358  0.0362  0.0360
  0.0363  0.0372  0.0351  0.0364  0.0378  0.0392  0.0366  0.0366  0.0365  0.0371  0.0363  0.0362
  0.0370  0.0424  0.0357  0.0395  0.0452  0.0444  0.0372  0.0373  0.0372  0.0422  0.0365  0.0371
niter,ni,del,rscale     5    3    5.0000    1.2000
parameters
    1.2067    0.5640   18.1343   -7.1509  -33.9578  -23.3787
    0.6239   -3.8245   -1.3185   12.1499    1.3203    8.4782
eta,q 0.96385 18.87352
  0.0373  0.0429  0.0376  0.0384  0.0397  0.0379  0.0372  0.0376  0.0376  0.0391  0.0367  0.0373
  0.0367  0.0396  0.0371  0.0375  0.0384  0.0372  0.0365  0.0367  0.0368  0.0377  0.0364  0.0368
  0.0362  0.0372  0.0366  0.0366  0.0370  0.0365  0.0362  0.0363  0.0363  0.0367  0.0362  0.0365
  0.0361  0.0361  0.0360  0.0358  0.0357  0.0357  0.0361  0.0361  0.0361  0.0361  0.0362  0.0362
  0.0362  0.0361  0.0357  0.0356  0.0351  0.0357  0.0363  0.0363  0.0362  0.0359  0.0363  0.0361
  0.0366  0.0378  0.0359  0.0364  0.0363  0.0378  0.0368  0.0368  0.0367  0.0370  0.0364  0.0363
  0.0374  0.0434  0.0372  0.0386  0.0420  0.0424  0.0375  0.0375  0.0375  0.0416  0.0367  0.0373
niter,ni,del,rscale     4    3    5.0000    1.2000
parameters
    1.2308    0.5923   18.8416   -7.4526  -34.0773  -24.3175
    0.4332   -3.8713   -1.1751   11.4408    1.3380    9.0973
eta,q 0.96366 18.89086
  0.0376  0.0429  0.0376  0.0384  0.0400  0.0382  0.0375  0.0378  0.0378  0.0393  0.0369  0.0375
  0.0368  0.0395  0.0371  0.0375  0.0387  0.0376  0.0368  0.0369  0.0369  0.0378  0.0366  0.0371
  0.0363  0.0372  0.0366  0.0366  0.0373  0.0368  0.0364  0.0364  0.0364  0.0369  0.0364  0.0367
  0.0362  0.0362  0.0362  0.0359  0.0360  0.0360  0.0363  0.0363  0.0363  0.0363  0.0364  0.0364
  0.0363  0.0362  0.0358  0.0360  0.0353  0.0357  0.0365  0.0365  0.0364  0.0362  0.0364  0.0363
  0.0368  0.0381  0.0360  0.0370  0.0366  0.0373  0.0369  0.0370  0.0369  0.0372  0.0366  0.0365
  0.0375  0.0439  0.0371  0.0396  0.0425  0.0416  0.0376  0.0378  0.0377  0.0416  0.0369  0.0376
niter,ni,del,rscale     3    3    5.0000    1.2000
parameters
    1.2594    0.6281   19.4872   -7.7765  -34.3071  -25.0534
    0.2559   -3.9413   -1.1246   10.7419    1.4972    9.6480
eta,q 0.96348 18.89935
  0.0378  0.0431  0.0377  0.0385  0.0403  0.0385  0.0377  0.0380  0.0379  0.0394  0.0371  0.0378
  0.0370  0.0398  0.0373  0.0377  0.0389  0.0378  0.0370  0.0371  0.0371  0.0380  0.0368  0.0373
  0.0365  0.0374  0.0368  0.0368  0.0375  0.0371  0.0366  0.0366  0.0366  0.0370  0.0366  0.0369
  0.0363  0.0363  0.0363  0.0361  0.0362  0.0363  0.0365  0.0365  0.0365  0.0365  0.0366  0.0366
  0.0365  0.0364  0.0360  0.0362  0.0355  0.0358  0.0367  0.0367  0.0366  0.0364  0.0366  0.0364
  0.0369  0.0383  0.0362  0.0373  0.0369  0.0373  0.0371  0.0372  0.0371  0.0375  0.0368  0.0367
  0.0377  0.0442  0.0373  0.0398  0.0431  0.0414  0.0378  0.0380  0.0379  0.0417  0.0371  0.0378
niter,ni,del,rscale     2    3    5.0000    1.2000
parameters
    1.2829    0.7031   20.0530   -8.0936  -34.5859  -25.6807
    0.1113   -4.0178   -1.1074   10.0821    1.7100   10.1504
eta,q 0.96331 18.90084
  0.0380  0.0434  0.0379  0.0387  0.0405  0.0388  0.0380  0.0382  0.0381  0.0396  0.0373  0.0380
  0.0372  0.0400  0.0374  0.0379  0.0392  0.0381  0.0372  0.0373  0.0372  0.0382  0.0370  0.0375
  0.0367  0.0377  0.0369  0.0370  0.0377  0.0373  0.0368  0.0368  0.0368  0.0372  0.0368  0.0371
  0.0365  0.0365  0.0365  0.0363  0.0364  0.0365  0.0367  0.0367  0.0367  0.0367  0.0367  0.0367
  0.0367  0.0365  0.0362  0.0364  0.0357  0.0360  0.0368  0.0369  0.0368  0.0366  0.0368  0.0366
  0.0371  0.0384  0.0364  0.0374  0.0372  0.0373  0.0373  0.0374  0.0372  0.0377  0.0370  0.0369
  0.0379  0.0443  0.0376  0.0399  0.0435  0.0414  0.0380  0.0382  0.0380  0.0417  0.0373  0.0381
niter,ni,del,rscale     1    3    5.0000    1.2000
parameters
    1.2945    0.8012   20.5658   -8.4122  -34.9049  -26.2547
   -0.0020   -4.0864   -1.0846    9.4702    1.9030   10.6303
eta,q 0.96314 18.89819
  0.0381  0.0436  0.0381  0.0388  0.0406  0.0390  0.0382  0.0383  0.0382  0.0398  0.0375  0.0382
  0.0373  0.0402  0.0376  0.0380  0.0393  0.0383  0.0374  0.0375  0.0374  0.0383  0.0372  0.0377
  0.0369  0.0379  0.0371  0.0371  0.0379  0.0375  0.0370  0.0370  0.0370  0.0373  0.0370  0.0372
  0.0367  0.0367  0.0367  0.0365  0.0366  0.0367  0.0369  0.0369  0.0368  0.0368  0.0369  0.0369
  0.0368  0.0367  0.0364  0.0366  0.0358  0.0362  0.0370  0.0370  0.0370  0.0369  0.0370  0.0368
  0.0373  0.0385  0.0366  0.0376  0.0374  0.0375  0.0375  0.0376  0.0374  0.0379  0.0371  0.0371
  0.0381  0.0444  0.0378  0.0400  0.0439  0.0415  0.0382  0.0384  0.0382  0.0417  0.0375  0.0383
registration optimization eta report
parameter search radius
    2.4000    5.5513    3.6501    8.2800    9.5220    8.2800
    7.2000    7.2000    8.2800   10.9503    7.2000    9.5220
100000*second partial in parameter space
       24.       24.       10.        4.        7.        5.
        3.        3.        2.        3.        1.        1.
  0.0381  0.0436  0.0381  0.0388  0.0406  0.0390  0.0382  0.0383  0.0382  0.0398  0.0375  0.0382
  0.0373  0.0402  0.0376  0.0380  0.0393  0.0383  0.0374  0.0375  0.0374  0.0383  0.0372  0.0377
  0.0369  0.0379  0.0371  0.0371  0.0379  0.0375  0.0370  0.0370  0.0370  0.0373  0.0370  0.0372
  0.0367  0.0367  0.0367  0.0365  0.0366  0.0367  0.0369  0.0369  0.0368  0.0368  0.0369  0.0369
  0.0368  0.0367  0.0364  0.0366  0.0358  0.0362  0.0370  0.0370  0.0370  0.0369  0.0370  0.0368
  0.0373  0.0385  0.0366  0.0376  0.0374  0.0375  0.0375  0.0376  0.0374  0.0379  0.0371  0.0371
  0.0381  0.0444  0.0378  0.0400  0.0439  0.0415  0.0382  0.0384  0.0382  0.0417  0.0375  0.0383
    1.2945    0.8012   20.5658   -8.4122  -34.9049  -26.2547
   -0.0020   -4.0864   -1.0846    9.4702    1.9030   10.6303
eta,q 0.96314 18.89819

---------------------------------------------------------------------
imgreg_4dfp /opt/freesurfer/average/711-2C_as_mni_average_305 /opt/freesurfer/average/711-2B_as_mni_average_305_mask talsrcimg_g11 none talsrcimg_to_711-2C_as_mni_average_305_t4 2311
---------------------------------------------------------------------

freesurfer imgreg_4dfp.c
/opt/freesurfer/average/711-2C_as_mni_average_305.4dfp.img
       256       256       256         1
  1.000000  1.000000  1.000000
orientation T byte_order littleendian
Reading image: /opt/freesurfer/average/711-2C_as_mni_average_305.4dfp.img
dimensions:      256       256       256
mmppix:       1.0000   -1.0000   -1.0000
center:     128.0000 -129.0000 -129.0000
/opt/freesurfer/average/711-2B_as_mni_average_305_mask.4dfp.img
       256       256       256         1
  1.000000  1.000000  1.000000
orientation T byte_order littleendian
Reading mask: /opt/freesurfer/average/711-2B_as_mni_average_305_mask.4dfp.img (2306576 pixels)
talsrcimg_g11.4dfp.img
       320       320       320         1
  0.800000  0.800000  0.800000
orientation T byte_order littleendian
Reading image: talsrcimg_g11.4dfp.img
dimensions:      320       320       320
mmppix:       0.8000   -0.8000   -0.8000
center:     128.0000 -128.8000 -128.8000
fimgreg.f
image alignment mode   2311 decimal      907 hex
parameters
    1.2945    0.8012   20.5658   -8.4122  -34.9049  -26.2547
   -0.0020   -4.0864   -1.0846    9.4702    1.9030   10.6303
eta,q 0.96314 18.89820
niter,ni,del,rscale     5    3    5.0000    0.8000
parameter  2 -0.649593 -> -0.500000 qaram    1.1500
parameter  3 -0.586751 -> -0.500000 qaram    1.1500
parameters
    1.3000    1.7212   21.4858   -8.7835  -34.2842  -26.7773
   -0.1563   -4.0054   -0.8082    7.8675    1.9061   10.1816
eta,q 0.96353 18.94221
  0.0375  0.0378  0.0372  0.0375  0.0384  0.0376  0.0374  0.0375  0.0372  0.0368  0.0369  0.0369
  0.0371  0.0374  0.0370  0.0371  0.0377  0.0372  0.0369  0.0370  0.0368  0.0366  0.0366  0.0367
  0.0369  0.0371  0.0368  0.0367  0.0371  0.0368  0.0366  0.0366  0.0366  0.0365  0.0365  0.0365
  0.0369  0.0369  0.0367  0.0366  0.0366  0.0365  0.0365  0.0365  0.0365  0.0365  0.0365  0.0365
  0.0369  0.0367  0.0366  0.0367  0.0364  0.0365  0.0366  0.0366  0.0366  0.0368  0.0365  0.0365
  0.0371  0.0367  0.0366  0.0372  0.0367  0.0372  0.0370  0.0369  0.0367  0.0373  0.0366  0.0367
  0.0375  0.0367  0.0367  0.0380  0.0380  0.0389  0.0375  0.0374  0.0371  0.0383  0.0369  0.0372
niter,ni,del,rscale     6    3    5.0000    0.9000
parameters
    1.2505    1.8000   22.0206   -9.1302  -34.1055  -26.8610
   -0.2309   -3.9590   -0.9818    7.0104    2.4257    9.6938
eta,q 0.96361 18.97063
  0.0374  0.0375  0.0372  0.0376  0.0385  0.0379  0.0375  0.0376  0.0371  0.0372  0.0370  0.0369
  0.0369  0.0370  0.0369  0.0370  0.0377  0.0373  0.0368  0.0369  0.0367  0.0367  0.0367  0.0367
  0.0366  0.0366  0.0367  0.0366  0.0370  0.0368  0.0365  0.0365  0.0364  0.0364  0.0365  0.0365
  0.0365  0.0365  0.0365  0.0364  0.0364  0.0364  0.0364  0.0364  0.0364  0.0364  0.0364  0.0364
  0.0366  0.0365  0.0364  0.0365  0.0362  0.0362  0.0365  0.0365  0.0365  0.0366  0.0364  0.0364
  0.0369  0.0368  0.0364  0.0371  0.0368  0.0368  0.0369  0.0369  0.0367  0.0371  0.0365  0.0367
  0.0375  0.0374  0.0368  0.0381  0.0388  0.0386  0.0375  0.0375  0.0372  0.0381  0.0368  0.0373
niter,ni,del,rscale     5    3    5.0000    0.8000
parameters
    1.1950    1.9789   22.4564   -9.3425  -33.9042  -26.7295
   -0.2772   -3.9800   -1.2076    6.3120    2.8847    9.0728
eta,q 0.96374 18.99479
  0.0371  0.0374  0.0370  0.0373  0.0381  0.0377  0.0372  0.0373  0.0369  0.0370  0.0368  0.0367
  0.0367  0.0369  0.0367  0.0369  0.0374  0.0372  0.0367  0.0367  0.0365  0.0366  0.0365  0.0365
  0.0364  0.0366  0.0365  0.0365  0.0368  0.0367  0.0363  0.0364  0.0363  0.0363  0.0363  0.0363
  0.0364  0.0364  0.0364  0.0363  0.0363  0.0363  0.0362  0.0363  0.0362  0.0363  0.0363  0.0362
  0.0365  0.0364  0.0363  0.0364  0.0362  0.0361  0.0364  0.0364  0.0363  0.0364  0.0363  0.0363
  0.0368  0.0366  0.0364  0.0369  0.0367  0.0366  0.0367  0.0367  0.0366  0.0369  0.0364  0.0366
  0.0372  0.0371  0.0366  0.0377  0.0382  0.0380  0.0372  0.0373  0.0370  0.0378  0.0366  0.0371
niter,ni,del,rscale     4    3    5.0000    0.7000
parameters
    1.1650    2.1180   22.7245   -9.4331  -33.6062  -26.4471
   -0.2836   -4.0350   -1.4332    5.8381    3.2123    8.2904
eta,q 0.96387 19.01865
  0.0368  0.0371  0.0367  0.0371  0.0376  0.0374  0.0369  0.0370  0.0366  0.0368  0.0366  0.0364
  0.0365  0.0367  0.0365  0.0367  0.0371  0.0369  0.0365  0.0365  0.0363  0.0364  0.0363  0.0363
  0.0363  0.0364  0.0364  0.0364  0.0366  0.0365  0.0362  0.0362  0.0362  0.0362  0.0362  0.0362
  0.0363  0.0363  0.0362  0.0362  0.0362  0.0362  0.0361  0.0361  0.0361  0.0361  0.0361  0.0361
  0.0363  0.0363  0.0362  0.0363  0.0361  0.0361  0.0362  0.0362  0.0362  0.0362  0.0361  0.0362
  0.0365  0.0365  0.0363  0.0366  0.0365  0.0364  0.0365  0.0365  0.0364  0.0366  0.0363  0.0364
  0.0369  0.0369  0.0365  0.0373  0.0376  0.0374  0.0369  0.0370  0.0367  0.0373  0.0365  0.0369
niter,ni,del,rscale     3    3    5.0000    0.6000
parameters
    1.1508    2.2315   22.8283   -9.4310  -33.2265  -26.0318
   -0.2569   -4.0791   -1.6123    5.5801    3.4191    7.3614
eta,q 0.96401 19.04126
  0.0366  0.0368  0.0365  0.0368  0.0372  0.0371  0.0366  0.0367  0.0364  0.0366  0.0364  0.0362
  0.0363  0.0365  0.0363  0.0365  0.0368  0.0367  0.0363  0.0363  0.0362  0.0363  0.0362  0.0361
  0.0362  0.0362  0.0362  0.0362  0.0364  0.0363  0.0361  0.0361  0.0360  0.0361  0.0361  0.0360
  0.0361  0.0361  0.0361  0.0361  0.0361  0.0361  0.0360  0.0360  0.0360  0.0360  0.0360  0.0360
  0.0362  0.0361  0.0361  0.0362  0.0360  0.0360  0.0361  0.0361  0.0361  0.0361  0.0360  0.0361
  0.0363  0.0363  0.0362  0.0364  0.0363  0.0362  0.0363  0.0363  0.0362  0.0364  0.0361  0.0363
  0.0366  0.0366  0.0364  0.0369  0.0370  0.0369  0.0366  0.0367  0.0365  0.0369  0.0363  0.0367
niter,ni,del,rscale     2    3    5.0000    0.5000
parameters
    1.1464    2.3170   22.8194   -9.3683  -32.8001  -25.5482
   -0.2103   -4.1176   -1.7537    5.5105    3.5555    6.3212
eta,q 0.96413 19.06379
  0.0363  0.0365  0.0362  0.0365  0.0368  0.0367  0.0363  0.0364  0.0362  0.0364  0.0361  0.0360
  0.0361  0.0362  0.0361  0.0363  0.0365  0.0364  0.0361  0.0361  0.0360  0.0361  0.0360  0.0359
  0.0360  0.0361  0.0360  0.0361  0.0362  0.0361  0.0359  0.0359  0.0359  0.0360  0.0359  0.0359
  0.0360  0.0360  0.0360  0.0360  0.0360  0.0359  0.0359  0.0359  0.0359  0.0359  0.0359  0.0359
  0.0360  0.0360  0.0360  0.0360  0.0359  0.0359  0.0359  0.0359  0.0359  0.0359  0.0359  0.0360
  0.0362  0.0361  0.0361  0.0362  0.0361  0.0360  0.0361  0.0361  0.0360  0.0361  0.0360  0.0361
  0.0363  0.0364  0.0363  0.0365  0.0365  0.0365  0.0363  0.0364  0.0362  0.0364  0.0361  0.0364
niter,ni,del,rscale     1    3    5.0000    0.4000
parameters
    1.1456    2.3701   22.7450   -9.2734  -32.3479  -25.0473
   -0.1621   -4.1465   -1.8642    5.5906    3.6465    5.2894
eta,q 0.96425 19.08606
  0.0361  0.0362  0.0360  0.0362  0.0364  0.0364  0.0361  0.0361  0.0360  0.0361  0.0360  0.0358
  0.0360  0.0360  0.0359  0.0360  0.0362  0.0362  0.0359  0.0359  0.0359  0.0360  0.0359  0.0358
  0.0359  0.0359  0.0359  0.0359  0.0360  0.0360  0.0358  0.0358  0.0358  0.0358  0.0358  0.0358
  0.0359  0.0359  0.0359  0.0359  0.0359  0.0358  0.0358  0.0358  0.0358  0.0358  0.0358  0.0358
  0.0359  0.0359  0.0359  0.0359  0.0358  0.0358  0.0358  0.0358  0.0358  0.0358  0.0358  0.0359
  0.0360  0.0360  0.0360  0.0360  0.0359  0.0359  0.0359  0.0359  0.0359  0.0359  0.0358  0.0360
  0.0361  0.0361  0.0361  0.0362  0.0362  0.0361  0.0360  0.0361  0.0360  0.0361  0.0359  0.0362
registration optimization eta report
parameter search radius
    0.8000    0.9200    0.9200    2.4000    2.4000    2.4000
    2.4000    2.4000    2.4000    2.4000    2.4000    2.4000
100000*second partial in parameter space
       35.       32.       21.        6.        7.        7.
        5.        6.        3.        6.        3.        3.
  0.0361  0.0362  0.0360  0.0362  0.0364  0.0364  0.0361  0.0361  0.0360  0.0361  0.0360  0.0358
  0.0360  0.0360  0.0359  0.0360  0.0362  0.0362  0.0359  0.0359  0.0359  0.0360  0.0359  0.0358
  0.0359  0.0359  0.0359  0.0359  0.0360  0.0360  0.0358  0.0358  0.0358  0.0358  0.0358  0.0358
  0.0359  0.0359  0.0359  0.0359  0.0359  0.0358  0.0358  0.0358  0.0358  0.0358  0.0358  0.0358
  0.0359  0.0359  0.0359  0.0359  0.0358  0.0358  0.0358  0.0358  0.0358  0.0358  0.0358  0.0359
  0.0360  0.0360  0.0360  0.0360  0.0359  0.0359  0.0359  0.0359  0.0359  0.0359  0.0358  0.0360
  0.0361  0.0361  0.0361  0.0362  0.0362  0.0361  0.0360  0.0361  0.0360  0.0361  0.0359  0.0362
    1.1456    2.3701   22.7450   -9.2734  -32.3479  -25.0473
   -0.1621   -4.1465   -1.8642    5.5906    3.6465    5.2894
eta,q 0.96425 19.08606

---------------------------------------------------------------------
imgreg_4dfp /opt/freesurfer/average/711-2C_as_mni_average_305 /opt/freesurfer/average/711-2B_as_mni_average_305_mask talsrcimg_g11 none talsrcimg_to_711-2C_as_mni_average_305_t4 2311
---------------------------------------------------------------------

freesurfer imgreg_4dfp.c
/opt/freesurfer/average/711-2C_as_mni_average_305.4dfp.img
       256       256       256         1
  1.000000  1.000000  1.000000
orientation T byte_order littleendian
Reading image: /opt/freesurfer/average/711-2C_as_mni_average_305.4dfp.img
dimensions:      256       256       256
mmppix:       1.0000   -1.0000   -1.0000
center:     128.0000 -129.0000 -129.0000
/opt/freesurfer/average/711-2B_as_mni_average_305_mask.4dfp.img
       256       256       256         1
  1.000000  1.000000  1.000000
orientation T byte_order littleendian
Reading mask: /opt/freesurfer/average/711-2B_as_mni_average_305_mask.4dfp.img (2306576 pixels)
talsrcimg_g11.4dfp.img
       320       320       320         1
  0.800000  0.800000  0.800000
orientation T byte_order littleendian
Reading image: talsrcimg_g11.4dfp.img
dimensions:      320       320       320
mmppix:       0.8000   -0.8000   -0.8000
center:     128.0000 -128.8000 -128.8000
fimgreg.f
image alignment mode   2311 decimal      907 hex
parameters
    1.1456    2.3701   22.7450   -9.2734  -32.3479  -25.0473
   -0.1621   -4.1465   -1.8642    5.5906    3.6465    5.2894
eta,q 0.96425 19.08607
niter,ni,del,rscale     5    3    5.0000    0.8000
parameters
    1.1474    2.2805   22.4952   -9.4072  -32.5355  -25.0546
   -0.1441   -4.1780   -1.9364    6.4348    3.7441    4.8516
eta,q 0.96426 19.07861
  0.0367  0.0365  0.0361  0.0369  0.0372  0.0372  0.0367  0.0369  0.0364  0.0372  0.0363  0.0362
  0.0362  0.0361  0.0359  0.0364  0.0366  0.0367  0.0362  0.0363  0.0361  0.0366  0.0360  0.0360
  0.0359  0.0358  0.0358  0.0360  0.0361  0.0362  0.0359  0.0359  0.0359  0.0361  0.0358  0.0358
  0.0358  0.0358  0.0358  0.0358  0.0358  0.0358  0.0358  0.0358  0.0358  0.0358  0.0357  0.0357
  0.0359  0.0358  0.0358  0.0359  0.0358  0.0357  0.0359  0.0359  0.0359  0.0357  0.0358  0.0358
  0.0362  0.0362  0.0361  0.0363  0.0363  0.0363  0.0362  0.0363  0.0361  0.0359  0.0360  0.0360
  0.0367  0.0368  0.0366  0.0372  0.0380  0.0377  0.0367  0.0370  0.0364  0.0365  0.0363  0.0365
niter,ni,del,rscale     4    3    5.0000    0.7000
parameters
    1.1589    2.3115   22.4892   -9.2869  -32.3489  -25.0644
   -0.1254   -4.2057   -1.9608    6.5414    3.7702    4.5749
eta,q 0.96428 19.09195
  0.0364  0.0363  0.0361  0.0367  0.0370  0.0369  0.0364  0.0366  0.0362  0.0366  0.0361  0.0361
  0.0360  0.0360  0.0359  0.0363  0.0365  0.0365  0.0360  0.0361  0.0359  0.0362  0.0359  0.0359
  0.0358  0.0358  0.0358  0.0359  0.0360  0.0360  0.0358  0.0358  0.0358  0.0359  0.0358  0.0358
  0.0357  0.0357  0.0357  0.0357  0.0357  0.0357  0.0357  0.0357  0.0357  0.0357  0.0357  0.0357
  0.0358  0.0358  0.0358  0.0358  0.0357  0.0357  0.0358  0.0358  0.0358  0.0357  0.0358  0.0357
  0.0360  0.0360  0.0359  0.0361  0.0360  0.0361  0.0360  0.0361  0.0359  0.0360  0.0359  0.0359
  0.0364  0.0363  0.0362  0.0367  0.0371  0.0373  0.0364  0.0366  0.0362  0.0366  0.0361  0.0363
niter,ni,del,rscale     3    3    5.0000    0.6000
parameters
    1.1578    2.2867   22.5004   -9.1640  -32.0299  -24.8987
   -0.0981   -4.1963   -2.0049    6.5489    3.7490    4.1314
eta,q 0.96434 19.11183
  0.0362  0.0361  0.0360  0.0364  0.0367  0.0367  0.0362  0.0364  0.0360  0.0363  0.0360  0.0359
  0.0359  0.0359  0.0359  0.0361  0.0363  0.0363  0.0359  0.0360  0.0358  0.0360  0.0358  0.0358
  0.0358  0.0358  0.0358  0.0359  0.0360  0.0359  0.0357  0.0357  0.0357  0.0358  0.0357  0.0357
  0.0357  0.0357  0.0357  0.0357  0.0357  0.0357  0.0356  0.0356  0.0356  0.0356  0.0356  0.0356
  0.0358  0.0358  0.0357  0.0357  0.0357  0.0356  0.0357  0.0357  0.0357  0.0357  0.0357  0.0357
  0.0359  0.0359  0.0358  0.0360  0.0359  0.0359  0.0359  0.0360  0.0358  0.0359  0.0358  0.0358
  0.0362  0.0362  0.0360  0.0364  0.0366  0.0367  0.0362  0.0364  0.0361  0.0364  0.0360  0.0361
niter,ni,del,rscale     2    3    5.0000    0.5000
parameters
    1.1566    2.2494   22.4455   -9.0185  -31.6392  -24.5788
   -0.0454   -4.1668   -2.0619    6.6218    3.7224    3.4786
eta,q 0.96443 19.13285
  0.0360  0.0359  0.0358  0.0362  0.0364  0.0364  0.0360  0.0361  0.0358  0.0361  0.0358  0.0357
  0.0358  0.0358  0.0357  0.0359  0.0361  0.0361  0.0358  0.0358  0.0357  0.0358  0.0357  0.0356
  0.0357  0.0357  0.0357  0.0358  0.0358  0.0358  0.0356  0.0356  0.0356  0.0357  0.0356  0.0356
  0.0357  0.0357  0.0357  0.0357  0.0356  0.0356  0.0356  0.0356  0.0356  0.0356  0.0356  0.0356
  0.0357  0.0357  0.0357  0.0357  0.0356  0.0356  0.0356  0.0356  0.0356  0.0356  0.0356  0.0356
  0.0358  0.0358  0.0357  0.0358  0.0358  0.0357  0.0357  0.0358  0.0357  0.0358  0.0357  0.0357
  0.0360  0.0360  0.0359  0.0361  0.0362  0.0362  0.0360  0.0361  0.0359  0.0361  0.0358  0.0360
niter,ni,del,rscale     1    3    5.0000    0.4000
parameters
    1.1511    2.2022   22.3203   -8.8225  -31.1871  -24.1470
    0.0286   -4.1341   -2.1044    6.7712    3.6736    2.6156
eta,q 0.96452 19.15565
  0.0358  0.0358  0.0357  0.0360  0.0361  0.0361  0.0358  0.0358  0.0357  0.0359  0.0357  0.0355
  0.0357  0.0357  0.0356  0.0358  0.0359  0.0359  0.0356  0.0357  0.0356  0.0357  0.0356  0.0355
  0.0356  0.0356  0.0356  0.0356  0.0357  0.0357  0.0355  0.0355  0.0355  0.0356  0.0355  0.0355
  0.0356  0.0356  0.0356  0.0356  0.0356  0.0355  0.0355  0.0355  0.0355  0.0355  0.0355  0.0355
  0.0356  0.0356  0.0356  0.0356  0.0355  0.0355  0.0355  0.0355  0.0355  0.0355  0.0355  0.0356
  0.0357  0.0357  0.0357  0.0357  0.0356  0.0356  0.0356  0.0356  0.0356  0.0356  0.0356  0.0356
  0.0358  0.0358  0.0358  0.0359  0.0359  0.0359  0.0357  0.0358  0.0357  0.0358  0.0357  0.0358
registration optimization eta report
parameter search radius
    0.8000    0.8000    0.8000    2.4000    2.4000    2.4000
    2.4000    2.4000    2.4000    2.4000    2.4000    2.4000
100000*second partial in parameter space
       38.       33.       21.        6.        7.        8.
        4.        6.        3.        6.        3.        3.
  0.0358  0.0358  0.0357  0.0360  0.0361  0.0361  0.0358  0.0358  0.0357  0.0359  0.0357  0.0355
  0.0357  0.0357  0.0356  0.0358  0.0359  0.0359  0.0356  0.0357  0.0356  0.0357  0.0356  0.0355
  0.0356  0.0356  0.0356  0.0356  0.0357  0.0357  0.0355  0.0355  0.0355  0.0356  0.0355  0.0355
  0.0356  0.0356  0.0356  0.0356  0.0356  0.0355  0.0355  0.0355  0.0355  0.0355  0.0355  0.0355
  0.0356  0.0356  0.0356  0.0356  0.0355  0.0355  0.0355  0.0355  0.0355  0.0355  0.0355  0.0356
  0.0357  0.0357  0.0357  0.0357  0.0356  0.0356  0.0356  0.0356  0.0356  0.0356  0.0356  0.0356
  0.0358  0.0358  0.0358  0.0359  0.0359  0.0359  0.0357  0.0358  0.0357  0.0358  0.0357  0.0358
    1.1511    2.2022   22.3203   -8.8225  -31.1871  -24.1470
    0.0286   -4.1341   -2.1044    6.7712    3.6736    2.6156
eta,q 0.96452 19.15565

---------------------------------------------------------------------
compute_vox2vox talsrcimg talsrcimg_to_711-2C_as_mni_average_305_t4 /opt/freesurfer/average/711-2C_as_mni_average_305
---------------------------------------------------------------------

freesurfer compute_vox2vox.c
Reading: talsrcimg.4dfp.ifh
Reading: talsrcimg_to_711-2C_as_mni_average_305_t4
Reading: /opt/freesurfer/average/711-2C_as_mni_average_305.4dfp.ifh
Writing: talsrcimg_to_711-2C_as_mni_average_305_t4_vox2vox.txt

start time Tue Mar 10 20:53:33 CET 2026
end		time Tue Mar 10 20:54:59 CET 2026

mpr2mni305 success

avi2talxfm orig_nu.mgz /opt/freesurfer/average/mni305.cor.mgz talsrcimg_to_711-2C_as_mni_average_305_t4_vox2vox.txt transforms/talairach.auto.xfm
avi2talxfm done
mv -f /out/sourcedata/freesurfer/sub-v2s11x28702_ses-1/mri/talsrcimg_to_711-2C_as_mni_average_305_t4_vox2vox.txt /out/sourcedata/freesurfer/sub-v2s11x28702_ses-1/mri/transforms/talsrcimg_to_711-2C_as_mni_average_305_t4_vox2vox.txt
lta_convert --src orig_nu.mgz --trg /opt/freesurfer/average/mni305.cor.mgz --inxfm transforms/talairach.auto.xfm --outlta transforms/talairach.auto.xfm.lta --subject fsaverage
7.3.2

--src: orig_nu.mgz src image (geometry).
--trg: /opt/freesurfer/average/mni305.cor.mgz trg image (geometry).
--inmni: transforms/talairach.auto.xfm input MNI/XFM transform.
--outlta: transforms/talairach.auto.xfm.lta output LTA.
--s: fsaverage subject name
 LTA read, type : 1
 1.09429   0.05988  -0.00273  -1.45604;
-0.05434   1.31985  -0.05015  -27.71779;
 0.03881  -0.12804   1.45807  -26.81715;
 0.00000   0.00000   0.00000   1.00000;
setting subject to fsaverage
Writing  LTA to file transforms/talairach.auto.xfm.lta...
lta_convert successful.
 
 
Started at Tue Mar 10 20:53:33 CET 2026
Ended   at Tue Mar 10 20:54:59 CET 2026
talairach_avi done
