01c87152-8156-4697-9efd-f70a7197ece7 oesteban@dna058:/tmp/59448766/oesteban/bootstrap-fmriprep/59448766_891/project/derivatives/v2s11 timestamp=1773147913.68167723s
15602eba-e192-4aa0-acdd-f6096f2f6b14 git@0cf3a9a26dcd:/data/repos/abide-fmriprep/v2s11.git timestamp=1773145723.54674412s
1948c63b-6740-4878-bf63-f73b541f38b3 oesteban@dna029:/tmp/59448506/oesteban/bootstrap-fmriprep/59448506_888/project/derivatives/v2s11 timestamp=1773146534.801966596s
1c46a036-2279-4dc8-b46c-da77fec41318 oesteban@dna038:/tmp/59463454/oesteban/bootstrap-fmriprep/59463454_906/project/derivatives/v2s11 timestamp=1773170836.473594211s
2096a7ee-a0e7-43b8-a9c8-9a2873456bc3 oesteban@dna013:/tmp/59448801/oesteban/bootstrap-fmriprep/59448801_893/project/derivatives/v2s11 timestamp=1773148430.72738538s
22da41ed-bc64-4e13-a5fc-7731ac2cbe54 oesteban@dna013:/tmp/59448802/oesteban/bootstrap-fmriprep/59448802_894/project/derivatives/v2s11 timestamp=1773148430.741735954s
23508038-205c-4893-b3ca-cada0609a018 oesteban@dna023:/tmp/59460540/oesteban/bootstrap-fmriprep/59460540_905/project/derivatives/v2s11 timestamp=1773166538.032081742s
237504e2-8da4-467a-9421-560822ddb061 oesteban@dna048:/tmp/59454368/oesteban/bootstrap-fmriprep/59454368_897/project/derivatives/v2s11 timestamp=1773161095.320605966s
240385d2-d78a-4bac-8d1f-6775bdd302eb oesteban@dna052:/tmp/59448493/oesteban/bootstrap-fmriprep/59448493_884/project/derivatives/v2s11 timestamp=1773146004.664773729s
2606e1cd-beda-4aef-a173-64264ef8bb7d oesteban@dna063:/tmp/59448503/oesteban/bootstrap-fmriprep/59448503_887/project/derivatives/v2s11 timestamp=1773146455.98814511s
2fc0ffa4-c221-4ab0-9a8a-f8011f1b492c oesteban@dna003:/tmp/59448827/oesteban/bootstrap-fmriprep/59448827_896/project/derivatives/v2s11 timestamp=1773149043.051484727s
3e7dee82-ab16-4d8f-b03f-d3fe3a211d43 oesteban@dna030:/tmp/59455565/oesteban/bootstrap-fmriprep/59455565_900/project/derivatives/v2s11 timestamp=1773161851.43857053s
454e2134-5537-423a-bc1d-9b08975c00af oesteban@dna052:/tmp/59459840/oesteban/bootstrap-fmriprep/59459840_902/project/derivatives/v2s11 timestamp=1773165040.728923002s
5201c5d6-0317-4fa5-8a3f-5e368ccd4bc0 oesteban@dna050:/tmp/59448497/oesteban/bootstrap-fmriprep/59448497_885/project/derivatives/v2s11 timestamp=1773146054.351377563s
72fee995-1a78-4c07-9bd9-6062193de445 oesteban@dna061:/tmp/59448752/oesteban/bootstrap-fmriprep/59448752_890/project/derivatives/v2s11 timestamp=1773147385.507046571s
74b7545d-8beb-4e5c-9ba8-7aef22f1a54e oesteban@dna013:/tmp/59448800/oesteban/bootstrap-fmriprep/59448800_892/project/derivatives/v2s11 timestamp=1773148430.653316114s
7b4d251b-4cd2-4d9a-943d-fac47137f435 oesteban@dna058:/tmp/59463721/oesteban/bootstrap-fmriprep/59463721_917/project/derivatives/v2s11 timestamp=1773171284.662270286s
82d61b3d-1faf-4fa9-b784-2af604a225f8 oesteban@dna029:/tmp/59448821/oesteban/bootstrap-fmriprep/59448821_895/project/derivatives/v2s11 timestamp=1773148862.166604679s
8ef25029-6afd-46b9-97a7-066c60327eb7 oesteban@dna048:/tmp/59455748/oesteban/bootstrap-fmriprep/59455748_901/project/derivatives/v2s11 timestamp=1773161971.643811971s
ab19ad83-7630-482e-9b9f-c0880a582e10 oesteban@dna043:/tmp/59448482/oesteban/bootstrap-fmriprep/59448482_883/project/derivatives/v2s11 timestamp=1773145724.912716085s
bdc94dcb-a96f-447f-b23d-006d990a46fc oesteban@dna003:/tmp/59448479/oesteban/bootstrap-fmriprep/59448479_881/project/derivatives/v2s11 timestamp=1773145721.72553677s
c4f0343b-d875-4ce5-9893-5dc9163fbd7a oesteban@dna058:/tmp/59448500/oesteban/bootstrap-fmriprep/59448500_886/project/derivatives/v2s11 timestamp=1773146154.390145014s
e14d4f84-8d77-45eb-bcaf-ad6ad89294a2 oesteban@dna030:/tmp/59448507/oesteban/bootstrap-fmriprep/59448507_889/project/derivatives/v2s11 timestamp=1773146673.259209887s
eb0abc62-ab35-4c92-943b-15b61f0df7ae oesteban@Mac:~/workspace/abide_preproc/derivatives/v2s11 timestamp=1772959775s
ecf9be60-6693-4f8f-88b5-6d3466e7678c oesteban@dna023:/tmp/59448480/oesteban/bootstrap-fmriprep/59448480_882/project/derivatives/v2s11 timestamp=1773145721.862636596s
