/out/sourcedata/freesurfer/sub-v2s11x28696_ses-1/mri
/opt/freesurfer/bin/talairach_avi
--i orig_nu.mgz --xfm transforms/talairach.auto.xfm
talairach_avi 7.3.2
Linux dna052 5.14.0-427.37.1.el9_4.x86_64 #1 SMP PREEMPT_DYNAMIC Fri Sep 13 12:41:50 EDT 2024 x86_64 x86_64 x86_64 GNU/Linux
Tue Mar 10 19:13:13 CET 2026
mri_convert orig_nu.mgz talsrcimg.img 
reading from orig_nu.mgz...
TR=0.00, TE=0.00, TI=0.00, flip angle=0.00
i_ras = (-1, 0, 0)
j_ras = (0, 0, -1)
k_ras = (0, 1, 0)
writing to talsrcimg.img...
Analyze Output Matrix
-0.80000   0.00000   0.00000   132.95551;
 0.00000   0.00000   0.80000  -133.03531;
 0.00000  -0.80000   0.00000   138.78232;
 0.00000   0.00000   0.00000   1.00000;
--------------------
INFO: set hdr.hist.orient to -1
mpr2mni305 talsrcimg
Tue Mar 10 19:13:13 CET 2026
/opt/freesurfer/bin/mpr2mni305 talsrcimg
mpr2mni305 7.3.2
target=711-2C_as_mni_average_305

---------------------------------------------------------------------
analyzeto4dfp talsrcimg -O0 -y
---------------------------------------------------------------------

freesurfer ifh2hdr.c
Tue Mar 10 19:13:14 2026
Writing: talsrcimg.4dfp.hdr
freesurfer analyzeto4dfp.c
Reading: talsrcimg.hdr
header size 348 bytes
hdr.dime.datatype	offset=70	value=2
hdr.dime.bitpix		offset=72	value=8
hdr.hist.orient		offset=252	value=-1
dimensionality     4
dimensions       320       320       320         1
Reading: talsrcimg.img
Writing: talsrcimg.4dfp.img
Writing: talsrcimg.4dfp.ifh
ifh2hdr talsrcimg -r0to159
ori=2

---------------------------------------------------------------------
gauss_4dfp talsrcimg 1.1
---------------------------------------------------------------------

freesurfer gauss_4dfp.c
Reading: talsrcimg.4dfp.img
Writing: talsrcimg_g11.4dfp.img
image dimensions 320 320 320 padded to 384 384 384
processing volume 1freesurfer ifh2hdr.c
Tue Mar 10 19:13:30 2026
Writing: talsrcimg_g11.4dfp.hdr

Writing: talsrcimg_g11.4dfp.ifh
including: talsrcimg.4dfp.img.rec in talsrcimg_g11.4dfp.img.rec

---------------------------------------------------------------------
imgreg_4dfp /opt/freesurfer/average/711-2C_as_mni_average_305 none talsrcimg_g11 none talsrcimg_to_711-2C_as_mni_average_305_t4 4355
---------------------------------------------------------------------

freesurfer imgreg_4dfp.c
/opt/freesurfer/average/711-2C_as_mni_average_305.4dfp.img
       256       256       256         1
  1.000000  1.000000  1.000000
orientation T byte_order littleendian
Reading image: /opt/freesurfer/average/711-2C_as_mni_average_305.4dfp.img
dimensions:      256       256       256
mmppix:       1.0000   -1.0000   -1.0000
center:     128.0000 -129.0000 -129.0000
talsrcimg_g11.4dfp.img
       320       320       320         1
  0.800000  0.800000  0.800000
orientation T byte_order littleendian
Reading image: talsrcimg_g11.4dfp.img
dimensions:      320       320       320
mmppix:       0.8000   -0.8000   -0.8000
center:     128.0000 -128.8000 -128.8000
t4_read: open error in t4_sub.f l:  41 t4_file(1:l)talsrcimg_to_711-2C_as_mni_average_305_t4 
t4_read: transform initialized to I4
rotation matrix determinant  1.000000
image alignment mode   4355 decimal     1103 hex
   -7.5000  -45.0000  -45.0000 8907.7744   19.5716
    0.0000  -45.0000  -45.0000 9338.0498   19.7187
    7.5000  -45.0000  -45.0000 8875.2158   19.6961
   -7.5000  -37.5000  -45.0000 9527.9990   19.6105
    0.0000  -37.5000  -45.0000 9982.7529   19.7559
    7.5000  -37.5000  -45.0000 9485.7236   19.7324
   -7.5000  -30.0000  -45.000010487.5889   19.7942
    0.0000  -30.0000  -45.000010980.7998   19.9427
    7.5000  -30.0000  -45.000010445.7422   19.9221
   -7.5000  -22.5000  -45.000011457.7637   19.9375
    0.0000  -22.5000  -45.000011990.3184   20.0912
    7.5000  -22.5000  -45.000011411.0430   20.0745
   -7.5000  -15.0000  -45.000012386.3018   19.9103
    0.0000  -15.0000  -45.000012952.6318   20.0659
    7.5000  -15.0000  -45.000012339.0459   20.0497
   -7.5000   -7.5000  -45.000013346.3105   19.7234
    0.0000   -7.5000  -45.000013940.2266   19.8755
    7.5000   -7.5000  -45.000013265.9258   19.8564
   -7.5000    0.0000  -45.000014058.0264   19.5716
    0.0000    0.0000  -45.000014664.7754   19.7187
    7.5000    0.0000  -45.000013934.3291   19.6961
   -7.5000    7.5000  -45.000013529.5986   19.6105
    0.0000    7.5000  -45.000014107.2207   19.7559
    7.5000    7.5000  -45.000013376.2246   19.7324
   -7.5000   15.0000  -45.000012875.5820   19.7942
    0.0000   15.0000  -45.000013433.1865   19.9427
    7.5000   15.0000  -45.000012718.4590   19.9221
   -7.5000   22.5000  -45.000012082.3828   19.9347
    0.0000   22.5000  -45.000012642.7676   20.0885
    7.5000   22.5000  -45.000011961.1035   20.0718
   -7.5000   30.0000  -45.000011220.3047   19.6450
    0.0000   30.0000  -45.000011782.8594   19.7985
    7.5000   30.0000  -45.000011177.6611   19.7825
   -7.5000   37.5000  -45.000010731.1729   19.4606
    0.0000   37.5000  -45.000011274.6777   19.6106
    7.5000   37.5000  -45.000010741.7158   19.5918
   -7.5000   45.0000  -45.0000 9845.6582   18.8204
    0.0000   45.0000  -45.000010352.8682   18.9619
    7.5000   45.0000  -45.0000 9885.5859   18.9402
   -7.5000  -45.0000  -37.5000 9070.3203   19.6640
    0.0000  -45.0000  -37.5000 9507.7236   19.8114
    7.5000  -45.0000  -37.5000 9047.8164   19.7790
   -7.5000  -37.5000  -37.5000 9718.3740   19.6969
    0.0000  -37.5000  -37.500010174.7070   19.8409
    7.5000  -37.5000  -37.5000 9677.4541   19.8077
   -7.5000  -30.0000  -37.500010718.8643   19.8776
    0.0000  -30.0000  -37.500011226.3574   20.0218
    7.5000  -30.0000  -37.500010676.6270   19.9896
   -7.5000  -22.5000  -37.500011715.5947   20.0257
    0.0000  -22.5000  -37.500012256.4688   20.1737
    7.5000  -22.5000  -37.500011667.5820   20.1433
   -7.5000  -15.0000  -37.500012658.4268   20.0066
    0.0000  -15.0000  -37.500013240.9658   20.1576
    7.5000  -15.0000  -37.500012599.3672   20.1273
   -7.5000   -7.5000  -37.500013641.0498   19.8208
    0.0000   -7.5000  -37.500014240.4717   19.9715
    7.5000   -7.5000  -37.500013549.9258   19.9403
   -7.5000    0.0000  -37.500014347.3916   19.6640
    0.0000    0.0000  -37.500014974.5176   19.8114
    7.5000    0.0000  -37.500014217.6885   19.7790
   -7.5000    7.5000  -37.500013794.7949   19.6969
    0.0000    7.5000  -37.500014409.1650   19.8409
    7.5000    7.5000  -37.500013653.0342   19.8077
   -7.5000   15.0000  -37.500013125.0430   19.8776
    0.0000   15.0000  -37.500013715.5752   20.0218
    7.5000   15.0000  -37.500012986.2852   19.9896
   -7.5000   22.5000  -37.500012307.2549   20.0229
    0.0000   22.5000  -37.500012890.9414   20.1709
    7.5000   22.5000  -37.500012214.4785   20.1405
   -7.5000   30.0000  -37.500011451.0029   19.7399
    0.0000   30.0000  -37.500012014.4688   19.8890
    7.5000   30.0000  -37.500011423.0996   19.8591
   -7.5000   37.5000  -37.500010973.9512   19.5567
    0.0000   37.5000  -37.500011510.7598   19.7054
    7.5000   37.5000  -37.500010988.9707   19.6746
   -7.5000   45.0000  -37.500010052.8330   18.9093
    0.0000   45.0000  -37.500010557.9150   19.0510
    7.5000   45.0000  -37.500010124.8330   19.0199
   -7.5000  -45.0000  -30.0000 9521.1328   20.1006
    0.0000  -45.0000  -30.0000 9979.5000   20.2528
    7.5000  -45.0000  -30.0000 9517.1338   20.2142
   -7.5000  -37.5000  -30.000010228.4072   20.1299
    0.0000  -37.5000  -30.000010714.5312   20.2781
    7.5000  -37.5000  -30.000010214.5068   20.2379
   -7.5000  -30.0000  -30.000011325.6387   20.3134
    0.0000  -30.0000  -30.000011868.2510   20.4590
    7.5000  -30.0000  -30.000011288.5449   20.4161
   -7.5000  -22.5000  -30.000012421.3135   20.4690
    0.0000  -22.5000  -30.000013006.0088   20.6161
    7.5000  -22.5000  -30.000012361.9473   20.5718
   -7.5000  -15.0000  -30.000013404.0645   20.4541
    0.0000  -15.0000  -30.000014033.4785   20.6050
    7.5000  -15.0000  -30.000013322.6904   20.5622
   -7.5000   -7.5000  -30.000014426.7979   20.2643
    0.0000   -7.5000  -30.000015078.0557   20.4179
    7.5000   -7.5000  -30.000014307.8398   20.3780
   -7.5000    0.0000  -30.000015152.8545   20.1006
    0.0000    0.0000  -30.000015857.4678   20.2528
    7.5000    0.0000  -30.000015013.1191   20.2142
   -7.5000    7.5000  -30.000014600.9639   20.1299
    0.0000    7.5000  -30.000015295.7969   20.2781
    7.5000    7.5000  -30.000014449.4199   20.2379
   -7.5000   15.0000  -30.000013887.5693   20.3134
    0.0000   15.0000  -30.000014554.8945   20.4590
    7.5000   15.0000  -30.000013766.5586   20.4161
   -7.5000   22.5000  -30.000013026.8604   20.4640
    0.0000   22.5000  -30.000013671.1162   20.6111
    7.5000   22.5000  -30.000012945.7598   20.5669
   -7.5000   30.0000  -30.000012126.4199   20.1834
    0.0000   30.0000  -30.000012724.9727   20.3324
    7.5000   30.0000  -30.000012098.8594   20.2901
   -7.5000   37.5000  -30.000011640.0977   19.9962
    0.0000   37.5000  -30.000012208.8652   20.1477
    7.5000   37.5000  -30.000011655.9902   20.1084
   -7.5000   45.0000  -30.000010687.0566   19.3433
    0.0000   45.0000  -30.000011214.4521   19.4898
    7.5000   45.0000  -30.000010753.1055   19.4527
   -7.5000  -45.0000  -22.5000 9928.2920   20.4040
    0.0000  -45.0000  -22.500010398.0068   20.5583
    7.5000  -45.0000  -22.5000 9933.3916   20.5233
   -7.5000  -37.5000  -22.500010677.4033   20.4377
    0.0000  -37.5000  -22.500011182.9590   20.5889
    7.5000  -37.5000  -22.500010684.2861   20.5512
   -7.5000  -30.0000  -22.500011878.8242   20.6269
    0.0000  -30.0000  -22.500012448.4014   20.7758
    7.5000  -30.0000  -22.500011845.4082   20.7334
   -7.5000  -22.5000  -22.500013116.8096   20.7846
    0.0000  -22.5000  -22.500013742.1982   20.9342
    7.5000  -22.5000  -22.500013018.5928   20.8896
   -7.5000  -15.0000  -22.500014170.1113   20.7651
    0.0000  -15.0000  -22.500014848.2812   20.9180
    7.5000  -15.0000  -22.500014043.9336   20.8765
   -7.5000   -7.5000  -22.500015190.1152   20.5689
    0.0000   -7.5000  -22.500015890.1025   20.7242
    7.5000   -7.5000  -22.500015052.9531   20.6876
   -7.5000    0.0000  -22.500015947.3730   20.4040
    0.0000    0.0000  -22.500016708.7559   20.5583
    7.5000    0.0000  -22.500015790.4102   20.5233
   -7.5000    7.5000  -22.500015377.3242   20.4377
    0.0000    7.5000  -22.500016137.5010   20.5889
    7.5000    7.5000  -22.500015227.1162   20.5512
   -7.5000   15.0000  -22.500014626.8320   20.6269
    0.0000   15.0000  -22.500015371.2646   20.7758
    7.5000   15.0000  -22.500014518.6514   20.7334
   -7.5000   22.5000  -22.500013723.4795   20.7782
    0.0000   22.5000  -22.500014440.0654   20.9277
    7.5000   22.5000  -22.500013663.0166   20.8832
   -7.5000   30.0000  -22.500012798.6035   20.4935
    0.0000   30.0000  -22.500013446.5742   20.6443
    7.5000   30.0000  -22.500012771.1191   20.6034
   -7.5000   37.5000  -22.500012310.6836   20.2999
    0.0000   37.5000  -22.500012916.6260   20.4531
    7.5000   37.5000  -22.500012304.7197   20.4170
   -7.5000   45.0000  -22.500011325.3525   19.6500
    0.0000   45.0000  -22.500011890.6709   19.7986
    7.5000   45.0000  -22.500011362.9824   19.7649
   -7.5000  -45.0000  -15.000010263.5693   20.5294
    0.0000  -45.0000  -15.000010732.5693   20.6846
    7.5000  -45.0000  -15.000010284.8115   20.6585
   -7.5000  -37.5000  -15.000011058.2461   20.5710
    0.0000  -37.5000  -15.000011559.6445   20.7241
    7.5000  -37.5000  -15.000011069.1758   20.6951
   -7.5000  -30.0000  -15.000012349.6729   20.7667
    0.0000  -30.0000  -15.000012914.8955   20.9202
    7.5000  -30.0000  -15.000012315.8887   20.8884
   -7.5000  -22.5000  -15.000013725.2402   20.9226
    0.0000  -22.5000  -15.000014364.9121   21.0788
    7.5000  -22.5000  -15.000013579.0166   21.0472
   -7.5000  -15.0000  -15.000014955.9795   20.8945
    0.0000  -15.0000  -15.000015682.4561   21.0532
    7.5000  -15.0000  -15.000014731.6123   21.0253
   -7.5000   -7.5000  -15.000016004.1709   20.6920
    0.0000   -7.5000  -15.000016763.5625   20.8501
    7.5000   -7.5000  -15.000015809.2969   20.8250
   -7.5000    0.0000  -15.000016717.9531   20.5294
    0.0000    0.0000  -15.000017542.7617   20.6846
    7.5000    0.0000  -15.000016521.2422   20.6585
   -7.5000    7.5000  -15.000016129.3398   20.5710
    0.0000    7.5000  -15.000016947.8066   20.7241
    7.5000    7.5000  -15.000015939.9512   20.6951
   -7.5000   15.0000  -15.000015355.5361   20.7667
    0.0000   15.0000  -15.000016165.2100   20.9202
    7.5000   15.0000  -15.000015201.6035   20.8884
   -7.5000   22.5000  -15.000014427.7861   20.9152
    0.0000   22.5000  -15.000015199.9434   21.0713
    7.5000   22.5000  -15.000014317.0703   21.0397
   -7.5000   30.0000  -15.000013486.4727   20.6241
    0.0000   30.0000  -15.000014184.7295   20.7807
    7.5000   30.0000  -15.000013401.7637   20.7532
   -7.5000   37.5000  -15.000013021.6240   20.4242
    0.0000   37.5000  -15.000013664.9629   20.5802
    7.5000   37.5000  -15.000012948.0029   20.5555
   -7.5000   45.0000  -15.000012012.7949   19.7827
    0.0000   45.0000  -15.000012598.8633   19.9323
    7.5000   45.0000  -15.000011963.9229   19.9072
   -7.5000  -45.0000   -7.500010575.5430   20.4625
    0.0000  -45.0000   -7.500011051.0889   20.6179
    7.5000  -45.0000   -7.500010572.9170   20.5938
   -7.5000  -37.5000   -7.500011365.8984   20.5080
    0.0000  -37.5000   -7.500011878.4678   20.6619
    7.5000  -37.5000   -7.500011373.8320   20.6358
   -7.5000  -30.0000   -7.500012680.8174   20.7039
    0.0000  -30.0000   -7.500013247.5488   20.8609
    7.5000  -30.0000   -7.500012659.9824   20.8360
   -7.5000  -22.5000   -7.500014147.4873   20.8560
    0.0000  -22.5000   -7.500014809.4336   21.0180
    7.5000  -22.5000   -7.500014021.0898   20.9964
   -7.5000  -15.0000   -7.500015628.0332   20.8240
    0.0000  -15.0000   -7.500016404.4922   20.9879
    7.5000  -15.0000   -7.500015324.4043   20.9687
   -7.5000   -7.5000   -7.500016923.3750   20.6216
    0.0000   -7.5000   -7.500017817.9082   20.7821
    7.5000   -7.5000   -7.500016563.2402   20.7615
   -7.5000    0.0000   -7.500017672.0781   20.4625
    0.0000    0.0000   -7.500018620.2148   20.6179
    7.5000    0.0000   -7.500017307.7988   20.5938
   -7.5000    7.5000   -7.500016975.4824   20.5080
    0.0000    7.5000   -7.500017859.3359   20.6619
    7.5000    7.5000   -7.500016618.5312   20.6358
   -7.5000   15.0000   -7.500016177.4912   20.7039
    0.0000   15.0000   -7.500017010.7207   20.8609
    7.5000   15.0000   -7.500015824.1592   20.8360
   -7.5000   22.5000   -7.500015260.0518   20.8464
    0.0000   22.5000   -7.500016024.6582   21.0083
    7.5000   22.5000   -7.500014922.6367   20.9867
   -7.5000   30.0000   -7.500014293.4189   20.5540
    0.0000   30.0000   -7.500015000.2910   20.7157
    7.5000   30.0000   -7.500014001.1045   20.6968
   -7.5000   37.5000   -7.500013804.3066   20.3542
    0.0000   37.5000   -7.500014481.5264   20.5125
    7.5000   37.5000   -7.500013544.6816   20.4923
   -7.5000   45.0000   -7.500012735.6152   19.7220
    0.0000   45.0000   -7.500013365.7178   19.8718
    7.5000   45.0000   -7.500012540.9707   19.8486
   -7.5000  -45.0000    0.000010782.3506   20.2885
    0.0000  -45.0000    0.000011270.9434   20.4425
    7.5000  -45.0000    0.000010788.3008   20.4131
   -7.5000  -37.5000    0.000011583.5029   20.3292
    0.0000  -37.5000    0.000012114.7100   20.4814
    7.5000  -37.5000    0.000011610.1826   20.4512
   -7.5000  -30.0000    0.000012901.4082   20.5184
    0.0000  -30.0000    0.000013490.7051   20.6740
    7.5000  -30.0000    0.000012946.0420   20.6465
   -7.5000  -22.5000    0.000014418.4248   20.6687
    0.0000  -22.5000    0.000015067.0234   20.8293
    7.5000  -22.5000    0.000014368.5166   20.8057
   -7.5000  -15.0000    0.000016125.2549   20.6422
    0.0000  -15.0000    0.000016923.9863   20.8046
    7.5000  -15.0000    0.000015829.0273   20.7816
   -7.5000   -7.5000    0.000017804.8301   20.4466
    0.0000   -7.5000    0.000018859.8223   20.6054
    7.5000   -7.5000    0.000017187.1152   20.5794
   -7.5000    0.0000    0.000018774.3887   20.2885
    0.0000    0.0000    0.000019889.3555   20.4425
    7.5000    0.0000    0.000017985.6562   20.4131
   -7.5000    7.5000    0.000018009.5898   20.3292
    0.0000    7.5000    0.000018939.7656   20.4814
    7.5000    7.5000    0.000017205.5293   20.4512
   -7.5000   15.0000    0.000017066.5977   20.5184
    0.0000   15.0000    0.000017891.5059   20.6740
    7.5000   15.0000    0.000016332.2266   20.6465
   -7.5000   22.5000    0.000015981.9258   20.6591
    0.0000   22.5000    0.000016778.4453   20.8197
    7.5000   22.5000    0.000015400.8008   20.7961
   -7.5000   30.0000    0.000014882.6035   20.3750
    0.0000   30.0000    0.000015663.8135   20.5354
    7.5000   30.0000    0.000014469.7422   20.5126
   -7.5000   37.5000    0.000014324.7842   20.1820
    0.0000   37.5000    0.000015085.0625   20.3388
    7.5000   37.5000    0.000014040.3115   20.3131
   -7.5000   45.0000    0.000013188.8564   19.5558
    0.0000   45.0000    0.000013885.8721   19.7042
    7.5000   45.0000    0.000013005.4180   19.6759
   -7.5000  -45.0000    7.500010307.8477   20.7087
    0.0000  -45.0000    7.500010788.2822   20.8653
    7.5000  -45.0000    7.500010306.1162   20.8264
   -7.5000  -37.5000    7.500011089.5166   20.7433
    0.0000  -37.5000    7.500011585.4766   20.8967
    7.5000  -37.5000    7.500011079.0830   20.8573
   -7.5000  -30.0000    7.500012355.4424   20.9319
    0.0000  -30.0000    7.500012870.7725   21.0859
    7.5000  -30.0000    7.500012319.7949   21.0475
   -7.5000  -22.5000    7.500013815.4453   21.0886
    0.0000  -22.5000    7.500014372.7178   21.2464
    7.5000  -22.5000    7.500013711.7988   21.2097
   -7.5000  -15.0000    7.500015457.7090   21.0701
    0.0000  -15.0000    7.500016206.8008   21.2308
    7.5000  -15.0000    7.500015142.2529   21.1942
   -7.5000   -7.5000    7.500016990.8633   20.8738
    0.0000   -7.5000    7.500018012.4297   21.0339
    7.5000   -7.5000    7.500016430.6367   20.9962
   -7.5000    0.0000    7.500017912.2754   20.7087
    0.0000    0.0000    7.500018902.4629   20.8653
    7.5000    0.0000    7.500017175.0938   20.8264
   -7.5000    7.5000    7.500017205.4922   20.7433
    0.0000    7.5000    7.500018112.5781   20.8967
    7.5000    7.5000    7.500016521.7148   20.8573
   -7.5000   15.0000    7.500016276.3955   20.9319
    0.0000   15.0000    7.500017191.5098   21.0859
    7.5000   15.0000    7.500015758.3135   21.0475
   -7.5000   22.5000    7.500015233.5654   21.0789
    0.0000   22.5000    7.500016118.8135   21.2366
    7.5000   22.5000    7.500014850.4053   21.1999
   -7.5000   30.0000    7.500014180.6729   20.7974
    0.0000   30.0000    7.500015008.1279   20.9561
    7.5000   30.0000    7.500013919.7891   20.9199
   -7.5000   37.5000    7.500013652.8408   20.6037
    0.0000   37.5000    7.500014431.4404   20.7617
    7.5000   37.5000    7.500013482.0430   20.7245
   -7.5000   45.0000    7.500012584.8066   19.9608
    0.0000   45.0000    7.500013296.0859   20.1117
    7.5000   45.0000    7.500012482.7021   20.0743
   -7.5000  -45.0000   15.0000 9814.8496   21.1643
    0.0000  -45.0000   15.000010264.7900   21.3236
    7.5000  -45.0000   15.0000 9755.2549   21.2788
   -7.5000  -37.5000   15.000010569.6055   21.1973
    0.0000  -37.5000   15.000011037.4443   21.3525
    7.5000  -37.5000   15.000010491.2490   21.3063
   -7.5000  -30.0000   15.000011770.8428   21.3881
    0.0000  -30.0000   15.000012263.8057   21.5411
    7.5000  -30.0000   15.000011655.7920   21.4924
   -7.5000  -22.5000   15.000013089.6592   21.5498
    0.0000  -22.5000   15.000013666.1846   21.7047
    7.5000  -22.5000   15.000012975.5977   21.6547
   -7.5000  -15.0000   15.000014438.4062   21.5338
    0.0000  -15.0000   15.000015201.3252   21.6927
    7.5000  -15.0000   15.000014307.1377   21.6439
   -7.5000   -7.5000   15.000015661.3779   21.3339
    0.0000   -7.5000   15.000016601.3438   21.4950
    7.5000   -7.5000   15.000015473.8486   21.4490
   -7.5000    0.0000   15.000016398.0918   21.1643
    0.0000    0.0000   15.000017311.3496   21.3236
    7.5000    0.0000   15.000016197.6426   21.2788
   -7.5000    7.5000   15.000015800.6357   21.1973
    0.0000    7.5000   15.000016685.2383   21.3525
    7.5000    7.5000   15.000015664.2598   21.3063
   -7.5000   15.0000   15.000015114.4346   21.3881
    0.0000   15.0000   15.000016012.1377   21.5411
    7.5000   15.0000   15.000014996.3574   21.4924
   -7.5000   22.5000   15.000014277.4678   21.5399
    0.0000   22.5000   15.000015123.5576   21.6947
    7.5000   22.5000   15.000014150.7393   21.6448
   -7.5000   30.0000   15.000013383.1797   21.2551
    0.0000   30.0000   15.000014152.0156   21.4119
    7.5000   30.0000   15.000013242.1953   21.3638
   -7.5000   37.5000   15.000012925.0957   21.0578
    0.0000   37.5000   15.000013646.1162   21.2169
    7.5000   37.5000   15.000012797.6182   21.1714
   -7.5000   45.0000   15.000011926.9326   20.4000
    0.0000   45.0000   15.000012592.8691   20.5535
    7.5000   45.0000   15.000011824.9385   20.5104
   -7.5000  -45.0000   22.5000 9228.8271   21.6865
    0.0000  -45.0000   22.5000 9668.2451   21.8476
    7.5000  -45.0000   22.5000 9168.3271   21.8070
   -7.5000  -37.5000   22.5000 9919.3867   21.7260
    0.0000  -37.5000   22.500010382.9736   21.8836
    7.5000  -37.5000   22.5000 9861.8525   21.8401
   -7.5000  -30.0000   22.500010997.1660   21.9248
    0.0000  -30.0000   22.500011510.5811   22.0799
    7.5000  -30.0000   22.500010960.2627   22.0315
   -7.5000  -22.5000   22.500012159.4346   22.0891
    0.0000  -22.5000   22.500012756.3896   22.2452
    7.5000  -22.5000   22.500012170.6572   22.1947
   -7.5000  -15.0000   22.500013315.5918   22.0666
    0.0000  -15.0000   22.500014035.0615   22.2265
    7.5000  -15.0000   22.500013340.1436   22.1794
   -7.5000   -7.5000   22.500014419.1631   21.8576
    0.0000   -7.5000   22.500015218.5166   22.0200
    7.5000   -7.5000   22.500014400.2109   21.9779
   -7.5000    0.0000   22.500015156.4541   21.6865
    0.0000    0.0000   22.500015936.0303   21.8476
    7.5000    0.0000   22.500015099.1055   21.8070
   -7.5000    7.5000   22.500014664.0928   21.7260
    0.0000    7.5000   22.500015441.4180   21.8836
    7.5000    7.5000   22.500014641.5996   21.8401
   -7.5000   15.0000   22.500014030.1699   21.9248
    0.0000   15.0000   22.500014809.7725   22.0799
    7.5000   15.0000   22.500014019.4541   22.0315
   -7.5000   22.5000   22.500013283.3262   22.0789
    0.0000   22.5000   22.500014013.5361   22.2350
    7.5000   22.5000   22.500013238.9766   22.1845
   -7.5000   30.0000   22.500012466.1963   21.7810
    0.0000   30.0000   22.500013138.8975   21.9389
    7.5000   30.0000   22.500012399.1094   21.8924
   -7.5000   37.5000   22.500012065.5664   21.5748
    0.0000   37.5000   22.500012716.7930   21.7350
    7.5000   37.5000   22.500011995.2803   21.6935
   -7.5000   45.0000   22.500011146.6465   20.9033
    0.0000   45.0000   22.500011761.5039   21.0586
    7.5000   45.0000   22.500011088.7793   21.0194
   -7.5000  -45.0000   30.0000 8702.9375   22.5138
    0.0000  -45.0000   30.0000 9142.8047   22.6808
    7.5000  -45.0000   30.0000 8667.4736   22.6500
   -7.5000  -37.5000   30.0000 9353.9424   22.5669
    0.0000  -37.5000   30.0000 9808.4277   22.7314
    7.5000  -37.5000   30.0000 9330.7773   22.6969
   -7.5000  -30.0000   30.000010364.3750   22.7845
    0.0000  -30.0000   30.000010872.9082   22.9491
    7.5000  -30.0000   30.000010373.6523   22.9110
   -7.5000  -22.5000   30.000011440.4473   22.9539
    0.0000  -22.5000   30.000012021.2236   23.1215
    7.5000  -22.5000   30.000011497.2930   23.0835
   -7.5000  -15.0000   30.000012502.5020   22.9177
    0.0000  -15.0000   30.000013149.8154   23.0884
    7.5000  -15.0000   30.000012561.2480   23.0550
   -7.5000   -7.5000   30.000013533.6729   22.6894
    0.0000   -7.5000   30.000014223.2461   22.8596
    7.5000   -7.5000   30.000013555.0762   22.8299
   -7.5000    0.0000   30.000014231.5811   22.5138
    0.0000    0.0000   30.000014930.2852   22.6808
    7.5000    0.0000   30.000014227.6836   22.6500
   -7.5000    7.5000   30.000013787.5391   22.5669
    0.0000    7.5000   30.000014466.7305   22.7314
    7.5000    7.5000   30.000013777.6504   22.6969
   -7.5000   15.0000   30.000013217.7148   22.7845
    0.0000   15.0000   30.000013883.5801   22.9491
    7.5000   15.0000   30.000013195.4697   22.9110
   -7.5000   22.5000   30.000012512.7715   22.9433
    0.0000   22.5000   30.000013143.7236   23.1108
    7.5000   22.5000   30.000012475.1738   23.0729
   -7.5000   30.0000   30.000011740.2090   22.6211
    0.0000   30.0000   30.000012317.8291   22.7896
    7.5000   30.0000   30.000011679.0898   22.7567
   -7.5000   37.5000   30.000011376.3389   22.3957
    0.0000   37.5000   30.000011946.2715   22.5638
    7.5000   37.5000   30.000011305.8799   22.5344
   -7.5000   45.0000   30.000010512.9473   21.7007
    0.0000   45.0000   30.000011059.4443   21.8617
    7.5000   45.0000   30.000010458.6865   21.8320
   -7.5000  -45.0000   37.5000 8581.2881   23.3262
    0.0000  -45.0000   37.5000 9020.3428   23.4978
    7.5000  -45.0000   37.5000 8561.7480   23.4682
   -7.5000  -37.5000   37.5000 9222.2510   23.3860
    0.0000  -37.5000   37.5000 9682.4844   23.5560
    7.5000  -37.5000   37.5000 9214.1475   23.5237
   -7.5000  -30.0000   37.500010228.8232   23.6132
    0.0000  -30.0000   37.500010729.4561   23.7866
    7.5000  -30.0000   37.500010257.5078   23.7550
   -7.5000  -22.5000   37.500011295.0557   23.7864
    0.0000  -22.5000   37.500011857.1670   23.9653
    7.5000  -22.5000   37.500011352.3125   23.9373
   -7.5000  -15.0000   37.500012320.8193   23.7449
    0.0000  -15.0000   37.500012927.4434   23.9255
    7.5000  -15.0000   37.500012383.2715   23.9006
   -7.5000   -7.5000   37.500013337.2744   23.5060
    0.0000   -7.5000   37.500013974.6182   23.6827
    7.5000   -7.5000   37.500013358.7588   23.6568
   -7.5000    0.0000   37.500014013.9971   23.3262
    0.0000    0.0000   37.500014669.3252   23.4978
    7.5000    0.0000   37.500013991.7676   23.4682
   -7.5000    7.5000   37.500013562.4658   23.3860
    0.0000    7.5000   37.500014193.1084   23.5560
    7.5000    7.5000   37.500013534.1221   23.5237
   -7.5000   15.0000   37.500012988.9961   23.6132
    0.0000   15.0000   37.500013608.1533   23.7866
    7.5000   15.0000   37.500012956.8203   23.7550
   -7.5000   22.5000   37.500012304.7354   23.7755
    0.0000   22.5000   37.500012895.3174   23.9542
    7.5000   22.5000   37.500012264.1123   23.9263
   -7.5000   30.0000   37.500011562.1611   23.4376
    0.0000   30.0000   37.500012108.2041   23.6159
    7.5000   30.0000   37.500011501.0762   23.5913
   -7.5000   37.5000   37.500011191.4678   23.2018
    0.0000   37.5000   37.500011728.9600   23.3762
    7.5000   37.5000   37.500011132.0332   23.3506
   -7.5000   45.0000   37.500010335.5830   22.4838
    0.0000   45.0000   37.500010836.1426   22.6492
    7.5000   45.0000   37.500010274.8760   22.6206
   -7.5000  -45.0000   45.0000 8143.6816   24.3004
    0.0000  -45.0000   45.0000 8571.7148   24.4848
    7.5000  -45.0000   45.0000 8124.0132   24.4439
   -7.5000  -37.5000   45.0000 8759.8555   24.3583
    0.0000  -37.5000   45.0000 9192.5684   24.5408
    7.5000  -37.5000   45.0000 8756.1338   24.4990
   -7.5000  -30.0000   45.0000 9730.3418   24.5889
    0.0000  -30.0000   45.000010203.1904   24.7746
    7.5000  -30.0000   45.0000 9757.2080   24.7350
   -7.5000  -22.5000   45.000010756.6650   24.7691
    0.0000  -22.5000   45.000011270.2646   24.9602
    7.5000  -22.5000   45.000010793.8984   24.9242
   -7.5000  -15.0000   45.000011734.6875   24.7331
    0.0000  -15.0000   45.000012282.4834   24.9258
    7.5000  -15.0000   45.000011766.0391   24.8903
   -7.5000   -7.5000   45.000012688.9805   24.4888
    0.0000   -7.5000   45.000013274.7646   24.6778
    7.5000   -7.5000   45.000012697.7432   24.6398
   -7.5000    0.0000   45.000013306.1670   24.3004
    0.0000    0.0000   45.000013927.7139   24.4848
    7.5000    0.0000   45.000013285.5273   24.4439
   -7.5000    7.5000   45.000012874.9678   24.3583
    0.0000    7.5000   45.000013466.9814   24.5408
    7.5000    7.5000   45.000012839.2393   24.4990
   -7.5000   15.0000   45.000012331.6777   24.5889
    0.0000   15.0000   45.000012897.4062   24.7746
    7.5000   15.0000   45.000012287.1660   24.7350
   -7.5000   22.5000   45.000011674.3242   24.7576
    0.0000   22.5000   45.000012226.7969   24.9487
    7.5000   22.5000   45.000011628.6943   24.9126
   -7.5000   30.0000   45.000010970.8662   24.4109
    0.0000   30.0000   45.000011498.0898   24.6011
    7.5000   30.0000   45.000010908.4434   24.5660
   -7.5000   37.5000   45.000010614.6436   24.1697
    0.0000   37.5000   45.000011130.7842   24.3563
    7.5000   37.5000   45.000010553.5566   24.3188
   -7.5000   45.0000   45.0000 9789.9473   23.4334
    0.0000   45.0000   45.000010278.6660   23.6112
    7.5000   45.0000   45.0000 9737.3213   23.5718

---------------------------------------------------------------------
imgreg_4dfp /opt/freesurfer/average/711-2C_as_mni_average_305 /opt/freesurfer/average/711-2B_as_mni_average_305_mask talsrcimg_g11 none talsrcimg_to_711-2C_as_mni_average_305_t4 4355
---------------------------------------------------------------------

freesurfer imgreg_4dfp.c
/opt/freesurfer/average/711-2C_as_mni_average_305.4dfp.img
       256       256       256         1
  1.000000  1.000000  1.000000
orientation T byte_order littleendian
Reading image: /opt/freesurfer/average/711-2C_as_mni_average_305.4dfp.img
dimensions:      256       256       256
mmppix:       1.0000   -1.0000   -1.0000
center:     128.0000 -129.0000 -129.0000
/opt/freesurfer/average/711-2B_as_mni_average_305_mask.4dfp.img
       256       256       256         1
  1.000000  1.000000  1.000000
orientation T byte_order littleendian
Reading mask: /opt/freesurfer/average/711-2B_as_mni_average_305_mask.4dfp.img (2306576 pixels)
talsrcimg_g11.4dfp.img
       320       320       320         1
  0.800000  0.800000  0.800000
orientation T byte_order littleendian
Reading image: talsrcimg_g11.4dfp.img
dimensions:      320       320       320
mmppix:       0.8000   -0.8000   -0.8000
center:     128.0000 -128.8000 -128.8000
rotation matrix determinant  1.000000
image alignment mode   4355 decimal     1103 hex
   -7.5000  -45.0000  -45.0000 2517.3179   30.2841
    0.0000  -45.0000  -45.0000 2513.0784   30.1083
    7.5000  -45.0000  -45.0000 2506.6021   30.0263
   -7.5000  -37.5000  -45.0000 2560.1445   28.0644
    0.0000  -37.5000  -45.0000 2553.3081   27.8729
    7.5000  -37.5000  -45.0000 2546.3091   27.8248
   -7.5000  -30.0000  -45.0000 2571.6628   26.2357
    0.0000  -30.0000  -45.0000 2565.8445   26.0992
    7.5000  -30.0000  -45.0000 2561.3108   26.0998
   -7.5000  -22.5000  -45.0000 2580.3870   24.8115
    0.0000  -22.5000  -45.0000 2571.2571   24.6678
    7.5000  -22.5000  -45.0000 2574.3022   24.7987
   -7.5000  -15.0000  -45.0000 2595.6313   23.9057
    0.0000  -15.0000  -45.0000 2587.7981   23.7982
    7.5000  -15.0000  -45.0000 2590.7190   23.9423
   -7.5000   -7.5000  -45.0000 2611.4216   23.4590
    0.0000   -7.5000  -45.0000 2604.7917   23.3394
    7.5000   -7.5000  -45.0000 2603.4868   23.4491
   -7.5000    0.0000  -45.0000 2630.1309   23.3706
    0.0000    0.0000  -45.0000 2620.1567   23.2211
    7.5000    0.0000  -45.0000 2622.1084   23.3008
   -7.5000    7.5000  -45.0000 2635.5225   23.5848
    0.0000    7.5000  -45.0000 2626.2913   23.4876
    7.5000    7.5000  -45.0000 2622.9563   23.5370
   -7.5000   15.0000  -45.0000 2622.8474   24.3017
    0.0000   15.0000  -45.0000 2612.0737   24.1899
    7.5000   15.0000  -45.0000 2602.3374   24.2242
   -7.5000   22.5000  -45.0000 2577.1748   25.3631
    0.0000   22.5000  -45.0000 2570.8455   25.2891
    7.5000   22.5000  -45.0000 2555.0979   25.2998
   -7.5000   30.0000  -45.0000 2504.9219   26.6897
    0.0000   30.0000  -45.0000 2506.7576   26.6851
    7.5000   30.0000  -45.0000 2490.6624   26.6540
   -7.5000   37.5000  -45.0000 2424.5054   28.2476
    0.0000   37.5000  -45.0000 2424.9602   28.2900
    7.5000   37.5000  -45.0000 2414.2456   28.2314
   -7.5000   45.0000  -45.0000 2325.5000   30.2065
    0.0000   45.0000  -45.0000 2327.3074   30.2808
    7.5000   45.0000  -45.0000 2309.4143   30.2152
   -7.5000  -45.0000  -37.5000 2539.6328   29.8203
    0.0000  -45.0000  -37.5000 2533.6418   29.6549
    7.5000  -45.0000  -37.5000 2524.8574   29.6339
   -7.5000  -37.5000  -37.5000 2584.9963   27.6535
    0.0000  -37.5000  -37.5000 2578.9465   27.4663
    7.5000  -37.5000  -37.5000 2568.2473   27.4490
   -7.5000  -30.0000  -37.5000 2608.6187   25.9295
    0.0000  -30.0000  -37.5000 2599.8940   25.7239
    7.5000  -30.0000  -37.5000 2593.4541   25.7203
   -7.5000  -22.5000  -37.5000 2609.2021   24.4159
    0.0000  -22.5000  -37.5000 2599.1902   24.2365
    7.5000  -22.5000  -37.5000 2600.2026   24.2798
   -7.5000  -15.0000  -37.5000 2617.0542   23.4180
    0.0000  -15.0000  -37.5000 2605.7712   23.2215
    7.5000  -15.0000  -37.5000 2612.9163   23.3542
   -7.5000   -7.5000  -37.5000 2632.5466   22.9113
    0.0000   -7.5000  -37.5000 2621.4395   22.7681
    7.5000   -7.5000  -37.5000 2625.8245   22.8587
   -7.5000    0.0000  -37.5000 2647.4626   22.8102
    0.0000    0.0000  -37.5000 2636.3210   22.6499
    7.5000    0.0000  -37.5000 2638.9395   22.6681
   -7.5000    7.5000  -37.5000 2649.2490   23.0079
    0.0000    7.5000  -37.5000 2641.0122   22.9001
    7.5000    7.5000  -37.5000 2640.2605   22.8806
   -7.5000   15.0000  -37.5000 2636.2534   23.6550
    0.0000   15.0000  -37.5000 2624.0117   23.5408
    7.5000   15.0000  -37.5000 2623.5161   23.5587
   -7.5000   22.5000  -37.5000 2589.3879   24.6467
    0.0000   22.5000  -37.5000 2579.2109   24.5441
    7.5000   22.5000  -37.5000 2577.1924   24.6141
   -7.5000   30.0000  -37.5000 2522.7625   25.9025
    0.0000   30.0000  -37.5000 2519.8733   25.8517
    7.5000   30.0000  -37.5000 2512.7773   25.9199
   -7.5000   37.5000  -37.5000 2446.0051   27.4105
    0.0000   37.5000  -37.5000 2444.6929   27.3712
    7.5000   37.5000  -37.5000 2439.4241   27.4658
   -7.5000   45.0000  -37.5000 2344.4705   29.3285
    0.0000   45.0000  -37.5000 2344.9490   29.3339
    7.5000   45.0000  -37.5000 2341.1069   29.4011
   -7.5000  -45.0000  -30.0000 2638.7754   29.9138
    0.0000  -45.0000  -30.0000 2637.8779   29.7492
    7.5000  -45.0000  -30.0000 2626.4692   29.7610
   -7.5000  -37.5000  -30.0000 2691.6724   27.7285
    0.0000  -37.5000  -30.0000 2688.9722   27.5529
    7.5000  -37.5000  -30.0000 2680.3398   27.5489
   -7.5000  -30.0000  -30.0000 2716.6077   25.9727
    0.0000  -30.0000  -30.0000 2711.6511   25.7791
    7.5000  -30.0000  -30.0000 2701.5903   25.7127
   -7.5000  -22.5000  -30.0000 2722.6531   24.4918
    0.0000  -22.5000  -30.0000 2716.8379   24.2941
    7.5000  -22.5000  -30.0000 2712.3455   24.2429
   -7.5000  -15.0000  -30.0000 2716.0342   23.3279
    0.0000  -15.0000  -30.0000 2705.7085   23.1215
    7.5000  -15.0000  -30.0000 2711.1467   23.1751
   -7.5000   -7.5000  -30.0000 2724.1267   22.6922
    0.0000   -7.5000  -30.0000 2714.3145   22.4974
    7.5000   -7.5000  -30.0000 2714.5237   22.5669
   -7.5000    0.0000  -30.0000 2735.0010   22.4929
    0.0000    0.0000  -30.0000 2728.1338   22.3367
    7.5000    0.0000  -30.0000 2727.4941   22.3665
   -7.5000    7.5000  -30.0000 2739.5808   22.6752
    0.0000    7.5000  -30.0000 2737.1614   22.5681
    7.5000    7.5000  -30.0000 2733.7576   22.5628
   -7.5000   15.0000  -30.0000 2725.8733   23.2715
    0.0000   15.0000  -30.0000 2720.2891   23.1744
    7.5000   15.0000  -30.0000 2723.4504   23.2006
   -7.5000   22.5000  -30.0000 2681.0364   24.2101
    0.0000   22.5000  -30.0000 2677.0642   24.1167
    7.5000   22.5000  -30.0000 2677.5068   24.2013
   -7.5000   30.0000  -30.0000 2620.6174   25.4199
    0.0000   30.0000  -30.0000 2614.8352   25.3371
    7.5000   30.0000  -30.0000 2615.2024   25.4562
   -7.5000   37.5000  -30.0000 2549.5833   26.8621
    0.0000   37.5000  -30.0000 2543.4419   26.7955
    7.5000   37.5000  -30.0000 2542.3779   26.9327
   -7.5000   45.0000  -30.0000 2449.5613   28.8006
    0.0000   45.0000  -30.0000 2447.3801   28.7331
    7.5000   45.0000  -30.0000 2443.8718   28.8384
   -7.5000  -45.0000  -22.5000 2696.5051   29.9700
    0.0000  -45.0000  -22.5000 2694.3657   29.7794
    7.5000  -45.0000  -22.5000 2689.3374   29.8222
   -7.5000  -37.5000  -22.5000 2753.2986   27.7835
    0.0000  -37.5000  -22.5000 2750.8079   27.6020
    7.5000  -37.5000  -22.5000 2744.3367   27.5885
   -7.5000  -30.0000  -22.5000 2784.4910   26.0584
    0.0000  -30.0000  -22.5000 2780.1262   25.8684
    7.5000  -30.0000  -22.5000 2770.4646   25.7962
   -7.5000  -22.5000  -22.5000 2795.9844   24.5643
    0.0000  -22.5000  -22.5000 2793.1152   24.3597
    7.5000  -22.5000  -22.5000 2777.3665   24.2336
   -7.5000  -15.0000  -22.5000 2781.5518   23.3385
    0.0000  -15.0000  -22.5000 2776.0940   23.1277
    7.5000  -15.0000  -22.5000 2769.3208   23.0584
   -7.5000   -7.5000  -22.5000 2769.4185   22.4195
    0.0000   -7.5000  -22.5000 2758.9558   22.2371
    7.5000   -7.5000  -22.5000 2761.5601   22.3383
   -7.5000    0.0000  -22.5000 2777.2952   22.0697
    0.0000    0.0000  -22.5000 2766.8562   21.9391
    7.5000    0.0000  -22.5000 2767.4595   22.0721
   -7.5000    7.5000  -22.5000 2781.3547   22.2856
    0.0000    7.5000  -22.5000 2778.5381   22.1375
    7.5000    7.5000  -22.5000 2777.4912   22.2505
   -7.5000   15.0000  -22.5000 2766.4150   22.8472
    0.0000   15.0000  -22.5000 2766.3977   22.7198
    7.5000   15.0000  -22.5000 2771.5981   22.8222
   -7.5000   22.5000  -22.5000 2723.2065   23.7416
    0.0000   22.5000  -22.5000 2722.3767   23.6199
    7.5000   22.5000  -22.5000 2729.1714   23.7521
   -7.5000   30.0000  -22.5000 2669.7854   24.9019
    0.0000   30.0000  -22.5000 2663.1851   24.7896
    7.5000   30.0000  -22.5000 2670.3186   24.9815
   -7.5000   37.5000  -22.5000 2604.5962   26.3192
    0.0000   37.5000  -22.5000 2597.5012   26.2531
    7.5000   37.5000  -22.5000 2601.6824   26.4710
   -7.5000   45.0000  -22.5000 2509.3633   28.2662
    0.0000   45.0000  -22.5000 2508.6667   28.2132
    7.5000   45.0000  -22.5000 2510.2222   28.4486
   -7.5000  -45.0000  -15.0000 2711.6204   30.1553
    0.0000  -45.0000  -15.0000 2705.4639   29.8839
    7.5000  -45.0000  -15.0000 2711.1958   30.0299
   -7.5000  -37.5000  -15.0000 2774.6414   28.0008
    0.0000  -37.5000  -15.0000 2766.0098   27.7257
    7.5000  -37.5000  -15.0000 2771.9019   27.8364
   -7.5000  -30.0000  -15.0000 2811.5820   26.2974
    0.0000  -30.0000  -15.0000 2803.0232   26.0416
    7.5000  -30.0000  -15.0000 2800.0840   26.0114
   -7.5000  -22.5000  -15.0000 2835.5652   24.8468
    0.0000  -22.5000  -15.0000 2825.4834   24.6171
    7.5000  -22.5000  -15.0000 2808.7361   24.4256
   -7.5000  -15.0000  -15.0000 2829.8350   23.6043
    0.0000  -15.0000  -15.0000 2825.5391   23.4305
    7.5000  -15.0000  -15.0000 2801.2080   23.1460
   -7.5000   -7.5000  -15.0000 2793.3826   22.5436
    0.0000   -7.5000  -15.0000 2786.7588   22.3959
    7.5000   -7.5000  -15.0000 2788.7458   22.3460
   -7.5000    0.0000  -15.0000 2779.2598   21.9090
    0.0000    0.0000  -15.0000 2767.9478   21.7968
    7.5000    0.0000  -15.0000 2776.3154   21.9253
   -7.5000    7.5000  -15.0000 2784.0583   22.0613
    0.0000    7.5000  -15.0000 2773.0217   21.9340
    7.5000    7.5000  -15.0000 2781.3364   22.0516
   -7.5000   15.0000  -15.0000 2773.0779   22.5890
    0.0000   15.0000  -15.0000 2770.7490   22.4784
    7.5000   15.0000  -15.0000 2777.1887   22.5840
   -7.5000   22.5000  -15.0000 2734.1750   23.4633
    0.0000   22.5000  -15.0000 2736.7483   23.3715
    7.5000   22.5000  -15.0000 2745.1462   23.4975
   -7.5000   30.0000  -15.0000 2687.0098   24.6326
    0.0000   30.0000  -15.0000 2681.8645   24.5253
    7.5000   30.0000  -15.0000 2693.8987   24.7184
   -7.5000   37.5000  -15.0000 2630.4705   26.0608
    0.0000   37.5000  -15.0000 2620.7375   25.9764
    7.5000   37.5000  -15.0000 2631.6973   26.2267
   -7.5000   45.0000  -15.0000 2539.1987   27.9975
    0.0000   45.0000  -15.0000 2530.5952   27.9128
    7.5000   45.0000  -15.0000 2541.6260   28.2320
   -7.5000  -45.0000   -7.5000 2731.9019   30.6574
    0.0000  -45.0000   -7.5000 2720.6284   30.3583
    7.5000  -45.0000   -7.5000 2717.7957   30.3884
   -7.5000  -37.5000   -7.5000 2792.6240   28.4257
    0.0000  -37.5000   -7.5000 2779.3362   28.1493
    7.5000  -37.5000   -7.5000 2775.0525   28.0780
   -7.5000  -30.0000   -7.5000 2830.6450   26.7159
    0.0000  -30.0000   -7.5000 2815.9043   26.4754
    7.5000  -30.0000   -7.5000 2806.8291   26.2671
   -7.5000  -22.5000   -7.5000 2854.4644   25.3047
    0.0000  -22.5000   -7.5000 2839.5933   25.0815
    7.5000  -22.5000   -7.5000 2821.2673   24.6972
   -7.5000  -15.0000   -7.5000 2866.6584   24.2328
    0.0000  -15.0000   -7.5000 2851.0261   24.0046
    7.5000  -15.0000   -7.5000 2816.1790   23.4382
   -7.5000   -7.5000   -7.5000 2840.8479   23.2702
    0.0000   -7.5000   -7.5000 2832.3755   23.1660
    7.5000   -7.5000   -7.5000 2799.6228   22.5868
   -7.5000    0.0000   -7.5000 2793.7021   22.3329
    0.0000    0.0000   -7.5000 2788.2092   22.3068
    7.5000    0.0000   -7.5000 2777.0198   22.0342
   -7.5000    7.5000   -7.5000 2782.4092   22.1770
    0.0000    7.5000   -7.5000 2769.9849   22.1203
    7.5000    7.5000   -7.5000 2764.6990   21.9878
   -7.5000   15.0000   -7.5000 2773.2651   22.6315
    0.0000   15.0000   -7.5000 2765.7354   22.5740
    7.5000   15.0000   -7.5000 2758.0981   22.4208
   -7.5000   22.5000   -7.5000 2747.3545   23.5679
    0.0000   22.5000   -7.5000 2742.4971   23.4243
    7.5000   22.5000   -7.5000 2732.7559   23.3368
   -7.5000   30.0000   -7.5000 2707.3320   24.7721
    0.0000   30.0000   -7.5000 2700.0212   24.6100
    7.5000   30.0000   -7.5000 2691.3533   24.5546
   -7.5000   37.5000   -7.5000 2654.4062   26.2375
    0.0000   37.5000   -7.5000 2643.2595   26.0946
    7.5000   37.5000   -7.5000 2634.9929   26.1019
   -7.5000   45.0000   -7.5000 2570.3728   28.2208
    0.0000   45.0000   -7.5000 2560.8198   28.0615
    7.5000   45.0000   -7.5000 2554.4485   28.1166
   -7.5000  -45.0000    0.0000 2736.7476   31.2289
    0.0000  -45.0000    0.0000 2725.4065   30.9479
    7.5000  -45.0000    0.0000 2711.8276   30.8482
   -7.5000  -37.5000    0.0000 2799.7947   28.9742
    0.0000  -37.5000    0.0000 2791.7393   28.7538
    7.5000  -37.5000    0.0000 2776.1555   28.5594
   -7.5000  -30.0000    0.0000 2841.1411   27.2722
    0.0000  -30.0000    0.0000 2833.4858   27.1061
    7.5000  -30.0000    0.0000 2816.9656   26.7917
   -7.5000  -22.5000    0.0000 2874.5181   25.9357
    0.0000  -22.5000    0.0000 2866.6379   25.7774
    7.5000  -22.5000    0.0000 2840.1531   25.2893
   -7.5000  -15.0000    0.0000 2904.6987   25.0457
    0.0000  -15.0000    0.0000 2899.5229   24.8906
    7.5000  -15.0000    0.0000 2848.0598   24.1110
   -7.5000   -7.5000    0.0000 2916.8201   24.3908
    0.0000   -7.5000    0.0000 2917.2417   24.3221
    7.5000   -7.5000    0.0000 2827.9849   23.2218
   -7.5000    0.0000    0.0000 2904.3677   23.6218
    0.0000    0.0000    0.0000 2899.6831   23.5889
    7.5000    0.0000    0.0000 2801.6838   22.4996
   -7.5000    7.5000    0.0000 2853.7090   23.0066
    0.0000    7.5000    0.0000 2845.2498   23.0106
    7.5000    7.5000    0.0000 2779.1843   22.2457
   -7.5000   15.0000    0.0000 2816.0552   23.1500
    0.0000   15.0000    0.0000 2802.8667   22.9964
    7.5000   15.0000    0.0000 2756.4641   22.5461
   -7.5000   22.5000    0.0000 2771.4690   23.8976
    0.0000   22.5000    0.0000 2766.6338   23.7001
    7.5000   22.5000    0.0000 2729.1802   23.4447
   -7.5000   30.0000    0.0000 2722.7078   25.0421
    0.0000   30.0000    0.0000 2723.5298   24.9324
    7.5000   30.0000    0.0000 2691.6653   24.7707
   -7.5000   37.5000    0.0000 2669.6907   26.5292
    0.0000   37.5000    0.0000 2667.1184   26.4593
    7.5000   37.5000    0.0000 2644.7141   26.3169
   -7.5000   45.0000    0.0000 2586.9775   28.4896
    0.0000   45.0000    0.0000 2583.8911   28.4213
    7.5000   45.0000    0.0000 2563.4858   28.2990
   -7.5000  -45.0000    7.5000 2738.3459   31.9385
    0.0000  -45.0000    7.5000 2729.9043   31.6566
    7.5000  -45.0000    7.5000 2721.0303   31.5242
   -7.5000  -37.5000    7.5000 2801.9604   29.6849
    0.0000  -37.5000    7.5000 2791.6194   29.4406
    7.5000  -37.5000    7.5000 2783.4663   29.1913
   -7.5000  -30.0000    7.5000 2853.7256   28.0865
    0.0000  -30.0000    7.5000 2841.8186   27.8515
    7.5000  -30.0000    7.5000 2820.8362   27.4378
   -7.5000  -22.5000    7.5000 2905.0112   26.8471
    0.0000  -22.5000    7.5000 2891.0298   26.6392
    7.5000  -22.5000    7.5000 2849.4941   25.9921
   -7.5000  -15.0000    7.5000 2953.2063   26.0114
    0.0000  -15.0000    7.5000 2942.2009   25.8589
    7.5000  -15.0000    7.5000 2868.9878   24.9270
   -7.5000   -7.5000    7.5000 2980.9941   25.3431
    0.0000   -7.5000    7.5000 2982.8232   25.3234
    7.5000   -7.5000    7.5000 2865.3303   24.0144
   -7.5000    0.0000    7.5000 2960.2017   24.3693
    0.0000    0.0000    7.5000 2974.6807   24.4732
    7.5000    0.0000    7.5000 2835.7102   23.2260
   -7.5000    7.5000    7.5000 2928.7625   23.8530
    0.0000    7.5000    7.5000 2916.9314   23.7388
    7.5000    7.5000    7.5000 2817.9026   22.9420
   -7.5000   15.0000    7.5000 2876.0640   23.9102
    0.0000   15.0000    7.5000 2876.6973   23.8120
    7.5000   15.0000    7.5000 2798.4150   23.2829
   -7.5000   22.5000    7.5000 2813.5725   24.5485
    0.0000   22.5000    7.5000 2813.9268   24.4476
    7.5000   22.5000    7.5000 2762.7175   24.1689
   -7.5000   30.0000    7.5000 2749.4458   25.6548
    0.0000   30.0000    7.5000 2745.8472   25.5596
    7.5000   30.0000    7.5000 2711.2251   25.3903
   -7.5000   37.5000    7.5000 2688.1582   27.0193
    0.0000   37.5000    7.5000 2678.4326   26.9362
    7.5000   37.5000    7.5000 2660.8398   26.8522
   -7.5000   45.0000    7.5000 2598.3115   28.9278
    0.0000   45.0000    7.5000 2593.5190   28.8221
    7.5000   45.0000    7.5000 2579.9854   28.8177
   -7.5000  -45.0000   15.0000 2748.6304   33.0264
    0.0000  -45.0000   15.0000 2737.0439   32.7076
    7.5000  -45.0000   15.0000 2719.3660   32.4274
   -7.5000  -37.5000   15.0000 2822.7451   30.7832
    0.0000  -37.5000   15.0000 2809.0161   30.5222
    7.5000  -37.5000   15.0000 2782.9800   30.0993
   -7.5000  -30.0000   15.0000 2878.3572   29.0993
    0.0000  -30.0000   15.0000 2864.0007   28.8835
    7.5000  -30.0000   15.0000 2824.4932   28.3301
   -7.5000  -22.5000   15.0000 2921.4580   27.6890
    0.0000  -22.5000   15.0000 2912.1660   27.4989
    7.5000  -22.5000   15.0000 2863.7144   26.8628
   -7.5000  -15.0000   15.0000 2952.7605   26.5796
    0.0000  -15.0000   15.0000 2950.2842   26.4713
    7.5000  -15.0000   15.0000 2895.2749   25.7517
   -7.5000   -7.5000   15.0000 2962.4722   25.5612
    0.0000   -7.5000   15.0000 2979.4412   25.6588
    7.5000   -7.5000   15.0000 2899.3132   24.7319
   -7.5000    0.0000   15.0000 2951.4365   24.6663
    0.0000    0.0000   15.0000 2955.5713   24.6026
    7.5000    0.0000   15.0000 2884.2061   24.0082
   -7.5000    7.5000   15.0000 2943.5825   24.2439
    0.0000    7.5000   15.0000 2931.8997   24.1047
    7.5000    7.5000   15.0000 2882.7532   23.7909
   -7.5000   15.0000   15.0000 2916.1438   24.5829
    0.0000   15.0000   15.0000 2917.4224   24.4923
    7.5000   15.0000   15.0000 2871.2646   24.2396
   -7.5000   22.5000   15.0000 2867.9841   25.4825
    0.0000   22.5000   15.0000 2871.2107   25.3896
    7.5000   22.5000   15.0000 2830.1953   25.1876
   -7.5000   30.0000   15.0000 2802.9968   26.7241
    0.0000   30.0000   15.0000 2801.9429   26.6107
    7.5000   30.0000   15.0000 2766.2300   26.4610
   -7.5000   37.5000   15.0000 2725.8730   28.0807
    0.0000   37.5000   15.0000 2715.9917   27.9716
    7.5000   37.5000   15.0000 2693.3892   27.8832
   -7.5000   45.0000   15.0000 2626.0305   29.8894
    0.0000   45.0000   15.0000 2616.2039   29.7856
    7.5000   45.0000   15.0000 2596.0127   29.7224
   -7.5000  -45.0000   22.5000 2752.7422   34.1775
    0.0000  -45.0000   22.5000 2743.3306   33.9378
    7.5000  -45.0000   22.5000 2717.0828   33.6128
   -7.5000  -37.5000   22.5000 2821.1226   31.6900
    0.0000  -37.5000   22.5000 2810.1423   31.4600
    7.5000  -37.5000   22.5000 2784.4580   31.1075
   -7.5000  -30.0000   22.5000 2864.7507   29.7516
    0.0000  -30.0000   22.5000 2859.4719   29.5658
    7.5000  -30.0000   22.5000 2833.5386   29.1909
   -7.5000  -22.5000   22.5000 2902.2263   28.1866
    0.0000  -22.5000   22.5000 2901.0623   28.0520
    7.5000  -22.5000   22.5000 2875.4783   27.6668
   -7.5000  -15.0000   22.5000 2929.0535   26.9590
    0.0000  -15.0000   22.5000 2933.9695   26.9235
    7.5000  -15.0000   22.5000 2900.6924   26.4243
   -7.5000   -7.5000   22.5000 2941.0837   25.9617
    0.0000   -7.5000   22.5000 2944.5591   25.9231
    7.5000   -7.5000   22.5000 2903.3254   25.3713
   -7.5000    0.0000   22.5000 2945.1501   25.1791
    0.0000    0.0000   22.5000 2940.5061   24.9901
    7.5000    0.0000   22.5000 2903.3579   24.6960
   -7.5000    7.5000   22.5000 2951.6572   24.8977
    0.0000    7.5000   22.5000 2947.8184   24.7805
    7.5000    7.5000   22.5000 2919.4546   24.5974
   -7.5000   15.0000   22.5000 2933.3423   25.3298
    0.0000   15.0000   22.5000 2937.1396   25.2463
    7.5000   15.0000   22.5000 2907.2256   25.1003
   -7.5000   22.5000   22.5000 2888.2395   26.3366
    0.0000   22.5000   22.5000 2887.3020   26.2364
    7.5000   22.5000   22.5000 2861.1448   26.1155
   -7.5000   30.0000   22.5000 2829.0798   27.6497
    0.0000   30.0000   22.5000 2825.8774   27.5170
    7.5000   30.0000   22.5000 2803.1809   27.4451
   -7.5000   37.5000   22.5000 2757.3958   29.1539
    0.0000   37.5000   22.5000 2749.5066   29.0097
    7.5000   37.5000   22.5000 2728.5144   28.9475
   -7.5000   45.0000   22.5000 2649.4192   30.9972
    0.0000   45.0000   22.5000 2642.4841   30.8701
    7.5000   45.0000   22.5000 2624.9646   30.8512
   -7.5000  -45.0000   30.0000 2732.5740   35.1539
    0.0000  -45.0000   30.0000 2730.3179   34.9893
    7.5000  -45.0000   30.0000 2707.3879   34.7094
   -7.5000  -37.5000   30.0000 2800.8733   32.4351
    0.0000  -37.5000   30.0000 2797.4189   32.2528
    7.5000  -37.5000   30.0000 2779.5808   32.0619
   -7.5000  -30.0000   30.0000 2843.7864   30.3498
    0.0000  -30.0000   30.0000 2841.4114   30.1736
    7.5000  -30.0000   30.0000 2829.4846   30.0242
   -7.5000  -22.5000   30.0000 2881.0859   28.6980
    0.0000  -22.5000   30.0000 2881.6340   28.5893
    7.5000  -22.5000   30.0000 2869.1392   28.3925
   -7.5000  -15.0000   30.0000 2907.3403   27.4859
    0.0000  -15.0000   30.0000 2903.2676   27.3249
    7.5000  -15.0000   30.0000 2890.4834   27.1062
   -7.5000   -7.5000   30.0000 2921.7405   26.5169
    0.0000   -7.5000   30.0000 2913.3918   26.2754
    7.5000   -7.5000   30.0000 2900.7473   26.1138
   -7.5000    0.0000   30.0000 2935.5984   25.8400
    0.0000    0.0000   30.0000 2933.2158   25.6711
    7.5000    0.0000   30.0000 2912.7292   25.5383
   -7.5000    7.5000   30.0000 2945.9746   25.7363
    0.0000    7.5000   30.0000 2938.2771   25.5681
    7.5000    7.5000   30.0000 2924.6685   25.4957
   -7.5000   15.0000   30.0000 2928.1479   26.1956
    0.0000   15.0000   30.0000 2929.0662   26.0944
    7.5000   15.0000   30.0000 2911.2595   25.9804
   -7.5000   22.5000   30.0000 2884.7407   27.2047
    0.0000   22.5000   30.0000 2883.6743   27.1203
    7.5000   22.5000   30.0000 2866.8367   27.0315
   -7.5000   30.0000   30.0000 2829.1448   28.5298
    0.0000   30.0000   30.0000 2822.6943   28.4127
    7.5000   30.0000   30.0000 2809.1074   28.3938
   -7.5000   37.5000   30.0000 2761.5872   30.0621
    0.0000   37.5000   30.0000 2757.2795   29.9562
    7.5000   37.5000   30.0000 2740.5586   29.9303
   -7.5000   45.0000   30.0000 2654.2617   32.0223
    0.0000   45.0000   30.0000 2650.6653   31.8872
    7.5000   45.0000   30.0000 2641.1538   31.8947
   -7.5000  -45.0000   37.5000 2703.6895   36.1410
    0.0000  -45.0000   37.5000 2704.3909   35.9750
    7.5000  -45.0000   37.5000 2696.3281   35.9208
   -7.5000  -37.5000   37.5000 2772.5703   33.1967
    0.0000  -37.5000   37.5000 2771.0251   33.0266
    7.5000  -37.5000   37.5000 2767.5823   33.0527
   -7.5000  -30.0000   37.5000 2821.7285   30.9883
    0.0000  -30.0000   37.5000 2820.3652   30.8296
    7.5000  -30.0000   37.5000 2819.7729   30.8713
   -7.5000  -22.5000   37.5000 2862.8018   29.2884
    0.0000  -22.5000   37.5000 2856.9980   29.1196
    7.5000  -22.5000   37.5000 2859.8848   29.1685
   -7.5000  -15.0000   37.5000 2887.2241   28.0541
    0.0000  -15.0000   37.5000 2878.1987   27.8027
    7.5000  -15.0000   37.5000 2879.3752   27.8228
   -7.5000   -7.5000   37.5000 2903.8179   27.1449
    0.0000   -7.5000   37.5000 2894.4507   26.8990
    7.5000   -7.5000   37.5000 2894.3503   26.9275
   -7.5000    0.0000   37.5000 2926.8540   26.6109
    0.0000    0.0000   37.5000 2921.0798   26.4524
    7.5000    0.0000   37.5000 2909.3960   26.4119
   -7.5000    7.5000   37.5000 2934.1663   26.6360
    0.0000    7.5000   37.5000 2924.2188   26.4135
    7.5000    7.5000   37.5000 2916.9128   26.4262
   -7.5000   15.0000   37.5000 2910.8201   27.1287
    0.0000   15.0000   37.5000 2910.0493   26.9903
    7.5000   15.0000   37.5000 2900.0989   26.9472
   -7.5000   22.5000   37.5000 2868.6277   28.1298
    0.0000   22.5000   37.5000 2865.7471   27.9889
    7.5000   22.5000   37.5000 2859.1416   27.9914
   -7.5000   30.0000   37.5000 2814.5493   29.4162
    0.0000   30.0000   37.5000 2810.2046   29.2669
    7.5000   30.0000   37.5000 2803.8701   29.3252
   -7.5000   37.5000   37.5000 2748.3862   30.9248
    0.0000   37.5000   37.5000 2745.0781   30.8232
    7.5000   37.5000   37.5000 2736.8608   30.8407
   -7.5000   45.0000   37.5000 2641.1433   32.9870
    0.0000   45.0000   37.5000 2636.5007   32.8836
    7.5000   45.0000   37.5000 2627.1389   32.8849
   -7.5000  -45.0000   45.0000 2664.8367   37.2798
    0.0000  -45.0000   45.0000 2669.6384   37.1159
    7.5000  -45.0000   45.0000 2667.4021   37.1923
   -7.5000  -37.5000   45.0000 2742.0652   34.1093
    0.0000  -37.5000   45.0000 2741.4614   33.9170
    7.5000  -37.5000   45.0000 2746.0063   34.1045
   -7.5000  -30.0000   45.0000 2796.2964   31.8190
    0.0000  -30.0000   45.0000 2791.4988   31.5786
    7.5000  -30.0000   45.0000 2803.4910   31.8230
   -7.5000  -22.5000   45.0000 2841.7913   30.0636
    0.0000  -22.5000   45.0000 2833.2874   29.8166
    7.5000  -22.5000   45.0000 2842.9426   30.0102
   -7.5000  -15.0000   45.0000 2868.5549   28.7720
    0.0000  -15.0000   45.0000 2859.1501   28.4922
    7.5000  -15.0000   45.0000 2869.4072   28.6672
   -7.5000   -7.5000   45.0000 2892.5359   27.9220
    0.0000   -7.5000   45.0000 2882.5020   27.6740
    7.5000   -7.5000   45.0000 2888.2681   27.8275
   -7.5000    0.0000   45.0000 2915.3186   27.4790
    0.0000    0.0000   45.0000 2908.0725   27.3136
    7.5000    0.0000   45.0000 2902.6086   27.3688
   -7.5000    7.5000   45.0000 2921.4431   27.5723
    0.0000    7.5000   45.0000 2910.2988   27.3487
    7.5000    7.5000   45.0000 2905.4282   27.4022
   -7.5000   15.0000   45.0000 2895.0066   28.0955
    0.0000   15.0000   45.0000 2888.4993   27.9560
    7.5000   15.0000   45.0000 2888.8235   27.9631
   -7.5000   22.5000   45.0000 2845.0125   29.0954
    0.0000   22.5000   45.0000 2845.4646   28.9636
    7.5000   22.5000   45.0000 2842.2876   29.0118
   -7.5000   30.0000   45.0000 2789.9729   30.3540
    0.0000   30.0000   45.0000 2791.9109   30.2041
    7.5000   30.0000   45.0000 2787.3596   30.3130
   -7.5000   37.5000   45.0000 2723.5259   31.8564
    0.0000   37.5000   45.0000 2723.1123   31.7339
    7.5000   37.5000   45.0000 2717.5984   31.7909
   -7.5000   45.0000   45.0000 2620.2197   33.9674
    0.0000   45.0000   45.0000 2616.9146   33.8508
    7.5000   45.0000   45.0000 2609.8398   33.8881

---------------------------------------------------------------------
imgreg_4dfp /opt/freesurfer/average/711-2C_as_mni_average_305 /opt/freesurfer/average/711-2B_as_mni_average_305_mask talsrcimg_g11 none talsrcimg_to_711-2C_as_mni_average_305_t4 1283
---------------------------------------------------------------------

freesurfer imgreg_4dfp.c
/opt/freesurfer/average/711-2C_as_mni_average_305.4dfp.img
       256       256       256         1
  1.000000  1.000000  1.000000
orientation T byte_order littleendian
Reading image: /opt/freesurfer/average/711-2C_as_mni_average_305.4dfp.img
dimensions:      256       256       256
mmppix:       1.0000   -1.0000   -1.0000
center:     128.0000 -129.0000 -129.0000
/opt/freesurfer/average/711-2B_as_mni_average_305_mask.4dfp.img
       256       256       256         1
  1.000000  1.000000  1.000000
orientation T byte_order littleendian
Reading mask: /opt/freesurfer/average/711-2B_as_mni_average_305_mask.4dfp.img (2306576 pixels)
talsrcimg_g11.4dfp.img
       320       320       320         1
  0.800000  0.800000  0.800000
orientation T byte_order littleendian
Reading image: talsrcimg_g11.4dfp.img
dimensions:      320       320       320
mmppix:       0.8000   -0.8000   -0.8000
center:     128.0000 -128.8000 -128.8000
rotation matrix determinant  1.000000
fimgreg.f
image alignment mode   1283 decimal      503 hex
parameters
    0.0000   -7.5000    7.5000    0.0000    0.0000    0.0000
eta,q 0.93522 25.40345
niter,ni,del,rscale     5    3   12.0000    1.2000
parameter  1  0.686468 ->  0.500000 qaram    1.1500
parameter  6  1.781807 ->  0.500000 qaram    1.1500
parameters
   -3.4500   -5.8679    8.8403   -1.6531   -0.9002   -3.4500
eta,q 0.94059 25.31247
  0.0647  0.0715  0.0740  0.0614  0.0625  0.0589
  0.0614  0.0672  0.0679  0.0606  0.0620  0.0593
  0.0619  0.0635  0.0630  0.0600  0.0608  0.0597
  0.0677  0.0610  0.0603  0.0604  0.0600  0.0601
  0.0779  0.0604  0.0608  0.0614  0.0604  0.0612
  0.0909  0.0619  0.0630  0.0620  0.0625  0.0623
  0.0996  0.0644  0.0654  0.0625  0.0666  0.0629
niter,ni,del,rscale     6    3   12.0000    1.2000
parameters
   -3.5834   -5.6495    8.9553   -2.3829   -0.5578   -6.6750
eta,q 0.94142 25.27790
  0.0786  0.0676  0.0674  0.0609  0.0634  0.0593
  0.0680  0.0633  0.0627  0.0600  0.0618  0.0586
  0.0623  0.0604  0.0595  0.0592  0.0605  0.0587
  0.0594  0.0595  0.0594  0.0595  0.0593  0.0592
  0.0616  0.0600  0.0612  0.0601  0.0593  0.0598
  0.0689  0.0630  0.0634  0.0607  0.0603  0.0609
  0.0807  0.0662  0.0656  0.0615  0.0633  0.0622
niter,ni,del,rscale     5    3   12.0000    1.2000
parameters
   -3.7358   -5.2859    8.8737   -3.4079   -0.1998   -6.7256
eta,q 0.94157 25.24368
  0.0801  0.0668  0.0662  0.0596  0.0643  0.0605
  0.0686  0.0630  0.0617  0.0595  0.0615  0.0594
  0.0611  0.0599  0.0584  0.0587  0.0595  0.0587
  0.0586  0.0586  0.0585  0.0585  0.0584  0.0584
  0.0618  0.0592  0.0606  0.0592  0.0590  0.0587
  0.0694  0.0618  0.0630  0.0600  0.0605  0.0595
  0.0824  0.0651  0.0652  0.0607  0.0632  0.0606
niter,ni,del,rscale     4    3   12.0000    1.2000
parameters
   -3.8421   -4.8446    8.6342   -4.9306    0.0680   -7.8196
eta,q 0.94143 25.21218
  0.0803  0.0669  0.0657  0.0588  0.0645  0.0595
  0.0690  0.0627  0.0616  0.0591  0.0615  0.0588
  0.0614  0.0597  0.0584  0.0588  0.0594  0.0586
  0.0584  0.0584  0.0584  0.0582  0.0586  0.0586
  0.0615  0.0589  0.0607  0.0587  0.0593  0.0588
  0.0692  0.0612  0.0633  0.0595  0.0609  0.0594
  0.0823  0.0648  0.0655  0.0603  0.0635  0.0605
niter,ni,del,rscale     3    3   12.0000    1.2000
parameter  4  0.671293 ->  0.500000 qaram    1.1500
parameters
   -3.8821   -4.0250    8.1799   -8.3806    0.3791   -7.8502
eta,q 0.94214 25.26215
  0.0808  0.0671  0.0649  0.0577  0.0641  0.0594
  0.0698  0.0629  0.0615  0.0578  0.0607  0.0584
  0.0621  0.0601  0.0583  0.0580  0.0585  0.0578
  0.0586  0.0586  0.0581  0.0579  0.0579  0.0579
  0.0608  0.0579  0.0607  0.0583  0.0584  0.0581
  0.0688  0.0596  0.0636  0.0591  0.0599  0.0585
  0.0827  0.0640  0.0659  0.0597  0.0629  0.0592
niter,ni,del,rscale     3    3   12.0000    1.2000
parameters
   -3.9688   -2.3382    7.1767   -8.8192    0.2967   -6.2046
eta,q 0.94365 25.06834
  0.0796  0.0689  0.0617  0.0593  0.0628  0.0599
  0.0687  0.0645  0.0601  0.0578  0.0591  0.0585
  0.0613  0.0607  0.0572  0.0568  0.0570  0.0573
  0.0579  0.0579  0.0567  0.0566  0.0566  0.0566
  0.0600  0.0566  0.0591  0.0568  0.0575  0.0564
  0.0681  0.0573  0.0629  0.0584  0.0595  0.0569
  0.0822  0.0619  0.0666  0.0603  0.0629  0.0578
niter,ni,del,rscale     2    3   12.0000    1.2000
parameters
   -3.8377   -1.9603    6.7860   -9.4716   -0.1307   -5.7899
eta,q 0.94371 25.03826
  0.0810  0.0666  0.0620  0.0589  0.0619  0.0591
  0.0690  0.0623  0.0606  0.0579  0.0587  0.0576
  0.0605  0.0586  0.0581  0.0568  0.0568  0.0566
  0.0564  0.0563  0.0561  0.0562  0.0563  0.0563
  0.0583  0.0562  0.0571  0.0566  0.0573  0.0566
  0.0666  0.0595  0.0608  0.0584  0.0599  0.0573
  0.0805  0.0654  0.0650  0.0607  0.0637  0.0584
niter,ni,del,rscale     1    3   12.0000    1.2000
parameters
   -3.6205   -1.6163    6.5084  -10.2922   -0.5872   -5.5800
eta,q 0.94361 25.01148
  0.0817  0.0667  0.0618  0.0584  0.0617  0.0590
  0.0694  0.0621  0.0602  0.0578  0.0587  0.0574
  0.0607  0.0583  0.0584  0.0569  0.0570  0.0564
  0.0563  0.0561  0.0560  0.0562  0.0564  0.0564
  0.0579  0.0561  0.0564  0.0564  0.0573  0.0567
  0.0661  0.0596  0.0600  0.0582  0.0599  0.0573
  0.0801  0.0656  0.0645  0.0609  0.0638  0.0585
registration optimization eta report
parameter search radius
    6.9000    6.0000    6.0000    6.9000    6.0000    6.9000
100000*second partial in parameter space
       51.       28.       19.        7.       18.        5.
  0.0817  0.0667  0.0618  0.0584  0.0617  0.0590
  0.0694  0.0621  0.0602  0.0578  0.0587  0.0574
  0.0607  0.0583  0.0584  0.0569  0.0570  0.0564
  0.0563  0.0561  0.0560  0.0562  0.0564  0.0564
  0.0579  0.0561  0.0564  0.0564  0.0573  0.0567
  0.0661  0.0596  0.0600  0.0582  0.0599  0.0573
  0.0801  0.0656  0.0645  0.0609  0.0638  0.0585
   -3.6205   -1.6163    6.5084  -10.2922   -0.5872   -5.5800
eta,q 0.94361 25.01148

---------------------------------------------------------------------
imgreg_4dfp /opt/freesurfer/average/711-2C_as_mni_average_305 /opt/freesurfer/average/711-2B_as_mni_average_305_mask talsrcimg_g11 none talsrcimg_to_711-2C_as_mni_average_305_t4 3335
---------------------------------------------------------------------

freesurfer imgreg_4dfp.c
/opt/freesurfer/average/711-2C_as_mni_average_305.4dfp.img
       256       256       256         1
  1.000000  1.000000  1.000000
orientation T byte_order littleendian
Reading image: /opt/freesurfer/average/711-2C_as_mni_average_305.4dfp.img
dimensions:      256       256       256
mmppix:       1.0000   -1.0000   -1.0000
center:     128.0000 -129.0000 -129.0000
/opt/freesurfer/average/711-2B_as_mni_average_305_mask.4dfp.img
       256       256       256         1
  1.000000  1.000000  1.000000
orientation T byte_order littleendian
Reading mask: /opt/freesurfer/average/711-2B_as_mni_average_305_mask.4dfp.img (2306576 pixels)
talsrcimg_g11.4dfp.img
       320       320       320         1
  0.800000  0.800000  0.800000
orientation T byte_order littleendian
Reading image: talsrcimg_g11.4dfp.img
dimensions:      320       320       320
mmppix:       0.8000   -0.8000   -0.8000
center:     128.0000 -128.8000 -128.8000
fimgreg.f
image alignment mode   3335 decimal      D07 hex
parameters
   -3.6205   -1.6163    6.5084   -0.4791   -2.0575   -1.6142
    9.3849    2.7409   -9.7231   17.6841   -1.0249  -17.8659
eta,q 0.94635 25.25928
niter,ni,del,rscale     5    3    5.0000    1.2000
parameter  4  0.712100 ->  0.500000 qaram    1.1500
parameter  5  1.118280 ->  0.500000 qaram    1.1500
parameter  6  0.607222 ->  0.500000 qaram    1.1500
parameter 12 -0.568689 -> -0.500000 qaram    1.1500
parameters
   -2.6035   -1.7119    6.3400   -4.6191   -6.1975   -5.7542
    8.1141    4.2454   -7.1046   16.8307    2.3252  -13.7259
eta,q 0.95561 25.51288
  0.0593  0.0543  0.0545  0.0492  0.0459  0.0451  0.0460  0.0477  0.0460  0.0461  0.0455  0.0467
  0.0569  0.0536  0.0536  0.0491  0.0464  0.0450  0.0453  0.0462  0.0454  0.0453  0.0451  0.0458
  0.0549  0.0531  0.0531  0.0502  0.0475  0.0452  0.0450  0.0454  0.0451  0.0448  0.0449  0.0451
  0.0536  0.0530  0.0530  0.0530  0.0493  0.0466  0.0450  0.0450  0.0449  0.0448  0.0448  0.0447
  0.0530  0.0532  0.0533  0.0581  0.0518  0.0497  0.0453  0.0449  0.0448  0.0451  0.0447  0.0444
  0.0532  0.0538  0.0540  0.0656  0.0549  0.0557  0.0460  0.0451  0.0448  0.0458  0.0447  0.0444
  0.0542  0.0545  0.0549  0.0747  0.0584  0.0614  0.0470  0.0460  0.0450  0.0470  0.0448  0.0445
niter,ni,del,rscale     7    3    5.0000    1.2000
parameter  2 -1.196280 -> -0.500000 qaram    1.1500
parameter  3  1.296305 ->  0.500000 qaram    1.1500
parameters
   -1.9479   -0.3319    4.9600   -6.5610   -9.1488   -8.8097
    7.1647    5.2936   -5.7979   18.2318    0.8246  -11.6243
eta,q 0.95741 25.34416
  0.0468  0.0471  0.0422  0.0449  0.0437  0.0430  0.0434  0.0435  0.0431  0.0439  0.0427  0.0435
  0.0456  0.0460  0.0423  0.0440  0.0430  0.0428  0.0430  0.0432  0.0429  0.0433  0.0427  0.0431
  0.0448  0.0451  0.0427  0.0431  0.0426  0.0427  0.0428  0.0429  0.0427  0.0429  0.0426  0.0428
  0.0444  0.0443  0.0433  0.0424  0.0428  0.0426  0.0427  0.0427  0.0427  0.0427  0.0426  0.0426
  0.0443  0.0437  0.0441  0.0432  0.0439  0.0433  0.0429  0.0427  0.0427  0.0426  0.0426  0.0426
  0.0445  0.0433  0.0450  0.0463  0.0460  0.0462  0.0433  0.0428  0.0427  0.0428  0.0427  0.0427
  0.0451  0.0431  0.0460  0.0525  0.0488  0.0521  0.0439  0.0433  0.0429  0.0432  0.0428  0.0429
niter,ni,del,rscale     7    3    5.0000    1.2000
parameter  2 -1.386436 -> -0.500000 qaram    1.3225
parameter  3  0.904473 ->  0.500000 qaram    1.3225
parameter 10 -0.571306 -> -0.500000 qaram    1.1500
parameter 11  0.708436 ->  0.500000 qaram    1.1500
parameters
   -1.6121    1.2551    3.3730   -6.2793  -10.2679  -11.4518
    6.4297    4.9447   -6.0610   22.3718   -3.3154  -13.9209
eta,q 0.95926 25.35156
  0.0436  0.0456  0.0410  0.0438  0.0429  0.0414  0.0419  0.0418  0.0415  0.0429  0.0408  0.0411
  0.0431  0.0445  0.0411  0.0431  0.0421  0.0413  0.0415  0.0415  0.0413  0.0422  0.0408  0.0409
  0.0427  0.0435  0.0412  0.0422  0.0414  0.0412  0.0413  0.0413  0.0412  0.0417  0.0408  0.0407
  0.0426  0.0426  0.0415  0.0411  0.0410  0.0411  0.0412  0.0412  0.0412  0.0412  0.0408  0.0408
  0.0426  0.0418  0.0418  0.0404  0.0414  0.0412  0.0413  0.0413  0.0412  0.0409  0.0409  0.0410
  0.0428  0.0414  0.0422  0.0413  0.0428  0.0428  0.0417  0.0415  0.0413  0.0409  0.0410  0.0414
  0.0432  0.0412  0.0429  0.0449  0.0449  0.0466  0.0424  0.0421  0.0415  0.0412  0.0412  0.0419
niter,ni,del,rscale     7    3    5.0000    1.2000
parameter  2 -1.251870 -> -0.500000 qaram    1.5209
parameters
   -1.0274    3.0802    1.9090   -6.8124  -12.6216  -13.5750
    5.9416    5.9991   -7.8595   25.9536   -5.0826  -17.5370
eta,q 0.96117 25.28336
  0.0421  0.0445  0.0394  0.0418  0.0405  0.0397  0.0401  0.0403  0.0396  0.0418  0.0391  0.0390
  0.0414  0.0432  0.0392  0.0411  0.0398  0.0396  0.0398  0.0398  0.0394  0.0409  0.0390  0.0389
  0.0410  0.0419  0.0392  0.0402  0.0393  0.0395  0.0395  0.0395  0.0394  0.0401  0.0389  0.0388
  0.0407  0.0407  0.0393  0.0392  0.0394  0.0393  0.0394  0.0394  0.0394  0.0394  0.0390  0.0389
  0.0407  0.0398  0.0397  0.0387  0.0403  0.0392  0.0395  0.0394  0.0395  0.0390  0.0390  0.0392
  0.0408  0.0392  0.0403  0.0401  0.0417  0.0401  0.0399  0.0396  0.0397  0.0391  0.0392  0.0396
  0.0412  0.0391  0.0411  0.0446  0.0439  0.0432  0.0404  0.0399  0.0400  0.0397  0.0393  0.0402
niter,ni,del,rscale     7    3    5.0000    1.2000
parameter  2 -0.989571 -> -0.500000 qaram    1.7490
parameters
   -0.6751    5.1790    1.6994   -7.0435  -15.7356  -14.3857
    5.9035    5.5590   -7.6061   27.4476   -5.2743  -21.5963
eta,q 0.96329 25.11274
  0.0399  0.0436  0.0380  0.0398  0.0381  0.0378  0.0380  0.0378  0.0378  0.0397  0.0372  0.0369
  0.0394  0.0419  0.0377  0.0392  0.0374  0.0375  0.0375  0.0373  0.0374  0.0387  0.0370  0.0367
  0.0390  0.0403  0.0374  0.0383  0.0370  0.0373  0.0372  0.0371  0.0372  0.0378  0.0369  0.0367
  0.0388  0.0388  0.0373  0.0373  0.0374  0.0370  0.0371  0.0371  0.0371  0.0371  0.0369  0.0369
  0.0388  0.0377  0.0374  0.0367  0.0385  0.0369  0.0372  0.0372  0.0371  0.0369  0.0369  0.0372
  0.0390  0.0372  0.0377  0.0379  0.0402  0.0372  0.0375  0.0375  0.0373  0.0374  0.0370  0.0377
  0.0395  0.0374  0.0384  0.0419  0.0425  0.0390  0.0381  0.0380  0.0377  0.0386  0.0372  0.0383
niter,ni,del,rscale     7    3    5.0000    1.2000
parameters
   -0.6546    6.9505    2.1106   -7.0314  -17.9857  -14.6610
    5.4501    4.8909   -7.2516   28.1297   -3.4896  -24.6133
eta,q 0.96462 24.98886
  0.0377  0.0422  0.0371  0.0384  0.0372  0.0366  0.0367  0.0365  0.0368  0.0384  0.0361  0.0358
  0.0372  0.0402  0.0365  0.0377  0.0363  0.0362  0.0361  0.0359  0.0362  0.0372  0.0359  0.0355
  0.0368  0.0383  0.0361  0.0368  0.0357  0.0359  0.0357  0.0357  0.0358  0.0362  0.0357  0.0354
  0.0367  0.0367  0.0358  0.0358  0.0358  0.0356  0.0356  0.0356  0.0356  0.0356  0.0355  0.0355
  0.0368  0.0359  0.0358  0.0352  0.0368  0.0356  0.0358  0.0358  0.0357  0.0356  0.0355  0.0359
  0.0371  0.0362  0.0361  0.0362  0.0384  0.0358  0.0363  0.0363  0.0360  0.0364  0.0356  0.0364
  0.0377  0.0375  0.0367  0.0399  0.0408  0.0372  0.0370  0.0368  0.0366  0.0379  0.0358  0.0371
niter,ni,del,rscale     6    3    5.0000    1.2000
parameters
   -0.7510    7.4323    2.5345   -6.6047  -18.9522  -14.2753
    5.1665    5.0507   -7.0920   28.5033   -2.5306  -25.7657
eta,q 0.96504 24.95478
  0.0364  0.0401  0.0365  0.0378  0.0374  0.0363  0.0362  0.0363  0.0363  0.0378  0.0357  0.0357
  0.0358  0.0382  0.0360  0.0371  0.0363  0.0358  0.0356  0.0355  0.0356  0.0366  0.0353  0.0352
  0.0355  0.0365  0.0355  0.0362  0.0354  0.0354  0.0352  0.0351  0.0352  0.0356  0.0351  0.0350
  0.0354  0.0354  0.0352  0.0352  0.0350  0.0350  0.0350  0.0350  0.0350  0.0350  0.0350  0.0350
  0.0355  0.0353  0.0352  0.0345  0.0356  0.0350  0.0352  0.0352  0.0351  0.0351  0.0350  0.0352
  0.0359  0.0365  0.0355  0.0353  0.0370  0.0354  0.0357  0.0355  0.0355  0.0360  0.0352  0.0357
  0.0367  0.0387  0.0361  0.0386  0.0391  0.0364  0.0365  0.0361  0.0362  0.0376  0.0354  0.0363
niter,ni,del,rscale     5    3    5.0000    1.2000
parameters
   -0.8506    7.6203    2.3514   -6.3142  -19.3085  -13.8708
    5.0675    5.3227   -6.9977   28.7899   -1.9995  -26.4884
eta,q 0.96523 24.93677
  0.0361  0.0394  0.0359  0.0377  0.0376  0.0361  0.0362  0.0361  0.0361  0.0376  0.0354  0.0358
  0.0355  0.0375  0.0354  0.0369  0.0364  0.0357  0.0355  0.0353  0.0354  0.0363  0.0351  0.0351
  0.0351  0.0359  0.0351  0.0360  0.0354  0.0352  0.0350  0.0349  0.0350  0.0353  0.0349  0.0348
  0.0350  0.0350  0.0349  0.0349  0.0348  0.0348  0.0348  0.0348  0.0348  0.0348  0.0348  0.0348
  0.0351  0.0351  0.0350  0.0343  0.0351  0.0348  0.0350  0.0349  0.0349  0.0349  0.0348  0.0350
  0.0356  0.0366  0.0355  0.0352  0.0364  0.0350  0.0355  0.0353  0.0354  0.0359  0.0350  0.0354
  0.0364  0.0391  0.0363  0.0387  0.0384  0.0363  0.0363  0.0359  0.0360  0.0375  0.0353  0.0361
niter,ni,del,rscale     4    3    5.0000    1.2000
parameters
   -0.9700    7.6629    2.0596   -6.0958  -19.4396  -13.4601
    4.9962    5.6161   -6.9259   29.1447   -1.4821  -26.9588
eta,q 0.96540 24.93527
  0.0360  0.0391  0.0357  0.0377  0.0376  0.0361  0.0361  0.0360  0.0360  0.0376  0.0353  0.0358
  0.0353  0.0372  0.0352  0.0369  0.0364  0.0356  0.0353  0.0352  0.0353  0.0362  0.0349  0.0350
  0.0349  0.0356  0.0349  0.0359  0.0353  0.0351  0.0348  0.0348  0.0348  0.0352  0.0347  0.0346
  0.0348  0.0348  0.0348  0.0348  0.0347  0.0347  0.0347  0.0347  0.0347  0.0347  0.0346  0.0346
  0.0349  0.0351  0.0349  0.0341  0.0349  0.0345  0.0348  0.0348  0.0348  0.0348  0.0347  0.0349
  0.0354  0.0367  0.0354  0.0351  0.0362  0.0347  0.0353  0.0351  0.0352  0.0357  0.0348  0.0353
  0.0363  0.0393  0.0363  0.0389  0.0382  0.0364  0.0362  0.0358  0.0359  0.0374  0.0351  0.0359
niter,ni,del,rscale     3    3    5.0000    1.2000
parameters
   -1.0862    7.6283    1.6988   -5.8906  -19.5022  -13.0516
    4.9720    5.9092   -6.8326   29.5818   -0.9140  -27.2963
eta,q 0.96559 24.94445
  0.0359  0.0389  0.0355  0.0377  0.0376  0.0360  0.0360  0.0359  0.0358  0.0376  0.0351  0.0358
  0.0352  0.0370  0.0350  0.0369  0.0364  0.0356  0.0352  0.0351  0.0351  0.0362  0.0347  0.0348
  0.0347  0.0354  0.0347  0.0358  0.0352  0.0351  0.0347  0.0346  0.0346  0.0351  0.0345  0.0344
  0.0346  0.0346  0.0346  0.0346  0.0345  0.0345  0.0345  0.0345  0.0345  0.0345  0.0344  0.0344
  0.0348  0.0350  0.0348  0.0339  0.0348  0.0342  0.0346  0.0346  0.0346  0.0346  0.0345  0.0347
  0.0353  0.0367  0.0353  0.0350  0.0360  0.0344  0.0352  0.0349  0.0351  0.0356  0.0346  0.0352
  0.0362  0.0394  0.0362  0.0390  0.0381  0.0365  0.0361  0.0356  0.0358  0.0372  0.0349  0.0358
niter,ni,del,rscale     2    3    5.0000    1.2000
parameters
   -1.2155    7.5508    1.2875   -5.7083  -19.5564  -12.9998
    5.0092    6.0643   -6.7307   30.1018   -0.4297  -27.5357
eta,q 0.96573 24.96305
  0.0357  0.0387  0.0353  0.0377  0.0375  0.0360  0.0359  0.0358  0.0357  0.0376  0.0349  0.0358
  0.0350  0.0368  0.0348  0.0368  0.0362  0.0356  0.0351  0.0349  0.0350  0.0361  0.0346  0.0347
  0.0345  0.0352  0.0345  0.0356  0.0351  0.0350  0.0346  0.0345  0.0345  0.0350  0.0344  0.0343
  0.0344  0.0344  0.0344  0.0344  0.0343  0.0343  0.0343  0.0343  0.0343  0.0343  0.0343  0.0343
  0.0346  0.0349  0.0347  0.0337  0.0346  0.0339  0.0345  0.0344  0.0345  0.0344  0.0343  0.0346
  0.0352  0.0367  0.0352  0.0349  0.0359  0.0345  0.0350  0.0348  0.0349  0.0354  0.0345  0.0351
  0.0360  0.0394  0.0360  0.0391  0.0381  0.0370  0.0360  0.0357  0.0356  0.0371  0.0348  0.0357
niter,ni,del,rscale     1    3    5.0000    1.2000
parameters
   -1.3065    7.5071    1.0234   -5.6213  -19.6003  -13.1855
    5.0537    6.0791   -6.6548   30.4455   -0.1544  -27.6803
eta,q 0.96575 24.97515
  0.0356  0.0387  0.0353  0.0377  0.0374  0.0361  0.0359  0.0357  0.0356  0.0374  0.0349  0.0358
  0.0349  0.0367  0.0347  0.0368  0.0362  0.0356  0.0351  0.0349  0.0349  0.0360  0.0345  0.0347
  0.0344  0.0351  0.0344  0.0355  0.0350  0.0350  0.0345  0.0345  0.0345  0.0349  0.0343  0.0343
  0.0343  0.0343  0.0343  0.0343  0.0342  0.0342  0.0343  0.0343  0.0343  0.0343  0.0343  0.0343
  0.0345  0.0347  0.0345  0.0336  0.0344  0.0337  0.0344  0.0344  0.0344  0.0344  0.0343  0.0346
  0.0350  0.0365  0.0350  0.0349  0.0358  0.0346  0.0350  0.0348  0.0349  0.0355  0.0345  0.0350
  0.0359  0.0392  0.0358  0.0393  0.0380  0.0375  0.0359  0.0358  0.0356  0.0371  0.0348  0.0357
registration optimization eta report
parameter search radius
    2.4000    4.1976    3.1740    8.2800    8.2800    8.2800
    7.2000    7.2000    7.2000    8.2800    8.2800    8.2800
100000*second partial in parameter space
       26.       26.       12.        6.        5.        4.
        3.        3.        2.        4.        1.        2.
  0.0356  0.0387  0.0353  0.0377  0.0374  0.0361  0.0359  0.0357  0.0356  0.0374  0.0349  0.0358
  0.0349  0.0367  0.0347  0.0368  0.0362  0.0356  0.0351  0.0349  0.0349  0.0360  0.0345  0.0347
  0.0344  0.0351  0.0344  0.0355  0.0350  0.0350  0.0345  0.0345  0.0345  0.0349  0.0343  0.0343
  0.0343  0.0343  0.0343  0.0343  0.0342  0.0342  0.0343  0.0343  0.0343  0.0343  0.0343  0.0343
  0.0345  0.0347  0.0345  0.0336  0.0344  0.0337  0.0344  0.0344  0.0344  0.0344  0.0343  0.0346
  0.0350  0.0365  0.0350  0.0349  0.0358  0.0346  0.0350  0.0348  0.0349  0.0355  0.0345  0.0350
  0.0359  0.0392  0.0358  0.0393  0.0380  0.0375  0.0359  0.0358  0.0356  0.0371  0.0348  0.0357
   -1.3065    7.5071    1.0234   -5.6213  -19.6003  -13.1855
    5.0537    6.0791   -6.6548   30.4455   -0.1544  -27.6803
eta,q 0.96575 24.97515

---------------------------------------------------------------------
imgreg_4dfp /opt/freesurfer/average/711-2C_as_mni_average_305 /opt/freesurfer/average/711-2B_as_mni_average_305_mask talsrcimg_g11 none talsrcimg_to_711-2C_as_mni_average_305_t4 2311
---------------------------------------------------------------------

freesurfer imgreg_4dfp.c
/opt/freesurfer/average/711-2C_as_mni_average_305.4dfp.img
       256       256       256         1
  1.000000  1.000000  1.000000
orientation T byte_order littleendian
Reading image: /opt/freesurfer/average/711-2C_as_mni_average_305.4dfp.img
dimensions:      256       256       256
mmppix:       1.0000   -1.0000   -1.0000
center:     128.0000 -129.0000 -129.0000
/opt/freesurfer/average/711-2B_as_mni_average_305_mask.4dfp.img
       256       256       256         1
  1.000000  1.000000  1.000000
orientation T byte_order littleendian
Reading mask: /opt/freesurfer/average/711-2B_as_mni_average_305_mask.4dfp.img (2306576 pixels)
talsrcimg_g11.4dfp.img
       320       320       320         1
  0.800000  0.800000  0.800000
orientation T byte_order littleendian
Reading image: talsrcimg_g11.4dfp.img
dimensions:      320       320       320
mmppix:       0.8000   -0.8000   -0.8000
center:     128.0000 -128.8000 -128.8000
fimgreg.f
image alignment mode   2311 decimal      907 hex
parameters
   -1.3065    7.5071    1.0234   -5.6213  -19.6003  -13.1855
    5.0537    6.0791   -6.6548   30.4455   -0.1544  -27.6803
eta,q 0.96575 24.97515
niter,ni,del,rscale     5    3    5.0000    0.8000
parameter  6 -0.576525 -> -0.500000 qaram    1.1500
parameters
   -1.3324    7.7527    1.0650   -3.2353  -19.8050  -10.4255
    4.9045    5.7117   -6.3734   30.3241   -0.2587  -27.8657
eta,q 0.96684 24.92231
  0.0349  0.0353  0.0346  0.0364  0.0350  0.0348  0.0342  0.0346  0.0341  0.0348  0.0336  0.0340
  0.0345  0.0348  0.0344  0.0357  0.0343  0.0345  0.0336  0.0338  0.0336  0.0339  0.0334  0.0335
  0.0343  0.0344  0.0343  0.0349  0.0338  0.0340  0.0333  0.0333  0.0333  0.0334  0.0332  0.0332
  0.0343  0.0343  0.0342  0.0342  0.0336  0.0336  0.0332  0.0332  0.0332  0.0332  0.0332  0.0332
  0.0343  0.0343  0.0343  0.0337  0.0338  0.0333  0.0333  0.0334  0.0332  0.0334  0.0332  0.0333
  0.0346  0.0344  0.0344  0.0337  0.0344  0.0332  0.0337  0.0340  0.0335  0.0340  0.0334  0.0336
  0.0349  0.0348  0.0345  0.0344  0.0353  0.0337  0.0344  0.0352  0.0340  0.0350  0.0337  0.0340
niter,ni,del,rscale     5    3    5.0000    0.8000
parameters
   -1.3678    7.2583    0.3736   -3.9166  -20.0593  -11.3994
    4.8267    5.9139   -6.4980   31.3097   -0.7840  -28.6817
eta,q 0.96689 24.98768
  0.0343  0.0335  0.0332  0.0348  0.0344  0.0348  0.0342  0.0346  0.0339  0.0352  0.0334  0.0336
  0.0337  0.0332  0.0330  0.0340  0.0337  0.0342  0.0337  0.0339  0.0336  0.0344  0.0333  0.0332
  0.0333  0.0331  0.0329  0.0333  0.0332  0.0335  0.0334  0.0335  0.0333  0.0337  0.0332  0.0331
  0.0332  0.0332  0.0331  0.0329  0.0330  0.0330  0.0333  0.0333  0.0333  0.0333  0.0332  0.0332
  0.0333  0.0335  0.0333  0.0333  0.0332  0.0334  0.0334  0.0333  0.0334  0.0332  0.0332  0.0333
  0.0337  0.0340  0.0337  0.0345  0.0338  0.0348  0.0337  0.0337  0.0336  0.0335  0.0334  0.0336
  0.0344  0.0348  0.0342  0.0370  0.0349  0.0380  0.0343  0.0345  0.0340  0.0342  0.0336  0.0340
niter,ni,del,rscale     4    3    5.0000    0.7000
parameters
   -1.3322    7.4329    0.1992   -3.6944  -20.1321  -11.5591
    4.6904    6.0572   -6.5043   31.7440   -0.8796  -29.0377
eta,q 0.96696 24.98851
  0.0339  0.0340  0.0334  0.0349  0.0342  0.0347  0.0338  0.0342  0.0337  0.0345  0.0333  0.0336
  0.0335  0.0335  0.0332  0.0342  0.0336  0.0341  0.0334  0.0336  0.0333  0.0338  0.0332  0.0332
  0.0332  0.0333  0.0331  0.0335  0.0332  0.0336  0.0332  0.0332  0.0331  0.0333  0.0331  0.0331
  0.0331  0.0331  0.0331  0.0331  0.0330  0.0330  0.0331  0.0331  0.0331  0.0331  0.0331  0.0331
  0.0332  0.0331  0.0332  0.0330  0.0332  0.0330  0.0332  0.0332  0.0331  0.0331  0.0331  0.0332
  0.0334  0.0333  0.0334  0.0336  0.0336  0.0339  0.0335  0.0335  0.0333  0.0334  0.0332  0.0334
  0.0339  0.0336  0.0336  0.0349  0.0344  0.0355  0.0339  0.0341  0.0337  0.0341  0.0334  0.0337
niter,ni,del,rscale     3    3    5.0000    0.6000
parameters
   -1.3116    7.4491    0.1021   -3.5183  -20.2051  -11.4549
    4.6226    6.0922   -6.4795   31.9367   -0.9525  -29.2235
eta,q 0.96703 24.98618
  0.0337  0.0336  0.0333  0.0345  0.0339  0.0345  0.0336  0.0338  0.0334  0.0341  0.0332  0.0334
  0.0333  0.0333  0.0331  0.0339  0.0335  0.0340  0.0332  0.0334  0.0332  0.0335  0.0331  0.0331
  0.0331  0.0331  0.0331  0.0334  0.0331  0.0335  0.0331  0.0331  0.0330  0.0332  0.0330  0.0330
  0.0330  0.0330  0.0330  0.0330  0.0330  0.0330  0.0330  0.0330  0.0330  0.0330  0.0330  0.0330
  0.0331  0.0331  0.0331  0.0330  0.0331  0.0329  0.0331  0.0331  0.0330  0.0330  0.0330  0.0331
  0.0333  0.0333  0.0332  0.0335  0.0334  0.0336  0.0333  0.0333  0.0332  0.0333  0.0331  0.0332
  0.0337  0.0336  0.0334  0.0345  0.0340  0.0347  0.0336  0.0338  0.0334  0.0339  0.0332  0.0335
niter,ni,del,rscale     2    3    5.0000    0.5000
parameters
   -1.3075    7.4408    0.0590   -3.3794  -20.2880  -11.2980
    4.5754    6.0977   -6.4503   31.9994   -1.0086  -29.3278
eta,q 0.96708 24.98057
  0.0334  0.0333  0.0332  0.0341  0.0336  0.0342  0.0333  0.0335  0.0332  0.0337  0.0331  0.0332
  0.0332  0.0331  0.0331  0.0336  0.0333  0.0337  0.0331  0.0332  0.0331  0.0333  0.0330  0.0330
  0.0330  0.0330  0.0330  0.0332  0.0330  0.0333  0.0330  0.0330  0.0330  0.0330  0.0329  0.0329
  0.0330  0.0330  0.0330  0.0330  0.0330  0.0330  0.0329  0.0329  0.0329  0.0329  0.0329  0.0329
  0.0330  0.0330  0.0330  0.0330  0.0330  0.0329  0.0330  0.0330  0.0330  0.0330  0.0329  0.0330
  0.0332  0.0331  0.0331  0.0333  0.0333  0.0334  0.0331  0.0332  0.0331  0.0332  0.0330  0.0331
  0.0334  0.0334  0.0332  0.0340  0.0337  0.0342  0.0334  0.0336  0.0332  0.0336  0.0331  0.0333
niter,ni,del,rscale     1    3    5.0000    0.4000
parameters
   -1.3031    7.4326    0.0569   -3.2659  -20.3561  -11.1178
    4.5440    6.1041   -6.4436   31.9921   -1.0227  -29.3804
eta,q 0.96712 24.97326
  0.0332  0.0332  0.0331  0.0337  0.0333  0.0339  0.0332  0.0333  0.0331  0.0334  0.0330  0.0331
  0.0331  0.0330  0.0330  0.0333  0.0331  0.0335  0.0330  0.0331  0.0330  0.0331  0.0329  0.0330
  0.0330  0.0329  0.0329  0.0331  0.0330  0.0332  0.0329  0.0329  0.0329  0.0329  0.0329  0.0329
  0.0329  0.0329  0.0329  0.0329  0.0329  0.0329  0.0329  0.0329  0.0329  0.0329  0.0329  0.0329
  0.0330  0.0329  0.0329  0.0329  0.0330  0.0329  0.0329  0.0329  0.0329  0.0329  0.0329  0.0329
  0.0331  0.0330  0.0330  0.0332  0.0331  0.0332  0.0330  0.0331  0.0330  0.0331  0.0329  0.0330
  0.0332  0.0332  0.0331  0.0336  0.0334  0.0338  0.0332  0.0333  0.0331  0.0334  0.0330  0.0331
registration optimization eta report
parameter search radius
    0.8000    0.8000    0.8000    2.4000    2.4000    2.7600
    2.4000    2.4000    2.4000    2.4000    2.4000    2.4000
100000*second partial in parameter space
       47.       37.       27.       13.        8.       12.
        5.        7.        4.        9.        2.        4.
  0.0332  0.0332  0.0331  0.0337  0.0333  0.0339  0.0332  0.0333  0.0331  0.0334  0.0330  0.0331
  0.0331  0.0330  0.0330  0.0333  0.0331  0.0335  0.0330  0.0331  0.0330  0.0331  0.0329  0.0330
  0.0330  0.0329  0.0329  0.0331  0.0330  0.0332  0.0329  0.0329  0.0329  0.0329  0.0329  0.0329
  0.0329  0.0329  0.0329  0.0329  0.0329  0.0329  0.0329  0.0329  0.0329  0.0329  0.0329  0.0329
  0.0330  0.0329  0.0329  0.0329  0.0330  0.0329  0.0329  0.0329  0.0329  0.0329  0.0329  0.0329
  0.0331  0.0330  0.0330  0.0332  0.0331  0.0332  0.0330  0.0331  0.0330  0.0331  0.0329  0.0330
  0.0332  0.0332  0.0331  0.0336  0.0334  0.0338  0.0332  0.0333  0.0331  0.0334  0.0330  0.0331
   -1.3031    7.4326    0.0569   -3.2659  -20.3561  -11.1178
    4.5440    6.1041   -6.4436   31.9921   -1.0227  -29.3804
eta,q 0.96712 24.97326

---------------------------------------------------------------------
imgreg_4dfp /opt/freesurfer/average/711-2C_as_mni_average_305 /opt/freesurfer/average/711-2B_as_mni_average_305_mask talsrcimg_g11 none talsrcimg_to_711-2C_as_mni_average_305_t4 2311
---------------------------------------------------------------------

freesurfer imgreg_4dfp.c
/opt/freesurfer/average/711-2C_as_mni_average_305.4dfp.img
       256       256       256         1
  1.000000  1.000000  1.000000
orientation T byte_order littleendian
Reading image: /opt/freesurfer/average/711-2C_as_mni_average_305.4dfp.img
dimensions:      256       256       256
mmppix:       1.0000   -1.0000   -1.0000
center:     128.0000 -129.0000 -129.0000
/opt/freesurfer/average/711-2B_as_mni_average_305_mask.4dfp.img
       256       256       256         1
  1.000000  1.000000  1.000000
orientation T byte_order littleendian
Reading mask: /opt/freesurfer/average/711-2B_as_mni_average_305_mask.4dfp.img (2306576 pixels)
talsrcimg_g11.4dfp.img
       320       320       320         1
  0.800000  0.800000  0.800000
orientation T byte_order littleendian
Reading image: talsrcimg_g11.4dfp.img
dimensions:      320       320       320
mmppix:       0.8000   -0.8000   -0.8000
center:     128.0000 -128.8000 -128.8000
fimgreg.f
image alignment mode   2311 decimal      907 hex
parameters
   -1.3031    7.4326    0.0569   -3.2659  -20.3560  -11.1178
    4.5440    6.1041   -6.4436   31.9921   -1.0227  -29.3804
eta,q 0.96712 24.97326
niter,ni,del,rscale     5    3    5.0000    0.8000
parameters
   -1.3038    7.3955    0.1528   -3.9068  -20.4900  -11.5968
    4.5679    6.0571   -6.5660   32.0668   -1.0288  -29.3687
eta,q 0.96691 24.98793
  0.0341  0.0338  0.0337  0.0348  0.0344  0.0347  0.0341  0.0345  0.0338  0.0347  0.0335  0.0339
  0.0334  0.0333  0.0333  0.0340  0.0337  0.0341  0.0335  0.0337  0.0334  0.0339  0.0333  0.0334
  0.0330  0.0330  0.0330  0.0332  0.0332  0.0335  0.0332  0.0333  0.0332  0.0333  0.0331  0.0331
  0.0329  0.0329  0.0329  0.0329  0.0330  0.0330  0.0331  0.0331  0.0331  0.0331  0.0331  0.0331
  0.0330  0.0330  0.0330  0.0332  0.0331  0.0332  0.0332  0.0332  0.0332  0.0332  0.0331  0.0332
  0.0334  0.0333  0.0332  0.0344  0.0337  0.0342  0.0335  0.0337  0.0334  0.0338  0.0333  0.0335
  0.0341  0.0339  0.0335  0.0369  0.0347  0.0362  0.0341  0.0346  0.0338  0.0347  0.0335  0.0338
niter,ni,del,rscale     4    3    5.0000    0.7000
parameters
   -1.2964    7.5079    0.0668   -3.6670  -20.4042  -11.5262
    4.5846    6.1061   -6.5559   32.0945   -1.0095  -29.3665
eta,q 0.96699 24.98289
  0.0339  0.0339  0.0335  0.0349  0.0343  0.0345  0.0338  0.0342  0.0336  0.0343  0.0333  0.0337
  0.0335  0.0335  0.0332  0.0342  0.0337  0.0340  0.0334  0.0335  0.0333  0.0337  0.0332  0.0333
  0.0332  0.0332  0.0331  0.0336  0.0332  0.0335  0.0331  0.0332  0.0331  0.0332  0.0330  0.0330
  0.0331  0.0331  0.0331  0.0331  0.0330  0.0330  0.0330  0.0330  0.0330  0.0330  0.0330  0.0330
  0.0332  0.0331  0.0332  0.0330  0.0331  0.0329  0.0331  0.0331  0.0331  0.0331  0.0330  0.0331
  0.0334  0.0333  0.0333  0.0336  0.0335  0.0336  0.0334  0.0335  0.0333  0.0336  0.0332  0.0333
  0.0339  0.0337  0.0336  0.0349  0.0343  0.0348  0.0338  0.0342  0.0336  0.0343  0.0333  0.0336
niter,ni,del,rscale     3    3    5.0000    0.6000
parameters
   -1.2970    7.4813    0.0479   -3.5109  -20.3842  -11.3637
    4.5822    6.1045   -6.5133   32.0712   -1.0089  -29.3608
eta,q 0.96705 24.97959
  0.0336  0.0335  0.0334  0.0345  0.0339  0.0343  0.0335  0.0338  0.0334  0.0339  0.0332  0.0334
  0.0333  0.0332  0.0331  0.0339  0.0335  0.0338  0.0332  0.0333  0.0331  0.0334  0.0331  0.0331
  0.0331  0.0331  0.0330  0.0333  0.0331  0.0334  0.0330  0.0331  0.0330  0.0331  0.0330  0.0330
  0.0330  0.0330  0.0330  0.0330  0.0330  0.0330  0.0329  0.0329  0.0329  0.0329  0.0329  0.0329
  0.0331  0.0331  0.0331  0.0330  0.0331  0.0329  0.0330  0.0330  0.0330  0.0331  0.0330  0.0330
  0.0333  0.0333  0.0332  0.0335  0.0334  0.0334  0.0332  0.0333  0.0331  0.0334  0.0331  0.0332
  0.0336  0.0336  0.0334  0.0345  0.0339  0.0343  0.0336  0.0339  0.0334  0.0340  0.0332  0.0334
niter,ni,del,rscale     2    3    5.0000    0.5000
parameters
   -1.2996    7.4604    0.0498   -3.3772  -20.3934  -11.1927
    4.5642    6.0984   -6.4744   32.0246   -1.0467  -29.3759
eta,q 0.96710 24.97422
  0.0334  0.0333  0.0332  0.0340  0.0336  0.0340  0.0333  0.0335  0.0332  0.0336  0.0331  0.0333
  0.0332  0.0331  0.0331  0.0336  0.0333  0.0336  0.0331  0.0332  0.0330  0.0332  0.0330  0.0330
  0.0330  0.0330  0.0330  0.0332  0.0330  0.0332  0.0329  0.0330  0.0329  0.0330  0.0329  0.0329
  0.0329  0.0330  0.0330  0.0329  0.0329  0.0329  0.0329  0.0329  0.0329  0.0329  0.0329  0.0329
  0.0330  0.0330  0.0330  0.0330  0.0330  0.0329  0.0330  0.0330  0.0329  0.0330  0.0329  0.0329
  0.0332  0.0331  0.0331  0.0333  0.0332  0.0332  0.0331  0.0332  0.0330  0.0332  0.0330  0.0331
  0.0334  0.0333  0.0332  0.0340  0.0336  0.0340  0.0333  0.0336  0.0332  0.0337  0.0331  0.0332
niter,ni,del,rscale     1    3    5.0000    0.4000
parameters
   -1.3028    7.4452    0.0677   -3.2694  -20.4252  -11.0188
    4.5387    6.0968   -6.4371   31.9630   -1.0521  -29.3891
eta,q 0.96713 24.96727
  0.0332  0.0331  0.0331  0.0336  0.0333  0.0337  0.0331  0.0333  0.0331  0.0333  0.0330  0.0331
  0.0330  0.0330  0.0330  0.0333  0.0331  0.0334  0.0330  0.0331  0.0330  0.0331  0.0329  0.0330
  0.0329  0.0329  0.0329  0.0330  0.0329  0.0331  0.0329  0.0329  0.0329  0.0329  0.0329  0.0329
  0.0329  0.0329  0.0329  0.0329  0.0329  0.0329  0.0329  0.0329  0.0329  0.0329  0.0329  0.0329
  0.0329  0.0329  0.0329  0.0329  0.0329  0.0329  0.0329  0.0329  0.0329  0.0329  0.0329  0.0329
  0.0330  0.0330  0.0330  0.0331  0.0331  0.0331  0.0330  0.0330  0.0329  0.0331  0.0329  0.0330
  0.0332  0.0332  0.0331  0.0336  0.0334  0.0336  0.0332  0.0333  0.0331  0.0334  0.0330  0.0331
registration optimization eta report
parameter search radius
    0.8000    0.8000    0.8000    2.4000    2.4000    2.4000
    2.4000    2.4000    2.4000    2.4000    2.4000    2.4000
100000*second partial in parameter space
       47.       38.       29.       13.        8.       13.
        5.        7.        3.        9.        2.        4.
  0.0332  0.0331  0.0331  0.0336  0.0333  0.0337  0.0331  0.0333  0.0331  0.0333  0.0330  0.0331
  0.0330  0.0330  0.0330  0.0333  0.0331  0.0334  0.0330  0.0331  0.0330  0.0331  0.0329  0.0330
  0.0329  0.0329  0.0329  0.0330  0.0329  0.0331  0.0329  0.0329  0.0329  0.0329  0.0329  0.0329
  0.0329  0.0329  0.0329  0.0329  0.0329  0.0329  0.0329  0.0329  0.0329  0.0329  0.0329  0.0329
  0.0329  0.0329  0.0329  0.0329  0.0329  0.0329  0.0329  0.0329  0.0329  0.0329  0.0329  0.0329
  0.0330  0.0330  0.0330  0.0331  0.0331  0.0331  0.0330  0.0330  0.0329  0.0331  0.0329  0.0330
  0.0332  0.0332  0.0331  0.0336  0.0334  0.0336  0.0332  0.0333  0.0331  0.0334  0.0330  0.0331
   -1.3028    7.4452    0.0677   -3.2694  -20.4252  -11.0188
    4.5387    6.0968   -6.4371   31.9630   -1.0521  -29.3891
eta,q 0.96713 24.96727

---------------------------------------------------------------------
compute_vox2vox talsrcimg talsrcimg_to_711-2C_as_mni_average_305_t4 /opt/freesurfer/average/711-2C_as_mni_average_305
---------------------------------------------------------------------

freesurfer compute_vox2vox.c
Reading: talsrcimg.4dfp.ifh
Reading: talsrcimg_to_711-2C_as_mni_average_305_t4
Reading: /opt/freesurfer/average/711-2C_as_mni_average_305.4dfp.ifh
Writing: talsrcimg_to_711-2C_as_mni_average_305_t4_vox2vox.txt

start time Tue Mar 10 19:13:13 CET 2026
end		time Tue Mar 10 19:14:39 CET 2026

mpr2mni305 success

avi2talxfm orig_nu.mgz /opt/freesurfer/average/mni305.cor.mgz talsrcimg_to_711-2C_as_mni_average_305_t4_vox2vox.txt transforms/talairach.auto.xfm
avi2talxfm done
mv -f /out/sourcedata/freesurfer/sub-v2s11x28696_ses-1/mri/talsrcimg_to_711-2C_as_mni_average_305_t4_vox2vox.txt /out/sourcedata/freesurfer/sub-v2s11x28696_ses-1/mri/transforms/talsrcimg_to_711-2C_as_mni_average_305_t4_vox2vox.txt
lta_convert --src orig_nu.mgz --trg /opt/freesurfer/average/mni305.cor.mgz --inxfm transforms/talairach.auto.xfm --outlta transforms/talairach.auto.xfm.lta --subject fsaverage
7.3.2

--src: orig_nu.mgz src image (geometry).
--trg: /opt/freesurfer/average/mni305.cor.mgz trg image (geometry).
--inmni: transforms/talairach.auto.xfm input MNI/XFM transform.
--outlta: transforms/talairach.auto.xfm.lta output LTA.
--s: fsaverage subject name
 LTA read, type : 1
 1.02835  -0.04361  -0.07476  -1.84721;
 0.03499   0.99072   0.36390  -2.52031;
 0.06913  -0.40147   1.10446  -21.43974;
 0.00000   0.00000   0.00000   1.00000;
setting subject to fsaverage
Writing  LTA to file transforms/talairach.auto.xfm.lta...
lta_convert successful.
 
 
Started at Tue Mar 10 19:13:13 CET 2026
Ended   at Tue Mar 10 19:14:39 CET 2026
talairach_avi done
