Log file for defect2seg
Tue Mar 10 18:31:33 CET 2026

setenv SUBJECTS_DIR /out/sourcedata/freesurfer
cd /out/sourcedata/freesurfer/sub-v2s11x28684_ses-1/scripts
/opt/freesurfer/bin/defect2seg --s sub-v2s11x28684_ses-1 --rh-only --cortex

freesurfer-linux-ubuntu22_x86_64-7.3.2-20220804-6354275
defect2seg 7.3.2
Linux dna061 5.14.0-427.37.1.el9_4.x86_64 #1 SMP PREEMPT_DYNAMIC Fri Sep 13 12:41:50 EDT 2024 x86_64 x86_64 x86_64 GNU/Linux
pid 700334
mri_label2label --label-cortex /out/sourcedata/freesurfer/sub-v2s11x28684_ses-1/surf/rh.orig.nofix /out/sourcedata/freesurfer/sub-v2s11x28684_ses-1/mri/aseg.presurf.mgz 0 /out/sourcedata/freesurfer/sub-v2s11x28684_ses-1/label/rh.nofix.cortex.label

 Generating cortex label... RemoveHipAmgy=0
 NucAccIsMedialWall=0
 mris->useRealRAS=0
55 non-cortical segments detected
only using segment with 12041 vertices
erasing segment 0 (vno[0] = 9011)
erasing segment 1 (vno[0] = 13713)
erasing segment 2 (vno[0] = 16870)
erasing segment 3 (vno[0] = 17782)
erasing segment 4 (vno[0] = 23364)
erasing segment 5 (vno[0] = 26516)
erasing segment 6 (vno[0] = 28623)
erasing segment 7 (vno[0] = 28646)
erasing segment 8 (vno[0] = 30004)
erasing segment 9 (vno[0] = 31040)
erasing segment 10 (vno[0] = 31059)
erasing segment 11 (vno[0] = 32513)
erasing segment 12 (vno[0] = 36914)
erasing segment 13 (vno[0] = 38608)
erasing segment 14 (vno[0] = 71147)
erasing segment 16 (vno[0] = 107774)
erasing segment 17 (vno[0] = 114853)
erasing segment 18 (vno[0] = 125578)
erasing segment 19 (vno[0] = 128494)
erasing segment 20 (vno[0] = 140100)
erasing segment 21 (vno[0] = 141546)
erasing segment 22 (vno[0] = 146148)
erasing segment 23 (vno[0] = 153274)
erasing segment 24 (vno[0] = 158662)
erasing segment 25 (vno[0] = 160338)
erasing segment 26 (vno[0] = 164182)
erasing segment 27 (vno[0] = 169772)
erasing segment 28 (vno[0] = 173168)
erasing segment 29 (vno[0] = 178480)
erasing segment 30 (vno[0] = 178488)
erasing segment 31 (vno[0] = 181808)
erasing segment 32 (vno[0] = 181950)
erasing segment 33 (vno[0] = 182768)
erasing segment 34 (vno[0] = 183195)
erasing segment 35 (vno[0] = 183215)
erasing segment 36 (vno[0] = 184452)
erasing segment 37 (vno[0] = 184505)
erasing segment 38 (vno[0] = 185634)
erasing segment 39 (vno[0] = 185657)
erasing segment 40 (vno[0] = 185805)
erasing segment 41 (vno[0] = 186870)
erasing segment 42 (vno[0] = 187037)
erasing segment 43 (vno[0] = 187081)
erasing segment 44 (vno[0] = 187096)
erasing segment 45 (vno[0] = 187114)
erasing segment 46 (vno[0] = 188339)
erasing segment 47 (vno[0] = 189253)
erasing segment 48 (vno[0] = 189260)
erasing segment 49 (vno[0] = 194263)
erasing segment 50 (vno[0] = 205111)
erasing segment 51 (vno[0] = 229330)
erasing segment 52 (vno[0] = 242869)
erasing segment 53 (vno[0] = 248330)
erasing segment 54 (vno[0] = 251690)
mri_label2vol --defects /out/sourcedata/freesurfer/sub-v2s11x28684_ses-1/surf/rh.orig.nofix /out/sourcedata/freesurfer/sub-v2s11x28684_ses-1/surf/rh.defect_labels /out/sourcedata/freesurfer/sub-v2s11x28684_ses-1/mri/orig.mgz 2000 0 /out/sourcedata/freesurfer/sub-v2s11x28684_ses-1/mri/rh.surface.defects.mgz /out/sourcedata/freesurfer/sub-v2s11x28684_ses-1/label/rh.nofix.cortex.label
mri_label2vol supposed to be reproducible but seed not set
Contraining to label /out/sourcedata/freesurfer/sub-v2s11x28684_ses-1/label/rh.nofix.cortex.label
Changing input type 0 to MRI_INT
Converting defects to volume: offset=2000, merge=0
Writing to /out/sourcedata/freesurfer/sub-v2s11x28684_ses-1/mri/rh.surface.defects.mgz
mris_defects_pointset -s /out/sourcedata/freesurfer/sub-v2s11x28684_ses-1/surf/rh.orig.nofix -d /out/sourcedata/freesurfer/sub-v2s11x28684_ses-1/surf/rh.defect_labels -o /out/sourcedata/freesurfer/sub-v2s11x28684_ses-1/surf/rh.defects.pointset --label /out/sourcedata/freesurfer/sub-v2s11x28684_ses-1/label/rh.nofix.cortex.label
Reading in surface /out/sourcedata/freesurfer/sub-v2s11x28684_ses-1/surf/rh.orig.nofix
Reading in defect segmentation /out/sourcedata/freesurfer/sub-v2s11x28684_ses-1/surf/rh.defect_labels
Reading in label /out/sourcedata/freesurfer/sub-v2s11x28684_ses-1/label/rh.nofix.cortex.label
#VMPC# mris_defects_pointset 1400120
mris_defects_pointset done
 
Started at Tue Mar 10 18:31:33 CET 2026 
Ended   at Tue Mar 10 18:32:07 CET 2026
Defect2seg-Run-Time-Sec 34
Defect2seg-Run-Time-Min 0.68
Defect2seg-Run-Time-Hours 0.01
 
defect2seg Done
