status file for recon-all
Tue Mar 10 18:19:35 CET 2026
#@# Tessellate rh Tue Mar 10 18:19:35 CET 2026
#@# Smooth1 rh Tue Mar 10 18:19:41 CET 2026
#@# Inflation1 rh Tue Mar 10 18:19:46 CET 2026
#@# QSphere rh Tue Mar 10 18:21:51 CET 2026
#@# Fix Topology rh Tue Mar 10 18:23:48 CET 2026
#@# Smooth2 rh Tue Mar 10 18:39:23 CET 2026
#@# Inflation2 rh Tue Mar 10 18:39:28 CET 2026
#@# Curv .H and .K rh Tue Mar 10 18:40:07 CET 2026
#@# Sphere rh Tue Mar 10 18:41:36 CET 2026
#@# Surf Reg rh Tue Mar 10 18:47:26 CET 2026
#@# Jacobian white rh Tue Mar 10 18:55:15 CET 2026
#@# AvgCurv rh Tue Mar 10 18:55:17 CET 2026
#@# Cortical Parc rh Tue Mar 10 18:55:18 CET 2026
#@# white curv rh Tue Mar 10 19:05:00 CET 2026
#@# white area rh Tue Mar 10 19:05:04 CET 2026
#@# pial curv rh Tue Mar 10 19:05:05 CET 2026
#@# pial area rh Tue Mar 10 19:05:08 CET 2026
#@# thickness rh Tue Mar 10 19:05:10 CET 2026
#@# area and vertex vol rh Tue Mar 10 19:06:11 CET 2026
#@# Curvature Stats rh Tue Mar 10 19:06:14 CET 2026
#@# Cortical Parc 2 rh Tue Mar 10 19:06:18 CET 2026
#@# Cortical Parc 3 rh Tue Mar 10 19:06:43 CET 2026
#@# WM/GM Contrast rh Tue Mar 10 19:07:01 CET 2026
recon-all -s sub-v2s11x28684_ses-1 finished without error at Tue Mar 10 19:07:06 CET 2026



#New# invocation of recon-all 



status file for recon-all
Tue Mar 10 19:28:19 CET 2026
#@# white curv rh Tue Mar 10 19:28:19 CET 2026
#@# white area rh Tue Mar 10 19:28:19 CET 2026
#@# pial curv rh Tue Mar 10 19:28:19 CET 2026
#@# pial area rh Tue Mar 10 19:28:19 CET 2026
#@# thickness rh Tue Mar 10 19:28:19 CET 2026
#@# area and vertex vol rh Tue Mar 10 19:28:19 CET 2026
#@# Parcellation Stats rh Tue Mar 10 19:28:19 CET 2026
#@# Parcellation Stats 2 rh Tue Mar 10 19:29:13 CET 2026
#@# Parcellation Stats 3 rh Tue Mar 10 19:29:41 CET 2026
#@# BA_exvivo Labels rh Tue Mar 10 19:30:07 CET 2026
recon-all -s sub-v2s11x28684_ses-1 finished without error at Tue Mar 10 19:34:46 CET 2026
