status file for recon-all
Tue Mar 10 20:52:53 CET 2026
#@# Tessellate lh Tue Mar 10 20:52:53 CET 2026
#@# Smooth1 lh Tue Mar 10 20:53:01 CET 2026
#@# Inflation1 lh Tue Mar 10 20:53:05 CET 2026
#@# QSphere lh Tue Mar 10 20:54:58 CET 2026
#@# Fix Topology lh Tue Mar 10 20:56:29 CET 2026
#@# Smooth2 lh Tue Mar 10 21:11:09 CET 2026
#@# Inflation2 lh Tue Mar 10 21:11:13 CET 2026
#@# Curv .H and .K lh Tue Mar 10 21:12:16 CET 2026
#@# Sphere lh Tue Mar 10 21:13:22 CET 2026
#@# Surf Reg lh Tue Mar 10 21:18:56 CET 2026
#@# Jacobian white lh Tue Mar 10 21:25:49 CET 2026
#@# AvgCurv lh Tue Mar 10 21:25:50 CET 2026
#@# Cortical Parc lh Tue Mar 10 21:25:52 CET 2026
#@# white curv lh Tue Mar 10 21:35:01 CET 2026
#@# white area lh Tue Mar 10 21:35:04 CET 2026
#@# pial curv lh Tue Mar 10 21:35:05 CET 2026
#@# pial area lh Tue Mar 10 21:35:08 CET 2026
#@# thickness lh Tue Mar 10 21:35:09 CET 2026
#@# area and vertex vol lh Tue Mar 10 21:35:51 CET 2026
#@# Curvature Stats lh Tue Mar 10 21:35:53 CET 2026
#@# Cortical Parc 2 lh Tue Mar 10 21:35:57 CET 2026
#@# Cortical Parc 3 lh Tue Mar 10 21:36:15 CET 2026
#@# WM/GM Contrast lh Tue Mar 10 21:36:30 CET 2026
recon-all -s sub-v2s11x28695_ses-1 finished without error at Tue Mar 10 21:36:35 CET 2026



#New# invocation of recon-all 



status file for recon-all
Tue Mar 10 22:22:33 CET 2026
#@# white curv lh Tue Mar 10 22:22:34 CET 2026
#@# white area lh Tue Mar 10 22:22:34 CET 2026
#@# pial curv lh Tue Mar 10 22:22:34 CET 2026
#@# pial area lh Tue Mar 10 22:22:34 CET 2026
#@# thickness lh Tue Mar 10 22:22:34 CET 2026
#@# area and vertex vol lh Tue Mar 10 22:22:34 CET 2026
#@# Parcellation Stats lh Tue Mar 10 22:22:34 CET 2026
#@# Parcellation Stats 2 lh Tue Mar 10 22:23:06 CET 2026
#@# Parcellation Stats 3 lh Tue Mar 10 22:23:23 CET 2026
#@# BA_exvivo Labels lh Tue Mar 10 22:23:39 CET 2026
recon-all -s sub-v2s11x28695_ses-1 finished without error at Tue Mar 10 22:27:12 CET 2026
