status file for recon-all
Tue Mar 10 18:16:49 CET 2026
#@# MotionCor Tue Mar 10 18:16:53 CET 2026
#@# Talairach Tue Mar 10 18:17:03 CET 2026
#@# Talairach Failure Detection Tue Mar 10 18:24:15 CET 2026
#@# Nu Intensity Correction Tue Mar 10 18:24:15 CET 2026
#@# Intensity Normalization Tue Mar 10 18:30:33 CET 2026
recon-all -s sub-v2s11x28695_ses-1 finished without error at Tue Mar 10 18:35:33 CET 2026



#New# invocation of recon-all 



status file for recon-all
Tue Mar 10 18:43:19 CET 2026
#@# EM Registration Tue Mar 10 18:43:19 CET 2026
recon-all -s sub-v2s11x28695_ses-1 finished without error at Tue Mar 10 18:45:47 CET 2026



#New# invocation of recon-all 



status file for recon-all
Tue Mar 10 18:45:49 CET 2026
#@# CA Normalize Tue Mar 10 18:45:49 CET 2026
#@# CA Reg Tue Mar 10 18:47:38 CET 2026
#@# SubCort Seg Tue Mar 10 19:43:53 CET 2026
#@# CC Seg Tue Mar 10 20:40:28 CET 2026
#@# Merge ASeg Tue Mar 10 20:41:17 CET 2026
#@# Intensity Normalization2 Tue Mar 10 20:41:17 CET 2026
#@# Mask BFS Tue Mar 10 20:46:41 CET 2026
#@# WM Segmentation Tue Mar 10 20:46:42 CET 2026
#@# Fill Tue Mar 10 20:51:03 CET 2026
recon-all -s sub-v2s11x28695_ses-1 finished without error at Tue Mar 10 20:52:48 CET 2026



#New# invocation of recon-all 



status file for recon-all
Tue Mar 10 22:13:41 CET 2026
#@# white curv lh Tue Mar 10 22:13:41 CET 2026
#@# white area lh Tue Mar 10 22:13:41 CET 2026
#@# pial curv lh Tue Mar 10 22:13:41 CET 2026
#@# pial area lh Tue Mar 10 22:13:41 CET 2026
#@# thickness lh Tue Mar 10 22:13:41 CET 2026
#@# area and vertex vol lh Tue Mar 10 22:13:41 CET 2026
#@# white curv rh Tue Mar 10 22:13:41 CET 2026
#@# white area rh Tue Mar 10 22:13:41 CET 2026
#@# pial curv rh Tue Mar 10 22:13:41 CET 2026
#@# pial area rh Tue Mar 10 22:13:41 CET 2026
#@# thickness rh Tue Mar 10 22:13:41 CET 2026
#@# area and vertex vol rh Tue Mar 10 22:13:41 CET 2026
#@# Cortical ribbon mask Tue Mar 10 22:13:41 CET 2026
recon-all -s sub-v2s11x28695_ses-1 finished without error at Tue Mar 10 22:22:30 CET 2026



#New# invocation of recon-all 



status file for recon-all
Tue Mar 10 22:31:21 CET 2026
#@# white curv lh Tue Mar 10 22:31:21 CET 2026
#@# white area lh Tue Mar 10 22:31:21 CET 2026
#@# pial curv lh Tue Mar 10 22:31:21 CET 2026
#@# pial area lh Tue Mar 10 22:31:22 CET 2026
#@# thickness lh Tue Mar 10 22:31:22 CET 2026
#@# area and vertex vol lh Tue Mar 10 22:31:22 CET 2026
#@# white curv rh Tue Mar 10 22:31:22 CET 2026
#@# white area rh Tue Mar 10 22:31:22 CET 2026
#@# pial curv rh Tue Mar 10 22:31:22 CET 2026
#@# pial area rh Tue Mar 10 22:31:22 CET 2026
#@# thickness rh Tue Mar 10 22:31:22 CET 2026
#@# area and vertex vol rh Tue Mar 10 22:31:22 CET 2026
#@# Curvature Stats lh Tue Mar 10 22:31:22 CET 2026
#@# Curvature Stats rh Tue Mar 10 22:31:26 CET 2026
#@# Relabel Hypointensities Tue Mar 10 22:31:29 CET 2026
#@# APas-to-ASeg Tue Mar 10 22:31:54 CET 2026
#@# AParc-to-ASeg aparc Tue Mar 10 22:32:10 CET 2026
#@# AParc-to-ASeg aparc.a2009s Tue Mar 10 22:33:21 CET 2026
#@# AParc-to-ASeg aparc.DKTatlas Tue Mar 10 22:34:27 CET 2026
#@# WMParc Tue Mar 10 22:35:24 CET 2026
#@# ASeg Stats Tue Mar 10 22:41:31 CET 2026
recon-all -s sub-v2s11x28695_ses-1 finished without error at Tue Mar 10 22:42:31 CET 2026
