Log file for defect2seg
Tue Mar 10 17:34:23 CET 2026

setenv SUBJECTS_DIR /out/sourcedata/freesurfer
cd /out/sourcedata/freesurfer/sub-v2s11x28676_ses-1/scripts
/opt/freesurfer/bin/defect2seg --s sub-v2s11x28676_ses-1 --rh-only --cortex

freesurfer-linux-ubuntu22_x86_64-7.3.2-20220804-6354275
defect2seg 7.3.2
Linux dna023 5.14.0-427.37.1.el9_4.x86_64 #1 SMP PREEMPT_DYNAMIC Fri Sep 13 12:41:50 EDT 2024 x86_64 x86_64 x86_64 GNU/Linux
pid 4029304
mri_label2label --label-cortex /out/sourcedata/freesurfer/sub-v2s11x28676_ses-1/surf/rh.orig.nofix /out/sourcedata/freesurfer/sub-v2s11x28676_ses-1/mri/aseg.presurf.mgz 0 /out/sourcedata/freesurfer/sub-v2s11x28676_ses-1/label/rh.nofix.cortex.label

 Generating cortex label... RemoveHipAmgy=0
 NucAccIsMedialWall=0
 mris->useRealRAS=0
29 non-cortical segments detected
only using segment with 10262 vertices
erasing segment 1 (vno[0] = 127142)
erasing segment 2 (vno[0] = 140812)
erasing segment 3 (vno[0] = 140813)
erasing segment 4 (vno[0] = 152156)
erasing segment 5 (vno[0] = 161323)
erasing segment 6 (vno[0] = 162457)
erasing segment 7 (vno[0] = 165045)
erasing segment 8 (vno[0] = 166180)
erasing segment 9 (vno[0] = 168859)
erasing segment 10 (vno[0] = 169991)
erasing segment 11 (vno[0] = 170255)
erasing segment 12 (vno[0] = 171334)
erasing segment 13 (vno[0] = 171363)
erasing segment 14 (vno[0] = 172542)
erasing segment 15 (vno[0] = 172794)
erasing segment 16 (vno[0] = 173708)
erasing segment 17 (vno[0] = 173768)
erasing segment 18 (vno[0] = 173907)
erasing segment 19 (vno[0] = 174865)
erasing segment 20 (vno[0] = 175984)
erasing segment 21 (vno[0] = 178167)
erasing segment 22 (vno[0] = 178178)
erasing segment 23 (vno[0] = 186971)
erasing segment 24 (vno[0] = 187841)
erasing segment 25 (vno[0] = 187900)
erasing segment 26 (vno[0] = 188780)
erasing segment 27 (vno[0] = 191444)
erasing segment 28 (vno[0] = 202806)
mri_label2vol --defects /out/sourcedata/freesurfer/sub-v2s11x28676_ses-1/surf/rh.orig.nofix /out/sourcedata/freesurfer/sub-v2s11x28676_ses-1/surf/rh.defect_labels /out/sourcedata/freesurfer/sub-v2s11x28676_ses-1/mri/orig.mgz 2000 0 /out/sourcedata/freesurfer/sub-v2s11x28676_ses-1/mri/rh.surface.defects.mgz /out/sourcedata/freesurfer/sub-v2s11x28676_ses-1/label/rh.nofix.cortex.label
mri_label2vol supposed to be reproducible but seed not set
Contraining to label /out/sourcedata/freesurfer/sub-v2s11x28676_ses-1/label/rh.nofix.cortex.label
Changing input type 0 to MRI_INT
Converting defects to volume: offset=2000, merge=0
Writing to /out/sourcedata/freesurfer/sub-v2s11x28676_ses-1/mri/rh.surface.defects.mgz
mris_defects_pointset -s /out/sourcedata/freesurfer/sub-v2s11x28676_ses-1/surf/rh.orig.nofix -d /out/sourcedata/freesurfer/sub-v2s11x28676_ses-1/surf/rh.defect_labels -o /out/sourcedata/freesurfer/sub-v2s11x28676_ses-1/surf/rh.defects.pointset --label /out/sourcedata/freesurfer/sub-v2s11x28676_ses-1/label/rh.nofix.cortex.label
Reading in surface /out/sourcedata/freesurfer/sub-v2s11x28676_ses-1/surf/rh.orig.nofix
Reading in defect segmentation /out/sourcedata/freesurfer/sub-v2s11x28676_ses-1/surf/rh.defect_labels
Reading in label /out/sourcedata/freesurfer/sub-v2s11x28676_ses-1/label/rh.nofix.cortex.label
#VMPC# mris_defects_pointset 2136448
mris_defects_pointset done
 
Started at Tue Mar 10 17:34:23 CET 2026 
Ended   at Tue Mar 10 17:34:51 CET 2026
Defect2seg-Run-Time-Sec 28
Defect2seg-Run-Time-Min 0.56
Defect2seg-Run-Time-Hours 0.01
 
defect2seg Done
