status file for recon-all
Tue Mar 10 17:21:39 CET 2026
#@# Tessellate rh Tue Mar 10 17:21:39 CET 2026
#@# Smooth1 rh Tue Mar 10 17:21:46 CET 2026
#@# Inflation1 rh Tue Mar 10 17:21:51 CET 2026
#@# QSphere rh Tue Mar 10 17:23:24 CET 2026
#@# Fix Topology rh Tue Mar 10 17:24:50 CET 2026
#@# Smooth2 rh Tue Mar 10 17:44:39 CET 2026
#@# Inflation2 rh Tue Mar 10 17:44:43 CET 2026
#@# Curv .H and .K rh Tue Mar 10 17:45:20 CET 2026
#@# Sphere rh Tue Mar 10 17:46:36 CET 2026
#@# Surf Reg rh Tue Mar 10 17:50:51 CET 2026
#@# Jacobian white rh Tue Mar 10 17:57:10 CET 2026
#@# AvgCurv rh Tue Mar 10 17:57:11 CET 2026
#@# Cortical Parc rh Tue Mar 10 17:57:12 CET 2026
#@# white curv rh Tue Mar 10 18:06:35 CET 2026
#@# white area rh Tue Mar 10 18:06:38 CET 2026
#@# pial curv rh Tue Mar 10 18:06:39 CET 2026
#@# pial area rh Tue Mar 10 18:06:42 CET 2026
#@# thickness rh Tue Mar 10 18:06:43 CET 2026
#@# area and vertex vol rh Tue Mar 10 18:07:32 CET 2026
#@# Curvature Stats rh Tue Mar 10 18:07:34 CET 2026
#@# Cortical Parc 2 rh Tue Mar 10 18:07:38 CET 2026
#@# Cortical Parc 3 rh Tue Mar 10 18:07:58 CET 2026
#@# WM/GM Contrast rh Tue Mar 10 18:08:13 CET 2026
recon-all -s sub-v2s11x28676_ses-1 finished without error at Tue Mar 10 18:08:18 CET 2026



#New# invocation of recon-all 



status file for recon-all
Tue Mar 10 18:28:53 CET 2026
#@# white curv rh Tue Mar 10 18:28:54 CET 2026
#@# white area rh Tue Mar 10 18:28:54 CET 2026
#@# pial curv rh Tue Mar 10 18:28:54 CET 2026
#@# pial area rh Tue Mar 10 18:28:54 CET 2026
#@# thickness rh Tue Mar 10 18:28:54 CET 2026
#@# area and vertex vol rh Tue Mar 10 18:28:54 CET 2026
#@# Parcellation Stats rh Tue Mar 10 18:28:54 CET 2026
#@# Parcellation Stats 2 rh Tue Mar 10 18:29:35 CET 2026
#@# Parcellation Stats 3 rh Tue Mar 10 18:29:56 CET 2026
#@# BA_exvivo Labels rh Tue Mar 10 18:30:17 CET 2026
recon-all -s sub-v2s11x28676_ses-1 finished without error at Tue Mar 10 18:33:52 CET 2026
