status file for recon-all
Tue Mar 10 16:36:13 CET 2026
#@# Tessellate lh Tue Mar 10 16:36:13 CET 2026
#@# Smooth1 lh Tue Mar 10 16:36:21 CET 2026
#@# Inflation1 lh Tue Mar 10 16:36:25 CET 2026
#@# QSphere lh Tue Mar 10 16:37:53 CET 2026
#@# Fix Topology lh Tue Mar 10 16:39:13 CET 2026
#@# Smooth2 lh Tue Mar 10 16:53:15 CET 2026
#@# Inflation2 lh Tue Mar 10 16:53:19 CET 2026
#@# Curv .H and .K lh Tue Mar 10 16:53:52 CET 2026
#@# Sphere lh Tue Mar 10 16:55:07 CET 2026
#@# Surf Reg lh Tue Mar 10 17:02:48 CET 2026
#@# Jacobian white lh Tue Mar 10 17:11:38 CET 2026
#@# AvgCurv lh Tue Mar 10 17:11:39 CET 2026
#@# Cortical Parc lh Tue Mar 10 17:11:40 CET 2026
#@# white curv lh Tue Mar 10 17:19:57 CET 2026
#@# white area lh Tue Mar 10 17:20:00 CET 2026
#@# pial curv lh Tue Mar 10 17:20:01 CET 2026
#@# pial area lh Tue Mar 10 17:20:03 CET 2026
#@# thickness lh Tue Mar 10 17:20:04 CET 2026
#@# area and vertex vol lh Tue Mar 10 17:20:52 CET 2026
#@# Curvature Stats lh Tue Mar 10 17:20:54 CET 2026
#@# Cortical Parc 2 lh Tue Mar 10 17:20:57 CET 2026
#@# Cortical Parc 3 lh Tue Mar 10 17:21:17 CET 2026
#@# WM/GM Contrast lh Tue Mar 10 17:21:32 CET 2026
recon-all -s sub-v2s11x28676_ses-1 finished without error at Tue Mar 10 17:21:36 CET 2026



#New# invocation of recon-all 



status file for recon-all
Tue Mar 10 18:23:59 CET 2026
#@# white curv lh Tue Mar 10 18:23:59 CET 2026
#@# white area lh Tue Mar 10 18:23:59 CET 2026
#@# pial curv lh Tue Mar 10 18:23:59 CET 2026
#@# pial area lh Tue Mar 10 18:23:59 CET 2026
#@# thickness lh Tue Mar 10 18:23:59 CET 2026
#@# area and vertex vol lh Tue Mar 10 18:23:59 CET 2026
#@# Parcellation Stats lh Tue Mar 10 18:23:59 CET 2026
#@# Parcellation Stats 2 lh Tue Mar 10 18:24:39 CET 2026
#@# Parcellation Stats 3 lh Tue Mar 10 18:25:00 CET 2026
#@# BA_exvivo Labels lh Tue Mar 10 18:25:19 CET 2026
recon-all -s sub-v2s11x28676_ses-1 finished without error at Tue Mar 10 18:28:51 CET 2026
