status file for recon-all
Tue Mar 10 13:47:51 CET 2026
#@# MotionCor Tue Mar 10 13:47:55 CET 2026
#@# Talairach Tue Mar 10 13:48:05 CET 2026
#@# Talairach Failure Detection Tue Mar 10 13:55:12 CET 2026
#@# Nu Intensity Correction Tue Mar 10 13:55:12 CET 2026
#@# Intensity Normalization Tue Mar 10 14:01:25 CET 2026
recon-all -s sub-v2s11x28676_ses-1 finished without error at Tue Mar 10 14:05:42 CET 2026



#New# invocation of recon-all 



status file for recon-all
Tue Mar 10 14:12:40 CET 2026
#@# EM Registration Tue Mar 10 14:12:40 CET 2026
recon-all -s sub-v2s11x28676_ses-1 finished without error at Tue Mar 10 14:14:28 CET 2026



#New# invocation of recon-all 



status file for recon-all
Tue Mar 10 14:14:30 CET 2026
#@# CA Normalize Tue Mar 10 14:14:30 CET 2026
#@# CA Reg Tue Mar 10 14:16:19 CET 2026
#@# SubCort Seg Tue Mar 10 15:02:57 CET 2026
#@# CC Seg Tue Mar 10 16:24:39 CET 2026
#@# Merge ASeg Tue Mar 10 16:25:27 CET 2026
#@# Intensity Normalization2 Tue Mar 10 16:25:27 CET 2026
#@# Mask BFS Tue Mar 10 16:30:12 CET 2026
#@# WM Segmentation Tue Mar 10 16:30:14 CET 2026
#@# Fill Tue Mar 10 16:34:25 CET 2026
recon-all -s sub-v2s11x28676_ses-1 finished without error at Tue Mar 10 16:36:09 CET 2026



#New# invocation of recon-all 



status file for recon-all
Tue Mar 10 18:08:22 CET 2026
#@# white curv lh Tue Mar 10 18:08:22 CET 2026
#@# white area lh Tue Mar 10 18:08:22 CET 2026
#@# pial curv lh Tue Mar 10 18:08:22 CET 2026
#@# pial area lh Tue Mar 10 18:08:22 CET 2026
#@# thickness lh Tue Mar 10 18:08:22 CET 2026
#@# area and vertex vol lh Tue Mar 10 18:08:22 CET 2026
#@# white curv rh Tue Mar 10 18:08:22 CET 2026
#@# white area rh Tue Mar 10 18:08:22 CET 2026
#@# pial curv rh Tue Mar 10 18:08:22 CET 2026
#@# pial area rh Tue Mar 10 18:08:22 CET 2026
#@# thickness rh Tue Mar 10 18:08:22 CET 2026
#@# area and vertex vol rh Tue Mar 10 18:08:22 CET 2026
#@# Cortical ribbon mask Tue Mar 10 18:08:22 CET 2026
recon-all -s sub-v2s11x28676_ses-1 finished without error at Tue Mar 10 18:23:54 CET 2026



#New# invocation of recon-all 



status file for recon-all
Tue Mar 10 18:33:56 CET 2026
#@# white curv lh Tue Mar 10 18:33:56 CET 2026
#@# white area lh Tue Mar 10 18:33:56 CET 2026
#@# pial curv lh Tue Mar 10 18:33:56 CET 2026
#@# pial area lh Tue Mar 10 18:33:56 CET 2026
#@# thickness lh Tue Mar 10 18:33:56 CET 2026
#@# area and vertex vol lh Tue Mar 10 18:33:56 CET 2026
#@# white curv rh Tue Mar 10 18:33:56 CET 2026
#@# white area rh Tue Mar 10 18:33:56 CET 2026
#@# pial curv rh Tue Mar 10 18:33:56 CET 2026
#@# pial area rh Tue Mar 10 18:33:56 CET 2026
#@# thickness rh Tue Mar 10 18:33:56 CET 2026
#@# area and vertex vol rh Tue Mar 10 18:33:56 CET 2026
#@# Curvature Stats lh Tue Mar 10 18:33:56 CET 2026
#@# Curvature Stats rh Tue Mar 10 18:34:00 CET 2026
#@# Relabel Hypointensities Tue Mar 10 18:34:03 CET 2026
#@# APas-to-ASeg Tue Mar 10 18:34:32 CET 2026
#@# AParc-to-ASeg aparc Tue Mar 10 18:34:46 CET 2026
#@# AParc-to-ASeg aparc.a2009s Tue Mar 10 18:36:01 CET 2026
#@# AParc-to-ASeg aparc.DKTatlas Tue Mar 10 18:37:15 CET 2026
#@# WMParc Tue Mar 10 18:38:31 CET 2026
#@# ASeg Stats Tue Mar 10 18:44:03 CET 2026
recon-all -s sub-v2s11x28676_ses-1 finished without error at Tue Mar 10 18:44:48 CET 2026
