status file for recon-all
Tue Mar 10 23:49:22 CET 2026
#@# Tessellate rh Tue Mar 10 23:49:22 CET 2026
#@# Smooth1 rh Tue Mar 10 23:49:28 CET 2026
#@# Inflation1 rh Tue Mar 10 23:49:32 CET 2026
#@# QSphere rh Tue Mar 10 23:51:10 CET 2026
#@# Fix Topology rh Tue Mar 10 23:52:50 CET 2026
#@# Smooth2 rh Tue Mar 10 23:59:22 CET 2026
#@# Inflation2 rh Tue Mar 10 23:59:26 CET 2026
#@# Curv .H and .K rh Wed Mar 11 00:00:02 CET 2026
#@# Sphere rh Wed Mar 11 00:01:06 CET 2026
#@# Surf Reg rh Wed Mar 11 00:06:06 CET 2026
#@# Jacobian white rh Wed Mar 11 00:12:19 CET 2026
#@# AvgCurv rh Wed Mar 11 00:12:20 CET 2026
#@# Cortical Parc rh Wed Mar 11 00:12:21 CET 2026
#@# white curv rh Wed Mar 11 00:20:36 CET 2026
#@# white area rh Wed Mar 11 00:20:38 CET 2026
#@# pial curv rh Wed Mar 11 00:20:39 CET 2026
#@# pial area rh Wed Mar 11 00:20:42 CET 2026
#@# thickness rh Wed Mar 11 00:20:43 CET 2026
#@# area and vertex vol rh Wed Mar 11 00:21:25 CET 2026
#@# Curvature Stats rh Wed Mar 11 00:21:27 CET 2026
#@# Cortical Parc 2 rh Wed Mar 11 00:21:31 CET 2026
#@# Cortical Parc 3 rh Wed Mar 11 00:21:49 CET 2026
#@# WM/GM Contrast rh Wed Mar 11 00:22:04 CET 2026
recon-all -s sub-v2s11x28700_ses-1 finished without error at Wed Mar 11 00:22:08 CET 2026



#New# invocation of recon-all 



status file for recon-all
Wed Mar 11 00:39:02 CET 2026
#@# white curv rh Wed Mar 11 00:39:02 CET 2026
#@# white area rh Wed Mar 11 00:39:02 CET 2026
#@# pial curv rh Wed Mar 11 00:39:02 CET 2026
#@# pial area rh Wed Mar 11 00:39:02 CET 2026
#@# thickness rh Wed Mar 11 00:39:02 CET 2026
#@# area and vertex vol rh Wed Mar 11 00:39:02 CET 2026
#@# Parcellation Stats rh Wed Mar 11 00:39:02 CET 2026
#@# Parcellation Stats 2 rh Wed Mar 11 00:39:34 CET 2026
#@# Parcellation Stats 3 rh Wed Mar 11 00:39:49 CET 2026
#@# BA_exvivo Labels rh Wed Mar 11 00:40:05 CET 2026
recon-all -s sub-v2s11x28700_ses-1 finished without error at Wed Mar 11 00:43:36 CET 2026
