status file for recon-all
Tue Mar 10 20:46:54 CET 2026
#@# MotionCor Tue Mar 10 20:46:58 CET 2026
#@# Talairach Tue Mar 10 20:47:08 CET 2026
#@# Talairach Failure Detection Tue Mar 10 20:54:13 CET 2026
#@# Nu Intensity Correction Tue Mar 10 20:54:13 CET 2026
#@# Intensity Normalization Tue Mar 10 21:00:31 CET 2026
recon-all -s sub-v2s11x28700_ses-1 finished without error at Tue Mar 10 21:04:06 CET 2026



#New# invocation of recon-all 



status file for recon-all
Tue Mar 10 21:11:32 CET 2026
#@# EM Registration Tue Mar 10 21:11:32 CET 2026
recon-all -s sub-v2s11x28700_ses-1 finished without error at Tue Mar 10 21:14:35 CET 2026



#New# invocation of recon-all 



status file for recon-all
Tue Mar 10 21:14:38 CET 2026
#@# CA Normalize Tue Mar 10 21:14:38 CET 2026
#@# CA Reg Tue Mar 10 21:16:26 CET 2026
#@# SubCort Seg Tue Mar 10 22:06:37 CET 2026
#@# CC Seg Tue Mar 10 23:06:54 CET 2026
#@# Merge ASeg Tue Mar 10 23:07:43 CET 2026
#@# Intensity Normalization2 Tue Mar 10 23:07:43 CET 2026
#@# Mask BFS Tue Mar 10 23:12:21 CET 2026
#@# WM Segmentation Tue Mar 10 23:12:22 CET 2026
#@# Fill Tue Mar 10 23:16:31 CET 2026
recon-all -s sub-v2s11x28700_ses-1 finished without error at Tue Mar 10 23:18:12 CET 2026



#New# invocation of recon-all 



status file for recon-all
Wed Mar 11 00:22:14 CET 2026
#@# white curv lh Wed Mar 11 00:22:14 CET 2026
#@# white area lh Wed Mar 11 00:22:14 CET 2026
#@# pial curv lh Wed Mar 11 00:22:14 CET 2026
#@# pial area lh Wed Mar 11 00:22:14 CET 2026
#@# thickness lh Wed Mar 11 00:22:14 CET 2026
#@# area and vertex vol lh Wed Mar 11 00:22:14 CET 2026
#@# white curv rh Wed Mar 11 00:22:14 CET 2026
#@# white area rh Wed Mar 11 00:22:14 CET 2026
#@# pial curv rh Wed Mar 11 00:22:14 CET 2026
#@# pial area rh Wed Mar 11 00:22:14 CET 2026
#@# thickness rh Wed Mar 11 00:22:14 CET 2026
#@# area and vertex vol rh Wed Mar 11 00:22:14 CET 2026
#@# Cortical ribbon mask Wed Mar 11 00:22:14 CET 2026
recon-all -s sub-v2s11x28700_ses-1 finished without error at Wed Mar 11 00:34:25 CET 2026



#New# invocation of recon-all 



status file for recon-all
Wed Mar 11 00:43:42 CET 2026
#@# white curv lh Wed Mar 11 00:43:42 CET 2026
#@# white area lh Wed Mar 11 00:43:42 CET 2026
#@# pial curv lh Wed Mar 11 00:43:43 CET 2026
#@# pial area lh Wed Mar 11 00:43:43 CET 2026
#@# thickness lh Wed Mar 11 00:43:43 CET 2026
#@# area and vertex vol lh Wed Mar 11 00:43:43 CET 2026
#@# white curv rh Wed Mar 11 00:43:43 CET 2026
#@# white area rh Wed Mar 11 00:43:43 CET 2026
#@# pial curv rh Wed Mar 11 00:43:43 CET 2026
#@# pial area rh Wed Mar 11 00:43:43 CET 2026
#@# thickness rh Wed Mar 11 00:43:43 CET 2026
#@# area and vertex vol rh Wed Mar 11 00:43:43 CET 2026
#@# Curvature Stats lh Wed Mar 11 00:43:43 CET 2026
#@# Curvature Stats rh Wed Mar 11 00:43:46 CET 2026
#@# Relabel Hypointensities Wed Mar 11 00:43:49 CET 2026
#@# APas-to-ASeg Wed Mar 11 00:44:16 CET 2026
#@# AParc-to-ASeg aparc Wed Mar 11 00:44:28 CET 2026
#@# AParc-to-ASeg aparc.a2009s Wed Mar 11 00:45:37 CET 2026
#@# AParc-to-ASeg aparc.DKTatlas Wed Mar 11 00:46:49 CET 2026
#@# WMParc Wed Mar 11 00:47:59 CET 2026
#@# ASeg Stats Wed Mar 11 00:54:35 CET 2026
recon-all -s sub-v2s11x28700_ses-1 finished without error at Wed Mar 11 00:55:33 CET 2026
