/out/sourcedata/freesurfer/sub-v2s11x28720_ses-1/mri
/opt/freesurfer/bin/talairach_avi
--i orig_nu.mgz --xfm transforms/talairach.auto.xfm
talairach_avi 7.3.2
Linux dna043 5.14.0-427.37.1.el9_4.x86_64 #1 SMP PREEMPT_DYNAMIC Fri Sep 13 12:41:50 EDT 2024 x86_64 x86_64 x86_64 GNU/Linux
Tue Mar 10 21:06:57 CET 2026
mri_convert orig_nu.mgz talsrcimg.img 
reading from orig_nu.mgz...
TR=0.00, TE=0.00, TI=0.00, flip angle=0.00
i_ras = (-1, 0, 0)
j_ras = (0, 0, -1)
k_ras = (0, 1, 0)
writing to talsrcimg.img...
Analyze Output Matrix
-0.80000   0.00000   0.00000   127.87958;
 0.00000   0.00000   0.80000  -122.49878;
 0.00000  -0.80000   0.00000   142.85071;
 0.00000   0.00000   0.00000   1.00000;
--------------------
INFO: set hdr.hist.orient to -1
mpr2mni305 talsrcimg
Tue Mar 10 21:06:57 CET 2026
/opt/freesurfer/bin/mpr2mni305 talsrcimg
mpr2mni305 7.3.2
target=711-2C_as_mni_average_305

---------------------------------------------------------------------
analyzeto4dfp talsrcimg -O0 -y
---------------------------------------------------------------------

freesurfer ifh2hdr.c
Tue Mar 10 21:06:58 2026
Writing: talsrcimg.4dfp.hdr
freesurfer analyzeto4dfp.c
Reading: talsrcimg.hdr
header size 348 bytes
hdr.dime.datatype	offset=70	value=2
hdr.dime.bitpix		offset=72	value=8
hdr.hist.orient		offset=252	value=-1
dimensionality     4
dimensions       320       320       320         1
Reading: talsrcimg.img
Writing: talsrcimg.4dfp.img
Writing: talsrcimg.4dfp.ifh
ifh2hdr talsrcimg -r0to177
ori=2

---------------------------------------------------------------------
gauss_4dfp talsrcimg 1.1
---------------------------------------------------------------------

freesurfer gauss_4dfp.c
Reading: talsrcimg.4dfp.img
Writing: talsrcimg_g11.4dfp.img
image dimensions 320 320 320 padded to 384 384 384
processing volume 1freesurfer ifh2hdr.c
Tue Mar 10 21:07:14 2026
Writing: talsrcimg_g11.4dfp.hdr

Writing: talsrcimg_g11.4dfp.ifh
including: talsrcimg.4dfp.img.rec in talsrcimg_g11.4dfp.img.rec

---------------------------------------------------------------------
imgreg_4dfp /opt/freesurfer/average/711-2C_as_mni_average_305 none talsrcimg_g11 none talsrcimg_to_711-2C_as_mni_average_305_t4 4355
---------------------------------------------------------------------

freesurfer imgreg_4dfp.c
/opt/freesurfer/average/711-2C_as_mni_average_305.4dfp.img
       256       256       256         1
  1.000000  1.000000  1.000000
orientation T byte_order littleendian
Reading image: /opt/freesurfer/average/711-2C_as_mni_average_305.4dfp.img
dimensions:      256       256       256
mmppix:       1.0000   -1.0000   -1.0000
center:     128.0000 -129.0000 -129.0000
talsrcimg_g11.4dfp.img
       320       320       320         1
  0.800000  0.800000  0.800000
orientation T byte_order littleendian
Reading image: talsrcimg_g11.4dfp.img
dimensions:      320       320       320
mmppix:       0.8000   -0.8000   -0.8000
center:     128.0000 -128.8000 -128.8000
t4_read: open error in t4_sub.f l:  41 t4_file(1:l)talsrcimg_to_711-2C_as_mni_average_305_t4 
t4_read: transform initialized to I4
rotation matrix determinant  1.000000
image alignment mode   4355 decimal     1103 hex
   -7.5000  -45.0000  -45.0000 8688.3398   17.2283
    0.0000  -45.0000  -45.0000 9122.3721   17.3434
    7.5000  -45.0000  -45.0000 8664.0898   17.3373
   -7.5000  -37.5000  -45.0000 9267.3281   17.1406
    0.0000  -37.5000  -45.0000 9715.2168   17.2596
    7.5000  -37.5000  -45.0000 9222.5137   17.2554
   -7.5000  -30.0000  -45.000010106.6865   17.1759
    0.0000  -30.0000  -45.000010595.3457   17.2974
    7.5000  -30.0000  -45.000010046.0557   17.2924
   -7.5000  -22.5000  -45.000010956.6777   17.2808
    0.0000  -22.5000  -45.000011489.9678   17.4009
    7.5000  -22.5000  -45.000010878.3037   17.3930
   -7.5000  -15.0000  -45.000011797.2461   17.3469
    0.0000  -15.0000  -45.000012364.9795   17.4630
    7.5000  -15.0000  -45.000011693.9639   17.4533
   -7.5000   -7.5000  -45.000012613.0029   17.3286
    0.0000   -7.5000  -45.000013226.7725   17.4424
    7.5000   -7.5000  -45.000012497.7900   17.4337
   -7.5000    0.0000  -45.000013288.3564   17.2283
    0.0000    0.0000  -45.000013935.3779   17.3434
    7.5000    0.0000  -45.000013151.2197   17.3373
   -7.5000    7.5000  -45.000012881.3604   17.1406
    0.0000    7.5000  -45.000013528.2842   17.2596
    7.5000    7.5000  -45.000012735.6699   17.2554
   -7.5000   15.0000  -45.000012327.8232   17.1759
    0.0000   15.0000  -45.000012954.8623   17.2974
    7.5000   15.0000  -45.000012184.2041   17.2924
   -7.5000   22.5000  -45.000011521.3975   17.2784
    0.0000   22.5000  -45.000012113.1191   17.3986
    7.5000   22.5000  -45.000011390.7373   17.3906
   -7.5000   30.0000  -45.000010592.4902   17.1157
    0.0000   30.0000  -45.000011146.3721   17.2303
    7.5000   30.0000  -45.000010481.6543   17.2207
   -7.5000   37.5000  -45.000010027.5674   17.0977
    0.0000   37.5000  -45.000010562.0625   17.2099
    7.5000   37.5000  -45.0000 9946.4971   17.2013
   -7.5000   45.0000  -45.0000 9159.8086   16.5671
    0.0000   45.0000  -45.0000 9656.7998   16.6777
    7.5000   45.0000  -45.0000 9089.7197   16.6719
   -7.5000  -45.0000  -37.5000 8900.1768   16.9044
    0.0000  -45.0000  -37.5000 9335.8965   17.0112
    7.5000  -45.0000  -37.5000 8873.6221   16.9995
   -7.5000  -37.5000  -37.5000 9502.2178   16.8166
    0.0000  -37.5000  -37.5000 9951.3291   16.9255
    7.5000  -37.5000  -37.5000 9454.5381   16.9148
   -7.5000  -30.0000  -37.500010375.5693   16.8582
    0.0000  -30.0000  -37.500010846.5908   16.9662
    7.5000  -30.0000  -37.500010301.2051   16.9544
   -7.5000  -22.5000  -37.500011259.8906   16.9693
    0.0000  -22.5000  -37.500011763.8252   17.0741
    7.5000  -22.5000  -37.500011160.0176   17.0599
   -7.5000  -15.0000  -37.500012112.4502   17.0359
    0.0000  -15.0000  -37.500012650.3408   17.1385
    7.5000  -15.0000  -37.500011995.5459   17.1233
   -7.5000   -7.5000  -37.500012946.6641   17.0118
    0.0000   -7.5000  -37.500013524.9658   17.1155
    7.5000   -7.5000  -37.500012824.1406   17.1015
   -7.5000    0.0000  -37.500013623.1123   16.9044
    0.0000    0.0000  -37.500014247.7861   17.0112
    7.5000    0.0000  -37.500013483.4805   16.9995
   -7.5000    7.5000  -37.500013201.1084   16.8166
    0.0000    7.5000  -37.500013816.5791   16.9255
    7.5000    7.5000  -37.500013047.6641   16.9148
   -7.5000   15.0000  -37.500012616.0293   16.8582
    0.0000   15.0000  -37.500013212.3799   16.9662
    7.5000   15.0000  -37.500012459.6309   16.9544
   -7.5000   22.5000  -37.500011785.1846   16.9670
    0.0000   22.5000  -37.500012345.5205   17.0717
    7.5000   22.5000  -37.500011649.2979   17.0576
   -7.5000   30.0000  -37.500010837.1201   16.8089
    0.0000   30.0000  -37.500011349.2080   16.9101
    7.5000   30.0000  -37.500010725.5205   16.8951
   -7.5000   37.5000  -37.500010254.1172   16.7851
    0.0000   37.5000  -37.500010744.4912   16.8874
    7.5000   37.5000  -37.500010169.1680   16.8736
   -7.5000   45.0000  -37.5000 9360.7109   16.2556
    0.0000   45.0000  -37.5000 9834.3916   16.3583
    7.5000   45.0000  -37.5000 9298.2441   16.3470
   -7.5000  -45.0000  -30.0000 9372.8154   17.0952
    0.0000  -45.0000  -30.0000 9827.1797   17.1970
    7.5000  -45.0000  -30.0000 9351.0488   17.1772
   -7.5000  -37.5000  -30.000010023.3555   17.0101
    0.0000  -37.5000  -30.000010487.3857   17.1113
    7.5000  -37.5000  -30.0000 9976.4150   17.0929
   -7.5000  -30.0000  -30.000010965.8291   17.0590
    0.0000  -30.0000  -30.000011442.9902   17.1569
    7.5000  -30.0000  -30.000010886.9980   17.1383
   -7.5000  -22.5000  -30.000011912.9521   17.1744
    0.0000  -22.5000  -30.000012413.4824   17.2697
    7.5000  -22.5000  -30.000011804.8623   17.2491
   -7.5000  -15.0000  -30.000012825.6514   17.2387
    0.0000  -15.0000  -30.000013367.5469   17.3346
    7.5000  -15.0000  -30.000012701.7324   17.3125
   -7.5000   -7.5000  -30.000013711.3232   17.2076
    0.0000   -7.5000  -30.000014283.7412   17.3068
    7.5000   -7.5000  -30.000013586.7324   17.2852
   -7.5000    0.0000  -30.000014405.1553   17.0952
    0.0000    0.0000  -30.000015031.9756   17.1970
    7.5000    0.0000  -30.000014262.8535   17.1772
   -7.5000    7.5000  -30.000013952.6592   17.0101
    0.0000    7.5000  -30.000014554.1719   17.1113
    7.5000    7.5000  -30.000013793.5049   17.0929
   -7.5000   15.0000  -30.000013328.4297   17.0590
    0.0000   15.0000  -30.000013891.1055   17.1569
    7.5000   15.0000  -30.000013163.3545   17.1383
   -7.5000   22.5000  -30.000012458.4541   17.1703
    0.0000   22.5000  -30.000012992.2656   17.2655
    7.5000   22.5000  -30.000012315.6719   17.2450
   -7.5000   30.0000  -30.000011463.8916   17.0106
    0.0000   30.0000  -30.000011959.3447   17.1052
    7.5000   30.0000  -30.000011347.8125   17.0835
   -7.5000   37.5000  -30.000010846.5879   16.9799
    0.0000   37.5000  -30.000011317.3760   17.0778
    7.5000   37.5000  -30.000010762.6992   17.0565
   -7.5000   45.0000  -30.0000 9894.7285   16.4512
    0.0000   45.0000  -30.000010341.1699   16.5492
    7.5000   45.0000  -30.0000 9829.5215   16.5301
   -7.5000  -45.0000  -22.5000 9848.2246   17.1677
    0.0000  -45.0000  -22.500010310.0996   17.2716
    7.5000  -45.0000  -22.5000 9824.0615   17.2500
   -7.5000  -37.5000  -22.500010547.8154   17.0854
    0.0000  -37.5000  -22.500011018.8965   17.1868
    7.5000  -37.5000  -22.500010503.8389   17.1670
   -7.5000  -30.0000  -22.500011564.0010   17.1359
    0.0000  -30.0000  -22.500012060.2080   17.2342
    7.5000  -30.0000  -22.500011483.5166   17.2145
   -7.5000  -22.5000  -22.500012565.1768   17.2499
    0.0000  -22.5000  -22.500013083.8262   17.3476
    7.5000  -22.5000  -22.500012455.3857   17.3260
   -7.5000  -15.0000  -22.500013522.0928   17.3118
    0.0000  -15.0000  -22.500014096.2432   17.4118
    7.5000  -15.0000  -22.500013400.2979   17.3885
   -7.5000   -7.5000  -22.500014464.4531   17.2792
    0.0000   -7.5000  -22.500015078.6660   17.3823
    7.5000   -7.5000  -22.500014336.8760   17.3591
   -7.5000    0.0000  -22.500015187.4688   17.1677
    0.0000    0.0000  -22.500015855.0527   17.2716
    7.5000    0.0000  -22.500015037.7949   17.2500
   -7.5000    7.5000  -22.500014718.5781   17.0854
    0.0000    7.5000  -22.500015337.9463   17.1868
    7.5000    7.5000  -22.500014543.5273   17.1670
   -7.5000   15.0000  -22.500014060.2402   17.1359
    0.0000   15.0000  -22.500014627.0381   17.2342
    7.5000   15.0000  -22.500013887.1523   17.2145
   -7.5000   22.5000  -22.500013139.3564   17.2446
    0.0000   22.5000  -22.500013676.5391   17.3422
    7.5000   22.5000  -22.500013001.0752   17.3207
   -7.5000   30.0000  -22.500012096.5361   17.0853
    0.0000   30.0000  -22.500012593.3730   17.1841
    7.5000   30.0000  -22.500011996.4775   17.1610
   -7.5000   37.5000  -22.500011465.7871   17.0531
    0.0000   37.5000  -22.500011933.5820   17.1550
    7.5000   37.5000  -22.500011394.0791   17.1321
   -7.5000   45.0000  -22.500010457.3301   16.5334
    0.0000   45.0000  -22.500010887.3740   16.6334
    7.5000   45.0000  -22.500010391.9561   16.6126
   -7.5000  -45.0000  -15.000010404.2041   17.1883
    0.0000  -45.0000  -15.000010874.6260   17.2998
    7.5000  -45.0000  -15.000010368.2559   17.2809
   -7.5000  -37.5000  -15.000011159.2656   17.1077
    0.0000  -37.5000  -15.000011638.7578   17.2178
    7.5000  -37.5000  -15.000011101.8359   17.2010
   -7.5000  -30.0000  -15.000012272.7910   17.1559
    0.0000  -30.0000  -15.000012803.9629   17.2658
    7.5000  -30.0000  -15.000012194.6543   17.2487
   -7.5000  -22.5000  -15.000013359.1406   17.2659
    0.0000  -22.5000  -15.000013935.0557   17.3767
    7.5000  -22.5000  -15.000013248.0264   17.3573
   -7.5000  -15.0000  -15.000014368.9941   17.3263
    0.0000  -15.0000  -15.000014989.4990   17.4381
    7.5000  -15.0000  -15.000014243.1816   17.4169
   -7.5000   -7.5000  -15.000015368.2246   17.2960
    0.0000   -7.5000  -15.000016035.3213   17.4083
    7.5000   -7.5000  -15.000015214.7432   17.3873
   -7.5000    0.0000  -15.000016140.4980   17.1883
    0.0000    0.0000  -15.000016859.1113   17.2998
    7.5000    0.0000  -15.000015951.6182   17.2809
   -7.5000    7.5000  -15.000015662.6689   17.1077
    0.0000    7.5000  -15.000016320.5479   17.2178
    7.5000    7.5000  -15.000015451.4717   17.2010
   -7.5000   15.0000  -15.000014962.4531   17.1559
    0.0000   15.0000  -15.000015575.0801   17.2658
    7.5000   15.0000  -15.000014767.9707   17.2487
   -7.5000   22.5000  -15.000013978.8574   17.2598
    0.0000   22.5000  -15.000014557.8857   17.3705
    7.5000   22.5000  -15.000013830.9893   17.3511
   -7.5000   30.0000  -15.000012881.2061   17.1020
    0.0000   30.0000  -15.000013400.9893   17.2125
    7.5000   30.0000  -15.000012768.7129   17.1915
   -7.5000   37.5000  -15.000012231.2217   17.0721
    0.0000   37.5000  -15.000012722.0166   17.1830
    7.5000   37.5000  -15.000012140.4053   17.1623
   -7.5000   45.0000  -15.000011156.0449   16.5632
    0.0000   45.0000  -15.000011602.8604   16.6707
    7.5000   45.0000  -15.000011072.8682   16.6524
   -7.5000  -45.0000   -7.500010961.8555   17.1016
    0.0000  -45.0000   -7.500011440.8584   17.2183
    7.5000  -45.0000   -7.500010877.5195   17.2034
   -7.5000  -37.5000   -7.500011762.2236   17.0211
    0.0000  -37.5000   -7.500012284.9502   17.1396
    7.5000  -37.5000   -7.500011665.6377   17.1268
   -7.5000  -30.0000   -7.500012982.5273   17.0680
    0.0000  -30.0000   -7.500013581.9180   17.1889
    7.5000  -30.0000   -7.500012872.7080   17.1753
   -7.5000  -22.5000   -7.500014206.9570   17.1764
    0.0000  -22.5000   -7.500014876.2422   17.2976
    7.5000  -22.5000   -7.500014063.7109   17.2811
   -7.5000  -15.0000   -7.500015290.3242   17.2368
    0.0000  -15.0000   -7.500015991.5244   17.3560
    7.5000  -15.0000   -7.500015120.7197   17.3375
   -7.5000   -7.5000   -7.500016312.5527   17.2080
    0.0000   -7.5000   -7.500017059.4766   17.3250
    7.5000   -7.5000   -7.500016111.8213   17.3075
   -7.5000    0.0000   -7.500017157.2656   17.1016
    0.0000    0.0000   -7.500017932.2812   17.2183
    7.5000    0.0000   -7.500016907.4453   17.2034
   -7.5000    7.5000   -7.500016682.8633   17.0211
    0.0000    7.5000   -7.500017412.8066   17.1396
    7.5000    7.5000   -7.500016417.5117   17.1268
   -7.5000   15.0000   -7.500015922.2393   17.0680
    0.0000   15.0000   -7.500016636.1934   17.1889
    7.5000   15.0000   -7.500015685.6104   17.1753
   -7.5000   22.5000   -7.500014876.5479   17.1684
    0.0000   22.5000   -7.500015528.6963   17.2896
    7.5000   22.5000   -7.500014695.6211   17.2731
   -7.5000   30.0000   -7.500013741.7764   17.0133
    0.0000   30.0000   -7.500014328.1719   17.1309
    7.5000   30.0000   -7.500013582.1709   17.1127
   -7.5000   37.5000   -7.500013071.9766   16.9849
    0.0000   37.5000   -7.500013617.9414   17.1004
    7.5000   37.5000   -7.500012921.5293   17.0830
   -7.5000   45.0000   -7.500011933.2959   16.4827
    0.0000   45.0000   -7.500012424.0420   16.5952
    7.5000   45.0000   -7.500011788.0059   16.5809
   -7.5000  -45.0000    0.000011393.3975   16.9008
    0.0000  -45.0000    0.000011894.6035   17.0152
    7.5000  -45.0000    0.000011297.0664   17.0003
   -7.5000  -37.5000    0.000012235.3086   16.8198
    0.0000  -37.5000    0.000012788.1797   16.9378
    7.5000  -37.5000    0.000012122.9043   16.9247
   -7.5000  -30.0000    0.000013536.5186   16.8683
    0.0000  -30.0000    0.000014199.9082   16.9886
    7.5000  -30.0000    0.000013396.1191   16.9745
   -7.5000  -22.5000    0.000014904.7656   16.9785
    0.0000  -22.5000    0.000015688.8418   17.0972
    7.5000  -22.5000    0.000014741.6738   17.0802
   -7.5000  -15.0000    0.000016167.6016   17.0395
    0.0000  -15.0000    0.000017041.4355   17.1545
    7.5000  -15.0000    0.000015965.0010   17.1358
   -7.5000   -7.5000    0.000017280.4121   17.0094
    0.0000   -7.5000    0.000018227.4512   17.1223
    7.5000   -7.5000    0.000016995.6660   17.1049
   -7.5000    0.0000    0.000018194.3223   16.9008
    0.0000    0.0000    0.000019118.9395   17.0152
    7.5000    0.0000    0.000017821.4824   17.0003
   -7.5000    7.5000    0.000017696.4609   16.8198
    0.0000    7.5000    0.000018560.1074   16.9378
    7.5000    7.5000    0.000017315.9219   16.9247
   -7.5000   15.0000    0.000016888.6270   16.8683
    0.0000   15.0000    0.000017688.1621   16.9886
    7.5000   15.0000    0.000016546.2852   16.9745
   -7.5000   22.5000    0.000015810.8398   16.9707
    0.0000   22.5000    0.000016529.5469   17.0893
    7.5000   22.5000    0.000015503.1182   17.0723
   -7.5000   30.0000    0.000014618.9219   16.8190
    0.0000   30.0000    0.000015263.0215   16.9325
    7.5000   30.0000    0.000014333.5625   16.9140
   -7.5000   37.5000    0.000013899.7627   16.7892
    0.0000   37.5000    0.000014499.0078   16.9007
    7.5000   37.5000    0.000013649.1992   16.8835
   -7.5000   45.0000    0.000012670.8926   16.2904
    0.0000   45.0000    0.000013213.9336   16.4007
    7.5000   45.0000    0.000012457.6836   16.3864
   -7.5000  -45.0000    7.500011021.4473   17.0844
    0.0000  -45.0000    7.500011528.6064   17.1927
    7.5000  -45.0000    7.500010933.2666   17.1734
   -7.5000  -37.5000    7.500011838.5918   17.0004
    0.0000  -37.5000    7.500012391.3984   17.1108
    7.5000  -37.5000    7.500011716.3613   17.0926
   -7.5000  -30.0000    7.500013101.8574   17.0540
    0.0000  -30.0000    7.500013726.4863   17.1638
    7.5000  -30.0000    7.500012930.2197   17.1447
   -7.5000  -22.5000    7.500014488.2471   17.1719
    0.0000  -22.5000    7.500015238.8145   17.2788
    7.5000  -22.5000    7.500014281.8428   17.2574
   -7.5000  -15.0000    7.500015895.5820   17.2357
    0.0000  -15.0000    7.500016950.8945   17.3404
    7.5000  -15.0000    7.500015649.2002   17.3177
   -7.5000   -7.5000    7.500017156.5039   17.2009
    0.0000   -7.5000    7.500018466.8281   17.3064
    7.5000   -7.5000    7.500016796.2539   17.2849
   -7.5000    0.0000    7.500018043.9141   17.0844
    0.0000    0.0000    7.500019306.9004   17.1927
    7.5000    0.0000    7.500017594.1953   17.1734
   -7.5000    7.5000    7.500017458.9043   17.0004
    0.0000    7.5000    7.500018530.7578   17.1108
    7.5000    7.5000    7.500016994.4883   17.0926
   -7.5000   15.0000    7.500016609.0527   17.0540
    0.0000   15.0000    7.500017532.7480   17.1638
    7.5000   15.0000    7.500016166.3604   17.1447
   -7.5000   22.5000    7.500015539.5947   17.1640
    0.0000   22.5000    7.500016343.1445   17.2708
    7.5000   22.5000    7.500015141.8877   17.2494
   -7.5000   30.0000    7.500014353.4053   17.0126
    0.0000   30.0000    7.500015046.2617   17.1160
    7.5000   30.0000    7.500014007.8428   17.0936
   -7.5000   37.5000    7.500013649.0469   16.9783
    0.0000   37.5000    7.500014276.8379   17.0824
    7.5000   37.5000    7.500013361.6836   17.0612
   -7.5000   45.0000    7.500012427.2812   16.4674
    0.0000   45.0000    7.500012994.4365   16.5718
    7.5000   45.0000    7.500012210.6709   16.5532
   -7.5000  -45.0000   15.000010686.7598   17.4037
    0.0000  -45.0000   15.000011181.1943   17.5062
    7.5000  -45.0000   15.000010579.0342   17.4811
   -7.5000  -37.5000   15.000011466.7051   17.3167
    0.0000  -37.5000   15.000012010.6338   17.4185
    7.5000  -37.5000   15.000011314.4893   17.3946
   -7.5000  -30.0000   15.000012666.7305   17.3744
    0.0000  -30.0000   15.000013252.4961   17.4728
    7.5000  -30.0000   15.000012466.0430   17.4486
   -7.5000  -22.5000   15.000014041.2617   17.4992
    0.0000  -22.5000   15.000014704.5088   17.5949
    7.5000  -22.5000   15.000013769.0889   17.5688
   -7.5000  -15.0000   15.000015506.7480   17.5655
    0.0000  -15.0000   15.000016597.9609   17.6620
    7.5000  -15.0000   15.000015101.5908   17.6344
   -7.5000   -7.5000   15.000016811.7070   17.5269
    0.0000   -7.5000   15.000018271.3906   17.6269
    7.5000   -7.5000   15.000016334.8633   17.6000
   -7.5000    0.0000   15.000017609.3828   17.4037
    0.0000    0.0000   15.000019062.0078   17.5062
    7.5000    0.0000   15.000017161.1055   17.4811
   -7.5000    7.5000   15.000016940.9883   17.3167
    0.0000    7.5000   15.000018141.4414   17.4185
    7.5000    7.5000   15.000016541.0449   17.3946
   -7.5000   15.0000   15.000016055.8955   17.3744
    0.0000   15.0000   15.000017062.0137   17.4728
    7.5000   15.0000   15.000015687.7568   17.4486
   -7.5000   22.5000   15.000015004.5938   17.4911
    0.0000   22.5000   15.000015864.9219   17.5868
    7.5000   22.5000   15.000014676.7207   17.5607
   -7.5000   30.0000   15.000013905.2334   17.3382
    0.0000   30.0000   15.000014627.7646   17.4335
    7.5000   30.0000   15.000013613.7256   17.4062
   -7.5000   37.5000   15.000013267.0713   17.3000
    0.0000   37.5000   15.000013900.3125   17.3987
    7.5000   37.5000   15.000013013.7939   17.3722
   -7.5000   45.0000   15.000012119.7363   16.7752
    0.0000   45.0000   15.000012665.0703   16.8740
    7.5000   45.0000   15.000011894.4561   16.8498
   -7.5000  -45.0000   22.500010309.2979   17.8081
    0.0000  -45.0000   22.500010802.8613   17.9137
    7.5000  -45.0000   22.500010169.8398   17.8876
   -7.5000  -37.5000   22.500011064.8828   17.7175
    0.0000  -37.5000   22.500011592.0908   17.8202
    7.5000  -37.5000   22.500010894.8291   17.7956
   -7.5000  -30.0000   22.500012234.3564   17.7753
    0.0000  -30.0000   22.500012796.5244   17.8743
    7.5000  -30.0000   22.500012022.7939   17.8494
   -7.5000  -22.5000   22.500013614.4092   17.9035
    0.0000  -22.5000   22.500014312.7188   18.0015
    7.5000  -22.5000   22.500013289.7744   17.9747
   -7.5000  -15.0000   22.500015038.9297   17.9726
    0.0000  -15.0000   22.500016006.5078   18.0734
    7.5000  -15.0000   22.500014598.3232   18.0452
   -7.5000   -7.5000   22.500016165.6152   17.9341
    0.0000   -7.5000   22.500017243.2285   18.0388
    7.5000   -7.5000   22.500015743.5303   18.0110
   -7.5000    0.0000   22.500016880.2422   17.8081
    0.0000    0.0000   22.500017912.3984   17.9137
    7.5000    0.0000   22.500016513.8145   17.8876
   -7.5000    7.5000   22.500016278.4248   17.7175
    0.0000    7.5000   22.500017203.2266   17.8202
    7.5000    7.5000   22.500015959.2432   17.7956
   -7.5000   15.0000   22.500015445.5791   17.7753
    0.0000   15.0000   22.500016301.1260   17.8743
    7.5000   15.0000   22.500015149.5977   17.8494
   -7.5000   22.5000   22.500014464.8906   17.8952
    0.0000   22.5000   22.500015233.5459   17.9932
    7.5000   22.5000   22.500014182.7607   17.9665
   -7.5000   30.0000   22.500013425.9609   17.7400
    0.0000   30.0000   22.500014114.2617   17.8395
    7.5000   30.0000   22.500013171.7773   17.8116
   -7.5000   37.5000   22.500012811.6699   17.7020
    0.0000   37.5000   22.500013461.2607   17.8053
    7.5000   37.5000   22.500012561.7510   17.7779
   -7.5000   45.0000   22.500011709.2119   17.1649
    0.0000   45.0000   22.500012287.1660   17.2668
    7.5000   45.0000   22.500011489.6445   17.2416
   -7.5000  -45.0000   30.0000 9870.7725   18.2902
    0.0000  -45.0000   30.000010291.8662   18.4044
    7.5000  -45.0000   30.0000 9742.1689   18.3829
   -7.5000  -37.5000   30.000010581.1123   18.1959
    0.0000  -37.5000   30.000011034.2080   18.3081
    7.5000  -37.5000   30.000010446.7334   18.2881
   -7.5000  -30.0000   30.000011715.4766   18.2515
    0.0000  -30.0000   30.000012252.4199   18.3624
    7.5000  -30.0000   30.000011526.2461   18.3418
   -7.5000  -22.5000   30.000012992.0010   18.3805
    0.0000  -22.5000   30.000013655.8066   18.4921
    7.5000  -22.5000   30.000012734.0449   18.4690
   -7.5000  -15.0000   30.000014109.2764   18.4523
    0.0000  -15.0000   30.000014888.6240   18.5656
    7.5000  -15.0000   30.000013874.6172   18.5411
   -7.5000   -7.5000   30.000015042.2812   18.4166
    0.0000   -7.5000   30.000015829.4873   18.5313
    7.5000   -7.5000   30.000014851.6729   18.5077
   -7.5000    0.0000   30.000015830.1719   18.2902
    0.0000    0.0000   30.000016623.8691   18.4044
    7.5000    0.0000   30.000015602.1719   18.3829
   -7.5000    7.5000   30.000015407.3604   18.1959
    0.0000    7.5000   30.000016157.1826   18.3081
    7.5000    7.5000   30.000015160.2510   18.2881
   -7.5000   15.0000   30.000014679.8301   18.2515
    0.0000   15.0000   30.000015398.7119   18.3624
    7.5000   15.0000   30.000014431.7041   18.3418
   -7.5000   22.5000   30.000013778.8867   18.3721
    0.0000   22.5000   30.000014448.2002   18.4836
    7.5000   22.5000   30.000013536.6006   18.4605
   -7.5000   30.0000   30.000012825.0488   18.2135
    0.0000   30.0000   30.000013432.0010   18.3253
    7.5000   30.0000   30.000012590.5508   18.3012
   -7.5000   37.5000   30.000012276.9541   18.1783
    0.0000   37.5000   30.000012841.1201   18.2915
    7.5000   37.5000   30.000012036.7148   18.2682
   -7.5000   45.0000   30.000011236.7383   17.6297
    0.0000   45.0000   30.000011746.1699   17.7398
    7.5000   45.0000   30.000011026.9824   17.7190
   -7.5000  -45.0000   37.5000 9792.0479   18.6029
    0.0000  -45.0000   37.500010191.1826   18.7245
    7.5000  -45.0000   37.5000 9707.1445   18.7055
   -7.5000  -37.5000   37.500010513.5684   18.5041
    0.0000  -37.5000   37.500010964.1660   18.6276
    7.5000  -37.5000   37.500010421.8271   18.6109
   -7.5000  -30.0000   37.500011646.4697   18.5612
    0.0000  -30.0000   37.500012158.8955   18.6863
    7.5000  -30.0000   37.500011510.2285   18.6686
   -7.5000  -22.5000   37.500012751.0781   18.6951
    0.0000  -22.5000   37.500013356.8389   18.8199
    7.5000  -22.5000   37.500012621.7227   18.7986
   -7.5000  -15.0000   37.500013713.6895   18.7705
    0.0000  -15.0000   37.500014361.6523   18.8933
    7.5000  -15.0000   37.500013626.6758   18.8698
   -7.5000   -7.5000   37.500014701.9600   18.7343
    0.0000   -7.5000   37.500015354.6729   18.8555
    7.5000   -7.5000   37.500014595.8740   18.8332
   -7.5000    0.0000   37.500015574.3652   18.6029
    0.0000    0.0000   37.500016297.5518   18.7245
    7.5000    0.0000   37.500015415.3652   18.7055
   -7.5000    7.5000   37.500015206.7139   18.5041
    0.0000    7.5000   37.500015903.8223   18.6276
    7.5000    7.5000   37.500015015.8789   18.6109
   -7.5000   15.0000   37.500014517.3867   18.5612
    0.0000   15.0000   37.500015175.9453   18.6863
    7.5000   15.0000   37.500014314.2773   18.6686
   -7.5000   22.5000   37.500013643.5869   18.6865
    0.0000   22.5000   37.500014250.7754   18.8113
    7.5000   22.5000   37.500013433.1875   18.7900
   -7.5000   30.0000   37.500012702.5840   18.5276
    0.0000   30.0000   37.500013264.0146   18.6488
    7.5000   30.0000   37.500012490.3359   18.6256
   -7.5000   37.5000   37.500012158.5381   18.4918
    0.0000   37.5000   37.500012713.6123   18.6114
    7.5000   37.5000   37.500011956.3193   18.5895
   -7.5000   45.0000   37.500011137.7871   17.9310
    0.0000   45.0000   37.500011625.2822   18.0482
    7.5000   45.0000   37.500010949.1465   18.0300
   -7.5000  -45.0000   45.0000 9341.4355   19.1032
    0.0000  -45.0000   45.0000 9710.6943   19.2275
    7.5000  -45.0000   45.0000 9274.7949   19.2089
   -7.5000  -37.5000   45.000010043.9424   18.9970
    0.0000  -37.5000   45.000010459.2207   19.1251
    7.5000  -37.5000   45.0000 9965.5195   19.1084
   -7.5000  -30.0000   45.000011075.4404   19.0569
    0.0000  -30.0000   45.000011558.0312   19.1865
    7.5000  -30.0000   45.000010981.6123   19.1682
   -7.5000  -22.5000   45.000012057.3643   19.2001
    0.0000  -22.5000   45.000012594.9590   19.3268
    7.5000  -22.5000   45.000011976.2334   19.3046
   -7.5000  -15.0000   45.000012991.2754   19.2820
    0.0000  -15.0000   45.000013532.4844   19.4047
    7.5000  -15.0000   45.000012915.8428   19.3806
   -7.5000   -7.5000   45.000013973.3857   19.2440
    0.0000   -7.5000   45.000014563.8623   19.3655
    7.5000   -7.5000   45.000013869.8252   19.3434
   -7.5000    0.0000   45.000014812.3740   19.1032
    0.0000    0.0000   45.000015460.5596   19.2275
    7.5000    0.0000   45.000014679.8193   19.2089
   -7.5000    7.5000   45.000014448.0410   18.9970
    0.0000    7.5000   45.000015069.4619   19.1251
    7.5000    7.5000   45.000014299.1328   19.1084
   -7.5000   15.0000   45.000013785.5264   19.0569
    0.0000   15.0000   45.000014366.9629   19.1865
    7.5000   15.0000   45.000013622.0732   19.1682
   -7.5000   22.5000   45.000012954.2549   19.1911
    0.0000   22.5000   45.000013495.7627   19.3178
    7.5000   22.5000   45.000012774.9541   19.2957
   -7.5000   30.0000   45.000012035.9531   19.0308
    0.0000   30.0000   45.000012537.8281   19.1519
    7.5000   30.0000   45.000011853.4482   19.1281
   -7.5000   37.5000   45.000011497.1064   18.9933
    0.0000   37.5000   45.000011978.0107   19.1132
    7.5000   37.5000   45.000011339.0049   19.0914
   -7.5000   45.0000   45.000010528.4355   18.4216
    0.0000   45.0000   45.000010975.9062   18.5415
    7.5000   45.0000   45.000010389.3926   18.5235

---------------------------------------------------------------------
imgreg_4dfp /opt/freesurfer/average/711-2C_as_mni_average_305 /opt/freesurfer/average/711-2B_as_mni_average_305_mask talsrcimg_g11 none talsrcimg_to_711-2C_as_mni_average_305_t4 4355
---------------------------------------------------------------------

freesurfer imgreg_4dfp.c
/opt/freesurfer/average/711-2C_as_mni_average_305.4dfp.img
       256       256       256         1
  1.000000  1.000000  1.000000
orientation T byte_order littleendian
Reading image: /opt/freesurfer/average/711-2C_as_mni_average_305.4dfp.img
dimensions:      256       256       256
mmppix:       1.0000   -1.0000   -1.0000
center:     128.0000 -129.0000 -129.0000
/opt/freesurfer/average/711-2B_as_mni_average_305_mask.4dfp.img
       256       256       256         1
  1.000000  1.000000  1.000000
orientation T byte_order littleendian
Reading mask: /opt/freesurfer/average/711-2B_as_mni_average_305_mask.4dfp.img (2306576 pixels)
talsrcimg_g11.4dfp.img
       320       320       320         1
  0.800000  0.800000  0.800000
orientation T byte_order littleendian
Reading image: talsrcimg_g11.4dfp.img
dimensions:      320       320       320
mmppix:       0.8000   -0.8000   -0.8000
center:     128.0000 -128.8000 -128.8000
rotation matrix determinant  1.000000
image alignment mode   4355 decimal     1103 hex
   -7.5000  -45.0000  -37.5000 2546.8208   25.8219
    0.0000  -45.0000  -37.5000 2553.1689   25.7911
    7.5000  -45.0000  -37.5000 2542.0330   25.6872
   -7.5000  -37.5000  -37.5000 2618.6865   24.0644
    0.0000  -37.5000  -37.5000 2620.8369   24.0176
    7.5000  -37.5000  -37.5000 2611.4988   23.9529
   -7.5000  -30.0000  -37.5000 2656.3372   22.8003
    0.0000  -30.0000  -37.5000 2653.2830   22.7216
    7.5000  -30.0000  -37.5000 2650.9502   22.7598
   -7.5000  -22.5000  -37.5000 2682.6675   21.8331
    0.0000  -22.5000  -37.5000 2680.6335   21.7516
    7.5000  -22.5000  -37.5000 2679.9436   21.8375
   -7.5000  -15.0000  -37.5000 2701.9919   21.1351
    0.0000  -15.0000  -37.5000 2700.8142   21.0832
    7.5000  -15.0000  -37.5000 2701.0491   21.1765
   -7.5000   -7.5000  -37.5000 2710.3574   20.7499
    0.0000   -7.5000  -37.5000 2709.6584   20.7115
    7.5000   -7.5000  -37.5000 2712.3467   20.7975
   -7.5000    0.0000  -37.5000 2710.1536   20.8449
    0.0000    0.0000  -37.5000 2709.3345   20.7793
    7.5000    0.0000  -37.5000 2710.0918   20.8634
   -7.5000    7.5000  -37.5000 2696.7068   21.2007
    0.0000    7.5000  -37.5000 2698.9478   21.1644
    7.5000    7.5000  -37.5000 2696.4243   21.2519
   -7.5000   15.0000  -37.5000 2670.6289   21.8634
    0.0000   15.0000  -37.5000 2674.2097   21.8174
    7.5000   15.0000  -37.5000 2669.3855   21.9184
   -7.5000   22.5000  -37.5000 2614.9128   22.9219
    0.0000   22.5000  -37.5000 2624.4885   22.9156
    7.5000   22.5000  -37.5000 2618.8572   22.9942
   -7.5000   30.0000  -37.5000 2531.4236   24.4403
    0.0000   30.0000  -37.5000 2542.4336   24.4909
    7.5000   30.0000  -37.5000 2536.1069   24.5131
   -7.5000   37.5000  -37.5000 2426.3242   26.4406
    0.0000   37.5000  -37.5000 2439.9102   26.5539
    7.5000   37.5000  -37.5000 2432.2219   26.5810
   -7.5000   45.0000  -37.5000 2313.7749   28.8952
    0.0000   45.0000  -37.5000 2330.4114   28.9878
    7.5000   45.0000  -37.5000 2321.1526   29.0046
   -7.5000  -45.0000  -30.0000 2645.4602   25.6571
    0.0000  -45.0000  -30.0000 2645.6819   25.4902
    7.5000  -45.0000  -30.0000 2640.6699   25.5000
   -7.5000  -37.5000  -30.0000 2724.9011   23.9379
    0.0000  -37.5000  -30.0000 2721.5496   23.7685
    7.5000  -37.5000  -30.0000 2718.1543   23.7936
   -7.5000  -30.0000  -30.0000 2761.6926   22.6349
    0.0000  -30.0000  -30.0000 2754.0884   22.4567
    7.5000  -30.0000  -30.0000 2757.0161   22.5273
   -7.5000  -22.5000  -30.0000 2790.4497   21.6048
    0.0000  -22.5000  -30.0000 2778.0200   21.4190
    7.5000  -22.5000  -30.0000 2789.3882   21.5545
   -7.5000  -15.0000  -30.0000 2814.1497   20.8529
    0.0000  -15.0000  -30.0000 2802.4258   20.7201
    7.5000  -15.0000  -30.0000 2816.3721   20.8603
   -7.5000   -7.5000  -30.0000 2825.3911   20.4200
    0.0000   -7.5000  -30.0000 2814.1343   20.3198
    7.5000   -7.5000  -30.0000 2826.2595   20.4551
   -7.5000    0.0000  -30.0000 2824.5940   20.4608
    0.0000    0.0000  -30.0000 2815.4316   20.3568
    7.5000    0.0000  -30.0000 2822.9426   20.4719
   -7.5000    7.5000  -30.0000 2804.4832   20.7771
    0.0000    7.5000  -30.0000 2802.6819   20.6865
    7.5000    7.5000  -30.0000 2808.5889   20.8310
   -7.5000   15.0000  -30.0000 2774.1514   21.3729
    0.0000   15.0000  -30.0000 2772.4507   21.2717
    7.5000   15.0000  -30.0000 2781.8376   21.4546
   -7.5000   22.5000  -30.0000 2720.8445   22.3745
    0.0000   22.5000  -30.0000 2723.6804   22.2892
    7.5000   22.5000  -30.0000 2727.3582   22.4482
   -7.5000   30.0000  -30.0000 2640.2854   23.8305
    0.0000   30.0000  -30.0000 2645.6531   23.7732
    7.5000   30.0000  -30.0000 2646.1919   23.9309
   -7.5000   37.5000  -30.0000 2532.8650   25.8143
    0.0000   37.5000  -30.0000 2541.7932   25.8144
    7.5000   37.5000  -30.0000 2537.3877   25.9205
   -7.5000   45.0000  -30.0000 2419.3064   28.2082
    0.0000   45.0000  -30.0000 2431.5244   28.2447
    7.5000   45.0000  -30.0000 2422.6570   28.2768
   -7.5000  -45.0000  -22.5000 2707.0808   25.3578
    0.0000  -45.0000  -22.5000 2703.1199   25.1508
    7.5000  -45.0000  -22.5000 2707.9758   25.2873
   -7.5000  -37.5000  -22.5000 2784.8596   23.6138
    0.0000  -37.5000  -22.5000 2775.9492   23.3713
    7.5000  -37.5000  -22.5000 2784.0786   23.5156
   -7.5000  -30.0000  -22.5000 2825.9202   22.3463
    0.0000  -30.0000  -22.5000 2814.2241   22.1054
    7.5000  -30.0000  -22.5000 2825.7788   22.2274
   -7.5000  -22.5000  -22.5000 2849.4026   21.2671
    0.0000  -22.5000  -22.5000 2834.6741   21.0273
    7.5000  -22.5000  -22.5000 2852.0442   21.1572
   -7.5000  -15.0000  -22.5000 2872.9968   20.4279
    0.0000  -15.0000  -22.5000 2860.0283   20.2429
    7.5000  -15.0000  -22.5000 2879.2454   20.3909
   -7.5000   -7.5000  -22.5000 2886.5164   19.9553
    0.0000   -7.5000  -22.5000 2876.7065   19.7835
    7.5000   -7.5000  -22.5000 2892.1130   19.9579
   -7.5000    0.0000  -22.5000 2889.1809   19.9143
    0.0000    0.0000  -22.5000 2882.4734   19.7858
    7.5000    0.0000  -22.5000 2894.2292   19.9506
   -7.5000    7.5000  -22.5000 2874.5537   20.2137
    0.0000    7.5000  -22.5000 2868.1335   20.0634
    7.5000    7.5000  -22.5000 2882.0334   20.2621
   -7.5000   15.0000  -22.5000 2845.9658   20.7695
    0.0000   15.0000  -22.5000 2834.7446   20.5995
    7.5000   15.0000  -22.5000 2852.8152   20.8341
   -7.5000   22.5000  -22.5000 2788.8853   21.7233
    0.0000   22.5000  -22.5000 2779.9534   21.5371
    7.5000   22.5000  -22.5000 2794.4731   21.7923
   -7.5000   30.0000  -22.5000 2706.8291   23.1409
    0.0000   30.0000  -22.5000 2703.1799   22.9912
    7.5000   30.0000  -22.5000 2712.4348   23.2378
   -7.5000   37.5000  -22.5000 2603.7170   25.0708
    0.0000   37.5000  -22.5000 2602.2610   24.9534
    7.5000   37.5000  -22.5000 2606.2822   25.1371
   -7.5000   45.0000  -22.5000 2487.0266   27.3685
    0.0000   45.0000  -22.5000 2490.1594   27.2652
    7.5000   45.0000  -22.5000 2488.1995   27.3987
   -7.5000  -45.0000  -15.0000 2734.2654   25.1171
    0.0000  -45.0000  -15.0000 2733.8135   24.9388
    7.5000  -45.0000  -15.0000 2740.6292   25.0695
   -7.5000  -37.5000  -15.0000 2808.2988   23.3041
    0.0000  -37.5000  -15.0000 2802.2095   23.0943
    7.5000  -37.5000  -15.0000 2816.3743   23.2741
   -7.5000  -30.0000  -15.0000 2850.8713   22.0273
    0.0000  -30.0000  -15.0000 2841.3406   21.7717
    7.5000  -30.0000  -15.0000 2858.2156   21.9669
   -7.5000  -22.5000  -15.0000 2876.8218   20.9408
    0.0000  -22.5000  -15.0000 2866.9199   20.7186
    7.5000  -22.5000  -15.0000 2885.8079   20.8810
   -7.5000  -15.0000  -15.0000 2896.5427   20.0338
    0.0000  -15.0000  -15.0000 2886.0493   19.8123
    7.5000  -15.0000  -15.0000 2905.5945   19.9966
   -7.5000   -7.5000  -15.0000 2914.7791   19.4790
    0.0000   -7.5000  -15.0000 2902.8704   19.2756
    7.5000   -7.5000  -15.0000 2920.3828   19.4940
   -7.5000    0.0000  -15.0000 2921.5576   19.4159
    0.0000    0.0000  -15.0000 2912.3335   19.2330
    7.5000    0.0000  -15.0000 2924.9963   19.4399
   -7.5000    7.5000  -15.0000 2910.7959   19.6890
    0.0000    7.5000  -15.0000 2899.1819   19.4758
    7.5000    7.5000  -15.0000 2916.2268   19.7161
   -7.5000   15.0000  -15.0000 2879.9255   20.2183
    0.0000   15.0000  -15.0000 2868.7114   20.0068
    7.5000   15.0000  -15.0000 2887.3000   20.2597
   -7.5000   22.5000  -15.0000 2823.3115   21.1172
    0.0000   22.5000  -15.0000 2814.5627   20.9185
    7.5000   22.5000  -15.0000 2831.5278   21.1975
   -7.5000   30.0000  -15.0000 2738.1187   22.4781
    0.0000   30.0000  -15.0000 2734.1931   22.3505
    7.5000   30.0000  -15.0000 2746.1592   22.5987
   -7.5000   37.5000  -15.0000 2635.7695   24.3589
    0.0000   37.5000  -15.0000 2638.8789   24.2510
    7.5000   37.5000  -15.0000 2644.9744   24.4939
   -7.5000   45.0000  -15.0000 2520.4326   26.6170
    0.0000   45.0000  -15.0000 2528.5938   26.5187
    7.5000   45.0000  -15.0000 2530.1660   26.7526
   -7.5000  -45.0000   -7.5000 2745.8611   25.0720
    0.0000  -45.0000   -7.5000 2747.0986   24.8442
    7.5000  -45.0000   -7.5000 2747.9297   24.9302
   -7.5000  -37.5000   -7.5000 2816.8313   23.1636
    0.0000  -37.5000   -7.5000 2812.7134   22.9527
    7.5000  -37.5000   -7.5000 2820.0574   23.0651
   -7.5000  -30.0000   -7.5000 2859.6782   21.8221
    0.0000  -30.0000   -7.5000 2852.4888   21.6511
    7.5000  -30.0000   -7.5000 2864.0483   21.7552
   -7.5000  -22.5000   -7.5000 2890.0825   20.7480
    0.0000  -22.5000   -7.5000 2882.5059   20.6007
    7.5000  -22.5000   -7.5000 2896.3599   20.6901
   -7.5000  -15.0000   -7.5000 2904.4021   19.7662
    0.0000  -15.0000   -7.5000 2896.8591   19.6310
    7.5000  -15.0000   -7.5000 2912.7622   19.7577
   -7.5000   -7.5000   -7.5000 2914.8384   19.0913
    0.0000   -7.5000   -7.5000 2904.3081   18.9203
    7.5000   -7.5000   -7.5000 2919.7158   19.1067
   -7.5000    0.0000   -7.5000 2922.9722   18.9557
    0.0000    0.0000   -7.5000 2913.7427   18.8112
    7.5000    0.0000   -7.5000 2925.5557   19.0137
   -7.5000    7.5000   -7.5000 2919.9678   19.2351
    0.0000    7.5000   -7.5000 2909.1541   19.0491
    7.5000    7.5000   -7.5000 2923.3867   19.2756
   -7.5000   15.0000   -7.5000 2891.3379   19.7463
    0.0000   15.0000   -7.5000 2884.9595   19.5744
    7.5000   15.0000   -7.5000 2897.1934   19.7801
   -7.5000   22.5000   -7.5000 2830.2546   20.6240
    0.0000   22.5000   -7.5000 2827.8230   20.4749
    7.5000   22.5000   -7.5000 2841.8167   20.7231
   -7.5000   30.0000   -7.5000 2747.2478   21.9455
    0.0000   30.0000   -7.5000 2747.5376   21.8284
    7.5000   30.0000   -7.5000 2760.4080   22.0982
   -7.5000   37.5000   -7.5000 2648.3525   23.7835
    0.0000   37.5000   -7.5000 2652.7976   23.6677
    7.5000   37.5000   -7.5000 2659.4827   23.9535
   -7.5000   45.0000   -7.5000 2533.3997   25.9781
    0.0000   45.0000   -7.5000 2544.1460   25.8931
    7.5000   45.0000   -7.5000 2543.5288   26.2084
   -7.5000  -45.0000    0.0000 2750.8936   25.1016
    0.0000  -45.0000    0.0000 2749.1389   24.9117
    7.5000  -45.0000    0.0000 2750.9727   24.9674
   -7.5000  -37.5000    0.0000 2821.2834   23.1797
    0.0000  -37.5000    0.0000 2817.5017   23.0166
    7.5000  -37.5000    0.0000 2822.1655   23.0797
   -7.5000  -30.0000    0.0000 2866.2021   21.8048
    0.0000  -30.0000    0.0000 2863.7085   21.7054
    7.5000  -30.0000    0.0000 2866.5698   21.7238
   -7.5000  -22.5000    0.0000 2896.1108   20.7285
    0.0000  -22.5000    0.0000 2895.1135   20.6927
    7.5000  -22.5000    0.0000 2896.0625   20.6461
   -7.5000  -15.0000    0.0000 2914.1099   19.8324
    0.0000  -15.0000    0.0000 2918.9607   19.8451
    7.5000  -15.0000    0.0000 2916.6426   19.7621
   -7.5000   -7.5000    0.0000 2913.1440   19.0260
    0.0000   -7.5000    0.0000 2916.4775   19.0366
    7.5000   -7.5000    0.0000 2915.5168   19.0229
   -7.5000    0.0000    0.0000 2917.8723   18.7698
    0.0000    0.0000    0.0000 2918.8494   18.7433
    7.5000    0.0000    0.0000 2917.9019   18.8309
   -7.5000    7.5000    0.0000 2918.8672   19.0026
    0.0000    7.5000    0.0000 2915.9646   18.9250
    7.5000    7.5000    0.0000 2918.0566   19.0285
   -7.5000   15.0000    0.0000 2893.4502   19.4847
    0.0000   15.0000    0.0000 2897.6123   19.4010
    7.5000   15.0000    0.0000 2896.3162   19.5276
   -7.5000   22.5000    0.0000 2838.4678   20.3689
    0.0000   22.5000    0.0000 2842.5117   20.2573
    7.5000   22.5000    0.0000 2843.7656   20.4241
   -7.5000   30.0000    0.0000 2758.3066   21.6867
    0.0000   30.0000    0.0000 2764.0874   21.5813
    7.5000   30.0000    0.0000 2763.3413   21.7621
   -7.5000   37.5000    0.0000 2663.6560   23.5336
    0.0000   37.5000    0.0000 2666.7253   23.4114
    7.5000   37.5000    0.0000 2668.3774   23.6495
   -7.5000   45.0000    0.0000 2554.6106   25.7006
    0.0000   45.0000    0.0000 2554.0991   25.5628
    7.5000   45.0000    0.0000 2555.6594   25.8489
   -7.5000  -45.0000    7.5000 2749.5125   25.1843
    0.0000  -45.0000    7.5000 2758.8501   25.1383
    7.5000  -45.0000    7.5000 2750.6965   25.0933
   -7.5000  -37.5000    7.5000 2822.8169   23.2383
    0.0000  -37.5000    7.5000 2827.9727   23.2154
    7.5000  -37.5000    7.5000 2824.4731   23.1512
   -7.5000  -30.0000    7.5000 2872.3738   21.8745
    0.0000  -30.0000    7.5000 2877.1787   21.8884
    7.5000  -30.0000    7.5000 2871.4133   21.7617
   -7.5000  -22.5000    7.5000 2907.7439   20.8567
    0.0000  -22.5000    7.5000 2914.7310   20.9272
    7.5000  -22.5000    7.5000 2905.5164   20.7315
   -7.5000  -15.0000    7.5000 2935.9023   20.0595
    0.0000  -15.0000    7.5000 2952.8926   20.2796
    7.5000  -15.0000    7.5000 2933.7400   19.9526
   -7.5000   -7.5000    7.5000 2944.3323   19.4303
    0.0000   -7.5000    7.5000 2989.5083   19.8589
    7.5000   -7.5000    7.5000 2941.2473   19.3314
   -7.5000    0.0000    7.5000 2935.9875   19.0155
    0.0000    0.0000    7.5000 2974.5571   19.3215
    7.5000    0.0000    7.5000 2930.1538   18.9991
   -7.5000    7.5000    7.5000 2919.5759   18.9784
    0.0000    7.5000    7.5000 2944.5732   19.1483
    7.5000    7.5000    7.5000 2913.3889   18.9875
   -7.5000   15.0000    7.5000 2894.5217   19.3436
    0.0000   15.0000    7.5000 2905.7910   19.3813
    7.5000   15.0000    7.5000 2892.3582   19.3549
   -7.5000   22.5000    7.5000 2842.9409   20.2025
    0.0000   22.5000    7.5000 2851.0244   20.1522
    7.5000   22.5000    7.5000 2840.2959   20.1924
   -7.5000   30.0000    7.5000 2767.9258   21.5780
    0.0000   30.0000    7.5000 2771.8447   21.4974
    7.5000   30.0000    7.5000 2765.1399   21.6092
   -7.5000   37.5000    7.5000 2676.0325   23.4022
    0.0000   37.5000    7.5000 2677.2678   23.3251
    7.5000   37.5000    7.5000 2673.0181   23.4724
   -7.5000   45.0000    7.5000 2563.5183   25.5047
    0.0000   45.0000    7.5000 2570.4404   25.4704
    7.5000   45.0000    7.5000 2567.2156   25.6086
   -7.5000  -45.0000   15.0000 2749.6057   25.3238
    0.0000  -45.0000   15.0000 2760.8740   25.2828
    7.5000  -45.0000   15.0000 2753.1411   25.2378
   -7.5000  -37.5000   15.0000 2824.3279   23.3816
    0.0000  -37.5000   15.0000 2838.9348   23.4205
    7.5000  -37.5000   15.0000 2825.9548   23.3127
   -7.5000  -30.0000   15.0000 2876.0178   22.0198
    0.0000  -30.0000   15.0000 2896.2466   22.1529
    7.5000  -30.0000   15.0000 2875.2532   21.9286
   -7.5000  -22.5000   15.0000 2919.6624   21.0554
    0.0000  -22.5000   15.0000 2947.8074   21.2549
    7.5000  -22.5000   15.0000 2914.1301   20.9639
   -7.5000  -15.0000   15.0000 2963.4182   20.3794
    0.0000  -15.0000   15.0000 3003.4375   20.7297
    7.5000  -15.0000   15.0000 2948.9028   20.2422
   -7.5000   -7.5000   15.0000 2987.4736   19.8085
    0.0000   -7.5000   15.0000 3056.8484   20.3612
    7.5000   -7.5000   15.0000 2965.0398   19.6476
   -7.5000    0.0000   15.0000 2963.9055   19.3199
    0.0000    0.0000   15.0000 3041.0725   19.8991
    7.5000    0.0000   15.0000 2950.0930   19.2844
   -7.5000    7.5000   15.0000 2927.5249   19.1034
    0.0000    7.5000   15.0000 2963.3635   19.3892
    7.5000    7.5000   15.0000 2929.3533   19.2143
   -7.5000   15.0000   15.0000 2890.5986   19.3708
    0.0000   15.0000   15.0000 2909.4050   19.4376
    7.5000   15.0000   15.0000 2888.8115   19.4571
   -7.5000   22.5000   15.0000 2840.8489   20.2077
    0.0000   22.5000   15.0000 2851.8687   20.1970
    7.5000   22.5000   15.0000 2837.2500   20.2633
   -7.5000   30.0000   15.0000 2772.8208   21.5803
    0.0000   30.0000   15.0000 2775.8467   21.4982
    7.5000   30.0000   15.0000 2765.7571   21.6064
   -7.5000   37.5000   15.0000 2680.4092   23.3677
    0.0000   37.5000   15.0000 2682.3428   23.2725
    7.5000   37.5000   15.0000 2678.7913   23.4076
   -7.5000   45.0000   15.0000 2575.4832   25.4888
    0.0000   45.0000   15.0000 2579.1304   25.3740
    7.5000   45.0000   15.0000 2575.3398   25.5627
   -7.5000  -45.0000   22.5000 2750.3298   25.5331
    0.0000  -45.0000   22.5000 2770.7629   25.6068
    7.5000  -45.0000   22.5000 2754.5386   25.5026
   -7.5000  -37.5000   22.5000 2826.6057   23.5886
    0.0000  -37.5000   22.5000 2848.6533   23.7308
    7.5000  -37.5000   22.5000 2829.7200   23.5828
   -7.5000  -30.0000   22.5000 2879.6094   22.1563
    0.0000  -30.0000   22.5000 2904.8071   22.3747
    7.5000  -30.0000   22.5000 2883.5105   22.1816
   -7.5000  -22.5000   22.5000 2927.1562   21.1298
    0.0000  -22.5000   22.5000 2953.5344   21.3714
    7.5000  -22.5000   22.5000 2924.7363   21.1393
   -7.5000  -15.0000   22.5000 2973.4321   20.4605
    0.0000  -15.0000   22.5000 3007.8140   20.7886
    7.5000  -15.0000   22.5000 2960.0476   20.3570
   -7.5000   -7.5000   22.5000 2988.9114   19.8045
    0.0000   -7.5000   22.5000 3049.4788   20.2348
    7.5000   -7.5000   22.5000 2971.3250   19.7196
   -7.5000    0.0000   22.5000 2951.2417   19.2393
    0.0000    0.0000   22.5000 2996.7236   19.5056
    7.5000    0.0000   22.5000 2954.3882   19.3989
   -7.5000    7.5000   22.5000 2928.3423   19.2034
    0.0000    7.5000   22.5000 2943.6575   19.2201
    7.5000    7.5000   22.5000 2929.9380   19.3510
   -7.5000   15.0000   22.5000 2901.2097   19.5812
    0.0000   15.0000   22.5000 2916.7932   19.6221
    7.5000   15.0000   22.5000 2901.1230   19.7113
   -7.5000   22.5000   22.5000 2850.9072   20.4673
    0.0000   22.5000   22.5000 2862.8879   20.4833
    7.5000   22.5000   22.5000 2851.7842   20.5713
   -7.5000   30.0000   22.5000 2775.6775   21.7776
    0.0000   30.0000   22.5000 2781.3237   21.7388
    7.5000   30.0000   22.5000 2777.3203   21.8439
   -7.5000   37.5000   22.5000 2683.0662   23.5189
    0.0000   37.5000   22.5000 2689.1167   23.4811
    7.5000   37.5000   22.5000 2679.2620   23.5849
   -7.5000   45.0000   22.5000 2580.8423   25.6007
    0.0000   45.0000   22.5000 2586.4275   25.5262
    7.5000   45.0000   22.5000 2575.8843   25.6562
   -7.5000  -45.0000   30.0000 2747.8569   25.7198
    0.0000  -45.0000   30.0000 2761.1208   25.7392
    7.5000  -45.0000   30.0000 2754.8191   25.8093
   -7.5000  -37.5000   30.0000 2817.5615   23.6607
    0.0000  -37.5000   30.0000 2833.4104   23.7437
    7.5000  -37.5000   30.0000 2829.0349   23.8204
   -7.5000  -30.0000   30.0000 2865.1824   22.1420
    0.0000  -30.0000   30.0000 2883.0635   22.2586
    7.5000  -30.0000   30.0000 2877.1589   22.3019
   -7.5000  -22.5000   30.0000 2913.3416   21.0295
    0.0000  -22.5000   30.0000 2935.1350   21.1734
    7.5000  -22.5000   30.0000 2918.3076   21.1684
   -7.5000  -15.0000   30.0000 2943.4658   20.2053
    0.0000  -15.0000   30.0000 2977.9409   20.4916
    7.5000  -15.0000   30.0000 2938.3289   20.2671
   -7.5000   -7.5000   30.0000 2924.9094   19.3623
    0.0000   -7.5000   30.0000 2951.6843   19.5639
    7.5000   -7.5000   30.0000 2936.5420   19.6192
   -7.5000    0.0000   30.0000 2914.4932   19.0509
    0.0000    0.0000   30.0000 2921.3467   19.0854
    7.5000    0.0000   30.0000 2922.3982   19.3557
   -7.5000    7.5000   30.0000 2921.3267   19.2678
    0.0000    7.5000   30.0000 2928.8960   19.2830
    7.5000    7.5000   30.0000 2922.4092   19.4647
   -7.5000   15.0000   30.0000 2908.7019   19.8147
    0.0000   15.0000   30.0000 2915.4028   19.8069
    7.5000   15.0000   30.0000 2906.6838   19.9509
   -7.5000   22.5000   30.0000 2858.5725   20.7877
    0.0000   22.5000   30.0000 2865.0527   20.7318
    7.5000   22.5000   30.0000 2858.3955   20.8784
   -7.5000   30.0000   30.0000 2780.6443   22.1625
    0.0000   30.0000   30.0000 2785.4448   22.0820
    7.5000   30.0000   30.0000 2781.9387   22.2128
   -7.5000   37.5000   30.0000 2687.9570   23.8777
    0.0000   37.5000   30.0000 2688.5427   23.7963
    7.5000   37.5000   30.0000 2684.9624   23.9479
   -7.5000   45.0000   30.0000 2583.5066   25.8988
    0.0000   45.0000   30.0000 2583.3486   25.8346
    7.5000   45.0000   30.0000 2579.6812   25.9942
   -7.5000  -45.0000   37.5000 2729.4199   25.8250
    0.0000  -45.0000   37.5000 2736.9023   25.7024
    7.5000  -45.0000   37.5000 2746.6882   26.0516
   -7.5000  -37.5000   37.5000 2800.4512   23.7219
    0.0000  -37.5000   37.5000 2809.4260   23.6663
    7.5000  -37.5000   37.5000 2820.1555   24.0010
   -7.5000  -30.0000   37.5000 2852.9429   22.1837
    0.0000  -30.0000   37.5000 2860.5054   22.1796
    7.5000  -30.0000   37.5000 2868.6514   22.4326
   -7.5000  -22.5000   37.5000 2890.2673   20.9936
    0.0000  -22.5000   37.5000 2902.3274   21.0879
    7.5000  -22.5000   37.5000 2899.5664   21.2011
   -7.5000  -15.0000   37.5000 2889.6250   19.9584
    0.0000  -15.0000   37.5000 2906.3645   20.0681
    7.5000  -15.0000   37.5000 2912.7539   20.2556
   -7.5000   -7.5000   37.5000 2890.6328   19.2466
    0.0000   -7.5000   37.5000 2889.2317   19.2184
    7.5000   -7.5000   37.5000 2906.0229   19.6024
   -7.5000    0.0000   37.5000 2914.6836   19.1807
    0.0000    0.0000   37.5000 2924.6765   19.2591
    7.5000    0.0000   37.5000 2914.7627   19.4441
   -7.5000    7.5000   37.5000 2929.2993   19.5474
    0.0000    7.5000   37.5000 2939.0979   19.5930
    7.5000    7.5000   37.5000 2928.3049   19.7258
   -7.5000   15.0000   37.5000 2914.3389   20.1708
    0.0000   15.0000   37.5000 2923.0574   20.1906
    7.5000   15.0000   37.5000 2913.9797   20.3041
   -7.5000   22.5000   37.5000 2864.4277   21.1755
    0.0000   22.5000   37.5000 2867.8958   21.1209
    7.5000   22.5000   37.5000 2863.3071   21.2741
   -7.5000   30.0000   37.5000 2786.1040   22.5620
    0.0000   30.0000   37.5000 2785.5876   22.4898
    7.5000   30.0000   37.5000 2782.0447   22.6569
   -7.5000   37.5000   37.5000 2685.1985   24.3020
    0.0000   37.5000   37.5000 2689.3232   24.2441
    7.5000   37.5000   37.5000 2681.1914   24.3907
   -7.5000   45.0000   37.5000 2568.4016   26.2979
    0.0000   45.0000   37.5000 2562.6865   26.2163
    7.5000   45.0000   37.5000 2570.2527   26.4274
   -7.5000  -45.0000   45.0000 2710.4646   25.9755
    0.0000  -45.0000   45.0000 2710.4458   25.7720
    7.5000  -45.0000   45.0000 2732.6216   26.3086
   -7.5000  -37.5000   45.0000 2783.2273   23.8900
    0.0000  -37.5000   45.0000 2786.5022   23.7633
    7.5000  -37.5000   45.0000 2805.0029   24.2419
   -7.5000  -30.0000   45.0000 2836.2712   22.3587
    0.0000  -30.0000   45.0000 2841.6355   22.3045
    7.5000  -30.0000   45.0000 2848.0994   22.6348
   -7.5000  -22.5000   45.0000 2863.7856   21.1019
    0.0000  -22.5000   45.0000 2867.1746   21.0847
    7.5000  -22.5000   45.0000 2879.6545   21.4013
   -7.5000  -15.0000   45.0000 2868.2463   20.0741
    0.0000  -15.0000   45.0000 2861.6060   19.9674
    7.5000  -15.0000   45.0000 2886.9927   20.4189
   -7.5000   -7.5000   45.0000 2892.3306   19.5069
    0.0000   -7.5000   45.0000 2895.1902   19.5115
    7.5000   -7.5000   45.0000 2897.7427   19.8406
   -7.5000    0.0000   45.0000 2923.6768   19.5573
    0.0000    0.0000   45.0000 2931.5337   19.6101
    7.5000    0.0000   45.0000 2923.3560   19.8041
   -7.5000    7.5000   45.0000 2928.7896   19.9269
    0.0000    7.5000   45.0000 2937.8711   19.9583
    7.5000    7.5000   45.0000 2929.8298   20.0929
   -7.5000   15.0000   45.0000 2908.5244   20.5845
    0.0000   15.0000   45.0000 2916.1216   20.5924
    7.5000   15.0000   45.0000 2910.2585   20.7229
   -7.5000   22.5000   45.0000 2856.4670   21.6086
    0.0000   22.5000   45.0000 2859.9543   21.5932
    7.5000   22.5000   45.0000 2856.6570   21.7352
   -7.5000   30.0000   45.0000 2777.4624   23.0378
    0.0000   30.0000   45.0000 2778.7170   22.9561
    7.5000   30.0000   45.0000 2772.2803   23.1402
   -7.5000   37.5000   45.0000 2676.7937   24.8150
    0.0000   37.5000   45.0000 2672.9360   24.7081
    7.5000   37.5000   45.0000 2673.6294   24.8746
   -7.5000   45.0000   45.0000 2558.5044   26.8445
    0.0000   45.0000   45.0000 2556.2224   26.7700
    7.5000   45.0000   45.0000 2559.4417   26.9104
   -7.5000  -45.0000   52.5000 2694.3723   26.2833
    0.0000  -45.0000   52.5000 2689.9883   26.0442
    7.5000  -45.0000   52.5000 2711.8765   26.6294
   -7.5000  -37.5000   52.5000 2765.9934   24.2090
    0.0000  -37.5000   52.5000 2765.2153   24.0577
    7.5000  -37.5000   52.5000 2779.2163   24.5262
   -7.5000  -30.0000   52.5000 2812.5996   22.6121
    0.0000  -30.0000   52.5000 2811.0032   22.5097
    7.5000  -30.0000   52.5000 2823.5076   22.9169
   -7.5000  -22.5000   52.5000 2831.8643   21.2960
    0.0000  -22.5000   52.5000 2826.0071   21.1755
    7.5000  -22.5000   52.5000 2845.4736   21.6275
   -7.5000  -15.0000   52.5000 2858.3625   20.3954
    0.0000  -15.0000   52.5000 2853.8691   20.2778
    7.5000  -15.0000   52.5000 2863.0713   20.7171
   -7.5000   -7.5000   52.5000 2896.5142   19.9616
    0.0000   -7.5000   52.5000 2894.6445   19.9402
    7.5000   -7.5000   52.5000 2896.4578   20.2819
   -7.5000    0.0000   52.5000 2921.0977   20.0426
    0.0000    0.0000   52.5000 2924.6140   20.0416
    7.5000    0.0000   52.5000 2920.7820   20.3024
   -7.5000    7.5000   52.5000 2918.8032   20.4195
    0.0000    7.5000   52.5000 2927.1538   20.3915
    7.5000    7.5000   52.5000 2920.4851   20.5788
   -7.5000   15.0000   52.5000 2895.8772   21.0900
    0.0000   15.0000   52.5000 2895.6616   21.0399
    7.5000   15.0000   52.5000 2894.6670   21.1991
   -7.5000   22.5000   52.5000 2840.0930   22.1176
    0.0000   22.5000   52.5000 2842.0188   22.0531
    7.5000   22.5000   52.5000 2835.1274   22.1963
   -7.5000   30.0000   52.5000 2761.3457   23.5564
    0.0000   30.0000   52.5000 2759.7354   23.4743
    7.5000   30.0000   52.5000 2755.0208   23.6123
   -7.5000   37.5000   52.5000 2656.3203   25.3126
    0.0000   37.5000   52.5000 2652.7368   25.2706
    7.5000   37.5000   52.5000 2651.2539   25.4139
   -7.5000   45.0000   52.5000 2536.5977   27.3003
    0.0000   45.0000   52.5000 2543.1860   27.2873
    7.5000   45.0000   52.5000 2533.9744   27.4705

---------------------------------------------------------------------
imgreg_4dfp /opt/freesurfer/average/711-2C_as_mni_average_305 /opt/freesurfer/average/711-2B_as_mni_average_305_mask talsrcimg_g11 none talsrcimg_to_711-2C_as_mni_average_305_t4 1283
---------------------------------------------------------------------

freesurfer imgreg_4dfp.c
/opt/freesurfer/average/711-2C_as_mni_average_305.4dfp.img
       256       256       256         1
  1.000000  1.000000  1.000000
orientation T byte_order littleendian
Reading image: /opt/freesurfer/average/711-2C_as_mni_average_305.4dfp.img
dimensions:      256       256       256
mmppix:       1.0000   -1.0000   -1.0000
center:     128.0000 -129.0000 -129.0000
/opt/freesurfer/average/711-2B_as_mni_average_305_mask.4dfp.img
       256       256       256         1
  1.000000  1.000000  1.000000
orientation T byte_order littleendian
Reading mask: /opt/freesurfer/average/711-2B_as_mni_average_305_mask.4dfp.img (2306576 pixels)
talsrcimg_g11.4dfp.img
       320       320       320         1
  0.800000  0.800000  0.800000
orientation T byte_order littleendian
Reading image: talsrcimg_g11.4dfp.img
dimensions:      320       320       320
mmppix:       0.8000   -0.8000   -0.8000
center:     128.0000 -128.8000 -128.8000
rotation matrix determinant  1.000000
fimgreg.f
image alignment mode   1283 decimal      503 hex
parameters
    0.0000   -7.5000   15.0000    0.0000    0.0000    0.0000
eta,q 0.95920 20.48879
niter,ni,del,rscale     5    3   12.0000    1.2000
parameters
   -0.8129   -5.7453   16.9582    1.5412    0.4317   -0.5433
eta,q 0.96050 20.03698
  0.0561  0.0541  0.0549  0.0445  0.0471  0.0428
  0.0489  0.0494  0.0479  0.0433  0.0438  0.0409
  0.0437  0.0452  0.0435  0.0418  0.0414  0.0397
  0.0424  0.0422  0.0408  0.0402  0.0398  0.0396
  0.0478  0.0408  0.0402  0.0399  0.0398  0.0406
  0.0558  0.0419  0.0410  0.0406  0.0422  0.0420
  0.0645  0.0461  0.0436  0.0422  0.0458  0.0438
niter,ni,del,rscale     4    3   12.0000    1.2000
parameters
   -0.9877   -6.5534   17.3068    1.9772    0.5757   -0.7011
eta,q 0.96073 20.09394
  0.0577  0.0479  0.0480  0.0436  0.0463  0.0433
  0.0495  0.0433  0.0430  0.0422  0.0431  0.0413
  0.0430  0.0400  0.0401  0.0404  0.0407  0.0396
  0.0395  0.0396  0.0394  0.0394  0.0393  0.0393
  0.0431  0.0426  0.0399  0.0397  0.0398  0.0402
  0.0510  0.0475  0.0421  0.0409  0.0425  0.0417
  0.0600  0.0530  0.0459  0.0430  0.0460  0.0435
niter,ni,del,rscale     3    3   12.0000    1.2000
parameters
   -1.0442   -6.8177   17.3960    2.1841    0.6142   -0.7344
eta,q 0.96070 20.10890
  0.0579  0.0497  0.0471  0.0434  0.0462  0.0435
  0.0499  0.0447  0.0423  0.0419  0.0429  0.0415
  0.0431  0.0407  0.0398  0.0402  0.0406  0.0397
  0.0393  0.0393  0.0393  0.0393  0.0393  0.0393
  0.0425  0.0414  0.0401  0.0398  0.0400  0.0401
  0.0503  0.0462  0.0424  0.0411  0.0428  0.0416
  0.0590  0.0514  0.0463  0.0432  0.0463  0.0434
niter,ni,del,rscale     2    3   12.0000    1.2000
parameters
   -1.0614   -6.9209   17.4243    2.2730    0.6188   -0.7387
eta,q 0.96068 20.11419
  0.0580  0.0503  0.0469  0.0433  0.0462  0.0435
  0.0502  0.0451  0.0421  0.0418  0.0429  0.0415
  0.0433  0.0410  0.0398  0.0401  0.0406  0.0398
  0.0393  0.0393  0.0393  0.0393  0.0393  0.0393
  0.0424  0.0410  0.0401  0.0398  0.0400  0.0401
  0.0501  0.0458  0.0424  0.0412  0.0428  0.0416
  0.0587  0.0510  0.0463  0.0434  0.0464  0.0434
niter,ni,del,rscale     1    3   12.0000    1.2000
parameters
   -1.0649   -6.9645   17.4361    2.3150    0.6155   -0.7351
eta,q 0.96067 20.11606
  0.0581  0.0505  0.0468  0.0433  0.0462  0.0436
  0.0503  0.0453  0.0421  0.0417  0.0429  0.0415
  0.0434  0.0411  0.0398  0.0400  0.0405  0.0398
  0.0393  0.0393  0.0393  0.0393  0.0393  0.0393
  0.0423  0.0409  0.0401  0.0399  0.0400  0.0401
  0.0500  0.0456  0.0425  0.0413  0.0429  0.0416
  0.0586  0.0508  0.0464  0.0434  0.0464  0.0434
registration optimization eta report
parameter search radius
    6.0000    6.0000    6.0000    6.0000    6.0000    6.0000
100000*second partial in parameter space
       50.       31.       21.       11.       19.       11.
  0.0581  0.0505  0.0468  0.0433  0.0462  0.0436
  0.0503  0.0453  0.0421  0.0417  0.0429  0.0415
  0.0434  0.0411  0.0398  0.0400  0.0405  0.0398
  0.0393  0.0393  0.0393  0.0393  0.0393  0.0393
  0.0423  0.0409  0.0401  0.0399  0.0400  0.0401
  0.0500  0.0456  0.0425  0.0413  0.0429  0.0416
  0.0586  0.0508  0.0464  0.0434  0.0464  0.0434
   -1.0649   -6.9645   17.4361    2.3150    0.6155   -0.7351
eta,q 0.96067 20.11606

---------------------------------------------------------------------
imgreg_4dfp /opt/freesurfer/average/711-2C_as_mni_average_305 /opt/freesurfer/average/711-2B_as_mni_average_305_mask talsrcimg_g11 none talsrcimg_to_711-2C_as_mni_average_305_t4 3335
---------------------------------------------------------------------

freesurfer imgreg_4dfp.c
/opt/freesurfer/average/711-2C_as_mni_average_305.4dfp.img
       256       256       256         1
  1.000000  1.000000  1.000000
orientation T byte_order littleendian
Reading image: /opt/freesurfer/average/711-2C_as_mni_average_305.4dfp.img
dimensions:      256       256       256
mmppix:       1.0000   -1.0000   -1.0000
center:     128.0000 -129.0000 -129.0000
/opt/freesurfer/average/711-2B_as_mni_average_305_mask.4dfp.img
       256       256       256         1
  1.000000  1.000000  1.000000
orientation T byte_order littleendian
Reading mask: /opt/freesurfer/average/711-2B_as_mni_average_305_mask.4dfp.img (2306576 pixels)
talsrcimg_g11.4dfp.img
       320       320       320         1
  0.800000  0.800000  0.800000
orientation T byte_order littleendian
Reading image: talsrcimg_g11.4dfp.img
dimensions:      320       320       320
mmppix:       0.8000   -0.8000   -0.8000
center:     128.0000 -128.8000 -128.8000
fimgreg.f
image alignment mode   3335 decimal      D07 hex
parameters
   -1.0649   -6.9645   17.4361   -0.0140   -0.0893   -0.0874
    1.2385   -1.1250   -1.2828   -4.0252    1.0742    4.0391
eta,q 0.96134 20.38383
niter,ni,del,rscale     5    3    5.0000    1.2000
parameter  4  0.581886 ->  0.500000 qaram    1.1500
parameter  5  0.700246 ->  0.500000 qaram    1.1500
parameters
   -1.1958   -6.2792   16.8864   -4.1540   -4.2293    2.9715
    1.0552   -1.3290   -0.6634   -4.2790    2.7139    3.6026
eta,q 0.96658 20.37387
  0.0419  0.0412  0.0389  0.0371  0.0354  0.0374  0.0355  0.0379  0.0352  0.0354  0.0351  0.0341
  0.0400  0.0400  0.0386  0.0366  0.0350  0.0368  0.0343  0.0353  0.0343  0.0343  0.0343  0.0338
  0.0389  0.0391  0.0385  0.0368  0.0355  0.0361  0.0337  0.0339  0.0338  0.0337  0.0338  0.0335
  0.0387  0.0386  0.0385  0.0385  0.0366  0.0351  0.0335  0.0335  0.0335  0.0335  0.0335  0.0334
  0.0392  0.0385  0.0387  0.0426  0.0383  0.0338  0.0338  0.0340  0.0336  0.0337  0.0334  0.0335
  0.0406  0.0388  0.0390  0.0490  0.0408  0.0334  0.0345  0.0356  0.0340  0.0344  0.0336  0.0338
  0.0426  0.0394  0.0396  0.0565  0.0439  0.0358  0.0357  0.0386  0.0347  0.0357  0.0341  0.0345
niter,ni,del,rscale     6    3    5.0000    1.2000
parameter  2 -0.895116 -> -0.500000 qaram    1.1500
parameter  3 -0.555903 -> -0.500000 qaram    1.1500
parameters
   -1.2226   -4.8992   18.2664   -5.6148   -6.9397    3.3052
    0.2926   -2.1118   -0.5548   -3.2277    3.5636    3.2963
eta,q 0.96835 20.23919
  0.0356  0.0373  0.0351  0.0358  0.0342  0.0351  0.0333  0.0339  0.0333  0.0342  0.0324  0.0325
  0.0344  0.0358  0.0338  0.0343  0.0327  0.0343  0.0324  0.0325  0.0325  0.0331  0.0320  0.0321
  0.0336  0.0345  0.0329  0.0328  0.0320  0.0333  0.0319  0.0319  0.0320  0.0323  0.0318  0.0318
  0.0334  0.0334  0.0324  0.0321  0.0323  0.0320  0.0318  0.0318  0.0318  0.0318  0.0317  0.0316
  0.0337  0.0327  0.0321  0.0326  0.0340  0.0309  0.0322  0.0321  0.0319  0.0316  0.0316  0.0317
  0.0344  0.0323  0.0321  0.0359  0.0372  0.0323  0.0329  0.0332  0.0324  0.0321  0.0318  0.0320
  0.0357  0.0324  0.0321  0.0430  0.0411  0.0361  0.0341  0.0353  0.0333  0.0333  0.0321  0.0328
niter,ni,del,rscale     7    3    5.0000    1.2000
parameters
   -1.3086   -4.1150   19.0894   -5.5465   -8.5512    3.2542
    0.1530   -2.3462   -0.6894   -3.4244    3.0334    2.5986
eta,q 0.96870 20.14003
  0.0334  0.0352  0.0334  0.0357  0.0346  0.0344  0.0332  0.0335  0.0328  0.0332  0.0318  0.0321
  0.0324  0.0336  0.0324  0.0342  0.0328  0.0335  0.0321  0.0321  0.0319  0.0323  0.0315  0.0317
  0.0318  0.0324  0.0318  0.0326  0.0315  0.0324  0.0315  0.0315  0.0314  0.0316  0.0313  0.0314
  0.0317  0.0316  0.0314  0.0313  0.0312  0.0312  0.0313  0.0313  0.0313  0.0313  0.0313  0.0313
  0.0319  0.0314  0.0313  0.0310  0.0324  0.0303  0.0315  0.0315  0.0315  0.0314  0.0313  0.0314
  0.0326  0.0317  0.0314  0.0324  0.0353  0.0319  0.0322  0.0322  0.0320  0.0322  0.0316  0.0318
  0.0337  0.0327  0.0319  0.0372  0.0397  0.0363  0.0333  0.0340  0.0329  0.0337  0.0320  0.0327
niter,ni,del,rscale     6    3    5.0000    1.2000
parameters
   -1.2329   -3.8119   19.6265   -5.3655   -9.1706    3.2769
    0.2187   -2.2725   -0.7450   -3.6179    2.3261    1.9550
eta,q 0.96884 20.09297
  0.0334  0.0341  0.0327  0.0356  0.0354  0.0342  0.0332  0.0336  0.0327  0.0331  0.0317  0.0320
  0.0323  0.0328  0.0320  0.0341  0.0334  0.0332  0.0321  0.0321  0.0318  0.0322  0.0313  0.0316
  0.0316  0.0318  0.0316  0.0324  0.0318  0.0322  0.0314  0.0314  0.0313  0.0315  0.0312  0.0313
  0.0313  0.0313  0.0313  0.0311  0.0311  0.0312  0.0311  0.0311  0.0311  0.0311  0.0312  0.0311
  0.0315  0.0313  0.0311  0.0309  0.0316  0.0303  0.0314  0.0314  0.0313  0.0313  0.0313  0.0312
  0.0321  0.0320  0.0313  0.0322  0.0338  0.0316  0.0320  0.0320  0.0319  0.0321  0.0315  0.0317
  0.0332  0.0332  0.0320  0.0367  0.0377  0.0358  0.0331  0.0335  0.0328  0.0336  0.0319  0.0326
niter,ni,del,rscale     5    3    5.0000    1.2000
parameters
   -1.1595   -3.6936   19.8207   -5.3043   -9.2307    3.3269
    0.2735   -2.1913   -0.7109   -3.5994    1.8796    1.4401
eta,q 0.96890 20.08173
  0.0334  0.0337  0.0324  0.0356  0.0357  0.0341  0.0332  0.0336  0.0327  0.0331  0.0317  0.0320
  0.0322  0.0324  0.0318  0.0340  0.0337  0.0331  0.0320  0.0321  0.0318  0.0322  0.0313  0.0316
  0.0315  0.0315  0.0314  0.0324  0.0320  0.0321  0.0313  0.0313  0.0313  0.0315  0.0311  0.0313
  0.0312  0.0312  0.0311  0.0311  0.0311  0.0311  0.0311  0.0311  0.0311  0.0311  0.0311  0.0311
  0.0313  0.0313  0.0311  0.0309  0.0313  0.0303  0.0313  0.0313  0.0313  0.0312  0.0312  0.0312
  0.0320  0.0321  0.0314  0.0324  0.0331  0.0315  0.0320  0.0320  0.0318  0.0319  0.0314  0.0316
  0.0331  0.0334  0.0323  0.0369  0.0366  0.0356  0.0331  0.0334  0.0327  0.0334  0.0319  0.0325
niter,ni,del,rscale     4    3    5.0000    1.2000
parameters
   -1.1200   -3.6630   19.8695   -5.2976   -9.1423    3.3704
    0.2817   -2.1364   -0.6675   -3.4641    1.6911    1.1105
eta,q 0.96893 20.08375
  0.0333  0.0335  0.0322  0.0355  0.0358  0.0341  0.0331  0.0336  0.0327  0.0331  0.0317  0.0320
  0.0321  0.0323  0.0317  0.0340  0.0338  0.0330  0.0320  0.0320  0.0318  0.0321  0.0313  0.0316
  0.0314  0.0314  0.0314  0.0323  0.0320  0.0320  0.0313  0.0312  0.0313  0.0314  0.0311  0.0312
  0.0311  0.0311  0.0311  0.0311  0.0311  0.0311  0.0311  0.0311  0.0311  0.0311  0.0311  0.0311
  0.0313  0.0313  0.0311  0.0309  0.0313  0.0303  0.0313  0.0313  0.0312  0.0311  0.0311  0.0311
  0.0320  0.0321  0.0315  0.0324  0.0329  0.0314  0.0320  0.0321  0.0318  0.0318  0.0314  0.0315
  0.0332  0.0335  0.0324  0.0370  0.0363  0.0355  0.0331  0.0334  0.0326  0.0332  0.0318  0.0324
niter,ni,del,rscale     3    3    5.0000    1.2000
parameters
   -1.1063   -3.6603   19.8487   -5.2984   -9.0591    3.3989
    0.2666   -2.1076   -0.6333   -3.3258    1.6421    0.9276
eta,q 0.96896 20.08898
  0.0332  0.0335  0.0322  0.0355  0.0357  0.0340  0.0331  0.0335  0.0326  0.0331  0.0318  0.0320
  0.0321  0.0322  0.0317  0.0340  0.0337  0.0330  0.0319  0.0320  0.0318  0.0321  0.0313  0.0316
  0.0313  0.0314  0.0313  0.0323  0.0320  0.0320  0.0313  0.0312  0.0312  0.0314  0.0311  0.0312
  0.0311  0.0311  0.0311  0.0311  0.0311  0.0311  0.0310  0.0310  0.0310  0.0310  0.0310  0.0310
  0.0313  0.0313  0.0311  0.0309  0.0312  0.0302  0.0313  0.0313  0.0312  0.0311  0.0311  0.0311
  0.0320  0.0321  0.0315  0.0324  0.0329  0.0314  0.0320  0.0321  0.0318  0.0318  0.0314  0.0315
  0.0332  0.0335  0.0324  0.0371  0.0363  0.0356  0.0331  0.0334  0.0326  0.0332  0.0318  0.0323
niter,ni,del,rscale     2    3    5.0000    1.2000
parameters
   -1.1041   -3.6621   19.8121   -5.2917   -9.0099    3.4120
    0.2561   -2.0901   -0.6171   -3.2205    1.6729    0.8489
eta,q 0.96896 20.09344
  0.0332  0.0335  0.0321  0.0355  0.0357  0.0340  0.0331  0.0335  0.0326  0.0330  0.0318  0.0320
  0.0320  0.0322  0.0316  0.0340  0.0337  0.0330  0.0319  0.0320  0.0318  0.0321  0.0313  0.0316
  0.0313  0.0313  0.0313  0.0323  0.0320  0.0320  0.0312  0.0312  0.0312  0.0314  0.0311  0.0312
  0.0310  0.0310  0.0310  0.0310  0.0310  0.0310  0.0310  0.0310  0.0310  0.0310  0.0310  0.0310
  0.0313  0.0313  0.0311  0.0309  0.0312  0.0302  0.0313  0.0313  0.0312  0.0311  0.0311  0.0311
  0.0320  0.0321  0.0315  0.0324  0.0329  0.0314  0.0320  0.0321  0.0317  0.0318  0.0313  0.0314
  0.0332  0.0335  0.0324  0.0370  0.0363  0.0356  0.0331  0.0334  0.0326  0.0332  0.0317  0.0323
niter,ni,del,rscale     1    3    5.0000    1.2000
parameters
   -1.1094   -3.6606   19.7692   -5.2781   -8.9849    3.4194
    0.2514   -2.0894   -0.6107   -3.1496    1.7170    0.8313
eta,q 0.96897 20.09700
  0.0332  0.0334  0.0321  0.0355  0.0356  0.0340  0.0331  0.0335  0.0326  0.0330  0.0317  0.0320
  0.0320  0.0322  0.0316  0.0340  0.0337  0.0330  0.0319  0.0320  0.0317  0.0321  0.0313  0.0316
  0.0313  0.0313  0.0313  0.0323  0.0320  0.0320  0.0312  0.0312  0.0312  0.0314  0.0311  0.0312
  0.0310  0.0310  0.0310  0.0310  0.0310  0.0310  0.0310  0.0310  0.0310  0.0310  0.0310  0.0310
  0.0313  0.0313  0.0310  0.0308  0.0312  0.0302  0.0313  0.0313  0.0312  0.0311  0.0311  0.0310
  0.0320  0.0321  0.0315  0.0324  0.0329  0.0315  0.0320  0.0321  0.0317  0.0318  0.0313  0.0314
  0.0332  0.0335  0.0324  0.0370  0.0363  0.0356  0.0330  0.0334  0.0326  0.0332  0.0317  0.0322
registration optimization eta report
parameter search radius
    2.4000    2.7600    2.7600    8.2800    8.2800    7.2000
    7.2000    7.2000    7.2000    7.2000    7.2000    7.2000
100000*second partial in parameter space
       37.       32.       16.        8.        7.        8.
        4.        5.        3.        4.        1.        2.
  0.0332  0.0334  0.0321  0.0355  0.0356  0.0340  0.0331  0.0335  0.0326  0.0330  0.0317  0.0320
  0.0320  0.0322  0.0316  0.0340  0.0337  0.0330  0.0319  0.0320  0.0317  0.0321  0.0313  0.0316
  0.0313  0.0313  0.0313  0.0323  0.0320  0.0320  0.0312  0.0312  0.0312  0.0314  0.0311  0.0312
  0.0310  0.0310  0.0310  0.0310  0.0310  0.0310  0.0310  0.0310  0.0310  0.0310  0.0310  0.0310
  0.0313  0.0313  0.0310  0.0308  0.0312  0.0302  0.0313  0.0313  0.0312  0.0311  0.0311  0.0310
  0.0320  0.0321  0.0315  0.0324  0.0329  0.0315  0.0320  0.0321  0.0317  0.0318  0.0313  0.0314
  0.0332  0.0335  0.0324  0.0370  0.0363  0.0356  0.0330  0.0334  0.0326  0.0332  0.0317  0.0322
   -1.1094   -3.6606   19.7692   -5.2781   -8.9849    3.4194
    0.2514   -2.0894   -0.6107   -3.1496    1.7170    0.8313
eta,q 0.96897 20.09700

---------------------------------------------------------------------
imgreg_4dfp /opt/freesurfer/average/711-2C_as_mni_average_305 /opt/freesurfer/average/711-2B_as_mni_average_305_mask talsrcimg_g11 none talsrcimg_to_711-2C_as_mni_average_305_t4 2311
---------------------------------------------------------------------

freesurfer imgreg_4dfp.c
/opt/freesurfer/average/711-2C_as_mni_average_305.4dfp.img
       256       256       256         1
  1.000000  1.000000  1.000000
orientation T byte_order littleendian
Reading image: /opt/freesurfer/average/711-2C_as_mni_average_305.4dfp.img
dimensions:      256       256       256
mmppix:       1.0000   -1.0000   -1.0000
center:     128.0000 -129.0000 -129.0000
/opt/freesurfer/average/711-2B_as_mni_average_305_mask.4dfp.img
       256       256       256         1
  1.000000  1.000000  1.000000
orientation T byte_order littleendian
Reading mask: /opt/freesurfer/average/711-2B_as_mni_average_305_mask.4dfp.img (2306576 pixels)
talsrcimg_g11.4dfp.img
       320       320       320         1
  0.800000  0.800000  0.800000
orientation T byte_order littleendian
Reading image: talsrcimg_g11.4dfp.img
dimensions:      320       320       320
mmppix:       0.8000   -0.8000   -0.8000
center:     128.0000 -128.8000 -128.8000
fimgreg.f
image alignment mode   2311 decimal      907 hex
parameters
   -1.1094   -3.6606   19.7692   -5.2781   -8.9849    3.4194
    0.2514   -2.0894   -0.6107   -3.1496    1.7170    0.8313
eta,q 0.96897 20.09701
niter,ni,del,rscale     5    3    5.0000    0.8000
parameters
   -1.1029   -3.6227   20.0493   -4.0014   -8.8925    4.5504
    0.2514   -2.0575   -0.5882   -3.8382    1.6064    0.0907
eta,q 0.96953 20.11576
  0.0320  0.0319  0.0315  0.0334  0.0327  0.0326  0.0316  0.0321  0.0313  0.0312  0.0309  0.0308
  0.0315  0.0314  0.0313  0.0324  0.0317  0.0319  0.0309  0.0311  0.0308  0.0308  0.0307  0.0306
  0.0311  0.0311  0.0311  0.0316  0.0311  0.0313  0.0306  0.0306  0.0306  0.0305  0.0305  0.0305
  0.0310  0.0310  0.0310  0.0310  0.0308  0.0308  0.0305  0.0305  0.0305  0.0305  0.0305  0.0305
  0.0311  0.0311  0.0310  0.0308  0.0309  0.0304  0.0306  0.0307  0.0306  0.0307  0.0305  0.0306
  0.0315  0.0314  0.0311  0.0310  0.0315  0.0304  0.0310  0.0311  0.0308  0.0311  0.0307  0.0308
  0.0320  0.0318  0.0313  0.0319  0.0326  0.0318  0.0315  0.0320  0.0313  0.0320  0.0310  0.0312
niter,ni,del,rscale     4    3    5.0000    0.7000
parameter  3  0.589712 ->  0.500000 qaram    1.1500
parameters
   -1.1312   -3.7800   19.2443   -3.5946   -8.0768    5.0469
    0.2048   -1.8732   -0.5325   -3.1178    2.1000   -0.4226
eta,q 0.97006 20.19672
  0.0313  0.0310  0.0304  0.0321  0.0319  0.0322  0.0308  0.0316  0.0306  0.0311  0.0305  0.0302
  0.0308  0.0307  0.0303  0.0313  0.0311  0.0316  0.0303  0.0306  0.0303  0.0305  0.0302  0.0301
  0.0306  0.0305  0.0304  0.0307  0.0306  0.0310  0.0300  0.0302  0.0300  0.0302  0.0300  0.0300
  0.0305  0.0305  0.0305  0.0303  0.0303  0.0302  0.0300  0.0300  0.0300  0.0300  0.0299  0.0299
  0.0306  0.0306  0.0307  0.0303  0.0302  0.0298  0.0301  0.0301  0.0300  0.0300  0.0300  0.0300
  0.0309  0.0309  0.0309  0.0307  0.0305  0.0304  0.0303  0.0305  0.0302  0.0301  0.0301  0.0302
  0.0314  0.0313  0.0313  0.0317  0.0310  0.0320  0.0308  0.0313  0.0306  0.0305  0.0303  0.0305
niter,ni,del,rscale     4    3    5.0000    0.7000
parameters
   -1.2534   -3.7753   18.9287   -3.7493   -7.9381    5.0318
    0.2002   -2.0078   -0.4967   -2.6154    2.5750   -0.5688
eta,q 0.97011 20.21579
  0.0307  0.0306  0.0304  0.0315  0.0312  0.0321  0.0307  0.0313  0.0305  0.0309  0.0304  0.0302
  0.0302  0.0302  0.0301  0.0307  0.0305  0.0315  0.0302  0.0305  0.0302  0.0304  0.0302  0.0300
  0.0300  0.0300  0.0299  0.0301  0.0301  0.0307  0.0300  0.0300  0.0300  0.0301  0.0300  0.0299
  0.0299  0.0299  0.0299  0.0299  0.0299  0.0299  0.0299  0.0299  0.0299  0.0299  0.0299  0.0299
  0.0301  0.0300  0.0301  0.0300  0.0300  0.0298  0.0300  0.0301  0.0300  0.0299  0.0299  0.0299
  0.0305  0.0302  0.0305  0.0306  0.0304  0.0309  0.0303  0.0306  0.0302  0.0301  0.0300  0.0301
  0.0310  0.0306  0.0310  0.0320  0.0311  0.0328  0.0307  0.0315  0.0305  0.0305  0.0302  0.0303
niter,ni,del,rscale     3    3    5.0000    0.6000
parameters
   -1.2939   -3.7048   18.8437   -3.6384   -7.9755    5.1568
    0.1737   -2.1277   -0.5122   -2.5637    2.7590   -0.7843
eta,q 0.97018 20.21709
  0.0305  0.0304  0.0304  0.0312  0.0308  0.0318  0.0304  0.0309  0.0303  0.0305  0.0302  0.0301
  0.0302  0.0301  0.0301  0.0306  0.0303  0.0312  0.0301  0.0303  0.0300  0.0301  0.0300  0.0299
  0.0299  0.0300  0.0299  0.0301  0.0300  0.0305  0.0299  0.0299  0.0299  0.0299  0.0299  0.0298
  0.0299  0.0299  0.0299  0.0299  0.0299  0.0299  0.0298  0.0298  0.0298  0.0298  0.0298  0.0298
  0.0300  0.0299  0.0300  0.0299  0.0300  0.0298  0.0299  0.0299  0.0299  0.0299  0.0298  0.0299
  0.0302  0.0301  0.0302  0.0303  0.0303  0.0306  0.0301  0.0304  0.0300  0.0301  0.0299  0.0300
  0.0306  0.0303  0.0306  0.0312  0.0309  0.0321  0.0304  0.0311  0.0303  0.0304  0.0301  0.0301
niter,ni,del,rscale     2    3    5.0000    0.5000
parameters
   -1.3087   -3.6598   18.8314   -3.5497   -7.9701    5.3467
    0.1671   -2.1783   -0.5459   -2.5685    2.8076   -1.0453
eta,q 0.97024 20.21775
  0.0303  0.0302  0.0303  0.0307  0.0305  0.0315  0.0302  0.0306  0.0301  0.0302  0.0300  0.0299
  0.0300  0.0300  0.0300  0.0303  0.0301  0.0309  0.0299  0.0301  0.0299  0.0300  0.0299  0.0298
  0.0299  0.0299  0.0299  0.0300  0.0299  0.0303  0.0298  0.0299  0.0298  0.0298  0.0298  0.0298
  0.0298  0.0298  0.0298  0.0298  0.0298  0.0298  0.0298  0.0298  0.0298  0.0298  0.0298  0.0298
  0.0299  0.0298  0.0299  0.0299  0.0299  0.0297  0.0298  0.0298  0.0298  0.0298  0.0298  0.0298
  0.0300  0.0299  0.0300  0.0301  0.0301  0.0303  0.0299  0.0301  0.0299  0.0300  0.0299  0.0299
  0.0303  0.0301  0.0303  0.0307  0.0305  0.0314  0.0302  0.0307  0.0301  0.0302  0.0300  0.0300
niter,ni,del,rscale     1    3    5.0000    0.4000
parameters
   -1.3145   -3.6432   18.8626   -3.5089   -7.9476    5.5380
    0.1896   -2.1858   -0.5743   -2.5749    2.7863   -1.3158
eta,q 0.97029 20.21787
  0.0301  0.0300  0.0301  0.0303  0.0302  0.0311  0.0300  0.0303  0.0299  0.0300  0.0299  0.0298
  0.0299  0.0299  0.0299  0.0300  0.0300  0.0306  0.0298  0.0300  0.0298  0.0298  0.0298  0.0298
  0.0298  0.0298  0.0298  0.0299  0.0298  0.0301  0.0297  0.0298  0.0297  0.0297  0.0297  0.0297
  0.0298  0.0298  0.0298  0.0298  0.0298  0.0298  0.0297  0.0297  0.0297  0.0297  0.0297  0.0297
  0.0298  0.0298  0.0298  0.0298  0.0298  0.0297  0.0297  0.0298  0.0297  0.0297  0.0297  0.0297
  0.0299  0.0298  0.0299  0.0300  0.0299  0.0301  0.0298  0.0300  0.0298  0.0299  0.0298  0.0298
  0.0301  0.0300  0.0301  0.0303  0.0302  0.0309  0.0300  0.0303  0.0299  0.0300  0.0299  0.0299
registration optimization eta report
parameter search radius
    0.8000    0.8000    0.9200    2.4000    2.4000    2.4000
    2.4000    2.4000    2.4000    2.4000    2.4000    2.4000
100000*second partial in parameter space
       48.       33.       40.       10.        7.       21.
        4.       10.        3.        5.        3.        2.
  0.0301  0.0300  0.0301  0.0303  0.0302  0.0311  0.0300  0.0303  0.0299  0.0300  0.0299  0.0298
  0.0299  0.0299  0.0299  0.0300  0.0300  0.0306  0.0298  0.0300  0.0298  0.0298  0.0298  0.0298
  0.0298  0.0298  0.0298  0.0299  0.0298  0.0301  0.0297  0.0298  0.0297  0.0297  0.0297  0.0297
  0.0298  0.0298  0.0298  0.0298  0.0298  0.0298  0.0297  0.0297  0.0297  0.0297  0.0297  0.0297
  0.0298  0.0298  0.0298  0.0298  0.0298  0.0297  0.0297  0.0298  0.0297  0.0297  0.0297  0.0297
  0.0299  0.0298  0.0299  0.0300  0.0299  0.0301  0.0298  0.0300  0.0298  0.0299  0.0298  0.0298
  0.0301  0.0300  0.0301  0.0303  0.0302  0.0309  0.0300  0.0303  0.0299  0.0300  0.0299  0.0299
   -1.3145   -3.6432   18.8626   -3.5089   -7.9476    5.5380
    0.1896   -2.1858   -0.5743   -2.5749    2.7863   -1.3158
eta,q 0.97029 20.21787

---------------------------------------------------------------------
imgreg_4dfp /opt/freesurfer/average/711-2C_as_mni_average_305 /opt/freesurfer/average/711-2B_as_mni_average_305_mask talsrcimg_g11 none talsrcimg_to_711-2C_as_mni_average_305_t4 2311
---------------------------------------------------------------------

freesurfer imgreg_4dfp.c
/opt/freesurfer/average/711-2C_as_mni_average_305.4dfp.img
       256       256       256         1
  1.000000  1.000000  1.000000
orientation T byte_order littleendian
Reading image: /opt/freesurfer/average/711-2C_as_mni_average_305.4dfp.img
dimensions:      256       256       256
mmppix:       1.0000   -1.0000   -1.0000
center:     128.0000 -129.0000 -129.0000
/opt/freesurfer/average/711-2B_as_mni_average_305_mask.4dfp.img
       256       256       256         1
  1.000000  1.000000  1.000000
orientation T byte_order littleendian
Reading mask: /opt/freesurfer/average/711-2B_as_mni_average_305_mask.4dfp.img (2306576 pixels)
talsrcimg_g11.4dfp.img
       320       320       320         1
  0.800000  0.800000  0.800000
orientation T byte_order littleendian
Reading image: talsrcimg_g11.4dfp.img
dimensions:      320       320       320
mmppix:       0.8000   -0.8000   -0.8000
center:     128.0000 -128.8000 -128.8000
fimgreg.f
image alignment mode   2311 decimal      907 hex
parameters
   -1.3145   -3.6432   18.8626   -3.5089   -7.9476    5.5380
    0.1896   -2.1858   -0.5743   -2.5749    2.7863   -1.3158
eta,q 0.97029 20.21787
niter,ni,del,rscale     5    3    5.0000    0.8000
parameters
   -1.3139   -3.6778   18.9373   -4.0627   -8.0314    4.9335
    0.2243   -2.2834   -0.5987   -2.1377    2.8877   -0.9440
eta,q 0.97003 20.21045
  0.0310  0.0305  0.0309  0.0315  0.0313  0.0322  0.0310  0.0317  0.0307  0.0312  0.0305  0.0305
  0.0303  0.0301  0.0302  0.0306  0.0305  0.0315  0.0304  0.0307  0.0303  0.0305  0.0302  0.0302
  0.0299  0.0298  0.0299  0.0300  0.0300  0.0306  0.0301  0.0302  0.0301  0.0301  0.0300  0.0301
  0.0297  0.0297  0.0297  0.0297  0.0298  0.0298  0.0300  0.0300  0.0300  0.0300  0.0300  0.0300
  0.0299  0.0298  0.0298  0.0300  0.0299  0.0302  0.0301  0.0302  0.0301  0.0300  0.0300  0.0300
  0.0303  0.0301  0.0301  0.0310  0.0304  0.0319  0.0304  0.0307  0.0303  0.0303  0.0302  0.0301
  0.0310  0.0306  0.0307  0.0332  0.0316  0.0349  0.0309  0.0319  0.0307  0.0308  0.0305  0.0304
niter,ni,del,rscale     4    3    5.0000    0.7000
parameters
   -1.3029   -3.6288   18.8253   -3.7335   -8.0463    4.9011
    0.2594   -2.2406   -0.6187   -2.2498    2.9186   -0.8311
eta,q 0.97007 20.21316
  0.0309  0.0306  0.0305  0.0318  0.0312  0.0321  0.0307  0.0314  0.0305  0.0307  0.0304  0.0303
  0.0304  0.0303  0.0302  0.0310  0.0305  0.0315  0.0303  0.0306  0.0302  0.0302  0.0301  0.0301
  0.0301  0.0301  0.0300  0.0303  0.0301  0.0307  0.0300  0.0301  0.0300  0.0300  0.0300  0.0300
  0.0300  0.0300  0.0300  0.0300  0.0299  0.0299  0.0299  0.0299  0.0299  0.0299  0.0299  0.0299
  0.0301  0.0300  0.0301  0.0299  0.0300  0.0298  0.0300  0.0301  0.0300  0.0300  0.0300  0.0300
  0.0303  0.0302  0.0303  0.0304  0.0304  0.0309  0.0303  0.0305  0.0302  0.0303  0.0301  0.0301
  0.0308  0.0306  0.0307  0.0315  0.0313  0.0329  0.0307  0.0314  0.0305  0.0308  0.0304  0.0303
niter,ni,del,rscale     3    3    5.0000    0.6000
parameters
   -1.3209   -3.6122   18.7719   -3.5874   -8.0083    5.0918
    0.2622   -2.2360   -0.6126   -2.3746    2.9203   -0.9615
eta,q 0.97016 20.21683
  0.0306  0.0304  0.0304  0.0312  0.0309  0.0319  0.0304  0.0310  0.0303  0.0304  0.0302  0.0301
  0.0302  0.0302  0.0301  0.0306  0.0304  0.0313  0.0301  0.0304  0.0300  0.0301  0.0300  0.0300
  0.0300  0.0300  0.0300  0.0302  0.0300  0.0306  0.0299  0.0300  0.0299  0.0299  0.0299  0.0299
  0.0299  0.0299  0.0299  0.0299  0.0299  0.0299  0.0298  0.0298  0.0298  0.0298  0.0298  0.0298
  0.0300  0.0300  0.0300  0.0300  0.0300  0.0298  0.0299  0.0299  0.0299  0.0299  0.0299  0.0299
  0.0302  0.0301  0.0302  0.0303  0.0303  0.0305  0.0301  0.0303  0.0300  0.0301  0.0300  0.0300
  0.0306  0.0304  0.0304  0.0312  0.0309  0.0320  0.0304  0.0310  0.0303  0.0305  0.0302  0.0302
niter,ni,del,rscale     2    3    5.0000    0.5000
parameters
   -1.3257   -3.6114   18.7886   -3.5211   -7.9685    5.3226
    0.2367   -2.2277   -0.5992   -2.4507    2.8742   -1.1840
eta,q 0.97023 20.21869
  0.0303  0.0302  0.0302  0.0307  0.0305  0.0315  0.0302  0.0306  0.0301  0.0302  0.0300  0.0299
  0.0300  0.0300  0.0300  0.0303  0.0301  0.0310  0.0299  0.0301  0.0299  0.0299  0.0299  0.0298
  0.0299  0.0299  0.0299  0.0300  0.0299  0.0304  0.0298  0.0299  0.0298  0.0298  0.0298  0.0298
  0.0298  0.0298  0.0298  0.0298  0.0298  0.0298  0.0298  0.0298  0.0298  0.0298  0.0298  0.0298
  0.0299  0.0299  0.0299  0.0299  0.0299  0.0297  0.0298  0.0298  0.0298  0.0298  0.0298  0.0298
  0.0300  0.0300  0.0300  0.0302  0.0301  0.0303  0.0300  0.0301  0.0299  0.0300  0.0299  0.0299
  0.0303  0.0302  0.0302  0.0307  0.0305  0.0314  0.0302  0.0306  0.0301  0.0302  0.0300  0.0300
niter,ni,del,rscale     1    3    5.0000    0.4000
parameters
   -1.3217   -3.6195   18.8428   -3.5014   -7.9427    5.5291
    0.2189   -2.2047   -0.6230   -2.5022    2.8199   -1.4016
eta,q 0.97029 20.21859
  0.0301  0.0300  0.0301  0.0303  0.0302  0.0311  0.0300  0.0303  0.0299  0.0300  0.0299  0.0298
  0.0299  0.0299  0.0299  0.0300  0.0300  0.0306  0.0298  0.0300  0.0298  0.0298  0.0298  0.0298
  0.0298  0.0298  0.0298  0.0299  0.0298  0.0301  0.0297  0.0298  0.0297  0.0297  0.0297  0.0297
  0.0298  0.0298  0.0298  0.0298  0.0298  0.0298  0.0297  0.0297  0.0297  0.0297  0.0297  0.0297
  0.0298  0.0298  0.0298  0.0298  0.0298  0.0297  0.0297  0.0298  0.0297  0.0298  0.0297  0.0297
  0.0299  0.0299  0.0299  0.0300  0.0299  0.0301  0.0298  0.0299  0.0298  0.0299  0.0298  0.0298
  0.0301  0.0300  0.0300  0.0304  0.0302  0.0309  0.0300  0.0303  0.0299  0.0300  0.0299  0.0299
registration optimization eta report
parameter search radius
    0.8000    0.8000    0.8000    2.4000    2.4000    2.4000
    2.4000    2.4000    2.4000    2.4000    2.4000    2.4000
100000*second partial in parameter space
       48.       33.       40.       10.        7.       21.
        4.       10.        3.        5.        3.        2.
  0.0301  0.0300  0.0301  0.0303  0.0302  0.0311  0.0300  0.0303  0.0299  0.0300  0.0299  0.0298
  0.0299  0.0299  0.0299  0.0300  0.0300  0.0306  0.0298  0.0300  0.0298  0.0298  0.0298  0.0298
  0.0298  0.0298  0.0298  0.0299  0.0298  0.0301  0.0297  0.0298  0.0297  0.0297  0.0297  0.0297
  0.0298  0.0298  0.0298  0.0298  0.0298  0.0298  0.0297  0.0297  0.0297  0.0297  0.0297  0.0297
  0.0298  0.0298  0.0298  0.0298  0.0298  0.0297  0.0297  0.0298  0.0297  0.0298  0.0297  0.0297
  0.0299  0.0299  0.0299  0.0300  0.0299  0.0301  0.0298  0.0299  0.0298  0.0299  0.0298  0.0298
  0.0301  0.0300  0.0300  0.0304  0.0302  0.0309  0.0300  0.0303  0.0299  0.0300  0.0299  0.0299
   -1.3217   -3.6195   18.8428   -3.5014   -7.9427    5.5291
    0.2189   -2.2047   -0.6230   -2.5022    2.8199   -1.4016
eta,q 0.97029 20.21859

---------------------------------------------------------------------
compute_vox2vox talsrcimg talsrcimg_to_711-2C_as_mni_average_305_t4 /opt/freesurfer/average/711-2C_as_mni_average_305
---------------------------------------------------------------------

freesurfer compute_vox2vox.c
Reading: talsrcimg.4dfp.ifh
Reading: talsrcimg_to_711-2C_as_mni_average_305_t4
Reading: /opt/freesurfer/average/711-2C_as_mni_average_305.4dfp.ifh
Writing: talsrcimg_to_711-2C_as_mni_average_305_t4_vox2vox.txt

start time Tue Mar 10 21:06:57 CET 2026
end		time Tue Mar 10 21:08:22 CET 2026

mpr2mni305 success

avi2talxfm orig_nu.mgz /opt/freesurfer/average/mni305.cor.mgz talsrcimg_to_711-2C_as_mni_average_305_t4_vox2vox.txt transforms/talairach.auto.xfm
avi2talxfm done
mv -f /out/sourcedata/freesurfer/sub-v2s11x28720_ses-1/mri/talsrcimg_to_711-2C_as_mni_average_305_t4_vox2vox.txt /out/sourcedata/freesurfer/sub-v2s11x28720_ses-1/mri/transforms/talsrcimg_to_711-2C_as_mni_average_305_t4_vox2vox.txt
lta_convert --src orig_nu.mgz --trg /opt/freesurfer/average/mni305.cor.mgz --inxfm transforms/talairach.auto.xfm --outlta transforms/talairach.auto.xfm.lta --subject fsaverage
7.3.2

--src: orig_nu.mgz src image (geometry).
--trg: /opt/freesurfer/average/mni305.cor.mgz trg image (geometry).
--inmni: transforms/talairach.auto.xfm input MNI/XFM transform.
--outlta: transforms/talairach.auto.xfm.lta output LTA.
--s: fsaverage subject name
 LTA read, type : 1
 1.03564   0.02159  -0.00213   1.81889;
-0.02759   0.94737   0.01449  -24.27583;
 0.00626   0.02590   1.08666  -11.95158;
 0.00000   0.00000   0.00000   1.00000;
setting subject to fsaverage
Writing  LTA to file transforms/talairach.auto.xfm.lta...
lta_convert successful.
 
 
Started at Tue Mar 10 21:06:57 CET 2026
Ended   at Tue Mar 10 21:08:23 CET 2026
talairach_avi done
