/out/sourcedata/freesurfer/sub-v2s11x28695_ses-1/mri
/opt/freesurfer/bin/talairach_avi
--i orig_nu.mgz --xfm transforms/talairach.auto.xfm
talairach_avi 7.3.2
Linux dna048 5.14.0-427.37.1.el9_4.x86_64 #1 SMP PREEMPT_DYNAMIC Fri Sep 13 12:41:50 EDT 2024 x86_64 x86_64 x86_64 GNU/Linux
Tue Mar 10 18:22:44 CET 2026
mri_convert orig_nu.mgz talsrcimg.img 
reading from orig_nu.mgz...
TR=0.00, TE=0.00, TI=0.00, flip angle=0.00
i_ras = (-1, 0, 0)
j_ras = (0, 0, -1)
k_ras = (0, 1, 0)
writing to talsrcimg.img...
Analyze Output Matrix
-0.80000   0.00000   0.00000   127.87958;
 0.00000   0.00000   0.80000  -143.32587;
 0.00000  -0.80000   0.00000   91.99995;
 0.00000   0.00000   0.00000   1.00000;
--------------------
INFO: set hdr.hist.orient to -1
mpr2mni305 talsrcimg
Tue Mar 10 18:22:44 CET 2026
/opt/freesurfer/bin/mpr2mni305 talsrcimg
mpr2mni305 7.3.2
target=711-2C_as_mni_average_305

---------------------------------------------------------------------
analyzeto4dfp talsrcimg -O0 -y
---------------------------------------------------------------------

freesurfer ifh2hdr.c
Tue Mar 10 18:22:45 2026
Writing: talsrcimg.4dfp.hdr
freesurfer analyzeto4dfp.c
Reading: talsrcimg.hdr
header size 348 bytes
hdr.dime.datatype	offset=70	value=2
hdr.dime.bitpix		offset=72	value=8
hdr.hist.orient		offset=252	value=-1
dimensionality     4
dimensions       320       320       320         1
Reading: talsrcimg.img
Writing: talsrcimg.4dfp.img
Writing: talsrcimg.4dfp.ifh
ifh2hdr talsrcimg -r0to190
ori=2

---------------------------------------------------------------------
gauss_4dfp talsrcimg 1.1
---------------------------------------------------------------------

freesurfer gauss_4dfp.c
Reading: talsrcimg.4dfp.img
Writing: talsrcimg_g11.4dfp.img
image dimensions 320 320 320 padded to 384 384 384
processing volume 1freesurfer ifh2hdr.c
Tue Mar 10 18:23:01 2026
Writing: talsrcimg_g11.4dfp.hdr

Writing: talsrcimg_g11.4dfp.ifh
including: talsrcimg.4dfp.img.rec in talsrcimg_g11.4dfp.img.rec

---------------------------------------------------------------------
imgreg_4dfp /opt/freesurfer/average/711-2C_as_mni_average_305 none talsrcimg_g11 none talsrcimg_to_711-2C_as_mni_average_305_t4 4355
---------------------------------------------------------------------

freesurfer imgreg_4dfp.c
/opt/freesurfer/average/711-2C_as_mni_average_305.4dfp.img
       256       256       256         1
  1.000000  1.000000  1.000000
orientation T byte_order littleendian
Reading image: /opt/freesurfer/average/711-2C_as_mni_average_305.4dfp.img
dimensions:      256       256       256
mmppix:       1.0000   -1.0000   -1.0000
center:     128.0000 -129.0000 -129.0000
talsrcimg_g11.4dfp.img
       320       320       320         1
  0.800000  0.800000  0.800000
orientation T byte_order littleendian
Reading image: talsrcimg_g11.4dfp.img
dimensions:      320       320       320
mmppix:       0.8000   -0.8000   -0.8000
center:     128.0000 -128.8000 -128.8000
t4_read: open error in t4_sub.f l:  41 t4_file(1:l)talsrcimg_to_711-2C_as_mni_average_305_t4 
t4_read: transform initialized to I4
rotation matrix determinant  1.000000
image alignment mode   4355 decimal     1103 hex
   -7.5000  -45.0000  -45.0000 8827.7754   15.5769
    0.0000  -45.0000  -45.0000 9242.4395   15.6639
    7.5000  -45.0000  -45.0000 8846.8516   15.6214
   -7.5000  -37.5000  -45.0000 9388.4512   15.5772
    0.0000  -37.5000  -45.0000 9841.7686   15.6697
    7.5000  -37.5000  -45.0000 9420.8154   15.6298
   -7.5000  -30.0000  -45.000010305.4971   15.6527
    0.0000  -30.0000  -45.000010802.4980   15.7535
    7.5000  -30.0000  -45.000010333.8164   15.7164
   -7.5000  -22.5000  -45.000011230.4854   15.7251
    0.0000  -22.5000  -45.000011788.7168   15.8282
    7.5000  -22.5000  -45.000011270.5137   15.7909
   -7.5000  -15.0000  -45.000012123.0645   15.7279
    0.0000  -15.0000  -45.000012741.2119   15.8257
    7.5000  -15.0000  -45.000012164.2471   15.7857
   -7.5000   -7.5000  -45.000012993.0059   15.6528
    0.0000   -7.5000  -45.000013653.1240   15.7427
    7.5000   -7.5000  -45.000013030.1221   15.7002
   -7.5000    0.0000  -45.000013656.2070   15.5769
    0.0000    0.0000  -45.000014343.7188   15.6639
    7.5000    0.0000  -45.000013689.7080   15.6214
   -7.5000    7.5000  -45.000013170.4844   15.5772
    0.0000    7.5000  -45.000013838.9414   15.6697
    7.5000    7.5000  -45.000013180.8965   15.6298
   -7.5000   15.0000  -45.000012589.5986   15.6527
    0.0000   15.0000  -45.000013221.8223   15.7535
    7.5000   15.0000  -45.000012571.6250   15.7164
   -7.5000   22.5000  -45.000011808.9004   15.7229
    0.0000   22.5000  -45.000012407.3613   15.8260
    7.5000   22.5000  -45.000011795.5156   15.7888
   -7.5000   30.0000  -45.000010932.4443   15.5183
    0.0000   30.0000  -45.000011511.4980   15.6148
    7.5000   30.0000  -45.000010923.3467   15.5753
   -7.5000   37.5000  -45.000010413.0762   15.4442
    0.0000   37.5000  -45.000011003.4443   15.5330
    7.5000   37.5000  -45.000010412.6895   15.4910
   -7.5000   45.0000  -45.0000 9545.4395   14.9790
    0.0000   45.0000  -45.000010106.6826   15.0627
    7.5000   45.0000  -45.0000 9545.5244   15.0219
   -7.5000  -45.0000  -37.5000 9078.5049   15.3706
    0.0000  -45.0000  -37.5000 9522.4531   15.4559
    7.5000  -45.0000  -37.5000 9107.2490   15.4132
   -7.5000  -37.5000  -37.5000 9666.5684   15.3707
    0.0000  -37.5000  -37.500010140.3252   15.4578
    7.5000  -37.5000  -37.5000 9694.2344   15.4144
   -7.5000  -30.0000  -37.500010600.3467   15.4421
    0.0000  -30.0000  -37.500011128.9492   15.5355
    7.5000  -30.0000  -37.500010638.5547   15.4944
   -7.5000  -22.5000  -37.500011545.1787   15.5111
    0.0000  -22.5000  -37.500012144.2041   15.6085
    7.5000  -22.5000  -37.500011600.0430   15.5707
   -7.5000  -15.0000  -37.500012458.7393   15.5143
    0.0000  -15.0000  -37.500013118.0293   15.6102
    7.5000  -15.0000  -37.500012517.2119   15.5730
   -7.5000   -7.5000  -37.500013364.2686   15.4431
    0.0000   -7.5000  -37.500014045.8906   15.5331
    7.5000   -7.5000  -37.500013409.8418   15.4934
   -7.5000    0.0000  -37.500014041.8545   15.3706
    0.0000    0.0000  -37.500014760.1367   15.4559
    7.5000    0.0000  -37.500014088.3291   15.4132
   -7.5000    7.5000  -37.500013524.4277   15.3707
    0.0000    7.5000  -37.500014211.1113   15.4578
    7.5000    7.5000  -37.500013549.5195   15.4144
   -7.5000   15.0000  -37.500012916.8945   15.4421
    0.0000   15.0000  -37.500013572.4766   15.5355
    7.5000   15.0000  -37.500012921.7197   15.4944
   -7.5000   22.5000  -37.500012113.5000   15.5090
    0.0000   22.5000  -37.500012761.9873   15.6064
    7.5000   22.5000  -37.500012133.9961   15.5685
   -7.5000   30.0000  -37.500011188.5420   15.3075
    0.0000   30.0000  -37.500011796.5684   15.4022
    7.5000   30.0000  -37.500011209.1709   15.3655
   -7.5000   37.5000  -37.500010648.0400   15.2373
    0.0000   37.5000  -37.500011236.6025   15.3261
    7.5000   37.5000  -37.500010681.0723   15.2869
   -7.5000   45.0000  -37.5000 9759.0361   14.7807
    0.0000   45.0000  -37.500010303.7070   14.8627
    7.5000   45.0000  -37.5000 9790.1455   14.8217
   -7.5000  -45.0000  -30.0000 9601.8730   15.6329
    0.0000  -45.0000  -30.000010085.9258   15.7279
    7.5000  -45.0000  -30.0000 9637.1846   15.6776
   -7.5000  -37.5000  -30.000010229.4248   15.6366
    0.0000  -37.5000  -30.000010736.0889   15.7307
    7.5000  -37.5000  -30.000010260.6162   15.6787
   -7.5000  -30.0000  -30.000011241.7979   15.7065
    0.0000  -30.0000  -30.000011811.4111   15.8034
    7.5000  -30.0000  -30.000011288.3047   15.7522
   -7.5000  -22.5000  -30.000012241.2363   15.7712
    0.0000  -22.5000  -30.000012882.6426   15.8708
    7.5000  -22.5000  -30.000012302.5000   15.8221
   -7.5000  -15.0000  -30.000013212.6445   15.7715
    0.0000  -15.0000  -30.000013903.6191   15.8721
    7.5000  -15.0000  -30.000013278.1885   15.8248
   -7.5000   -7.5000  -30.000014168.1943   15.7010
    0.0000   -7.5000  -30.000014886.2822   15.7996
    7.5000   -7.5000  -30.000014213.7471   15.7514
   -7.5000    0.0000  -30.000014880.8506   15.6329
    0.0000    0.0000  -30.000015654.1338   15.7279
    7.5000    0.0000  -30.000014944.6172   15.6776
   -7.5000    7.5000  -30.000014330.1250   15.6366
    0.0000    7.5000  -30.000015080.3984   15.7307
    7.5000    7.5000  -30.000014380.8447   15.6787
   -7.5000   15.0000  -30.000013656.4580   15.7065
    0.0000   15.0000  -30.000014377.1631   15.8034
    7.5000   15.0000  -30.000013687.0605   15.7522
   -7.5000   22.5000  -30.000012817.5352   15.7674
    0.0000   22.5000  -30.000013524.9141   15.8670
    7.5000   22.5000  -30.000012867.0400   15.8183
   -7.5000   30.0000  -30.000011834.8096   15.5628
    0.0000   30.0000  -30.000012490.6670   15.6621
    7.5000   30.0000  -30.000011900.2461   15.6154
   -7.5000   37.5000  -30.000011274.0684   15.4933
    0.0000   37.5000  -30.000011872.5127   15.5905
    7.5000   37.5000  -30.000011321.9785   15.5430
   -7.5000   45.0000  -30.000010323.3945   15.0440
    0.0000   45.0000  -30.000010861.7080   15.1354
    7.5000   45.0000  -30.000010351.6182   15.0869
   -7.5000  -45.0000  -22.500010143.6543   15.8483
    0.0000  -45.0000  -22.500010657.0605   15.9531
    7.5000  -45.0000  -22.500010188.5684   15.8971
   -7.5000  -37.5000  -22.500010819.4541   15.8564
    0.0000  -37.5000  -22.500011358.7910   15.9612
    7.5000  -37.5000  -22.500010853.1582   15.9056
   -7.5000  -30.0000  -22.500011898.3379   15.9262
    0.0000  -30.0000  -22.500012500.4590   16.0315
    7.5000  -30.0000  -22.500011947.7549   15.9754
   -7.5000  -22.5000  -22.500012969.1260   15.9865
    0.0000  -22.5000  -22.500013632.4600   16.0915
    7.5000  -22.5000  -22.500013030.3350   16.0343
   -7.5000  -15.0000  -22.500013999.8594   15.9826
    0.0000  -15.0000  -22.500014706.4697   16.0878
    7.5000  -15.0000  -22.500014057.8203   16.0298
   -7.5000   -7.5000  -22.500015006.9492   15.9119
    0.0000   -7.5000  -22.500015763.0439   16.0174
    7.5000   -7.5000  -22.500015061.0576   15.9599
   -7.5000    0.0000  -22.500015747.5322   15.8483
    0.0000    0.0000  -22.500016593.2852   15.9531
    7.5000    0.0000  -22.500015833.4297   15.8971
   -7.5000    7.5000  -22.500015155.9980   15.8564
    0.0000    7.5000  -22.500015992.8096   15.9612
    7.5000    7.5000  -22.500015243.2266   15.9056
   -7.5000   15.0000  -22.500014415.7285   15.9262
    0.0000   15.0000  -22.500015205.6211   16.0315
    7.5000   15.0000  -22.500014481.3340   15.9754
   -7.5000   22.5000  -22.500013546.6611   15.9815
    0.0000   22.5000  -22.500014292.4053   16.0866
    7.5000   22.5000  -22.500013625.0801   16.0294
   -7.5000   30.0000  -22.500012529.8994   15.7736
    0.0000   30.0000  -22.500013211.8281   15.8774
    7.5000   30.0000  -22.500012618.4668   15.8201
   -7.5000   37.5000  -22.500011935.4102   15.7038
    0.0000   37.5000  -22.500012564.3525   15.8079
    7.5000   37.5000  -22.500012002.6465   15.7512
   -7.5000   45.0000  -22.500010925.8203   15.2627
    0.0000   45.0000  -22.500011472.4697   15.3636
    7.5000   45.0000  -22.500010960.8369   15.3097
   -7.5000  -45.0000  -15.000010727.1426   15.9701
    0.0000  -45.0000  -15.000011262.2900   16.0757
    7.5000  -45.0000  -15.000010778.6592   16.0195
   -7.5000  -37.5000  -15.000011459.6816   15.9793
    0.0000  -37.5000  -15.000012034.5996   16.0879
    7.5000  -37.5000  -15.000011513.8564   16.0351
   -7.5000  -30.0000  -15.000012608.1279   16.0517
    0.0000  -30.0000  -15.000013252.4170   16.1628
    7.5000  -30.0000  -15.000012679.6230   16.1101
   -7.5000  -22.5000  -15.000013759.6367   16.1140
    0.0000  -22.5000  -15.000014471.0508   16.2238
    7.5000  -22.5000  -15.000013845.1143   16.1672
   -7.5000  -15.0000  -15.000014841.8516   16.1097
    0.0000  -15.0000  -15.000015605.6768   16.2163
    7.5000  -15.0000  -15.000014910.0654   16.1559
   -7.5000   -7.5000  -15.000015876.0273   16.0358
    0.0000   -7.5000  -15.000016734.9961   16.1406
    7.5000   -7.5000  -15.000015981.6367   16.0806
   -7.5000    0.0000  -15.000016637.8066   15.9701
    0.0000    0.0000  -15.000017608.3027   16.0757
    7.5000    0.0000  -15.000016793.9062   16.0195
   -7.5000    7.5000  -15.000016030.8867   15.9793
    0.0000    7.5000  -15.000016981.3867   16.0879
    7.5000    7.5000  -15.000016188.0137   16.0351
   -7.5000   15.0000  -15.000015248.7998   16.0517
    0.0000   15.0000  -15.000016122.5059   16.1628
    7.5000   15.0000  -15.000015365.0186   16.1101
   -7.5000   22.5000  -15.000014338.4707   16.1083
    0.0000   22.5000  -15.000015138.2129   16.2180
    7.5000   22.5000  -15.000014447.7559   16.1615
   -7.5000   30.0000  -15.000013287.7100   15.9012
    0.0000   30.0000  -15.000014014.0684   16.0064
    7.5000   30.0000  -15.000013393.7061   15.9468
   -7.5000   37.5000  -15.000012650.9990   15.8283
    0.0000   37.5000  -15.000013319.6016   15.9317
    7.5000   37.5000  -15.000012747.7148   15.8725
   -7.5000   45.0000  -15.000011585.2480   15.3893
    0.0000   45.0000  -15.000012183.5957   15.4910
    7.5000   45.0000  -15.000011648.5371   15.4369
   -7.5000  -45.0000   -7.500011274.2939   15.9212
    0.0000  -45.0000   -7.500011827.6777   16.0185
    7.5000  -45.0000   -7.500011328.8438   15.9678
   -7.5000  -37.5000   -7.500012064.5869   15.9276
    0.0000  -37.5000   -7.500012661.2539   16.0302
    7.5000  -37.5000   -7.500012133.2275   15.9834
   -7.5000  -30.0000   -7.500013313.0723   16.0028
    0.0000  -30.0000   -7.500013985.2686   16.1113
    7.5000  -30.0000   -7.500013394.5938   16.0659
   -7.5000  -22.5000   -7.500014559.1914   16.0705
    0.0000  -22.5000   -7.500015311.4355   16.1793
    7.5000  -22.5000   -7.500014664.1885   16.1309
   -7.5000  -15.0000   -7.500015682.6035   16.0690
    0.0000  -15.0000   -7.500016523.2559   16.1724
    7.5000  -15.0000   -7.500015794.9492   16.1196
   -7.5000   -7.5000   -7.500016732.1660   15.9923
    0.0000   -7.5000   -7.500017723.1680   16.0902
    7.5000   -7.5000   -7.500016892.8691   16.0365
   -7.5000    0.0000   -7.500017547.1992   15.9212
    0.0000    0.0000   -7.500018643.7227   16.0185
    7.5000    0.0000   -7.500017757.9961   15.9678
   -7.5000    7.5000   -7.500016944.6094   15.9276
    0.0000    7.5000   -7.500017982.2090   16.0302
    7.5000    7.5000   -7.500017141.9121   15.9834
   -7.5000   15.0000   -7.500016092.0645   16.0028
    0.0000   15.0000   -7.500017042.7656   16.1113
    7.5000   15.0000   -7.500016271.1943   16.0659
   -7.5000   22.5000   -7.500015128.9082   16.0631
    0.0000   22.5000   -7.500015976.1299   16.1718
    7.5000   22.5000   -7.500015290.5283   16.1234
   -7.5000   30.0000   -7.500014051.1514   15.8606
    0.0000   30.0000   -7.500014808.4648   15.9627
    7.5000   30.0000   -7.500014188.4326   15.9106
   -7.5000   37.5000   -7.500013385.4707   15.7849
    0.0000   37.5000   -7.500014094.3193   15.8815
    7.5000   37.5000   -7.500013517.9883   15.8286
   -7.5000   45.0000   -7.500012277.3740   15.3451
    0.0000   45.0000   -7.500012911.5205   15.4388
    7.5000   45.0000   -7.500012374.9473   15.3899
   -7.5000  -45.0000    0.000011754.4473   15.7935
    0.0000  -45.0000    0.000012313.2764   15.8825
    7.5000  -45.0000    0.000011794.6250   15.8361
   -7.5000  -37.5000    0.000012591.9775   15.7943
    0.0000  -37.5000    0.000013194.7188   15.8879
    7.5000  -37.5000    0.000012650.4307   15.8433
   -7.5000  -30.0000    0.000013947.4619   15.8662
    0.0000  -30.0000    0.000014637.5713   15.9672
    7.5000  -30.0000    0.000014035.8262   15.9252
   -7.5000  -22.5000    0.000015323.2109   15.9362
    0.0000  -22.5000    0.000016121.9590   16.0400
    7.5000  -22.5000    0.000015433.7207   15.9983
   -7.5000  -15.0000    0.000016520.0410   15.9397
    0.0000  -15.0000    0.000017458.3906   16.0392
    7.5000  -15.0000    0.000016691.1465   15.9955
   -7.5000   -7.5000    0.000017568.6055   15.8665
    0.0000   -7.5000    0.000018682.8809   15.9588
    7.5000   -7.5000    0.000017796.6777   15.9127
   -7.5000    0.0000    0.000018388.9277   15.7935
    0.0000    0.0000    0.000019536.9043   15.8825
    7.5000    0.0000    0.000018623.9102   15.8361
   -7.5000    7.5000    0.000017776.8340   15.7943
    0.0000    7.5000    0.000018823.1855   15.8879
    7.5000    7.5000    0.000017990.8145   15.8433
   -7.5000   15.0000    0.000016886.4512   15.8662
    0.0000   15.0000    0.000017826.4883   15.9672
    7.5000   15.0000    0.000017091.9277   15.9252
   -7.5000   22.5000    0.000015897.5059   15.9289
    0.0000   22.5000    0.000016748.8926   16.0326
    7.5000   22.5000    0.000016075.5586   15.9910
   -7.5000   30.0000    0.000014784.7607   15.7334
    0.0000   30.0000    0.000015576.3467   15.8317
    7.5000   30.0000    0.000014944.9854   15.7885
   -7.5000   37.5000    0.000014136.2832   15.6611
    0.0000   37.5000    0.000014897.2070   15.7523
    7.5000   37.5000    0.000014286.2539   15.7068
   -7.5000   45.0000    0.000012987.2168   15.2231
    0.0000   45.0000    0.000013683.4883   15.3089
    7.5000   45.0000    0.000013096.9902   15.2642
   -7.5000  -45.0000    7.500011350.2549   15.9574
    0.0000  -45.0000    7.500011894.0098   16.0465
    7.5000  -45.0000    7.500011383.3193   15.9984
   -7.5000  -37.5000    7.500012160.3662   15.9577
    0.0000  -37.5000    7.500012733.3877   16.0485
    7.5000  -37.5000    7.500012190.1172   15.9996
   -7.5000  -30.0000    7.500013482.6250   16.0296
    0.0000  -30.0000    7.500014131.7266   16.1266
    7.5000  -30.0000    7.500013529.6025   16.0800
   -7.5000  -22.5000    7.500014905.7461   16.1003
    0.0000  -22.5000    7.500015698.4258   16.2013
    7.5000  -22.5000    7.500014990.9824   16.1580
   -7.5000  -15.0000    7.500016150.7148   16.1044
    0.0000  -15.0000    7.500017200.9805   16.2041
    7.5000  -15.0000    7.500016389.8340   16.1614
   -7.5000   -7.5000    7.500017236.5625   16.0312
    0.0000   -7.5000    7.500018428.2129   16.1251
    7.5000   -7.5000    7.500017539.7188   16.0800
   -7.5000    0.0000    7.500018036.2129   15.9574
    0.0000    0.0000    7.500019131.1289   16.0465
    7.5000    0.0000    7.500018263.5273   15.9984
   -7.5000    7.5000    7.500017422.2168   15.9577
    0.0000    7.5000    7.500018364.8320   16.0485
    7.5000    7.5000    7.500017599.4180   15.9996
   -7.5000   15.0000    7.500016548.0117   16.0296
    0.0000   15.0000    7.500017462.0547   16.1266
    7.5000   15.0000    7.500016734.7598   16.0800
   -7.5000   22.5000    7.500015576.1514   16.0929
    0.0000   22.5000    7.500016500.5566   16.1938
    7.5000   22.5000    7.500015752.5371   16.1505
   -7.5000   30.0000    7.500014501.0713   15.8960
    0.0000   30.0000    7.500015408.9492   15.9944
    7.5000   30.0000    7.500014654.6367   15.9523
   -7.5000   37.5000    7.500013871.9287   15.8237
    0.0000   37.5000    7.500014743.1279   15.9164
    7.5000   37.5000    7.500014000.1719   15.8719
   -7.5000   45.0000    7.500012717.5420   15.3811
    0.0000   45.0000    7.500013508.8965   15.4670
    7.5000   45.0000    7.500012814.8506   15.4206
   -7.5000  -45.0000   15.000010896.7402   16.2296
    0.0000  -45.0000   15.000011411.8232   16.3270
    7.5000  -45.0000   15.000010946.5000   16.2724
   -7.5000  -37.5000   15.000011677.2705   16.2340
    0.0000  -37.5000   15.000012230.7754   16.3306
    7.5000  -37.5000   15.000011732.5908   16.2743
   -7.5000  -30.0000   15.000012950.1553   16.3062
    0.0000  -30.0000   15.000013547.9883   16.4053
    7.5000  -30.0000   15.000012987.8203   16.3497
   -7.5000  -22.5000   15.000014303.2373   16.3735
    0.0000  -22.5000   15.000015049.3545   16.4753
    7.5000  -22.5000   15.000014395.8486   16.4223
   -7.5000  -15.0000   15.000015578.9395   16.3746
    0.0000  -15.0000   15.000016706.4082   16.4775
    7.5000  -15.0000   15.000015897.2451   16.4258
   -7.5000   -7.5000   15.000016766.0469   16.3005
    0.0000   -7.5000   15.000018193.4258   16.4015
    7.5000   -7.5000   15.000017234.2441   16.3489
   -7.5000    0.0000   15.000017661.7188   16.2296
    0.0000    0.0000   15.000019035.1719   16.3270
    7.5000    0.0000   15.000018017.8379   16.2724
   -7.5000    7.5000   15.000017086.2148   16.2340
    0.0000    7.5000   15.000018274.0508   16.3306
    7.5000    7.5000   15.000017283.9746   16.2743
   -7.5000   15.0000   15.000016161.3984   16.3062
    0.0000   15.0000   15.000017304.3809   16.4053
    7.5000   15.0000   15.000016330.1416   16.3497
   -7.5000   22.5000   15.000015139.0176   16.3660
    0.0000   22.5000   15.000016230.1846   16.4677
    7.5000   22.5000   15.000015293.2910   16.4147
   -7.5000   30.0000   15.000014068.5879   16.1627
    0.0000   30.0000   15.000015081.3477   16.2642
    7.5000   30.0000   15.000014219.3975   16.2132
   -7.5000   37.5000   15.000013439.2939   16.0895
    0.0000   37.5000   15.000014367.5107   16.1892
    7.5000   37.5000   15.000013578.7607   16.1374
   -7.5000   45.0000   15.000012335.4922   15.6435
    0.0000   45.0000   15.000013145.2119   15.7374
    7.5000   45.0000   15.000012437.2363   15.6848
   -7.5000  -45.0000   22.500010361.5918   16.5587
    0.0000  -45.0000   22.500010865.5381   16.6649
    7.5000  -45.0000   22.500010435.4609   16.6040
   -7.5000  -37.5000   22.500011098.3789   16.5690
    0.0000  -37.5000   22.500011638.1475   16.6751
    7.5000  -37.5000   22.500011173.5488   16.6147
   -7.5000  -30.0000   22.500012322.1631   16.6441
    0.0000  -30.0000   22.500012916.4004   16.7508
    7.5000  -30.0000   22.500012370.7822   16.6900
   -7.5000  -22.5000   22.500013630.1689   16.7092
    0.0000  -22.5000   22.500014409.0654   16.8156
    7.5000  -22.5000   22.500013754.0312   16.7535
   -7.5000  -15.0000   22.500014868.4541   16.7054
    0.0000  -15.0000   22.500016009.2188   16.8120
    7.5000  -15.0000   22.500015205.4844   16.7488
   -7.5000   -7.5000   22.500016055.5420   16.6276
    0.0000   -7.5000   22.500017393.2578   16.7345
    7.5000   -7.5000   22.500016433.5488   16.6720
   -7.5000    0.0000   22.500016881.8926   16.5587
    0.0000    0.0000   22.500018302.5625   16.6649
    7.5000    0.0000   22.500017224.7520   16.6040
   -7.5000    7.5000   22.500016338.7812   16.5690
    0.0000    7.5000   22.500017726.7324   16.6751
    7.5000    7.5000   22.500016657.2227   16.6147
   -7.5000   15.0000   22.500015493.4375   16.6441
    0.0000   15.0000   22.500016826.2617   16.7508
    7.5000   15.0000   22.500015797.2607   16.6900
   -7.5000   22.5000   22.500014483.3281   16.7015
    0.0000   22.5000   22.500015648.6904   16.8079
    7.5000   22.5000   22.500014710.8516   16.7458
   -7.5000   30.0000   22.500013445.7734   16.4892
    0.0000   30.0000   22.500014443.5713   16.5944
    7.5000   30.0000   22.500013631.9502   16.5320
   -7.5000   37.5000   22.500012845.7051   16.4124
    0.0000   37.5000   22.500013727.6367   16.5179
    7.5000   37.5000   22.500013004.1406   16.4562
   -7.5000   45.0000   22.500011808.6006   15.9607
    0.0000   45.0000   22.500012571.6982   16.0631
    7.5000   45.0000   22.500011915.4473   16.0043
   -7.5000  -45.0000   30.0000 9816.4775   16.9224
    0.0000  -45.0000   30.000010322.7520   17.0286
    7.5000  -45.0000   30.0000 9891.3740   16.9671
   -7.5000  -37.5000   30.000010510.7354   16.9365
    0.0000  -37.5000   30.000011072.7812   17.0461
    7.5000  -37.5000   30.000010602.6367   16.9883
   -7.5000  -30.0000   30.000011656.0498   17.0188
    0.0000  -30.0000   30.000012293.0391   17.1311
    7.5000  -30.0000   30.000011758.3418   17.0735
   -7.5000  -22.5000   30.000012852.5029   17.0874
    0.0000  -22.5000   30.000013636.8359   17.1983
    7.5000  -22.5000   30.000013009.6201   17.1365
   -7.5000  -15.0000   30.000013977.4795   17.0807
    0.0000  -15.0000   30.000014905.8828   17.1881
    7.5000  -15.0000   30.000014188.1074   17.1219
   -7.5000   -7.5000   30.000015052.2607   16.9953
    0.0000   -7.5000   30.000016025.1914   17.1008
    7.5000   -7.5000   30.000015246.5859   17.0350
   -7.5000    0.0000   30.000015852.3955   16.9224
    0.0000    0.0000   30.000016911.2930   17.0286
    7.5000    0.0000   30.000016079.5820   16.9671
   -7.5000    7.5000   30.000015367.9756   16.9365
    0.0000    7.5000   30.000016457.3184   17.0461
    7.5000    7.5000   30.000015653.5371   16.9883
   -7.5000   15.0000   30.000014616.9756   17.0188
    0.0000   15.0000   30.000015697.6992   17.1311
    7.5000   15.0000   30.000014915.6729   17.0735
   -7.5000   22.5000   30.000013679.8242   17.0795
    0.0000   22.5000   30.000014659.8271   17.1904
    7.5000   22.5000   30.000013919.2070   17.1286
   -7.5000   30.0000   30.000012705.9941   16.8596
    0.0000   30.0000   30.000013561.0293   16.9656
    7.5000   30.0000   30.000012892.7627   16.9003
   -7.5000   37.5000   30.000012130.8340   16.7754
    0.0000   37.5000   30.000012930.7461   16.8794
    7.5000   37.5000   30.000012287.8262   16.8146
   -7.5000   45.0000   30.000011163.4121   16.3113
    0.0000   45.0000   30.000011888.1631   16.4136
    7.5000   45.0000   30.000011277.8223   16.3544
   -7.5000  -45.0000   37.5000 9684.9111   17.2716
    0.0000  -45.0000   37.500010202.1416   17.3699
    7.5000  -45.0000   37.5000 9800.7188   17.3137
   -7.5000  -37.5000   37.500010361.8398   17.2842
    0.0000  -37.5000   37.500010915.0283   17.3887
    7.5000  -37.5000   37.500010481.2676   17.3371
   -7.5000  -30.0000   37.500011483.4102   17.3737
    0.0000  -30.0000   37.500012081.8809   17.4851
    7.5000  -30.0000   37.500011595.6670   17.4352
   -7.5000  -22.5000   37.500012613.6191   17.4508
    0.0000  -22.5000   37.500013293.4570   17.5626
    7.5000  -22.5000   37.500012737.9053   17.5091
   -7.5000  -15.0000   37.500013657.7881   17.4460
    0.0000  -15.0000   37.500014381.1182   17.5516
    7.5000  -15.0000   37.500013758.3311   17.4930
   -7.5000   -7.5000   37.500014674.7207   17.3534
    0.0000   -7.5000   37.500015426.4717   17.4524
    7.5000   -7.5000   37.500014739.2051   17.3928
   -7.5000    0.0000   37.500015457.2881   17.2716
    0.0000    0.0000   37.500016292.6514   17.3699
    7.5000    0.0000   37.500015590.1514   17.3137
   -7.5000    7.5000   37.500015028.6055   17.2842
    0.0000    7.5000   37.500015877.1846   17.3887
    7.5000    7.5000   37.500015201.4297   17.3371
   -7.5000   15.0000   37.500014328.7109   17.3737
    0.0000   15.0000   37.500015154.7266   17.4851
    7.5000   15.0000   37.500014502.0322   17.4352
   -7.5000   22.5000   37.500013423.6689   17.4428
    0.0000   22.5000   37.500014197.7109   17.5545
    7.5000   22.5000   37.500013578.1621   17.5010
   -7.5000   30.0000   37.500012466.0283   17.2203
    0.0000   30.0000   37.500013186.0840   17.3244
    7.5000   30.0000   37.500012610.4775   17.2667
   -7.5000   37.5000   37.500011918.0947   17.1288
    0.0000   37.5000   37.500012620.6338   17.2265
    7.5000   37.5000   37.500012050.7402   17.1677
   -7.5000   45.0000   37.500010959.6836   16.6478
    0.0000   45.0000   37.500011597.7002   16.7426
    7.5000   45.0000   37.500011047.8389   16.6885
   -7.5000  -45.0000   45.0000 9163.7031   17.7362
    0.0000  -45.0000   45.0000 9649.8135   17.8270
    7.5000  -45.0000   45.0000 9262.9023   17.7725
   -7.5000  -37.5000   45.0000 9798.8232   17.7466
    0.0000  -37.5000   45.000010280.9062   17.8431
    7.5000  -37.5000   45.0000 9877.3926   17.7909
   -7.5000  -30.0000   45.000010825.9785   17.8376
    0.0000  -30.0000   45.000011349.0225   17.9432
    7.5000  -30.0000   45.000010905.5781   17.8940
   -7.5000  -22.5000   45.000011877.6143   17.9189
    0.0000  -22.5000   45.000012452.5332   18.0277
    7.5000  -22.5000   45.000011957.6602   17.9789
   -7.5000  -15.0000   45.000012850.3906   17.9170
    0.0000  -15.0000   45.000013464.7979   18.0204
    7.5000  -15.0000   45.000012901.4043   17.9690
   -7.5000   -7.5000   45.000013809.1465   17.8224
    0.0000   -7.5000   45.000014443.7314   17.9170
    7.5000   -7.5000   45.000013830.6357   17.8628
   -7.5000    0.0000   45.000014539.2070   17.7362
    0.0000    0.0000   45.000015225.7812   17.8270
    7.5000    0.0000   45.000014571.9062   17.7725
   -7.5000    7.5000   45.000014135.1445   17.7466
    0.0000    7.5000   45.000014820.5293   17.8431
    7.5000    7.5000   45.000014188.1758   17.7909
   -7.5000   15.0000   45.000013481.8076   17.8376
    0.0000   15.0000   45.000014158.6436   17.9432
    7.5000   15.0000   45.000013544.5820   17.8940
   -7.5000   22.5000   45.000012640.5625   17.9106
    0.0000   22.5000   45.000013280.2783   18.0193
    7.5000   22.5000   45.000012693.6943   17.9706
   -7.5000   30.0000   45.000011738.0967   17.6836
    0.0000   30.0000   45.000012335.4023   17.7856
    7.5000   30.0000   45.000011783.4414   17.7349
   -7.5000   37.5000   45.000011239.5996   17.5902
    0.0000   37.5000   45.000011825.7246   17.6836
    7.5000   37.5000   45.000011291.3906   17.6301
   -7.5000   45.0000   45.000010328.8730   17.1034
    0.0000   45.0000   45.000010874.1172   17.1910
    7.5000   45.0000   45.000010362.4766   17.1384

---------------------------------------------------------------------
imgreg_4dfp /opt/freesurfer/average/711-2C_as_mni_average_305 /opt/freesurfer/average/711-2B_as_mni_average_305_mask talsrcimg_g11 none talsrcimg_to_711-2C_as_mni_average_305_t4 4355
---------------------------------------------------------------------

freesurfer imgreg_4dfp.c
/opt/freesurfer/average/711-2C_as_mni_average_305.4dfp.img
       256       256       256         1
  1.000000  1.000000  1.000000
orientation T byte_order littleendian
Reading image: /opt/freesurfer/average/711-2C_as_mni_average_305.4dfp.img
dimensions:      256       256       256
mmppix:       1.0000   -1.0000   -1.0000
center:     128.0000 -129.0000 -129.0000
/opt/freesurfer/average/711-2B_as_mni_average_305_mask.4dfp.img
       256       256       256         1
  1.000000  1.000000  1.000000
orientation T byte_order littleendian
Reading mask: /opt/freesurfer/average/711-2B_as_mni_average_305_mask.4dfp.img (2306576 pixels)
talsrcimg_g11.4dfp.img
       320       320       320         1
  0.800000  0.800000  0.800000
orientation T byte_order littleendian
Reading image: talsrcimg_g11.4dfp.img
dimensions:      320       320       320
mmppix:       0.8000   -0.8000   -0.8000
center:     128.0000 -128.8000 -128.8000
rotation matrix determinant  1.000000
image alignment mode   4355 decimal     1103 hex
   -7.5000  -45.0000  -45.0000 2456.8901   23.1929
    0.0000  -45.0000  -45.0000 2459.2825   23.0663
    7.5000  -45.0000  -45.0000 2455.6667   23.1509
   -7.5000  -37.5000  -45.0000 2513.6084   21.6337
    0.0000  -37.5000  -45.0000 2521.8354   21.5668
    7.5000  -37.5000  -45.0000 2519.8030   21.6100
   -7.5000  -30.0000  -45.0000 2552.3000   20.4870
    0.0000  -30.0000  -45.0000 2559.8547   20.4357
    7.5000  -30.0000  -45.0000 2558.3623   20.4473
   -7.5000  -22.5000  -45.0000 2580.1372   19.6179
    0.0000  -22.5000  -45.0000 2592.0686   19.5827
    7.5000  -22.5000  -45.0000 2588.7512   19.5997
   -7.5000  -15.0000  -45.0000 2604.7209   19.1023
    0.0000  -15.0000  -45.0000 2618.1008   19.0359
    7.5000  -15.0000  -45.0000 2611.6240   19.0395
   -7.5000   -7.5000  -45.0000 2617.4333   18.9367
    0.0000   -7.5000  -45.0000 2627.0417   18.8616
    7.5000   -7.5000  -45.0000 2619.6213   18.8231
   -7.5000    0.0000  -45.0000 2616.7493   19.0025
    0.0000    0.0000  -45.0000 2629.1812   18.9422
    7.5000    0.0000  -45.0000 2623.9778   18.9299
   -7.5000    7.5000  -45.0000 2603.9702   19.2539
    0.0000    7.5000  -45.0000 2623.9329   19.2463
    7.5000    7.5000  -45.0000 2615.3909   19.2481
   -7.5000   15.0000  -45.0000 2575.1587   19.8279
    0.0000   15.0000  -45.0000 2593.1482   19.8303
    7.5000   15.0000  -45.0000 2586.2546   19.8391
   -7.5000   22.5000  -45.0000 2522.6968   20.7813
    0.0000   22.5000  -45.0000 2538.1353   20.8036
    7.5000   22.5000  -45.0000 2533.4167   20.8216
   -7.5000   30.0000  -45.0000 2456.0872   22.1221
    0.0000   30.0000  -45.0000 2469.7102   22.1709
    7.5000   30.0000  -45.0000 2462.1282   22.1738
   -7.5000   37.5000  -45.0000 2371.2871   23.7880
    0.0000   37.5000  -45.0000 2383.7717   23.8168
    7.5000   37.5000  -45.0000 2375.7283   23.8079
   -7.5000   45.0000  -45.0000 2280.1750   25.7863
    0.0000   45.0000  -45.0000 2287.1255   25.7422
    7.5000   45.0000  -45.0000 2279.3240   25.7567
   -7.5000  -45.0000  -37.5000 2493.0090   22.2958
    0.0000  -45.0000  -37.5000 2500.3552   22.2388
    7.5000  -45.0000  -37.5000 2497.6855   22.2643
   -7.5000  -37.5000  -37.5000 2556.8225   20.7257
    0.0000  -37.5000  -37.5000 2564.9055   20.7002
    7.5000  -37.5000  -37.5000 2560.8350   20.7314
   -7.5000  -30.0000  -37.5000 2597.2151   19.5863
    0.0000  -30.0000  -37.5000 2606.2800   19.5534
    7.5000  -30.0000  -37.5000 2601.8733   19.5730
   -7.5000  -22.5000  -37.5000 2626.9458   18.7573
    0.0000  -22.5000  -37.5000 2638.4912   18.7252
    7.5000  -22.5000  -37.5000 2632.2319   18.7373
   -7.5000  -15.0000  -37.5000 2650.0425   18.2641
    0.0000  -15.0000  -37.5000 2664.7432   18.2115
    7.5000  -15.0000  -37.5000 2653.8577   18.2105
   -7.5000   -7.5000  -37.5000 2663.3154   18.0852
    0.0000   -7.5000  -37.5000 2675.3237   18.0025
    7.5000   -7.5000  -37.5000 2662.4460   18.0023
   -7.5000    0.0000  -37.5000 2664.6716   18.1227
    0.0000    0.0000  -37.5000 2677.6267   18.0487
    7.5000    0.0000  -37.5000 2665.1890   18.0589
   -7.5000    7.5000  -37.5000 2653.5488   18.3542
    0.0000    7.5000  -37.5000 2667.2075   18.2889
    7.5000    7.5000  -37.5000 2658.0862   18.3085
   -7.5000   15.0000  -37.5000 2626.6504   18.8967
    0.0000   15.0000  -37.5000 2637.6260   18.8337
    7.5000   15.0000  -37.5000 2633.5615   18.8890
   -7.5000   22.5000  -37.5000 2571.7910   19.7952
    0.0000   22.5000  -37.5000 2584.8328   19.7626
    7.5000   22.5000  -37.5000 2582.0774   19.8259
   -7.5000   30.0000  -37.5000 2497.1460   21.0577
    0.0000   30.0000  -37.5000 2505.7375   21.0741
    7.5000   30.0000  -37.5000 2502.7832   21.1063
   -7.5000   37.5000  -37.5000 2411.2263   22.6244
    0.0000   37.5000  -37.5000 2421.5583   22.6461
    7.5000   37.5000  -37.5000 2414.0759   22.6753
   -7.5000   45.0000  -37.5000 2320.3157   24.5296
    0.0000   45.0000  -37.5000 2327.0403   24.5273
    7.5000   45.0000  -37.5000 2318.2000   24.5336
   -7.5000  -45.0000  -30.0000 2590.3308   22.0562
    0.0000  -45.0000  -30.0000 2601.4829   22.0619
    7.5000  -45.0000  -30.0000 2595.5303   22.0230
   -7.5000  -37.5000  -30.0000 2659.4724   20.4694
    0.0000  -37.5000  -30.0000 2670.0632   20.4784
    7.5000  -37.5000  -30.0000 2664.2620   20.4668
   -7.5000  -30.0000  -30.0000 2706.5242   19.2954
    0.0000  -30.0000  -30.0000 2717.6863   19.2792
    7.5000  -30.0000  -30.0000 2711.6553   19.2705
   -7.5000  -22.5000  -30.0000 2737.2720   18.4235
    0.0000  -22.5000  -30.0000 2749.8887   18.3920
    7.5000  -22.5000  -30.0000 2739.7615   18.3835
   -7.5000  -15.0000  -30.0000 2761.4617   17.8961
    0.0000  -15.0000  -30.0000 2772.8325   17.8383
    7.5000  -15.0000  -30.0000 2765.4077   17.8537
   -7.5000   -7.5000  -30.0000 2773.2004   17.6987
    0.0000   -7.5000  -30.0000 2783.5671   17.5894
    7.5000   -7.5000  -30.0000 2775.5564   17.6270
   -7.5000    0.0000  -30.0000 2780.7273   17.7152
    0.0000    0.0000  -30.0000 2788.1133   17.6117
    7.5000    0.0000  -30.0000 2780.2266   17.6453
   -7.5000    7.5000  -30.0000 2773.9141   17.9360
    0.0000    7.5000  -30.0000 2778.6792   17.8302
    7.5000    7.5000  -30.0000 2773.5833   17.8890
   -7.5000   15.0000  -30.0000 2744.4412   18.4572
    0.0000   15.0000  -30.0000 2747.3435   18.3535
    7.5000   15.0000  -30.0000 2745.6831   18.4164
   -7.5000   22.5000  -30.0000 2686.8826   19.2980
    0.0000   22.5000  -30.0000 2695.4929   19.2214
    7.5000   22.5000  -30.0000 2691.9902   19.2925
   -7.5000   30.0000  -30.0000 2607.9924   20.4589
    0.0000   30.0000  -30.0000 2619.1726   20.4393
    7.5000   30.0000  -30.0000 2616.5825   20.5171
   -7.5000   37.5000  -30.0000 2516.9783   21.9458
    0.0000   37.5000  -30.0000 2526.8477   21.9588
    7.5000   37.5000  -30.0000 2524.1604   22.0515
   -7.5000   45.0000  -30.0000 2417.4275   23.7958
    0.0000   45.0000  -30.0000 2427.7297   23.8075
    7.5000   45.0000  -30.0000 2418.1326   23.8496
   -7.5000  -45.0000  -22.5000 2656.8860   21.7658
    0.0000  -45.0000  -22.5000 2669.1687   21.7583
    7.5000  -45.0000  -22.5000 2662.0249   21.6874
   -7.5000  -37.5000  -22.5000 2726.8948   20.1354
    0.0000  -37.5000  -22.5000 2740.0623   20.1359
    7.5000  -37.5000  -22.5000 2733.0608   20.0960
   -7.5000  -30.0000  -22.5000 2778.4585   18.9291
    0.0000  -30.0000  -22.5000 2789.2007   18.9114
    7.5000  -30.0000  -22.5000 2783.3811   18.8776
   -7.5000  -22.5000  -22.5000 2809.0557   18.0411
    0.0000  -22.5000  -22.5000 2816.8140   17.9905
    7.5000  -22.5000  -22.5000 2811.8118   17.9537
   -7.5000  -15.0000  -22.5000 2836.4624   17.4736
    0.0000  -15.0000  -22.5000 2840.4617   17.3792
    7.5000  -15.0000  -22.5000 2836.4995   17.3812
   -7.5000   -7.5000  -22.5000 2851.3352   17.2348
    0.0000   -7.5000  -22.5000 2853.5154   17.1206
    7.5000   -7.5000  -22.5000 2850.6697   17.1616
   -7.5000    0.0000  -22.5000 2858.1533   17.2338
    0.0000    0.0000  -22.5000 2860.3748   17.1419
    7.5000    0.0000  -22.5000 2855.2371   17.1927
   -7.5000    7.5000  -22.5000 2847.5430   17.4416
    0.0000    7.5000  -22.5000 2848.8345   17.3517
    7.5000    7.5000  -22.5000 2849.1829   17.4177
   -7.5000   15.0000  -22.5000 2817.1289   17.9301
    0.0000   15.0000  -22.5000 2818.6807   17.8275
    7.5000   15.0000  -22.5000 2818.9458   17.9083
   -7.5000   22.5000  -22.5000 2759.1101   18.7180
    0.0000   22.5000  -22.5000 2762.4438   18.6342
    7.5000   22.5000  -22.5000 2762.7605   18.7256
   -7.5000   30.0000  -22.5000 2679.0815   19.8499
    0.0000   30.0000  -22.5000 2686.2649   19.7601
    7.5000   30.0000  -22.5000 2684.3411   19.8599
   -7.5000   37.5000  -22.5000 2591.3125   21.3092
    0.0000   37.5000  -22.5000 2599.4956   21.2166
    7.5000   37.5000  -22.5000 2596.6201   21.3433
   -7.5000   45.0000  -22.5000 2487.0078   23.0868
    0.0000   45.0000  -22.5000 2491.3020   23.0216
    7.5000   45.0000  -22.5000 2489.3733   23.1039
   -7.5000  -45.0000  -15.0000 2701.1372   21.5293
    0.0000  -45.0000  -15.0000 2710.8596   21.4810
    7.5000  -45.0000  -15.0000 2708.2390   21.4702
   -7.5000  -37.5000  -15.0000 2771.7266   19.9232
    0.0000  -37.5000  -15.0000 2782.4194   19.8492
    7.5000  -37.5000  -15.0000 2779.3765   19.8396
   -7.5000  -30.0000  -15.0000 2817.2720   18.6248
    0.0000  -30.0000  -15.0000 2828.6465   18.5636
    7.5000  -30.0000  -15.0000 2824.8008   18.5569
   -7.5000  -22.5000  -15.0000 2851.0417   17.6818
    0.0000  -22.5000  -15.0000 2860.2034   17.6019
    7.5000  -22.5000  -15.0000 2857.2683   17.5948
   -7.5000  -15.0000  -15.0000 2878.5425   17.0650
    0.0000  -15.0000  -15.0000 2880.7847   16.9342
    7.5000  -15.0000  -15.0000 2875.9868   16.9394
   -7.5000   -7.5000  -15.0000 2891.8391   16.7494
    0.0000   -7.5000  -15.0000 2892.4307   16.6242
    7.5000   -7.5000  -15.0000 2889.2773   16.6599
   -7.5000    0.0000  -15.0000 2894.0002   16.7193
    0.0000    0.0000  -15.0000 2898.2739   16.6320
    7.5000    0.0000  -15.0000 2896.7017   16.6944
   -7.5000    7.5000  -15.0000 2886.4541   16.9109
    0.0000    7.5000  -15.0000 2889.9902   16.8246
    7.5000    7.5000  -15.0000 2892.5232   16.9059
   -7.5000   15.0000  -15.0000 2859.1865   17.4050
    0.0000   15.0000  -15.0000 2861.0347   17.2924
    7.5000   15.0000  -15.0000 2864.2681   17.4084
   -7.5000   22.5000  -15.0000 2803.6108   18.1871
    0.0000   22.5000  -15.0000 2801.4360   18.0513
    7.5000   22.5000  -15.0000 2805.2192   18.1712
   -7.5000   30.0000  -15.0000 2722.8281   19.3135
    0.0000   30.0000  -15.0000 2722.8352   19.1528
    7.5000   30.0000  -15.0000 2725.7639   19.2766
   -7.5000   37.5000  -15.0000 2633.2627   20.7208
    0.0000   37.5000  -15.0000 2635.1213   20.5765
    7.5000   37.5000  -15.0000 2637.6023   20.6898
   -7.5000   45.0000  -15.0000 2528.3848   22.4960
    0.0000   45.0000  -15.0000 2533.5476   22.3473
    7.5000   45.0000  -15.0000 2533.7300   22.4441
   -7.5000  -45.0000   -7.5000 2717.1079   21.3597
    0.0000  -45.0000   -7.5000 2724.5508   21.2500
    7.5000  -45.0000   -7.5000 2727.1113   21.2902
   -7.5000  -37.5000   -7.5000 2787.1560   19.7102
    0.0000  -37.5000   -7.5000 2794.2881   19.5945
    7.5000  -37.5000   -7.5000 2797.1243   19.6264
   -7.5000  -30.0000   -7.5000 2836.0271   18.4137
    0.0000  -30.0000   -7.5000 2843.9236   18.2932
    7.5000  -30.0000   -7.5000 2846.8655   18.3170
   -7.5000  -22.5000   -7.5000 2869.5098   17.3948
    0.0000  -22.5000   -7.5000 2876.9170   17.2760
    7.5000  -22.5000   -7.5000 2878.9424   17.2989
   -7.5000  -15.0000   -7.5000 2890.9954   16.7021
    0.0000  -15.0000   -7.5000 2894.3784   16.5606
    7.5000  -15.0000   -7.5000 2892.7983   16.5845
   -7.5000   -7.5000   -7.5000 2900.0071   16.2760
    0.0000   -7.5000   -7.5000 2902.7446   16.1328
    7.5000   -7.5000   -7.5000 2898.0808   16.1756
   -7.5000    0.0000   -7.5000 2907.5386   16.1944
    0.0000    0.0000   -7.5000 2911.6387   16.0810
    7.5000    0.0000   -7.5000 2908.3203   16.1502
   -7.5000    7.5000   -7.5000 2906.5137   16.4237
    0.0000    7.5000   -7.5000 2905.9985   16.2564
    7.5000    7.5000   -7.5000 2908.2610   16.3543
   -7.5000   15.0000   -7.5000 2877.7085   16.9145
    0.0000   15.0000   -7.5000 2874.4321   16.7044
    7.5000   15.0000   -7.5000 2882.6716   16.8510
   -7.5000   22.5000   -7.5000 2820.9905   17.7169
    0.0000   22.5000   -7.5000 2811.7959   17.4872
    7.5000   22.5000   -7.5000 2824.5315   17.6639
   -7.5000   30.0000   -7.5000 2744.2034   18.8531
    0.0000   30.0000   -7.5000 2735.5928   18.6012
    7.5000   30.0000   -7.5000 2746.2490   18.7823
   -7.5000   37.5000   -7.5000 2655.6709   20.2521
    0.0000   37.5000   -7.5000 2650.3918   20.0199
    7.5000   37.5000   -7.5000 2663.2058   20.1849
   -7.5000   45.0000   -7.5000 2549.4304   22.0005
    0.0000   45.0000   -7.5000 2548.1948   21.7582
    7.5000   45.0000   -7.5000 2560.2542   21.9465
   -7.5000  -45.0000    0.0000 2727.9119   21.3854
    0.0000  -45.0000    0.0000 2732.8904   21.1871
    7.5000  -45.0000    0.0000 2734.7537   21.2114
   -7.5000  -37.5000    0.0000 2803.3950   19.7233
    0.0000  -37.5000    0.0000 2804.1641   19.5053
    7.5000  -37.5000    0.0000 2809.2502   19.5524
   -7.5000  -30.0000    0.0000 2853.2639   18.3986
    0.0000  -30.0000    0.0000 2855.2773   18.1945
    7.5000  -30.0000    0.0000 2860.4382   18.2358
   -7.5000  -22.5000    0.0000 2888.2878   17.3300
    0.0000  -22.5000    0.0000 2890.1238   17.1704
    7.5000  -22.5000    0.0000 2892.6787   17.2029
   -7.5000  -15.0000    0.0000 2904.9141   16.5457
    0.0000  -15.0000    0.0000 2905.2554   16.3991
    7.5000  -15.0000    0.0000 2907.6157   16.4592
   -7.5000   -7.5000    0.0000 2906.5562   15.9833
    0.0000   -7.5000    0.0000 2903.9221   15.8133
    7.5000   -7.5000    0.0000 2903.0503   15.9076
   -7.5000    0.0000    0.0000 2909.5127   15.8214
    0.0000    0.0000    0.0000 2904.2129   15.6154
    7.5000    0.0000    0.0000 2903.3386   15.7321
   -7.5000    7.5000    0.0000 2909.7063   16.0515
    0.0000    7.5000    0.0000 2897.3599   15.7747
    7.5000    7.5000    0.0000 2903.3787   15.9284
   -7.5000   15.0000    0.0000 2886.9119   16.5885
    0.0000   15.0000    0.0000 2870.6948   16.2623
    7.5000   15.0000    0.0000 2886.2720   16.4701
   -7.5000   22.5000    0.0000 2838.6084   17.4645
    0.0000   22.5000    0.0000 2819.8340   17.0986
    7.5000   22.5000    0.0000 2840.4607   17.3653
   -7.5000   30.0000    0.0000 2768.4050   18.6089
    0.0000   30.0000    0.0000 2750.8252   18.2524
    7.5000   30.0000    0.0000 2768.0588   18.5230
   -7.5000   37.5000    0.0000 2682.5496   20.0558
    0.0000   37.5000    0.0000 2671.4575   19.6911
    7.5000   37.5000    0.0000 2685.5586   19.9525
   -7.5000   45.0000    0.0000 2575.5186   21.7942
    0.0000   45.0000    0.0000 2571.4773   21.4322
    7.5000   45.0000    0.0000 2583.3662   21.6922
   -7.5000  -45.0000    7.5000 2730.5261   21.5277
    0.0000  -45.0000    7.5000 2727.9153   21.2559
    7.5000  -45.0000    7.5000 2730.7964   21.2098
   -7.5000  -37.5000    7.5000 2804.5981   19.8284
    0.0000  -37.5000    7.5000 2798.2385   19.5766
    7.5000  -37.5000    7.5000 2802.9402   19.5576
   -7.5000  -30.0000    7.5000 2858.3379   18.4939
    0.0000  -30.0000    7.5000 2851.0291   18.2622
    7.5000  -30.0000    7.5000 2855.0442   18.2185
   -7.5000  -22.5000    7.5000 2903.0168   17.4348
    0.0000  -22.5000    7.5000 2895.2202   17.2399
    7.5000  -22.5000    7.5000 2895.5151   17.2047
   -7.5000  -15.0000    7.5000 2923.1299   16.6265
    0.0000  -15.0000    7.5000 2919.3655   16.4987
    7.5000  -15.0000    7.5000 2917.6025   16.4844
   -7.5000   -7.5000    7.5000 2923.2146   16.0107
    0.0000   -7.5000    7.5000 2919.4380   15.9018
    7.5000   -7.5000    7.5000 2919.9851   15.9142
   -7.5000    0.0000    7.5000 2919.3992   15.7658
    0.0000    0.0000    7.5000 2902.9084   15.5219
    7.5000    0.0000    7.5000 2905.8027   15.6334
   -7.5000    7.5000    7.5000 2913.8215   15.9410
    0.0000    7.5000    7.5000 2891.2366   15.5953
    7.5000    7.5000    7.5000 2898.9878   15.7760
   -7.5000   15.0000    7.5000 2897.7119   16.4968
    0.0000   15.0000    7.5000 2876.3955   16.1514
    7.5000   15.0000    7.5000 2890.8816   16.3434
   -7.5000   22.5000    7.5000 2853.3196   17.3689
    0.0000   22.5000    7.5000 2841.1919   17.0462
    7.5000   22.5000    7.5000 2849.6780   17.2009
   -7.5000   30.0000    7.5000 2782.4041   18.5536
    0.0000   30.0000    7.5000 2777.9834   18.2821
    7.5000   30.0000    7.5000 2781.7490   18.3941
   -7.5000   37.5000    7.5000 2702.2903   20.0066
    0.0000   37.5000    7.5000 2697.7012   19.7524
    7.5000   37.5000    7.5000 2700.9668   19.8520
   -7.5000   45.0000    7.5000 2597.6389   21.7352
    0.0000   45.0000    7.5000 2599.4006   21.4764
    7.5000   45.0000    7.5000 2600.7163   21.5503
   -7.5000  -45.0000   15.0000 2735.6289   21.8463
    0.0000  -45.0000   15.0000 2732.4658   21.5570
    7.5000  -45.0000   15.0000 2730.0918   21.4866
   -7.5000  -37.5000   15.0000 2806.4558   20.1246
    0.0000  -37.5000   15.0000 2800.4851   19.8469
    7.5000  -37.5000   15.0000 2799.6707   19.7903
   -7.5000  -30.0000   15.0000 2860.2153   18.7094
    0.0000  -30.0000   15.0000 2851.0122   18.4767
    7.5000  -30.0000   15.0000 2852.1035   18.3905
   -7.5000  -22.5000   15.0000 2904.2346   17.6048
    0.0000  -22.5000   15.0000 2894.7537   17.4125
    7.5000  -22.5000   15.0000 2893.6931   17.3307
   -7.5000  -15.0000   15.0000 2931.7817   16.8327
    0.0000  -15.0000   15.0000 2927.9578   16.7381
    7.5000  -15.0000   15.0000 2924.1045   16.6468
   -7.5000   -7.5000   15.0000 2941.2244   16.3215
    0.0000   -7.5000   15.0000 2952.6550   16.3686
    7.5000   -7.5000   15.0000 2941.2090   16.2246
   -7.5000    0.0000   15.0000 2942.5037   16.1180
    0.0000    0.0000   15.0000 2957.1450   16.0994
    7.5000    0.0000   15.0000 2940.7129   16.0295
   -7.5000    7.5000   15.0000 2932.3711   16.2049
    0.0000    7.5000   15.0000 2934.5540   16.0352
    7.5000    7.5000   15.0000 2918.3030   16.0296
   -7.5000   15.0000   15.0000 2902.7395   16.6335
    0.0000   15.0000   15.0000 2905.7014   16.4009
    7.5000   15.0000   15.0000 2887.7805   16.3995
   -7.5000   22.5000   15.0000 2854.6401   17.4237
    0.0000   22.5000   15.0000 2862.5884   17.2554
    7.5000   22.5000   15.0000 2844.4321   17.2254
   -7.5000   30.0000   15.0000 2787.9736   18.6145
    0.0000   30.0000   15.0000 2798.1770   18.4690
    7.5000   30.0000   15.0000 2787.0566   18.4350
   -7.5000   37.5000   15.0000 2711.5540   20.0563
    0.0000   37.5000   15.0000 2722.0166   19.9371
    7.5000   37.5000   15.0000 2713.4285   19.9076
   -7.5000   45.0000   15.0000 2611.9131   21.8220
    0.0000   45.0000   15.0000 2626.5002   21.7034
    7.5000   45.0000   15.0000 2616.5154   21.6897
   -7.5000  -45.0000   22.5000 2729.1238   22.2531
    0.0000  -45.0000   22.5000 2720.9905   21.8900
    7.5000  -45.0000   22.5000 2721.9841   21.8089
   -7.5000  -37.5000   22.5000 2800.0352   20.5207
    0.0000  -37.5000   22.5000 2790.0520   20.1722
    7.5000  -37.5000   22.5000 2790.9409   20.1143
   -7.5000  -30.0000   22.5000 2859.4917   19.0979
    0.0000  -30.0000   22.5000 2848.5945   18.8251
    7.5000  -30.0000   22.5000 2845.6582   18.7462
   -7.5000  -22.5000   22.5000 2911.9849   18.0066
    0.0000  -22.5000   22.5000 2907.1147   17.8237
    7.5000  -22.5000   22.5000 2897.7551   17.7255
   -7.5000  -15.0000   22.5000 2946.1550   17.2683
    0.0000  -15.0000   22.5000 2960.3269   17.2463
    7.5000  -15.0000   22.5000 2940.1799   17.1059
   -7.5000   -7.5000   22.5000 2964.7854   16.7945
    0.0000   -7.5000   22.5000 2999.3977   16.9148
    7.5000   -7.5000   22.5000 2967.7534   16.7151
   -7.5000    0.0000   22.5000 2962.6958   16.5633
    0.0000    0.0000   22.5000 3001.1985   16.5843
    7.5000    0.0000   22.5000 2969.0835   16.4442
   -7.5000    7.5000   22.5000 2954.5479   16.6819
    0.0000    7.5000   22.5000 2988.1824   16.6402
    7.5000    7.5000   22.5000 2951.8521   16.4916
   -7.5000   15.0000   22.5000 2924.2087   17.1200
    0.0000   15.0000   22.5000 2954.5437   17.0777
    7.5000   15.0000   22.5000 2923.7417   16.9780
   -7.5000   22.5000   22.5000 2870.1477   17.8799
    0.0000   22.5000   22.5000 2887.8833   17.8322
    7.5000   22.5000   22.5000 2863.7134   17.7682
   -7.5000   30.0000   22.5000 2801.5374   19.0123
    0.0000   30.0000   22.5000 2810.8333   18.8996
    7.5000   30.0000   22.5000 2799.4985   18.8567
   -7.5000   37.5000   22.5000 2723.3206   20.3797
    0.0000   37.5000   22.5000 2732.6702   20.2497
    7.5000   37.5000   22.5000 2729.3174   20.2489
   -7.5000   45.0000   22.5000 2622.6235   22.1312
    0.0000   45.0000   22.5000 2634.6255   21.9507
    7.5000   45.0000   22.5000 2631.4915   22.0014
   -7.5000  -45.0000   30.0000 2720.2007   22.7865
    0.0000  -45.0000   30.0000 2713.7588   22.3927
    7.5000  -45.0000   30.0000 2710.0811   22.2819
   -7.5000  -37.5000   30.0000 2794.8577   21.0365
    0.0000  -37.5000   30.0000 2786.4800   20.6699
    7.5000  -37.5000   30.0000 2778.0940   20.5620
   -7.5000  -30.0000   30.0000 2856.6716   19.5959
    0.0000  -30.0000   30.0000 2851.1338   19.3472
    7.5000  -30.0000   30.0000 2838.9099   19.2350
   -7.5000  -22.5000   30.0000 2908.5388   18.4672
    0.0000  -22.5000   30.0000 2913.0945   18.3108
    7.5000  -22.5000   30.0000 2898.0710   18.2178
   -7.5000  -15.0000   30.0000 2945.2878   17.6814
    0.0000  -15.0000   30.0000 2960.2329   17.5916
    7.5000  -15.0000   30.0000 2943.6736   17.5106
   -7.5000   -7.5000   30.0000 2967.8630   17.2138
    0.0000   -7.5000   30.0000 2984.4041   17.0574
    7.5000   -7.5000   30.0000 2967.8491   16.9949
   -7.5000    0.0000   30.0000 2979.6448   17.0292
    0.0000    0.0000   30.0000 2998.5730   16.7973
    7.5000    0.0000   30.0000 2982.3562   16.7793
   -7.5000    7.5000   30.0000 2975.8704   17.1765
    0.0000    7.5000   30.0000 3001.4880   17.0072
    7.5000    7.5000   30.0000 2986.8962   16.9950
   -7.5000   15.0000   30.0000 2947.7124   17.6915
    0.0000   15.0000   30.0000 2974.9067   17.5859
    7.5000   15.0000   30.0000 2961.6724   17.5730
   -7.5000   22.5000   30.0000 2890.7974   18.5509
    0.0000   22.5000   30.0000 2905.9236   18.4762
    7.5000   22.5000   30.0000 2897.1133   18.4694
   -7.5000   30.0000   30.0000 2813.1948   19.6813
    0.0000   30.0000   30.0000 2821.8945   19.5514
    7.5000   30.0000   30.0000 2818.9578   19.5586
   -7.5000   37.5000   30.0000 2728.9307   20.9686
    0.0000   37.5000   30.0000 2740.1953   20.8284
    7.5000   37.5000   30.0000 2737.1970   20.8410
   -7.5000   45.0000   30.0000 2627.3030   22.6279
    0.0000   45.0000   30.0000 2641.6274   22.4831
    7.5000   45.0000   30.0000 2639.7590   22.5150
   -7.5000  -45.0000   37.5000 2711.7361   23.3972
    0.0000  -45.0000   37.5000 2706.4294   23.0081
    7.5000  -45.0000   37.5000 2699.8770   22.9299
   -7.5000  -37.5000   37.5000 2785.3872   21.6053
    0.0000  -37.5000   37.5000 2781.3381   21.2722
    7.5000  -37.5000   37.5000 2773.0232   21.1960
   -7.5000  -30.0000   37.5000 2848.8291   20.1544
    0.0000  -30.0000   37.5000 2846.6304   19.8712
    7.5000  -30.0000   37.5000 2838.9607   19.7895
   -7.5000  -22.5000   37.5000 2899.0579   18.9851
    0.0000  -22.5000   37.5000 2898.2278   18.7240
    7.5000  -22.5000   37.5000 2891.2043   18.6809
   -7.5000  -15.0000   37.5000 2938.8010   18.1449
    0.0000  -15.0000   37.5000 2941.8101   17.9137
    7.5000  -15.0000   37.5000 2930.0825   17.8513
   -7.5000   -7.5000   37.5000 2965.0063   17.6433
    0.0000   -7.5000   37.5000 2968.7053   17.3559
    7.5000   -7.5000   37.5000 2955.6226   17.3516
   -7.5000    0.0000   37.5000 2988.1809   17.4573
    0.0000    0.0000   37.5000 2999.2791   17.2270
    7.5000    0.0000   37.5000 2991.2324   17.2645
   -7.5000    7.5000   37.5000 2984.9961   17.6829
    0.0000    7.5000   37.5000 3001.0608   17.5230
    7.5000    7.5000   37.5000 2992.6848   17.5148
   -7.5000   15.0000   37.5000 2955.3882   18.2817
    0.0000   15.0000   37.5000 2972.8052   18.1429
    7.5000   15.0000   37.5000 2967.7910   18.1418
   -7.5000   22.5000   37.5000 2896.5315   19.2298
    0.0000   22.5000   37.5000 2909.0630   19.0887
    7.5000   22.5000   37.5000 2906.4670   19.0964
   -7.5000   30.0000   37.5000 2817.2051   20.3921
    0.0000   30.0000   37.5000 2828.8655   20.2552
    7.5000   30.0000   37.5000 2829.0525   20.2993
   -7.5000   37.5000   37.5000 2733.5989   21.7112
    0.0000   37.5000   37.5000 2746.2148   21.5884
    7.5000   37.5000   37.5000 2745.7056   21.6073
   -7.5000   45.0000   37.5000 2628.4912   23.3585
    0.0000   45.0000   37.5000 2638.6145   23.2205
    7.5000   45.0000   37.5000 2637.5781   23.2221
   -7.5000  -45.0000   45.0000 2694.8057   24.0147
    0.0000  -45.0000   45.0000 2694.4307   23.7151
    7.5000  -45.0000   45.0000 2687.2432   23.6195
   -7.5000  -37.5000   45.0000 2769.8394   22.1606
    0.0000  -37.5000   45.0000 2765.7075   21.8333
    7.5000  -37.5000   45.0000 2759.0095   21.7705
   -7.5000  -30.0000   45.0000 2833.3887   20.7107
    0.0000  -30.0000   45.0000 2827.6931   20.3275
    7.5000  -30.0000   45.0000 2823.1809   20.3023
   -7.5000  -22.5000   45.0000 2887.1677   19.5177
    0.0000  -22.5000   45.0000 2882.1946   19.1610
    7.5000  -22.5000   45.0000 2876.5652   19.1306
   -7.5000  -15.0000   45.0000 2929.5867   18.6993
    0.0000  -15.0000   45.0000 2925.5469   18.3276
    7.5000  -15.0000   45.0000 2917.7593   18.2915
   -7.5000   -7.5000   45.0000 2957.6287   18.1875
    0.0000   -7.5000   45.0000 2960.7188   17.8728
    7.5000   -7.5000   45.0000 2953.6533   17.8901
   -7.5000    0.0000   45.0000 2980.9475   18.0077
    0.0000    0.0000   45.0000 2990.9419   17.8042
    7.5000    0.0000   45.0000 2982.9963   17.8067
   -7.5000    7.5000   45.0000 2976.8550   18.2464
    0.0000    7.5000   45.0000 2988.5166   18.0834
    7.5000    7.5000   45.0000 2984.4695   18.0662
   -7.5000   15.0000   45.0000 2945.3730   18.8400
    0.0000   15.0000   45.0000 2960.3501   18.7026
    7.5000   15.0000   45.0000 2955.1304   18.6929
   -7.5000   22.5000   45.0000 2886.4753   19.8153
    0.0000   22.5000   45.0000 2899.7034   19.6700
    7.5000   22.5000   45.0000 2895.8533   19.6624
   -7.5000   30.0000   45.0000 2811.1194   21.0648
    0.0000   30.0000   45.0000 2820.9612   20.9050
    7.5000   30.0000   45.0000 2820.7644   20.9147
   -7.5000   37.5000   45.0000 2729.2129   22.4648
    0.0000   37.5000   45.0000 2741.3860   22.3346
    7.5000   37.5000   45.0000 2743.5850   22.3492
   -7.5000   45.0000   45.0000 2621.1270   24.1802
    0.0000   45.0000   45.0000 2631.6624   24.0513
    7.5000   45.0000   45.0000 2629.6074   24.0354

---------------------------------------------------------------------
imgreg_4dfp /opt/freesurfer/average/711-2C_as_mni_average_305 /opt/freesurfer/average/711-2B_as_mni_average_305_mask talsrcimg_g11 none talsrcimg_to_711-2C_as_mni_average_305_t4 1283
---------------------------------------------------------------------

freesurfer imgreg_4dfp.c
/opt/freesurfer/average/711-2C_as_mni_average_305.4dfp.img
       256       256       256         1
  1.000000  1.000000  1.000000
orientation T byte_order littleendian
Reading image: /opt/freesurfer/average/711-2C_as_mni_average_305.4dfp.img
dimensions:      256       256       256
mmppix:       1.0000   -1.0000   -1.0000
center:     128.0000 -129.0000 -129.0000
/opt/freesurfer/average/711-2B_as_mni_average_305_mask.4dfp.img
       256       256       256         1
  1.000000  1.000000  1.000000
orientation T byte_order littleendian
Reading mask: /opt/freesurfer/average/711-2B_as_mni_average_305_mask.4dfp.img (2306576 pixels)
talsrcimg_g11.4dfp.img
       320       320       320         1
  0.800000  0.800000  0.800000
orientation T byte_order littleendian
Reading image: talsrcimg_g11.4dfp.img
dimensions:      320       320       320
mmppix:       0.8000   -0.8000   -0.8000
center:     128.0000 -128.8000 -128.8000
rotation matrix determinant  1.000000
fimgreg.f
image alignment mode   1283 decimal      503 hex
parameters
    0.0000    7.5000   30.0000    0.0000    0.0000    0.0000
eta,q 0.94092 17.08693
niter,ni,del,rscale     5    3   12.0000    1.2000
parameter  4  1.545283 ->  0.500000 qaram    1.1500
parameter  6 -0.629856 -> -0.500000 qaram    1.1500
parameters
    0.7900    6.4478   31.7504   -3.4500   -1.2167    3.4500
eta,q 0.94078 16.93694
  0.0660  0.0640  0.0621  0.0586  0.0604  0.0610
  0.0635  0.0630  0.0616  0.0593  0.0598  0.0604
  0.0622  0.0612  0.0615  0.0599  0.0595  0.0598
  0.0605  0.0599  0.0605  0.0603  0.0595  0.0595
  0.0599  0.0609  0.0604  0.0609  0.0598  0.0593
  0.0622  0.0654  0.0609  0.0619  0.0608  0.0592
  0.0640  0.0701  0.0612  0.0635  0.0617  0.0593
niter,ni,del,rscale     6    3   12.0000    1.2000
parameter  4  3.503612 ->  0.500000 qaram    1.3225
parameters
    0.1638    7.4015   31.7629   -7.4175   -1.6640    1.9126
eta,q 0.94229 16.96081
  0.0626  0.0641  0.0602  0.0565  0.0593  0.0582
  0.0602  0.0628  0.0596  0.0575  0.0581  0.0579
  0.0595  0.0608  0.0590  0.0584  0.0577  0.0577
  0.0592  0.0593  0.0589  0.0589  0.0577  0.0577
  0.0599  0.0590  0.0592  0.0600  0.0577  0.0579
  0.0620  0.0601  0.0594  0.0613  0.0583  0.0584
  0.0639  0.0626  0.0603  0.0624  0.0602  0.0593
niter,ni,del,rscale     6    3   12.0000    1.2000
parameter  4  0.501596 ->  0.500000 qaram    1.5209
parameters
    0.7179    8.5977   31.5437  -11.9801   -1.4618    2.0894
eta,q 0.94368 17.10420
  0.0637  0.0634  0.0580  0.0574  0.0586  0.0589
  0.0605  0.0612  0.0575  0.0564  0.0572  0.0574
  0.0587  0.0589  0.0574  0.0568  0.0568  0.0567
  0.0577  0.0575  0.0572  0.0572  0.0564  0.0563
  0.0575  0.0572  0.0569  0.0582  0.0559  0.0566
  0.0593  0.0581  0.0570  0.0596  0.0568  0.0574
  0.0619  0.0606  0.0588  0.0612  0.0587  0.0586
niter,ni,del,rscale     6    3   12.0000    1.2000
parameters
    0.9673    8.8280   32.1598  -12.3022   -2.0147    1.8690
eta,q 0.94379 17.14864
  0.0614  0.0620  0.0563  0.0584  0.0578  0.0585
  0.0592  0.0587  0.0562  0.0579  0.0568  0.0571
  0.0578  0.0566  0.0564  0.0571  0.0565  0.0566
  0.0563  0.0562  0.0562  0.0561  0.0561  0.0562
  0.0561  0.0569  0.0556  0.0566  0.0559  0.0566
  0.0583  0.0585  0.0554  0.0577  0.0572  0.0574
  0.0613  0.0608  0.0568  0.0592  0.0590  0.0587
niter,ni,del,rscale     5    3   12.0000    1.2000
parameters
    1.1183    8.8704   32.4635  -12.2447   -2.2257    1.7726
eta,q 0.94394 17.16060
  0.0608  0.0615  0.0565  0.0586  0.0580  0.0584
  0.0590  0.0585  0.0565  0.0578  0.0568  0.0571
  0.0578  0.0567  0.0565  0.0572  0.0564  0.0565
  0.0562  0.0561  0.0561  0.0560  0.0560  0.0561
  0.0559  0.0568  0.0554  0.0566  0.0558  0.0564
  0.0581  0.0587  0.0557  0.0574  0.0568  0.0573
  0.0613  0.0611  0.0572  0.0590  0.0587  0.0585
niter,ni,del,rscale     4    3   12.0000    1.2000
parameters
    1.1872    8.8500   32.5530  -12.2098   -2.2690    1.7333
eta,q 0.94401 17.16177
  0.0606  0.0614  0.0566  0.0587  0.0581  0.0584
  0.0588  0.0584  0.0566  0.0578  0.0568  0.0570
  0.0577  0.0566  0.0566  0.0571  0.0564  0.0564
  0.0561  0.0560  0.0560  0.0560  0.0560  0.0560
  0.0558  0.0567  0.0554  0.0566  0.0557  0.0563
  0.0582  0.0588  0.0558  0.0574  0.0567  0.0572
  0.0613  0.0612  0.0574  0.0591  0.0585  0.0584
niter,ni,del,rscale     3    3   12.0000    1.2000
parameters
    1.2040    8.8404   32.5677  -12.1976   -2.2735    1.7241
eta,q 0.94403 17.16156
  0.0605  0.0614  0.0566  0.0587  0.0581  0.0584
  0.0587  0.0584  0.0566  0.0578  0.0568  0.0570
  0.0576  0.0566  0.0566  0.0571  0.0564  0.0564
  0.0560  0.0560  0.0560  0.0560  0.0560  0.0560
  0.0558  0.0566  0.0554  0.0566  0.0557  0.0562
  0.0582  0.0587  0.0559  0.0574  0.0566  0.0572
  0.0613  0.0612  0.0575  0.0591  0.0585  0.0584
registration optimization eta report
parameter search radius
    6.0000    6.0000    6.0000    9.1253    6.0000    6.9000
100000*second partial in parameter space
       13.       15.        3.        3.        7.        5.
  0.0605  0.0614  0.0566  0.0587  0.0581  0.0584
  0.0587  0.0584  0.0566  0.0578  0.0568  0.0570
  0.0576  0.0566  0.0566  0.0571  0.0564  0.0564
  0.0560  0.0560  0.0560  0.0560  0.0560  0.0560
  0.0558  0.0566  0.0554  0.0566  0.0557  0.0562
  0.0582  0.0587  0.0559  0.0574  0.0566  0.0572
  0.0613  0.0612  0.0575  0.0591  0.0585  0.0584
    1.2040    8.8404   32.5677  -12.1976   -2.2735    1.7241
eta,q 0.94403 17.16156

---------------------------------------------------------------------
imgreg_4dfp /opt/freesurfer/average/711-2C_as_mni_average_305 /opt/freesurfer/average/711-2B_as_mni_average_305_mask talsrcimg_g11 none talsrcimg_to_711-2C_as_mni_average_305_t4 3335
---------------------------------------------------------------------

freesurfer imgreg_4dfp.c
/opt/freesurfer/average/711-2C_as_mni_average_305.4dfp.img
       256       256       256         1
  1.000000  1.000000  1.000000
orientation T byte_order littleendian
Reading image: /opt/freesurfer/average/711-2C_as_mni_average_305.4dfp.img
dimensions:      256       256       256
mmppix:       1.0000   -1.0000   -1.0000
center:     128.0000 -129.0000 -129.0000
/opt/freesurfer/average/711-2B_as_mni_average_305_mask.4dfp.img
       256       256       256         1
  1.000000  1.000000  1.000000
orientation T byte_order littleendian
Reading mask: /opt/freesurfer/average/711-2B_as_mni_average_305_mask.4dfp.img (2306576 pixels)
talsrcimg_g11.4dfp.img
       320       320       320         1
  0.800000  0.800000  0.800000
orientation T byte_order littleendian
Reading image: talsrcimg_g11.4dfp.img
dimensions:      320       320       320
mmppix:       0.8000   -0.8000   -0.8000
center:     128.0000 -128.8000 -128.8000
fimgreg.f
image alignment mode   3335 decimal      D07 hex
parameters
    1.2040    8.8404   32.5677   -0.1240   -2.3270   -2.3345
   -3.7786    3.2400    3.0064   21.2355   -3.9670  -21.1118
eta,q 0.94576 17.30518
niter,ni,del,rscale     5    3    5.0000    1.2000
parameter  1 -0.530850 -> -0.500000 qaram    1.1500
parameter  3  3.268636 ->  0.500000 qaram    1.1500
parameter  4  1.269418 ->  0.500000 qaram    1.1500
parameter  5  0.674300 ->  0.500000 qaram    1.1500
parameter  6 -1.093689 -> -0.500000 qaram    1.1500
parameter  8  0.768652 ->  0.500000 qaram    1.1500
parameter 10 -1.100812 -> -0.500000 qaram    1.1500
parameter 12 -2.716351 -> -0.500000 qaram    1.1500
parameters
    2.5840    9.0924   31.1877   -4.2640   -6.4670    1.8055
   -3.3814   -0.9000   -0.1845   25.3755   -6.2149  -16.9718
eta,q 0.95254 17.29416
  0.0560  0.0550  0.0531  0.0505  0.0508  0.0527  0.0512  0.0499  0.0498  0.0534  0.0487  0.0508
  0.0553  0.0545  0.0534  0.0512  0.0508  0.0520  0.0508  0.0497  0.0497  0.0520  0.0485  0.0499
  0.0547  0.0541  0.0536  0.0522  0.0510  0.0513  0.0505  0.0500  0.0497  0.0507  0.0485  0.0491
  0.0542  0.0540  0.0540  0.0534  0.0514  0.0508  0.0503  0.0503  0.0498  0.0497  0.0486  0.0485
  0.0540  0.0540  0.0543  0.0553  0.0523  0.0505  0.0504  0.0507  0.0500  0.0489  0.0487  0.0479
  0.0540  0.0542  0.0547  0.0577  0.0537  0.0503  0.0506  0.0512  0.0503  0.0485  0.0489  0.0473
  0.0542  0.0547  0.0551  0.0603  0.0553  0.0501  0.0510  0.0521  0.0507  0.0483  0.0491  0.0469
niter,ni,del,rscale     7    3    5.0000    1.2000
parameter  3  1.785927 ->  0.500000 qaram    1.3225
parameter  4  0.585845 ->  0.500000 qaram    1.3225
parameter 12 -1.413739 -> -0.500000 qaram    1.3225
parameters
    2.1098    8.5452   29.6007   -9.0250   -9.6259    1.2452
   -3.8477   -1.6734    0.6962   29.4245   -3.6836  -12.2108
eta,q 0.95597 17.22815
  0.0486  0.0478  0.0463  0.0457  0.0459  0.0470  0.0462  0.0475  0.0460  0.0481  0.0456  0.0469
  0.0480  0.0475  0.0466  0.0455  0.0456  0.0465  0.0458  0.0455  0.0457  0.0471  0.0452  0.0461
  0.0475  0.0474  0.0469  0.0458  0.0454  0.0460  0.0456  0.0451  0.0455  0.0461  0.0450  0.0454
  0.0475  0.0475  0.0474  0.0466  0.0456  0.0454  0.0455  0.0455  0.0454  0.0454  0.0448  0.0448
  0.0478  0.0476  0.0480  0.0488  0.0460  0.0451  0.0457  0.0462  0.0454  0.0449  0.0448  0.0443
  0.0487  0.0480  0.0487  0.0524  0.0470  0.0460  0.0460  0.0469  0.0455  0.0449  0.0448  0.0439
  0.0501  0.0484  0.0494  0.0571  0.0484  0.0487  0.0464  0.0474  0.0458  0.0455  0.0449  0.0438
niter,ni,del,rscale     7    3    5.0000    1.2000
parameter 12 -0.532993 -> -0.500000 qaram    1.5209
parameters
    2.3825    8.8239   28.3251  -12.5426  -11.9590   -1.4830
   -3.5725   -3.0053    1.6866   32.0154   -1.8691   -6.7356
eta,q 0.95707 17.09812
  0.0454  0.0448  0.0442  0.0444  0.0443  0.0445  0.0445  0.0447  0.0441  0.0460  0.0439  0.0450
  0.0448  0.0443  0.0439  0.0440  0.0439  0.0441  0.0441  0.0436  0.0438  0.0451  0.0435  0.0442
  0.0443  0.0441  0.0438  0.0437  0.0437  0.0437  0.0438  0.0434  0.0436  0.0442  0.0433  0.0436
  0.0440  0.0440  0.0440  0.0438  0.0437  0.0436  0.0437  0.0437  0.0435  0.0435  0.0432  0.0432
  0.0440  0.0440  0.0444  0.0448  0.0441  0.0444  0.0438  0.0442  0.0435  0.0432  0.0432  0.0430
  0.0444  0.0442  0.0450  0.0472  0.0448  0.0463  0.0440  0.0446  0.0436  0.0435  0.0433  0.0430
  0.0451  0.0445  0.0456  0.0512  0.0460  0.0490  0.0444  0.0450  0.0438  0.0443  0.0434  0.0432
niter,ni,del,rscale     7    3    5.0000    1.2000
parameters
    2.5411    9.2814   28.7703  -13.8583  -12.7598   -4.7426
   -3.7198   -3.2330    1.6492   34.3882   -0.3881   -3.6123
eta,q 0.95737 17.10675
  0.0440  0.0438  0.0441  0.0442  0.0441  0.0434  0.0437  0.0439  0.0435  0.0453  0.0432  0.0445
  0.0435  0.0434  0.0434  0.0438  0.0436  0.0431  0.0433  0.0430  0.0432  0.0444  0.0429  0.0437
  0.0431  0.0431  0.0430  0.0433  0.0432  0.0430  0.0430  0.0429  0.0430  0.0436  0.0428  0.0431
  0.0429  0.0429  0.0429  0.0429  0.0430  0.0430  0.0430  0.0430  0.0430  0.0430  0.0427  0.0427
  0.0430  0.0429  0.0430  0.0430  0.0432  0.0437  0.0431  0.0432  0.0430  0.0428  0.0428  0.0426
  0.0433  0.0430  0.0432  0.0439  0.0438  0.0454  0.0433  0.0434  0.0432  0.0431  0.0428  0.0428
  0.0439  0.0433  0.0435  0.0462  0.0448  0.0477  0.0437  0.0437  0.0435  0.0437  0.0429  0.0433
niter,ni,del,rscale     6    3    5.0000    1.2000
parameters
    3.0271    9.3868   29.0726  -14.3548  -13.4418   -7.5710
   -3.3274   -2.5351    2.0906   35.7960    0.1644   -0.8064
eta,q 0.95752 17.09197
  0.0436  0.0434  0.0434  0.0438  0.0438  0.0431  0.0434  0.0434  0.0433  0.0445  0.0428  0.0442
  0.0431  0.0430  0.0430  0.0434  0.0432  0.0428  0.0430  0.0428  0.0430  0.0437  0.0427  0.0434
  0.0428  0.0427  0.0427  0.0430  0.0428  0.0426  0.0427  0.0427  0.0427  0.0431  0.0426  0.0429
  0.0426  0.0426  0.0426  0.0426  0.0427  0.0427  0.0426  0.0426  0.0426  0.0426  0.0426  0.0426
  0.0426  0.0427  0.0427  0.0425  0.0429  0.0431  0.0427  0.0427  0.0427  0.0426  0.0426  0.0425
  0.0428  0.0429  0.0428  0.0431  0.0435  0.0443  0.0429  0.0429  0.0429  0.0430  0.0426  0.0427
  0.0431  0.0432  0.0431  0.0448  0.0444  0.0461  0.0432  0.0431  0.0432  0.0436  0.0428  0.0431
niter,ni,del,rscale     5    3    5.0000    1.2000
parameters
    3.1881    9.3577   29.2300  -13.9157  -13.6289   -9.8107
   -3.0856   -1.9697    2.2327   36.4161   -0.4824    1.6386
eta,q 0.95761 17.08312
  0.0432  0.0431  0.0430  0.0437  0.0438  0.0429  0.0432  0.0431  0.0430  0.0439  0.0427  0.0439
  0.0428  0.0428  0.0427  0.0433  0.0431  0.0427  0.0428  0.0427  0.0427  0.0432  0.0425  0.0432
  0.0426  0.0425  0.0426  0.0429  0.0426  0.0425  0.0425  0.0425  0.0425  0.0427  0.0425  0.0427
  0.0425  0.0425  0.0425  0.0425  0.0424  0.0424  0.0424  0.0425  0.0425  0.0424  0.0424  0.0424
  0.0425  0.0426  0.0425  0.0423  0.0426  0.0427  0.0425  0.0425  0.0425  0.0425  0.0425  0.0424
  0.0427  0.0428  0.0427  0.0427  0.0431  0.0435  0.0427  0.0427  0.0427  0.0429  0.0426  0.0426
  0.0431  0.0431  0.0430  0.0439  0.0439  0.0448  0.0431  0.0429  0.0430  0.0435  0.0427  0.0430
niter,ni,del,rscale     4    3    5.0000    1.2000
parameters
    3.2596    9.2827   29.0223  -13.5824  -13.6617  -11.9439
   -3.2242   -1.6356    2.2363   36.7247   -1.3982    3.5826
eta,q 0.95765 17.05727
  0.0431  0.0429  0.0428  0.0437  0.0437  0.0428  0.0430  0.0430  0.0430  0.0436  0.0426  0.0437
  0.0427  0.0426  0.0426  0.0432  0.0430  0.0426  0.0427  0.0426  0.0427  0.0430  0.0425  0.0431
  0.0425  0.0424  0.0424  0.0428  0.0426  0.0424  0.0424  0.0424  0.0425  0.0426  0.0424  0.0426
  0.0424  0.0424  0.0424  0.0424  0.0424  0.0424  0.0424  0.0424  0.0424  0.0424  0.0424  0.0424
  0.0425  0.0425  0.0425  0.0422  0.0425  0.0425  0.0425  0.0424  0.0424  0.0425  0.0425  0.0424
  0.0427  0.0427  0.0427  0.0427  0.0430  0.0431  0.0427  0.0426  0.0426  0.0429  0.0426  0.0426
  0.0430  0.0430  0.0429  0.0439  0.0438  0.0443  0.0430  0.0429  0.0430  0.0434  0.0428  0.0430
niter,ni,del,rscale     3    3    5.0000    1.2000
parameters
    3.4141    9.2992   28.6377  -13.4403  -13.6765  -14.2681
   -3.5441   -1.4645    2.2928   37.1783   -1.7915    5.2524
eta,q 0.95764 17.02709
  0.0431  0.0429  0.0427  0.0437  0.0436  0.0426  0.0429  0.0430  0.0430  0.0435  0.0426  0.0436
  0.0427  0.0426  0.0425  0.0432  0.0430  0.0425  0.0426  0.0426  0.0427  0.0430  0.0425  0.0430
  0.0425  0.0424  0.0424  0.0428  0.0425  0.0424  0.0424  0.0424  0.0425  0.0426  0.0424  0.0426
  0.0424  0.0424  0.0424  0.0424  0.0423  0.0423  0.0424  0.0424  0.0424  0.0424  0.0424  0.0424
  0.0424  0.0424  0.0424  0.0422  0.0425  0.0425  0.0425  0.0424  0.0424  0.0425  0.0424  0.0424
  0.0426  0.0426  0.0427  0.0427  0.0429  0.0429  0.0427  0.0426  0.0426  0.0428  0.0425  0.0426
  0.0430  0.0429  0.0429  0.0440  0.0437  0.0439  0.0430  0.0429  0.0430  0.0433  0.0427  0.0430
niter,ni,del,rscale     2    3    5.0000    1.2000
parameters
    3.5193    9.4562   28.2588  -13.3696  -13.7431  -16.8215
   -3.8321   -1.5057    2.3019   37.9029   -1.3700    6.8224
eta,q 0.95764 17.00187
  0.0431  0.0430  0.0427  0.0436  0.0436  0.0425  0.0429  0.0429  0.0429  0.0436  0.0427  0.0435
  0.0427  0.0427  0.0425  0.0432  0.0430  0.0424  0.0426  0.0426  0.0426  0.0430  0.0425  0.0429
  0.0425  0.0424  0.0424  0.0428  0.0425  0.0424  0.0424  0.0424  0.0425  0.0426  0.0424  0.0425
  0.0424  0.0424  0.0424  0.0423  0.0423  0.0423  0.0424  0.0424  0.0424  0.0424  0.0424  0.0424
  0.0424  0.0424  0.0424  0.0422  0.0425  0.0424  0.0425  0.0424  0.0424  0.0424  0.0424  0.0424
  0.0426  0.0426  0.0426  0.0427  0.0429  0.0428  0.0427  0.0426  0.0426  0.0427  0.0425  0.0426
  0.0430  0.0428  0.0428  0.0441  0.0437  0.0436  0.0430  0.0429  0.0429  0.0432  0.0426  0.0430
niter,ni,del,rscale     1    3    5.0000    1.2000
parameters
    3.4935    9.6681   28.0201  -13.3855  -13.9470  -19.7898
   -3.9459   -1.5297    2.3804   38.8127   -0.5411    8.4792
eta,q 0.95767 16.98201
  0.0430  0.0430  0.0426  0.0436  0.0436  0.0424  0.0429  0.0429  0.0429  0.0436  0.0426  0.0434
  0.0427  0.0427  0.0425  0.0432  0.0430  0.0423  0.0426  0.0426  0.0426  0.0430  0.0425  0.0428
  0.0425  0.0425  0.0424  0.0428  0.0425  0.0424  0.0424  0.0424  0.0424  0.0426  0.0424  0.0425
  0.0424  0.0424  0.0424  0.0424  0.0424  0.0424  0.0423  0.0424  0.0423  0.0424  0.0423  0.0423
  0.0424  0.0424  0.0424  0.0423  0.0425  0.0424  0.0424  0.0424  0.0424  0.0424  0.0423  0.0424
  0.0426  0.0425  0.0425  0.0427  0.0430  0.0426  0.0426  0.0426  0.0426  0.0427  0.0424  0.0426
  0.0431  0.0428  0.0427  0.0440  0.0438  0.0432  0.0429  0.0429  0.0429  0.0432  0.0425  0.0429
registration optimization eta report
parameter search radius
    2.7600    2.4000    3.1740    9.5220    8.2800    8.2800
    7.2000    8.2800    7.2000    8.2800    7.2000   10.9503
100000*second partial in parameter space
        9.        9.        3.        2.        2.        1.
        1.        1.        1.        2.        0.        1.
  0.0430  0.0430  0.0426  0.0436  0.0436  0.0424  0.0429  0.0429  0.0429  0.0436  0.0426  0.0434
  0.0427  0.0427  0.0425  0.0432  0.0430  0.0423  0.0426  0.0426  0.0426  0.0430  0.0425  0.0428
  0.0425  0.0425  0.0424  0.0428  0.0425  0.0424  0.0424  0.0424  0.0424  0.0426  0.0424  0.0425
  0.0424  0.0424  0.0424  0.0424  0.0424  0.0424  0.0423  0.0424  0.0423  0.0424  0.0423  0.0423
  0.0424  0.0424  0.0424  0.0423  0.0425  0.0424  0.0424  0.0424  0.0424  0.0424  0.0423  0.0424
  0.0426  0.0425  0.0425  0.0427  0.0430  0.0426  0.0426  0.0426  0.0426  0.0427  0.0424  0.0426
  0.0431  0.0428  0.0427  0.0440  0.0438  0.0432  0.0429  0.0429  0.0429  0.0432  0.0425  0.0429
    3.4935    9.6681   28.0201  -13.3855  -13.9470  -19.7898
   -3.9459   -1.5297    2.3804   38.8127   -0.5411    8.4792
eta,q 0.95767 16.98201

---------------------------------------------------------------------
imgreg_4dfp /opt/freesurfer/average/711-2C_as_mni_average_305 /opt/freesurfer/average/711-2B_as_mni_average_305_mask talsrcimg_g11 none talsrcimg_to_711-2C_as_mni_average_305_t4 2311
---------------------------------------------------------------------

freesurfer imgreg_4dfp.c
/opt/freesurfer/average/711-2C_as_mni_average_305.4dfp.img
       256       256       256         1
  1.000000  1.000000  1.000000
orientation T byte_order littleendian
Reading image: /opt/freesurfer/average/711-2C_as_mni_average_305.4dfp.img
dimensions:      256       256       256
mmppix:       1.0000   -1.0000   -1.0000
center:     128.0000 -129.0000 -129.0000
/opt/freesurfer/average/711-2B_as_mni_average_305_mask.4dfp.img
       256       256       256         1
  1.000000  1.000000  1.000000
orientation T byte_order littleendian
Reading mask: /opt/freesurfer/average/711-2B_as_mni_average_305_mask.4dfp.img (2306576 pixels)
talsrcimg_g11.4dfp.img
       320       320       320         1
  0.800000  0.800000  0.800000
orientation T byte_order littleendian
Reading image: talsrcimg_g11.4dfp.img
dimensions:      320       320       320
mmppix:       0.8000   -0.8000   -0.8000
center:     128.0000 -128.8000 -128.8000
fimgreg.f
image alignment mode   2311 decimal      907 hex
parameters
    3.4935    9.6681   28.0201  -13.3855  -13.9470  -19.7898
   -3.9459   -1.5297    2.3804   38.8127   -0.5411    8.4792
eta,q 0.95767 16.98201
niter,ni,del,rscale     5    3    5.0000    0.8000
parameter  6  0.908110 ->  0.500000 qaram    1.1500
parameters
    3.5228    9.9167   27.9665  -11.8420  -14.3070  -22.5498
   -3.6323   -0.7121    2.5619   39.5717   -1.0308    9.4394
eta,q 0.95782 16.99374
  0.0426  0.0426  0.0424  0.0428  0.0427  0.0422  0.0425  0.0425  0.0425  0.0427  0.0423  0.0424
  0.0424  0.0425  0.0423  0.0426  0.0424  0.0422  0.0423  0.0424  0.0423  0.0424  0.0422  0.0423
  0.0424  0.0424  0.0423  0.0425  0.0423  0.0422  0.0422  0.0423  0.0422  0.0423  0.0422  0.0422
  0.0423  0.0423  0.0423  0.0423  0.0422  0.0422  0.0422  0.0422  0.0422  0.0422  0.0422  0.0422
  0.0424  0.0423  0.0423  0.0422  0.0423  0.0423  0.0422  0.0422  0.0422  0.0422  0.0422  0.0422
  0.0424  0.0424  0.0424  0.0423  0.0425  0.0423  0.0423  0.0423  0.0423  0.0423  0.0422  0.0422
  0.0425  0.0425  0.0424  0.0425  0.0428  0.0424  0.0424  0.0424  0.0424  0.0425  0.0423  0.0423
niter,ni,del,rscale     5    3    5.0000    0.8000
parameter  6  0.504268 ->  0.500000 qaram    1.3225
parameters
    3.3211   10.1068   27.2473  -11.3552  -14.4778  -25.7238
   -3.6240   -0.6697    2.7468   40.6441   -0.1164   10.4054
eta,q 0.95792 16.98771
  0.0424  0.0425  0.0422  0.0426  0.0426  0.0421  0.0424  0.0424  0.0424  0.0426  0.0422  0.0423
  0.0423  0.0423  0.0422  0.0424  0.0423  0.0421  0.0422  0.0422  0.0422  0.0424  0.0422  0.0422
  0.0422  0.0422  0.0421  0.0423  0.0422  0.0421  0.0421  0.0421  0.0421  0.0422  0.0421  0.0421
  0.0422  0.0422  0.0422  0.0421  0.0421  0.0421  0.0421  0.0421  0.0421  0.0421  0.0421  0.0421
  0.0422  0.0422  0.0422  0.0421  0.0422  0.0422  0.0421  0.0421  0.0421  0.0421  0.0421  0.0421
  0.0423  0.0422  0.0423  0.0422  0.0424  0.0423  0.0422  0.0422  0.0422  0.0422  0.0421  0.0421
  0.0425  0.0424  0.0423  0.0425  0.0427  0.0423  0.0423  0.0424  0.0423  0.0423  0.0422  0.0422
niter,ni,del,rscale     5    3    5.0000    0.8000
parameters
    3.1297   10.5000   26.8112  -11.4283  -14.9151  -27.5506
   -3.5234   -0.7190    2.7270   41.5832    0.7011   10.5743
eta,q 0.95797 16.97726
  0.0423  0.0424  0.0421  0.0424  0.0424  0.0421  0.0423  0.0423  0.0423  0.0425  0.0422  0.0422
  0.0422  0.0423  0.0421  0.0423  0.0422  0.0421  0.0422  0.0422  0.0422  0.0423  0.0421  0.0421
  0.0421  0.0421  0.0421  0.0421  0.0421  0.0421  0.0421  0.0421  0.0421  0.0421  0.0421  0.0421
  0.0421  0.0421  0.0421  0.0420  0.0420  0.0421  0.0420  0.0421  0.0421  0.0420  0.0420  0.0420
  0.0421  0.0421  0.0421  0.0421  0.0421  0.0421  0.0421  0.0421  0.0421  0.0420  0.0420  0.0420
  0.0422  0.0421  0.0421  0.0422  0.0423  0.0422  0.0421  0.0422  0.0422  0.0421  0.0421  0.0421
  0.0424  0.0422  0.0422  0.0425  0.0426  0.0423  0.0423  0.0423  0.0423  0.0423  0.0421  0.0422
niter,ni,del,rscale     4    3    5.0000    0.7000
parameters
    3.0965   10.7101   26.6573  -11.5181  -15.4102  -28.2219
   -3.3947   -0.6488    2.6849   42.2552    0.9450   10.5355
eta,q 0.95798 16.96985
  0.0422  0.0422  0.0421  0.0423  0.0423  0.0421  0.0422  0.0422  0.0422  0.0424  0.0421  0.0421
  0.0421  0.0421  0.0420  0.0422  0.0421  0.0421  0.0421  0.0421  0.0421  0.0422  0.0421  0.0421
  0.0420  0.0421  0.0420  0.0421  0.0420  0.0420  0.0420  0.0421  0.0420  0.0421  0.0420  0.0420
  0.0420  0.0420  0.0420  0.0420  0.0420  0.0420  0.0420  0.0420  0.0420  0.0420  0.0420  0.0420
  0.0421  0.0420  0.0420  0.0420  0.0421  0.0420  0.0420  0.0420  0.0420  0.0420  0.0420  0.0420
  0.0421  0.0421  0.0421  0.0422  0.0422  0.0421  0.0421  0.0421  0.0421  0.0421  0.0420  0.0421
  0.0422  0.0422  0.0421  0.0424  0.0425  0.0422  0.0422  0.0422  0.0422  0.0422  0.0421  0.0421
niter,ni,del,rscale     3    3    5.0000    0.6000
parameters
    3.1249   10.8043   26.5823  -11.5225  -15.8280  -28.3045
   -3.3545   -0.5797    2.6451   42.7309    0.8506   10.4528
eta,q 0.95800 16.96437
  0.0421  0.0422  0.0421  0.0422  0.0422  0.0421  0.0421  0.0422  0.0421  0.0423  0.0421  0.0421
  0.0421  0.0421  0.0420  0.0421  0.0421  0.0421  0.0421  0.0421  0.0421  0.0421  0.0420  0.0420
  0.0420  0.0420  0.0420  0.0421  0.0420  0.0420  0.0420  0.0420  0.0420  0.0421  0.0420  0.0420
  0.0420  0.0420  0.0420  0.0420  0.0420  0.0420  0.0420  0.0420  0.0420  0.0420  0.0420  0.0420
  0.0420  0.0420  0.0420  0.0420  0.0421  0.0420  0.0420  0.0420  0.0420  0.0420  0.0420  0.0420
  0.0421  0.0421  0.0420  0.0421  0.0422  0.0420  0.0421  0.0421  0.0421  0.0421  0.0420  0.0420
  0.0421  0.0421  0.0421  0.0423  0.0423  0.0421  0.0421  0.0421  0.0422  0.0422  0.0421  0.0421
niter,ni,del,rscale     2    3    5.0000    0.5000
parameters
    3.1285   10.8490   26.5464  -11.3979  -16.1025  -28.1875
   -3.2447   -0.6006    2.5968   43.0295    0.8295   10.3249
eta,q 0.95801 16.96304
  0.0421  0.0421  0.0420  0.0422  0.0421  0.0421  0.0421  0.0421  0.0421  0.0422  0.0420  0.0420
  0.0420  0.0421  0.0420  0.0421  0.0421  0.0420  0.0420  0.0420  0.0420  0.0421  0.0420  0.0420
  0.0420  0.0420  0.0420  0.0420  0.0420  0.0420  0.0420  0.0420  0.0420  0.0420  0.0420  0.0420
  0.0420  0.0420  0.0420  0.0420  0.0420  0.0420  0.0420  0.0420  0.0420  0.0420  0.0420  0.0420
  0.0420  0.0420  0.0420  0.0420  0.0420  0.0420  0.0420  0.0420  0.0420  0.0420  0.0420  0.0420
  0.0420  0.0420  0.0420  0.0421  0.0421  0.0420  0.0420  0.0420  0.0420  0.0420  0.0420  0.0420
  0.0421  0.0421  0.0420  0.0422  0.0422  0.0421  0.0421  0.0421  0.0421  0.0421  0.0420  0.0421
niter,ni,del,rscale     1    3    5.0000    0.4000
parameters
    3.0950   10.8879   26.4976  -11.2322  -16.2998  -28.0460
   -3.1695   -0.5401    2.5704   43.2834    0.8581   10.0887
eta,q 0.95801 16.96491
  0.0421  0.0421  0.0420  0.0421  0.0421  0.0421  0.0421  0.0421  0.0421  0.0421  0.0420  0.0420
  0.0420  0.0420  0.0420  0.0421  0.0420  0.0420  0.0420  0.0420  0.0420  0.0421  0.0420  0.0420
  0.0420  0.0420  0.0420  0.0420  0.0420  0.0420  0.0420  0.0420  0.0420  0.0420  0.0420  0.0420
  0.0420  0.0420  0.0420  0.0420  0.0420  0.0420  0.0420  0.0420  0.0420  0.0420  0.0420  0.0420
  0.0420  0.0420  0.0420  0.0420  0.0420  0.0420  0.0420  0.0420  0.0420  0.0420  0.0420  0.0420
  0.0420  0.0420  0.0420  0.0420  0.0421  0.0420  0.0420  0.0420  0.0420  0.0420  0.0420  0.0420
  0.0421  0.0420  0.0420  0.0421  0.0421  0.0420  0.0420  0.0421  0.0421  0.0421  0.0420  0.0420
registration optimization eta report
parameter search radius
    0.8000    0.8000    0.8000    2.4000    2.4000    3.1740
    2.4000    2.4000    2.4000    2.4000    2.4000    2.4000
100000*second partial in parameter space
       10.        9.        4.        2.        2.        1.
        1.        1.        1.        2.        1.        1.
  0.0421  0.0421  0.0420  0.0421  0.0421  0.0421  0.0421  0.0421  0.0421  0.0421  0.0420  0.0420
  0.0420  0.0420  0.0420  0.0421  0.0420  0.0420  0.0420  0.0420  0.0420  0.0421  0.0420  0.0420
  0.0420  0.0420  0.0420  0.0420  0.0420  0.0420  0.0420  0.0420  0.0420  0.0420  0.0420  0.0420
  0.0420  0.0420  0.0420  0.0420  0.0420  0.0420  0.0420  0.0420  0.0420  0.0420  0.0420  0.0420
  0.0420  0.0420  0.0420  0.0420  0.0420  0.0420  0.0420  0.0420  0.0420  0.0420  0.0420  0.0420
  0.0420  0.0420  0.0420  0.0420  0.0421  0.0420  0.0420  0.0420  0.0420  0.0420  0.0420  0.0420
  0.0421  0.0420  0.0420  0.0421  0.0421  0.0420  0.0420  0.0421  0.0421  0.0421  0.0420  0.0420
    3.0950   10.8879   26.4976  -11.2322  -16.2998  -28.0460
   -3.1695   -0.5401    2.5704   43.2834    0.8581   10.0887
eta,q 0.95801 16.96491

---------------------------------------------------------------------
imgreg_4dfp /opt/freesurfer/average/711-2C_as_mni_average_305 /opt/freesurfer/average/711-2B_as_mni_average_305_mask talsrcimg_g11 none talsrcimg_to_711-2C_as_mni_average_305_t4 2311
---------------------------------------------------------------------

freesurfer imgreg_4dfp.c
/opt/freesurfer/average/711-2C_as_mni_average_305.4dfp.img
       256       256       256         1
  1.000000  1.000000  1.000000
orientation T byte_order littleendian
Reading image: /opt/freesurfer/average/711-2C_as_mni_average_305.4dfp.img
dimensions:      256       256       256
mmppix:       1.0000   -1.0000   -1.0000
center:     128.0000 -129.0000 -129.0000
/opt/freesurfer/average/711-2B_as_mni_average_305_mask.4dfp.img
       256       256       256         1
  1.000000  1.000000  1.000000
orientation T byte_order littleendian
Reading mask: /opt/freesurfer/average/711-2B_as_mni_average_305_mask.4dfp.img (2306576 pixels)
talsrcimg_g11.4dfp.img
       320       320       320         1
  0.800000  0.800000  0.800000
orientation T byte_order littleendian
Reading image: talsrcimg_g11.4dfp.img
dimensions:      320       320       320
mmppix:       0.8000   -0.8000   -0.8000
center:     128.0000 -128.8000 -128.8000
fimgreg.f
image alignment mode   2311 decimal      907 hex
parameters
    3.0950   10.8879   26.4976  -11.2321  -16.2998  -28.0460
   -3.1695   -0.5401    2.5704   43.2834    0.8581   10.0887
eta,q 0.95801 16.96491
niter,ni,del,rscale     5    3    5.0000    0.8000
parameters
    3.0428   10.8313   26.3562  -11.5481  -16.5305  -28.3998
   -3.1339   -0.8646    2.6297   43.3763    1.0002   10.3234
eta,q 0.95800 16.94702
  0.0422  0.0422  0.0421  0.0423  0.0424  0.0421  0.0422  0.0422  0.0422  0.0424  0.0421  0.0421
  0.0421  0.0421  0.0420  0.0422  0.0422  0.0420  0.0421  0.0421  0.0421  0.0422  0.0421  0.0421
  0.0420  0.0420  0.0420  0.0421  0.0420  0.0420  0.0420  0.0420  0.0420  0.0421  0.0420  0.0420
  0.0420  0.0420  0.0420  0.0420  0.0420  0.0420  0.0420  0.0420  0.0420  0.0420  0.0420  0.0420
  0.0420  0.0420  0.0420  0.0420  0.0421  0.0420  0.0420  0.0420  0.0420  0.0420  0.0420  0.0420
  0.0421  0.0421  0.0420  0.0422  0.0422  0.0421  0.0421  0.0421  0.0421  0.0422  0.0420  0.0420
  0.0422  0.0423  0.0421  0.0425  0.0425  0.0421  0.0422  0.0423  0.0422  0.0424  0.0421  0.0421
niter,ni,del,rscale     4    3    5.0000    0.7000
parameters
    3.0938   10.8735   26.4639  -11.6284  -16.6106  -28.5036
   -3.2195   -0.8206    2.5880   43.4755    0.9005   10.3851
eta,q 0.95800 16.94896
  0.0422  0.0422  0.0421  0.0423  0.0423  0.0421  0.0422  0.0422  0.0422  0.0423  0.0421  0.0421
  0.0421  0.0421  0.0420  0.0421  0.0421  0.0420  0.0421  0.0421  0.0421  0.0422  0.0420  0.0420
  0.0420  0.0420  0.0420  0.0420  0.0420  0.0420  0.0420  0.0420  0.0420  0.0421  0.0420  0.0420
  0.0420  0.0420  0.0420  0.0420  0.0420  0.0420  0.0420  0.0420  0.0420  0.0420  0.0420  0.0420
  0.0420  0.0420  0.0420  0.0420  0.0420  0.0420  0.0420  0.0420  0.0420  0.0420  0.0420  0.0420
  0.0421  0.0421  0.0420  0.0421  0.0421  0.0420  0.0421  0.0421  0.0421  0.0421  0.0420  0.0420
  0.0422  0.0422  0.0421  0.0423  0.0424  0.0421  0.0422  0.0422  0.0422  0.0423  0.0421  0.0421
niter,ni,del,rscale     3    3    5.0000    0.6000
parameters
    3.1393   10.8775   26.4954  -11.5861  -16.6952  -28.4296
   -3.2231   -0.7613    2.5308   43.5672    0.8380   10.3764
eta,q 0.95801 16.95004
  0.0421  0.0421  0.0420  0.0422  0.0422  0.0421  0.0421  0.0421  0.0421  0.0422  0.0421  0.0421
  0.0421  0.0421  0.0420  0.0421  0.0421  0.0420  0.0421  0.0421  0.0421  0.0421  0.0420  0.0420
  0.0420  0.0420  0.0420  0.0420  0.0420  0.0420  0.0420  0.0420  0.0420  0.0420  0.0420  0.0420
  0.0420  0.0420  0.0420  0.0420  0.0420  0.0420  0.0420  0.0420  0.0420  0.0420  0.0420  0.0420
  0.0420  0.0420  0.0420  0.0420  0.0420  0.0420  0.0420  0.0420  0.0420  0.0420  0.0420  0.0420
  0.0420  0.0421  0.0420  0.0421  0.0421  0.0420  0.0421  0.0420  0.0421  0.0421  0.0420  0.0420
  0.0421  0.0421  0.0420  0.0422  0.0423  0.0421  0.0421  0.0421  0.0421  0.0422  0.0421  0.0421
niter,ni,del,rscale     2    3    5.0000    0.5000
parameters
    3.1305   10.9034   26.5060  -11.4552  -16.7752  -28.3457
   -3.1841   -0.7512    2.5462   43.6528    0.7921   10.2234
eta,q 0.95801 16.95268
  0.0421  0.0421  0.0420  0.0422  0.0422  0.0420  0.0421  0.0421  0.0421  0.0422  0.0420  0.0420
  0.0420  0.0420  0.0420  0.0421  0.0421  0.0420  0.0420  0.0420  0.0420  0.0421  0.0420  0.0420
  0.0420  0.0420  0.0420  0.0420  0.0420  0.0420  0.0420  0.0420  0.0420  0.0420  0.0420  0.0420
  0.0420  0.0420  0.0420  0.0420  0.0420  0.0420  0.0420  0.0420  0.0420  0.0420  0.0420  0.0420
  0.0420  0.0420  0.0420  0.0420  0.0420  0.0420  0.0420  0.0420  0.0420  0.0420  0.0420  0.0420
  0.0420  0.0420  0.0420  0.0421  0.0421  0.0420  0.0420  0.0420  0.0420  0.0421  0.0420  0.0420
  0.0421  0.0421  0.0420  0.0421  0.0422  0.0420  0.0421  0.0421  0.0421  0.0422  0.0420  0.0420
niter,ni,del,rscale     1    3    5.0000    0.4000
parameters
    3.1111   10.9097   26.4533  -11.3080  -16.7899  -28.2620
   -3.1526   -0.6567    2.5471   43.7400    0.7696    9.9836
eta,q 0.95801 16.95688
  0.0420  0.0421  0.0420  0.0421  0.0421  0.0420  0.0420  0.0421  0.0421  0.0421  0.0420  0.0420
  0.0420  0.0420  0.0420  0.0420  0.0420  0.0420  0.0420  0.0420  0.0420  0.0420  0.0420  0.0420
  0.0420  0.0420  0.0420  0.0420  0.0420  0.0420  0.0420  0.0420  0.0420  0.0420  0.0420  0.0420
  0.0420  0.0420  0.0420  0.0420  0.0420  0.0420  0.0420  0.0420  0.0420  0.0420  0.0420  0.0420
  0.0420  0.0420  0.0420  0.0420  0.0420  0.0420  0.0420  0.0420  0.0420  0.0420  0.0420  0.0420
  0.0420  0.0420  0.0420  0.0420  0.0420  0.0420  0.0420  0.0420  0.0420  0.0420  0.0420  0.0420
  0.0421  0.0420  0.0420  0.0421  0.0421  0.0420  0.0420  0.0420  0.0421  0.0421  0.0420  0.0420
registration optimization eta report
parameter search radius
    0.8000    0.8000    0.8000    2.4000    2.4000    2.4000
    2.4000    2.4000    2.4000    2.4000    2.4000    2.4000
100000*second partial in parameter space
       10.        9.        4.        2.        2.        1.
        1.        1.        1.        2.        1.        1.
  0.0420  0.0421  0.0420  0.0421  0.0421  0.0420  0.0420  0.0421  0.0421  0.0421  0.0420  0.0420
  0.0420  0.0420  0.0420  0.0420  0.0420  0.0420  0.0420  0.0420  0.0420  0.0420  0.0420  0.0420
  0.0420  0.0420  0.0420  0.0420  0.0420  0.0420  0.0420  0.0420  0.0420  0.0420  0.0420  0.0420
  0.0420  0.0420  0.0420  0.0420  0.0420  0.0420  0.0420  0.0420  0.0420  0.0420  0.0420  0.0420
  0.0420  0.0420  0.0420  0.0420  0.0420  0.0420  0.0420  0.0420  0.0420  0.0420  0.0420  0.0420
  0.0420  0.0420  0.0420  0.0420  0.0420  0.0420  0.0420  0.0420  0.0420  0.0420  0.0420  0.0420
  0.0421  0.0420  0.0420  0.0421  0.0421  0.0420  0.0420  0.0420  0.0421  0.0421  0.0420  0.0420
    3.1111   10.9097   26.4533  -11.3080  -16.7899  -28.2620
   -3.1526   -0.6567    2.5471   43.7400    0.7696    9.9836
eta,q 0.95801 16.95688

---------------------------------------------------------------------
compute_vox2vox talsrcimg talsrcimg_to_711-2C_as_mni_average_305_t4 /opt/freesurfer/average/711-2C_as_mni_average_305
---------------------------------------------------------------------

freesurfer compute_vox2vox.c
Reading: talsrcimg.4dfp.ifh
Reading: talsrcimg_to_711-2C_as_mni_average_305_t4
Reading: /opt/freesurfer/average/711-2C_as_mni_average_305.4dfp.ifh
Writing: talsrcimg_to_711-2C_as_mni_average_305_t4_vox2vox.txt

start time Tue Mar 10 18:22:44 CET 2026
end		time Tue Mar 10 18:24:12 CET 2026

mpr2mni305 success

avi2talxfm orig_nu.mgz /opt/freesurfer/average/mni305.cor.mgz talsrcimg_to_711-2C_as_mni_average_305_t4_vox2vox.txt transforms/talairach.auto.xfm
avi2talxfm done
mv -f /out/sourcedata/freesurfer/sub-v2s11x28695_ses-1/mri/talsrcimg_to_711-2C_as_mni_average_305_t4_vox2vox.txt /out/sourcedata/freesurfer/sub-v2s11x28695_ses-1/mri/transforms/talsrcimg_to_711-2C_as_mni_average_305_t4_vox2vox.txt
lta_convert --src orig_nu.mgz --trg /opt/freesurfer/average/mni305.cor.mgz --inxfm transforms/talairach.auto.xfm --outlta transforms/talairach.auto.xfm.lta --subject fsaverage
7.3.2

--src: orig_nu.mgz src image (geometry).
--trg: /opt/freesurfer/average/mni305.cor.mgz trg image (geometry).
--inmni: transforms/talairach.auto.xfm input MNI/XFM transform.
--outlta: transforms/talairach.auto.xfm.lta output LTA.
--s: fsaverage subject name
 LTA read, type : 1
 1.12636  -0.01695   0.04471  -1.12129;
-0.00786   1.50410  -0.18076  -22.39966;
-0.03035  -0.79012   1.29543   42.39764;
 0.00000   0.00000   0.00000   1.00000;
setting subject to fsaverage
Writing  LTA to file transforms/talairach.auto.xfm.lta...
lta_convert successful.
 
 
Started at Tue Mar 10 18:22:44 CET 2026
Ended   at Tue Mar 10 18:24:13 CET 2026
talairach_avi done
