Log file for defect2seg
Wed Mar 11 00:50:20 CET 2026

setenv SUBJECTS_DIR /out/sourcedata/freesurfer
cd /out/sourcedata/freesurfer/sub-v2s11x28718_ses-1/scripts
/opt/freesurfer/bin/defect2seg --s sub-v2s11x28718_ses-1 --rh-only --cortex

freesurfer-linux-ubuntu22_x86_64-7.3.2-20220804-6354275
defect2seg 7.3.2
Linux dna048 5.14.0-427.37.1.el9_4.x86_64 #1 SMP PREEMPT_DYNAMIC Fri Sep 13 12:41:50 EDT 2024 x86_64 x86_64 x86_64 GNU/Linux
pid 3311353
mri_label2label --label-cortex /out/sourcedata/freesurfer/sub-v2s11x28718_ses-1/surf/rh.orig.nofix /out/sourcedata/freesurfer/sub-v2s11x28718_ses-1/mri/aseg.presurf.mgz 0 /out/sourcedata/freesurfer/sub-v2s11x28718_ses-1/label/rh.nofix.cortex.label

 Generating cortex label... RemoveHipAmgy=0
 NucAccIsMedialWall=0
 mris->useRealRAS=0
78 non-cortical segments detected
only using segment with 10165 vertices
erasing segment 0 (vno[0] = 5111)
erasing segment 1 (vno[0] = 5175)
erasing segment 2 (vno[0] = 5215)
erasing segment 3 (vno[0] = 5967)
erasing segment 4 (vno[0] = 5969)
erasing segment 5 (vno[0] = 6131)
erasing segment 6 (vno[0] = 7434)
erasing segment 7 (vno[0] = 8951)
erasing segment 8 (vno[0] = 9476)
erasing segment 9 (vno[0] = 9814)
erasing segment 10 (vno[0] = 10448)
erasing segment 11 (vno[0] = 11899)
erasing segment 12 (vno[0] = 12100)
erasing segment 13 (vno[0] = 12141)
erasing segment 14 (vno[0] = 14972)
erasing segment 15 (vno[0] = 17941)
erasing segment 16 (vno[0] = 22689)
erasing segment 17 (vno[0] = 23484)
erasing segment 18 (vno[0] = 28102)
erasing segment 19 (vno[0] = 32786)
erasing segment 20 (vno[0] = 36221)
erasing segment 21 (vno[0] = 41644)
erasing segment 22 (vno[0] = 77164)
erasing segment 24 (vno[0] = 78512)
erasing segment 25 (vno[0] = 79802)
erasing segment 26 (vno[0] = 81158)
erasing segment 27 (vno[0] = 82605)
erasing segment 28 (vno[0] = 87609)
erasing segment 29 (vno[0] = 91944)
erasing segment 30 (vno[0] = 97535)
erasing segment 31 (vno[0] = 102866)
erasing segment 32 (vno[0] = 104294)
erasing segment 33 (vno[0] = 111056)
erasing segment 34 (vno[0] = 111075)
erasing segment 35 (vno[0] = 115730)
erasing segment 36 (vno[0] = 116372)
erasing segment 37 (vno[0] = 124473)
erasing segment 38 (vno[0] = 127529)
erasing segment 39 (vno[0] = 128355)
erasing segment 40 (vno[0] = 129146)
erasing segment 41 (vno[0] = 132981)
erasing segment 42 (vno[0] = 133744)
erasing segment 43 (vno[0] = 134668)
erasing segment 44 (vno[0] = 138719)
erasing segment 45 (vno[0] = 142597)
erasing segment 46 (vno[0] = 148342)
erasing segment 47 (vno[0] = 149309)
erasing segment 48 (vno[0] = 150641)
erasing segment 49 (vno[0] = 150945)
erasing segment 50 (vno[0] = 150946)
erasing segment 51 (vno[0] = 152059)
erasing segment 52 (vno[0] = 152094)
erasing segment 53 (vno[0] = 156223)
erasing segment 54 (vno[0] = 157698)
erasing segment 55 (vno[0] = 157735)
erasing segment 56 (vno[0] = 159202)
erasing segment 57 (vno[0] = 160439)
erasing segment 58 (vno[0] = 160571)
erasing segment 59 (vno[0] = 161864)
erasing segment 60 (vno[0] = 164353)
erasing segment 61 (vno[0] = 165700)
erasing segment 62 (vno[0] = 165714)
erasing segment 63 (vno[0] = 177048)
erasing segment 64 (vno[0] = 184058)
erasing segment 65 (vno[0] = 198140)
erasing segment 66 (vno[0] = 199040)
erasing segment 67 (vno[0] = 199925)
erasing segment 68 (vno[0] = 200461)
erasing segment 69 (vno[0] = 201341)
erasing segment 70 (vno[0] = 205197)
erasing segment 71 (vno[0] = 208747)
erasing segment 72 (vno[0] = 208797)
erasing segment 73 (vno[0] = 210376)
erasing segment 74 (vno[0] = 213178)
erasing segment 75 (vno[0] = 214114)
erasing segment 76 (vno[0] = 215594)
erasing segment 77 (vno[0] = 217377)
mri_label2vol --defects /out/sourcedata/freesurfer/sub-v2s11x28718_ses-1/surf/rh.orig.nofix /out/sourcedata/freesurfer/sub-v2s11x28718_ses-1/surf/rh.defect_labels /out/sourcedata/freesurfer/sub-v2s11x28718_ses-1/mri/orig.mgz 2000 0 /out/sourcedata/freesurfer/sub-v2s11x28718_ses-1/mri/rh.surface.defects.mgz /out/sourcedata/freesurfer/sub-v2s11x28718_ses-1/label/rh.nofix.cortex.label
mri_label2vol supposed to be reproducible but seed not set
Contraining to label /out/sourcedata/freesurfer/sub-v2s11x28718_ses-1/label/rh.nofix.cortex.label
Changing input type 0 to MRI_INT
Converting defects to volume: offset=2000, merge=0
Writing to /out/sourcedata/freesurfer/sub-v2s11x28718_ses-1/mri/rh.surface.defects.mgz
mris_defects_pointset -s /out/sourcedata/freesurfer/sub-v2s11x28718_ses-1/surf/rh.orig.nofix -d /out/sourcedata/freesurfer/sub-v2s11x28718_ses-1/surf/rh.defect_labels -o /out/sourcedata/freesurfer/sub-v2s11x28718_ses-1/surf/rh.defects.pointset --label /out/sourcedata/freesurfer/sub-v2s11x28718_ses-1/label/rh.nofix.cortex.label
Reading in surface /out/sourcedata/freesurfer/sub-v2s11x28718_ses-1/surf/rh.orig.nofix
Reading in defect segmentation /out/sourcedata/freesurfer/sub-v2s11x28718_ses-1/surf/rh.defect_labels
Reading in label /out/sourcedata/freesurfer/sub-v2s11x28718_ses-1/label/rh.nofix.cortex.label
#VMPC# mris_defects_pointset 1580464
mris_defects_pointset done
 
Started at Wed Mar 11 00:50:20 CET 2026 
Ended   at Wed Mar 11 00:50:48 CET 2026
Defect2seg-Run-Time-Sec 28
Defect2seg-Run-Time-Min 0.56
Defect2seg-Run-Time-Hours 0.01
 
defect2seg Done
