status file for recon-all
Tue Mar 10 23:55:45 CET 2026
#@# Tessellate lh Tue Mar 10 23:55:45 CET 2026
#@# Smooth1 lh Tue Mar 10 23:55:52 CET 2026
#@# Inflation1 lh Tue Mar 10 23:55:57 CET 2026
#@# QSphere lh Tue Mar 10 23:57:53 CET 2026
#@# Fix Topology lh Tue Mar 10 23:59:33 CET 2026
#@# Smooth2 lh Wed Mar 11 00:11:00 CET 2026
#@# Inflation2 lh Wed Mar 11 00:11:05 CET 2026
#@# Curv .H and .K lh Wed Mar 11 00:11:50 CET 2026
#@# Sphere lh Wed Mar 11 00:13:08 CET 2026
#@# Surf Reg lh Wed Mar 11 00:19:48 CET 2026
#@# Jacobian white lh Wed Mar 11 00:28:47 CET 2026
#@# AvgCurv lh Wed Mar 11 00:28:48 CET 2026
#@# Cortical Parc lh Wed Mar 11 00:28:49 CET 2026
#@# white curv lh Wed Mar 11 00:37:41 CET 2026
#@# white area lh Wed Mar 11 00:37:44 CET 2026
#@# pial curv lh Wed Mar 11 00:37:45 CET 2026
#@# pial area lh Wed Mar 11 00:37:48 CET 2026
#@# thickness lh Wed Mar 11 00:37:49 CET 2026
#@# area and vertex vol lh Wed Mar 11 00:38:39 CET 2026
#@# Curvature Stats lh Wed Mar 11 00:38:41 CET 2026
#@# Cortical Parc 2 lh Wed Mar 11 00:38:45 CET 2026
#@# Cortical Parc 3 lh Wed Mar 11 00:39:07 CET 2026
#@# WM/GM Contrast lh Wed Mar 11 00:39:25 CET 2026
recon-all -s sub-v2s11x28718_ses-1 finished without error at Wed Mar 11 00:39:29 CET 2026



#New# invocation of recon-all 



status file for recon-all
Wed Mar 11 01:41:03 CET 2026
#@# white curv lh Wed Mar 11 01:41:03 CET 2026
#@# white area lh Wed Mar 11 01:41:03 CET 2026
#@# pial curv lh Wed Mar 11 01:41:03 CET 2026
#@# pial area lh Wed Mar 11 01:41:03 CET 2026
#@# thickness lh Wed Mar 11 01:41:03 CET 2026
#@# area and vertex vol lh Wed Mar 11 01:41:03 CET 2026
#@# Parcellation Stats lh Wed Mar 11 01:41:03 CET 2026
#@# Parcellation Stats 2 lh Wed Mar 11 01:41:47 CET 2026
#@# Parcellation Stats 3 lh Wed Mar 11 01:42:10 CET 2026
#@# BA_exvivo Labels lh Wed Mar 11 01:42:32 CET 2026
recon-all -s sub-v2s11x28718_ses-1 finished without error at Wed Mar 11 01:46:33 CET 2026
