status file for recon-all
Tue Mar 10 17:14:29 CET 2026
#@# Tessellate rh Tue Mar 10 17:14:29 CET 2026
#@# Smooth1 rh Tue Mar 10 17:14:35 CET 2026
#@# Inflation1 rh Tue Mar 10 17:14:39 CET 2026
#@# QSphere rh Tue Mar 10 17:16:08 CET 2026
#@# Fix Topology rh Tue Mar 10 17:17:32 CET 2026
#@# Smooth2 rh Tue Mar 10 17:30:47 CET 2026
#@# Inflation2 rh Tue Mar 10 17:30:51 CET 2026
#@# Curv .H and .K rh Tue Mar 10 17:31:21 CET 2026
#@# Sphere rh Tue Mar 10 17:32:37 CET 2026
#@# Surf Reg rh Tue Mar 10 17:36:42 CET 2026
#@# Jacobian white rh Tue Mar 10 17:43:28 CET 2026
#@# AvgCurv rh Tue Mar 10 17:43:29 CET 2026
#@# Cortical Parc rh Tue Mar 10 17:43:30 CET 2026
#@# white curv rh Tue Mar 10 17:51:22 CET 2026
#@# white area rh Tue Mar 10 17:51:25 CET 2026
#@# pial curv rh Tue Mar 10 17:51:26 CET 2026
#@# pial area rh Tue Mar 10 17:51:28 CET 2026
#@# thickness rh Tue Mar 10 17:51:29 CET 2026
#@# area and vertex vol rh Tue Mar 10 17:52:18 CET 2026
#@# Curvature Stats rh Tue Mar 10 17:52:20 CET 2026
#@# Cortical Parc 2 rh Tue Mar 10 17:52:24 CET 2026
#@# Cortical Parc 3 rh Tue Mar 10 17:52:45 CET 2026
#@# WM/GM Contrast rh Tue Mar 10 17:52:59 CET 2026
recon-all -s sub-v2s11x28680_ses-1 finished without error at Tue Mar 10 17:53:03 CET 2026



#New# invocation of recon-all 



status file for recon-all
Tue Mar 10 18:12:26 CET 2026
#@# white curv rh Tue Mar 10 18:12:26 CET 2026
#@# white area rh Tue Mar 10 18:12:26 CET 2026
#@# pial curv rh Tue Mar 10 18:12:26 CET 2026
#@# pial area rh Tue Mar 10 18:12:26 CET 2026
#@# thickness rh Tue Mar 10 18:12:26 CET 2026
#@# area and vertex vol rh Tue Mar 10 18:12:26 CET 2026
#@# Parcellation Stats rh Tue Mar 10 18:12:26 CET 2026
#@# Parcellation Stats 2 rh Tue Mar 10 18:13:07 CET 2026
#@# Parcellation Stats 3 rh Tue Mar 10 18:13:28 CET 2026
#@# BA_exvivo Labels rh Tue Mar 10 18:13:48 CET 2026
recon-all -s sub-v2s11x28680_ses-1 finished without error at Tue Mar 10 18:17:23 CET 2026
