status file for recon-all
Tue Mar 10 13:53:00 CET 2026
#@# MotionCor Tue Mar 10 13:53:04 CET 2026
#@# Talairach Tue Mar 10 13:53:14 CET 2026
#@# Talairach Failure Detection Tue Mar 10 14:00:20 CET 2026
#@# Nu Intensity Correction Tue Mar 10 14:00:20 CET 2026
#@# Intensity Normalization Tue Mar 10 14:06:36 CET 2026
recon-all -s sub-v2s11x28680_ses-1 finished without error at Tue Mar 10 14:10:48 CET 2026



#New# invocation of recon-all 



status file for recon-all
Tue Mar 10 14:18:07 CET 2026
#@# EM Registration Tue Mar 10 14:18:07 CET 2026
recon-all -s sub-v2s11x28680_ses-1 finished without error at Tue Mar 10 14:19:55 CET 2026



#New# invocation of recon-all 



status file for recon-all
Tue Mar 10 14:19:57 CET 2026
#@# CA Normalize Tue Mar 10 14:19:57 CET 2026
#@# CA Reg Tue Mar 10 14:21:43 CET 2026
#@# SubCort Seg Tue Mar 10 15:04:26 CET 2026
#@# CC Seg Tue Mar 10 16:20:41 CET 2026
#@# Merge ASeg Tue Mar 10 16:21:40 CET 2026
#@# Intensity Normalization2 Tue Mar 10 16:21:40 CET 2026
#@# Mask BFS Tue Mar 10 16:26:41 CET 2026
#@# WM Segmentation Tue Mar 10 16:26:43 CET 2026
#@# Fill Tue Mar 10 16:31:23 CET 2026
recon-all -s sub-v2s11x28680_ses-1 finished without error at Tue Mar 10 16:33:08 CET 2026



#New# invocation of recon-all 



status file for recon-all
Tue Mar 10 17:53:08 CET 2026
#@# white curv lh Tue Mar 10 17:53:08 CET 2026
#@# white area lh Tue Mar 10 17:53:08 CET 2026
#@# pial curv lh Tue Mar 10 17:53:08 CET 2026
#@# pial area lh Tue Mar 10 17:53:08 CET 2026
#@# thickness lh Tue Mar 10 17:53:08 CET 2026
#@# area and vertex vol lh Tue Mar 10 17:53:08 CET 2026
#@# white curv rh Tue Mar 10 17:53:08 CET 2026
#@# white area rh Tue Mar 10 17:53:08 CET 2026
#@# pial curv rh Tue Mar 10 17:53:08 CET 2026
#@# pial area rh Tue Mar 10 17:53:08 CET 2026
#@# thickness rh Tue Mar 10 17:53:08 CET 2026
#@# area and vertex vol rh Tue Mar 10 17:53:08 CET 2026
#@# Cortical ribbon mask Tue Mar 10 17:53:08 CET 2026
recon-all -s sub-v2s11x28680_ses-1 finished without error at Tue Mar 10 18:07:05 CET 2026



#New# invocation of recon-all 



status file for recon-all
Tue Mar 10 18:17:28 CET 2026
#@# white curv lh Tue Mar 10 18:17:28 CET 2026
#@# white area lh Tue Mar 10 18:17:28 CET 2026
#@# pial curv lh Tue Mar 10 18:17:28 CET 2026
#@# pial area lh Tue Mar 10 18:17:28 CET 2026
#@# thickness lh Tue Mar 10 18:17:28 CET 2026
#@# area and vertex vol lh Tue Mar 10 18:17:28 CET 2026
#@# white curv rh Tue Mar 10 18:17:28 CET 2026
#@# white area rh Tue Mar 10 18:17:28 CET 2026
#@# pial curv rh Tue Mar 10 18:17:28 CET 2026
#@# pial area rh Tue Mar 10 18:17:28 CET 2026
#@# thickness rh Tue Mar 10 18:17:28 CET 2026
#@# area and vertex vol rh Tue Mar 10 18:17:28 CET 2026
#@# Curvature Stats lh Tue Mar 10 18:17:28 CET 2026
#@# Curvature Stats rh Tue Mar 10 18:17:31 CET 2026
#@# Relabel Hypointensities Tue Mar 10 18:17:35 CET 2026
#@# APas-to-ASeg Tue Mar 10 18:18:05 CET 2026
#@# AParc-to-ASeg aparc Tue Mar 10 18:18:17 CET 2026
#@# AParc-to-ASeg aparc.a2009s Tue Mar 10 18:19:30 CET 2026
#@# AParc-to-ASeg aparc.DKTatlas Tue Mar 10 18:20:45 CET 2026
#@# WMParc Tue Mar 10 18:22:02 CET 2026
#@# ASeg Stats Tue Mar 10 18:27:29 CET 2026
recon-all -s sub-v2s11x28680_ses-1 finished without error at Tue Mar 10 18:28:12 CET 2026
