/out/sourcedata/freesurfer/sub-v2s11x28730_ses-1/mri
/opt/freesurfer/bin/talairach_avi
--i orig_nu.mgz --xfm transforms/talairach.auto.xfm
talairach_avi 7.3.2
Linux dna003 5.14.0-427.37.1.el9_4.x86_64 #1 SMP PREEMPT_DYNAMIC Fri Sep 13 12:41:50 EDT 2024 x86_64 x86_64 x86_64 GNU/Linux
Tue Mar 10 22:02:41 CET 2026
mri_convert orig_nu.mgz talsrcimg.img 
reading from orig_nu.mgz...
TR=0.00, TE=0.00, TI=0.00, flip angle=0.00
i_ras = (-1, 0, 0)
j_ras = (0, 0, -1)
k_ras = (0, 1, 0)
writing to talsrcimg.img...
Analyze Output Matrix
-0.80000   0.00000   0.00000   130.99359;
 0.00000   0.00000   0.80000  -125.77136;
 0.00000  -0.80000   0.00000   171.08591;
 0.00000   0.00000   0.00000   1.00000;
--------------------
INFO: set hdr.hist.orient to -1
mpr2mni305 talsrcimg
Tue Mar 10 22:02:41 CET 2026
/opt/freesurfer/bin/mpr2mni305 talsrcimg
mpr2mni305 7.3.2
target=711-2C_as_mni_average_305

---------------------------------------------------------------------
analyzeto4dfp talsrcimg -O0 -y
---------------------------------------------------------------------

freesurfer ifh2hdr.c
Tue Mar 10 22:02:41 2026
Writing: talsrcimg.4dfp.hdr
freesurfer analyzeto4dfp.c
Reading: talsrcimg.hdr
header size 348 bytes
hdr.dime.datatype	offset=70	value=2
hdr.dime.bitpix		offset=72	value=8
hdr.hist.orient		offset=252	value=-1
dimensionality     4
dimensions       320       320       320         1
Reading: talsrcimg.img
Writing: talsrcimg.4dfp.img
Writing: talsrcimg.4dfp.ifh
ifh2hdr talsrcimg -r0to171
ori=2

---------------------------------------------------------------------
gauss_4dfp talsrcimg 1.1
---------------------------------------------------------------------

freesurfer gauss_4dfp.c
Reading: talsrcimg.4dfp.img
Writing: talsrcimg_g11.4dfp.img
image dimensions 320 320 320 padded to 384 384 384
processing volume 1freesurfer ifh2hdr.c
Tue Mar 10 22:02:57 2026
Writing: talsrcimg_g11.4dfp.hdr

Writing: talsrcimg_g11.4dfp.ifh
including: talsrcimg.4dfp.img.rec in talsrcimg_g11.4dfp.img.rec

---------------------------------------------------------------------
imgreg_4dfp /opt/freesurfer/average/711-2C_as_mni_average_305 none talsrcimg_g11 none talsrcimg_to_711-2C_as_mni_average_305_t4 4355
---------------------------------------------------------------------

freesurfer imgreg_4dfp.c
/opt/freesurfer/average/711-2C_as_mni_average_305.4dfp.img
       256       256       256         1
  1.000000  1.000000  1.000000
orientation T byte_order littleendian
Reading image: /opt/freesurfer/average/711-2C_as_mni_average_305.4dfp.img
dimensions:      256       256       256
mmppix:       1.0000   -1.0000   -1.0000
center:     128.0000 -129.0000 -129.0000
talsrcimg_g11.4dfp.img
       320       320       320         1
  0.800000  0.800000  0.800000
orientation T byte_order littleendian
Reading image: talsrcimg_g11.4dfp.img
dimensions:      320       320       320
mmppix:       0.8000   -0.8000   -0.8000
center:     128.0000 -128.8000 -128.8000
t4_read: open error in t4_sub.f l:  41 t4_file(1:l)talsrcimg_to_711-2C_as_mni_average_305_t4 
t4_read: transform initialized to I4
rotation matrix determinant  1.000000
image alignment mode   4355 decimal     1103 hex
   -7.5000  -45.0000  -45.0000 8689.7090   22.3980
    0.0000  -45.0000  -45.0000 9053.6182   22.4494
    7.5000  -45.0000  -45.0000 8599.6621   22.3798
   -7.5000  -37.5000  -45.0000 9237.2891   22.4321
    0.0000  -37.5000  -45.0000 9608.0264   22.4756
    7.5000  -37.5000  -45.0000 9111.3887   22.3938
   -7.5000  -30.0000  -45.000010122.5518   22.5242
    0.0000  -30.0000  -45.000010524.1719   22.5664
    7.5000  -30.0000  -45.0000 9954.8418   22.4842
   -7.5000  -22.5000  -45.000010978.6182   22.5970
    0.0000  -22.5000  -45.000011413.0869   22.6451
    7.5000  -22.5000  -45.000010790.6250   22.5748
   -7.5000  -15.0000  -45.000011777.4258   22.5861
    0.0000  -15.0000  -45.000012265.9648   22.6413
    7.5000  -15.0000  -45.000011601.3760   22.5839
   -7.5000   -7.5000  -45.000012608.5713   22.4755
    0.0000   -7.5000  -45.000013131.0947   22.5326
    7.5000   -7.5000  -45.000012420.8828   22.4755
   -7.5000    0.0000  -45.000013291.7969   22.3980
    0.0000    0.0000  -45.000013830.6982   22.4494
    7.5000    0.0000  -45.000013051.1260   22.3798
   -7.5000    7.5000  -45.000012837.5137   22.4321
    0.0000    7.5000  -45.000013337.0820   22.4756
    7.5000    7.5000  -45.000012550.7139   22.3938
   -7.5000   15.0000  -45.000012146.1250   22.5242
    0.0000   15.0000  -45.000012619.7500   22.5664
    7.5000   15.0000  -45.000011857.7139   22.4842
   -7.5000   22.5000  -45.000011358.0156   22.5939
    0.0000   22.5000  -45.000011817.4385   22.6420
    7.5000   22.5000  -45.000011087.3926   22.5717
   -7.5000   30.0000  -45.000010543.1152   22.2851
    0.0000   30.0000  -45.000010978.6377   22.3396
    7.5000   30.0000  -45.000010310.7100   22.2830
   -7.5000   37.5000  -45.000010139.3105   22.1760
    0.0000   37.5000  -45.000010572.0322   22.2324
    7.5000   37.5000  -45.0000 9930.0342   22.1760
   -7.5000   45.0000  -45.0000 9318.4639   21.5383
    0.0000   45.0000  -45.0000 9712.6992   21.5878
    7.5000   45.0000  -45.0000 9124.1787   21.5209
   -7.5000  -45.0000  -37.5000 9039.4590   22.0356
    0.0000  -45.0000  -37.5000 9422.4922   22.1040
    7.5000  -45.0000  -37.5000 8933.8428   22.0352
   -7.5000  -37.5000  -37.5000 9597.4385   22.0638
    0.0000  -37.5000  -37.5000 9997.0029   22.1258
    7.5000  -37.5000  -37.5000 9457.6143   22.0490
   -7.5000  -30.0000  -37.500010513.2471   22.1623
    0.0000  -30.0000  -37.500010941.3008   22.2216
    7.5000  -30.0000  -37.500010329.0459   22.1469
   -7.5000  -22.5000  -37.500011411.6426   22.2477
    0.0000  -22.5000  -37.500011852.9111   22.3103
    7.5000  -22.5000  -37.500011218.7373   22.2456
   -7.5000  -15.0000  -37.500012235.7930   22.2421
    0.0000  -15.0000  -37.500012740.5654   22.3103
    7.5000  -15.0000  -37.500012052.8682   22.2542
   -7.5000   -7.5000  -37.500013087.8438   22.1250
    0.0000   -7.5000  -37.500013624.6572   22.1965
    7.5000   -7.5000  -37.500012876.4404   22.1383
   -7.5000    0.0000  -37.500013782.2725   22.0356
    0.0000    0.0000  -37.500014338.0947   22.1040
    7.5000    0.0000  -37.500013509.8574   22.0352
   -7.5000    7.5000  -37.500013283.8525   22.0638
    0.0000    7.5000  -37.500013799.4883   22.1258
    7.5000    7.5000  -37.500012970.4512   22.0490
   -7.5000   15.0000  -37.500012549.9932   22.1623
    0.0000   15.0000  -37.500013044.6943   22.2216
    7.5000   15.0000  -37.500012263.6318   22.1469
   -7.5000   22.5000  -37.500011713.4346   22.2446
    0.0000   22.5000  -37.500012203.3301   22.3073
    7.5000   22.5000  -37.500011461.4033   22.2425
   -7.5000   30.0000  -37.500010870.0596   21.9457
    0.0000   30.0000  -37.500011344.2061   22.0130
    7.5000   30.0000  -37.500010655.8477   21.9576
   -7.5000   37.5000  -37.500010436.2363   21.8302
    0.0000   37.5000  -37.500010901.0889   21.9007
    7.5000   37.5000  -37.500010244.7393   21.8433
   -7.5000   45.0000  -37.5000 9590.7314   21.1898
    0.0000   45.0000  -37.500010006.9180   21.2557
    7.5000   45.0000  -37.5000 9385.0234   21.1895
   -7.5000  -45.0000  -30.0000 9619.4980   22.3328
    0.0000  -45.0000  -30.000010026.7920   22.4050
    7.5000  -45.0000  -30.0000 9498.3457   22.3348
   -7.5000  -37.5000  -30.000010210.5869   22.3519
    0.0000  -37.5000  -30.000010633.3701   22.4235
    7.5000  -37.5000  -30.000010066.9941   22.3552
   -7.5000  -30.0000  -30.000011184.5430   22.4594
    0.0000  -30.0000  -30.000011634.4951   22.5299
    7.5000  -30.0000  -30.000011012.1475   22.4664
   -7.5000  -22.5000  -30.000012147.8789   22.5625
    0.0000  -22.5000  -30.000012609.9248   22.6329
    7.5000  -22.5000  -30.000011966.6758   22.5722
   -7.5000  -15.0000  -30.000013049.4727   22.5660
    0.0000  -15.0000  -30.000013562.0850   22.6359
    7.5000  -15.0000  -30.000012836.7334   22.5737
   -7.5000   -7.5000  -30.000013929.6182   22.4404
    0.0000   -7.5000  -30.000014489.5908   22.5111
    7.5000   -7.5000  -30.000013676.3379   22.4439
   -7.5000    0.0000  -30.000014592.1738   22.3328
    0.0000    0.0000  -30.000015185.0615   22.4050
    7.5000    0.0000  -30.000014314.3203   22.3348
   -7.5000    7.5000  -30.000014056.3115   22.3519
    0.0000    7.5000  -30.000014606.4053   22.4235
    7.5000    7.5000  -30.000013761.9971   22.3552
   -7.5000   15.0000  -30.000013305.9248   22.4594
    0.0000   15.0000  -30.000013840.7246   22.5299
    7.5000   15.0000  -30.000013033.9746   22.4664
   -7.5000   22.5000  -30.000012429.5352   22.5570
    0.0000   22.5000  -30.000012952.2158   22.6275
    7.5000   22.5000  -30.000012194.0059   22.5667
   -7.5000   30.0000  -30.000011532.0605   22.2674
    0.0000   30.0000  -30.000012037.5361   22.3364
    7.5000   30.0000  -30.000011318.1592   22.2750
   -7.5000   37.5000  -30.000011034.8965   22.1434
    0.0000   37.5000  -30.000011538.8184   22.2132
    7.5000   37.5000  -30.000010837.2207   22.1470
   -7.5000   45.0000  -30.000010103.2207   21.4914
    0.0000   45.0000  -30.000010559.3311   21.5609
    7.5000   45.0000  -30.0000 9903.0088   21.4934
   -7.5000  -45.0000  -22.500010277.7139   22.7413
    0.0000  -45.0000  -22.500010705.0996   22.7994
    7.5000  -45.0000  -22.500010148.6924   22.7243
   -7.5000  -37.5000  -22.500010914.7656   22.7576
    0.0000  -37.5000  -22.500011361.3213   22.8194
    7.5000  -37.5000  -22.500010776.0850   22.7517
   -7.5000  -30.0000  -22.500011968.8936   22.8641
    0.0000  -30.0000  -22.500012442.7432   22.9280
    7.5000  -30.0000  -22.500011791.0498   22.8642
   -7.5000  -22.5000  -22.500013019.4199   22.9691
    0.0000  -22.5000  -22.500013525.6826   23.0315
    7.5000  -22.5000  -22.500012800.2578   22.9650
   -7.5000  -15.0000  -22.500014000.7178   22.9762
    0.0000  -15.0000  -22.500014550.7793   23.0336
    7.5000  -15.0000  -22.500013709.8936   22.9600
   -7.5000   -7.5000  -22.500014910.8496   22.8515
    0.0000   -7.5000  -22.500015495.6562   22.9064
    7.5000   -7.5000  -22.500014578.1191   22.8282
   -7.5000    0.0000  -22.500015599.1885   22.7413
    0.0000    0.0000  -22.500016215.2930   22.7994
    7.5000    0.0000  -22.500015279.7471   22.7243
   -7.5000    7.5000  -22.500015002.7021   22.7576
    0.0000    7.5000  -22.500015585.6816   22.8194
    7.5000    7.5000  -22.500014697.8496   22.7517
   -7.5000   15.0000  -22.500014210.8662   22.8641
    0.0000   15.0000  -22.500014780.7549   22.9280
    7.5000   15.0000  -22.500013938.5371   22.8642
   -7.5000   22.5000  -22.500013302.9951   22.9620
    0.0000   22.5000  -22.500013838.3203   23.0244
    7.5000   22.5000  -22.500013050.4580   22.9579
   -7.5000   30.0000  -22.500012338.6934   22.6757
    0.0000   30.0000  -22.500012850.7344   22.7323
    7.5000   30.0000  -22.500012093.5410   22.6597
   -7.5000   37.5000  -22.500011756.1309   22.5526
    0.0000   37.5000  -22.500012262.9521   22.6068
    7.5000   37.5000  -22.500011535.3340   22.5296
   -7.5000   45.0000  -22.500010731.1709   21.9010
    0.0000   45.0000  -22.500011212.0264   21.9570
    7.5000   45.0000  -22.500010534.5762   21.8846
   -7.5000  -45.0000  -15.000010956.0176   23.0312
    0.0000  -45.0000  -15.000011388.7305   23.0691
    7.5000  -45.0000  -15.000010798.5391   22.9905
   -7.5000  -37.5000  -15.000011658.6816   23.0558
    0.0000  -37.5000  -15.000012111.3896   23.0962
    7.5000  -37.5000  -15.000011475.4404   23.0203
   -7.5000  -30.0000  -15.000012806.6348   23.1558
    0.0000  -30.0000  -15.000013279.5293   23.1991
    7.5000  -30.0000  -15.000012564.5752   23.1231
   -7.5000  -22.5000  -15.000013934.8760   23.2462
    0.0000  -22.5000  -15.000014462.1064   23.2900
    7.5000  -22.5000  -15.000013605.6436   23.2118
   -7.5000  -15.0000  -15.000014969.1680   23.2455
    0.0000  -15.0000  -15.000015531.9248   23.2859
    7.5000  -15.0000  -15.000014562.3545   23.2052
   -7.5000   -7.5000  -15.000015913.3506   23.1269
    0.0000   -7.5000  -15.000016507.6152   23.1641
    7.5000   -7.5000  -15.000015498.3984   23.0828
   -7.5000    0.0000  -15.000016670.7812   23.0312
    0.0000    0.0000  -15.000017283.8105   23.0691
    7.5000    0.0000  -15.000016275.4287   22.9905
   -7.5000    7.5000  -15.000016038.9307   23.0558
    0.0000    7.5000  -15.000016622.4531   23.0962
    7.5000    7.5000  -15.000015654.5322   23.0203
   -7.5000   15.0000  -15.000015164.9209   23.1558
    0.0000   15.0000  -15.000015721.3740   23.1991
    7.5000   15.0000  -15.000014839.7295   23.1231
   -7.5000   22.5000  -15.000014179.5967   23.2380
    0.0000   22.5000  -15.000014714.2920   23.2817
    7.5000   22.5000  -15.000013889.7197   23.2036
   -7.5000   30.0000  -15.000013151.8877   22.9447
    0.0000   30.0000  -15.000013675.0225   22.9845
    7.5000   30.0000  -15.000012889.1973   22.9049
   -7.5000   37.5000  -15.000012537.8750   22.8276
    0.0000   37.5000  -15.000013047.8877   22.8643
    7.5000   37.5000  -15.000012290.7881   22.7841
   -7.5000   45.0000  -15.000011424.1934   22.1936
    0.0000   45.0000  -15.000011906.2109   22.2301
    7.5000   45.0000  -15.000011211.7461   22.1543
   -7.5000  -45.0000   -7.500011624.3096   23.0702
    0.0000  -45.0000   -7.500012064.5000   23.1052
    7.5000  -45.0000   -7.500011416.2949   23.0243
   -7.5000  -37.5000   -7.500012422.4443   23.1063
    0.0000  -37.5000   -7.500012884.9521   23.1383
    7.5000  -37.5000   -7.500012159.7773   23.0507
   -7.5000  -30.0000   -7.500013667.7217   23.1997
    0.0000  -30.0000   -7.500014160.7139   23.2325
    7.5000  -30.0000   -7.500013331.7734   23.1428
   -7.5000  -22.5000   -7.500014854.4336   23.2727
    0.0000  -22.5000   -7.500015413.8477   23.3092
    7.5000  -22.5000   -7.500014430.4375   23.2243
   -7.5000  -15.0000   -7.500015945.0029   23.2604
    0.0000  -15.0000   -7.500016520.6777   23.2994
    7.5000  -15.0000   -7.500015452.0010   23.2215
   -7.5000   -7.5000   -7.500016946.7617   23.1475
    0.0000   -7.5000   -7.500017531.0684   23.1858
    7.5000   -7.5000   -7.500016466.5293   23.1097
   -7.5000    0.0000   -7.500017775.8301   23.0702
    0.0000    0.0000   -7.500018383.8125   23.1052
    7.5000    0.0000   -7.500017302.3223   23.0243
   -7.5000    7.5000   -7.500017057.7109   23.1063
    0.0000    7.5000   -7.500017648.3574   23.1383
    7.5000    7.5000   -7.500016628.0684   23.0507
   -7.5000   15.0000   -7.500016134.5059   23.1997
    0.0000   15.0000   -7.500016697.9727   23.2325
    7.5000   15.0000   -7.500015755.8350   23.1428
   -7.5000   22.5000   -7.500015092.8389   23.2620
    0.0000   22.5000   -7.500015635.4170   23.2984
    7.5000   22.5000   -7.500014743.7686   23.2136
   -7.5000   30.0000   -7.500014029.6152   22.9588
    0.0000   30.0000   -7.500014555.2637   22.9972
    7.5000   30.0000   -7.500013700.5586   22.9204
   -7.5000   37.5000   -7.500013385.4258   22.8473
    0.0000   37.5000   -7.500013912.1074   22.8851
    7.5000   37.5000   -7.500013069.3604   22.8101
   -7.5000   45.0000   -7.500012167.5869   22.2353
    0.0000   45.0000   -7.500012666.8496   22.2690
    7.5000   45.0000   -7.500011895.0371   22.1911
   -7.5000  -45.0000    0.000012230.2393   22.9134
    0.0000  -45.0000    0.000012667.1562   22.9649
    7.5000  -45.0000    0.000011975.7979   22.8832
   -7.5000  -37.5000    0.000013105.8799   22.9529
    0.0000  -37.5000    0.000013574.0967   22.9971
    7.5000  -37.5000    0.000012748.4355   22.9037
   -7.5000  -30.0000    0.000014491.6748   23.0448
    0.0000  -30.0000    0.000015023.9287   23.0876
    7.5000  -30.0000    0.000014052.8047   22.9933
   -7.5000  -22.5000    0.000015785.9404   23.1138
    0.0000  -22.5000    0.000016393.6855   23.1616
    7.5000  -22.5000    0.000015234.4131   23.0781
   -7.5000  -15.0000    0.000016900.9512   23.0979
    0.0000  -15.0000    0.000017486.0781   23.1524
    7.5000  -15.0000    0.000016316.0576   23.0811
   -7.5000   -7.5000    0.000017930.2109   22.9858
    0.0000   -7.5000    0.000018501.4277   23.0423
    7.5000   -7.5000    0.000017397.3945   22.9719
   -7.5000    0.0000    0.000018754.4648   22.9134
    0.0000    0.0000    0.000019368.8145   22.9649
    7.5000    0.0000    0.000018261.7207   22.8832
   -7.5000    7.5000    0.000018032.8535   22.9529
    0.0000    7.5000    0.000018626.5391   22.9971
    7.5000    7.5000    0.000017562.0547   22.9037
   -7.5000   15.0000    0.000017116.7246   23.0448
    0.0000   15.0000    0.000017671.6035   23.0876
    7.5000   15.0000    0.000016627.6895   22.9933
   -7.5000   22.5000    0.000016030.2783   23.1031
    0.0000   22.5000    0.000016569.1035   23.1510
    7.5000   22.5000    0.000015545.8574   23.0675
   -7.5000   30.0000    0.000014908.0332   22.7989
    0.0000   30.0000    0.000015440.3057   22.8527
    7.5000   30.0000    0.000014444.2363   22.7824
   -7.5000   37.5000    0.000014233.0615   22.6883
    0.0000   37.5000    0.000014766.7158   22.7441
    7.5000   37.5000    0.000013807.8232   22.6746
   -7.5000   45.0000    0.000012925.9541   22.0859
    0.0000   45.0000    0.000013419.7715   22.1355
    7.5000   45.0000    0.000012551.1396   22.0568
   -7.5000  -45.0000    7.500011871.7256   23.1173
    0.0000  -45.0000    7.500012320.7422   23.1864
    7.5000  -45.0000    7.500011625.1338   23.1065
   -7.5000  -37.5000    7.500012675.9121   23.1515
    0.0000  -37.5000    7.500013147.8594   23.2147
    7.5000  -37.5000    7.500012376.3789   23.1270
   -7.5000  -30.0000    7.500014167.1865   23.2526
    0.0000  -30.0000    7.500014715.5557   23.3130
    7.5000  -30.0000    7.500013698.6992   23.2274
   -7.5000  -22.5000    7.500015760.3057   23.3361
    0.0000  -22.5000    7.500016401.7480   23.3996
    7.5000  -22.5000    7.500015016.0693   23.3235
   -7.5000  -15.0000    7.500016876.3281   23.3255
    0.0000  -15.0000    7.500017433.6816   23.3942
    7.5000  -15.0000    7.500016087.3174   23.3265
   -7.5000   -7.5000    7.500017728.9609   23.2041
    0.0000   -7.5000    7.500018271.7070   23.2758
    7.5000   -7.5000    7.500017097.9141   23.2062
   -7.5000    0.0000    7.500018496.1094   23.1173
    0.0000    0.0000    7.500019064.8320   23.1864
    7.5000    0.0000    7.500017912.9824   23.1065
   -7.5000    7.5000    7.500017766.2500   23.1515
    0.0000    7.5000    7.500018335.6582   23.2147
    7.5000    7.5000    7.500017129.9688   23.1270
   -7.5000   15.0000    7.500016853.3672   23.2526
    0.0000   15.0000    7.500017409.1191   23.3130
    7.5000   15.0000    7.500016205.5498   23.2274
   -7.5000   22.5000    7.500015774.3496   23.3253
    0.0000   22.5000    7.500016307.2139   23.3888
    7.5000   22.5000    7.500015169.5293   23.3128
   -7.5000   30.0000    7.500014657.2432   23.0237
    0.0000   30.0000    7.500015172.2285   23.0915
    7.5000   30.0000    7.500014118.8994   23.0246
   -7.5000   37.5000    7.500013995.4131   22.9038
    0.0000   37.5000    7.500014504.5811   22.9746
    7.5000   37.5000    7.500013497.5586   22.9059
   -7.5000   45.0000    7.500012695.0518   22.2824
    0.0000   45.0000    7.500013165.1484   22.3490
    7.5000   45.0000    7.500012245.6182   22.2720
   -7.5000  -45.0000   15.000011424.3457   23.3623
    0.0000  -45.0000   15.000011837.4443   23.4344
    7.5000  -45.0000   15.000011193.2949   23.3551
   -7.5000  -37.5000   15.000012187.5195   23.3855
    0.0000  -37.5000   15.000012605.8389   23.4571
    7.5000  -37.5000   15.000011928.8623   23.3798
   -7.5000  -30.0000   15.000013766.6289   23.4934
    0.0000  -30.0000   15.000014241.1934   23.5640
    7.5000  -30.0000   15.000013263.7881   23.4915
   -7.5000  -22.5000   15.000015550.5605   23.5948
    0.0000  -22.5000   15.000016187.6367   23.6652
    7.5000  -22.5000   15.000014584.3467   23.5955
   -7.5000  -15.0000   15.000016660.5898   23.5956
    0.0000  -15.0000   15.000017379.2617   23.6653
    7.5000  -15.0000   15.000015668.0977   23.5942
   -7.5000   -7.5000   15.000017439.0664   23.4674
    0.0000   -7.5000   15.000018134.4297   23.5379
    7.5000   -7.5000   15.000016582.9551   23.4617
   -7.5000    0.0000   15.000018081.6133   23.3623
    0.0000    0.0000   15.000018768.2617   23.4344
    7.5000    0.0000   15.000017286.8203   23.3551
   -7.5000    7.5000   15.000017288.0840   23.3855
    0.0000    7.5000   15.000017917.5293   23.4571
    7.5000    7.5000   15.000016550.9238   23.3798
   -7.5000   15.0000   15.000016355.8750   23.4934
    0.0000   15.0000   15.000016927.2910   23.5640
    7.5000   15.0000   15.000015713.0967   23.4915
   -7.5000   22.5000   15.000015311.4053   23.5839
    0.0000   22.5000   15.000015834.1572   23.6543
    7.5000   22.5000   15.000014744.5645   23.5846
   -7.5000   30.0000   15.000014250.8086   23.2903
    0.0000   30.0000   15.000014715.7002   23.3590
    7.5000   30.0000   15.000013732.2490   23.2889
   -7.5000   37.5000   15.000013612.4404   23.1637
    0.0000   37.5000   15.000014057.3281   23.2333
    7.5000   37.5000   15.000013132.8906   23.1581
   -7.5000   45.0000   15.000012363.7471   22.5186
    0.0000   45.0000   15.000012784.5820   22.5880
    7.5000   45.0000   15.000011916.4570   22.5116
   -7.5000  -45.0000   22.500010875.4502   23.7781
    0.0000  -45.0000   22.500011316.6484   23.8329
    7.5000  -45.0000   22.500010674.8809   23.7516
   -7.5000  -37.5000   22.500011688.5840   23.7955
    0.0000  -37.5000   22.500012142.9590   23.8543
    7.5000  -37.5000   22.500011410.5508   23.7807
   -7.5000  -30.0000   22.500013182.5889   23.9013
    0.0000  -30.0000   22.500013682.0752   23.9622
    7.5000  -30.0000   22.500012664.9678   23.8927
   -7.5000  -22.5000   22.500014474.3438   24.0066
    0.0000  -22.5000   22.500015103.4512   24.0660
    7.5000  -22.5000   22.500013889.8301   23.9935
   -7.5000  -15.0000   22.500015422.1953   24.0143
    0.0000  -15.0000   22.500016087.7324   24.0683
    7.5000  -15.0000   22.500014943.9434   23.9885
   -7.5000   -7.5000   22.500016372.7178   23.8881
    0.0000   -7.5000   22.500017048.9902   23.9395
    7.5000   -7.5000   22.500015881.3916   23.8549
   -7.5000    0.0000   22.500017129.8164   23.7781
    0.0000    0.0000   22.500017815.4082   23.8329
    7.5000    0.0000   22.500016606.1738   23.7516
   -7.5000    7.5000   22.500016399.7188   23.7955
    0.0000    7.5000   22.500017044.1543   23.8543
    7.5000    7.5000   22.500015904.1494   23.7807
   -7.5000   15.0000   22.500015526.1348   23.9013
    0.0000   15.0000   22.500016142.1572   23.9622
    7.5000   15.0000   22.500015070.6533   23.8927
   -7.5000   22.5000   22.500014584.1260   23.9955
    0.0000   22.5000   22.500015148.1631   24.0549
    7.5000   22.5000   22.500014122.3818   23.9825
   -7.5000   30.0000   22.500013619.4062   23.7035
    0.0000   30.0000   22.500014120.7168   23.7568
    7.5000   30.0000   22.500013159.4922   23.6780
   -7.5000   37.5000   22.500013011.5938   23.5789
    0.0000   37.5000   22.500013479.4199   23.6297
    7.5000   37.5000   22.500012574.3896   23.5462
   -7.5000   45.0000   22.500011818.7275   22.9193
    0.0000   45.0000   22.500012233.8008   22.9722
    7.5000   45.0000   22.500011441.2002   22.8938
   -7.5000  -45.0000   30.000010277.1865   24.2602
    0.0000  -45.0000   30.000010673.5498   24.2892
    7.5000  -45.0000   30.000010094.5439   24.2056
   -7.5000  -37.5000   30.000011058.2568   24.2848
    0.0000  -37.5000   30.000011451.5537   24.3167
    7.5000  -37.5000   30.000010785.9756   24.2360
   -7.5000  -30.0000   30.000012233.3604   24.3833
    0.0000  -30.0000   30.000012715.8584   24.4181
    7.5000  -30.0000   30.000011940.2988   24.3374
   -7.5000  -22.5000   30.000013237.8740   24.4745
    0.0000  -22.5000   30.000013795.4844   24.5098
    7.5000  -22.5000   30.000013064.9727   24.4267
   -7.5000  -15.0000   30.000014178.0684   24.4759
    0.0000  -15.0000   30.000014756.8691   24.5075
    7.5000  -15.0000   30.000014049.1475   24.4217
   -7.5000   -7.5000   30.000015201.3125   24.3563
    0.0000   -7.5000   30.000015814.2598   24.3845
    7.5000   -7.5000   30.000015000.0068   24.2981
   -7.5000    0.0000   30.000016009.6885   24.2602
    0.0000    0.0000   30.000016648.4160   24.2892
    7.5000    0.0000   30.000015758.1064   24.2056
   -7.5000    7.5000   30.000015388.0850   24.2848
    0.0000    7.5000   30.000015984.9170   24.3167
    7.5000    7.5000   30.000015086.8799   24.2360
   -7.5000   15.0000   30.000014622.8057   24.3833
    0.0000   15.0000   30.000015184.0889   24.4181
    7.5000   15.0000   30.000014279.2998   24.3374
   -7.5000   22.5000   30.000013746.4707   24.4632
    0.0000   22.5000   30.000014259.9590   24.4985
    7.5000   22.5000   30.000013377.6611   24.4154
   -7.5000   30.0000   30.000012830.8154   24.1592
    0.0000   30.0000   30.000013303.2637   24.1903
    7.5000   30.0000   30.000012459.1494   24.1056
   -7.5000   37.5000   30.000012274.9688   24.0411
    0.0000   37.5000   30.000012709.1465   24.0689
    7.5000   37.5000   30.000011901.4307   23.9836
   -7.5000   45.0000   30.000011165.3340   23.3840
    0.0000   45.0000   30.000011577.1973   23.4120
    7.5000   45.0000   30.000010819.4502   23.3314
   -7.5000  -45.0000   37.500010094.3789   24.7328
    0.0000  -45.0000   37.500010464.8203   24.7536
    7.5000  -45.0000   37.5000 9936.6924   24.6657
   -7.5000  -37.5000   37.500010803.4609   24.7705
    0.0000  -37.5000   37.500011205.9355   24.7878
    7.5000  -37.5000   37.500010599.2559   24.6922
   -7.5000  -30.0000   37.500011860.2832   24.8612
    0.0000  -30.0000   37.500012323.2207   24.8795
    7.5000  -30.0000   37.500011688.4736   24.7814
   -7.5000  -22.5000   37.500012840.6670   24.9332
    0.0000  -22.5000   37.500013344.3408   24.9559
    7.5000  -22.5000   37.500012723.0967   24.8634
   -7.5000  -15.0000   37.500013837.8604   24.9220
    0.0000  -15.0000   37.500014369.5811   24.9476
    7.5000  -15.0000   37.500013710.0898   24.8633
   -7.5000   -7.5000   37.500014867.2891   24.8085
    0.0000   -7.5000   37.500015440.1055   24.8331
    7.5000   -7.5000   37.500014678.3340   24.7509
   -7.5000    0.0000   37.500015653.7061   24.7328
    0.0000    0.0000   37.500016242.6865   24.7536
    7.5000    0.0000   37.500015436.5479   24.6657
   -7.5000    7.5000   37.500015078.7480   24.7705
    0.0000    7.5000   37.500015646.2041   24.7878
    7.5000    7.5000   37.500014827.8662   24.6922
   -7.5000   15.0000   37.500014335.0469   24.8612
    0.0000   15.0000   37.500014861.7773   24.8795
    7.5000   15.0000   37.500014052.5957   24.7814
   -7.5000   22.5000   37.500013451.5869   24.9217
    0.0000   22.5000   37.500013947.1006   24.9444
    7.5000   22.5000   37.500013171.9277   24.8520
   -7.5000   30.0000   37.500012521.0566   24.5995
    0.0000   30.0000   37.500012989.4609   24.6247
    7.5000   30.0000   37.500012274.3203   24.5415
   -7.5000   37.5000   37.500011954.3721   24.4874
    0.0000   37.5000   37.500012405.9629   24.5117
    7.5000   37.5000   37.500011725.5137   24.4306
   -7.5000   45.0000   37.500010904.8994   23.8396
    0.0000   45.0000   37.500011320.8789   23.8596
    7.5000   45.0000   37.500010689.6445   23.7749
   -7.5000  -45.0000   45.0000 9438.0566   25.2971
    0.0000  -45.0000   45.0000 9807.2520   25.3344
    7.5000  -45.0000   45.0000 9306.7197   25.2453
   -7.5000  -37.5000   45.000010080.1270   25.3412
    0.0000  -37.5000   45.000010465.9424   25.3696
    7.5000  -37.5000   45.0000 9928.4375   25.2658
   -7.5000  -30.0000   45.000011054.5996   25.4328
    0.0000  -30.0000   45.000011470.9668   25.4594
    7.5000  -30.0000   45.000010896.1992   25.3549
   -7.5000  -22.5000   45.000011996.3994   25.5012
    0.0000  -22.5000   45.000012454.6895   25.5342
    7.5000  -22.5000   45.000011865.5527   25.4433
   -7.5000  -15.0000   45.000012924.9541   25.4844
    0.0000  -15.0000   45.000013429.6709   25.5255
    7.5000  -15.0000   45.000012798.5107   25.4498
   -7.5000   -7.5000   45.000013864.7168   25.3679
    0.0000   -7.5000   45.000014411.1748   25.4116
    7.5000   -7.5000   45.000013713.8623   25.3367
   -7.5000    0.0000   45.000014621.3271   25.2971
    0.0000    0.0000   45.000015189.9209   25.3344
    7.5000    0.0000   45.000014437.7920   25.2453
   -7.5000    7.5000   45.000014092.6182   25.3412
    0.0000    7.5000   45.000014621.1006   25.3696
    7.5000    7.5000   45.000013877.0488   25.2658
   -7.5000   15.0000   45.000013390.2168   25.4328
    0.0000   15.0000   45.000013904.9082   25.4594
    7.5000   15.0000   45.000013154.6533   25.3549
   -7.5000   22.5000   45.000012562.2227   25.4893
    0.0000   22.5000   45.000013063.9336   25.5223
    7.5000   22.5000   45.000012341.3867   25.4315
   -7.5000   30.0000   45.000011677.7588   25.1524
    0.0000   30.0000   45.000012149.4180   25.1930
    7.5000   30.0000   45.000011483.7793   25.1183
   -7.5000   37.5000   45.000011138.8955   25.0374
    0.0000   37.5000   45.000011590.5283   25.0805
    7.5000   37.5000   45.000010965.3721   25.0066
   -7.5000   45.0000   45.000010162.5674   24.3945
    0.0000   45.0000   45.000010580.5117   24.4305
    7.5000   45.0000   45.000010015.5059   24.3445

---------------------------------------------------------------------
imgreg_4dfp /opt/freesurfer/average/711-2C_as_mni_average_305 /opt/freesurfer/average/711-2B_as_mni_average_305_mask talsrcimg_g11 none talsrcimg_to_711-2C_as_mni_average_305_t4 4355
---------------------------------------------------------------------

freesurfer imgreg_4dfp.c
/opt/freesurfer/average/711-2C_as_mni_average_305.4dfp.img
       256       256       256         1
  1.000000  1.000000  1.000000
orientation T byte_order littleendian
Reading image: /opt/freesurfer/average/711-2C_as_mni_average_305.4dfp.img
dimensions:      256       256       256
mmppix:       1.0000   -1.0000   -1.0000
center:     128.0000 -129.0000 -129.0000
/opt/freesurfer/average/711-2B_as_mni_average_305_mask.4dfp.img
       256       256       256         1
  1.000000  1.000000  1.000000
orientation T byte_order littleendian
Reading mask: /opt/freesurfer/average/711-2B_as_mni_average_305_mask.4dfp.img (2306576 pixels)
talsrcimg_g11.4dfp.img
       320       320       320         1
  0.800000  0.800000  0.800000
orientation T byte_order littleendian
Reading image: talsrcimg_g11.4dfp.img
dimensions:      320       320       320
mmppix:       0.8000   -0.8000   -0.8000
center:     128.0000 -128.8000 -128.8000
rotation matrix determinant  1.000000
image alignment mode   4355 decimal     1103 hex
   -7.5000  -45.0000  -45.0000 2433.8513   31.9767
    0.0000  -45.0000  -45.0000 2439.7776   32.0850
    7.5000  -45.0000  -45.0000 2436.0793   32.2049
   -7.5000  -37.5000  -45.0000 2496.5618   29.6991
    0.0000  -37.5000  -45.0000 2500.1042   29.7912
    7.5000  -37.5000  -45.0000 2498.9380   29.9643
   -7.5000  -30.0000  -45.0000 2538.8276   27.9879
    0.0000  -30.0000  -45.0000 2543.0466   28.0483
    7.5000  -30.0000  -45.0000 2535.4666   28.2343
   -7.5000  -22.5000  -45.0000 2563.2942   26.7470
    0.0000  -22.5000  -45.0000 2568.1548   26.7951
    7.5000  -22.5000  -45.0000 2558.0273   26.9939
   -7.5000  -15.0000  -45.0000 2575.8455   26.0785
    0.0000  -15.0000  -45.0000 2583.7424   26.1073
    7.5000  -15.0000  -45.0000 2574.0725   26.3196
   -7.5000   -7.5000  -45.0000 2578.8423   25.8490
    0.0000   -7.5000  -45.0000 2588.1218   25.9275
    7.5000   -7.5000  -45.0000 2572.8767   26.0909
   -7.5000    0.0000  -45.0000 2570.9451   25.9958
    0.0000    0.0000  -45.0000 2576.7949   26.1077
    7.5000    0.0000  -45.0000 2562.5820   26.2823
   -7.5000    7.5000  -45.0000 2542.9634   26.6394
    0.0000    7.5000  -45.0000 2550.8831   26.7173
    7.5000    7.5000  -45.0000 2535.3452   26.8589
   -7.5000   15.0000  -45.0000 2499.5942   27.8072
    0.0000   15.0000  -45.0000 2502.5649   27.8674
    7.5000   15.0000  -45.0000 2490.7705   28.0168
   -7.5000   22.5000  -45.0000 2432.3137   29.5075
    0.0000   22.5000  -45.0000 2435.1077   29.5505
    7.5000   22.5000  -45.0000 2428.4998   29.8382
   -7.5000   30.0000  -45.0000 2355.1357   31.7294
    0.0000   30.0000  -45.0000 2357.2854   31.8421
    7.5000   30.0000  -45.0000 2356.9819   32.1942
   -7.5000   37.5000  -45.0000 2281.8359   34.5141
    0.0000   37.5000  -45.0000 2284.0862   34.5528
    7.5000   37.5000  -45.0000 2293.0796   35.0490
   -7.5000   45.0000  -45.0000 2190.0876   38.0571
    0.0000   45.0000  -45.0000 2187.3274   38.0291
    7.5000   45.0000  -45.0000 2196.7583   38.5912
   -7.5000  -45.0000  -37.5000 2483.2842   30.3574
    0.0000  -45.0000  -37.5000 2489.3943   30.4874
    7.5000  -45.0000  -37.5000 2482.4158   30.6500
   -7.5000  -37.5000  -37.5000 2550.7363   28.1910
    0.0000  -37.5000  -37.5000 2554.6621   28.3141
    7.5000  -37.5000  -37.5000 2549.4929   28.5073
   -7.5000  -30.0000  -37.5000 2599.3948   26.5583
    0.0000  -30.0000  -37.5000 2602.7185   26.6220
    7.5000  -30.0000  -37.5000 2589.6848   26.8705
   -7.5000  -22.5000  -37.5000 2627.7615   25.3733
    0.0000  -22.5000  -37.5000 2628.6365   25.4247
    7.5000  -22.5000  -37.5000 2613.6367   25.6686
   -7.5000  -15.0000  -37.5000 2639.9473   24.7026
    0.0000  -15.0000  -37.5000 2641.6328   24.7117
    7.5000  -15.0000  -37.5000 2631.9365   24.9762
   -7.5000   -7.5000  -37.5000 2640.8730   24.4506
    0.0000   -7.5000  -37.5000 2645.4062   24.4941
    7.5000   -7.5000  -37.5000 2632.8052   24.7517
   -7.5000    0.0000  -37.5000 2633.0188   24.5267
    0.0000    0.0000  -37.5000 2639.7341   24.6422
    7.5000    0.0000  -37.5000 2623.2371   24.8666
   -7.5000    7.5000  -37.5000 2607.7415   25.1085
    0.0000    7.5000  -37.5000 2612.4612   25.1704
    7.5000    7.5000  -37.5000 2597.7039   25.4011
   -7.5000   15.0000  -37.5000 2559.2056   26.2012
    0.0000   15.0000  -37.5000 2559.9746   26.2505
    7.5000   15.0000  -37.5000 2549.5259   26.4686
   -7.5000   22.5000  -37.5000 2492.6367   27.8347
    0.0000   22.5000  -37.5000 2495.6353   27.9179
    7.5000   22.5000  -37.5000 2483.5430   28.1728
   -7.5000   30.0000  -37.5000 2409.1924   29.9037
    0.0000   30.0000  -37.5000 2413.9839   30.0645
    7.5000   30.0000  -37.5000 2406.2212   30.3271
   -7.5000   37.5000  -37.5000 2323.7246   32.4777
    0.0000   37.5000  -37.5000 2331.1816   32.6026
    7.5000   37.5000  -37.5000 2331.0686   32.9443
   -7.5000   45.0000  -37.5000 2231.8274   35.8169
    0.0000   45.0000  -37.5000 2237.5952   35.8923
    7.5000   45.0000  -37.5000 2237.5488   36.3170
   -7.5000  -45.0000  -30.0000 2594.9587   29.7188
    0.0000  -45.0000  -30.0000 2602.0012   29.7764
    7.5000  -45.0000  -30.0000 2590.4568   29.9628
   -7.5000  -37.5000  -30.0000 2662.9348   27.4595
    0.0000  -37.5000  -30.0000 2670.4829   27.5300
    7.5000  -37.5000  -30.0000 2659.9001   27.7607
   -7.5000  -30.0000  -30.0000 2717.1323   25.8621
    0.0000  -30.0000  -30.0000 2720.5906   25.9218
    7.5000  -30.0000  -30.0000 2711.3491   26.2080
   -7.5000  -22.5000  -30.0000 2748.8420   24.7306
    0.0000  -22.5000  -30.0000 2748.1653   24.7588
    7.5000  -22.5000  -30.0000 2739.8235   25.0414
   -7.5000  -15.0000  -30.0000 2762.8413   24.0281
    0.0000  -15.0000  -30.0000 2762.3049   24.0692
    7.5000  -15.0000  -30.0000 2755.6799   24.3190
   -7.5000   -7.5000  -30.0000 2769.4060   23.7902
    0.0000   -7.5000  -30.0000 2769.0500   23.8167
    7.5000   -7.5000  -30.0000 2762.0320   24.0829
   -7.5000    0.0000  -30.0000 2751.4919   23.8001
    0.0000    0.0000  -30.0000 2760.6689   23.8959
    7.5000    0.0000  -30.0000 2747.7644   24.1213
   -7.5000    7.5000  -30.0000 2730.6882   24.2576
    0.0000    7.5000  -30.0000 2733.8987   24.3304
    7.5000    7.5000  -30.0000 2720.1890   24.5895
   -7.5000   15.0000  -30.0000 2684.7231   25.2697
    0.0000   15.0000  -30.0000 2688.3589   25.3607
    7.5000   15.0000  -30.0000 2674.1479   25.6199
   -7.5000   22.5000  -30.0000 2611.8359   26.8452
    0.0000   22.5000  -30.0000 2619.3101   26.9702
    7.5000   22.5000  -30.0000 2602.2329   27.2032
   -7.5000   30.0000  -30.0000 2525.5037   28.9000
    0.0000   30.0000  -30.0000 2535.0134   29.0439
    7.5000   30.0000  -30.0000 2519.0542   29.3096
   -7.5000   37.5000  -30.0000 2432.6743   31.3504
    0.0000   37.5000  -30.0000 2445.3821   31.4890
    7.5000   37.5000  -30.0000 2432.9038   31.7967
   -7.5000   45.0000  -30.0000 2330.6719   34.5175
    0.0000   45.0000  -30.0000 2340.7188   34.6390
    7.5000   45.0000  -30.0000 2331.1580   35.0094
   -7.5000  -45.0000  -22.5000 2665.2537   28.9853
    0.0000  -45.0000  -22.5000 2671.5237   28.9551
    7.5000  -45.0000  -22.5000 2662.3167   29.1644
   -7.5000  -37.5000  -22.5000 2728.9695   26.7408
    0.0000  -37.5000  -22.5000 2737.2769   26.7051
    7.5000  -37.5000  -22.5000 2729.9187   26.9580
   -7.5000  -30.0000  -22.5000 2780.6689   25.0688
    0.0000  -30.0000  -22.5000 2788.6753   25.0511
    7.5000  -30.0000  -22.5000 2782.8167   25.3234
   -7.5000  -22.5000  -22.5000 2821.6138   23.9648
    0.0000  -22.5000  -22.5000 2825.4949   23.9503
    7.5000  -22.5000  -22.5000 2819.3716   24.2231
   -7.5000  -15.0000  -22.5000 2842.1423   23.2459
    0.0000  -15.0000  -22.5000 2843.4644   23.2861
    7.5000  -15.0000  -22.5000 2836.4553   23.4825
   -7.5000   -7.5000  -22.5000 2850.5737   22.9704
    0.0000   -7.5000  -22.5000 2850.9590   23.0053
    7.5000   -7.5000  -22.5000 2842.2576   23.2004
   -7.5000    0.0000  -22.5000 2835.8081   22.9562
    0.0000    0.0000  -22.5000 2843.2346   23.0264
    7.5000    0.0000  -22.5000 2832.9182   23.2469
   -7.5000    7.5000  -22.5000 2808.9827   23.3529
    0.0000    7.5000  -22.5000 2813.4700   23.3788
    7.5000    7.5000  -22.5000 2806.1831   23.6750
   -7.5000   15.0000  -22.5000 2762.1555   24.2941
    0.0000   15.0000  -22.5000 2766.6362   24.3215
    7.5000   15.0000  -22.5000 2759.4568   24.6362
   -7.5000   22.5000  -22.5000 2690.7039   25.7871
    0.0000   22.5000  -22.5000 2694.7224   25.8716
    7.5000   22.5000  -22.5000 2686.5974   26.1709
   -7.5000   30.0000  -22.5000 2604.1277   27.7830
    0.0000   30.0000  -22.5000 2606.1450   27.8138
    7.5000   30.0000  -22.5000 2596.3203   28.1497
   -7.5000   37.5000  -22.5000 2499.6775   30.1775
    0.0000   37.5000  -22.5000 2506.3523   30.2182
    7.5000   37.5000  -22.5000 2498.4214   30.5541
   -7.5000   45.0000  -22.5000 2387.1030   33.1698
    0.0000   45.0000  -22.5000 2400.0994   33.3377
    7.5000   45.0000  -22.5000 2387.0359   33.6264
   -7.5000  -45.0000  -15.0000 2693.5156   28.2747
    0.0000  -45.0000  -15.0000 2702.1692   28.1747
    7.5000  -45.0000  -15.0000 2693.3530   28.3851
   -7.5000  -37.5000  -15.0000 2765.9832   26.0796
    0.0000  -37.5000  -15.0000 2774.5042   25.9994
    7.5000  -37.5000  -15.0000 2767.3784   26.2372
   -7.5000  -30.0000  -15.0000 2817.5669   24.4188
    0.0000  -30.0000  -15.0000 2822.9841   24.3090
    7.5000  -30.0000  -15.0000 2820.1970   24.5533
   -7.5000  -22.5000  -15.0000 2859.7781   23.2243
    0.0000  -22.5000  -15.0000 2863.6638   23.1529
    7.5000  -22.5000  -15.0000 2856.4216   23.3865
   -7.5000  -15.0000  -15.0000 2882.3428   22.4638
    0.0000  -15.0000  -15.0000 2886.4841   22.4539
    7.5000  -15.0000  -15.0000 2876.3467   22.6566
   -7.5000   -7.5000  -15.0000 2890.6199   22.1435
    0.0000   -7.5000  -15.0000 2895.2134   22.1358
    7.5000   -7.5000  -15.0000 2888.6558   22.3508
   -7.5000    0.0000  -15.0000 2884.7419   22.1375
    0.0000    0.0000  -15.0000 2887.4446   22.1274
    7.5000    0.0000  -15.0000 2884.8267   22.4187
   -7.5000    7.5000  -15.0000 2860.5420   22.5447
    0.0000    7.5000  -15.0000 2858.5117   22.5018
    7.5000    7.5000  -15.0000 2860.0811   22.8425
   -7.5000   15.0000  -15.0000 2805.8303   23.4285
    0.0000   15.0000  -15.0000 2804.2854   23.4010
    7.5000   15.0000  -15.0000 2804.8594   23.7532
   -7.5000   22.5000  -15.0000 2731.6360   24.8537
    0.0000   22.5000  -15.0000 2728.7932   24.8517
    7.5000   22.5000  -15.0000 2728.9382   25.1941
   -7.5000   30.0000  -15.0000 2642.6084   26.8012
    0.0000   30.0000  -15.0000 2645.8088   26.7571
    7.5000   30.0000  -15.0000 2641.7307   27.1144
   -7.5000   37.5000  -15.0000 2538.7319   29.1683
    0.0000   37.5000  -15.0000 2540.6379   29.1501
    7.5000   37.5000  -15.0000 2536.8044   29.5018
   -7.5000   45.0000  -15.0000 2421.9548   32.1928
    0.0000   45.0000  -15.0000 2423.1887   32.1827
    7.5000   45.0000  -15.0000 2418.6006   32.4841
   -7.5000  -45.0000   -7.5000 2706.0862   27.7264
    0.0000  -45.0000   -7.5000 2712.9155   27.6267
    7.5000  -45.0000   -7.5000 2702.9102   27.8303
   -7.5000  -37.5000   -7.5000 2785.8411   25.5350
    0.0000  -37.5000   -7.5000 2793.1997   25.4494
    7.5000  -37.5000   -7.5000 2782.6443   25.6588
   -7.5000  -30.0000   -7.5000 2841.1575   23.8742
    0.0000  -30.0000   -7.5000 2847.2117   23.7731
    7.5000  -30.0000   -7.5000 2842.1848   24.0071
   -7.5000  -22.5000   -7.5000 2878.7048   22.6043
    0.0000  -22.5000   -7.5000 2880.8826   22.4868
    7.5000  -22.5000   -7.5000 2877.0935   22.7718
   -7.5000  -15.0000   -7.5000 2904.2925   21.7434
    0.0000  -15.0000   -7.5000 2906.5232   21.6626
    7.5000  -15.0000   -7.5000 2899.3118   21.9812
   -7.5000   -7.5000   -7.5000 2913.4556   21.3468
    0.0000   -7.5000   -7.5000 2912.8845   21.2954
    7.5000   -7.5000   -7.5000 2915.9050   21.6688
   -7.5000    0.0000   -7.5000 2907.0393   21.3896
    0.0000    0.0000   -7.5000 2905.5051   21.3037
    7.5000    0.0000   -7.5000 2913.1602   21.6980
   -7.5000    7.5000   -7.5000 2878.3865   21.8028
    0.0000    7.5000   -7.5000 2874.2214   21.7319
    7.5000    7.5000   -7.5000 2883.6995   22.1529
   -7.5000   15.0000   -7.5000 2821.8584   22.6689
    0.0000   15.0000   -7.5000 2819.2820   22.6265
    7.5000   15.0000   -7.5000 2829.1025   23.0691
   -7.5000   22.5000   -7.5000 2747.7310   24.0567
    0.0000   22.5000   -7.5000 2745.4883   23.9870
    7.5000   22.5000   -7.5000 2750.2915   24.4508
   -7.5000   30.0000   -7.5000 2661.7415   25.9236
    0.0000   30.0000   -7.5000 2663.7285   25.8873
    7.5000   30.0000   -7.5000 2663.6970   26.3708
   -7.5000   37.5000   -7.5000 2557.4893   28.2478
    0.0000   37.5000   -7.5000 2562.4497   28.2651
    7.5000   37.5000   -7.5000 2555.8899   28.6648
   -7.5000   45.0000   -7.5000 2433.9175   31.1928
    0.0000   45.0000   -7.5000 2436.3950   31.2126
    7.5000   45.0000   -7.5000 2434.1531   31.5966
   -7.5000  -45.0000    0.0000 2716.9595   27.4802
    0.0000  -45.0000    0.0000 2715.5259   27.3258
    7.5000  -45.0000    0.0000 2712.6277   27.6952
   -7.5000  -37.5000    0.0000 2799.4055   25.2889
    0.0000  -37.5000    0.0000 2798.5908   25.1577
    7.5000  -37.5000    0.0000 2792.9150   25.4516
   -7.5000  -30.0000    0.0000 2864.6111   23.6443
    0.0000  -30.0000    0.0000 2864.9871   23.5352
    7.5000  -30.0000    0.0000 2856.7109   23.7757
   -7.5000  -22.5000    0.0000 2907.1003   22.3197
    0.0000  -22.5000    0.0000 2908.5261   22.2225
    7.5000  -22.5000    0.0000 2897.8530   22.4696
   -7.5000  -15.0000    0.0000 2920.8076   21.2584
    0.0000  -15.0000    0.0000 2920.6714   21.1467
    7.5000  -15.0000    0.0000 2914.6387   21.5818
   -7.5000   -7.5000    0.0000 2926.0730   20.7934
    0.0000   -7.5000    0.0000 2920.4336   20.6924
    7.5000   -7.5000    0.0000 2933.3081   21.2911
   -7.5000    0.0000    0.0000 2918.6868   20.8544
    0.0000    0.0000    0.0000 2913.1216   20.7239
    7.5000    0.0000    0.0000 2928.6169   21.3417
   -7.5000    7.5000    0.0000 2895.2271   21.3024
    0.0000    7.5000    0.0000 2889.9246   21.2132
    7.5000    7.5000    0.0000 2905.2295   21.7863
   -7.5000   15.0000    0.0000 2845.2656   22.1981
    0.0000   15.0000    0.0000 2836.8486   22.1113
    7.5000   15.0000    0.0000 2848.6956   22.6326
   -7.5000   22.5000    0.0000 2767.4844   23.6247
    0.0000   22.5000    0.0000 2760.5652   23.5663
    7.5000   22.5000    0.0000 2763.6973   24.0587
   -7.5000   30.0000    0.0000 2679.1931   25.4954
    0.0000   30.0000    0.0000 2678.9333   25.4812
    7.5000   30.0000    0.0000 2677.7991   25.9331
   -7.5000   37.5000    0.0000 2578.4460   27.7131
    0.0000   37.5000    0.0000 2579.5762   27.7021
    7.5000   37.5000    0.0000 2583.2048   28.2190
   -7.5000   45.0000    0.0000 2452.9114   30.5013
    0.0000   45.0000    0.0000 2451.0056   30.5345
    7.5000   45.0000    0.0000 2455.5396   31.0060
   -7.5000  -45.0000    7.5000 2713.0337   27.4431
    0.0000  -45.0000    7.5000 2719.0950   27.3458
    7.5000  -45.0000    7.5000 2707.2996   27.6853
   -7.5000  -37.5000    7.5000 2795.4893   25.1418
    0.0000  -37.5000    7.5000 2800.1851   25.0738
    7.5000  -37.5000    7.5000 2790.8848   25.3892
   -7.5000  -30.0000    7.5000 2866.5845   23.5131
    0.0000  -30.0000    7.5000 2869.9116   23.4237
    7.5000  -30.0000    7.5000 2861.9543   23.7010
   -7.5000  -22.5000    7.5000 2934.9463   22.4437
    0.0000  -22.5000    7.5000 2933.7852   22.3462
    7.5000  -22.5000    7.5000 2917.7395   22.4495
   -7.5000  -15.0000    7.5000 2951.4551   21.3248
    0.0000  -15.0000    7.5000 2955.5466   21.2516
    7.5000  -15.0000    7.5000 2936.8135   21.5659
   -7.5000   -7.5000    7.5000 2939.7505   20.5944
    0.0000   -7.5000    7.5000 2937.2910   20.5645
    7.5000   -7.5000    7.5000 2937.8643   21.0998
   -7.5000    0.0000    7.5000 2919.8723   20.5465
    0.0000    0.0000    7.5000 2917.7310   20.5357
    7.5000    0.0000    7.5000 2935.2202   21.1236
   -7.5000    7.5000    7.5000 2900.6602   20.9803
    0.0000    7.5000    7.5000 2898.6663   20.9652
    7.5000    7.5000    7.5000 2903.7886   21.4329
   -7.5000   15.0000    7.5000 2856.2761   21.9573
    0.0000   15.0000    7.5000 2853.6711   21.9609
    7.5000   15.0000    7.5000 2848.3330   22.3152
   -7.5000   22.5000    7.5000 2780.8960   23.4611
    0.0000   22.5000    7.5000 2780.3066   23.4642
    7.5000   22.5000    7.5000 2773.2922   23.7804
   -7.5000   30.0000    7.5000 2691.9233   25.3095
    0.0000   30.0000    7.5000 2693.8323   25.3345
    7.5000   30.0000    7.5000 2687.5188   25.6717
   -7.5000   37.5000    7.5000 2592.9163   27.4701
    0.0000   37.5000    7.5000 2597.4946   27.5482
    7.5000   37.5000    7.5000 2591.4531   27.8446
   -7.5000   45.0000    7.5000 2472.2161   30.1906
    0.0000   45.0000    7.5000 2472.3896   30.2914
    7.5000   45.0000    7.5000 2461.1523   30.6023
   -7.5000  -45.0000   15.0000 2704.2109   27.5882
    0.0000  -45.0000   15.0000 2707.1472   27.4756
    7.5000  -45.0000   15.0000 2704.5918   27.9164
   -7.5000  -37.5000   15.0000 2789.4968   25.2625
    0.0000  -37.5000   15.0000 2793.5454   25.1919
    7.5000  -37.5000   15.0000 2789.9668   25.5292
   -7.5000  -30.0000   15.0000 2868.0916   23.5788
    0.0000  -30.0000   15.0000 2871.5481   23.5719
    7.5000  -30.0000   15.0000 2863.6956   23.8176
   -7.5000  -22.5000   15.0000 2950.7180   22.6458
    0.0000  -22.5000   15.0000 2953.3987   22.6502
    7.5000  -22.5000   15.0000 2922.2651   22.6505
   -7.5000  -15.0000   15.0000 2992.9875   21.8001
    0.0000  -15.0000   15.0000 3002.8357   21.9258
    7.5000  -15.0000   15.0000 2939.7625   21.7322
   -7.5000   -7.5000   15.0000 2943.9529   20.7518
    0.0000   -7.5000   15.0000 2959.7195   21.0056
    7.5000   -7.5000   15.0000 2935.2292   21.1319
   -7.5000    0.0000   15.0000 2912.7820   20.4867
    0.0000    0.0000   15.0000 2925.8394   20.6550
    7.5000    0.0000   15.0000 2920.1689   21.0091
   -7.5000    7.5000   15.0000 2897.7556   20.9389
    0.0000    7.5000   15.0000 2906.3721   21.0097
    7.5000    7.5000   15.0000 2894.2520   21.3303
   -7.5000   15.0000   15.0000 2857.5034   21.9433
    0.0000   15.0000   15.0000 2860.2009   21.9388
    7.5000   15.0000   15.0000 2854.6838   22.2703
   -7.5000   22.5000   15.0000 2787.3867   23.4252
    0.0000   22.5000   15.0000 2788.9241   23.3860
    7.5000   22.5000   15.0000 2781.9023   23.7278
   -7.5000   30.0000   15.0000 2704.7744   25.3150
    0.0000   30.0000   15.0000 2702.5974   25.3046
    7.5000   30.0000   15.0000 2691.5825   25.6090
   -7.5000   37.5000   15.0000 2607.0813   27.5315
    0.0000   37.5000   15.0000 2606.8269   27.5380
    7.5000   37.5000   15.0000 2593.0586   27.8338
   -7.5000   45.0000   15.0000 2479.8757   30.1886
    0.0000   45.0000   15.0000 2481.8237   30.2220
    7.5000   45.0000   15.0000 2464.1250   30.5628
   -7.5000  -45.0000   22.5000 2689.3884   27.9181
    0.0000  -45.0000   22.5000 2695.0750   27.9561
    7.5000  -45.0000   22.5000 2690.2981   28.3348
   -7.5000  -37.5000   22.5000 2777.9697   25.5196
    0.0000  -37.5000   22.5000 2785.1455   25.6619
    7.5000  -37.5000   22.5000 2774.7998   25.9510
   -7.5000  -30.0000   22.5000 2866.0020   23.8235
    0.0000  -30.0000   22.5000 2872.2119   24.0182
    7.5000  -30.0000   22.5000 2854.9971   24.2103
   -7.5000  -22.5000   22.5000 2939.6375   22.6976
    0.0000  -22.5000   22.5000 2943.0774   22.8698
    7.5000  -22.5000   22.5000 2906.2397   22.8468
   -7.5000  -15.0000   22.5000 2938.4402   21.4875
    0.0000  -15.0000   22.5000 2950.7346   21.7386
    7.5000  -15.0000   22.5000 2923.5530   21.9721
   -7.5000   -7.5000   22.5000 2927.7117   20.9051
    0.0000   -7.5000   22.5000 2934.1609   21.0814
    7.5000   -7.5000   22.5000 2921.3977   21.4655
   -7.5000    0.0000   22.5000 2920.8999   20.9470
    0.0000    0.0000   22.5000 2925.9797   20.9781
    7.5000    0.0000   22.5000 2909.1868   21.3435
   -7.5000    7.5000   22.5000 2897.9651   21.3749
    0.0000    7.5000   22.5000 2903.0728   21.4001
    7.5000    7.5000   22.5000 2889.6050   21.6897
   -7.5000   15.0000   22.5000 2851.6748   22.2445
    0.0000   15.0000   22.5000 2855.4182   22.2727
    7.5000   15.0000   22.5000 2845.2412   22.5507
   -7.5000   22.5000   22.5000 2786.4058   23.6662
    0.0000   22.5000   22.5000 2787.3694   23.6732
    7.5000   22.5000   22.5000 2772.3899   23.9126
   -7.5000   30.0000   22.5000 2704.9336   25.4939
    0.0000   30.0000   22.5000 2702.5928   25.5057
    7.5000   30.0000   22.5000 2687.8083   25.7626
   -7.5000   37.5000   22.5000 2602.6726   27.6931
    0.0000   37.5000   22.5000 2604.7664   27.6822
    7.5000   37.5000   22.5000 2590.7053   27.9457
   -7.5000   45.0000   22.5000 2470.6477   30.3182
    0.0000   45.0000   22.5000 2473.3564   30.3651
    7.5000   45.0000   22.5000 2462.3374   30.6587
   -7.5000  -45.0000   30.0000 2674.8828   28.3406
    0.0000  -45.0000   30.0000 2680.7275   28.4880
    7.5000  -45.0000   30.0000 2675.6287   29.0039
   -7.5000  -37.5000   30.0000 2766.9390   25.9624
    0.0000  -37.5000   30.0000 2769.6396   26.1002
    7.5000  -37.5000   30.0000 2763.8220   26.5666
   -7.5000  -30.0000   30.0000 2851.1194   24.2425
    0.0000  -30.0000   30.0000 2850.7761   24.3496
    7.5000  -30.0000   30.0000 2839.5867   24.7007
   -7.5000  -22.5000   30.0000 2885.3718   22.7473
    0.0000  -22.5000   30.0000 2896.9114   22.9372
    7.5000  -22.5000   30.0000 2889.2634   23.3341
   -7.5000  -15.0000   30.0000 2895.7454   21.6078
    0.0000  -15.0000   30.0000 2896.8142   21.7721
    7.5000  -15.0000   30.0000 2906.2405   22.4103
   -7.5000   -7.5000   30.0000 2927.6519   21.3732
    0.0000   -7.5000   30.0000 2923.6887   21.4775
    7.5000   -7.5000   30.0000 2916.4780   21.9944
   -7.5000    0.0000   30.0000 2928.7976   21.5750
    0.0000    0.0000   30.0000 2924.6060   21.5644
    7.5000    0.0000   30.0000 2916.6206   21.9637
   -7.5000    7.5000   30.0000 2904.7356   22.0370
    0.0000    7.5000   30.0000 2897.6541   21.9812
    7.5000    7.5000   30.0000 2888.1887   22.3148
   -7.5000   15.0000   30.0000 2851.9321   22.9080
    0.0000   15.0000   30.0000 2850.7288   22.8680
    7.5000   15.0000   30.0000 2834.0920   23.1347
   -7.5000   22.5000   30.0000 2781.3833   24.1841
    0.0000   22.5000   30.0000 2780.3083   24.1445
    7.5000   22.5000   30.0000 2761.8867   24.3997
   -7.5000   30.0000   30.0000 2695.7942   25.8941
    0.0000   30.0000   30.0000 2694.2896   25.8552
    7.5000   30.0000   30.0000 2676.5515   26.1129
   -7.5000   37.5000   30.0000 2584.4011   28.0261
    0.0000   37.5000   30.0000 2584.1755   28.0336
    7.5000   37.5000   30.0000 2575.1616   28.2526
   -7.5000   45.0000   30.0000 2456.6658   30.6560
    0.0000   45.0000   30.0000 2462.8821   30.7628
    7.5000   45.0000   30.0000 2453.4795   30.9607
   -7.5000  -45.0000   37.5000 2656.5354   28.9532
    0.0000  -45.0000   37.5000 2660.2351   29.0478
    7.5000  -45.0000   37.5000 2660.1194   29.7101
   -7.5000  -37.5000   37.5000 2754.2046   26.6070
    0.0000  -37.5000   37.5000 2752.4160   26.7053
    7.5000  -37.5000   37.5000 2745.2534   27.2481
   -7.5000  -30.0000   37.5000 2824.1990   24.6939
    0.0000  -30.0000   37.5000 2820.1663   24.8485
    7.5000  -30.0000   37.5000 2817.5129   25.3660
   -7.5000  -22.5000   37.5000 2852.2815   23.0934
    0.0000  -22.5000   37.5000 2847.9636   23.2312
    7.5000  -22.5000   37.5000 2859.2380   23.9492
   -7.5000  -15.0000   37.5000 2892.5859   22.2605
    0.0000  -15.0000   37.5000 2884.7874   22.3975
    7.5000  -15.0000   37.5000 2883.1013   22.9808
   -7.5000   -7.5000   37.5000 2923.0022   22.1088
    0.0000   -7.5000   37.5000 2915.5686   22.1872
    7.5000   -7.5000   37.5000 2907.1570   22.6507
   -7.5000    0.0000   37.5000 2916.5203   22.2814
    0.0000    0.0000   37.5000 2911.3423   22.3008
    7.5000    0.0000   37.5000 2903.3022   22.6886
   -7.5000    7.5000   37.5000 2891.8865   22.7653
    0.0000    7.5000   37.5000 2884.7222   22.7392
    7.5000    7.5000   37.5000 2877.8423   23.0560
   -7.5000   15.0000   37.5000 2844.7900   23.6110
    0.0000   15.0000   37.5000 2838.0327   23.5794
    7.5000   15.0000   37.5000 2826.7600   23.8795
   -7.5000   22.5000   37.5000 2767.2195   24.9201
    0.0000   22.5000   37.5000 2764.5054   24.9041
    7.5000   22.5000   37.5000 2749.5667   25.1534
   -7.5000   30.0000   37.5000 2671.2046   26.5798
    0.0000   30.0000   37.5000 2675.1646   26.6010
    7.5000   30.0000   37.5000 2665.7524   26.8225
   -7.5000   37.5000   37.5000 2560.7673   28.6449
    0.0000   37.5000   37.5000 2563.6560   28.6978
    7.5000   37.5000   37.5000 2556.8042   28.9521
   -7.5000   45.0000   37.5000 2445.2134   31.3409
    0.0000   45.0000   37.5000 2449.4219   31.4331
    7.5000   45.0000   37.5000 2438.2312   31.6837
   -7.5000  -45.0000   45.0000 2633.3066   29.7645
    0.0000  -45.0000   45.0000 2637.3940   29.8503
    7.5000  -45.0000   45.0000 2632.1584   30.5338
   -7.5000  -37.5000   45.0000 2723.9026   27.2996
    0.0000  -37.5000   45.0000 2722.5671   27.4100
    7.5000  -37.5000   45.0000 2716.3899   28.0419
   -7.5000  -30.0000   45.0000 2782.1951   25.2697
    0.0000  -30.0000   45.0000 2780.2385   25.4225
    7.5000  -30.0000   45.0000 2777.1304   26.1366
   -7.5000  -22.5000   45.0000 2827.9568   23.8964
    0.0000  -22.5000   45.0000 2822.1980   23.9930
    7.5000  -22.5000   45.0000 2814.8337   24.6828
   -7.5000  -15.0000   45.0000 2872.9663   23.1593
    0.0000  -15.0000   45.0000 2869.1628   23.2802
    7.5000  -15.0000   45.0000 2857.1877   23.8236
   -7.5000   -7.5000   45.0000 2898.3428   22.9833
    0.0000   -7.5000   45.0000 2894.6870   23.0726
    7.5000   -7.5000   45.0000 2879.6931   23.5495
   -7.5000    0.0000   45.0000 2891.9221   23.1422
    0.0000    0.0000   45.0000 2891.7007   23.1960
    7.5000    0.0000   45.0000 2876.2153   23.5781
   -7.5000    7.5000   45.0000 2864.3828   23.5996
    0.0000    7.5000   45.0000 2861.2017   23.5985
    7.5000    7.5000   45.0000 2851.3643   23.9475
   -7.5000   15.0000   45.0000 2817.9536   24.4501
    0.0000   15.0000   45.0000 2815.1655   24.4010
    7.5000   15.0000   45.0000 2796.8833   24.7230
   -7.5000   22.5000   45.0000 2739.8591   25.7873
    0.0000   22.5000   45.0000 2741.5391   25.7396
    7.5000   22.5000   45.0000 2726.0439   26.0611
   -7.5000   30.0000   45.0000 2637.1738   27.5170
    0.0000   30.0000   45.0000 2640.7192   27.5073
    7.5000   30.0000   45.0000 2630.8816   27.7926
   -7.5000   37.5000   45.0000 2528.0215   29.5935
    0.0000   37.5000   45.0000 2531.4963   29.6316
    7.5000   37.5000   45.0000 2524.6965   29.9364
   -7.5000   45.0000   45.0000 2426.0947   32.2390
    0.0000   45.0000   45.0000 2431.1353   32.3371
    7.5000   45.0000   45.0000 2419.7095   32.6312

---------------------------------------------------------------------
imgreg_4dfp /opt/freesurfer/average/711-2C_as_mni_average_305 /opt/freesurfer/average/711-2B_as_mni_average_305_mask talsrcimg_g11 none talsrcimg_to_711-2C_as_mni_average_305_t4 1283
---------------------------------------------------------------------

freesurfer imgreg_4dfp.c
/opt/freesurfer/average/711-2C_as_mni_average_305.4dfp.img
       256       256       256         1
  1.000000  1.000000  1.000000
orientation T byte_order littleendian
Reading image: /opt/freesurfer/average/711-2C_as_mni_average_305.4dfp.img
dimensions:      256       256       256
mmppix:       1.0000   -1.0000   -1.0000
center:     128.0000 -129.0000 -129.0000
/opt/freesurfer/average/711-2B_as_mni_average_305_mask.4dfp.img
       256       256       256         1
  1.000000  1.000000  1.000000
orientation T byte_order littleendian
Reading mask: /opt/freesurfer/average/711-2B_as_mni_average_305_mask.4dfp.img (2306576 pixels)
talsrcimg_g11.4dfp.img
       320       320       320         1
  0.800000  0.800000  0.800000
orientation T byte_order littleendian
Reading image: talsrcimg_g11.4dfp.img
dimensions:      320       320       320
mmppix:       0.8000   -0.8000   -0.8000
center:     128.0000 -128.8000 -128.8000
rotation matrix determinant  1.000000
fimgreg.f
image alignment mode   1283 decimal      503 hex
parameters
    0.0000  -15.0000   15.0000    0.0000    0.0000    0.0000
eta,q 0.94211 22.01149
niter,ni,del,rscale     5    3   12.0000    1.2000
parameter  1  0.770466 ->  0.500000 qaram    1.1500
parameters
   -3.4500  -14.7120   14.7867   -0.7667    2.3852   -0.6902
eta,q 0.94820 21.97319
  0.0571  0.0674  0.0653  0.0549  0.0628  0.0532
  0.0533  0.0601  0.0585  0.0536  0.0584  0.0522
  0.0544  0.0547  0.0540  0.0529  0.0548  0.0518
  0.0605  0.0531  0.0531  0.0531  0.0530  0.0518
  0.0681  0.0536  0.0543  0.0534  0.0519  0.0520
  0.0746  0.0574  0.0593  0.0543  0.0520  0.0527
  0.0816  0.0655  0.0677  0.0565  0.0541  0.0541
niter,ni,del,rscale     5    3   12.0000    1.2000
parameters
   -3.9801  -14.4915   14.5965   -1.4425    2.8807   -0.8655
eta,q 0.94903 21.97033
  0.0721  0.0668  0.0657  0.0538  0.0588  0.0530
  0.0605  0.0589  0.0574  0.0524  0.0551  0.0518
  0.0526  0.0531  0.0518  0.0514  0.0529  0.0512
  0.0518  0.0514  0.0513  0.0513  0.0512  0.0510
  0.0579  0.0520  0.0536  0.0517  0.0508  0.0512
  0.0678  0.0565  0.0589  0.0532  0.0532  0.0520
  0.0757  0.0653  0.0670  0.0556  0.0573  0.0533
niter,ni,del,rscale     4    3   12.0000    1.2000
parameters
   -4.1755  -14.3202   14.5339   -1.6414    3.0806   -0.8875
eta,q 0.94930 21.95224
  0.0742  0.0666  0.0665  0.0539  0.0583  0.0530
  0.0624  0.0585  0.0579  0.0524  0.0546  0.0518
  0.0532  0.0526  0.0516  0.0512  0.0525  0.0511
  0.0510  0.0508  0.0508  0.0508  0.0508  0.0507
  0.0565  0.0517  0.0531  0.0511  0.0507  0.0509
  0.0661  0.0565  0.0585  0.0524  0.0537  0.0518
  0.0747  0.0655  0.0666  0.0547  0.0580  0.0531
niter,ni,del,rscale     3    3   12.0000    1.2000
parameters
   -4.2384  -14.2688   14.5146   -1.7009    3.1483   -0.8945
eta,q 0.94937 21.94647
  0.0751  0.0662  0.0668  0.0540  0.0580  0.0530
  0.0633  0.0580  0.0582  0.0524  0.0545  0.0517
  0.0536  0.0523  0.0517  0.0511  0.0524  0.0511
  0.0507  0.0507  0.0507  0.0507  0.0507  0.0506
  0.0559  0.0517  0.0529  0.0509  0.0508  0.0509
  0.0655  0.0570  0.0585  0.0522  0.0540  0.0517
  0.0742  0.0662  0.0666  0.0544  0.0584  0.0531
niter,ni,del,rscale     2    3   12.0000    1.2000
parameters
   -4.2589  -14.2545   14.5086   -1.7134    3.1705   -0.8972
eta,q 0.94940 21.94455
  0.0754  0.0660  0.0669  0.0540  0.0579  0.0530
  0.0636  0.0579  0.0583  0.0524  0.0544  0.0517
  0.0538  0.0522  0.0517  0.0511  0.0523  0.0510
  0.0506  0.0506  0.0506  0.0506  0.0506  0.0506
  0.0558  0.0517  0.0529  0.0508  0.0508  0.0509
  0.0653  0.0572  0.0584  0.0521  0.0540  0.0517
  0.0740  0.0664  0.0665  0.0543  0.0585  0.0530
registration optimization eta report
parameter search radius
    6.9000    6.0000    6.0000    6.0000    6.0000    6.0000
100000*second partial in parameter space
       49.       44.       45.       10.       21.        7.
  0.0754  0.0660  0.0669  0.0540  0.0579  0.0530
  0.0636  0.0579  0.0583  0.0524  0.0544  0.0517
  0.0538  0.0522  0.0517  0.0511  0.0523  0.0510
  0.0506  0.0506  0.0506  0.0506  0.0506  0.0506
  0.0558  0.0517  0.0529  0.0508  0.0508  0.0509
  0.0653  0.0572  0.0584  0.0521  0.0540  0.0517
  0.0740  0.0664  0.0665  0.0543  0.0585  0.0530
   -4.2589  -14.2545   14.5086   -1.7134    3.1705   -0.8972
eta,q 0.94940 21.94455

---------------------------------------------------------------------
imgreg_4dfp /opt/freesurfer/average/711-2C_as_mni_average_305 /opt/freesurfer/average/711-2B_as_mni_average_305_mask talsrcimg_g11 none talsrcimg_to_711-2C_as_mni_average_305_t4 3335
---------------------------------------------------------------------

freesurfer imgreg_4dfp.c
/opt/freesurfer/average/711-2C_as_mni_average_305.4dfp.img
       256       256       256         1
  1.000000  1.000000  1.000000
orientation T byte_order littleendian
Reading image: /opt/freesurfer/average/711-2C_as_mni_average_305.4dfp.img
dimensions:      256       256       256
mmppix:       1.0000   -1.0000   -1.0000
center:     128.0000 -129.0000 -129.0000
/opt/freesurfer/average/711-2B_as_mni_average_305_mask.4dfp.img
       256       256       256         1
  1.000000  1.000000  1.000000
orientation T byte_order littleendian
Reading mask: /opt/freesurfer/average/711-2B_as_mni_average_305_mask.4dfp.img (2306576 pixels)
talsrcimg_g11.4dfp.img
       320       320       320         1
  0.800000  0.800000  0.800000
orientation T byte_order littleendian
Reading image: talsrcimg_g11.4dfp.img
dimensions:      320       320       320
mmppix:       0.8000   -0.8000   -0.8000
center:     128.0000 -128.8000 -128.8000
fimgreg.f
image alignment mode   3335 decimal      D07 hex
parameters
   -4.2589  -14.2545   14.5086   -0.1653   -0.0596   -0.1977
    1.7306   -5.4808   -1.5635    3.0762    5.5308   -2.9854
eta,q 0.95262 22.20179
niter,ni,del,rscale     5    3    5.0000    1.2000
parameter  4  0.881509 ->  0.500000 qaram    1.1500
parameter  5  1.067694 ->  0.500000 qaram    1.1500
parameters
   -4.5514  -14.3363   14.4768   -4.3053   -4.1996   -1.9312
    1.0490   -4.4500    0.3905    0.2430    3.5200   -1.9865
eta,q 0.96378 22.21118
  0.0516  0.0503  0.0503  0.0420  0.0356  0.0406  0.0395  0.0449  0.0399  0.0376  0.0370  0.0383
  0.0489  0.0487  0.0487  0.0417  0.0364  0.0392  0.0380  0.0411  0.0385  0.0365  0.0365  0.0371
  0.0474  0.0476  0.0476  0.0429  0.0383  0.0376  0.0373  0.0385  0.0376  0.0364  0.0363  0.0365
  0.0474  0.0472  0.0472  0.0472  0.0418  0.0368  0.0372  0.0371  0.0370  0.0369  0.0363  0.0362
  0.0487  0.0476  0.0476  0.0547  0.0474  0.0388  0.0377  0.0373  0.0369  0.0381  0.0368  0.0363
  0.0509  0.0489  0.0487  0.0630  0.0541  0.0431  0.0389  0.0388  0.0372  0.0402  0.0376  0.0366
  0.0538  0.0508  0.0505  0.0701  0.0605  0.0491  0.0405  0.0415  0.0379  0.0432  0.0389  0.0373
niter,ni,del,rscale     6    3    5.0000    1.2000
parameter  2 -0.972987 -> -0.500000 qaram    1.1500
parameter  5  0.522568 ->  0.500000 qaram    1.3225
parameters
   -5.0198  -12.9563   13.3932   -6.2404   -8.9606   -1.6538
   -0.2000   -4.4159    1.8297    0.8686    3.2358   -1.4793
eta,q 0.96692 21.75288
  0.0382  0.0424  0.0345  0.0382  0.0344  0.0379  0.0344  0.0375  0.0352  0.0367  0.0342  0.0343
  0.0368  0.0400  0.0339  0.0367  0.0336  0.0368  0.0335  0.0351  0.0342  0.0347  0.0336  0.0337
  0.0362  0.0379  0.0338  0.0351  0.0335  0.0354  0.0332  0.0337  0.0336  0.0336  0.0332  0.0333
  0.0362  0.0361  0.0342  0.0338  0.0346  0.0335  0.0333  0.0332  0.0332  0.0331  0.0331  0.0331
  0.0370  0.0348  0.0349  0.0348  0.0383  0.0328  0.0337  0.0335  0.0331  0.0332  0.0332  0.0331
  0.0385  0.0341  0.0359  0.0412  0.0443  0.0344  0.0344  0.0349  0.0334  0.0340  0.0337  0.0334
  0.0407  0.0342  0.0370  0.0510  0.0509  0.0392  0.0354  0.0376  0.0340  0.0356  0.0345  0.0340
niter,ni,del,rscale     7    3    5.0000    1.2000
parameter  2 -0.829401 -> -0.500000 qaram    1.3225
parameters
   -4.9300  -11.3693   13.3425   -5.9946  -11.1550   -1.4683
   -0.6193   -4.3777    2.1167    1.5797    3.2092   -2.2261
eta,q 0.96858 21.56618
  0.0352  0.0395  0.0329  0.0364  0.0350  0.0362  0.0330  0.0359  0.0330  0.0348  0.0327  0.0323
  0.0340  0.0370  0.0321  0.0351  0.0334  0.0351  0.0320  0.0333  0.0322  0.0330  0.0320  0.0318
  0.0333  0.0348  0.0316  0.0334  0.0319  0.0336  0.0315  0.0320  0.0317  0.0319  0.0316  0.0315
  0.0331  0.0331  0.0315  0.0315  0.0313  0.0316  0.0315  0.0315  0.0315  0.0315  0.0314  0.0314
  0.0332  0.0319  0.0318  0.0299  0.0324  0.0310  0.0318  0.0318  0.0316  0.0316  0.0316  0.0316
  0.0338  0.0314  0.0323  0.0316  0.0371  0.0328  0.0324  0.0332  0.0320  0.0323  0.0320  0.0320
  0.0349  0.0315  0.0329  0.0387  0.0449  0.0377  0.0334  0.0359  0.0328  0.0337  0.0327  0.0328
niter,ni,del,rscale     7    3    5.0000    1.2000
parameters
   -4.8897  -10.3592   13.2868   -5.8006  -12.3597   -1.4088
   -0.7186   -4.4213    2.0718    2.5052    3.2173   -3.1897
eta,q 0.96879 21.47018
  0.0335  0.0365  0.0325  0.0361  0.0356  0.0359  0.0329  0.0356  0.0324  0.0344  0.0324  0.0320
  0.0323  0.0342  0.0317  0.0348  0.0338  0.0348  0.0319  0.0329  0.0317  0.0326  0.0318  0.0315
  0.0316  0.0325  0.0312  0.0331  0.0321  0.0333  0.0314  0.0316  0.0314  0.0317  0.0314  0.0313
  0.0314  0.0314  0.0311  0.0311  0.0310  0.0313  0.0313  0.0313  0.0313  0.0313  0.0312  0.0312
  0.0316  0.0311  0.0314  0.0295  0.0312  0.0308  0.0315  0.0316  0.0314  0.0313  0.0313  0.0314
  0.0322  0.0315  0.0319  0.0313  0.0344  0.0327  0.0320  0.0330  0.0318  0.0318  0.0317  0.0318
  0.0333  0.0326  0.0325  0.0386  0.0416  0.0378  0.0330  0.0357  0.0324  0.0330  0.0324  0.0326
niter,ni,del,rscale     6    3    5.0000    1.2000
parameters
   -4.8681   -9.9579   13.2617   -5.6972  -12.8313   -1.3990
   -0.6794   -4.4253    1.9340    3.1897    3.1885   -3.8622
eta,q 0.96879 21.43875
  0.0332  0.0346  0.0326  0.0361  0.0360  0.0359  0.0329  0.0356  0.0323  0.0340  0.0324  0.0320
  0.0320  0.0328  0.0318  0.0348  0.0342  0.0347  0.0319  0.0329  0.0317  0.0324  0.0317  0.0315
  0.0314  0.0317  0.0313  0.0332  0.0325  0.0332  0.0314  0.0316  0.0313  0.0316  0.0313  0.0313
  0.0312  0.0312  0.0312  0.0312  0.0311  0.0312  0.0312  0.0312  0.0312  0.0312  0.0312  0.0312
  0.0314  0.0313  0.0314  0.0296  0.0308  0.0308  0.0314  0.0316  0.0314  0.0313  0.0313  0.0314
  0.0320  0.0319  0.0319  0.0316  0.0330  0.0328  0.0319  0.0329  0.0317  0.0318  0.0317  0.0318
  0.0331  0.0332  0.0325  0.0389  0.0394  0.0379  0.0328  0.0356  0.0323  0.0331  0.0324  0.0325
niter,ni,del,rscale     5    3    5.0000    1.2000
parameters
   -4.8557   -9.7313   13.2243   -5.6872  -13.0429   -1.4233
   -0.6207   -4.4094    1.8440    3.6895    3.1284   -4.3203
eta,q 0.96873 21.42323
  0.0332  0.0341  0.0326  0.0360  0.0361  0.0359  0.0329  0.0357  0.0323  0.0338  0.0324  0.0321
  0.0320  0.0325  0.0318  0.0348  0.0344  0.0348  0.0319  0.0329  0.0317  0.0323  0.0317  0.0316
  0.0314  0.0316  0.0313  0.0332  0.0326  0.0333  0.0314  0.0316  0.0314  0.0316  0.0314  0.0314
  0.0312  0.0312  0.0312  0.0312  0.0312  0.0313  0.0313  0.0313  0.0313  0.0313  0.0313  0.0313
  0.0314  0.0314  0.0315  0.0297  0.0307  0.0308  0.0315  0.0317  0.0314  0.0314  0.0314  0.0314
  0.0320  0.0321  0.0320  0.0318  0.0326  0.0329  0.0320  0.0329  0.0317  0.0319  0.0317  0.0318
  0.0331  0.0333  0.0326  0.0392  0.0387  0.0381  0.0328  0.0356  0.0323  0.0332  0.0324  0.0324
niter,ni,del,rscale     4    3    5.0000    1.2000
parameters
   -4.8482   -9.5825   13.1773   -5.6909  -13.1735   -1.4602
   -0.5745   -4.3831    1.7837    4.0408    3.0760   -4.6278
eta,q 0.96868 21.41269
  0.0332  0.0339  0.0327  0.0361  0.0361  0.0359  0.0329  0.0357  0.0323  0.0337  0.0324  0.0322
  0.0320  0.0325  0.0319  0.0348  0.0344  0.0348  0.0320  0.0329  0.0317  0.0323  0.0318  0.0317
  0.0314  0.0316  0.0314  0.0332  0.0327  0.0333  0.0315  0.0317  0.0314  0.0316  0.0314  0.0314
  0.0313  0.0313  0.0313  0.0313  0.0313  0.0313  0.0313  0.0313  0.0313  0.0313  0.0313  0.0313
  0.0315  0.0315  0.0315  0.0297  0.0307  0.0309  0.0315  0.0317  0.0314  0.0314  0.0314  0.0314
  0.0321  0.0322  0.0320  0.0318  0.0325  0.0329  0.0320  0.0329  0.0318  0.0320  0.0318  0.0318
  0.0331  0.0334  0.0327  0.0392  0.0385  0.0382  0.0328  0.0356  0.0323  0.0333  0.0325  0.0324
niter,ni,del,rscale     3    3    5.0000    1.2000
parameters
   -4.8409   -9.4682   13.1329   -5.6972  -13.2794   -1.4977
   -0.5582   -4.3604    1.7293    4.3206    3.0477   -4.8364
eta,q 0.96862 21.40324
  0.0332  0.0338  0.0327  0.0361  0.0361  0.0360  0.0330  0.0357  0.0323  0.0336  0.0325  0.0323
  0.0321  0.0324  0.0319  0.0348  0.0344  0.0349  0.0320  0.0329  0.0318  0.0323  0.0318  0.0318
  0.0315  0.0316  0.0314  0.0333  0.0328  0.0333  0.0315  0.0317  0.0315  0.0316  0.0315  0.0315
  0.0313  0.0313  0.0313  0.0313  0.0313  0.0314  0.0314  0.0314  0.0314  0.0314  0.0314  0.0314
  0.0315  0.0315  0.0316  0.0298  0.0308  0.0309  0.0316  0.0318  0.0315  0.0315  0.0315  0.0315
  0.0321  0.0322  0.0321  0.0319  0.0325  0.0330  0.0320  0.0330  0.0318  0.0321  0.0318  0.0318
  0.0331  0.0335  0.0327  0.0392  0.0385  0.0382  0.0329  0.0356  0.0323  0.0333  0.0325  0.0325
niter,ni,del,rscale     2    3    5.0000    1.2000
parameters
   -4.8331   -9.3777   13.0918   -5.7060  -13.3684   -1.5381
   -0.5565   -4.3422    1.7008    4.5257    3.0292   -5.0036
eta,q 0.96856 21.39448
  0.0332  0.0338  0.0328  0.0361  0.0361  0.0360  0.0330  0.0357  0.0323  0.0336  0.0325  0.0324
  0.0321  0.0325  0.0320  0.0349  0.0345  0.0349  0.0320  0.0330  0.0318  0.0323  0.0319  0.0318
  0.0315  0.0317  0.0315  0.0333  0.0328  0.0334  0.0315  0.0317  0.0315  0.0317  0.0315  0.0315
  0.0314  0.0314  0.0314  0.0314  0.0314  0.0314  0.0314  0.0314  0.0314  0.0314  0.0314  0.0314
  0.0316  0.0316  0.0316  0.0298  0.0308  0.0310  0.0316  0.0318  0.0315  0.0315  0.0315  0.0315
  0.0321  0.0323  0.0321  0.0319  0.0325  0.0330  0.0321  0.0330  0.0318  0.0321  0.0319  0.0319
  0.0331  0.0335  0.0328  0.0392  0.0384  0.0382  0.0329  0.0356  0.0323  0.0334  0.0325  0.0325
niter,ni,del,rscale     1    3    5.0000    1.2000
parameters
   -4.8247   -9.3013   13.0532   -5.7067  -13.4432   -1.5746
   -0.5507   -4.3326    1.6578    4.7127    3.0406   -5.1401
eta,q 0.96853 21.38752
  0.0333  0.0338  0.0328  0.0361  0.0361  0.0360  0.0330  0.0358  0.0323  0.0336  0.0325  0.0324
  0.0321  0.0325  0.0320  0.0349  0.0345  0.0349  0.0321  0.0330  0.0318  0.0323  0.0319  0.0319
  0.0316  0.0317  0.0315  0.0334  0.0328  0.0334  0.0316  0.0318  0.0316  0.0317  0.0316  0.0316
  0.0314  0.0314  0.0314  0.0314  0.0314  0.0315  0.0315  0.0315  0.0315  0.0315  0.0315  0.0315
  0.0316  0.0317  0.0317  0.0299  0.0309  0.0310  0.0317  0.0319  0.0316  0.0316  0.0316  0.0316
  0.0322  0.0323  0.0322  0.0319  0.0325  0.0331  0.0321  0.0331  0.0319  0.0322  0.0319  0.0319
  0.0332  0.0335  0.0328  0.0392  0.0384  0.0383  0.0329  0.0356  0.0324  0.0334  0.0325  0.0325
registration optimization eta report
parameter search radius
    2.4000    3.1740    2.4000    8.2800    9.5220    7.2000
    7.2000    7.2000    7.2000    7.2000    7.2000    7.2000
100000*second partial in parameter space
       31.       22.       24.       10.        7.       11.
        3.        8.        2.        4.        2.        2.
  0.0333  0.0338  0.0328  0.0361  0.0361  0.0360  0.0330  0.0358  0.0323  0.0336  0.0325  0.0324
  0.0321  0.0325  0.0320  0.0349  0.0345  0.0349  0.0321  0.0330  0.0318  0.0323  0.0319  0.0319
  0.0316  0.0317  0.0315  0.0334  0.0328  0.0334  0.0316  0.0318  0.0316  0.0317  0.0316  0.0316
  0.0314  0.0314  0.0314  0.0314  0.0314  0.0315  0.0315  0.0315  0.0315  0.0315  0.0315  0.0315
  0.0316  0.0317  0.0317  0.0299  0.0309  0.0310  0.0317  0.0319  0.0316  0.0316  0.0316  0.0316
  0.0322  0.0323  0.0322  0.0319  0.0325  0.0331  0.0321  0.0331  0.0319  0.0322  0.0319  0.0319
  0.0332  0.0335  0.0328  0.0392  0.0384  0.0383  0.0329  0.0356  0.0324  0.0334  0.0325  0.0325
   -4.8247   -9.3013   13.0532   -5.7067  -13.4432   -1.5746
   -0.5507   -4.3326    1.6578    4.7127    3.0406   -5.1401
eta,q 0.96853 21.38752

---------------------------------------------------------------------
imgreg_4dfp /opt/freesurfer/average/711-2C_as_mni_average_305 /opt/freesurfer/average/711-2B_as_mni_average_305_mask talsrcimg_g11 none talsrcimg_to_711-2C_as_mni_average_305_t4 2311
---------------------------------------------------------------------

freesurfer imgreg_4dfp.c
/opt/freesurfer/average/711-2C_as_mni_average_305.4dfp.img
       256       256       256         1
  1.000000  1.000000  1.000000
orientation T byte_order littleendian
Reading image: /opt/freesurfer/average/711-2C_as_mni_average_305.4dfp.img
dimensions:      256       256       256
mmppix:       1.0000   -1.0000   -1.0000
center:     128.0000 -129.0000 -129.0000
/opt/freesurfer/average/711-2B_as_mni_average_305_mask.4dfp.img
       256       256       256         1
  1.000000  1.000000  1.000000
orientation T byte_order littleendian
Reading mask: /opt/freesurfer/average/711-2B_as_mni_average_305_mask.4dfp.img (2306576 pixels)
talsrcimg_g11.4dfp.img
       320       320       320         1
  0.800000  0.800000  0.800000
orientation T byte_order littleendian
Reading image: talsrcimg_g11.4dfp.img
dimensions:      320       320       320
mmppix:       0.8000   -0.8000   -0.8000
center:     128.0000 -128.8000 -128.8000
fimgreg.f
image alignment mode   2311 decimal      907 hex
parameters
   -4.8247   -9.3013   13.0532   -5.7067  -13.4432   -1.5746
   -0.5507   -4.3326    1.6578    4.7127    3.0406   -5.1401
eta,q 0.96853 21.38751
niter,ni,del,rscale     5    3    5.0000    0.8000
parameter  4 -0.836056 -> -0.500000 qaram    1.1500
parameters
   -4.8630   -9.2621   12.9545   -2.9467  -11.6492   -1.6295
    0.0312   -4.3388    1.6195    4.0385    2.5242   -6.1411
eta,q 0.97049 21.58554
  0.0322  0.0321  0.0321  0.0345  0.0321  0.0330  0.0319  0.0338  0.0306  0.0306  0.0305  0.0300
  0.0317  0.0317  0.0317  0.0337  0.0313  0.0319  0.0307  0.0313  0.0300  0.0299  0.0299  0.0296
  0.0315  0.0315  0.0315  0.0326  0.0305  0.0306  0.0299  0.0299  0.0297  0.0296  0.0296  0.0295
  0.0315  0.0315  0.0315  0.0315  0.0299  0.0296  0.0296  0.0296  0.0296  0.0296  0.0296  0.0295
  0.0316  0.0315  0.0316  0.0304  0.0296  0.0298  0.0297  0.0302  0.0297  0.0299  0.0298  0.0297
  0.0318  0.0317  0.0319  0.0299  0.0297  0.0311  0.0302  0.0315  0.0301  0.0304  0.0303  0.0301
  0.0322  0.0320  0.0322  0.0309  0.0304  0.0341  0.0310  0.0337  0.0306  0.0313  0.0310  0.0307
niter,ni,del,rscale     5    3    5.0000    0.8000
parameters
   -4.8461   -9.7463   13.0899   -3.9333  -10.9838   -1.0630
   -0.0182   -4.2250    1.7742    4.2250    2.2974   -6.2202
eta,q 0.97057 21.66640
  0.0317  0.0298  0.0306  0.0330  0.0319  0.0334  0.0308  0.0332  0.0304  0.0313  0.0304  0.0303
  0.0305  0.0296  0.0300  0.0317  0.0311  0.0323  0.0300  0.0310  0.0298  0.0301  0.0298  0.0298
  0.0298  0.0294  0.0296  0.0304  0.0303  0.0310  0.0295  0.0297  0.0295  0.0296  0.0295  0.0295
  0.0295  0.0295  0.0294  0.0294  0.0298  0.0297  0.0294  0.0294  0.0294  0.0294  0.0294  0.0294
  0.0297  0.0298  0.0295  0.0302  0.0296  0.0294  0.0296  0.0298  0.0295  0.0296  0.0296  0.0295
  0.0305  0.0302  0.0298  0.0336  0.0300  0.0303  0.0301  0.0309  0.0298  0.0301  0.0299  0.0298
  0.0317  0.0310  0.0302  0.0391  0.0313  0.0328  0.0309  0.0327  0.0302  0.0309  0.0305  0.0303
niter,ni,del,rscale     4    3    5.0000    0.7000
parameters
   -4.8409   -9.8491   13.2735   -4.0321  -10.9143   -0.6827
   -0.0555   -4.1889    1.8905    3.9809    2.1763   -6.1895
eta,q 0.97067 21.67937
  0.0307  0.0300  0.0304  0.0328  0.0310  0.0327  0.0304  0.0322  0.0300  0.0305  0.0301  0.0301
  0.0300  0.0297  0.0299  0.0316  0.0303  0.0317  0.0298  0.0305  0.0297  0.0297  0.0296  0.0296
  0.0296  0.0295  0.0296  0.0304  0.0298  0.0304  0.0294  0.0296  0.0294  0.0294  0.0294  0.0294
  0.0294  0.0294  0.0294  0.0294  0.0295  0.0295  0.0293  0.0293  0.0293  0.0293  0.0293  0.0293
  0.0296  0.0295  0.0295  0.0292  0.0294  0.0294  0.0295  0.0297  0.0294  0.0296  0.0294  0.0294
  0.0300  0.0298  0.0297  0.0307  0.0299  0.0303  0.0298  0.0305  0.0296  0.0300  0.0297  0.0296
  0.0307  0.0302  0.0300  0.0343  0.0312  0.0323  0.0304  0.0320  0.0300  0.0308  0.0302  0.0300
niter,ni,del,rscale     3    3    5.0000    0.6000
parameters
   -4.8371   -9.9415   13.4645   -3.7855  -10.8647   -0.4172
   -0.0729   -4.1447    1.9444    3.6795    2.0811   -6.1602
eta,q 0.97086 21.69120
  0.0303  0.0298  0.0301  0.0322  0.0303  0.0319  0.0300  0.0314  0.0297  0.0300  0.0298  0.0297
  0.0297  0.0295  0.0297  0.0312  0.0298  0.0309  0.0295  0.0301  0.0294  0.0294  0.0294  0.0294
  0.0294  0.0294  0.0295  0.0302  0.0294  0.0299  0.0292  0.0293  0.0292  0.0292  0.0292  0.0292
  0.0293  0.0293  0.0293  0.0293  0.0292  0.0292  0.0291  0.0291  0.0292  0.0292  0.0291  0.0291
  0.0294  0.0294  0.0293  0.0290  0.0292  0.0293  0.0292  0.0294  0.0292  0.0293  0.0292  0.0292
  0.0297  0.0296  0.0295  0.0299  0.0296  0.0300  0.0295  0.0301  0.0294  0.0297  0.0295  0.0294
  0.0302  0.0299  0.0297  0.0323  0.0305  0.0316  0.0300  0.0312  0.0297  0.0303  0.0298  0.0297
niter,ni,del,rscale     2    3    5.0000    0.5000
parameters
   -4.8268  -10.0462   13.6171   -3.5608  -10.7901   -0.2226
   -0.0920   -4.1151    1.9896    3.4083    2.0305   -6.0979
eta,q 0.97099 21.70164
  0.0299  0.0294  0.0297  0.0314  0.0299  0.0312  0.0296  0.0307  0.0294  0.0296  0.0295  0.0294
  0.0295  0.0293  0.0294  0.0306  0.0295  0.0303  0.0293  0.0297  0.0292  0.0292  0.0292  0.0292
  0.0292  0.0292  0.0292  0.0297  0.0292  0.0295  0.0291  0.0292  0.0291  0.0290  0.0291  0.0290
  0.0291  0.0291  0.0291  0.0291  0.0290  0.0290  0.0290  0.0290  0.0290  0.0290  0.0290  0.0290
  0.0292  0.0292  0.0291  0.0290  0.0291  0.0291  0.0291  0.0292  0.0291  0.0292  0.0291  0.0290
  0.0294  0.0294  0.0292  0.0296  0.0293  0.0297  0.0293  0.0298  0.0292  0.0294  0.0292  0.0292
  0.0298  0.0296  0.0294  0.0314  0.0299  0.0309  0.0296  0.0306  0.0294  0.0298  0.0295  0.0294
niter,ni,del,rscale     1    3    5.0000    0.4000
parameters
   -4.8172  -10.1464   13.7452   -3.3680  -10.7270   -0.0822
   -0.1146   -4.0895    2.0040    3.1465    2.0245   -6.0143
eta,q 0.97107 21.70879
  0.0295  0.0292  0.0294  0.0307  0.0295  0.0304  0.0294  0.0301  0.0292  0.0293  0.0293  0.0292
  0.0292  0.0291  0.0292  0.0300  0.0292  0.0298  0.0291  0.0294  0.0291  0.0291  0.0291  0.0291
  0.0291  0.0290  0.0291  0.0294  0.0290  0.0292  0.0290  0.0290  0.0290  0.0289  0.0290  0.0290
  0.0290  0.0290  0.0290  0.0290  0.0290  0.0290  0.0289  0.0289  0.0289  0.0289  0.0289  0.0289
  0.0291  0.0291  0.0290  0.0289  0.0290  0.0291  0.0290  0.0291  0.0290  0.0290  0.0290  0.0290
  0.0292  0.0292  0.0291  0.0294  0.0291  0.0295  0.0291  0.0294  0.0291  0.0292  0.0291  0.0290
  0.0295  0.0293  0.0292  0.0305  0.0295  0.0302  0.0294  0.0300  0.0292  0.0295  0.0293  0.0292
registration optimization eta report
parameter search radius
    0.8000    0.8000    0.8000    2.7600    2.4000    2.4000
    2.4000    2.4000    2.4000    2.4000    2.4000    2.4000
100000*second partial in parameter space
       78.       39.       46.       21.        9.       23.
        7.       19.        4.        8.        6.        4.
  0.0295  0.0292  0.0294  0.0307  0.0295  0.0304  0.0294  0.0301  0.0292  0.0293  0.0293  0.0292
  0.0292  0.0291  0.0292  0.0300  0.0292  0.0298  0.0291  0.0294  0.0291  0.0291  0.0291  0.0291
  0.0291  0.0290  0.0291  0.0294  0.0290  0.0292  0.0290  0.0290  0.0290  0.0289  0.0290  0.0290
  0.0290  0.0290  0.0290  0.0290  0.0290  0.0290  0.0289  0.0289  0.0289  0.0289  0.0289  0.0289
  0.0291  0.0291  0.0290  0.0289  0.0290  0.0291  0.0290  0.0291  0.0290  0.0290  0.0290  0.0290
  0.0292  0.0292  0.0291  0.0294  0.0291  0.0295  0.0291  0.0294  0.0291  0.0292  0.0291  0.0290
  0.0295  0.0293  0.0292  0.0305  0.0295  0.0302  0.0294  0.0300  0.0292  0.0295  0.0293  0.0292
   -4.8172  -10.1464   13.7452   -3.3680  -10.7270   -0.0822
   -0.1146   -4.0895    2.0040    3.1465    2.0245   -6.0143
eta,q 0.97107 21.70879

---------------------------------------------------------------------
imgreg_4dfp /opt/freesurfer/average/711-2C_as_mni_average_305 /opt/freesurfer/average/711-2B_as_mni_average_305_mask talsrcimg_g11 none talsrcimg_to_711-2C_as_mni_average_305_t4 2311
---------------------------------------------------------------------

freesurfer imgreg_4dfp.c
/opt/freesurfer/average/711-2C_as_mni_average_305.4dfp.img
       256       256       256         1
  1.000000  1.000000  1.000000
orientation T byte_order littleendian
Reading image: /opt/freesurfer/average/711-2C_as_mni_average_305.4dfp.img
dimensions:      256       256       256
mmppix:       1.0000   -1.0000   -1.0000
center:     128.0000 -129.0000 -129.0000
/opt/freesurfer/average/711-2B_as_mni_average_305_mask.4dfp.img
       256       256       256         1
  1.000000  1.000000  1.000000
orientation T byte_order littleendian
Reading mask: /opt/freesurfer/average/711-2B_as_mni_average_305_mask.4dfp.img (2306576 pixels)
talsrcimg_g11.4dfp.img
       320       320       320         1
  0.800000  0.800000  0.800000
orientation T byte_order littleendian
Reading image: talsrcimg_g11.4dfp.img
dimensions:      320       320       320
mmppix:       0.8000   -0.8000   -0.8000
center:     128.0000 -128.8000 -128.8000
fimgreg.f
image alignment mode   2311 decimal      907 hex
parameters
   -4.8172  -10.1464   13.7452   -3.3680  -10.7270   -0.0822
   -0.1146   -4.0895    2.0040    3.1465    2.0245   -6.0143
eta,q 0.97107 21.70879
niter,ni,del,rscale     5    3    5.0000    0.8000
parameters
   -4.8088  -10.2788   13.8649   -4.0584  -11.1243   -0.3111
   -0.2490   -3.9825    2.0296    3.3073    2.0286   -5.6610
eta,q 0.97073 21.68889
  0.0311  0.0298  0.0303  0.0320  0.0309  0.0328  0.0305  0.0329  0.0301  0.0311  0.0303  0.0302
  0.0299  0.0293  0.0296  0.0308  0.0301  0.0315  0.0297  0.0307  0.0296  0.0299  0.0297  0.0297
  0.0292  0.0290  0.0291  0.0297  0.0295  0.0301  0.0294  0.0296  0.0294  0.0294  0.0294  0.0294
  0.0289  0.0289  0.0289  0.0289  0.0292  0.0292  0.0293  0.0293  0.0293  0.0293  0.0293  0.0293
  0.0292  0.0291  0.0290  0.0293  0.0293  0.0295  0.0294  0.0297  0.0294  0.0294  0.0294  0.0293
  0.0299  0.0295  0.0293  0.0317  0.0301  0.0311  0.0299  0.0307  0.0296  0.0299  0.0297  0.0295
  0.0311  0.0302  0.0299  0.0361  0.0322  0.0346  0.0306  0.0324  0.0301  0.0307  0.0302  0.0299
niter,ni,del,rscale     4    3    5.0000    0.7000
parameters
   -4.7980  -10.1291   13.7066   -3.8109  -11.0333   -0.3372
   -0.2154   -4.0072    2.0243    3.1975    2.0110   -5.7185
eta,q 0.97087 21.68581
  0.0305  0.0301  0.0299  0.0322  0.0307  0.0322  0.0302  0.0320  0.0298  0.0304  0.0300  0.0298
  0.0298  0.0297  0.0295  0.0311  0.0300  0.0311  0.0296  0.0303  0.0294  0.0296  0.0295  0.0294
  0.0294  0.0294  0.0293  0.0301  0.0295  0.0299  0.0292  0.0293  0.0292  0.0292  0.0292  0.0292
  0.0293  0.0293  0.0293  0.0292  0.0291  0.0291  0.0291  0.0291  0.0291  0.0291  0.0291  0.0291
  0.0294  0.0293  0.0294  0.0290  0.0291  0.0293  0.0292  0.0295  0.0292  0.0293  0.0292  0.0292
  0.0298  0.0295  0.0297  0.0298  0.0296  0.0305  0.0296  0.0304  0.0294  0.0297  0.0295  0.0294
  0.0305  0.0298  0.0302  0.0323  0.0308  0.0330  0.0302  0.0319  0.0298  0.0304  0.0300  0.0298
niter,ni,del,rscale     3    3    5.0000    0.6000
parameters
   -4.7989  -10.1336   13.7010   -3.5787  -10.9225   -0.2401
   -0.1855   -4.0184    2.0201    3.1267    1.9876   -5.8084
eta,q 0.97099 21.69411
  0.0301  0.0296  0.0297  0.0316  0.0302  0.0317  0.0299  0.0313  0.0295  0.0300  0.0297  0.0295
  0.0296  0.0294  0.0294  0.0307  0.0297  0.0306  0.0294  0.0300  0.0292  0.0294  0.0293  0.0292
  0.0292  0.0292  0.0292  0.0298  0.0293  0.0296  0.0291  0.0292  0.0291  0.0291  0.0291  0.0291
  0.0291  0.0291  0.0291  0.0291  0.0290  0.0290  0.0290  0.0290  0.0290  0.0290  0.0290  0.0290
  0.0292  0.0292  0.0292  0.0290  0.0290  0.0292  0.0291  0.0293  0.0291  0.0292  0.0291  0.0291
  0.0296  0.0294  0.0294  0.0296  0.0294  0.0300  0.0294  0.0301  0.0293  0.0295  0.0293  0.0293
  0.0301  0.0297  0.0297  0.0315  0.0302  0.0318  0.0299  0.0313  0.0295  0.0300  0.0297  0.0296
niter,ni,del,rscale     2    3    5.0000    0.5000
parameters
   -4.7966  -10.1830   13.7617   -3.4022  -10.8260   -0.1153
   -0.1669   -4.0275    2.0242    3.0187    1.9975   -5.8495
eta,q 0.97106 21.70267
  0.0298  0.0293  0.0295  0.0309  0.0298  0.0310  0.0296  0.0307  0.0293  0.0296  0.0295  0.0293
  0.0293  0.0292  0.0292  0.0302  0.0294  0.0301  0.0292  0.0297  0.0291  0.0292  0.0292  0.0291
  0.0291  0.0290  0.0291  0.0295  0.0291  0.0293  0.0290  0.0291  0.0290  0.0290  0.0290  0.0290
  0.0290  0.0290  0.0290  0.0290  0.0290  0.0290  0.0289  0.0289  0.0289  0.0289  0.0289  0.0289
  0.0291  0.0291  0.0290  0.0289  0.0290  0.0291  0.0290  0.0292  0.0290  0.0291  0.0290  0.0290
  0.0293  0.0292  0.0292  0.0295  0.0292  0.0297  0.0292  0.0297  0.0291  0.0293  0.0292  0.0291
  0.0298  0.0294  0.0294  0.0308  0.0298  0.0309  0.0296  0.0306  0.0293  0.0297  0.0294  0.0293
niter,ni,del,rscale     1    3    5.0000    0.4000
parameters
   -4.7958  -10.2358   13.8319   -3.2635  -10.7485   -0.0162
   -0.1607   -4.0403    2.0236    2.8847    2.0009   -5.8442
eta,q 0.97110 21.70852
  0.0295  0.0292  0.0293  0.0303  0.0294  0.0304  0.0293  0.0300  0.0292  0.0293  0.0292  0.0292
  0.0292  0.0290  0.0291  0.0297  0.0292  0.0297  0.0291  0.0294  0.0290  0.0291  0.0290  0.0290
  0.0290  0.0290  0.0290  0.0292  0.0290  0.0291  0.0289  0.0290  0.0289  0.0289  0.0289  0.0289
  0.0289  0.0289  0.0289  0.0289  0.0289  0.0289  0.0289  0.0289  0.0289  0.0289  0.0289  0.0289
  0.0290  0.0290  0.0290  0.0289  0.0289  0.0290  0.0290  0.0290  0.0289  0.0290  0.0289  0.0289
  0.0292  0.0291  0.0290  0.0293  0.0291  0.0295  0.0291  0.0294  0.0290  0.0291  0.0291  0.0290
  0.0295  0.0292  0.0292  0.0302  0.0294  0.0302  0.0293  0.0300  0.0292  0.0294  0.0292  0.0291
registration optimization eta report
parameter search radius
    0.8000    0.8000    0.8000    2.4000    2.4000    2.4000
    2.4000    2.4000    2.4000    2.4000    2.4000    2.4000
100000*second partial in parameter space
       82.       39.       46.       22.        9.       24.
        7.       20.        4.        8.        6.        4.
  0.0295  0.0292  0.0293  0.0303  0.0294  0.0304  0.0293  0.0300  0.0292  0.0293  0.0292  0.0292
  0.0292  0.0290  0.0291  0.0297  0.0292  0.0297  0.0291  0.0294  0.0290  0.0291  0.0290  0.0290
  0.0290  0.0290  0.0290  0.0292  0.0290  0.0291  0.0289  0.0290  0.0289  0.0289  0.0289  0.0289
  0.0289  0.0289  0.0289  0.0289  0.0289  0.0289  0.0289  0.0289  0.0289  0.0289  0.0289  0.0289
  0.0290  0.0290  0.0290  0.0289  0.0289  0.0290  0.0290  0.0290  0.0289  0.0290  0.0289  0.0289
  0.0292  0.0291  0.0290  0.0293  0.0291  0.0295  0.0291  0.0294  0.0290  0.0291  0.0291  0.0290
  0.0295  0.0292  0.0292  0.0302  0.0294  0.0302  0.0293  0.0300  0.0292  0.0294  0.0292  0.0291
   -4.7958  -10.2358   13.8319   -3.2635  -10.7485   -0.0162
   -0.1607   -4.0403    2.0236    2.8847    2.0009   -5.8442
eta,q 0.97110 21.70852

---------------------------------------------------------------------
compute_vox2vox talsrcimg talsrcimg_to_711-2C_as_mni_average_305_t4 /opt/freesurfer/average/711-2C_as_mni_average_305
---------------------------------------------------------------------

freesurfer compute_vox2vox.c
Reading: talsrcimg.4dfp.ifh
Reading: talsrcimg_to_711-2C_as_mni_average_305_t4
Reading: /opt/freesurfer/average/711-2C_as_mni_average_305.4dfp.ifh
Writing: talsrcimg_to_711-2C_as_mni_average_305_t4_vox2vox.txt

start time Tue Mar 10 22:02:41 CET 2026
end		time Tue Mar 10 22:04:04 CET 2026

mpr2mni305 success

avi2talxfm orig_nu.mgz /opt/freesurfer/average/mni305.cor.mgz talsrcimg_to_711-2C_as_mni_average_305_t4_vox2vox.txt transforms/talairach.auto.xfm
avi2talxfm done
mv -f /out/sourcedata/freesurfer/sub-v2s11x28730_ses-1/mri/talsrcimg_to_711-2C_as_mni_average_305_t4_vox2vox.txt /out/sourcedata/freesurfer/sub-v2s11x28730_ses-1/mri/transforms/talsrcimg_to_711-2C_as_mni_average_305_t4_vox2vox.txt
lta_convert --src orig_nu.mgz --trg /opt/freesurfer/average/mni305.cor.mgz --inxfm transforms/talairach.auto.xfm --outlta transforms/talairach.auto.xfm.lta --subject fsaverage
7.3.2

--src: orig_nu.mgz src image (geometry).
--trg: /opt/freesurfer/average/mni305.cor.mgz trg image (geometry).
--inmni: transforms/talairach.auto.xfm input MNI/XFM transform.
--outlta: transforms/talairach.auto.xfm.lta output LTA.
--s: fsaverage subject name
 LTA read, type : 1
 1.03278   0.04160   0.00458   1.87244;
-0.02200   0.99739   0.06527  -19.16779;
-0.02270  -0.03318   1.11821  -35.36507;
 0.00000   0.00000   0.00000   1.00000;
setting subject to fsaverage
Writing  LTA to file transforms/talairach.auto.xfm.lta...
lta_convert successful.
 
 
Started at Tue Mar 10 22:02:41 CET 2026
Ended   at Tue Mar 10 22:04:04 CET 2026
talairach_avi done
