Log file for defect2seg
Wed Mar 11 00:55:39 CET 2026

setenv SUBJECTS_DIR /out/sourcedata/freesurfer
cd /out/sourcedata/freesurfer/sub-v2s11x28719_ses-1/scripts
/opt/freesurfer/bin/defect2seg --s sub-v2s11x28719_ses-1 --rh-only --cortex

freesurfer-linux-ubuntu22_x86_64-7.3.2-20220804-6354275
defect2seg 7.3.2
Linux dna052 5.14.0-427.37.1.el9_4.x86_64 #1 SMP PREEMPT_DYNAMIC Fri Sep 13 12:41:50 EDT 2024 x86_64 x86_64 x86_64 GNU/Linux
pid 4135424
mri_label2label --label-cortex /out/sourcedata/freesurfer/sub-v2s11x28719_ses-1/surf/rh.orig.nofix /out/sourcedata/freesurfer/sub-v2s11x28719_ses-1/mri/aseg.presurf.mgz 0 /out/sourcedata/freesurfer/sub-v2s11x28719_ses-1/label/rh.nofix.cortex.label

 Generating cortex label... RemoveHipAmgy=0
 NucAccIsMedialWall=0
 mris->useRealRAS=0
29 non-cortical segments detected
only using segment with 10501 vertices
erasing segment 0 (vno[0] = 83299)
erasing segment 1 (vno[0] = 85219)
erasing segment 2 (vno[0] = 87986)
erasing segment 4 (vno[0] = 98088)
erasing segment 5 (vno[0] = 98331)
erasing segment 6 (vno[0] = 130480)
erasing segment 7 (vno[0] = 134754)
erasing segment 8 (vno[0] = 140287)
erasing segment 9 (vno[0] = 141367)
erasing segment 10 (vno[0] = 158644)
erasing segment 11 (vno[0] = 159542)
erasing segment 12 (vno[0] = 159637)
erasing segment 13 (vno[0] = 162189)
erasing segment 14 (vno[0] = 163329)
erasing segment 15 (vno[0] = 164318)
erasing segment 16 (vno[0] = 165481)
erasing segment 17 (vno[0] = 165504)
erasing segment 18 (vno[0] = 165562)
erasing segment 19 (vno[0] = 165718)
erasing segment 20 (vno[0] = 166886)
erasing segment 21 (vno[0] = 168931)
erasing segment 22 (vno[0] = 173399)
erasing segment 23 (vno[0] = 174516)
erasing segment 24 (vno[0] = 174518)
erasing segment 25 (vno[0] = 176550)
erasing segment 26 (vno[0] = 202376)
erasing segment 27 (vno[0] = 208194)
erasing segment 28 (vno[0] = 209814)
mri_label2vol --defects /out/sourcedata/freesurfer/sub-v2s11x28719_ses-1/surf/rh.orig.nofix /out/sourcedata/freesurfer/sub-v2s11x28719_ses-1/surf/rh.defect_labels /out/sourcedata/freesurfer/sub-v2s11x28719_ses-1/mri/orig.mgz 2000 0 /out/sourcedata/freesurfer/sub-v2s11x28719_ses-1/mri/rh.surface.defects.mgz /out/sourcedata/freesurfer/sub-v2s11x28719_ses-1/label/rh.nofix.cortex.label
mri_label2vol supposed to be reproducible but seed not set
Contraining to label /out/sourcedata/freesurfer/sub-v2s11x28719_ses-1/label/rh.nofix.cortex.label
Changing input type 0 to MRI_INT
Converting defects to volume: offset=2000, merge=0
Writing to /out/sourcedata/freesurfer/sub-v2s11x28719_ses-1/mri/rh.surface.defects.mgz
mris_defects_pointset -s /out/sourcedata/freesurfer/sub-v2s11x28719_ses-1/surf/rh.orig.nofix -d /out/sourcedata/freesurfer/sub-v2s11x28719_ses-1/surf/rh.defect_labels -o /out/sourcedata/freesurfer/sub-v2s11x28719_ses-1/surf/rh.defects.pointset --label /out/sourcedata/freesurfer/sub-v2s11x28719_ses-1/label/rh.nofix.cortex.label
Reading in surface /out/sourcedata/freesurfer/sub-v2s11x28719_ses-1/surf/rh.orig.nofix
Reading in defect segmentation /out/sourcedata/freesurfer/sub-v2s11x28719_ses-1/surf/rh.defect_labels
Reading in label /out/sourcedata/freesurfer/sub-v2s11x28719_ses-1/label/rh.nofix.cortex.label
#VMPC# mris_defects_pointset 1831580
mris_defects_pointset done
 
Started at Wed Mar 11 00:55:38 CET 2026 
Ended   at Wed Mar 11 00:56:05 CET 2026
Defect2seg-Run-Time-Sec 27
Defect2seg-Run-Time-Min 0.54
Defect2seg-Run-Time-Hours 0.01
 
defect2seg Done
