/out/sourcedata/freesurfer/sub-v2s11x28682_ses-2/mri
/opt/freesurfer/bin/talairach_avi
--i orig_nu.mgz --xfm transforms/talairach.auto.xfm
talairach_avi 7.3.2
Linux dna029 5.14.0-427.37.1.el9_4.x86_64 #1 SMP PREEMPT_DYNAMIC Fri Sep 13 12:41:50 EDT 2024 x86_64 x86_64 x86_64 GNU/Linux
Tue Mar 10 14:07:48 CET 2026
mri_convert orig_nu.mgz talsrcimg.img 
reading from orig_nu.mgz...
TR=0.00, TE=0.00, TI=0.00, flip angle=0.00
i_ras = (-1, 0, 0)
j_ras = (0, 0, -1)
k_ras = (0, 1, 0)
writing to talsrcimg.img...
Analyze Output Matrix
-0.80000   0.00000   0.00000   131.44969;
 0.00000   0.00000   0.80000  -121.83282;
 0.00000  -0.80000   0.00000   100.04305;
 0.00000   0.00000   0.00000   1.00000;
--------------------
INFO: set hdr.hist.orient to -1
mpr2mni305 talsrcimg
Tue Mar 10 14:07:48 CET 2026
/opt/freesurfer/bin/mpr2mni305 talsrcimg
mpr2mni305 7.3.2
target=711-2C_as_mni_average_305

---------------------------------------------------------------------
analyzeto4dfp talsrcimg -O0 -y
---------------------------------------------------------------------

freesurfer ifh2hdr.c
Tue Mar 10 14:07:48 2026
Writing: talsrcimg.4dfp.hdr
freesurfer analyzeto4dfp.c
Reading: talsrcimg.hdr
header size 348 bytes
hdr.dime.datatype	offset=70	value=2
hdr.dime.bitpix		offset=72	value=8
hdr.hist.orient		offset=252	value=-1
dimensionality     4
dimensions       320       320       320         1
Reading: talsrcimg.img
Writing: talsrcimg.4dfp.img
Writing: talsrcimg.4dfp.ifh
ifh2hdr talsrcimg -r0to158
ori=2

---------------------------------------------------------------------
gauss_4dfp talsrcimg 1.1
---------------------------------------------------------------------

freesurfer gauss_4dfp.c
Reading: talsrcimg.4dfp.img
Writing: talsrcimg_g11.4dfp.img
image dimensions 320 320 320 padded to 384 384 384
processing volume 1freesurfer ifh2hdr.c
Tue Mar 10 14:08:05 2026
Writing: talsrcimg_g11.4dfp.hdr

Writing: talsrcimg_g11.4dfp.ifh
including: talsrcimg.4dfp.img.rec in talsrcimg_g11.4dfp.img.rec

---------------------------------------------------------------------
imgreg_4dfp /opt/freesurfer/average/711-2C_as_mni_average_305 none talsrcimg_g11 none talsrcimg_to_711-2C_as_mni_average_305_t4 4355
---------------------------------------------------------------------

freesurfer imgreg_4dfp.c
/opt/freesurfer/average/711-2C_as_mni_average_305.4dfp.img
       256       256       256         1
  1.000000  1.000000  1.000000
orientation T byte_order littleendian
Reading image: /opt/freesurfer/average/711-2C_as_mni_average_305.4dfp.img
dimensions:      256       256       256
mmppix:       1.0000   -1.0000   -1.0000
center:     128.0000 -129.0000 -129.0000
talsrcimg_g11.4dfp.img
       320       320       320         1
  0.800000  0.800000  0.800000
orientation T byte_order littleendian
Reading image: talsrcimg_g11.4dfp.img
dimensions:      320       320       320
mmppix:       0.8000   -0.8000   -0.8000
center:     128.0000 -128.8000 -128.8000
t4_read: open error in t4_sub.f l:  41 t4_file(1:l)talsrcimg_to_711-2C_as_mni_average_305_t4 
t4_read: transform initialized to I4
rotation matrix determinant  1.000000
image alignment mode   4355 decimal     1103 hex
   -7.5000  -45.0000  -45.0000 7469.1748   23.8477
    0.0000  -45.0000  -45.0000 7776.5522   23.9311
    7.5000  -45.0000  -45.0000 7341.1646   23.8749
   -7.5000  -37.5000  -45.0000 7953.7388   23.8984
    0.0000  -37.5000  -45.0000 8266.3203   23.9820
    7.5000  -37.5000  -45.0000 7789.0649   23.9249
   -7.5000  -30.0000  -45.0000 8754.5400   24.0557
    0.0000  -30.0000  -45.0000 9088.3438   24.1391
    7.5000  -30.0000  -45.0000 8555.6094   24.0761
   -7.5000  -22.5000  -45.0000 9580.6494   24.1826
    0.0000  -22.5000  -45.0000 9927.7441   24.2658
    7.5000  -22.5000  -45.0000 9340.9141   24.1981
   -7.5000  -15.0000  -45.000010373.8936   24.1621
    0.0000  -15.0000  -45.000010742.2207   24.2454
    7.5000  -15.0000  -45.000010097.4180   24.1792
   -7.5000   -7.5000  -45.000011138.3760   23.9799
    0.0000   -7.5000  -45.000011539.0850   24.0634
    7.5000   -7.5000  -45.000010807.5215   24.0026
   -7.5000    0.0000  -45.000011802.2715   23.8477
    0.0000    0.0000  -45.000012220.0078   23.9311
    7.5000    0.0000  -45.000011408.9326   23.8749
   -7.5000    7.5000  -45.000011448.9062   23.8984
    0.0000    7.5000  -45.000011862.7285   23.9820
    7.5000    7.5000  -45.000011050.2148   23.9249
   -7.5000   15.0000  -45.000010908.3096   24.0557
    0.0000   15.0000  -45.000011302.0107   24.1391
    7.5000   15.0000  -45.000010533.0342   24.0761
   -7.5000   22.5000  -45.000010163.5586   24.1793
    0.0000   22.5000  -45.000010542.1729   24.2624
    7.5000   22.5000  -45.0000 9824.6133   24.1948
   -7.5000   30.0000  -45.0000 9375.9375   23.8402
    0.0000   30.0000  -45.0000 9742.4531   23.9223
    7.5000   30.0000  -45.0000 9070.4795   23.8570
   -7.5000   37.5000  -45.0000 8922.1660   23.6604
    0.0000   37.5000  -45.0000 9315.4482   23.7427
    7.5000   37.5000  -45.0000 8658.1230   23.6827
   -7.5000   45.0000  -45.0000 8154.5537   22.9324
    0.0000   45.0000  -45.0000 8543.2051   23.0126
    7.5000   45.0000  -45.0000 7957.4858   22.9585
   -7.5000  -45.0000  -37.5000 7677.6748   23.4040
    0.0000  -45.0000  -37.5000 7994.5972   23.5043
    7.5000  -45.0000  -37.5000 7551.3975   23.4549
   -7.5000  -37.5000  -37.5000 8177.1216   23.4547
    0.0000  -37.5000  -37.5000 8493.9570   23.5548
    7.5000  -37.5000  -37.5000 8016.3354   23.5039
   -7.5000  -30.0000  -37.5000 9002.4209   23.5995
    0.0000  -30.0000  -37.5000 9333.0576   23.6977
    7.5000  -30.0000  -37.5000 8803.3740   23.6417
   -7.5000  -22.5000  -37.5000 9859.2744   23.7119
    0.0000  -22.5000  -37.500010200.3643   23.8083
    7.5000  -22.5000  -37.5000 9602.7510   23.7497
   -7.5000  -15.0000  -37.500010663.6338   23.6896
    0.0000  -15.0000  -37.500011011.6396   23.7870
    7.5000  -15.0000  -37.500010363.9775   23.7307
   -7.5000   -7.5000  -37.500011423.8193   23.5222
    0.0000   -7.5000  -37.500011816.1846   23.6213
    7.5000   -7.5000  -37.500011105.2119   23.5693
   -7.5000    0.0000  -37.500012095.7188   23.4040
    0.0000    0.0000  -37.500012505.3936   23.5043
    7.5000    0.0000  -37.500011711.2646   23.4549
   -7.5000    7.5000  -37.500011734.5576   23.4547
    0.0000    7.5000  -37.500012135.7188   23.5548
    7.5000    7.5000  -37.500011348.3252   23.5039
   -7.5000   15.0000  -37.500011169.7666   23.5995
    0.0000   15.0000  -37.500011548.3135   23.6977
    7.5000   15.0000  -37.500010805.6182   23.6417
   -7.5000   22.5000  -37.500010421.1172   23.7086
    0.0000   22.5000  -37.500010785.6006   23.8050
    7.5000   22.5000  -37.500010078.6113   23.7464
   -7.5000   30.0000  -37.5000 9604.1582   23.3740
    0.0000   30.0000  -37.5000 9981.7529   23.4700
    7.5000   30.0000  -37.5000 9328.2080   23.4145
   -7.5000   37.5000  -37.5000 9131.7041   23.2087
    0.0000   37.5000  -37.5000 9544.9404   23.3065
    7.5000   37.5000  -37.5000 8909.3984   23.2552
   -7.5000   45.0000  -37.5000 8354.1035   22.5057
    0.0000   45.0000  -37.5000 8761.3555   22.6022
    7.5000   45.0000  -37.5000 8190.8682   22.5547
   -7.5000  -45.0000  -30.0000 8104.0293   23.7190
    0.0000  -45.0000  -30.0000 8438.8174   23.8224
    7.5000  -45.0000  -30.0000 7986.1929   23.7725
   -7.5000  -37.5000  -30.0000 8629.0527   23.7828
    0.0000  -37.5000  -30.0000 8970.4424   23.8893
    7.5000  -37.5000  -30.0000 8491.4746   23.8398
   -7.5000  -30.0000  -30.0000 9497.5859   23.9355
    0.0000  -30.0000  -30.0000 9856.6768   24.0407
    7.5000  -30.0000  -30.0000 9322.6816   23.9874
   -7.5000  -22.5000  -30.000010391.8779   24.0407
    0.0000  -22.5000  -30.000010761.2568   24.1423
    7.5000  -22.5000  -30.000010157.9375   24.0859
   -7.5000  -15.0000  -30.000011219.8955   24.0051
    0.0000  -15.0000  -30.000011597.7480   24.1044
    7.5000  -15.0000  -30.000010941.0859   24.0482
   -7.5000   -7.5000  -30.000012007.9375   23.8315
    0.0000   -7.5000  -30.000012429.6748   23.9316
    7.5000   -7.5000  -30.000011721.2891   23.8780
   -7.5000    0.0000  -30.000012706.4600   23.7190
    0.0000    0.0000  -30.000013157.3232   23.8224
    7.5000    0.0000  -30.000012370.9590   23.7725
   -7.5000    7.5000  -30.000012338.9023   23.7828
    0.0000    7.5000  -30.000012761.9199   23.8893
    7.5000    7.5000  -30.000011978.4375   23.8398
   -7.5000   15.0000  -30.000011746.5361   23.9355
    0.0000   15.0000  -30.000012150.7910   24.0407
    7.5000   15.0000  -30.000011389.5771   23.9874
   -7.5000   22.5000  -30.000010957.1914   24.0349
    0.0000   22.5000  -30.000011352.3223   24.1365
    7.5000   22.5000  -30.000010641.1885   24.0801
   -7.5000   30.0000  -30.000010089.4131   23.6875
    0.0000   30.0000  -30.000010498.2002   23.7855
    7.5000   30.0000  -30.0000 9859.2842   23.7300
   -7.5000   37.5000  -30.0000 9591.6416   23.5161
    0.0000   37.5000  -30.000010019.9053   23.6149
    7.5000   37.5000  -30.0000 9422.7529   23.5620
   -7.5000   45.0000  -30.0000 8776.0400   22.8254
    0.0000   45.0000  -30.0000 9201.5840   22.9249
    7.5000   45.0000  -30.0000 8654.1338   22.8769
   -7.5000  -45.0000  -22.5000 8520.0264   23.9379
    0.0000  -45.0000  -22.5000 8878.8516   24.0250
    7.5000  -45.0000  -22.5000 8417.1201   23.9680
   -7.5000  -37.5000  -22.5000 9069.8789   24.0141
    0.0000  -37.5000  -22.5000 9450.4160   24.1068
    7.5000  -37.5000  -22.5000 8966.1201   24.0527
   -7.5000  -30.0000  -22.5000 9995.6523   24.1832
    0.0000  -30.0000  -22.500010392.0420   24.2775
    7.5000  -30.0000  -22.5000 9850.7002   24.2204
   -7.5000  -22.5000  -22.500010922.7266   24.2927
    0.0000  -22.5000  -22.500011342.1641   24.3831
    7.5000  -22.5000  -22.500010737.8740   24.3208
   -7.5000  -15.0000  -22.500011781.5000   24.2452
    0.0000  -15.0000  -22.500012213.7471   24.3307
    7.5000  -15.0000  -22.500011554.6025   24.2653
   -7.5000   -7.5000  -22.500012624.9209   24.0551
    0.0000   -7.5000  -22.500013082.6572   24.1387
    7.5000   -7.5000  -22.500012349.6035   24.0756
   -7.5000    0.0000  -22.500013370.2773   23.9379
    0.0000    0.0000  -22.500013855.5791   24.0250
    7.5000    0.0000  -22.500013041.1074   23.9680
   -7.5000    7.5000  -22.500012985.9580   24.0141
    0.0000    7.5000  -22.500013431.4336   24.1068
    7.5000    7.5000  -22.500012629.4375   24.0527
   -7.5000   15.0000  -22.500012351.6074   24.1832
    0.0000   15.0000  -22.500012788.5098   24.2775
    7.5000   15.0000  -22.500012025.1113   24.2204
   -7.5000   22.5000  -22.500011511.2188   24.2852
    0.0000   22.5000  -22.500011938.2021   24.3756
    7.5000   22.5000  -22.500011243.9902   24.3133
   -7.5000   30.0000  -22.500010604.2432   23.9281
    0.0000   30.0000  -22.500011035.4258   24.0124
    7.5000   30.0000  -22.500010410.9668   23.9479
   -7.5000   37.5000  -22.500010094.5781   23.7405
    0.0000   37.5000  -22.500010535.2695   23.8230
    7.5000   37.5000  -22.5000 9950.9619   23.7607
   -7.5000   45.0000  -22.5000 9229.9121   23.0534
    0.0000   45.0000  -22.5000 9654.8545   23.1373
    7.5000   45.0000  -22.5000 9129.6436   23.0824
   -7.5000  -45.0000  -15.0000 9017.0205   24.2167
    0.0000  -45.0000  -15.0000 9407.1348   24.2886
    7.5000  -45.0000  -15.0000 8919.3994   24.2241
   -7.5000  -37.5000  -15.0000 9627.0840   24.2911
    0.0000  -37.5000  -15.000010044.0449   24.3686
    7.5000  -37.5000  -15.0000 9529.8867   24.3082
   -7.5000  -30.0000  -15.000010619.5146   24.4708
    0.0000  -30.0000  -15.000011060.1396   24.5517
    7.5000  -30.0000  -15.000010475.3682   24.4881
   -7.5000  -22.5000  -15.000011628.3076   24.5938
    0.0000  -22.5000  -15.000012089.4033   24.6729
    7.5000  -22.5000  -15.000011440.8525   24.6022
   -7.5000  -15.0000  -15.000012545.4941   24.5490
    0.0000  -15.0000  -15.000013030.5488   24.6228
    7.5000  -15.0000  -15.000012310.9307   24.5476
   -7.5000   -7.5000  -15.000013454.7979   24.3470
    0.0000   -7.5000  -15.000013964.2266   24.4170
    7.5000   -7.5000  -15.000013133.2227   24.3449
   -7.5000    0.0000  -15.000014245.0010   24.2167
    0.0000    0.0000  -15.000014768.5605   24.2886
    7.5000    0.0000  -15.000013871.4551   24.2241
   -7.5000    7.5000  -15.000013831.5029   24.2911
    0.0000    7.5000  -15.000014312.3311   24.3686
    7.5000    7.5000  -15.000013438.2021   24.3082
   -7.5000   15.0000  -15.000013152.8740   24.4708
    0.0000   15.0000  -15.000013627.0625   24.5517
    7.5000   15.0000  -15.000012811.5859   24.4881
   -7.5000   22.5000  -15.000012266.6650   24.5851
    0.0000   22.5000  -15.000012730.4434   24.6642
    7.5000   22.5000  -15.000012003.3955   24.5935
   -7.5000   30.0000  -15.000011284.5469   24.2313
    0.0000   30.0000  -15.000011748.1611   24.3041
    7.5000   30.0000  -15.000011108.9824   24.2299
   -7.5000   37.5000  -15.000010763.6152   24.0319
    0.0000   37.5000  -15.000011230.2510   24.1010
    7.5000   37.5000  -15.000010631.1191   24.0298
   -7.5000   45.0000  -15.0000 9872.6797   23.3359
    0.0000   45.0000  -15.000010309.3389   23.4052
    7.5000   45.0000  -15.0000 9754.4531   23.3431
   -7.5000  -45.0000   -7.5000 9537.8613   24.2997
    0.0000  -45.0000   -7.5000 9942.5322   24.3729
    7.5000  -45.0000   -7.5000 9402.0283   24.3091
   -7.5000  -37.5000   -7.500010199.5918   24.3602
    0.0000  -37.5000   -7.500010622.7480   24.4363
    7.5000  -37.5000   -7.500010050.3721   24.3747
   -7.5000  -30.0000   -7.500011304.6064   24.5348
    0.0000  -30.0000   -7.500011762.5029   24.6138
    7.5000  -30.0000   -7.500011114.2910   24.5476
   -7.5000  -22.5000   -7.500012426.9404   24.6675
    0.0000  -22.5000   -7.500012912.7432   24.7467
    7.5000  -22.5000   -7.500012176.4727   24.6739
   -7.5000  -15.0000   -7.500013449.3740   24.6367
    0.0000  -15.0000   -7.500013972.2148   24.7130
    7.5000  -15.0000   -7.500013121.1113   24.6382
   -7.5000   -7.5000   -7.500014441.5742   24.4387
    0.0000   -7.5000   -7.500014994.7568   24.5121
    7.5000   -7.5000   -7.500014001.7451   24.4418
   -7.5000    0.0000   -7.500015273.1494   24.2997
    0.0000    0.0000   -7.500015826.5830   24.3729
    7.5000    0.0000   -7.500014770.4678   24.3091
   -7.5000    7.5000   -7.500014793.6807   24.3602
    0.0000    7.5000   -7.500015316.5244   24.4363
    7.5000    7.5000   -7.500014338.2637   24.3747
   -7.5000   15.0000   -7.500014076.1152   24.5348
    0.0000   15.0000   -7.500014596.1260   24.6138
    7.5000   15.0000   -7.500013698.5527   24.5476
   -7.5000   22.5000   -7.500013170.4512   24.6561
    0.0000   22.5000   -7.500013681.8936   24.7352
    7.5000   22.5000   -7.500012858.9502   24.6625
   -7.5000   30.0000   -7.500012157.2959   24.3172
    0.0000   30.0000   -7.500012661.8076   24.3925
    7.5000   30.0000   -7.500011935.6904   24.3187
   -7.5000   37.5000   -7.500011601.2637   24.1217
    0.0000   37.5000   -7.500012093.0957   24.1943
    7.5000   37.5000   -7.500011407.1240   24.1248
   -7.5000   45.0000   -7.500010622.0137   23.4203
    0.0000   45.0000   -7.500011083.9121   23.4909
    7.5000   45.0000   -7.500010459.4082   23.4294
   -7.5000  -45.0000    0.000010002.1982   24.2034
    0.0000  -45.0000    0.000010396.5508   24.2941
    7.5000  -45.0000    0.0000 9778.1826   24.2370
   -7.5000  -37.5000    0.000010726.5977   24.2536
    0.0000  -37.5000    0.000011144.1553   24.3445
    7.5000  -37.5000    0.000010475.1660   24.2867
   -7.5000  -30.0000    0.000011954.2783   24.4135
    0.0000  -30.0000    0.000012417.1182   24.5049
    7.5000  -30.0000    0.000011657.8652   24.4420
   -7.5000  -22.5000    0.000013242.7764   24.5417
    0.0000  -22.5000    0.000013755.7461   24.6333
    7.5000  -22.5000    0.000012884.1953   24.5663
   -7.5000  -15.0000    0.000014446.3652   24.5206
    0.0000  -15.0000    0.000015006.6006   24.6123
    7.5000  -15.0000    0.000013928.6250   24.5465
   -7.5000   -7.5000    0.000015551.6074   24.3377
    0.0000   -7.5000    0.000016145.2383   24.4290
    7.5000   -7.5000    0.000014869.0820   24.3679
   -7.5000    0.0000    0.000016423.1797   24.2034
    0.0000    0.0000    0.000016991.5898   24.2941
    7.5000    0.0000    0.000015692.2812   24.2370
   -7.5000    7.5000    0.000015939.1426   24.2536
    0.0000    7.5000    0.000016461.1699   24.3445
    7.5000    7.5000    0.000015277.3613   24.2867
   -7.5000   15.0000    0.000015226.8145   24.4135
    0.0000   15.0000    0.000015751.1348   24.5049
    7.5000   15.0000    0.000014631.3926   24.4420
   -7.5000   22.5000    0.000014257.3389   24.5304
    0.0000   22.5000    0.000014781.1475   24.6219
    7.5000   22.5000    0.000013760.1455   24.5550
   -7.5000   30.0000    0.000013159.4609   24.2032
    0.0000   30.0000    0.000013671.4141   24.2938
    7.5000   30.0000    0.000012766.5938   24.2288
   -7.5000   37.5000    0.000012541.5068   24.0227
    0.0000   37.5000    0.000013045.2197   24.1129
    7.5000   37.5000    0.000012189.5859   24.0525
   -7.5000   45.0000    0.000011447.9492   23.3293
    0.0000   45.0000    0.000011921.6719   23.4168
    7.5000   45.0000    0.000011146.9697   23.3617
   -7.5000  -45.0000    7.5000 9706.3057   24.3693
    0.0000  -45.0000    7.500010048.4629   24.4778
    7.5000  -45.0000    7.5000 9379.2090   24.4274
   -7.5000  -37.5000    7.500010414.6787   24.4211
    0.0000  -37.5000    7.500010789.9756   24.5303
    7.5000  -37.5000    7.500010059.2178   24.4787
   -7.5000  -30.0000    7.500011664.8076   24.5733
    0.0000  -30.0000    7.500012086.9883   24.6812
    7.5000  -30.0000    7.500011231.6680   24.6248
   -7.5000  -22.5000    7.500013109.5645   24.6906
    0.0000  -22.5000    7.500013591.1914   24.7966
    7.5000  -22.5000    7.500012565.3623   24.7376
   -7.5000  -15.0000    7.500014591.5703   24.6671
    0.0000  -15.0000    7.500015119.3799   24.7733
    7.5000  -15.0000    7.500013758.6719   24.7163
   -7.5000   -7.5000    7.500015893.8164   24.4934
    0.0000   -7.5000    7.500016440.6426   24.6006
    7.5000   -7.5000    7.500014760.7344   24.5475
   -7.5000    0.0000    7.500016688.8008   24.3693
    0.0000    0.0000    7.500017185.2676   24.4778
    7.5000    0.0000    7.500015540.3906   24.4274
   -7.5000    7.5000    7.500016111.8672   24.4211
    0.0000    7.5000    7.500016557.7617   24.5303
    7.5000    7.5000    7.500015055.6465   24.4787
   -7.5000   15.0000    7.500015288.7021   24.5733
    0.0000   15.0000    7.500015751.0352   24.6812
    7.5000   15.0000    7.500014332.9697   24.6248
   -7.5000   22.5000    7.500014239.1299   24.6792
    0.0000   22.5000    7.500014715.8037   24.7852
    7.5000   22.5000    7.500013444.2119   24.7262
   -7.5000   30.0000    7.500013102.1562   24.3478
    0.0000   30.0000    7.500013589.2773   24.4527
    7.5000   30.0000    7.500012469.9824   24.3964
   -7.5000   37.5000    7.500012451.5654   24.1764
    0.0000   37.5000    7.500012949.0098   24.2822
    7.5000   37.5000    7.500011924.0127   24.2298
   -7.5000   45.0000    7.500011347.7520   23.4892
    0.0000   45.0000    7.500011812.5303   23.5938
    7.5000   45.0000    7.500010909.7344   23.5452
   -7.5000  -45.0000   15.0000 9328.2344   24.5932
    0.0000  -45.0000   15.0000 9596.0703   24.7032
    7.5000  -45.0000   15.0000 8887.9736   24.6527
   -7.5000  -37.5000   15.000010064.1631   24.6582
    0.0000  -37.5000   15.000010332.1787   24.7717
    7.5000  -37.5000   15.0000 9542.6348   24.7218
   -7.5000  -30.0000   15.000011257.7617   24.8177
    0.0000  -30.0000   15.000011556.0938   24.9304
    7.5000  -30.0000   15.000010663.5762   24.8769
   -7.5000  -22.5000   15.000012624.6982   24.9279
    0.0000  -22.5000   15.000013014.8594   25.0368
    7.5000  -22.5000   15.000011976.1436   24.9799
   -7.5000  -15.0000   15.000014324.5156   24.8911
    0.0000  -15.0000   15.000014902.7930   24.9973
    7.5000  -15.0000   15.000013266.1611   24.9403
   -7.5000   -7.5000   15.000016114.7598   24.7112
    0.0000   -7.5000   15.000016758.2285   24.8179
    7.5000   -7.5000   15.000014405.9521   24.7636
   -7.5000    0.0000   15.000016933.7676   24.5932
    0.0000    0.0000   15.000017472.4824   24.7032
    7.5000    0.0000   15.000015180.7783   24.6527
   -7.5000    7.5000   15.000016025.4482   24.6582
    0.0000    7.5000   15.000016468.1426   24.7717
    7.5000    7.5000   15.000014563.6289   24.7218
   -7.5000   15.0000   15.000014973.2549   24.8177
    0.0000   15.0000   15.000015414.0215   24.9304
    7.5000   15.0000   15.000013795.2109   24.8769
   -7.5000   22.5000   15.000013862.4082   24.9164
    0.0000   22.5000   15.000014314.9678   25.0253
    7.5000   22.5000   15.000012927.8037   24.9684
   -7.5000   30.0000   15.000012780.0645   24.5690
    0.0000   30.0000   15.000013220.4990   24.6738
    7.5000   30.0000   15.000012052.4170   24.6175
   -7.5000   37.5000   15.000012190.3408   24.3914
    0.0000   37.5000   15.000012647.9297   24.4967
    7.5000   37.5000   15.000011597.0840   24.4431
   -7.5000   45.0000   15.000011132.5430   23.7050
    0.0000   45.0000   15.000011576.8477   23.8111
    7.5000   45.0000   15.000010659.7969   23.7624
   -7.5000  -45.0000   22.5000 8793.9619   24.9159
    0.0000  -45.0000   22.5000 9024.9580   25.0080
    7.5000  -45.0000   22.5000 8360.8232   24.9489
   -7.5000  -37.5000   22.5000 9501.2559   24.9934
    0.0000  -37.5000   22.5000 9734.9209   25.0914
    7.5000  -37.5000   22.5000 9011.7705   25.0354
   -7.5000  -30.0000   22.500010621.6748   25.1696
    0.0000  -30.0000   22.500010870.9346   25.2692
    7.5000  -30.0000   22.500010100.2539   25.2101
   -7.5000  -22.5000   22.500011926.1572   25.2844
    0.0000  -22.5000   22.500012202.9922   25.3800
    7.5000  -22.5000   22.500011345.4473   25.3154
   -7.5000  -15.0000   22.500013663.3701   25.2358
    0.0000  -15.0000   22.500013968.9443   25.3261
    7.5000  -15.0000   22.500012531.8047   25.2583
   -7.5000   -7.5000   22.500015420.6758   25.0389
    0.0000   -7.5000   22.500015708.9766   25.1273
    7.5000   -7.5000   22.500013612.9717   25.0618
   -7.5000    0.0000   22.500016201.6816   24.9159
    0.0000    0.0000   22.500016583.7227   25.0080
    7.5000    0.0000   22.500014468.7666   24.9489
   -7.5000    7.5000   22.500015342.9609   24.9934
    0.0000    7.5000   22.500015754.3672   25.0914
    7.5000    7.5000   22.500013962.0527   25.0354
   -7.5000   15.0000   22.500014300.7764   25.1696
    0.0000   15.0000   22.500014752.3164   25.2692
    7.5000   15.0000   22.500013200.7842   25.2101
   -7.5000   22.5000   22.500013200.3955   25.2727
    0.0000   22.5000   22.500013674.2275   25.3683
    7.5000   22.5000   22.500012341.7939   25.3038
   -7.5000   30.0000   22.500012175.6533   24.9092
    0.0000   30.0000   22.500012625.3652   24.9983
    7.5000   30.0000   22.500011499.5684   24.9314
   -7.5000   37.5000   22.500011653.2031   24.7148
    0.0000   37.5000   22.500012088.6572   24.8021
    7.5000   37.5000   22.500011078.4062   24.7375
   -7.5000   45.0000   22.500010680.7822   24.0160
    0.0000   45.0000   22.500011090.0576   24.1049
    7.5000   45.0000   22.500010212.3994   24.0479
   -7.5000  -45.0000   30.0000 8161.7524   25.3851
    0.0000  -45.0000   30.0000 8367.3760   25.4583
    7.5000  -45.0000   30.0000 7818.4009   25.3911
   -7.5000  -37.5000   30.0000 8820.9062   25.4601
    0.0000  -37.5000   30.0000 9024.5039   25.5393
    7.5000  -37.5000   30.0000 8425.4434   25.4764
   -7.5000  -30.0000   30.0000 9887.2314   25.6484
    0.0000  -30.0000   30.000010080.0879   25.7314
    7.5000  -30.0000   30.0000 9431.9775   25.6652
   -7.5000  -22.5000   30.000011174.2559   25.7795
    0.0000  -22.5000   30.000011337.3926   25.8604
    7.5000  -22.5000   30.000010545.5518   25.7866
   -7.5000  -15.0000   30.000012620.5879   25.7346
    0.0000  -15.0000   30.000012766.5371   25.8098
    7.5000  -15.0000   30.000011564.1016   25.7311
   -7.5000   -7.5000   30.000013676.6436   25.5239
    0.0000   -7.5000   30.000013891.3232   25.5951
    7.5000   -7.5000   30.000012480.9316   25.5196
   -7.5000    0.0000   30.000014326.4346   25.3851
    0.0000    0.0000   30.000014631.2207   25.4583
    7.5000    0.0000   30.000013342.8486   25.3911
   -7.5000    7.5000   30.000013901.9912   25.4601
    0.0000    7.5000   30.000014242.4766   25.5393
    7.5000    7.5000   30.000013024.5176   25.4764
   -7.5000   15.0000   30.000013202.0391   25.6484
    0.0000   15.0000   30.000013580.6445   25.7314
    7.5000   15.0000   30.000012396.1543   25.6652
   -7.5000   22.5000   30.000012290.7275   25.7676
    0.0000   22.5000   30.000012675.7412   25.8485
    7.5000   22.5000   30.000011618.6406   25.7747
   -7.5000   30.0000   30.000011389.4180   25.4015
    0.0000   30.0000   30.000011759.7959   25.4758
    7.5000   30.0000   30.000010814.4932   25.3981
   -7.5000   37.5000   30.000010971.5107   25.1935
    0.0000   37.5000   30.000011325.3799   25.2638
    7.5000   37.5000   30.000010428.2441   25.1894
   -7.5000   45.0000   30.000010122.4453   24.4684
    0.0000   45.0000   30.000010464.0557   24.5389
    7.5000   45.0000   30.0000 9641.3379   24.4741
   -7.5000  -45.0000   37.5000 8020.7397   26.1028
    0.0000  -45.0000   37.5000 8251.9863   26.1795
    7.5000  -45.0000   37.5000 7706.7295   26.1115
   -7.5000  -37.5000   37.5000 8636.5508   26.1640
    0.0000  -37.5000   37.5000 8873.9463   26.2440
    7.5000  -37.5000   37.5000 8294.7695   26.1784
   -7.5000  -30.0000   37.5000 9668.5195   26.3540
    0.0000  -30.0000   37.5000 9911.3066   26.4377
    7.5000  -30.0000   37.5000 9279.3408   26.3669
   -7.5000  -22.5000   37.500010895.0117   26.5023
    0.0000  -22.5000   37.500011152.5312   26.5862
    7.5000  -22.5000   37.500010351.5996   26.5079
   -7.5000  -15.0000   37.500012055.4395   26.4725
    0.0000  -15.0000   37.500012392.3076   26.5529
    7.5000  -15.0000   37.500011318.7471   26.4724
   -7.5000   -7.5000   37.500012916.3555   26.2580
    0.0000   -7.5000   37.500013322.6680   26.3350
    7.5000   -7.5000   37.500012247.8877   26.2595
   -7.5000    0.0000   37.500013604.3721   26.1028
    0.0000    0.0000   37.500014049.4414   26.1795
    7.5000    0.0000   37.500013065.5273   26.1115
   -7.5000    7.5000   37.500013369.0371   26.1640
    0.0000    7.5000   37.500013764.5957   26.2440
    7.5000    7.5000   37.500012784.5732   26.1784
   -7.5000   15.0000   37.500012829.2002   26.3540
    0.0000   15.0000   37.500013211.4082   26.4377
    7.5000   15.0000   37.500012243.1387   26.3669
   -7.5000   22.5000   37.500012059.1240   26.4901
    0.0000   22.5000   37.500012419.9609   26.5740
    7.5000   22.5000   37.500011506.6621   26.4957
   -7.5000   30.0000   37.500011242.8320   26.1299
    0.0000   30.0000   37.500011587.2920   26.2093
    7.5000   30.0000   37.500010734.9893   26.1298
   -7.5000   37.5000   37.500010848.3545   25.9182
    0.0000   37.5000   37.500011183.1279   25.9942
    7.5000   37.5000   37.500010346.8457   25.9196
   -7.5000   45.0000   37.500010006.7812   25.1601
    0.0000   45.0000   37.500010341.7246   25.2340
    7.5000   45.0000   37.5000 9566.9521   25.1685
   -7.5000  -45.0000   45.0000 7539.4907   26.8588
    0.0000  -45.0000   45.0000 7799.9634   26.9584
    7.5000  -45.0000   45.0000 7291.0718   26.8985
   -7.5000  -37.5000   45.0000 8091.2480   26.9086
    0.0000  -37.5000   45.0000 8364.5771   27.0085
    7.5000  -37.5000   45.0000 7844.6333   26.9482
   -7.5000  -30.0000   45.0000 9065.0078   27.0892
    0.0000  -30.0000   45.0000 9364.6729   27.1895
    7.5000  -30.0000   45.0000 8766.9453   27.1231
   -7.5000  -22.5000   45.000010155.6562   27.2392
    0.0000  -22.5000   45.000010509.8398   27.3399
    7.5000  -22.5000   45.0000 9755.0146   27.2681
   -7.5000  -15.0000   45.000011128.0820   27.2210
    0.0000  -15.0000   45.000011553.7559   27.3218
    7.5000  -15.0000   45.000010676.7510   27.2511
   -7.5000   -7.5000   45.000011936.0000   27.0158
    0.0000   -7.5000   45.000012389.8408   27.1161
    7.5000   -7.5000   45.000011556.6143   27.0511
   -7.5000    0.0000   45.000012658.3281   26.8588
    0.0000    0.0000   45.000013099.8379   26.9584
    7.5000    0.0000   45.000012288.2197   26.8985
   -7.5000    7.5000   45.000012428.6855   26.9086
    0.0000    7.5000   45.000012836.7812   27.0085
    7.5000    7.5000   45.000011997.4668   26.9482
   -7.5000   15.0000   45.000011942.2266   27.0892
    0.0000   15.0000   45.000012316.0244   27.1895
    7.5000   15.0000   45.000011494.0195   27.1231
   -7.5000   22.5000   45.000011286.2852   27.2266
    0.0000   22.5000   45.000011643.7920   27.3272
    7.5000   22.5000   45.000010864.0557   27.2554
   -7.5000   30.0000   45.000010562.9727   26.8664
    0.0000   30.0000   45.000010906.4219   26.9658
    7.5000   30.0000   45.000010173.3262   26.8961
   -7.5000   37.5000   45.000010212.2354   26.6639
    0.0000   37.5000   45.000010544.2441   26.7629
    7.5000   37.5000   45.0000 9831.3057   26.6987
   -7.5000   45.0000   45.0000 9384.1758   25.9005
    0.0000   45.0000   45.0000 9715.6299   25.9965
    7.5000   45.0000   45.0000 9080.3672   25.9388

---------------------------------------------------------------------
imgreg_4dfp /opt/freesurfer/average/711-2C_as_mni_average_305 /opt/freesurfer/average/711-2B_as_mni_average_305_mask talsrcimg_g11 none talsrcimg_to_711-2C_as_mni_average_305_t4 4355
---------------------------------------------------------------------

freesurfer imgreg_4dfp.c
/opt/freesurfer/average/711-2C_as_mni_average_305.4dfp.img
       256       256       256         1
  1.000000  1.000000  1.000000
orientation T byte_order littleendian
Reading image: /opt/freesurfer/average/711-2C_as_mni_average_305.4dfp.img
dimensions:      256       256       256
mmppix:       1.0000   -1.0000   -1.0000
center:     128.0000 -129.0000 -129.0000
/opt/freesurfer/average/711-2B_as_mni_average_305_mask.4dfp.img
       256       256       256         1
  1.000000  1.000000  1.000000
orientation T byte_order littleendian
Reading mask: /opt/freesurfer/average/711-2B_as_mni_average_305_mask.4dfp.img (2306576 pixels)
talsrcimg_g11.4dfp.img
       320       320       320         1
  0.800000  0.800000  0.800000
orientation T byte_order littleendian
Reading image: talsrcimg_g11.4dfp.img
dimensions:      320       320       320
mmppix:       0.8000   -0.8000   -0.8000
center:     128.0000 -128.8000 -128.8000
rotation matrix determinant  1.000000
image alignment mode   4355 decimal     1103 hex
   -7.5000  -45.0000  -30.0000 2340.6777   35.4947
    0.0000  -45.0000  -30.0000 2344.5227   35.3915
    7.5000  -45.0000  -30.0000 2347.7190   35.6397
   -7.5000  -37.5000  -30.0000 2409.1729   33.0988
    0.0000  -37.5000  -30.0000 2406.9678   32.9300
    7.5000  -37.5000  -30.0000 2413.2388   33.1924
   -7.5000  -30.0000  -30.0000 2452.7031   31.2134
    0.0000  -30.0000  -30.0000 2448.8208   31.0894
    7.5000  -30.0000  -30.0000 2454.0068   31.3346
   -7.5000  -22.5000  -30.0000 2483.5872   29.8444
    0.0000  -22.5000  -30.0000 2472.1355   29.7240
    7.5000  -22.5000  -30.0000 2475.8145   29.9676
   -7.5000  -15.0000  -30.0000 2504.0503   29.0245
    0.0000  -15.0000  -30.0000 2490.2898   28.9072
    7.5000  -15.0000  -30.0000 2490.7905   29.0903
   -7.5000   -7.5000  -30.0000 2508.1587   28.5588
    0.0000   -7.5000  -30.0000 2498.6399   28.5062
    7.5000   -7.5000  -30.0000 2494.9944   28.6174
   -7.5000    0.0000  -30.0000 2506.5344   28.4813
    0.0000    0.0000  -30.0000 2493.6084   28.4197
    7.5000    0.0000  -30.0000 2492.8079   28.5374
   -7.5000    7.5000  -30.0000 2490.2786   28.8650
    0.0000    7.5000  -30.0000 2481.5811   28.8313
    7.5000    7.5000  -30.0000 2474.9856   28.9625
   -7.5000   15.0000  -30.0000 2467.0454   29.9538
    0.0000   15.0000  -30.0000 2456.0701   29.9002
    7.5000   15.0000  -30.0000 2440.4250   29.9920
   -7.5000   22.5000  -30.0000 2424.9590   31.5599
    0.0000   22.5000  -30.0000 2416.8665   31.5514
    7.5000   22.5000  -30.0000 2398.8909   31.6044
   -7.5000   30.0000  -30.0000 2371.7439   33.5310
    0.0000   30.0000  -30.0000 2372.3108   33.5628
    7.5000   30.0000  -30.0000 2354.9858   33.5664
   -7.5000   37.5000  -30.0000 2309.7300   35.6019
    0.0000   37.5000  -30.0000 2317.6846   35.7327
    7.5000   37.5000  -30.0000 2301.9014   35.7809
   -7.5000   45.0000  -30.0000 2224.1191   38.3055
    0.0000   45.0000  -30.0000 2235.9521   38.4855
    7.5000   45.0000  -30.0000 2216.1077   38.5346
   -7.5000  -45.0000  -22.5000 2391.6233   34.7848
    0.0000  -45.0000  -22.5000 2393.3779   34.6241
    7.5000  -45.0000  -22.5000 2404.3127   35.0732
   -7.5000  -37.5000  -22.5000 2461.1394   32.4639
    0.0000  -37.5000  -22.5000 2462.5361   32.2761
    7.5000  -37.5000  -22.5000 2475.7791   32.6477
   -7.5000  -30.0000  -22.5000 2510.1882   30.6370
    0.0000  -30.0000  -22.5000 2504.3755   30.4097
    7.5000  -30.0000  -22.5000 2519.6404   30.7155
   -7.5000  -22.5000  -22.5000 2534.4688   29.1378
    0.0000  -22.5000  -22.5000 2527.1555   28.9421
    7.5000  -22.5000  -22.5000 2542.1831   29.1904
   -7.5000  -15.0000  -22.5000 2551.6943   28.1690
    0.0000  -15.0000  -22.5000 2539.8186   27.9987
    7.5000  -15.0000  -22.5000 2554.4509   28.2635
   -7.5000   -7.5000  -22.5000 2557.3357   27.5996
    0.0000   -7.5000  -22.5000 2544.7810   27.4946
    7.5000   -7.5000  -22.5000 2556.0093   27.7100
   -7.5000    0.0000  -22.5000 2553.9626   27.4221
    0.0000    0.0000  -22.5000 2542.5549   27.3533
    7.5000    0.0000  -22.5000 2552.3474   27.5606
   -7.5000    7.5000  -22.5000 2543.4111   27.8278
    0.0000    7.5000  -22.5000 2532.1621   27.7588
    7.5000    7.5000  -22.5000 2540.9099   27.9713
   -7.5000   15.0000  -22.5000 2518.6821   28.8848
    0.0000   15.0000  -22.5000 2509.4373   28.8119
    7.5000   15.0000  -22.5000 2514.4358   29.0051
   -7.5000   22.5000  -22.5000 2472.2905   30.4117
    0.0000   22.5000  -22.5000 2462.9470   30.3490
    7.5000   22.5000  -22.5000 2469.2627   30.5881
   -7.5000   30.0000  -22.5000 2421.3389   32.2512
    0.0000   30.0000  -22.5000 2416.5383   32.2009
    7.5000   30.0000  -22.5000 2422.3679   32.4836
   -7.5000   37.5000  -22.5000 2362.7280   34.2216
    0.0000   37.5000  -22.5000 2365.8765   34.2697
    7.5000   37.5000  -22.5000 2360.6704   34.5115
   -7.5000   45.0000  -22.5000 2274.8772   36.8575
    0.0000   45.0000  -22.5000 2281.3865   36.8910
    7.5000   45.0000  -22.5000 2275.1062   37.1071
   -7.5000  -45.0000  -15.0000 2411.3179   34.4568
    0.0000  -45.0000  -15.0000 2419.3018   34.3292
    7.5000  -45.0000  -15.0000 2435.3640   34.8547
   -7.5000  -37.5000  -15.0000 2479.8860   31.9955
    0.0000  -37.5000  -15.0000 2482.0229   31.8323
    7.5000  -37.5000  -15.0000 2502.9683   32.3191
   -7.5000  -30.0000  -15.0000 2527.3379   30.0908
    0.0000  -30.0000  -15.0000 2524.6843   29.8996
    7.5000  -30.0000  -15.0000 2543.7720   30.2532
   -7.5000  -22.5000  -15.0000 2562.2412   28.6680
    0.0000  -22.5000  -15.0000 2556.1599   28.4236
    7.5000  -22.5000  -15.0000 2576.3638   28.6883
   -7.5000  -15.0000  -15.0000 2570.0300   27.5504
    0.0000  -15.0000  -15.0000 2560.7795   27.2817
    7.5000  -15.0000  -15.0000 2583.4602   27.5727
   -7.5000   -7.5000  -15.0000 2572.3191   26.8599
    0.0000   -7.5000  -15.0000 2562.4670   26.6513
    7.5000   -7.5000  -15.0000 2580.8804   26.9020
   -7.5000    0.0000  -15.0000 2564.6792   26.5821
    0.0000    0.0000  -15.0000 2555.6870   26.4387
    7.5000    0.0000  -15.0000 2576.7473   26.7104
   -7.5000    7.5000  -15.0000 2560.1709   26.9507
    0.0000    7.5000  -15.0000 2549.1733   26.8248
    7.5000    7.5000  -15.0000 2566.7258   27.0972
   -7.5000   15.0000  -15.0000 2540.8113   28.0010
    0.0000   15.0000  -15.0000 2532.0244   27.9062
    7.5000   15.0000  -15.0000 2548.3342   28.1976
   -7.5000   22.5000  -15.0000 2494.2043   29.5221
    0.0000   22.5000  -15.0000 2488.1462   29.4763
    7.5000   22.5000  -15.0000 2506.7864   29.7799
   -7.5000   30.0000  -15.0000 2440.4153   31.3258
    0.0000   30.0000  -15.0000 2436.7998   31.2894
    7.5000   30.0000  -15.0000 2453.4124   31.6245
   -7.5000   37.5000  -15.0000 2389.7607   33.2325
    0.0000   37.5000  -15.0000 2389.6350   33.2655
    7.5000   37.5000  -15.0000 2391.4888   33.5270
   -7.5000   45.0000  -15.0000 2316.5640   35.8196
    0.0000   45.0000  -15.0000 2314.7554   35.7539
    7.5000   45.0000  -15.0000 2305.4426   36.0468
   -7.5000  -45.0000   -7.5000 2426.3279   34.5804
    0.0000  -45.0000   -7.5000 2431.9236   34.4949
    7.5000  -45.0000   -7.5000 2461.3958   34.9471
   -7.5000  -37.5000   -7.5000 2490.3394   32.0187
    0.0000  -37.5000   -7.5000 2496.2268   31.9258
    7.5000  -37.5000   -7.5000 2527.7134   32.3380
   -7.5000  -30.0000   -7.5000 2536.7349   29.9681
    0.0000  -30.0000   -7.5000 2538.8337   29.8468
    7.5000  -30.0000   -7.5000 2569.6626   30.2205
   -7.5000  -22.5000   -7.5000 2567.9724   28.4029
    0.0000  -22.5000   -7.5000 2564.7864   28.2163
    7.5000  -22.5000   -7.5000 2591.7900   28.4978
   -7.5000  -15.0000   -7.5000 2583.1184   27.2608
    0.0000  -15.0000   -7.5000 2577.4932   27.0283
    7.5000  -15.0000   -7.5000 2600.1853   27.2451
   -7.5000   -7.5000   -7.5000 2579.1306   26.4412
    0.0000   -7.5000   -7.5000 2566.0381   26.1712
    7.5000   -7.5000   -7.5000 2594.7634   26.4564
   -7.5000    0.0000   -7.5000 2568.4580   26.0852
    0.0000    0.0000   -7.5000 2556.9697   25.9181
    7.5000    0.0000   -7.5000 2582.7747   26.2534
   -7.5000    7.5000   -7.5000 2562.0754   26.4044
    0.0000    7.5000   -7.5000 2554.3298   26.2728
    7.5000    7.5000   -7.5000 2579.0146   26.6422
   -7.5000   15.0000   -7.5000 2550.2615   27.4420
    0.0000   15.0000   -7.5000 2549.7869   27.3520
    7.5000   15.0000   -7.5000 2570.3186   27.6953
   -7.5000   22.5000   -7.5000 2517.5479   28.9280
    0.0000   22.5000   -7.5000 2518.1104   28.8967
    7.5000   22.5000   -7.5000 2540.7881   29.2319
   -7.5000   30.0000   -7.5000 2471.9070   30.6649
    0.0000   30.0000   -7.5000 2475.0347   30.7158
    7.5000   30.0000   -7.5000 2494.4128   31.0426
   -7.5000   37.5000   -7.5000 2422.0212   32.5124
    0.0000   37.5000   -7.5000 2423.2856   32.5626
    7.5000   37.5000   -7.5000 2430.1079   32.8844
   -7.5000   45.0000   -7.5000 2344.1003   34.9667
    0.0000   45.0000   -7.5000 2349.7051   34.9694
    7.5000   45.0000   -7.5000 2342.9565   35.3455
   -7.5000  -45.0000    0.0000 2458.6470   35.3796
    0.0000  -45.0000    0.0000 2472.3965   35.3123
    7.5000  -45.0000    0.0000 2493.4258   35.4332
   -7.5000  -37.5000    0.0000 2519.3984   32.6920
    0.0000  -37.5000    0.0000 2528.3140   32.6294
    7.5000  -37.5000    0.0000 2554.0161   32.7073
   -7.5000  -30.0000    0.0000 2565.5076   30.5685
    0.0000  -30.0000    0.0000 2567.6475   30.4846
    7.5000  -30.0000    0.0000 2595.9336   30.5228
   -7.5000  -22.5000    0.0000 2589.0728   28.8636
    0.0000  -22.5000    0.0000 2594.6355   28.7888
    7.5000  -22.5000    0.0000 2618.5652   28.7884
   -7.5000  -15.0000    0.0000 2595.4211   27.6300
    0.0000  -15.0000    0.0000 2600.1187   27.4766
    7.5000  -15.0000    0.0000 2615.4363   27.3789
   -7.5000   -7.5000    0.0000 2592.5623   26.7876
    0.0000   -7.5000    0.0000 2588.6951   26.5508
    7.5000   -7.5000    0.0000 2610.7024   26.5527
   -7.5000    0.0000    0.0000 2581.7366   26.2121
    0.0000    0.0000    0.0000 2572.0913   26.0837
    7.5000    0.0000    0.0000 2599.7100   26.2860
   -7.5000    7.5000    0.0000 2586.9631   26.4913
    0.0000    7.5000    0.0000 2574.7271   26.3631
    7.5000    7.5000    0.0000 2607.0400   26.6734
   -7.5000   15.0000    0.0000 2590.3936   27.4747
    0.0000   15.0000    0.0000 2583.2783   27.3247
    7.5000   15.0000    0.0000 2605.7080   27.5869
   -7.5000   22.5000    0.0000 2564.8203   28.8496
    0.0000   22.5000    0.0000 2562.5444   28.7395
    7.5000   22.5000    0.0000 2584.3870   28.9537
   -7.5000   30.0000    0.0000 2519.8188   30.3957
    0.0000   30.0000    0.0000 2518.2051   30.3734
    7.5000   30.0000    0.0000 2541.7261   30.6003
   -7.5000   37.5000    0.0000 2465.4392   32.2203
    0.0000   37.5000    0.0000 2462.3362   32.1429
    7.5000   37.5000    0.0000 2472.2720   32.5057
   -7.5000   45.0000    0.0000 2374.4878   34.5392
    0.0000   45.0000    0.0000 2378.1121   34.5312
    7.5000   45.0000    0.0000 2375.3623   35.0219
   -7.5000  -45.0000    7.5000 2503.1465   36.6005
    0.0000  -45.0000    7.5000 2512.2278   36.4565
    7.5000  -45.0000    7.5000 2506.3970   36.1490
   -7.5000  -37.5000    7.5000 2561.5596   33.8280
    0.0000  -37.5000    7.5000 2572.7466   33.7071
    7.5000  -37.5000    7.5000 2570.2610   33.3203
   -7.5000  -30.0000    7.5000 2609.9641   31.7141
    0.0000  -30.0000    7.5000 2619.4822   31.6134
    7.5000  -30.0000    7.5000 2619.2104   31.1256
   -7.5000  -22.5000    7.5000 2654.0115   30.2233
    0.0000  -22.5000    7.5000 2658.9729   30.1184
    7.5000  -22.5000    7.5000 2655.6738   29.4542
   -7.5000  -15.0000    7.5000 2688.9207   29.3172
    0.0000  -15.0000    7.5000 2683.0676   29.1309
    7.5000  -15.0000    7.5000 2665.4683   28.1468
   -7.5000   -7.5000    7.5000 2690.9954   28.4810
    0.0000   -7.5000    7.5000 2672.5964   28.1641
    7.5000   -7.5000    7.5000 2648.3792   27.1753
   -7.5000    0.0000    7.5000 2652.4036   27.2305
    0.0000    0.0000    7.5000 2628.6318   27.0606
    7.5000    0.0000    7.5000 2626.2908   26.6629
   -7.5000    7.5000    7.5000 2632.1978   27.0070
    0.0000    7.5000    7.5000 2610.8665   26.9089
    7.5000    7.5000    7.5000 2617.9609   26.7439
   -7.5000   15.0000    7.5000 2628.7219   27.6719
    0.0000   15.0000    7.5000 2619.6646   27.5466
    7.5000   15.0000    7.5000 2606.3191   27.3674
   -7.5000   22.5000    7.5000 2595.4722   28.7332
    0.0000   22.5000    7.5000 2598.9822   28.6470
    7.5000   22.5000    7.5000 2580.2026   28.4369
   -7.5000   30.0000    7.5000 2545.1729   30.1979
    0.0000   30.0000    7.5000 2553.4248   30.1420
    7.5000   30.0000    7.5000 2540.7209   30.0454
   -7.5000   37.5000    7.5000 2487.6409   32.0254
    0.0000   37.5000    7.5000 2495.3208   31.9886
    7.5000   37.5000    7.5000 2480.1558   32.0419
   -7.5000   45.0000    7.5000 2401.4214   34.3886
    0.0000   45.0000    7.5000 2402.5315   34.3973
    7.5000   45.0000    7.5000 2386.1350   34.5272
   -7.5000  -45.0000   15.0000 2548.0789   38.2209
    0.0000  -45.0000   15.0000 2545.2705   37.9364
    7.5000  -45.0000   15.0000 2514.9927   37.0730
   -7.5000  -37.5000   15.0000 2624.9260   35.5142
    0.0000  -37.5000   15.0000 2617.4993   35.2138
    7.5000  -37.5000   15.0000 2582.2334   34.2534
   -7.5000  -30.0000   15.0000 2699.9929   33.4752
    0.0000  -30.0000   15.0000 2691.9543   33.2388
    7.5000  -30.0000   15.0000 2639.8650   32.1126
   -7.5000  -22.5000   15.0000 2768.3376   31.9677
    0.0000  -22.5000   15.0000 2764.1648   31.8482
    7.5000  -22.5000   15.0000 2691.4353   30.4839
   -7.5000  -15.0000   15.0000 2830.7380   31.2507
    0.0000  -15.0000   15.0000 2836.1555   31.1892
    7.5000  -15.0000   15.0000 2719.8279   29.2792
   -7.5000   -7.5000   15.0000 2874.2095   30.8430
    0.0000   -7.5000   15.0000 2877.0417   30.7347
    7.5000   -7.5000   15.0000 2695.3564   28.1825
   -7.5000    0.0000   15.0000 2794.3962   29.2615
    0.0000    0.0000   15.0000 2790.9431   29.2336
    7.5000    0.0000   15.0000 2660.1836   27.3427
   -7.5000    7.5000   15.0000 2682.5876   27.7122
    0.0000    7.5000   15.0000 2669.6033   27.6906
    7.5000    7.5000   15.0000 2620.1638   26.8484
   -7.5000   15.0000   15.0000 2639.6543   27.5955
    0.0000   15.0000   15.0000 2627.7019   27.5116
    7.5000   15.0000   15.0000 2595.1548   27.1259
   -7.5000   22.5000   15.0000 2593.5134   28.4090
    0.0000   22.5000   15.0000 2594.5986   28.3842
    7.5000   22.5000   15.0000 2575.7219   28.2460
   -7.5000   30.0000   15.0000 2550.8271   29.9396
    0.0000   30.0000   15.0000 2553.0435   29.9590
    7.5000   30.0000   15.0000 2534.6040   29.8563
   -7.5000   37.5000   15.0000 2502.4558   31.8358
    0.0000   37.5000   15.0000 2507.5173   31.9050
    7.5000   37.5000   15.0000 2488.2273   31.8775
   -7.5000   45.0000   15.0000 2419.9285   34.2849
    0.0000   45.0000   15.0000 2424.7554   34.3962
    7.5000   45.0000   15.0000 2402.1162   34.4239
   -7.5000  -45.0000   22.5000 2610.5027   40.0673
    0.0000  -45.0000   22.5000 2596.4600   39.6907
    7.5000  -45.0000   22.5000 2534.3306   38.5302
   -7.5000  -37.5000   22.5000 2698.0413   37.1568
    0.0000  -37.5000   22.5000 2683.4702   36.9297
    7.5000  -37.5000   22.5000 2610.2224   35.6667
   -7.5000  -30.0000   22.5000 2784.2778   34.9285
    0.0000  -30.0000   22.5000 2766.7329   34.7353
    7.5000  -30.0000   22.5000 2678.3301   33.3807
   -7.5000  -22.5000   22.5000 2865.6199   33.2814
    0.0000  -22.5000   22.5000 2842.6125   33.0773
    7.5000  -22.5000   22.5000 2735.3113   31.5672
   -7.5000  -15.0000   22.5000 2937.3201   32.3732
    0.0000  -15.0000   22.5000 2908.2241   32.1171
    7.5000  -15.0000   22.5000 2768.9692   30.1981
   -7.5000   -7.5000   22.5000 2986.5081   31.8968
    0.0000   -7.5000   22.5000 2944.2827   31.4592
    7.5000   -7.5000   22.5000 2758.9963   29.0394
   -7.5000    0.0000   22.5000 2903.2205   30.3555
    0.0000    0.0000   22.5000 2872.3679   30.1066
    7.5000    0.0000   22.5000 2694.4783   28.0438
   -7.5000    7.5000   22.5000 2744.2065   28.5896
    0.0000    7.5000   22.5000 2726.8547   28.5761
    7.5000    7.5000   22.5000 2653.5466   27.6142
   -7.5000   15.0000   22.5000 2654.7778   27.9077
    0.0000   15.0000   22.5000 2669.3232   28.1838
    7.5000   15.0000   22.5000 2626.3787   27.8710
   -7.5000   22.5000   22.5000 2596.0547   28.5729
    0.0000   22.5000   22.5000 2607.3047   28.8243
    7.5000   22.5000   22.5000 2578.7227   28.7004
   -7.5000   30.0000   22.5000 2547.8477   30.0239
    0.0000   30.0000   22.5000 2553.8201   30.1769
    7.5000   30.0000   22.5000 2539.0242   30.1615
   -7.5000   37.5000   22.5000 2502.4744   31.8633
    0.0000   37.5000   22.5000 2505.6406   31.9181
    7.5000   37.5000   22.5000 2490.2068   31.9956
   -7.5000   45.0000   22.5000 2434.1365   34.3657
    0.0000   45.0000   22.5000 2432.6121   34.3620
    7.5000   45.0000   22.5000 2407.9805   34.5095
   -7.5000  -45.0000   30.0000 2624.6602   41.3218
    0.0000  -45.0000   30.0000 2609.1975   40.9626
    7.5000  -45.0000   30.0000 2565.5327   40.0449
   -7.5000  -37.5000   30.0000 2713.6812   38.2173
    0.0000  -37.5000   30.0000 2694.7305   37.8895
    7.5000  -37.5000   30.0000 2644.0427   36.9162
   -7.5000  -30.0000   30.0000 2793.5471   35.6982
    0.0000  -30.0000   30.0000 2772.7285   35.4426
    7.5000  -30.0000   30.0000 2709.9614   34.3258
   -7.5000  -22.5000   30.0000 2862.0881   33.7043
    0.0000  -22.5000   30.0000 2835.4653   33.4404
    7.5000  -22.5000   30.0000 2759.5295   32.2333
   -7.5000  -15.0000   30.0000 2914.8528   32.3639
    0.0000  -15.0000   30.0000 2878.5730   32.0088
    7.5000  -15.0000   30.0000 2774.4194   30.5310
   -7.5000   -7.5000   30.0000 2898.0256   31.0492
    0.0000   -7.5000   30.0000 2853.6157   30.5904
    7.5000   -7.5000   30.0000 2743.6648   29.1434
   -7.5000    0.0000   30.0000 2764.4861   28.9114
    0.0000    0.0000   30.0000 2759.2456   28.9461
    7.5000    0.0000   30.0000 2717.0461   28.3692
   -7.5000    7.5000   30.0000 2707.9084   28.1307
    0.0000    7.5000   30.0000 2717.2078   28.3705
    7.5000    7.5000   30.0000 2698.0859   28.2238
   -7.5000   15.0000   30.0000 2675.2781   28.4215
    0.0000   15.0000   30.0000 2684.5222   28.6370
    7.5000   15.0000   30.0000 2660.3708   28.5720
   -7.5000   22.5000   30.0000 2625.2625   29.4131
    0.0000   22.5000   30.0000 2633.5740   29.6311
    7.5000   22.5000   30.0000 2615.7959   29.6163
   -7.5000   30.0000   30.0000 2564.2173   30.8118
    0.0000   30.0000   30.0000 2567.7844   30.9440
    7.5000   30.0000   30.0000 2555.0693   31.0111
   -7.5000   37.5000   30.0000 2513.4924   32.4862
    0.0000   37.5000   30.0000 2512.2109   32.5688
    7.5000   37.5000   30.0000 2494.6892   32.6633
   -7.5000   45.0000   30.0000 2447.5356   34.8514
    0.0000   45.0000   30.0000 2442.7571   34.9107
    7.5000   45.0000   30.0000 2413.2312   35.0315
   -7.5000  -45.0000   37.5000 2589.4792   41.8713
    0.0000  -45.0000   37.5000 2598.5090   41.7361
    7.5000  -45.0000   37.5000 2569.3997   41.1955
   -7.5000  -37.5000   37.5000 2673.3035   38.4904
    0.0000  -37.5000   37.5000 2675.9077   38.3660
    7.5000  -37.5000   37.5000 2642.5977   37.8142
   -7.5000  -30.0000   37.5000 2737.9614   35.6964
    0.0000  -30.0000   37.5000 2737.2927   35.5979
    7.5000  -30.0000   37.5000 2701.1309   35.0163
   -7.5000  -22.5000   37.5000 2782.8086   33.4611
    0.0000  -22.5000   37.5000 2785.4045   33.4212
    7.5000  -22.5000   37.5000 2747.2690   32.7641
   -7.5000  -15.0000   37.5000 2814.6116   31.7977
    0.0000  -15.0000   37.5000 2816.1824   31.7863
    7.5000  -15.0000   37.5000 2758.1924   30.8549
   -7.5000   -7.5000   37.5000 2770.8477   29.9835
    0.0000   -7.5000   37.5000 2769.5061   30.0190
    7.5000   -7.5000   37.5000 2738.5337   29.5143
   -7.5000    0.0000   37.5000 2716.0432   28.3722
    0.0000    0.0000   37.5000 2735.0332   28.7234
    7.5000    0.0000   37.5000 2742.7004   28.9149
   -7.5000    7.5000   37.5000 2731.3950   28.3295
    0.0000    7.5000   37.5000 2734.7820   28.5819
    7.5000    7.5000   37.5000 2730.4006   28.8709
   -7.5000   15.0000   37.5000 2712.7075   29.0978
    0.0000   15.0000   37.5000 2717.6262   29.2850
    7.5000   15.0000   37.5000 2692.2769   29.3571
   -7.5000   22.5000   37.5000 2661.2747   30.3173
    0.0000   22.5000   37.5000 2659.3953   30.4218
    7.5000   22.5000   37.5000 2647.5610   30.5468
   -7.5000   30.0000   37.5000 2601.5498   31.8836
    0.0000   30.0000   37.5000 2603.8711   31.9978
    7.5000   30.0000   37.5000 2585.4409   32.0697
   -7.5000   37.5000   37.5000 2542.2771   33.6001
    0.0000   37.5000   37.5000 2537.7229   33.6656
    7.5000   37.5000   37.5000 2508.4863   33.7134
   -7.5000   45.0000   37.5000 2439.7104   35.7623
    0.0000   45.0000   37.5000 2437.3872   35.8177
    7.5000   45.0000   37.5000 2409.1101   35.9665
   -7.5000  -45.0000   45.0000 2532.4082   41.8820
    0.0000  -45.0000   45.0000 2553.7930   42.0255
    7.5000  -45.0000   45.0000 2551.4097   42.0317
   -7.5000  -37.5000   45.0000 2608.4954   38.3737
    0.0000  -37.5000   45.0000 2629.3608   38.5424
    7.5000  -37.5000   45.0000 2623.7595   38.5125
   -7.5000  -30.0000   45.0000 2671.1833   35.5317
    0.0000  -30.0000   45.0000 2690.6838   35.6964
    7.5000  -30.0000   45.0000 2687.4409   35.6454
   -7.5000  -22.5000   45.0000 2724.4514   33.3462
    0.0000  -22.5000   45.0000 2743.8875   33.4915
    7.5000  -22.5000   45.0000 2721.4512   33.1911
   -7.5000  -15.0000   45.0000 2735.3694   31.4230
    0.0000  -15.0000   45.0000 2745.7502   31.5174
    7.5000  -15.0000   45.0000 2733.2876   31.2650
   -7.5000   -7.5000   45.0000 2705.5603   29.4532
    0.0000   -7.5000   45.0000 2727.2217   29.7224
    7.5000   -7.5000   45.0000 2741.2073   30.0466
   -7.5000    0.0000   45.0000 2724.3616   28.5904
    0.0000    0.0000   45.0000 2729.2273   28.8888
    7.5000    0.0000   45.0000 2748.1384   29.3820
   -7.5000    7.5000   45.0000 2742.6914   28.9031
    0.0000    7.5000   45.0000 2743.0977   29.0934
    7.5000    7.5000   45.0000 2738.7466   29.4393
   -7.5000   15.0000   45.0000 2726.1399   29.8341
    0.0000   15.0000   45.0000 2724.2800   29.9824
    7.5000   15.0000   45.0000 2707.0659   30.1585
   -7.5000   22.5000   45.0000 2681.4153   31.2395
    0.0000   22.5000   45.0000 2681.3501   31.3978
    7.5000   22.5000   45.0000 2664.5083   31.5367
   -7.5000   30.0000   45.0000 2631.1982   32.9930
    0.0000   30.0000   45.0000 2627.3311   33.1088
    7.5000   30.0000   45.0000 2610.3552   33.2274
   -7.5000   37.5000   45.0000 2566.5247   34.9510
    0.0000   37.5000   45.0000 2563.5957   34.9951
    7.5000   37.5000   45.0000 2541.4648   35.0878
   -7.5000   45.0000   45.0000 2437.7595   37.2669
    0.0000   45.0000   45.0000 2439.3459   37.2473
    7.5000   45.0000   45.0000 2422.0547   37.3036
   -7.5000  -45.0000   52.5000 2468.3621   41.9045
    0.0000  -45.0000   52.5000 2494.9604   42.1957
    7.5000  -45.0000   52.5000 2523.8486   42.7894
   -7.5000  -37.5000   52.5000 2544.8452   38.3390
    0.0000  -37.5000   52.5000 2572.7122   38.6500
    7.5000  -37.5000   52.5000 2598.7629   39.1596
   -7.5000  -30.0000   52.5000 2604.8254   35.4876
    0.0000  -30.0000   52.5000 2637.5098   35.8222
    7.5000  -30.0000   52.5000 2649.5037   36.1133
   -7.5000  -22.5000   52.5000 2646.3877   33.1215
    0.0000  -22.5000   52.5000 2669.8115   33.4378
    7.5000  -22.5000   52.5000 2686.0215   33.6408
   -7.5000  -15.0000   52.5000 2656.8892   31.1394
    0.0000  -15.0000   52.5000 2681.1882   31.4054
    7.5000  -15.0000   52.5000 2706.8926   31.8947
   -7.5000   -7.5000   52.5000 2680.9287   29.6763
    0.0000   -7.5000   52.5000 2693.5525   29.9886
    7.5000   -7.5000   52.5000 2707.6697   30.6151
   -7.5000    0.0000   52.5000 2718.5789   29.1609
    0.0000    0.0000   52.5000 2718.8552   29.4616
    7.5000    0.0000   52.5000 2728.5410   30.0226
   -7.5000    7.5000   52.5000 2733.2170   29.5547
    0.0000    7.5000   52.5000 2730.3320   29.6955
    7.5000    7.5000   52.5000 2729.3337   30.2062
   -7.5000   15.0000   52.5000 2717.9724   30.5799
    0.0000   15.0000   52.5000 2716.7644   30.7065
    7.5000   15.0000   52.5000 2702.6870   31.0373
   -7.5000   22.5000   52.5000 2671.0925   32.1002
    0.0000   22.5000   52.5000 2668.9241   32.1844
    7.5000   22.5000   52.5000 2660.2227   32.5154
   -7.5000   30.0000   52.5000 2613.8621   33.9744
    0.0000   30.0000   52.5000 2614.6597   34.0745
    7.5000   30.0000   52.5000 2603.0537   34.3859
   -7.5000   37.5000   52.5000 2531.9338   36.0934
    0.0000   37.5000   52.5000 2538.0352   36.1741
    7.5000   37.5000   52.5000 2526.4675   36.3651
   -7.5000   45.0000   52.5000 2402.1465   38.6074
    0.0000   45.0000   52.5000 2411.5757   38.6890
    7.5000   45.0000   52.5000 2395.2114   38.8151
   -7.5000  -45.0000   60.0000 2382.8289   42.0594
    0.0000  -45.0000   60.0000 2418.9221   42.4947
    7.5000  -45.0000   60.0000 2447.8933   43.3333
   -7.5000  -37.5000   60.0000 2456.3428   38.3898
    0.0000  -37.5000   60.0000 2494.5256   38.8515
    7.5000  -37.5000   60.0000 2523.7717   39.6341
   -7.5000  -30.0000   60.0000 2512.0540   35.5193
    0.0000  -30.0000   60.0000 2546.5603   35.9357
    7.5000  -30.0000   60.0000 2580.3359   36.6020
   -7.5000  -22.5000   60.0000 2554.9719   33.1975
    0.0000  -22.5000   60.0000 2583.4529   33.5694
    7.5000  -22.5000   60.0000 2613.9163   34.2182
   -7.5000  -15.0000   60.0000 2585.7346   31.3855
    0.0000  -15.0000   60.0000 2609.0769   31.7450
    7.5000  -15.0000   60.0000 2635.3379   32.5534
   -7.5000   -7.5000   60.0000 2627.7166   30.2756
    0.0000   -7.5000   60.0000 2641.2007   30.6634
    7.5000   -7.5000   60.0000 2650.2368   31.3368
   -7.5000    0.0000   60.0000 2673.1360   29.9587
    0.0000    0.0000   60.0000 2672.3662   30.2360
    7.5000    0.0000   60.0000 2672.3074   30.8380
   -7.5000    7.5000   60.0000 2680.5447   30.2829
    0.0000    7.5000   60.0000 2682.8464   30.4760
    7.5000    7.5000   60.0000 2677.5210   31.0675
   -7.5000   15.0000   60.0000 2665.8865   31.2915
    0.0000   15.0000   60.0000 2663.1914   31.4438
    7.5000   15.0000   60.0000 2655.5652   31.9515
   -7.5000   22.5000   60.0000 2615.3040   32.8595
    0.0000   22.5000   60.0000 2615.6465   33.0136
    7.5000   22.5000   60.0000 2606.1326   33.4734
   -7.5000   30.0000   60.0000 2547.8596   34.8122
    0.0000   30.0000   60.0000 2548.3953   34.9663
    7.5000   30.0000   60.0000 2543.4731   35.4277
   -7.5000   37.5000   60.0000 2461.1577   37.0613
    0.0000   37.5000   60.0000 2464.8298   37.1955
    7.5000   37.5000   60.0000 2455.1782   37.5191
   -7.5000   45.0000   60.0000 2333.9629   39.7735
    0.0000   45.0000   60.0000 2340.5933   39.8746
    7.5000   45.0000   60.0000 2332.3076   40.1265

---------------------------------------------------------------------
imgreg_4dfp /opt/freesurfer/average/711-2C_as_mni_average_305 /opt/freesurfer/average/711-2B_as_mni_average_305_mask talsrcimg_g11 none talsrcimg_to_711-2C_as_mni_average_305_t4 1283
---------------------------------------------------------------------

freesurfer imgreg_4dfp.c
/opt/freesurfer/average/711-2C_as_mni_average_305.4dfp.img
       256       256       256         1
  1.000000  1.000000  1.000000
orientation T byte_order littleendian
Reading image: /opt/freesurfer/average/711-2C_as_mni_average_305.4dfp.img
dimensions:      256       256       256
mmppix:       1.0000   -1.0000   -1.0000
center:     128.0000 -129.0000 -129.0000
/opt/freesurfer/average/711-2B_as_mni_average_305_mask.4dfp.img
       256       256       256         1
  1.000000  1.000000  1.000000
orientation T byte_order littleendian
Reading mask: /opt/freesurfer/average/711-2B_as_mni_average_305_mask.4dfp.img (2306576 pixels)
talsrcimg_g11.4dfp.img
       320       320       320         1
  0.800000  0.800000  0.800000
orientation T byte_order littleendian
Reading image: talsrcimg_g11.4dfp.img
dimensions:      320       320       320
mmppix:       0.8000   -0.8000   -0.8000
center:     128.0000 -128.8000 -128.8000
rotation matrix determinant  1.000000
fimgreg.f
image alignment mode   1283 decimal      503 hex
parameters
   -7.5000   -7.5000   22.5000    0.0000    0.0000    0.0000
eta,q 0.94041 32.11110
niter,ni,del,rscale     5    3   12.0000    1.2000
parameter  1 -0.618484 -> -0.500000 qaram    1.1500
parameter  6  0.794761 ->  0.500000 qaram    1.1500
parameters
   -4.0500   -6.3056   21.8230   -2.1890   -0.8427   -3.4500
eta,q 0.95105 32.07759
  0.1170  0.0686  0.0663  0.0525  0.0602  0.0491
  0.0999  0.0628  0.0566  0.0511  0.0539  0.0489
  0.0836  0.0570  0.0527  0.0510  0.0512  0.0493
  0.0660  0.0531  0.0519  0.0519  0.0509  0.0508
  0.0546  0.0515  0.0536  0.0527  0.0538  0.0529
  0.0541  0.0530  0.0613  0.0531  0.0594  0.0555
  0.0639  0.0618  0.0772  0.0543  0.0662  0.0585
niter,ni,del,rscale     6    3   12.0000    1.2000
parameters
   -4.1483   -5.6888   21.7264   -3.3336   -0.6272   -4.6947
eta,q 0.95231 32.12310
  0.1023  0.0662  0.0685  0.0508  0.0631  0.0506
  0.0783  0.0595  0.0565  0.0487  0.0540  0.0488
  0.0556  0.0530  0.0499  0.0477  0.0492  0.0478
  0.0489  0.0489  0.0482  0.0482  0.0477  0.0478
  0.0574  0.0477  0.0495  0.0497  0.0495  0.0487
  0.0796  0.0512  0.0556  0.0512  0.0538  0.0509
  0.1057  0.0633  0.0715  0.0526  0.0600  0.0540
niter,ni,del,rscale     5    3   12.0000    1.2000
parameters
   -4.2193   -5.3074   21.6319   -3.8945   -0.4754   -4.7321
eta,q 0.95303 32.13176
  0.1039  0.0655  0.0682  0.0506  0.0625  0.0515
  0.0785  0.0587  0.0560  0.0485  0.0540  0.0489
  0.0546  0.0521  0.0492  0.0469  0.0486  0.0475
  0.0477  0.0476  0.0471  0.0471  0.0469  0.0470
  0.0573  0.0463  0.0481  0.0483  0.0490  0.0473
  0.0802  0.0511  0.0547  0.0498  0.0535  0.0488
  0.1055  0.0654  0.0718  0.0515  0.0605  0.0518
niter,ni,del,rscale     4    3   12.0000    1.2000
parameters
   -4.2683   -5.1133   21.5732   -4.2058   -0.3559   -4.7688
eta,q 0.95340 32.13548
  0.1048  0.0650  0.0684  0.0507  0.0622  0.0512
  0.0786  0.0583  0.0560  0.0485  0.0538  0.0485
  0.0542  0.0515  0.0489  0.0467  0.0482  0.0471
  0.0470  0.0469  0.0466  0.0467  0.0466  0.0466
  0.0567  0.0458  0.0476  0.0478  0.0487  0.0470
  0.0800  0.0519  0.0542  0.0494  0.0533  0.0485
  0.1055  0.0673  0.0715  0.0511  0.0606  0.0515
niter,ni,del,rscale     3    3   12.0000    1.2000
parameters
   -4.3060   -4.9946   21.5344   -4.3975   -0.2682   -4.7940
eta,q 0.95361 32.13739
  0.1052  0.0649  0.0686  0.0507  0.0620  0.0511
  0.0787  0.0581  0.0560  0.0486  0.0536  0.0483
  0.0540  0.0513  0.0487  0.0466  0.0479  0.0469
  0.0466  0.0466  0.0464  0.0464  0.0464  0.0464
  0.0564  0.0456  0.0473  0.0475  0.0485  0.0467
  0.0799  0.0523  0.0540  0.0491  0.0532  0.0483
  0.1056  0.0681  0.0714  0.0508  0.0607  0.0513
niter,ni,del,rscale     2    3   12.0000    1.2000
parameters
   -4.3334   -4.9160   21.5112   -4.5285   -0.2064   -4.8178
eta,q 0.95376 32.13834
  0.1056  0.0647  0.0687  0.0507  0.0619  0.0510
  0.0788  0.0580  0.0561  0.0486  0.0535  0.0482
  0.0539  0.0511  0.0487  0.0465  0.0477  0.0468
  0.0464  0.0464  0.0462  0.0463  0.0462  0.0462
  0.0562  0.0455  0.0471  0.0474  0.0484  0.0466
  0.0799  0.0525  0.0538  0.0490  0.0532  0.0481
  0.1056  0.0686  0.0713  0.0507  0.0609  0.0512
niter,ni,del,rscale     1    3   12.0000    1.2000
parameters
   -4.3538   -4.8628   21.4948   -4.6164   -0.1612   -4.8345
eta,q 0.95386 32.13923
  0.1058  0.0647  0.0687  0.0506  0.0618  0.0510
  0.0789  0.0579  0.0560  0.0486  0.0534  0.0481
  0.0538  0.0510  0.0486  0.0465  0.0475  0.0467
  0.0462  0.0462  0.0461  0.0462  0.0461  0.0461
  0.0560  0.0454  0.0470  0.0472  0.0483  0.0465
  0.0798  0.0527  0.0537  0.0489  0.0532  0.0480
  0.1056  0.0689  0.0712  0.0506  0.0610  0.0512
registration optimization eta report
parameter search radius
    6.9000    6.0000    6.0000    6.0000    6.0000    6.9000
100000*second partial in parameter space
      122.       58.       68.       12.       42.       10.
  0.1058  0.0647  0.0687  0.0506  0.0618  0.0510
  0.0789  0.0579  0.0560  0.0486  0.0534  0.0481
  0.0538  0.0510  0.0486  0.0465  0.0475  0.0467
  0.0462  0.0462  0.0461  0.0462  0.0461  0.0461
  0.0560  0.0454  0.0470  0.0472  0.0483  0.0465
  0.0798  0.0527  0.0537  0.0489  0.0532  0.0480
  0.1056  0.0689  0.0712  0.0506  0.0610  0.0512
   -4.3538   -4.8628   21.4948   -4.6164   -0.1612   -4.8345
eta,q 0.95386 32.13923

---------------------------------------------------------------------
imgreg_4dfp /opt/freesurfer/average/711-2C_as_mni_average_305 /opt/freesurfer/average/711-2B_as_mni_average_305_mask talsrcimg_g11 none talsrcimg_to_711-2C_as_mni_average_305_t4 3335
---------------------------------------------------------------------

freesurfer imgreg_4dfp.c
/opt/freesurfer/average/711-2C_as_mni_average_305.4dfp.img
       256       256       256         1
  1.000000  1.000000  1.000000
orientation T byte_order littleendian
Reading image: /opt/freesurfer/average/711-2C_as_mni_average_305.4dfp.img
dimensions:      256       256       256
mmppix:       1.0000   -1.0000   -1.0000
center:     128.0000 -129.0000 -129.0000
/opt/freesurfer/average/711-2B_as_mni_average_305_mask.4dfp.img
       256       256       256         1
  1.000000  1.000000  1.000000
orientation T byte_order littleendian
Reading mask: /opt/freesurfer/average/711-2B_as_mni_average_305_mask.4dfp.img (2306576 pixels)
talsrcimg_g11.4dfp.img
       320       320       320         1
  0.800000  0.800000  0.800000
orientation T byte_order littleendian
Reading image: talsrcimg_g11.4dfp.img
dimensions:      320       320       320
mmppix:       0.8000   -0.8000   -0.8000
center:     128.0000 -128.8000 -128.8000
fimgreg.f
image alignment mode   3335 decimal      D07 hex
parameters
   -4.3538   -4.8628   21.4948   -0.3562   -0.6771   -0.3248
    8.3779    0.9577   -8.4278    7.9962   -0.2813   -8.0484
eta,q 0.95522 32.57468
niter,ni,del,rscale     5    3    5.0000    1.2000
parameter  2 -0.519062 -> -0.500000 qaram    1.1500
parameter  4  0.639128 ->  0.500000 qaram    1.1500
parameter  5  0.530108 ->  0.500000 qaram    1.1500
parameter 12  1.390863 ->  0.500000 qaram    1.1500
parameters
   -4.4786   -3.4828   21.1941   -4.4962   -4.8171   -2.8237
    7.3382    0.8742   -5.7505    5.3608   -1.5923  -12.1884
eta,q 0.96514 32.43340
  0.0524  0.0503  0.0467  0.0375  0.0356  0.0371  0.0374  0.0405  0.0380  0.0359  0.0357  0.0347
  0.0481  0.0482  0.0449  0.0368  0.0354  0.0364  0.0363  0.0380  0.0369  0.0355  0.0354  0.0348
  0.0455  0.0463  0.0439  0.0381  0.0357  0.0357  0.0358  0.0365  0.0362  0.0353  0.0353  0.0350
  0.0448  0.0448  0.0437  0.0437  0.0369  0.0354  0.0357  0.0357  0.0357  0.0355  0.0353  0.0353
  0.0460  0.0438  0.0444  0.0555  0.0405  0.0374  0.0361  0.0356  0.0355  0.0361  0.0354  0.0357
  0.0492  0.0438  0.0461  0.0735  0.0483  0.0445  0.0371  0.0372  0.0356  0.0370  0.0356  0.0361
  0.0543  0.0449  0.0489  0.0945  0.0583  0.0604  0.0391  0.0418  0.0360  0.0384  0.0362  0.0366
niter,ni,del,rscale     7    3    5.0000    1.2000
parameter  2 -1.617987 -> -0.500000 qaram    1.3225
parameter  3 -0.534731 -> -0.500000 qaram    1.1500
parameter 12  0.564546 ->  0.500000 qaram    1.3225
parameters
   -4.7782   -1.8958   22.5741   -6.4899   -7.1013   -3.4450
    6.8610    2.4486   -4.5721    7.3606   -1.8158  -16.9494
eta,q 0.96742 32.15858
  0.0368  0.0410  0.0337  0.0368  0.0352  0.0356  0.0347  0.0355  0.0345  0.0353  0.0332  0.0327
  0.0355  0.0388  0.0332  0.0352  0.0339  0.0348  0.0339  0.0346  0.0337  0.0343  0.0330  0.0326
  0.0349  0.0367  0.0328  0.0333  0.0331  0.0339  0.0334  0.0338  0.0332  0.0335  0.0329  0.0326
  0.0349  0.0348  0.0324  0.0322  0.0329  0.0330  0.0332  0.0332  0.0330  0.0330  0.0328  0.0328
  0.0354  0.0333  0.0322  0.0334  0.0337  0.0328  0.0334  0.0329  0.0330  0.0328  0.0328  0.0331
  0.0364  0.0322  0.0322  0.0396  0.0378  0.0340  0.0340  0.0332  0.0332  0.0330  0.0330  0.0335
  0.0381  0.0316  0.0324  0.0534  0.0468  0.0387  0.0353  0.0344  0.0338  0.0337  0.0334  0.0341
niter,ni,del,rscale     7    3    5.0000    1.2000
parameter  2 -1.028501 -> -0.500000 qaram    1.5209
parameters
   -4.8942   -0.0707   22.2073   -7.0816   -8.5433   -3.6031
    6.7131    2.0858   -4.1230    8.8755   -0.8547  -20.6114
eta,q 0.96901 32.02382
  0.0343  0.0391  0.0317  0.0357  0.0344  0.0343  0.0329  0.0330  0.0327  0.0337  0.0316  0.0314
  0.0333  0.0366  0.0311  0.0342  0.0328  0.0334  0.0320  0.0323  0.0320  0.0327  0.0314  0.0311
  0.0327  0.0344  0.0308  0.0324  0.0316  0.0323  0.0315  0.0317  0.0315  0.0319  0.0313  0.0310
  0.0326  0.0326  0.0306  0.0306  0.0310  0.0312  0.0313  0.0313  0.0313  0.0313  0.0312  0.0311
  0.0329  0.0312  0.0308  0.0299  0.0311  0.0308  0.0314  0.0312  0.0314  0.0312  0.0311  0.0315
  0.0336  0.0305  0.0315  0.0326  0.0338  0.0316  0.0320  0.0319  0.0317  0.0315  0.0312  0.0321
  0.0346  0.0303  0.0327  0.0411  0.0420  0.0365  0.0332  0.0342  0.0324  0.0324  0.0315  0.0329
niter,ni,del,rscale     7    3    5.0000    1.2000
parameters
   -4.9953    1.2665   21.9449   -7.2366   -9.6918   -4.3245
    6.4673    2.2244   -4.2638   10.2033    0.0418  -21.8029
eta,q 0.96896 31.93729
  0.0326  0.0367  0.0317  0.0355  0.0347  0.0341  0.0328  0.0331  0.0322  0.0333  0.0316  0.0320
  0.0316  0.0342  0.0311  0.0341  0.0329  0.0331  0.0319  0.0324  0.0316  0.0322  0.0314  0.0312
  0.0311  0.0322  0.0307  0.0324  0.0315  0.0320  0.0314  0.0317  0.0313  0.0316  0.0312  0.0310
  0.0310  0.0310  0.0305  0.0305  0.0306  0.0309  0.0312  0.0312  0.0312  0.0312  0.0311  0.0311
  0.0312  0.0305  0.0307  0.0294  0.0305  0.0306  0.0313  0.0310  0.0313  0.0311  0.0311  0.0313
  0.0319  0.0308  0.0313  0.0314  0.0329  0.0320  0.0319  0.0315  0.0317  0.0314  0.0312  0.0318
  0.0328  0.0320  0.0325  0.0390  0.0420  0.0390  0.0332  0.0337  0.0324  0.0322  0.0315  0.0325
niter,ni,del,rscale     6    3    5.0000    1.2000
parameters
   -4.9588    1.5790   21.9011   -7.0877   -9.7639   -4.7176
    6.5279    2.1043   -4.6569   10.6062    0.0956  -21.7389
eta,q 0.96886 31.94009
  0.0327  0.0347  0.0323  0.0358  0.0355  0.0343  0.0329  0.0331  0.0321  0.0329  0.0315  0.0326
  0.0318  0.0327  0.0317  0.0345  0.0336  0.0333  0.0320  0.0324  0.0315  0.0319  0.0314  0.0314
  0.0312  0.0315  0.0313  0.0328  0.0320  0.0321  0.0314  0.0317  0.0312  0.0314  0.0312  0.0312
  0.0310  0.0310  0.0310  0.0310  0.0310  0.0310  0.0311  0.0311  0.0312  0.0312  0.0311  0.0311
  0.0312  0.0313  0.0311  0.0298  0.0305  0.0305  0.0312  0.0310  0.0313  0.0312  0.0311  0.0313
  0.0317  0.0321  0.0316  0.0314  0.0315  0.0317  0.0317  0.0316  0.0317  0.0316  0.0313  0.0317
  0.0326  0.0336  0.0325  0.0382  0.0377  0.0376  0.0330  0.0342  0.0324  0.0326  0.0316  0.0323
niter,ni,del,rscale     5    3    5.0000    1.2000
parameters
   -4.9024    1.6560   21.9983   -6.9730   -9.7528   -4.7064
    6.5603    2.0332   -4.8543   10.4710   -0.1877  -21.6852
eta,q 0.96893 31.93889
  0.0329  0.0343  0.0324  0.0359  0.0356  0.0344  0.0328  0.0330  0.0321  0.0326  0.0315  0.0326
  0.0319  0.0325  0.0318  0.0345  0.0337  0.0334  0.0319  0.0323  0.0315  0.0317  0.0313  0.0313
  0.0313  0.0314  0.0314  0.0329  0.0321  0.0322  0.0313  0.0316  0.0312  0.0313  0.0312  0.0311
  0.0311  0.0311  0.0311  0.0311  0.0311  0.0311  0.0311  0.0311  0.0311  0.0311  0.0311  0.0311
  0.0313  0.0315  0.0311  0.0299  0.0306  0.0305  0.0311  0.0309  0.0312  0.0312  0.0311  0.0313
  0.0318  0.0324  0.0315  0.0315  0.0316  0.0315  0.0317  0.0315  0.0315  0.0317  0.0312  0.0317
  0.0327  0.0340  0.0324  0.0383  0.0375  0.0362  0.0329  0.0339  0.0322  0.0328  0.0316  0.0323
niter,ni,del,rscale     4    3    5.0000    1.2000
parameters
   -4.8829    1.6341   22.0404   -6.9253   -9.7586   -4.6284
    6.5969    2.0335   -4.8677   10.4036   -0.4191  -21.6521
eta,q 0.96899 31.93988
  0.0328  0.0341  0.0322  0.0358  0.0356  0.0344  0.0328  0.0330  0.0321  0.0326  0.0314  0.0325
  0.0318  0.0323  0.0317  0.0345  0.0336  0.0334  0.0318  0.0322  0.0315  0.0317  0.0312  0.0313
  0.0312  0.0313  0.0313  0.0328  0.0321  0.0322  0.0313  0.0316  0.0311  0.0312  0.0311  0.0310
  0.0311  0.0311  0.0311  0.0311  0.0310  0.0310  0.0310  0.0310  0.0310  0.0310  0.0310  0.0310
  0.0313  0.0315  0.0311  0.0299  0.0306  0.0305  0.0311  0.0308  0.0311  0.0311  0.0310  0.0312
  0.0318  0.0324  0.0315  0.0316  0.0316  0.0314  0.0316  0.0314  0.0315  0.0316  0.0312  0.0316
  0.0327  0.0341  0.0324  0.0385  0.0375  0.0360  0.0329  0.0337  0.0321  0.0327  0.0316  0.0322
niter,ni,del,rscale     3    3    5.0000    1.2000
parameters
   -4.8808    1.6158   22.0347   -6.9050   -9.7570   -4.5834
    6.5834    2.0463   -4.8426   10.4060   -0.4935  -21.6476
eta,q 0.96902 31.94281
  0.0327  0.0341  0.0322  0.0358  0.0355  0.0344  0.0327  0.0329  0.0321  0.0326  0.0314  0.0325
  0.0317  0.0323  0.0317  0.0344  0.0336  0.0333  0.0318  0.0322  0.0315  0.0317  0.0312  0.0312
  0.0312  0.0313  0.0313  0.0328  0.0320  0.0322  0.0312  0.0315  0.0311  0.0312  0.0311  0.0310
  0.0310  0.0310  0.0310  0.0310  0.0310  0.0310  0.0310  0.0310  0.0310  0.0310  0.0310  0.0310
  0.0312  0.0314  0.0310  0.0299  0.0305  0.0304  0.0311  0.0308  0.0311  0.0311  0.0310  0.0312
  0.0318  0.0324  0.0315  0.0316  0.0315  0.0314  0.0316  0.0314  0.0314  0.0316  0.0311  0.0316
  0.0327  0.0341  0.0324  0.0386  0.0374  0.0361  0.0329  0.0337  0.0321  0.0327  0.0315  0.0322
niter,ni,del,rscale     2    3    5.0000    1.2000
parameters
   -4.8776    1.6093   22.0131   -6.9038   -9.7532   -4.5693
    6.5660    2.0532   -4.8403   10.4309   -0.4896  -21.6451
eta,q 0.96902 31.94523
  0.0327  0.0341  0.0321  0.0358  0.0355  0.0343  0.0327  0.0329  0.0321  0.0326  0.0314  0.0325
  0.0317  0.0323  0.0316  0.0344  0.0336  0.0333  0.0318  0.0322  0.0315  0.0317  0.0312  0.0312
  0.0311  0.0313  0.0312  0.0328  0.0320  0.0321  0.0312  0.0315  0.0311  0.0312  0.0311  0.0310
  0.0310  0.0310  0.0310  0.0310  0.0310  0.0310  0.0310  0.0310  0.0310  0.0310  0.0310  0.0310
  0.0312  0.0314  0.0310  0.0299  0.0305  0.0304  0.0311  0.0308  0.0311  0.0311  0.0310  0.0312
  0.0317  0.0323  0.0315  0.0316  0.0315  0.0314  0.0316  0.0314  0.0314  0.0316  0.0311  0.0316
  0.0326  0.0341  0.0324  0.0386  0.0374  0.0362  0.0329  0.0337  0.0321  0.0327  0.0315  0.0322
registration optimization eta report
parameter search radius
    2.4000    3.6501    2.7600    8.2800    8.2800    7.2000
    7.2000    7.2000    7.2000    7.2000    7.2000    9.5220
100000*second partial in parameter space
       29.       23.       17.        9.        8.        8.
        4.        5.        2.        3.        1.        2.
  0.0327  0.0341  0.0321  0.0358  0.0355  0.0343  0.0327  0.0329  0.0321  0.0326  0.0314  0.0325
  0.0317  0.0323  0.0316  0.0344  0.0336  0.0333  0.0318  0.0322  0.0315  0.0317  0.0312  0.0312
  0.0311  0.0313  0.0312  0.0328  0.0320  0.0321  0.0312  0.0315  0.0311  0.0312  0.0311  0.0310
  0.0310  0.0310  0.0310  0.0310  0.0310  0.0310  0.0310  0.0310  0.0310  0.0310  0.0310  0.0310
  0.0312  0.0314  0.0310  0.0299  0.0305  0.0304  0.0311  0.0308  0.0311  0.0311  0.0310  0.0312
  0.0317  0.0323  0.0315  0.0316  0.0315  0.0314  0.0316  0.0314  0.0314  0.0316  0.0311  0.0316
  0.0326  0.0341  0.0324  0.0386  0.0374  0.0362  0.0329  0.0337  0.0321  0.0327  0.0315  0.0322
   -4.8776    1.6093   22.0131   -6.9038   -9.7532   -4.5693
    6.5660    2.0532   -4.8403   10.4309   -0.4896  -21.6451
eta,q 0.96902 31.94523

---------------------------------------------------------------------
imgreg_4dfp /opt/freesurfer/average/711-2C_as_mni_average_305 /opt/freesurfer/average/711-2B_as_mni_average_305_mask talsrcimg_g11 none talsrcimg_to_711-2C_as_mni_average_305_t4 2311
---------------------------------------------------------------------

freesurfer imgreg_4dfp.c
/opt/freesurfer/average/711-2C_as_mni_average_305.4dfp.img
       256       256       256         1
  1.000000  1.000000  1.000000
orientation T byte_order littleendian
Reading image: /opt/freesurfer/average/711-2C_as_mni_average_305.4dfp.img
dimensions:      256       256       256
mmppix:       1.0000   -1.0000   -1.0000
center:     128.0000 -129.0000 -129.0000
/opt/freesurfer/average/711-2B_as_mni_average_305_mask.4dfp.img
       256       256       256         1
  1.000000  1.000000  1.000000
orientation T byte_order littleendian
Reading mask: /opt/freesurfer/average/711-2B_as_mni_average_305_mask.4dfp.img (2306576 pixels)
talsrcimg_g11.4dfp.img
       320       320       320         1
  0.800000  0.800000  0.800000
orientation T byte_order littleendian
Reading image: talsrcimg_g11.4dfp.img
dimensions:      320       320       320
mmppix:       0.8000   -0.8000   -0.8000
center:     128.0000 -128.8000 -128.8000
fimgreg.f
image alignment mode   2311 decimal      907 hex
parameters
   -4.8776    1.6093   22.0131   -6.9038   -9.7532   -4.5693
    6.5660    2.0532   -4.8403   10.4309   -0.4896  -21.6451
eta,q 0.96902 31.94524
niter,ni,del,rscale     5    3    5.0000    0.8000
parameter  4 -0.673621 -> -0.500000 qaram    1.1500
parameters
   -4.9064    1.5187   22.2818   -4.1438   -8.7177   -3.7242
    6.4716    0.9292   -5.0597   10.4034   -2.2196  -21.7709
eta,q 0.97055 32.14274
  0.0317  0.0315  0.0315  0.0340  0.0317  0.0321  0.0311  0.0305  0.0304  0.0305  0.0296  0.0298
  0.0313  0.0312  0.0313  0.0330  0.0309  0.0312  0.0302  0.0299  0.0299  0.0299  0.0295  0.0296
  0.0310  0.0310  0.0311  0.0320  0.0303  0.0304  0.0297  0.0295  0.0296  0.0296  0.0294  0.0295
  0.0310  0.0310  0.0310  0.0309  0.0298  0.0297  0.0295  0.0295  0.0295  0.0295  0.0295  0.0294
  0.0311  0.0311  0.0310  0.0301  0.0297  0.0294  0.0296  0.0299  0.0296  0.0296  0.0296  0.0295
  0.0313  0.0313  0.0310  0.0299  0.0298  0.0298  0.0302  0.0310  0.0300  0.0299  0.0299  0.0296
  0.0317  0.0316  0.0313  0.0307  0.0307  0.0312  0.0313  0.0333  0.0306  0.0306  0.0303  0.0298
niter,ni,del,rscale     5    3    5.0000    0.8000
parameters
   -4.7595    1.1394   21.8002   -5.0005   -8.2370   -2.5711
    5.9671    1.2942   -4.7088   10.6065   -3.0944  -21.5207
eta,q 0.97094 32.24181
  0.0312  0.0298  0.0296  0.0325  0.0313  0.0321  0.0302  0.0308  0.0300  0.0306  0.0293  0.0298
  0.0303  0.0295  0.0294  0.0313  0.0305  0.0312  0.0295  0.0300  0.0295  0.0297  0.0292  0.0293
  0.0297  0.0294  0.0294  0.0301  0.0299  0.0304  0.0292  0.0294  0.0292  0.0292  0.0291  0.0291
  0.0294  0.0294  0.0294  0.0294  0.0296  0.0295  0.0291  0.0291  0.0291  0.0291  0.0291  0.0291
  0.0295  0.0296  0.0296  0.0298  0.0295  0.0290  0.0293  0.0291  0.0291  0.0292  0.0291  0.0291
  0.0299  0.0300  0.0299  0.0322  0.0298  0.0293  0.0298  0.0294  0.0293  0.0296  0.0293  0.0293
  0.0307  0.0306  0.0304  0.0375  0.0310  0.0309  0.0309  0.0305  0.0298  0.0303  0.0297  0.0295
niter,ni,del,rscale     4    3    5.0000    0.7000
parameters
   -4.7567    1.0697   21.4433   -4.8793   -8.2334   -2.3899
    5.8651    1.6306   -4.5604   10.9290   -3.0742  -21.6643
eta,q 0.97110 32.28138
  0.0300  0.0296  0.0293  0.0322  0.0302  0.0312  0.0299  0.0303  0.0296  0.0302  0.0292  0.0294
  0.0295  0.0293  0.0291  0.0310  0.0296  0.0304  0.0294  0.0296  0.0292  0.0294  0.0291  0.0290
  0.0292  0.0291  0.0290  0.0299  0.0292  0.0296  0.0291  0.0292  0.0290  0.0290  0.0289  0.0289
  0.0291  0.0291  0.0291  0.0290  0.0290  0.0290  0.0289  0.0289  0.0289  0.0289  0.0289  0.0289
  0.0292  0.0291  0.0292  0.0288  0.0290  0.0288  0.0290  0.0289  0.0290  0.0290  0.0289  0.0290
  0.0295  0.0294  0.0295  0.0299  0.0293  0.0294  0.0294  0.0292  0.0291  0.0293  0.0290  0.0291
  0.0300  0.0297  0.0299  0.0328  0.0304  0.0315  0.0301  0.0301  0.0295  0.0298  0.0292  0.0294
niter,ni,del,rscale     3    3    5.0000    0.6000
parameters
   -4.7084    1.0723   21.2798   -4.6309   -8.1461   -2.1827
    5.8651    1.6582   -4.6392   11.1702   -3.1412  -21.6617
eta,q 0.97125 32.31776
  0.0297  0.0293  0.0292  0.0315  0.0297  0.0306  0.0296  0.0298  0.0292  0.0298  0.0290  0.0292
  0.0293  0.0291  0.0290  0.0305  0.0293  0.0299  0.0291  0.0293  0.0290  0.0292  0.0289  0.0289
  0.0290  0.0290  0.0289  0.0296  0.0290  0.0293  0.0289  0.0289  0.0288  0.0289  0.0288  0.0288
  0.0289  0.0289  0.0289  0.0289  0.0288  0.0288  0.0287  0.0287  0.0287  0.0288  0.0287  0.0287
  0.0290  0.0289  0.0290  0.0287  0.0288  0.0287  0.0288  0.0288  0.0288  0.0288  0.0288  0.0288
  0.0292  0.0291  0.0292  0.0295  0.0290  0.0292  0.0291  0.0291  0.0290  0.0291  0.0289  0.0289
  0.0296  0.0293  0.0294  0.0315  0.0298  0.0307  0.0296  0.0299  0.0293  0.0295  0.0290  0.0291
niter,ni,del,rscale     2    3    5.0000    0.5000
parameters
   -4.6857    1.0365   21.1735   -4.4087   -8.0995   -1.9342
    5.8964    1.6767   -4.6993   11.2754   -3.2019  -21.5645
eta,q 0.97136 32.34290
  0.0293  0.0290  0.0290  0.0308  0.0293  0.0301  0.0292  0.0295  0.0290  0.0293  0.0289  0.0290
  0.0290  0.0289  0.0288  0.0300  0.0290  0.0296  0.0289  0.0290  0.0288  0.0289  0.0287  0.0288
  0.0288  0.0288  0.0288  0.0292  0.0288  0.0291  0.0287  0.0288  0.0287  0.0287  0.0287  0.0287
  0.0287  0.0287  0.0288  0.0287  0.0287  0.0287  0.0286  0.0286  0.0286  0.0286  0.0286  0.0286
  0.0288  0.0288  0.0288  0.0287  0.0287  0.0286  0.0287  0.0287  0.0287  0.0287  0.0287  0.0287
  0.0290  0.0289  0.0289  0.0292  0.0289  0.0290  0.0289  0.0289  0.0288  0.0289  0.0287  0.0288
  0.0293  0.0291  0.0291  0.0307  0.0293  0.0300  0.0292  0.0295  0.0290  0.0292  0.0289  0.0289
niter,ni,del,rscale     1    3    5.0000    0.4000
parameters
   -4.6780    0.9711   21.0911   -4.2321   -8.0955   -1.7013
    5.9451    1.6826   -4.7286   11.3137   -3.2514  -21.4324
eta,q 0.97143 32.35925
  0.0290  0.0288  0.0288  0.0301  0.0290  0.0297  0.0290  0.0291  0.0288  0.0290  0.0287  0.0288
  0.0288  0.0287  0.0287  0.0295  0.0288  0.0292  0.0288  0.0288  0.0287  0.0288  0.0286  0.0287
  0.0287  0.0287  0.0286  0.0290  0.0287  0.0289  0.0286  0.0286  0.0286  0.0286  0.0286  0.0286
  0.0286  0.0286  0.0286  0.0286  0.0286  0.0286  0.0286  0.0286  0.0286  0.0286  0.0286  0.0286
  0.0287  0.0287  0.0287  0.0286  0.0286  0.0286  0.0286  0.0286  0.0286  0.0286  0.0286  0.0286
  0.0288  0.0288  0.0288  0.0290  0.0287  0.0288  0.0287  0.0288  0.0287  0.0288  0.0286  0.0287
  0.0290  0.0289  0.0289  0.0300  0.0290  0.0295  0.0290  0.0292  0.0288  0.0290  0.0287  0.0287
registration optimization eta report
parameter search radius
    0.8000    0.8000    0.8000    2.7600    2.4000    2.4000
    2.4000    2.4000    2.4000    2.4000    2.4000    2.4000
100000*second partial in parameter space
       61.       34.       34.       18.        6.       17.
        7.       10.        4.        7.        3.        4.
  0.0290  0.0288  0.0288  0.0301  0.0290  0.0297  0.0290  0.0291  0.0288  0.0290  0.0287  0.0288
  0.0288  0.0287  0.0287  0.0295  0.0288  0.0292  0.0288  0.0288  0.0287  0.0288  0.0286  0.0287
  0.0287  0.0287  0.0286  0.0290  0.0287  0.0289  0.0286  0.0286  0.0286  0.0286  0.0286  0.0286
  0.0286  0.0286  0.0286  0.0286  0.0286  0.0286  0.0286  0.0286  0.0286  0.0286  0.0286  0.0286
  0.0287  0.0287  0.0287  0.0286  0.0286  0.0286  0.0286  0.0286  0.0286  0.0286  0.0286  0.0286
  0.0288  0.0288  0.0288  0.0290  0.0287  0.0288  0.0287  0.0288  0.0287  0.0288  0.0286  0.0287
  0.0290  0.0289  0.0289  0.0300  0.0290  0.0295  0.0290  0.0292  0.0288  0.0290  0.0287  0.0287
   -4.6780    0.9711   21.0911   -4.2321   -8.0955   -1.7013
    5.9451    1.6826   -4.7286   11.3137   -3.2514  -21.4324
eta,q 0.97143 32.35925

---------------------------------------------------------------------
imgreg_4dfp /opt/freesurfer/average/711-2C_as_mni_average_305 /opt/freesurfer/average/711-2B_as_mni_average_305_mask talsrcimg_g11 none talsrcimg_to_711-2C_as_mni_average_305_t4 2311
---------------------------------------------------------------------

freesurfer imgreg_4dfp.c
/opt/freesurfer/average/711-2C_as_mni_average_305.4dfp.img
       256       256       256         1
  1.000000  1.000000  1.000000
orientation T byte_order littleendian
Reading image: /opt/freesurfer/average/711-2C_as_mni_average_305.4dfp.img
dimensions:      256       256       256
mmppix:       1.0000   -1.0000   -1.0000
center:     128.0000 -129.0000 -129.0000
/opt/freesurfer/average/711-2B_as_mni_average_305_mask.4dfp.img
       256       256       256         1
  1.000000  1.000000  1.000000
orientation T byte_order littleendian
Reading mask: /opt/freesurfer/average/711-2B_as_mni_average_305_mask.4dfp.img (2306576 pixels)
talsrcimg_g11.4dfp.img
       320       320       320         1
  0.800000  0.800000  0.800000
orientation T byte_order littleendian
Reading image: talsrcimg_g11.4dfp.img
dimensions:      320       320       320
mmppix:       0.8000   -0.8000   -0.8000
center:     128.0000 -128.8000 -128.8000
fimgreg.f
image alignment mode   2311 decimal      907 hex
parameters
   -4.6780    0.9711   21.0911   -4.2321   -8.0955   -1.7013
    5.9451    1.6826   -4.7286   11.3137   -3.2514  -21.4324
eta,q 0.97143 32.35924
niter,ni,del,rscale     5    3    5.0000    0.8000
parameters
   -4.6509    0.8639   21.0177   -4.8981   -8.5002   -2.4119
    5.9642    1.7095   -4.6488   11.3237   -2.8860  -21.7007
eta,q 0.97104 32.29704
  0.0303  0.0293  0.0294  0.0314  0.0301  0.0312  0.0302  0.0307  0.0298  0.0303  0.0294  0.0295
  0.0293  0.0289  0.0289  0.0303  0.0294  0.0303  0.0295  0.0298  0.0293  0.0295  0.0292  0.0291
  0.0288  0.0286  0.0286  0.0292  0.0290  0.0294  0.0291  0.0293  0.0291  0.0291  0.0291  0.0289
  0.0286  0.0286  0.0286  0.0286  0.0287  0.0288  0.0290  0.0290  0.0290  0.0290  0.0290  0.0290
  0.0288  0.0287  0.0287  0.0289  0.0288  0.0289  0.0291  0.0290  0.0290  0.0291  0.0290  0.0291
  0.0293  0.0290  0.0290  0.0309  0.0294  0.0306  0.0295  0.0295  0.0293  0.0295  0.0291  0.0293
  0.0302  0.0296  0.0296  0.0352  0.0312  0.0352  0.0303  0.0309  0.0298  0.0303  0.0293  0.0296
niter,ni,del,rscale     4    3    5.0000    0.7000
parameters
   -4.6656    1.1607   21.1617   -4.6138   -8.3660   -2.4654
    5.9149    1.6168   -4.7300   11.3890   -2.9687  -21.8175
eta,q 0.97116 32.30291
  0.0299  0.0298  0.0296  0.0316  0.0301  0.0310  0.0299  0.0302  0.0295  0.0300  0.0292  0.0294
  0.0294  0.0294  0.0293  0.0306  0.0295  0.0302  0.0293  0.0295  0.0291  0.0293  0.0290  0.0290
  0.0291  0.0291  0.0290  0.0297  0.0291  0.0294  0.0290  0.0290  0.0289  0.0289  0.0289  0.0288
  0.0290  0.0290  0.0289  0.0289  0.0288  0.0288  0.0288  0.0288  0.0288  0.0288  0.0288  0.0288
  0.0291  0.0289  0.0289  0.0287  0.0288  0.0287  0.0289  0.0289  0.0289  0.0290  0.0289  0.0289
  0.0294  0.0290  0.0291  0.0295  0.0291  0.0295  0.0293  0.0294  0.0291  0.0293  0.0290  0.0291
  0.0300  0.0293  0.0294  0.0316  0.0301  0.0319  0.0300  0.0305  0.0295  0.0299  0.0292  0.0293
niter,ni,del,rscale     3    3    5.0000    0.6000
parameters
   -4.6602    1.1349   21.1840   -4.4032   -8.2360   -2.2116
    5.9134    1.6060   -4.7650   11.3972   -3.0848  -21.7318
eta,q 0.97130 32.32588
  0.0297  0.0293  0.0293  0.0310  0.0297  0.0306  0.0295  0.0298  0.0292  0.0296  0.0290  0.0292
  0.0292  0.0290  0.0290  0.0302  0.0292  0.0299  0.0291  0.0292  0.0289  0.0291  0.0288  0.0289
  0.0289  0.0289  0.0289  0.0294  0.0289  0.0293  0.0288  0.0289  0.0288  0.0288  0.0287  0.0287
  0.0288  0.0288  0.0288  0.0288  0.0288  0.0288  0.0287  0.0287  0.0287  0.0287  0.0287  0.0287
  0.0289  0.0289  0.0289  0.0288  0.0288  0.0286  0.0288  0.0288  0.0288  0.0288  0.0287  0.0288
  0.0292  0.0290  0.0290  0.0294  0.0290  0.0291  0.0291  0.0291  0.0289  0.0291  0.0288  0.0289
  0.0296  0.0293  0.0292  0.0310  0.0297  0.0306  0.0296  0.0300  0.0292  0.0295  0.0290  0.0291
niter,ni,del,rscale     2    3    5.0000    0.5000
parameters
   -4.6637    1.0540   21.1224   -4.2511   -8.1656   -1.9394
    5.9263    1.6297   -4.7626   11.3912   -3.1680  -21.5968
eta,q 0.97138 32.34612
  0.0293  0.0290  0.0290  0.0304  0.0293  0.0301  0.0292  0.0295  0.0290  0.0293  0.0288  0.0290
  0.0290  0.0288  0.0288  0.0297  0.0290  0.0296  0.0289  0.0290  0.0288  0.0289  0.0287  0.0287
  0.0288  0.0287  0.0287  0.0291  0.0288  0.0291  0.0287  0.0287  0.0287  0.0287  0.0286  0.0286
  0.0287  0.0287  0.0287  0.0287  0.0287  0.0287  0.0286  0.0286  0.0286  0.0286  0.0286  0.0286
  0.0288  0.0288  0.0288  0.0287  0.0287  0.0286  0.0287  0.0287  0.0287  0.0287  0.0286  0.0287
  0.0290  0.0289  0.0289  0.0292  0.0288  0.0289  0.0289  0.0289  0.0288  0.0289  0.0287  0.0287
  0.0293  0.0291  0.0291  0.0303  0.0293  0.0299  0.0292  0.0295  0.0290  0.0293  0.0289  0.0289
niter,ni,del,rscale     1    3    5.0000    0.4000
parameters
   -4.6660    0.9726   21.0603   -4.1271   -8.1536   -1.6946
    5.9499    1.6419   -4.7639   11.3782   -3.2444  -21.4499
eta,q 0.97145 32.35969
  0.0290  0.0288  0.0288  0.0298  0.0289  0.0297  0.0290  0.0291  0.0288  0.0290  0.0287  0.0288
  0.0288  0.0287  0.0287  0.0292  0.0288  0.0292  0.0287  0.0288  0.0287  0.0287  0.0286  0.0287
  0.0287  0.0286  0.0286  0.0288  0.0287  0.0288  0.0286  0.0286  0.0286  0.0286  0.0286  0.0286
  0.0286  0.0286  0.0286  0.0286  0.0286  0.0286  0.0286  0.0286  0.0286  0.0286  0.0286  0.0286
  0.0287  0.0287  0.0286  0.0286  0.0286  0.0285  0.0286  0.0286  0.0286  0.0286  0.0286  0.0286
  0.0288  0.0287  0.0287  0.0290  0.0287  0.0288  0.0287  0.0288  0.0287  0.0288  0.0286  0.0286
  0.0290  0.0289  0.0289  0.0297  0.0290  0.0294  0.0290  0.0292  0.0288  0.0290  0.0287  0.0287
registration optimization eta report
parameter search radius
    0.8000    0.8000    0.8000    2.4000    2.4000    2.4000
    2.4000    2.4000    2.4000    2.4000    2.4000    2.4000
100000*second partial in parameter space
       63.       34.       35.       19.        6.       17.
        7.       11.        4.        8.        3.        4.
  0.0290  0.0288  0.0288  0.0298  0.0289  0.0297  0.0290  0.0291  0.0288  0.0290  0.0287  0.0288
  0.0288  0.0287  0.0287  0.0292  0.0288  0.0292  0.0287  0.0288  0.0287  0.0287  0.0286  0.0287
  0.0287  0.0286  0.0286  0.0288  0.0287  0.0288  0.0286  0.0286  0.0286  0.0286  0.0286  0.0286
  0.0286  0.0286  0.0286  0.0286  0.0286  0.0286  0.0286  0.0286  0.0286  0.0286  0.0286  0.0286
  0.0287  0.0287  0.0286  0.0286  0.0286  0.0285  0.0286  0.0286  0.0286  0.0286  0.0286  0.0286
  0.0288  0.0287  0.0287  0.0290  0.0287  0.0288  0.0287  0.0288  0.0287  0.0288  0.0286  0.0286
  0.0290  0.0289  0.0289  0.0297  0.0290  0.0294  0.0290  0.0292  0.0288  0.0290  0.0287  0.0287
   -4.6660    0.9726   21.0603   -4.1271   -8.1536   -1.6946
    5.9499    1.6419   -4.7639   11.3782   -3.2444  -21.4499
eta,q 0.97145 32.35969

---------------------------------------------------------------------
compute_vox2vox talsrcimg talsrcimg_to_711-2C_as_mni_average_305_t4 /opt/freesurfer/average/711-2C_as_mni_average_305
---------------------------------------------------------------------

freesurfer compute_vox2vox.c
Reading: talsrcimg.4dfp.ifh
Reading: talsrcimg_to_711-2C_as_mni_average_305_t4
Reading: /opt/freesurfer/average/711-2C_as_mni_average_305.4dfp.ifh
Writing: talsrcimg_to_711-2C_as_mni_average_305_t4_vox2vox.txt

start time Tue Mar 10 14:07:48 CET 2026
end		time Tue Mar 10 14:09:13 CET 2026

mpr2mni305 success

avi2talxfm orig_nu.mgz /opt/freesurfer/average/mni305.cor.mgz talsrcimg_to_711-2C_as_mni_average_305_t4_vox2vox.txt transforms/talairach.auto.xfm
avi2talxfm done
mv -f /out/sourcedata/freesurfer/sub-v2s11x28682_ses-2/mri/talsrcimg_to_711-2C_as_mni_average_305_t4_vox2vox.txt /out/sourcedata/freesurfer/sub-v2s11x28682_ses-2/mri/transforms/talsrcimg_to_711-2C_as_mni_average_305_t4_vox2vox.txt
lta_convert --src orig_nu.mgz --trg /opt/freesurfer/average/mni305.cor.mgz --inxfm transforms/talairach.auto.xfm --outlta transforms/talairach.auto.xfm.lta --subject fsaverage
7.3.2

--src: orig_nu.mgz src image (geometry).
--trg: /opt/freesurfer/average/mni305.cor.mgz trg image (geometry).
--inmni: transforms/talairach.auto.xfm input MNI/XFM transform.
--outlta: transforms/talairach.auto.xfm.lta output LTA.
--s: fsaverage subject name
 LTA read, type : 1
 1.03928  -0.00931  -0.06950   0.41800;
 0.04485   0.99006   0.22831  -21.52296;
 0.04835  -0.12314   1.05689   32.81491;
 0.00000   0.00000   0.00000   1.00000;
setting subject to fsaverage
Writing  LTA to file transforms/talairach.auto.xfm.lta...
lta_convert successful.
 
 
Started at Tue Mar 10 14:07:48 CET 2026
Ended   at Tue Mar 10 14:09:14 CET 2026
talairach_avi done
