/out/sourcedata/freesurfer/sub-v2s11x28727_ses-1/mri
/opt/freesurfer/bin/talairach
--i orig_nu.mgz --xfm transforms/talairach.auto.xfm
talairach 7.3.2
Linux dna029 5.14.0-427.37.1.el9_4.x86_64 #1 SMP PREEMPT_DYNAMIC Fri Sep 13 12:41:50 EDT 2024 x86_64 x86_64 x86_64 GNU/Linux
Tue Mar 10 22:06:00 CET 2026
tmpdir is transforms/tmp.talairach.439782
/out/sourcedata/freesurfer/sub-v2s11x28727_ses-1/mri
mri_convert orig_nu.mgz transforms/tmp.talairach.439782/src.mnc
mri_convert orig_nu.mgz transforms/tmp.talairach.439782/src.mnc 
reading from orig_nu.mgz...
TR=0.00, TE=0.00, TI=0.00, flip angle=0.00
i_ras = (-1, 0, 0)
j_ras = (0, 0, -1)
k_ras = (0, 1, 0)
writing to transforms/tmp.talairach.439782/src.mnc...
[oesteban@dna029:/out/sourcedata/freesurfer/sub-v2s11x28727_ses-1/mri/] [2026-03-10 22:06:01] running:
  /opt/freesurfer/mni/bin/mritotal -verbose -debug -clobber -modeldir /opt/freesurfer/mni/bin/../share/mni_autoreg -protocol icbm transforms/tmp.talairach.439782/src.mnc transforms/talairach.auto.xfm

Loading configuration file /opt/freesurfer/mni/bin/../etc/mni_autoreg/mritotal.cfg
Loading protocol default (protocol file = /opt/freesurfer/mni/bin/../etc/mni_autoreg/mritotal.default.cfg)
Loading protocol icbm (protocol file = /opt/freesurfer/mni/bin/../etc/mni_autoreg/mritotal.icbm.cfg)
   source = transforms/tmp.talairach.439782/src.mnc
    model = /opt/freesurfer/mni/bin/../share/mni_autoreg/average_305
transform = transforms/talairach.auto.xfm
 protocol = icbm:
    linear fit only
    subsample heuristically
    crop according to 0,0 0,0 -25%,0
    blur with 16 and 8 mm FHWM kernels
    pad/unpad correctly (encroach on original volume)
    default objective function = cross-correlation

Subsampling/cropping data:
[mritotal] [oesteban@dna029:/out/sourcedata/freesurfer/sub-v2s11x28727_ses-1/mri] [2026-03-10 22:06:01] /opt/freesurfer/mni/bin/autocrop -clobber transforms/tmp.talairach.439782/src.mnc /var/tmp/mritotal_439871//src_crop.mnc -step 1.59999978542328 1.59999978542328 1.59999978542328 -extend 0,0 0,0 -25%,0
[autocrop] [oesteban@dna029:/out/sourcedata/freesurfer/sub-v2s11x28727_ses-1/mri] [2026-03-10 22:06:01] /opt/freesurfer/mni/bin/mincresample -clobber transforms/tmp.talairach.439782/src.mnc /var/tmp/mritotal_439871//src_crop.mnc -start -131.216 -142.686 -71.467008636713 -step 1.59999978542328 1.59999978542328 1.59999978542328 -nelements 161 161 121
Centroid of input volume: 1.873446 3.121655 16.240665

Zero-padding data:
[mritotal] [oesteban@dna029:/out/sourcedata/freesurfer/sub-v2s11x28727_ses-1/mri] [2026-03-10 22:06:01] /opt/freesurfer/mni/bin/autocrop -clobber /var/tmp/mritotal_439871//src_crop.mnc /var/tmp/mritotal_439871//src_pad.mnc -expand 20.7999972105026 20.7999972105026 20.7999972105026
[autocrop] [oesteban@dna029:/out/sourcedata/freesurfer/sub-v2s11x28727_ses-1/mri] [2026-03-10 22:06:01] /opt/freesurfer/mni/bin/mincreshape -clobber /var/tmp/mritotal_439871//src_crop.mnc /var/tmp/mritotal_439871//src_pad.mnc -start -13,-13,-13 -count 188,188,148

Intensity blurring data:
[mritotal] [oesteban@dna029:/out/sourcedata/freesurfer/sub-v2s11x28727_ses-1/mri] [2026-03-10 22:06:01] /opt/freesurfer/mni/bin/mincblur -clobber -debug /var/tmp/mritotal_439871//src_pad.mnc /var/tmp/mritotal_439871//tmp_16 -fwhm 16
===== Debugging information from /opt/freesurfer/mni/bin/mincblur =====
Data filename     = /var/tmp/mritotal_439871//src_pad.mnc
Output basename   = /var/tmp/mritotal_439871//tmp_16
Input volume      = 188 cols by 188 rows by 148 slices
Input voxels are  =    1.600    1.600    1.600
min/max value     =    0.000  183.497
Apodizing data at (16.000000,16.000000) (16.000000,16.000000) (16.000000,16.000000)
Volume def min and max: = 0.000000 183.496851
before blur min/max = 0.000000 183.496857
after  blur min/max = -0.000002 77.696671
Making byte volume...
[mritotal] [oesteban@dna029:/out/sourcedata/freesurfer/sub-v2s11x28727_ses-1/mri] [2026-03-10 22:06:02] /opt/freesurfer/mni/bin/autocrop -clobber /var/tmp/mritotal_439871//tmp_16_blur.mnc /var/tmp/mritotal_439871//src_16_blur.mnc -expand -41.5999944210052 -41.5999944210052 -41.5999944210052
[autocrop] [oesteban@dna029:/out/sourcedata/freesurfer/sub-v2s11x28727_ses-1/mri] [2026-03-10 22:06:02] /opt/freesurfer/mni/bin/mincreshape -clobber /var/tmp/mritotal_439871//tmp_16_blur.mnc /var/tmp/mritotal_439871//src_16_blur.mnc -start 26,26,26 -count 138,138,98

Gradient blurring data:
[mritotal] [oesteban@dna029:/out/sourcedata/freesurfer/sub-v2s11x28727_ses-1/mri] [2026-03-10 22:06:02] /opt/freesurfer/mni/bin/mincblur -clobber -debug /var/tmp/mritotal_439871//src_pad.mnc /var/tmp/mritotal_439871//tmp_8 -fwhm 8 -gradient
===== Debugging information from /opt/freesurfer/mni/bin/mincblur =====
Data filename     = /var/tmp/mritotal_439871//src_pad.mnc
Output basename   = /var/tmp/mritotal_439871//tmp_8
Input volume      = 188 cols by 188 rows by 148 slices
Input voxels are  =    1.600    1.600    1.600
min/max value     =    0.000  183.497
Apodizing data at (8.000000,8.000000) (8.000000,8.000000) (8.000000,8.000000)
Volume def min and max: = 0.000000 183.496851
before blur min/max = 0.000000 183.496857
after  blur min/max = -0.000010 112.244003
Making byte volume...
Making byte volume dx...dx: min = -12.200331, max = 13.308186
Making byte volume dy...dy: min = -8.639091, max = 8.950947
Making byte volume dz...dz: min = -10.301284, max = 12.457352
[mritotal] [oesteban@dna029:/out/sourcedata/freesurfer/sub-v2s11x28727_ses-1/mri] [2026-03-10 22:06:04] /opt/freesurfer/mni/bin/autocrop -clobber /var/tmp/mritotal_439871//tmp_8_blur.mnc /var/tmp/mritotal_439871//src_8_blur.mnc -expand -31.9999957084656 -31.9999957084656 -31.9999957084656
[autocrop] [oesteban@dna029:/out/sourcedata/freesurfer/sub-v2s11x28727_ses-1/mri] [2026-03-10 22:06:04] /opt/freesurfer/mni/bin/mincreshape -clobber /var/tmp/mritotal_439871//tmp_8_blur.mnc /var/tmp/mritotal_439871//src_8_blur.mnc -start 20,20,20 -count 149,149,109
[mritotal] [oesteban@dna029:/out/sourcedata/freesurfer/sub-v2s11x28727_ses-1/mri] [2026-03-10 22:06:04] /opt/freesurfer/mni/bin/autocrop -clobber /var/tmp/mritotal_439871//tmp_8_dxyz.mnc /var/tmp/mritotal_439871//src_8_dxyz.mnc -expand -31.9999957084656 -31.9999957084656 -31.9999957084656
[autocrop] [oesteban@dna029:/out/sourcedata/freesurfer/sub-v2s11x28727_ses-1/mri] [2026-03-10 22:06:04] /opt/freesurfer/mni/bin/mincreshape -clobber /var/tmp/mritotal_439871//tmp_8_dxyz.mnc /var/tmp/mritotal_439871//src_8_dxyz.mnc -start 20,20,20 -count 149,149,109

16mm intensity lsq7 fit, no masks: making /var/tmp/mritotal_439871//src_16.xfm
[mritotal] [oesteban@dna029:/out/sourcedata/freesurfer/sub-v2s11x28727_ses-1/mri] [2026-03-10 22:06:04] /opt/freesurfer/mni/bin/minctracc -clobber -debug /var/tmp/mritotal_439871//src_16_blur.mnc /opt/freesurfer/mni/bin/../share/mni_autoreg/average_305_16_blur.mnc /var/tmp/mritotal_439871//src_16.xfm -est_translations -lsq7 -xcorr -center 1.873446 3.121655 16.240665 -step 4 4 4 -tol 0.01 -simplex 20
===== Debugging information from /opt/freesurfer/mni/bin/minctracc =====
Data filename       = /var/tmp/mritotal_439871//src_16_blur.mnc
Model filename      = /opt/freesurfer/mni/bin/../share/mni_autoreg/average_305_16_blur.mnc
Data mask filename  = 
Model mask filename = 
Input xform name    = 
Output filename     = /var/tmp/mritotal_439871//src_16.xfm
Step size           = 4.000000 4.000000 4.000000
Sub-lattice dia     = 24.000000 24.000000 24.000000
Objective function  = cross correlation (threshold = 0.000000 0.000000)
Transform linear    = TRUE
Transform inverted? = FALSE
Transform type      = 4
Transform matrix    =    1.0000    0.0000    0.0000    0.0000 
                         0.0000    1.0000    0.0000    0.0000 
                         0.0000    0.0000    1.0000    0.0000 
Transform center   =    1.873    3.122   16.241
Transform rotation   =    0.000    0.000    0.000 

Transform trans    =    0.000    0.000    0.000
Transform scale    =    1.000    1.000    1.000

Center of rot/scale forced: 1.873446 3.121655 16.240665
  using PAT to get initial parameters:
  will try to get: [trans]
COG of v1 forced: 1.873446 3.121655 16.240665
In set_up_lattice, xyzv[axes] = 2, 1, 0, -1
In set_up_lattice, xyzv[axes] = 2, 1, 0, -1
in vol to cov
start =   -47.25  -125.51   -85.09 
count =       43       55       29 
step  =     4.00     4.00     4.00 
direct=     1.00     0.00     0.00 
direct=     0.00     1.00     0.00 
direct=     0.00     0.00     1.00 
In set_up_lattice, xyzv[axes] = 2, 1, 0, -1
In set_up_lattice, xyzv[axes] = 2, 1, 0, -1
COG of v2: 0.327802 -17.590965 9.454404
   [trans] = -1.545644 -20.712620 -6.786262
Only center & trans required, now returning from init_transformation
Transform center   =    1.873    3.122   16.241
Transform rots    =    0.000    0.000    0.000
Transform trans    =   -1.546  -20.713   -6.786
Transform scale    =    1.000    1.000    1.000

In set_up_lattice, xyzv[axes] = 2, 1, 0, -1
slice lim 0 38
row lim   3 50
col lim   1 52
thresh =    0.00000    0.00000
In set_up_lattice, xyzv[axes] = 2, 1, 0, -1
  68585   48633 -> 0.05548438
  68585   48633 -> 0.05548438
  68585   46914 -> 0.07093225
  68585   44892 -> 0.05893215
  68585   48633 -> 0.09201375
  68585   50224 -> 0.06752567
  68585   48628 -> 0.06481037
  68585   48422 -> 0.05607231
  68585   57362 -> 0.12246573
  68585   18876 -> 0.17257947
  68585   54013 -> 0.08984692
  68585   50628 -> 0.07042563
  68585   37494 -> 0.08835878
  68585   44281 -> 0.05711743
  68585   46542 -> 0.08706929
  68585   48205 -> 0.05468909
  68585   44299 -> 0.08458912
  68585   49423 -> 0.05665704
  68585   47784 -> 0.04878752
  68585   47376 -> 0.06219950
  68585   46524 -> 0.05413254
  68585   47338 -> 0.07813486
  68585   47519 -> 0.04736923
  68585   50624 -> 0.05460581
  68585   48081 -> 0.05065866
  68585   46462 -> 0.05509671
  68585   46220 -> 0.05876845
  68585   48462 -> 0.04886944
  68585   48297 -> 0.05326966
  68585   47112 -> 0.04915493
  68585   43554 -> 0.04669162
  68585   37549 -> 0.06233284
  68585   48485 -> 0.06497939
  68585   46996 -> 0.04626143
  68585   45354 -> 0.04394304
  68585   41881 -> 0.05161420
  68585   45989 -> 0.04856268
  68585   43727 -> 0.05201696
  68585   47033 -> 0.04483294
  68585   43620 -> 0.04467710
  68585   44426 -> 0.04778638
  68585   45407 -> 0.05023399
  68585   45912 -> 0.04377819
  68585   47850 -> 0.04837128
  68585   45273 -> 0.04349251
  68585   43331 -> 0.04487348
  68585   45257 -> 0.05377257
  68585   44875 -> 0.04267091
  68585   43356 -> 0.04071360
  68585   41055 -> 0.04842884
  68585   46224 -> 0.04632499
  68585   44453 -> 0.04217489
  68585   42217 -> 0.04211272
  68585   45363 -> 0.04043160
  68585   45152 -> 0.04449540
  68585   42388 -> 0.04599900
  68585   45084 -> 0.04095858
  68585   42947 -> 0.04089115
  68585   43003 -> 0.04311137
  68585   43673 -> 0.04027642
  68585   42116 -> 0.04079625
  68585   41874 -> 0.03889332
  68585   39524 -> 0.04303723
  68585   45042 -> 0.04092813
  68585   42157 -> 0.04041914
  68585   41072 -> 0.04171962
  68585   44158 -> 0.03896931
  68585   43461 -> 0.03986974
  68585   44637 -> 0.03907788
  68585   43165 -> 0.04054756
  68585   43582 -> 0.03871340
  68585   41688 -> 0.04350809
  68585   44465 -> 0.03849168
  68585   45466 -> 0.03968341
  68585   44099 -> 0.03963622
  68585   44627 -> 0.04115289
  68585   43841 -> 0.03836570
  68585   42382 -> 0.04045567
  68585   44723 -> 0.03843661
  68585   43525 -> 0.04016300
  68585   44081 -> 0.03834367
  68585   42525 -> 0.04054643
  68585   44373 -> 0.03813266
  68585   43386 -> 0.03849283
  68585   45791 -> 0.03990198
  68585   43053 -> 0.03811217
  68585   44380 -> 0.03854074
  68585   44230 -> 0.03808194
  68585   44506 -> 0.03886042
  68585   43816 -> 0.03807836
  68585   43552 -> 0.03845682
  68585   43798 -> 0.03808262
  68585   43087 -> 0.03840669
  68585   43510 -> 0.03807101
  68585   43857 -> 0.03811328
done with simplex after 86 iterations
0 0.03808:-0.38213 -1.51915 -9.34344 -12.68745 -0.28278 -4.21663 45.80929 
1 0.03808: 0.06163 -2.46917 -9.43909 -10.77405 -1.25449 -4.20699 45.67470 
2 0.03811: 0.31765 -0.28228 -9.08117 -13.20171 -2.11787 -4.07140 45.19351 
3 0.03811:-0.19247 -2.68210 -8.10297 -10.01766 -1.99453 -3.78718 45.55116 
4 0.03834:-0.87559 -2.24731 -8.47946 -11.91379 -2.54188 -4.56406 46.00601 
5 0.03808:-0.43436 -2.30645 -9.61022 -11.49495 -0.87920 -2.63436 46.05985 
6 0.03807:-0.79630 -1.01811 -9.23366 -12.71521 -1.24109 -3.94430 45.44591 
7 0.03813:-0.81549 -3.44607 -8.51462 -12.49857 -1.74050 -0.21056 45.71144 
after parameter optimization
-center         1.87345    3.12166   16.24066
-translation   -0.79630   -1.01811   -9.23366
-rotation     -12.71521   -1.24109   -3.94430
-scale          0.90892    0.90892    0.90892
-shear          0.00000    0.00000    0.00000
  68585   43510 -> 0.03807101
Initial objective function val = 0.05548438
Final objective function value = 0.03807101

8mm intensity lsq7 fit, no masks: making /var/tmp/mritotal_439871//src_8tmp1a.xfm
[mritotal] [oesteban@dna029:/out/sourcedata/freesurfer/sub-v2s11x28727_ses-1/mri] [2026-03-10 22:06:05] /opt/freesurfer/mni/bin/minctracc -clobber -debug /var/tmp/mritotal_439871//src_8_blur.mnc /opt/freesurfer/mni/bin/../share/mni_autoreg/average_305_8_blur.mnc /var/tmp/mritotal_439871//src_8tmp1a.xfm -transformation /var/tmp/mritotal_439871//src_16.xfm -lsq7 -xcorr -center 1.873446 3.121655 16.240665 -step 4 4 4 -tol 0.004 -simplex 5
===== Debugging information from /opt/freesurfer/mni/bin/minctracc =====
Data filename       = /var/tmp/mritotal_439871//src_8_blur.mnc
Model filename      = /opt/freesurfer/mni/bin/../share/mni_autoreg/average_305_8_blur.mnc
Data mask filename  = 
Model mask filename = 
Input xform name    = /var/tmp/mritotal_439871//src_16.xfm
Output filename     = /var/tmp/mritotal_439871//src_8tmp1a.xfm
Step size           = 4.000000 4.000000 4.000000
Sub-lattice dia     = 24.000000 24.000000 24.000000
Objective function  = cross correlation (threshold = 0.000000 0.000000)
Transform linear    = TRUE
Transform inverted? = FALSE
Transform type      = 4
Transform matrix    =    0.9066    0.0653   -0.0054   -0.7375 
                        -0.0625    0.8842    0.2009   -3.8024 
                         0.0197   -0.2000    0.8864   -6.8016 
Transform center   =    1.873    3.122   16.241
Transform rotation   =    0.000    0.000    0.000 

Transform trans    =    0.000    0.000    0.000
Transform scale    =    1.000    1.000    1.000

Center of rot/scale forced: 1.873446 3.121655 16.240665
  using input transformation to get initial parameters:
In set_up_lattice, xyzv[axes] = 2, 1, 0, -1
slice lim 0 43
row lim   7 51
col lim   6 53
thresh =    0.00000    0.00000
In set_up_lattice, xyzv[axes] = 2, 1, 0, -1
  80410   52662 -> 0.08445552
  80410   52662 -> 0.08445552
  80410   51114 -> 0.08574213
  80410   51319 -> 0.08425608
  80410   53197 -> 0.09113612
  80410   53032 -> 0.08451503
  80410   52452 -> 0.08562800
  80410   53018 -> 0.08468979
  80410   57085 -> 0.08618049
  80410   53024 -> 0.08285282
  80410   52564 -> 0.09192778
  80410   43637 -> 0.10103106
  80410   55324 -> 0.08019395
  80410   54066 -> 0.08674008
  80410   52167 -> 0.08361590
  80410   53081 -> 0.08375396
  80410   52826 -> 0.08269269
  80410   52999 -> 0.08274361
  80410   53194 -> 0.08572788
  80410   52940 -> 0.08220218
  80410   55156 -> 0.08230060
  80410   53619 -> 0.08115816
  80410   54834 -> 0.08383259
  80410   53024 -> 0.08172630
  80410   54376 -> 0.08322664
  80410   53448 -> 0.08125662
  80410   54575 -> 0.08145361
  80410   55455 -> 0.08108195
  80410   52812 -> 0.08386272
  80410   54636 -> 0.08056043
  80410   55596 -> 0.08002043
  80410   56711 -> 0.08211809
  80410   56140 -> 0.08020257
  80410   55309 -> 0.08130087
  80410   55100 -> 0.08014429
  80410   56812 -> 0.08008453
  80410   57183 -> 0.07949010
  80410   58163 -> 0.08207507
  80410   56163 -> 0.08217891
  80410   55737 -> 0.07978314
  80410   57134 -> 0.08108680
  80410   55320 -> 0.07964827
  80410   55712 -> 0.08009915
  80410   56559 -> 0.08122142
  80410   55673 -> 0.07953816
  80410   56971 -> 0.07937987
  80410   57718 -> 0.08029967
  80410   56741 -> 0.08004044
  80410   55649 -> 0.07995167
  80410   55206 -> 0.08028904
  80410   56435 -> 0.07941528
  80410   56481 -> 0.07953566
  80410   57073 -> 0.07984511
  80410   56736 -> 0.07936748
  80410   56997 -> 0.07957926
  80410   57634 -> 0.07968758
  80410   56081 -> 0.07929121
  80410   55973 -> 0.07967808
  80410   56763 -> 0.07925271
done with simplex after 50 iterations
0 0.07954:-0.44661 -3.61052 -9.83914 -11.52985 -2.09541 -0.47240 48.07352 
1 0.07942: 0.61925 -3.98192 -11.57740 -11.05726  1.14487 -3.04216 48.51807 
2 0.07929: 0.67299 -3.08252 -11.05789 -11.80396 -0.17664 -2.63984 48.29184 
3 0.07937: 0.45242 -3.90260 -10.29081 -12.65449  0.49955 -2.27057 48.52003 
4 0.07938: 0.74886 -4.78340 -9.93794 -10.75092  0.12539 -2.32721 48.48922 
5 0.07949: 0.35018 -4.40980 -11.00269 -11.45580 -0.92061 -0.24566 48.93137 
6 0.07925: 0.26296 -3.76881 -10.33185 -11.10337 -0.79220 -2.06549 48.66873 
7 0.07954: 0.34067 -1.76132 -10.46356 -12.51584 -0.02423 -3.01748 48.21594 
after parameter optimization
-center         1.87345    3.12166   16.24066
-translation    0.26296   -3.76881  -10.33185
-rotation     -11.10337   -0.79220   -2.06549
-scale          0.97337    0.97337    0.97337
-shear          0.00000    0.00000    0.00000
  80410   56763 -> 0.07925271
Initial objective function val = 0.08445552
Final objective function value = 0.07925271

8mm gradient lsq7 fit, target masked: making /var/tmp/mritotal_439871//src_8tmp1b.xfm
[mritotal] [oesteban@dna029:/out/sourcedata/freesurfer/sub-v2s11x28727_ses-1/mri] [2026-03-10 22:06:05] /opt/freesurfer/mni/bin/minctracc -clobber -debug /var/tmp/mritotal_439871//src_8_dxyz.mnc /opt/freesurfer/mni/bin/../share/mni_autoreg/average_305_8_dxyz.mnc /var/tmp/mritotal_439871//src_8tmp1b.xfm -transformation /var/tmp/mritotal_439871//src_8tmp1a.xfm -lsq7 -xcorr -model_mask /opt/freesurfer/mni/bin/../share/mni_autoreg/average_305_8_mask.mnc -center 1.873446 3.121655 16.240665 -step 4 4 4 -tol 0.004 -simplex 2
===== Debugging information from /opt/freesurfer/mni/bin/minctracc =====
Data filename       = /var/tmp/mritotal_439871//src_8_dxyz.mnc
Model filename      = /opt/freesurfer/mni/bin/../share/mni_autoreg/average_305_8_dxyz.mnc
Data mask filename  = 
Model mask filename = /opt/freesurfer/mni/bin/../share/mni_autoreg/average_305_8_mask.mnc
Input xform name    = /var/tmp/mritotal_439871//src_8tmp1a.xfm
Output filename     = /var/tmp/mritotal_439871//src_8tmp1b.xfm
Step size           = 4.000000 4.000000 4.000000
Sub-lattice dia     = 24.000000 24.000000 24.000000
Objective function  = cross correlation (threshold = 0.000000 0.000000)
Transform linear    = TRUE
Transform inverted? = FALSE
Transform type      = 4
Transform matrix    =    0.9726    0.0370   -0.0064    0.3033 
                        -0.0351    0.9544    0.1878   -6.6110 
                         0.0135   -0.1874    0.9551   -9.0422 
Transform center   =    1.873    3.122   16.241
Transform rotation   =    0.000    0.000    0.000 

Transform trans    =    0.000    0.000    0.000
Transform scale    =    1.000    1.000    1.000

Center of rot/scale forced: 1.873446 3.121655 16.240665
  using input transformation to get initial parameters:
In set_up_lattice, xyzv[axes] = 2, 1, 0, -1
slice lim 0 43
row lim   0 59
col lim   0 59
thresh =    0.00000    0.00000
In set_up_lattice, xyzv[axes] = 2, 1, 0, -1
  29440   24551 -> 0.23328289
  29440   24551 -> 0.23328289
  29440   24535 -> 0.23131292
  29440   24104 -> 0.21974313
  29440   24637 -> 0.22929911
  29440   24484 -> 0.23367718
  29440   24548 -> 0.23256142
  29440   24561 -> 0.23179294
  29440   25124 -> 0.21209954
  29440   24697 -> 0.22941294
  29440   24652 -> 0.22242403
  29440   24681 -> 0.21560122
  29440   24713 -> 0.20645449
  29440   24794 -> 0.18719095
  29440   24812 -> 0.18005686
  29440   24959 -> 0.17613555
  29440   24725 -> 0.18172988
  29440   24794 -> 0.17514969
  29440   24875 -> 0.17124406
  29440   24866 -> 0.17221314
  29440   25580 -> 0.18079086
  29440   25311 -> 0.17136742
  29440   24958 -> 0.16209400
  29440   24942 -> 0.15317675
  29440   25251 -> 0.15750398
  29440   25520 -> 0.15331222
  29440   24608 -> 0.15783811
  29440   25138 -> 0.15372008
  29440   25349 -> 0.14656773
  29440   25640 -> 0.15424332
  29440   24886 -> 0.14714813
  29440   25462 -> 0.15460989
  29440   25808 -> 0.15315306
  29440   25417 -> 0.16174322
  29440   25268 -> 0.14891826
  29440   25182 -> 0.16736279
  29440   25356 -> 0.14713275
  29440   25490 -> 0.15037529
  29440   25088 -> 0.15123138
  29440   25672 -> 0.15219402
  29440   24758 -> 0.14916548
  29440   24639 -> 0.15559903
  29440   25426 -> 0.14705557
  29440   25357 -> 0.15243289
  29440   25152 -> 0.14633255
  29440   24869 -> 0.14911865
  29440   25582 -> 0.15005890
  29440   24973 -> 0.14597447
  29440   25545 -> 0.15028417
  29440   25030 -> 0.14645056
  29440   25088 -> 0.15096043
  29440   25214 -> 0.14650318
  29440   25541 -> 0.14516197
  29440   25855 -> 0.14724386
  29440   25127 -> 0.14561839
  29440   24970 -> 0.14716861
  29440   25313 -> 0.14536017
  29440   25031 -> 0.14628945
  29440   25125 -> 0.14504454
  29440   25088 -> 0.14680909
  29440   25330 -> 0.14626049
  29440   25257 -> 0.14678524
  29440   25179 -> 0.14495240
  29440   25414 -> 0.14462076
  29440   25594 -> 0.14689332
  29440   25149 -> 0.14690652
  29440   25283 -> 0.14488411
  29440   25586 -> 0.14602543
  29440   25130 -> 0.14495237
  29440   25449 -> 0.14875384
  29440   25204 -> 0.14463547
  29440   25224 -> 0.14421381
  29440   25183 -> 0.14469901
  29440   24905 -> 0.14476003
  29440   25265 -> 0.14490855
  29440   25234 -> 0.14448898
  29440   25309 -> 0.14370891
  29440   25395 -> 0.14361876
  29440   25213 -> 0.14442000
  29440   25171 -> 0.14433914
  29440   25620 -> 0.14518100
  29440   25089 -> 0.14405467
  29440   25296 -> 0.14376687
  29440   25040 -> 0.14333540
  29440   24845 -> 0.14374034
  29440   25177 -> 0.14407790
  29440   25184 -> 0.14309891
  29440   25171 -> 0.14307116
  29440   25225 -> 0.14430021
  29440   25214 -> 0.14358343
  29440   25173 -> 0.14365923
  29440   25217 -> 0.14365222
  29440   25342 -> 0.14281723
  29440   25462 -> 0.14346711
  29440   25152 -> 0.14254113
  29440   25086 -> 0.14269239
  29440   25267 -> 0.14403553
  29440   25195 -> 0.14316426
  29440   25220 -> 0.14298530
  29440   24980 -> 0.14240095
  29440   24765 -> 0.14258781
  29440   25105 -> 0.14242944
  29440   25292 -> 0.14277560
  29440   25169 -> 0.14236115
  29440   25151 -> 0.14268515
  29440   25186 -> 0.14201210
  29440   25192 -> 0.14230788
  29440   25135 -> 0.14258344
  29440   24947 -> 0.14199401
  29440   24750 -> 0.14140648
  29440   24840 -> 0.14259315
  29440   24952 -> 0.14219090
  29440   24949 -> 0.14220767
  29440   24869 -> 0.14161715
  29440   24852 -> 0.14189033
  29440   24943 -> 0.14126603
  29440   24926 -> 0.14048500
  29440   24684 -> 0.14172795
  29440   24836 -> 0.14074230
  29440   24792 -> 0.14049162
  29440   24445 -> 0.14059339
  29440   24672 -> 0.14043878
  29440   24593 -> 0.14189132
  29440   24824 -> 0.14132364
  29440   24646 -> 0.13999513
  29440   24556 -> 0.14316095
  29440   24714 -> 0.13969131
  29440   24698 -> 0.13986070
  29440   24617 -> 0.13999574
  29440   24536 -> 0.13914114
  29440   24390 -> 0.13939352
  29440   24948 -> 0.14035812
  29440   24663 -> 0.14046741
  29440   24447 -> 0.14056186
  29440   24802 -> 0.13990469
  29440   24758 -> 0.14026353
  29440   24757 -> 0.13901462
  29440   24802 -> 0.13871850
  29440   24441 -> 0.13980620
  29440   24553 -> 0.13901304
  29440   24676 -> 0.13985081
  29440   24651 -> 0.13866588
  29440   24655 -> 0.13944672
  29440   24441 -> 0.13813122
  29440   24257 -> 0.13752554
  29440   24457 -> 0.13924155
  29440   24700 -> 0.13833533
  29440   24414 -> 0.13799222
  29440   24666 -> 0.13888115
  29440   24612 -> 0.13738649
  29440   24653 -> 0.13808192
  29440   24614 -> 0.13850515
  29440   24495 -> 0.13920678
  29440   24622 -> 0.13787381
  29440   24300 -> 0.13688985
  29440   24049 -> 0.13846973
  29440   24363 -> 0.13800614
  29440   24328 -> 0.13895138
  29440   24542 -> 0.13747598
  29440   24182 -> 0.13767451
  29440   24483 -> 0.13860954
  29440   24394 -> 0.13721958
  29440   24425 -> 0.13930106
  29440   24418 -> 0.13724352
  29440   24144 -> 0.13691373
  29440   24573 -> 0.13752258
  29440   24598 -> 0.13734776
  29440   24278 -> 0.13728306
  29440   24246 -> 0.13712130
  29440   24055 -> 0.13768066
  29440   24481 -> 0.13699111
  29440   24048 -> 0.13808642
  29440   24461 -> 0.13694000
done with simplex after 164 iterations
0 0.13712: 0.12177  5.44411 -4.73583 -12.37363 -0.43725 -2.15566 53.52545 
1 0.13689:-0.08655  5.93110 -5.15595 -12.87990  0.31259 -2.82364 54.02292 
2 0.13694:-0.35344  5.80613 -4.76509 -12.78381 -0.11000 -2.81386 54.40969 
3 0.13722:-0.02060  5.54831 -4.85939 -12.98716  0.09965 -2.54848 53.96428 
4 0.13699:-0.40959  5.62180 -4.80800 -13.03082  0.13660 -2.84699 54.28167 
5 0.13724:-0.51077  6.03617 -5.38856 -13.28197 -0.43271 -2.91902 54.40948 
6 0.13728: 0.08162  5.48684 -4.31851 -12.32161 -0.88411 -2.66564 53.60631 
7 0.13691: 0.01928  5.91219 -4.41477 -12.45407 -0.34411 -2.50795 53.46140 
after parameter optimization
-center         1.87345    3.12166   16.24066
-translation   -0.08655    5.93110   -5.15595
-rotation     -12.87990    0.31259   -2.82364
-scale          1.08046    1.08046    1.08046
-shear          0.00000    0.00000    0.00000
  29440   24300 -> 0.13688985
Initial objective function val = 0.23328289
Final objective function value = 0.13688985

8mm gradient lsq9 fit, target masked: making /var/tmp/mritotal_439871//src_8tmp2a.xfm
[mritotal] [oesteban@dna029:/out/sourcedata/freesurfer/sub-v2s11x28727_ses-1/mri] [2026-03-10 22:06:06] /opt/freesurfer/mni/bin/minctracc -clobber -debug /var/tmp/mritotal_439871//src_8_dxyz.mnc /opt/freesurfer/mni/bin/../share/mni_autoreg/average_305_8_dxyz.mnc /var/tmp/mritotal_439871//src_8tmp2a.xfm -transformation /var/tmp/mritotal_439871//src_8tmp1b.xfm -lsq9 -xcorr -model_mask /opt/freesurfer/mni/bin/../share/mni_autoreg/average_305_8_mask.mnc -center 1.873446 3.121655 16.240665 -step 4 4 4 -tol 0.004 -simplex 2
===== Debugging information from /opt/freesurfer/mni/bin/minctracc =====
Data filename       = /var/tmp/mritotal_439871//src_8_dxyz.mnc
Model filename      = /opt/freesurfer/mni/bin/../share/mni_autoreg/average_305_8_dxyz.mnc
Data mask filename  = 
Model mask filename = /opt/freesurfer/mni/bin/../share/mni_autoreg/average_305_8_mask.mnc
Input xform name    = /var/tmp/mritotal_439871//src_8tmp1b.xfm
Output filename     = /var/tmp/mritotal_439871//src_8tmp2a.xfm
Step size           = 4.000000 4.000000 4.000000
Sub-lattice dia     = 24.000000 24.000000 24.000000
Objective function  = cross correlation (threshold = 0.000000 0.000000)
Transform linear    = TRUE
Transform inverted? = FALSE
Transform type      = 5
Transform matrix    =    1.0791    0.0506    0.0176   -0.6786 
                        -0.0532    1.0521    0.2403    1.9662 
                        -0.0059   -0.2408    1.0533   -5.2580 
Transform center   =    1.873    3.122   16.241
Transform rotation   =    0.000    0.000    0.000 

Transform trans    =    0.000    0.000    0.000
Transform scale    =    1.000    1.000    1.000

Center of rot/scale forced: 1.873446 3.121655 16.240665
  using input transformation to get initial parameters:
In set_up_lattice, xyzv[axes] = 2, 1, 0, -1
slice lim 0 43
row lim   0 59
col lim   0 59
thresh =    0.00000    0.00000
In set_up_lattice, xyzv[axes] = 2, 1, 0, -1
  29440   24300 -> 0.13688985
  29440   24300 -> 0.13688985
  29440   24280 -> 0.14415956
  29440   23850 -> 0.13855103
  29440   24403 -> 0.13926563
  29440   24168 -> 0.13755104
  29440   24297 -> 0.13900517
  29440   24293 -> 0.13868140
  29440   24301 -> 0.14700992
  29440   24879 -> 0.13802239
  29440   24298 -> 0.12700881
  29440   24318 -> 0.12762451
  29440   24343 -> 0.13708386
  29440   24215 -> 0.13453352
  29440   24297 -> 0.13047977
  29440   24314 -> 0.13292311
  29440   24835 -> 0.12861700
  29440   23785 -> 0.12787409
  29440   24436 -> 0.12334008
  29440   24573 -> 0.12342798
  29440   24281 -> 0.12856635
  29440   24324 -> 0.12040508
  29440   24329 -> 0.12325723
  29440   24425 -> 0.11919603
  29440   24531 -> 0.11998334
  29440   24366 -> 0.12026762
  29440   24389 -> 0.11913572
  29440   24427 -> 0.12280478
  29440   23734 -> 0.11790837
  29440   23164 -> 0.11960235
  29440   24176 -> 0.12321622
  29440   24753 -> 0.11597989
  29440   25223 -> 0.11963953
  29440   24333 -> 0.11124175
  29440   24341 -> 0.10966867
  29440   24357 -> 0.12085011
  29440   24194 -> 0.10697504
  29440   24063 -> 0.10677854
  29440   24429 -> 0.11402138
  29440   24271 -> 0.12196369
  29440   24337 -> 0.11198836
  29440   24318 -> 0.11039683
  29440   24261 -> 0.10950662
  29440   24164 -> 0.10419214
  29440   24036 -> 0.10881075
  29440   24148 -> 0.10283957
  29440   24025 -> 0.10923254
  29440   24876 -> 0.10122045
  29440   25412 -> 0.10774468
  29440   23891 -> 0.10238499
  29440   24101 -> 0.10710350
  29440   24143 -> 0.10256341
  29440   24133 -> 0.10437690
  29440   24045 -> 0.11506717
  29440   24273 -> 0.10247757
  29440   24151 -> 0.10300227
  29440   24305 -> 0.10820200
  29440   24152 -> 0.10088772
  29440   24371 -> 0.10350338
  29440   24358 -> 0.10638671
  29440   24186 -> 0.09995797
  29440   24321 -> 0.10707161
  29440   24204 -> 0.09959546
  29440   24083 -> 0.10640713
  29440   24294 -> 0.09976127
  29440   24345 -> 0.10723802
  29440   24196 -> 0.09966070
  29440   24346 -> 0.10535776
  29440   24197 -> 0.09978358
  29440   24359 -> 0.10299660
  29440   24196 -> 0.09997125
  29440   24220 -> 0.10330705
  29440   24259 -> 0.09979819
  29440   24684 -> 0.10070546
  29440   23627 -> 0.10144962
  29440   24571 -> 0.09937558
  29440   24471 -> 0.09979493
  29440   23890 -> 0.10227067
  29440   24484 -> 0.09905998
  29440   24434 -> 0.09859943
  29440   24551 -> 0.10015257
  29440   24508 -> 0.10157443
  29440   24268 -> 0.09860489
  29440   24435 -> 0.09920991
  29440   24221 -> 0.09954821
  29440   24491 -> 0.09887409
  29440   24438 -> 0.09996946
  29440   24335 -> 0.09860007
  29440   24568 -> 0.10017104
  29440   24289 -> 0.09852747
  29440   24576 -> 0.09979732
  29440   24301 -> 0.09845456
  29440   24580 -> 0.09949087
  29440   24492 -> 0.09867322
  29440   24209 -> 0.09821286
  29440   24019 -> 0.09907077
  29440   24300 -> 0.09976389
  29440   24401 -> 0.09831534
  29440   24232 -> 0.09905498
  29440   24297 -> 0.09835348
  29440   24176 -> 0.09909059
  29440   24414 -> 0.09834628
  29440   24159 -> 0.09828595
  29440   24364 -> 0.09871078
  29440   24292 -> 0.09823622
  29440   24289 -> 0.09846450
done with simplex after 95 iterations
0 0.09824: 0.01186  5.26952 -5.28185 -13.19011 -1.04049 -2.41932 51.43472 53.47831 61.67813 
1 0.09829:-0.09836  5.47586 -5.28716 -13.22919 -0.93662 -2.14343 51.32414 53.19072 61.54588 
2 0.09821:-0.06861  5.56826 -5.76601 -13.64795 -0.97970 -1.98149 51.55457 53.39300 62.08742 
3 0.09845: 0.22472  5.23024 -5.23961 -13.33773 -0.69193 -2.36352 51.39222 53.43870 61.12630 
4 0.09846: 0.08121  5.32617 -5.54331 -13.11698 -0.81570 -1.92926 51.28917 53.57936 61.32380 
5 0.09835:-0.08473  4.90503 -5.41328 -13.37172 -0.80031 -2.22891 51.43072 53.59631 61.92193 
6 0.09853: 0.08686  4.97883 -5.06173 -13.10032 -1.15272 -2.11668 51.41352 53.24851 61.72281 
7 0.09832: 0.21422  5.13332 -5.30138 -13.49595 -1.12053 -2.20731 51.37074 53.68579 61.79274 
8 0.09835: 0.04104  5.13849 -5.61759 -13.21769 -1.03914 -2.23705 51.36099 53.44044 61.88635 
9 0.09860:-0.16537  5.45613 -5.58732 -13.37095 -1.07113 -2.12456 51.45771 54.10325 60.96310 
after parameter optimization
-center         1.87345    3.12166   16.24066
-translation   -0.06861    5.56826   -5.76601
-rotation     -13.64795   -0.97970   -1.98149
-scale          1.03109    1.06786    1.24175
-shear          0.00000    0.00000    0.00000
  29440   24209 -> 0.09821286
Initial objective function val = 0.13688985
Final objective function value = 0.09821286

checking z-scale: making /var/tmp/mritotal_439871//src_8tmp2b.xfm
[mritotal] [oesteban@dna029:/out/sourcedata/freesurfer/sub-v2s11x28727_ses-1/mri] [2026-03-10 22:06:06] /opt/freesurfer/mni/bin/check_scale /var/tmp/mritotal_439871//src_8tmp2a.xfm /var/tmp/mritotal_439871//src_8tmp2b.xfm

8mm gradient lsq9 fit, target masked: making /var/tmp/mritotal_439871//src_8tmp2c.xfm
[mritotal] [oesteban@dna029:/out/sourcedata/freesurfer/sub-v2s11x28727_ses-1/mri] [2026-03-10 22:06:06] /opt/freesurfer/mni/bin/minctracc -clobber -debug /var/tmp/mritotal_439871//src_8_dxyz.mnc /opt/freesurfer/mni/bin/../share/mni_autoreg/average_305_8_dxyz.mnc /var/tmp/mritotal_439871//src_8tmp2c.xfm -transformation /var/tmp/mritotal_439871//src_8tmp2b.xfm -lsq9 -xcorr -model_mask /opt/freesurfer/mni/bin/../share/mni_autoreg/average_305_8_mask.mnc -center 1.873446 3.121655 16.240665 -step 4 4 4 -tol 0.004 -simplex 2
===== Debugging information from /opt/freesurfer/mni/bin/minctracc =====
Data filename       = /var/tmp/mritotal_439871//src_8_dxyz.mnc
Model filename      = /opt/freesurfer/mni/bin/../share/mni_autoreg/average_305_8_dxyz.mnc
Data mask filename  = 
Model mask filename = /opt/freesurfer/mni/bin/../share/mni_autoreg/average_305_8_mask.mnc
Input xform name    = /var/tmp/mritotal_439871//src_8tmp2b.xfm
Output filename     = /var/tmp/mritotal_439871//src_8tmp2c.xfm
Step size           = 4.000000 4.000000 4.000000
Sub-lattice dia     = 24.000000 24.000000 24.000000
Objective function  = cross correlation (threshold = 0.000000 0.000000)
Transform linear    = TRUE
Transform inverted? = FALSE
Transform type      = 5
Transform matrix    =    1.0303    0.0388   -0.0087   -0.1051 
                        -0.0369    1.0369    0.2524    1.4225 
                         0.0179   -0.2476    1.0197   -8.2451 
Transform center   =    1.873    3.122   16.241
Transform rotation   =    0.000    0.000    0.000 

Transform trans    =    0.000    0.000    0.000
Transform scale    =    1.000    1.000    1.000

Center of rot/scale forced: 1.873446 3.121655 16.240665
  using input transformation to get initial parameters:
In set_up_lattice, xyzv[axes] = 2, 1, 0, -1
slice lim 0 43
row lim   0 59
col lim   0 59
thresh =    0.00000    0.00000
In set_up_lattice, xyzv[axes] = 2, 1, 0, -1
  29440   24057 -> 0.14118224
  29440   24057 -> 0.14118224
  29440   24040 -> 0.15010646
  29440   23600 -> 0.14004090
  29440   24170 -> 0.13773653
  29440   23945 -> 0.14259085
  29440   24056 -> 0.14080937
  29440   24097 -> 0.14407390
  29440   24059 -> 0.14745575
  29440   24630 -> 0.14056970
  29440   24060 -> 0.13569549
  29440   24103 -> 0.14602560
  29440   24092 -> 0.14867677
  29440   24070 -> 0.14233735
  29440   24042 -> 0.14978302
  29440   24089 -> 0.13997218
  29440   24111 -> 0.14246342
  29440   24255 -> 0.13741511
  29440   24131 -> 0.14258325
  29440   24109 -> 0.13926861
  29440   24169 -> 0.14064965
  29440   24203 -> 0.13568862
  29440   24274 -> 0.13529573
  29440   24252 -> 0.13638574
  29440   24164 -> 0.13843971
  29440   23559 -> 0.13618861
  29440   24587 -> 0.13488784
  29440   25064 -> 0.13529371
  29440   24235 -> 0.13133346
  29440   24315 -> 0.12912834
  29440   24262 -> 0.12901160
  29440   24351 -> 0.12538171
  29440   24252 -> 0.13163719
  29440   24262 -> 0.12522763
  29440   24315 -> 0.12115069
  29440   24172 -> 0.11939198
  29440   24116 -> 0.11147787
  29440   24164 -> 0.11701351
  29440   24945 -> 0.11534890
  29440   24717 -> 0.12857093
  29440   24579 -> 0.11842736
  29440   24271 -> 0.12117130
  29440   24590 -> 0.11900038
  29440   24589 -> 0.12061772
  29440   24167 -> 0.10693201
  29440   23904 -> 0.11312863
  29440   24488 -> 0.11468098
  29440   24627 -> 0.11378489
  29440   24612 -> 0.11019697
  29440   24377 -> 0.11841391
  29440   24334 -> 0.11863007
  29440   24394 -> 0.11093952
  29440   24311 -> 0.11246558
  29440   24471 -> 0.11145681
  29440   24755 -> 0.10429098
  29440   25038 -> 0.11168551
  29440   23889 -> 0.10697483
  29440   24280 -> 0.11863611
  29440   24428 -> 0.10731102
  29440   24059 -> 0.10749503
  29440   24362 -> 0.11971045
  29440   24312 -> 0.10454014
  29440   24589 -> 0.10195502
  29440   24803 -> 0.10604148
  29440   24240 -> 0.10405186
  29440   24282 -> 0.10589441
  29440   23998 -> 0.10847886
  29440   24148 -> 0.10327287
  29440   24561 -> 0.10651346
  29440   24236 -> 0.10206168
  29440   24813 -> 0.10432586
  29440   24705 -> 0.10330288
  29440   24340 -> 0.10447037
  29440   24635 -> 0.10847800
  29440   24373 -> 0.10183628
  29440   24622 -> 0.10605720
  29440   24395 -> 0.10090516
  29440   24593 -> 0.10674602
  29440   24407 -> 0.10091665
  29440   24010 -> 0.10756236
  29440   24624 -> 0.10106821
  29440   24064 -> 0.10016096
  29440   23707 -> 0.10530557
  29440   24542 -> 0.10278712
  29440   24043 -> 0.10312467
  29440   24580 -> 0.10101767
  29440   24796 -> 0.10271266
  29440   24350 -> 0.10476283
  29440   24500 -> 0.10018966
  29440   24032 -> 0.10356258
  29440   24607 -> 0.10041022
  29440   24681 -> 0.10402273
  29440   24345 -> 0.10000581
  29440   24294 -> 0.10102111
  29440   24479 -> 0.10021883
  29440   24182 -> 0.09857723
  29440   23950 -> 0.09965417
  29440   24497 -> 0.10045388
  29440   24199 -> 0.10192022
  29440   24487 -> 0.09951538
  29440   24381 -> 0.09968760
  29440   24395 -> 0.10048660
  29440   24395 -> 0.09929719
  29440   24264 -> 0.10049744
  29440   24442 -> 0.09916963
  29440   24111 -> 0.09983338
  29440   24167 -> 0.10053971
  29440   24397 -> 0.09896486
  29440   24120 -> 0.10134558
  29440   24405 -> 0.09900223
  29440   24629 -> 0.09982397
  29440   24419 -> 0.09842087
  29440   24455 -> 0.09943560
  29440   24708 -> 0.10050874
  29440   24263 -> 0.09874684
  29440   24112 -> 0.09973429
  29440   24241 -> 0.09871196
  29440   24338 -> 0.09995718
  29440   24367 -> 0.09878366
  29440   24211 -> 0.09857615
  29440   24252 -> 0.09842875
  29440   24168 -> 0.09818435
  29440   24035 -> 0.09897629
  29440   24153 -> 0.09857751
  29440   24104 -> 0.09827228
  29440   24071 -> 0.09808671
  29440   23925 -> 0.09889229
  29440   24136 -> 0.09809957
  29440   24134 -> 0.09792020
  29440   24083 -> 0.09848730
  29440   24223 -> 0.09868216
  29440   24170 -> 0.09806864
  29440   24191 -> 0.09896936
  29440   24186 -> 0.09800601
  29440   24152 -> 0.09777705
  29440   24127 -> 0.09829210
  29440   24085 -> 0.09823546
  29440   23848 -> 0.09890091
  29440   24278 -> 0.09788562
  29440   24206 -> 0.09783143
  29440   24250 -> 0.09832226
  29440   24127 -> 0.09791838
  29440   24160 -> 0.09818090
  29440   24161 -> 0.09784584
  29440   24191 -> 0.09798852
  29440   24285 -> 0.09764991
  29440   24388 -> 0.09780037
  29440   24214 -> 0.09771474
  29440   24209 -> 0.09768645
  29440   24197 -> 0.09774159
done with simplex after 139 iterations
0 0.09792: 0.14796  6.05120 -5.83368 -14.08522 -0.93003 -2.12684 51.31361 53.40451 62.88004 
1 0.09771:-0.03048  6.14377 -5.50127 -13.94834 -1.01582 -1.98398 51.19218 53.73186 62.59378 
2 0.09765:-0.04136  5.83939 -5.77151 -14.06000 -0.97671 -2.02936 51.34690 53.75441 62.45475 
3 0.09778: 0.13615  6.14015 -5.61515 -14.11743 -0.87909 -2.11084 51.28189 53.52140 62.12682 
4 0.09785: 0.09027  6.03690 -5.67611 -14.15250 -0.80828 -2.18854 51.24972 53.45557 62.66704 
5 0.09792:-0.18010  6.07371 -5.98409 -13.98288 -0.75458 -1.97624 51.31654 53.49007 62.52354 
6 0.09789: 0.04869  5.93471 -6.00964 -14.60275 -0.81363 -2.10884 51.35882 53.71030 62.69359 
7 0.09783: 0.24492  6.04948 -5.79336 -13.84308 -1.23169 -2.22140 51.18576 53.72043 62.22684 
8 0.09769: 0.04288  5.90297 -5.73096 -14.04445 -0.58226 -1.86756 51.23605 53.54604 62.34149 
9 0.09774: 0.05190  5.99652 -5.66037 -13.94196 -0.68174 -2.26957 51.28344 53.60114 62.82928 
after parameter optimization
-center         1.87345    3.12166   16.24066
-translation   -0.04136    5.83939   -5.77151
-rotation     -14.06000   -0.97671   -2.02936
-scale          1.02694    1.07509    1.24909
-shear          0.00000    0.00000    0.00000
  29440   24285 -> 0.09764991
Initial objective function val = 0.14118224
Final objective function value = 0.09764991

final linear fit: 8mm gradient lsq9 fit, target masked: making transforms/talairach.auto.xfm
[mritotal] [oesteban@dna029:/out/sourcedata/freesurfer/sub-v2s11x28727_ses-1/mri] [2026-03-10 22:06:07] /opt/freesurfer/mni/bin/minctracc -clobber -debug /var/tmp/mritotal_439871//src_8_dxyz.mnc /opt/freesurfer/mni/bin/../share/mni_autoreg/average_305_8_dxyz.mnc transforms/talairach.auto.xfm -transformation /var/tmp/mritotal_439871//src_8tmp2c.xfm -lsq9 -xcorr -model_mask /opt/freesurfer/mni/bin/../share/mni_autoreg/average_305_8_mask.mnc -center 1.873446 3.121655 16.240665 -step 4 4 4 -tol 0.004 -simplex 2
===== Debugging information from /opt/freesurfer/mni/bin/minctracc =====
Data filename       = /var/tmp/mritotal_439871//src_8_dxyz.mnc
Model filename      = /opt/freesurfer/mni/bin/../share/mni_autoreg/average_305_8_dxyz.mnc
Data mask filename  = 
Model mask filename = /opt/freesurfer/mni/bin/../share/mni_autoreg/average_305_8_mask.mnc
Input xform name    = /var/tmp/mritotal_439871//src_8tmp2c.xfm
Output filename     = transforms/talairach.auto.xfm
Step size           = 4.000000 4.000000 4.000000
Sub-lattice dia     = 24.000000 24.000000 24.000000
Objective function  = cross correlation (threshold = 0.000000 0.000000)
Transform linear    = TRUE
Transform inverted? = FALSE
Transform type      = 5
Transform matrix    =    1.0261    0.0395   -0.0081   -0.0816 
                        -0.0381    1.0421    0.2616    1.5301 
                         0.0213   -0.3034    1.2115   -8.2991 
Transform center   =    1.873    3.122   16.241
Transform rotation   =    0.000    0.000    0.000 

Transform trans    =    0.000    0.000    0.000
Transform scale    =    1.000    1.000    1.000

Center of rot/scale forced: 1.873446 3.121655 16.240665
  using input transformation to get initial parameters:
In set_up_lattice, xyzv[axes] = 2, 1, 0, -1
slice lim 0 43
row lim   0 59
col lim   0 59
thresh =    0.00000    0.00000
In set_up_lattice, xyzv[axes] = 2, 1, 0, -1
  29440   24285 -> 0.09764990
  29440   24285 -> 0.09764990
  29440   24266 -> 0.10987581
  29440   23831 -> 0.10006613
  29440   24381 -> 0.10207994
  29440   24146 -> 0.09909721
  29440   24284 -> 0.09909030
  29440   24279 -> 0.10274804
  29440   24285 -> 0.10643157
  29440   24864 -> 0.09803667
  29440   24290 -> 0.09914794
  29440   24316 -> 0.11192383
  29440   24279 -> 0.10119937
  29440   24302 -> 0.11444368
  29440   24288 -> 0.10055627
  29440   24313 -> 0.10341281
  29440   24287 -> 0.09934013
  29440   24191 -> 0.10286138
  29440   24331 -> 0.09852722
  29440   24297 -> 0.10133750
  29440   24283 -> 0.09878299
  29440   24289 -> 0.10250301
  29440   24289 -> 0.09878467
  29440   24841 -> 0.10048034
  29440   24082 -> 0.09779554
  29440   24351 -> 0.09920298
  29440   24333 -> 0.09767062
  29440   24365 -> 0.09832433
  29440   24562 -> 0.10139147
  29440   24240 -> 0.09748052
  29440   24405 -> 0.10045607
  29440   24312 -> 0.09744631
  29440   24402 -> 0.09807640
  29440   24436 -> 0.09914166
  29440   24322 -> 0.09755652
  29440   24388 -> 0.09846886
  29440   24373 -> 0.09740974
  29440   24357 -> 0.09905945
  29440   24363 -> 0.09731064
  29440   24307 -> 0.09839755
  29440   24387 -> 0.09731500
  29440   23718 -> 0.09942271
  29440   24585 -> 0.09737600
  29440   24617 -> 0.09802474
  29440   24223 -> 0.09722435
  29440   24352 -> 0.09764699
  29440   24416 -> 0.09735323
  29440   24364 -> 0.09752764
  29440   24404 -> 0.09798098
  29440   24343 -> 0.09714559
  29440   24357 -> 0.09756263
  29440   24364 -> 0.09716601
done with simplex after 41 iterations
0 0.09735: 0.17479  6.38023 -5.64652 -13.24907 -0.13675 -2.00858 51.36359 54.79820 61.92274 
1 0.09715: 0.15421  6.10454 -5.64095 -13.68468 -0.59161 -2.05311 51.39024 54.22858 62.35014 
2 0.09722: 0.02669  6.45338 -5.69486 -13.79701 -0.70809 -2.03257 51.37910 54.06253 62.45751 
3 0.09741: 0.06694  6.16954 -6.06961 -13.60246 -0.50589 -2.15058 51.33503 54.46414 62.09970 
4 0.09748: 0.00996  5.95779 -5.66862 -12.96469 -0.77029 -2.03281 51.40367 53.96083 62.41425 
5 0.09745: 0.01281  5.96436 -5.66290 -13.90384  0.13007 -2.03300 51.40683 53.97230 62.41200 
6 0.09717: 0.07889  6.14957 -5.63872 -13.54467 -0.45029 -2.26555 51.40246 54.35726 62.45916 
7 0.09731: 0.07635  6.11492 -5.59124 -13.68255 -0.58771 -2.14165 51.17956 54.35122 62.20083 
8 0.09738: 0.00690  5.98513 -5.73160 -13.87251 -0.78389 -2.06350 51.35956 54.93202 62.39570 
9 0.09731: 0.08572  6.16177 -5.56784 -13.56005 -0.47159 -2.07002 51.43578 54.35244 61.55228 
after parameter optimization
-center         1.87345    3.12166   16.24066
-translation    0.15421    6.10454   -5.64095
-rotation     -13.68468   -0.59161   -2.05311
-scale          1.02780    1.08457    1.24700
-shear          0.00000    0.00000    0.00000
  29440   24343 -> 0.09714559
Initial objective function val = 0.09764990
Final objective function value = 0.09714559
lta_convert --src orig_nu.mgz --trg /opt/freesurfer/mni/bin/../share/mni_autoreg/average_305.mnc --inxfm transforms/talairach.auto.xfm --outlta transforms/talairach.auto.xfm.lta --subject fsaverage
7.3.2

--src: orig_nu.mgz src image (geometry).
--trg: /opt/freesurfer/mni/bin/../share/mni_autoreg/average_305.mnc trg image (geometry).
--inmni: transforms/talairach.auto.xfm input MNI/XFM transform.
--outlta: transforms/talairach.auto.xfm.lta output LTA.
--s: fsaverage subject name
 LTA read, type : 1
 1.02709   0.03829  -0.00159   0.00982;
-0.03885   1.05301   0.25681   1.84106;
 0.01288  -0.29500   1.21154  -8.17972;
 0.00000   0.00000   0.00000   1.00000;
setting subject to fsaverage
Writing  LTA to file transforms/talairach.auto.xfm.lta...
lta_convert successful.
 
 
Tue Mar 10 22:06:07 CET 2026
talairach done
