/out/sourcedata/freesurfer/sub-v2s11x28721_ses-1/mri
/opt/freesurfer/bin/talairach_avi
--i orig_nu.mgz --xfm transforms/talairach.auto.xfm
talairach_avi 7.3.2
Linux dna023 5.14.0-427.37.1.el9_4.x86_64 #1 SMP PREEMPT_DYNAMIC Fri Sep 13 12:41:50 EDT 2024 x86_64 x86_64 x86_64 GNU/Linux
Tue Mar 10 21:07:54 CET 2026
mri_convert orig_nu.mgz talsrcimg.img 
reading from orig_nu.mgz...
TR=0.00, TE=0.00, TI=0.00, flip angle=0.00
i_ras = (-1, 0, 0)
j_ras = (0, 0, -1)
k_ras = (0, 1, 0)
writing to talsrcimg.img...
Analyze Output Matrix
-0.80000   0.00000   0.00000   127.87958;
 0.00000   0.00000   0.80000  -134.24594;
 0.00000  -0.80000   0.00000   144.05804;
 0.00000   0.00000   0.00000   1.00000;
--------------------
INFO: set hdr.hist.orient to -1
mpr2mni305 talsrcimg
Tue Mar 10 21:07:54 CET 2026
/opt/freesurfer/bin/mpr2mni305 talsrcimg
mpr2mni305 7.3.2
target=711-2C_as_mni_average_305

---------------------------------------------------------------------
analyzeto4dfp talsrcimg -O0 -y
---------------------------------------------------------------------

freesurfer ifh2hdr.c
Tue Mar 10 21:07:55 2026
Writing: talsrcimg.4dfp.hdr
freesurfer analyzeto4dfp.c
Reading: talsrcimg.hdr
header size 348 bytes
hdr.dime.datatype	offset=70	value=2
hdr.dime.bitpix		offset=72	value=8
hdr.hist.orient		offset=252	value=-1
dimensionality     4
dimensions       320       320       320         1
Reading: talsrcimg.img
Writing: talsrcimg.4dfp.img
Writing: talsrcimg.4dfp.ifh
ifh2hdr talsrcimg -r0to204
ori=2

---------------------------------------------------------------------
gauss_4dfp talsrcimg 1.1
---------------------------------------------------------------------

freesurfer gauss_4dfp.c
Reading: talsrcimg.4dfp.img
Writing: talsrcimg_g11.4dfp.img
image dimensions 320 320 320 padded to 384 384 384
processing volume 1freesurfer ifh2hdr.c
Tue Mar 10 21:08:11 2026
Writing: talsrcimg_g11.4dfp.hdr

Writing: talsrcimg_g11.4dfp.ifh
including: talsrcimg.4dfp.img.rec in talsrcimg_g11.4dfp.img.rec

---------------------------------------------------------------------
imgreg_4dfp /opt/freesurfer/average/711-2C_as_mni_average_305 none talsrcimg_g11 none talsrcimg_to_711-2C_as_mni_average_305_t4 4355
---------------------------------------------------------------------

freesurfer imgreg_4dfp.c
/opt/freesurfer/average/711-2C_as_mni_average_305.4dfp.img
       256       256       256         1
  1.000000  1.000000  1.000000
orientation T byte_order littleendian
Reading image: /opt/freesurfer/average/711-2C_as_mni_average_305.4dfp.img
dimensions:      256       256       256
mmppix:       1.0000   -1.0000   -1.0000
center:     128.0000 -129.0000 -129.0000
talsrcimg_g11.4dfp.img
       320       320       320         1
  0.800000  0.800000  0.800000
orientation T byte_order littleendian
Reading image: talsrcimg_g11.4dfp.img
dimensions:      320       320       320
mmppix:       0.8000   -0.8000   -0.8000
center:     128.0000 -128.8000 -128.8000
t4_read: open error in t4_sub.f l:  41 t4_file(1:l)talsrcimg_to_711-2C_as_mni_average_305_t4 
t4_read: transform initialized to I4
rotation matrix determinant  1.000000
image alignment mode   4355 decimal     1103 hex
   -7.5000  -45.0000  -45.0000 9081.3340   17.0855
    0.0000  -45.0000  -45.0000 9551.6328   17.2005
    7.5000  -45.0000  -45.0000 9064.3486   17.1858
   -7.5000  -37.5000  -45.0000 9591.7080   17.1403
    0.0000  -37.5000  -45.000010091.2129   17.2632
    7.5000  -37.5000  -45.0000 9579.2305   17.2579
   -7.5000  -30.0000  -45.000010451.4199   17.1872
    0.0000  -30.0000  -45.000010976.8340   17.3149
    7.5000  -30.0000  -45.000010443.7393   17.3097
   -7.5000  -22.5000  -45.000011324.1240   17.1881
    0.0000  -22.5000  -45.000011897.1484   17.3138
    7.5000  -22.5000  -45.000011311.3975   17.2986
   -7.5000  -15.0000  -45.000012171.3984   17.1482
    0.0000  -15.0000  -45.000012777.2002   17.2663
    7.5000  -15.0000  -45.000012153.0508   17.2419
   -7.5000   -7.5000  -45.000012978.8477   17.0903
    0.0000   -7.5000  -45.000013639.6260   17.2024
    7.5000   -7.5000  -45.000012939.6924   17.1786
   -7.5000    0.0000  -45.000013574.8535   17.0855
    0.0000    0.0000  -45.000014278.2783   17.2005
    7.5000    0.0000  -45.000013514.6582   17.1858
   -7.5000    7.5000  -45.000013060.9238   17.1403
    0.0000    7.5000  -45.000013759.4033   17.2632
    7.5000    7.5000  -45.000013011.9883   17.2579
   -7.5000   15.0000  -45.000012334.0820   17.1872
    0.0000   15.0000  -45.000013018.3359   17.3149
    7.5000   15.0000  -45.000012287.7285   17.3097
   -7.5000   22.5000  -45.000011517.1338   17.1857
    0.0000   22.5000  -45.000012169.9541   17.3114
    7.5000   22.5000  -45.000011469.3350   17.2963
   -7.5000   30.0000  -45.000010686.7959   16.9197
    0.0000   30.0000  -45.000011290.3994   17.0362
    7.5000   30.0000  -45.000010627.0547   17.0122
   -7.5000   37.5000  -45.000010216.1465   16.8625
    0.0000   37.5000  -45.000010786.2422   16.9732
    7.5000   37.5000  -45.000010151.7539   16.9497
   -7.5000   45.0000  -45.0000 9298.7705   16.4298
    0.0000   45.0000  -45.0000 9806.2422   16.5403
    7.5000   45.0000  -45.0000 9235.6211   16.5263
   -7.5000  -45.0000  -37.5000 9382.9385   16.9837
    0.0000  -45.0000  -37.5000 9860.2773   17.0991
    7.5000  -45.0000  -37.5000 9368.0078   17.0845
   -7.5000  -37.5000  -37.5000 9896.5928   17.0350
    0.0000  -37.5000  -37.500010398.1025   17.1580
    7.5000  -37.5000  -37.5000 9891.5664   17.1546
   -7.5000  -30.0000  -37.500010769.3047   17.0850
    0.0000  -30.0000  -37.500011296.3818   17.2123
    7.5000  -30.0000  -37.500010759.8184   17.2087
   -7.5000  -22.5000  -37.500011681.1455   17.0927
    0.0000  -22.5000  -37.500012224.9971   17.2180
    7.5000  -22.5000  -37.500011657.3359   17.2022
   -7.5000  -15.0000  -37.500012538.7197   17.0564
    0.0000  -15.0000  -37.500013126.1699   17.1749
    7.5000  -15.0000  -37.500012503.3770   17.1481
   -7.5000   -7.5000  -37.500013364.4531   16.9950
    0.0000   -7.5000  -37.500014006.3096   17.1079
    7.5000   -7.5000  -37.500013319.5674   17.0820
   -7.5000    0.0000  -37.500013949.8066   16.9837
    0.0000    0.0000  -37.500014629.5820   17.0991
    7.5000    0.0000  -37.500013904.2910   17.0845
   -7.5000    7.5000  -37.500013407.6104   17.0350
    0.0000    7.5000  -37.500014097.5625   17.1580
    7.5000    7.5000  -37.500013374.5967   17.1546
   -7.5000   15.0000  -37.500012657.7676   17.0850
    0.0000   15.0000  -37.500013308.9268   17.2123
    7.5000   15.0000  -37.500012619.9453   17.2087
   -7.5000   22.5000  -37.500011799.8535   17.0903
    0.0000   22.5000  -37.500012428.2793   17.2156
    7.5000   22.5000  -37.500011757.7764   17.1998
   -7.5000   30.0000  -37.500010951.8545   16.8291
    0.0000   30.0000  -37.500011522.5498   16.9460
    7.5000   30.0000  -37.500010882.7500   16.9196
   -7.5000   37.5000  -37.500010424.0166   16.7685
    0.0000   37.5000  -37.500010993.3105   16.8799
    7.5000   37.5000  -37.500010365.8535   16.8544
   -7.5000   45.0000  -37.5000 9457.9756   16.3318
    0.0000   45.0000  -37.5000 9978.4062   16.4428
    7.5000   45.0000  -37.5000 9410.4990   16.4288
   -7.5000  -45.0000  -30.0000 9980.4932   17.3611
    0.0000  -45.0000  -30.000010482.8057   17.4852
    7.5000  -45.0000  -30.0000 9975.2178   17.4713
   -7.5000  -37.5000  -30.000010544.5137   17.4143
    0.0000  -37.5000  -30.000011075.6328   17.5438
    7.5000  -37.5000  -30.000010550.9082   17.5407
   -7.5000  -30.0000  -30.000011481.2061   17.4698
    0.0000  -30.0000  -30.000012040.2930   17.6005
    7.5000  -30.0000  -30.000011472.7578   17.5969
   -7.5000  -22.5000  -30.000012445.0195   17.4814
    0.0000  -22.5000  -30.000013011.5264   17.6098
    7.5000  -22.5000  -30.000012409.7256   17.5940
   -7.5000  -15.0000  -30.000013347.8691   17.4437
    0.0000  -15.0000  -30.000013964.3174   17.5679
    7.5000  -15.0000  -30.000013307.0156   17.5415
   -7.5000   -7.5000  -30.000014222.6270   17.3763
    0.0000   -7.5000  -30.000014896.5684   17.4974
    7.5000   -7.5000  -30.000014185.1113   17.4726
   -7.5000    0.0000  -30.000014836.9258   17.3611
    0.0000    0.0000  -30.000015532.8389   17.4852
    7.5000    0.0000  -30.000014807.2891   17.4713
   -7.5000    7.5000  -30.000014263.6982   17.4143
    0.0000    7.5000  -30.000014952.8848   17.5438
    7.5000    7.5000  -30.000014244.8994   17.5407
   -7.5000   15.0000  -30.000013468.7451   17.4698
    0.0000   15.0000  -30.000014118.3467   17.6005
    7.5000   15.0000  -30.000013448.7949   17.5969
   -7.5000   22.5000  -30.000012573.3447   17.4772
    0.0000   22.5000  -30.000013187.0264   17.6056
    7.5000   22.5000  -30.000012536.2197   17.5898
   -7.5000   30.0000  -30.000011640.0879   17.2129
    0.0000   30.0000  -30.000012231.6152   17.3354
    7.5000   30.0000  -30.000011582.5449   17.3094
   -7.5000   37.5000  -30.000011046.0459   17.1464
    0.0000   37.5000  -30.000011637.2393   17.2659
    7.5000   37.5000  -30.000011006.0947   17.2414
   -7.5000   45.0000  -30.000010003.4082   16.7070
    0.0000   45.0000  -30.000010555.9043   16.8265
    7.5000   45.0000  -30.0000 9978.1953   16.8130
   -7.5000  -45.0000  -22.500010624.0830   17.6975
    0.0000  -45.0000  -22.500011147.9824   17.8280
    7.5000  -45.0000  -22.500010619.7812   17.8152
   -7.5000  -37.5000  -22.500011248.7021   17.7518
    0.0000  -37.5000  -22.500011818.4033   17.8849
    7.5000  -37.5000  -22.500011246.0430   17.8808
   -7.5000  -30.0000  -22.500012253.0820   17.8059
    0.0000  -30.0000  -22.500012861.9697   17.9375
    7.5000  -30.0000  -22.500012232.8135   17.9337
   -7.5000  -22.5000  -22.500013256.9678   17.8148
    0.0000  -22.5000  -22.500013871.1523   17.9440
    7.5000  -22.5000  -22.500013209.4570   17.9308
   -7.5000  -15.0000  -22.500014197.7178   17.7760
    0.0000  -15.0000  -22.500014872.5078   17.9037
    7.5000  -15.0000  -22.500014167.4570   17.8819
   -7.5000   -7.5000  -22.500015133.4922   17.7100
    0.0000   -7.5000  -22.500015863.9971   17.8375
    7.5000   -7.5000  -22.500015118.2100   17.8164
   -7.5000    0.0000  -22.500015788.9561   17.6975
    0.0000    0.0000  -22.500016529.0723   17.8280
    7.5000    0.0000  -22.500015762.5098   17.8152
   -7.5000    7.5000  -22.500015191.7266   17.7518
    0.0000    7.5000  -22.500015891.9141   17.8849
    7.5000    7.5000  -22.500015178.6611   17.8808
   -7.5000   15.0000  -22.500014351.7539   17.8059
    0.0000   15.0000  -22.500015005.6416   17.9375
    7.5000   15.0000  -22.500014334.3828   17.9337
   -7.5000   22.5000  -22.500013387.5781   17.8093
    0.0000   22.5000  -22.500014015.5400   17.9385
    7.5000   22.5000  -22.500013366.8672   17.9253
   -7.5000   30.0000  -22.500012392.3457   17.5435
    0.0000   30.0000  -22.500013007.5664   17.6695
    7.5000   30.0000  -22.500012354.2236   17.6480
   -7.5000   37.5000  -22.500011741.7920   17.4784
    0.0000   37.5000  -22.500012360.9570   17.6042
    7.5000   37.5000  -22.500011717.6377   17.5834
   -7.5000   45.0000  -22.500010616.7432   17.0436
    0.0000   45.0000  -22.500011197.2432   17.1693
    7.5000   45.0000  -22.500010596.5146   17.1569
   -7.5000  -45.0000  -15.000011254.3818   17.9052
    0.0000  -45.0000  -15.000011830.3359   18.0356
    7.5000  -45.0000  -15.000011244.0547   18.0235
   -7.5000  -37.5000  -15.000011982.4434   17.9607
    0.0000  -37.5000  -15.000012614.4727   18.0938
    7.5000  -37.5000  -15.000011971.0898   18.0877
   -7.5000  -30.0000  -15.000013070.5205   18.0095
    0.0000  -30.0000  -15.000013780.7988   18.1414
    7.5000  -30.0000  -15.000013045.6064   18.1358
   -7.5000  -22.5000  -15.000014101.1621   18.0116
    0.0000  -22.5000  -15.000014788.6162   18.1410
    7.5000  -22.5000  -15.000014065.5137   18.1295
   -7.5000  -15.0000  -15.000015074.4209   17.9712
    0.0000  -15.0000  -15.000015796.6816   18.0989
    7.5000  -15.0000  -15.000015057.4287   18.0815
   -7.5000   -7.5000  -15.000016072.7812   17.9109
    0.0000   -7.5000  -15.000016855.3496   18.0386
    7.5000   -7.5000  -15.000016067.4658   18.0212
   -7.5000    0.0000  -15.000016776.9609   17.9052
    0.0000    0.0000  -15.000017568.1719   18.0356
    7.5000    0.0000  -15.000016751.4180   18.0235
   -7.5000    7.5000  -15.000016145.9004   17.9607
    0.0000    7.5000  -15.000016900.7266   18.0938
    7.5000    7.5000  -15.000016119.1836   18.0877
   -7.5000   15.0000  -15.000015272.0869   18.0095
    0.0000   15.0000  -15.000015971.1064   18.1414
    7.5000   15.0000  -15.000015237.9463   18.1358
   -7.5000   22.5000  -15.000014260.8369   18.0052
    0.0000   22.5000  -15.000014936.3428   18.1345
    7.5000   22.5000  -15.000014222.0781   18.1231
   -7.5000   30.0000  -15.000013208.5469   17.7386
    0.0000   30.0000  -15.000013881.8018   17.8647
    7.5000   30.0000  -15.000013165.3535   17.8475
   -7.5000   37.5000  -15.000012525.0127   17.6791
    0.0000   37.5000  -15.000013202.2314   17.8052
    7.5000   37.5000  -15.000012480.8623   17.7879
   -7.5000   45.0000  -15.000011319.0889   17.2540
    0.0000   45.0000  -15.000011943.5312   17.3797
    7.5000   45.0000  -15.000011282.1846   17.3680
   -7.5000  -45.0000   -7.500011834.9756   17.9174
    0.0000  -45.0000   -7.500012458.3242   18.0442
    7.5000  -45.0000   -7.500011805.1309   18.0308
   -7.5000  -37.5000   -7.500012648.9365   17.9714
    0.0000  -37.5000   -7.500013369.5527   18.1035
    7.5000  -37.5000   -7.500012622.0566   18.0959
   -7.5000  -30.0000   -7.500013862.0879   18.0164
    0.0000  -30.0000   -7.500014724.3018   18.1504
    7.5000  -30.0000   -7.500013823.2012   18.1428
   -7.5000  -22.5000   -7.500014951.1611   18.0158
    0.0000  -22.5000   -7.500015771.5146   18.1476
    7.5000  -22.5000   -7.500014912.3457   18.1341
   -7.5000  -15.0000   -7.500015945.8320   17.9773
    0.0000  -15.0000   -7.500016738.2656   18.1043
    7.5000  -15.0000   -7.500015930.1992   18.0850
   -7.5000   -7.5000   -7.500017043.6074   17.9211
    0.0000   -7.5000   -7.500017861.0801   18.0452
    7.5000   -7.5000   -7.500017010.3770   18.0262
   -7.5000    0.0000   -7.500017804.2441   17.9174
    0.0000    0.0000   -7.500018709.2051   18.0442
    7.5000    0.0000   -7.500017760.5918   18.0308
   -7.5000    7.5000   -7.500017155.5918   17.9714
    0.0000    7.5000   -7.500018035.1094   18.1035
    7.5000    7.5000   -7.500017093.4258   18.0959
   -7.5000   15.0000   -7.500016244.4258   18.0164
    0.0000   15.0000   -7.500017090.9570   18.1504
    7.5000   15.0000   -7.500016175.0391   18.1428
   -7.5000   22.5000   -7.500015189.5039   18.0075
    0.0000   22.5000   -7.500015986.7764   18.1392
    7.5000   22.5000   -7.500015110.8457   18.1257
   -7.5000   30.0000   -7.500014067.9121   17.7441
    0.0000   30.0000   -7.500014819.1230   17.8695
    7.5000   30.0000   -7.500014012.8936   17.8505
   -7.5000   37.5000   -7.500013340.6279   17.6887
    0.0000   37.5000   -7.500014067.5293   17.8112
    7.5000   37.5000   -7.500013283.6162   17.7925
   -7.5000   45.0000   -7.500012041.5469   17.2690
    0.0000   45.0000   -7.500012693.1133   17.3912
    7.5000   45.0000   -7.500011973.5889   17.3783
   -7.5000  -45.0000    0.000012272.8438   17.7965
    0.0000  -45.0000    0.000012913.0742   17.9207
    7.5000  -45.0000    0.000012230.7773   17.9059
   -7.5000  -37.5000    0.000013161.2686   17.8464
    0.0000  -37.5000    0.000013958.1221   17.9779
    7.5000  -37.5000    0.000013123.2969   17.9717
   -7.5000  -30.0000    0.000014542.7471   17.8920
    0.0000  -30.0000    0.000015607.7500   18.0281
    7.5000  -30.0000    0.000014495.5977   18.0217
   -7.5000  -22.5000    0.000015845.4248   17.8966
    0.0000  -22.5000    0.000016947.5801   18.0310
    7.5000  -22.5000    0.000015815.9033   18.0153
   -7.5000  -15.0000    0.000016919.0742   17.8627
    0.0000  -15.0000    0.000017995.7637   17.9901
    7.5000  -15.0000    0.000016871.2969   17.9658
   -7.5000   -7.5000    0.000017981.6934   17.8058
    0.0000   -7.5000    0.000019089.6699   17.9276
    7.5000   -7.5000    0.000017896.5371   17.9040
   -7.5000    0.0000    0.000018689.0078   17.7965
    0.0000    0.0000    0.000019868.6816   17.9207
    7.5000    0.0000    0.000018604.2188   17.9059
   -7.5000    7.5000    0.000017994.0918   17.8464
    0.0000    7.5000    0.000019104.4531   17.9779
    7.5000    7.5000    0.000017877.5684   17.9717
   -7.5000   15.0000    0.000017029.3145   17.8920
    0.0000   15.0000    0.000018054.4238   18.0281
    7.5000   15.0000    0.000016932.4219   18.0217
   -7.5000   22.5000    0.000015924.6289   17.8883
    0.0000   22.5000    0.000016880.9336   18.0227
    7.5000   22.5000    0.000015841.4404   18.0070
   -7.5000   30.0000    0.000014763.3291   17.6315
    0.0000   30.0000    0.000015647.9600   17.7573
    7.5000   30.0000    0.000014703.9160   17.7333
   -7.5000   37.5000    0.000014003.6523   17.5754
    0.0000   37.5000    0.000014835.9922   17.6955
    7.5000   37.5000    0.000013941.6260   17.6723
   -7.5000   45.0000    0.000012638.8555   17.1538
    0.0000   45.0000    0.000013372.3994   17.2735
    7.5000   45.0000    0.000012570.0430   17.2593
   -7.5000  -45.0000    7.500011720.3330   18.0383
    0.0000  -45.0000    7.500012352.0732   18.1653
    7.5000  -45.0000    7.500011676.2334   18.1507
   -7.5000  -37.5000    7.500012574.5967   18.0881
    0.0000  -37.5000    7.500013354.2861   18.2227
    7.5000  -37.5000    7.500012538.4609   18.2193
   -7.5000  -30.0000    7.500013993.9043   18.1385
    0.0000  -30.0000    7.500015235.1094   18.2774
    7.5000  -30.0000    7.500014016.9736   18.2737
   -7.5000  -22.5000    7.500015460.6709   18.1485
    0.0000  -22.5000    7.500017098.6621   18.2856
    7.5000  -22.5000    7.500015530.0352   18.2695
   -7.5000  -15.0000    7.500016617.4980   18.1152
    0.0000  -15.0000    7.500018236.7148   18.2455
    7.5000  -15.0000    7.500016631.9727   18.2185
   -7.5000   -7.5000    7.500017507.0332   18.0528
    0.0000   -7.5000    7.500018940.8730   18.1774
    7.5000   -7.5000    7.500017451.5527   18.1514
   -7.5000    0.0000    7.500018101.7969   18.0383
    0.0000    0.0000    7.500019408.3008   18.1653
    7.5000    0.0000    7.500018012.8145   18.1507
   -7.5000    7.5000    7.500017372.0508   18.0881
    0.0000    7.5000    7.500018533.0820   18.2227
    7.5000    7.5000    7.500017318.5566   18.2193
   -7.5000   15.0000    7.500016481.4746   18.1385
    0.0000   15.0000    7.500017509.8887   18.2774
    7.5000   15.0000    7.500016442.0977   18.2737
   -7.5000   22.5000    7.500015472.1426   18.1402
    0.0000   22.5000    7.500016400.5742   18.2771
    7.5000   22.5000    7.500015444.3291   18.2611
   -7.5000   30.0000    7.500014373.7305   17.8808
    0.0000   30.0000    7.500015190.6201   18.0093
    7.5000   30.0000    7.500014330.0449   17.9827
   -7.5000   37.5000    7.500013638.7988   17.8192
    0.0000   37.5000    7.500014397.5674   17.9421
    7.5000   37.5000    7.500013589.7676   17.9165
   -7.5000   45.0000    7.500012314.7705   17.3868
    0.0000   45.0000    7.500012994.0205   17.5093
    7.5000   45.0000    7.500012253.8496   17.4952
   -7.5000  -45.0000   15.000011170.0801   18.3386
    0.0000  -45.0000   15.000011748.0010   18.4718
    7.5000  -45.0000   15.000011143.3994   18.4583
   -7.5000  -37.5000   15.000011987.0127   18.3898
    0.0000  -37.5000   15.000012669.4238   18.5284
    7.5000  -37.5000   15.000011977.5029   18.5263
   -7.5000  -30.0000   15.000013378.7021   18.4426
    0.0000  -30.0000   15.000014422.0576   18.5825
    7.5000  -30.0000   15.000013413.9268   18.5797
   -7.5000  -22.5000   15.000014781.7002   18.4541
    0.0000  -22.5000   15.000015975.2109   18.5917
    7.5000  -22.5000   15.000014841.8564   18.5763
   -7.5000  -15.0000   15.000015837.5117   18.4199
    0.0000  -15.0000   15.000016896.9590   18.5532
    7.5000  -15.0000   15.000015858.0947   18.5268
   -7.5000   -7.5000   15.000016767.5547   18.3544
    0.0000   -7.5000   15.000017807.7207   18.4845
    7.5000   -7.5000   15.000016767.1992   18.4597
   -7.5000    0.0000   15.000017393.5117   18.3386
    0.0000    0.0000   15.000018489.7871   18.4718
    7.5000    0.0000   15.000017412.9902   18.4583
   -7.5000    7.5000   15.000016691.7891   18.3898
    0.0000    7.5000   15.000017691.8398   18.5284
    7.5000    7.5000   15.000016705.1250   18.5263
   -7.5000   15.0000   15.000015794.7744   18.4426
    0.0000   15.0000   15.000016694.5879   18.5825
    7.5000   15.0000   15.000015777.2607   18.5797
   -7.5000   22.5000   15.000014778.9805   18.4456
    0.0000   22.5000   15.000015620.4014   18.5831
    7.5000   22.5000   15.000014738.8018   18.5678
   -7.5000   30.0000   15.000013724.2354   18.1816
    0.0000   30.0000   15.000014526.9297   18.3131
    7.5000   30.0000   15.000013689.1162   18.2870
   -7.5000   37.5000   15.000013051.2344   18.1169
    0.0000   37.5000   15.000013791.3057   18.2453
    7.5000   37.5000   15.000013016.2861   18.2208
   -7.5000   45.0000   15.000011824.2881   17.6763
    0.0000   45.0000   15.000012483.3164   17.8047
    7.5000   45.0000   15.000011780.1523   17.7917
   -7.5000  -45.0000   22.500010485.2227   18.6764
    0.0000  -45.0000   22.500010992.4229   18.8134
    7.5000  -45.0000   22.500010473.6348   18.8013
   -7.5000  -37.5000   22.500011217.9414   18.7283
    0.0000  -37.5000   22.500011806.9883   18.8680
    7.5000  -37.5000   22.500011217.4600   18.8654
   -7.5000  -30.0000   22.500012445.9336   18.7770
    0.0000  -30.0000   22.500013281.1240   18.9151
    7.5000  -30.0000   22.500012486.5361   18.9126
   -7.5000  -22.5000   22.500013663.9727   18.7840
    0.0000  -22.5000   22.500014491.8730   18.9196
    7.5000  -22.5000   22.500013728.4648   18.9070
   -7.5000  -15.0000   22.500014618.9854   18.7491
    0.0000  -15.0000   22.500015382.4756   18.8830
    7.5000  -15.0000   22.500014628.6836   18.8612
   -7.5000   -7.5000   22.500015560.2871   18.6872
    0.0000   -7.5000   22.500016374.6465   18.8210
    7.5000   -7.5000   22.500015572.9678   18.8000
   -7.5000    0.0000   22.500016293.8398   18.6764
    0.0000    0.0000   22.500017214.4570   18.8134
    7.5000    0.0000   22.500016324.1104   18.8013
   -7.5000    7.5000   22.500015707.4883   18.7283
    0.0000    7.5000   22.500016584.7695   18.8680
    7.5000    7.5000   22.500015727.1826   18.8654
   -7.5000   15.0000   22.500014897.6055   18.7770
    0.0000   15.0000   22.500015690.7510   18.9151
    7.5000   15.0000   22.500014885.0908   18.9126
   -7.5000   22.5000   22.500013958.6162   18.7754
    0.0000   22.5000   22.500014693.5967   18.9109
    7.5000   22.5000   22.500013921.4941   18.8982
   -7.5000   30.0000   22.500012987.7002   18.5064
    0.0000   30.0000   22.500013694.3438   18.6386
    7.5000   30.0000   22.500012948.7344   18.6171
   -7.5000   37.5000   22.500012355.6406   18.4453
    0.0000   37.5000   22.500013017.4434   18.5774
    7.5000   37.5000   22.500012317.8428   18.5566
   -7.5000   45.0000   22.500011204.9971   18.0019
    0.0000   45.0000   22.500011809.1357   18.1339
    7.5000   45.0000   22.500011167.0605   18.1223
   -7.5000  -45.0000   30.0000 9881.9785   19.2594
    0.0000  -45.0000   30.000010317.7002   19.3975
    7.5000  -45.0000   30.0000 9872.5723   19.3859
   -7.5000  -37.5000   30.000010563.4697   19.3131
    0.0000  -37.5000   30.000011072.5791   19.4541
    7.5000  -37.5000   30.000010567.3662   19.4496
   -7.5000  -30.0000   30.000011683.5439   19.3537
    0.0000  -30.0000   30.000012335.6396   19.4933
    7.5000  -30.0000   30.000011715.3008   19.4895
   -7.5000  -22.5000   30.000012785.3545   19.3512
    0.0000  -22.5000   30.000013382.8916   19.4883
    7.5000  -22.5000   30.000012796.6201   19.4778
   -7.5000  -15.0000   30.000013689.8672   19.3143
    0.0000  -15.0000   30.000014285.2021   19.4495
    7.5000  -15.0000   30.000013696.5889   19.4321
   -7.5000   -7.5000   30.000014607.9375   19.2601
    0.0000   -7.5000   30.000015332.2520   19.3953
    7.5000   -7.5000   30.000014638.9736   19.3777
   -7.5000    0.0000   30.000015337.3779   19.2594
    0.0000    0.0000   30.000016112.8164   19.3975
    7.5000    0.0000   30.000015349.4902   19.3859
   -7.5000    7.5000   30.000014817.1230   19.3131
    0.0000    7.5000   30.000015542.2734   19.4541
    7.5000    7.5000   30.000014803.4180   19.4496
   -7.5000   15.0000   30.000014068.6084   19.3537
    0.0000   15.0000   30.000014768.3906   19.4933
    7.5000   15.0000   30.000014048.9316   19.4895
   -7.5000   22.5000   30.000013191.7998   19.3423
    0.0000   22.5000   30.000013870.4258   19.4793
    7.5000   22.5000   30.000013163.1426   19.4689
   -7.5000   30.0000   30.000012249.5762   19.0643
    0.0000   30.0000   30.000012907.4268   19.1978
    7.5000   30.0000   30.000012245.5752   19.1806
   -7.5000   37.5000   30.000011662.9355   19.0108
    0.0000   37.5000   30.000012278.9951   19.1443
    7.5000   37.5000   30.000011655.5146   19.1270
   -7.5000   45.0000   30.000010630.6250   18.5639
    0.0000   45.0000   30.000011185.2422   18.6970
    7.5000   45.0000   30.000010597.2227   18.6858
   -7.5000  -45.0000   37.5000 9643.0312   19.7629
    0.0000  -45.0000   37.500010062.4248   19.8995
    7.5000  -45.0000   37.5000 9647.5908   19.8864
   -7.5000  -37.5000   37.500010305.6611   19.8162
    0.0000  -37.5000   37.500010793.2529   19.9588
    7.5000  -37.5000   37.500010332.3730   19.9530
   -7.5000  -30.0000   37.500011388.4688   19.8489
    0.0000  -30.0000   37.500011948.2109   19.9936
    7.5000  -30.0000   37.500011393.3770   19.9881
   -7.5000  -22.5000   37.500012412.7979   19.8397
    0.0000  -22.5000   37.500012922.5527   19.9822
    7.5000  -22.5000   37.500012376.2031   19.9694
   -7.5000  -15.0000   37.500013310.1016   19.8039
    0.0000  -15.0000   37.500013867.3457   19.9412
    7.5000  -15.0000   37.500013287.4209   19.9209
   -7.5000   -7.5000   37.500014234.9121   19.7571
    0.0000   -7.5000   37.500014869.5137   19.8909
    7.5000   -7.5000   37.500014216.8564   19.8707
   -7.5000    0.0000   37.500014975.9619   19.7629
    0.0000    0.0000   37.500015646.0000   19.8995
    7.5000    0.0000   37.500014938.0088   19.8864
   -7.5000    7.5000   37.500014447.2852   19.8162
    0.0000    7.5000   37.500015121.2842   19.9588
    7.5000    7.5000   37.500014407.9883   19.9530
   -7.5000   15.0000   37.500013707.8760   19.8489
    0.0000   15.0000   37.500014362.1162   19.9936
    7.5000   15.0000   37.500013667.1035   19.9881
   -7.5000   22.5000   37.500012863.0498   19.8306
    0.0000   22.5000   37.500013494.9082   19.9730
    7.5000   22.5000   37.500012821.9102   19.9602
   -7.5000   30.0000   37.500011941.0674   19.5476
    0.0000   30.0000   37.500012532.2021   19.6831
    7.5000   30.0000   37.500011933.8682   19.6631
   -7.5000   37.5000   37.500011347.5078   19.5014
    0.0000   37.5000   37.500011909.4150   19.6334
    7.5000   37.5000   37.500011333.4326   19.6136
   -7.5000   45.0000   37.500010356.1973   19.0491
    0.0000   45.0000   37.500010858.2041   19.1808
    7.5000   45.0000   37.500010312.4268   19.1682
   -7.5000  -45.0000   45.0000 9067.3232   20.3726
    0.0000  -45.0000   45.0000 9471.6494   20.5117
    7.5000  -45.0000   45.0000 9062.9062   20.4966
   -7.5000  -37.5000   45.0000 9676.7793   20.4231
    0.0000  -37.5000   45.000010132.5518   20.5722
    7.5000  -37.5000   45.0000 9696.7686   20.5692
   -7.5000  -30.0000   45.000010676.5908   20.4568
    0.0000  -30.0000   45.000011176.2529   20.6120
    7.5000  -30.0000   45.000010669.4502   20.6088
   -7.5000  -22.5000   45.000011619.7197   20.4528
    0.0000  -22.5000   45.000012110.9160   20.6061
    7.5000  -22.5000   45.000011575.9023   20.5901
   -7.5000  -15.0000   45.000012476.9326   20.4214
    0.0000  -15.0000   45.000013014.8857   20.5652
    7.5000  -15.0000   45.000012430.9795   20.5373
   -7.5000   -7.5000   45.000013326.9805   20.3722
    0.0000   -7.5000   45.000013909.3242   20.5083
    7.5000   -7.5000   45.000013276.8750   20.4810
   -7.5000    0.0000   45.000014011.2744   20.3726
    0.0000    0.0000   45.000014618.1445   20.5117
    7.5000    0.0000   45.000013959.6504   20.4966
   -7.5000    7.5000   45.000013533.2959   20.4231
    0.0000    7.5000   45.000014123.3623   20.5722
    7.5000    7.5000   45.000013483.4326   20.5692
   -7.5000   15.0000   45.000012844.2246   20.4568
    0.0000   15.0000   45.000013424.8418   20.6120
    7.5000   15.0000   45.000012800.0674   20.6088
   -7.5000   22.5000   45.000012048.1191   20.4433
    0.0000   22.5000   45.000012617.2070   20.5965
    7.5000   22.5000   45.000011997.4971   20.5806
   -7.5000   30.0000   45.000011172.6729   20.1553
    0.0000   30.0000   45.000011700.0059   20.2973
    7.5000   30.0000   45.000011124.3018   20.2697
   -7.5000   37.5000   45.000010607.5000   20.1068
    0.0000   37.5000   45.000011103.2314   20.2411
    7.5000   37.5000   45.000010555.5664   20.2142
   -7.5000   45.0000   45.0000 9673.7891   19.6457
    0.0000   45.0000   45.000010112.7949   19.7799
    7.5000   45.0000   45.0000 9617.4814   19.7653

---------------------------------------------------------------------
imgreg_4dfp /opt/freesurfer/average/711-2C_as_mni_average_305 /opt/freesurfer/average/711-2B_as_mni_average_305_mask talsrcimg_g11 none talsrcimg_to_711-2C_as_mni_average_305_t4 4355
---------------------------------------------------------------------

freesurfer imgreg_4dfp.c
/opt/freesurfer/average/711-2C_as_mni_average_305.4dfp.img
       256       256       256         1
  1.000000  1.000000  1.000000
orientation T byte_order littleendian
Reading image: /opt/freesurfer/average/711-2C_as_mni_average_305.4dfp.img
dimensions:      256       256       256
mmppix:       1.0000   -1.0000   -1.0000
center:     128.0000 -129.0000 -129.0000
/opt/freesurfer/average/711-2B_as_mni_average_305_mask.4dfp.img
       256       256       256         1
  1.000000  1.000000  1.000000
orientation T byte_order littleendian
Reading mask: /opt/freesurfer/average/711-2B_as_mni_average_305_mask.4dfp.img (2306576 pixels)
talsrcimg_g11.4dfp.img
       320       320       320         1
  0.800000  0.800000  0.800000
orientation T byte_order littleendian
Reading image: talsrcimg_g11.4dfp.img
dimensions:      320       320       320
mmppix:       0.8000   -0.8000   -0.8000
center:     128.0000 -128.8000 -128.8000
rotation matrix determinant  1.000000
image alignment mode   4355 decimal     1103 hex
   -7.5000  -45.0000  -45.0000 2453.9709   23.3131
    0.0000  -45.0000  -45.0000 2468.3757   23.3477
    7.5000  -45.0000  -45.0000 2456.1917   23.3377
   -7.5000  -37.5000  -45.0000 2508.5171   21.7481
    0.0000  -37.5000  -45.0000 2525.8237   21.7531
    7.5000  -37.5000  -45.0000 2511.2842   21.8047
   -7.5000  -30.0000  -45.0000 2547.8420   20.5089
    0.0000  -30.0000  -45.0000 2561.3574   20.4758
    7.5000  -30.0000  -45.0000 2551.1230   20.5642
   -7.5000  -22.5000  -45.0000 2580.2361   19.5822
    0.0000  -22.5000  -45.0000 2592.5496   19.5511
    7.5000  -22.5000  -45.0000 2586.4202   19.6415
   -7.5000  -15.0000  -45.0000 2603.8042   19.1268
    0.0000  -15.0000  -45.0000 2613.5825   19.0425
    7.5000  -15.0000  -45.0000 2612.8008   19.1295
   -7.5000   -7.5000  -45.0000 2604.4175   18.9836
    0.0000   -7.5000  -45.0000 2616.9167   18.9422
    7.5000   -7.5000  -45.0000 2613.5623   18.9910
   -7.5000    0.0000  -45.0000 2596.9058   19.2364
    0.0000    0.0000  -45.0000 2612.7251   19.2032
    7.5000    0.0000  -45.0000 2602.8218   19.2463
   -7.5000    7.5000  -45.0000 2566.9780   19.7763
    0.0000    7.5000  -45.0000 2580.2693   19.7954
    7.5000    7.5000  -45.0000 2573.6990   19.8032
   -7.5000   15.0000  -45.0000 2515.5632   20.6433
    0.0000   15.0000  -45.0000 2531.7808   20.6793
    7.5000   15.0000  -45.0000 2520.9915   20.6647
   -7.5000   22.5000  -45.0000 2446.3591   21.9695
    0.0000   22.5000  -45.0000 2459.1938   21.9753
    7.5000   22.5000  -45.0000 2447.2905   21.9802
   -7.5000   30.0000  -45.0000 2360.9915   23.7629
    0.0000   30.0000  -45.0000 2369.6726   23.7567
    7.5000   30.0000  -45.0000 2360.6353   23.7568
   -7.5000   37.5000  -45.0000 2270.5000   26.0114
    0.0000   37.5000  -45.0000 2272.5168   25.9325
    7.5000   37.5000  -45.0000 2271.8284   25.9768
   -7.5000   45.0000  -45.0000 2162.3989   28.8484
    0.0000   45.0000  -45.0000 2157.8430   28.7216
    7.5000   45.0000  -45.0000 2162.2810   28.8782
   -7.5000  -45.0000  -37.5000 2496.7478   22.5239
    0.0000  -45.0000  -37.5000 2507.1511   22.4837
    7.5000  -45.0000  -37.5000 2495.5657   22.4786
   -7.5000  -37.5000  -37.5000 2547.2017   20.9238
    0.0000  -37.5000  -37.5000 2556.4458   20.8295
    7.5000  -37.5000  -37.5000 2549.5742   20.9621
   -7.5000  -30.0000  -37.5000 2589.5942   19.6957
    0.0000  -30.0000  -37.5000 2594.0725   19.6036
    7.5000  -30.0000  -37.5000 2592.8774   19.7901
   -7.5000  -22.5000  -37.5000 2627.2178   18.8086
    0.0000  -22.5000  -37.5000 2626.8855   18.6909
    7.5000  -22.5000  -37.5000 2631.2930   18.8838
   -7.5000  -15.0000  -37.5000 2652.9614   18.3412
    0.0000  -15.0000  -37.5000 2649.0049   18.2109
    7.5000  -15.0000  -37.5000 2657.8357   18.3681
   -7.5000   -7.5000  -37.5000 2653.0837   18.1962
    0.0000   -7.5000  -37.5000 2659.9236   18.1407
    7.5000   -7.5000  -37.5000 2660.7527   18.2406
   -7.5000    0.0000  -37.5000 2643.3120   18.4251
    0.0000    0.0000  -37.5000 2651.4246   18.3629
    7.5000    0.0000  -37.5000 2647.3665   18.4627
   -7.5000    7.5000  -37.5000 2608.9778   18.9221
    0.0000    7.5000  -37.5000 2623.0488   18.8960
    7.5000    7.5000  -37.5000 2613.3357   18.9812
   -7.5000   15.0000  -37.5000 2555.3027   19.7645
    0.0000   15.0000  -37.5000 2570.6924   19.7608
    7.5000   15.0000  -37.5000 2559.6621   19.7873
   -7.5000   22.5000  -37.5000 2479.7922   21.0441
    0.0000   22.5000  -37.5000 2500.1074   21.0202
    7.5000   22.5000  -37.5000 2484.6538   21.0594
   -7.5000   30.0000  -37.5000 2395.6968   22.7472
    0.0000   30.0000  -37.5000 2408.4873   22.7219
    7.5000   30.0000  -37.5000 2393.6477   22.7203
   -7.5000   37.5000  -37.5000 2297.2097   24.8506
    0.0000   37.5000  -37.5000 2311.6096   24.8314
    7.5000   37.5000  -37.5000 2299.7261   24.7996
   -7.5000   45.0000  -37.5000 2186.2749   27.5650
    0.0000   45.0000  -37.5000 2188.8538   27.4773
    7.5000   45.0000  -37.5000 2188.9866   27.5525
   -7.5000  -45.0000  -30.0000 2593.3384   22.2852
    0.0000  -45.0000  -30.0000 2604.0081   22.1857
    7.5000  -45.0000  -30.0000 2596.4268   22.2352
   -7.5000  -37.5000  -30.0000 2650.5022   20.6682
    0.0000  -37.5000  -30.0000 2656.4197   20.5541
    7.5000  -37.5000  -30.0000 2652.8940   20.6466
   -7.5000  -30.0000  -30.0000 2694.0640   19.3715
    0.0000  -30.0000  -30.0000 2695.4624   19.2121
    7.5000  -30.0000  -30.0000 2700.3406   19.4261
   -7.5000  -22.5000  -30.0000 2736.9358   18.4581
    0.0000  -22.5000  -30.0000 2730.9724   18.2784
    7.5000  -22.5000  -30.0000 2739.7053   18.5399
   -7.5000  -15.0000  -30.0000 2763.6721   17.9359
    0.0000  -15.0000  -30.0000 2759.5222   17.8029
    7.5000  -15.0000  -30.0000 2768.6121   18.0018
   -7.5000   -7.5000  -30.0000 2768.4949   17.7953
    0.0000   -7.5000  -30.0000 2775.0024   17.7111
    7.5000   -7.5000  -30.0000 2774.6614   17.8677
   -7.5000    0.0000  -30.0000 2757.9827   18.0181
    0.0000    0.0000  -30.0000 2761.2207   17.8886
    7.5000    0.0000  -30.0000 2763.2537   18.0623
   -7.5000    7.5000  -30.0000 2725.7449   18.4949
    0.0000    7.5000  -30.0000 2730.5684   18.3791
    7.5000    7.5000  -30.0000 2730.0964   18.5189
   -7.5000   15.0000  -30.0000 2674.5066   19.2944
    0.0000   15.0000  -30.0000 2681.3015   19.2059
    7.5000   15.0000  -30.0000 2676.3289   19.2982
   -7.5000   22.5000  -30.0000 2598.7683   20.5183
    0.0000   22.5000  -30.0000 2611.3115   20.4334
    7.5000   22.5000  -30.0000 2599.8020   20.5155
   -7.5000   30.0000  -30.0000 2504.5085   22.1742
    0.0000   30.0000  -30.0000 2521.6626   22.1286
    7.5000   30.0000  -30.0000 2502.5378   22.0909
   -7.5000   37.5000  -30.0000 2397.5388   24.1807
    0.0000   37.5000  -30.0000 2417.0994   24.1756
    7.5000   37.5000  -30.0000 2399.7241   24.0732
   -7.5000   45.0000  -30.0000 2281.0317   26.7769
    0.0000   45.0000  -30.0000 2295.3281   26.7691
    7.5000   45.0000  -30.0000 2280.7637   26.7013
   -7.5000  -45.0000  -22.5000 2654.3599   21.9497
    0.0000  -45.0000  -22.5000 2662.5198   21.7870
    7.5000  -45.0000  -22.5000 2659.9419   21.8910
   -7.5000  -37.5000  -22.5000 2712.4380   20.3113
    0.0000  -37.5000  -22.5000 2724.9280   20.1650
    7.5000  -37.5000  -22.5000 2719.0439   20.2658
   -7.5000  -30.0000  -22.5000 2759.7432   18.9923
    0.0000  -30.0000  -22.5000 2764.0852   18.7825
    7.5000  -30.0000  -22.5000 2767.2600   18.9773
   -7.5000  -22.5000  -22.5000 2801.9536   18.0189
    0.0000  -22.5000  -22.5000 2795.4011   17.7602
    7.5000  -22.5000  -22.5000 2805.3118   18.0476
   -7.5000  -15.0000  -22.5000 2829.5613   17.4590
    0.0000  -15.0000  -22.5000 2826.4224   17.2679
    7.5000  -15.0000  -22.5000 2834.9771   17.5075
   -7.5000   -7.5000  -22.5000 2838.2593   17.3323
    0.0000   -7.5000  -22.5000 2843.1106   17.1632
    7.5000   -7.5000  -22.5000 2848.0911   17.3789
   -7.5000    0.0000  -22.5000 2831.8411   17.5414
    0.0000    0.0000  -22.5000 2830.1582   17.3283
    7.5000    0.0000  -22.5000 2836.8955   17.5432
   -7.5000    7.5000  -22.5000 2800.3608   17.9679
    0.0000    7.5000  -22.5000 2797.9502   17.8047
    7.5000    7.5000  -22.5000 2805.3914   17.9771
   -7.5000   15.0000  -22.5000 2746.9871   18.7304
    0.0000   15.0000  -22.5000 2747.4199   18.6124
    7.5000   15.0000  -22.5000 2752.4883   18.7392
   -7.5000   22.5000  -22.5000 2668.8733   19.9260
    0.0000   22.5000  -22.5000 2676.9275   19.8101
    7.5000   22.5000  -22.5000 2675.2488   19.9219
   -7.5000   30.0000  -22.5000 2577.9573   21.5116
    0.0000   30.0000  -22.5000 2593.5459   21.4235
    7.5000   30.0000  -22.5000 2579.9446   21.4545
   -7.5000   37.5000  -22.5000 2466.3718   23.4876
    0.0000   37.5000  -22.5000 2483.5657   23.4249
    7.5000   37.5000  -22.5000 2469.5298   23.4046
   -7.5000   45.0000  -22.5000 2340.9233   26.0206
    0.0000   45.0000  -22.5000 2355.6438   25.9552
    7.5000   45.0000  -22.5000 2343.9292   25.9749
   -7.5000  -45.0000  -15.0000 2682.6912   21.6925
    0.0000  -45.0000  -15.0000 2692.6187   21.5409
    7.5000  -45.0000  -15.0000 2688.4229   21.6134
   -7.5000  -37.5000  -15.0000 2752.2424   20.0584
    0.0000  -37.5000  -15.0000 2760.8206   19.9106
    7.5000  -37.5000  -15.0000 2756.8467   19.9943
   -7.5000  -30.0000  -15.0000 2797.9795   18.6895
    0.0000  -30.0000  -15.0000 2804.2676   18.5150
    7.5000  -30.0000  -15.0000 2804.9128   18.6611
   -7.5000  -22.5000  -15.0000 2835.4321   17.6260
    0.0000  -22.5000  -15.0000 2827.1704   17.3695
    7.5000  -22.5000  -15.0000 2840.1584   17.6399
   -7.5000  -15.0000  -15.0000 2861.6489   17.0115
    0.0000  -15.0000  -15.0000 2850.3818   16.7557
    7.5000  -15.0000  -15.0000 2867.3386   17.0459
   -7.5000   -7.5000  -15.0000 2876.0415   16.9438
    0.0000   -7.5000  -15.0000 2866.1609   16.6681
    7.5000   -7.5000  -15.0000 2882.7688   16.9422
   -7.5000    0.0000  -15.0000 2872.6946   17.1421
    0.0000    0.0000  -15.0000 2863.2622   16.8748
    7.5000    0.0000  -15.0000 2879.4844   17.1060
   -7.5000    7.5000  -15.0000 2841.7014   17.5397
    0.0000    7.5000  -15.0000 2835.3953   17.3313
    7.5000    7.5000  -15.0000 2849.1741   17.5316
   -7.5000   15.0000  -15.0000 2790.5208   18.2819
    0.0000   15.0000  -15.0000 2786.9094   18.1079
    7.5000   15.0000  -15.0000 2795.8547   18.3051
   -7.5000   22.5000  -15.0000 2712.7449   19.4317
    0.0000   22.5000  -15.0000 2717.1157   19.2684
    7.5000   22.5000  -15.0000 2718.3916   19.4212
   -7.5000   30.0000  -15.0000 2619.1482   20.9575
    0.0000   30.0000  -15.0000 2634.2830   20.8271
    7.5000   30.0000  -15.0000 2620.4460   20.9015
   -7.5000   37.5000  -15.0000 2503.4199   22.8943
    0.0000   37.5000  -15.0000 2525.0696   22.8266
    7.5000   37.5000  -15.0000 2507.2949   22.8518
   -7.5000   45.0000  -15.0000 2376.6353   25.3240
    0.0000   45.0000  -15.0000 2393.1350   25.2958
    7.5000   45.0000  -15.0000 2381.1755   25.3489
   -7.5000  -45.0000   -7.5000 2697.4949   21.6811
    0.0000  -45.0000   -7.5000 2698.9934   21.5124
    7.5000  -45.0000   -7.5000 2698.4365   21.5287
   -7.5000  -37.5000   -7.5000 2767.1174   19.9053
    0.0000  -37.5000   -7.5000 2768.7578   19.8174
    7.5000  -37.5000   -7.5000 2769.0071   19.8448
   -7.5000  -30.0000   -7.5000 2818.3569   18.5456
    0.0000  -30.0000   -7.5000 2824.9749   18.4567
    7.5000  -30.0000   -7.5000 2823.2881   18.5026
   -7.5000  -22.5000   -7.5000 2851.1167   17.3984
    0.0000  -22.5000   -7.5000 2844.5659   17.1956
    7.5000  -22.5000   -7.5000 2854.2847   17.3951
   -7.5000  -15.0000   -7.5000 2870.9878   16.6983
    0.0000  -15.0000   -7.5000 2851.1687   16.3741
    7.5000  -15.0000   -7.5000 2874.1318   16.7499
   -7.5000   -7.5000   -7.5000 2889.8347   16.6434
    0.0000   -7.5000   -7.5000 2867.4131   16.3340
    7.5000   -7.5000   -7.5000 2894.9595   16.6564
   -7.5000    0.0000   -7.5000 2892.0002   16.8451
    0.0000    0.0000   -7.5000 2880.4141   16.5875
    7.5000    0.0000   -7.5000 2898.6099   16.8125
   -7.5000    7.5000   -7.5000 2868.1826   17.2295
    0.0000    7.5000   -7.5000 2862.5791   17.0542
    7.5000    7.5000   -7.5000 2872.9883   17.2235
   -7.5000   15.0000   -7.5000 2817.0835   17.9941
    0.0000   15.0000   -7.5000 2815.9226   17.8171
    7.5000   15.0000   -7.5000 2821.4570   17.9640
   -7.5000   22.5000   -7.5000 2744.6311   19.1222
    0.0000   22.5000   -7.5000 2741.7759   18.9165
    7.5000   22.5000   -7.5000 2743.3289   19.0486
   -7.5000   30.0000   -7.5000 2645.0247   20.6371
    0.0000   30.0000   -7.5000 2648.6443   20.4280
    7.5000   30.0000   -7.5000 2647.9604   20.5585
   -7.5000   37.5000   -7.5000 2527.5261   22.4987
    0.0000   37.5000   -7.5000 2537.6101   22.3432
    7.5000   37.5000   -7.5000 2529.2856   22.4366
   -7.5000   45.0000   -7.5000 2396.8357   24.8230
    0.0000   45.0000   -7.5000 2409.7800   24.7357
    7.5000   45.0000   -7.5000 2396.4988   24.7555
   -7.5000  -45.0000    0.0000 2701.1287   21.8329
    0.0000  -45.0000    0.0000 2714.3931   21.7484
    7.5000  -45.0000    0.0000 2696.4641   21.6435
   -7.5000  -37.5000    0.0000 2780.6128   20.0943
    0.0000  -37.5000    0.0000 2788.9441   20.0669
    7.5000  -37.5000    0.0000 2772.7500   19.9577
   -7.5000  -30.0000    0.0000 2842.3943   18.7472
    0.0000  -30.0000    0.0000 2853.8418   18.7562
    7.5000  -30.0000    0.0000 2836.4541   18.6160
   -7.5000  -22.5000    0.0000 2877.3372   17.6046
    0.0000  -22.5000    0.0000 2903.7236   17.6923
    7.5000  -22.5000    0.0000 2877.6733   17.5537
   -7.5000  -15.0000    0.0000 2887.3613   16.7339
    0.0000  -15.0000    0.0000 2895.9026   16.6628
    7.5000  -15.0000    0.0000 2886.9753   16.7847
   -7.5000   -7.5000    0.0000 2894.7012   16.4953
    0.0000   -7.5000    0.0000 2900.5947   16.3746
    7.5000   -7.5000    0.0000 2891.6150   16.5228
   -7.5000    0.0000    0.0000 2891.7710   16.6092
    0.0000    0.0000    0.0000 2904.1123   16.5726
    7.5000    0.0000    0.0000 2893.7368   16.6102
   -7.5000    7.5000    0.0000 2875.0398   17.0388
    0.0000    7.5000    0.0000 2883.0840   16.9544
    7.5000    7.5000    0.0000 2876.4861   17.0008
   -7.5000   15.0000    0.0000 2827.0984   17.8150
    0.0000   15.0000    0.0000 2835.8899   17.7039
    7.5000   15.0000    0.0000 2829.0498   17.7547
   -7.5000   22.5000    0.0000 2753.1301   18.9514
    0.0000   22.5000    0.0000 2768.4836   18.8756
    7.5000   22.5000    0.0000 2755.6895   18.8941
   -7.5000   30.0000    0.0000 2663.4045   20.4518
    0.0000   30.0000    0.0000 2681.6982   20.3844
    7.5000   30.0000    0.0000 2667.0298   20.3732
   -7.5000   37.5000    0.0000 2551.7791   22.2634
    0.0000   37.5000    0.0000 2566.9707   22.2569
    7.5000   37.5000    0.0000 2551.8513   22.1779
   -7.5000   45.0000    0.0000 2421.3069   24.5988
    0.0000   45.0000    0.0000 2434.2561   24.5736
    7.5000   45.0000    0.0000 2417.3354   24.4899
   -7.5000  -45.0000    7.5000 2692.9004   22.0975
    0.0000  -45.0000    7.5000 2714.4285   22.0732
    7.5000  -45.0000    7.5000 2690.8958   21.9384
   -7.5000  -37.5000    7.5000 2776.7322   20.3430
    0.0000  -37.5000    7.5000 2805.4624   20.4508
    7.5000  -37.5000    7.5000 2771.0061   20.2242
   -7.5000  -30.0000    7.5000 2847.2512   18.9966
    0.0000  -30.0000    7.5000 2895.2173   19.2989
    7.5000  -30.0000    7.5000 2847.8718   18.9678
   -7.5000  -22.5000    7.5000 2898.6995   17.9837
    0.0000  -22.5000    7.5000 2967.5208   18.3539
    7.5000  -22.5000    7.5000 2905.8413   18.0057
   -7.5000  -15.0000    7.5000 2915.9878   17.1890
    0.0000  -15.0000    7.5000 2979.8223   17.4720
    7.5000  -15.0000    7.5000 2918.7944   17.2125
   -7.5000   -7.5000    7.5000 2906.6177   16.7054
    0.0000   -7.5000    7.5000 2944.4539   16.8137
    7.5000   -7.5000    7.5000 2908.0818   16.7354
   -7.5000    0.0000    7.5000 2891.9373   16.6266
    0.0000    0.0000    7.5000 2904.9788   16.5558
    7.5000    0.0000    7.5000 2893.4485   16.6372
   -7.5000    7.5000    7.5000 2870.9355   17.0266
    0.0000    7.5000    7.5000 2878.7576   16.8573
    7.5000    7.5000    7.5000 2877.3904   16.9899
   -7.5000   15.0000    7.5000 2832.2791   17.8180
    0.0000   15.0000    7.5000 2839.9297   17.6820
    7.5000   15.0000    7.5000 2842.3010   17.7997
   -7.5000   22.5000    7.5000 2769.3347   19.0082
    0.0000   22.5000    7.5000 2780.2920   18.8762
    7.5000   22.5000    7.5000 2778.1689   18.9552
   -7.5000   30.0000    7.5000 2685.0203   20.5300
    0.0000   30.0000    7.5000 2693.2437   20.4061
    7.5000   30.0000    7.5000 2688.0132   20.4598
   -7.5000   37.5000    7.5000 2573.0957   22.3648
    0.0000   37.5000    7.5000 2585.9912   22.2746
    7.5000   37.5000    7.5000 2576.5818   22.2767
   -7.5000   45.0000    7.5000 2438.8962   24.6237
    0.0000   45.0000    7.5000 2456.7568   24.5578
    7.5000   45.0000    7.5000 2441.1030   24.5432
   -7.5000  -45.0000   15.0000 2688.1348   22.6064
    0.0000  -45.0000   15.0000 2706.9709   22.5757
    7.5000  -45.0000   15.0000 2690.9780   22.5553
   -7.5000  -37.5000   15.0000 2774.9724   20.7392
    0.0000  -37.5000   15.0000 2796.5156   20.7925
    7.5000  -37.5000   15.0000 2777.7827   20.7197
   -7.5000  -30.0000   15.0000 2854.6682   19.3483
    0.0000  -30.0000   15.0000 2888.7678   19.4932
    7.5000  -30.0000   15.0000 2861.6924   19.3210
   -7.5000  -22.5000   15.0000 2914.8313   18.3372
    0.0000  -22.5000   15.0000 2966.3770   18.5234
    7.5000  -22.5000   15.0000 2925.9500   18.3401
   -7.5000  -15.0000   15.0000 2930.6497   17.5367
    0.0000  -15.0000   15.0000 2971.6875   17.5610
    7.5000  -15.0000   15.0000 2936.5938   17.5767
   -7.5000   -7.5000   15.0000 2925.2590   17.1452
    0.0000   -7.5000   15.0000 2934.7061   16.9314
    7.5000   -7.5000   15.0000 2923.4949   17.1449
   -7.5000    0.0000   15.0000 2904.4910   17.0908
    0.0000    0.0000   15.0000 2914.4917   16.9124
    7.5000    0.0000   15.0000 2910.5234   17.0996
   -7.5000    7.5000   15.0000 2879.6653   17.3876
    0.0000    7.5000   15.0000 2888.6194   17.2826
    7.5000    7.5000   15.0000 2892.9355   17.4257
   -7.5000   15.0000   15.0000 2842.0251   18.1108
    0.0000   15.0000   15.0000 2844.4463   17.9863
    7.5000   15.0000   15.0000 2850.5354   18.0974
   -7.5000   22.5000   15.0000 2774.1211   19.2456
    0.0000   22.5000   15.0000 2781.5242   19.1057
    7.5000   22.5000   15.0000 2780.4507   19.1702
   -7.5000   30.0000   15.0000 2687.2925   20.7359
    0.0000   30.0000   15.0000 2703.2209   20.6112
    7.5000   30.0000   15.0000 2693.1929   20.6394
   -7.5000   37.5000   15.0000 2579.7751   22.5294
    0.0000   37.5000   15.0000 2595.8625   22.4459
    7.5000   37.5000   15.0000 2585.8721   22.4049
   -7.5000   45.0000   15.0000 2446.6965   24.7351
    0.0000   45.0000   15.0000 2463.7456   24.7048
    7.5000   45.0000   15.0000 2452.5828   24.6827
   -7.5000  -45.0000   22.5000 2674.2463   23.1451
    0.0000  -45.0000   22.5000 2681.7722   22.9702
    7.5000  -45.0000   22.5000 2679.0869   23.0586
   -7.5000  -37.5000   22.5000 2761.5544   21.1598
    0.0000  -37.5000   22.5000 2774.7576   21.0573
    7.5000  -37.5000   22.5000 2768.1965   21.1298
   -7.5000  -30.0000   22.5000 2843.9404   19.6492
    0.0000  -30.0000   22.5000 2861.7874   19.6240
    7.5000  -30.0000   22.5000 2849.0681   19.6658
   -7.5000  -22.5000   22.5000 2898.6382   18.5286
    0.0000  -22.5000   22.5000 2932.0740   18.5216
    7.5000  -22.5000   22.5000 2911.6682   18.5989
   -7.5000  -15.0000   22.5000 2918.9272   17.7333
    0.0000  -15.0000   22.5000 2927.8293   17.4847
    7.5000  -15.0000   22.5000 2922.4463   17.7625
   -7.5000   -7.5000   22.5000 2923.6416   17.4452
    0.0000   -7.5000   22.5000 2924.9424   17.1876
    7.5000   -7.5000   22.5000 2923.4336   17.4131
   -7.5000    0.0000   22.5000 2921.3547   17.5879
    0.0000    0.0000   22.5000 2935.2183   17.4451
    7.5000    0.0000   22.5000 2930.5955   17.5971
   -7.5000    7.5000   22.5000 2895.3511   18.0242
    0.0000    7.5000   22.5000 2906.3398   17.9056
    7.5000    7.5000   22.5000 2906.7283   18.0339
   -7.5000   15.0000   22.5000 2850.9888   18.7210
    0.0000   15.0000   22.5000 2857.2837   18.6450
    7.5000   15.0000   22.5000 2858.9329   18.7190
   -7.5000   22.5000   22.5000 2778.2068   19.7580
    0.0000   22.5000   22.5000 2787.4492   19.6627
    7.5000   22.5000   22.5000 2785.9541   19.7278
   -7.5000   30.0000   22.5000 2688.5168   21.1260
    0.0000   30.0000   22.5000 2704.2515   21.0475
    7.5000   30.0000   22.5000 2693.8032   21.0609
   -7.5000   37.5000   22.5000 2571.3076   22.8557
    0.0000   37.5000   22.5000 2590.4114   22.8380
    7.5000   37.5000   22.5000 2580.5593   22.7768
   -7.5000   45.0000   22.5000 2436.7783   25.0859
    0.0000   45.0000   22.5000 2456.9890   25.0779
    7.5000   45.0000   22.5000 2443.1992   25.0293
   -7.5000  -45.0000   30.0000 2653.6501   23.6625
    0.0000  -45.0000   30.0000 2648.8284   23.3051
    7.5000  -45.0000   30.0000 2659.0696   23.6035
   -7.5000  -37.5000   30.0000 2747.5908   21.6704
    0.0000  -37.5000   30.0000 2745.1792   21.3876
    7.5000  -37.5000   30.0000 2752.6052   21.6463
   -7.5000  -30.0000   30.0000 2831.3066   20.1304
    0.0000  -30.0000   30.0000 2838.3066   19.9996
    7.5000  -30.0000   30.0000 2839.2708   20.1695
   -7.5000  -22.5000   30.0000 2890.8755   18.9681
    0.0000  -22.5000   30.0000 2900.7063   18.7682
    7.5000  -22.5000   30.0000 2896.8826   18.9980
   -7.5000  -15.0000   30.0000 2911.0466   18.1747
    0.0000  -15.0000   30.0000 2905.1091   17.8569
    7.5000  -15.0000   30.0000 2911.8391   18.1874
   -7.5000   -7.5000   30.0000 2917.7603   17.9629
    0.0000   -7.5000   30.0000 2933.1340   17.7984
    7.5000   -7.5000   30.0000 2928.9006   17.9613
   -7.5000    0.0000   30.0000 2924.2500   18.1507
    0.0000    0.0000   30.0000 2939.9268   18.0329
    7.5000    0.0000   30.0000 2934.6450   18.1735
   -7.5000    7.5000   30.0000 2899.6287   18.6479
    0.0000    7.5000   30.0000 2907.2761   18.5299
    7.5000    7.5000   30.0000 2907.8975   18.6609
   -7.5000   15.0000   30.0000 2851.8552   19.3690
    0.0000   15.0000   30.0000 2860.2625   19.3045
    7.5000   15.0000   30.0000 2858.3545   19.4096
   -7.5000   22.5000   30.0000 2775.7222   20.4383
    0.0000   22.5000   30.0000 2791.9058   20.3667
    7.5000   22.5000   30.0000 2779.2278   20.4105
   -7.5000   30.0000   30.0000 2680.2676   21.8024
    0.0000   30.0000   30.0000 2696.9146   21.7580
    7.5000   30.0000   30.0000 2687.8647   21.7697
   -7.5000   37.5000   30.0000 2560.8196   23.4809
    0.0000   37.5000   30.0000 2576.1499   23.4328
    7.5000   37.5000   30.0000 2570.0898   23.4266
   -7.5000   45.0000   30.0000 2428.9568   25.7137
    0.0000   45.0000   30.0000 2449.5383   25.6694
    7.5000   45.0000   30.0000 2437.5073   25.6360
   -7.5000  -45.0000   37.5000 2634.8074   24.3224
    0.0000  -45.0000   37.5000 2625.6836   23.8623
    7.5000  -45.0000   37.5000 2638.0723   24.2468
   -7.5000  -37.5000   37.5000 2733.4790   22.3300
    0.0000  -37.5000   37.5000 2730.3008   21.9888
    7.5000  -37.5000   37.5000 2734.7334   22.2661
   -7.5000  -30.0000   37.5000 2812.0337   20.7605
    0.0000  -30.0000   37.5000 2813.8130   20.4676
    7.5000  -30.0000   37.5000 2811.1768   20.6851
   -7.5000  -22.5000   37.5000 2863.4282   19.5271
    0.0000  -22.5000   37.5000 2859.3765   19.1412
    7.5000  -22.5000   37.5000 2863.6003   19.4839
   -7.5000  -15.0000   37.5000 2893.8855   18.7624
    0.0000  -15.0000   37.5000 2892.9736   18.5050
    7.5000  -15.0000   37.5000 2897.7034   18.7647
   -7.5000   -7.5000   37.5000 2910.5527   18.6493
    0.0000   -7.5000   37.5000 2923.7473   18.4894
    7.5000   -7.5000   37.5000 2918.4429   18.6492
   -7.5000    0.0000   37.5000 2916.3767   18.8751
    0.0000    0.0000   37.5000 2927.8210   18.7252
    7.5000    0.0000   37.5000 2920.7922   18.8616
   -7.5000    7.5000   37.5000 2884.2634   19.3306
    0.0000    7.5000   37.5000 2897.8728   19.2168
    7.5000    7.5000   37.5000 2893.6616   19.3419
   -7.5000   15.0000   37.5000 2832.5378   20.0756
    0.0000   15.0000   37.5000 2843.1028   19.9776
    7.5000   15.0000   37.5000 2842.0962   20.0944
   -7.5000   22.5000   37.5000 2758.0771   21.1823
    0.0000   22.5000   37.5000 2775.5754   21.0930
    7.5000   22.5000   37.5000 2767.1428   21.1688
   -7.5000   30.0000   37.5000 2654.7307   22.5821
    0.0000   30.0000   37.5000 2673.4443   22.5203
    7.5000   30.0000   37.5000 2668.6301   22.5300
   -7.5000   37.5000   37.5000 2538.7393   24.2755
    0.0000   37.5000   37.5000 2555.8831   24.2537
    7.5000   37.5000   37.5000 2545.5891   24.2364
   -7.5000   45.0000   37.5000 2418.7488   26.4846
    0.0000   45.0000   37.5000 2436.2334   26.4759
    7.5000   45.0000   37.5000 2422.9619   26.4955
   -7.5000  -45.0000   45.0000 2608.8291   25.0471
    0.0000  -45.0000   45.0000 2609.0942   24.6415
    7.5000  -45.0000   45.0000 2610.7512   24.9305
   -7.5000  -37.5000   45.0000 2702.9307   23.0232
    0.0000  -37.5000   45.0000 2705.6143   22.7036
    7.5000  -37.5000   45.0000 2702.5947   22.9182
   -7.5000  -30.0000   45.0000 2780.4507   21.4433
    0.0000  -30.0000   45.0000 2779.6975   21.0800
    7.5000  -30.0000   45.0000 2776.5198   21.3181
   -7.5000  -22.5000   45.0000 2824.5120   20.1971
    0.0000  -22.5000   45.0000 2826.1841   19.8722
    7.5000  -22.5000   45.0000 2824.9536   20.1522
   -7.5000  -15.0000   45.0000 2867.6470   19.5359
    0.0000  -15.0000   45.0000 2871.9121   19.3188
    7.5000  -15.0000   45.0000 2870.4111   19.5102
   -7.5000   -7.5000   45.0000 2884.5510   19.4432
    0.0000   -7.5000   45.0000 2897.8145   19.2657
    7.5000   -7.5000   45.0000 2888.8823   19.3831
   -7.5000    0.0000   45.0000 2885.9998   19.6205
    0.0000    0.0000   45.0000 2897.7305   19.4596
    7.5000    0.0000   45.0000 2891.9380   19.5888
   -7.5000    7.5000   45.0000 2853.2178   20.0503
    0.0000    7.5000   45.0000 2864.7205   19.9296
    7.5000    7.5000   45.0000 2861.8586   20.0599
   -7.5000   15.0000   45.0000 2801.0867   20.8144
    0.0000   15.0000   45.0000 2813.4924   20.7181
    7.5000   15.0000   45.0000 2811.0078   20.8057
   -7.5000   22.5000   45.0000 2723.0247   21.9091
    0.0000   22.5000   45.0000 2745.7061   21.8567
    7.5000   22.5000   45.0000 2736.2747   21.9189
   -7.5000   30.0000   45.0000 2623.4548   23.4268
    0.0000   30.0000   45.0000 2642.3677   23.3769
    7.5000   30.0000   45.0000 2631.9412   23.3897
   -7.5000   37.5000   45.0000 2512.8364   25.1983
    0.0000   37.5000   45.0000 2527.1648   25.1438
    7.5000   37.5000   45.0000 2514.4895   25.1435
   -7.5000   45.0000   45.0000 2404.6692   27.4517
    0.0000   45.0000   45.0000 2411.6846   27.3959
    7.5000   45.0000   45.0000 2404.2427   27.4062

---------------------------------------------------------------------
imgreg_4dfp /opt/freesurfer/average/711-2C_as_mni_average_305 /opt/freesurfer/average/711-2B_as_mni_average_305_mask talsrcimg_g11 none talsrcimg_to_711-2C_as_mni_average_305_t4 1283
---------------------------------------------------------------------

freesurfer imgreg_4dfp.c
/opt/freesurfer/average/711-2C_as_mni_average_305.4dfp.img
       256       256       256         1
  1.000000  1.000000  1.000000
orientation T byte_order littleendian
Reading image: /opt/freesurfer/average/711-2C_as_mni_average_305.4dfp.img
dimensions:      256       256       256
mmppix:       1.0000   -1.0000   -1.0000
center:     128.0000 -129.0000 -129.0000
/opt/freesurfer/average/711-2B_as_mni_average_305_mask.4dfp.img
       256       256       256         1
  1.000000  1.000000  1.000000
orientation T byte_order littleendian
Reading mask: /opt/freesurfer/average/711-2B_as_mni_average_305_mask.4dfp.img (2306576 pixels)
talsrcimg_g11.4dfp.img
       320       320       320         1
  0.800000  0.800000  0.800000
orientation T byte_order littleendian
Reading image: talsrcimg_g11.4dfp.img
dimensions:      320       320       320
mmppix:       0.8000   -0.8000   -0.8000
center:     128.0000 -128.8000 -128.8000
rotation matrix determinant  1.000000
fimgreg.f
image alignment mode   1283 decimal      503 hex
parameters
    0.0000  -15.0000    7.5000    0.0000    0.0000    0.0000
eta,q 0.93517 17.60134
niter,ni,del,rscale     5    3   12.0000    1.2000
parameter  3 -0.592178 -> -0.500000 qaram    1.1500
parameter  4  0.956360 ->  0.500000 qaram    1.1500
parameters
    0.3032  -17.8228   10.9500   -3.4500   -0.9404   -1.8683
eta,q 0.93738 18.09316
  0.0816  0.0685  0.0822  0.0630  0.0653  0.0642
  0.0753  0.0663  0.0743  0.0631  0.0632  0.0630
  0.0690  0.0664  0.0689  0.0635  0.0632  0.0626
  0.0677  0.0677  0.0661  0.0643  0.0632  0.0632
  0.0694  0.0701  0.0650  0.0654  0.0629  0.0642
  0.0740  0.0742  0.0641  0.0668  0.0646  0.0651
  0.0785  0.0772  0.0642  0.0686  0.0683  0.0661
niter,ni,del,rscale     6    3   12.0000    1.2000
parameter  4  0.880901 ->  0.500000 qaram    1.3225
parameters
    0.4698  -16.4829   10.5786   -7.4175   -1.0391    0.2791
eta,q 0.93928 18.09406
  0.0781  0.0733  0.0706  0.0612  0.0661  0.0658
  0.0699  0.0691  0.0649  0.0610  0.0631  0.0641
  0.0643  0.0655  0.0631  0.0613  0.0615  0.0624
  0.0626  0.0627  0.0622  0.0624  0.0610  0.0610
  0.0641  0.0626  0.0630  0.0641  0.0616  0.0607
  0.0686  0.0645  0.0674  0.0658  0.0633  0.0612
  0.0765  0.0672  0.0720  0.0674  0.0665  0.0621
niter,ni,del,rscale     6    3   12.0000    1.2000
parameters
    0.6012  -15.4823   10.0791  -10.6932   -1.2274    0.0019
eta,q 0.93984 18.28891
  0.0780  0.0723  0.0694  0.0613  0.0656  0.0635
  0.0689  0.0673  0.0638  0.0609  0.0622  0.0615
  0.0625  0.0636  0.0611  0.0600  0.0603  0.0603
  0.0607  0.0608  0.0601  0.0602  0.0603  0.0602
  0.0627  0.0603  0.0617  0.0624  0.0612  0.0610
  0.0677  0.0627  0.0664  0.0650  0.0627  0.0623
  0.0765  0.0673  0.0723  0.0668  0.0660  0.0637
niter,ni,del,rscale     5    3   12.0000    1.2000
parameters
    0.5049  -14.9260    9.5066  -10.9019   -1.0867   -0.0806
eta,q 0.93991 18.22166
  0.0775  0.0716  0.0686  0.0643  0.0664  0.0634
  0.0679  0.0656  0.0628  0.0608  0.0626  0.0615
  0.0614  0.0620  0.0607  0.0604  0.0604  0.0602
  0.0602  0.0601  0.0599  0.0600  0.0601  0.0601
  0.0628  0.0604  0.0609  0.0600  0.0608  0.0609
  0.0688  0.0634  0.0654  0.0619  0.0623  0.0620
  0.0782  0.0680  0.0724  0.0645  0.0656  0.0631
niter,ni,del,rscale     4    3   12.0000    1.2000
parameters
    0.4601  -14.8156    9.5273  -10.9795   -1.0215   -0.1253
eta,q 0.93991 18.21061
  0.0781  0.0699  0.0711  0.0646  0.0663  0.0634
  0.0685  0.0644  0.0636  0.0609  0.0625  0.0616
  0.0615  0.0614  0.0610  0.0604  0.0604  0.0602
  0.0601  0.0601  0.0601  0.0601  0.0601  0.0601
  0.0627  0.0610  0.0605  0.0600  0.0608  0.0608
  0.0689  0.0642  0.0640  0.0618  0.0624  0.0619
  0.0782  0.0691  0.0708  0.0644  0.0658  0.0631
niter,ni,del,rscale     3    3   12.0000    1.2000
parameters
    0.4419  -14.8027    9.5144  -10.9935   -0.9919   -0.1427
eta,q 0.93991 18.20935
  0.0782  0.0696  0.0710  0.0647  0.0662  0.0634
  0.0686  0.0643  0.0636  0.0610  0.0624  0.0616
  0.0616  0.0613  0.0609  0.0604  0.0604  0.0602
  0.0601  0.0601  0.0601  0.0601  0.0601  0.0601
  0.0627  0.0611  0.0605  0.0600  0.0608  0.0608
  0.0688  0.0644  0.0641  0.0617  0.0624  0.0619
  0.0781  0.0694  0.0709  0.0643  0.0659  0.0630
registration optimization eta report
parameter search radius
    6.0000    6.0000    6.9000    7.9350    6.0000    6.0000
100000*second partial in parameter space
       50.       26.       24.        7.       17.        9.
  0.0782  0.0696  0.0710  0.0647  0.0662  0.0634
  0.0686  0.0643  0.0636  0.0610  0.0624  0.0616
  0.0616  0.0613  0.0609  0.0604  0.0604  0.0602
  0.0601  0.0601  0.0601  0.0601  0.0601  0.0601
  0.0627  0.0611  0.0605  0.0600  0.0608  0.0608
  0.0688  0.0644  0.0641  0.0617  0.0624  0.0619
  0.0781  0.0694  0.0709  0.0643  0.0659  0.0630
    0.4419  -14.8027    9.5144  -10.9935   -0.9919   -0.1427
eta,q 0.93991 18.20935

---------------------------------------------------------------------
imgreg_4dfp /opt/freesurfer/average/711-2C_as_mni_average_305 /opt/freesurfer/average/711-2B_as_mni_average_305_mask talsrcimg_g11 none talsrcimg_to_711-2C_as_mni_average_305_t4 3335
---------------------------------------------------------------------

freesurfer imgreg_4dfp.c
/opt/freesurfer/average/711-2C_as_mni_average_305.4dfp.img
       256       256       256         1
  1.000000  1.000000  1.000000
orientation T byte_order littleendian
Reading image: /opt/freesurfer/average/711-2C_as_mni_average_305.4dfp.img
dimensions:      256       256       256
mmppix:       1.0000   -1.0000   -1.0000
center:     128.0000 -129.0000 -129.0000
/opt/freesurfer/average/711-2B_as_mni_average_305_mask.4dfp.img
       256       256       256         1
  1.000000  1.000000  1.000000
orientation T byte_order littleendian
Reading mask: /opt/freesurfer/average/711-2B_as_mni_average_305_mask.4dfp.img (2306576 pixels)
talsrcimg_g11.4dfp.img
       320       320       320         1
  0.800000  0.800000  0.800000
orientation T byte_order littleendian
Reading image: talsrcimg_g11.4dfp.img
dimensions:      320       320       320
mmppix:       0.8000   -0.8000   -0.8000
center:     128.0000 -128.8000 -128.8000
fimgreg.f
image alignment mode   3335 decimal      D07 hex
parameters
    0.4419  -14.8027    9.5144   -0.0153   -1.8346   -1.8498
   -0.0856    1.7469   -0.2491   19.0655   -1.7311  -19.0669
eta,q 0.94368 18.36049
niter,ni,del,rscale     5    3    5.0000    1.2000
parameter  4  0.809139 ->  0.500000 qaram    1.1500
parameter  5  1.435885 ->  0.500000 qaram    1.1500
parameter 12 -0.883868 -> -0.500000 qaram    1.1500
parameters
    0.5521  -14.4862    9.1658   -4.1553   -5.9746   -1.5711
    0.0954    1.6544    0.5742   17.7952    0.0355  -14.9269
eta,q 0.95279 18.30745
  0.0608  0.0587  0.0570  0.0526  0.0460  0.0502  0.0505  0.0519  0.0502  0.0492  0.0485  0.0485
  0.0585  0.0574  0.0565  0.0518  0.0473  0.0495  0.0489  0.0494  0.0489  0.0483  0.0480  0.0481
  0.0570  0.0566  0.0563  0.0527  0.0492  0.0486  0.0480  0.0481  0.0480  0.0477  0.0477  0.0478
  0.0563  0.0563  0.0563  0.0563  0.0518  0.0477  0.0476  0.0476  0.0476  0.0476  0.0476  0.0475
  0.0566  0.0564  0.0565  0.0622  0.0552  0.0467  0.0478  0.0479  0.0477  0.0480  0.0475  0.0473
  0.0579  0.0568  0.0569  0.0690  0.0593  0.0475  0.0487  0.0493  0.0482  0.0493  0.0476  0.0472
  0.0602  0.0576  0.0576  0.0752  0.0639  0.0514  0.0502  0.0524  0.0493  0.0514  0.0479  0.0472
niter,ni,del,rscale     7    3    5.0000    1.2000
parameter  2 -0.601882 -> -0.500000 qaram    1.1500
parameter  5  0.798931 ->  0.500000 qaram    1.3225
parameters
    0.4583  -13.1062    8.9439   -5.9698  -10.7356   -0.2344
    0.4113    0.8854    1.0284   16.9050   -2.1251  -12.2547
eta,q 0.95622 17.92799
  0.0503  0.0514  0.0471  0.0510  0.0444  0.0474  0.0459  0.0466  0.0458  0.0460  0.0441  0.0448
  0.0484  0.0496  0.0468  0.0493  0.0444  0.0466  0.0449  0.0450  0.0449  0.0448  0.0439  0.0444
  0.0474  0.0482  0.0466  0.0474  0.0453  0.0456  0.0443  0.0442  0.0443  0.0441  0.0439  0.0441
  0.0472  0.0472  0.0465  0.0465  0.0469  0.0446  0.0439  0.0439  0.0439  0.0439  0.0439  0.0439
  0.0477  0.0466  0.0466  0.0482  0.0495  0.0435  0.0440  0.0443  0.0440  0.0444  0.0441  0.0438
  0.0489  0.0465  0.0469  0.0533  0.0533  0.0441  0.0446  0.0457  0.0445  0.0456  0.0443  0.0439
  0.0507  0.0468  0.0474  0.0608  0.0579  0.0467  0.0457  0.0485  0.0454  0.0475  0.0446  0.0441
niter,ni,del,rscale     7    3    5.0000    1.2000
parameters
    0.5626  -12.1684    8.3791   -6.0417  -14.1971   -0.2267
    0.2699    1.5637    1.3011   17.0587   -4.2523  -11.0002
eta,q 0.95709 17.66724
  0.0463  0.0475  0.0440  0.0490  0.0448  0.0464  0.0445  0.0467  0.0442  0.0452  0.0431  0.0436
  0.0450  0.0458  0.0436  0.0474  0.0436  0.0455  0.0437  0.0445  0.0436  0.0441  0.0430  0.0433
  0.0442  0.0445  0.0434  0.0454  0.0430  0.0444  0.0432  0.0434  0.0432  0.0433  0.0429  0.0431
  0.0438  0.0438  0.0435  0.0434  0.0435  0.0430  0.0430  0.0430  0.0430  0.0430  0.0430  0.0429
  0.0439  0.0435  0.0438  0.0429  0.0452  0.0425  0.0431  0.0431  0.0431  0.0431  0.0431  0.0429
  0.0447  0.0438  0.0442  0.0454  0.0482  0.0434  0.0437  0.0437  0.0435  0.0439  0.0432  0.0431
  0.0460  0.0445  0.0448  0.0515  0.0526  0.0484  0.0447  0.0455  0.0441  0.0451  0.0435  0.0433
niter,ni,del,rscale     6    3    5.0000    1.2000
parameters
    0.6155  -11.4131    7.9467   -5.6826  -15.6962   -0.5474
    0.2591    2.2551    1.7783   17.9032   -5.9960  -10.5486
eta,q 0.95726 17.55326
  0.0450  0.0457  0.0434  0.0484  0.0451  0.0461  0.0443  0.0468  0.0438  0.0448  0.0429  0.0432
  0.0439  0.0443  0.0430  0.0469  0.0441  0.0452  0.0435  0.0443  0.0433  0.0439  0.0428  0.0430
  0.0432  0.0434  0.0427  0.0449  0.0430  0.0441  0.0430  0.0432  0.0430  0.0432  0.0427  0.0428
  0.0429  0.0429  0.0428  0.0428  0.0425  0.0426  0.0428  0.0428  0.0428  0.0428  0.0428  0.0427
  0.0431  0.0428  0.0431  0.0419  0.0432  0.0424  0.0430  0.0430  0.0429  0.0428  0.0429  0.0428
  0.0437  0.0431  0.0435  0.0439  0.0451  0.0436  0.0435  0.0436  0.0431  0.0432  0.0430  0.0429
  0.0449  0.0437  0.0440  0.0497  0.0485  0.0491  0.0444  0.0453  0.0436  0.0442  0.0433  0.0432
niter,ni,del,rscale     5    3    5.0000    1.2000
parameters
    0.5822  -10.8102    7.3378   -5.6513  -16.7306   -0.9892
    0.2848    2.7569    2.3245   19.4710   -6.8951  -10.7915
eta,q 0.95718 17.48624
  0.0447  0.0448  0.0432  0.0483  0.0451  0.0461  0.0443  0.0467  0.0438  0.0449  0.0431  0.0432
  0.0436  0.0437  0.0428  0.0468  0.0442  0.0453  0.0436  0.0442  0.0434  0.0440  0.0429  0.0430
  0.0430  0.0431  0.0426  0.0447  0.0432  0.0442  0.0432  0.0432  0.0431  0.0434  0.0428  0.0429
  0.0427  0.0427  0.0427  0.0426  0.0426  0.0427  0.0430  0.0430  0.0430  0.0430  0.0428  0.0428
  0.0430  0.0427  0.0430  0.0419  0.0429  0.0425  0.0431  0.0431  0.0430  0.0428  0.0429  0.0429
  0.0437  0.0430  0.0434  0.0445  0.0445  0.0439  0.0435  0.0438  0.0432  0.0430  0.0430  0.0430
  0.0449  0.0435  0.0440  0.0506  0.0475  0.0496  0.0444  0.0456  0.0436  0.0438  0.0433  0.0433
niter,ni,del,rscale     4    3    5.0000    1.2000
parameters
    0.5361  -10.0324    6.5249   -5.7697  -18.0763   -1.5621
    0.1633    2.9429    2.0697   22.0797   -6.3013  -13.0632
eta,q 0.95726 17.42119
  0.0447  0.0447  0.0431  0.0481  0.0448  0.0462  0.0443  0.0465  0.0437  0.0450  0.0433  0.0429
  0.0436  0.0437  0.0427  0.0467  0.0440  0.0455  0.0437  0.0441  0.0433  0.0443  0.0430  0.0428
  0.0430  0.0431  0.0426  0.0447  0.0432  0.0443  0.0433  0.0432  0.0432  0.0437  0.0428  0.0427
  0.0428  0.0428  0.0427  0.0426  0.0427  0.0428  0.0431  0.0431  0.0431  0.0431  0.0428  0.0428
  0.0430  0.0427  0.0431  0.0420  0.0430  0.0426  0.0432  0.0433  0.0432  0.0428  0.0428  0.0429
  0.0437  0.0429  0.0436  0.0447  0.0446  0.0444  0.0436  0.0440  0.0434  0.0429  0.0429  0.0430
  0.0448  0.0433  0.0442  0.0510  0.0475  0.0501  0.0445  0.0460  0.0438  0.0436  0.0431  0.0433
niter,ni,del,rscale     3    3    5.0000    1.2000
parameter 12  0.633472 ->  0.500000 qaram    1.3225
parameters
    0.5539   -8.8414    5.4894   -5.8995  -19.9542   -2.2854
   -0.0947    2.7838    1.0633   25.0079   -5.4935  -17.8242
eta,q 0.95773 17.33244
  0.0445  0.0448  0.0427  0.0477  0.0443  0.0460  0.0439  0.0460  0.0432  0.0452  0.0430  0.0423
  0.0435  0.0439  0.0424  0.0463  0.0435  0.0452  0.0433  0.0437  0.0430  0.0444  0.0426  0.0423
  0.0429  0.0432  0.0423  0.0444  0.0428  0.0440  0.0430  0.0430  0.0429  0.0435  0.0425  0.0423
  0.0427  0.0427  0.0425  0.0423  0.0424  0.0425  0.0428  0.0428  0.0428  0.0428  0.0424  0.0424
  0.0429  0.0425  0.0429  0.0416  0.0430  0.0424  0.0429  0.0430  0.0429  0.0424  0.0424  0.0426
  0.0435  0.0426  0.0435  0.0443  0.0447  0.0448  0.0433  0.0440  0.0432  0.0425  0.0425  0.0428
  0.0445  0.0429  0.0441  0.0507  0.0478  0.0502  0.0441  0.0462  0.0436  0.0433  0.0428  0.0431
niter,ni,del,rscale     3    3    5.0000    1.2000
parameters
    0.6483   -7.7566    4.7535   -5.8859  -21.6724   -3.0638
   -0.2525    2.7182    0.3367   28.0415   -5.3778  -22.0386
eta,q 0.95816 17.29424
  0.0440  0.0443  0.0425  0.0473  0.0439  0.0457  0.0436  0.0459  0.0429  0.0451  0.0426  0.0421
  0.0431  0.0434  0.0421  0.0459  0.0431  0.0450  0.0430  0.0435  0.0426  0.0441  0.0422  0.0418
  0.0425  0.0427  0.0420  0.0441  0.0423  0.0437  0.0426  0.0426  0.0425  0.0432  0.0420  0.0419
  0.0423  0.0423  0.0421  0.0420  0.0420  0.0421  0.0425  0.0425  0.0425  0.0425  0.0420  0.0420
  0.0424  0.0421  0.0424  0.0410  0.0425  0.0421  0.0426  0.0427  0.0426  0.0421  0.0421  0.0423
  0.0428  0.0422  0.0429  0.0435  0.0442  0.0449  0.0430  0.0437  0.0427  0.0421  0.0422  0.0426
  0.0438  0.0425  0.0435  0.0499  0.0471  0.0502  0.0438  0.0459  0.0431  0.0429  0.0425  0.0430
niter,ni,del,rscale     2    3    5.0000    1.2000
parameters
    0.6899   -6.8391    4.2611   -5.9815  -23.3390   -4.0124
   -0.2670    2.6712   -0.2892   30.2854   -5.1074  -23.8175
eta,q 0.95811 17.23778
  0.0435  0.0437  0.0424  0.0469  0.0437  0.0453  0.0435  0.0457  0.0427  0.0447  0.0425  0.0424
  0.0426  0.0429  0.0418  0.0455  0.0428  0.0446  0.0429  0.0432  0.0425  0.0438  0.0421  0.0420
  0.0421  0.0422  0.0416  0.0437  0.0421  0.0433  0.0425  0.0424  0.0423  0.0430  0.0420  0.0418
  0.0418  0.0418  0.0417  0.0416  0.0417  0.0418  0.0423  0.0423  0.0423  0.0423  0.0420  0.0420
  0.0419  0.0417  0.0420  0.0407  0.0422  0.0420  0.0424  0.0426  0.0424  0.0420  0.0420  0.0422
  0.0425  0.0418  0.0425  0.0433  0.0439  0.0450  0.0428  0.0435  0.0426  0.0421  0.0421  0.0424
  0.0435  0.0422  0.0431  0.0498  0.0466  0.0504  0.0436  0.0456  0.0428  0.0431  0.0424  0.0428
niter,ni,del,rscale     1    3    5.0000    1.2000
parameters
    0.7015   -5.9116    3.3319   -6.1443  -24.7873   -5.0819
   -0.0553    2.5647   -0.3363   32.0436   -5.1218  -24.2966
eta,q 0.95798 17.16078
  0.0434  0.0437  0.0420  0.0466  0.0437  0.0451  0.0436  0.0457  0.0428  0.0446  0.0426  0.0428
  0.0426  0.0429  0.0416  0.0453  0.0429  0.0444  0.0430  0.0432  0.0425  0.0437  0.0422  0.0422
  0.0421  0.0423  0.0415  0.0435  0.0421  0.0432  0.0425  0.0424  0.0424  0.0429  0.0421  0.0420
  0.0419  0.0419  0.0417  0.0415  0.0416  0.0417  0.0423  0.0423  0.0423  0.0423  0.0420  0.0420
  0.0420  0.0417  0.0421  0.0407  0.0421  0.0421  0.0424  0.0426  0.0424  0.0420  0.0421  0.0423
  0.0425  0.0418  0.0427  0.0432  0.0437  0.0451  0.0428  0.0436  0.0425  0.0422  0.0423  0.0425
  0.0434  0.0423  0.0433  0.0498  0.0462  0.0506  0.0435  0.0457  0.0428  0.0433  0.0425  0.0428
registration optimization eta report
parameter search radius
    2.4000    2.7600    2.4000    8.2800    9.5220    7.2000
    7.2000    7.2000    7.2000    7.2000    7.2000    9.5220
100000*second partial in parameter space
       27.       14.       16.       10.        4.       12.
        2.        7.        1.        3.        1.        1.
  0.0434  0.0437  0.0420  0.0466  0.0437  0.0451  0.0436  0.0457  0.0428  0.0446  0.0426  0.0428
  0.0426  0.0429  0.0416  0.0453  0.0429  0.0444  0.0430  0.0432  0.0425  0.0437  0.0422  0.0422
  0.0421  0.0423  0.0415  0.0435  0.0421  0.0432  0.0425  0.0424  0.0424  0.0429  0.0421  0.0420
  0.0419  0.0419  0.0417  0.0415  0.0416  0.0417  0.0423  0.0423  0.0423  0.0423  0.0420  0.0420
  0.0420  0.0417  0.0421  0.0407  0.0421  0.0421  0.0424  0.0426  0.0424  0.0420  0.0421  0.0423
  0.0425  0.0418  0.0427  0.0432  0.0437  0.0451  0.0428  0.0436  0.0425  0.0422  0.0423  0.0425
  0.0434  0.0423  0.0433  0.0498  0.0462  0.0506  0.0435  0.0457  0.0428  0.0433  0.0425  0.0428
    0.7015   -5.9116    3.3319   -6.1443  -24.7873   -5.0819
   -0.0553    2.5647   -0.3363   32.0436   -5.1218  -24.2966
eta,q 0.95798 17.16078

---------------------------------------------------------------------
imgreg_4dfp /opt/freesurfer/average/711-2C_as_mni_average_305 /opt/freesurfer/average/711-2B_as_mni_average_305_mask talsrcimg_g11 none talsrcimg_to_711-2C_as_mni_average_305_t4 2311
---------------------------------------------------------------------

freesurfer imgreg_4dfp.c
/opt/freesurfer/average/711-2C_as_mni_average_305.4dfp.img
       256       256       256         1
  1.000000  1.000000  1.000000
orientation T byte_order littleendian
Reading image: /opt/freesurfer/average/711-2C_as_mni_average_305.4dfp.img
dimensions:      256       256       256
mmppix:       1.0000   -1.0000   -1.0000
center:     128.0000 -129.0000 -129.0000
/opt/freesurfer/average/711-2B_as_mni_average_305_mask.4dfp.img
       256       256       256         1
  1.000000  1.000000  1.000000
orientation T byte_order littleendian
Reading mask: /opt/freesurfer/average/711-2B_as_mni_average_305_mask.4dfp.img (2306576 pixels)
talsrcimg_g11.4dfp.img
       320       320       320         1
  0.800000  0.800000  0.800000
orientation T byte_order littleendian
Reading image: talsrcimg_g11.4dfp.img
dimensions:      320       320       320
mmppix:       0.8000   -0.8000   -0.8000
center:     128.0000 -128.8000 -128.8000
fimgreg.f
image alignment mode   2311 decimal      907 hex
parameters
    0.7015   -5.9116    3.3319   -6.1443  -24.7873   -5.0819
   -0.0553    2.5647   -0.3363   32.0436   -5.1218  -24.2966
eta,q 0.95798 17.16078
niter,ni,del,rscale     5    3    5.0000    0.8000
parameter  2 -0.717821 -> -0.500000 qaram    1.1500
parameter  3  0.855826 ->  0.500000 qaram    1.1500
parameters
    0.6295   -4.9916    2.4119   -4.0391  -25.6921   -5.5876
   -0.1887    2.8791   -0.8096   33.0208   -4.6523  -24.8370
eta,q 0.95920 17.12428
  0.0426  0.0428  0.0416  0.0449  0.0414  0.0432  0.0418  0.0442  0.0412  0.0423  0.0416  0.0411
  0.0423  0.0425  0.0416  0.0439  0.0410  0.0425  0.0413  0.0423  0.0410  0.0417  0.0411  0.0409
  0.0421  0.0422  0.0417  0.0427  0.0408  0.0416  0.0410  0.0413  0.0409  0.0412  0.0409  0.0408
  0.0420  0.0420  0.0418  0.0416  0.0407  0.0407  0.0409  0.0409  0.0409  0.0409  0.0408  0.0408
  0.0421  0.0419  0.0421  0.0408  0.0409  0.0410  0.0410  0.0411  0.0410  0.0408  0.0409  0.0409
  0.0423  0.0418  0.0424  0.0409  0.0415  0.0427  0.0414  0.0419  0.0411  0.0410  0.0410  0.0410
  0.0427  0.0419  0.0428  0.0422  0.0423  0.0456  0.0420  0.0434  0.0414  0.0416  0.0413  0.0412
niter,ni,del,rscale     6    3    5.0000    0.9000
parameters
    0.5799   -4.7501    2.3335   -4.6051  -26.0017   -5.9462
    0.3691    2.6026   -1.1235   33.4055   -4.2611  -25.5155
eta,q 0.95897 17.11490
  0.0424  0.0417  0.0418  0.0441  0.0419  0.0437  0.0424  0.0439  0.0415  0.0425  0.0418  0.0413
  0.0415  0.0413  0.0411  0.0428  0.0415  0.0430  0.0418  0.0421  0.0412  0.0419  0.0413  0.0411
  0.0409  0.0410  0.0408  0.0416  0.0411  0.0420  0.0413  0.0412  0.0411  0.0414  0.0411  0.0410
  0.0408  0.0408  0.0408  0.0408  0.0409  0.0409  0.0411  0.0411  0.0411  0.0411  0.0410  0.0410
  0.0410  0.0408  0.0410  0.0411  0.0410  0.0410  0.0411  0.0415  0.0411  0.0411  0.0411  0.0411
  0.0416  0.0410  0.0413  0.0433  0.0415  0.0426  0.0414  0.0426  0.0413  0.0414  0.0413  0.0413
  0.0426  0.0414  0.0418  0.0471  0.0424  0.0458  0.0420  0.0445  0.0416  0.0423  0.0415  0.0415
niter,ni,del,rscale     5    3    5.0000    0.8000
parameters
    0.4709   -4.4250    1.9155   -4.5726  -26.3824   -6.1407
    0.6863    2.4269   -1.3207   34.0241   -4.0027  -25.5546
eta,q 0.95905 17.09669
  0.0420  0.0418  0.0414  0.0440  0.0417  0.0434  0.0420  0.0435  0.0413  0.0422  0.0416  0.0413
  0.0414  0.0414  0.0410  0.0429  0.0413  0.0428  0.0415  0.0419  0.0411  0.0417  0.0412  0.0411
  0.0411  0.0412  0.0409  0.0418  0.0410  0.0419  0.0412  0.0412  0.0410  0.0413  0.0410  0.0410
  0.0410  0.0410  0.0410  0.0409  0.0409  0.0409  0.0410  0.0410  0.0410  0.0410  0.0409  0.0410
  0.0412  0.0410  0.0412  0.0409  0.0410  0.0410  0.0411  0.0413  0.0410  0.0410  0.0410  0.0410
  0.0416  0.0411  0.0415  0.0421  0.0415  0.0423  0.0413  0.0422  0.0412  0.0412  0.0412  0.0411
  0.0423  0.0414  0.0419  0.0447  0.0421  0.0449  0.0418  0.0438  0.0414  0.0418  0.0414  0.0413
niter,ni,del,rscale     4    3    5.0000    0.7000
parameters
    0.4020   -4.1557    1.6690   -4.4378  -26.7808   -6.2042
    0.8826    2.2869   -1.5101   34.2348   -3.7951  -25.4639
eta,q 0.95912 17.06894
  0.0418  0.0415  0.0414  0.0435  0.0415  0.0431  0.0417  0.0430  0.0412  0.0418  0.0414  0.0412
  0.0413  0.0412  0.0411  0.0425  0.0412  0.0425  0.0413  0.0417  0.0410  0.0414  0.0411  0.0410
  0.0410  0.0411  0.0409  0.0416  0.0409  0.0416  0.0410  0.0410  0.0409  0.0410  0.0409  0.0409
  0.0410  0.0409  0.0409  0.0409  0.0409  0.0409  0.0409  0.0409  0.0409  0.0409  0.0409  0.0409
  0.0411  0.0409  0.0411  0.0409  0.0410  0.0409  0.0409  0.0412  0.0409  0.0409  0.0409  0.0409
  0.0414  0.0410  0.0413  0.0417  0.0413  0.0420  0.0412  0.0419  0.0410  0.0412  0.0411  0.0410
  0.0419  0.0412  0.0417  0.0437  0.0418  0.0439  0.0416  0.0432  0.0412  0.0417  0.0413  0.0411
niter,ni,del,rscale     3    3    5.0000    0.6000
parameters
    0.3480   -3.9322    1.5484   -4.2750  -27.1013   -6.1457
    1.0597    2.1809   -1.6996   34.2588   -3.6081  -25.3171
eta,q 0.95920 17.04186
  0.0415  0.0413  0.0413  0.0430  0.0413  0.0428  0.0414  0.0424  0.0410  0.0415  0.0412  0.0410
  0.0411  0.0411  0.0410  0.0421  0.0410  0.0422  0.0411  0.0414  0.0409  0.0411  0.0410  0.0409
  0.0409  0.0409  0.0409  0.0414  0.0409  0.0414  0.0409  0.0409  0.0408  0.0409  0.0408  0.0408
  0.0409  0.0409  0.0409  0.0409  0.0408  0.0408  0.0408  0.0408  0.0408  0.0408  0.0408  0.0408
  0.0410  0.0409  0.0410  0.0408  0.0409  0.0408  0.0408  0.0410  0.0408  0.0408  0.0408  0.0408
  0.0412  0.0409  0.0411  0.0415  0.0411  0.0416  0.0410  0.0416  0.0409  0.0411  0.0410  0.0409
  0.0416  0.0411  0.0414  0.0430  0.0415  0.0431  0.0413  0.0426  0.0411  0.0415  0.0411  0.0410
niter,ni,del,rscale     2    3    5.0000    0.5000
parameters
    0.3075   -3.7924    1.5314   -4.1243  -27.3213   -6.0063
    1.2128    2.0905   -1.8130   34.1454   -3.4450  -25.1484
eta,q 0.95927 17.01980
  0.0413  0.0411  0.0411  0.0424  0.0411  0.0424  0.0412  0.0419  0.0409  0.0412  0.0411  0.0409
  0.0410  0.0409  0.0409  0.0417  0.0409  0.0418  0.0410  0.0412  0.0408  0.0409  0.0409  0.0408
  0.0408  0.0408  0.0408  0.0411  0.0408  0.0412  0.0408  0.0408  0.0407  0.0408  0.0408  0.0408
  0.0408  0.0408  0.0408  0.0408  0.0408  0.0408  0.0407  0.0407  0.0407  0.0407  0.0407  0.0407
  0.0409  0.0408  0.0408  0.0408  0.0408  0.0408  0.0408  0.0409  0.0408  0.0408  0.0408  0.0408
  0.0411  0.0409  0.0410  0.0413  0.0410  0.0413  0.0409  0.0413  0.0408  0.0410  0.0408  0.0408
  0.0414  0.0410  0.0412  0.0423  0.0412  0.0424  0.0411  0.0420  0.0409  0.0413  0.0410  0.0409
niter,ni,del,rscale     1    3    5.0000    0.4000
parameters
    0.2659   -3.7143    1.5888   -3.9882  -27.4366   -5.8153
    1.3400    1.9933   -1.9010   33.9447   -3.3063  -24.9611
eta,q 0.95932 17.00270
  0.0410  0.0409  0.0410  0.0419  0.0409  0.0420  0.0410  0.0415  0.0408  0.0409  0.0409  0.0408
  0.0409  0.0408  0.0409  0.0414  0.0408  0.0415  0.0408  0.0410  0.0407  0.0408  0.0408  0.0407
  0.0408  0.0408  0.0408  0.0410  0.0407  0.0410  0.0407  0.0407  0.0407  0.0407  0.0407  0.0407
  0.0407  0.0407  0.0407  0.0407  0.0407  0.0407  0.0407  0.0407  0.0407  0.0407  0.0407  0.0407
  0.0408  0.0407  0.0408  0.0407  0.0407  0.0407  0.0407  0.0408  0.0407  0.0407  0.0407  0.0407
  0.0409  0.0408  0.0408  0.0411  0.0408  0.0411  0.0408  0.0411  0.0407  0.0409  0.0408  0.0407
  0.0411  0.0409  0.0409  0.0417  0.0410  0.0418  0.0409  0.0416  0.0408  0.0411  0.0409  0.0408
registration optimization eta report
parameter search radius
    0.8000    0.9200    0.9200    2.4000    2.4000    2.4000
    2.4000    2.4000    2.4000    2.4000    2.4000    2.4000
100000*second partial in parameter space
       56.       18.       29.       19.        5.       20.
        5.       15.        2.        6.        4.        2.
  0.0410  0.0409  0.0410  0.0419  0.0409  0.0420  0.0410  0.0415  0.0408  0.0409  0.0409  0.0408
  0.0409  0.0408  0.0409  0.0414  0.0408  0.0415  0.0408  0.0410  0.0407  0.0408  0.0408  0.0407
  0.0408  0.0408  0.0408  0.0410  0.0407  0.0410  0.0407  0.0407  0.0407  0.0407  0.0407  0.0407
  0.0407  0.0407  0.0407  0.0407  0.0407  0.0407  0.0407  0.0407  0.0407  0.0407  0.0407  0.0407
  0.0408  0.0407  0.0408  0.0407  0.0407  0.0407  0.0407  0.0408  0.0407  0.0407  0.0407  0.0407
  0.0409  0.0408  0.0408  0.0411  0.0408  0.0411  0.0408  0.0411  0.0407  0.0409  0.0408  0.0407
  0.0411  0.0409  0.0409  0.0417  0.0410  0.0418  0.0409  0.0416  0.0408  0.0411  0.0409  0.0408
    0.2659   -3.7143    1.5888   -3.9882  -27.4366   -5.8153
    1.3400    1.9933   -1.9010   33.9447   -3.3063  -24.9611
eta,q 0.95932 17.00270

---------------------------------------------------------------------
imgreg_4dfp /opt/freesurfer/average/711-2C_as_mni_average_305 /opt/freesurfer/average/711-2B_as_mni_average_305_mask talsrcimg_g11 none talsrcimg_to_711-2C_as_mni_average_305_t4 2311
---------------------------------------------------------------------

freesurfer imgreg_4dfp.c
/opt/freesurfer/average/711-2C_as_mni_average_305.4dfp.img
       256       256       256         1
  1.000000  1.000000  1.000000
orientation T byte_order littleendian
Reading image: /opt/freesurfer/average/711-2C_as_mni_average_305.4dfp.img
dimensions:      256       256       256
mmppix:       1.0000   -1.0000   -1.0000
center:     128.0000 -129.0000 -129.0000
/opt/freesurfer/average/711-2B_as_mni_average_305_mask.4dfp.img
       256       256       256         1
  1.000000  1.000000  1.000000
orientation T byte_order littleendian
Reading mask: /opt/freesurfer/average/711-2B_as_mni_average_305_mask.4dfp.img (2306576 pixels)
talsrcimg_g11.4dfp.img
       320       320       320         1
  0.800000  0.800000  0.800000
orientation T byte_order littleendian
Reading image: talsrcimg_g11.4dfp.img
dimensions:      320       320       320
mmppix:       0.8000   -0.8000   -0.8000
center:     128.0000 -128.8000 -128.8000
fimgreg.f
image alignment mode   2311 decimal      907 hex
parameters
    0.2659   -3.7143    1.5888   -3.9882  -27.4366   -5.8153
    1.3400    1.9933   -1.9010   33.9447   -3.3063  -24.9611
eta,q 0.95932 17.00271
niter,ni,del,rscale     5    3    5.0000    0.8000
parameters
    0.2413   -3.7684    1.7800   -4.5513  -27.4906   -6.2270
    1.4901    1.9650   -1.5520   33.9875   -3.3569  -25.7905
eta,q 0.95908 17.01587
  0.0421  0.0411  0.0416  0.0434  0.0416  0.0432  0.0419  0.0435  0.0414  0.0420  0.0415  0.0412
  0.0413  0.0409  0.0411  0.0423  0.0413  0.0426  0.0414  0.0420  0.0411  0.0415  0.0411  0.0410
  0.0408  0.0407  0.0408  0.0413  0.0410  0.0416  0.0411  0.0412  0.0410  0.0411  0.0410  0.0409
  0.0407  0.0407  0.0407  0.0407  0.0408  0.0408  0.0409  0.0409  0.0409  0.0409  0.0409  0.0409
  0.0409  0.0407  0.0407  0.0411  0.0409  0.0410  0.0410  0.0412  0.0410  0.0410  0.0410  0.0410
  0.0414  0.0409  0.0409  0.0429  0.0412  0.0425  0.0413  0.0420  0.0411  0.0413  0.0412  0.0412
  0.0422  0.0412  0.0412  0.0461  0.0418  0.0452  0.0418  0.0436  0.0413  0.0421  0.0414  0.0414
niter,ni,del,rscale     4    3    5.0000    0.7000
parameters
    0.1772   -3.6125    1.4943   -4.4825  -27.6550   -6.3629
    1.3875    1.9173   -1.4453   34.5233   -3.3658  -25.8248
eta,q 0.95911 17.01562
  0.0418  0.0413  0.0412  0.0434  0.0415  0.0431  0.0416  0.0430  0.0412  0.0419  0.0413  0.0412
  0.0413  0.0411  0.0410  0.0425  0.0412  0.0424  0.0412  0.0417  0.0411  0.0414  0.0411  0.0410
  0.0410  0.0410  0.0409  0.0415  0.0410  0.0416  0.0410  0.0411  0.0410  0.0411  0.0409  0.0409
  0.0409  0.0409  0.0409  0.0409  0.0409  0.0409  0.0409  0.0409  0.0409  0.0409  0.0409  0.0409
  0.0411  0.0409  0.0410  0.0409  0.0409  0.0409  0.0410  0.0412  0.0409  0.0409  0.0409  0.0409
  0.0414  0.0410  0.0413  0.0418  0.0412  0.0420  0.0413  0.0418  0.0410  0.0411  0.0411  0.0410
  0.0419  0.0412  0.0415  0.0438  0.0417  0.0441  0.0417  0.0430  0.0412  0.0416  0.0413  0.0412
niter,ni,del,rscale     3    3    5.0000    0.6000
parameters
    0.1746   -3.4815    1.3356   -4.3456  -27.8643   -6.3793
    1.3037    1.8760   -1.4961   34.6425   -3.3245  -25.7075
eta,q 0.95916 17.00120
  0.0416  0.0412  0.0412  0.0430  0.0413  0.0427  0.0414  0.0425  0.0411  0.0415  0.0412  0.0411
  0.0412  0.0410  0.0410  0.0421  0.0411  0.0421  0.0411  0.0415  0.0409  0.0412  0.0410  0.0409
  0.0410  0.0409  0.0409  0.0414  0.0409  0.0414  0.0409  0.0410  0.0409  0.0409  0.0409  0.0409
  0.0409  0.0409  0.0409  0.0409  0.0408  0.0408  0.0408  0.0408  0.0408  0.0408  0.0408  0.0408
  0.0410  0.0409  0.0410  0.0409  0.0409  0.0409  0.0409  0.0410  0.0409  0.0409  0.0409  0.0409
  0.0412  0.0410  0.0411  0.0415  0.0411  0.0417  0.0411  0.0416  0.0410  0.0411  0.0410  0.0409
  0.0416  0.0411  0.0413  0.0430  0.0415  0.0432  0.0415  0.0425  0.0411  0.0415  0.0412  0.0410
niter,ni,del,rscale     2    3    5.0000    0.5000
parameters
    0.1756   -3.3719    1.2782   -4.1904  -28.0264   -6.2803
    1.2970    1.8534   -1.5892   34.5947   -3.2745  -25.5522
eta,q 0.95921 16.98477
  0.0414  0.0410  0.0411  0.0424  0.0412  0.0424  0.0412  0.0420  0.0409  0.0412  0.0411  0.0410
  0.0411  0.0409  0.0409  0.0418  0.0410  0.0418  0.0410  0.0413  0.0409  0.0410  0.0409  0.0409
  0.0409  0.0409  0.0408  0.0412  0.0409  0.0412  0.0408  0.0409  0.0408  0.0408  0.0408  0.0408
  0.0408  0.0408  0.0408  0.0408  0.0408  0.0408  0.0408  0.0408  0.0408  0.0408  0.0408  0.0408
  0.0409  0.0408  0.0409  0.0408  0.0409  0.0408  0.0408  0.0409  0.0408  0.0408  0.0408  0.0408
  0.0411  0.0409  0.0410  0.0413  0.0410  0.0414  0.0410  0.0413  0.0409  0.0410  0.0409  0.0408
  0.0414  0.0410  0.0411  0.0424  0.0413  0.0425  0.0412  0.0420  0.0410  0.0413  0.0411  0.0409
niter,ni,del,rscale     1    3    5.0000    0.4000
parameters
    0.1699   -3.3131    1.3219   -4.0531  -28.1182   -6.1122
    1.3387    1.8199   -1.6349   34.3988   -3.2101  -25.3127
eta,q 0.95926 16.96932
  0.0411  0.0409  0.0410  0.0419  0.0410  0.0420  0.0410  0.0416  0.0409  0.0410  0.0410  0.0409
  0.0409  0.0409  0.0409  0.0414  0.0409  0.0415  0.0409  0.0411  0.0408  0.0409  0.0408  0.0408
  0.0408  0.0408  0.0408  0.0410  0.0408  0.0411  0.0408  0.0408  0.0408  0.0408  0.0408  0.0408
  0.0408  0.0408  0.0408  0.0408  0.0408  0.0408  0.0407  0.0407  0.0407  0.0407  0.0407  0.0407
  0.0408  0.0408  0.0408  0.0408  0.0408  0.0408  0.0408  0.0409  0.0408  0.0408  0.0408  0.0408
  0.0409  0.0408  0.0409  0.0411  0.0409  0.0411  0.0409  0.0411  0.0408  0.0409  0.0408  0.0408
  0.0411  0.0409  0.0410  0.0418  0.0411  0.0419  0.0410  0.0416  0.0409  0.0411  0.0409  0.0408
registration optimization eta report
parameter search radius
    0.8000    0.8000    0.8000    2.4000    2.4000    2.4000
    2.4000    2.4000    2.4000    2.4000    2.4000    2.4000
100000*second partial in parameter space
       56.       18.       29.       18.        4.       20.
        5.       14.        2.        5.        3.        2.
  0.0411  0.0409  0.0410  0.0419  0.0410  0.0420  0.0410  0.0416  0.0409  0.0410  0.0410  0.0409
  0.0409  0.0409  0.0409  0.0414  0.0409  0.0415  0.0409  0.0411  0.0408  0.0409  0.0408  0.0408
  0.0408  0.0408  0.0408  0.0410  0.0408  0.0411  0.0408  0.0408  0.0408  0.0408  0.0408  0.0408
  0.0408  0.0408  0.0408  0.0408  0.0408  0.0408  0.0407  0.0407  0.0407  0.0407  0.0407  0.0407
  0.0408  0.0408  0.0408  0.0408  0.0408  0.0408  0.0408  0.0409  0.0408  0.0408  0.0408  0.0408
  0.0409  0.0408  0.0409  0.0411  0.0409  0.0411  0.0409  0.0411  0.0408  0.0409  0.0408  0.0408
  0.0411  0.0409  0.0410  0.0418  0.0411  0.0419  0.0410  0.0416  0.0409  0.0411  0.0409  0.0408
    0.1699   -3.3131    1.3219   -4.0531  -28.1182   -6.1122
    1.3387    1.8199   -1.6349   34.3988   -3.2101  -25.3127
eta,q 0.95926 16.96932

---------------------------------------------------------------------
compute_vox2vox talsrcimg talsrcimg_to_711-2C_as_mni_average_305_t4 /opt/freesurfer/average/711-2C_as_mni_average_305
---------------------------------------------------------------------

freesurfer compute_vox2vox.c
Reading: talsrcimg.4dfp.ifh
Reading: talsrcimg_to_711-2C_as_mni_average_305_t4
Reading: /opt/freesurfer/average/711-2C_as_mni_average_305.4dfp.ifh
Writing: talsrcimg_to_711-2C_as_mni_average_305_t4_vox2vox.txt

start time Tue Mar 10 21:07:54 CET 2026
end		time Tue Mar 10 21:09:18 CET 2026

mpr2mni305 success

avi2talxfm orig_nu.mgz /opt/freesurfer/average/mni305.cor.mgz talsrcimg_to_711-2C_as_mni_average_305_t4_vox2vox.txt transforms/talairach.auto.xfm
avi2talxfm done
mv -f /out/sourcedata/freesurfer/sub-v2s11x28721_ses-1/mri/talsrcimg_to_711-2C_as_mni_average_305_t4_vox2vox.txt /out/sourcedata/freesurfer/sub-v2s11x28721_ses-1/mri/transforms/talsrcimg_to_711-2C_as_mni_average_305_t4_vox2vox.txt
lta_convert --src orig_nu.mgz --trg /opt/freesurfer/average/mni305.cor.mgz --inxfm transforms/talairach.auto.xfm --outlta transforms/talairach.auto.xfm.lta --subject fsaverage
7.3.2

--src: orig_nu.mgz src image (geometry).
--trg: /opt/freesurfer/average/mni305.cor.mgz trg image (geometry).
--inmni: transforms/talairach.auto.xfm input MNI/XFM transform.
--outlta: transforms/talairach.auto.xfm.lta output LTA.
--s: fsaverage subject name
 LTA read, type : 1
 1.04146  -0.01159  -0.02348   1.00501;
 0.03720   0.94297   0.33137  -0.28703;
 0.00589  -0.45152   1.23206  -16.93593;
 0.00000   0.00000   0.00000   1.00000;
setting subject to fsaverage
Writing  LTA to file transforms/talairach.auto.xfm.lta...
lta_convert successful.
 
 
Started at Tue Mar 10 21:07:54 CET 2026
Ended   at Tue Mar 10 21:09:18 CET 2026
talairach_avi done
