/out/sourcedata/freesurfer/sub-v2s11x28729_ses-1/mri
/opt/freesurfer/bin/talairach_avi
--i orig_nu.mgz --xfm transforms/talairach.auto.xfm
talairach_avi 7.3.2
Linux dna030 5.14.0-427.37.1.el9_4.x86_64 #1 SMP PREEMPT_DYNAMIC Fri Sep 13 12:41:50 EDT 2024 x86_64 x86_64 x86_64 GNU/Linux
Tue Mar 10 22:00:55 CET 2026
mri_convert orig_nu.mgz talsrcimg.img 
reading from orig_nu.mgz...
TR=0.00, TE=0.00, TI=0.00, flip angle=0.00
i_ras = (-1, 0, 0)
j_ras = (0, 0, -1)
k_ras = (0, 1, 0)
writing to talsrcimg.img...
Analyze Output Matrix
-0.80000   0.00000   0.00000   133.93283;
 0.00000   0.00000   0.80000  -137.87790;
 0.00000  -0.80000   0.00000   117.42368;
 0.00000   0.00000   0.00000   1.00000;
--------------------
INFO: set hdr.hist.orient to -1
mpr2mni305 talsrcimg
Tue Mar 10 22:00:56 CET 2026
/opt/freesurfer/bin/mpr2mni305 talsrcimg
mpr2mni305 7.3.2
target=711-2C_as_mni_average_305

---------------------------------------------------------------------
analyzeto4dfp talsrcimg -O0 -y
---------------------------------------------------------------------

freesurfer ifh2hdr.c
Tue Mar 10 22:00:56 2026
Writing: talsrcimg.4dfp.hdr
freesurfer analyzeto4dfp.c
Reading: talsrcimg.hdr
header size 348 bytes
hdr.dime.datatype	offset=70	value=2
hdr.dime.bitpix		offset=72	value=8
hdr.hist.orient		offset=252	value=-1
dimensionality     4
dimensions       320       320       320         1
Reading: talsrcimg.img
Writing: talsrcimg.4dfp.img
Writing: talsrcimg.4dfp.ifh
ifh2hdr talsrcimg -r0to179
ori=2

---------------------------------------------------------------------
gauss_4dfp talsrcimg 1.1
---------------------------------------------------------------------

freesurfer gauss_4dfp.c
Reading: talsrcimg.4dfp.img
Writing: talsrcimg_g11.4dfp.img
image dimensions 320 320 320 padded to 384 384 384
processing volume 1freesurfer ifh2hdr.c
Tue Mar 10 22:01:12 2026
Writing: talsrcimg_g11.4dfp.hdr

Writing: talsrcimg_g11.4dfp.ifh
including: talsrcimg.4dfp.img.rec in talsrcimg_g11.4dfp.img.rec

---------------------------------------------------------------------
imgreg_4dfp /opt/freesurfer/average/711-2C_as_mni_average_305 none talsrcimg_g11 none talsrcimg_to_711-2C_as_mni_average_305_t4 4355
---------------------------------------------------------------------

freesurfer imgreg_4dfp.c
/opt/freesurfer/average/711-2C_as_mni_average_305.4dfp.img
       256       256       256         1
  1.000000  1.000000  1.000000
orientation T byte_order littleendian
Reading image: /opt/freesurfer/average/711-2C_as_mni_average_305.4dfp.img
dimensions:      256       256       256
mmppix:       1.0000   -1.0000   -1.0000
center:     128.0000 -129.0000 -129.0000
talsrcimg_g11.4dfp.img
       320       320       320         1
  0.800000  0.800000  0.800000
orientation T byte_order littleendian
Reading image: talsrcimg_g11.4dfp.img
dimensions:      320       320       320
mmppix:       0.8000   -0.8000   -0.8000
center:     128.0000 -128.8000 -128.8000
t4_read: open error in t4_sub.f l:  41 t4_file(1:l)talsrcimg_to_711-2C_as_mni_average_305_t4 
t4_read: transform initialized to I4
rotation matrix determinant  1.000000
image alignment mode   4355 decimal     1103 hex
   -7.5000  -45.0000  -45.0000 8808.5537   18.1935
    0.0000  -45.0000  -45.0000 9212.2100   18.3089
    7.5000  -45.0000  -45.0000 8758.0059   18.2617
   -7.5000  -37.5000  -45.0000 9367.5654   18.1951
    0.0000  -37.5000  -45.0000 9797.2988   18.3092
    7.5000  -37.5000  -45.0000 9305.2188   18.2597
   -7.5000  -30.0000  -45.000010269.6465   18.3052
    0.0000  -30.0000  -45.000010731.9658   18.4171
    7.5000  -30.0000  -45.000010175.0146   18.3650
   -7.5000  -22.5000  -45.000011133.8555   18.4027
    0.0000  -22.5000  -45.000011630.7705   18.5133
    7.5000  -22.5000  -45.000011021.5088   18.4593
   -7.5000  -15.0000  -45.000011958.7383   18.3975
    0.0000  -15.0000  -45.000012499.1953   18.5092
    7.5000  -15.0000  -45.000011803.5176   18.4569
   -7.5000   -7.5000  -45.000012780.4668   18.2964
    0.0000   -7.5000  -45.000013361.0654   18.4107
    7.5000   -7.5000  -45.000012596.9531   18.3625
   -7.5000    0.0000  -45.000013394.4824   18.1935
    0.0000    0.0000  -45.000014006.2725   18.3089
    7.5000    0.0000  -45.000013205.5898   18.2617
   -7.5000    7.5000  -45.000012881.1748   18.1951
    0.0000    7.5000  -45.000013462.9648   18.3092
    7.5000    7.5000  -45.000012685.0352   18.2597
   -7.5000   15.0000  -45.000012226.1465   18.3052
    0.0000   15.0000  -45.000012789.2148   18.4171
    7.5000   15.0000  -45.000012051.8945   18.3650
   -7.5000   22.5000  -45.000011428.7588   18.4001
    0.0000   22.5000  -45.000011975.2803   18.5107
    7.5000   22.5000  -45.000011268.5840   18.4567
   -7.5000   30.0000  -45.000010526.3291   18.1523
    0.0000   30.0000  -45.000011044.3340   18.2625
    7.5000   30.0000  -45.000010369.9385   18.2109
   -7.5000   37.5000  -45.0000 9982.2256   18.0526
    0.0000   37.5000  -45.000010491.8936   18.1653
    7.5000   37.5000  -45.0000 9852.8320   18.1178
   -7.5000   45.0000  -45.0000 9145.5986   17.4953
    0.0000   45.0000  -45.0000 9615.7100   17.6063
    7.5000   45.0000  -45.0000 9035.8350   17.5608
   -7.5000  -45.0000  -37.5000 9103.8213   18.0134
    0.0000  -45.0000  -37.5000 9529.4971   18.1330
    7.5000  -45.0000  -37.5000 9051.7725   18.0873
   -7.5000  -37.5000  -37.5000 9694.0859   18.0213
    0.0000  -37.5000  -37.500010139.2979   18.1385
    7.5000  -37.5000  -37.5000 9623.6436   18.0877
   -7.5000  -30.0000  -37.500010631.4727   18.1325
    0.0000  -30.0000  -37.500011102.5918   18.2473
    7.5000  -30.0000  -37.500010510.2090   18.1933
   -7.5000  -22.5000  -37.500011510.2900   18.2251
    0.0000  -22.5000  -37.500012020.7861   18.3391
    7.5000  -22.5000  -37.500011370.5566   18.2858
   -7.5000  -15.0000  -37.500012347.6074   18.2136
    0.0000  -15.0000  -37.500012894.8174   18.3300
    7.5000  -15.0000  -37.500012188.5566   18.2816
   -7.5000   -7.5000  -37.500013188.2783   18.1112
    0.0000   -7.5000  -37.500013780.3828   18.2304
    7.5000   -7.5000  -37.500012991.9590   18.1864
   -7.5000    0.0000  -37.500013831.8047   18.0134
    0.0000    0.0000  -37.500014446.3330   18.1330
    7.5000    0.0000  -37.500013604.3213   18.0873
   -7.5000    7.5000  -37.500013282.5127   18.0213
    0.0000    7.5000  -37.500013871.1084   18.1385
    7.5000    7.5000  -37.500013050.1133   18.0877
   -7.5000   15.0000  -37.500012602.5947   18.1325
    0.0000   15.0000  -37.500013176.7451   18.2473
    7.5000   15.0000  -37.500012386.2402   18.1933
   -7.5000   22.5000  -37.500011768.6104   18.2226
    0.0000   22.5000  -37.500012338.9004   18.3366
    7.5000   22.5000  -37.500011603.1641   18.2833
   -7.5000   30.0000  -37.500010819.9102   17.9708
    0.0000   30.0000  -37.500011379.5859   18.0857
    7.5000   30.0000  -37.500010694.1904   18.0380
   -7.5000   37.5000  -37.500010252.2080   17.8698
    0.0000   37.5000  -37.500010800.3555   17.9874
    7.5000   37.5000  -37.500010150.3262   17.9441
   -7.5000   45.0000  -37.5000 9398.3799   17.3221
    0.0000   45.0000  -37.5000 9911.5908   17.4371
    7.5000   45.0000  -37.5000 9307.6748   17.3931
   -7.5000  -45.0000  -30.0000 9690.6152   18.4181
    0.0000  -45.0000  -30.000010139.1318   18.5384
    7.5000  -45.0000  -30.0000 9619.4932   18.4947
   -7.5000  -37.5000  -30.000010321.9092   18.4217
    0.0000  -37.5000  -30.000010786.6992   18.5393
    7.5000  -37.5000  -30.000010225.6602   18.4902
   -7.5000  -30.0000  -30.000011323.4668   18.5321
    0.0000  -30.0000  -30.000011824.4180   18.6474
    7.5000  -30.0000  -30.000011190.1533   18.5958
   -7.5000  -22.5000  -30.000012274.0254   18.6285
    0.0000  -22.5000  -30.000012818.3037   18.7438
    7.5000  -22.5000  -30.000012113.6680   18.6937
   -7.5000  -15.0000  -30.000013185.3350   18.6211
    0.0000  -15.0000  -30.000013754.0400   18.7392
    7.5000  -15.0000  -30.000013004.7998   18.6945
   -7.5000   -7.5000  -30.000014070.4463   18.5190
    0.0000   -7.5000  -30.000014690.5605   18.6396
    7.5000   -7.5000  -30.000013859.2773   18.5987
   -7.5000    0.0000  -30.000014757.9629   18.4181
    0.0000    0.0000  -30.000015404.7139   18.5384
    7.5000    0.0000  -30.000014500.9717   18.4947
   -7.5000    7.5000  -30.000014169.7695   18.4217
    0.0000    7.5000  -30.000014795.1074   18.5393
    7.5000    7.5000  -30.000013906.5820   18.4902
   -7.5000   15.0000  -30.000013423.9111   18.5321
    0.0000   15.0000  -30.000014044.2578   18.6474
    7.5000   15.0000  -30.000013202.9600   18.5958
   -7.5000   22.5000  -30.000012554.1416   18.6241
    0.0000   22.5000  -30.000013161.2617   18.7393
    7.5000   22.5000  -30.000012368.6738   18.6893
   -7.5000   30.0000  -30.000011548.2197   18.3747
    0.0000   30.0000  -30.000012145.7051   18.4913
    7.5000   30.0000  -30.000011420.6367   18.4471
   -7.5000   37.5000  -30.000010921.0771   18.2740
    0.0000   37.5000  -30.000011512.6846   18.3930
    7.5000   37.5000  -30.000010845.5537   18.3526
   -7.5000   45.0000  -30.0000 9998.8330   17.7243
    0.0000   45.0000  -30.000010549.9180   17.8400
    7.5000   45.0000  -30.0000 9928.9717   17.7980
   -7.5000  -45.0000  -22.500010258.9912   18.7654
    0.0000  -45.0000  -22.500010725.5283   18.8804
    7.5000  -45.0000  -22.500010195.1748   18.8365
   -7.5000  -37.5000  -22.500010936.6797   18.7627
    0.0000  -37.5000  -22.500011418.1396   18.8762
    7.5000  -37.5000  -22.500010836.6582   18.8298
   -7.5000  -30.0000  -22.500012020.5430   18.8721
    0.0000  -30.0000  -22.500012543.4658   18.9844
    7.5000  -30.0000  -22.500011893.7041   18.9363
   -7.5000  -22.5000  -22.500013052.3086   18.9744
    0.0000  -22.5000  -22.500013621.9766   19.0863
    7.5000  -22.5000  -22.500012878.9854   19.0377
   -7.5000  -15.0000  -22.500014012.6055   18.9734
    0.0000  -15.0000  -22.500014612.8008   19.0869
    7.5000  -15.0000  -22.500013800.0156   19.0406
   -7.5000   -7.5000  -22.500014964.9600   18.8717
    0.0000   -7.5000  -22.500015607.5938   18.9870
    7.5000   -7.5000  -22.500014709.2520   18.9435
   -7.5000    0.0000  -22.500015719.6201   18.7654
    0.0000    0.0000  -22.500016378.3672   18.8804
    7.5000    0.0000  -22.500015400.3691   18.8365
   -7.5000    7.5000  -22.500015104.1523   18.7627
    0.0000    7.5000  -22.500015746.2861   18.8762
    7.5000    7.5000  -22.500014781.1738   18.8298
   -7.5000   15.0000  -22.500014303.1572   18.8721
    0.0000   15.0000  -22.500014938.0859   18.9844
    7.5000   15.0000  -22.500014038.2070   18.9363
   -7.5000   22.5000  -22.500013337.1221   18.9685
    0.0000   22.5000  -22.500013964.8965   19.0804
    7.5000   22.5000  -22.500013145.6836   19.0318
   -7.5000   30.0000  -22.500012293.6758   18.7253
    0.0000   30.0000  -22.500012905.8438   18.8372
    7.5000   30.0000  -22.500012168.0156   18.7915
   -7.5000   37.5000  -22.500011649.3828   18.6249
    0.0000   37.5000  -22.500012263.5576   18.7386
    7.5000   37.5000  -22.500011560.3809   18.6957
   -7.5000   45.0000  -22.500010637.0596   18.0720
    0.0000   45.0000  -22.500011221.8125   18.1827
    7.5000   45.0000  -22.500010569.0303   18.1405
   -7.5000  -45.0000  -15.000010827.1191   18.9403
    0.0000  -45.0000  -15.000011303.6846   19.0518
    7.5000  -45.0000  -15.000010760.2744   19.0066
   -7.5000  -37.5000  -15.000011544.1182   18.9344
    0.0000  -37.5000  -15.000012037.8711   19.0462
    7.5000  -37.5000  -15.000011443.1338   19.0011
   -7.5000  -30.0000  -15.000012730.7695   19.0452
    0.0000  -30.0000  -15.000013266.1309   19.1569
    7.5000  -30.0000  -15.000012585.9805   19.1100
   -7.5000  -22.5000  -15.000013856.2979   19.1526
    0.0000  -22.5000  -15.000014448.6670   19.2633
    7.5000  -22.5000  -15.000013645.2109   19.2129
   -7.5000  -15.0000  -15.000014859.8594   19.1560
    0.0000  -15.0000  -15.000015477.5420   19.2663
    7.5000  -15.0000  -15.000014596.5566   19.2150
   -7.5000   -7.5000  -15.000015862.8721   19.0522
    0.0000   -7.5000  -15.000016494.9062   19.1631
    7.5000   -7.5000  -15.000015546.7969   19.1151
   -7.5000    0.0000  -15.000016692.1777   18.9403
    0.0000    0.0000  -15.000017342.1777   19.0518
    7.5000    0.0000  -15.000016301.6094   19.0066
   -7.5000    7.5000  -15.000016062.6865   18.9344
    0.0000    7.5000  -15.000016691.6680   19.0462
    7.5000    7.5000  -15.000015690.4629   19.0011
   -7.5000   15.0000  -15.000015184.8242   19.0452
    0.0000   15.0000  -15.000015825.1182   19.1569
    7.5000   15.0000  -15.000014899.5713   19.1100
   -7.5000   22.5000  -15.000014144.8682   19.1458
    0.0000   22.5000  -15.000014760.6191   19.2565
    7.5000   22.5000  -15.000013939.2354   19.2061
   -7.5000   30.0000  -15.000013056.2725   18.9081
    0.0000   30.0000  -15.000013662.3779   19.0169
    7.5000   30.0000  -15.000012899.1387   18.9663
   -7.5000   37.5000  -15.000012406.0527   18.8056
    0.0000   37.5000  -15.000013030.3467   18.9151
    7.5000   37.5000  -15.000012285.3613   18.8677
   -7.5000   45.0000  -15.000011336.0508   18.2515
    0.0000   45.0000  -15.000011932.6465   18.3590
    7.5000   45.0000  -15.000011242.0195   18.3154
   -7.5000  -45.0000   -7.500011370.2285   18.9018
    0.0000  -45.0000   -7.500011848.0371   19.0176
    7.5000  -45.0000   -7.500011292.3662   18.9692
   -7.5000  -37.5000   -7.500012133.9531   18.9008
    0.0000  -37.5000   -7.500012635.9482   19.0169
    7.5000  -37.5000   -7.500012040.3447   18.9686
   -7.5000  -30.0000   -7.500013416.1865   19.0158
    0.0000  -30.0000   -7.500013963.1133   19.1314
    7.5000  -30.0000   -7.500013269.3027   19.0809
   -7.5000  -22.5000   -7.500014707.0850   19.1231
    0.0000  -22.5000   -7.500015321.9658   19.2372
    7.5000  -22.5000   -7.500014448.8662   19.1826
   -7.5000  -15.0000   -7.500015761.9688   19.1225
    0.0000  -15.0000   -7.500016395.9395   19.2360
    7.5000  -15.0000   -7.500015445.0439   19.1805
   -7.5000   -7.5000   -7.500016778.1484   19.0139
    0.0000   -7.5000   -7.500017405.8125   19.1285
    7.5000   -7.5000   -7.500016446.3320   19.0768
   -7.5000    0.0000   -7.500017662.4590   18.9018
    0.0000    0.0000   -7.500018276.3145   19.0176
    7.5000    0.0000   -7.500017271.8730   18.9692
   -7.5000    7.5000   -7.500017003.3574   18.9008
    0.0000    7.5000   -7.500017613.0293   19.0169
    7.5000    7.5000   -7.500016626.6934   18.9686
   -7.5000   15.0000   -7.500016079.2959   19.0158
    0.0000   15.0000   -7.500016687.3027   19.1314
    7.5000   15.0000   -7.500015778.8936   19.0809
   -7.5000   22.5000   -7.500015014.4131   19.1142
    0.0000   22.5000   -7.500015619.1025   19.2283
    7.5000   22.5000   -7.500014745.6943   19.1737
   -7.5000   30.0000   -7.500013898.8066   18.8745
    0.0000   30.0000   -7.500014505.7588   18.9865
    7.5000   30.0000   -7.500013665.1826   18.9318
   -7.5000   37.5000   -7.500013261.3320   18.7673
    0.0000   37.5000   -7.500013878.9521   18.8804
    7.5000   37.5000   -7.500013037.1094   18.8294
   -7.5000   45.0000   -7.500012130.9092   18.2178
    0.0000   45.0000   -7.500012721.4297   18.3294
    7.5000   45.0000   -7.500011931.5420   18.2827
   -7.5000  -45.0000    0.000011817.0674   18.7292
    0.0000  -45.0000    0.000012306.9590   18.8532
    7.5000  -45.0000    0.000011708.8535   18.8021
   -7.5000  -37.5000    0.000012636.9346   18.7364
    0.0000  -37.5000    0.000013146.2617   18.8594
    7.5000  -37.5000    0.000012508.9814   18.8060
   -7.5000  -30.0000    0.000013989.8672   18.8535
    0.0000  -30.0000    0.000014565.4238   18.9750
    7.5000  -30.0000    0.000013829.3223   18.9190
   -7.5000  -22.5000    0.000015460.2754   18.9548
    0.0000  -22.5000    0.000016133.0869   19.0752
    7.5000  -22.5000    0.000015090.2559   19.0175
   -7.5000  -15.0000    0.000016730.2109   18.9463
    0.0000  -15.0000    0.000017432.0742   19.0674
    7.5000  -15.0000    0.000016251.4180   19.0115
   -7.5000   -7.5000    0.000017798.3438   18.8355
    0.0000   -7.5000    0.000018448.4355   18.9585
    7.5000   -7.5000    0.000017362.6738   18.9067
   -7.5000    0.0000    0.000018701.5176   18.7292
    0.0000    0.0000    0.000019289.9219   18.8532
    7.5000    0.0000    0.000018231.0059   18.8021
   -7.5000    7.5000    0.000018010.0859   18.7364
    0.0000    7.5000    0.000018588.8379   18.8594
    7.5000    7.5000    0.000017515.5742   18.8060
   -7.5000   15.0000    0.000017105.9941   18.8535
    0.0000   15.0000    0.000017666.7637   18.9750
    7.5000   15.0000    0.000016577.7656   18.9190
   -7.5000   22.5000    0.000016041.4287   18.9461
    0.0000   22.5000    0.000016591.4219   19.0664
    7.5000   22.5000    0.000015478.3955   19.0087
   -7.5000   30.0000    0.000014849.0400   18.7011
    0.0000   30.0000    0.000015395.8652   18.8206
    7.5000   30.0000    0.000014330.3506   18.7655
   -7.5000   37.5000    0.000014180.1074   18.5917
    0.0000   37.5000    0.000014752.6387   18.7132
    7.5000   37.5000    0.000013695.3516   18.6621
   -7.5000   45.0000    0.000012965.7432   18.0528
    0.0000   45.0000    0.000013520.6982   18.1723
    7.5000   45.0000    0.000012568.6592   18.1231
   -7.5000  -45.0000    7.500011421.7959   18.9498
    0.0000  -45.0000    7.500011910.0742   19.0793
    7.5000  -45.0000    7.500011297.0859   19.0288
   -7.5000  -37.5000    7.500012199.4053   18.9613
    0.0000  -37.5000    7.500012713.9297   19.0886
    7.5000  -37.5000    7.500012066.6533   19.0328
   -7.5000  -30.0000    7.500013475.3809   19.0809
    0.0000  -30.0000    7.500014042.2646   19.2059
    7.5000  -30.0000    7.500013341.7852   19.1471
   -7.5000  -22.5000    7.500015017.5186   19.1800
    0.0000  -22.5000    7.500015718.3252   19.3045
    7.5000  -22.5000    7.500014584.1055   19.2465
   -7.5000  -15.0000    7.500016657.1328   19.1669
    0.0000  -15.0000    7.500017398.8613   19.2937
    7.5000  -15.0000    7.500015811.4482   19.2407
   -7.5000   -7.5000    7.500017956.7695   19.0540
    0.0000   -7.5000    7.500018585.9434   19.1833
    7.5000   -7.5000    7.500017006.7051   19.1347
   -7.5000    0.0000    7.500018743.2168   18.9498
    0.0000    0.0000    7.500019283.8125   19.0793
    7.5000    0.0000    7.500017792.7910   19.0288
   -7.5000    7.5000    7.500017963.4277   18.9613
    0.0000    7.5000    7.500018434.3516   19.0886
    7.5000    7.5000    7.500017020.9180   19.0328
   -7.5000   15.0000    7.500016994.9141   19.0809
    0.0000   15.0000    7.500017462.2559   19.2059
    7.5000   15.0000    7.500016080.8301   19.1471
   -7.5000   22.5000    7.500015845.9980   19.1712
    0.0000   22.5000    7.500016324.7656   19.2956
    7.5000   22.5000    7.500015021.6230   19.2376
   -7.5000   30.0000    7.500014594.9268   18.9189
    0.0000   30.0000    7.500015094.8779   19.0440
    7.5000   30.0000    7.500013913.2051   18.9917
   -7.5000   37.5000    7.500013883.5078   18.8074
    0.0000   37.5000    7.500014411.0205   18.9350
    7.5000   37.5000    7.500013290.6250   18.8870
   -7.5000   45.0000    7.500012695.5986   18.2654
    0.0000   45.0000    7.500013211.6543   18.3903
    7.5000   45.0000    7.500012206.9131   18.3416
   -7.5000  -45.0000   15.000010930.3633   19.3019
    0.0000  -45.0000   15.000011436.3174   19.4297
    7.5000  -45.0000   15.000010818.6602   19.3801
   -7.5000  -37.5000   15.000011699.5254   19.3101
    0.0000  -37.5000   15.000012207.8643   19.4352
    7.5000  -37.5000   15.000011541.8037   19.3801
   -7.5000  -30.0000   15.000013002.0098   19.4290
    0.0000  -30.0000   15.000013519.5547   19.5519
    7.5000  -30.0000   15.000012721.2061   19.4943
   -7.5000  -22.5000   15.000014580.5420   19.5311
    0.0000  -22.5000   15.000015199.3828   19.6538
    7.5000  -22.5000   15.000013920.9600   19.5980
   -7.5000  -15.0000   15.000016116.5684   19.5213
    0.0000  -15.0000   15.000016760.0410   19.6470
    7.5000  -15.0000   15.000015115.4502   19.5965
   -7.5000   -7.5000   15.000017292.5156   19.4087
    0.0000   -7.5000   15.000017896.4082   19.5369
    7.5000   -7.5000   15.000016203.3096   19.4902
   -7.5000    0.0000   15.000018131.5977   19.3019
    0.0000    0.0000   15.000018690.6094   19.4297
    7.5000    0.0000   15.000016997.8945   19.3801
   -7.5000    7.5000   15.000017393.1602   19.3101
    0.0000    7.5000   15.000017913.2930   19.4352
    7.5000    7.5000   15.000016292.6299   19.3801
   -7.5000   15.0000   15.000016431.2363   19.4290
    0.0000   15.0000   15.000016934.7949   19.5519
    7.5000   15.0000   15.000015431.0479   19.4943
   -7.5000   22.5000   15.000015271.4277   19.5221
    0.0000   22.5000   15.000015781.3809   19.6448
    7.5000   22.5000   15.000014425.5068   19.5890
   -7.5000   30.0000   15.000014036.5654   19.2687
    0.0000   30.0000   15.000014564.7354   19.3927
    7.5000   30.0000   15.000013362.7383   19.3429
   -7.5000   37.5000   15.000013353.9131   19.1575
    0.0000   37.5000   15.000013885.0830   19.2841
    7.5000   37.5000   15.000012776.9268   19.2380
   -7.5000   45.0000   15.000012264.7539   18.6048
    0.0000   45.0000   15.000012753.4834   18.7280
    7.5000   45.0000   15.000011770.0889   18.6802
   -7.5000  -45.0000   22.500010435.2363   19.6892
    0.0000  -45.0000   22.500010908.2061   19.8090
    7.5000  -45.0000   22.500010277.1836   19.7588
   -7.5000  -37.5000   22.500011202.7109   19.6921
    0.0000  -37.5000   22.500011665.0645   19.8103
    7.5000  -37.5000   22.500010961.4580   19.7576
   -7.5000  -30.0000   22.500012477.4414   19.8109
    0.0000  -30.0000   22.500012960.5195   19.9280
    7.5000  -30.0000   22.500012074.5391   19.8735
   -7.5000  -22.5000   22.500013803.7471   19.9186
    0.0000  -22.5000   22.500014398.5312   20.0354
    7.5000  -22.5000   22.500013194.0479   19.9803
   -7.5000  -15.0000   22.500014883.7920   19.9148
    0.0000  -15.0000   22.500015496.3330   20.0331
    7.5000  -15.0000   22.500014293.7891   19.9804
   -7.5000   -7.5000   22.500015818.1514   19.8018
    0.0000   -7.5000   22.500016449.7832   19.9219
    7.5000   -7.5000   22.500015306.4844   19.8722
   -7.5000    0.0000   22.500016694.8340   19.6892
    0.0000    0.0000   22.500017332.9668   19.8090
    7.5000    0.0000   22.500016077.9990   19.7588
   -7.5000    7.5000   22.500016214.2109   19.6921
    0.0000    7.5000   22.500016816.5957   19.8103
    7.5000    7.5000   22.500015489.5791   19.7576
   -7.5000   15.0000   22.500015440.1768   19.8109
    0.0000   15.0000   22.500016000.3701   19.9280
    7.5000   15.0000   22.500014710.1367   19.8735
   -7.5000   22.5000   22.500014452.0469   19.9094
    0.0000   22.5000   22.500014967.3545   20.0261
    7.5000   22.5000   22.500013755.7539   19.9711
   -7.5000   30.0000   22.500013344.6504   19.6570
    0.0000   30.0000   22.500013860.2520   19.7739
    7.5000   30.0000   22.500012723.3428   19.7218
   -7.5000   37.5000   22.500012717.2578   19.5455
    0.0000   37.5000   22.500013226.2188   19.6640
    7.5000   37.5000   22.500012159.6572   19.6150
   -7.5000   45.0000   22.500011652.7520   18.9781
    0.0000   45.0000   22.500012135.0557   19.0936
    7.5000   45.0000   22.500011205.0000   19.0453
   -7.5000  -45.0000   30.0000 9871.8916   20.1659
    0.0000  -45.0000   30.000010292.7617   20.2814
    7.5000  -45.0000   30.0000 9679.8389   20.2291
   -7.5000  -37.5000   30.000010547.9961   20.1673
    0.0000  -37.5000   30.000010974.0801   20.2831
    7.5000  -37.5000   30.000010332.8506   20.2310
   -7.5000  -30.0000   30.000011655.9209   20.2904
    0.0000  -30.0000   30.000012147.2725   20.4062
    7.5000  -30.0000   30.000011395.9883   20.3522
   -7.5000  -22.5000   30.000012740.2568   20.4043
    0.0000  -22.5000   30.000013329.9629   20.5190
    7.5000  -22.5000   30.000012459.9355   20.4610
   -7.5000  -15.0000   30.000013689.1250   20.4036
    0.0000  -15.0000   30.000014267.2109   20.5177
    7.5000  -15.0000   30.000013472.6748   20.4586
   -7.5000   -7.5000   30.000014648.5469   20.2857
    0.0000   -7.5000   30.000015238.0674   20.4005
    7.5000   -7.5000   30.000014412.8857   20.3450
   -7.5000    0.0000   30.000015493.8623   20.1659
    0.0000    0.0000   30.000016104.4775   20.2814
    7.5000    0.0000   30.000015160.2891   20.2291
   -7.5000    7.5000   30.000015028.3672   20.1673
    0.0000    7.5000   30.000015600.9121   20.2831
    7.5000    7.5000   30.000014625.0586   20.2310
   -7.5000   15.0000   30.000014354.7656   20.2904
    0.0000   15.0000   30.000014880.4287   20.4062
    7.5000   15.0000   30.000013898.5029   20.3522
   -7.5000   22.5000   30.000013496.6318   20.3949
    0.0000   22.5000   30.000013978.5010   20.5095
    7.5000   22.5000   30.000013007.5703   20.4516
   -7.5000   30.0000   30.000012516.6377   20.1395
    0.0000   30.0000   30.000012984.6768   20.2521
    7.5000   30.0000   30.000012035.0576   20.1938
   -7.5000   37.5000   30.000011968.4580   20.0232
    0.0000   37.5000   30.000012435.7051   20.1365
    7.5000   37.5000   30.000011512.4307   20.0817
   -7.5000   45.0000   30.000010978.4727   19.4376
    0.0000   45.0000   30.000011396.3779   19.5489
    7.5000   45.0000   30.000010585.0186   19.4985
   -7.5000  -45.0000   37.5000 9698.6055   20.6366
    0.0000  -45.0000   37.500010112.5850   20.7592
    7.5000  -45.0000   37.5000 9554.0801   20.6990
   -7.5000  -37.5000   37.500010314.3701   20.6460
    0.0000  -37.5000   37.500010772.2607   20.7692
    7.5000  -37.5000   37.500010206.9639   20.7093
   -7.5000  -30.0000   37.500011339.7227   20.7776
    0.0000  -30.0000   37.500011875.9307   20.9007
    7.5000  -30.0000   37.500011261.1904   20.8383
   -7.5000  -22.5000   37.500012366.6973   20.8928
    0.0000  -22.5000   37.500012961.7363   21.0142
    7.5000  -22.5000   37.500012316.5889   20.9473
   -7.5000  -15.0000   37.500013322.7217   20.8860
    0.0000  -15.0000   37.500013886.2061   21.0064
    7.5000  -15.0000   37.500013260.9199   20.9384
   -7.5000   -7.5000   37.500014295.1797   20.7588
    0.0000   -7.5000   37.500014867.4707   20.8800
    7.5000   -7.5000   37.500014159.0732   20.8163
   -7.5000    0.0000   37.500015110.0371   20.6366
    0.0000    0.0000   37.500015700.5791   20.7592
    7.5000    0.0000   37.500014881.9854   20.6990
   -7.5000    7.5000   37.500014654.3018   20.6460
    0.0000    7.5000   37.500015195.2949   20.7692
    7.5000    7.5000   37.500014366.9023   20.7093
   -7.5000   15.0000   37.500014003.5000   20.7776
    0.0000   15.0000   37.500014515.7158   20.9007
    7.5000   15.0000   37.500013668.2471   20.8383
   -7.5000   22.5000   37.500013185.8945   20.8831
    0.0000   22.5000   37.500013658.8018   21.0045
    7.5000   22.5000   37.500012798.8203   20.9377
   -7.5000   30.0000   37.500012258.6885   20.6157
    0.0000   30.0000   37.500012707.4502   20.7345
    7.5000   30.0000   37.500011868.9863   20.6674
   -7.5000   37.5000   37.500011737.1250   20.4902
    0.0000   37.5000   37.500012172.3564   20.6098
    7.5000   37.5000   37.500011356.6523   20.5469
   -7.5000   45.0000   37.500010748.9385   19.8914
    0.0000   45.0000   37.500011163.5479   20.0095
    7.5000   45.0000   37.500010408.5176   19.9515
   -7.5000  -45.0000   45.0000 9101.7666   21.2508
    0.0000  -45.0000   45.0000 9525.0928   21.3871
    7.5000  -45.0000   45.0000 9035.0469   21.3237
   -7.5000  -37.5000   45.0000 9676.5762   21.2736
    0.0000  -37.5000   45.000010137.2656   21.4091
    7.5000  -37.5000   45.0000 9656.4863   21.3426
   -7.5000  -30.0000   45.000010641.9043   21.4165
    0.0000  -30.0000   45.000011159.2441   21.5507
    7.5000  -30.0000   45.000010649.0352   21.4813
   -7.5000  -22.5000   45.000011603.7842   21.5297
    0.0000  -22.5000   45.000012148.8545   21.6630
    7.5000  -22.5000   45.000011614.5020   21.5914
   -7.5000  -15.0000   45.000012504.3477   21.5106
    0.0000  -15.0000   45.000013050.3037   21.6445
    7.5000  -15.0000   45.000012484.4355   21.5751
   -7.5000   -7.5000   45.000013426.4707   21.3720
    0.0000   -7.5000   45.000013980.8281   21.5076
    7.5000   -7.5000   45.000013325.1465   21.4432
   -7.5000    0.0000   45.000014152.8604   21.2508
    0.0000    0.0000   45.000014716.1152   21.3871
    7.5000    0.0000   45.000013961.5410   21.3237
   -7.5000    7.5000   45.000013727.9639   21.2736
    0.0000    7.5000   45.000014249.8135   21.4091
    7.5000    7.5000   45.000013488.0762   21.3426
   -7.5000   15.0000   45.000013128.0537   21.4165
    0.0000   15.0000   45.000013621.2363   21.5507
    7.5000   15.0000   45.000012857.5303   21.4813
   -7.5000   22.5000   45.000012356.5625   21.5197
    0.0000   22.5000   45.000012817.9121   21.6529
    7.5000   22.5000   45.000012054.2988   21.5814
   -7.5000   30.0000   45.000011472.5186   21.2304
    0.0000   30.0000   45.000011912.4395   21.3626
    7.5000   30.0000   45.000011178.0166   21.2940
   -7.5000   37.5000   45.000010980.6680   21.0936
    0.0000   37.5000   45.000011415.5898   21.2274
    7.5000   37.5000   45.000010692.4668   21.1639
   -7.5000   45.0000   45.000010081.8311   20.4926
    0.0000   45.0000   45.000010480.1582   20.6241
    7.5000   45.0000   45.0000 9818.0781   20.5629

---------------------------------------------------------------------
imgreg_4dfp /opt/freesurfer/average/711-2C_as_mni_average_305 /opt/freesurfer/average/711-2B_as_mni_average_305_mask talsrcimg_g11 none talsrcimg_to_711-2C_as_mni_average_305_t4 4355
---------------------------------------------------------------------

freesurfer imgreg_4dfp.c
/opt/freesurfer/average/711-2C_as_mni_average_305.4dfp.img
       256       256       256         1
  1.000000  1.000000  1.000000
orientation T byte_order littleendian
Reading image: /opt/freesurfer/average/711-2C_as_mni_average_305.4dfp.img
dimensions:      256       256       256
mmppix:       1.0000   -1.0000   -1.0000
center:     128.0000 -129.0000 -129.0000
/opt/freesurfer/average/711-2B_as_mni_average_305_mask.4dfp.img
       256       256       256         1
  1.000000  1.000000  1.000000
orientation T byte_order littleendian
Reading mask: /opt/freesurfer/average/711-2B_as_mni_average_305_mask.4dfp.img (2306576 pixels)
talsrcimg_g11.4dfp.img
       320       320       320         1
  0.800000  0.800000  0.800000
orientation T byte_order littleendian
Reading image: talsrcimg_g11.4dfp.img
dimensions:      320       320       320
mmppix:       0.8000   -0.8000   -0.8000
center:     128.0000 -128.8000 -128.8000
rotation matrix determinant  1.000000
image alignment mode   4355 decimal     1103 hex
   -7.5000  -45.0000  -45.0000 2447.1677   25.9953
    0.0000  -45.0000  -45.0000 2448.7031   25.9931
    7.5000  -45.0000  -45.0000 2436.3921   25.8824
   -7.5000  -37.5000  -45.0000 2514.6665   24.2142
    0.0000  -37.5000  -45.0000 2515.1848   24.2215
    7.5000  -37.5000  -45.0000 2502.9666   24.1187
   -7.5000  -30.0000  -45.0000 2559.1113   22.9415
    0.0000  -30.0000  -45.0000 2557.1299   22.9245
    7.5000  -30.0000  -45.0000 2541.3733   22.8077
   -7.5000  -22.5000  -45.0000 2582.5452   21.9290
    0.0000  -22.5000  -45.0000 2583.2739   21.9406
    7.5000  -22.5000  -45.0000 2566.2402   21.8695
   -7.5000  -15.0000  -45.0000 2606.7146   21.3471
    0.0000  -15.0000  -45.0000 2605.8779   21.3467
    7.5000  -15.0000  -45.0000 2582.7373   21.2909
   -7.5000   -7.5000  -45.0000 2614.3291   21.1456
    0.0000   -7.5000  -45.0000 2615.1814   21.1201
    7.5000   -7.5000  -45.0000 2593.4749   21.1093
   -7.5000    0.0000  -45.0000 2609.0173   21.2056
    0.0000    0.0000  -45.0000 2615.4590   21.2563
    7.5000    0.0000  -45.0000 2592.3008   21.2301
   -7.5000    7.5000  -45.0000 2598.8362   21.6900
    0.0000    7.5000  -45.0000 2603.2888   21.7127
    7.5000    7.5000  -45.0000 2576.8010   21.6914
   -7.5000   15.0000  -45.0000 2563.8943   22.5412
    0.0000   15.0000  -45.0000 2567.2600   22.5642
    7.5000   15.0000  -45.0000 2544.4844   22.5429
   -7.5000   22.5000  -45.0000 2504.7930   23.8290
    0.0000   22.5000  -45.0000 2505.1692   23.8101
    7.5000   22.5000  -45.0000 2487.7424   23.8089
   -7.5000   30.0000  -45.0000 2424.5554   25.4992
    0.0000   30.0000  -45.0000 2420.3386   25.4817
    7.5000   30.0000  -45.0000 2405.5850   25.5519
   -7.5000   37.5000  -45.0000 2327.6655   27.6652
    0.0000   37.5000  -45.0000 2322.7417   27.6272
    7.5000   37.5000  -45.0000 2313.2476   27.7669
   -7.5000   45.0000  -45.0000 2237.0232   30.3958
    0.0000   45.0000  -45.0000 2226.8140   30.2927
    7.5000   45.0000  -45.0000 2217.8547   30.4857
   -7.5000  -45.0000  -37.5000 2492.5002   25.1186
    0.0000  -45.0000  -37.5000 2496.0957   25.0786
    7.5000  -45.0000  -37.5000 2478.7603   24.9233
   -7.5000  -37.5000  -37.5000 2558.6343   23.3069
    0.0000  -37.5000  -37.5000 2562.4285   23.2967
    7.5000  -37.5000  -37.5000 2546.3682   23.1520
   -7.5000  -30.0000  -37.5000 2605.3699   21.9928
    0.0000  -30.0000  -37.5000 2606.4724   21.9594
    7.5000  -30.0000  -37.5000 2584.9900   21.8530
   -7.5000  -22.5000  -37.5000 2633.7200   21.0230
    0.0000  -22.5000  -37.5000 2635.5085   21.0285
    7.5000  -22.5000  -37.5000 2612.3345   20.9511
   -7.5000  -15.0000  -37.5000 2651.2766   20.4030
    0.0000  -15.0000  -37.5000 2654.0903   20.4231
    7.5000  -15.0000  -37.5000 2630.9077   20.3904
   -7.5000   -7.5000  -37.5000 2662.2742   20.1875
    0.0000   -7.5000  -37.5000 2663.5627   20.1611
    7.5000   -7.5000  -37.5000 2641.6550   20.1722
   -7.5000    0.0000  -37.5000 2660.8174   20.2440
    0.0000    0.0000  -37.5000 2665.5681   20.2626
    7.5000    0.0000  -37.5000 2639.7449   20.2799
   -7.5000    7.5000  -37.5000 2650.1682   20.7075
    0.0000    7.5000  -37.5000 2653.0288   20.7189
    7.5000    7.5000  -37.5000 2624.7661   20.7230
   -7.5000   15.0000  -37.5000 2617.9219   21.5210
    0.0000   15.0000  -37.5000 2620.8118   21.5338
    7.5000   15.0000  -37.5000 2588.6853   21.5217
   -7.5000   22.5000  -37.5000 2550.4290   22.7064
    0.0000   22.5000  -37.5000 2558.3267   22.7338
    7.5000   22.5000  -37.5000 2531.4705   22.6985
   -7.5000   30.0000  -37.5000 2463.2896   24.2536
    0.0000   30.0000  -37.5000 2471.7734   24.3265
    7.5000   30.0000  -37.5000 2444.8752   24.3200
   -7.5000   37.5000  -37.5000 2365.1025   26.3171
    0.0000   37.5000  -37.5000 2368.9299   26.3650
    7.5000   37.5000  -37.5000 2342.6187   26.3858
   -7.5000   45.0000  -37.5000 2266.7886   28.8758
    0.0000   45.0000  -37.5000 2270.5193   28.9265
    7.5000   45.0000  -37.5000 2241.4116   28.9302
   -7.5000  -45.0000  -30.0000 2601.1160   24.8776
    0.0000  -45.0000  -30.0000 2604.3430   24.7933
    7.5000  -45.0000  -30.0000 2581.2395   24.7066
   -7.5000  -37.5000  -30.0000 2673.6577   23.0776
    0.0000  -37.5000  -30.0000 2675.1123   22.9817
    7.5000  -37.5000  -30.0000 2652.4683   22.9192
   -7.5000  -30.0000  -30.0000 2720.7312   21.7157
    0.0000  -30.0000  -30.0000 2721.5691   21.6043
    7.5000  -30.0000  -30.0000 2695.0305   21.5431
   -7.5000  -22.5000  -30.0000 2748.2517   20.6918
    0.0000  -22.5000  -30.0000 2751.5193   20.6164
    7.5000  -22.5000  -30.0000 2727.9443   20.5825
   -7.5000  -15.0000  -30.0000 2772.1113   20.0431
    0.0000  -15.0000  -30.0000 2773.3706   19.9889
    7.5000  -15.0000  -30.0000 2755.7346   19.9972
   -7.5000   -7.5000  -30.0000 2778.0479   19.7939
    0.0000   -7.5000  -30.0000 2778.2383   19.7488
    7.5000   -7.5000  -30.0000 2765.4302   19.7819
   -7.5000    0.0000  -30.0000 2779.4785   19.8622
    0.0000    0.0000  -30.0000 2779.6277   19.8501
    7.5000    0.0000  -30.0000 2759.3691   19.8811
   -7.5000    7.5000  -30.0000 2769.1824   20.2768
    0.0000    7.5000  -30.0000 2770.6482   20.2520
    7.5000    7.5000  -30.0000 2743.1396   20.2887
   -7.5000   15.0000  -30.0000 2733.8132   21.0122
    0.0000   15.0000  -30.0000 2738.3186   21.0037
    7.5000   15.0000  -30.0000 2708.3716   21.0361
   -7.5000   22.5000  -30.0000 2669.5435   22.1304
    0.0000   22.5000  -30.0000 2675.3308   22.1226
    7.5000   22.5000  -30.0000 2648.6121   22.1653
   -7.5000   30.0000  -30.0000 2578.6206   23.6417
    0.0000   30.0000  -30.0000 2591.3757   23.7050
    7.5000   30.0000  -30.0000 2563.7676   23.7450
   -7.5000   37.5000  -30.0000 2472.5762   25.6155
    0.0000   37.5000  -30.0000 2484.0923   25.6469
    7.5000   37.5000  -30.0000 2460.6880   25.7525
   -7.5000   45.0000  -30.0000 2366.8687   28.0527
    0.0000   45.0000  -30.0000 2376.7029   28.1287
    7.5000   45.0000  -30.0000 2349.8472   28.1839
   -7.5000  -45.0000  -22.5000 2662.8159   24.5470
    0.0000  -45.0000  -22.5000 2665.2407   24.4062
    7.5000  -45.0000  -22.5000 2644.9854   24.4146
   -7.5000  -37.5000  -22.5000 2734.2791   22.7007
    0.0000  -37.5000  -22.5000 2732.6445   22.5575
    7.5000  -37.5000  -22.5000 2714.4866   22.5625
   -7.5000  -30.0000  -22.5000 2784.3059   21.3462
    0.0000  -30.0000  -22.5000 2784.7393   21.2014
    7.5000  -30.0000  -22.5000 2767.1179   21.1980
   -7.5000  -22.5000  -22.5000 2817.6030   20.2972
    0.0000  -22.5000  -22.5000 2817.4507   20.1328
    7.5000  -22.5000  -22.5000 2799.7476   20.1356
   -7.5000  -15.0000  -22.5000 2839.0557   19.5873
    0.0000  -15.0000  -22.5000 2837.7104   19.4591
    7.5000  -15.0000  -22.5000 2820.1013   19.4883
   -7.5000   -7.5000  -22.5000 2848.1106   19.2843
    0.0000   -7.5000  -22.5000 2847.0576   19.2126
    7.5000   -7.5000  -22.5000 2833.4724   19.2304
   -7.5000    0.0000  -22.5000 2850.4932   19.3491
    0.0000    0.0000  -22.5000 2850.4966   19.3109
    7.5000    0.0000  -22.5000 2833.3818   19.3360
   -7.5000    7.5000  -22.5000 2840.0063   19.7234
    0.0000    7.5000  -22.5000 2838.6340   19.6669
    7.5000    7.5000  -22.5000 2820.0007   19.7581
   -7.5000   15.0000  -22.5000 2802.7402   20.4243
    0.0000   15.0000  -22.5000 2801.2896   20.3588
    7.5000   15.0000  -22.5000 2785.4683   20.4833
   -7.5000   22.5000  -22.5000 2733.0139   21.4824
    0.0000   22.5000  -22.5000 2733.2932   21.4120
    7.5000   22.5000  -22.5000 2721.8193   21.5707
   -7.5000   30.0000  -22.5000 2640.8108   22.9668
    0.0000   30.0000  -22.5000 2646.7092   22.9315
    7.5000   30.0000  -22.5000 2637.1277   23.0918
   -7.5000   37.5000  -22.5000 2538.1646   24.8782
    0.0000   37.5000  -22.5000 2546.8120   24.8252
    7.5000   37.5000  -22.5000 2532.5789   24.9817
   -7.5000   45.0000  -22.5000 2423.0125   27.2286
    0.0000   45.0000  -22.5000 2431.7427   27.2262
    7.5000   45.0000  -22.5000 2414.5242   27.3836
   -7.5000  -45.0000  -15.0000 2684.2773   24.2649
    0.0000  -45.0000  -15.0000 2686.3523   24.0790
    7.5000  -45.0000  -15.0000 2674.4700   24.1216
   -7.5000  -37.5000  -15.0000 2756.1953   22.3806
    0.0000  -37.5000  -15.0000 2755.7402   22.2068
    7.5000  -37.5000  -15.0000 2745.4893   22.2217
   -7.5000  -30.0000  -15.0000 2812.4854   21.0020
    0.0000  -30.0000  -15.0000 2810.0610   20.8254
    7.5000  -30.0000  -15.0000 2799.9365   20.8483
   -7.5000  -22.5000  -15.0000 2849.9751   19.9381
    0.0000  -22.5000  -15.0000 2846.5066   19.7565
    7.5000  -22.5000  -15.0000 2829.2922   19.7434
   -7.5000  -15.0000  -15.0000 2867.7651   19.1376
    0.0000  -15.0000  -15.0000 2861.7512   18.9693
    7.5000  -15.0000  -15.0000 2846.2991   19.0185
   -7.5000   -7.5000  -15.0000 2877.0403   18.7307
    0.0000   -7.5000  -15.0000 2870.1597   18.6284
    7.5000   -7.5000  -15.0000 2859.6755   18.7109
   -7.5000    0.0000  -15.0000 2880.1008   18.7932
    0.0000    0.0000  -15.0000 2876.1382   18.7115
    7.5000    0.0000  -15.0000 2869.3611   18.8092
   -7.5000    7.5000  -15.0000 2869.8750   19.1934
    0.0000    7.5000  -15.0000 2865.3298   19.0876
    7.5000    7.5000  -15.0000 2861.2393   19.2228
   -7.5000   15.0000  -15.0000 2829.0020   19.8733
    0.0000   15.0000  -15.0000 2822.9829   19.7582
    7.5000   15.0000  -15.0000 2824.6399   19.9446
   -7.5000   22.5000  -15.0000 2764.2681   20.9250
    0.0000   22.5000  -15.0000 2758.8296   20.8312
    7.5000   22.5000  -15.0000 2760.8333   21.0599
   -7.5000   30.0000  -15.0000 2675.8215   22.4004
    0.0000   30.0000  -15.0000 2669.9651   22.2600
    7.5000   30.0000  -15.0000 2670.2173   22.5399
   -7.5000   37.5000  -15.0000 2575.0879   24.2392
    0.0000   37.5000  -15.0000 2576.4802   24.1345
    7.5000   37.5000  -15.0000 2569.1179   24.3992
   -7.5000   45.0000  -15.0000 2458.6687   26.5324
    0.0000   45.0000  -15.0000 2463.2122   26.5240
    7.5000   45.0000  -15.0000 2452.7034   26.7510
   -7.5000  -45.0000   -7.5000 2686.0249   24.0325
    0.0000  -45.0000   -7.5000 2682.5349   23.8327
    7.5000  -45.0000   -7.5000 2675.3875   23.9098
   -7.5000  -37.5000   -7.5000 2757.8442   22.1359
    0.0000  -37.5000   -7.5000 2754.4614   21.9372
    7.5000  -37.5000   -7.5000 2750.9624   21.9956
   -7.5000  -30.0000   -7.5000 2815.3511   20.7177
    0.0000  -30.0000   -7.5000 2810.4031   20.5212
    7.5000  -30.0000   -7.5000 2807.2310   20.5709
   -7.5000  -22.5000   -7.5000 2860.9028   19.6775
    0.0000  -22.5000   -7.5000 2854.9771   19.4758
    7.5000  -22.5000   -7.5000 2848.3347   19.4630
   -7.5000  -15.0000   -7.5000 2877.1304   18.8023
    0.0000  -15.0000   -7.5000 2868.0828   18.6104
    7.5000  -15.0000   -7.5000 2862.7866   18.6874
   -7.5000   -7.5000   -7.5000 2876.8923   18.2127
    0.0000   -7.5000   -7.5000 2866.7424   18.0626
    7.5000   -7.5000   -7.5000 2870.7878   18.2850
   -7.5000    0.0000   -7.5000 2882.4053   18.2689
    0.0000    0.0000   -7.5000 2868.9863   18.1156
    7.5000    0.0000   -7.5000 2880.5671   18.3734
   -7.5000    7.5000   -7.5000 2873.5920   18.7260
    0.0000    7.5000   -7.5000 2861.0576   18.5556
    7.5000    7.5000   -7.5000 2874.4038   18.8052
   -7.5000   15.0000   -7.5000 2834.1636   19.4344
    0.0000   15.0000   -7.5000 2824.7112   19.2653
    7.5000   15.0000   -7.5000 2842.9817   19.5503
   -7.5000   22.5000   -7.5000 2770.1096   20.4424
    0.0000   22.5000   -7.5000 2760.2019   20.3150
    7.5000   22.5000   -7.5000 2779.6025   20.6556
   -7.5000   30.0000   -7.5000 2686.0510   21.8762
    0.0000   30.0000   -7.5000 2680.0181   21.7474
    7.5000   30.0000   -7.5000 2691.3059   22.1249
   -7.5000   37.5000   -7.5000 2591.9185   23.6752
    0.0000   37.5000   -7.5000 2588.4368   23.6221
    7.5000   37.5000   -7.5000 2590.9773   23.9758
   -7.5000   45.0000   -7.5000 2480.0186   25.9604
    0.0000   45.0000   -7.5000 2478.1472   25.9542
    7.5000   45.0000   -7.5000 2475.2356   26.2415
   -7.5000  -45.0000    0.0000 2679.5635   24.0140
    0.0000  -45.0000    0.0000 2673.5266   23.7382
    7.5000  -45.0000    0.0000 2665.8569   23.8451
   -7.5000  -37.5000    0.0000 2758.2405   22.1264
    0.0000  -37.5000    0.0000 2750.7883   21.8845
    7.5000  -37.5000    0.0000 2741.0649   21.9333
   -7.5000  -30.0000    0.0000 2819.5293   20.6915
    0.0000  -30.0000    0.0000 2810.7520   20.4538
    7.5000  -30.0000    0.0000 2800.3044   20.4730
   -7.5000  -22.5000    0.0000 2870.7874   19.6331
    0.0000  -22.5000    0.0000 2860.2788   19.3977
    7.5000  -22.5000    0.0000 2847.1045   19.3248
   -7.5000  -15.0000    0.0000 2896.3081   18.8421
    0.0000  -15.0000    0.0000 2886.8494   18.6144
    7.5000  -15.0000    0.0000 2870.1587   18.5274
   -7.5000   -7.5000    0.0000 2887.5417   18.1114
    0.0000   -7.5000    0.0000 2874.7637   17.9179
    7.5000   -7.5000    0.0000 2878.9678   18.1316
   -7.5000    0.0000    0.0000 2891.1736   18.1102
    0.0000    0.0000    0.0000 2867.7422   17.8803
    7.5000    0.0000    0.0000 2885.8367   18.2190
   -7.5000    7.5000    0.0000 2884.1489   18.5543
    0.0000    7.5000    0.0000 2862.9500   18.3111
    7.5000    7.5000    0.0000 2876.5649   18.5895
   -7.5000   15.0000    0.0000 2851.5615   19.2342
    0.0000   15.0000    0.0000 2834.8350   19.0348
    7.5000   15.0000    0.0000 2846.2009   19.2787
   -7.5000   22.5000    0.0000 2795.5393   20.2893
    0.0000   22.5000    0.0000 2781.2302   20.0935
    7.5000   22.5000    0.0000 2786.4614   20.3398
   -7.5000   30.0000    0.0000 2715.0591   21.7577
    0.0000   30.0000    0.0000 2700.6702   21.5947
    7.5000   30.0000    0.0000 2699.3237   21.8393
   -7.5000   37.5000    0.0000 2627.7900   23.5894
    0.0000   37.5000    0.0000 2616.1780   23.4592
    7.5000   37.5000    0.0000 2605.1418   23.6917
   -7.5000   45.0000    0.0000 2514.8054   25.8236
    0.0000   45.0000    0.0000 2505.6313   25.7444
    7.5000   45.0000    0.0000 2495.1980   25.9595
   -7.5000  -45.0000    7.5000 2679.3000   24.2355
    0.0000  -45.0000    7.5000 2674.7905   23.9592
    7.5000  -45.0000    7.5000 2663.3931   24.0596
   -7.5000  -37.5000    7.5000 2755.9363   22.2840
    0.0000  -37.5000    7.5000 2752.1333   22.0346
    7.5000  -37.5000    7.5000 2739.0291   22.0890
   -7.5000  -30.0000    7.5000 2814.8059   20.8118
    0.0000  -30.0000    7.5000 2811.6909   20.5713
    7.5000  -30.0000    7.5000 2797.9685   20.5839
   -7.5000  -22.5000    7.5000 2875.8728   19.8435
    0.0000  -22.5000    7.5000 2869.7297   19.5791
    7.5000  -22.5000    7.5000 2853.0244   19.4724
   -7.5000  -15.0000    7.5000 2927.3230   19.2583
    0.0000  -15.0000    7.5000 2918.7544   18.9784
    7.5000  -15.0000    7.5000 2885.9685   18.6810
   -7.5000   -7.5000    7.5000 2951.2646   18.7893
    0.0000   -7.5000    7.5000 2935.5471   18.4991
    7.5000   -7.5000    7.5000 2900.6699   18.3054
   -7.5000    0.0000    7.5000 2938.0347   18.4789
    0.0000    0.0000    7.5000 2912.3406   18.2102
    7.5000    0.0000    7.5000 2894.8928   18.2401
   -7.5000    7.5000    7.5000 2910.5205   18.5869
    0.0000    7.5000    7.5000 2886.1260   18.3486
    7.5000    7.5000    7.5000 2875.8511   18.4753
   -7.5000   15.0000    7.5000 2869.2332   19.2289
    0.0000   15.0000    7.5000 2853.3345   19.0176
    7.5000   15.0000    7.5000 2845.2717   19.1590
   -7.5000   22.5000    7.5000 2805.7354   20.3131
    0.0000   22.5000    7.5000 2794.4707   20.1379
    7.5000   22.5000    7.5000 2788.8606   20.2455
   -7.5000   30.0000    7.5000 2726.1045   21.7691
    0.0000   30.0000    7.5000 2717.4336   21.6368
    7.5000   30.0000    7.5000 2707.7441   21.7531
   -7.5000   37.5000    7.5000 2638.4214   23.5348
    0.0000   37.5000    7.5000 2631.4861   23.4484
    7.5000   37.5000    7.5000 2611.4756   23.5782
   -7.5000   45.0000    7.5000 2532.1262   25.7799
    0.0000   45.0000    7.5000 2527.3745   25.7497
    7.5000   45.0000    7.5000 2501.8508   25.7911
   -7.5000  -45.0000   15.0000 2660.7202   24.5572
    0.0000  -45.0000   15.0000 2660.3162   24.3588
    7.5000  -45.0000   15.0000 2653.6917   24.4095
   -7.5000  -37.5000   15.0000 2743.0442   22.6715
    0.0000  -37.5000   15.0000 2738.6150   22.4786
    7.5000  -37.5000   15.0000 2732.5889   22.4797
   -7.5000  -30.0000   15.0000 2816.2285   21.2734
    0.0000  -30.0000   15.0000 2804.6638   21.0469
    7.5000  -30.0000   15.0000 2794.7312   20.9893
   -7.5000  -22.5000   15.0000 2897.0942   20.3577
    0.0000  -22.5000   15.0000 2881.6265   20.1382
    7.5000  -22.5000   15.0000 2852.4114   19.8394
   -7.5000  -15.0000   15.0000 2962.8398   19.7744
    0.0000  -15.0000   15.0000 2947.2856   19.5466
    7.5000  -15.0000   15.0000 2889.7341   19.0609
   -7.5000   -7.5000   15.0000 2982.7222   19.1833
    0.0000   -7.5000   15.0000 2966.5344   18.9787
    7.5000   -7.5000   15.0000 2903.7898   18.6036
   -7.5000    0.0000   15.0000 2962.0767   18.8223
    0.0000    0.0000   15.0000 2941.4229   18.6140
    7.5000    0.0000   15.0000 2901.1614   18.5022
   -7.5000    7.5000   15.0000 2928.9119   18.9181
    0.0000    7.5000   15.0000 2915.6458   18.7821
    7.5000    7.5000   15.0000 2877.4888   18.7099
   -7.5000   15.0000   15.0000 2882.3352   19.4910
    0.0000   15.0000   15.0000 2873.4766   19.3755
    7.5000   15.0000   15.0000 2842.5166   19.3425
   -7.5000   22.5000   15.0000 2807.2686   20.5340
    0.0000   22.5000   15.0000 2798.2654   20.3905
    7.5000   22.5000   15.0000 2782.7278   20.3979
   -7.5000   30.0000   15.0000 2723.6616   21.8945
    0.0000   30.0000   15.0000 2717.3743   21.7751
    7.5000   30.0000   15.0000 2707.5671   21.8319
   -7.5000   37.5000   15.0000 2638.1162   23.6670
    0.0000   37.5000   15.0000 2635.9280   23.5947
    7.5000   37.5000   15.0000 2617.1543   23.6612
   -7.5000   45.0000   15.0000 2539.4963   25.9097
    0.0000   45.0000   15.0000 2535.0593   25.8797
    7.5000   45.0000   15.0000 2512.7766   25.9465
   -7.5000  -45.0000   22.5000 2651.1838   25.1740
    0.0000  -45.0000   22.5000 2650.9702   25.0164
    7.5000  -45.0000   22.5000 2639.9954   25.0334
   -7.5000  -37.5000   22.5000 2733.9944   23.2513
    0.0000  -37.5000   22.5000 2729.5161   23.1196
    7.5000  -37.5000   22.5000 2717.7627   23.0617
   -7.5000  -30.0000   22.5000 2813.3127   21.8509
    0.0000  -30.0000   22.5000 2801.7686   21.6678
    7.5000  -30.0000   22.5000 2783.3884   21.4917
   -7.5000  -22.5000   22.5000 2884.2937   20.8080
    0.0000  -22.5000   22.5000 2871.1555   20.5987
    7.5000  -22.5000   22.5000 2840.6460   20.2715
   -7.5000  -15.0000   22.5000 2929.1479   19.8956
    0.0000  -15.0000   22.5000 2918.4863   19.7383
    7.5000  -15.0000   22.5000 2876.7266   19.4531
   -7.5000   -7.5000   22.5000 2932.5627   19.0610
    0.0000   -7.5000   22.5000 2922.7698   18.9580
    7.5000   -7.5000   22.5000 2902.8259   19.0113
   -7.5000    0.0000   22.5000 2943.2922   18.8817
    0.0000    0.0000   22.5000 2932.4834   18.7564
    7.5000    0.0000   22.5000 2905.9089   18.8743
   -7.5000    7.5000   22.5000 2941.4392   19.2590
    0.0000    7.5000   22.5000 2930.3718   19.1030
    7.5000    7.5000   22.5000 2888.5771   19.1323
   -7.5000   15.0000   22.5000 2901.2209   20.0387
    0.0000   15.0000   22.5000 2889.6257   19.8619
    7.5000   15.0000   22.5000 2849.4038   19.8437
   -7.5000   22.5000   22.5000 2824.4424   21.1814
    0.0000   22.5000   22.5000 2813.2722   21.0259
    7.5000   22.5000   22.5000 2783.1028   20.9592
   -7.5000   30.0000   22.5000 2732.6816   22.5432
    0.0000   30.0000   22.5000 2726.4136   22.4082
    7.5000   30.0000   22.5000 2701.6433   22.3780
   -7.5000   37.5000   22.5000 2642.1514   24.2249
    0.0000   37.5000   22.5000 2638.5911   24.1161
    7.5000   37.5000   22.5000 2612.9861   24.1180
   -7.5000   45.0000   22.5000 2531.5015   26.3253
    0.0000   45.0000   22.5000 2532.0354   26.2654
    7.5000   45.0000   22.5000 2509.1724   26.2738
   -7.5000  -45.0000   30.0000 2632.7842   25.7938
    0.0000  -45.0000   30.0000 2631.4646   25.6838
    7.5000  -45.0000   30.0000 2621.5828   25.7164
   -7.5000  -37.5000   30.0000 2710.9763   23.7548
    0.0000  -37.5000   30.0000 2708.4883   23.6388
    7.5000  -37.5000   30.0000 2703.7896   23.6795
   -7.5000  -30.0000   30.0000 2779.1160   22.2143
    0.0000  -30.0000   30.0000 2775.3545   22.0653
    7.5000  -30.0000   30.0000 2772.3542   22.0983
   -7.5000  -22.5000   30.0000 2836.3120   21.0401
    0.0000  -22.5000   30.0000 2836.0444   20.9170
    7.5000  -22.5000   30.0000 2827.1289   20.8619
   -7.5000  -15.0000   30.0000 2876.2578   20.0594
    0.0000  -15.0000   30.0000 2873.0637   19.9233
    7.5000  -15.0000   30.0000 2867.3372   20.0553
   -7.5000   -7.5000   30.0000 2907.3323   19.4027
    0.0000   -7.5000   30.0000 2895.7681   19.2644
    7.5000   -7.5000   30.0000 2900.2017   19.5572
   -7.5000    0.0000   30.0000 2936.7695   19.4126
    0.0000    0.0000   30.0000 2926.2734   19.2664
    7.5000    0.0000   30.0000 2905.9136   19.4311
   -7.5000    7.5000   30.0000 2931.6875   19.8152
    0.0000    7.5000   30.0000 2920.1018   19.6383
    7.5000    7.5000   30.0000 2895.3081   19.7424
   -7.5000   15.0000   30.0000 2892.8660   20.5746
    0.0000   15.0000   30.0000 2879.6292   20.3732
    7.5000   15.0000   30.0000 2855.9004   20.4616
   -7.5000   22.5000   30.0000 2826.0029   21.7132
    0.0000   22.5000   30.0000 2816.0415   21.5456
    7.5000   22.5000   30.0000 2791.4231   21.6090
   -7.5000   30.0000   30.0000 2739.2927   23.2148
    0.0000   30.0000   30.0000 2733.5842   23.0643
    7.5000   30.0000   30.0000 2700.7297   23.0582
   -7.5000   37.5000   30.0000 2644.5405   24.9219
    0.0000   37.5000   30.0000 2645.1370   24.8053
    7.5000   37.5000   30.0000 2614.6560   24.8021
   -7.5000   45.0000   30.0000 2522.5967   27.0474
    0.0000   45.0000   30.0000 2524.2893   26.9954
    7.5000   45.0000   30.0000 2504.7261   26.8875
   -7.5000  -45.0000   37.5000 2597.7188   26.3055
    0.0000  -45.0000   37.5000 2603.1450   26.2598
    7.5000  -45.0000   37.5000 2605.1960   26.4909
   -7.5000  -37.5000   37.5000 2675.8938   24.1475
    0.0000  -37.5000   37.5000 2680.6123   24.0976
    7.5000  -37.5000   37.5000 2688.1575   24.3622
   -7.5000  -30.0000   37.5000 2742.7024   22.5667
    0.0000  -30.0000   37.5000 2747.4041   22.5332
    7.5000  -30.0000   37.5000 2760.0830   22.7953
   -7.5000  -22.5000   37.5000 2795.2739   21.3440
    0.0000  -22.5000   37.5000 2799.1326   21.2687
    7.5000  -22.5000   37.5000 2818.6724   21.5893
   -7.5000  -15.0000   37.5000 2842.8367   20.4253
    0.0000  -15.0000   37.5000 2836.8352   20.2789
    7.5000  -15.0000   37.5000 2856.3105   20.7424
   -7.5000   -7.5000   37.5000 2881.0479   19.9766
    0.0000   -7.5000   37.5000 2871.1033   19.8554
    7.5000   -7.5000   37.5000 2877.3174   20.1666
   -7.5000    0.0000   37.5000 2909.5112   20.0056
    0.0000    0.0000   37.5000 2904.8904   19.8662
    7.5000    0.0000   37.5000 2894.5007   20.0827
   -7.5000    7.5000   37.5000 2904.7476   20.4283
    0.0000    7.5000   37.5000 2893.7004   20.2642
    7.5000    7.5000   37.5000 2882.0381   20.4168
   -7.5000   15.0000   37.5000 2871.3752   21.2087
    0.0000   15.0000   37.5000 2858.8184   21.0456
    7.5000   15.0000   37.5000 2841.0210   21.1552
   -7.5000   22.5000   37.5000 2816.8110   22.3866
    0.0000   22.5000   37.5000 2804.0859   22.2130
    7.5000   22.5000   37.5000 2779.2871   22.3241
   -7.5000   30.0000   37.5000 2730.1230   23.9010
    0.0000   30.0000   37.5000 2724.2612   23.7843
    7.5000   30.0000   37.5000 2698.7024   23.8011
   -7.5000   37.5000   37.5000 2630.5757   25.6228
    0.0000   37.5000   37.5000 2631.3145   25.5383
    7.5000   37.5000   37.5000 2607.6133   25.5108
   -7.5000   45.0000   37.5000 2508.5139   27.8278
    0.0000   45.0000   37.5000 2510.8027   27.7943
    7.5000   45.0000   37.5000 2484.4407   27.7137
   -7.5000  -45.0000   45.0000 2564.7026   26.8799
    0.0000  -45.0000   45.0000 2573.5271   26.8830
    7.5000  -45.0000   45.0000 2588.7837   27.2951
   -7.5000  -37.5000   45.0000 2639.6646   24.6419
    0.0000  -37.5000   45.0000 2650.8057   24.6601
    7.5000  -37.5000   45.0000 2672.1323   25.1312
   -7.5000  -30.0000   45.0000 2705.3982   23.0657
    0.0000  -30.0000   45.0000 2713.0715   23.0576
    7.5000  -30.0000   45.0000 2742.2063   23.5475
   -7.5000  -22.5000   45.0000 2763.0647   21.8732
    0.0000  -22.5000   45.0000 2766.9001   21.7860
    7.5000  -22.5000   45.0000 2793.6299   22.3134
   -7.5000  -15.0000   45.0000 2811.9517   21.0461
    0.0000  -15.0000   45.0000 2809.4937   20.9616
    7.5000  -15.0000   45.0000 2826.7478   21.4206
   -7.5000   -7.5000   45.0000 2850.3057   20.6882
    0.0000   -7.5000   45.0000 2843.2483   20.5769
    7.5000   -7.5000   45.0000 2851.9106   20.9305
   -7.5000    0.0000   45.0000 2867.8015   20.6834
    0.0000    0.0000   45.0000 2867.5830   20.5730
    7.5000    0.0000   45.0000 2860.4841   20.8316
   -7.5000    7.5000   45.0000 2867.7788   21.0923
    0.0000    7.5000   45.0000 2861.6501   20.9601
    7.5000    7.5000   45.0000 2852.1899   21.1505
   -7.5000   15.0000   45.0000 2840.8188   21.8628
    0.0000   15.0000   45.0000 2832.2781   21.7072
    7.5000   15.0000   45.0000 2818.4526   21.8935
   -7.5000   22.5000   45.0000 2787.2368   23.0358
    0.0000   22.5000   45.0000 2779.3162   22.8796
    7.5000   22.5000   45.0000 2755.2866   23.0499
   -7.5000   30.0000   45.0000 2699.1138   24.5832
    0.0000   30.0000   45.0000 2697.4058   24.4739
    7.5000   30.0000   45.0000 2675.8357   24.5439
   -7.5000   37.5000   45.0000 2599.6978   26.3651
    0.0000   37.5000   45.0000 2603.4453   26.3118
    7.5000   37.5000   45.0000 2578.0532   26.3414
   -7.5000   45.0000   45.0000 2485.3459   28.6581
    0.0000   45.0000   45.0000 2486.8550   28.6383
    7.5000   45.0000   45.0000 2463.2537   28.6483

---------------------------------------------------------------------
imgreg_4dfp /opt/freesurfer/average/711-2C_as_mni_average_305 /opt/freesurfer/average/711-2B_as_mni_average_305_mask talsrcimg_g11 none talsrcimg_to_711-2C_as_mni_average_305_t4 1283
---------------------------------------------------------------------

freesurfer imgreg_4dfp.c
/opt/freesurfer/average/711-2C_as_mni_average_305.4dfp.img
       256       256       256         1
  1.000000  1.000000  1.000000
orientation T byte_order littleendian
Reading image: /opt/freesurfer/average/711-2C_as_mni_average_305.4dfp.img
dimensions:      256       256       256
mmppix:       1.0000   -1.0000   -1.0000
center:     128.0000 -129.0000 -129.0000
/opt/freesurfer/average/711-2B_as_mni_average_305_mask.4dfp.img
       256       256       256         1
  1.000000  1.000000  1.000000
orientation T byte_order littleendian
Reading mask: /opt/freesurfer/average/711-2B_as_mni_average_305_mask.4dfp.img (2306576 pixels)
talsrcimg_g11.4dfp.img
       320       320       320         1
  0.800000  0.800000  0.800000
orientation T byte_order littleendian
Reading image: talsrcimg_g11.4dfp.img
dimensions:      320       320       320
mmppix:       0.8000   -0.8000   -0.8000
center:     128.0000 -128.8000 -128.8000
rotation matrix determinant  1.000000
fimgreg.f
image alignment mode   1283 decimal      503 hex
parameters
   -7.5000   -7.5000   15.0000    0.0000    0.0000    0.0000
eta,q 0.93591 19.19854
niter,ni,del,rscale     5    3   12.0000    1.2000
parameter  4  0.684132 ->  0.500000 qaram    1.1500
parameter  6  0.652493 ->  0.500000 qaram    1.1500
parameters
   -4.6801   -8.3732   14.1833   -3.4500   -0.0658   -3.4500
eta,q 0.94172 19.23346
  0.0845  0.0659  0.0684  0.0588  0.0635  0.0584
  0.0775  0.0624  0.0635  0.0588  0.0596  0.0582
  0.0685  0.0606  0.0611  0.0595  0.0596  0.0585
  0.0635  0.0604  0.0602  0.0602  0.0589  0.0590
  0.0616  0.0625  0.0626  0.0609  0.0583  0.0597
  0.0600  0.0661  0.0678  0.0631  0.0603  0.0608
  0.0654  0.0689  0.0742  0.0664  0.0639  0.0626
niter,ni,del,rscale     6    3   12.0000    1.2000
parameters
   -4.7289   -7.7728   13.3849   -4.8369    0.4062   -2.5985
eta,q 0.94286 19.18319
  0.0748  0.0696  0.0681  0.0599  0.0638  0.0615
  0.0657  0.0635  0.0610  0.0590  0.0601  0.0594
  0.0615  0.0598  0.0585  0.0576  0.0586  0.0579
  0.0583  0.0583  0.0582  0.0579  0.0575  0.0572
  0.0596  0.0585  0.0615  0.0592  0.0570  0.0573
  0.0676  0.0612  0.0671  0.0602  0.0587  0.0582
  0.0750  0.0657  0.0731  0.0623  0.0625  0.0598
niter,ni,del,rscale     5    3   12.0000    1.2000
parameters
   -4.7819   -7.0721   13.2382   -5.4517    0.2301   -2.4373
eta,q 0.94278 19.16465
  0.0740  0.0691  0.0713  0.0597  0.0624  0.0605
  0.0638  0.0632  0.0628  0.0591  0.0590  0.0588
  0.0595  0.0589  0.0586  0.0577  0.0580  0.0579
  0.0571  0.0572  0.0572  0.0572  0.0572  0.0572
  0.0591  0.0578  0.0596  0.0581  0.0572  0.0573
  0.0658  0.0601  0.0653  0.0594  0.0595  0.0584
  0.0737  0.0645  0.0714  0.0609  0.0633  0.0605
niter,ni,del,rscale     4    3   12.0000    1.2000
parameters
   -4.7393   -6.8506   13.0802   -5.7759    0.1671   -2.3407
eta,q 0.94277 19.16743
  0.0746  0.0674  0.0714  0.0598  0.0626  0.0602
  0.0642  0.0618  0.0629  0.0592  0.0589  0.0588
  0.0594  0.0581  0.0585  0.0580  0.0578  0.0580
  0.0572  0.0572  0.0572  0.0572  0.0572  0.0573
  0.0588  0.0582  0.0597  0.0578  0.0572  0.0572
  0.0654  0.0612  0.0655  0.0592  0.0593  0.0584
  0.0733  0.0657  0.0716  0.0608  0.0629  0.0605
niter,ni,del,rscale     3    3   12.0000    1.2000
parameters
   -4.7177   -6.6988   12.9700   -5.9646    0.1308   -2.2843
eta,q 0.94276 19.16749
  0.0745  0.0671  0.0718  0.0599  0.0627  0.0601
  0.0642  0.0615  0.0632  0.0592  0.0589  0.0588
  0.0592  0.0580  0.0585  0.0582  0.0577  0.0581
  0.0572  0.0572  0.0572  0.0572  0.0572  0.0573
  0.0590  0.0582  0.0596  0.0577  0.0573  0.0573
  0.0654  0.0613  0.0654  0.0590  0.0593  0.0584
  0.0734  0.0658  0.0716  0.0607  0.0628  0.0605
niter,ni,del,rscale     2    3   12.0000    1.2000
parameters
   -4.7091   -6.5903   12.8952   -6.0873    0.1132   -2.2478
eta,q 0.94274 19.16641
  0.0745  0.0669  0.0721  0.0599  0.0627  0.0601
  0.0642  0.0614  0.0635  0.0593  0.0589  0.0589
  0.0591  0.0580  0.0585  0.0582  0.0577  0.0581
  0.0572  0.0572  0.0572  0.0572  0.0573  0.0573
  0.0591  0.0582  0.0595  0.0576  0.0574  0.0573
  0.0655  0.0613  0.0653  0.0589  0.0592  0.0584
  0.0735  0.0658  0.0716  0.0607  0.0627  0.0606
niter,ni,del,rscale     1    3   12.0000    1.2000
parameters
   -4.7053   -6.5192   12.8472   -6.1504    0.1061   -2.2265
eta,q 0.94274 19.16431
  0.0745  0.0667  0.0723  0.0599  0.0627  0.0600
  0.0642  0.0613  0.0636  0.0593  0.0589  0.0589
  0.0591  0.0580  0.0586  0.0583  0.0576  0.0582
  0.0573  0.0573  0.0573  0.0573  0.0573  0.0573
  0.0592  0.0582  0.0595  0.0576  0.0574  0.0573
  0.0655  0.0614  0.0653  0.0588  0.0592  0.0584
  0.0735  0.0659  0.0716  0.0606  0.0626  0.0606
registration optimization eta report
parameter search radius
    6.0000    6.0000    6.0000    6.9000    6.0000    6.9000
100000*second partial in parameter space
       47.       25.       41.        6.       16.        6.
  0.0745  0.0667  0.0723  0.0599  0.0627  0.0600
  0.0642  0.0613  0.0636  0.0593  0.0589  0.0589
  0.0591  0.0580  0.0586  0.0583  0.0576  0.0582
  0.0573  0.0573  0.0573  0.0573  0.0573  0.0573
  0.0592  0.0582  0.0595  0.0576  0.0574  0.0573
  0.0655  0.0614  0.0653  0.0588  0.0592  0.0584
  0.0735  0.0659  0.0716  0.0606  0.0626  0.0606
   -4.7053   -6.5192   12.8472   -6.1504    0.1061   -2.2265
eta,q 0.94274 19.16431

---------------------------------------------------------------------
imgreg_4dfp /opt/freesurfer/average/711-2C_as_mni_average_305 /opt/freesurfer/average/711-2B_as_mni_average_305_mask talsrcimg_g11 none talsrcimg_to_711-2C_as_mni_average_305_t4 3335
---------------------------------------------------------------------

freesurfer imgreg_4dfp.c
/opt/freesurfer/average/711-2C_as_mni_average_305.4dfp.img
       256       256       256         1
  1.000000  1.000000  1.000000
orientation T byte_order littleendian
Reading image: /opt/freesurfer/average/711-2C_as_mni_average_305.4dfp.img
dimensions:      256       256       256
mmppix:       1.0000   -1.0000   -1.0000
center:     128.0000 -129.0000 -129.0000
/opt/freesurfer/average/711-2B_as_mni_average_305_mask.4dfp.img
       256       256       256         1
  1.000000  1.000000  1.000000
orientation T byte_order littleendian
Reading mask: /opt/freesurfer/average/711-2B_as_mni_average_305_mask.4dfp.img (2306576 pixels)
talsrcimg_g11.4dfp.img
       320       320       320         1
  0.800000  0.800000  0.800000
orientation T byte_order littleendian
Reading image: talsrcimg_g11.4dfp.img
dimensions:      320       320       320
mmppix:       0.8000   -0.8000   -0.8000
center:     128.0000 -128.8000 -128.8000
fimgreg.f
image alignment mode   3335 decimal      D07 hex
parameters
   -4.7053   -6.5192   12.8472   -0.0757   -0.6514   -0.5758
    3.8824    0.2323   -3.8849   10.7129    0.1851  -10.7138
eta,q 0.94564 19.43048
niter,ni,del,rscale     5    3    5.0000    1.2000
parameter  4  1.705799 ->  0.500000 qaram    1.1500
parameter  5  1.706130 ->  0.500000 qaram    1.1500
parameters
   -4.0807   -6.4866   12.6760   -4.2157   -4.7914   -3.6564
    4.6999   -0.6219   -2.6563    8.8376   -0.2314   -8.7963
eta,q 0.96259 19.61708
  0.0604  0.0556  0.0566  0.0400  0.0362  0.0391  0.0420  0.0434  0.0401  0.0386  0.0387  0.0385
  0.0579  0.0547  0.0549  0.0417  0.0375  0.0383  0.0401  0.0396  0.0390  0.0379  0.0379  0.0381
  0.0558  0.0541  0.0540  0.0463  0.0397  0.0378  0.0387  0.0379  0.0381  0.0375  0.0375  0.0377
  0.0544  0.0539  0.0539  0.0539  0.0427  0.0380  0.0379  0.0378  0.0377  0.0376  0.0375  0.0375
  0.0539  0.0541  0.0545  0.0637  0.0463  0.0419  0.0379  0.0392  0.0377  0.0382  0.0377  0.0374
  0.0546  0.0546  0.0557  0.0736  0.0504  0.0489  0.0389  0.0422  0.0381  0.0392  0.0381  0.0375
  0.0565  0.0555  0.0573  0.0811  0.0547  0.0591  0.0406  0.0464  0.0389  0.0410  0.0389  0.0378
niter,ni,del,rscale     6    3    5.0000    1.2000
parameter  2 -0.733358 -> -0.500000 qaram    1.1500
parameter  3  1.334524 ->  0.500000 qaram    1.1500
parameter  5  0.668665 ->  0.500000 qaram    1.3225
parameter 10 -0.664010 -> -0.500000 qaram    1.1500
parameters
   -3.9806   -5.1066   11.2960   -8.0294   -9.5524   -4.1003
    4.6623   -1.0728   -3.2017   12.9776    1.9885   -9.0635
eta,q 0.96740 19.42930
  0.0416  0.0412  0.0351  0.0361  0.0333  0.0355  0.0349  0.0359  0.0340  0.0354  0.0340  0.0332
  0.0393  0.0397  0.0354  0.0349  0.0330  0.0348  0.0340  0.0337  0.0335  0.0346  0.0333  0.0329
  0.0379  0.0384  0.0359  0.0343  0.0333  0.0339  0.0334  0.0332  0.0332  0.0338  0.0329  0.0327
  0.0374  0.0374  0.0366  0.0355  0.0344  0.0330  0.0332  0.0332  0.0332  0.0332  0.0326  0.0326
  0.0378  0.0368  0.0375  0.0404  0.0366  0.0321  0.0334  0.0335  0.0333  0.0328  0.0326  0.0326
  0.0389  0.0366  0.0386  0.0498  0.0394  0.0336  0.0339  0.0344  0.0337  0.0326  0.0327  0.0329
  0.0409  0.0367  0.0400  0.0612  0.0427  0.0385  0.0350  0.0365  0.0343  0.0329  0.0329  0.0334
niter,ni,del,rscale     7    3    5.0000    1.2000
parameter  2 -1.854772 -> -0.500000 qaram    1.3225
parameter  3  0.889238 ->  0.500000 qaram    1.3225
parameter 10 -0.694025 -> -0.500000 qaram    1.3225
parameters
   -3.9267   -3.5196    9.7090   -9.0058  -13.2002   -5.3632
    5.2361   -1.4543   -3.2313   17.7386    2.5357  -12.2256
eta,q 0.97082 19.24897
  0.0346  0.0382  0.0294  0.0342  0.0307  0.0324  0.0317  0.0330  0.0312  0.0338  0.0305  0.0294
  0.0335  0.0362  0.0294  0.0326  0.0300  0.0317  0.0310  0.0311  0.0307  0.0326  0.0298  0.0292
  0.0328  0.0343  0.0297  0.0310  0.0297  0.0309  0.0306  0.0304  0.0304  0.0314  0.0294  0.0292
  0.0326  0.0326  0.0303  0.0295  0.0299  0.0297  0.0304  0.0303  0.0303  0.0303  0.0293  0.0293
  0.0327  0.0311  0.0311  0.0293  0.0312  0.0294  0.0304  0.0306  0.0304  0.0296  0.0294  0.0296
  0.0333  0.0300  0.0321  0.0326  0.0339  0.0323  0.0307  0.0315  0.0307  0.0293  0.0296  0.0301
  0.0344  0.0294  0.0334  0.0407  0.0375  0.0394  0.0314  0.0337  0.0312  0.0299  0.0302  0.0308
niter,ni,del,rscale     7    3    5.0000    1.2000
parameter  2 -1.424201 -> -0.500000 qaram    1.5209
parameter 12  0.511102 ->  0.500000 qaram    1.1500
parameters
   -3.8629   -1.6945    8.9227   -8.5817  -15.5517   -6.2588
    5.1473   -1.2324   -3.1640   18.7252    2.0543  -16.3656
eta,q 0.97361 19.12967
  0.0310  0.0364  0.0274  0.0315  0.0280  0.0293  0.0280  0.0309  0.0280  0.0308  0.0271  0.0265
  0.0300  0.0338  0.0266  0.0300  0.0269  0.0285  0.0273  0.0280  0.0273  0.0291  0.0267  0.0264
  0.0294  0.0313  0.0264  0.0282  0.0262  0.0275  0.0269  0.0270  0.0268  0.0277  0.0265  0.0264
  0.0292  0.0292  0.0265  0.0264  0.0261  0.0261  0.0267  0.0267  0.0267  0.0267  0.0265  0.0265
  0.0293  0.0275  0.0270  0.0252  0.0269  0.0254  0.0268  0.0269  0.0268  0.0263  0.0266  0.0267
  0.0299  0.0263  0.0278  0.0267  0.0292  0.0283  0.0273  0.0278  0.0272  0.0272  0.0268  0.0270
  0.0309  0.0258  0.0291  0.0328  0.0328  0.0350  0.0282  0.0303  0.0280  0.0301  0.0273  0.0275
niter,ni,del,rscale     7    3    5.0000    1.2000
parameter  2 -0.621476 -> -0.500000 qaram    1.7490
parameter 12  0.581326 ->  0.500000 qaram    1.3225
parameters
   -3.7071    0.4043    8.6540   -8.3125  -16.5513   -5.6936
    4.7737   -0.8929   -3.4052   19.6110    1.4566  -21.1266
eta,q 0.97592 19.15742
  0.0285  0.0334  0.0259  0.0303  0.0280  0.0284  0.0261  0.0297  0.0261  0.0291  0.0250  0.0242
  0.0274  0.0306  0.0253  0.0287  0.0264  0.0275  0.0252  0.0261  0.0252  0.0271  0.0245  0.0241
  0.0267  0.0282  0.0251  0.0269  0.0253  0.0263  0.0247  0.0248  0.0247  0.0256  0.0243  0.0241
  0.0264  0.0264  0.0250  0.0250  0.0248  0.0249  0.0245  0.0245  0.0245  0.0245  0.0243  0.0243
  0.0265  0.0252  0.0251  0.0238  0.0252  0.0233  0.0247  0.0247  0.0247  0.0242  0.0244  0.0247
  0.0270  0.0250  0.0255  0.0255  0.0271  0.0244  0.0253  0.0258  0.0254  0.0252  0.0247  0.0252
  0.0280  0.0257  0.0263  0.0321  0.0304  0.0293  0.0265  0.0285  0.0264  0.0284  0.0252  0.0258
niter,ni,del,rscale     7    3    5.0000    1.2000
parameters
   -3.6449    0.6458    8.5052   -8.4819  -16.5861   -5.9445
    4.8855   -0.5175   -3.3122   20.8014    1.1962  -22.0159
eta,q 0.97582 19.18089
  0.0264  0.0297  0.0256  0.0295  0.0280  0.0283  0.0261  0.0295  0.0261  0.0288  0.0249  0.0250
  0.0252  0.0270  0.0244  0.0279  0.0262  0.0271  0.0252  0.0259  0.0252  0.0268  0.0244  0.0244
  0.0244  0.0250  0.0241  0.0260  0.0249  0.0257  0.0246  0.0245  0.0246  0.0253  0.0242  0.0242
  0.0241  0.0241  0.0240  0.0240  0.0241  0.0241  0.0243  0.0243  0.0243  0.0243  0.0242  0.0242
  0.0242  0.0244  0.0243  0.0230  0.0242  0.0228  0.0244  0.0246  0.0245  0.0241  0.0243  0.0244
  0.0249  0.0259  0.0248  0.0255  0.0256  0.0253  0.0250  0.0256  0.0251  0.0249  0.0245  0.0248
  0.0263  0.0288  0.0257  0.0330  0.0287  0.0319  0.0261  0.0281  0.0260  0.0275  0.0250  0.0253
niter,ni,del,rscale     6    3    5.0000    1.2000
parameters
   -3.6237    0.7001    8.3757   -8.4795  -16.6249   -6.1076
    4.8600   -0.4113   -3.3029   20.8946    1.1919  -22.2132
eta,q 0.97571 19.17768
  0.0264  0.0294  0.0257  0.0296  0.0279  0.0285  0.0260  0.0292  0.0260  0.0281  0.0250  0.0253
  0.0252  0.0267  0.0246  0.0280  0.0262  0.0273  0.0251  0.0257  0.0250  0.0263  0.0245  0.0246
  0.0244  0.0249  0.0242  0.0261  0.0249  0.0259  0.0245  0.0244  0.0245  0.0249  0.0243  0.0243
  0.0242  0.0242  0.0242  0.0242  0.0242  0.0242  0.0243  0.0243  0.0243  0.0243  0.0243  0.0243
  0.0244  0.0247  0.0244  0.0230  0.0242  0.0227  0.0244  0.0246  0.0245  0.0243  0.0244  0.0244
  0.0250  0.0264  0.0249  0.0253  0.0256  0.0252  0.0250  0.0258  0.0250  0.0254  0.0246  0.0248
  0.0263  0.0293  0.0258  0.0325  0.0287  0.0318  0.0261  0.0286  0.0260  0.0286  0.0250  0.0253
niter,ni,del,rscale     5    3    5.0000    1.2000
parameters
   -3.6127    0.7237    8.3473   -8.4502  -16.6365   -6.1249
    4.8589   -0.4052   -3.3011   20.9423    1.1819  -22.2678
eta,q 0.97572 19.17967
  0.0264  0.0294  0.0258  0.0297  0.0281  0.0286  0.0260  0.0291  0.0259  0.0280  0.0250  0.0253
  0.0252  0.0267  0.0247  0.0281  0.0263  0.0274  0.0251  0.0256  0.0250  0.0262  0.0245  0.0246
  0.0245  0.0250  0.0243  0.0262  0.0250  0.0259  0.0245  0.0244  0.0245  0.0249  0.0243  0.0243
  0.0243  0.0243  0.0243  0.0243  0.0243  0.0243  0.0243  0.0243  0.0243  0.0243  0.0243  0.0243
  0.0245  0.0248  0.0244  0.0231  0.0243  0.0227  0.0244  0.0247  0.0245  0.0243  0.0243  0.0244
  0.0252  0.0265  0.0249  0.0254  0.0257  0.0249  0.0250  0.0259  0.0250  0.0254  0.0246  0.0247
  0.0265  0.0294  0.0257  0.0324  0.0288  0.0314  0.0261  0.0288  0.0260  0.0286  0.0250  0.0253
registration optimization eta report
parameter search radius
    2.4000    4.1976    3.1740    8.2800    9.5220    7.2000
    7.2000    7.2000    7.2000    9.5220    7.2000    9.5220
100000*second partial in parameter space
       38.       29.       15.       10.        5.       12.
        3.        9.        3.        5.        1.        1.
  0.0264  0.0294  0.0258  0.0297  0.0281  0.0286  0.0260  0.0291  0.0259  0.0280  0.0250  0.0253
  0.0252  0.0267  0.0247  0.0281  0.0263  0.0274  0.0251  0.0256  0.0250  0.0262  0.0245  0.0246
  0.0245  0.0250  0.0243  0.0262  0.0250  0.0259  0.0245  0.0244  0.0245  0.0249  0.0243  0.0243
  0.0243  0.0243  0.0243  0.0243  0.0243  0.0243  0.0243  0.0243  0.0243  0.0243  0.0243  0.0243
  0.0245  0.0248  0.0244  0.0231  0.0243  0.0227  0.0244  0.0247  0.0245  0.0243  0.0243  0.0244
  0.0252  0.0265  0.0249  0.0254  0.0257  0.0249  0.0250  0.0259  0.0250  0.0254  0.0246  0.0247
  0.0265  0.0294  0.0257  0.0324  0.0288  0.0314  0.0261  0.0288  0.0260  0.0286  0.0250  0.0253
   -3.6127    0.7237    8.3473   -8.4502  -16.6365   -6.1249
    4.8589   -0.4052   -3.3011   20.9423    1.1819  -22.2678
eta,q 0.97572 19.17967

---------------------------------------------------------------------
imgreg_4dfp /opt/freesurfer/average/711-2C_as_mni_average_305 /opt/freesurfer/average/711-2B_as_mni_average_305_mask talsrcimg_g11 none talsrcimg_to_711-2C_as_mni_average_305_t4 2311
---------------------------------------------------------------------

freesurfer imgreg_4dfp.c
/opt/freesurfer/average/711-2C_as_mni_average_305.4dfp.img
       256       256       256         1
  1.000000  1.000000  1.000000
orientation T byte_order littleendian
Reading image: /opt/freesurfer/average/711-2C_as_mni_average_305.4dfp.img
dimensions:      256       256       256
mmppix:       1.0000   -1.0000   -1.0000
center:     128.0000 -129.0000 -129.0000
/opt/freesurfer/average/711-2B_as_mni_average_305_mask.4dfp.img
       256       256       256         1
  1.000000  1.000000  1.000000
orientation T byte_order littleendian
Reading mask: /opt/freesurfer/average/711-2B_as_mni_average_305_mask.4dfp.img (2306576 pixels)
talsrcimg_g11.4dfp.img
       320       320       320         1
  0.800000  0.800000  0.800000
orientation T byte_order littleendian
Reading image: talsrcimg_g11.4dfp.img
dimensions:      320       320       320
mmppix:       0.8000   -0.8000   -0.8000
center:     128.0000 -128.8000 -128.8000
fimgreg.f
image alignment mode   2311 decimal      907 hex
parameters
   -3.6127    0.7237    8.3473   -8.4502  -16.6365   -6.1249
    4.8589   -0.4052   -3.3011   20.9423    1.1819  -22.2678
eta,q 0.97572 19.17968
niter,ni,del,rscale     5    3    5.0000    0.8000
parameter  4 -0.538882 -> -0.500000 qaram    1.1500
parameters
   -3.5794    0.7876    8.1209   -5.6902  -16.4678   -5.7252
    4.4135   -0.2844   -2.9674   21.5628    0.9371  -21.8611
eta,q 0.97719 19.29142
  0.0252  0.0251  0.0245  0.0277  0.0244  0.0263  0.0240  0.0275  0.0241  0.0242  0.0238  0.0232
  0.0247  0.0247  0.0243  0.0266  0.0238  0.0253  0.0233  0.0248  0.0234  0.0236  0.0232  0.0230
  0.0244  0.0244  0.0243  0.0254  0.0234  0.0243  0.0230  0.0233  0.0230  0.0231  0.0229  0.0229
  0.0243  0.0243  0.0243  0.0243  0.0231  0.0231  0.0229  0.0229  0.0229  0.0229  0.0228  0.0228
  0.0244  0.0243  0.0243  0.0234  0.0232  0.0222  0.0231  0.0233  0.0229  0.0228  0.0230  0.0228
  0.0246  0.0246  0.0244  0.0232  0.0235  0.0232  0.0237  0.0247  0.0232  0.0231  0.0234  0.0229
  0.0252  0.0250  0.0246  0.0244  0.0244  0.0266  0.0246  0.0268  0.0238  0.0237  0.0240  0.0231
niter,ni,del,rscale     5    3    5.0000    0.8000
parameters
   -3.7004    0.6747    8.2642   -6.8755  -15.9144   -5.2590
    4.5920   -0.4024   -3.0556   21.3320    0.9230  -22.1235
eta,q 0.97738 19.32120
  0.0246  0.0236  0.0237  0.0259  0.0243  0.0264  0.0239  0.0262  0.0235  0.0238  0.0235  0.0229
  0.0235  0.0231  0.0231  0.0246  0.0237  0.0254  0.0232  0.0239  0.0230  0.0232  0.0230  0.0227
  0.0229  0.0229  0.0229  0.0233  0.0233  0.0242  0.0228  0.0228  0.0227  0.0228  0.0227  0.0226
  0.0228  0.0228  0.0228  0.0228  0.0230  0.0230  0.0226  0.0226  0.0226  0.0226  0.0226  0.0226
  0.0231  0.0229  0.0229  0.0239  0.0230  0.0221  0.0227  0.0231  0.0227  0.0227  0.0227  0.0227
  0.0240  0.0233  0.0230  0.0271  0.0233  0.0232  0.0230  0.0244  0.0231  0.0232  0.0230  0.0228
  0.0252  0.0238  0.0233  0.0326  0.0239  0.0264  0.0237  0.0264  0.0236  0.0242  0.0235  0.0230
niter,ni,del,rscale     4    3    5.0000    0.7000
parameters
   -3.6866    0.6803    8.1770   -7.0382  -15.7982   -5.0346
    4.6233   -0.3857   -3.0730   21.3645    0.9292  -22.2494
eta,q 0.97750 19.33188
  0.0239  0.0233  0.0231  0.0259  0.0236  0.0258  0.0234  0.0255  0.0232  0.0236  0.0232  0.0228
  0.0232  0.0229  0.0228  0.0247  0.0231  0.0248  0.0229  0.0237  0.0228  0.0230  0.0228  0.0226
  0.0228  0.0227  0.0226  0.0235  0.0228  0.0238  0.0226  0.0227  0.0226  0.0227  0.0226  0.0225
  0.0226  0.0226  0.0226  0.0226  0.0227  0.0227  0.0225  0.0225  0.0225  0.0225  0.0225  0.0225
  0.0227  0.0227  0.0227  0.0226  0.0227  0.0221  0.0226  0.0229  0.0226  0.0225  0.0226  0.0225
  0.0232  0.0229  0.0229  0.0241  0.0230  0.0234  0.0229  0.0238  0.0228  0.0229  0.0228  0.0226
  0.0239  0.0233  0.0232  0.0274  0.0236  0.0262  0.0234  0.0253  0.0232  0.0236  0.0232  0.0228
niter,ni,del,rscale     3    3    5.0000    0.6000
parameters
   -3.6843    0.6917    8.1988   -6.8594  -15.8230   -4.8311
    4.6059   -0.3839   -3.0356   21.3159    0.9206  -22.1913
eta,q 0.97768 19.33438
  0.0234  0.0230  0.0230  0.0253  0.0231  0.0252  0.0230  0.0247  0.0229  0.0231  0.0229  0.0226
  0.0229  0.0227  0.0227  0.0243  0.0228  0.0243  0.0226  0.0233  0.0226  0.0227  0.0226  0.0224
  0.0226  0.0226  0.0225  0.0233  0.0225  0.0234  0.0224  0.0225  0.0224  0.0224  0.0224  0.0223
  0.0225  0.0225  0.0225  0.0225  0.0224  0.0224  0.0223  0.0223  0.0223  0.0223  0.0223  0.0223
  0.0226  0.0226  0.0226  0.0224  0.0225  0.0221  0.0224  0.0226  0.0224  0.0224  0.0224  0.0223
  0.0229  0.0227  0.0227  0.0233  0.0227  0.0231  0.0226  0.0234  0.0226  0.0227  0.0226  0.0224
  0.0235  0.0230  0.0229  0.0255  0.0232  0.0254  0.0230  0.0246  0.0229  0.0232  0.0229  0.0225
niter,ni,del,rscale     2    3    5.0000    0.5000
parameters
   -3.6969    0.6895    8.2678   -6.6676  -15.8535   -4.5959
    4.5814   -0.3979   -2.9880   21.1930    0.8975  -22.0180
eta,q 0.97785 19.33317
  0.0230  0.0227  0.0228  0.0245  0.0227  0.0245  0.0226  0.0239  0.0226  0.0227  0.0226  0.0223
  0.0226  0.0225  0.0225  0.0236  0.0225  0.0238  0.0224  0.0229  0.0223  0.0224  0.0223  0.0222
  0.0224  0.0224  0.0224  0.0229  0.0223  0.0230  0.0222  0.0223  0.0222  0.0222  0.0222  0.0222
  0.0223  0.0223  0.0223  0.0223  0.0223  0.0223  0.0222  0.0222  0.0222  0.0222  0.0222  0.0222
  0.0224  0.0224  0.0224  0.0223  0.0223  0.0220  0.0222  0.0224  0.0222  0.0222  0.0222  0.0222
  0.0226  0.0225  0.0225  0.0229  0.0225  0.0227  0.0224  0.0230  0.0223  0.0224  0.0224  0.0222
  0.0231  0.0227  0.0226  0.0244  0.0228  0.0244  0.0227  0.0239  0.0225  0.0229  0.0226  0.0223
niter,ni,del,rscale     1    3    5.0000    0.4000
parameters
   -3.7143    0.6866    8.3607   -6.5128  -15.8994   -4.3404
    4.5547   -0.4141   -2.9414   21.0091    0.8769  -21.8509
eta,q 0.97797 19.32806
  0.0226  0.0224  0.0225  0.0237  0.0224  0.0239  0.0223  0.0233  0.0223  0.0224  0.0224  0.0222
  0.0224  0.0223  0.0223  0.0231  0.0223  0.0232  0.0222  0.0225  0.0221  0.0222  0.0222  0.0221
  0.0222  0.0222  0.0222  0.0225  0.0222  0.0226  0.0221  0.0221  0.0221  0.0221  0.0221  0.0220
  0.0222  0.0222  0.0222  0.0222  0.0221  0.0221  0.0220  0.0220  0.0220  0.0220  0.0220  0.0220
  0.0222  0.0222  0.0222  0.0221  0.0222  0.0220  0.0221  0.0222  0.0220  0.0221  0.0221  0.0220
  0.0224  0.0223  0.0222  0.0226  0.0223  0.0224  0.0222  0.0226  0.0221  0.0222  0.0222  0.0221
  0.0227  0.0224  0.0224  0.0236  0.0225  0.0236  0.0224  0.0233  0.0223  0.0225  0.0224  0.0221
registration optimization eta report
parameter search radius
    0.8000    0.8000    0.8000    2.7600    2.4000    2.4000
    2.4000    2.4000    2.4000    2.4000    2.4000    2.4000
100000*second partial in parameter space
       77.       38.       44.       20.        6.       28.
        6.       21.        5.        8.        6.        2.
  0.0226  0.0224  0.0225  0.0237  0.0224  0.0239  0.0223  0.0233  0.0223  0.0224  0.0224  0.0222
  0.0224  0.0223  0.0223  0.0231  0.0223  0.0232  0.0222  0.0225  0.0221  0.0222  0.0222  0.0221
  0.0222  0.0222  0.0222  0.0225  0.0222  0.0226  0.0221  0.0221  0.0221  0.0221  0.0221  0.0220
  0.0222  0.0222  0.0222  0.0222  0.0221  0.0221  0.0220  0.0220  0.0220  0.0220  0.0220  0.0220
  0.0222  0.0222  0.0222  0.0221  0.0222  0.0220  0.0221  0.0222  0.0220  0.0221  0.0221  0.0220
  0.0224  0.0223  0.0222  0.0226  0.0223  0.0224  0.0222  0.0226  0.0221  0.0222  0.0222  0.0221
  0.0227  0.0224  0.0224  0.0236  0.0225  0.0236  0.0224  0.0233  0.0223  0.0225  0.0224  0.0221
   -3.7143    0.6866    8.3607   -6.5128  -15.8994   -4.3404
    4.5547   -0.4141   -2.9414   21.0091    0.8769  -21.8509
eta,q 0.97797 19.32806

---------------------------------------------------------------------
imgreg_4dfp /opt/freesurfer/average/711-2C_as_mni_average_305 /opt/freesurfer/average/711-2B_as_mni_average_305_mask talsrcimg_g11 none talsrcimg_to_711-2C_as_mni_average_305_t4 2311
---------------------------------------------------------------------

freesurfer imgreg_4dfp.c
/opt/freesurfer/average/711-2C_as_mni_average_305.4dfp.img
       256       256       256         1
  1.000000  1.000000  1.000000
orientation T byte_order littleendian
Reading image: /opt/freesurfer/average/711-2C_as_mni_average_305.4dfp.img
dimensions:      256       256       256
mmppix:       1.0000   -1.0000   -1.0000
center:     128.0000 -129.0000 -129.0000
/opt/freesurfer/average/711-2B_as_mni_average_305_mask.4dfp.img
       256       256       256         1
  1.000000  1.000000  1.000000
orientation T byte_order littleendian
Reading mask: /opt/freesurfer/average/711-2B_as_mni_average_305_mask.4dfp.img (2306576 pixels)
talsrcimg_g11.4dfp.img
       320       320       320         1
  0.800000  0.800000  0.800000
orientation T byte_order littleendian
Reading image: talsrcimg_g11.4dfp.img
dimensions:      320       320       320
mmppix:       0.8000   -0.8000   -0.8000
center:     128.0000 -128.8000 -128.8000
fimgreg.f
image alignment mode   2311 decimal      907 hex
parameters
   -3.7143    0.6866    8.3607   -6.5128  -15.8994   -4.3404
    4.5547   -0.4141   -2.9414   21.0091    0.8769  -21.8509
eta,q 0.97797 19.32805
niter,ni,del,rscale     5    3    5.0000    0.8000
parameters
   -3.7509    0.6670    8.5725   -7.1266  -16.1426   -4.8843
    4.6392   -0.4822   -3.0946   21.2195    0.8852  -22.0474
eta,q 0.97748 19.30458
  0.0240  0.0230  0.0237  0.0250  0.0233  0.0256  0.0236  0.0260  0.0234  0.0240  0.0234  0.0228
  0.0229  0.0225  0.0228  0.0238  0.0227  0.0245  0.0231  0.0238  0.0229  0.0233  0.0229  0.0226
  0.0222  0.0221  0.0222  0.0227  0.0224  0.0234  0.0227  0.0227  0.0226  0.0228  0.0226  0.0225
  0.0220  0.0220  0.0220  0.0220  0.0222  0.0222  0.0225  0.0225  0.0225  0.0225  0.0225  0.0225
  0.0223  0.0221  0.0221  0.0224  0.0223  0.0224  0.0226  0.0230  0.0227  0.0226  0.0226  0.0226
  0.0230  0.0225  0.0224  0.0245  0.0227  0.0250  0.0230  0.0241  0.0230  0.0229  0.0229  0.0227
  0.0242  0.0231  0.0229  0.0283  0.0237  0.0293  0.0236  0.0260  0.0235  0.0239  0.0233  0.0229
niter,ni,del,rscale     4    3    5.0000    0.7000
parameters
   -3.6900    0.6729    8.2924   -6.8542  -15.9474   -4.9965
    4.5967   -0.3834   -3.0513   21.3414    0.8790  -22.1382
eta,q 0.97756 19.32489
  0.0238  0.0232  0.0229  0.0253  0.0233  0.0255  0.0233  0.0256  0.0232  0.0235  0.0232  0.0227
  0.0231  0.0228  0.0226  0.0243  0.0229  0.0245  0.0228  0.0237  0.0228  0.0230  0.0227  0.0225
  0.0227  0.0226  0.0225  0.0233  0.0225  0.0234  0.0225  0.0227  0.0225  0.0226  0.0225  0.0225
  0.0225  0.0225  0.0225  0.0225  0.0224  0.0224  0.0224  0.0224  0.0224  0.0224  0.0224  0.0224
  0.0226  0.0226  0.0227  0.0223  0.0224  0.0221  0.0225  0.0228  0.0225  0.0225  0.0225  0.0225
  0.0230  0.0228  0.0230  0.0231  0.0227  0.0238  0.0228  0.0237  0.0228  0.0228  0.0228  0.0226
  0.0236  0.0232  0.0233  0.0253  0.0232  0.0270  0.0234  0.0252  0.0232  0.0235  0.0232  0.0227
niter,ni,del,rscale     3    3    5.0000    0.6000
parameters
   -3.6930    0.6818    8.2431   -6.6563  -15.9057   -4.8520
    4.5710   -0.3743   -2.9956   21.2936    0.8703  -22.0574
eta,q 0.97771 19.33048
  0.0234  0.0230  0.0229  0.0247  0.0230  0.0251  0.0230  0.0248  0.0229  0.0231  0.0229  0.0225
  0.0229  0.0227  0.0226  0.0238  0.0227  0.0242  0.0226  0.0233  0.0225  0.0227  0.0225  0.0224
  0.0225  0.0225  0.0224  0.0230  0.0225  0.0233  0.0224  0.0225  0.0223  0.0224  0.0223  0.0223
  0.0224  0.0224  0.0224  0.0224  0.0224  0.0224  0.0223  0.0223  0.0223  0.0223  0.0223  0.0223
  0.0225  0.0225  0.0225  0.0223  0.0224  0.0221  0.0224  0.0226  0.0223  0.0223  0.0224  0.0223
  0.0229  0.0227  0.0227  0.0230  0.0226  0.0231  0.0226  0.0234  0.0225  0.0226  0.0226  0.0224
  0.0234  0.0229  0.0229  0.0247  0.0231  0.0255  0.0230  0.0246  0.0228  0.0232  0.0229  0.0225
niter,ni,del,rscale     2    3    5.0000    0.5000
parameters
   -3.7037    0.6807    8.2888   -6.5109  -15.9071   -4.6164
    4.5510   -0.3855   -2.9605   21.1670    0.8597  -21.9585
eta,q 0.97786 19.33043
  0.0230  0.0227  0.0227  0.0240  0.0227  0.0245  0.0226  0.0240  0.0226  0.0227  0.0226  0.0223
  0.0226  0.0224  0.0225  0.0233  0.0225  0.0237  0.0224  0.0229  0.0223  0.0224  0.0223  0.0222
  0.0224  0.0223  0.0223  0.0227  0.0223  0.0230  0.0222  0.0223  0.0222  0.0222  0.0222  0.0222
  0.0223  0.0223  0.0223  0.0223  0.0223  0.0223  0.0221  0.0221  0.0221  0.0221  0.0221  0.0221
  0.0224  0.0223  0.0223  0.0223  0.0223  0.0220  0.0222  0.0224  0.0222  0.0222  0.0222  0.0222
  0.0226  0.0224  0.0224  0.0228  0.0225  0.0227  0.0224  0.0230  0.0223  0.0224  0.0224  0.0222
  0.0230  0.0227  0.0226  0.0240  0.0228  0.0244  0.0227  0.0239  0.0225  0.0228  0.0226  0.0223
niter,ni,del,rscale     1    3    5.0000    0.4000
parameters
   -3.7179    0.6740    8.3728   -6.4109  -15.9374   -4.3512
    4.5359   -0.4068   -2.9173   20.9960    0.8574  -21.8040
eta,q 0.97798 19.32606
  0.0226  0.0224  0.0225  0.0234  0.0224  0.0238  0.0223  0.0233  0.0223  0.0224  0.0224  0.0222
  0.0224  0.0222  0.0223  0.0228  0.0223  0.0232  0.0222  0.0225  0.0221  0.0222  0.0222  0.0221
  0.0222  0.0222  0.0222  0.0224  0.0222  0.0226  0.0221  0.0221  0.0221  0.0221  0.0220  0.0220
  0.0221  0.0221  0.0221  0.0221  0.0221  0.0221  0.0220  0.0220  0.0220  0.0220  0.0220  0.0220
  0.0222  0.0222  0.0222  0.0222  0.0221  0.0220  0.0221  0.0222  0.0220  0.0221  0.0221  0.0220
  0.0224  0.0223  0.0222  0.0225  0.0223  0.0224  0.0222  0.0226  0.0221  0.0222  0.0222  0.0221
  0.0227  0.0224  0.0224  0.0233  0.0225  0.0235  0.0224  0.0233  0.0223  0.0225  0.0223  0.0221
registration optimization eta report
parameter search radius
    0.8000    0.8000    0.8000    2.4000    2.4000    2.4000
    2.4000    2.4000    2.4000    2.4000    2.4000    2.4000
100000*second partial in parameter space
       79.       38.       44.       21.        5.       27.
        6.       22.        5.        8.        6.        2.
  0.0226  0.0224  0.0225  0.0234  0.0224  0.0238  0.0223  0.0233  0.0223  0.0224  0.0224  0.0222
  0.0224  0.0222  0.0223  0.0228  0.0223  0.0232  0.0222  0.0225  0.0221  0.0222  0.0222  0.0221
  0.0222  0.0222  0.0222  0.0224  0.0222  0.0226  0.0221  0.0221  0.0221  0.0221  0.0220  0.0220
  0.0221  0.0221  0.0221  0.0221  0.0221  0.0221  0.0220  0.0220  0.0220  0.0220  0.0220  0.0220
  0.0222  0.0222  0.0222  0.0222  0.0221  0.0220  0.0221  0.0222  0.0220  0.0221  0.0221  0.0220
  0.0224  0.0223  0.0222  0.0225  0.0223  0.0224  0.0222  0.0226  0.0221  0.0222  0.0222  0.0221
  0.0227  0.0224  0.0224  0.0233  0.0225  0.0235  0.0224  0.0233  0.0223  0.0225  0.0223  0.0221
   -3.7179    0.6740    8.3728   -6.4109  -15.9374   -4.3512
    4.5359   -0.4068   -2.9173   20.9960    0.8574  -21.8040
eta,q 0.97798 19.32606

---------------------------------------------------------------------
compute_vox2vox talsrcimg talsrcimg_to_711-2C_as_mni_average_305_t4 /opt/freesurfer/average/711-2C_as_mni_average_305
---------------------------------------------------------------------

freesurfer compute_vox2vox.c
Reading: talsrcimg.4dfp.ifh
Reading: talsrcimg_to_711-2C_as_mni_average_305_t4
Reading: /opt/freesurfer/average/711-2C_as_mni_average_305.4dfp.ifh
Writing: talsrcimg_to_711-2C_as_mni_average_305_t4_vox2vox.txt

start time Tue Mar 10 22:00:56 CET 2026
end		time Tue Mar 10 22:02:19 CET 2026

mpr2mni305 success

avi2talxfm orig_nu.mgz /opt/freesurfer/average/mni305.cor.mgz talsrcimg_to_711-2C_as_mni_average_305_t4_vox2vox.txt transforms/talairach.auto.xfm
avi2talxfm done
mv -f /out/sourcedata/freesurfer/sub-v2s11x28729_ses-1/mri/talsrcimg_to_711-2C_as_mni_average_305_t4_vox2vox.txt /out/sourcedata/freesurfer/sub-v2s11x28729_ses-1/mri/transforms/talsrcimg_to_711-2C_as_mni_average_305_t4_vox2vox.txt
lta_convert --src orig_nu.mgz --trg /opt/freesurfer/average/mni305.cor.mgz --inxfm transforms/talairach.auto.xfm --outlta transforms/talairach.auto.xfm.lta --subject fsaverage
7.3.2

--src: orig_nu.mgz src image (geometry).
--trg: /opt/freesurfer/average/mni305.cor.mgz trg image (geometry).
--inmni: transforms/talairach.auto.xfm input MNI/XFM transform.
--outlta: transforms/talairach.auto.xfm.lta output LTA.
--s: fsaverage subject name
 LTA read, type : 1
 1.06669   0.01625  -0.05334  -2.05563;
-0.00106   0.98915   0.25662   3.23675;
 0.03728  -0.24649   1.12364   11.60185;
 0.00000   0.00000   0.00000   1.00000;
setting subject to fsaverage
Writing  LTA to file transforms/talairach.auto.xfm.lta...
lta_convert successful.
 
 
Started at Tue Mar 10 22:00:55 CET 2026
Ended   at Tue Mar 10 22:02:19 CET 2026
talairach_avi done
