status file for recon-all
Tue Mar 10 20:55:27 CET 2026
#@# MotionCor Tue Mar 10 20:55:32 CET 2026
#@# Talairach Tue Mar 10 20:55:41 CET 2026
#@# Talairach Failure Detection Tue Mar 10 21:02:50 CET 2026
#@# Talairach Tue Mar 10 21:02:50 CET 2026
#@# Talairach Failure Detection Tue Mar 10 21:10:01 CET 2026
#@# Talairach Tue Mar 10 21:10:01 CET 2026
#@# Talairach Failure Detection Tue Mar 10 21:15:49 CET 2026
#@# Nu Intensity Correction Tue Mar 10 21:15:49 CET 2026
#@# Intensity Normalization Tue Mar 10 21:22:06 CET 2026
recon-all -s sub-v2s11x28715_ses-1 finished without error at Tue Mar 10 21:27:23 CET 2026



#New# invocation of recon-all 



status file for recon-all
Tue Mar 10 21:34:59 CET 2026
#@# EM Registration Tue Mar 10 21:34:59 CET 2026
recon-all -s sub-v2s11x28715_ses-1 finished without error at Tue Mar 10 21:37:05 CET 2026



#New# invocation of recon-all 



status file for recon-all
Tue Mar 10 21:37:07 CET 2026
#@# CA Normalize Tue Mar 10 21:37:07 CET 2026
#@# CA Reg Tue Mar 10 21:38:56 CET 2026
#@# SubCort Seg Tue Mar 10 22:28:50 CET 2026
#@# CC Seg Tue Mar 10 23:12:01 CET 2026
#@# Merge ASeg Tue Mar 10 23:12:54 CET 2026
#@# Intensity Normalization2 Tue Mar 10 23:12:54 CET 2026
#@# Mask BFS Tue Mar 10 23:18:05 CET 2026
#@# WM Segmentation Tue Mar 10 23:18:06 CET 2026
#@# Fill Tue Mar 10 23:22:33 CET 2026
recon-all -s sub-v2s11x28715_ses-1 finished without error at Tue Mar 10 23:24:11 CET 2026



#New# invocation of recon-all 



status file for recon-all
Wed Mar 11 03:23:22 CET 2026
#@# white curv lh Wed Mar 11 03:23:22 CET 2026
#@# white area lh Wed Mar 11 03:23:22 CET 2026
#@# pial curv lh Wed Mar 11 03:23:22 CET 2026
#@# pial area lh Wed Mar 11 03:23:22 CET 2026
#@# thickness lh Wed Mar 11 03:23:22 CET 2026
#@# area and vertex vol lh Wed Mar 11 03:23:22 CET 2026
#@# white curv rh Wed Mar 11 03:23:22 CET 2026
#@# white area rh Wed Mar 11 03:23:22 CET 2026
#@# pial curv rh Wed Mar 11 03:23:22 CET 2026
#@# pial area rh Wed Mar 11 03:23:22 CET 2026
#@# thickness rh Wed Mar 11 03:23:22 CET 2026
#@# area and vertex vol rh Wed Mar 11 03:23:22 CET 2026
#@# Cortical ribbon mask Wed Mar 11 03:23:22 CET 2026
recon-all -s sub-v2s11x28715_ses-1 finished without error at Wed Mar 11 03:25:16 CET 2026



#New# invocation of recon-all 



status file for recon-all
Wed Mar 11 03:29:24 CET 2026
#@# white curv lh Wed Mar 11 03:29:24 CET 2026
#@# white area lh Wed Mar 11 03:29:24 CET 2026
#@# pial curv lh Wed Mar 11 03:29:24 CET 2026
#@# pial area lh Wed Mar 11 03:29:24 CET 2026
#@# thickness lh Wed Mar 11 03:29:24 CET 2026
#@# area and vertex vol lh Wed Mar 11 03:29:24 CET 2026
#@# white curv rh Wed Mar 11 03:29:24 CET 2026
#@# white area rh Wed Mar 11 03:29:24 CET 2026
#@# pial curv rh Wed Mar 11 03:29:24 CET 2026
#@# pial area rh Wed Mar 11 03:29:24 CET 2026
#@# thickness rh Wed Mar 11 03:29:24 CET 2026
#@# area and vertex vol rh Wed Mar 11 03:29:24 CET 2026
#@# Curvature Stats lh Wed Mar 11 03:29:24 CET 2026
#@# Curvature Stats rh Wed Mar 11 03:29:25 CET 2026
#@# Relabel Hypointensities Wed Mar 11 03:29:27 CET 2026
#@# APas-to-ASeg Wed Mar 11 03:29:44 CET 2026
#@# AParc-to-ASeg aparc Wed Mar 11 03:29:54 CET 2026
#@# AParc-to-ASeg aparc.a2009s Wed Mar 11 03:30:07 CET 2026
#@# AParc-to-ASeg aparc.DKTatlas Wed Mar 11 03:30:20 CET 2026
#@# WMParc Wed Mar 11 03:30:32 CET 2026
#@# ASeg Stats Wed Mar 11 03:36:42 CET 2026
recon-all -s sub-v2s11x28715_ses-1 finished without error at Wed Mar 11 03:37:43 CET 2026
