status file for recon-all
Wed Mar 11 02:30:24 CET 2026
#@# Tessellate rh Wed Mar 11 02:30:24 CET 2026
#@# Smooth1 rh Wed Mar 11 02:30:31 CET 2026
#@# Inflation1 rh Wed Mar 11 02:30:33 CET 2026
#@# QSphere rh Wed Mar 11 02:31:33 CET 2026
#@# Fix Topology rh Wed Mar 11 02:32:42 CET 2026
#@# Smooth2 rh Wed Mar 11 03:01:40 CET 2026
#@# Inflation2 rh Wed Mar 11 03:01:42 CET 2026
#@# Curv .H and .K rh Wed Mar 11 03:02:26 CET 2026
#@# Sphere rh Wed Mar 11 03:02:52 CET 2026
#@# Surf Reg rh Wed Mar 11 03:09:43 CET 2026
#@# Jacobian white rh Wed Mar 11 03:14:01 CET 2026
#@# AvgCurv rh Wed Mar 11 03:14:02 CET 2026
#@# Cortical Parc rh Wed Mar 11 03:14:03 CET 2026
#@# white curv rh Wed Mar 11 03:22:37 CET 2026
#@# white area rh Wed Mar 11 03:22:38 CET 2026
#@# pial curv rh Wed Mar 11 03:22:38 CET 2026
#@# pial area rh Wed Mar 11 03:22:40 CET 2026
#@# thickness rh Wed Mar 11 03:22:40 CET 2026
#@# area and vertex vol rh Wed Mar 11 03:22:54 CET 2026
#@# Curvature Stats rh Wed Mar 11 03:22:55 CET 2026
#@# Cortical Parc 2 rh Wed Mar 11 03:22:57 CET 2026
#@# Cortical Parc 3 rh Wed Mar 11 03:23:05 CET 2026
#@# WM/GM Contrast rh Wed Mar 11 03:23:13 CET 2026
recon-all -s sub-v2s11x28715_ses-1 finished without error at Wed Mar 11 03:23:15 CET 2026



#New# invocation of recon-all 



status file for recon-all
Wed Mar 11 03:27:14 CET 2026
#@# white curv rh Wed Mar 11 03:27:14 CET 2026
#@# white area rh Wed Mar 11 03:27:14 CET 2026
#@# pial curv rh Wed Mar 11 03:27:14 CET 2026
#@# pial area rh Wed Mar 11 03:27:14 CET 2026
#@# thickness rh Wed Mar 11 03:27:14 CET 2026
#@# area and vertex vol rh Wed Mar 11 03:27:14 CET 2026
#@# Parcellation Stats rh Wed Mar 11 03:27:14 CET 2026
#@# Parcellation Stats 2 rh Wed Mar 11 03:27:22 CET 2026
#@# Parcellation Stats 3 rh Wed Mar 11 03:27:27 CET 2026
#@# BA_exvivo Labels rh Wed Mar 11 03:27:30 CET 2026
recon-all -s sub-v2s11x28715_ses-1 finished without error at Wed Mar 11 03:29:21 CET 2026
