status file for recon-all
Tue Mar 10 18:08:14 CET 2026
#@# Tessellate rh Tue Mar 10 18:08:14 CET 2026
#@# Smooth1 rh Tue Mar 10 18:08:22 CET 2026
#@# Inflation1 rh Tue Mar 10 18:08:27 CET 2026
#@# QSphere rh Tue Mar 10 18:10:44 CET 2026
#@# Fix Topology rh Tue Mar 10 18:12:27 CET 2026
#@# Smooth2 rh Tue Mar 10 18:26:11 CET 2026
#@# Inflation2 rh Tue Mar 10 18:26:16 CET 2026
#@# Curv .H and .K rh Tue Mar 10 18:26:57 CET 2026
#@# Sphere rh Tue Mar 10 18:28:22 CET 2026
#@# Surf Reg rh Tue Mar 10 18:34:19 CET 2026
#@# Jacobian white rh Tue Mar 10 18:42:57 CET 2026
#@# AvgCurv rh Tue Mar 10 18:42:59 CET 2026
#@# Cortical Parc rh Tue Mar 10 18:43:00 CET 2026
#@# white curv rh Tue Mar 10 18:53:05 CET 2026
#@# white area rh Tue Mar 10 18:53:08 CET 2026
#@# pial curv rh Tue Mar 10 18:53:09 CET 2026
#@# pial area rh Tue Mar 10 18:53:12 CET 2026
#@# thickness rh Tue Mar 10 18:53:13 CET 2026
#@# area and vertex vol rh Tue Mar 10 18:54:08 CET 2026
#@# Curvature Stats rh Tue Mar 10 18:54:10 CET 2026
#@# Cortical Parc 2 rh Tue Mar 10 18:54:14 CET 2026
#@# Cortical Parc 3 rh Tue Mar 10 18:54:37 CET 2026
#@# WM/GM Contrast rh Tue Mar 10 18:54:55 CET 2026
recon-all -s sub-v2s11x28690_ses-1 finished without error at Tue Mar 10 18:55:00 CET 2026



#New# invocation of recon-all 



status file for recon-all
Tue Mar 10 19:21:57 CET 2026
#@# white curv rh Tue Mar 10 19:21:57 CET 2026
#@# white area rh Tue Mar 10 19:21:57 CET 2026
#@# pial curv rh Tue Mar 10 19:21:57 CET 2026
#@# pial area rh Tue Mar 10 19:21:57 CET 2026
#@# thickness rh Tue Mar 10 19:21:57 CET 2026
#@# area and vertex vol rh Tue Mar 10 19:21:57 CET 2026
#@# Parcellation Stats rh Tue Mar 10 19:21:57 CET 2026
#@# Parcellation Stats 2 rh Tue Mar 10 19:22:47 CET 2026
#@# Parcellation Stats 3 rh Tue Mar 10 19:23:14 CET 2026
#@# BA_exvivo Labels rh Tue Mar 10 19:23:39 CET 2026
recon-all -s sub-v2s11x28690_ses-1 finished without error at Tue Mar 10 19:27:59 CET 2026
