status file for recon-all
Wed Mar 11 00:41:55 CET 2026
#@# Tessellate lh Wed Mar 11 00:41:55 CET 2026
#@# Smooth1 lh Wed Mar 11 00:42:01 CET 2026
#@# Inflation1 lh Wed Mar 11 00:42:06 CET 2026
#@# QSphere lh Wed Mar 11 00:44:02 CET 2026
#@# Fix Topology lh Wed Mar 11 00:45:35 CET 2026
#@# Smooth2 lh Wed Mar 11 00:54:05 CET 2026
#@# Inflation2 lh Wed Mar 11 00:54:09 CET 2026
#@# Curv .H and .K lh Wed Mar 11 00:54:49 CET 2026
#@# Sphere lh Wed Mar 11 00:55:59 CET 2026
#@# Surf Reg lh Wed Mar 11 01:01:43 CET 2026
#@# Jacobian white lh Wed Mar 11 01:08:34 CET 2026
#@# AvgCurv lh Wed Mar 11 01:08:36 CET 2026
#@# Cortical Parc lh Wed Mar 11 01:08:37 CET 2026
#@# white curv lh Wed Mar 11 01:17:40 CET 2026
#@# white area lh Wed Mar 11 01:17:42 CET 2026
#@# pial curv lh Wed Mar 11 01:17:43 CET 2026
#@# pial area lh Wed Mar 11 01:17:46 CET 2026
#@# thickness lh Wed Mar 11 01:17:47 CET 2026
#@# area and vertex vol lh Wed Mar 11 01:18:32 CET 2026
#@# Curvature Stats lh Wed Mar 11 01:18:34 CET 2026
#@# Cortical Parc 2 lh Wed Mar 11 01:18:38 CET 2026
#@# Cortical Parc 3 lh Wed Mar 11 01:18:58 CET 2026
#@# WM/GM Contrast lh Wed Mar 11 01:19:13 CET 2026
recon-all -s sub-v2s11x28729_ses-1 finished without error at Wed Mar 11 01:19:17 CET 2026



#New# invocation of recon-all 



status file for recon-all
Wed Mar 11 02:12:37 CET 2026
#@# white curv lh Wed Mar 11 02:12:38 CET 2026
#@# white area lh Wed Mar 11 02:12:38 CET 2026
#@# pial curv lh Wed Mar 11 02:12:38 CET 2026
#@# pial area lh Wed Mar 11 02:12:38 CET 2026
#@# thickness lh Wed Mar 11 02:12:38 CET 2026
#@# area and vertex vol lh Wed Mar 11 02:12:38 CET 2026
#@# Parcellation Stats lh Wed Mar 11 02:12:38 CET 2026
#@# Parcellation Stats 2 lh Wed Mar 11 02:13:14 CET 2026
#@# Parcellation Stats 3 lh Wed Mar 11 02:13:32 CET 2026
#@# BA_exvivo Labels lh Wed Mar 11 02:13:50 CET 2026
recon-all -s sub-v2s11x28729_ses-1 finished without error at Wed Mar 11 02:17:36 CET 2026
