status file for recon-all
Tue Mar 10 21:55:02 CET 2026
#@# MotionCor Tue Mar 10 21:55:06 CET 2026
#@# Talairach Tue Mar 10 21:55:16 CET 2026
#@# Talairach Failure Detection Tue Mar 10 22:02:21 CET 2026
#@# Nu Intensity Correction Tue Mar 10 22:02:21 CET 2026
#@# Intensity Normalization Tue Mar 10 22:08:42 CET 2026
recon-all -s sub-v2s11x28729_ses-1 finished without error at Tue Mar 10 22:12:51 CET 2026



#New# invocation of recon-all 



status file for recon-all
Tue Mar 10 22:20:15 CET 2026
#@# EM Registration Tue Mar 10 22:20:15 CET 2026
recon-all -s sub-v2s11x28729_ses-1 finished without error at Tue Mar 10 22:22:29 CET 2026



#New# invocation of recon-all 



status file for recon-all
Tue Mar 10 22:22:31 CET 2026
#@# CA Normalize Tue Mar 10 22:22:31 CET 2026
#@# CA Reg Tue Mar 10 22:24:22 CET 2026
#@# SubCort Seg Tue Mar 10 23:17:26 CET 2026
#@# CC Seg Wed Mar 11 00:30:15 CET 2026
#@# Merge ASeg Wed Mar 11 00:31:07 CET 2026
#@# Intensity Normalization2 Wed Mar 11 00:31:07 CET 2026
#@# Mask BFS Wed Mar 11 00:35:39 CET 2026
#@# WM Segmentation Wed Mar 11 00:35:40 CET 2026
#@# Fill Wed Mar 11 00:40:05 CET 2026
recon-all -s sub-v2s11x28729_ses-1 finished without error at Wed Mar 11 00:41:50 CET 2026



#New# invocation of recon-all 



status file for recon-all
Wed Mar 11 01:58:36 CET 2026
#@# white curv lh Wed Mar 11 01:58:36 CET 2026
#@# white area lh Wed Mar 11 01:58:36 CET 2026
#@# pial curv lh Wed Mar 11 01:58:36 CET 2026
#@# pial area lh Wed Mar 11 01:58:36 CET 2026
#@# thickness lh Wed Mar 11 01:58:36 CET 2026
#@# area and vertex vol lh Wed Mar 11 01:58:36 CET 2026
#@# white curv rh Wed Mar 11 01:58:36 CET 2026
#@# white area rh Wed Mar 11 01:58:36 CET 2026
#@# pial curv rh Wed Mar 11 01:58:36 CET 2026
#@# pial area rh Wed Mar 11 01:58:36 CET 2026
#@# thickness rh Wed Mar 11 01:58:36 CET 2026
#@# area and vertex vol rh Wed Mar 11 01:58:36 CET 2026
#@# Cortical ribbon mask Wed Mar 11 01:58:36 CET 2026
recon-all -s sub-v2s11x28729_ses-1 finished without error at Wed Mar 11 02:12:32 CET 2026



#New# invocation of recon-all 



status file for recon-all
Wed Mar 11 02:22:44 CET 2026
#@# white curv lh Wed Mar 11 02:22:44 CET 2026
#@# white area lh Wed Mar 11 02:22:44 CET 2026
#@# pial curv lh Wed Mar 11 02:22:44 CET 2026
#@# pial area lh Wed Mar 11 02:22:44 CET 2026
#@# thickness lh Wed Mar 11 02:22:44 CET 2026
#@# area and vertex vol lh Wed Mar 11 02:22:44 CET 2026
#@# white curv rh Wed Mar 11 02:22:44 CET 2026
#@# white area rh Wed Mar 11 02:22:44 CET 2026
#@# pial curv rh Wed Mar 11 02:22:44 CET 2026
#@# pial area rh Wed Mar 11 02:22:44 CET 2026
#@# thickness rh Wed Mar 11 02:22:44 CET 2026
#@# area and vertex vol rh Wed Mar 11 02:22:44 CET 2026
#@# Curvature Stats lh Wed Mar 11 02:22:44 CET 2026
#@# Curvature Stats rh Wed Mar 11 02:22:48 CET 2026
#@# Relabel Hypointensities Wed Mar 11 02:22:52 CET 2026
#@# APas-to-ASeg Wed Mar 11 02:23:23 CET 2026
#@# AParc-to-ASeg aparc Wed Mar 11 02:23:35 CET 2026
#@# AParc-to-ASeg aparc.a2009s Wed Mar 11 02:25:08 CET 2026
#@# AParc-to-ASeg aparc.DKTatlas Wed Mar 11 02:26:44 CET 2026
#@# WMParc Wed Mar 11 02:28:16 CET 2026
#@# ASeg Stats Wed Mar 11 02:34:41 CET 2026
recon-all -s sub-v2s11x28729_ses-1 finished without error at Wed Mar 11 02:35:40 CET 2026
