/out/sourcedata/freesurfer/sub-v2s11x28710_ses-1/mri
/opt/freesurfer/bin/talairach_avi
--i orig_nu.mgz --xfm transforms/talairach.auto.xfm
talairach_avi 7.3.2
Linux dna038 5.14.0-427.37.1.el9_4.x86_64 #1 SMP PREEMPT_DYNAMIC Fri Sep 13 12:41:50 EDT 2024 x86_64 x86_64 x86_64 GNU/Linux
Tue Mar 10 20:55:28 CET 2026
mri_convert orig_nu.mgz talsrcimg.img 
reading from orig_nu.mgz...
TR=0.00, TE=0.00, TI=0.00, flip angle=0.00
i_ras = (-1, 0, 0)
j_ras = (0, 0, -1)
k_ras = (0, 1, 0)
writing to talsrcimg.img...
Analyze Output Matrix
-0.80000   0.00000   0.00000   127.87958;
 0.00000   0.00000   0.80000  -130.00864;
 0.00000  -0.80000   0.00000   123.47694;
 0.00000   0.00000   0.00000   1.00000;
--------------------
INFO: set hdr.hist.orient to -1
mpr2mni305 talsrcimg
Tue Mar 10 20:55:28 CET 2026
/opt/freesurfer/bin/mpr2mni305 talsrcimg
mpr2mni305 7.3.2
target=711-2C_as_mni_average_305

---------------------------------------------------------------------
analyzeto4dfp talsrcimg -O0 -y
---------------------------------------------------------------------

freesurfer ifh2hdr.c
Tue Mar 10 20:55:28 2026
Writing: talsrcimg.4dfp.hdr
freesurfer analyzeto4dfp.c
Reading: talsrcimg.hdr
header size 348 bytes
hdr.dime.datatype	offset=70	value=2
hdr.dime.bitpix		offset=72	value=8
hdr.hist.orient		offset=252	value=-1
dimensionality     4
dimensions       320       320       320         1
Reading: talsrcimg.img
Writing: talsrcimg.4dfp.img
Writing: talsrcimg.4dfp.ifh
ifh2hdr talsrcimg -r0to196
ori=2

---------------------------------------------------------------------
gauss_4dfp talsrcimg 1.1
---------------------------------------------------------------------

freesurfer gauss_4dfp.c
Reading: talsrcimg.4dfp.img
Writing: talsrcimg_g11.4dfp.img
image dimensions 320 320 320 padded to 384 384 384
processing volume 1freesurfer ifh2hdr.c
Tue Mar 10 20:55:45 2026
Writing: talsrcimg_g11.4dfp.hdr

Writing: talsrcimg_g11.4dfp.ifh
including: talsrcimg.4dfp.img.rec in talsrcimg_g11.4dfp.img.rec

---------------------------------------------------------------------
imgreg_4dfp /opt/freesurfer/average/711-2C_as_mni_average_305 none talsrcimg_g11 none talsrcimg_to_711-2C_as_mni_average_305_t4 4355
---------------------------------------------------------------------

freesurfer imgreg_4dfp.c
/opt/freesurfer/average/711-2C_as_mni_average_305.4dfp.img
       256       256       256         1
  1.000000  1.000000  1.000000
orientation T byte_order littleendian
Reading image: /opt/freesurfer/average/711-2C_as_mni_average_305.4dfp.img
dimensions:      256       256       256
mmppix:       1.0000   -1.0000   -1.0000
center:     128.0000 -129.0000 -129.0000
talsrcimg_g11.4dfp.img
       320       320       320         1
  0.800000  0.800000  0.800000
orientation T byte_order littleendian
Reading image: talsrcimg_g11.4dfp.img
dimensions:      320       320       320
mmppix:       0.8000   -0.8000   -0.8000
center:     128.0000 -128.8000 -128.8000
t4_read: open error in t4_sub.f l:  41 t4_file(1:l)talsrcimg_to_711-2C_as_mni_average_305_t4 
t4_read: transform initialized to I4
rotation matrix determinant  1.000000
image alignment mode   4355 decimal     1103 hex
   -7.5000  -45.0000  -45.0000 8996.8438   18.2213
    0.0000  -45.0000  -45.0000 9536.9648   18.2928
    7.5000  -45.0000  -45.0000 9177.1914   18.2681
   -7.5000  -37.5000  -45.0000 9449.1426   18.2392
    0.0000  -37.5000  -45.0000 9997.9648   18.3116
    7.5000  -37.5000  -45.0000 9649.9717   18.2828
   -7.5000  -30.0000  -45.000010187.4043   18.3385
    0.0000  -30.0000  -45.000010806.0166   18.4108
    7.5000  -30.0000  -45.000010415.0400   18.3801
   -7.5000  -22.5000  -45.000010931.2490   18.4051
    0.0000  -22.5000  -45.000011588.3701   18.4768
    7.5000  -22.5000  -45.000011171.0518   18.4487
   -7.5000  -15.0000  -45.000011621.5352   18.3816
    0.0000  -15.0000  -45.000012336.1904   18.4531
    7.5000  -15.0000  -45.000011879.0596   18.4296
   -7.5000   -7.5000  -45.000012309.5352   18.2950
    0.0000   -7.5000  -45.000013073.9961   18.3662
    7.5000   -7.5000  -45.000012598.9541   18.3440
   -7.5000    0.0000  -45.000012806.1836   18.2213
    0.0000    0.0000  -45.000013622.0869   18.2928
    7.5000    0.0000  -45.000013112.7471   18.2681
   -7.5000    7.5000  -45.000012180.2744   18.2392
    0.0000    7.5000  -45.000012984.8506   18.3116
    7.5000    7.5000  -45.000012460.7637   18.2828
   -7.5000   15.0000  -45.000011402.0322   18.3385
    0.0000   15.0000  -45.000012180.7979   18.4108
    7.5000   15.0000  -45.000011644.9316   18.3801
   -7.5000   22.5000  -45.000010507.5244   18.4026
    0.0000   22.5000  -45.000011242.6904   18.4743
    7.5000   22.5000  -45.000010720.3281   18.4462
   -7.5000   30.0000  -45.0000 9570.3516   18.1367
    0.0000   30.0000  -45.000010282.4521   18.2072
    7.5000   30.0000  -45.0000 9791.2207   18.1840
   -7.5000   37.5000  -45.0000 9013.7246   18.0512
    0.0000   37.5000  -45.0000 9707.2363   18.1214
    7.5000   37.5000  -45.0000 9235.0811   18.0995
   -7.5000   45.0000  -45.0000 8124.8247   17.5219
    0.0000   45.0000  -45.0000 8737.8984   17.5908
    7.5000   45.0000  -45.0000 8313.6582   17.5670
   -7.5000  -45.0000  -37.5000 9327.3115   17.9330
    0.0000  -45.0000  -37.5000 9855.3291   18.0050
    7.5000  -45.0000  -37.5000 9520.0020   17.9794
   -7.5000  -37.5000  -37.5000 9781.6631   17.9434
    0.0000  -37.5000  -37.500010329.7900   18.0173
    7.5000  -37.5000  -37.500010002.2363   17.9896
   -7.5000  -30.0000  -37.500010530.9658   18.0363
    0.0000  -30.0000  -37.500011144.5986   18.1101
    7.5000  -30.0000  -37.500010792.9941   18.0786
   -7.5000  -22.5000  -37.500011279.8545   18.1044
    0.0000  -22.5000  -37.500011922.9717   18.1763
    7.5000  -22.5000  -37.500011539.0586   18.1433
   -7.5000  -15.0000  -37.500012007.6689   18.0878
    0.0000  -15.0000  -37.500012700.8672   18.1583
    7.5000  -15.0000  -37.500012276.3389   18.1279
   -7.5000   -7.5000  -37.500012736.1367   18.0073
    0.0000   -7.5000  -37.500013491.3896   18.0776
    7.5000   -7.5000  -37.500013038.6963   18.0506
   -7.5000    0.0000  -37.500013231.1289   17.9330
    0.0000    0.0000  -37.500014051.7510   18.0050
    7.5000    0.0000  -37.500013558.2158   17.9794
   -7.5000    7.5000  -37.500012581.8145   17.9434
    0.0000    7.5000  -37.500013408.6240   18.0173
    7.5000    7.5000  -37.500012910.2529   17.9896
   -7.5000   15.0000  -37.500011765.2461   18.0363
    0.0000   15.0000  -37.500012574.4385   18.1101
    7.5000   15.0000  -37.500012080.2188   18.0786
   -7.5000   22.5000  -37.500010844.0127   18.1019
    0.0000   22.5000  -37.500011599.2861   18.1738
    7.5000   22.5000  -37.500011116.1582   18.1408
   -7.5000   30.0000  -37.5000 9882.6846   17.8468
    0.0000   30.0000  -37.500010606.1396   17.9163
    7.5000   30.0000  -37.500010146.1182   17.8863
   -7.5000   37.5000  -37.5000 9299.0127   17.7673
    0.0000   37.5000  -37.5000 9978.4961   17.8367
    7.5000   37.5000  -37.5000 9535.7051   17.8101
   -7.5000   45.0000  -37.5000 8371.1367   17.2448
    0.0000   45.0000  -37.5000 8979.2812   17.3139
    7.5000   45.0000  -37.5000 8578.3447   17.2893
   -7.5000  -45.0000  -30.0000 9974.5430   18.3539
    0.0000  -45.0000  -30.000010519.3223   18.4349
    7.5000  -45.0000  -30.000010191.9980   18.4172
   -7.5000  -37.5000  -30.000010457.9336   18.3621
    0.0000  -37.5000  -30.000011031.0469   18.4465
    7.5000  -37.5000  -30.000010697.3711   18.4302
   -7.5000  -30.0000  -30.000011256.2559   18.4558
    0.0000  -30.0000  -30.000011884.4072   18.5389
    7.5000  -30.0000  -30.000011532.7021   18.5180
   -7.5000  -22.5000  -30.000012054.0400   18.5267
    0.0000  -22.5000  -30.000012707.1904   18.6051
    7.5000  -22.5000  -30.000012318.6699   18.5781
   -7.5000  -15.0000  -30.000012822.1328   18.5121
    0.0000  -15.0000  -30.000013539.6582   18.5876
    7.5000  -15.0000  -30.000013099.6240   18.5602
   -7.5000   -7.5000  -30.000013593.0420   18.4307
    0.0000   -7.5000  -30.000014399.2539   18.5076
    7.5000   -7.5000  -30.000013940.6338   18.4848
   -7.5000    0.0000  -30.000014087.7197   18.3539
    0.0000    0.0000  -30.000014960.0293   18.4349
    7.5000    0.0000  -30.000014474.8828   18.4172
   -7.5000    7.5000  -30.000013384.3506   18.3621
    0.0000    7.5000  -30.000014246.7227   18.4465
    7.5000    7.5000  -30.000013771.0264   18.4302
   -7.5000   15.0000  -30.000012526.4033   18.4558
    0.0000   15.0000  -30.000013367.3379   18.5389
    7.5000   15.0000  -30.000012869.3984   18.5180
   -7.5000   22.5000  -30.000011552.1465   18.5222
    0.0000   22.5000  -30.000012323.4629   18.6006
    7.5000   22.5000  -30.000011859.8555   18.5736
   -7.5000   30.0000  -30.000010536.2432   18.2671
    0.0000   30.0000  -30.000011264.4346   18.3417
    7.5000   30.0000  -30.000010829.1016   18.3146
   -7.5000   37.5000  -30.0000 9907.7041   18.1868
    0.0000   37.5000  -30.000010584.2061   18.2627
    7.5000   37.5000  -30.000010158.9043   18.2402
   -7.5000   45.0000  -30.0000 8908.3418   17.6625
    0.0000   45.0000  -30.0000 9527.2773   17.7404
    7.5000   45.0000  -30.0000 9132.5957   17.7234
   -7.5000  -45.0000  -22.500010648.9512   18.7068
    0.0000  -45.0000  -22.500011223.1182   18.7946
    7.5000  -45.0000  -22.500010884.3643   18.7856
   -7.5000  -37.5000  -22.500011160.0967   18.7182
    0.0000  -37.5000  -22.500011763.4863   18.8097
    7.5000  -37.5000  -22.500011400.0537   18.8031
   -7.5000  -30.0000  -22.500012015.9121   18.8176
    0.0000  -30.0000  -22.500012669.6953   18.9075
    7.5000  -30.0000  -22.500012290.7129   18.8971
   -7.5000  -22.5000  -22.500012851.6445   18.8905
    0.0000  -22.5000  -22.500013551.9541   18.9748
    7.5000  -22.5000  -22.500013130.3350   18.9581
   -7.5000  -15.0000  -22.500013668.2041   18.8732
    0.0000  -15.0000  -22.500014443.4551   18.9543
    7.5000  -15.0000  -22.500013968.7666   18.9361
   -7.5000   -7.5000  -22.500014483.5127   18.7866
    0.0000   -7.5000  -22.500015341.0049   18.8695
    7.5000   -7.5000  -22.500014861.1562   18.8552
   -7.5000    0.0000  -22.500014995.8467   18.7068
    0.0000    0.0000  -22.500015916.6768   18.7946
    7.5000    0.0000  -22.500015413.0537   18.7856
   -7.5000    7.5000  -22.500014241.4521   18.7182
    0.0000    7.5000  -22.500015149.9072   18.8097
    7.5000    7.5000  -22.500014672.9385   18.8031
   -7.5000   15.0000  -22.500013345.1230   18.8176
    0.0000   15.0000  -22.500014203.7314   18.9075
    7.5000   15.0000  -22.500013732.7383   18.8971
   -7.5000   22.5000  -22.500012308.4697   18.8846
    0.0000   22.5000  -22.500013094.9844   18.9690
    7.5000   22.5000  -22.500012635.0771   18.9522
   -7.5000   30.0000  -22.500011227.2129   18.6263
    0.0000   30.0000  -22.500011949.5391   18.7064
    7.5000   30.0000  -22.500011528.3564   18.6884
   -7.5000   37.5000  -22.500010564.1963   18.5409
    0.0000   37.5000  -22.500011223.0781   18.6227
    7.5000   37.5000  -22.500010804.4092   18.6085
   -7.5000   45.0000  -22.5000 9498.9346   18.0156
    0.0000   45.0000  -22.500010104.9072   18.1002
    7.5000   45.0000  -22.5000 9708.7021   18.0914
   -7.5000  -45.0000  -15.000011340.2812   18.8977
    0.0000  -45.0000  -15.000011953.1465   18.9854
    7.5000  -45.0000  -15.000011603.8154   18.9765
   -7.5000  -37.5000  -15.000011874.7920   18.9157
    0.0000  -37.5000  -15.000012511.7861   19.0064
    7.5000  -37.5000  -15.000012139.1582   18.9975
   -7.5000  -30.0000  -15.000012803.7070   19.0222
    0.0000  -30.0000  -15.000013475.5137   19.1122
    7.5000  -30.0000  -15.000013082.4404   19.1007
   -7.5000  -22.5000  -15.000013685.1270   19.0952
    0.0000  -22.5000  -15.000014426.5967   19.1816
    7.5000  -22.5000  -15.000013972.3965   19.1674
   -7.5000  -15.0000  -15.000014538.4736   19.0719
    0.0000  -15.0000  -15.000015391.2842   19.1560
    7.5000  -15.0000  -15.000014881.1396   19.1425
   -7.5000   -7.5000  -15.000015409.1064   18.9787
    0.0000   -7.5000  -15.000016336.2930   19.0633
    7.5000   -7.5000  -15.000015804.8926   19.0523
   -7.5000    0.0000  -15.000015943.4580   18.8977
    0.0000    0.0000  -15.000016912.9238   18.9854
    7.5000    0.0000  -15.000016383.1738   18.9765
   -7.5000    7.5000  -15.000015135.4219   18.9157
    0.0000    7.5000  -15.000016083.8418   19.0064
    7.5000    7.5000  -15.000015570.2461   18.9975
   -7.5000   15.0000  -15.000014216.9893   19.0222
    0.0000   15.0000  -15.000015096.3096   19.1122
    7.5000   15.0000  -15.000014612.1602   19.1007
   -7.5000   22.5000  -15.000013131.1055   19.0885
    0.0000   22.5000  -15.000013924.0957   19.1748
    7.5000   22.5000  -15.000013468.1553   19.1606
   -7.5000   30.0000  -15.000011970.7920   18.8250
    0.0000   30.0000  -15.000012678.0791   18.9081
    7.5000   30.0000  -15.000012265.7988   18.8948
   -7.5000   37.5000  -15.000011241.4014   18.7331
    0.0000   37.5000  -15.000011898.4961   18.8166
    7.5000   37.5000  -15.000011486.7725   18.8058
   -7.5000   45.0000  -15.000010096.9531   18.2104
    0.0000   45.0000  -15.000010698.1006   18.2950
    7.5000   45.0000  -15.000010293.3516   18.2864
   -7.5000  -45.0000   -7.500012039.0830   18.9056
    0.0000  -45.0000   -7.500012722.3193   18.9885
    7.5000  -45.0000   -7.500012353.6680   18.9712
   -7.5000  -37.5000   -7.500012589.3164   18.9246
    0.0000  -37.5000   -7.500013303.8291   19.0088
    7.5000  -37.5000   -7.500012893.3516   18.9885
   -7.5000  -30.0000   -7.500013590.9961   19.0301
    0.0000  -30.0000   -7.500014324.1982   19.1146
    7.5000  -30.0000   -7.500013874.3975   19.0928
   -7.5000  -22.5000   -7.500014521.1650   19.1009
    0.0000  -22.5000   -7.500015325.7578   19.1848
    7.5000  -22.5000   -7.500014823.5820   19.1647
   -7.5000  -15.0000   -7.500015423.5273   19.0765
    0.0000  -15.0000   -7.500016337.5986   19.1599
    7.5000  -15.0000   -7.500015797.9268   19.1431
   -7.5000   -7.5000   -7.500016352.9307   18.9847
    0.0000   -7.5000   -7.500017351.6621   19.0672
    7.5000   -7.5000   -7.500016772.7090   19.0516
   -7.5000    0.0000   -7.500016932.9707   18.9056
    0.0000    0.0000   -7.500017983.7812   18.9885
    7.5000    0.0000   -7.500017382.9824   18.9712
   -7.5000    7.5000   -7.500016108.0146   18.9246
    0.0000    7.5000   -7.500017093.3906   19.0088
    7.5000    7.5000   -7.500016527.7207   18.9885
   -7.5000   15.0000   -7.500015143.3447   19.0301
    0.0000   15.0000   -7.500016041.2852   19.1146
    7.5000   15.0000   -7.500015521.4404   19.0928
   -7.5000   22.5000   -7.500013974.0840   19.0921
    0.0000   22.5000   -7.500014810.6582   19.1759
    7.5000   22.5000   -7.500014330.2324   19.1559
   -7.5000   30.0000   -7.500012741.8809   18.8291
    0.0000   30.0000   -7.500013489.2607   18.9114
    7.5000   30.0000   -7.500013050.3955   18.8948
   -7.5000   37.5000   -7.500011946.4688   18.7385
    0.0000   37.5000   -7.500012637.5098   18.8200
    7.5000   37.5000   -7.500012205.2012   18.8045
   -7.5000   45.0000   -7.500010729.5029   18.2215
    0.0000   45.0000   -7.500011350.2744   18.3013
    7.5000   45.0000   -7.500010942.0566   18.2847
   -7.5000  -45.0000    0.000012685.7803   18.8001
    0.0000  -45.0000    0.000013443.4941   18.8789
    7.5000  -45.0000    0.000013054.4561   18.8524
   -7.5000  -37.5000    0.000013257.0703   18.8133
    0.0000  -37.5000    0.000014063.4014   18.8926
    7.5000  -37.5000    0.000013615.2646   18.8623
   -7.5000  -30.0000    0.000014306.9717   18.9104
    0.0000  -30.0000    0.000015064.6299   18.9902
    7.5000  -30.0000    0.000014561.5908   18.9580
   -7.5000  -22.5000    0.000015310.2803   18.9785
    0.0000  -22.5000    0.000016110.8262   19.0587
    7.5000  -22.5000    0.000015520.6816   19.0289
   -7.5000  -15.0000    0.000016286.7070   18.9593
    0.0000  -15.0000    0.000017208.7832   19.0395
    7.5000  -15.0000    0.000016581.7070   19.0139
   -7.5000   -7.5000    0.000017291.8145   18.8758
    0.0000   -7.5000    0.000018298.9082   18.9551
    7.5000   -7.5000    0.000017656.4043   18.9308
   -7.5000    0.0000    0.000017947.4023   18.8001
    0.0000    0.0000    0.000018976.1797   18.8789
    7.5000    0.0000    0.000018312.2812   18.8524
   -7.5000    7.5000    0.000017055.4824   18.8133
    0.0000    7.5000    0.000018075.3281   18.8926
    7.5000    7.5000    0.000017442.4238   18.8623
   -7.5000   15.0000    0.000016019.0996   18.9104
    0.0000   15.0000    0.000016989.6309   18.9902
    7.5000   15.0000    0.000016406.7676   18.9580
   -7.5000   22.5000    0.000014787.1973   18.9698
    0.0000   22.5000    0.000015728.5186   19.0499
    7.5000   22.5000    0.000015187.3809   19.0201
   -7.5000   30.0000    0.000013469.8115   18.7139
    0.0000   30.0000    0.000014338.8105   18.7931
    7.5000   30.0000    0.000013842.6387   18.7678
   -7.5000   37.5000    0.000012615.5234   18.6316
    0.0000   37.5000    0.000013415.7188   18.7098
    7.5000   37.5000    0.000012938.8379   18.6858
   -7.5000   45.0000    0.000011336.8369   18.1212
    0.0000   45.0000    0.000012043.1904   18.1971
    7.5000   45.0000    0.000011596.2441   18.1715
   -7.5000  -45.0000    7.500012325.2178   18.9620
    0.0000  -45.0000    7.500013152.5137   19.0426
    7.5000  -45.0000    7.500012791.0186   19.0141
   -7.5000  -37.5000    7.500012949.1025   18.9686
    0.0000  -37.5000    7.500013864.3047   19.0511
    7.5000  -37.5000    7.500013432.8184   19.0207
   -7.5000  -30.0000    7.500014032.7705   19.0609
    0.0000  -30.0000    7.500014863.1777   19.1433
    7.5000  -30.0000    7.500014317.8242   19.1093
   -7.5000  -22.5000    7.500015067.8965   19.1310
    0.0000  -22.5000    7.500015871.0713   19.2118
    7.5000  -22.5000    7.500015174.3809   19.1761
   -7.5000  -15.0000    7.500016080.5107   19.1177
    0.0000  -15.0000    7.500016921.8789   19.1971
    7.5000  -15.0000    7.500016218.2354   19.1637
   -7.5000   -7.5000    7.500017084.9102   19.0389
    0.0000   -7.5000    7.500018034.8457   19.1180
    7.5000   -7.5000    7.500017301.2656   19.0880
   -7.5000    0.0000    7.500017734.3887   18.9620
    0.0000    0.0000    7.500018784.0195   19.0426
    7.5000    0.0000    7.500018052.8906   19.0141
   -7.5000    7.5000    7.500016812.2227   18.9686
    0.0000    7.5000    7.500017934.9512   19.0511
    7.5000    7.5000    7.500017261.1934   19.0207
   -7.5000   15.0000    7.500015747.8691   19.0609
    0.0000   15.0000    7.500016873.7480   19.1433
    7.5000   15.0000    7.500016253.4805   19.1093
   -7.5000   22.5000    7.500014522.3525   19.1222
    0.0000   22.5000    7.500015604.1631   19.2029
    7.5000   22.5000    7.500015036.9258   19.1672
   -7.5000   30.0000    7.500013225.5693   18.8703
    0.0000   30.0000    7.500014199.0371   18.9487
    7.5000   30.0000    7.500013685.7373   18.9157
   -7.5000   37.5000    7.500012384.5811   18.7925
    0.0000   37.5000    7.500013232.0039   18.8706
    7.5000   37.5000    7.500012743.1797   18.8410
   -7.5000   45.0000    7.500011113.1504   18.2772
    0.0000   45.0000    7.500011854.7373   18.3549
    7.5000   45.0000    7.500011412.2812   18.3274
   -7.5000  -45.0000   15.000011880.5264   19.2467
    0.0000  -45.0000   15.000012676.5947   19.3326
    7.5000  -45.0000   15.000012364.3760   19.3110
   -7.5000  -37.5000   15.000012535.7100   19.2501
    0.0000  -37.5000   15.000013623.1641   19.3393
    7.5000  -37.5000   15.000013248.6621   19.3192
   -7.5000  -30.0000   15.000013752.0361   19.3414
    0.0000  -30.0000   15.000014855.5303   19.4293
    7.5000  -30.0000   15.000014275.6211   19.4043
   -7.5000  -22.5000   15.000014821.1533   19.4134
    0.0000  -22.5000   15.000015711.0781   19.4966
    7.5000  -22.5000   15.000014953.0020   19.4655
   -7.5000  -15.0000   15.000015708.0127   19.4029
    0.0000  -15.0000   15.000016600.3457   19.4833
    7.5000  -15.0000   15.000015811.9453   19.4516
   -7.5000   -7.5000   15.000016613.0762   19.3252
    0.0000   -7.5000   15.000017670.3066   19.4069
    7.5000   -7.5000   15.000016888.1367   19.3799
   -7.5000    0.0000   15.000017202.2539   19.2467
    0.0000    0.0000   15.000018471.0781   19.3326
    7.5000    0.0000   15.000017706.4336   19.3110
   -7.5000    7.5000   15.000016301.8965   19.2501
    0.0000    7.5000   15.000017627.3320   19.3393
    7.5000    7.5000   15.000016942.3242   19.3192
   -7.5000   15.0000   15.000015261.2285   19.3414
    0.0000   15.0000   15.000016505.0898   19.4293
    7.5000   15.0000   15.000015890.5625   19.4043
   -7.5000   22.5000   15.000014071.4971   19.4045
    0.0000   22.5000   15.000015185.1299   19.4876
    7.5000   22.5000   15.000014642.4395   19.4565
   -7.5000   30.0000   15.000012827.9697   19.1518
    0.0000   30.0000   15.000013782.2529   19.2311
    7.5000   30.0000   15.000013311.9961   19.1998
   -7.5000   37.5000   15.000011998.2139   19.0751
    0.0000   37.5000   15.000012845.1592   19.1557
    7.5000   37.5000   15.000012395.0322   19.1291
   -7.5000   45.0000   15.000010780.1826   18.5516
    0.0000   45.0000   15.000011523.1016   18.6344
    7.5000   45.0000   15.000011088.5205   18.6136
   -7.5000  -45.0000   22.500011344.3232   19.5637
    0.0000  -45.0000   22.500012134.6758   19.6526
    7.5000  -45.0000   22.500011803.2305   19.6386
   -7.5000  -37.5000   22.500011968.7168   19.5701
    0.0000  -37.5000   22.500013001.8564   19.6626
    7.5000  -37.5000   22.500012671.1113   19.6512
   -7.5000  -30.0000   22.500013160.2441   19.6670
    0.0000  -30.0000   22.500014174.9629   19.7577
    7.5000  -30.0000   22.500013753.9355   19.7423
   -7.5000  -22.5000   22.500014120.1006   19.7411
    0.0000  -22.5000   22.500015065.7773   19.8260
    7.5000  -22.5000   22.500014542.3320   19.8040
   -7.5000  -15.0000   22.500014924.8066   19.7279
    0.0000  -15.0000   22.500015983.0117   19.8097
    7.5000  -15.0000   22.500015403.0938   19.7860
   -7.5000   -7.5000   22.500015792.8467   19.6451
    0.0000   -7.5000   22.500017017.6816   19.7288
    7.5000   -7.5000   22.500016379.9834   19.7092
   -7.5000    0.0000   22.500016376.4951   19.5637
    0.0000    0.0000   22.500017729.1289   19.6526
    7.5000    0.0000   22.500017061.1113   19.6386
   -7.5000    7.5000   22.500015556.6436   19.5701
    0.0000    7.5000   22.500016868.8184   19.6626
    7.5000    7.5000   22.500016246.0635   19.6512
   -7.5000   15.0000   22.500014581.8008   19.6670
    0.0000   15.0000   22.500015788.9346   19.7577
    7.5000   15.0000   22.500015207.5381   19.7423
   -7.5000   22.5000   22.500013480.2725   19.7320
    0.0000   22.5000   22.500014543.7910   19.8169
    7.5000   22.5000   22.500014020.5049   19.7949
   -7.5000   30.0000   22.500012338.3213   19.4726
    0.0000   30.0000   22.500013240.9355   19.5533
    7.5000   30.0000   22.500012777.3428   19.5299
   -7.5000   37.5000   22.500011549.6738   19.3909
    0.0000   37.5000   22.500012354.5811   19.4735
    7.5000   37.5000   22.500011904.7656   19.4542
   -7.5000   45.0000   22.500010378.1055   18.8572
    0.0000   45.0000   22.500011085.1982   18.9428
    7.5000   45.0000   22.500010670.0420   18.9293
   -7.5000  -45.0000   30.000010724.2617   19.9004
    0.0000  -45.0000   30.000011457.3408   19.9862
    7.5000  -45.0000   30.000011164.5430   19.9715
   -7.5000  -37.5000   30.000011314.6826   19.9136
    0.0000  -37.5000   30.000012153.1250   20.0025
    7.5000  -37.5000   30.000011855.4990   19.9880
   -7.5000  -30.0000   30.000012357.0273   20.0189
    0.0000  -30.0000   30.000013116.7119   20.1070
    7.5000  -30.0000   30.000012729.6211   20.0895
   -7.5000  -22.5000   30.000013226.7002   20.0939
    0.0000  -22.5000   30.000014040.9482   20.1779
    7.5000  -22.5000   30.000013554.9062   20.1576
   -7.5000  -15.0000   30.000014079.5332   20.0739
    0.0000  -15.0000   30.000015073.3408   20.1556
    7.5000  -15.0000   30.000014568.1572   20.1359
   -7.5000   -7.5000   30.000014944.8652   19.9837
    0.0000   -7.5000   30.000016097.2705   20.0660
    7.5000   -7.5000   30.000015540.9316   20.0490
   -7.5000    0.0000   30.000015513.5713   19.9004
    0.0000    0.0000   30.000016732.9746   19.9862
    7.5000    0.0000   30.000016163.2314   19.9715
   -7.5000    7.5000   30.000014738.1152   19.9136
    0.0000    7.5000   30.000015912.3818   20.0025
    7.5000    7.5000   30.000015372.8584   19.9880
   -7.5000   15.0000   30.000013819.4023   20.0189
    0.0000   15.0000   30.000014898.1592   20.1070
    7.5000   15.0000   30.000014397.1709   20.0895
   -7.5000   22.5000   30.000012785.2598   20.0846
    0.0000   22.5000   30.000013717.5811   20.1686
    7.5000   22.5000   30.000013264.0762   20.1483
   -7.5000   30.0000   30.000011693.1152   19.8141
    0.0000   30.0000   30.000012481.8916   19.8947
    7.5000   30.0000   30.000012059.3223   19.8753
   -7.5000   37.5000   30.000010935.9775   19.7250
    0.0000   37.5000   30.000011662.3252   19.8063
    7.5000   37.5000   30.000011234.4258   19.7896
   -7.5000   45.0000   30.0000 9864.1211   19.1817
    0.0000   45.0000   30.000010487.0801   19.2644
    7.5000   45.0000   30.000010098.2764   19.2502
   -7.5000  -45.0000   37.500010405.6221   20.0962
    0.0000  -45.0000   37.500011066.3916   20.1746
    7.5000  -45.0000   37.500010807.8457   20.1493
   -7.5000  -37.5000   37.500010976.8379   20.1103
    0.0000  -37.5000   37.500011686.7842   20.1901
    7.5000  -37.5000   37.500011375.7168   20.1613
   -7.5000  -30.0000   37.500011966.5879   20.2138
    0.0000  -30.0000   37.500012613.8994   20.2938
    7.5000  -30.0000   37.500012224.1777   20.2630
   -7.5000  -22.5000   37.500012828.5752   20.2853
    0.0000  -22.5000   37.500013554.4541   20.3645
    7.5000  -22.5000   37.500013114.1387   20.3357
   -7.5000  -15.0000   37.500013678.1104   20.2640
    0.0000  -15.0000   37.500014532.3623   20.3426
    7.5000  -15.0000   37.500014069.4668   20.3178
   -7.5000   -7.5000   37.500014545.5137   20.1765
    0.0000   -7.5000   37.500015485.3418   20.2544
    7.5000   -7.5000   37.500014991.0234   20.2310
   -7.5000    0.0000   37.500015100.0508   20.0962
    0.0000    0.0000   37.500016089.5049   20.1746
    7.5000    0.0000   37.500015592.6982   20.1493
   -7.5000    7.5000   37.500014367.5449   20.1103
    0.0000    7.5000   37.500015348.1484   20.1901
    7.5000    7.5000   37.500014857.3887   20.1613
   -7.5000   15.0000   37.500013494.0840   20.2138
    0.0000   15.0000   37.500014427.5020   20.2938
    7.5000   15.0000   37.500013953.0830   20.2630
   -7.5000   22.5000   37.500012485.6455   20.2760
    0.0000   22.5000   37.500013320.4541   20.3551
    7.5000   22.5000   37.500012859.8594   20.3263
   -7.5000   30.0000   37.500011410.0635   20.0017
    0.0000   30.0000   37.500012129.8262   20.0793
    7.5000   30.0000   37.500011714.7119   20.0549
   -7.5000   37.5000   37.500010689.2549   19.9153
    0.0000   37.5000   37.500011329.8242   19.9923
    7.5000   37.5000   37.500010918.9736   19.9692
   -7.5000   45.0000   37.5000 9628.0547   19.3705
    0.0000   45.0000   37.500010196.5635   19.4460
    7.5000   45.0000   37.5000 9808.4209   19.4217
   -7.5000  -45.0000   45.0000 9807.2998   20.6303
    0.0000  -45.0000   45.000010357.3037   20.7058
    7.5000  -45.0000   45.000010083.7998   20.6685
   -7.5000  -37.5000   45.000010329.7061   20.6364
    0.0000  -37.5000   45.000010917.6367   20.7125
    7.5000  -37.5000   45.000010575.3486   20.6706
   -7.5000  -30.0000   45.000011232.9053   20.7345
    0.0000  -30.0000   45.000011787.6729   20.8112
    7.5000  -30.0000   45.000011401.4551   20.7670
   -7.5000  -22.5000   45.000012057.7822   20.8076
    0.0000  -22.5000   45.000012687.2148   20.8846
    7.5000  -22.5000   45.000012270.7783   20.8433
   -7.5000  -15.0000   45.000012865.0068   20.7929
    0.0000  -15.0000   45.000013578.8350   20.8698
    7.5000  -15.0000   45.000013136.7803   20.8337
   -7.5000   -7.5000   45.000013647.5625   20.7117
    0.0000   -7.5000   45.000014416.4053   20.7876
    7.5000   -7.5000   45.000013957.2119   20.7530
   -7.5000    0.0000   45.000014178.2432   20.6303
    0.0000    0.0000   45.000014997.8496   20.7058
    7.5000    0.0000   45.000014520.6787   20.6685
   -7.5000    7.5000   45.000013540.5625   20.6364
    0.0000    7.5000   45.000014343.5381   20.7125
    7.5000    7.5000   45.000013872.9785   20.6706
   -7.5000   15.0000   45.000012758.9072   20.7345
    0.0000   15.0000   45.000013522.2861   20.8112
    7.5000   15.0000   45.000013064.6279   20.7670
   -7.5000   22.5000   45.000011814.9600   20.7980
    0.0000   22.5000   45.000012489.5938   20.8749
    7.5000   22.5000   45.000012045.6709   20.8336
   -7.5000   30.0000   45.000010771.4600   20.5220
    0.0000   30.0000   45.000011405.8652   20.5979
    7.5000   30.0000   45.000010980.8115   20.5623
   -7.5000   37.5000   45.000010094.5596   20.4419
    0.0000   37.5000   45.000010682.0146   20.5167
    7.5000   37.5000   45.000010247.0908   20.4827
   -7.5000   45.0000   45.0000 9073.1816   19.8943
    0.0000   45.0000   45.0000 9612.9834   19.9670
    7.5000   45.0000   45.0000 9195.8633   19.9311

---------------------------------------------------------------------
imgreg_4dfp /opt/freesurfer/average/711-2C_as_mni_average_305 /opt/freesurfer/average/711-2B_as_mni_average_305_mask talsrcimg_g11 none talsrcimg_to_711-2C_as_mni_average_305_t4 4355
---------------------------------------------------------------------

freesurfer imgreg_4dfp.c
/opt/freesurfer/average/711-2C_as_mni_average_305.4dfp.img
       256       256       256         1
  1.000000  1.000000  1.000000
orientation T byte_order littleendian
Reading image: /opt/freesurfer/average/711-2C_as_mni_average_305.4dfp.img
dimensions:      256       256       256
mmppix:       1.0000   -1.0000   -1.0000
center:     128.0000 -129.0000 -129.0000
/opt/freesurfer/average/711-2B_as_mni_average_305_mask.4dfp.img
       256       256       256         1
  1.000000  1.000000  1.000000
orientation T byte_order littleendian
Reading mask: /opt/freesurfer/average/711-2B_as_mni_average_305_mask.4dfp.img (2306576 pixels)
talsrcimg_g11.4dfp.img
       320       320       320         1
  0.800000  0.800000  0.800000
orientation T byte_order littleendian
Reading image: talsrcimg_g11.4dfp.img
dimensions:      320       320       320
mmppix:       0.8000   -0.8000   -0.8000
center:     128.0000 -128.8000 -128.8000
rotation matrix determinant  1.000000
image alignment mode   4355 decimal     1103 hex
   -7.5000  -45.0000  -45.0000 2383.6350   23.3544
    0.0000  -45.0000  -45.0000 2400.0400   23.0585
    7.5000  -45.0000  -45.0000 2398.9878   22.8644
   -7.5000  -37.5000  -45.0000 2441.8201   22.1195
    0.0000  -37.5000  -45.0000 2453.6936   21.8154
    7.5000  -37.5000  -45.0000 2454.2927   21.6822
   -7.5000  -30.0000  -45.0000 2475.4368   21.3684
    0.0000  -30.0000  -45.0000 2490.0432   21.0549
    7.5000  -30.0000  -45.0000 2490.2634   20.9274
   -7.5000  -22.5000  -45.0000 2491.4595   20.9571
    0.0000  -22.5000  -45.0000 2506.9480   20.6228
    7.5000  -22.5000  -45.0000 2506.8970   20.5584
   -7.5000  -15.0000  -45.0000 2486.3623   20.9762
    0.0000  -15.0000  -45.0000 2500.4111   20.6548
    7.5000  -15.0000  -45.0000 2499.0205   20.5916
   -7.5000   -7.5000  -45.0000 2469.2908   21.3891
    0.0000   -7.5000  -45.0000 2485.2070   21.1027
    7.5000   -7.5000  -45.0000 2483.4019   21.0058
   -7.5000    0.0000  -45.0000 2447.1772   22.1193
    0.0000    0.0000  -45.0000 2460.0056   21.8391
    7.5000    0.0000  -45.0000 2461.4983   21.6954
   -7.5000    7.5000  -45.0000 2412.4744   23.1905
    0.0000    7.5000  -45.0000 2428.2271   22.8950
    7.5000    7.5000  -45.0000 2427.3960   22.6894
   -7.5000   15.0000  -45.0000 2359.8413   24.6785
    0.0000   15.0000  -45.0000 2373.7737   24.3210
    7.5000   15.0000  -45.0000 2370.4404   24.1271
   -7.5000   22.5000  -45.0000 2288.7495   26.6595
    0.0000   22.5000  -45.0000 2295.5967   26.3274
    7.5000   22.5000  -45.0000 2289.9644   26.0804
   -7.5000   30.0000  -45.0000 2203.1450   29.2040
    0.0000   30.0000  -45.0000 2208.1663   28.8401
    7.5000   30.0000  -45.0000 2204.5769   28.5989
   -7.5000   37.5000  -45.0000 2119.1677   32.4331
    0.0000   37.5000  -45.0000 2127.5681   31.9708
    7.5000   37.5000  -45.0000 2123.7009   31.7529
   -7.5000   45.0000  -45.0000 2024.7114   36.5152
    0.0000   45.0000  -45.0000 2028.2140   36.0407
    7.5000   45.0000  -45.0000 2036.8593   35.8716
   -7.5000  -45.0000  -37.5000 2442.4983   22.2258
    0.0000  -45.0000  -37.5000 2455.3762   21.8788
    7.5000  -45.0000  -37.5000 2458.2373   21.7892
   -7.5000  -37.5000  -37.5000 2497.0757   20.9932
    0.0000  -37.5000  -37.5000 2509.8364   20.6648
    7.5000  -37.5000  -37.5000 2514.2659   20.6479
   -7.5000  -30.0000  -37.5000 2533.0420   20.2301
    0.0000  -30.0000  -37.5000 2544.1470   19.8986
    7.5000  -30.0000  -37.5000 2547.8831   19.8546
   -7.5000  -22.5000  -37.5000 2553.2075   19.8376
    0.0000  -22.5000  -37.5000 2561.0593   19.4752
    7.5000  -22.5000  -37.5000 2568.1431   19.4809
   -7.5000  -15.0000  -37.5000 2555.4087   19.8084
    0.0000  -15.0000  -37.5000 2563.1873   19.4467
    7.5000  -15.0000  -37.5000 2569.4216   19.4443
   -7.5000   -7.5000  -37.5000 2544.7163   20.1911
    0.0000   -7.5000  -37.5000 2554.7883   19.8312
    7.5000   -7.5000  -37.5000 2560.2388   19.7852
   -7.5000    0.0000  -37.5000 2521.8369   20.8758
    0.0000    0.0000  -37.5000 2530.7493   20.5206
    7.5000    0.0000  -37.5000 2535.2021   20.4428
   -7.5000    7.5000  -37.5000 2482.8069   21.8327
    0.0000    7.5000  -37.5000 2495.7422   21.5210
    7.5000    7.5000  -37.5000 2493.9299   21.4013
   -7.5000   15.0000  -37.5000 2429.3611   23.2209
    0.0000   15.0000  -37.5000 2443.1377   22.8712
    7.5000   15.0000  -37.5000 2432.3389   22.7393
   -7.5000   22.5000  -37.5000 2353.7622   25.0172
    0.0000   22.5000  -37.5000 2364.7971   24.7770
    7.5000   22.5000  -37.5000 2354.5349   24.5399
   -7.5000   30.0000  -37.5000 2265.8435   27.3919
    0.0000   30.0000  -37.5000 2276.8545   27.1009
    7.5000   30.0000  -37.5000 2271.3816   26.9079
   -7.5000   37.5000  -37.5000 2169.3481   30.3660
    0.0000   37.5000  -37.5000 2178.8787   30.0101
    7.5000   37.5000  -37.5000 2172.4854   29.8307
   -7.5000   45.0000  -37.5000 2066.4192   34.1530
    0.0000   45.0000  -37.5000 2074.1855   33.7285
    7.5000   45.0000  -37.5000 2078.4092   33.5803
   -7.5000  -45.0000  -30.0000 2559.4355   21.7997
    0.0000  -45.0000  -30.0000 2573.9285   21.3720
    7.5000  -45.0000  -30.0000 2581.7449   21.3862
   -7.5000  -37.5000  -30.0000 2619.0005   20.5992
    0.0000  -37.5000  -30.0000 2630.4336   20.1883
    7.5000  -37.5000  -30.0000 2642.6453   20.2555
   -7.5000  -30.0000  -30.0000 2654.8713   19.7930
    0.0000  -30.0000  -30.0000 2663.0364   19.4167
    7.5000  -30.0000  -30.0000 2675.4290   19.4705
   -7.5000  -22.5000  -30.0000 2680.0718   19.3892
    0.0000  -22.5000  -30.0000 2682.8381   18.9926
    7.5000  -22.5000  -30.0000 2699.5168   19.0452
   -7.5000  -15.0000  -30.0000 2686.7869   19.3186
    0.0000  -15.0000  -30.0000 2691.7732   18.9020
    7.5000  -15.0000  -30.0000 2702.3877   18.9291
   -7.5000   -7.5000  -30.0000 2680.7966   19.6668
    0.0000   -7.5000  -30.0000 2685.6047   19.2409
    7.5000   -7.5000  -30.0000 2697.3062   19.2379
   -7.5000    0.0000  -30.0000 2650.4353   20.2762
    0.0000    0.0000  -30.0000 2656.5950   19.8906
    7.5000    0.0000  -30.0000 2670.0876   19.8932
   -7.5000    7.5000  -30.0000 2601.4360   21.1968
    0.0000    7.5000  -30.0000 2613.5818   20.8637
    7.5000    7.5000  -30.0000 2620.6841   20.8393
   -7.5000   15.0000  -30.0000 2544.5144   22.5308
    0.0000   15.0000  -30.0000 2559.2671   22.1678
    7.5000   15.0000  -30.0000 2556.8293   22.1453
   -7.5000   22.5000  -30.0000 2468.9160   24.2544
    0.0000   22.5000  -30.0000 2478.4487   23.9450
    7.5000   22.5000  -30.0000 2473.7778   23.8227
   -7.5000   30.0000  -30.0000 2373.0750   26.5099
    0.0000   30.0000  -30.0000 2392.1448   26.1804
    7.5000   30.0000  -30.0000 2386.8899   26.0846
   -7.5000   37.5000  -30.0000 2274.4448   29.3832
    0.0000   37.5000  -30.0000 2284.7507   29.0158
    7.5000   37.5000  -30.0000 2279.5166   28.8887
   -7.5000   45.0000  -30.0000 2165.4050   33.0047
    0.0000   45.0000  -30.0000 2175.4211   32.5946
    7.5000   45.0000  -30.0000 2178.8000   32.4883
   -7.5000  -45.0000  -22.5000 2640.4939   21.2274
    0.0000  -45.0000  -22.5000 2654.5371   20.7310
    7.5000  -45.0000  -22.5000 2664.4253   20.7606
   -7.5000  -37.5000  -22.5000 2702.3147   20.0212
    0.0000  -37.5000  -22.5000 2711.7695   19.5701
    7.5000  -37.5000  -22.5000 2726.8848   19.6604
   -7.5000  -30.0000  -22.5000 2736.8186   19.2123
    0.0000  -30.0000  -22.5000 2743.2090   18.7994
    7.5000  -30.0000  -22.5000 2760.2913   18.9196
   -7.5000  -22.5000  -22.5000 2763.1541   18.7822
    0.0000  -22.5000  -22.5000 2768.6719   18.3835
    7.5000  -22.5000  -22.5000 2785.5549   18.4515
   -7.5000  -15.0000  -22.5000 2775.1091   18.6893
    0.0000  -15.0000  -22.5000 2779.0864   18.2669
    7.5000  -15.0000  -22.5000 2788.6140   18.3111
   -7.5000   -7.5000  -22.5000 2766.0356   18.9690
    0.0000   -7.5000  -22.5000 2771.3013   18.5636
    7.5000   -7.5000  -22.5000 2784.2439   18.5989
   -7.5000    0.0000  -22.5000 2732.8018   19.5177
    0.0000    0.0000  -22.5000 2742.6802   19.1383
    7.5000    0.0000  -22.5000 2759.6719   19.1913
   -7.5000    7.5000  -22.5000 2682.7178   20.4179
    0.0000    7.5000  -22.5000 2696.7058   20.0437
    7.5000    7.5000  -22.5000 2713.4893   20.0941
   -7.5000   15.0000  -22.5000 2619.5237   21.7053
    0.0000   15.0000  -22.5000 2632.8972   21.2991
    7.5000   15.0000  -22.5000 2643.0022   21.3177
   -7.5000   22.5000  -22.5000 2543.5183   23.3801
    0.0000   22.5000  -22.5000 2550.5457   22.9945
    7.5000   22.5000  -22.5000 2551.5122   22.9854
   -7.5000   30.0000  -22.5000 2442.6987   25.5426
    0.0000   30.0000  -22.5000 2459.6196   25.1628
    7.5000   30.0000  -22.5000 2456.1042   25.1226
   -7.5000   37.5000  -22.5000 2339.1626   28.2358
    0.0000   37.5000  -22.5000 2352.7061   27.9202
    7.5000   37.5000  -22.5000 2343.3022   27.8185
   -7.5000   45.0000  -22.5000 2226.0354   31.7342
    0.0000   45.0000  -22.5000 2244.4880   31.3815
    7.5000   45.0000  -22.5000 2241.5251   31.2389
   -7.5000  -45.0000  -15.0000 2679.0896   20.6639
    0.0000  -45.0000  -15.0000 2694.2676   20.1491
    7.5000  -45.0000  -15.0000 2706.3484   20.1623
   -7.5000  -37.5000  -15.0000 2746.3008   19.4347
    0.0000  -37.5000  -15.0000 2753.2021   18.9423
    7.5000  -37.5000  -15.0000 2771.4663   18.9923
   -7.5000  -30.0000  -15.0000 2785.2039   18.6163
    0.0000  -30.0000  -15.0000 2787.7444   18.1440
    7.5000  -30.0000  -15.0000 2810.3313   18.2537
   -7.5000  -22.5000  -15.0000 2812.9958   18.1403
    0.0000  -22.5000  -15.0000 2816.1748   17.7208
    7.5000  -22.5000  -15.0000 2834.8472   17.7742
   -7.5000  -15.0000  -15.0000 2821.2466   18.0253
    0.0000  -15.0000  -15.0000 2831.0706   17.6227
    7.5000  -15.0000  -15.0000 2842.1802   17.6496
   -7.5000   -7.5000  -15.0000 2813.5312   18.2628
    0.0000   -7.5000  -15.0000 2823.0193   17.8724
    7.5000   -7.5000  -15.0000 2837.4497   17.9200
   -7.5000    0.0000  -15.0000 2779.5859   18.7958
    0.0000    0.0000  -15.0000 2789.5532   18.3981
    7.5000    0.0000  -15.0000 2808.6252   18.4504
   -7.5000    7.5000  -15.0000 2732.2651   19.6954
    0.0000    7.5000  -15.0000 2742.0618   19.2510
    7.5000    7.5000  -15.0000 2762.6741   19.2951
   -7.5000   15.0000  -15.0000 2671.8137   20.9023
    0.0000   15.0000  -15.0000 2677.8403   20.4767
    7.5000   15.0000  -15.0000 2694.8169   20.4949
   -7.5000   22.5000  -15.0000 2589.9277   22.5511
    0.0000   22.5000  -15.0000 2591.4365   22.1004
    7.5000   22.5000  -15.0000 2599.1550   22.1455
   -7.5000   30.0000  -15.0000 2483.8901   24.6594
    0.0000   30.0000  -15.0000 2490.1299   24.2342
    7.5000   30.0000  -15.0000 2496.2505   24.2633
   -7.5000   37.5000  -15.0000 2370.9260   27.2704
    0.0000   37.5000  -15.0000 2380.2139   26.8989
    7.5000   37.5000  -15.0000 2382.8076   26.8637
   -7.5000   45.0000  -15.0000 2257.0696   30.6380
    0.0000   45.0000  -15.0000 2268.0000   30.2461
    7.5000   45.0000  -15.0000 2271.5334   30.1243
   -7.5000  -45.0000   -7.5000 2694.5984   20.1488
    0.0000  -45.0000   -7.5000 2706.5356   19.6110
    7.5000  -45.0000   -7.5000 2723.0232   19.5745
   -7.5000  -37.5000   -7.5000 2761.2542   18.8850
    0.0000  -37.5000   -7.5000 2771.2612   18.3663
    7.5000  -37.5000   -7.5000 2789.1028   18.3135
   -7.5000  -30.0000   -7.5000 2805.3372   18.0492
    0.0000  -30.0000   -7.5000 2810.1721   17.4957
    7.5000  -30.0000   -7.5000 2830.9570   17.5154
   -7.5000  -22.5000   -7.5000 2837.3799   17.5282
    0.0000  -22.5000   -7.5000 2840.7358   17.0430
    7.5000  -22.5000   -7.5000 2855.7898   17.0290
   -7.5000  -15.0000   -7.5000 2847.6223   17.3797
    0.0000  -15.0000   -7.5000 2855.8386   16.9384
    7.5000  -15.0000   -7.5000 2869.7036   16.9226
   -7.5000   -7.5000   -7.5000 2838.8706   17.6241
    0.0000   -7.5000   -7.5000 2845.6143   17.1834
    7.5000   -7.5000   -7.5000 2862.2378   17.1864
   -7.5000    0.0000   -7.5000 2808.2734   18.1933
    0.0000    0.0000   -7.5000 2814.2346   17.7240
    7.5000    0.0000   -7.5000 2831.2136   17.7182
   -7.5000    7.5000   -7.5000 2764.2178   19.0685
    0.0000    7.5000   -7.5000 2766.2817   18.5758
    7.5000    7.5000   -7.5000 2781.6748   18.5425
   -7.5000   15.0000   -7.5000 2702.9639   20.2265
    0.0000   15.0000   -7.5000 2703.4167   19.7715
    7.5000   15.0000   -7.5000 2718.9836   19.7552
   -7.5000   22.5000   -7.5000 2613.6216   21.8596
    0.0000   22.5000   -7.5000 2621.2422   21.4057
    7.5000   22.5000   -7.5000 2628.2839   21.4080
   -7.5000   30.0000   -7.5000 2506.1992   23.8882
    0.0000   30.0000   -7.5000 2514.4863   23.4830
    7.5000   30.0000   -7.5000 2518.5923   23.4771
   -7.5000   37.5000   -7.5000 2391.3020   26.4581
    0.0000   37.5000   -7.5000 2395.7566   26.0839
    7.5000   37.5000   -7.5000 2400.6560   26.0018
   -7.5000   45.0000   -7.5000 2273.5110   29.6625
    0.0000   45.0000   -7.5000 2281.6648   29.2840
    7.5000   45.0000   -7.5000 2292.6245   29.1089
   -7.5000  -45.0000    0.0000 2706.9871   19.9159
    0.0000  -45.0000    0.0000 2708.1553   19.3258
    7.5000  -45.0000    0.0000 2724.9971   19.2189
   -7.5000  -37.5000    0.0000 2774.4275   18.5887
    0.0000  -37.5000    0.0000 2777.0654   18.0231
    7.5000  -37.5000    0.0000 2792.2974   17.8755
   -7.5000  -30.0000    0.0000 2822.8650   17.6672
    0.0000  -30.0000    0.0000 2815.6443   17.0068
    7.5000  -30.0000    0.0000 2832.0364   16.9050
   -7.5000  -22.5000    0.0000 2856.9834   17.0978
    0.0000  -22.5000    0.0000 2846.8660   16.4844
    7.5000  -22.5000    0.0000 2852.2744   16.3598
   -7.5000  -15.0000    0.0000 2871.9829   16.9282
    0.0000  -15.0000    0.0000 2866.0691   16.3984
    7.5000  -15.0000    0.0000 2874.5249   16.2666
   -7.5000   -7.5000    0.0000 2862.2869   17.1860
    0.0000   -7.5000    0.0000 2857.6560   16.6624
    7.5000   -7.5000    0.0000 2867.7949   16.5569
   -7.5000    0.0000    0.0000 2836.9211   17.8041
    0.0000    0.0000    0.0000 2823.5244   17.2539
    7.5000    0.0000    0.0000 2833.8384   17.1494
   -7.5000    7.5000    0.0000 2793.6167   18.6501
    0.0000    7.5000    0.0000 2783.5815   18.1207
    7.5000    7.5000    0.0000 2789.8745   18.0149
   -7.5000   15.0000    0.0000 2732.6399   19.8433
    0.0000   15.0000    0.0000 2727.6533   19.3136
    7.5000   15.0000    0.0000 2733.8826   19.2482
   -7.5000   22.5000    0.0000 2641.6216   21.4241
    0.0000   22.5000    0.0000 2645.6194   20.9142
    7.5000   22.5000    0.0000 2651.4426   20.8910
   -7.5000   30.0000    0.0000 2527.9343   23.4381
    0.0000   30.0000    0.0000 2538.1804   22.9690
    7.5000   30.0000    0.0000 2540.8142   22.9411
   -7.5000   37.5000    0.0000 2404.8027   25.9191
    0.0000   37.5000    0.0000 2417.5791   25.5308
    7.5000   37.5000    0.0000 2420.3547   25.4261
   -7.5000   45.0000    0.0000 2287.8665   29.0554
    0.0000   45.0000    0.0000 2307.4622   28.6747
    7.5000   45.0000    0.0000 2313.9734   28.4921
   -7.5000  -45.0000    7.5000 2713.4668   19.9212
    0.0000  -45.0000    7.5000 2717.1223   19.3738
    7.5000  -45.0000    7.5000 2720.0444   19.1837
   -7.5000  -37.5000    7.5000 2780.2874   18.5532
    0.0000  -37.5000    7.5000 2785.4626   18.0547
    7.5000  -37.5000    7.5000 2793.3281   17.8517
   -7.5000  -30.0000    7.5000 2828.0493   17.5821
    0.0000  -30.0000    7.5000 2825.4949   16.9083
    7.5000  -30.0000    7.5000 2828.8396   16.6933
   -7.5000  -22.5000    7.5000 2871.1597   16.9212
    0.0000  -22.5000    7.5000 2852.5862   16.1911
    7.5000  -22.5000    7.5000 2840.2705   15.9155
   -7.5000  -15.0000    7.5000 2888.0403   16.7059
    0.0000  -15.0000    7.5000 2869.9036   16.0963
    7.5000  -15.0000    7.5000 2860.1802   15.8441
   -7.5000   -7.5000    7.5000 2881.6067   16.9565
    0.0000   -7.5000    7.5000 2872.2170   16.3856
    7.5000   -7.5000    7.5000 2861.2766   16.1797
   -7.5000    0.0000    7.5000 2858.3875   17.5785
    0.0000    0.0000    7.5000 2854.3140   17.0481
    7.5000    0.0000    7.5000 2841.8259   16.8620
   -7.5000    7.5000    7.5000 2813.4097   18.3965
    0.0000    7.5000    7.5000 2821.4233   17.9614
    7.5000    7.5000    7.5000 2811.1553   17.8253
   -7.5000   15.0000    7.5000 2755.6553   19.5895
    0.0000   15.0000    7.5000 2766.0579   19.1614
    7.5000   15.0000    7.5000 2758.6907   19.0601
   -7.5000   22.5000    7.5000 2666.2832   21.1854
    0.0000   22.5000    7.5000 2679.9829   20.7492
    7.5000   22.5000    7.5000 2677.5042   20.6668
   -7.5000   30.0000    7.5000 2554.0762   23.2081
    0.0000   30.0000    7.5000 2566.5439   22.7870
    7.5000   30.0000    7.5000 2565.2437   22.7036
   -7.5000   37.5000    7.5000 2428.0652   25.6919
    0.0000   37.5000    7.5000 2438.7168   25.2948
    7.5000   37.5000    7.5000 2439.9062   25.1706
   -7.5000   45.0000    7.5000 2304.5339   28.7161
    0.0000   45.0000    7.5000 2321.4292   28.3173
    7.5000   45.0000    7.5000 2327.6277   28.1349
   -7.5000  -45.0000   15.0000 2714.9900   20.1399
    0.0000  -45.0000   15.0000 2715.3274   19.5545
    7.5000  -45.0000   15.0000 2716.1599   19.3246
   -7.5000  -37.5000   15.0000 2793.0696   18.7967
    0.0000  -37.5000   15.0000 2794.2507   18.3020
    7.5000  -37.5000   15.0000 2793.5183   18.0517
   -7.5000  -30.0000   15.0000 2855.6416   17.8684
    0.0000  -30.0000   15.0000 2850.4158   17.3338
    7.5000  -30.0000   15.0000 2847.6973   17.0376
   -7.5000  -22.5000   15.0000 2887.3284   17.0729
    0.0000  -22.5000   15.0000 2874.2168   16.4041
    7.5000  -22.5000   15.0000 2846.1257   16.0287
   -7.5000  -15.0000   15.0000 2898.2507   16.6737
    0.0000  -15.0000   15.0000 2885.9397   16.0438
    7.5000  -15.0000   15.0000 2858.5039   15.7598
   -7.5000   -7.5000   15.0000 2888.6846   16.8521
    0.0000   -7.5000   15.0000 2882.8171   16.2944
    7.5000   -7.5000   15.0000 2857.9709   16.0577
   -7.5000    0.0000   15.0000 2864.9026   17.4081
    0.0000    0.0000   15.0000 2872.8008   16.9819
    7.5000    0.0000   15.0000 2857.7380   16.8241
   -7.5000    7.5000   15.0000 2819.8799   18.2475
    0.0000    7.5000   15.0000 2835.7678   17.9272
    7.5000    7.5000   15.0000 2831.8293   17.8294
   -7.5000   15.0000   15.0000 2762.2400   19.4368
    0.0000   15.0000   15.0000 2774.8398   19.0954
    7.5000   15.0000   15.0000 2776.5952   19.0541
   -7.5000   22.5000   15.0000 2674.6233   21.0226
    0.0000   22.5000   15.0000 2690.7556   20.6367
    7.5000   22.5000   15.0000 2701.4539   20.6751
   -7.5000   30.0000   15.0000 2566.8057   23.0554
    0.0000   30.0000   15.0000 2581.6433   22.6903
    7.5000   30.0000   15.0000 2592.8298   22.7261
   -7.5000   37.5000   15.0000 2446.5813   25.5713
    0.0000   37.5000   15.0000 2455.9897   25.2292
    7.5000   37.5000   15.0000 2464.6501   25.2086
   -7.5000   45.0000   15.0000 2322.5562   28.6086
    0.0000   45.0000   15.0000 2340.0796   28.3518
    7.5000   45.0000   15.0000 2343.2566   28.1819
   -7.5000  -45.0000   22.5000 2701.6216   20.5128
    0.0000  -45.0000   22.5000 2700.9822   19.8752
    7.5000  -45.0000   22.5000 2702.6956   19.6614
   -7.5000  -37.5000   22.5000 2785.7830   19.1306
    0.0000  -37.5000   22.5000 2787.3760   18.6333
    7.5000  -37.5000   22.5000 2788.0999   18.4092
   -7.5000  -30.0000   22.5000 2850.6062   18.1473
    0.0000  -30.0000   22.5000 2852.9473   17.6804
    7.5000  -30.0000   22.5000 2859.0364   17.5321
   -7.5000  -22.5000   22.5000 2885.1992   17.3921
    0.0000  -22.5000   22.5000 2879.0200   16.8124
    7.5000  -22.5000   22.5000 2869.6667   16.6205
   -7.5000  -15.0000   22.5000 2892.3452   16.9035
    0.0000  -15.0000   22.5000 2882.2705   16.3200
    7.5000  -15.0000   22.5000 2874.7341   16.1852
   -7.5000   -7.5000   22.5000 2881.3452   16.8661
    0.0000   -7.5000   22.5000 2889.8149   16.4694
    7.5000   -7.5000   22.5000 2884.2197   16.3733
   -7.5000    0.0000   22.5000 2861.4270   17.3546
    0.0000    0.0000   22.5000 2879.8657   17.0447
    7.5000    0.0000   22.5000 2878.7742   16.9743
   -7.5000    7.5000   22.5000 2820.2017   18.2597
    0.0000    7.5000   22.5000 2839.6804   17.9740
    7.5000    7.5000   22.5000 2847.3765   17.9237
   -7.5000   15.0000   22.5000 2761.4824   19.4907
    0.0000   15.0000   22.5000 2778.2385   19.1733
    7.5000   15.0000   22.5000 2785.6418   19.1787
   -7.5000   22.5000   22.5000 2680.4253   21.1053
    0.0000   22.5000   22.5000 2697.8696   20.7692
    7.5000   22.5000   22.5000 2706.6089   20.7975
   -7.5000   30.0000   22.5000 2576.7456   23.1453
    0.0000   30.0000   22.5000 2591.3779   22.8368
    7.5000   30.0000   22.5000 2607.2908   22.8512
   -7.5000   37.5000   22.5000 2451.8579   25.6133
    0.0000   37.5000   22.5000 2464.3181   25.3365
    7.5000   37.5000   22.5000 2476.8218   25.3550
   -7.5000   45.0000   22.5000 2326.6741   28.6818
    0.0000   45.0000   22.5000 2346.0010   28.3933
    7.5000   45.0000   22.5000 2349.0640   28.2944
   -7.5000  -45.0000   30.0000 2683.2886   21.0066
    0.0000  -45.0000   30.0000 2686.6160   20.3771
    7.5000  -45.0000   30.0000 2692.8499   20.2302
   -7.5000  -37.5000   30.0000 2763.4424   19.5592
    0.0000  -37.5000   30.0000 2768.1458   19.0815
    7.5000  -37.5000   30.0000 2782.7759   18.9346
   -7.5000  -30.0000   30.0000 2825.5024   18.5868
    0.0000  -30.0000   30.0000 2830.1321   18.0198
    7.5000  -30.0000   30.0000 2845.2256   17.8882
   -7.5000  -22.5000   30.0000 2866.9241   17.7855
    0.0000  -22.5000   30.0000 2866.2561   17.1629
    7.5000  -22.5000   30.0000 2861.8745   16.9693
   -7.5000  -15.0000   30.0000 2886.1030   17.2912
    0.0000  -15.0000   30.0000 2905.5010   16.9023
    7.5000  -15.0000   30.0000 2907.9492   16.7734
   -7.5000   -7.5000   30.0000 2884.0608   17.2610
    0.0000   -7.5000   30.0000 2919.7190   17.0316
    7.5000   -7.5000   30.0000 2921.4438   16.9584
   -7.5000    0.0000   30.0000 2863.0339   17.7139
    0.0000    0.0000   30.0000 2897.5151   17.4829
    7.5000    0.0000   30.0000 2906.4719   17.4722
   -7.5000    7.5000   30.0000 2819.3271   18.5588
    0.0000    7.5000   30.0000 2851.6409   18.2957
    7.5000    7.5000   30.0000 2863.1604   18.3032
   -7.5000   15.0000   30.0000 2756.7830   19.7613
    0.0000   15.0000   30.0000 2783.2400   19.5010
    7.5000   15.0000   30.0000 2795.6963   19.5371
   -7.5000   22.5000   30.0000 2681.4797   21.3602
    0.0000   22.5000   30.0000 2693.0884   21.0707
    7.5000   22.5000   30.0000 2707.5464   21.1135
   -7.5000   30.0000   30.0000 2577.1077   23.3991
    0.0000   30.0000   30.0000 2581.4539   23.0623
    7.5000   30.0000   30.0000 2596.0227   23.0868
   -7.5000   37.5000   30.0000 2453.1123   25.9185
    0.0000   37.5000   30.0000 2463.9087   25.5766
    7.5000   37.5000   30.0000 2467.7085   25.5217
   -7.5000   45.0000   30.0000 2335.0085   28.9830
    0.0000   45.0000   30.0000 2352.6357   28.7060
    7.5000   45.0000   30.0000 2357.7878   28.5343
   -7.5000  -45.0000   37.5000 2656.9033   21.6056
    0.0000  -45.0000   37.5000 2663.7056   20.9789
    7.5000  -45.0000   37.5000 2678.9590   20.9033
   -7.5000  -37.5000   37.5000 2741.6316   20.2017
    0.0000  -37.5000   37.5000 2746.2031   19.6228
    7.5000  -37.5000   37.5000 2764.7585   19.5077
   -7.5000  -30.0000   37.5000 2805.9011   19.2208
    0.0000  -30.0000   37.5000 2810.9182   18.4788
    7.5000  -30.0000   37.5000 2818.3306   18.3437
   -7.5000  -22.5000   37.5000 2848.5503   18.3370
    0.0000  -22.5000   37.5000 2860.3328   17.7575
    7.5000  -22.5000   37.5000 2863.6223   17.6221
   -7.5000  -15.0000   37.5000 2872.3550   17.8717
    0.0000  -15.0000   37.5000 2902.2786   17.5339
    7.5000  -15.0000   37.5000 2910.8945   17.4175
   -7.5000   -7.5000   37.5000 2881.3086   17.8874
    0.0000   -7.5000   37.5000 2912.5276   17.5982
    7.5000   -7.5000   37.5000 2918.4856   17.5242
   -7.5000    0.0000   37.5000 2854.8572   18.3068
    0.0000    0.0000   37.5000 2886.2615   18.0232
    7.5000    0.0000   37.5000 2898.5059   18.0081
   -7.5000    7.5000   37.5000 2808.9653   19.0629
    0.0000    7.5000   37.5000 2845.3528   18.8217
    7.5000    7.5000   37.5000 2860.2783   18.8492
   -7.5000   15.0000   37.5000 2750.9485   20.2164
    0.0000   15.0000   37.5000 2780.7720   19.9875
    7.5000   15.0000   37.5000 2794.5793   20.0298
   -7.5000   22.5000   37.5000 2675.2983   21.7954
    0.0000   22.5000   37.5000 2686.2869   21.5219
    7.5000   22.5000   37.5000 2699.4385   21.5900
   -7.5000   30.0000   37.5000 2562.8381   23.8674
    0.0000   30.0000   37.5000 2568.5627   23.5042
    7.5000   30.0000   37.5000 2583.7471   23.5372
   -7.5000   37.5000   37.5000 2438.6953   26.3239
    0.0000   37.5000   37.5000 2448.2107   25.9872
    7.5000   37.5000   37.5000 2454.3650   25.9081
   -7.5000   45.0000   37.5000 2321.5444   29.3289
    0.0000   45.0000   37.5000 2341.1892   28.9984
    7.5000   45.0000   37.5000 2346.5283   28.8501
   -7.5000  -45.0000   45.0000 2637.6702   22.4461
    0.0000  -45.0000   45.0000 2638.7385   21.7030
    7.5000  -45.0000   45.0000 2649.2607   21.5652
   -7.5000  -37.5000   45.0000 2715.4375   20.9465
    0.0000  -37.5000   45.0000 2720.8367   20.2527
    7.5000  -37.5000   45.0000 2734.6582   20.0877
   -7.5000  -30.0000   45.0000 2780.4790   19.8803
    0.0000  -30.0000   45.0000 2784.7258   19.1274
    7.5000  -30.0000   45.0000 2792.5149   19.0053
   -7.5000  -22.5000   45.0000 2826.8323   19.0419
    0.0000  -22.5000   45.0000 2838.0415   18.5322
    7.5000  -22.5000   45.0000 2843.9294   18.4017
   -7.5000  -15.0000   45.0000 2848.8508   18.6500
    0.0000  -15.0000   45.0000 2871.1819   18.2687
    7.5000  -15.0000   45.0000 2877.1929   18.1680
   -7.5000   -7.5000   45.0000 2850.1948   18.6559
    0.0000   -7.5000   45.0000 2872.5144   18.2970
    7.5000   -7.5000   45.0000 2877.7710   18.2244
   -7.5000    0.0000   45.0000 2827.1829   18.9959
    0.0000    0.0000   45.0000 2853.1262   18.6707
    7.5000    0.0000   45.0000 2861.8862   18.6430
   -7.5000    7.5000   45.0000 2788.4592   19.6964
    0.0000    7.5000   45.0000 2815.2126   19.4208
    7.5000    7.5000   45.0000 2828.1362   19.4599
   -7.5000   15.0000   45.0000 2731.6333   20.8253
    0.0000   15.0000   45.0000 2756.0166   20.5628
    7.5000   15.0000   45.0000 2769.8250   20.6295
   -7.5000   22.5000   45.0000 2653.2578   22.3649
    0.0000   22.5000   45.0000 2660.1899   22.0720
    7.5000   22.5000   45.0000 2670.6917   22.1239
   -7.5000   30.0000   45.0000 2531.8943   24.3434
    0.0000   30.0000   45.0000 2546.4854   24.0492
    7.5000   30.0000   45.0000 2556.9895   24.0636
   -7.5000   37.5000   45.0000 2418.6899   26.8878
    0.0000   37.5000   45.0000 2431.2097   26.5731
    7.5000   37.5000   45.0000 2435.4575   26.5124
   -7.5000   45.0000   45.0000 2310.6897   30.0160
    0.0000   45.0000   45.0000 2326.5071   29.6294
    7.5000   45.0000   45.0000 2326.8447   29.5266

---------------------------------------------------------------------
imgreg_4dfp /opt/freesurfer/average/711-2C_as_mni_average_305 /opt/freesurfer/average/711-2B_as_mni_average_305_mask talsrcimg_g11 none talsrcimg_to_711-2C_as_mni_average_305_t4 1283
---------------------------------------------------------------------

freesurfer imgreg_4dfp.c
/opt/freesurfer/average/711-2C_as_mni_average_305.4dfp.img
       256       256       256         1
  1.000000  1.000000  1.000000
orientation T byte_order littleendian
Reading image: /opt/freesurfer/average/711-2C_as_mni_average_305.4dfp.img
dimensions:      256       256       256
mmppix:       1.0000   -1.0000   -1.0000
center:     128.0000 -129.0000 -129.0000
/opt/freesurfer/average/711-2B_as_mni_average_305_mask.4dfp.img
       256       256       256         1
  1.000000  1.000000  1.000000
orientation T byte_order littleendian
Reading mask: /opt/freesurfer/average/711-2B_as_mni_average_305_mask.4dfp.img (2306576 pixels)
talsrcimg_g11.4dfp.img
       320       320       320         1
  0.800000  0.800000  0.800000
orientation T byte_order littleendian
Reading image: talsrcimg_g11.4dfp.img
dimensions:      320       320       320
mmppix:       0.8000   -0.8000   -0.8000
center:     128.0000 -128.8000 -128.8000
rotation matrix determinant  1.000000
fimgreg.f
image alignment mode   1283 decimal      503 hex
parameters
    7.5000   -7.5000   30.0000    0.0000    0.0000    0.0000
eta,q 0.91612 16.98331
niter,ni,del,rscale     5    3   12.0000    1.2000
parameter  4  0.562043 ->  0.500000 qaram    1.1500
parameter  5 -2.938966 ->  0.500000 qaram    1.1500
parameters
    4.7960   -8.1080   32.2669   -3.4500   -3.4500   -1.9103
eta,q 0.91746 17.08203
  0.0862  0.0892  0.0958  0.0853  0.0833  0.0834
  0.0851  0.0881  0.0912  0.0854  0.0828  0.0829
  0.0864  0.0873  0.0887  0.0858  0.0833  0.0825
  0.0854  0.0862  0.0867  0.0865  0.0854  0.0826
  0.0870  0.0858  0.0866  0.0861  0.0856  0.0834
  0.0903  0.0883  0.0871  0.0869  0.0858  0.0845
  0.0932  0.0926  0.0878  0.0905  0.0858  0.0863
niter,ni,del,rscale     6    3   12.0000    1.2000
parameters
    5.2146   -7.9783   33.0163   -3.8972   -2.7518   -3.1345
eta,q 0.91648 17.13544
  0.0874  0.0911  0.0882  0.0874  0.0885  0.0842
  0.0854  0.0871  0.0856  0.0862  0.0856  0.0839
  0.0833  0.0832  0.0831  0.0842  0.0836  0.0836
  0.0825  0.0828  0.0829  0.0832  0.0832  0.0835
  0.0851  0.0852  0.0835  0.0850  0.0847  0.0838
  0.0867  0.0877  0.0838  0.0871  0.0858  0.0843
  0.0847  0.0891  0.0860  0.0883  0.0858  0.0855
niter,ni,del,rscale     5    3   12.0000    1.2000
parameter  5 -1.158099 -> -0.500000 qaram    1.3225
parameters
    7.8329   -9.0523   30.8552   -6.8176    1.2157   -5.3007
eta,q 0.91736 16.89693
  0.0865  0.0877  0.0859  0.0846  0.0860  0.0833
  0.0842  0.0858  0.0843  0.0842  0.0870  0.0830
  0.0829  0.0851  0.0842  0.0842  0.0871  0.0826
  0.0835  0.0860  0.0855  0.0842  0.0842  0.0827
  0.0857  0.0870  0.0860  0.0849  0.0822  0.0835
  0.0852  0.0874  0.0867  0.0866  0.0834  0.0847
  0.0829  0.0883  0.0889  0.0876  0.0844  0.0856
niter,ni,del,rscale     5    3   12.0000    1.2000
parameter  3  0.587108 ->  0.500000 qaram    1.1500
parameter  4  1.325072 ->  0.500000 qaram    1.3225
parameters
    5.7424   -6.2356   27.4052  -10.7851   -0.2768   -7.9791
eta,q 0.92097 16.83266
  0.0842  0.0931  0.0844  0.0786  0.0813  0.0795
  0.0838  0.0900  0.0818  0.0790  0.0823  0.0789
  0.0833  0.0856  0.0814  0.0795  0.0805  0.0791
  0.0826  0.0834  0.0842  0.0814  0.0791  0.0793
  0.0844  0.0839  0.0856  0.0841  0.0814  0.0797
  0.0880  0.0842  0.0851  0.0866  0.0827  0.0805
  0.0923  0.0839  0.0856  0.0884  0.0833  0.0815
niter,ni,del,rscale     6    3   12.0000    1.2000
parameters
    5.4760   -4.2662   28.6523  -11.0874   -0.9418   -9.8905
eta,q 0.92120 17.05136
  0.0852  0.0901  0.0911  0.0840  0.0840  0.0802
  0.0821  0.0859  0.0863  0.0820  0.0813  0.0793
  0.0794  0.0813  0.0800  0.0803  0.0797  0.0788
  0.0790  0.0789  0.0775  0.0789  0.0790  0.0790
  0.0809  0.0775  0.0804  0.0794  0.0803  0.0803
  0.0830  0.0781  0.0823  0.0825  0.0833  0.0817
  0.0859  0.0818  0.0837  0.0852  0.0853  0.0823
niter,ni,del,rscale     5    3   12.0000    1.2000
parameters
    5.9461   -3.6359   29.0709  -11.0606   -1.2285  -10.4256
eta,q 0.92091 17.10572
  0.0851  0.0873  0.0893  0.0849  0.0846  0.0814
  0.0822  0.0824  0.0835  0.0833  0.0831  0.0802
  0.0800  0.0802  0.0775  0.0809  0.0806  0.0794
  0.0788  0.0789  0.0785  0.0790  0.0790  0.0790
  0.0801  0.0784  0.0810  0.0797  0.0805  0.0794
  0.0818  0.0811  0.0832  0.0826  0.0835  0.0809
  0.0830  0.0841  0.0850  0.0856  0.0855  0.0824
niter,ni,del,rscale     4    3   12.0000    1.2000
parameters
    5.9053   -3.4617   29.2968  -10.9796   -1.4716  -10.4021
eta,q 0.92073 17.12847
  0.0841  0.0860  0.0889  0.0852  0.0845  0.0820
  0.0820  0.0823  0.0826  0.0839  0.0835  0.0809
  0.0802  0.0807  0.0773  0.0813  0.0812  0.0798
  0.0791  0.0791  0.0790  0.0793  0.0792  0.0793
  0.0805  0.0792  0.0812  0.0799  0.0805  0.0793
  0.0822  0.0822  0.0836  0.0829  0.0837  0.0805
  0.0840  0.0854  0.0852  0.0860  0.0856  0.0823
niter,ni,del,rscale     3    3   12.0000    1.2000
parameters
    5.8090   -3.4265   29.4455  -10.9422   -1.5951  -10.2251
eta,q 0.92065 17.13873
  0.0840  0.0857  0.0886  0.0853  0.0846  0.0823
  0.0822  0.0826  0.0822  0.0842  0.0837  0.0811
  0.0806  0.0810  0.0774  0.0815  0.0815  0.0801
  0.0793  0.0793  0.0792  0.0794  0.0794  0.0794
  0.0805  0.0796  0.0813  0.0802  0.0804  0.0794
  0.0825  0.0825  0.0837  0.0831  0.0836  0.0806
  0.0843  0.0860  0.0852  0.0863  0.0855  0.0824
niter,ni,del,rscale     2    3   12.0000    1.2000
parameters
    5.7588   -3.4279   29.5276  -10.9286   -1.6491  -10.1220
eta,q 0.92056 17.14283
  0.0841  0.0856  0.0883  0.0854  0.0847  0.0823
  0.0823  0.0827  0.0818  0.0843  0.0838  0.0812
  0.0809  0.0813  0.0774  0.0816  0.0816  0.0801
  0.0794  0.0794  0.0794  0.0794  0.0794  0.0795
  0.0805  0.0798  0.0813  0.0803  0.0804  0.0795
  0.0825  0.0827  0.0837  0.0832  0.0835  0.0807
  0.0843  0.0862  0.0852  0.0865  0.0855  0.0825
niter,ni,del,rscale     1    3   12.0000    1.2000
parameters
    5.7345   -3.4271   29.5651  -10.9281   -1.6695  -10.0662
eta,q 0.92052 17.14463
  0.0842  0.0856  0.0882  0.0854  0.0847  0.0823
  0.0823  0.0829  0.0816  0.0844  0.0838  0.0812
  0.0809  0.0814  0.0774  0.0816  0.0817  0.0802
  0.0794  0.0794  0.0794  0.0795  0.0795  0.0795
  0.0805  0.0798  0.0814  0.0804  0.0804  0.0796
  0.0825  0.0827  0.0837  0.0833  0.0834  0.0808
  0.0843  0.0863  0.0852  0.0865  0.0855  0.0826
registration optimization eta report
parameter search radius
    6.0000    6.0000    6.9000    7.9350    7.9350    6.0000
100000*second partial in parameter space
       12.       17.       16.        9.        8.        8.
  0.0842  0.0856  0.0882  0.0854  0.0847  0.0823
  0.0823  0.0829  0.0816  0.0844  0.0838  0.0812
  0.0809  0.0814  0.0774  0.0816  0.0817  0.0802
  0.0794  0.0794  0.0794  0.0795  0.0795  0.0795
  0.0805  0.0798  0.0814  0.0804  0.0804  0.0796
  0.0825  0.0827  0.0837  0.0833  0.0834  0.0808
  0.0843  0.0863  0.0852  0.0865  0.0855  0.0826
    5.7345   -3.4271   29.5651  -10.9281   -1.6695  -10.0662
eta,q 0.92052 17.14463

---------------------------------------------------------------------
imgreg_4dfp /opt/freesurfer/average/711-2C_as_mni_average_305 /opt/freesurfer/average/711-2B_as_mni_average_305_mask talsrcimg_g11 none talsrcimg_to_711-2C_as_mni_average_305_t4 3335
---------------------------------------------------------------------

freesurfer imgreg_4dfp.c
/opt/freesurfer/average/711-2C_as_mni_average_305.4dfp.img
       256       256       256         1
  1.000000  1.000000  1.000000
orientation T byte_order littleendian
Reading image: /opt/freesurfer/average/711-2C_as_mni_average_305.4dfp.img
dimensions:      256       256       256
mmppix:       1.0000   -1.0000   -1.0000
center:     128.0000 -129.0000 -129.0000
/opt/freesurfer/average/711-2B_as_mni_average_305_mask.4dfp.img
       256       256       256         1
  1.000000  1.000000  1.000000
orientation T byte_order littleendian
Reading mask: /opt/freesurfer/average/711-2B_as_mni_average_305_mask.4dfp.img (2306576 pixels)
talsrcimg_g11.4dfp.img
       320       320       320         1
  0.800000  0.800000  0.800000
orientation T byte_order littleendian
Reading image: talsrcimg_g11.4dfp.img
dimensions:      320       320       320
mmppix:       0.8000   -0.8000   -0.8000
center:     128.0000 -128.8000 -128.8000
fimgreg.f
image alignment mode   3335 decimal      D07 hex
parameters
    5.7345   -3.4271   29.5651   -1.5812   -3.2283   -1.8551
   16.6179    6.1301  -17.4712   18.1658   -2.9134  -18.9496
eta,q 0.92050 17.13501
niter,ni,del,rscale     5    3    5.0000    1.2000
parameter  4112.234703 ->  0.500000 qaram    1.1500
parameter  5  1.634894 ->  0.500000 qaram    1.1500
parameter  7  1.218199 ->  0.500000 qaram    1.1500
parameter  9 -1.502505 -> -0.500000 qaram    1.1500
parameter 10 -1.062361 -> -0.500000 qaram    1.1500
parameter 12 -2.560732 -> -0.500000 qaram    1.1500
parameters
    5.6013   -4.4192   29.9257   -5.7212   -7.3683   -4.7169
   12.4779    3.3511  -13.3312   22.3058   -1.5684  -14.8096
eta,q 0.93294 16.90101
  0.0801  0.0796  0.0802  0.0711  0.0710  0.0721  0.0704  0.0712  0.0726  0.0733  0.0692  0.0708
  0.0798  0.0795  0.0798  0.0736  0.0716  0.0718  0.0706  0.0704  0.0717  0.0717  0.0687  0.0699
  0.0796  0.0794  0.0795  0.0764  0.0728  0.0717  0.0710  0.0702  0.0709  0.0704  0.0684  0.0690
  0.0795  0.0795  0.0794  0.0794  0.0744  0.0719  0.0717  0.0707  0.0702  0.0694  0.0682  0.0682
  0.0796  0.0798  0.0794  0.0824  0.0763  0.0725  0.0725  0.0715  0.0697  0.0686  0.0682  0.0675
  0.0799  0.0802  0.0796  0.0851  0.0784  0.0737  0.0736  0.0731  0.0693  0.0682  0.0684  0.0669
  0.0803  0.0808  0.0798  0.0878  0.0809  0.0758  0.0747  0.0751  0.0690  0.0680  0.0687  0.0665
niter,ni,del,rscale     7    3    5.0000    1.2000
parameter  3  1.148130 ->  0.500000 qaram    1.1500
parameter  4  1.072141 ->  0.500000 qaram    1.3225
parameter  5  0.522296 ->  0.500000 qaram    1.3225
parameter  6 -0.927903 -> -0.500000 qaram    1.1500
parameter  9 -0.603433 -> -0.500000 qaram    1.3225
parameter 10 -0.821524 -> -0.500000 qaram    1.3225
parameter 12 -0.745518 -> -0.500000 qaram    1.3225
parameters
    6.0823   -4.5144   28.5457  -10.4822  -12.1293   -0.5769
   10.0399    1.7448   -8.5702   27.0668    0.0523  -10.0486
eta,q 0.93966 16.78316
  0.0693  0.0679  0.0663  0.0627  0.0631  0.0639  0.0628  0.0632  0.0644  0.0662  0.0613  0.0624
  0.0683  0.0673  0.0664  0.0631  0.0628  0.0635  0.0624  0.0624  0.0634  0.0644  0.0610  0.0617
  0.0676  0.0670  0.0666  0.0641  0.0626  0.0631  0.0622  0.0621  0.0627  0.0629  0.0608  0.0611
  0.0671  0.0670  0.0670  0.0665  0.0633  0.0627  0.0623  0.0622  0.0621  0.0618  0.0607  0.0607
  0.0670  0.0671  0.0674  0.0705  0.0642  0.0623  0.0627  0.0626  0.0618  0.0611  0.0607  0.0604
  0.0673  0.0674  0.0680  0.0744  0.0659  0.0623  0.0635  0.0634  0.0618  0.0606  0.0608  0.0603
  0.0681  0.0680  0.0687  0.0784  0.0680  0.0624  0.0646  0.0652  0.0619  0.0607  0.0610  0.0604
niter,ni,del,rscale     7    3    5.0000    1.2000
parameter  2  0.738122 ->  0.500000 qaram    1.1500
parameter  3  0.583625 ->  0.500000 qaram    1.3225
parameter  5  0.731315 ->  0.500000 qaram    1.5209
parameter 12  0.742489 ->  0.500000 qaram    1.5209
parameters
    5.9292   -5.8944   26.9587  -14.7184  -17.6045    3.0562
    6.0345    1.1903   -4.8732   29.1711    0.9777  -15.5237
eta,q 0.94266 16.45969
  0.0614  0.0600  0.0598  0.0597  0.0585  0.0602  0.0584  0.0597  0.0593  0.0625  0.0582  0.0573
  0.0608  0.0599  0.0598  0.0594  0.0588  0.0597  0.0582  0.0586  0.0586  0.0606  0.0580  0.0573
  0.0604  0.0600  0.0598  0.0592  0.0590  0.0593  0.0581  0.0581  0.0583  0.0591  0.0578  0.0574
  0.0603  0.0603  0.0599  0.0598  0.0592  0.0589  0.0583  0.0581  0.0581  0.0580  0.0577  0.0577
  0.0605  0.0608  0.0602  0.0615  0.0599  0.0585  0.0587  0.0584  0.0580  0.0577  0.0577  0.0581
  0.0610  0.0615  0.0606  0.0664  0.0608  0.0583  0.0594  0.0590  0.0580  0.0584  0.0578  0.0586
  0.0618  0.0622  0.0611  0.0732  0.0625  0.0591  0.0602  0.0603  0.0582  0.0600  0.0580  0.0594
niter,ni,del,rscale     7    3    5.0000    1.2000
parameter  2  1.712044 ->  0.500000 qaram    1.3225
parameter  5  1.956290 ->  0.500000 qaram    1.7490
parameter 11 -1.220415 ->  0.500000 qaram    1.1500
parameter 12 19.008081 ->  0.500000 qaram    1.7490
parameters
    5.1465   -7.4814   26.5036  -17.5240  -23.9009    2.5798
    4.5392   -1.1575   -6.1457   26.9701   -3.1623  -21.8202
eta,q 0.94632 16.12030
  0.0577  0.0560  0.0571  0.0572  0.0534  0.0569  0.0552  0.0549  0.0547  0.0553  0.0545  0.0530
  0.0573  0.0562  0.0566  0.0568  0.0542  0.0562  0.0549  0.0546  0.0545  0.0551  0.0546  0.0535
  0.0572  0.0566  0.0563  0.0564  0.0553  0.0555  0.0547  0.0545  0.0545  0.0548  0.0546  0.0541
  0.0573  0.0572  0.0563  0.0563  0.0564  0.0545  0.0546  0.0546  0.0545  0.0545  0.0547  0.0546
  0.0577  0.0579  0.0566  0.0568  0.0576  0.0545  0.0548  0.0548  0.0545  0.0547  0.0547  0.0551
  0.0582  0.0587  0.0571  0.0585  0.0593  0.0556  0.0553  0.0554  0.0546  0.0558  0.0547  0.0557
  0.0589  0.0596  0.0578  0.0632  0.0613  0.0589  0.0560  0.0564  0.0548  0.0574  0.0547  0.0563
niter,ni,del,rscale     7    3    5.0000    1.2000
parameter  2  2.547316 ->  0.500000 qaram    1.5209
parameter  3  1.836697 ->  0.500000 qaram    1.5209
parameter  5  0.623937 ->  0.500000 qaram    2.0114
parameter  8  1.391073 ->  0.500000 qaram    1.1500
parameter 10  0.844170 ->  0.500000 qaram    1.5209
parameter 11 -2.434427 ->  0.500000 qaram    1.3225
parameter 12  0.917666 ->  0.500000 qaram    2.0114
parameters
    4.8314   -9.3064   24.6785  -19.6440  -31.1418   -0.7800
    5.0491   -5.2975   -7.4331   21.4949   -7.9233  -29.0611
eta,q 0.95273 15.66823
  0.0543  0.0509  0.0503  0.0513  0.0501  0.0492  0.0516  0.0494  0.0501  0.0481  0.0478  0.0473
  0.0539  0.0516  0.0506  0.0512  0.0496  0.0500  0.0508  0.0493  0.0496  0.0484  0.0480  0.0472
  0.0537  0.0525  0.0511  0.0510  0.0498  0.0498  0.0502  0.0496  0.0494  0.0488  0.0483  0.0475
  0.0537  0.0537  0.0518  0.0507  0.0509  0.0495  0.0499  0.0499  0.0494  0.0493  0.0485  0.0481
  0.0538  0.0550  0.0525  0.0508  0.0533  0.0496  0.0500  0.0502  0.0496  0.0502  0.0487  0.0489
  0.0542  0.0564  0.0533  0.0514  0.0566  0.0511  0.0505  0.0506  0.0500  0.0518  0.0489  0.0499
  0.0547  0.0578  0.0544  0.0541  0.0601  0.0544  0.0512  0.0509  0.0505  0.0538  0.0490  0.0509
niter,ni,del,rscale     7    3    5.0000    1.2000
parameter  2  0.842162 ->  0.500000 qaram    1.7490
parameter  3 42.522488 ->  0.500000 qaram    1.7490
parameter  6  1.347490 ->  0.500000 qaram    1.3225
parameter 10  0.574670 ->  0.500000 qaram    1.7490
parameter 11 -0.784096 -> -0.500000 qaram    1.5209
parameters
    5.6769  -11.4052   22.5797  -22.0277  -31.4167   -5.5410
    3.1932   -2.3069   -5.8868   15.1985   -2.4482  -26.8898
eta,q 0.96000 15.42423
  0.0488  0.0462  0.0421  0.0447  0.0472  0.0397  0.0426  0.0463  0.0427  0.0408  0.0417  0.0427
  0.0481  0.0462  0.0427  0.0441  0.0457  0.0413  0.0420  0.0435  0.0420  0.0404  0.0412  0.0409
  0.0476  0.0466  0.0444  0.0436  0.0444  0.0427  0.0417  0.0424  0.0415  0.0405  0.0407  0.0402
  0.0473  0.0472  0.0463  0.0430  0.0434  0.0435  0.0418  0.0417  0.0413  0.0413  0.0403  0.0400
  0.0472  0.0480  0.0476  0.0432  0.0431  0.0465  0.0422  0.0413  0.0414  0.0425  0.0401  0.0401
  0.0472  0.0492  0.0486  0.0460  0.0442  0.0496  0.0428  0.0415  0.0416  0.0440  0.0400  0.0406
  0.0475  0.0507  0.0502  0.0524  0.0493  0.0531  0.0435  0.0422  0.0420  0.0467  0.0400  0.0412
niter,ni,del,rscale     7    3    5.0000    1.2000
parameter  3  2.231854 ->  0.500000 qaram    2.0114
parameter  4 -6.331992 -> -0.500000 qaram    1.5209
parameter  6  0.533510 ->  0.500000 qaram    1.5209
parameter 10 -0.591980 -> -0.500000 qaram    2.0114
parameters
    5.2532  -12.0560   20.1661  -16.5526  -25.6338  -11.0162
    5.6053   -1.4641   -1.8708   22.4394   -0.0852  -28.9091
eta,q 0.96940 16.08032
  0.0409  0.0416  0.0357  0.0386  0.0399  0.0337  0.0348  0.0353  0.0339  0.0402  0.0333  0.0322
  0.0403  0.0405  0.0364  0.0379  0.0384  0.0331  0.0340  0.0342  0.0333  0.0373  0.0322  0.0312
  0.0400  0.0400  0.0378  0.0372  0.0370  0.0331  0.0334  0.0334  0.0330  0.0349  0.0313  0.0307
  0.0400  0.0400  0.0399  0.0367  0.0357  0.0343  0.0330  0.0329  0.0329  0.0328  0.0308  0.0307
  0.0403  0.0405  0.0424  0.0361  0.0345  0.0373  0.0329  0.0329  0.0328  0.0312  0.0307  0.0311
  0.0409  0.0415  0.0447  0.0355  0.0339  0.0418  0.0331  0.0335  0.0328  0.0309  0.0310  0.0320
  0.0417  0.0429  0.0468  0.0351  0.0367  0.0484  0.0335  0.0346  0.0329  0.0324  0.0319  0.0332
niter,ni,del,rscale     7    3    5.0000    1.2000
parameter  3  0.507263 ->  0.500000 qaram    2.3131
parameters
    5.0996  -11.6208   17.3904  -14.5634  -26.5889  -12.0258
    5.4572   -1.3876   -3.5297   22.9515    0.8671  -32.5521
eta,q 0.97129 16.12715
  0.0321  0.0355  0.0304  0.0340  0.0352  0.0331  0.0306  0.0319  0.0300  0.0359  0.0305  0.0302
  0.0312  0.0330  0.0297  0.0328  0.0330  0.0316  0.0299  0.0302  0.0294  0.0330  0.0298  0.0287
  0.0307  0.0313  0.0296  0.0314  0.0307  0.0301  0.0294  0.0295  0.0292  0.0307  0.0293  0.0286
  0.0306  0.0306  0.0306  0.0296  0.0285  0.0289  0.0292  0.0292  0.0292  0.0291  0.0290  0.0290
  0.0309  0.0308  0.0327  0.0276  0.0274  0.0288  0.0293  0.0294  0.0294  0.0290  0.0291  0.0297
  0.0315  0.0319  0.0362  0.0275  0.0311  0.0306  0.0298  0.0303  0.0300  0.0310  0.0294  0.0306
  0.0325  0.0338  0.0407  0.0336  0.0419  0.0382  0.0308  0.0317  0.0310  0.0362  0.0301  0.0313
niter,ni,del,rscale     7    3    5.0000    1.2000
parameters
    5.2103  -11.3255   16.6936  -15.1220  -27.0601  -12.5039
    5.8772   -1.3237   -3.3323   24.5529    0.1216  -32.5970
eta,q 0.97064 16.11684
  0.0306  0.0328  0.0319  0.0336  0.0359  0.0338  0.0309  0.0317  0.0306  0.0370  0.0301  0.0328
  0.0296  0.0305  0.0303  0.0324  0.0338  0.0322  0.0302  0.0303  0.0300  0.0331  0.0297  0.0295
  0.0289  0.0291  0.0292  0.0308  0.0314  0.0308  0.0297  0.0298  0.0296  0.0307  0.0295  0.0290
  0.0287  0.0287  0.0287  0.0288  0.0292  0.0294  0.0295  0.0295  0.0295  0.0295  0.0294  0.0294
  0.0289  0.0291  0.0293  0.0271  0.0276  0.0285  0.0296  0.0297  0.0296  0.0294  0.0295  0.0300
  0.0294  0.0301  0.0313  0.0294  0.0307  0.0297  0.0299  0.0304  0.0299  0.0307  0.0298  0.0309
  0.0303  0.0316  0.0350  0.0395  0.0412  0.0382  0.0307  0.0316  0.0306  0.0346  0.0305  0.0317
niter,ni,del,rscale     6    3    5.0000    1.2000
parameters
    5.2281  -11.3364   16.6157  -15.1362  -26.9351  -12.3758
    5.8718   -1.1356   -3.5786   24.2999    0.0204  -32.3136
eta,q 0.97067 16.11551
  0.0308  0.0325  0.0327  0.0341  0.0361  0.0340  0.0305  0.0319  0.0303  0.0356  0.0302  0.0332
  0.0300  0.0305  0.0313  0.0329  0.0341  0.0324  0.0299  0.0301  0.0297  0.0322  0.0297  0.0296
  0.0295  0.0295  0.0301  0.0314  0.0317  0.0309  0.0294  0.0295  0.0294  0.0301  0.0294  0.0289
  0.0294  0.0294  0.0294  0.0294  0.0294  0.0293  0.0293  0.0293  0.0293  0.0293  0.0293  0.0293
  0.0295  0.0299  0.0294  0.0274  0.0277  0.0283  0.0294  0.0295  0.0294  0.0296  0.0294  0.0300
  0.0300  0.0309  0.0307  0.0290  0.0297  0.0290  0.0298  0.0303  0.0298  0.0315  0.0297  0.0308
  0.0307  0.0322  0.0337  0.0381  0.0399  0.0367  0.0306  0.0314  0.0305  0.0370  0.0303  0.0316
niter,ni,del,rscale     5    3    5.0000    1.2000
parameters
    5.2219  -11.3578   16.6465  -15.1057  -26.8817  -12.3266
    5.9379   -1.1411   -3.5673   24.2231    0.0545  -32.2206
eta,q 0.97073 16.11798
  0.0307  0.0325  0.0328  0.0340  0.0361  0.0340  0.0305  0.0317  0.0304  0.0358  0.0302  0.0329
  0.0299  0.0305  0.0314  0.0328  0.0340  0.0324  0.0299  0.0300  0.0297  0.0323  0.0297  0.0295
  0.0295  0.0295  0.0302  0.0313  0.0316  0.0308  0.0294  0.0295  0.0294  0.0302  0.0294  0.0289
  0.0293  0.0293  0.0293  0.0293  0.0293  0.0293  0.0293  0.0293  0.0293  0.0293  0.0293  0.0293
  0.0295  0.0299  0.0293  0.0273  0.0276  0.0283  0.0294  0.0295  0.0294  0.0295  0.0293  0.0299
  0.0300  0.0309  0.0305  0.0289  0.0298  0.0291  0.0297  0.0303  0.0297  0.0314  0.0296  0.0308
  0.0307  0.0322  0.0335  0.0379  0.0400  0.0368  0.0306  0.0315  0.0304  0.0368  0.0302  0.0316
registration optimization eta report
parameter search radius
    2.4000    4.1976    5.5513   10.9503   14.4818   10.9503
    8.2800    8.2800    9.5220   14.4818   10.9503   14.4818
100000*second partial in parameter space
       24.       17.       12.        6.        4.        5.
        2.        3.        1.        3.        1.        1.
  0.0307  0.0325  0.0328  0.0340  0.0361  0.0340  0.0305  0.0317  0.0304  0.0358  0.0302  0.0329
  0.0299  0.0305  0.0314  0.0328  0.0340  0.0324  0.0299  0.0300  0.0297  0.0323  0.0297  0.0295
  0.0295  0.0295  0.0302  0.0313  0.0316  0.0308  0.0294  0.0295  0.0294  0.0302  0.0294  0.0289
  0.0293  0.0293  0.0293  0.0293  0.0293  0.0293  0.0293  0.0293  0.0293  0.0293  0.0293  0.0293
  0.0295  0.0299  0.0293  0.0273  0.0276  0.0283  0.0294  0.0295  0.0294  0.0295  0.0293  0.0299
  0.0300  0.0309  0.0305  0.0289  0.0298  0.0291  0.0297  0.0303  0.0297  0.0314  0.0296  0.0308
  0.0307  0.0322  0.0335  0.0379  0.0400  0.0368  0.0306  0.0315  0.0304  0.0368  0.0302  0.0316
    5.2219  -11.3578   16.6465  -15.1057  -26.8817  -12.3266
    5.9379   -1.1411   -3.5673   24.2231    0.0545  -32.2206
eta,q 0.97073 16.11798

---------------------------------------------------------------------
imgreg_4dfp /opt/freesurfer/average/711-2C_as_mni_average_305 /opt/freesurfer/average/711-2B_as_mni_average_305_mask talsrcimg_g11 none talsrcimg_to_711-2C_as_mni_average_305_t4 2311
---------------------------------------------------------------------

freesurfer imgreg_4dfp.c
/opt/freesurfer/average/711-2C_as_mni_average_305.4dfp.img
       256       256       256         1
  1.000000  1.000000  1.000000
orientation T byte_order littleendian
Reading image: /opt/freesurfer/average/711-2C_as_mni_average_305.4dfp.img
dimensions:      256       256       256
mmppix:       1.0000   -1.0000   -1.0000
center:     128.0000 -129.0000 -129.0000
/opt/freesurfer/average/711-2B_as_mni_average_305_mask.4dfp.img
       256       256       256         1
  1.000000  1.000000  1.000000
orientation T byte_order littleendian
Reading mask: /opt/freesurfer/average/711-2B_as_mni_average_305_mask.4dfp.img (2306576 pixels)
talsrcimg_g11.4dfp.img
       320       320       320         1
  0.800000  0.800000  0.800000
orientation T byte_order littleendian
Reading image: talsrcimg_g11.4dfp.img
dimensions:      320       320       320
mmppix:       0.8000   -0.8000   -0.8000
center:     128.0000 -128.8000 -128.8000
fimgreg.f
image alignment mode   2311 decimal      907 hex
parameters
    5.2219  -11.3578   16.6465  -15.1057  -26.8816  -12.3266
    5.9379   -1.1411   -3.5673   24.2231    0.0545  -32.2206
eta,q 0.97073 16.11799
niter,ni,del,rscale     5    3    5.0000    0.8000
parameter  3 -0.653160 -> -0.500000 qaram    1.1500
parameter  4 -2.952379 -> -0.500000 qaram    1.1500
parameter  5 -2.440335 -> -0.500000 qaram    1.1500
parameter  6 -0.513894 -> -0.500000 qaram    1.1500
parameters
    5.1932  -11.7680   17.5665  -12.3457  -24.1216   -9.5666
    5.5893   -1.2278   -3.5776   23.9645   -0.2265  -33.7909
eta,q 0.97388 16.45472
  0.0299  0.0295  0.0299  0.0316  0.0300  0.0286  0.0271  0.0283  0.0269  0.0274  0.0267  0.0264
  0.0295  0.0293  0.0296  0.0308  0.0292  0.0279  0.0266  0.0269  0.0265  0.0267  0.0264  0.0261
  0.0293  0.0292  0.0294  0.0300  0.0284  0.0272  0.0263  0.0263  0.0263  0.0263  0.0262  0.0261
  0.0293  0.0293  0.0292  0.0291  0.0277  0.0266  0.0262  0.0262  0.0262  0.0262  0.0262  0.0262
  0.0294  0.0294  0.0291  0.0282  0.0270  0.0263  0.0263  0.0266  0.0263  0.0264  0.0263  0.0264
  0.0296  0.0296  0.0291  0.0275  0.0265  0.0263  0.0267  0.0273  0.0265  0.0269  0.0265  0.0266
  0.0299  0.0299  0.0292  0.0273  0.0261  0.0267  0.0275  0.0282  0.0270  0.0277  0.0268  0.0269
niter,ni,del,rscale     7    3    5.0000    1.0000
parameter  3  0.632562 ->  0.500000 qaram    1.3225
parameters
    5.1235  -11.9923   16.2440  -13.1021  -23.9329  -10.6866
    5.1587   -0.6228   -3.5610   25.8107    0.3412  -35.2306
eta,q 0.97413 16.54215
  0.0282  0.0272  0.0257  0.0298  0.0290  0.0286  0.0274  0.0299  0.0272  0.0291  0.0268  0.0265
  0.0271  0.0265  0.0255  0.0284  0.0278  0.0276  0.0268  0.0274  0.0266  0.0277  0.0264  0.0259
  0.0264  0.0262  0.0256  0.0269  0.0267  0.0266  0.0263  0.0263  0.0263  0.0268  0.0261  0.0258
  0.0261  0.0261  0.0261  0.0255  0.0259  0.0258  0.0261  0.0261  0.0262  0.0262  0.0260  0.0260
  0.0264  0.0264  0.0269  0.0255  0.0256  0.0259  0.0263  0.0265  0.0263  0.0260  0.0261  0.0263
  0.0272  0.0269  0.0280  0.0285  0.0266  0.0280  0.0269  0.0272  0.0266  0.0262  0.0262  0.0266
  0.0287  0.0278  0.0295  0.0350  0.0296  0.0344  0.0281  0.0282  0.0272  0.0269  0.0265  0.0271
niter,ni,del,rscale     7    3    5.0000    1.0000
parameters
    5.0811  -11.8693   15.8818  -12.6715  -23.7264  -11.0927
    5.2095   -0.4147   -3.6332   26.3828    0.9229  -35.2449
eta,q 0.97434 16.59292
  0.0275  0.0273  0.0270  0.0303  0.0289  0.0288  0.0272  0.0292  0.0268  0.0281  0.0265  0.0270
  0.0266  0.0265  0.0263  0.0290  0.0276  0.0276  0.0265  0.0267  0.0262  0.0268  0.0260  0.0260
  0.0261  0.0261  0.0259  0.0274  0.0265  0.0265  0.0260  0.0257  0.0258  0.0260  0.0258  0.0256
  0.0259  0.0259  0.0259  0.0258  0.0256  0.0255  0.0257  0.0257  0.0257  0.0257  0.0257  0.0257
  0.0260  0.0260  0.0262  0.0249  0.0252  0.0251  0.0257  0.0261  0.0258  0.0258  0.0257  0.0259
  0.0267  0.0263  0.0269  0.0261  0.0263  0.0263  0.0262  0.0269  0.0262  0.0263  0.0259  0.0263
  0.0278  0.0270  0.0280  0.0311  0.0295  0.0320  0.0274  0.0283  0.0269  0.0273  0.0262  0.0267
niter,ni,del,rscale     6    3    5.0000    0.9000
parameters
    5.0017  -11.8704   15.6735  -12.1149  -23.3129  -10.7441
    5.1236   -0.4597   -3.5931   26.6213    1.3735  -35.0885
eta,q 0.97492 16.65962
  0.0270  0.0267  0.0266  0.0299  0.0283  0.0283  0.0265  0.0282  0.0262  0.0272  0.0259  0.0265
  0.0263  0.0261  0.0261  0.0285  0.0272  0.0272  0.0258  0.0261  0.0256  0.0260  0.0254  0.0255
  0.0258  0.0258  0.0257  0.0271  0.0261  0.0262  0.0253  0.0252  0.0252  0.0254  0.0252  0.0251
  0.0257  0.0257  0.0257  0.0257  0.0253  0.0252  0.0251  0.0251  0.0251  0.0251  0.0251  0.0251
  0.0258  0.0258  0.0258  0.0248  0.0250  0.0246  0.0251  0.0255  0.0252  0.0252  0.0251  0.0253
  0.0264  0.0261  0.0263  0.0258  0.0258  0.0251  0.0257  0.0264  0.0255  0.0258  0.0253  0.0257
  0.0274  0.0267  0.0271  0.0300  0.0284  0.0290  0.0268  0.0281  0.0262  0.0269  0.0256  0.0261
niter,ni,del,rscale     5    3    5.0000    0.8000
parameters
    4.9058  -11.9454   15.4493  -11.8800  -23.1030  -10.4463
    5.0887   -0.5907   -3.5018   26.7785    1.7589  -35.0483
eta,q 0.97523 16.69712
  0.0263  0.0259  0.0259  0.0289  0.0274  0.0277  0.0260  0.0275  0.0258  0.0266  0.0255  0.0260
  0.0256  0.0254  0.0254  0.0277  0.0265  0.0267  0.0254  0.0257  0.0252  0.0256  0.0251  0.0251
  0.0252  0.0252  0.0251  0.0263  0.0256  0.0258  0.0250  0.0249  0.0249  0.0250  0.0249  0.0248
  0.0251  0.0251  0.0251  0.0251  0.0249  0.0249  0.0248  0.0248  0.0248  0.0248  0.0248  0.0248
  0.0253  0.0252  0.0253  0.0246  0.0248  0.0244  0.0248  0.0251  0.0248  0.0249  0.0248  0.0250
  0.0258  0.0256  0.0257  0.0258  0.0255  0.0249  0.0253  0.0260  0.0252  0.0254  0.0250  0.0253
  0.0267  0.0261  0.0264  0.0297  0.0277  0.0283  0.0261  0.0276  0.0257  0.0264  0.0253  0.0257
niter,ni,del,rscale     4    3    5.0000    0.7000
parameters
    4.8561  -12.0153   15.3368  -11.6333  -22.9549  -10.1794
    4.9929   -0.7208   -3.4319   26.8603    1.9734  -35.0242
eta,q 0.97548 16.72264
  0.0259  0.0255  0.0256  0.0282  0.0267  0.0270  0.0255  0.0268  0.0253  0.0260  0.0251  0.0256
  0.0253  0.0251  0.0251  0.0270  0.0258  0.0262  0.0250  0.0253  0.0249  0.0252  0.0248  0.0248
  0.0249  0.0248  0.0248  0.0258  0.0251  0.0254  0.0247  0.0247  0.0246  0.0247  0.0246  0.0245
  0.0248  0.0248  0.0248  0.0248  0.0247  0.0246  0.0245  0.0245  0.0245  0.0245  0.0245  0.0245
  0.0249  0.0249  0.0249  0.0244  0.0246  0.0242  0.0246  0.0248  0.0246  0.0246  0.0246  0.0247
  0.0253  0.0252  0.0252  0.0254  0.0252  0.0247  0.0250  0.0256  0.0248  0.0251  0.0247  0.0250
  0.0261  0.0256  0.0258  0.0285  0.0269  0.0275  0.0257  0.0270  0.0253  0.0259  0.0250  0.0254
niter,ni,del,rscale     3    3    5.0000    0.6000
parameters
    4.8236  -12.0660   15.2639  -11.4196  -22.8377   -9.9119
    4.8815   -0.8010   -3.3842   26.9202    2.0811  -34.9845
eta,q 0.97568 16.74151
  0.0254  0.0251  0.0252  0.0274  0.0260  0.0264  0.0251  0.0263  0.0250  0.0255  0.0248  0.0252
  0.0249  0.0248  0.0248  0.0263  0.0253  0.0257  0.0247  0.0251  0.0246  0.0249  0.0245  0.0246
  0.0246  0.0246  0.0246  0.0253  0.0248  0.0250  0.0244  0.0245  0.0244  0.0245  0.0244  0.0243
  0.0245  0.0245  0.0245  0.0245  0.0244  0.0244  0.0243  0.0243  0.0243  0.0243  0.0243  0.0243
  0.0246  0.0246  0.0246  0.0243  0.0244  0.0241  0.0244  0.0246  0.0244  0.0244  0.0244  0.0245
  0.0250  0.0248  0.0249  0.0252  0.0249  0.0245  0.0247  0.0252  0.0246  0.0248  0.0245  0.0247
  0.0256  0.0252  0.0253  0.0275  0.0261  0.0266  0.0252  0.0264  0.0250  0.0255  0.0248  0.0250
niter,ni,del,rscale     2    3    5.0000    0.5000
parameters
    4.7942  -12.1075   15.2177  -11.2404  -22.7422   -9.6414
    4.7899   -0.8593   -3.3737   26.9519    2.1432  -34.9180
eta,q 0.97582 16.75449
  0.0250  0.0247  0.0249  0.0266  0.0254  0.0258  0.0247  0.0257  0.0247  0.0251  0.0246  0.0248
  0.0246  0.0245  0.0245  0.0257  0.0249  0.0253  0.0244  0.0248  0.0244  0.0246  0.0244  0.0244
  0.0244  0.0244  0.0244  0.0249  0.0245  0.0247  0.0243  0.0243  0.0242  0.0243  0.0242  0.0242
  0.0243  0.0243  0.0243  0.0243  0.0243  0.0243  0.0242  0.0242  0.0242  0.0242  0.0242  0.0242
  0.0244  0.0244  0.0244  0.0242  0.0243  0.0240  0.0242  0.0244  0.0242  0.0243  0.0242  0.0243
  0.0247  0.0245  0.0246  0.0249  0.0246  0.0244  0.0245  0.0249  0.0244  0.0245  0.0243  0.0245
  0.0251  0.0248  0.0249  0.0266  0.0255  0.0259  0.0248  0.0258  0.0247  0.0251  0.0245  0.0247
niter,ni,del,rscale     1    3    5.0000    0.4000
parameters
    4.7712  -12.1447   15.1942  -11.0978  -22.6590   -9.3791
    4.7371   -0.9029   -3.3725   26.9474    2.1814  -34.8176
eta,q 0.97592 16.76245
  0.0247  0.0245  0.0246  0.0258  0.0249  0.0253  0.0245  0.0252  0.0244  0.0247  0.0244  0.0246
  0.0244  0.0243  0.0243  0.0251  0.0246  0.0249  0.0243  0.0245  0.0242  0.0244  0.0242  0.0243
  0.0242  0.0242  0.0242  0.0246  0.0243  0.0245  0.0241  0.0242  0.0241  0.0242  0.0241  0.0241
  0.0242  0.0242  0.0242  0.0242  0.0241  0.0241  0.0241  0.0241  0.0241  0.0241  0.0241  0.0241
  0.0242  0.0242  0.0242  0.0242  0.0242  0.0240  0.0241  0.0242  0.0241  0.0241  0.0241  0.0241
  0.0244  0.0243  0.0244  0.0246  0.0244  0.0243  0.0243  0.0246  0.0242  0.0243  0.0242  0.0243
  0.0247  0.0245  0.0246  0.0257  0.0249  0.0252  0.0245  0.0252  0.0244  0.0247  0.0243  0.0244
registration optimization eta report
parameter search radius
    0.8000    0.8000    1.0580    2.7600    2.7600    2.7600
    2.4000    2.4000    2.4000    2.4000    2.4000    2.4000
100000*second partial in parameter space
       81.       48.       37.       21.       10.       15.
        7.       19.        6.       11.        5.        7.
  0.0247  0.0245  0.0246  0.0258  0.0249  0.0253  0.0245  0.0252  0.0244  0.0247  0.0244  0.0246
  0.0244  0.0243  0.0243  0.0251  0.0246  0.0249  0.0243  0.0245  0.0242  0.0244  0.0242  0.0243
  0.0242  0.0242  0.0242  0.0246  0.0243  0.0245  0.0241  0.0242  0.0241  0.0242  0.0241  0.0241
  0.0242  0.0242  0.0242  0.0242  0.0241  0.0241  0.0241  0.0241  0.0241  0.0241  0.0241  0.0241
  0.0242  0.0242  0.0242  0.0242  0.0242  0.0240  0.0241  0.0242  0.0241  0.0241  0.0241  0.0241
  0.0244  0.0243  0.0244  0.0246  0.0244  0.0243  0.0243  0.0246  0.0242  0.0243  0.0242  0.0243
  0.0247  0.0245  0.0246  0.0257  0.0249  0.0252  0.0245  0.0252  0.0244  0.0247  0.0243  0.0244
    4.7712  -12.1447   15.1942  -11.0978  -22.6590   -9.3791
    4.7371   -0.9029   -3.3725   26.9474    2.1814  -34.8176
eta,q 0.97592 16.76245

---------------------------------------------------------------------
imgreg_4dfp /opt/freesurfer/average/711-2C_as_mni_average_305 /opt/freesurfer/average/711-2B_as_mni_average_305_mask talsrcimg_g11 none talsrcimg_to_711-2C_as_mni_average_305_t4 2311
---------------------------------------------------------------------

freesurfer imgreg_4dfp.c
/opt/freesurfer/average/711-2C_as_mni_average_305.4dfp.img
       256       256       256         1
  1.000000  1.000000  1.000000
orientation T byte_order littleendian
Reading image: /opt/freesurfer/average/711-2C_as_mni_average_305.4dfp.img
dimensions:      256       256       256
mmppix:       1.0000   -1.0000   -1.0000
center:     128.0000 -129.0000 -129.0000
/opt/freesurfer/average/711-2B_as_mni_average_305_mask.4dfp.img
       256       256       256         1
  1.000000  1.000000  1.000000
orientation T byte_order littleendian
Reading mask: /opt/freesurfer/average/711-2B_as_mni_average_305_mask.4dfp.img (2306576 pixels)
talsrcimg_g11.4dfp.img
       320       320       320         1
  0.800000  0.800000  0.800000
orientation T byte_order littleendian
Reading image: talsrcimg_g11.4dfp.img
dimensions:      320       320       320
mmppix:       0.8000   -0.8000   -0.8000
center:     128.0000 -128.8000 -128.8000
fimgreg.f
image alignment mode   2311 decimal      907 hex
parameters
    4.7712  -12.1447   15.1942  -11.0978  -22.6590   -9.3791
    4.7371   -0.9029   -3.3725   26.9474    2.1814  -34.8176
eta,q 0.97591 16.76245
niter,ni,del,rscale     5    3    5.0000    0.8000
parameters
    4.7225  -12.1955   15.2392  -11.8266  -23.0730  -10.0026
    5.0544   -0.9619   -3.2710   26.7238    2.2404  -34.7822
eta,q 0.97541 16.71289
  0.0261  0.0253  0.0252  0.0271  0.0260  0.0267  0.0259  0.0278  0.0256  0.0263  0.0253  0.0259
  0.0250  0.0246  0.0246  0.0259  0.0253  0.0259  0.0253  0.0258  0.0251  0.0253  0.0249  0.0250
  0.0243  0.0242  0.0242  0.0248  0.0247  0.0251  0.0248  0.0248  0.0247  0.0248  0.0247  0.0246
  0.0241  0.0241  0.0241  0.0241  0.0243  0.0244  0.0246  0.0246  0.0246  0.0246  0.0246  0.0246
  0.0243  0.0242  0.0242  0.0245  0.0244  0.0243  0.0246  0.0249  0.0247  0.0248  0.0247  0.0248
  0.0251  0.0247  0.0245  0.0269  0.0253  0.0260  0.0249  0.0260  0.0250  0.0255  0.0249  0.0252
  0.0265  0.0255  0.0251  0.0315  0.0273  0.0303  0.0257  0.0279  0.0256  0.0267  0.0253  0.0256
niter,ni,del,rscale     4    3    5.0000    0.7000
parameters
    4.8233  -12.1058   15.2547  -11.4516  -22.8586   -9.9051
    4.7897   -0.8984   -3.3190   26.7405    2.1569  -34.7243
eta,q 0.97564 16.73232
  0.0260  0.0255  0.0252  0.0275  0.0260  0.0264  0.0253  0.0272  0.0252  0.0259  0.0250  0.0255
  0.0253  0.0250  0.0248  0.0265  0.0254  0.0257  0.0248  0.0255  0.0247  0.0251  0.0246  0.0247
  0.0248  0.0247  0.0246  0.0254  0.0248  0.0250  0.0245  0.0246  0.0245  0.0246  0.0244  0.0244
  0.0246  0.0246  0.0246  0.0246  0.0244  0.0244  0.0243  0.0244  0.0244  0.0244  0.0244  0.0244
  0.0246  0.0246  0.0246  0.0243  0.0244  0.0241  0.0245  0.0246  0.0244  0.0245  0.0244  0.0246
  0.0250  0.0249  0.0248  0.0250  0.0248  0.0246  0.0249  0.0255  0.0247  0.0250  0.0246  0.0249
  0.0257  0.0253  0.0251  0.0273  0.0260  0.0270  0.0257  0.0270  0.0252  0.0259  0.0250  0.0252
niter,ni,del,rscale     3    3    5.0000    0.6000
parameters
    4.7882  -12.1056   15.2241  -11.2534  -22.6933   -9.6470
    4.7081   -0.8881   -3.3428   26.7861    2.1550  -34.6395
eta,q 0.97580 16.74956
  0.0253  0.0250  0.0248  0.0267  0.0255  0.0259  0.0250  0.0265  0.0249  0.0255  0.0247  0.0251
  0.0248  0.0246  0.0245  0.0258  0.0250  0.0253  0.0246  0.0251  0.0245  0.0248  0.0244  0.0245
  0.0245  0.0244  0.0244  0.0250  0.0246  0.0247  0.0243  0.0244  0.0243  0.0244  0.0243  0.0242
  0.0244  0.0244  0.0244  0.0244  0.0243  0.0243  0.0242  0.0242  0.0242  0.0242  0.0242  0.0242
  0.0245  0.0244  0.0244  0.0242  0.0243  0.0240  0.0243  0.0244  0.0243  0.0243  0.0243  0.0243
  0.0248  0.0246  0.0246  0.0249  0.0246  0.0244  0.0246  0.0251  0.0245  0.0247  0.0244  0.0246
  0.0255  0.0250  0.0248  0.0268  0.0255  0.0260  0.0251  0.0264  0.0249  0.0254  0.0247  0.0249
niter,ni,del,rscale     2    3    5.0000    0.5000
parameters
    4.7705  -12.1357   15.1998  -11.1379  -22.6056   -9.4064
    4.6975   -0.9112   -3.3464   26.7942    2.1664  -34.5649
eta,q 0.97589 16.75803
  0.0250  0.0246  0.0245  0.0260  0.0250  0.0255  0.0247  0.0258  0.0246  0.0250  0.0245  0.0248
  0.0245  0.0244  0.0243  0.0253  0.0247  0.0250  0.0244  0.0248  0.0243  0.0245  0.0243  0.0244
  0.0243  0.0242  0.0242  0.0246  0.0244  0.0245  0.0242  0.0243  0.0242  0.0242  0.0241  0.0241
  0.0242  0.0242  0.0242  0.0242  0.0242  0.0242  0.0241  0.0241  0.0241  0.0241  0.0241  0.0241
  0.0243  0.0243  0.0243  0.0242  0.0242  0.0240  0.0242  0.0243  0.0242  0.0242  0.0242  0.0242
  0.0246  0.0244  0.0244  0.0247  0.0244  0.0243  0.0244  0.0249  0.0243  0.0245  0.0243  0.0244
  0.0250  0.0247  0.0246  0.0261  0.0251  0.0254  0.0248  0.0258  0.0246  0.0251  0.0245  0.0246
niter,ni,del,rscale     1    3    5.0000    0.4000
parameters
    4.7568  -12.1684   15.1851  -11.0491  -22.5660   -9.1759
    4.6727   -0.9376   -3.3490   26.7866    2.1732  -34.5168
eta,q 0.97595 16.76172
  0.0246  0.0244  0.0243  0.0254  0.0247  0.0250  0.0244  0.0252  0.0244  0.0247  0.0243  0.0245
  0.0243  0.0242  0.0242  0.0248  0.0244  0.0247  0.0242  0.0245  0.0242  0.0243  0.0242  0.0242
  0.0242  0.0241  0.0241  0.0244  0.0242  0.0243  0.0241  0.0242  0.0241  0.0241  0.0241  0.0241
  0.0241  0.0241  0.0241  0.0241  0.0241  0.0241  0.0240  0.0240  0.0240  0.0240  0.0240  0.0240
  0.0242  0.0242  0.0241  0.0241  0.0241  0.0240  0.0241  0.0242  0.0241  0.0241  0.0241  0.0241
  0.0244  0.0243  0.0242  0.0245  0.0243  0.0242  0.0242  0.0246  0.0242  0.0243  0.0242  0.0242
  0.0247  0.0244  0.0244  0.0254  0.0247  0.0249  0.0245  0.0252  0.0244  0.0247  0.0243  0.0244
registration optimization eta report
parameter search radius
    0.8000    0.8000    0.8000    2.4000    2.4000    2.4000
    2.4000    2.4000    2.4000    2.4000    2.4000    2.4000
100000*second partial in parameter space
       85.       48.       38.       22.       10.       16.
        7.       20.        6.       11.        5.        7.
  0.0246  0.0244  0.0243  0.0254  0.0247  0.0250  0.0244  0.0252  0.0244  0.0247  0.0243  0.0245
  0.0243  0.0242  0.0242  0.0248  0.0244  0.0247  0.0242  0.0245  0.0242  0.0243  0.0242  0.0242
  0.0242  0.0241  0.0241  0.0244  0.0242  0.0243  0.0241  0.0242  0.0241  0.0241  0.0241  0.0241
  0.0241  0.0241  0.0241  0.0241  0.0241  0.0241  0.0240  0.0240  0.0240  0.0240  0.0240  0.0240
  0.0242  0.0242  0.0241  0.0241  0.0241  0.0240  0.0241  0.0242  0.0241  0.0241  0.0241  0.0241
  0.0244  0.0243  0.0242  0.0245  0.0243  0.0242  0.0242  0.0246  0.0242  0.0243  0.0242  0.0242
  0.0247  0.0244  0.0244  0.0254  0.0247  0.0249  0.0245  0.0252  0.0244  0.0247  0.0243  0.0244
    4.7568  -12.1684   15.1851  -11.0491  -22.5660   -9.1759
    4.6727   -0.9376   -3.3490   26.7866    2.1732  -34.5168
eta,q 0.97595 16.76172

---------------------------------------------------------------------
compute_vox2vox talsrcimg talsrcimg_to_711-2C_as_mni_average_305_t4 /opt/freesurfer/average/711-2C_as_mni_average_305
---------------------------------------------------------------------

freesurfer compute_vox2vox.c
Reading: talsrcimg.4dfp.ifh
Reading: talsrcimg_to_711-2C_as_mni_average_305_t4
Reading: /opt/freesurfer/average/711-2C_as_mni_average_305.4dfp.ifh
Writing: talsrcimg_to_711-2C_as_mni_average_305_t4_vox2vox.txt

start time Tue Mar 10 20:55:28 CET 2026
end		time Tue Mar 10 20:56:52 CET 2026

mpr2mni305 success

avi2talxfm orig_nu.mgz /opt/freesurfer/average/mni305.cor.mgz talsrcimg_to_711-2C_as_mni_average_305_t4_vox2vox.txt transforms/talairach.auto.xfm
avi2talxfm done
mv -f /out/sourcedata/freesurfer/sub-v2s11x28710_ses-1/mri/talsrcimg_to_711-2C_as_mni_average_305_t4_vox2vox.txt /out/sourcedata/freesurfer/sub-v2s11x28710_ses-1/mri/transforms/talsrcimg_to_711-2C_as_mni_average_305_t4_vox2vox.txt
lta_convert --src orig_nu.mgz --trg /opt/freesurfer/average/mni305.cor.mgz --inxfm transforms/talairach.auto.xfm --outlta transforms/talairach.auto.xfm.lta --subject fsaverage
7.3.2

--src: orig_nu.mgz src image (geometry).
--trg: /opt/freesurfer/average/mni305.cor.mgz trg image (geometry).
--inmni: transforms/talairach.auto.xfm input MNI/XFM transform.
--outlta: transforms/talairach.auto.xfm.lta output LTA.
--s: fsaverage subject name
 LTA read, type : 1
 1.12145   0.02787  -0.05525  -5.63596;
-0.00742   0.97291   0.43413  -6.19746;
 0.05107  -0.33535   1.13885   24.14314;
 0.00000   0.00000   0.00000   1.00000;
setting subject to fsaverage
Writing  LTA to file transforms/talairach.auto.xfm.lta...
lta_convert successful.
 
 
Started at Tue Mar 10 20:55:28 CET 2026
Ended   at Tue Mar 10 20:56:52 CET 2026
talairach_avi done
