/out/sourcedata/freesurfer/sub-v2s11x28687_ses-1/mri
/opt/freesurfer/bin/talairach_avi
--i orig_nu.mgz --xfm transforms/talairach.auto.xfm
talairach_avi 7.3.2
Linux dna013 5.14.0-427.37.1.el9_4.x86_64 #1 SMP PREEMPT_DYNAMIC Fri Sep 13 12:41:50 EDT 2024 x86_64 x86_64 x86_64 GNU/Linux
Tue Mar 10 14:39:24 CET 2026
mri_convert orig_nu.mgz talsrcimg.img 
reading from orig_nu.mgz...
TR=0.00, TE=0.00, TI=0.00, flip angle=0.00
i_ras = (-1, 0, 0)
j_ras = (0, 0, -1)
k_ras = (0, 1, 0)
writing to talsrcimg.img...
Analyze Output Matrix
-0.80000   0.00000   0.00000   129.16934;
 0.00000   0.00000   0.80000  -123.95539;
 0.00000  -0.80000   0.00000   156.94406;
 0.00000   0.00000   0.00000   1.00000;
--------------------
INFO: set hdr.hist.orient to -1
mpr2mni305 talsrcimg
Tue Mar 10 14:39:25 CET 2026
/opt/freesurfer/bin/mpr2mni305 talsrcimg
mpr2mni305 7.3.2
target=711-2C_as_mni_average_305

---------------------------------------------------------------------
analyzeto4dfp talsrcimg -O0 -y
---------------------------------------------------------------------

freesurfer ifh2hdr.c
Tue Mar 10 14:39:25 2026
Writing: talsrcimg.4dfp.hdr
freesurfer analyzeto4dfp.c
Reading: talsrcimg.hdr
header size 348 bytes
hdr.dime.datatype	offset=70	value=2
hdr.dime.bitpix		offset=72	value=8
hdr.hist.orient		offset=252	value=-1
dimensionality     4
dimensions       320       320       320         1
Reading: talsrcimg.img
Writing: talsrcimg.4dfp.img
Writing: talsrcimg.4dfp.ifh
ifh2hdr talsrcimg -r0to196
ori=2

---------------------------------------------------------------------
gauss_4dfp talsrcimg 1.1
---------------------------------------------------------------------

freesurfer gauss_4dfp.c
Reading: talsrcimg.4dfp.img
Writing: talsrcimg_g11.4dfp.img
image dimensions 320 320 320 padded to 384 384 384
processing volume 1freesurfer ifh2hdr.c
Tue Mar 10 14:39:41 2026
Writing: talsrcimg_g11.4dfp.hdr

Writing: talsrcimg_g11.4dfp.ifh
including: talsrcimg.4dfp.img.rec in talsrcimg_g11.4dfp.img.rec

---------------------------------------------------------------------
imgreg_4dfp /opt/freesurfer/average/711-2C_as_mni_average_305 none talsrcimg_g11 none talsrcimg_to_711-2C_as_mni_average_305_t4 4355
---------------------------------------------------------------------

freesurfer imgreg_4dfp.c
/opt/freesurfer/average/711-2C_as_mni_average_305.4dfp.img
       256       256       256         1
  1.000000  1.000000  1.000000
orientation T byte_order littleendian
Reading image: /opt/freesurfer/average/711-2C_as_mni_average_305.4dfp.img
dimensions:      256       256       256
mmppix:       1.0000   -1.0000   -1.0000
center:     128.0000 -129.0000 -129.0000
talsrcimg_g11.4dfp.img
       320       320       320         1
  0.800000  0.800000  0.800000
orientation T byte_order littleendian
Reading image: talsrcimg_g11.4dfp.img
dimensions:      320       320       320
mmppix:       0.8000   -0.8000   -0.8000
center:     128.0000 -128.8000 -128.8000
t4_read: open error in t4_sub.f l:  41 t4_file(1:l)talsrcimg_to_711-2C_as_mni_average_305_t4 
t4_read: transform initialized to I4
rotation matrix determinant  1.000000
image alignment mode   4355 decimal     1103 hex
   -7.5000  -45.0000  -45.0000 9223.9678   12.0268
    0.0000  -45.0000  -45.0000 9685.2236   12.0952
    7.5000  -45.0000  -45.0000 9240.5518   12.0774
   -7.5000  -37.5000  -45.0000 9783.3652   12.0531
    0.0000  -37.5000  -45.000010272.4424   12.1189
    7.5000  -37.5000  -45.0000 9787.6074   12.0987
   -7.5000  -30.0000  -45.000010691.1826   12.1453
    0.0000  -30.0000  -45.000011229.2725   12.2116
    7.5000  -30.0000  -45.000010686.1543   12.1925
   -7.5000  -22.5000  -45.000011571.4062   12.2082
    0.0000  -22.5000  -45.000012171.4404   12.2768
    7.5000  -22.5000  -45.000011571.4600   12.2608
   -7.5000  -15.0000  -45.000012432.3311   12.1854
    0.0000  -15.0000  -45.000013079.1006   12.2562
    7.5000  -15.0000  -45.000012436.3242   12.2425
   -7.5000   -7.5000  -45.000013299.2324   12.0941
    0.0000   -7.5000  -45.000013987.0322   12.1651
    7.5000   -7.5000  -45.000013281.8838   12.1506
   -7.5000    0.0000  -45.000013894.7910   12.0268
    0.0000    0.0000  -45.000014606.3545   12.0952
    7.5000    0.0000  -45.000013862.6709   12.0774
   -7.5000    7.5000  -45.000013329.8486   12.0531
    0.0000    7.5000  -45.000014019.9453   12.1189
    7.5000    7.5000  -45.000013277.3857   12.0987
   -7.5000   15.0000  -45.000012639.2695   12.1453
    0.0000   15.0000  -45.000013305.1406   12.2116
    7.5000   15.0000  -45.000012583.0908   12.1925
   -7.5000   22.5000  -45.000011799.4209   12.2066
    0.0000   22.5000  -45.000012436.0391   12.2751
    7.5000   22.5000  -45.000011759.1475   12.2591
   -7.5000   30.0000  -45.000010923.2754   12.0231
    0.0000   30.0000  -45.000011520.0469   12.0929
    7.5000   30.0000  -45.000010895.1738   12.0793
   -7.5000   37.5000  -45.000010441.8604   11.9329
    0.0000   37.5000  -45.000011011.2061   12.0030
    7.5000   37.5000  -45.000010409.2920   11.9886
   -7.5000   45.0000  -45.0000 9560.2051   11.5652
    0.0000   45.0000  -45.000010067.9004   11.6310
    7.5000   45.0000  -45.0000 9517.6895   11.6139
   -7.5000  -45.0000  -37.5000 9565.8984   11.8911
    0.0000  -45.0000  -37.500010039.8564   11.9547
    7.5000  -45.0000  -37.5000 9566.2666   11.9341
   -7.5000  -37.5000  -37.500010146.7354   11.9232
    0.0000  -37.5000  -37.500010660.8867   11.9850
    7.5000  -37.5000  -37.500010136.2080   11.9614
   -7.5000  -30.0000  -37.500011071.4365   12.0196
    0.0000  -30.0000  -37.500011641.8525   12.0818
    7.5000  -30.0000  -37.500011059.6406   12.0581
   -7.5000  -22.5000  -37.500011975.2744   12.0813
    0.0000  -22.5000  -37.500012583.9043   12.1451
    7.5000  -22.5000  -37.500011971.1387   12.1240
   -7.5000  -15.0000  -37.500012851.3125   12.0532
    0.0000  -15.0000  -37.500013506.1943   12.1185
    7.5000  -15.0000  -37.500012833.0908   12.1000
   -7.5000   -7.5000  -37.500013731.0879   11.9572
    0.0000   -7.5000  -37.500014418.4912   12.0227
    7.5000   -7.5000  -37.500013689.4609   12.0046
   -7.5000    0.0000  -37.500014327.0381   11.8911
    0.0000    0.0000  -37.500015057.1729   11.9547
    7.5000    0.0000  -37.500014278.3594   11.9341
   -7.5000    7.5000  -37.500013743.6328   11.9232
    0.0000    7.5000  -37.500014465.5596   11.9850
    7.5000    7.5000  -37.500013689.9951   11.9614
   -7.5000   15.0000  -37.500013018.9453   12.0196
    0.0000   15.0000  -37.500013715.0918   12.0818
    7.5000   15.0000  -37.500012975.4619   12.0581
   -7.5000   22.5000  -37.500012146.9062   12.0797
    0.0000   22.5000  -37.500012801.2188   12.1434
    7.5000   22.5000  -37.500012116.3301   12.1223
   -7.5000   30.0000  -37.500011245.8701   11.8926
    0.0000   30.0000  -37.500011839.1211   11.9570
    7.5000   30.0000  -37.500011209.0957   11.9388
   -7.5000   37.5000  -37.500010734.4746   11.7979
    0.0000   37.5000  -37.500011300.8301   11.8625
    7.5000   37.5000  -37.500010694.7480   11.8446
   -7.5000   45.0000  -37.5000 9822.0781   11.4347
    0.0000   45.0000  -37.500010337.6377   11.4959
    7.5000   45.0000  -37.5000 9772.8477   11.4761
   -7.5000  -45.0000  -30.000010210.1943   12.1331
    0.0000  -45.0000  -30.000010711.5000   12.1951
    7.5000  -45.0000  -30.000010205.8184   12.1721
   -7.5000  -37.5000  -30.000010833.0361   12.1668
    0.0000  -37.5000  -30.000011365.4678   12.2283
    7.5000  -37.5000  -30.000010826.1846   12.2029
   -7.5000  -30.0000  -30.000011816.2949   12.2721
    0.0000  -30.0000  -30.000012416.3760   12.3340
    7.5000  -30.0000  -30.000011800.3369   12.3074
   -7.5000  -22.5000  -30.000012779.8301   12.3414
    0.0000  -22.5000  -30.000013408.4033   12.4040
    7.5000  -22.5000  -30.000012759.9219   12.3783
   -7.5000  -15.0000  -30.000013698.5723   12.3124
    0.0000  -15.0000  -30.000014386.0840   12.3753
    7.5000  -15.0000  -30.000013657.4844   12.3517
   -7.5000   -7.5000  -30.000014624.4238   12.2071
    0.0000   -7.5000  -30.000015356.7080   12.2698
    7.5000   -7.5000  -30.000014569.6875   12.2476
   -7.5000    0.0000  -30.000015244.7520   12.1331
    0.0000    0.0000  -30.000016011.9258   12.1951
    7.5000    0.0000  -30.000015182.9932   12.1721
   -7.5000    7.5000  -30.000014626.9609   12.1668
    0.0000    7.5000  -30.000015389.1270   12.2283
    7.5000    7.5000  -30.000014574.8174   12.2029
   -7.5000   15.0000  -30.000013861.9619   12.2721
    0.0000   15.0000  -30.000014599.0078   12.3340
    7.5000   15.0000  -30.000013826.5479   12.3074
   -7.5000   22.5000  -30.000012932.4551   12.3385
    0.0000   22.5000  -30.000013615.6660   12.4010
    7.5000   22.5000  -30.000012895.9180   12.3753
   -7.5000   30.0000  -30.000011956.9121   12.1495
    0.0000   30.0000  -30.000012575.7129   12.2115
    7.5000   30.0000  -30.000011906.4150   12.1883
   -7.5000   37.5000  -30.000011395.3975   12.0456
    0.0000   37.5000  -30.000011998.5771   12.1074
    7.5000   37.5000  -30.000011347.2451   12.0856
   -7.5000   45.0000  -30.000010409.8945   11.6760
    0.0000   45.0000  -30.000010957.3311   11.7357
    7.5000   45.0000  -30.000010359.7178   11.7135
   -7.5000  -45.0000  -22.500010863.5283   12.3373
    0.0000  -45.0000  -22.500011385.8262   12.4000
    7.5000  -45.0000  -22.500010861.5117   12.3762
   -7.5000  -37.5000  -22.500011538.0068   12.3672
    0.0000  -37.5000  -22.500012086.5898   12.4300
    7.5000  -37.5000  -22.500011523.9521   12.4049
   -7.5000  -30.0000  -22.500012586.0098   12.4743
    0.0000  -30.0000  -22.500013204.2148   12.5374
    7.5000  -30.0000  -22.500012570.9502   12.5105
   -7.5000  -22.5000  -22.500013622.0957   12.5493
    0.0000  -22.5000  -22.500014273.7227   12.6123
    7.5000  -22.5000  -22.500013583.0449   12.5852
   -7.5000  -15.0000  -22.500014589.2178   12.5246
    0.0000  -15.0000  -22.500015307.6650   12.5872
    7.5000  -15.0000  -22.500014523.9697   12.5615
   -7.5000   -7.5000  -22.500015560.0830   12.4173
    0.0000   -7.5000  -22.500016325.3096   12.4798
    7.5000   -7.5000  -22.500015481.4434   12.4557
   -7.5000    0.0000  -22.500016214.4062   12.3373
    0.0000    0.0000  -22.500017016.0508   12.4000
    7.5000    0.0000  -22.500016127.1621   12.3762
   -7.5000    7.5000  -22.500015556.8818   12.3672
    0.0000    7.5000  -22.500016351.0293   12.4300
    7.5000    7.5000  -22.500015481.5029   12.4049
   -7.5000   15.0000  -22.500014761.7100   12.4743
    0.0000   15.0000  -22.500015528.3213   12.5374
    7.5000   15.0000  -22.500014690.2285   12.5105
   -7.5000   22.5000  -22.500013771.0244   12.5454
    0.0000   22.5000  -22.500014473.0283   12.6084
    7.5000   22.5000  -22.500013700.6729   12.5813
   -7.5000   30.0000  -22.500012709.3809   12.3608
    0.0000   30.0000  -22.500013351.4580   12.4226
    7.5000   30.0000  -22.500012646.2109   12.3972
   -7.5000   37.5000  -22.500012100.6025   12.2548
    0.0000   37.5000  -22.500012729.0439   12.3165
    7.5000   37.5000  -22.500012036.8018   12.2928
   -7.5000   45.0000  -22.500011046.3232   11.8815
    0.0000   45.0000  -22.500011621.0010   11.9418
    7.5000   45.0000  -22.500010987.5107   11.9189
   -7.5000  -45.0000  -15.000011540.7627   12.4455
    0.0000  -45.0000  -15.000012083.3135   12.5111
    7.5000  -45.0000  -15.000011540.2422   12.4878
   -7.5000  -37.5000  -15.000012268.4795   12.4715
    0.0000  -37.5000  -15.000012854.3525   12.5366
    7.5000  -37.5000  -15.000012239.4688   12.5121
   -7.5000  -30.0000  -15.000013389.1143   12.5739
    0.0000  -30.0000  -15.000014035.0557   12.6388
    7.5000  -30.0000  -15.000013346.0459   12.6134
   -7.5000  -22.5000  -15.000014483.6484   12.6482
    0.0000  -22.5000  -15.000015165.0244   12.7131
    7.5000  -22.5000  -15.000014394.6768   12.6878
   -7.5000  -15.0000  -15.000015518.0537   12.6274
    0.0000  -15.0000  -15.000016255.4277   12.6927
    7.5000  -15.0000  -15.000015397.5674   12.6686
   -7.5000   -7.5000  -15.000016556.6895   12.5247
    0.0000   -7.5000  -15.000017342.2871   12.5905
    7.5000   -7.5000  -15.000016435.0547   12.5673
   -7.5000    0.0000  -15.000017246.6152   12.4455
    0.0000    0.0000  -15.000018087.6074   12.5111
    7.5000    0.0000  -15.000017123.6602   12.4878
   -7.5000    7.5000  -15.000016540.4062   12.4715
    0.0000    7.5000  -15.000017359.2168   12.5366
    7.5000    7.5000  -15.000016413.7793   12.5121
   -7.5000   15.0000  -15.000015682.7764   12.5739
    0.0000   15.0000  -15.000016450.2402   12.6388
    7.5000   15.0000  -15.000015557.7051   12.6134
   -7.5000   22.5000  -15.000014628.6406   12.6437
    0.0000   22.5000  -15.000015356.5234   12.7086
    7.5000   22.5000  -15.000014519.2939   12.6834
   -7.5000   30.0000  -15.000013499.7314   12.4640
    0.0000   30.0000  -15.000014189.3887   12.5285
    7.5000   30.0000  -15.000013421.2686   12.5047
   -7.5000   37.5000  -15.000012866.2705   12.3626
    0.0000   37.5000  -15.000013523.5137   12.4276
    7.5000   37.5000  -15.000012782.0137   12.4047
   -7.5000   45.0000  -15.000011731.3564   11.9929
    0.0000   45.0000  -15.000012326.1104   12.0561
    7.5000   45.0000  -15.000011659.7119   12.0336
   -7.5000  -45.0000   -7.500012216.0635   12.4240
    0.0000  -45.0000   -7.500012783.9844   12.4907
    7.5000  -45.0000   -7.500012203.4570   12.4664
   -7.5000  -37.5000   -7.500013002.0117   12.4501
    0.0000  -37.5000   -7.500013622.5664   12.5150
    7.5000  -37.5000   -7.500012956.4473   12.4891
   -7.5000  -30.0000   -7.500014206.0205   12.5468
    0.0000  -30.0000   -7.500014886.6670   12.6116
    7.5000  -30.0000   -7.500014134.7930   12.5864
   -7.5000  -22.5000   -7.500015361.9824   12.6152
    0.0000  -22.5000   -7.500016058.3848   12.6814
    7.5000  -22.5000   -7.500015240.4424   12.6580
   -7.5000  -15.0000   -7.500016480.3867   12.5943
    0.0000  -15.0000   -7.500017199.5469   12.6621
    7.5000  -15.0000   -7.500016310.5547   12.6404
   -7.5000   -7.5000   -7.500017593.4785   12.4973
    0.0000   -7.5000   -7.500018354.0781   12.5657
    7.5000   -7.5000   -7.500017412.8047   12.5436
   -7.5000    0.0000   -7.500018311.0684   12.4240
    0.0000    0.0000   -7.500019135.9668   12.4907
    7.5000    0.0000   -7.500018125.1504   12.4664
   -7.5000    7.5000   -7.500017530.4258   12.4501
    0.0000    7.5000   -7.500018322.6035   12.5150
    7.5000    7.5000   -7.500017351.3984   12.4891
   -7.5000   15.0000   -7.500016617.7383   12.5468
    0.0000   15.0000   -7.500017379.6445   12.6116
    7.5000   15.0000   -7.500016457.1816   12.5864
   -7.5000   22.5000   -7.500015514.9854   12.6093
    0.0000   22.5000   -7.500016252.4580   12.6755
    7.5000   22.5000   -7.500015363.8877   12.6522
   -7.5000   30.0000   -7.500014339.6777   12.4309
    0.0000   30.0000   -7.500015057.2471   12.4979
    7.5000   30.0000   -7.500014211.6270   12.4764
   -7.5000   37.5000   -7.500013677.4717   12.3352
    0.0000   37.5000   -7.500014381.8672   12.4028
    7.5000   37.5000   -7.500013552.7871   12.3809
   -7.5000   45.0000   -7.500012453.4795   11.9744
    0.0000   45.0000   -7.500013106.6396   12.0387
    7.5000   45.0000   -7.500012362.5840   12.0153
   -7.5000  -45.0000    0.000012799.3643   12.3137
    0.0000  -45.0000    0.000013409.6895   12.3785
    7.5000  -45.0000    0.000012787.9531   12.3522
   -7.5000  -37.5000    0.000013623.5176   12.3447
    0.0000  -37.5000    0.000014306.5869   12.4071
    7.5000  -37.5000    0.000013606.9033   12.3784
   -7.5000  -30.0000    0.000014926.7568   12.4408
    0.0000  -30.0000    0.000015699.7734   12.5035
    7.5000  -30.0000    0.000014887.6309   12.4758
   -7.5000  -22.5000    0.000016157.2002   12.5039
    0.0000  -22.5000    0.000016934.7715   12.5687
    7.5000  -22.5000    0.000016052.3115   12.5439
   -7.5000  -15.0000    0.000017332.5586   12.4782
    0.0000  -15.0000    0.000018044.3496   12.5452
    7.5000  -15.0000    0.000017134.7266   12.5226
   -7.5000   -7.5000    0.000018523.4316   12.3817
    0.0000   -7.5000    0.000019232.8418   12.4490
    7.5000   -7.5000    0.000018283.2949   12.4258
   -7.5000    0.0000    0.000019267.8926   12.3137
    0.0000    0.0000    0.000020066.5020   12.3785
    7.5000    0.0000    0.000019026.0215   12.3522
   -7.5000    7.5000    0.000018425.1387   12.3447
    0.0000    7.5000    0.000019240.4043   12.4071
    7.5000    7.5000    0.000018209.1895   12.3784
   -7.5000   15.0000    0.000017453.9609   12.4408
    0.0000   15.0000    0.000018283.9492   12.5035
    7.5000   15.0000    0.000017263.2812   12.4758
   -7.5000   22.5000    0.000016305.1553   12.4981
    0.0000   22.5000    0.000017137.4102   12.5629
    7.5000   22.5000    0.000016141.2998   12.5382
   -7.5000   30.0000    0.000015108.1182   12.3167
    0.0000   30.0000    0.000015922.3340   12.3828
    7.5000   30.0000    0.000014950.4795   12.3605
   -7.5000   37.5000    0.000014423.9619   12.2215
    0.0000   37.5000    0.000015201.9580   12.2878
    7.5000   37.5000    0.000014264.8516   12.2649
   -7.5000   45.0000    0.000013133.1484   11.8690
    0.0000   45.0000    0.000013823.4473   11.9314
    7.5000   45.0000    0.000012984.5586   11.9061
   -7.5000  -45.0000    7.500012423.2129   12.4572
    0.0000  -45.0000    7.500012988.1660   12.5201
    7.5000  -45.0000    7.500012380.5312   12.4921
   -7.5000  -37.5000    7.500013249.9434   12.4947
    0.0000  -37.5000    7.500013893.8320   12.5558
    7.5000  -37.5000    7.500013236.8809   12.5249
   -7.5000  -30.0000    7.500014560.3916   12.5978
    0.0000  -30.0000    7.500015373.2305   12.6593
    7.5000  -30.0000    7.500014568.6338   12.6282
   -7.5000  -22.5000    7.500015863.7822   12.6617
    0.0000  -22.5000    7.500016784.7305   12.7247
    7.5000  -22.5000    7.500015790.8701   12.6960
   -7.5000  -15.0000    7.500017031.4238   12.6297
    0.0000  -15.0000    7.500017805.7012   12.6943
    7.5000  -15.0000    7.500016839.3965   12.6682
   -7.5000   -7.5000    7.500018118.1348   12.5259
    0.0000   -7.5000    7.500018886.8340   12.5907
    7.5000   -7.5000    7.500017895.5215   12.5651
   -7.5000    0.0000    7.500018821.1699   12.4572
    0.0000    0.0000    7.500019691.7832   12.5201
    7.5000    0.0000    7.500018612.6484   12.4921
   -7.5000    7.5000    7.500017990.2285   12.4947
    0.0000    7.5000    7.500018910.0762   12.5558
    7.5000    7.5000    7.500017797.5684   12.5249
   -7.5000   15.0000    7.500017046.4199   12.5978
    0.0000   15.0000    7.500017966.3555   12.6593
    7.5000   15.0000    7.500016861.5254   12.6282
   -7.5000   22.5000    7.500015911.7383   12.6558
    0.0000   22.5000    7.500016790.4238   12.7188
    7.5000   22.5000    7.500015748.4961   12.6902
   -7.5000   30.0000    7.500014751.7402   12.4662
    0.0000   30.0000    7.500015569.4736   12.5300
    7.5000   30.0000    7.500014578.4014   12.5042
   -7.5000   37.5000    7.500014074.5264   12.3638
    0.0000   37.5000    7.500014840.6357   12.4277
    7.5000   37.5000    7.500013903.9424   12.4025
   -7.5000   45.0000    7.500012810.8145   12.0073
    0.0000   45.0000    7.500013491.2305   12.0679
    7.5000   45.0000    7.500012652.7217   12.0409
   -7.5000  -45.0000   15.000011962.7959   12.6624
    0.0000  -45.0000   15.000012504.0156   12.7228
    7.5000  -45.0000   15.000011919.7715   12.6929
   -7.5000  -37.5000   15.000012736.6729   12.7010
    0.0000  -37.5000   15.000013340.1250   12.7609
    7.5000  -37.5000   15.000012703.9141   12.7287
   -7.5000  -30.0000   15.000014059.4014   12.8109
    0.0000  -30.0000   15.000014875.5166   12.8711
    7.5000  -30.0000   15.000014031.1152   12.8375
   -7.5000  -22.5000   15.000015408.7402   12.8808
    0.0000  -22.5000   15.000016435.6914   12.9417
    7.5000  -22.5000   15.000015382.2852   12.9090
   -7.5000  -15.0000   15.000016492.1250   12.8483
    0.0000  -15.0000   15.000017557.7441   12.9094
    7.5000  -15.0000   15.000016522.9707   12.8790
   -7.5000   -7.5000   15.000017457.0898   12.7373
    0.0000   -7.5000   15.000018511.2559   12.7983
    7.5000   -7.5000   15.000017472.7266   12.7692
   -7.5000    0.0000   15.000018146.5332   12.6624
    0.0000    0.0000   15.000019206.1191   12.7228
    7.5000    0.0000   15.000018088.4766   12.6929
   -7.5000    7.5000   15.000017378.2988   12.7010
    0.0000    7.5000   15.000018371.3555   12.7609
    7.5000    7.5000   15.000017271.4668   12.7287
   -7.5000   15.0000   15.000016457.0430   12.8109
    0.0000   15.0000   15.000017353.6719   12.8711
    7.5000   15.0000   15.000016340.2285   12.8375
   -7.5000   22.5000   15.000015357.1641   12.8749
    0.0000   22.5000   15.000016171.4150   12.9357
    7.5000   22.5000   15.000015248.9990   12.9030
   -7.5000   30.0000   15.000014237.5752   12.6820
    0.0000   30.0000   15.000014974.8906   12.7424
    7.5000   30.0000   15.000014101.8174   12.7123
   -7.5000   37.5000   15.000013609.7949   12.5724
    0.0000   37.5000   15.000014301.7305   12.6326
    7.5000   37.5000   15.000013457.3525   12.6039
   -7.5000   45.0000   15.000012386.1650   12.2051
    0.0000   45.0000   15.000013018.0400   12.2633
    7.5000   45.0000   15.000012233.5469   12.2345
   -7.5000  -45.0000   22.500011440.6699   12.9113
    0.0000  -45.0000   22.500011972.7090   12.9714
    7.5000  -45.0000   22.500011396.9844   12.9410
   -7.5000  -37.5000   22.500012181.7910   12.9452
    0.0000  -37.5000   22.500012769.1377   13.0054
    7.5000  -37.5000   22.500012134.8594   12.9736
   -7.5000  -30.0000   22.500013425.6631   13.0553
    0.0000  -30.0000   22.500014176.8037   13.1156
    7.5000  -30.0000   22.500013369.7168   13.0820
   -7.5000  -22.5000   22.500014584.3271   13.1305
    0.0000  -22.5000   22.500015394.9424   13.1906
    7.5000  -22.5000   22.500014594.8672   13.1567
   -7.5000  -15.0000   22.500015588.3496   13.1030
    0.0000  -15.0000   22.500016401.3574   13.1628
    7.5000  -15.0000   22.500015656.8516   13.1303
   -7.5000   -7.5000   22.500016635.9688   12.9914
    0.0000   -7.5000   22.500017470.1289   13.0512
    7.5000   -7.5000   22.500016671.7520   13.0204
   -7.5000    0.0000   22.500017372.7305   12.9113
    0.0000    0.0000   22.500018254.9922   12.9714
    7.5000    0.0000   22.500017358.0645   12.9410
   -7.5000    7.5000   22.500016642.3145   12.9452
    0.0000    7.5000   22.500017469.3711   13.0054
    7.5000    7.5000   22.500016585.6113   12.9736
   -7.5000   15.0000   22.500015727.4971   13.0553
    0.0000   15.0000   22.500016494.3672   13.1156
    7.5000   15.0000   22.500015657.9258   13.0820
   -7.5000   22.5000   22.500014675.6631   13.1244
    0.0000   22.5000   22.500015394.3838   13.1845
    7.5000   22.5000   22.500014602.6934   13.1506
   -7.5000   30.0000   22.500013598.7090   12.9334
    0.0000   30.0000   22.500014262.9434   12.9925
    7.5000   30.0000   22.500013507.5322   12.9604
   -7.5000   37.5000   22.500013025.0205   12.8232
    0.0000   37.5000   22.500013653.1885   12.8822
    7.5000   37.5000   22.500012910.0303   12.8519
   -7.5000   45.0000   22.500011866.1914   12.4450
    0.0000   45.0000   22.500012448.2354   12.5029
    7.5000   45.0000   22.500011747.1094   12.4736
   -7.5000  -45.0000   30.000010811.3643   13.1939
    0.0000  -45.0000   30.000011319.6025   13.2569
    7.5000  -45.0000   30.000010787.8740   13.2269
   -7.5000  -37.5000   30.000011497.0771   13.2231
    0.0000  -37.5000   30.000012057.7227   13.2853
    7.5000  -37.5000   30.000011455.5283   13.2542
   -7.5000  -30.0000   30.000012617.1104   13.3276
    0.0000  -30.0000   30.000013284.0723   13.3896
    7.5000  -30.0000   30.000012588.8467   13.3575
   -7.5000  -22.5000   30.000013665.6650   13.4023
    0.0000  -22.5000   30.000014323.0820   13.4643
    7.5000  -22.5000   30.000013684.4209   13.4322
   -7.5000  -15.0000   30.000014654.8818   13.3795
    0.0000  -15.0000   30.000015318.1533   13.4421
    7.5000  -15.0000   30.000014675.7578   13.4112
   -7.5000   -7.5000   30.000015682.6787   13.2732
    0.0000   -7.5000   30.000016371.6865   13.3364
    7.5000   -7.5000   30.000015683.0635   13.3065
   -7.5000    0.0000   30.000016417.8828   13.1939
    0.0000    0.0000   30.000017155.9434   13.2569
    7.5000    0.0000   30.000016389.3301   13.2269
   -7.5000    7.5000   30.000015750.1357   13.2231
    0.0000    7.5000   30.000016465.2969   13.2853
    7.5000    7.5000   30.000015696.7393   13.2542
   -7.5000   15.0000   30.000014902.7500   13.3276
    0.0000   15.0000   30.000015562.2451   13.3896
    7.5000   15.0000   30.000014836.9150   13.3575
   -7.5000   22.5000   30.000013920.3750   13.3961
    0.0000   22.5000   30.000014552.8818   13.4581
    7.5000   22.5000   30.000013846.0342   13.4260
   -7.5000   30.0000   30.000012895.1055   13.2064
    0.0000   30.0000   30.000013488.7324   13.2681
    7.5000   30.0000   30.000012821.2393   13.2377
   -7.5000   37.5000   30.000012329.2910   13.1014
    0.0000   37.5000   30.000012897.8711   13.1638
    7.5000   37.5000   30.000012249.5312   13.1343
   -7.5000   45.0000   30.000011223.1787   12.7174
    0.0000   45.0000   30.000011759.1436   12.7782
    7.5000   45.0000   30.000011158.6670   12.7492
   -7.5000  -45.0000   37.500010579.6650   13.4072
    0.0000  -45.0000   37.500011068.3936   13.4709
    7.5000  -45.0000   37.500010561.3320   13.4379
   -7.5000  -37.5000   37.500011242.3896   13.4375
    0.0000  -37.5000   37.500011784.6094   13.4988
    7.5000  -37.5000   37.500011209.7158   13.4640
   -7.5000  -30.0000   37.500012308.6807   13.5366
    0.0000  -30.0000   37.500012909.8545   13.5980
    7.5000  -30.0000   37.500012299.6133   13.5637
   -7.5000  -22.5000   37.500013344.1689   13.6049
    0.0000  -22.5000   37.500013930.7578   13.6680
    7.5000  -22.5000   37.500013357.7080   13.6360
   -7.5000  -15.0000   37.500014355.7734   13.5813
    0.0000  -15.0000   37.500014986.8232   13.6464
    7.5000  -15.0000   37.500014355.3086   13.6162
   -7.5000   -7.5000   37.500015387.8984   13.4800
    0.0000   -7.5000   37.500016065.4238   13.5458
    7.5000   -7.5000   37.500015374.5723   13.5152
   -7.5000    0.0000   37.500016087.6416   13.4072
    0.0000    0.0000   37.500016783.8496   13.4709
    7.5000    0.0000   37.500016071.3682   13.4379
   -7.5000    7.5000   37.500015441.3105   13.4375
    0.0000    7.5000   37.500016121.9531   13.4988
    7.5000    7.5000   37.500015410.4209   13.4640
   -7.5000   15.0000   37.500014613.6084   13.5366
    0.0000   15.0000   37.500015263.7725   13.5980
    7.5000   15.0000   37.500014566.3408   13.5637
   -7.5000   22.5000   37.500013659.5332   13.5986
    0.0000   22.5000   37.500014275.2832   13.6617
    7.5000   22.5000   37.500013591.7305   13.6297
   -7.5000   30.0000   37.500012666.2471   13.4055
    0.0000   30.0000   37.500013247.7402   13.4698
    7.5000   30.0000   37.500012608.3740   13.4400
   -7.5000   37.5000   37.500012096.2861   13.3056
    0.0000   37.5000   37.500012650.1260   13.3705
    7.5000   37.5000   37.500012028.0674   13.3403
   -7.5000   45.0000   37.500011009.7100   12.9230
    0.0000   45.0000   37.500011515.7568   12.9844
    7.5000   45.0000   37.500010939.3027   12.9526
   -7.5000  -45.0000   45.0000 9907.5859   13.7371
    0.0000  -45.0000   45.000010373.3330   13.8009
    7.5000  -45.0000   45.0000 9885.9951   13.7649
   -7.5000  -37.5000   45.000010537.2070   13.7766
    0.0000  -37.5000   45.000011056.0859   13.8372
    7.5000  -37.5000   45.000010508.6865   13.7981
   -7.5000  -30.0000   45.000011520.4443   13.8793
    0.0000  -30.0000   45.000012078.5811   13.9404
    7.5000  -30.0000   45.000011501.8018   13.9024
   -7.5000  -22.5000   45.000012508.8232   13.9422
    0.0000  -22.5000   45.000013071.5801   14.0060
    7.5000  -22.5000   45.000012495.1875   13.9718
   -7.5000  -15.0000   45.000013462.1650   13.9099
    0.0000  -15.0000   45.000014063.5869   13.9765
    7.5000  -15.0000   45.000013432.3311   13.9449
   -7.5000   -7.5000   45.000014431.5420   13.8048
    0.0000   -7.5000   45.000015070.7383   13.8718
    7.5000   -7.5000   45.000014391.1826   13.8395
   -7.5000    0.0000   45.000015093.0439   13.7371
    0.0000    0.0000   45.000015751.8643   13.8009
    7.5000    0.0000   45.000015054.9775   13.7649
   -7.5000    7.5000   45.000014493.1172   13.7766
    0.0000    7.5000   45.000015125.3203   13.8372
    7.5000    7.5000   45.000014445.8271   13.7981
   -7.5000   15.0000   45.000013717.6689   13.8793
    0.0000   15.0000   45.000014338.5977   13.9404
    7.5000   15.0000   45.000013665.9551   13.9024
   -7.5000   22.5000   45.000012830.4854   13.9358
    0.0000   22.5000   45.000013422.3887   13.9995
    7.5000   22.5000   45.000012786.6094   13.9653
   -7.5000   30.0000   45.000011906.7129   13.7286
    0.0000   30.0000   45.000012453.2402   13.7944
    7.5000   30.0000   45.000011854.7715   13.7633
   -7.5000   37.5000   45.000011376.0703   13.6250
    0.0000   37.5000   45.000011903.8477   13.6911
    7.5000   37.5000   45.000011295.9541   13.6592
   -7.5000   45.0000   45.000010349.5996   13.2470
    0.0000   45.0000   45.000010836.8057   13.3085
    7.5000   45.0000   45.000010274.7197   13.2738

---------------------------------------------------------------------
imgreg_4dfp /opt/freesurfer/average/711-2C_as_mni_average_305 /opt/freesurfer/average/711-2B_as_mni_average_305_mask talsrcimg_g11 none talsrcimg_to_711-2C_as_mni_average_305_t4 4355
---------------------------------------------------------------------

freesurfer imgreg_4dfp.c
/opt/freesurfer/average/711-2C_as_mni_average_305.4dfp.img
       256       256       256         1
  1.000000  1.000000  1.000000
orientation T byte_order littleendian
Reading image: /opt/freesurfer/average/711-2C_as_mni_average_305.4dfp.img
dimensions:      256       256       256
mmppix:       1.0000   -1.0000   -1.0000
center:     128.0000 -129.0000 -129.0000
/opt/freesurfer/average/711-2B_as_mni_average_305_mask.4dfp.img
       256       256       256         1
  1.000000  1.000000  1.000000
orientation T byte_order littleendian
Reading mask: /opt/freesurfer/average/711-2B_as_mni_average_305_mask.4dfp.img (2306576 pixels)
talsrcimg_g11.4dfp.img
       320       320       320         1
  0.800000  0.800000  0.800000
orientation T byte_order littleendian
Reading image: talsrcimg_g11.4dfp.img
dimensions:      320       320       320
mmppix:       0.8000   -0.8000   -0.8000
center:     128.0000 -128.8000 -128.8000
rotation matrix determinant  1.000000
image alignment mode   4355 decimal     1103 hex
   -7.5000  -45.0000  -45.0000 2499.9705   16.8167
    0.0000  -45.0000  -45.0000 2507.1772   16.8042
    7.5000  -45.0000  -45.0000 2502.4216   16.7820
   -7.5000  -37.5000  -45.0000 2558.7371   15.7430
    0.0000  -37.5000  -45.0000 2569.4529   15.7214
    7.5000  -37.5000  -45.0000 2560.7063   15.6972
   -7.5000  -30.0000  -45.0000 2598.0515   14.9300
    0.0000  -30.0000  -45.0000 2609.1282   14.9066
    7.5000  -30.0000  -45.0000 2602.0171   14.9015
   -7.5000  -22.5000  -45.0000 2626.3445   14.3272
    0.0000  -22.5000  -45.0000 2640.4675   14.3103
    7.5000  -22.5000  -45.0000 2629.9866   14.3155
   -7.5000  -15.0000  -45.0000 2645.0864   14.0015
    0.0000  -15.0000  -45.0000 2659.0674   13.9756
    7.5000  -15.0000  -45.0000 2647.8870   13.9922
   -7.5000   -7.5000  -45.0000 2650.2393   13.9142
    0.0000   -7.5000  -45.0000 2664.0186   13.9052
    7.5000   -7.5000  -45.0000 2651.3250   13.9067
   -7.5000    0.0000  -45.0000 2641.2979   14.1087
    0.0000    0.0000  -45.0000 2652.0938   14.0721
    7.5000    0.0000  -45.0000 2642.3015   14.0920
   -7.5000    7.5000  -45.0000 2618.4368   14.5016
    0.0000    7.5000  -45.0000 2628.6482   14.4731
    7.5000    7.5000  -45.0000 2618.9761   14.4774
   -7.5000   15.0000  -45.0000 2582.3096   15.1548
    0.0000   15.0000  -45.0000 2592.4814   15.1299
    7.5000   15.0000  -45.0000 2579.7119   15.1249
   -7.5000   22.5000  -45.0000 2522.5789   16.1116
    0.0000   22.5000  -45.0000 2528.6643   16.0727
    7.5000   22.5000  -45.0000 2520.5833   16.0861
   -7.5000   30.0000  -45.0000 2444.7695   17.3987
    0.0000   30.0000  -45.0000 2450.3604   17.3421
    7.5000   30.0000  -45.0000 2444.0662   17.3916
   -7.5000   37.5000  -45.0000 2366.1958   19.0495
    0.0000   37.5000  -45.0000 2369.8928   18.9691
    7.5000   37.5000  -45.0000 2364.0337   19.0188
   -7.5000   45.0000  -45.0000 2270.5342   21.1182
    0.0000   45.0000  -45.0000 2271.5300   21.0000
    7.5000   45.0000  -45.0000 2266.4263   21.0388
   -7.5000  -45.0000  -37.5000 2540.7793   16.0572
    0.0000  -45.0000  -37.5000 2551.7358   16.0581
    7.5000  -45.0000  -37.5000 2544.3950   16.0219
   -7.5000  -37.5000  -37.5000 2606.3359   15.0215
    0.0000  -37.5000  -37.5000 2619.8450   15.0029
    7.5000  -37.5000  -37.5000 2608.0449   14.9736
   -7.5000  -30.0000  -37.5000 2645.8679   14.2560
    0.0000  -30.0000  -37.5000 2662.0449   14.2195
    7.5000  -30.0000  -37.5000 2650.2429   14.2195
   -7.5000  -22.5000  -37.5000 2675.1921   13.6521
    0.0000  -22.5000  -37.5000 2691.4019   13.6280
    7.5000  -22.5000  -37.5000 2680.4607   13.6491
   -7.5000  -15.0000  -37.5000 2695.3525   13.3068
    0.0000  -15.0000  -37.5000 2707.6570   13.2672
    7.5000  -15.0000  -37.5000 2700.1648   13.3004
   -7.5000   -7.5000  -37.5000 2702.2837   13.2097
    0.0000   -7.5000  -37.5000 2713.0200   13.1687
    7.5000   -7.5000  -37.5000 2706.4971   13.2040
   -7.5000    0.0000  -37.5000 2694.6562   13.3699
    0.0000    0.0000  -37.5000 2704.6201   13.3206
    7.5000    0.0000  -37.5000 2698.6453   13.3728
   -7.5000    7.5000  -37.5000 2672.4092   13.7403
    0.0000    7.5000  -37.5000 2683.0884   13.7113
    7.5000    7.5000  -37.5000 2674.3772   13.7342
   -7.5000   15.0000  -37.5000 2627.8677   14.3607
    0.0000   15.0000  -37.5000 2640.6370   14.3481
    7.5000   15.0000  -37.5000 2630.7725   14.3614
   -7.5000   22.5000  -37.5000 2566.2300   15.2668
    0.0000   22.5000  -37.5000 2577.3579   15.2525
    7.5000   22.5000  -37.5000 2568.6553   15.2877
   -7.5000   30.0000  -37.5000 2487.7241   16.4877
    0.0000   30.0000  -37.5000 2492.7703   16.4587
    7.5000   30.0000  -37.5000 2487.3123   16.5230
   -7.5000   37.5000  -37.5000 2397.6377   18.0070
    0.0000   37.5000  -37.5000 2403.4739   17.9647
    7.5000   37.5000  -37.5000 2399.2734   18.0343
   -7.5000   45.0000  -37.5000 2302.0347   19.9500
    0.0000   45.0000  -37.5000 2304.6506   19.8863
    7.5000   45.0000  -37.5000 2300.5784   19.9658
   -7.5000  -45.0000  -30.0000 2647.0012   15.7955
    0.0000  -45.0000  -30.0000 2659.2175   15.7568
    7.5000  -45.0000  -30.0000 2651.6643   15.6974
   -7.5000  -37.5000  -30.0000 2715.9639   14.7083
    0.0000  -37.5000  -30.0000 2728.5151   14.6490
    7.5000  -37.5000  -30.0000 2722.3684   14.6282
   -7.5000  -30.0000  -30.0000 2760.8452   13.9482
    0.0000  -30.0000  -30.0000 2774.3899   13.8946
    7.5000  -30.0000  -30.0000 2765.1433   13.8974
   -7.5000  -22.5000  -30.0000 2792.6919   13.3818
    0.0000  -22.5000  -30.0000 2802.5688   13.3081
    7.5000  -22.5000  -30.0000 2797.1072   13.3509
   -7.5000  -15.0000  -30.0000 2814.8882   13.0155
    0.0000  -15.0000  -30.0000 2823.3022   12.9483
    7.5000  -15.0000  -30.0000 2819.0112   12.9912
   -7.5000   -7.5000  -30.0000 2822.6436   12.8951
    0.0000   -7.5000  -30.0000 2831.7947   12.8365
    7.5000   -7.5000  -30.0000 2828.5132   12.8906
   -7.5000    0.0000  -30.0000 2815.2820   13.0037
    0.0000    0.0000  -30.0000 2822.8672   12.9429
    7.5000    0.0000  -30.0000 2821.7688   13.0123
   -7.5000    7.5000  -30.0000 2791.4775   13.3422
    0.0000    7.5000  -30.0000 2803.7454   13.2870
    7.5000    7.5000  -30.0000 2796.8320   13.3347
   -7.5000   15.0000  -30.0000 2745.8794   13.9353
    0.0000   15.0000  -30.0000 2758.5876   13.8941
    7.5000   15.0000  -30.0000 2751.3533   13.9294
   -7.5000   22.5000  -30.0000 2677.4783   14.8155
    0.0000   22.5000  -30.0000 2689.4924   14.7794
    7.5000   22.5000  -30.0000 2681.3545   14.8178
   -7.5000   30.0000  -30.0000 2595.0815   16.0101
    0.0000   30.0000  -30.0000 2603.0964   15.9673
    7.5000   30.0000  -30.0000 2592.4265   16.0068
   -7.5000   37.5000  -30.0000 2499.4705   17.4571
    0.0000   37.5000  -30.0000 2511.3164   17.4232
    7.5000   37.5000  -30.0000 2499.3479   17.4451
   -7.5000   45.0000  -30.0000 2394.7295   19.2748
    0.0000   45.0000  -30.0000 2404.5359   19.2418
    7.5000   45.0000  -30.0000 2397.0559   19.3003
   -7.5000  -45.0000  -22.5000 2713.6538   15.4287
    0.0000  -45.0000  -22.5000 2724.6848   15.3341
    7.5000  -45.0000  -22.5000 2716.8726   15.3237
   -7.5000  -37.5000  -22.5000 2783.8870   14.3325
    0.0000  -37.5000  -22.5000 2793.4128   14.2464
    7.5000  -37.5000  -22.5000 2788.4719   14.2321
   -7.5000  -30.0000  -22.5000 2833.8591   13.5571
    0.0000  -30.0000  -22.5000 2841.0032   13.4647
    7.5000  -30.0000  -22.5000 2838.3853   13.4689
   -7.5000  -22.5000  -22.5000 2872.4504   12.9992
    0.0000  -22.5000  -22.5000 2876.2483   12.8954
    7.5000  -22.5000  -22.5000 2875.8438   12.9419
   -7.5000  -15.0000  -22.5000 2896.0916   12.6369
    0.0000  -15.0000  -22.5000 2900.1934   12.5600
    7.5000  -15.0000  -22.5000 2898.1292   12.6031
   -7.5000   -7.5000  -22.5000 2902.1426   12.5112
    0.0000   -7.5000  -22.5000 2909.2422   12.4422
    7.5000   -7.5000  -22.5000 2906.4597   12.5008
   -7.5000    0.0000  -22.5000 2896.2029   12.5889
    0.0000    0.0000  -22.5000 2901.3728   12.5165
    7.5000    0.0000  -22.5000 2899.5195   12.5887
   -7.5000    7.5000  -22.5000 2872.7654   12.8893
    0.0000    7.5000  -22.5000 2879.9033   12.8129
    7.5000    7.5000  -22.5000 2874.5093   12.8744
   -7.5000   15.0000  -22.5000 2825.3928   13.4518
    0.0000   15.0000  -22.5000 2834.7725   13.3766
    7.5000   15.0000  -22.5000 2827.1401   13.4279
   -7.5000   22.5000  -22.5000 2752.1863   14.3070
    0.0000   22.5000  -22.5000 2761.2244   14.2352
    7.5000   22.5000  -22.5000 2752.8870   14.2851
   -7.5000   30.0000  -22.5000 2660.7781   15.4473
    0.0000   30.0000  -22.5000 2668.3853   15.3707
    7.5000   30.0000  -22.5000 2659.1169   15.4181
   -7.5000   37.5000  -22.5000 2560.8013   16.8263
    0.0000   37.5000  -22.5000 2572.5488   16.7857
    7.5000   37.5000  -22.5000 2558.7432   16.8086
   -7.5000   45.0000  -22.5000 2452.3591   18.5813
    0.0000   45.0000  -22.5000 2463.4678   18.5610
    7.5000   45.0000  -22.5000 2450.9863   18.5783
   -7.5000  -45.0000  -15.0000 2745.7100   15.0930
    0.0000  -45.0000  -15.0000 2750.8477   14.9418
    7.5000  -45.0000  -15.0000 2749.4580   14.9829
   -7.5000  -37.5000  -15.0000 2822.1824   14.0111
    0.0000  -37.5000  -15.0000 2828.5090   13.8731
    7.5000  -37.5000  -15.0000 2825.0671   13.8880
   -7.5000  -30.0000  -15.0000 2873.9043   13.2023
    0.0000  -30.0000  -15.0000 2879.9443   13.0845
    7.5000  -30.0000  -15.0000 2877.0122   13.0930
   -7.5000  -22.5000  -15.0000 2916.2275   12.6098
    0.0000  -22.5000  -15.0000 2919.6633   12.4982
    7.5000  -22.5000  -15.0000 2915.1116   12.5214
   -7.5000  -15.0000  -15.0000 2943.5701   12.2534
    0.0000  -15.0000  -15.0000 2945.9951   12.1507
    7.5000  -15.0000  -15.0000 2939.2297   12.1896
   -7.5000   -7.5000  -15.0000 2952.4148   12.1403
    0.0000   -7.5000  -15.0000 2955.6321   12.0467
    7.5000   -7.5000  -15.0000 2953.5701   12.1116
   -7.5000    0.0000  -15.0000 2946.4812   12.2195
    0.0000    0.0000  -15.0000 2950.2700   12.1111
    7.5000    0.0000  -15.0000 2948.8711   12.1892
   -7.5000    7.5000  -15.0000 2923.7524   12.4833
    0.0000    7.5000  -15.0000 2926.8606   12.3825
    7.5000    7.5000  -15.0000 2923.3032   12.4474
   -7.5000   15.0000  -15.0000 2874.3789   13.0052
    0.0000   15.0000  -15.0000 2876.5808   12.9123
    7.5000   15.0000  -15.0000 2870.5081   12.9744
   -7.5000   22.5000  -15.0000 2795.6921   13.8240
    0.0000   22.5000  -15.0000 2799.1213   13.7388
    7.5000   22.5000  -15.0000 2793.3818   13.8012
   -7.5000   30.0000  -15.0000 2700.2600   14.9297
    0.0000   30.0000  -15.0000 2706.6365   14.8410
    7.5000   30.0000  -15.0000 2702.3606   14.9106
   -7.5000   37.5000  -15.0000 2598.5366   16.2791
    0.0000   37.5000  -15.0000 2604.5754   16.2111
    7.5000   37.5000  -15.0000 2595.8323   16.2930
   -7.5000   45.0000  -15.0000 2486.9045   18.0005
    0.0000   45.0000  -15.0000 2488.5574   17.9414
    7.5000   45.0000  -15.0000 2483.5432   18.0136
   -7.5000  -45.0000   -7.5000 2755.0186   14.8508
    0.0000  -45.0000   -7.5000 2759.8555   14.6700
    7.5000  -45.0000   -7.5000 2760.5554   14.7199
   -7.5000  -37.5000   -7.5000 2834.9209   13.7455
    0.0000  -37.5000   -7.5000 2840.1680   13.5820
    7.5000  -37.5000   -7.5000 2838.8550   13.6083
   -7.5000  -30.0000   -7.5000 2891.3049   12.9299
    0.0000  -30.0000   -7.5000 2894.4153   12.7615
    7.5000  -30.0000   -7.5000 2894.2937   12.7910
   -7.5000  -22.5000   -7.5000 2934.1326   12.2915
    0.0000  -22.5000   -7.5000 2934.0591   12.1346
    7.5000  -22.5000   -7.5000 2932.7205   12.1833
   -7.5000  -15.0000   -7.5000 2968.8542   11.8981
    0.0000  -15.0000   -7.5000 2963.4912   11.7436
    7.5000  -15.0000   -7.5000 2960.7549   11.8152
   -7.5000   -7.5000   -7.5000 2983.9868   11.8088
    0.0000   -7.5000   -7.5000 2974.8037   11.6428
    7.5000   -7.5000   -7.5000 2979.1672   11.7338
   -7.5000    0.0000   -7.5000 2975.5710   11.8952
    0.0000    0.0000   -7.5000 2970.0398   11.7312
    7.5000    0.0000   -7.5000 2973.7988   11.8120
   -7.5000    7.5000   -7.5000 2949.9985   12.1426
    0.0000    7.5000   -7.5000 2944.0366   11.9924
    7.5000    7.5000   -7.5000 2946.4116   12.0885
   -7.5000   15.0000   -7.5000 2900.4741   12.6408
    0.0000   15.0000   -7.5000 2895.4839   12.5165
    7.5000   15.0000   -7.5000 2896.4495   12.6110
   -7.5000   22.5000   -7.5000 2821.8391   13.4356
    0.0000   22.5000   -7.5000 2819.1597   13.2992
    7.5000   22.5000   -7.5000 2815.4397   13.4089
   -7.5000   30.0000   -7.5000 2726.0186   14.5056
    0.0000   30.0000   -7.5000 2726.9150   14.3888
    7.5000   30.0000   -7.5000 2720.7825   14.4998
   -7.5000   37.5000   -7.5000 2621.8416   15.8334
    0.0000   37.5000   -7.5000 2625.8003   15.7546
    7.5000   37.5000   -7.5000 2617.6711   15.8569
   -7.5000   45.0000   -7.5000 2505.5815   17.5013
    0.0000   45.0000   -7.5000 2509.0249   17.4502
    7.5000   45.0000   -7.5000 2506.6165   17.5333
   -7.5000  -45.0000    0.0000 2755.2720   14.7384
    0.0000  -45.0000    0.0000 2760.3003   14.5748
    7.5000  -45.0000    0.0000 2764.6460   14.5999
   -7.5000  -37.5000    0.0000 2835.9932   13.6087
    0.0000  -37.5000    0.0000 2841.6072   13.4589
    7.5000  -37.5000    0.0000 2846.7207   13.4937
   -7.5000  -30.0000    0.0000 2896.8452   12.7623
    0.0000  -30.0000    0.0000 2901.3760   12.6267
    7.5000  -30.0000    0.0000 2905.3342   12.6381
   -7.5000  -22.5000    0.0000 2941.8552   12.0888
    0.0000  -22.5000    0.0000 2944.7683   11.9523
    7.5000  -22.5000    0.0000 2944.8831   11.9958
   -7.5000  -15.0000    0.0000 2979.3416   11.6456
    0.0000  -15.0000    0.0000 2972.5491   11.4516
    7.5000  -15.0000    0.0000 2971.1387   11.5805
   -7.5000   -7.5000    0.0000 2999.1665   11.5442
    0.0000   -7.5000    0.0000 2984.7285   11.3425
    7.5000   -7.5000    0.0000 2990.5842   11.4634
   -7.5000    0.0000    0.0000 2994.7300   11.6455
    0.0000    0.0000    0.0000 2982.6860   11.4773
    7.5000    0.0000    0.0000 2987.6438   11.5596
   -7.5000    7.5000    0.0000 2968.4861   11.9143
    0.0000    7.5000    0.0000 2963.8782   11.7621
    7.5000    7.5000    0.0000 2964.3784   11.8697
   -7.5000   15.0000    0.0000 2913.8921   12.3958
    0.0000   15.0000    0.0000 2913.2288   12.2709
    7.5000   15.0000    0.0000 2911.7612   12.3811
   -7.5000   22.5000    0.0000 2836.1836   13.1911
    0.0000   22.5000    0.0000 2837.3665   13.0814
    7.5000   22.5000    0.0000 2831.9331   13.1817
   -7.5000   30.0000    0.0000 2744.1667   14.2509
    0.0000   30.0000    0.0000 2748.8120   14.1613
    7.5000   30.0000    0.0000 2739.4807   14.2475
   -7.5000   37.5000    0.0000 2640.7258   15.5401
    0.0000   37.5000    0.0000 2645.9961   15.4755
    7.5000   37.5000    0.0000 2637.2583   15.5488
   -7.5000   45.0000    0.0000 2521.2671   17.1496
    0.0000   45.0000    0.0000 2525.8530   17.1042
    7.5000   45.0000    0.0000 2518.2048   17.1421
   -7.5000  -45.0000    7.5000 2749.1243   14.6981
    0.0000  -45.0000    7.5000 2754.1528   14.5319
    7.5000  -45.0000    7.5000 2758.2932   14.5933
   -7.5000  -37.5000    7.5000 2833.3750   13.5717
    0.0000  -37.5000    7.5000 2838.6902   13.4248
    7.5000  -37.5000    7.5000 2843.6294   13.4924
   -7.5000  -30.0000    7.5000 2900.5168   12.7289
    0.0000  -30.0000    7.5000 2905.9441   12.6175
    7.5000  -30.0000    7.5000 2909.4670   12.6587
   -7.5000  -22.5000    7.5000 2951.7891   12.0746
    0.0000  -22.5000    7.5000 2962.8538   11.9929
    7.5000  -22.5000    7.5000 2956.2200   12.0057
   -7.5000  -15.0000    7.5000 2986.7734   11.5819
    0.0000  -15.0000    7.5000 2993.4956   11.4605
    7.5000  -15.0000    7.5000 2981.0254   11.5515
   -7.5000   -7.5000    7.5000 3004.7510   11.4153
    0.0000   -7.5000    7.5000 3003.9438   11.2591
    7.5000   -7.5000    7.5000 2993.2917   11.3901
   -7.5000    0.0000    7.5000 2997.5740   11.4636
    0.0000    0.0000    7.5000 3000.9280   11.3722
    7.5000    0.0000    7.5000 2989.8728   11.4539
   -7.5000    7.5000    7.5000 2972.8525   11.7417
    0.0000    7.5000    7.5000 2978.1541   11.6628
    7.5000    7.5000    7.5000 2968.0283   11.7393
   -7.5000   15.0000    7.5000 2922.0737   12.2654
    0.0000   15.0000    7.5000 2930.7427   12.2052
    7.5000   15.0000    7.5000 2919.8625   12.2545
   -7.5000   22.5000    7.5000 2844.9653   13.0608
    0.0000   22.5000    7.5000 2853.5349   13.0137
    7.5000   22.5000    7.5000 2844.3875   13.0529
   -7.5000   30.0000    7.5000 2753.6606   14.0904
    0.0000   30.0000    7.5000 2764.5386   14.0531
    7.5000   30.0000    7.5000 2751.3594   14.0932
   -7.5000   37.5000    7.5000 2654.1265   15.3537
    0.0000   37.5000    7.5000 2665.0977   15.3264
    7.5000   37.5000    7.5000 2650.9937   15.3657
   -7.5000   45.0000    7.5000 2538.1047   16.9600
    0.0000   45.0000    7.5000 2545.8000   16.9366
    7.5000   45.0000    7.5000 2530.8733   16.9511
   -7.5000  -45.0000   15.0000 2738.2263   14.7765
    0.0000  -45.0000   15.0000 2740.3662   14.5856
    7.5000  -45.0000   15.0000 2743.4097   14.7068
   -7.5000  -37.5000   15.0000 2821.2285   13.6020
    0.0000  -37.5000   15.0000 2825.6904   13.4452
    7.5000  -37.5000   15.0000 2827.5891   13.5718
   -7.5000  -30.0000   15.0000 2890.6738   12.7454
    0.0000  -30.0000   15.0000 2900.7434   12.6462
    7.5000  -30.0000   15.0000 2898.7664   12.7474
   -7.5000  -22.5000   15.0000 2953.3064   12.1357
    0.0000  -22.5000   15.0000 2975.7512   12.0959
    7.5000  -22.5000   15.0000 2959.7268   12.1563
   -7.5000  -15.0000   15.0000 2995.6736   11.6749
    0.0000  -15.0000   15.0000 3028.1523   11.6904
    7.5000  -15.0000   15.0000 2997.9546   11.7456
   -7.5000   -7.5000   15.0000 3001.2139   11.3933
    0.0000   -7.5000   15.0000 3024.2539   11.3685
    7.5000   -7.5000   15.0000 2999.5771   11.4881
   -7.5000    0.0000   15.0000 2994.8120   11.3871
    0.0000    0.0000   15.0000 3007.1960   11.3396
    7.5000    0.0000   15.0000 2989.7815   11.4624
   -7.5000    7.5000   15.0000 2973.4043   11.6894
    0.0000    7.5000   15.0000 2983.1023   11.6352
    7.5000    7.5000   15.0000 2968.1077   11.7172
   -7.5000   15.0000   15.0000 2927.1335   12.2515
    0.0000   15.0000   15.0000 2934.0225   12.1835
    7.5000   15.0000   15.0000 2923.5940   12.2364
   -7.5000   22.5000   15.0000 2852.6326   13.0561
    0.0000   22.5000   15.0000 2860.3337   12.9841
    7.5000   22.5000   15.0000 2849.2876   13.0322
   -7.5000   30.0000   15.0000 2759.8882   14.0708
    0.0000   30.0000   15.0000 2768.5759   14.0063
    7.5000   30.0000   15.0000 2755.6157   14.0586
   -7.5000   37.5000   15.0000 2662.2156   15.3197
    0.0000   37.5000   15.0000 2667.8025   15.2613
    7.5000   37.5000   15.0000 2657.2710   15.3254
   -7.5000   45.0000   15.0000 2543.4412   16.8713
    0.0000   45.0000   15.0000 2553.6379   16.8358
    7.5000   45.0000   15.0000 2536.7151   16.8926
   -7.5000  -45.0000   22.5000 2719.2268   14.9992
    0.0000  -45.0000   22.5000 2725.5293   14.8365
    7.5000  -45.0000   22.5000 2723.3076   14.9745
   -7.5000  -37.5000   22.5000 2803.3806   13.8039
    0.0000  -37.5000   22.5000 2809.7595   13.6504
    7.5000  -37.5000   22.5000 2809.0449   13.8293
   -7.5000  -30.0000   22.5000 2880.9163   12.9267
    0.0000  -30.0000   22.5000 2890.4937   12.8225
    7.5000  -30.0000   22.5000 2887.1853   12.9829
   -7.5000  -22.5000   22.5000 2945.0496   12.2584
    0.0000  -22.5000   22.5000 2963.0979   12.1951
    7.5000  -22.5000   22.5000 2950.5159   12.3286
   -7.5000  -15.0000   22.5000 2984.3196   11.7491
    0.0000  -15.0000   22.5000 3002.6047   11.6552
    7.5000  -15.0000   22.5000 2991.2722   11.8802
   -7.5000   -7.5000   22.5000 2998.7405   11.5422
    0.0000   -7.5000   22.5000 3005.4629   11.4264
    7.5000   -7.5000   22.5000 3001.9827   11.6730
   -7.5000    0.0000   22.5000 2999.4146   11.5782
    0.0000    0.0000   22.5000 3010.7544   11.5146
    7.5000    0.0000   22.5000 2995.2205   11.6711
   -7.5000    7.5000   22.5000 2977.7283   11.8709
    0.0000    7.5000   22.5000 2986.5962   11.8090
    7.5000    7.5000   22.5000 2972.6233   11.9230
   -7.5000   15.0000   22.5000 2923.3022   12.4041
    0.0000   15.0000   22.5000 2929.2876   12.3432
    7.5000   15.0000   22.5000 2921.4055   12.4121
   -7.5000   22.5000   22.5000 2849.6538   13.1672
    0.0000   22.5000   22.5000 2855.1594   13.1006
    7.5000   22.5000   22.5000 2845.8503   13.1480
   -7.5000   30.0000   22.5000 2759.2349   14.1613
    0.0000   30.0000   22.5000 2764.5544   14.1102
    7.5000   30.0000   22.5000 2751.9546   14.1407
   -7.5000   37.5000   22.5000 2659.2222   15.3848
    0.0000   37.5000   22.5000 2662.8257   15.3349
    7.5000   37.5000   22.5000 2653.5217   15.3628
   -7.5000   45.0000   22.5000 2538.2886   16.9398
    0.0000   45.0000   22.5000 2547.3296   16.8850
    7.5000   45.0000   22.5000 2534.0996   16.9454
   -7.5000  -45.0000   30.0000 2699.8850   15.3215
    0.0000  -45.0000   30.0000 2708.5032   15.1802
    7.5000  -45.0000   30.0000 2704.8137   15.3609
   -7.5000  -37.5000   30.0000 2784.6953   14.0788
    0.0000  -37.5000   30.0000 2791.9280   13.9563
    7.5000  -37.5000   30.0000 2789.6687   14.1527
   -7.5000  -30.0000   30.0000 2864.3342   13.1957
    0.0000  -30.0000   30.0000 2872.6399   13.0748
    7.5000  -30.0000   30.0000 2868.0112   13.2610
   -7.5000  -22.5000   30.0000 2928.7378   12.4920
    0.0000  -22.5000   30.0000 2940.6382   12.3740
    7.5000  -22.5000   30.0000 2932.8601   12.6006
   -7.5000  -15.0000   30.0000 2976.6843   11.9829
    0.0000  -15.0000   30.0000 2977.3538   11.8223
    7.5000  -15.0000   30.0000 2977.6560   12.1333
   -7.5000   -7.5000   30.0000 2999.0901   11.8366
    0.0000   -7.5000   30.0000 3001.2761   11.6971
    7.5000   -7.5000   30.0000 2994.1558   11.9219
   -7.5000    0.0000   30.0000 2999.3440   11.9017
    0.0000    0.0000   30.0000 3007.2114   11.7970
    7.5000    0.0000   30.0000 2992.5669   11.9484
   -7.5000    7.5000   30.0000 2973.4836   12.1897
    0.0000    7.5000   30.0000 2980.6904   12.0897
    7.5000    7.5000   30.0000 2965.5852   12.2066
   -7.5000   15.0000   30.0000 2915.4683   12.7200
    0.0000   15.0000   30.0000 2917.5752   12.6368
    7.5000   15.0000   30.0000 2911.8237   12.7197
   -7.5000   22.5000   30.0000 2840.0713   13.4410
    0.0000   22.5000   30.0000 2845.2161   13.3733
    7.5000   22.5000   30.0000 2833.5269   13.4396
   -7.5000   30.0000   30.0000 2747.1160   14.4014
    0.0000   30.0000   30.0000 2753.3425   14.3492
    7.5000   30.0000   30.0000 2740.7502   14.4113
   -7.5000   37.5000   30.0000 2646.8887   15.5917
    0.0000   37.5000   30.0000 2651.2629   15.5561
    7.5000   37.5000   30.0000 2643.1013   15.5971
   -7.5000   45.0000   30.0000 2527.4136   17.1310
    0.0000   45.0000   30.0000 2536.0066   17.0866
    7.5000   45.0000   30.0000 2527.9775   17.1197
   -7.5000  -45.0000   37.5000 2679.5808   15.6964
    0.0000  -45.0000   37.5000 2688.0427   15.5534
    7.5000  -45.0000   37.5000 2684.7083   15.7937
   -7.5000  -37.5000   37.5000 2767.8276   14.4621
    0.0000  -37.5000   37.5000 2773.8555   14.3201
    7.5000  -37.5000   37.5000 2770.9141   14.5445
   -7.5000  -30.0000   37.5000 2848.7700   13.5550
    0.0000  -30.0000   37.5000 2854.7224   13.4242
    7.5000  -30.0000   37.5000 2847.5002   13.6245
   -7.5000  -22.5000   37.5000 2910.1921   12.8306
    0.0000  -22.5000   37.5000 2910.8965   12.6717
    7.5000  -22.5000   37.5000 2909.0759   12.9619
   -7.5000  -15.0000   37.5000 2960.5667   12.3796
    0.0000  -15.0000   37.5000 2959.3105   12.2443
    7.5000  -15.0000   37.5000 2953.9341   12.4919
   -7.5000   -7.5000   37.5000 2984.2966   12.2476
    0.0000   -7.5000   37.5000 2987.6296   12.1255
    7.5000   -7.5000   37.5000 2978.7427   12.3204
   -7.5000    0.0000   37.5000 2981.4883   12.2957
    0.0000    0.0000   37.5000 2985.0911   12.1907
    7.5000    0.0000   37.5000 2977.0208   12.3508
   -7.5000    7.5000   37.5000 2955.7764   12.5600
    0.0000    7.5000   37.5000 2961.7224   12.4676
    7.5000    7.5000   37.5000 2948.8765   12.5852
   -7.5000   15.0000   37.5000 2900.1152   13.0796
    0.0000   15.0000   37.5000 2905.1628   12.9961
    7.5000   15.0000   37.5000 2892.9509   13.0808
   -7.5000   22.5000   37.5000 2821.4207   13.8211
    0.0000   22.5000   37.5000 2827.9690   13.7535
    7.5000   22.5000   37.5000 2814.2896   13.8209
   -7.5000   30.0000   37.5000 2730.7466   14.7788
    0.0000   30.0000   37.5000 2737.7632   14.7280
    7.5000   30.0000   37.5000 2729.2397   14.7795
   -7.5000   37.5000   37.5000 2626.2017   15.9400
    0.0000   37.5000   37.5000 2632.7368   15.9087
    7.5000   37.5000   37.5000 2625.2834   15.9473
   -7.5000   45.0000   37.5000 2510.3882   17.4403
    0.0000   45.0000   37.5000 2518.4141   17.4267
    7.5000   45.0000   37.5000 2506.8757   17.4620
   -7.5000  -45.0000   45.0000 2662.2288   16.1534
    0.0000  -45.0000   45.0000 2671.1304   16.0552
    7.5000  -45.0000   45.0000 2663.4817   16.2651
   -7.5000  -37.5000   45.0000 2750.6221   14.9134
    0.0000  -37.5000   45.0000 2759.7390   14.8253
    7.5000  -37.5000   45.0000 2747.3064   14.9986
   -7.5000  -30.0000   45.0000 2824.2102   13.9770
    0.0000  -30.0000   45.0000 2832.2893   13.8658
    7.5000  -30.0000   45.0000 2820.5500   14.0713
   -7.5000  -22.5000   45.0000 2883.1326   13.2856
    0.0000  -22.5000   45.0000 2888.9128   13.1605
    7.5000  -22.5000   45.0000 2876.8337   13.3986
   -7.5000  -15.0000   45.0000 2930.1167   12.8869
    0.0000  -15.0000   45.0000 2931.4124   12.7803
    7.5000  -15.0000   45.0000 2920.6970   12.9681
   -7.5000   -7.5000   45.0000 2952.5671   12.7395
    0.0000   -7.5000   45.0000 2958.5444   12.6428
    7.5000   -7.5000   45.0000 2945.8826   12.8010
   -7.5000    0.0000   45.0000 2947.0566   12.7739
    0.0000    0.0000   45.0000 2951.3049   12.6804
    7.5000    0.0000   45.0000 2943.4116   12.8258
   -7.5000    7.5000   45.0000 2922.9021   13.0155
    0.0000    7.5000   45.0000 2926.0708   12.9254
    7.5000    7.5000   45.0000 2914.3325   13.0552
   -7.5000   15.0000   45.0000 2869.7239   13.5127
    0.0000   15.0000   45.0000 2876.5903   13.4462
    7.5000   15.0000   45.0000 2858.7251   13.5427
   -7.5000   22.5000   45.0000 2795.4856   14.2403
    0.0000   22.5000   45.0000 2803.2791   14.2105
    7.5000   22.5000   45.0000 2789.3499   14.2920
   -7.5000   30.0000   45.0000 2701.0444   15.1913
    0.0000   30.0000   45.0000 2708.7983   15.1842
    7.5000   30.0000   45.0000 2698.4382   15.2572
   -7.5000   37.5000   45.0000 2600.1355   16.3770
    0.0000   37.5000   45.0000 2608.7183   16.3790
    7.5000   37.5000   45.0000 2595.4399   16.4319
   -7.5000   45.0000   45.0000 2488.8547   17.8729
    0.0000   45.0000   45.0000 2496.3140   17.8421
    7.5000   45.0000   45.0000 2484.5981   17.9139

---------------------------------------------------------------------
imgreg_4dfp /opt/freesurfer/average/711-2C_as_mni_average_305 /opt/freesurfer/average/711-2B_as_mni_average_305_mask talsrcimg_g11 none talsrcimg_to_711-2C_as_mni_average_305_t4 1283
---------------------------------------------------------------------

freesurfer imgreg_4dfp.c
/opt/freesurfer/average/711-2C_as_mni_average_305.4dfp.img
       256       256       256         1
  1.000000  1.000000  1.000000
orientation T byte_order littleendian
Reading image: /opt/freesurfer/average/711-2C_as_mni_average_305.4dfp.img
dimensions:      256       256       256
mmppix:       1.0000   -1.0000   -1.0000
center:     128.0000 -129.0000 -129.0000
/opt/freesurfer/average/711-2B_as_mni_average_305_mask.4dfp.img
       256       256       256         1
  1.000000  1.000000  1.000000
orientation T byte_order littleendian
Reading mask: /opt/freesurfer/average/711-2B_as_mni_average_305_mask.4dfp.img (2306576 pixels)
talsrcimg_g11.4dfp.img
       320       320       320         1
  0.800000  0.800000  0.800000
orientation T byte_order littleendian
Reading image: talsrcimg_g11.4dfp.img
dimensions:      320       320       320
mmppix:       0.8000   -0.8000   -0.8000
center:     128.0000 -128.8000 -128.8000
rotation matrix determinant  1.000000
fimgreg.f
image alignment mode   1283 decimal      503 hex
parameters
    0.0000  -15.0000   15.0000    0.0000    0.0000    0.0000
eta,q 0.95063 11.73262
niter,ni,del,rscale     5    3   12.0000    1.2000
parameter  4  1.261401 ->  0.500000 qaram    1.1500
parameters
   -0.5782  -12.3484   15.1932   -3.4500    2.2911    0.9131
eta,q 0.95121 11.55655
  0.0564  0.0644  0.0582  0.0487  0.0539  0.0512
  0.0533  0.0583  0.0544  0.0492  0.0514  0.0501
  0.0515  0.0537  0.0518  0.0499  0.0500  0.0493
  0.0514  0.0512  0.0505  0.0506  0.0494  0.0489
  0.0528  0.0505  0.0513  0.0516  0.0489  0.0487
  0.0556  0.0510  0.0541  0.0531  0.0489  0.0491
  0.0577  0.0517  0.0571  0.0549  0.0498  0.0503
niter,ni,del,rscale     5    3   12.0000    1.2000
parameter  4  1.060562 ->  0.500000 qaram    1.3225
parameters
   -1.1731  -10.7033   14.9989   -7.4175    2.7381    0.2857
eta,q 0.95438 11.55168
  0.0541  0.0559  0.0567  0.0463  0.0493  0.0483
  0.0508  0.0515  0.0523  0.0457  0.0480  0.0467
  0.0489  0.0495  0.0488  0.0466  0.0467  0.0458
  0.0488  0.0486  0.0482  0.0481  0.0458  0.0457
  0.0504  0.0482  0.0503  0.0496  0.0458  0.0464
  0.0534  0.0487  0.0539  0.0512  0.0469  0.0477
  0.0555  0.0503  0.0569  0.0532  0.0488  0.0496
niter,ni,del,rscale     5    3   12.0000    1.2000
parameters
   -1.5950   -9.5203   14.3391   -8.7513    3.1010    0.3597
eta,q 0.95571 11.52422
  0.0533  0.0567  0.0531  0.0490  0.0488  0.0477
  0.0490  0.0511  0.0484  0.0459  0.0469  0.0461
  0.0462  0.0476  0.0450  0.0444  0.0452  0.0449
  0.0456  0.0455  0.0451  0.0447  0.0443  0.0443
  0.0478  0.0454  0.0481  0.0468  0.0447  0.0446
  0.0517  0.0477  0.0521  0.0493  0.0460  0.0459
  0.0545  0.0501  0.0559  0.0515  0.0481  0.0477
niter,ni,del,rscale     4    3   12.0000    1.2000
parameters
   -1.6054   -8.8811   14.0164   -9.2963    3.2290    0.3533
eta,q 0.95593 11.50539
  0.0535  0.0545  0.0534  0.0498  0.0483  0.0473
  0.0493  0.0493  0.0487  0.0464  0.0464  0.0457
  0.0461  0.0458  0.0449  0.0442  0.0449  0.0445
  0.0443  0.0443  0.0443  0.0442  0.0441  0.0441
  0.0459  0.0453  0.0469  0.0457  0.0446  0.0444
  0.0498  0.0480  0.0509  0.0481  0.0461  0.0456
  0.0533  0.0504  0.0544  0.0508  0.0481  0.0474
niter,ni,del,rscale     3    3   12.0000    1.2000
parameters
   -1.6081   -8.6172   13.8998   -9.5217    3.2964    0.3463
eta,q 0.95596 11.49633
  0.0531  0.0532  0.0538  0.0503  0.0482  0.0473
  0.0490  0.0482  0.0492  0.0468  0.0464  0.0456
  0.0460  0.0451  0.0451  0.0442  0.0448  0.0445
  0.0441  0.0441  0.0441  0.0441  0.0440  0.0440
  0.0455  0.0456  0.0464  0.0454  0.0446  0.0444
  0.0495  0.0485  0.0503  0.0477  0.0461  0.0456
  0.0530  0.0508  0.0537  0.0504  0.0482  0.0474
niter,ni,del,rscale     2    3   12.0000    1.2000
parameters
   -1.6150   -8.5155   13.8576   -9.6106    3.3258    0.3407
eta,q 0.95596 11.49256
  0.0530  0.0527  0.0539  0.0505  0.0482  0.0473
  0.0490  0.0478  0.0493  0.0470  0.0463  0.0456
  0.0460  0.0448  0.0452  0.0442  0.0448  0.0445
  0.0440  0.0440  0.0441  0.0441  0.0440  0.0440
  0.0455  0.0458  0.0462  0.0453  0.0447  0.0444
  0.0494  0.0487  0.0501  0.0475  0.0462  0.0456
  0.0529  0.0510  0.0535  0.0502  0.0482  0.0474
niter,ni,del,rscale     1    3   12.0000    1.2000
parameters
   -1.6185   -8.4768   13.8402   -9.6458    3.3402    0.3361
eta,q 0.95597 11.49123
  0.0530  0.0525  0.0540  0.0506  0.0482  0.0473
  0.0490  0.0476  0.0494  0.0471  0.0463  0.0456
  0.0460  0.0447  0.0452  0.0443  0.0448  0.0445
  0.0440  0.0440  0.0441  0.0440  0.0440  0.0440
  0.0455  0.0458  0.0462  0.0453  0.0447  0.0444
  0.0494  0.0488  0.0500  0.0475  0.0462  0.0456
  0.0529  0.0510  0.0534  0.0502  0.0483  0.0474
registration optimization eta report
parameter search radius
    6.0000    6.0000    6.0000    7.9350    6.0000    6.0000
100000*second partial in parameter space
       24.       21.       26.       10.       11.        9.
  0.0530  0.0525  0.0540  0.0506  0.0482  0.0473
  0.0490  0.0476  0.0494  0.0471  0.0463  0.0456
  0.0460  0.0447  0.0452  0.0443  0.0448  0.0445
  0.0440  0.0440  0.0441  0.0440  0.0440  0.0440
  0.0455  0.0458  0.0462  0.0453  0.0447  0.0444
  0.0494  0.0488  0.0500  0.0475  0.0462  0.0456
  0.0529  0.0510  0.0534  0.0502  0.0483  0.0474
   -1.6185   -8.4768   13.8402   -9.6458    3.3402    0.3361
eta,q 0.95597 11.49123

---------------------------------------------------------------------
imgreg_4dfp /opt/freesurfer/average/711-2C_as_mni_average_305 /opt/freesurfer/average/711-2B_as_mni_average_305_mask talsrcimg_g11 none talsrcimg_to_711-2C_as_mni_average_305_t4 3335
---------------------------------------------------------------------

freesurfer imgreg_4dfp.c
/opt/freesurfer/average/711-2C_as_mni_average_305.4dfp.img
       256       256       256         1
  1.000000  1.000000  1.000000
orientation T byte_order littleendian
Reading image: /opt/freesurfer/average/711-2C_as_mni_average_305.4dfp.img
dimensions:      256       256       256
mmppix:       1.0000   -1.0000   -1.0000
center:     128.0000 -129.0000 -129.0000
/opt/freesurfer/average/711-2B_as_mni_average_305_mask.4dfp.img
       256       256       256         1
  1.000000  1.000000  1.000000
orientation T byte_order littleendian
Reading mask: /opt/freesurfer/average/711-2B_as_mni_average_305_mask.4dfp.img (2306576 pixels)
talsrcimg_g11.4dfp.img
       320       320       320         1
  0.800000  0.800000  0.800000
orientation T byte_order littleendian
Reading image: talsrcimg_g11.4dfp.img
dimensions:      320       320       320
mmppix:       0.8000   -0.8000   -0.8000
center:     128.0000 -128.8000 -128.8000
fimgreg.f
image alignment mode   3335 decimal      D07 hex
parameters
   -1.6185   -8.4768   13.8402   -0.1716   -1.4097   -1.5812
    0.3980   -5.8422    0.5855   16.7216    5.8264  -16.7271
eta,q 0.95757 11.59205
niter,ni,del,rscale     5    3    5.0000    1.2000
parameter  4  1.637987 ->  0.500000 qaram    1.1500
parameter  5  5.998995 ->  0.500000 qaram    1.1500
parameters
   -1.0253   -8.5757   13.6512   -4.3116   -5.5497   -4.2966
    0.5777   -5.2552    0.9879   16.1027    3.1737  -18.3745
eta,q 0.96738 11.59461
  0.0459  0.0432  0.0440  0.0368  0.0304  0.0341  0.0348  0.0373  0.0346  0.0353  0.0330  0.0333
  0.0444  0.0426  0.0430  0.0373  0.0322  0.0334  0.0337  0.0349  0.0336  0.0340  0.0328  0.0328
  0.0432  0.0423  0.0424  0.0390  0.0347  0.0328  0.0331  0.0335  0.0330  0.0331  0.0327  0.0326
  0.0424  0.0423  0.0422  0.0422  0.0376  0.0328  0.0329  0.0329  0.0328  0.0328  0.0328  0.0327
  0.0423  0.0424  0.0426  0.0464  0.0407  0.0347  0.0331  0.0329  0.0329  0.0332  0.0331  0.0330
  0.0427  0.0428  0.0435  0.0503  0.0435  0.0386  0.0336  0.0340  0.0334  0.0345  0.0337  0.0335
  0.0437  0.0433  0.0446  0.0533  0.0462  0.0431  0.0345  0.0362  0.0342  0.0366  0.0345  0.0341
niter,ni,del,rscale     6    3    5.0000    1.2000
parameter  5  1.105024 ->  0.500000 qaram    1.3225
parameters
   -1.4362   -8.2511   13.0978   -7.0374  -10.3107   -3.5919
    0.3045   -5.0372    1.1604   18.1387    4.1628  -20.1401
eta,q 0.97083 11.50123
  0.0343  0.0348  0.0331  0.0343  0.0294  0.0321  0.0311  0.0324  0.0312  0.0334  0.0301  0.0296
  0.0331  0.0337  0.0326  0.0330  0.0297  0.0314  0.0302  0.0308  0.0303  0.0317  0.0297  0.0292
  0.0326  0.0329  0.0325  0.0323  0.0305  0.0306  0.0297  0.0299  0.0298  0.0304  0.0294  0.0292
  0.0326  0.0325  0.0325  0.0325  0.0322  0.0299  0.0296  0.0296  0.0296  0.0296  0.0293  0.0292
  0.0332  0.0326  0.0328  0.0342  0.0348  0.0291  0.0299  0.0298  0.0298  0.0293  0.0293  0.0295
  0.0344  0.0330  0.0333  0.0378  0.0376  0.0297  0.0305  0.0305  0.0302  0.0296  0.0294  0.0298
  0.0360  0.0338  0.0341  0.0423  0.0404  0.0322  0.0313  0.0321  0.0310  0.0308  0.0298  0.0303
niter,ni,del,rscale     6    3    5.0000    1.2000
parameters
   -1.5763   -7.5976   13.6789   -7.4167  -14.9435   -2.9972
    0.3949   -5.4448    1.0872   19.1316    3.9018  -20.8949
eta,q 0.97211 11.33846
  0.0312  0.0320  0.0306  0.0326  0.0291  0.0310  0.0298  0.0304  0.0296  0.0312  0.0286  0.0284
  0.0300  0.0307  0.0298  0.0313  0.0283  0.0300  0.0288  0.0290  0.0287  0.0297  0.0282  0.0281
  0.0293  0.0297  0.0293  0.0299  0.0283  0.0290  0.0282  0.0282  0.0282  0.0287  0.0280  0.0279
  0.0292  0.0292  0.0290  0.0289  0.0290  0.0282  0.0280  0.0280  0.0280  0.0280  0.0279  0.0279
  0.0295  0.0290  0.0289  0.0291  0.0307  0.0277  0.0282  0.0283  0.0282  0.0279  0.0280  0.0280
  0.0304  0.0293  0.0291  0.0308  0.0335  0.0285  0.0288  0.0293  0.0288  0.0286  0.0283  0.0283
  0.0318  0.0300  0.0295  0.0345  0.0370  0.0310  0.0296  0.0312  0.0296  0.0300  0.0288  0.0287
niter,ni,del,rscale     5    3    5.0000    1.2000
parameters
   -1.5865   -7.4290   14.0673   -7.0205  -15.7894   -3.0908
    0.5062   -5.3973    1.1307   19.1909    3.7654  -21.2062
eta,q 0.97225 11.30553
  0.0302  0.0300  0.0293  0.0320  0.0308  0.0306  0.0296  0.0307  0.0294  0.0304  0.0285  0.0284
  0.0289  0.0288  0.0286  0.0305  0.0291  0.0295  0.0286  0.0291  0.0285  0.0291  0.0281  0.0280
  0.0282  0.0281  0.0281  0.0290  0.0279  0.0285  0.0280  0.0281  0.0280  0.0282  0.0279  0.0278
  0.0279  0.0279  0.0279  0.0279  0.0278  0.0277  0.0278  0.0278  0.0278  0.0278  0.0278  0.0278
  0.0282  0.0281  0.0279  0.0277  0.0284  0.0275  0.0280  0.0280  0.0279  0.0279  0.0279  0.0279
  0.0290  0.0286  0.0281  0.0290  0.0297  0.0288  0.0286  0.0289  0.0285  0.0288  0.0281  0.0281
  0.0302  0.0294  0.0286  0.0322  0.0323  0.0316  0.0295  0.0307  0.0294  0.0305  0.0286  0.0285
niter,ni,del,rscale     4    3    5.0000    1.2000
parameters
   -1.5942   -7.3637   14.0921   -6.8896  -15.8858   -3.1239
    0.5043   -5.3710    1.1492   19.2532    3.7510  -21.3004
eta,q 0.97227 11.30234
  0.0301  0.0297  0.0288  0.0319  0.0312  0.0306  0.0295  0.0306  0.0294  0.0303  0.0286  0.0284
  0.0288  0.0286  0.0282  0.0303  0.0295  0.0295  0.0285  0.0290  0.0285  0.0290  0.0281  0.0280
  0.0280  0.0279  0.0279  0.0288  0.0281  0.0285  0.0279  0.0281  0.0279  0.0281  0.0278  0.0278
  0.0277  0.0277  0.0278  0.0278  0.0277  0.0277  0.0277  0.0277  0.0277  0.0277  0.0277  0.0277
  0.0280  0.0280  0.0279  0.0278  0.0282  0.0275  0.0280  0.0280  0.0279  0.0279  0.0278  0.0278
  0.0289  0.0286  0.0282  0.0292  0.0292  0.0288  0.0286  0.0289  0.0285  0.0288  0.0281  0.0281
  0.0302  0.0294  0.0288  0.0325  0.0315  0.0315  0.0295  0.0307  0.0294  0.0304  0.0286  0.0284
niter,ni,del,rscale     3    3    5.0000    1.2000
parameters
   -1.5954   -7.3516   14.0733   -6.8657  -15.8892   -3.1420
    0.5053   -5.3744    1.1519   19.2911    3.7527  -21.3276
eta,q 0.97227 11.30283
  0.0301  0.0296  0.0288  0.0318  0.0312  0.0306  0.0295  0.0306  0.0294  0.0303  0.0286  0.0284
  0.0288  0.0285  0.0282  0.0303  0.0295  0.0295  0.0285  0.0290  0.0285  0.0290  0.0281  0.0280
  0.0280  0.0279  0.0278  0.0287  0.0281  0.0285  0.0279  0.0281  0.0279  0.0281  0.0278  0.0278
  0.0277  0.0277  0.0277  0.0277  0.0277  0.0277  0.0277  0.0277  0.0277  0.0277  0.0277  0.0277
  0.0280  0.0280  0.0278  0.0278  0.0281  0.0275  0.0279  0.0280  0.0279  0.0279  0.0278  0.0278
  0.0288  0.0286  0.0282  0.0293  0.0292  0.0287  0.0286  0.0289  0.0285  0.0288  0.0281  0.0281
  0.0301  0.0295  0.0288  0.0327  0.0314  0.0315  0.0295  0.0307  0.0294  0.0304  0.0286  0.0284
registration optimization eta report
parameter search radius
    2.4000    2.4000    2.4000    8.2800    9.5220    7.2000
    7.2000    7.2000    7.2000    7.2000    7.2000    7.2000
100000*second partial in parameter space
       42.       31.       18.        7.        4.        7.
        3.        6.        3.        5.        2.        1.
  0.0301  0.0296  0.0288  0.0318  0.0312  0.0306  0.0295  0.0306  0.0294  0.0303  0.0286  0.0284
  0.0288  0.0285  0.0282  0.0303  0.0295  0.0295  0.0285  0.0290  0.0285  0.0290  0.0281  0.0280
  0.0280  0.0279  0.0278  0.0287  0.0281  0.0285  0.0279  0.0281  0.0279  0.0281  0.0278  0.0278
  0.0277  0.0277  0.0277  0.0277  0.0277  0.0277  0.0277  0.0277  0.0277  0.0277  0.0277  0.0277
  0.0280  0.0280  0.0278  0.0278  0.0281  0.0275  0.0279  0.0280  0.0279  0.0279  0.0278  0.0278
  0.0288  0.0286  0.0282  0.0293  0.0292  0.0287  0.0286  0.0289  0.0285  0.0288  0.0281  0.0281
  0.0301  0.0295  0.0288  0.0327  0.0314  0.0315  0.0295  0.0307  0.0294  0.0304  0.0286  0.0284
   -1.5954   -7.3516   14.0733   -6.8657  -15.8892   -3.1420
    0.5053   -5.3744    1.1519   19.2911    3.7527  -21.3276
eta,q 0.97227 11.30283

---------------------------------------------------------------------
imgreg_4dfp /opt/freesurfer/average/711-2C_as_mni_average_305 /opt/freesurfer/average/711-2B_as_mni_average_305_mask talsrcimg_g11 none talsrcimg_to_711-2C_as_mni_average_305_t4 2311
---------------------------------------------------------------------

freesurfer imgreg_4dfp.c
/opt/freesurfer/average/711-2C_as_mni_average_305.4dfp.img
       256       256       256         1
  1.000000  1.000000  1.000000
orientation T byte_order littleendian
Reading image: /opt/freesurfer/average/711-2C_as_mni_average_305.4dfp.img
dimensions:      256       256       256
mmppix:       1.0000   -1.0000   -1.0000
center:     128.0000 -129.0000 -129.0000
/opt/freesurfer/average/711-2B_as_mni_average_305_mask.4dfp.img
       256       256       256         1
  1.000000  1.000000  1.000000
orientation T byte_order littleendian
Reading mask: /opt/freesurfer/average/711-2B_as_mni_average_305_mask.4dfp.img (2306576 pixels)
talsrcimg_g11.4dfp.img
       320       320       320         1
  0.800000  0.800000  0.800000
orientation T byte_order littleendian
Reading image: talsrcimg_g11.4dfp.img
dimensions:      320       320       320
mmppix:       0.8000   -0.8000   -0.8000
center:     128.0000 -128.8000 -128.8000
fimgreg.f
image alignment mode   2311 decimal      907 hex
parameters
   -1.5954   -7.3516   14.0733   -6.8657  -15.8892   -3.1420
    0.5053   -5.3744    1.1519   19.2911    3.7527  -21.3276
eta,q 0.97227 11.30284
niter,ni,del,rscale     5    3    5.0000    0.8000
parameters
   -1.6020   -7.4199   14.0959   -5.9041  -16.0153   -2.3243
    0.4244   -5.3398    1.1959   19.3283    3.7036  -21.3943
eta,q 0.97260 11.32775
  0.0288  0.0285  0.0282  0.0298  0.0285  0.0294  0.0282  0.0289  0.0282  0.0287  0.0278  0.0277
  0.0282  0.0280  0.0279  0.0289  0.0279  0.0287  0.0277  0.0281  0.0278  0.0280  0.0276  0.0276
  0.0278  0.0278  0.0278  0.0282  0.0276  0.0281  0.0275  0.0276  0.0275  0.0276  0.0275  0.0274
  0.0277  0.0277  0.0277  0.0277  0.0276  0.0276  0.0274  0.0274  0.0274  0.0274  0.0274  0.0274
  0.0279  0.0279  0.0278  0.0276  0.0278  0.0273  0.0275  0.0275  0.0275  0.0275  0.0274  0.0275
  0.0282  0.0282  0.0279  0.0279  0.0281  0.0276  0.0278  0.0280  0.0277  0.0279  0.0276  0.0276
  0.0288  0.0286  0.0282  0.0288  0.0285  0.0287  0.0283  0.0290  0.0281  0.0287  0.0279  0.0278
niter,ni,del,rscale     4    3    5.0000    0.7000
parameters
   -1.5794   -7.5649   13.7610   -5.8168  -16.0307   -2.1560
    0.3946   -5.3947    1.2166   19.5142    3.6994  -21.2679
eta,q 0.97269 11.34229
  0.0283  0.0279  0.0276  0.0288  0.0281  0.0288  0.0279  0.0285  0.0279  0.0284  0.0277  0.0276
  0.0278  0.0276  0.0274  0.0281  0.0276  0.0283  0.0276  0.0279  0.0276  0.0279  0.0275  0.0274
  0.0275  0.0274  0.0274  0.0276  0.0274  0.0278  0.0274  0.0275  0.0274  0.0275  0.0274  0.0273
  0.0274  0.0274  0.0274  0.0274  0.0274  0.0274  0.0273  0.0273  0.0273  0.0273  0.0273  0.0273
  0.0275  0.0275  0.0275  0.0274  0.0275  0.0273  0.0274  0.0274  0.0274  0.0274  0.0273  0.0273
  0.0278  0.0278  0.0277  0.0279  0.0277  0.0278  0.0276  0.0279  0.0276  0.0277  0.0275  0.0274
  0.0283  0.0282  0.0281  0.0288  0.0280  0.0289  0.0280  0.0286  0.0279  0.0283  0.0277  0.0276
niter,ni,del,rscale     3    3    5.0000    0.6000
parameters
   -1.5608   -7.5667   13.7130   -5.7480  -16.2056   -1.9898
    0.4083   -5.4035    1.2391   19.4964    3.6526  -21.2371
eta,q 0.97273 11.33969
  0.0280  0.0278  0.0277  0.0284  0.0278  0.0285  0.0278  0.0282  0.0277  0.0281  0.0275  0.0275
  0.0276  0.0275  0.0275  0.0279  0.0275  0.0281  0.0275  0.0277  0.0275  0.0277  0.0274  0.0274
  0.0274  0.0274  0.0273  0.0275  0.0273  0.0276  0.0273  0.0274  0.0273  0.0274  0.0273  0.0273
  0.0273  0.0273  0.0273  0.0273  0.0273  0.0273  0.0273  0.0273  0.0273  0.0273  0.0273  0.0273
  0.0274  0.0274  0.0274  0.0274  0.0274  0.0273  0.0273  0.0274  0.0273  0.0274  0.0273  0.0273
  0.0276  0.0275  0.0275  0.0277  0.0276  0.0277  0.0275  0.0277  0.0275  0.0276  0.0274  0.0274
  0.0280  0.0278  0.0277  0.0284  0.0279  0.0286  0.0277  0.0283  0.0277  0.0281  0.0276  0.0275
niter,ni,del,rscale     2    3    5.0000    0.5000
parameters
   -1.5555   -7.5649   13.7077   -5.6801  -16.3599   -1.8120
    0.3972   -5.3779    1.2688   19.4508    3.5989  -21.2062
eta,q 0.97276 11.33655
  0.0278  0.0276  0.0276  0.0281  0.0276  0.0282  0.0276  0.0279  0.0276  0.0278  0.0274  0.0274
  0.0275  0.0274  0.0274  0.0277  0.0274  0.0279  0.0274  0.0276  0.0274  0.0275  0.0273  0.0273
  0.0273  0.0273  0.0273  0.0274  0.0273  0.0275  0.0273  0.0273  0.0273  0.0273  0.0273  0.0273
  0.0273  0.0273  0.0273  0.0273  0.0273  0.0273  0.0272  0.0272  0.0272  0.0272  0.0272  0.0272
  0.0273  0.0273  0.0273  0.0273  0.0273  0.0273  0.0273  0.0273  0.0273  0.0273  0.0273  0.0273
  0.0275  0.0274  0.0274  0.0276  0.0275  0.0276  0.0274  0.0275  0.0274  0.0275  0.0273  0.0273
  0.0277  0.0276  0.0276  0.0280  0.0277  0.0282  0.0276  0.0279  0.0276  0.0279  0.0275  0.0274
niter,ni,del,rscale     1    3    5.0000    0.4000
parameters
   -1.5495   -7.5700   13.7227   -5.6352  -16.5197   -1.6479
    0.4137   -5.3586    1.2600   19.4190    3.5533  -21.1839
eta,q 0.97277 11.33305
  0.0276  0.0275  0.0274  0.0278  0.0275  0.0280  0.0274  0.0277  0.0274  0.0276  0.0274  0.0273
  0.0274  0.0273  0.0273  0.0275  0.0273  0.0277  0.0273  0.0274  0.0273  0.0274  0.0273  0.0273
  0.0273  0.0273  0.0273  0.0273  0.0273  0.0274  0.0273  0.0273  0.0272  0.0273  0.0272  0.0272
  0.0272  0.0272  0.0272  0.0272  0.0272  0.0272  0.0272  0.0272  0.0272  0.0272  0.0272  0.0272
  0.0273  0.0273  0.0273  0.0273  0.0273  0.0272  0.0273  0.0273  0.0272  0.0273  0.0272  0.0272
  0.0274  0.0273  0.0273  0.0274  0.0274  0.0275  0.0273  0.0274  0.0273  0.0274  0.0273  0.0273
  0.0276  0.0275  0.0274  0.0277  0.0275  0.0279  0.0274  0.0277  0.0274  0.0276  0.0274  0.0273
registration optimization eta report
parameter search radius
    0.8000    0.8000    0.8000    2.4000    2.4000    2.4000
    2.4000    2.4000    2.4000    2.4000    2.4000    2.4000
100000*second partial in parameter space
       48.       34.       29.        9.        4.       12.
        4.        8.        4.        7.        2.        2.
  0.0276  0.0275  0.0274  0.0278  0.0275  0.0280  0.0274  0.0277  0.0274  0.0276  0.0274  0.0273
  0.0274  0.0273  0.0273  0.0275  0.0273  0.0277  0.0273  0.0274  0.0273  0.0274  0.0273  0.0273
  0.0273  0.0273  0.0273  0.0273  0.0273  0.0274  0.0273  0.0273  0.0272  0.0273  0.0272  0.0272
  0.0272  0.0272  0.0272  0.0272  0.0272  0.0272  0.0272  0.0272  0.0272  0.0272  0.0272  0.0272
  0.0273  0.0273  0.0273  0.0273  0.0273  0.0272  0.0273  0.0273  0.0272  0.0273  0.0272  0.0272
  0.0274  0.0273  0.0273  0.0274  0.0274  0.0275  0.0273  0.0274  0.0273  0.0274  0.0273  0.0273
  0.0276  0.0275  0.0274  0.0277  0.0275  0.0279  0.0274  0.0277  0.0274  0.0276  0.0274  0.0273
   -1.5495   -7.5700   13.7227   -5.6352  -16.5197   -1.6479
    0.4137   -5.3586    1.2600   19.4190    3.5533  -21.1839
eta,q 0.97277 11.33305

---------------------------------------------------------------------
imgreg_4dfp /opt/freesurfer/average/711-2C_as_mni_average_305 /opt/freesurfer/average/711-2B_as_mni_average_305_mask talsrcimg_g11 none talsrcimg_to_711-2C_as_mni_average_305_t4 2311
---------------------------------------------------------------------

freesurfer imgreg_4dfp.c
/opt/freesurfer/average/711-2C_as_mni_average_305.4dfp.img
       256       256       256         1
  1.000000  1.000000  1.000000
orientation T byte_order littleendian
Reading image: /opt/freesurfer/average/711-2C_as_mni_average_305.4dfp.img
dimensions:      256       256       256
mmppix:       1.0000   -1.0000   -1.0000
center:     128.0000 -129.0000 -129.0000
/opt/freesurfer/average/711-2B_as_mni_average_305_mask.4dfp.img
       256       256       256         1
  1.000000  1.000000  1.000000
orientation T byte_order littleendian
Reading mask: /opt/freesurfer/average/711-2B_as_mni_average_305_mask.4dfp.img (2306576 pixels)
talsrcimg_g11.4dfp.img
       320       320       320         1
  0.800000  0.800000  0.800000
orientation T byte_order littleendian
Reading image: talsrcimg_g11.4dfp.img
dimensions:      320       320       320
mmppix:       0.8000   -0.8000   -0.8000
center:     128.0000 -128.8000 -128.8000
fimgreg.f
image alignment mode   2311 decimal      907 hex
parameters
   -1.5495   -7.5700   13.7227   -5.6352  -16.5197   -1.6479
    0.4137   -5.3586    1.2600   19.4190    3.5533  -21.1839
eta,q 0.97277 11.33305
niter,ni,del,rscale     5    3    5.0000    0.8000
parameters
   -1.5251   -7.5259   13.7367   -5.9629  -16.1952   -2.2456
    0.3501   -5.3995    1.2673   19.4879    3.5708  -21.2202
eta,q 0.97266 11.33243
  0.0285  0.0282  0.0280  0.0289  0.0284  0.0288  0.0281  0.0289  0.0281  0.0287  0.0278  0.0277
  0.0278  0.0276  0.0276  0.0280  0.0277  0.0282  0.0277  0.0280  0.0277  0.0280  0.0276  0.0275
  0.0274  0.0273  0.0273  0.0275  0.0274  0.0276  0.0274  0.0275  0.0274  0.0275  0.0274  0.0274
  0.0272  0.0272  0.0272  0.0272  0.0272  0.0272  0.0273  0.0273  0.0273  0.0273  0.0273  0.0273
  0.0274  0.0273  0.0273  0.0274  0.0274  0.0275  0.0274  0.0275  0.0274  0.0274  0.0274  0.0274
  0.0278  0.0276  0.0276  0.0282  0.0276  0.0286  0.0277  0.0280  0.0277  0.0279  0.0275  0.0275
  0.0284  0.0280  0.0279  0.0297  0.0280  0.0304  0.0282  0.0290  0.0281  0.0287  0.0278  0.0277
niter,ni,del,rscale     4    3    5.0000    0.7000
parameters
   -1.5502   -7.5207   13.7458   -5.8012  -16.1430   -2.1758
    0.3633   -5.3724    1.2631   19.5007    3.6168  -21.2663
eta,q 0.97269 11.33689
  0.0282  0.0280  0.0278  0.0288  0.0281  0.0288  0.0280  0.0286  0.0279  0.0284  0.0277  0.0276
  0.0277  0.0276  0.0276  0.0281  0.0276  0.0283  0.0276  0.0279  0.0276  0.0278  0.0275  0.0274
  0.0274  0.0274  0.0274  0.0276  0.0274  0.0278  0.0274  0.0275  0.0274  0.0275  0.0274  0.0273
  0.0273  0.0273  0.0273  0.0273  0.0273  0.0273  0.0273  0.0273  0.0273  0.0273  0.0273  0.0273
  0.0275  0.0274  0.0274  0.0274  0.0274  0.0273  0.0274  0.0274  0.0274  0.0274  0.0273  0.0274
  0.0278  0.0276  0.0276  0.0278  0.0277  0.0279  0.0276  0.0278  0.0276  0.0278  0.0275  0.0274
  0.0283  0.0280  0.0278  0.0287  0.0280  0.0290  0.0279  0.0286  0.0279  0.0284  0.0277  0.0276
niter,ni,del,rscale     3    3    5.0000    0.6000
parameters
   -1.5564   -7.5518   13.7190   -5.7274  -16.2317   -1.9847
    0.3857   -5.3760    1.2489   19.4909    3.6215  -21.2409
eta,q 0.97273 11.33843
  0.0280  0.0278  0.0277  0.0284  0.0278  0.0285  0.0278  0.0282  0.0277  0.0281  0.0275  0.0275
  0.0276  0.0275  0.0275  0.0279  0.0275  0.0281  0.0275  0.0277  0.0275  0.0276  0.0274  0.0274
  0.0274  0.0273  0.0273  0.0275  0.0273  0.0277  0.0273  0.0274  0.0273  0.0274  0.0273  0.0273
  0.0273  0.0273  0.0273  0.0273  0.0273  0.0273  0.0273  0.0273  0.0273  0.0273  0.0273  0.0273
  0.0274  0.0274  0.0274  0.0274  0.0274  0.0273  0.0273  0.0274  0.0273  0.0273  0.0273  0.0273
  0.0276  0.0276  0.0275  0.0277  0.0276  0.0277  0.0275  0.0277  0.0275  0.0276  0.0274  0.0274
  0.0280  0.0278  0.0277  0.0284  0.0278  0.0285  0.0277  0.0282  0.0277  0.0281  0.0276  0.0275
niter,ni,del,rscale     2    3    5.0000    0.5000
parameters
   -1.5548   -7.5642   13.7096   -5.6743  -16.3624   -1.8112
    0.3909   -5.3733    1.2597   19.4554    3.5857  -21.1959
eta,q 0.97275 11.33650
  0.0278  0.0276  0.0275  0.0280  0.0276  0.0282  0.0276  0.0279  0.0276  0.0278  0.0274  0.0274
  0.0275  0.0274  0.0274  0.0277  0.0274  0.0279  0.0274  0.0276  0.0274  0.0275  0.0273  0.0273
  0.0273  0.0273  0.0273  0.0274  0.0273  0.0275  0.0273  0.0273  0.0273  0.0273  0.0273  0.0273
  0.0273  0.0273  0.0273  0.0273  0.0273  0.0273  0.0272  0.0272  0.0272  0.0272  0.0272  0.0272
  0.0273  0.0273  0.0273  0.0273  0.0273  0.0273  0.0273  0.0273  0.0273  0.0273  0.0273  0.0273
  0.0275  0.0274  0.0274  0.0276  0.0275  0.0276  0.0274  0.0275  0.0274  0.0275  0.0273  0.0273
  0.0277  0.0276  0.0276  0.0280  0.0277  0.0282  0.0276  0.0279  0.0276  0.0278  0.0275  0.0274
niter,ni,del,rscale     1    3    5.0000    0.4000
parameters
   -1.5466   -7.5733   13.7201   -5.6349  -16.5109   -1.6482
    0.4062   -5.3510    1.2568   19.4124    3.5638  -21.1703
eta,q 0.97277 11.33331
  0.0276  0.0275  0.0274  0.0278  0.0275  0.0280  0.0274  0.0277  0.0274  0.0276  0.0274  0.0273
  0.0274  0.0273  0.0273  0.0275  0.0273  0.0277  0.0273  0.0274  0.0273  0.0274  0.0273  0.0273
  0.0273  0.0273  0.0273  0.0273  0.0273  0.0274  0.0273  0.0273  0.0272  0.0273  0.0272  0.0272
  0.0272  0.0272  0.0272  0.0272  0.0272  0.0272  0.0272  0.0272  0.0272  0.0272  0.0272  0.0272
  0.0273  0.0273  0.0273  0.0273  0.0273  0.0273  0.0273  0.0273  0.0273  0.0273  0.0272  0.0272
  0.0274  0.0274  0.0273  0.0274  0.0274  0.0275  0.0273  0.0274  0.0273  0.0274  0.0273  0.0273
  0.0275  0.0275  0.0274  0.0277  0.0275  0.0279  0.0274  0.0277  0.0274  0.0276  0.0274  0.0273
registration optimization eta report
parameter search radius
    0.8000    0.8000    0.8000    2.4000    2.4000    2.4000
    2.4000    2.4000    2.4000    2.4000    2.4000    2.4000
100000*second partial in parameter space
       48.       34.       29.        9.        4.       12.
        4.        8.        4.        7.        2.        2.
  0.0276  0.0275  0.0274  0.0278  0.0275  0.0280  0.0274  0.0277  0.0274  0.0276  0.0274  0.0273
  0.0274  0.0273  0.0273  0.0275  0.0273  0.0277  0.0273  0.0274  0.0273  0.0274  0.0273  0.0273
  0.0273  0.0273  0.0273  0.0273  0.0273  0.0274  0.0273  0.0273  0.0272  0.0273  0.0272  0.0272
  0.0272  0.0272  0.0272  0.0272  0.0272  0.0272  0.0272  0.0272  0.0272  0.0272  0.0272  0.0272
  0.0273  0.0273  0.0273  0.0273  0.0273  0.0273  0.0273  0.0273  0.0273  0.0273  0.0272  0.0272
  0.0274  0.0274  0.0273  0.0274  0.0274  0.0275  0.0273  0.0274  0.0273  0.0274  0.0273  0.0273
  0.0275  0.0275  0.0274  0.0277  0.0275  0.0279  0.0274  0.0277  0.0274  0.0276  0.0274  0.0273
   -1.5466   -7.5733   13.7201   -5.6349  -16.5109   -1.6482
    0.4062   -5.3510    1.2568   19.4124    3.5638  -21.1703
eta,q 0.97277 11.33331

---------------------------------------------------------------------
compute_vox2vox talsrcimg talsrcimg_to_711-2C_as_mni_average_305_t4 /opt/freesurfer/average/711-2C_as_mni_average_305
---------------------------------------------------------------------

freesurfer compute_vox2vox.c
Reading: talsrcimg.4dfp.ifh
Reading: talsrcimg_to_711-2C_as_mni_average_305_t4
Reading: /opt/freesurfer/average/711-2C_as_mni_average_305.4dfp.ifh
Writing: talsrcimg_to_711-2C_as_mni_average_305_t4_vox2vox.txt

start time Tue Mar 10 14:39:25 CET 2026
end		time Tue Mar 10 14:40:47 CET 2026

mpr2mni305 success

avi2talxfm orig_nu.mgz /opt/freesurfer/average/mni305.cor.mgz talsrcimg_to_711-2C_as_mni_average_305_t4_vox2vox.txt transforms/talairach.auto.xfm
avi2talxfm done
mv -f /out/sourcedata/freesurfer/sub-v2s11x28687_ses-1/mri/talsrcimg_to_711-2C_as_mni_average_305_t4_vox2vox.txt /out/sourcedata/freesurfer/sub-v2s11x28687_ses-1/mri/transforms/talsrcimg_to_711-2C_as_mni_average_305_t4_vox2vox.txt
lta_convert --src orig_nu.mgz --trg /opt/freesurfer/average/mni305.cor.mgz --inxfm transforms/talairach.auto.xfm --outlta transforms/talairach.auto.xfm.lta --subject fsaverage
7.3.2

--src: orig_nu.mgz src image (geometry).
--trg: /opt/freesurfer/average/mni305.cor.mgz trg image (geometry).
--inmni: transforms/talairach.auto.xfm input MNI/XFM transform.
--outlta: transforms/talairach.auto.xfm.lta output LTA.
--s: fsaverage subject name
 LTA read, type : 1
 1.05749   0.05576   0.00899   0.06943;
-0.03976   0.96620   0.24519  -23.25491;
-0.00667  -0.22549   1.14061  -19.46524;
 0.00000   0.00000   0.00000   1.00000;
setting subject to fsaverage
Writing  LTA to file transforms/talairach.auto.xfm.lta...
lta_convert successful.
 
 
Started at Tue Mar 10 14:39:24 CET 2026
Ended   at Tue Mar 10 14:40:47 CET 2026
talairach_avi done
