status file for recon-all
Tue Mar 10 17:00:58 CET 2026
#@# Tessellate lh Tue Mar 10 17:00:58 CET 2026
#@# Smooth1 lh Tue Mar 10 17:01:06 CET 2026
#@# Inflation1 lh Tue Mar 10 17:01:10 CET 2026
#@# QSphere lh Tue Mar 10 17:03:05 CET 2026
#@# Fix Topology lh Tue Mar 10 17:04:32 CET 2026
#@# Smooth2 lh Tue Mar 10 17:19:10 CET 2026
#@# Inflation2 lh Tue Mar 10 17:19:14 CET 2026
#@# Curv .H and .K lh Tue Mar 10 17:19:58 CET 2026
#@# Sphere lh Tue Mar 10 17:21:05 CET 2026
#@# Surf Reg lh Tue Mar 10 17:24:49 CET 2026
#@# Jacobian white lh Tue Mar 10 17:31:25 CET 2026
#@# AvgCurv lh Tue Mar 10 17:31:27 CET 2026
#@# Cortical Parc lh Tue Mar 10 17:31:28 CET 2026
#@# white curv lh Tue Mar 10 17:39:50 CET 2026
#@# white area lh Tue Mar 10 17:39:53 CET 2026
#@# pial curv lh Tue Mar 10 17:39:54 CET 2026
#@# pial area lh Tue Mar 10 17:39:57 CET 2026
#@# thickness lh Tue Mar 10 17:39:58 CET 2026
#@# area and vertex vol lh Tue Mar 10 17:40:42 CET 2026
#@# Curvature Stats lh Tue Mar 10 17:40:44 CET 2026
#@# Cortical Parc 2 lh Tue Mar 10 17:40:47 CET 2026
#@# Cortical Parc 3 lh Tue Mar 10 17:41:05 CET 2026
#@# WM/GM Contrast lh Tue Mar 10 17:41:20 CET 2026
recon-all -s sub-v2s11x28685_ses-1 finished without error at Tue Mar 10 17:41:25 CET 2026



#New# invocation of recon-all 



status file for recon-all
Tue Mar 10 18:25:45 CET 2026
#@# white curv lh Tue Mar 10 18:25:45 CET 2026
#@# white area lh Tue Mar 10 18:25:45 CET 2026
#@# pial curv lh Tue Mar 10 18:25:45 CET 2026
#@# pial area lh Tue Mar 10 18:25:45 CET 2026
#@# thickness lh Tue Mar 10 18:25:45 CET 2026
#@# area and vertex vol lh Tue Mar 10 18:25:45 CET 2026
#@# Parcellation Stats lh Tue Mar 10 18:25:45 CET 2026
#@# Parcellation Stats 2 lh Tue Mar 10 18:26:18 CET 2026
#@# Parcellation Stats 3 lh Tue Mar 10 18:26:36 CET 2026
#@# BA_exvivo Labels lh Tue Mar 10 18:26:54 CET 2026
recon-all -s sub-v2s11x28685_ses-1 finished without error at Tue Mar 10 18:30:31 CET 2026
