status file for recon-all
Tue Mar 10 17:41:26 CET 2026
#@# Tessellate rh Tue Mar 10 17:41:26 CET 2026
#@# Smooth1 rh Tue Mar 10 17:41:34 CET 2026
#@# Inflation1 rh Tue Mar 10 17:41:38 CET 2026
#@# QSphere rh Tue Mar 10 17:43:21 CET 2026
#@# Fix Topology rh Tue Mar 10 17:44:58 CET 2026
#@# Smooth2 rh Tue Mar 10 17:54:03 CET 2026
#@# Inflation2 rh Tue Mar 10 17:54:07 CET 2026
#@# Curv .H and .K rh Tue Mar 10 17:54:50 CET 2026
#@# Sphere rh Tue Mar 10 17:55:57 CET 2026
#@# Surf Reg rh Tue Mar 10 17:59:35 CET 2026
#@# Jacobian white rh Tue Mar 10 18:06:05 CET 2026
#@# AvgCurv rh Tue Mar 10 18:06:06 CET 2026
#@# Cortical Parc rh Tue Mar 10 18:06:07 CET 2026
#@# white curv rh Tue Mar 10 18:14:20 CET 2026
#@# white area rh Tue Mar 10 18:14:23 CET 2026
#@# pial curv rh Tue Mar 10 18:14:24 CET 2026
#@# pial area rh Tue Mar 10 18:14:26 CET 2026
#@# thickness rh Tue Mar 10 18:14:27 CET 2026
#@# area and vertex vol rh Tue Mar 10 18:15:11 CET 2026
#@# Curvature Stats rh Tue Mar 10 18:15:13 CET 2026
#@# Cortical Parc 2 rh Tue Mar 10 18:15:18 CET 2026
#@# Cortical Parc 3 rh Tue Mar 10 18:15:37 CET 2026
#@# WM/GM Contrast rh Tue Mar 10 18:15:51 CET 2026
recon-all -s sub-v2s11x28685_ses-1 finished without error at Tue Mar 10 18:15:56 CET 2026



#New# invocation of recon-all 



status file for recon-all
Tue Mar 10 18:30:33 CET 2026
#@# white curv rh Tue Mar 10 18:30:33 CET 2026
#@# white area rh Tue Mar 10 18:30:33 CET 2026
#@# pial curv rh Tue Mar 10 18:30:33 CET 2026
#@# pial area rh Tue Mar 10 18:30:33 CET 2026
#@# thickness rh Tue Mar 10 18:30:33 CET 2026
#@# area and vertex vol rh Tue Mar 10 18:30:33 CET 2026
#@# Parcellation Stats rh Tue Mar 10 18:30:33 CET 2026
#@# Parcellation Stats 2 rh Tue Mar 10 18:31:07 CET 2026
#@# Parcellation Stats 3 rh Tue Mar 10 18:31:24 CET 2026
#@# BA_exvivo Labels rh Tue Mar 10 18:31:41 CET 2026
recon-all -s sub-v2s11x28685_ses-1 finished without error at Tue Mar 10 18:35:20 CET 2026
