status file for recon-all
Tue Mar 10 21:42:48 CET 2026
#@# Tessellate lh Tue Mar 10 21:42:48 CET 2026
#@# Smooth1 lh Tue Mar 10 21:42:56 CET 2026
#@# Inflation1 lh Tue Mar 10 21:43:00 CET 2026
#@# QSphere lh Tue Mar 10 21:44:34 CET 2026
#@# Fix Topology lh Tue Mar 10 21:46:02 CET 2026
#@# Smooth2 lh Tue Mar 10 22:00:33 CET 2026
#@# Inflation2 lh Tue Mar 10 22:00:37 CET 2026
#@# Curv .H and .K lh Tue Mar 10 22:01:12 CET 2026
#@# Sphere lh Tue Mar 10 22:02:27 CET 2026
#@# Surf Reg lh Tue Mar 10 22:09:29 CET 2026
#@# Jacobian white lh Tue Mar 10 22:19:17 CET 2026
#@# AvgCurv lh Tue Mar 10 22:19:18 CET 2026
#@# Cortical Parc lh Tue Mar 10 22:19:19 CET 2026
#@# white curv lh Tue Mar 10 22:32:15 CET 2026
#@# white area lh Tue Mar 10 22:32:18 CET 2026
#@# pial curv lh Tue Mar 10 22:32:19 CET 2026
#@# pial area lh Tue Mar 10 22:32:22 CET 2026
#@# thickness lh Tue Mar 10 22:32:23 CET 2026
#@# area and vertex vol lh Tue Mar 10 22:33:14 CET 2026
#@# Curvature Stats lh Tue Mar 10 22:33:17 CET 2026
#@# Cortical Parc 2 lh Tue Mar 10 22:33:21 CET 2026
#@# Cortical Parc 3 lh Tue Mar 10 22:33:43 CET 2026
#@# WM/GM Contrast lh Tue Mar 10 22:33:59 CET 2026
recon-all -s sub-v2s11x28696_ses-1 finished without error at Tue Mar 10 22:34:03 CET 2026



#New# invocation of recon-all 



status file for recon-all
Tue Mar 10 23:42:32 CET 2026
#@# white curv lh Tue Mar 10 23:42:32 CET 2026
#@# white area lh Tue Mar 10 23:42:32 CET 2026
#@# pial curv lh Tue Mar 10 23:42:32 CET 2026
#@# pial area lh Tue Mar 10 23:42:32 CET 2026
#@# thickness lh Tue Mar 10 23:42:32 CET 2026
#@# area and vertex vol lh Tue Mar 10 23:42:32 CET 2026
#@# Parcellation Stats lh Tue Mar 10 23:42:32 CET 2026
#@# Parcellation Stats 2 lh Tue Mar 10 23:43:13 CET 2026
#@# Parcellation Stats 3 lh Tue Mar 10 23:43:33 CET 2026
#@# BA_exvivo Labels lh Tue Mar 10 23:43:54 CET 2026
recon-all -s sub-v2s11x28696_ses-1 finished without error at Tue Mar 10 23:47:50 CET 2026
