status file for recon-all
Tue Mar 10 22:34:04 CET 2026
#@# Tessellate rh Tue Mar 10 22:34:04 CET 2026
#@# Smooth1 rh Tue Mar 10 22:34:11 CET 2026
#@# Inflation1 rh Tue Mar 10 22:34:16 CET 2026
#@# QSphere rh Tue Mar 10 22:36:11 CET 2026
#@# Fix Topology rh Tue Mar 10 22:37:54 CET 2026
#@# Smooth2 rh Tue Mar 10 22:52:09 CET 2026
#@# Inflation2 rh Tue Mar 10 22:52:14 CET 2026
#@# Curv .H and .K rh Tue Mar 10 22:52:50 CET 2026
#@# Sphere rh Tue Mar 10 22:54:10 CET 2026
#@# Surf Reg rh Tue Mar 10 22:59:35 CET 2026
#@# Jacobian white rh Tue Mar 10 23:09:31 CET 2026
#@# AvgCurv rh Tue Mar 10 23:09:32 CET 2026
#@# Cortical Parc rh Tue Mar 10 23:09:34 CET 2026
#@# white curv rh Tue Mar 10 23:18:13 CET 2026
#@# white area rh Tue Mar 10 23:18:16 CET 2026
#@# pial curv rh Tue Mar 10 23:18:17 CET 2026
#@# pial area rh Tue Mar 10 23:18:20 CET 2026
#@# thickness rh Tue Mar 10 23:18:21 CET 2026
#@# area and vertex vol rh Tue Mar 10 23:19:14 CET 2026
#@# Curvature Stats rh Tue Mar 10 23:19:16 CET 2026
#@# Cortical Parc 2 rh Tue Mar 10 23:19:20 CET 2026
#@# Cortical Parc 3 rh Tue Mar 10 23:19:41 CET 2026
#@# WM/GM Contrast rh Tue Mar 10 23:19:58 CET 2026
recon-all -s sub-v2s11x28696_ses-1 finished without error at Tue Mar 10 23:20:03 CET 2026



#New# invocation of recon-all 



status file for recon-all
Tue Mar 10 23:47:53 CET 2026
#@# white curv rh Tue Mar 10 23:47:53 CET 2026
#@# white area rh Tue Mar 10 23:47:53 CET 2026
#@# pial curv rh Tue Mar 10 23:47:53 CET 2026
#@# pial area rh Tue Mar 10 23:47:53 CET 2026
#@# thickness rh Tue Mar 10 23:47:53 CET 2026
#@# area and vertex vol rh Tue Mar 10 23:47:53 CET 2026
#@# Parcellation Stats rh Tue Mar 10 23:47:53 CET 2026
#@# Parcellation Stats 2 rh Tue Mar 10 23:48:36 CET 2026
#@# Parcellation Stats 3 rh Tue Mar 10 23:48:58 CET 2026
#@# BA_exvivo Labels rh Tue Mar 10 23:49:20 CET 2026
recon-all -s sub-v2s11x28696_ses-1 finished without error at Tue Mar 10 23:53:25 CET 2026
