/out/sourcedata/freesurfer/sub-v2s11x28699_ses-1/mri
/opt/freesurfer/bin/talairach_avi
--i orig_nu.mgz --xfm transforms/talairach.auto.xfm
talairach_avi 7.3.2
Linux dna023 5.14.0-427.37.1.el9_4.x86_64 #1 SMP PREEMPT_DYNAMIC Fri Sep 13 12:41:50 EDT 2024 x86_64 x86_64 x86_64 GNU/Linux
Tue Mar 10 19:40:46 CET 2026
mri_convert orig_nu.mgz talsrcimg.img 
reading from orig_nu.mgz...
TR=0.00, TE=0.00, TI=0.00, flip angle=0.00
i_ras = (-1, 0, 0)
j_ras = (0, 0, -1)
k_ras = (0, 1, 0)
writing to talsrcimg.img...
Analyze Output Matrix
-0.80000   0.00000   0.00000   132.72220;
 0.00000   0.00000   0.80000  -143.32587;
 0.00000  -0.80000   0.00000   130.26569;
 0.00000   0.00000   0.00000   1.00000;
--------------------
INFO: set hdr.hist.orient to -1
mpr2mni305 talsrcimg
Tue Mar 10 19:40:47 CET 2026
/opt/freesurfer/bin/mpr2mni305 talsrcimg
mpr2mni305 7.3.2
target=711-2C_as_mni_average_305

---------------------------------------------------------------------
analyzeto4dfp talsrcimg -O0 -y
---------------------------------------------------------------------

freesurfer ifh2hdr.c
Tue Mar 10 19:40:47 2026
Writing: talsrcimg.4dfp.hdr
freesurfer analyzeto4dfp.c
Reading: talsrcimg.hdr
header size 348 bytes
hdr.dime.datatype	offset=70	value=2
hdr.dime.bitpix		offset=72	value=8
hdr.hist.orient		offset=252	value=-1
dimensionality     4
dimensions       320       320       320         1
Reading: talsrcimg.img
Writing: talsrcimg.4dfp.img
Writing: talsrcimg.4dfp.ifh
ifh2hdr talsrcimg -r0to168
ori=2

---------------------------------------------------------------------
gauss_4dfp talsrcimg 1.1
---------------------------------------------------------------------

freesurfer gauss_4dfp.c
Reading: talsrcimg.4dfp.img
Writing: talsrcimg_g11.4dfp.img
image dimensions 320 320 320 padded to 384 384 384
processing volume 1freesurfer ifh2hdr.c
Tue Mar 10 19:41:03 2026
Writing: talsrcimg_g11.4dfp.hdr

Writing: talsrcimg_g11.4dfp.ifh
including: talsrcimg.4dfp.img.rec in talsrcimg_g11.4dfp.img.rec

---------------------------------------------------------------------
imgreg_4dfp /opt/freesurfer/average/711-2C_as_mni_average_305 none talsrcimg_g11 none talsrcimg_to_711-2C_as_mni_average_305_t4 4355
---------------------------------------------------------------------

freesurfer imgreg_4dfp.c
/opt/freesurfer/average/711-2C_as_mni_average_305.4dfp.img
       256       256       256         1
  1.000000  1.000000  1.000000
orientation T byte_order littleendian
Reading image: /opt/freesurfer/average/711-2C_as_mni_average_305.4dfp.img
dimensions:      256       256       256
mmppix:       1.0000   -1.0000   -1.0000
center:     128.0000 -129.0000 -129.0000
talsrcimg_g11.4dfp.img
       320       320       320         1
  0.800000  0.800000  0.800000
orientation T byte_order littleendian
Reading image: talsrcimg_g11.4dfp.img
dimensions:      320       320       320
mmppix:       0.8000   -0.8000   -0.8000
center:     128.0000 -128.8000 -128.8000
t4_read: open error in t4_sub.f l:  41 t4_file(1:l)talsrcimg_to_711-2C_as_mni_average_305_t4 
t4_read: transform initialized to I4
rotation matrix determinant  1.000000
image alignment mode   4355 decimal     1103 hex
   -7.5000  -45.0000  -45.0000 9002.9746   17.3672
    0.0000  -45.0000  -45.0000 9447.5371   17.5195
    7.5000  -45.0000  -45.0000 8984.7744   17.4997
   -7.5000  -37.5000  -45.0000 9545.1504   17.4037
    0.0000  -37.5000  -45.000010020.1260   17.5581
    7.5000  -37.5000  -45.0000 9538.5107   17.5420
   -7.5000  -30.0000  -45.000010442.7871   17.5703
    0.0000  -30.0000  -45.000010979.1533   17.7220
    7.5000  -30.0000  -45.000010441.4004   17.7033
   -7.5000  -22.5000  -45.000011356.1514   17.6971
    0.0000  -22.5000  -45.000011940.6768   17.8436
    7.5000  -22.5000  -45.000011347.1914   17.8181
   -7.5000  -15.0000  -45.000012251.6064   17.6619
    0.0000  -15.0000  -45.000012890.4932   17.8065
    7.5000  -15.0000  -45.000012226.2412   17.7773
   -7.5000   -7.5000  -45.000013173.4668   17.4949
    0.0000   -7.5000  -45.000013852.8779   17.6424
    7.5000   -7.5000  -45.000013130.0488   17.6166
   -7.5000    0.0000  -45.000013787.4160   17.3672
    0.0000    0.0000  -45.000014499.4160   17.5195
    7.5000    0.0000  -45.000013715.3311   17.4997
   -7.5000    7.5000  -45.000013221.9092   17.4037
    0.0000    7.5000  -45.000013884.1973   17.5581
    7.5000    7.5000  -45.000013131.6572   17.5420
   -7.5000   15.0000  -45.000012512.1221   17.5703
    0.0000   15.0000  -45.000013161.6475   17.7220
    7.5000   15.0000  -45.000012445.3408   17.7033
   -7.5000   22.5000  -45.000011682.3564   17.6946
    0.0000   22.5000  -45.000012293.6270   17.8412
    7.5000   22.5000  -45.000011618.1162   17.8156
   -7.5000   30.0000  -45.000010838.6172   17.4265
    0.0000   30.0000  -45.000011399.3604   17.5692
    7.5000   30.0000  -45.000010764.2891   17.5404
   -7.5000   37.5000  -45.000010377.6172   17.2617
    0.0000   37.5000  -45.000010919.3887   17.4073
    7.5000   37.5000  -45.000010292.8809   17.3818
   -7.5000   45.0000  -45.0000 9542.1182   16.7007
    0.0000   45.0000  -45.000010051.5088   16.8471
    7.5000   45.0000  -45.0000 9471.3438   16.8280
   -7.5000  -45.0000  -37.5000 9263.6123   17.3513
    0.0000  -45.0000  -37.5000 9713.5107   17.4951
    7.5000  -45.0000  -37.5000 9267.6562   17.4669
   -7.5000  -37.5000  -37.5000 9840.3516   17.3930
    0.0000  -37.5000  -37.500010319.3838   17.5435
    7.5000  -37.5000  -37.5000 9844.4863   17.5199
   -7.5000  -30.0000  -37.500010762.8809   17.5611
    0.0000  -30.0000  -37.500011299.3428   17.7109
    7.5000  -30.0000  -37.500010751.4248   17.6851
   -7.5000  -22.5000  -37.500011701.5449   17.6841
    0.0000  -22.5000  -37.500012277.9854   17.8264
    7.5000  -22.5000  -37.500011665.4961   17.7932
   -7.5000  -15.0000  -37.500012640.0059   17.6432
    0.0000  -15.0000  -37.500013228.0635   17.7788
    7.5000  -15.0000  -37.500012576.0820   17.7414
   -7.5000   -7.5000  -37.500013565.3086   17.4746
    0.0000   -7.5000  -37.500014216.9014   17.6110
    7.5000   -7.5000  -37.500013499.5146   17.5765
   -7.5000    0.0000  -37.500014183.2676   17.3513
    0.0000    0.0000  -37.500014886.6230   17.4951
    7.5000    0.0000  -37.500014132.4990   17.4669
   -7.5000    7.5000  -37.500013578.6768   17.3930
    0.0000    7.5000  -37.500014266.1211   17.5435
    7.5000    7.5000  -37.500013535.8789   17.5199
   -7.5000   15.0000  -37.500012863.7812   17.5611
    0.0000   15.0000  -37.500013530.2373   17.7109
    7.5000   15.0000  -37.500012822.0156   17.6851
   -7.5000   22.5000  -37.500012000.9570   17.6817
    0.0000   22.5000  -37.500012618.9922   17.8240
    7.5000   22.5000  -37.500011956.3223   17.7908
   -7.5000   30.0000  -37.500011108.8701   17.4081
    0.0000   30.0000  -37.500011670.1426   17.5419
    7.5000   30.0000  -37.500011061.8311   17.5050
   -7.5000   37.5000  -37.500010622.3193   17.2417
    0.0000   37.5000  -37.500011158.2471   17.3763
    7.5000   37.5000  -37.500010579.9268   17.3422
   -7.5000   45.0000  -37.5000 9760.4961   16.6854
    0.0000   45.0000  -37.500010269.8916   16.8236
    7.5000   45.0000  -37.5000 9728.5918   16.7965
   -7.5000  -45.0000  -30.0000 9880.4678   17.6624
    0.0000  -45.0000  -30.000010345.0469   17.8050
    7.5000  -45.0000  -30.0000 9882.2490   17.7692
   -7.5000  -37.5000  -30.000010495.8604   17.7047
    0.0000  -37.5000  -30.000010996.9531   17.8519
    7.5000  -37.5000  -30.000010497.4639   17.8180
   -7.5000  -30.0000  -30.000011492.0928   17.8808
    0.0000  -30.0000  -30.000012040.3682   18.0275
    7.5000  -30.0000  -30.000011480.7041   17.9894
   -7.5000  -22.5000  -30.000012503.3027   18.0116
    0.0000  -22.5000  -30.000013092.0967   18.1531
    7.5000  -22.5000  -30.000012459.6416   18.1079
   -7.5000  -15.0000  -30.000013501.4502   17.9701
    0.0000  -15.0000  -30.000014098.1143   18.1068
    7.5000  -15.0000  -30.000013439.0801   18.0602
   -7.5000   -7.5000  -30.000014490.6748   17.7932
    0.0000   -7.5000  -30.000015175.8555   17.9306
    7.5000   -7.5000  -30.000014427.7178   17.8890
   -7.5000    0.0000  -30.000015147.2061   17.6624
    0.0000    0.0000  -30.000015873.9492   17.8050
    7.5000    0.0000  -30.000015101.7402   17.7692
   -7.5000    7.5000  -30.000014481.3564   17.7047
    0.0000    7.5000  -30.000015186.6084   17.8519
    7.5000    7.5000  -30.000014439.6934   17.8180
   -7.5000   15.0000  -30.000013724.3311   17.8808
    0.0000   15.0000  -30.000014399.0254   18.0275
    7.5000   15.0000  -30.000013674.2510   17.9894
   -7.5000   22.5000  -30.000012793.7051   18.0073
    0.0000   22.5000  -30.000013412.0195   18.1487
    7.5000   22.5000  -30.000012754.5752   18.1036
   -7.5000   30.0000  -30.000011839.2158   17.7324
    0.0000   30.0000  -30.000012396.2510   17.8672
    7.5000   30.0000  -30.000011801.6943   17.8212
   -7.5000   37.5000  -30.000011319.4209   17.5578
    0.0000   37.5000  -30.000011854.0576   17.6934
    7.5000   37.5000  -30.000011277.3867   17.6523
   -7.5000   45.0000  -30.000010369.6426   16.9971
    0.0000   45.0000  -30.000010898.8047   17.1342
    7.5000   45.0000  -30.000010353.4893   17.0998
   -7.5000  -45.0000  -22.500010482.3721   17.8681
    0.0000  -45.0000  -22.500010966.8125   18.0147
    7.5000  -45.0000  -22.500010449.5771   17.9792
   -7.5000  -37.5000  -22.500011142.6445   17.9053
    0.0000  -37.5000  -22.500011660.6602   18.0503
    7.5000  -37.5000  -22.500011114.4805   18.0136
   -7.5000  -30.0000  -22.500012221.4502   18.0850
    0.0000  -30.0000  -22.500012780.0391   18.2284
    7.5000  -30.0000  -22.500012181.7734   18.1854
   -7.5000  -22.5000  -22.500013311.2227   18.2251
    0.0000  -22.5000  -22.500013925.5176   18.3679
    7.5000  -22.5000  -22.500013247.2012   18.3188
   -7.5000  -15.0000  -22.500014363.8193   18.1897
    0.0000  -15.0000  -22.500015025.3916   18.3337
    7.5000  -15.0000  -22.500014310.5762   18.2861
   -7.5000   -7.5000  -22.500015396.6270   18.0083
    0.0000   -7.5000  -22.500016145.1299   18.1545
    7.5000   -7.5000  -22.500015352.8145   18.1143
   -7.5000    0.0000  -22.500016080.0488   17.8681
    0.0000    0.0000  -22.500016847.4668   18.0147
    7.5000    0.0000  -22.500016042.2949   17.9792
   -7.5000    7.5000  -22.500015373.0107   17.9053
    0.0000    7.5000  -22.500016087.9004   18.0503
    7.5000    7.5000  -22.500015330.3193   18.0136
   -7.5000   15.0000  -22.500014561.9053   18.0850
    0.0000   15.0000  -22.500015240.9834   18.2284
    7.5000   15.0000  -22.500014515.1650   18.1854
   -7.5000   22.5000  -22.500013603.5000   18.2195
    0.0000   22.5000  -22.500014211.5742   18.3623
    7.5000   22.5000  -22.500013555.2305   18.3132
   -7.5000   30.0000  -22.500012585.6611   17.9517
    0.0000   30.0000  -22.500013149.8594   18.0939
    7.5000   30.0000  -22.500012557.7529   18.0469
   -7.5000   37.5000  -22.500012013.7070   17.7728
    0.0000   37.5000  -22.500012563.6934   17.9170
    7.5000   37.5000  -22.500011987.4814   17.8774
   -7.5000   45.0000  -22.500010989.4844   17.2078
    0.0000   45.0000  -22.500011531.7197   17.3491
    7.5000   45.0000  -22.500010976.3594   17.3149
   -7.5000  -45.0000  -15.000011074.9854   17.9177
    0.0000  -45.0000  -15.000011575.9561   18.0729
    7.5000  -45.0000  -15.000011036.6367   18.0438
   -7.5000  -37.5000  -15.000011789.4297   17.9510
    0.0000  -37.5000  -15.000012327.8076   18.1005
    7.5000  -37.5000  -15.000011742.8926   18.0694
   -7.5000  -30.0000  -15.000012947.3389   18.1293
    0.0000  -30.0000  -15.000013537.7812   18.2756
    7.5000  -30.0000  -15.000012894.3633   18.2386
   -7.5000  -22.5000  -15.000014104.3320   18.2725
    0.0000  -22.5000  -15.000014778.6289   18.4207
    7.5000  -22.5000  -15.000014049.3389   18.3784
   -7.5000  -15.0000  -15.000015206.8096   18.2423
    0.0000  -15.0000  -15.000015977.9209   18.3957
    7.5000  -15.0000  -15.000015173.3262   18.3553
   -7.5000   -7.5000  -15.000016288.8984   18.0617
    0.0000   -7.5000  -15.000017134.7930   18.2189
    7.5000   -7.5000  -15.000016271.8135   18.1858
   -7.5000    0.0000  -15.000017007.8906   17.9177
    0.0000    0.0000  -15.000017839.0273   18.0729
    7.5000    0.0000  -15.000016961.3926   18.0438
   -7.5000    7.5000  -15.000016248.6758   17.9510
    0.0000    7.5000  -15.000017027.1660   18.1005
    7.5000    7.5000  -15.000016186.1553   18.0694
   -7.5000   15.0000  -15.000015406.0352   18.1293
    0.0000   15.0000  -15.000016113.7207   18.2756
    7.5000   15.0000  -15.000015349.2100   18.2386
   -7.5000   22.5000  -15.000014395.4336   18.2661
    0.0000   22.5000  -15.000015016.1553   18.4142
    7.5000   22.5000  -15.000014351.1367   18.3719
   -7.5000   30.0000  -15.000013312.7744   18.0062
    0.0000   30.0000  -15.000013900.1924   18.1576
    7.5000   30.0000  -15.000013303.6270   18.1178
   -7.5000   37.5000  -15.000012724.6787   17.8280
    0.0000   37.5000  -15.000013298.3164   17.9831
    7.5000   37.5000  -15.000012722.3184   17.9504
   -7.5000   45.0000  -15.000011633.6777   17.2661
    0.0000   45.0000  -15.000012187.2314   17.4156
    7.5000   45.0000  -15.000011623.0225   17.3876
   -7.5000  -45.0000   -7.500011641.5449   17.7826
    0.0000  -45.0000   -7.500012165.6299   17.9436
    7.5000  -45.0000   -7.500011627.9873   17.9200
   -7.5000  -37.5000   -7.500012406.3105   17.8171
    0.0000  -37.5000   -7.500012967.3037   17.9742
    7.5000  -37.5000   -7.500012374.5566   17.9509
   -7.5000  -30.0000   -7.500013659.2295   17.9917
    0.0000  -30.0000   -7.500014296.8877   18.1448
    7.5000  -30.0000   -7.500013624.7539   18.1172
   -7.5000  -22.5000   -7.500014893.2393   18.1303
    0.0000  -22.5000   -7.500015643.9336   18.2830
    7.5000  -22.5000   -7.500014862.5645   18.2496
   -7.5000  -15.0000   -7.500016063.7725   18.0992
    0.0000  -15.0000   -7.500016919.8145   18.2557
    7.5000  -15.0000   -7.500016064.2686   18.2221
   -7.5000   -7.5000   -7.500017191.4336   17.9221
    0.0000   -7.5000   -7.500018121.8379   18.0829
    7.5000   -7.5000   -7.500017188.5645   18.0547
   -7.5000    0.0000   -7.500017926.4395   17.7826
    0.0000    0.0000   -7.500018867.1211   17.9436
    7.5000    0.0000   -7.500017892.5918   17.9200
   -7.5000    7.5000   -7.500017096.5391   17.8171
    0.0000    7.5000   -7.500017971.4883   17.9742
    7.5000    7.5000   -7.500017067.9590   17.9509
   -7.5000   15.0000   -7.500016219.1006   17.9917
    0.0000   15.0000   -7.500016991.0254   18.1448
    7.5000   15.0000   -7.500016186.3711   18.1172
   -7.5000   22.5000   -7.500015159.6689   18.1219
    0.0000   22.5000   -7.500015859.9209   18.2745
    7.5000   22.5000   -7.500015157.3037   18.2412
   -7.5000   30.0000   -7.500014035.8271   17.8645
    0.0000   30.0000   -7.500014693.2979   18.0189
    7.5000   30.0000   -7.500014067.3525   17.9857
   -7.5000   37.5000   -7.500013412.4990   17.6896
    0.0000   37.5000   -7.500014063.0771   17.8484
    7.5000   37.5000   -7.500013458.7275   17.8206
   -7.5000   45.0000   -7.500012281.3799   17.1391
    0.0000   45.0000   -7.500012885.3018   17.2943
    7.5000   45.0000   -7.500012302.7148   17.2716
   -7.5000  -45.0000    0.000012120.2344   17.5072
    0.0000  -45.0000    0.000012674.7324   17.6637
    7.5000  -45.0000    0.000012121.7168   17.6379
   -7.5000  -37.5000    0.000012928.8057   17.5453
    0.0000  -37.5000    0.000013536.4434   17.7039
    7.5000  -37.5000    0.000012918.8164   17.6815
   -7.5000  -30.0000    0.000014271.1689   17.7154
    0.0000  -30.0000    0.000014958.8623   17.8717
    7.5000  -30.0000    0.000014243.1855   17.8470
   -7.5000  -22.5000    0.000015644.7207   17.8459
    0.0000  -22.5000    0.000016505.3105   17.9975
    7.5000  -22.5000    0.000015642.9131   17.9663
   -7.5000  -15.0000    0.000016856.5469   17.8109
    0.0000  -15.0000    0.000017970.7363   17.9607
    7.5000  -15.0000    0.000016924.0195   17.9261
   -7.5000   -7.5000    0.000018004.8164   17.6383
    0.0000   -7.5000    0.000019142.9922   17.7905
    7.5000   -7.5000    0.000018048.6855   17.7592
   -7.5000    0.0000    0.000018720.7637   17.5072
    0.0000    0.0000    0.000019795.1465   17.6637
    7.5000    0.0000    0.000018765.7031   17.6379
   -7.5000    7.5000    0.000017877.5293   17.5453
    0.0000    7.5000    0.000018865.2988   17.7039
    7.5000    7.5000    0.000017920.5488   17.6815
   -7.5000   15.0000    0.000016953.8281   17.7154
    0.0000   15.0000    0.000017882.4863   17.8717
    7.5000   15.0000    0.000017009.4375   17.8470
   -7.5000   22.5000    0.000015870.9375   17.8376
    0.0000   22.5000    0.000016721.7461   17.9893
    7.5000   22.5000    0.000015930.8008   17.9580
   -7.5000   30.0000    0.000014736.5166   17.5804
    0.0000   30.0000    0.000015497.4570   17.7282
    7.5000   30.0000    0.000014776.8477   17.6941
   -7.5000   37.5000    0.000014114.3760   17.4101
    0.0000   37.5000    0.000014831.0850   17.5603
    7.5000   37.5000    0.000014140.8086   17.5294
   -7.5000   45.0000    0.000012914.0898   16.8750
    0.0000   45.0000    0.000013564.2617   17.0258
    7.5000   45.0000    0.000012906.8770   17.0009
   -7.5000  -45.0000    7.500011754.1523   17.8788
    0.0000  -45.0000    7.500012331.4111   18.0296
    7.5000  -45.0000    7.500011751.3408   17.9961
   -7.5000  -37.5000    7.500012521.6318   17.9223
    0.0000  -37.5000    7.500013169.8584   18.0795
    7.5000  -37.5000    7.500012522.6436   18.0505
   -7.5000  -30.0000    7.500013853.7432   18.0948
    0.0000  -30.0000    7.500014610.6572   18.2518
    7.5000  -30.0000    7.500013814.3008   18.2206
   -7.5000  -22.5000    7.500015248.7734   18.2226
    0.0000  -22.5000    7.500016356.0850   18.3725
    7.5000  -22.5000    7.500015226.4033   18.3341
   -7.5000  -15.0000    7.500016495.7441   18.1819
    0.0000  -15.0000    7.500017831.2266   18.3252
    7.5000  -15.0000    7.500016537.0020   18.2829
   -7.5000   -7.5000    7.500017491.2012   18.0065
    0.0000   -7.5000    7.500018645.4316   18.1504
    7.5000   -7.5000    7.500017561.6719   18.1109
   -7.5000    0.0000    7.500018182.2539   17.8788
    0.0000    0.0000    7.500019232.6621   18.0296
    7.5000    0.0000    7.500018242.0039   17.9961
   -7.5000    7.5000    7.500017417.7168   17.9223
    0.0000    7.5000    7.500018461.5371   18.0795
    7.5000    7.5000    7.500017472.8496   18.0505
   -7.5000   15.0000    7.500016569.8887   18.0948
    0.0000   15.0000    7.500017560.3789   18.2518
    7.5000   15.0000    7.500016569.7422   18.2206
   -7.5000   22.5000    7.500015558.2490   18.2142
    0.0000   22.5000    7.500016438.5449   18.3640
    7.5000   22.5000    7.500015485.8350   18.3257
   -7.5000   30.0000    7.500014439.2998   17.9466
    0.0000   30.0000    7.500015222.2441   18.0880
    7.5000   30.0000    7.500014346.3506   18.0462
   -7.5000   37.5000    7.500013842.2793   17.7735
    0.0000   37.5000    7.500014599.7842   17.9155
    7.5000   37.5000    7.500013753.4521   17.8766
   -7.5000   45.0000    7.500012666.5049   17.2331
    0.0000   45.0000    7.500013365.2725   17.3784
    7.5000   45.0000    7.500012614.1680   17.3462
   -7.5000  -45.0000   15.000011298.9961   18.2502
    0.0000  -45.0000   15.000011878.5205   18.3977
    7.5000  -45.0000   15.000011327.4375   18.3579
   -7.5000  -37.5000   15.000012040.4551   18.2952
    0.0000  -37.5000   15.000012689.3496   18.4474
    7.5000  -37.5000   15.000012067.6484   18.4093
   -7.5000  -30.0000   15.000013322.2705   18.4729
    0.0000  -30.0000   15.000014092.7529   18.6249
    7.5000  -30.0000   15.000013302.8438   18.5826
   -7.5000  -22.5000   15.000014691.1543   18.6049
    0.0000  -22.5000   15.000015804.3213   18.7516
    7.5000  -22.5000   15.000014648.0264   18.7024
   -7.5000  -15.0000   15.000016030.4932   18.5627
    0.0000  -15.0000   15.000017307.1914   18.7045
    7.5000  -15.0000   15.000015875.1973   18.6539
   -7.5000   -7.5000   15.000017194.5117   18.3818
    0.0000   -7.5000   15.000018332.3867   18.5242
    7.5000   -7.5000   15.000016928.9531   18.4786
   -7.5000    0.0000   15.000017873.2891   18.2502
    0.0000    0.0000   15.000018961.1602   18.3977
    7.5000    0.0000   15.000017628.4668   18.3579
   -7.5000    7.5000   15.000017070.6719   18.2952
    0.0000    7.5000   15.000018147.5469   18.4474
    7.5000    7.5000   15.000016871.2012   18.4093
   -7.5000   15.0000   15.000016164.9307   18.4729
    0.0000   15.0000   15.000017161.9180   18.6249
    7.5000   15.0000   15.000015980.4229   18.5826
   -7.5000   22.5000   15.000015113.5420   18.5964
    0.0000   22.5000   15.000015993.4854   18.7430
    7.5000   22.5000   15.000014936.3877   18.6937
   -7.5000   30.0000   15.000013985.1934   18.3224
    0.0000   30.0000   15.000014771.7705   18.4624
    7.5000   30.0000   15.000013852.7891   18.4125
   -7.5000   37.5000   15.000013397.4639   18.1439
    0.0000   37.5000   15.000014156.0703   18.2845
    7.5000   37.5000   15.000013310.1016   18.2394
   -7.5000   45.0000   15.000012253.6572   17.5912
    0.0000   45.0000   15.000012946.4072   17.7333
    7.5000   45.0000   15.000012204.8633   17.6949
   -7.5000  -45.0000   22.500010785.0186   18.6677
    0.0000  -45.0000   22.500011301.0098   18.8187
    7.5000  -45.0000   22.500010803.8984   18.7798
   -7.5000  -37.5000   22.500011517.2715   18.7087
    0.0000  -37.5000   22.500012058.0332   18.8579
    7.5000  -37.5000   22.500011486.3857   18.8175
   -7.5000  -30.0000   22.500012738.3076   18.8914
    0.0000  -30.0000   22.500013407.3369   19.0390
    7.5000  -30.0000   22.500012668.7852   18.9919
   -7.5000  -22.5000   22.500013993.9434   19.0327
    0.0000  -22.5000   22.500014930.3643   19.1797
    7.5000  -22.5000   22.500013912.8115   19.1264
   -7.5000  -15.0000   22.500015262.3838   18.9951
    0.0000  -15.0000   22.500016314.1846   19.1435
    7.5000  -15.0000   22.500015074.8574   19.0919
   -7.5000   -7.5000   22.500016473.1445   18.8086
    0.0000   -7.5000   22.500017545.6016   18.9592
    7.5000   -7.5000   22.500016163.8418   18.9156
   -7.5000    0.0000   22.500017237.9902   18.6677
    0.0000    0.0000   22.500018350.9531   18.8187
    7.5000    0.0000   22.500016920.3262   18.7798
   -7.5000    7.5000   22.500016439.2012   18.7087
    0.0000    7.5000   22.500017500.4219   18.8579
    7.5000    7.5000   22.500016184.8877   18.8175
   -7.5000   15.0000   22.500015502.3115   18.8914
    0.0000   15.0000   22.500016463.1562   19.0390
    7.5000   15.0000   22.500015299.6973   18.9919
   -7.5000   22.5000   22.500014450.2256   19.0239
    0.0000   22.5000   22.500015293.0010   19.1709
    7.5000   22.5000   22.500014288.4668   19.1176
   -7.5000   30.0000   22.500013369.8721   18.7492
    0.0000   30.0000   22.500014129.1182   18.8957
    7.5000   30.0000   22.500013256.7705   18.8448
   -7.5000   37.5000   22.500012804.2617   18.5652
    0.0000   37.5000   22.500013529.5645   18.7138
    7.5000   37.5000   22.500012724.3779   18.6708
   -7.5000   45.0000   22.500011716.3174   17.9935
    0.0000   45.0000   22.500012355.7021   18.1391
    7.5000   45.0000   22.500011667.4951   18.1016
   -7.5000  -45.0000   30.000010246.5781   19.1330
    0.0000  -45.0000   30.000010711.4814   19.2945
    7.5000  -45.0000   30.000010236.8867   19.2635
   -7.5000  -37.5000   30.000010947.1445   19.1704
    0.0000  -37.5000   30.000011431.8145   19.3254
    7.5000  -37.5000   30.000010906.8721   19.2919
   -7.5000  -30.0000   30.000012066.8877   19.3545
    0.0000  -30.0000   30.000012646.9746   19.5056
    7.5000  -30.0000   30.000012027.9678   19.4653
   -7.5000  -22.5000   30.000013195.5332   19.5010
    0.0000  -22.5000   30.000013927.8154   19.6540
    7.5000  -22.5000   30.000013169.6592   19.6079
   -7.5000  -15.0000   30.000014320.2637   19.4678
    0.0000  -15.0000   30.000015095.9521   19.6268
    7.5000  -15.0000   30.000014284.2334   19.5831
   -7.5000   -7.5000   30.000015404.1328   19.2796
    0.0000   -7.5000   30.000016225.6064   19.4431
    7.5000   -7.5000   30.000015353.7881   19.4076
   -7.5000    0.0000   30.000016135.9961   19.1330
    0.0000    0.0000   30.000017023.3984   19.2945
    7.5000    0.0000   30.000016092.9463   19.2635
   -7.5000    7.5000   30.000015480.5703   19.1704
    0.0000    7.5000   30.000016354.0654   19.3254
    7.5000    7.5000   30.000015412.7422   19.2919
   -7.5000   15.0000   30.000014673.8965   19.3545
    0.0000   15.0000   30.000015481.6289   19.5056
    7.5000   15.0000   30.000014559.1543   19.4653
   -7.5000   22.5000   30.000013720.4561   19.4920
    0.0000   22.5000   30.000014448.9307   19.6450
    7.5000   22.5000   30.000013578.8154   19.5988
   -7.5000   30.0000   30.000012700.7471   19.2158
    0.0000   30.0000   30.000013392.1924   19.3728
    7.5000   30.0000   30.000012580.7217   19.3297
   -7.5000   37.5000   30.000012139.5781   19.0300
    0.0000   37.5000   30.000012785.0615   19.1915
    7.5000   37.5000   30.000012031.9512   19.1565
   -7.5000   45.0000   30.000011082.3809   18.4420
    0.0000   45.0000   30.000011651.7070   18.5977
    7.5000   45.0000   30.000010991.0967   18.5678
   -7.5000  -45.0000   37.500010020.3242   19.3278
    0.0000  -45.0000   37.500010476.7012   19.4978
    7.5000  -45.0000   37.500010038.9297   19.4727
   -7.5000  -37.5000   37.500010694.8906   19.3664
    0.0000  -37.5000   37.500011148.0566   19.5317
    7.5000  -37.5000   37.500010701.2764   19.5068
   -7.5000  -30.0000   37.500011754.1855   19.5472
    0.0000  -30.0000   37.500012274.3818   19.7075
    7.5000  -30.0000   37.500011769.7910   19.6777
   -7.5000  -22.5000   37.500012849.1846   19.6898
    0.0000  -22.5000   37.500013451.8115   19.8495
    7.5000  -22.5000   37.500012858.5859   19.8130
   -7.5000  -15.0000   37.500013928.2578   19.6562
    0.0000  -15.0000   37.500014535.6543   19.8203
    7.5000  -15.0000   37.500013908.4443   19.7836
   -7.5000   -7.5000   37.500014963.2891   19.4704
    0.0000   -7.5000   37.500015615.6279   19.6401
    7.5000   -7.5000   37.500014940.6045   19.6097
   -7.5000    0.0000   37.500015675.6025   19.3278
    0.0000    0.0000   37.500016378.9092   19.4978
    7.5000    0.0000   37.500015639.5156   19.4727
   -7.5000    7.5000   37.500015037.6973   19.3664
    0.0000    7.5000   37.500015723.7637   19.5317
    7.5000    7.5000   37.500014976.8477   19.5068
   -7.5000   15.0000   37.500014265.8271   19.5472
    0.0000   15.0000   37.500014934.7324   19.7075
    7.5000   15.0000   37.500014183.3457   19.6777
   -7.5000   22.5000   37.500013339.7939   19.6807
    0.0000   22.5000   37.500013984.2520   19.8403
    7.5000   22.5000   37.500013264.8037   19.8039
   -7.5000   30.0000   37.500012363.1270   19.4018
    0.0000   30.0000   37.500012979.8613   19.5638
    7.5000   30.0000   37.500012302.1719   19.5275
   -7.5000   37.5000   37.500011816.2051   19.2185
    0.0000   37.5000   37.500012420.4873   19.3859
    7.5000   37.5000   37.500011763.0977   19.3559
   -7.5000   45.0000   37.500010781.7461   18.6298
    0.0000   45.0000   37.500011338.1172   18.7936
    7.5000   45.0000   37.500010734.0947   18.7695
   -7.5000  -45.0000   45.0000 9461.5488   19.9221
    0.0000  -45.0000   45.0000 9883.1787   20.0935
    7.5000  -45.0000   45.0000 9479.3428   20.0661
   -7.5000  -37.5000   45.000010083.3906   19.9664
    0.0000  -37.5000   45.000010510.7197   20.1402
    7.5000  -37.5000   45.000010101.8818   20.1171
   -7.5000  -30.0000   45.000011083.3076   20.1491
    0.0000  -30.0000   45.000011553.3496   20.3196
    7.5000  -30.0000   45.000011106.9385   20.2934
   -7.5000  -22.5000   45.000012116.2051   20.2880
    0.0000  -22.5000   45.000012621.1006   20.4524
    7.5000  -22.5000   45.000012115.7852   20.4178
   -7.5000  -15.0000   45.000013115.9521   20.2485
    0.0000  -15.0000   45.000013620.4854   20.4105
    7.5000  -15.0000   45.000013084.5918   20.3715
   -7.5000   -7.5000   45.000014072.0107   20.0607
    0.0000   -7.5000   45.000014628.6494   20.2264
    7.5000   -7.5000   45.000014038.2812   20.1916
   -7.5000    0.0000   45.000014727.1641   19.9221
    0.0000    0.0000   45.000015338.1250   20.0935
    7.5000    0.0000   45.000014693.1318   20.0661
   -7.5000    7.5000   45.000014131.4170   19.9664
    0.0000    7.5000   45.000014732.9023   20.1402
    7.5000    7.5000   45.000014088.5205   20.1171
   -7.5000   15.0000   45.000013378.9639   20.1491
    0.0000   15.0000   45.000013981.0781   20.3196
    7.5000   15.0000   45.000013328.2744   20.2934
   -7.5000   22.5000   45.000012531.4170   20.2786
    0.0000   22.5000   45.000013115.1006   20.4429
    7.5000   22.5000   45.000012474.2393   20.4083
   -7.5000   30.0000   45.000011630.8799   19.9847
    0.0000   30.0000   45.000012199.5811   20.1446
    7.5000   30.0000   45.000011584.4502   20.1061
   -7.5000   37.5000   45.000011132.2539   19.7993
    0.0000   37.5000   45.000011680.2461   19.9629
    7.5000   37.5000   45.000011090.0615   19.9286
   -7.5000   45.0000   45.000010183.9482   19.2114
    0.0000   45.0000   45.000010680.5371   19.3766
    7.5000   45.0000   45.000010148.0693   19.3501

---------------------------------------------------------------------
imgreg_4dfp /opt/freesurfer/average/711-2C_as_mni_average_305 /opt/freesurfer/average/711-2B_as_mni_average_305_mask talsrcimg_g11 none talsrcimg_to_711-2C_as_mni_average_305_t4 4355
---------------------------------------------------------------------

freesurfer imgreg_4dfp.c
/opt/freesurfer/average/711-2C_as_mni_average_305.4dfp.img
       256       256       256         1
  1.000000  1.000000  1.000000
orientation T byte_order littleendian
Reading image: /opt/freesurfer/average/711-2C_as_mni_average_305.4dfp.img
dimensions:      256       256       256
mmppix:       1.0000   -1.0000   -1.0000
center:     128.0000 -129.0000 -129.0000
/opt/freesurfer/average/711-2B_as_mni_average_305_mask.4dfp.img
       256       256       256         1
  1.000000  1.000000  1.000000
orientation T byte_order littleendian
Reading mask: /opt/freesurfer/average/711-2B_as_mni_average_305_mask.4dfp.img (2306576 pixels)
talsrcimg_g11.4dfp.img
       320       320       320         1
  0.800000  0.800000  0.800000
orientation T byte_order littleendian
Reading image: talsrcimg_g11.4dfp.img
dimensions:      320       320       320
mmppix:       0.8000   -0.8000   -0.8000
center:     128.0000 -128.8000 -128.8000
rotation matrix determinant  1.000000
image alignment mode   4355 decimal     1103 hex
   -7.5000  -45.0000  -45.0000 2526.1084   26.2252
    0.0000  -45.0000  -45.0000 2530.0347   26.2862
    7.5000  -45.0000  -45.0000 2523.3457   26.2964
   -7.5000  -37.5000  -45.0000 2579.8101   24.6386
    0.0000  -37.5000  -45.0000 2587.5432   24.6818
    7.5000  -37.5000  -45.0000 2580.4583   24.6938
   -7.5000  -30.0000  -45.0000 2606.8289   23.4546
    0.0000  -30.0000  -45.0000 2620.8445   23.5118
    7.5000  -30.0000  -45.0000 2615.1890   23.5192
   -7.5000  -22.5000  -45.0000 2627.5823   22.5390
    0.0000  -22.5000  -45.0000 2644.0251   22.5978
    7.5000  -22.5000  -45.0000 2631.1602   22.5745
   -7.5000  -15.0000  -45.0000 2642.7993   21.9894
    0.0000  -15.0000  -45.0000 2659.5879   22.0418
    7.5000  -15.0000  -45.0000 2645.8413   22.0062
   -7.5000   -7.5000  -45.0000 2651.0012   21.8170
    0.0000   -7.5000  -45.0000 2667.2717   21.8592
    7.5000   -7.5000  -45.0000 2652.4104   21.8228
   -7.5000    0.0000  -45.0000 2646.4436   21.8190
    0.0000    0.0000  -45.0000 2664.3499   21.9537
    7.5000    0.0000  -45.0000 2641.5659   21.9038
   -7.5000    7.5000  -45.0000 2633.6223   22.2254
    0.0000    7.5000  -45.0000 2641.3828   22.3170
    7.5000    7.5000  -45.0000 2623.6213   22.3022
   -7.5000   15.0000  -45.0000 2598.6008   22.9950
    0.0000   15.0000  -45.0000 2606.7874   23.0759
    7.5000   15.0000  -45.0000 2591.3362   23.0600
   -7.5000   22.5000  -45.0000 2545.4854   24.2011
    0.0000   22.5000  -45.0000 2555.4917   24.2660
    7.5000   22.5000  -45.0000 2536.7769   24.2059
   -7.5000   30.0000  -45.0000 2480.8315   25.7955
    0.0000   30.0000  -45.0000 2484.8691   25.7953
    7.5000   30.0000  -45.0000 2471.4124   25.8117
   -7.5000   37.5000  -45.0000 2413.0532   27.7652
    0.0000   37.5000  -45.0000 2411.8162   27.7267
    7.5000   37.5000  -45.0000 2403.3821   27.8212
   -7.5000   45.0000  -45.0000 2323.9358   30.2779
    0.0000   45.0000  -45.0000 2323.4175   30.1720
    7.5000   45.0000  -45.0000 2324.1777   30.3116
   -7.5000  -45.0000  -37.5000 2538.3718   25.3909
    0.0000  -45.0000  -37.5000 2546.2195   25.4549
    7.5000  -45.0000  -37.5000 2541.1277   25.4130
   -7.5000  -37.5000  -37.5000 2598.4702   23.8078
    0.0000  -37.5000  -37.5000 2604.1631   23.8544
    7.5000  -37.5000  -37.5000 2602.5374   23.8490
   -7.5000  -30.0000  -37.5000 2632.7854   22.7017
    0.0000  -30.0000  -37.5000 2641.3372   22.7235
    7.5000  -30.0000  -37.5000 2633.5723   22.7213
   -7.5000  -22.5000  -37.5000 2655.1980   21.8178
    0.0000  -22.5000  -37.5000 2663.6406   21.8105
    7.5000  -22.5000  -37.5000 2652.5071   21.8412
   -7.5000  -15.0000  -37.5000 2670.3674   21.2139
    0.0000  -15.0000  -37.5000 2679.3845   21.2324
    7.5000  -15.0000  -37.5000 2665.6323   21.2234
   -7.5000   -7.5000  -37.5000 2678.5417   20.9650
    0.0000   -7.5000  -37.5000 2685.8340   20.9656
    7.5000   -7.5000  -37.5000 2675.1453   20.9654
   -7.5000    0.0000  -37.5000 2672.7351   20.9767
    0.0000    0.0000  -37.5000 2687.8420   21.0311
    7.5000    0.0000  -37.5000 2673.9648   21.0308
   -7.5000    7.5000  -37.5000 2658.2285   21.3376
    0.0000    7.5000  -37.5000 2671.4949   21.3756
    7.5000    7.5000  -37.5000 2661.6130   21.3993
   -7.5000   15.0000  -37.5000 2624.1646   22.0649
    0.0000   15.0000  -37.5000 2638.1147   22.1101
    7.5000   15.0000  -37.5000 2624.7661   22.1352
   -7.5000   22.5000  -37.5000 2571.4846   23.2134
    0.0000   22.5000  -37.5000 2582.8022   23.2590
    7.5000   22.5000  -37.5000 2564.5911   23.2221
   -7.5000   30.0000  -37.5000 2505.1953   24.7447
    0.0000   30.0000  -37.5000 2509.9771   24.7607
    7.5000   30.0000  -37.5000 2494.4895   24.7327
   -7.5000   37.5000  -37.5000 2435.3787   26.5990
    0.0000   37.5000  -37.5000 2433.2100   26.5831
    7.5000   37.5000  -37.5000 2423.5549   26.5557
   -7.5000   45.0000  -37.5000 2343.1206   28.9961
    0.0000   45.0000  -37.5000 2344.0479   28.9281
    7.5000   45.0000  -37.5000 2342.1946   28.9573
   -7.5000  -45.0000  -30.0000 2641.3914   25.1187
    0.0000  -45.0000  -30.0000 2650.7725   25.0827
    7.5000  -45.0000  -30.0000 2644.2139   25.0267
   -7.5000  -37.5000  -30.0000 2702.4241   23.4516
    0.0000  -37.5000  -30.0000 2709.4309   23.4057
    7.5000  -37.5000  -30.0000 2705.0857   23.3850
   -7.5000  -30.0000  -30.0000 2738.5059   22.2908
    0.0000  -30.0000  -30.0000 2745.1995   22.2302
    7.5000  -30.0000  -30.0000 2740.8906   22.2505
   -7.5000  -22.5000  -30.0000 2766.2102   21.4474
    0.0000  -22.5000  -30.0000 2769.7688   21.3725
    7.5000  -22.5000  -30.0000 2766.7180   21.4470
   -7.5000  -15.0000  -30.0000 2781.1348   20.8675
    0.0000  -15.0000  -30.0000 2781.6162   20.7784
    7.5000  -15.0000  -30.0000 2777.9458   20.8702
   -7.5000   -7.5000  -30.0000 2789.7893   20.5717
    0.0000   -7.5000  -30.0000 2790.8242   20.4888
    7.5000   -7.5000  -30.0000 2782.8835   20.5739
   -7.5000    0.0000  -30.0000 2790.1885   20.5683
    0.0000    0.0000  -30.0000 2791.9971   20.4870
    7.5000    0.0000  -30.0000 2786.7913   20.5928
   -7.5000    7.5000  -30.0000 2778.4639   20.9000
    0.0000    7.5000  -30.0000 2778.4277   20.8002
    7.5000    7.5000  -30.0000 2771.9768   20.8929
   -7.5000   15.0000  -30.0000 2743.9023   21.5860
    0.0000   15.0000  -30.0000 2750.1873   21.5421
    7.5000   15.0000  -30.0000 2734.3723   21.5812
   -7.5000   22.5000  -30.0000 2682.0789   22.6430
    0.0000   22.5000  -30.0000 2695.0007   22.6502
    7.5000   22.5000  -30.0000 2674.7498   22.6281
   -7.5000   30.0000  -30.0000 2607.8335   24.0527
    0.0000   30.0000  -30.0000 2619.9915   24.0706
    7.5000   30.0000  -30.0000 2599.0352   24.0303
   -7.5000   37.5000  -30.0000 2533.3687   25.8150
    0.0000   37.5000  -30.0000 2541.8813   25.8391
    7.5000   37.5000  -30.0000 2519.2444   25.7422
   -7.5000   45.0000  -30.0000 2435.3340   28.1165
    0.0000   45.0000  -30.0000 2445.7393   28.1356
    7.5000   45.0000  -30.0000 2430.4390   28.0330
   -7.5000  -45.0000  -22.5000 2713.3867   24.7384
    0.0000  -45.0000  -22.5000 2716.4792   24.6163
    7.5000  -45.0000  -22.5000 2707.5007   24.6458
   -7.5000  -37.5000  -22.5000 2776.0496   23.0929
    0.0000  -37.5000  -22.5000 2778.3096   22.9747
    7.5000  -37.5000  -22.5000 2770.2905   22.9854
   -7.5000  -30.0000  -22.5000 2812.4758   21.8931
    0.0000  -30.0000  -22.5000 2812.5046   21.7522
    7.5000  -30.0000  -22.5000 2808.3972   21.7802
   -7.5000  -22.5000  -22.5000 2841.8760   21.0085
    0.0000  -22.5000  -22.5000 2841.3933   20.8742
    7.5000  -22.5000  -22.5000 2838.5352   20.9418
   -7.5000  -15.0000  -22.5000 2861.3425   20.4236
    0.0000  -15.0000  -22.5000 2856.5461   20.2975
    7.5000  -15.0000  -22.5000 2858.1907   20.4162
   -7.5000   -7.5000  -22.5000 2863.6973   20.0892
    0.0000   -7.5000  -22.5000 2860.6304   20.0012
    7.5000   -7.5000  -22.5000 2857.0557   20.1173
   -7.5000    0.0000  -22.5000 2863.7351   20.0640
    0.0000    0.0000  -22.5000 2858.9172   19.9396
    7.5000    0.0000  -22.5000 2856.3301   20.0751
   -7.5000    7.5000  -22.5000 2851.2302   20.3411
    0.0000    7.5000  -22.5000 2847.8418   20.1990
    7.5000    7.5000  -22.5000 2844.5364   20.3353
   -7.5000   15.0000  -22.5000 2813.9548   20.9787
    0.0000   15.0000  -22.5000 2816.9973   20.8663
    7.5000   15.0000  -22.5000 2808.8750   20.9858
   -7.5000   22.5000  -22.5000 2755.1741   22.0247
    0.0000   22.5000  -22.5000 2763.2532   21.9520
    7.5000   22.5000  -22.5000 2748.9265   22.0250
   -7.5000   30.0000  -22.5000 2682.0552   23.3979
    0.0000   30.0000  -22.5000 2690.5332   23.3530
    7.5000   30.0000  -22.5000 2673.4202   23.3907
   -7.5000   37.5000  -22.5000 2600.2319   25.1072
    0.0000   37.5000  -22.5000 2609.8147   25.0774
    7.5000   37.5000  -22.5000 2588.7185   25.0575
   -7.5000   45.0000  -22.5000 2494.2144   27.2768
    0.0000   45.0000  -22.5000 2508.2385   27.3115
    7.5000   45.0000  -22.5000 2489.7434   27.2750
   -7.5000  -45.0000  -15.0000 2745.7537   24.4009
    0.0000  -45.0000  -15.0000 2750.3416   24.2442
    7.5000  -45.0000  -15.0000 2743.9941   24.3047
   -7.5000  -37.5000  -15.0000 2809.7632   22.7264
    0.0000  -37.5000  -15.0000 2811.5088   22.5608
    7.5000  -37.5000  -15.0000 2805.6252   22.6286
   -7.5000  -30.0000  -15.0000 2852.2827   21.4956
    0.0000  -30.0000  -15.0000 2851.1487   21.3566
    7.5000  -30.0000  -15.0000 2846.0718   21.4208
   -7.5000  -22.5000  -15.0000 2883.9807   20.5892
    0.0000  -22.5000  -15.0000 2879.0818   20.4491
    7.5000  -22.5000  -15.0000 2875.2817   20.5034
   -7.5000  -15.0000  -15.0000 2899.9146   19.9164
    0.0000  -15.0000  -15.0000 2897.1479   19.8149
    7.5000  -15.0000  -15.0000 2894.5972   19.9155
   -7.5000   -7.5000  -15.0000 2900.1687   19.5407
    0.0000   -7.5000  -15.0000 2902.2012   19.4996
    7.5000   -7.5000  -15.0000 2894.3896   19.6151
   -7.5000    0.0000  -15.0000 2902.1367   19.5199
    0.0000    0.0000  -15.0000 2896.8928   19.4006
    7.5000    0.0000  -15.0000 2895.8337   19.5733
   -7.5000    7.5000  -15.0000 2889.9031   19.7769
    0.0000    7.5000  -15.0000 2881.5955   19.5979
    7.5000    7.5000  -15.0000 2882.7351   19.7969
   -7.5000   15.0000  -15.0000 2855.7637   20.4115
    0.0000   15.0000  -15.0000 2849.7925   20.2379
    7.5000   15.0000  -15.0000 2848.9624   20.4113
   -7.5000   22.5000  -15.0000 2799.1387   21.4250
    0.0000   22.5000  -15.0000 2792.0513   21.2544
    7.5000   22.5000  -15.0000 2787.4631   21.4000
   -7.5000   30.0000  -15.0000 2722.9714   22.8541
    0.0000   30.0000  -15.0000 2720.5566   22.6907
    7.5000   30.0000  -15.0000 2714.6772   22.7975
   -7.5000   37.5000  -15.0000 2642.3638   24.5463
    0.0000   37.5000  -15.0000 2643.4983   24.4362
    7.5000   37.5000  -15.0000 2633.7244   24.5221
   -7.5000   45.0000  -15.0000 2530.8601   26.7182
    0.0000   45.0000  -15.0000 2539.9263   26.6633
    7.5000   45.0000  -15.0000 2521.9614   26.7299
   -7.5000  -45.0000   -7.5000 2752.2175   24.1141
    0.0000  -45.0000   -7.5000 2758.9983   23.9764
    7.5000  -45.0000   -7.5000 2756.6289   24.0142
   -7.5000  -37.5000   -7.5000 2815.0259   22.3975
    0.0000  -37.5000   -7.5000 2820.4456   22.2639
    7.5000  -37.5000   -7.5000 2817.5449   22.3162
   -7.5000  -30.0000   -7.5000 2860.6697   21.1321
    0.0000  -30.0000   -7.5000 2862.4983   21.0111
    7.5000  -30.0000   -7.5000 2858.9893   21.0804
   -7.5000  -22.5000   -7.5000 2892.8547   20.1542
    0.0000  -22.5000   -7.5000 2892.3899   20.0579
    7.5000  -22.5000   -7.5000 2886.6267   20.1243
   -7.5000  -15.0000   -7.5000 2910.9084   19.4332
    0.0000  -15.0000   -7.5000 2910.2812   19.3580
    7.5000  -15.0000   -7.5000 2904.3252   19.4572
   -7.5000   -7.5000   -7.5000 2913.2278   19.0154
    0.0000   -7.5000   -7.5000 2911.6064   18.9370
    7.5000   -7.5000   -7.5000 2907.9175   19.1078
   -7.5000    0.0000   -7.5000 2917.5171   19.0095
    0.0000    0.0000   -7.5000 2904.2776   18.8420
    7.5000    0.0000   -7.5000 2910.7131   19.0608
   -7.5000    7.5000   -7.5000 2899.2734   19.2197
    0.0000    7.5000   -7.5000 2887.7466   19.0511
    7.5000    7.5000   -7.5000 2896.4495   19.2636
   -7.5000   15.0000   -7.5000 2868.3057   19.8758
    0.0000   15.0000   -7.5000 2853.8604   19.6615
    7.5000   15.0000   -7.5000 2861.6191   19.8591
   -7.5000   22.5000   -7.5000 2814.3484   20.9250
    0.0000   22.5000   -7.5000 2800.7397   20.6948
    7.5000   22.5000   -7.5000 2807.3938   20.9092
   -7.5000   30.0000   -7.5000 2738.4060   22.3449
    0.0000   30.0000   -7.5000 2730.7515   22.1380
    7.5000   30.0000   -7.5000 2737.8975   22.3830
   -7.5000   37.5000   -7.5000 2653.6177   24.0786
    0.0000   37.5000   -7.5000 2653.7703   23.8932
    7.5000   37.5000   -7.5000 2657.0127   24.1403
   -7.5000   45.0000   -7.5000 2546.1187   26.2050
    0.0000   45.0000   -7.5000 2546.5210   26.1221
    7.5000   45.0000   -7.5000 2542.9297   26.2621
   -7.5000  -45.0000    0.0000 2752.1807   23.9578
    0.0000  -45.0000    0.0000 2756.3816   23.8091
    7.5000  -45.0000    0.0000 2756.9941   23.8449
   -7.5000  -37.5000    0.0000 2814.0991   22.2247
    0.0000  -37.5000    0.0000 2820.9604   22.0852
    7.5000  -37.5000    0.0000 2819.5000   22.1150
   -7.5000  -30.0000    0.0000 2861.5889   20.9169
    0.0000  -30.0000    0.0000 2868.8323   20.8176
    7.5000  -30.0000    0.0000 2864.4028   20.8352
   -7.5000  -22.5000    0.0000 2899.4883   19.8929
    0.0000  -22.5000    0.0000 2906.3501   19.8426
    7.5000  -22.5000    0.0000 2899.9536   19.8617
   -7.5000  -15.0000    0.0000 2916.9500   19.1191
    0.0000  -15.0000    0.0000 2921.2212   19.0875
    7.5000  -15.0000    0.0000 2916.5444   19.1417
   -7.5000   -7.5000    0.0000 2916.3391   18.6281
    0.0000   -7.5000    0.0000 2914.0386   18.5099
    7.5000   -7.5000    0.0000 2916.7715   18.7514
   -7.5000    0.0000    0.0000 2911.9260   18.5287
    0.0000    0.0000    0.0000 2898.9407   18.3899
    7.5000    0.0000    0.0000 2913.5444   18.6333
   -7.5000    7.5000    0.0000 2897.7563   18.8521
    0.0000    7.5000    0.0000 2884.1887   18.6343
    7.5000    7.5000    0.0000 2899.8608   18.9167
   -7.5000   15.0000    0.0000 2871.1633   19.5542
    0.0000   15.0000    0.0000 2857.0295   19.2978
    7.5000   15.0000    0.0000 2877.0305   19.6125
   -7.5000   22.5000    0.0000 2811.9053   20.6130
    0.0000   22.5000    0.0000 2804.8042   20.3896
    7.5000   22.5000    0.0000 2824.6050   20.7199
   -7.5000   30.0000    0.0000 2740.5598   22.0414
    0.0000   30.0000    0.0000 2734.4834   21.8282
    7.5000   30.0000    0.0000 2751.8413   22.1523
   -7.5000   37.5000    0.0000 2658.6975   23.7177
    0.0000   37.5000    0.0000 2657.7634   23.5613
    7.5000   37.5000    0.0000 2669.1636   23.8337
   -7.5000   45.0000    0.0000 2552.2834   25.8349
    0.0000   45.0000    0.0000 2556.2891   25.7811
    7.5000   45.0000    0.0000 2557.2305   25.9949
   -7.5000  -45.0000    7.5000 2750.9307   24.0406
    0.0000  -45.0000    7.5000 2753.7783   23.8690
    7.5000  -45.0000    7.5000 2743.9326   23.7875
   -7.5000  -37.5000    7.5000 2814.0476   22.2461
    0.0000  -37.5000    7.5000 2820.1404   22.1291
    7.5000  -37.5000    7.5000 2804.2861   22.0125
   -7.5000  -30.0000    7.5000 2862.2529   20.8917
    0.0000  -30.0000    7.5000 2871.9773   20.8123
    7.5000  -30.0000    7.5000 2851.8340   20.6804
   -7.5000  -22.5000    7.5000 2901.4126   19.8529
    0.0000  -22.5000    7.5000 2916.0486   19.8642
    7.5000  -22.5000    7.5000 2891.9436   19.6805
   -7.5000  -15.0000    7.5000 2918.1296   19.0723
    0.0000  -15.0000    7.5000 2945.7244   19.2032
    7.5000  -15.0000    7.5000 2918.2935   18.9654
   -7.5000   -7.5000    7.5000 2903.9451   18.3919
    0.0000   -7.5000    7.5000 2927.0498   18.4039
    7.5000   -7.5000    7.5000 2909.7488   18.4849
   -7.5000    0.0000    7.5000 2900.1514   18.2973
    0.0000    0.0000    7.5000 2891.5679   18.0466
    7.5000    0.0000    7.5000 2900.9265   18.3907
   -7.5000    7.5000    7.5000 2896.1780   18.7080
    0.0000    7.5000    7.5000 2885.9177   18.4301
    7.5000    7.5000    7.5000 2900.1768   18.7091
   -7.5000   15.0000    7.5000 2874.8752   19.4833
    0.0000   15.0000    7.5000 2866.3948   19.2700
    7.5000   15.0000    7.5000 2877.2473   19.4535
   -7.5000   22.5000    7.5000 2824.8254   20.6227
    0.0000   22.5000    7.5000 2814.1414   20.3994
    7.5000   22.5000    7.5000 2820.1257   20.5396
   -7.5000   30.0000    7.5000 2758.1580   22.0749
    0.0000   30.0000    7.5000 2745.0479   21.8244
    7.5000   30.0000    7.5000 2748.8630   21.9576
   -7.5000   37.5000    7.5000 2680.9734   23.7936
    0.0000   37.5000    7.5000 2674.2161   23.5590
    7.5000   37.5000    7.5000 2671.1880   23.7027
   -7.5000   45.0000    7.5000 2576.6028   25.9628
    0.0000   45.0000    7.5000 2576.4387   25.7922
    7.5000   45.0000    7.5000 2573.2200   25.9104
   -7.5000  -45.0000   15.0000 2751.1597   24.2705
    0.0000  -45.0000   15.0000 2757.0803   24.1013
    7.5000  -45.0000   15.0000 2732.2812   23.9782
   -7.5000  -37.5000   15.0000 2812.5664   22.4319
    0.0000  -37.5000   15.0000 2824.3157   22.3302
    7.5000  -37.5000   15.0000 2794.8015   22.1548
   -7.5000  -30.0000   15.0000 2862.7258   21.0717
    0.0000  -30.0000   15.0000 2879.6116   21.0142
    7.5000  -30.0000   15.0000 2846.5417   20.7866
   -7.5000  -22.5000   15.0000 2904.9727   20.0980
    0.0000  -22.5000   15.0000 2933.0225   20.1370
    7.5000  -22.5000   15.0000 2887.5278   19.7952
   -7.5000  -15.0000   15.0000 2930.2849   19.3969
    0.0000  -15.0000   15.0000 2979.9609   19.6446
    7.5000  -15.0000   15.0000 2914.4172   19.1122
   -7.5000   -7.5000   15.0000 2933.8206   18.8950
    0.0000   -7.5000   15.0000 2969.1948   18.9140
    7.5000   -7.5000   15.0000 2899.7551   18.5813
   -7.5000    0.0000   15.0000 2924.1411   18.6291
    0.0000    0.0000   15.0000 2934.6389   18.5004
    7.5000    0.0000   15.0000 2903.3433   18.4610
   -7.5000    7.5000   15.0000 2911.1985   18.8544
    0.0000    7.5000   15.0000 2924.8916   18.7639
    7.5000    7.5000   15.0000 2906.7405   18.7923
   -7.5000   15.0000   15.0000 2886.5039   19.6674
    0.0000   15.0000   15.0000 2891.9834   19.5557
    7.5000   15.0000   15.0000 2881.7361   19.5652
   -7.5000   22.5000   15.0000 2838.9502   20.8606
    0.0000   22.5000   15.0000 2832.4641   20.7043
    7.5000   22.5000   15.0000 2826.2683   20.6999
   -7.5000   30.0000   15.0000 2772.5947   22.3171
    0.0000   30.0000   15.0000 2762.8398   22.1355
    7.5000   30.0000   15.0000 2755.2993   22.1337
   -7.5000   37.5000   15.0000 2694.6436   23.9738
    0.0000   37.5000   15.0000 2691.4944   23.8155
    7.5000   37.5000   15.0000 2681.0798   23.8550
   -7.5000   45.0000   15.0000 2587.6350   26.0738
    0.0000   45.0000   15.0000 2585.8328   25.9857
    7.5000   45.0000   15.0000 2578.1357   25.9651
   -7.5000  -45.0000   22.5000 2744.8333   24.6506
    0.0000  -45.0000   22.5000 2740.5708   24.3407
    7.5000  -45.0000   22.5000 2731.3582   24.3426
   -7.5000  -37.5000   22.5000 2815.4763   22.8888
    0.0000  -37.5000   22.5000 2812.2937   22.6470
    7.5000  -37.5000   22.5000 2795.4607   22.5419
   -7.5000  -30.0000   22.5000 2872.7878   21.6101
    0.0000  -30.0000   22.5000 2876.2283   21.4752
    7.5000  -30.0000   22.5000 2842.4934   21.2166
   -7.5000  -22.5000   22.5000 2922.9507   20.6691
    0.0000  -22.5000   22.5000 2942.5051   20.7154
    7.5000  -22.5000   22.5000 2885.3457   20.2734
   -7.5000  -15.0000   22.5000 2953.4487   19.9680
    0.0000  -15.0000   22.5000 2988.4607   20.0811
    7.5000  -15.0000   22.5000 2910.2822   19.5515
   -7.5000   -7.5000   22.5000 2967.3889   19.5619
    0.0000   -7.5000   22.5000 2990.4023   19.5142
    7.5000   -7.5000   22.5000 2918.3931   19.1496
   -7.5000    0.0000   22.5000 2963.0850   19.4416
    0.0000    0.0000   22.5000 2984.0435   19.3973
    7.5000    0.0000   22.5000 2924.6997   19.1075
   -7.5000    7.5000   22.5000 2942.7805   19.6002
    0.0000    7.5000   22.5000 2959.9827   19.5673
    7.5000    7.5000   22.5000 2916.0378   19.3564
   -7.5000   15.0000   22.5000 2899.5374   20.1858
    0.0000   15.0000   22.5000 2913.5466   20.1376
    7.5000   15.0000   22.5000 2884.6643   20.0249
   -7.5000   22.5000   22.5000 2840.0359   21.2406
    0.0000   22.5000   22.5000 2840.4912   21.1367
    7.5000   22.5000   22.5000 2829.0676   21.1013
   -7.5000   30.0000   22.5000 2769.4187   22.6351
    0.0000   30.0000   22.5000 2767.7473   22.5122
    7.5000   30.0000   22.5000 2762.9351   22.5296
   -7.5000   37.5000   22.5000 2692.7744   24.2724
    0.0000   37.5000   22.5000 2694.0972   24.1483
    7.5000   37.5000   22.5000 2689.7202   24.2022
   -7.5000   45.0000   22.5000 2586.5537   26.3445
    0.0000   45.0000   22.5000 2579.9026   26.2451
    7.5000   45.0000   22.5000 2583.1826   26.3251
   -7.5000  -45.0000   30.0000 2741.1689   25.2218
    0.0000  -45.0000   30.0000 2729.7639   24.8538
    7.5000  -45.0000   30.0000 2717.6780   24.8389
   -7.5000  -37.5000   30.0000 2813.7512   23.4573
    0.0000  -37.5000   30.0000 2802.9319   23.1612
    7.5000  -37.5000   30.0000 2787.2556   23.0805
   -7.5000  -30.0000   30.0000 2871.5271   22.1768
    0.0000  -30.0000   30.0000 2862.9226   21.9509
    7.5000  -30.0000   30.0000 2846.8396   21.8374
   -7.5000  -22.5000   30.0000 2915.5151   21.1413
    0.0000  -22.5000   30.0000 2915.5608   21.0140
    7.5000  -22.5000   30.0000 2887.3386   20.8201
   -7.5000  -15.0000   30.0000 2946.0122   20.4651
    0.0000  -15.0000   30.0000 2952.5222   20.2756
    7.5000  -15.0000   30.0000 2922.9385   20.1497
   -7.5000   -7.5000   30.0000 2963.8035   20.0690
    0.0000   -7.5000   30.0000 2969.2571   19.8956
    7.5000   -7.5000   30.0000 2942.1948   19.8596
   -7.5000    0.0000   30.0000 2963.7673   20.0348
    0.0000    0.0000   30.0000 2972.2441   19.8934
    7.5000    0.0000   30.0000 2946.7534   19.8751
   -7.5000    7.5000   30.0000 2946.8469   20.2841
    0.0000    7.5000   30.0000 2956.8462   20.2078
    7.5000    7.5000   30.0000 2927.5088   20.1348
   -7.5000   15.0000   30.0000 2910.0476   20.9433
    0.0000   15.0000   30.0000 2914.7588   20.8147
    7.5000   15.0000   30.0000 2890.3738   20.7567
   -7.5000   22.5000   30.0000 2847.2896   21.9909
    0.0000   22.5000   30.0000 2848.4214   21.8499
    7.5000   22.5000   30.0000 2830.8804   21.7555
   -7.5000   30.0000   30.0000 2770.7832   23.2725
    0.0000   30.0000   30.0000 2779.0796   23.1629
    7.5000   30.0000   30.0000 2765.7998   23.0825
   -7.5000   37.5000   30.0000 2685.1570   24.8288
    0.0000   37.5000   30.0000 2686.8594   24.7211
    7.5000   37.5000   30.0000 2684.4001   24.7044
   -7.5000   45.0000   30.0000 2571.5117   26.7980
    0.0000   45.0000   30.0000 2567.8176   26.7113
    7.5000   45.0000   30.0000 2567.6157   26.7077
   -7.5000  -45.0000   37.5000 2730.9421   25.8255
    0.0000  -45.0000   37.5000 2717.2764   25.4250
    7.5000  -45.0000   37.5000 2710.6545   25.5027
   -7.5000  -37.5000   37.5000 2803.8293   24.0188
    0.0000  -37.5000   37.5000 2784.8789   23.6444
    7.5000  -37.5000   37.5000 2783.6626   23.7486
   -7.5000  -30.0000   37.5000 2857.4744   22.6888
    0.0000  -30.0000   37.5000 2839.7439   22.3427
    7.5000  -30.0000   37.5000 2837.2168   22.4206
   -7.5000  -22.5000   37.5000 2901.4321   21.7222
    0.0000  -22.5000   37.5000 2886.2212   21.3840
    7.5000  -22.5000   37.5000 2880.2546   21.4135
   -7.5000  -15.0000   37.5000 2927.7532   21.0302
    0.0000  -15.0000   37.5000 2922.5874   20.7461
    7.5000  -15.0000   37.5000 2909.9282   20.7793
   -7.5000   -7.5000   37.5000 2947.5591   20.6828
    0.0000   -7.5000   37.5000 2940.6694   20.4377
    7.5000   -7.5000   37.5000 2928.4351   20.4804
   -7.5000    0.0000   37.5000 2948.9287   20.6923
    0.0000    0.0000   37.5000 2947.7852   20.4745
    7.5000    0.0000   37.5000 2932.1626   20.4938
   -7.5000    7.5000   37.5000 2933.9705   20.9648
    0.0000    7.5000   37.5000 2936.0859   20.7870
    7.5000    7.5000   37.5000 2917.1560   20.7849
   -7.5000   15.0000   37.5000 2901.2612   21.6526
    0.0000   15.0000   37.5000 2901.3311   21.4448
    7.5000   15.0000   37.5000 2885.7097   21.4591
   -7.5000   22.5000   37.5000 2839.6741   22.6804
    0.0000   22.5000   37.5000 2839.2285   22.5040
    7.5000   22.5000   37.5000 2831.8943   22.5267
   -7.5000   30.0000   37.5000 2764.4553   24.0223
    0.0000   30.0000   37.5000 2767.8125   23.8604
    7.5000   30.0000   37.5000 2761.1636   23.8491
   -7.5000   37.5000   37.5000 2674.5723   25.5523
    0.0000   37.5000   37.5000 2681.1199   25.4130
    7.5000   37.5000   37.5000 2675.4370   25.4118
   -7.5000   45.0000   37.5000 2559.3940   27.4503
    0.0000   45.0000   37.5000 2564.4456   27.3909
    7.5000   45.0000   37.5000 2555.5312   27.3791
   -7.5000  -45.0000   45.0000 2715.1826   26.4483
    0.0000  -45.0000   45.0000 2698.3167   25.9725
    7.5000  -45.0000   45.0000 2700.9114   26.1813
   -7.5000  -37.5000   45.0000 2789.7151   24.6513
    0.0000  -37.5000   45.0000 2768.0078   24.1811
    7.5000  -37.5000   45.0000 2772.9597   24.3785
   -7.5000  -30.0000   45.0000 2838.9165   23.3414
    0.0000  -30.0000   45.0000 2815.0344   22.9000
    7.5000  -30.0000   45.0000 2821.0647   23.0662
   -7.5000  -22.5000   45.0000 2880.8032   22.3892
    0.0000  -22.5000   45.0000 2859.3313   21.9418
    7.5000  -22.5000   45.0000 2866.6057   22.1040
   -7.5000  -15.0000   45.0000 2910.4639   21.7547
    0.0000  -15.0000   45.0000 2892.4358   21.3492
    7.5000  -15.0000   45.0000 2894.2764   21.4955
   -7.5000   -7.5000   45.0000 2924.5117   21.4180
    0.0000   -7.5000   45.0000 2908.6919   21.1069
    7.5000   -7.5000   45.0000 2908.6108   21.1920
   -7.5000    0.0000   45.0000 2924.4436   21.4338
    0.0000    0.0000   45.0000 2916.9155   21.1612
    7.5000    0.0000   45.0000 2910.5164   21.1816
   -7.5000    7.5000   45.0000 2908.9590   21.7017
    0.0000    7.5000   45.0000 2905.0923   21.4700
    7.5000    7.5000   45.0000 2897.9546   21.4950
   -7.5000   15.0000   45.0000 2875.7305   22.3463
    0.0000   15.0000   45.0000 2876.9602   22.1051
    7.5000   15.0000   45.0000 2869.1052   22.1580
   -7.5000   22.5000   45.0000 2820.3708   23.3913
    0.0000   22.5000   45.0000 2820.3477   23.1621
    7.5000   22.5000   45.0000 2815.2688   23.2187
   -7.5000   30.0000   45.0000 2746.3513   24.7316
    0.0000   30.0000   45.0000 2749.2383   24.5631
    7.5000   30.0000   45.0000 2742.7151   24.5591
   -7.5000   37.5000   45.0000 2658.0425   26.2923
    0.0000   37.5000   45.0000 2659.9539   26.1657
    7.5000   37.5000   45.0000 2650.5378   26.1243
   -7.5000   45.0000   45.0000 2556.5156   28.2916
    0.0000   45.0000   45.0000 2555.9255   28.1949
    7.5000   45.0000   45.0000 2545.5090   28.1744

---------------------------------------------------------------------
imgreg_4dfp /opt/freesurfer/average/711-2C_as_mni_average_305 /opt/freesurfer/average/711-2B_as_mni_average_305_mask talsrcimg_g11 none talsrcimg_to_711-2C_as_mni_average_305_t4 1283
---------------------------------------------------------------------

freesurfer imgreg_4dfp.c
/opt/freesurfer/average/711-2C_as_mni_average_305.4dfp.img
       256       256       256         1
  1.000000  1.000000  1.000000
orientation T byte_order littleendian
Reading image: /opt/freesurfer/average/711-2C_as_mni_average_305.4dfp.img
dimensions:      256       256       256
mmppix:       1.0000   -1.0000   -1.0000
center:     128.0000 -129.0000 -129.0000
/opt/freesurfer/average/711-2B_as_mni_average_305_mask.4dfp.img
       256       256       256         1
  1.000000  1.000000  1.000000
orientation T byte_order littleendian
Reading mask: /opt/freesurfer/average/711-2B_as_mni_average_305_mask.4dfp.img (2306576 pixels)
talsrcimg_g11.4dfp.img
       320       320       320         1
  0.800000  0.800000  0.800000
orientation T byte_order littleendian
Reading image: talsrcimg_g11.4dfp.img
dimensions:      320       320       320
mmppix:       0.8000   -0.8000   -0.8000
center:     128.0000 -128.8000 -128.8000
rotation matrix determinant  1.000000
fimgreg.f
image alignment mode   1283 decimal      503 hex
parameters
    0.0000   -7.5000   22.5000    0.0000    0.0000    0.0000
eta,q 0.93687 19.60113
niter,ni,del,rscale     5    3   12.0000    1.2000
parameter  2 -0.372906 ->  0.500000 qaram    1.1500
parameter  3  1.329204 ->  0.500000 qaram    1.1500
parameters
   -1.1766  -10.9500   19.0500   -2.2634    0.5109   -0.4188
eta,q 0.93806 19.55161
  0.0736  0.0650  0.0637  0.0625  0.0718  0.0640
  0.0718  0.0651  0.0622  0.0622  0.0679  0.0630
  0.0685  0.0668  0.0627  0.0620  0.0641  0.0623
  0.0677  0.0678  0.0655  0.0622  0.0621  0.0619
  0.0694  0.0671  0.0677  0.0627  0.0622  0.0623
  0.0762  0.0664  0.0679  0.0637  0.0652  0.0634
  0.0839  0.0671  0.0696  0.0649  0.0696  0.0648
niter,ni,del,rscale     6    3   12.0000    1.2000
parameters
   -2.3246  -11.0807   19.3126   -1.3622    2.4478   -0.9993
eta,q 0.93888 19.48963
  0.0727  0.0671  0.0721  0.0641  0.0732  0.0630
  0.0679  0.0633  0.0670  0.0633  0.0696  0.0619
  0.0630  0.0616  0.0627  0.0625  0.0648  0.0613
  0.0619  0.0619  0.0619  0.0619  0.0619  0.0611
  0.0672  0.0631  0.0634  0.0619  0.0611  0.0615
  0.0768  0.0650  0.0673  0.0624  0.0623  0.0625
  0.0838  0.0661  0.0696  0.0633  0.0651  0.0638
niter,ni,del,rscale     5    3   12.0000    1.2000
parameters
   -3.1539  -10.7431   19.7843   -1.9615    3.6828   -0.8775
eta,q 0.93872 19.50840
  0.0748  0.0675  0.0727  0.0633  0.0715  0.0634
  0.0693  0.0636  0.0678  0.0621  0.0669  0.0623
  0.0635  0.0615  0.0632  0.0617  0.0634  0.0616
  0.0611  0.0615  0.0616  0.0617  0.0617  0.0613
  0.0654  0.0623  0.0635  0.0618  0.0612  0.0613
  0.0760  0.0641  0.0676  0.0627  0.0623  0.0621
  0.0853  0.0654  0.0690  0.0641  0.0661  0.0634
niter,ni,del,rscale     4    3   12.0000    1.2000
parameters
   -3.7620  -10.1310   20.1319   -2.7635    4.5320   -0.7647
eta,q 0.93840 19.53958
  0.0760  0.0680  0.0724  0.0640  0.0701  0.0637
  0.0704  0.0644  0.0677  0.0624  0.0661  0.0628
  0.0646  0.0621  0.0630  0.0619  0.0635  0.0621
  0.0613  0.0618  0.0620  0.0621  0.0620  0.0616
  0.0643  0.0626  0.0645  0.0625  0.0616  0.0616
  0.0745  0.0642  0.0686  0.0635  0.0629  0.0624
  0.0851  0.0653  0.0688  0.0653  0.0670  0.0639
niter,ni,del,rscale     3    3   12.0000    1.2000
parameters
   -4.2161   -9.6425   20.3510   -3.1594    5.2429   -0.9390
eta,q 0.93778 19.55846
  0.0762  0.0680  0.0721  0.0651  0.0695  0.0640
  0.0715  0.0644  0.0673  0.0633  0.0660  0.0634
  0.0660  0.0623  0.0631  0.0624  0.0638  0.0627
  0.0616  0.0622  0.0623  0.0625  0.0624  0.0622
  0.0634  0.0632  0.0658  0.0629  0.0622  0.0621
  0.0731  0.0649  0.0692  0.0640  0.0636  0.0631
  0.0846  0.0654  0.0685  0.0657  0.0673  0.0648
niter,ni,del,rscale     2    3   12.0000    1.2000
parameters
   -4.6083   -9.3239   20.5721   -3.5020    5.9939   -1.3940
eta,q 0.93691 19.57319
  0.0758  0.0679  0.0720  0.0660  0.0695  0.0644
  0.0723  0.0645  0.0675  0.0642  0.0664  0.0639
  0.0671  0.0628  0.0637  0.0632  0.0644  0.0635
  0.0622  0.0630  0.0631  0.0633  0.0632  0.0630
  0.0628  0.0642  0.0670  0.0637  0.0630  0.0629
  0.0720  0.0656  0.0694  0.0648  0.0642  0.0639
  0.0845  0.0656  0.0683  0.0665  0.0674  0.0655
niter,ni,del,rscale     1    3   12.0000    1.2000
parameters
   -4.9993   -9.0326   20.8541   -3.9813    6.8987   -2.2990
eta,q 0.93588 19.58031
  0.0751  0.0680  0.0721  0.0667  0.0697  0.0649
  0.0730  0.0648  0.0679  0.0652  0.0671  0.0646
  0.0681  0.0636  0.0643  0.0643  0.0654  0.0643
  0.0631  0.0639  0.0640  0.0644  0.0643  0.0640
  0.0627  0.0652  0.0682  0.0649  0.0639  0.0640
  0.0714  0.0662  0.0695  0.0659  0.0648  0.0648
  0.0846  0.0658  0.0685  0.0674  0.0676  0.0664
registration optimization eta report
parameter search radius
    6.0000    6.9000    6.9000    6.0000    6.0000    6.0000
100000*second partial in parameter space
       46.        6.       11.        8.       12.        5.
  0.0751  0.0680  0.0721  0.0667  0.0697  0.0649
  0.0730  0.0648  0.0679  0.0652  0.0671  0.0646
  0.0681  0.0636  0.0643  0.0643  0.0654  0.0643
  0.0631  0.0639  0.0640  0.0644  0.0643  0.0640
  0.0627  0.0652  0.0682  0.0649  0.0639  0.0640
  0.0714  0.0662  0.0695  0.0659  0.0648  0.0648
  0.0846  0.0658  0.0685  0.0674  0.0676  0.0664
   -4.9993   -9.0326   20.8541   -3.9813    6.8987   -2.2990
eta,q 0.93588 19.58031

---------------------------------------------------------------------
imgreg_4dfp /opt/freesurfer/average/711-2C_as_mni_average_305 /opt/freesurfer/average/711-2B_as_mni_average_305_mask talsrcimg_g11 none talsrcimg_to_711-2C_as_mni_average_305_t4 3335
---------------------------------------------------------------------

freesurfer imgreg_4dfp.c
/opt/freesurfer/average/711-2C_as_mni_average_305.4dfp.img
       256       256       256         1
  1.000000  1.000000  1.000000
orientation T byte_order littleendian
Reading image: /opt/freesurfer/average/711-2C_as_mni_average_305.4dfp.img
dimensions:      256       256       256
mmppix:       1.0000   -1.0000   -1.0000
center:     128.0000 -129.0000 -129.0000
/opt/freesurfer/average/711-2B_as_mni_average_305_mask.4dfp.img
       256       256       256         1
  1.000000  1.000000  1.000000
orientation T byte_order littleendian
Reading mask: /opt/freesurfer/average/711-2B_as_mni_average_305_mask.4dfp.img (2306576 pixels)
talsrcimg_g11.4dfp.img
       320       320       320         1
  0.800000  0.800000  0.800000
orientation T byte_order littleendian
Reading image: talsrcimg_g11.4dfp.img
dimensions:      320       320       320
mmppix:       0.8000   -0.8000   -0.8000
center:     128.0000 -128.8000 -128.8000
fimgreg.f
image alignment mode   3335 decimal      D07 hex
parameters
   -4.9993   -9.0326   20.8541   -0.8039   -0.3551   -0.9636
    4.8350  -11.6943   -3.9823    7.4181   12.0114   -6.8928
eta,q 0.93948 19.86408
niter,ni,del,rscale     5    3    5.0000    1.2000
parameter  3  0.551544 ->  0.500000 qaram    1.1500
parameter  4  0.888254 ->  0.500000 qaram    1.1500
parameter  5  2.585443 ->  0.500000 qaram    1.1500
parameter 10-29.587402 ->  0.500000 qaram    1.1500
parameter 12 13.006092 ->  0.500000 qaram    1.1500
parameters
   -4.8182   -8.5356   19.4741   -4.9439   -4.4951   -3.0840
    6.0566   -9.6336   -2.4312    3.2781   13.9757  -11.0328
eta,q 0.94922 19.80149
  0.0636  0.0613  0.0604  0.0549  0.0518  0.0545  0.0551  0.0576  0.0550  0.0514  0.0529  0.0499
  0.0622  0.0609  0.0602  0.0556  0.0528  0.0540  0.0543  0.0548  0.0542  0.0521  0.0526  0.0506
  0.0611  0.0606  0.0602  0.0571  0.0542  0.0534  0.0537  0.0535  0.0536  0.0527  0.0524  0.0514
  0.0605  0.0605  0.0605  0.0601  0.0559  0.0531  0.0533  0.0532  0.0533  0.0533  0.0522  0.0522
  0.0606  0.0605  0.0610  0.0655  0.0579  0.0543  0.0532  0.0533  0.0533  0.0539  0.0522  0.0531
  0.0614  0.0606  0.0617  0.0727  0.0600  0.0562  0.0535  0.0535  0.0535  0.0544  0.0523  0.0539
  0.0630  0.0608  0.0625  0.0802  0.0621  0.0608  0.0543  0.0539  0.0540  0.0550  0.0525  0.0547
niter,ni,del,rscale     7    3    5.0000    1.2000
parameter  1 -0.850283 -> -0.500000 qaram    1.1500
parameter  2  0.503890 ->  0.500000 qaram    1.1500
parameter  3  4.384589 ->  0.500000 qaram    1.3225
parameter  8  3.740296 -> -0.500000 qaram    1.1500
parameter 11 22.338478 -> -0.500000 qaram    1.1500
parameters
   -3.4382   -9.9156   17.8871   -8.1482   -7.7300   -6.4054
    5.1167   -5.4936   -0.8276   -0.6975   18.1157   -7.1825
eta,q 0.95443 19.67542
  0.0553  0.0497  0.0461  0.0478  0.0478  0.0468  0.0477  0.0488  0.0469  0.0462  0.0464  0.0466
  0.0534  0.0494  0.0470  0.0476  0.0473  0.0470  0.0475  0.0483  0.0465  0.0460  0.0462  0.0463
  0.0519  0.0494  0.0481  0.0473  0.0471  0.0475  0.0474  0.0479  0.0463  0.0460  0.0461  0.0460
  0.0508  0.0497  0.0494  0.0473  0.0473  0.0471  0.0474  0.0474  0.0462  0.0462  0.0460  0.0457
  0.0500  0.0503  0.0508  0.0486  0.0483  0.0476  0.0474  0.0467  0.0462  0.0467  0.0459  0.0456
  0.0496  0.0512  0.0522  0.0530  0.0506  0.0498  0.0476  0.0460  0.0463  0.0475  0.0457  0.0456
  0.0496  0.0524  0.0535  0.0611  0.0543  0.0536  0.0479  0.0454  0.0465  0.0488  0.0455  0.0458
niter,ni,del,rscale     7    3    5.0000    1.2000
parameter  2 -1.025213 -> -0.500000 qaram    1.3225
parameter  3  3.941262 ->  0.500000 qaram    1.5209
parameter 10 -0.557714 -> -0.500000 qaram    1.3225
parameter 11  0.552084 ->  0.500000 qaram    1.3225
parameters
   -2.8817   -8.3286   16.0620   -9.6531   -8.2796   -9.5403
    2.6094   -2.2736    0.8185    4.0635   13.3547   -6.3981
eta,q 0.95773 19.52875
  0.0477  0.0485  0.0419  0.0448  0.0453  0.0430  0.0435  0.0450  0.0437  0.0445  0.0423  0.0431
  0.0465  0.0474  0.0426  0.0443  0.0445  0.0431  0.0433  0.0444  0.0433  0.0439  0.0423  0.0428
  0.0459  0.0464  0.0435  0.0436  0.0437  0.0434  0.0433  0.0437  0.0430  0.0433  0.0424  0.0425
  0.0456  0.0455  0.0446  0.0428  0.0432  0.0433  0.0433  0.0433  0.0429  0.0428  0.0425  0.0423
  0.0456  0.0449  0.0459  0.0428  0.0432  0.0434  0.0435  0.0429  0.0428  0.0426  0.0427  0.0422
  0.0458  0.0446  0.0470  0.0449  0.0443  0.0450  0.0439  0.0428  0.0429  0.0425  0.0433  0.0424
  0.0464  0.0446  0.0481  0.0500  0.0468  0.0481  0.0445  0.0436  0.0432  0.0428  0.0443  0.0431
niter,ni,del,rscale     7    3    5.0000    1.2000
parameter  2 -0.849679 -> -0.500000 qaram    1.5209
parameter  3  1.696338 ->  0.500000 qaram    1.7490
parameter 10 -1.545990 -> -0.500000 qaram    1.5209
parameter 11  0.586083 ->  0.500000 qaram    1.5209
parameters
   -2.2135   -6.5036   13.9632   -7.9299   -9.8404  -12.2591
    0.3208   -3.0879    2.1496    9.5387    7.8795   -5.9808
eta,q 0.96323 19.46937
  0.0436  0.0457  0.0384  0.0413  0.0405  0.0388  0.0389  0.0396  0.0393  0.0415  0.0369  0.0380
  0.0429  0.0444  0.0391  0.0408  0.0396  0.0386  0.0386  0.0392  0.0389  0.0405  0.0368  0.0375
  0.0425  0.0432  0.0400  0.0402  0.0390  0.0386  0.0384  0.0388  0.0387  0.0395  0.0369  0.0371
  0.0423  0.0422  0.0412  0.0393  0.0387  0.0388  0.0386  0.0384  0.0385  0.0385  0.0371  0.0368
  0.0422  0.0415  0.0426  0.0384  0.0391  0.0391  0.0388  0.0384  0.0385  0.0376  0.0375  0.0368
  0.0423  0.0412  0.0442  0.0384  0.0407  0.0397  0.0394  0.0390  0.0387  0.0370  0.0381  0.0372
  0.0427  0.0414  0.0464  0.0410  0.0438  0.0430  0.0401  0.0411  0.0389  0.0370  0.0391  0.0380
niter,ni,del,rscale     7    3    5.0000    1.2000
parameter  1 -0.713843 -> -0.500000 qaram    1.3225
parameter  2 -0.536997 -> -0.500000 qaram    1.7490
parameter  3  0.618238 ->  0.500000 qaram    2.0114
parameter  4 -0.584753 -> -0.500000 qaram    1.3225
parameter 12  0.550300 ->  0.500000 qaram    1.3225
parameters
   -0.6265   -4.4048   11.5496   -3.1689  -12.3763  -12.7455
   -2.0307   -2.7605    1.9142   13.9168    5.2912  -10.7418
eta,q 0.96964 19.47674
  0.0393  0.0413  0.0344  0.0363  0.0339  0.0344  0.0332  0.0386  0.0336  0.0374  0.0327  0.0304
  0.0382  0.0393  0.0342  0.0358  0.0329  0.0338  0.0324  0.0339  0.0328  0.0356  0.0311  0.0304
  0.0374  0.0376  0.0344  0.0352  0.0323  0.0331  0.0322  0.0323  0.0323  0.0338  0.0307  0.0304
  0.0368  0.0362  0.0353  0.0342  0.0324  0.0323  0.0324  0.0322  0.0322  0.0322  0.0310  0.0307
  0.0364  0.0354  0.0373  0.0330  0.0335  0.0318  0.0331  0.0327  0.0324  0.0311  0.0318  0.0313
  0.0362  0.0353  0.0404  0.0324  0.0361  0.0327  0.0343  0.0341  0.0329  0.0312  0.0332  0.0323
  0.0363  0.0362  0.0438  0.0345  0.0399  0.0372  0.0359  0.0370  0.0338  0.0333  0.0354  0.0339
niter,ni,del,rscale     7    3    5.0000    1.2000
parameter 12  0.574541 ->  0.500000 qaram    1.5209
parameters
   -0.3159   -3.7806   10.4556   -5.6308  -11.4426  -12.4046
   -2.1155   -1.2036    1.8269   15.2000    3.7741  -16.2169
eta,q 0.96959 19.49754
  0.0359  0.0362  0.0326  0.0343  0.0345  0.0341  0.0325  0.0385  0.0323  0.0357  0.0318  0.0305
  0.0332  0.0337  0.0308  0.0333  0.0332  0.0333  0.0316  0.0332  0.0316  0.0339  0.0308  0.0304
  0.0313  0.0316  0.0300  0.0318  0.0321  0.0324  0.0311  0.0312  0.0312  0.0323  0.0307  0.0305
  0.0304  0.0302  0.0300  0.0299  0.0313  0.0312  0.0309  0.0310  0.0311  0.0311  0.0309  0.0308
  0.0304  0.0300  0.0310  0.0312  0.0310  0.0300  0.0311  0.0313  0.0312  0.0307  0.0311  0.0312
  0.0316  0.0311  0.0337  0.0392  0.0317  0.0309  0.0316  0.0319  0.0316  0.0318  0.0315  0.0320
  0.0344  0.0340  0.0379  0.0510  0.0339  0.0353  0.0326  0.0333  0.0324  0.0346  0.0324  0.0332
niter,ni,del,rscale     7    3    5.0000    1.2000
parameters
    0.1678   -2.9723   10.0096   -7.0260  -11.3155  -12.0647
   -2.0094   -0.3629    1.5489   16.6494    3.8572  -19.1143
eta,q 0.96962 19.48271
  0.0340  0.0362  0.0335  0.0341  0.0340  0.0341  0.0322  0.0365  0.0318  0.0354  0.0321  0.0313
  0.0322  0.0336  0.0311  0.0331  0.0326  0.0333  0.0313  0.0320  0.0312  0.0335  0.0307  0.0306
  0.0311  0.0316  0.0302  0.0318  0.0315  0.0322  0.0308  0.0305  0.0309  0.0318  0.0305  0.0304
  0.0304  0.0303  0.0300  0.0300  0.0308  0.0308  0.0306  0.0306  0.0308  0.0308  0.0305  0.0305
  0.0303  0.0300  0.0305  0.0291  0.0308  0.0295  0.0307  0.0312  0.0309  0.0304  0.0307  0.0310
  0.0309  0.0309  0.0322  0.0330  0.0318  0.0306  0.0312  0.0320  0.0313  0.0314  0.0311  0.0318
  0.0325  0.0332  0.0353  0.0432  0.0345  0.0355  0.0322  0.0334  0.0320  0.0340  0.0317  0.0331
niter,ni,del,rscale     6    3    5.0000    1.2000
parameters
    0.2886   -2.7877    9.7176   -7.3947  -11.3553  -12.1757
   -1.5829   -0.1339    1.4620   17.7356    4.3658  -19.9417
eta,q 0.96952 19.48595
  0.0329  0.0353  0.0344  0.0341  0.0336  0.0341  0.0323  0.0353  0.0318  0.0351  0.0324  0.0321
  0.0316  0.0329  0.0315  0.0332  0.0323  0.0331  0.0314  0.0315  0.0312  0.0331  0.0309  0.0310
  0.0308  0.0312  0.0304  0.0320  0.0312  0.0320  0.0309  0.0303  0.0308  0.0315  0.0305  0.0305
  0.0304  0.0304  0.0303  0.0303  0.0305  0.0305  0.0306  0.0306  0.0306  0.0306  0.0305  0.0305
  0.0304  0.0306  0.0309  0.0288  0.0305  0.0293  0.0307  0.0312  0.0308  0.0304  0.0307  0.0308
  0.0311  0.0320  0.0324  0.0305  0.0316  0.0311  0.0311  0.0321  0.0312  0.0314  0.0310  0.0315
  0.0327  0.0348  0.0353  0.0386  0.0344  0.0369  0.0320  0.0339  0.0318  0.0341  0.0318  0.0326
niter,ni,del,rscale     5    3    5.0000    1.2000
parameters
    0.2634   -2.7539    9.4758   -7.2742  -11.3387  -12.2910
   -1.3575   -0.1656    1.4784   18.1837    4.8535  -20.1137
eta,q 0.96958 19.49721
  0.0326  0.0351  0.0345  0.0342  0.0335  0.0341  0.0321  0.0349  0.0316  0.0346  0.0325  0.0324
  0.0315  0.0327  0.0316  0.0333  0.0322  0.0331  0.0313  0.0313  0.0310  0.0326  0.0309  0.0311
  0.0308  0.0312  0.0306  0.0321  0.0311  0.0319  0.0307  0.0302  0.0306  0.0312  0.0304  0.0305
  0.0305  0.0305  0.0305  0.0305  0.0304  0.0304  0.0305  0.0305  0.0305  0.0305  0.0304  0.0304
  0.0306  0.0309  0.0310  0.0288  0.0303  0.0290  0.0306  0.0311  0.0306  0.0304  0.0306  0.0307
  0.0313  0.0324  0.0324  0.0299  0.0314  0.0310  0.0311  0.0320  0.0310  0.0316  0.0310  0.0313
  0.0329  0.0352  0.0352  0.0372  0.0342  0.0370  0.0320  0.0343  0.0316  0.0345  0.0319  0.0323
niter,ni,del,rscale     4    3    5.0000    1.2000
parameters
    0.2253   -2.7740    9.3608   -7.2544  -11.3053  -12.3331
   -1.2695   -0.3109    1.4996   18.3454    5.1325  -20.1123
eta,q 0.96960 19.50289
  0.0326  0.0349  0.0347  0.0342  0.0335  0.0341  0.0320  0.0348  0.0316  0.0343  0.0324  0.0324
  0.0314  0.0326  0.0316  0.0333  0.0322  0.0331  0.0312  0.0312  0.0309  0.0324  0.0308  0.0311
  0.0307  0.0310  0.0305  0.0321  0.0311  0.0319  0.0306  0.0302  0.0306  0.0311  0.0304  0.0305
  0.0304  0.0304  0.0304  0.0304  0.0304  0.0304  0.0304  0.0304  0.0304  0.0304  0.0304  0.0304
  0.0306  0.0308  0.0309  0.0287  0.0304  0.0289  0.0305  0.0310  0.0305  0.0304  0.0306  0.0307
  0.0313  0.0324  0.0322  0.0300  0.0314  0.0308  0.0311  0.0320  0.0309  0.0317  0.0310  0.0313
  0.0329  0.0352  0.0348  0.0375  0.0342  0.0369  0.0320  0.0345  0.0316  0.0347  0.0320  0.0322
niter,ni,del,rscale     3    3    5.0000    1.2000
parameters
    0.2154   -2.7899    9.3276   -7.2550  -11.2863  -12.3554
   -1.3095   -0.4045    1.5110   18.3751    5.2177  -20.0944
eta,q 0.96961 19.50437
  0.0326  0.0349  0.0349  0.0342  0.0335  0.0341  0.0320  0.0348  0.0316  0.0342  0.0323  0.0324
  0.0314  0.0326  0.0316  0.0333  0.0322  0.0331  0.0311  0.0313  0.0309  0.0323  0.0308  0.0311
  0.0307  0.0310  0.0305  0.0321  0.0311  0.0319  0.0306  0.0302  0.0305  0.0311  0.0304  0.0305
  0.0304  0.0304  0.0304  0.0304  0.0304  0.0304  0.0304  0.0304  0.0304  0.0304  0.0304  0.0304
  0.0305  0.0308  0.0308  0.0287  0.0304  0.0289  0.0305  0.0309  0.0305  0.0304  0.0306  0.0307
  0.0313  0.0323  0.0321  0.0300  0.0314  0.0308  0.0311  0.0319  0.0309  0.0317  0.0310  0.0313
  0.0329  0.0352  0.0347  0.0375  0.0342  0.0368  0.0320  0.0344  0.0316  0.0348  0.0320  0.0322
niter,ni,del,rscale     2    3    5.0000    1.2000
parameters
    0.2227   -2.7918    9.3245   -7.2604  -11.2892  -12.3605
   -1.3554   -0.4259    1.5161   18.3730    5.2137  -20.0844
eta,q 0.96960 19.50386
  0.0327  0.0349  0.0350  0.0342  0.0335  0.0341  0.0319  0.0349  0.0316  0.0342  0.0323  0.0324
  0.0315  0.0326  0.0317  0.0333  0.0322  0.0331  0.0311  0.0313  0.0309  0.0323  0.0308  0.0311
  0.0307  0.0310  0.0305  0.0321  0.0311  0.0319  0.0306  0.0302  0.0305  0.0311  0.0304  0.0305
  0.0304  0.0304  0.0304  0.0304  0.0304  0.0304  0.0304  0.0304  0.0304  0.0304  0.0304  0.0304
  0.0305  0.0308  0.0308  0.0287  0.0304  0.0289  0.0305  0.0309  0.0305  0.0304  0.0306  0.0307
  0.0313  0.0323  0.0321  0.0300  0.0314  0.0308  0.0311  0.0319  0.0309  0.0317  0.0310  0.0313
  0.0328  0.0351  0.0346  0.0375  0.0343  0.0367  0.0320  0.0344  0.0316  0.0349  0.0321  0.0322
registration optimization eta report
parameter search radius
    3.1740    4.1976    4.8273    9.5220    8.2800    7.2000
    7.2000    8.2800    7.2000   10.9503   10.9503   10.9503
100000*second partial in parameter space
       24.       26.       19.        6.        5.       10.
        3.        6.        2.        4.        2.        2.
  0.0327  0.0349  0.0350  0.0342  0.0335  0.0341  0.0319  0.0349  0.0316  0.0342  0.0323  0.0324
  0.0315  0.0326  0.0317  0.0333  0.0322  0.0331  0.0311  0.0313  0.0309  0.0323  0.0308  0.0311
  0.0307  0.0310  0.0305  0.0321  0.0311  0.0319  0.0306  0.0302  0.0305  0.0311  0.0304  0.0305
  0.0304  0.0304  0.0304  0.0304  0.0304  0.0304  0.0304  0.0304  0.0304  0.0304  0.0304  0.0304
  0.0305  0.0308  0.0308  0.0287  0.0304  0.0289  0.0305  0.0309  0.0305  0.0304  0.0306  0.0307
  0.0313  0.0323  0.0321  0.0300  0.0314  0.0308  0.0311  0.0319  0.0309  0.0317  0.0310  0.0313
  0.0328  0.0351  0.0346  0.0375  0.0343  0.0367  0.0320  0.0344  0.0316  0.0349  0.0321  0.0322
    0.2227   -2.7918    9.3245   -7.2604  -11.2892  -12.3605
   -1.3554   -0.4259    1.5161   18.3730    5.2137  -20.0844
eta,q 0.96960 19.50386

---------------------------------------------------------------------
imgreg_4dfp /opt/freesurfer/average/711-2C_as_mni_average_305 /opt/freesurfer/average/711-2B_as_mni_average_305_mask talsrcimg_g11 none talsrcimg_to_711-2C_as_mni_average_305_t4 2311
---------------------------------------------------------------------

freesurfer imgreg_4dfp.c
/opt/freesurfer/average/711-2C_as_mni_average_305.4dfp.img
       256       256       256         1
  1.000000  1.000000  1.000000
orientation T byte_order littleendian
Reading image: /opt/freesurfer/average/711-2C_as_mni_average_305.4dfp.img
dimensions:      256       256       256
mmppix:       1.0000   -1.0000   -1.0000
center:     128.0000 -129.0000 -129.0000
/opt/freesurfer/average/711-2B_as_mni_average_305_mask.4dfp.img
       256       256       256         1
  1.000000  1.000000  1.000000
orientation T byte_order littleendian
Reading mask: /opt/freesurfer/average/711-2B_as_mni_average_305_mask.4dfp.img (2306576 pixels)
talsrcimg_g11.4dfp.img
       320       320       320         1
  0.800000  0.800000  0.800000
orientation T byte_order littleendian
Reading image: talsrcimg_g11.4dfp.img
dimensions:      320       320       320
mmppix:       0.8000   -0.8000   -0.8000
center:     128.0000 -128.8000 -128.8000
fimgreg.f
image alignment mode   2311 decimal      907 hex
parameters
    0.2227   -2.7918    9.3245   -7.2604  -11.2892  -12.3605
   -1.3554   -0.4259    1.5161   18.3730    5.2137  -20.0844
eta,q 0.96960 19.50385
niter,ni,del,rscale     5    3    5.0000    0.8000
parameter  4 -1.705340 -> -0.500000 qaram    1.1500
parameters
    0.4389   -2.6427    8.9327   -4.5004  -10.9711  -12.0002
   -1.7592   -0.2897    1.4892   20.1771    5.2583  -20.3474
eta,q 0.97149 19.64098
  0.0311  0.0312  0.0305  0.0327  0.0304  0.0317  0.0299  0.0322  0.0295  0.0302  0.0296  0.0290
  0.0307  0.0308  0.0304  0.0321  0.0297  0.0309  0.0292  0.0300  0.0291  0.0296  0.0289  0.0287
  0.0305  0.0305  0.0304  0.0313  0.0292  0.0300  0.0288  0.0289  0.0288  0.0290  0.0286  0.0285
  0.0304  0.0304  0.0304  0.0303  0.0289  0.0289  0.0287  0.0287  0.0287  0.0287  0.0285  0.0285
  0.0304  0.0304  0.0304  0.0294  0.0289  0.0282  0.0289  0.0291  0.0288  0.0285  0.0286  0.0286
  0.0305  0.0306  0.0306  0.0288  0.0293  0.0290  0.0295  0.0300  0.0291  0.0286  0.0290  0.0288
  0.0308  0.0309  0.0308  0.0291  0.0302  0.0321  0.0304  0.0316  0.0296  0.0290  0.0295  0.0291
niter,ni,del,rscale     5    3    5.0000    0.8000
parameters
    0.0734   -3.0270    8.9691   -4.7977  -10.6035  -11.8118
   -0.9637   -0.4518    1.6345   20.0442    5.4001  -20.1103
eta,q 0.97168 19.67280
  0.0293  0.0289  0.0292  0.0316  0.0299  0.0317  0.0300  0.0314  0.0292  0.0294  0.0294  0.0289
  0.0287  0.0286  0.0287  0.0305  0.0293  0.0308  0.0292  0.0294  0.0287  0.0288  0.0288  0.0286
  0.0285  0.0284  0.0285  0.0294  0.0288  0.0297  0.0287  0.0285  0.0284  0.0285  0.0284  0.0284
  0.0285  0.0285  0.0284  0.0284  0.0285  0.0285  0.0284  0.0283  0.0283  0.0283  0.0283  0.0283
  0.0289  0.0287  0.0285  0.0283  0.0285  0.0279  0.0283  0.0288  0.0284  0.0284  0.0284  0.0284
  0.0296  0.0291  0.0287  0.0299  0.0288  0.0291  0.0286  0.0299  0.0286  0.0288  0.0287  0.0285
  0.0306  0.0297  0.0291  0.0338  0.0297  0.0326  0.0292  0.0317  0.0291  0.0296  0.0292  0.0288
niter,ni,del,rscale     4    3    5.0000    0.7000
parameters
   -0.0715   -3.0959    8.9269   -4.5308  -10.5239  -11.5850
   -0.9070   -0.6006    1.7383   20.0446    5.5333  -19.8838
eta,q 0.97195 19.68518
  0.0291  0.0289  0.0289  0.0312  0.0293  0.0312  0.0291  0.0307  0.0288  0.0290  0.0290  0.0286
  0.0286  0.0286  0.0285  0.0302  0.0287  0.0303  0.0286  0.0291  0.0284  0.0285  0.0285  0.0283
  0.0284  0.0284  0.0283  0.0292  0.0284  0.0293  0.0282  0.0282  0.0281  0.0282  0.0282  0.0281
  0.0283  0.0283  0.0283  0.0283  0.0282  0.0282  0.0281  0.0281  0.0281  0.0280  0.0280  0.0280
  0.0285  0.0284  0.0284  0.0280  0.0282  0.0277  0.0281  0.0285  0.0281  0.0281  0.0281  0.0281
  0.0289  0.0286  0.0286  0.0289  0.0286  0.0288  0.0285  0.0295  0.0283  0.0284  0.0284  0.0282
  0.0296  0.0290  0.0289  0.0315  0.0293  0.0316  0.0291  0.0310  0.0287  0.0291  0.0289  0.0285
niter,ni,del,rscale     3    3    5.0000    0.6000
parameters
   -0.1498   -3.1563    9.0128   -4.2776  -10.5621  -11.3187
   -0.9031   -0.7387    1.7632   19.9106    5.6012  -19.6634
eta,q 0.97217 19.68702
  0.0288  0.0285  0.0287  0.0305  0.0287  0.0306  0.0286  0.0300  0.0283  0.0285  0.0286  0.0282
  0.0284  0.0282  0.0283  0.0296  0.0283  0.0298  0.0282  0.0287  0.0281  0.0282  0.0282  0.0280
  0.0281  0.0281  0.0281  0.0287  0.0281  0.0288  0.0279  0.0280  0.0279  0.0279  0.0279  0.0279
  0.0281  0.0281  0.0280  0.0280  0.0280  0.0280  0.0278  0.0278  0.0278  0.0278  0.0278  0.0278
  0.0282  0.0281  0.0281  0.0279  0.0280  0.0276  0.0279  0.0282  0.0279  0.0279  0.0279  0.0279
  0.0285  0.0283  0.0282  0.0286  0.0283  0.0285  0.0282  0.0290  0.0280  0.0282  0.0282  0.0280
  0.0290  0.0286  0.0285  0.0305  0.0288  0.0306  0.0287  0.0303  0.0283  0.0287  0.0285  0.0281
niter,ni,del,rscale     2    3    5.0000    0.5000
parameters
   -0.2203   -3.2048    9.1348   -4.0488  -10.6374  -11.0524
   -0.9130   -0.8473    1.7793   19.7334    5.5821  -19.4634
eta,q 0.97234 19.68407
  0.0284  0.0282  0.0284  0.0297  0.0283  0.0299  0.0282  0.0293  0.0280  0.0282  0.0282  0.0280
  0.0280  0.0280  0.0281  0.0290  0.0280  0.0292  0.0279  0.0283  0.0278  0.0279  0.0279  0.0278
  0.0279  0.0279  0.0279  0.0283  0.0278  0.0284  0.0277  0.0278  0.0277  0.0277  0.0277  0.0277
  0.0278  0.0278  0.0278  0.0278  0.0278  0.0278  0.0277  0.0277  0.0277  0.0277  0.0277  0.0277
  0.0279  0.0279  0.0278  0.0277  0.0278  0.0276  0.0277  0.0279  0.0277  0.0277  0.0277  0.0277
  0.0282  0.0280  0.0279  0.0283  0.0280  0.0282  0.0279  0.0285  0.0278  0.0280  0.0279  0.0278
  0.0286  0.0282  0.0281  0.0296  0.0284  0.0297  0.0283  0.0295  0.0280  0.0284  0.0282  0.0279
niter,ni,del,rscale     1    3    5.0000    0.4000
parameters
   -0.2914   -3.2467    9.2753   -3.8606  -10.7338  -10.7943
   -0.9101   -0.9149    1.7957   19.5311    5.5136  -19.2850
eta,q 0.97247 19.67805
  0.0280  0.0279  0.0281  0.0290  0.0279  0.0292  0.0279  0.0287  0.0278  0.0279  0.0279  0.0278
  0.0278  0.0277  0.0279  0.0284  0.0278  0.0286  0.0277  0.0280  0.0277  0.0277  0.0277  0.0276
  0.0277  0.0277  0.0277  0.0280  0.0277  0.0280  0.0276  0.0276  0.0276  0.0276  0.0276  0.0276
  0.0277  0.0277  0.0277  0.0276  0.0276  0.0276  0.0275  0.0275  0.0275  0.0275  0.0275  0.0275
  0.0277  0.0277  0.0277  0.0276  0.0277  0.0275  0.0276  0.0277  0.0276  0.0276  0.0276  0.0276
  0.0279  0.0278  0.0277  0.0280  0.0278  0.0279  0.0277  0.0281  0.0276  0.0278  0.0277  0.0276
  0.0282  0.0279  0.0278  0.0289  0.0280  0.0289  0.0279  0.0288  0.0278  0.0280  0.0280  0.0277
registration optimization eta report
parameter search radius
    0.8000    0.8000    0.8000    2.7600    2.4000    2.4000
    2.4000    2.4000    2.4000    2.4000    2.4000    2.4000
100000*second partial in parameter space
       68.       38.       47.       17.        6.       25.
        7.       21.        4.        7.        7.        3.
  0.0280  0.0279  0.0281  0.0290  0.0279  0.0292  0.0279  0.0287  0.0278  0.0279  0.0279  0.0278
  0.0278  0.0277  0.0279  0.0284  0.0278  0.0286  0.0277  0.0280  0.0277  0.0277  0.0277  0.0276
  0.0277  0.0277  0.0277  0.0280  0.0277  0.0280  0.0276  0.0276  0.0276  0.0276  0.0276  0.0276
  0.0277  0.0277  0.0277  0.0276  0.0276  0.0276  0.0275  0.0275  0.0275  0.0275  0.0275  0.0275
  0.0277  0.0277  0.0277  0.0276  0.0277  0.0275  0.0276  0.0277  0.0276  0.0276  0.0276  0.0276
  0.0279  0.0278  0.0277  0.0280  0.0278  0.0279  0.0277  0.0281  0.0276  0.0278  0.0277  0.0276
  0.0282  0.0279  0.0278  0.0289  0.0280  0.0289  0.0279  0.0288  0.0278  0.0280  0.0280  0.0277
   -0.2914   -3.2467    9.2753   -3.8606  -10.7338  -10.7943
   -0.9101   -0.9149    1.7957   19.5311    5.5136  -19.2850
eta,q 0.97247 19.67805

---------------------------------------------------------------------
imgreg_4dfp /opt/freesurfer/average/711-2C_as_mni_average_305 /opt/freesurfer/average/711-2B_as_mni_average_305_mask talsrcimg_g11 none talsrcimg_to_711-2C_as_mni_average_305_t4 2311
---------------------------------------------------------------------

freesurfer imgreg_4dfp.c
/opt/freesurfer/average/711-2C_as_mni_average_305.4dfp.img
       256       256       256         1
  1.000000  1.000000  1.000000
orientation T byte_order littleendian
Reading image: /opt/freesurfer/average/711-2C_as_mni_average_305.4dfp.img
dimensions:      256       256       256
mmppix:       1.0000   -1.0000   -1.0000
center:     128.0000 -129.0000 -129.0000
/opt/freesurfer/average/711-2B_as_mni_average_305_mask.4dfp.img
       256       256       256         1
  1.000000  1.000000  1.000000
orientation T byte_order littleendian
Reading mask: /opt/freesurfer/average/711-2B_as_mni_average_305_mask.4dfp.img (2306576 pixels)
talsrcimg_g11.4dfp.img
       320       320       320         1
  0.800000  0.800000  0.800000
orientation T byte_order littleendian
Reading image: talsrcimg_g11.4dfp.img
dimensions:      320       320       320
mmppix:       0.8000   -0.8000   -0.8000
center:     128.0000 -128.8000 -128.8000
fimgreg.f
image alignment mode   2311 decimal      907 hex
parameters
   -0.2914   -3.2467    9.2753   -3.8606  -10.7338  -10.7943
   -0.9101   -0.9149    1.7957   19.5311    5.5136  -19.2850
eta,q 0.97247 19.67805
niter,ni,del,rscale     5    3    5.0000    0.8000
parameters
   -0.3633   -3.3172    9.4502   -4.5171  -10.9618  -11.3535
   -0.7903   -1.0512    1.7873   19.4469    5.2931  -19.4646
eta,q 0.97201 19.67036
  0.0292  0.0284  0.0292  0.0301  0.0289  0.0310  0.0293  0.0312  0.0288  0.0292  0.0289  0.0285
  0.0283  0.0279  0.0283  0.0291  0.0283  0.0300  0.0286  0.0292  0.0284  0.0286  0.0284  0.0282
  0.0277  0.0276  0.0278  0.0281  0.0279  0.0288  0.0282  0.0282  0.0281  0.0282  0.0281  0.0280
  0.0275  0.0275  0.0275  0.0275  0.0277  0.0277  0.0280  0.0280  0.0280  0.0280  0.0280  0.0280
  0.0278  0.0277  0.0276  0.0279  0.0278  0.0279  0.0281  0.0285  0.0281  0.0281  0.0282  0.0281
  0.0285  0.0280  0.0280  0.0297  0.0283  0.0304  0.0285  0.0296  0.0284  0.0285  0.0285  0.0283
  0.0296  0.0286  0.0285  0.0334  0.0294  0.0348  0.0292  0.0314  0.0288  0.0294  0.0291  0.0286
niter,ni,del,rscale     4    3    5.0000    0.7000
parameters
   -0.2979   -3.1439    9.2709   -4.1649  -10.8329  -11.4453
   -1.0340   -0.9211    1.8469   19.6917    5.2371  -19.5652
eta,q 0.97214 19.67914
  0.0291  0.0288  0.0285  0.0305  0.0289  0.0307  0.0288  0.0310  0.0286  0.0289  0.0288  0.0283
  0.0285  0.0284  0.0281  0.0296  0.0284  0.0298  0.0283  0.0291  0.0282  0.0284  0.0282  0.0281
  0.0281  0.0281  0.0280  0.0287  0.0280  0.0288  0.0280  0.0282  0.0280  0.0281  0.0279  0.0279
  0.0280  0.0280  0.0280  0.0280  0.0278  0.0278  0.0279  0.0279  0.0279  0.0279  0.0279  0.0279
  0.0281  0.0280  0.0281  0.0277  0.0279  0.0276  0.0280  0.0282  0.0279  0.0279  0.0280  0.0279
  0.0284  0.0282  0.0284  0.0284  0.0282  0.0290  0.0284  0.0290  0.0282  0.0282  0.0283  0.0281
  0.0289  0.0285  0.0288  0.0303  0.0289  0.0321  0.0291  0.0305  0.0286  0.0288  0.0288  0.0283
niter,ni,del,rscale     3    3    5.0000    0.6000
parameters
   -0.2759   -3.1752    9.2591   -3.9306  -10.7812  -11.2684
   -1.0529   -0.8524    1.8421   19.7095    5.2500  -19.4403
eta,q 0.97229 19.68288
  0.0288  0.0284  0.0284  0.0299  0.0286  0.0303  0.0286  0.0302  0.0283  0.0285  0.0285  0.0281
  0.0283  0.0281  0.0281  0.0291  0.0282  0.0295  0.0281  0.0288  0.0280  0.0281  0.0280  0.0279
  0.0280  0.0279  0.0279  0.0284  0.0279  0.0286  0.0278  0.0280  0.0278  0.0278  0.0278  0.0278
  0.0279  0.0279  0.0279  0.0279  0.0278  0.0278  0.0277  0.0277  0.0277  0.0277  0.0277  0.0277
  0.0279  0.0279  0.0279  0.0278  0.0278  0.0275  0.0278  0.0280  0.0278  0.0278  0.0278  0.0278
  0.0282  0.0281  0.0281  0.0283  0.0281  0.0284  0.0281  0.0287  0.0280  0.0280  0.0281  0.0279
  0.0287  0.0284  0.0284  0.0298  0.0286  0.0306  0.0286  0.0299  0.0283  0.0286  0.0285  0.0280
niter,ni,del,rscale     2    3    5.0000    0.5000
parameters
   -0.2965   -3.2297    9.3070   -3.7820  -10.7765  -11.0196
   -1.0057   -0.8429    1.8320   19.5834    5.2624  -19.2947
eta,q 0.97241 19.68116
  0.0283  0.0280  0.0282  0.0293  0.0282  0.0298  0.0282  0.0294  0.0280  0.0281  0.0282  0.0279
  0.0280  0.0279  0.0279  0.0286  0.0279  0.0291  0.0279  0.0284  0.0278  0.0278  0.0278  0.0277
  0.0278  0.0278  0.0278  0.0281  0.0278  0.0283  0.0277  0.0278  0.0276  0.0277  0.0276  0.0276
  0.0277  0.0277  0.0277  0.0277  0.0277  0.0277  0.0276  0.0276  0.0276  0.0276  0.0276  0.0276
  0.0278  0.0278  0.0278  0.0277  0.0277  0.0275  0.0276  0.0278  0.0276  0.0277  0.0277  0.0276
  0.0280  0.0279  0.0279  0.0282  0.0279  0.0281  0.0279  0.0284  0.0278  0.0279  0.0279  0.0277
  0.0284  0.0281  0.0281  0.0292  0.0283  0.0296  0.0282  0.0293  0.0280  0.0283  0.0282  0.0278
niter,ni,del,rscale     1    3    5.0000    0.4000
parameters
   -0.3299   -3.2740    9.3818   -3.6870  -10.8094  -10.7725
   -0.9736   -0.8525    1.8167   19.4262    5.2586  -19.1719
eta,q 0.97250 19.67632
  0.0280  0.0278  0.0280  0.0287  0.0279  0.0292  0.0279  0.0287  0.0278  0.0279  0.0279  0.0277
  0.0278  0.0277  0.0278  0.0282  0.0277  0.0286  0.0277  0.0280  0.0276  0.0277  0.0277  0.0276
  0.0276  0.0276  0.0276  0.0278  0.0276  0.0280  0.0275  0.0276  0.0275  0.0275  0.0275  0.0275
  0.0276  0.0276  0.0276  0.0276  0.0276  0.0276  0.0275  0.0275  0.0275  0.0275  0.0275  0.0275
  0.0277  0.0276  0.0276  0.0276  0.0276  0.0275  0.0275  0.0276  0.0275  0.0276  0.0275  0.0275
  0.0278  0.0277  0.0277  0.0279  0.0277  0.0279  0.0277  0.0281  0.0276  0.0277  0.0277  0.0276
  0.0281  0.0279  0.0278  0.0286  0.0280  0.0289  0.0279  0.0287  0.0278  0.0280  0.0279  0.0277
registration optimization eta report
parameter search radius
    0.8000    0.8000    0.8000    2.4000    2.4000    2.4000
    2.4000    2.4000    2.4000    2.4000    2.4000    2.4000
100000*second partial in parameter space
       70.       38.       47.       18.        6.       25.
        7.       21.        4.        7.        7.        3.
  0.0280  0.0278  0.0280  0.0287  0.0279  0.0292  0.0279  0.0287  0.0278  0.0279  0.0279  0.0277
  0.0278  0.0277  0.0278  0.0282  0.0277  0.0286  0.0277  0.0280  0.0276  0.0277  0.0277  0.0276
  0.0276  0.0276  0.0276  0.0278  0.0276  0.0280  0.0275  0.0276  0.0275  0.0275  0.0275  0.0275
  0.0276  0.0276  0.0276  0.0276  0.0276  0.0276  0.0275  0.0275  0.0275  0.0275  0.0275  0.0275
  0.0277  0.0276  0.0276  0.0276  0.0276  0.0275  0.0275  0.0276  0.0275  0.0276  0.0275  0.0275
  0.0278  0.0277  0.0277  0.0279  0.0277  0.0279  0.0277  0.0281  0.0276  0.0277  0.0277  0.0276
  0.0281  0.0279  0.0278  0.0286  0.0280  0.0289  0.0279  0.0287  0.0278  0.0280  0.0279  0.0277
   -0.3299   -3.2740    9.3818   -3.6870  -10.8094  -10.7725
   -0.9736   -0.8525    1.8167   19.4262    5.2586  -19.1719
eta,q 0.97250 19.67632

---------------------------------------------------------------------
compute_vox2vox talsrcimg talsrcimg_to_711-2C_as_mni_average_305_t4 /opt/freesurfer/average/711-2C_as_mni_average_305
---------------------------------------------------------------------

freesurfer compute_vox2vox.c
Reading: talsrcimg.4dfp.ifh
Reading: talsrcimg_to_711-2C_as_mni_average_305_t4
Reading: /opt/freesurfer/average/711-2C_as_mni_average_305.4dfp.ifh
Writing: talsrcimg_to_711-2C_as_mni_average_305_t4_vox2vox.txt

start time Tue Mar 10 19:40:47 CET 2026
end		time Tue Mar 10 19:42:13 CET 2026

mpr2mni305 success

avi2talxfm orig_nu.mgz /opt/freesurfer/average/mni305.cor.mgz talsrcimg_to_711-2C_as_mni_average_305_t4_vox2vox.txt transforms/talairach.auto.xfm
avi2talxfm done
mv -f /out/sourcedata/freesurfer/sub-v2s11x28699_ses-1/mri/talsrcimg_to_711-2C_as_mni_average_305_t4_vox2vox.txt /out/sourcedata/freesurfer/sub-v2s11x28699_ses-1/mri/transforms/talsrcimg_to_711-2C_as_mni_average_305_t4_vox2vox.txt
lta_convert --src orig_nu.mgz --trg /opt/freesurfer/average/mni305.cor.mgz --inxfm transforms/talairach.auto.xfm --outlta transforms/talairach.auto.xfm.lta --subject fsaverage
7.3.2

--src: orig_nu.mgz src image (geometry).
--trg: /opt/freesurfer/average/mni305.cor.mgz trg image (geometry).
--inmni: transforms/talairach.auto.xfm input MNI/XFM transform.
--outlta: transforms/talairach.auto.xfm.lta output LTA.
--s: fsaverage subject name
 LTA read, type : 1
 1.03765   0.00711   0.01286  -3.66206;
-0.06276   1.07020   0.22936   6.00146;
-0.00747  -0.23324   1.07098   0.57700;
 0.00000   0.00000   0.00000   1.00000;
setting subject to fsaverage
Writing  LTA to file transforms/talairach.auto.xfm.lta...
lta_convert successful.
 
 
Started at Tue Mar 10 19:40:46 CET 2026
Ended   at Tue Mar 10 19:42:13 CET 2026
talairach_avi done
