Log file for defect2seg
Tue Mar 10 17:54:29 CET 2026

setenv SUBJECTS_DIR /out/sourcedata/freesurfer
cd /out/sourcedata/freesurfer/sub-v2s11x28679_ses-1/scripts
/opt/freesurfer/bin/defect2seg --s sub-v2s11x28679_ses-1 --rh-only --cortex

freesurfer-linux-ubuntu22_x86_64-7.3.2-20220804-6354275
defect2seg 7.3.2
Linux dna050 5.14.0-427.37.1.el9_4.x86_64 #1 SMP PREEMPT_DYNAMIC Fri Sep 13 12:41:50 EDT 2024 x86_64 x86_64 x86_64 GNU/Linux
pid 655648
mri_label2label --label-cortex /out/sourcedata/freesurfer/sub-v2s11x28679_ses-1/surf/rh.orig.nofix /out/sourcedata/freesurfer/sub-v2s11x28679_ses-1/mri/aseg.presurf.mgz 0 /out/sourcedata/freesurfer/sub-v2s11x28679_ses-1/label/rh.nofix.cortex.label

 Generating cortex label... RemoveHipAmgy=0
 NucAccIsMedialWall=0
 mris->useRealRAS=0
33 non-cortical segments detected
only using segment with 11359 vertices
erasing segment 0 (vno[0] = 65629)
erasing segment 1 (vno[0] = 65683)
erasing segment 2 (vno[0] = 67436)
erasing segment 3 (vno[0] = 80984)
erasing segment 4 (vno[0] = 83813)
erasing segment 6 (vno[0] = 94902)
erasing segment 7 (vno[0] = 96597)
erasing segment 8 (vno[0] = 97927)
erasing segment 9 (vno[0] = 98094)
erasing segment 10 (vno[0] = 100615)
erasing segment 11 (vno[0] = 137545)
erasing segment 12 (vno[0] = 141761)
erasing segment 13 (vno[0] = 149601)
erasing segment 14 (vno[0] = 152398)
erasing segment 15 (vno[0] = 154277)
erasing segment 16 (vno[0] = 161824)
erasing segment 17 (vno[0] = 163015)
erasing segment 18 (vno[0] = 163081)
erasing segment 19 (vno[0] = 164156)
erasing segment 20 (vno[0] = 164366)
erasing segment 21 (vno[0] = 164378)
erasing segment 22 (vno[0] = 164401)
erasing segment 23 (vno[0] = 164521)
erasing segment 24 (vno[0] = 164540)
erasing segment 25 (vno[0] = 165526)
erasing segment 26 (vno[0] = 165601)
erasing segment 27 (vno[0] = 165721)
erasing segment 28 (vno[0] = 165826)
erasing segment 29 (vno[0] = 165866)
erasing segment 30 (vno[0] = 168368)
erasing segment 31 (vno[0] = 171275)
erasing segment 32 (vno[0] = 229433)
mri_label2vol --defects /out/sourcedata/freesurfer/sub-v2s11x28679_ses-1/surf/rh.orig.nofix /out/sourcedata/freesurfer/sub-v2s11x28679_ses-1/surf/rh.defect_labels /out/sourcedata/freesurfer/sub-v2s11x28679_ses-1/mri/orig.mgz 2000 0 /out/sourcedata/freesurfer/sub-v2s11x28679_ses-1/mri/rh.surface.defects.mgz /out/sourcedata/freesurfer/sub-v2s11x28679_ses-1/label/rh.nofix.cortex.label
mri_label2vol supposed to be reproducible but seed not set
Contraining to label /out/sourcedata/freesurfer/sub-v2s11x28679_ses-1/label/rh.nofix.cortex.label
Changing input type 0 to MRI_INT
Converting defects to volume: offset=2000, merge=0
Writing to /out/sourcedata/freesurfer/sub-v2s11x28679_ses-1/mri/rh.surface.defects.mgz
mris_defects_pointset -s /out/sourcedata/freesurfer/sub-v2s11x28679_ses-1/surf/rh.orig.nofix -d /out/sourcedata/freesurfer/sub-v2s11x28679_ses-1/surf/rh.defect_labels -o /out/sourcedata/freesurfer/sub-v2s11x28679_ses-1/surf/rh.defects.pointset --label /out/sourcedata/freesurfer/sub-v2s11x28679_ses-1/label/rh.nofix.cortex.label
Reading in surface /out/sourcedata/freesurfer/sub-v2s11x28679_ses-1/surf/rh.orig.nofix
Reading in defect segmentation /out/sourcedata/freesurfer/sub-v2s11x28679_ses-1/surf/rh.defect_labels
Reading in label /out/sourcedata/freesurfer/sub-v2s11x28679_ses-1/label/rh.nofix.cortex.label
#VMPC# mris_defects_pointset 1384084
mris_defects_pointset done
 
Started at Tue Mar 10 17:54:29 CET 2026 
Ended   at Tue Mar 10 17:54:59 CET 2026
Defect2seg-Run-Time-Sec 30
Defect2seg-Run-Time-Min 0.60
Defect2seg-Run-Time-Hours 0.01
 
defect2seg Done
