status file for recon-all
Tue Mar 10 17:46:33 CET 2026
#@# Tessellate rh Tue Mar 10 17:46:33 CET 2026
#@# Smooth1 rh Tue Mar 10 17:46:41 CET 2026
#@# Inflation1 rh Tue Mar 10 17:46:45 CET 2026
#@# QSphere rh Tue Mar 10 17:48:57 CET 2026
#@# Fix Topology rh Tue Mar 10 17:50:33 CET 2026
#@# Smooth2 rh Tue Mar 10 18:05:06 CET 2026
#@# Inflation2 rh Tue Mar 10 18:05:12 CET 2026
#@# Curv .H and .K rh Tue Mar 10 18:06:01 CET 2026
#@# Sphere rh Tue Mar 10 18:07:22 CET 2026
#@# Surf Reg rh Tue Mar 10 18:19:34 CET 2026
#@# Jacobian white rh Tue Mar 10 18:31:16 CET 2026
#@# AvgCurv rh Tue Mar 10 18:31:17 CET 2026
#@# Cortical Parc rh Tue Mar 10 18:31:18 CET 2026
#@# white curv rh Tue Mar 10 18:47:03 CET 2026
#@# white area rh Tue Mar 10 18:47:06 CET 2026
#@# pial curv rh Tue Mar 10 18:47:07 CET 2026
#@# pial area rh Tue Mar 10 18:47:10 CET 2026
#@# thickness rh Tue Mar 10 18:47:12 CET 2026
#@# area and vertex vol rh Tue Mar 10 18:48:06 CET 2026
#@# Curvature Stats rh Tue Mar 10 18:48:08 CET 2026
#@# Cortical Parc 2 rh Tue Mar 10 18:48:12 CET 2026
#@# Cortical Parc 3 rh Tue Mar 10 18:48:37 CET 2026
#@# WM/GM Contrast rh Tue Mar 10 18:48:54 CET 2026
recon-all -s sub-v2s11x28679_ses-1 finished without error at Tue Mar 10 18:48:58 CET 2026



#New# invocation of recon-all 



status file for recon-all
Tue Mar 10 19:21:31 CET 2026
#@# white curv rh Tue Mar 10 19:21:31 CET 2026
#@# white area rh Tue Mar 10 19:21:31 CET 2026
#@# pial curv rh Tue Mar 10 19:21:31 CET 2026
#@# pial area rh Tue Mar 10 19:21:32 CET 2026
#@# thickness rh Tue Mar 10 19:21:32 CET 2026
#@# area and vertex vol rh Tue Mar 10 19:21:32 CET 2026
#@# Parcellation Stats rh Tue Mar 10 19:21:32 CET 2026
#@# Parcellation Stats 2 rh Tue Mar 10 19:22:19 CET 2026
#@# Parcellation Stats 3 rh Tue Mar 10 19:22:43 CET 2026
#@# BA_exvivo Labels rh Tue Mar 10 19:23:07 CET 2026
recon-all -s sub-v2s11x28679_ses-1 finished without error at Tue Mar 10 19:27:25 CET 2026
