status file for recon-all
Tue Mar 10 16:56:20 CET 2026
#@# Tessellate lh Tue Mar 10 16:56:20 CET 2026
#@# Smooth1 lh Tue Mar 10 16:56:28 CET 2026
#@# Inflation1 lh Tue Mar 10 16:56:32 CET 2026
#@# QSphere lh Tue Mar 10 16:58:21 CET 2026
#@# Fix Topology lh Tue Mar 10 16:59:52 CET 2026
#@# Smooth2 lh Tue Mar 10 17:12:03 CET 2026
#@# Inflation2 lh Tue Mar 10 17:12:09 CET 2026
#@# Curv .H and .K lh Tue Mar 10 17:12:50 CET 2026
#@# Sphere lh Tue Mar 10 17:14:13 CET 2026
#@# Surf Reg lh Tue Mar 10 17:21:12 CET 2026
#@# Jacobian white lh Tue Mar 10 17:34:39 CET 2026
#@# AvgCurv lh Tue Mar 10 17:34:41 CET 2026
#@# Cortical Parc lh Tue Mar 10 17:34:42 CET 2026
#@# white curv lh Tue Mar 10 17:44:38 CET 2026
#@# white area lh Tue Mar 10 17:44:41 CET 2026
#@# pial curv lh Tue Mar 10 17:44:42 CET 2026
#@# pial area lh Tue Mar 10 17:44:45 CET 2026
#@# thickness lh Tue Mar 10 17:44:46 CET 2026
#@# area and vertex vol lh Tue Mar 10 17:45:39 CET 2026
#@# Curvature Stats lh Tue Mar 10 17:45:42 CET 2026
#@# Cortical Parc 2 lh Tue Mar 10 17:45:46 CET 2026
#@# Cortical Parc 3 lh Tue Mar 10 17:46:08 CET 2026
#@# WM/GM Contrast lh Tue Mar 10 17:46:25 CET 2026
recon-all -s sub-v2s11x28679_ses-1 finished without error at Tue Mar 10 17:46:30 CET 2026



#New# invocation of recon-all 



status file for recon-all
Tue Mar 10 19:15:31 CET 2026
#@# white curv lh Tue Mar 10 19:15:31 CET 2026
#@# white area lh Tue Mar 10 19:15:31 CET 2026
#@# pial curv lh Tue Mar 10 19:15:31 CET 2026
#@# pial area lh Tue Mar 10 19:15:31 CET 2026
#@# thickness lh Tue Mar 10 19:15:31 CET 2026
#@# area and vertex vol lh Tue Mar 10 19:15:32 CET 2026
#@# Parcellation Stats lh Tue Mar 10 19:15:32 CET 2026
#@# Parcellation Stats 2 lh Tue Mar 10 19:16:19 CET 2026
#@# Parcellation Stats 3 lh Tue Mar 10 19:16:44 CET 2026
#@# BA_exvivo Labels lh Tue Mar 10 19:17:08 CET 2026
recon-all -s sub-v2s11x28679_ses-1 finished without error at Tue Mar 10 19:21:29 CET 2026
