status file for recon-all
Tue Mar 10 13:51:18 CET 2026
#@# MotionCor Tue Mar 10 13:51:23 CET 2026
#@# Talairach Tue Mar 10 13:51:33 CET 2026
#@# Talairach Failure Detection Tue Mar 10 13:58:37 CET 2026
#@# Nu Intensity Correction Tue Mar 10 13:58:37 CET 2026
#@# Intensity Normalization Tue Mar 10 14:04:53 CET 2026
recon-all -s sub-v2s11x28679_ses-1 finished without error at Tue Mar 10 14:09:06 CET 2026



#New# invocation of recon-all 



status file for recon-all
Tue Mar 10 14:16:18 CET 2026
#@# EM Registration Tue Mar 10 14:16:18 CET 2026
recon-all -s sub-v2s11x28679_ses-1 finished without error at Tue Mar 10 14:18:18 CET 2026



#New# invocation of recon-all 



status file for recon-all
Tue Mar 10 14:18:21 CET 2026
#@# CA Normalize Tue Mar 10 14:18:21 CET 2026
#@# CA Reg Tue Mar 10 14:20:09 CET 2026
#@# SubCort Seg Tue Mar 10 15:24:28 CET 2026
#@# CC Seg Tue Mar 10 16:44:05 CET 2026
#@# Merge ASeg Tue Mar 10 16:45:13 CET 2026
#@# Intensity Normalization2 Tue Mar 10 16:45:13 CET 2026
#@# Mask BFS Tue Mar 10 16:50:03 CET 2026
#@# WM Segmentation Tue Mar 10 16:50:05 CET 2026
#@# Fill Tue Mar 10 16:54:29 CET 2026
recon-all -s sub-v2s11x28679_ses-1 finished without error at Tue Mar 10 16:56:14 CET 2026



#New# invocation of recon-all 



status file for recon-all
Tue Mar 10 18:49:05 CET 2026
#@# white curv lh Tue Mar 10 18:49:05 CET 2026
#@# white area lh Tue Mar 10 18:49:05 CET 2026
#@# pial curv lh Tue Mar 10 18:49:05 CET 2026
#@# pial area lh Tue Mar 10 18:49:05 CET 2026
#@# thickness lh Tue Mar 10 18:49:05 CET 2026
#@# area and vertex vol lh Tue Mar 10 18:49:05 CET 2026
#@# white curv rh Tue Mar 10 18:49:05 CET 2026
#@# white area rh Tue Mar 10 18:49:05 CET 2026
#@# pial curv rh Tue Mar 10 18:49:05 CET 2026
#@# pial area rh Tue Mar 10 18:49:05 CET 2026
#@# thickness rh Tue Mar 10 18:49:05 CET 2026
#@# area and vertex vol rh Tue Mar 10 18:49:05 CET 2026
#@# Cortical ribbon mask Tue Mar 10 18:49:05 CET 2026
recon-all -s sub-v2s11x28679_ses-1 finished without error at Tue Mar 10 19:15:27 CET 2026



#New# invocation of recon-all 



status file for recon-all
Tue Mar 10 19:27:29 CET 2026
#@# white curv lh Tue Mar 10 19:27:29 CET 2026
#@# white area lh Tue Mar 10 19:27:29 CET 2026
#@# pial curv lh Tue Mar 10 19:27:29 CET 2026
#@# pial area lh Tue Mar 10 19:27:29 CET 2026
#@# thickness lh Tue Mar 10 19:27:29 CET 2026
#@# area and vertex vol lh Tue Mar 10 19:27:29 CET 2026
#@# white curv rh Tue Mar 10 19:27:30 CET 2026
#@# white area rh Tue Mar 10 19:27:30 CET 2026
#@# pial curv rh Tue Mar 10 19:27:30 CET 2026
#@# pial area rh Tue Mar 10 19:27:30 CET 2026
#@# thickness rh Tue Mar 10 19:27:30 CET 2026
#@# area and vertex vol rh Tue Mar 10 19:27:30 CET 2026
#@# Curvature Stats lh Tue Mar 10 19:27:30 CET 2026
#@# Curvature Stats rh Tue Mar 10 19:27:34 CET 2026
#@# Relabel Hypointensities Tue Mar 10 19:27:38 CET 2026
#@# APas-to-ASeg Tue Mar 10 19:28:11 CET 2026
#@# AParc-to-ASeg aparc Tue Mar 10 19:28:27 CET 2026
#@# AParc-to-ASeg aparc.a2009s Tue Mar 10 19:30:17 CET 2026
#@# AParc-to-ASeg aparc.DKTatlas Tue Mar 10 19:32:04 CET 2026
#@# WMParc Tue Mar 10 19:33:33 CET 2026
#@# ASeg Stats Tue Mar 10 19:39:50 CET 2026
recon-all -s sub-v2s11x28679_ses-1 finished without error at Tue Mar 10 19:40:50 CET 2026
