/out/sourcedata/freesurfer/sub-v2s11x28705_ses-1/mri
/opt/freesurfer/bin/talairach_avi
--i orig_nu.mgz --xfm transforms/talairach.auto.xfm
talairach_avi 7.3.2
Linux dna063 5.14.0-427.37.1.el9_4.x86_64 #1 SMP PREEMPT_DYNAMIC Fri Sep 13 12:41:50 EDT 2024 x86_64 x86_64 x86_64 GNU/Linux
Tue Mar 10 21:02:17 CET 2026
mri_convert orig_nu.mgz talsrcimg.img 
reading from orig_nu.mgz...
TR=0.00, TE=0.00, TI=0.00, flip angle=0.00
i_ras = (-1, 0, 0)
j_ras = (0, 0, -1)
k_ras = (0, 1, 0)
writing to talsrcimg.img...
Analyze Output Matrix
-0.80000   0.00000   0.00000   129.60001;
 0.00000   0.00000   0.80000  -116.71253;
 0.00000  -0.80000   0.00000   136.21457;
 0.00000   0.00000   0.00000   1.00000;
--------------------
INFO: set hdr.hist.orient to -1
mpr2mni305 talsrcimg
Tue Mar 10 21:02:17 CET 2026
/opt/freesurfer/bin/mpr2mni305 talsrcimg
mpr2mni305 7.3.2
target=711-2C_as_mni_average_305

---------------------------------------------------------------------
analyzeto4dfp talsrcimg -O0 -y
---------------------------------------------------------------------

freesurfer ifh2hdr.c
Tue Mar 10 21:02:18 2026
Writing: talsrcimg.4dfp.hdr
freesurfer analyzeto4dfp.c
Reading: talsrcimg.hdr
header size 348 bytes
hdr.dime.datatype	offset=70	value=2
hdr.dime.bitpix		offset=72	value=8
hdr.hist.orient		offset=252	value=-1
dimensionality     4
dimensions       320       320       320         1
Reading: talsrcimg.img
Writing: talsrcimg.4dfp.img
Writing: talsrcimg.4dfp.ifh
ifh2hdr talsrcimg -r0to182
ori=2

---------------------------------------------------------------------
gauss_4dfp talsrcimg 1.1
---------------------------------------------------------------------

freesurfer gauss_4dfp.c
Reading: talsrcimg.4dfp.img
Writing: talsrcimg_g11.4dfp.img
image dimensions 320 320 320 padded to 384 384 384
processing volume 1freesurfer ifh2hdr.c
Tue Mar 10 21:02:34 2026
Writing: talsrcimg_g11.4dfp.hdr

Writing: talsrcimg_g11.4dfp.ifh
including: talsrcimg.4dfp.img.rec in talsrcimg_g11.4dfp.img.rec

---------------------------------------------------------------------
imgreg_4dfp /opt/freesurfer/average/711-2C_as_mni_average_305 none talsrcimg_g11 none talsrcimg_to_711-2C_as_mni_average_305_t4 4355
---------------------------------------------------------------------

freesurfer imgreg_4dfp.c
/opt/freesurfer/average/711-2C_as_mni_average_305.4dfp.img
       256       256       256         1
  1.000000  1.000000  1.000000
orientation T byte_order littleendian
Reading image: /opt/freesurfer/average/711-2C_as_mni_average_305.4dfp.img
dimensions:      256       256       256
mmppix:       1.0000   -1.0000   -1.0000
center:     128.0000 -129.0000 -129.0000
talsrcimg_g11.4dfp.img
       320       320       320         1
  0.800000  0.800000  0.800000
orientation T byte_order littleendian
Reading image: talsrcimg_g11.4dfp.img
dimensions:      320       320       320
mmppix:       0.8000   -0.8000   -0.8000
center:     128.0000 -128.8000 -128.8000
t4_read: open error in t4_sub.f l:  41 t4_file(1:l)talsrcimg_to_711-2C_as_mni_average_305_t4 
t4_read: transform initialized to I4
rotation matrix determinant  1.000000
image alignment mode   4355 decimal     1103 hex
   -7.5000  -45.0000  -45.0000 8323.7842   22.0768
    0.0000  -45.0000  -45.0000 8731.0352   22.1516
    7.5000  -45.0000  -45.0000 8366.3086   22.0840
   -7.5000  -37.5000  -45.0000 8874.9844   22.1703
    0.0000  -37.5000  -45.0000 9302.2666   22.2438
    7.5000  -37.5000  -45.0000 8898.4268   22.1778
   -7.5000  -30.0000  -45.0000 9734.3721   22.3406
    0.0000  -30.0000  -45.000010208.6787   22.4161
    7.5000  -30.0000  -45.0000 9763.1133   22.3507
   -7.5000  -22.5000  -45.000010564.7285   22.4240
    0.0000  -22.5000  -45.000011117.9395   22.5036
    7.5000  -22.5000  -45.000010632.2295   22.4377
   -7.5000  -15.0000  -45.000011370.6562   22.3459
    0.0000  -15.0000  -45.000012002.7744   22.4253
    7.5000  -15.0000  -45.000011474.1699   22.3577
   -7.5000   -7.5000  -45.000012214.7334   22.1655
    0.0000   -7.5000  -45.000012893.5928   22.2422
    7.5000   -7.5000  -45.000012315.2471   22.1735
   -7.5000    0.0000  -45.000012909.5947   22.0768
    0.0000    0.0000  -45.000013608.3838   22.1516
    7.5000    0.0000  -45.000012973.7334   22.0840
   -7.5000    7.5000  -45.000012440.0215   22.1703
    0.0000    7.5000  -45.000013123.6309   22.2438
    7.5000    7.5000  -45.000012496.3438   22.1778
   -7.5000   15.0000  -45.000011812.7012   22.3406
    0.0000   15.0000  -45.000012496.5742   22.4161
    7.5000   15.0000  -45.000011874.4160   22.3507
   -7.5000   22.5000  -45.000011028.8730   22.4209
    0.0000   22.5000  -45.000011704.6895   22.5005
    7.5000   22.5000  -45.000011114.9072   22.4346
   -7.5000   30.0000  -45.000010211.9678   22.0481
    0.0000   30.0000  -45.000010853.7539   22.1264
    7.5000   30.0000  -45.000010310.3320   22.0598
   -7.5000   37.5000  -45.0000 9783.8359   21.8701
    0.0000   37.5000  -45.000010393.8398   21.9458
    7.5000   37.5000  -45.0000 9878.5654   21.8780
   -7.5000   45.0000  -45.0000 9039.0508   21.2295
    0.0000   45.0000  -45.0000 9575.2754   21.3014
    7.5000   45.0000  -45.0000 9103.8320   21.2364
   -7.5000  -45.0000  -37.5000 8572.4941   21.6902
    0.0000  -45.0000  -37.5000 8995.3770   21.7622
    7.5000  -45.0000  -37.5000 8631.8994   21.6904
   -7.5000  -37.5000  -37.5000 9139.3418   21.7750
    0.0000  -37.5000  -37.5000 9591.9258   21.8547
    7.5000  -37.5000  -37.5000 9185.6641   21.7864
   -7.5000  -30.0000  -37.500010022.2900   21.9475
    0.0000  -30.0000  -37.500010538.4395   22.0317
    7.5000  -30.0000  -37.500010087.0977   21.9635
   -7.5000  -22.5000  -37.500010884.0488   22.0420
    0.0000  -22.5000  -37.500011451.7266   22.1234
    7.5000  -22.5000  -37.500010972.7002   22.0531
   -7.5000  -15.0000  -37.500011707.2246   21.9734
    0.0000  -15.0000  -37.500012352.1123   22.0455
    7.5000  -15.0000  -37.500011817.4688   21.9720
   -7.5000   -7.5000  -37.500012562.5342   21.7904
    0.0000   -7.5000  -37.500013255.1484   21.8576
    7.5000   -7.5000  -37.500012664.1689   21.7830
   -7.5000    0.0000  -37.500013253.2773   21.6902
    0.0000    0.0000  -37.500013982.6436   21.7622
    7.5000    0.0000  -37.500013339.1455   21.6904
   -7.5000    7.5000  -37.500012750.5547   21.7750
    0.0000    7.5000  -37.500013500.7656   21.8547
    7.5000    7.5000  -37.500012848.6973   21.7864
   -7.5000   15.0000  -37.500012112.1348   21.9475
    0.0000   15.0000  -37.500012852.8525   22.0317
    7.5000   15.0000  -37.500012227.5361   21.9635
   -7.5000   22.5000  -37.500011300.9023   22.0390
    0.0000   22.5000  -37.500012016.5303   22.1203
    7.5000   22.5000  -37.500011431.3623   22.0501
   -7.5000   30.0000  -37.500010469.3428   21.6806
    0.0000   30.0000  -37.500011132.0527   21.7517
    7.5000   30.0000  -37.500010594.2451   21.6792
   -7.5000   37.5000  -37.500010016.5518   21.5000
    0.0000   37.5000  -37.500010636.3623   21.5663
    7.5000   37.5000  -37.500010139.3320   21.4927
   -7.5000   45.0000  -37.5000 9224.5078   20.8577
    0.0000   45.0000  -37.5000 9770.0557   20.9269
    7.5000   45.0000  -37.5000 9319.1699   20.8579
   -7.5000  -45.0000  -30.0000 9066.3193   21.9918
    0.0000  -45.0000  -30.0000 9512.4902   22.0569
    7.5000  -45.0000  -30.0000 9129.7969   21.9710
   -7.5000  -37.5000  -30.0000 9675.7256   22.0685
    0.0000  -37.5000  -30.000010142.7324   22.1422
    7.5000  -37.5000  -30.0000 9725.2324   22.0603
   -7.5000  -30.0000  -30.000010612.8711   22.2380
    0.0000  -30.0000  -30.000011141.0146   22.3146
    7.5000  -30.0000  -30.000010683.1484   22.2323
   -7.5000  -22.5000  -30.000011550.6328   22.3378
    0.0000  -22.5000  -30.000012115.9072   22.4097
    7.5000  -22.5000  -30.000011621.1152   22.3240
   -7.5000  -15.0000  -30.000012428.6406   22.2779
    0.0000  -15.0000  -30.000013067.1113   22.3402
    7.5000  -15.0000  -30.000012519.3809   22.2508
   -7.5000   -7.5000  -30.000013297.3857   22.0973
    0.0000   -7.5000  -30.000014001.7354   22.1561
    7.5000   -7.5000  -30.000013397.5107   22.0662
   -7.5000    0.0000  -30.000013978.8467   21.9918
    0.0000    0.0000  -30.000014739.0059   22.0569
    7.5000    0.0000  -30.000014101.1807   21.9710
   -7.5000    7.5000  -30.000013436.2373   22.0685
    0.0000    7.5000  -30.000014198.7490   22.1422
    7.5000    7.5000  -30.000013565.8271   22.0603
   -7.5000   15.0000  -30.000012801.2051   22.2380
    0.0000   15.0000  -30.000013549.4912   22.3146
    7.5000   15.0000  -30.000012931.0645   22.2323
   -7.5000   22.5000  -30.000011962.1602   22.3325
    0.0000   22.5000  -30.000012679.2012   22.4043
    7.5000   22.5000  -30.000012100.4160   22.3187
   -7.5000   30.0000  -30.000011069.8662   21.9831
    0.0000   30.0000  -30.000011729.0674   22.0446
    7.5000   30.0000  -30.000011197.5391   21.9564
   -7.5000   37.5000  -30.000010560.6289   21.8049
    0.0000   37.5000  -30.000011186.1416   21.8630
    7.5000   37.5000  -30.000010695.7109   21.7742
   -7.5000   45.0000  -30.0000 9692.2188   21.1633
    0.0000   45.0000  -30.000010267.3477   21.2259
    7.5000   45.0000  -30.0000 9813.2939   21.1433
   -7.5000  -45.0000  -22.5000 9672.0205   22.3791
    0.0000  -45.0000  -22.500010133.9385   22.4395
    7.5000  -45.0000  -22.5000 9726.5547   22.3445
   -7.5000  -37.5000  -22.500010346.4834   22.4594
    0.0000  -37.5000  -22.500010833.3213   22.5198
    7.5000  -37.5000  -22.500010387.3516   22.4263
   -7.5000  -30.0000  -22.500011370.2324   22.6240
    0.0000  -30.0000  -22.500011910.9756   22.6834
    7.5000  -30.0000  -22.500011417.2383   22.5894
   -7.5000  -22.5000  -22.500012360.7959   22.7156
    0.0000  -22.5000  -22.500012953.5664   22.7752
    7.5000  -22.5000  -22.500012424.8770   22.6800
   -7.5000  -15.0000  -22.500013284.5234   22.6521
    0.0000  -15.0000  -22.500013962.6885   22.7107
    7.5000  -15.0000  -22.500013375.8613   22.6139
   -7.5000   -7.5000  -22.500014197.5439   22.4763
    0.0000   -7.5000  -22.500014948.5107   22.5349
    7.5000   -7.5000  -22.500014297.8389   22.4377
   -7.5000    0.0000  -22.500014937.0098   22.3791
    0.0000    0.0000  -22.500015729.7959   22.4395
    7.5000    0.0000  -22.500015037.4395   22.3445
   -7.5000    7.5000  -22.500014362.4111   22.4594
    0.0000    7.5000  -22.500015146.4434   22.5198
    7.5000    7.5000  -22.500014476.5879   22.4263
   -7.5000   15.0000  -22.500013693.6973   22.6240
    0.0000   15.0000  -22.500014456.9229   22.6834
    7.5000   15.0000  -22.500013823.9053   22.5894
   -7.5000   22.5000  -22.500012802.8877   22.7086
    0.0000   22.5000  -22.500013529.5039   22.7682
    7.5000   22.5000  -22.500012945.1572   22.6730
   -7.5000   30.0000  -22.500011862.3965   22.3558
    0.0000   30.0000  -22.500012521.1641   22.4136
    7.5000   30.0000  -22.500011987.4600   22.3181
   -7.5000   37.5000  -22.500011285.7012   22.1823
    0.0000   37.5000  -22.500011924.5215   22.2401
    7.5000   37.5000  -22.500011426.6357   22.1442
   -7.5000   45.0000  -22.500010313.6641   21.5522
    0.0000   45.0000  -22.500010916.3008   21.6103
    7.5000   45.0000  -22.500010447.5557   21.5189
   -7.5000  -45.0000  -15.000010305.6084   22.6076
    0.0000  -45.0000  -15.000010801.5605   22.6722
    7.5000  -45.0000  -15.000010348.8779   22.5833
   -7.5000  -37.5000  -15.000011048.6660   22.6990
    0.0000  -37.5000  -15.000011581.2637   22.7542
    7.5000  -37.5000  -15.000011081.8398   22.6642
   -7.5000  -30.0000  -15.000012160.3438   22.8627
    0.0000  -30.0000  -15.000012743.3340   22.9139
    7.5000  -30.0000  -15.000012195.7852   22.8233
   -7.5000  -22.5000  -15.000013190.3652   22.9420
    0.0000  -22.5000  -15.000013842.5703   22.9999
    7.5000  -22.5000  -15.000013258.0312   22.9110
   -7.5000  -15.0000  -15.000014170.7559   22.8666
    0.0000  -15.0000  -15.000014902.0156   22.9329
    7.5000  -15.0000  -15.000014256.5859   22.8449
   -7.5000   -7.5000  -15.000015150.9756   22.6921
    0.0000   -7.5000  -15.000015944.6807   22.7611
    7.5000   -7.5000  -15.000015242.7383   22.6728
   -7.5000    0.0000  -15.000015967.2822   22.6076
    0.0000    0.0000  -15.000016820.4590   22.6722
    7.5000    0.0000  -15.000016081.7529   22.5833
   -7.5000    7.5000  -15.000015390.9189   22.6990
    0.0000    7.5000  -15.000016195.8057   22.7542
    7.5000    7.5000  -15.000015477.3633   22.6642
   -7.5000   15.0000  -15.000014670.6904   22.8627
    0.0000   15.0000  -15.000015435.1328   22.9139
    7.5000   15.0000  -15.000014762.1221   22.8233
   -7.5000   22.5000  -15.000013706.7012   22.9339
    0.0000   22.5000  -15.000014424.1338   22.9918
    7.5000   22.5000  -15.000013821.4453   22.9029
   -7.5000   30.0000  -15.000012677.0801   22.5707
    0.0000   30.0000  -15.000013363.2998   22.6361
    7.5000   30.0000  -15.000012816.2021   22.5492
   -7.5000   37.5000  -15.000012077.0312   22.3984
    0.0000   37.5000  -15.000012742.6885   22.4665
    7.5000   37.5000  -15.000012226.6650   22.3794
   -7.5000   45.0000  -15.000011053.5264   21.7854
    0.0000   45.0000  -15.000011653.9297   21.8476
    7.5000   45.0000  -15.000011154.0850   21.7620
   -7.5000  -45.0000   -7.500010903.8945   22.5484
    0.0000  -45.0000   -7.500011447.0273   22.6235
    7.5000  -45.0000   -7.500010955.2422   22.5469
   -7.5000  -37.5000   -7.500011713.5459   22.6456
    0.0000  -37.5000   -7.500012296.7441   22.7110
    7.5000  -37.5000   -7.500011764.6289   22.6332
   -7.5000  -30.0000   -7.500012927.4785   22.8146
    0.0000  -30.0000   -7.500013594.3750   22.8774
    7.5000  -30.0000   -7.500013012.4014   22.7992
   -7.5000  -22.5000   -7.500014037.5205   22.8929
    0.0000  -22.5000   -7.500014787.4014   22.9638
    7.5000  -22.5000   -7.500014152.8027   22.8874
   -7.5000  -15.0000   -7.500015076.8477   22.8113
    0.0000  -15.0000   -7.500015853.7637   22.8905
    7.5000  -15.0000   -7.500015181.9033   22.8153
   -7.5000   -7.5000   -7.500016132.1230   22.6320
    0.0000   -7.5000   -7.500016945.7676   22.7129
    7.5000   -7.5000   -7.500016235.0186   22.6373
   -7.5000    0.0000   -7.500017038.5918   22.5484
    0.0000    0.0000   -7.500017909.6406   22.6235
    7.5000    0.0000   -7.500017154.4199   22.5469
   -7.5000    7.5000   -7.500016446.4922   22.6456
    0.0000    7.5000   -7.500017267.3672   22.7110
    7.5000    7.5000   -7.500016531.4746   22.6332
   -7.5000   15.0000   -7.500015666.4072   22.8146
    0.0000   15.0000   -7.500016438.1289   22.8774
    7.5000   15.0000   -7.500015750.8037   22.7992
   -7.5000   22.5000   -7.500014664.6572   22.8824
    0.0000   22.5000   -7.500015413.7588   22.9532
    7.5000   22.5000   -7.500014779.4160   22.8768
   -7.5000   30.0000   -7.500013590.9863   22.5155
    0.0000   30.0000   -7.500014325.0186   22.5936
    7.5000   30.0000   -7.500013733.0928   22.5194
   -7.5000   37.5000   -7.500012941.8223   22.3385
    0.0000   37.5000   -7.500013680.7520   22.4183
    7.5000   37.5000   -7.500013089.6992   22.3437
   -7.5000   45.0000   -7.500011796.7793   21.7325
    0.0000   45.0000   -7.500012470.3447   21.8048
    7.5000   45.0000   -7.500011909.9678   21.7310
   -7.5000  -45.0000    0.000011360.8057   22.3039
    0.0000  -45.0000    0.000011958.0098   22.3860
    7.5000  -45.0000    0.000011428.2148   22.3146
   -7.5000  -37.5000    0.000012248.4570   22.3967
    0.0000  -37.5000    0.000012941.4092   22.4779
    7.5000  -37.5000    0.000012339.4805   22.4072
   -7.5000  -30.0000    0.000013584.1768   22.5706
    0.0000  -30.0000    0.000014445.8828   22.6536
    7.5000  -30.0000    0.000013785.9629   22.5831
   -7.5000  -22.5000    0.000014878.4961   22.6579
    0.0000  -22.5000    0.000015836.0518   22.7444
    7.5000  -22.5000    0.000015136.0801   22.6737
   -7.5000  -15.0000    0.000016001.3779   22.5805
    0.0000  -15.0000    0.000016868.0918   22.6665
    7.5000  -15.0000    0.000016161.9189   22.5950
   -7.5000   -7.5000    0.000017131.5938   22.3967
    0.0000   -7.5000    0.000017920.1602   22.4804
    7.5000   -7.5000    0.000017201.7207   22.4081
   -7.5000    0.0000    0.000018087.7129   22.3039
    0.0000    0.0000    0.000018978.2676   22.3860
    7.5000    0.0000    0.000018219.0742   22.3146
   -7.5000    7.5000    0.000017442.2949   22.3967
    0.0000    7.5000    0.000018348.3613   22.4779
    7.5000    7.5000    0.000017580.7441   22.4072
   -7.5000   15.0000    0.000016622.9902   22.5706
    0.0000   15.0000    0.000017532.4277   22.6536
    7.5000   15.0000    0.000016754.9707   22.5831
   -7.5000   22.5000    0.000015540.3623   22.6474
    0.0000   22.5000    0.000016483.3105   22.7339
    7.5000   22.5000    0.000015726.4219   22.6633
   -7.5000   30.0000    0.000014380.6279   22.2883
    0.0000   30.0000    0.000015303.6035   22.3732
    7.5000   30.0000    0.000014594.3691   22.3026
   -7.5000   37.5000    0.000013707.2607   22.1069
    0.0000   37.5000    0.000014589.7119   22.1894
    7.5000   37.5000    0.000013899.9277   22.1181
   -7.5000   45.0000    0.000012518.0918   21.4984
    0.0000   45.0000    0.000013274.9014   21.5775
    7.5000   45.0000    0.000012633.2471   21.5087
   -7.5000  -45.0000    7.500011005.8740   22.5264
    0.0000  -45.0000    7.500011620.9551   22.6067
    7.5000  -45.0000    7.500011090.4922   22.5289
   -7.5000  -37.5000    7.500011861.1240   22.6115
    0.0000  -37.5000    7.500012541.8721   22.6992
    7.5000  -37.5000    7.500011948.9375   22.6246
   -7.5000  -30.0000    7.500013202.4385   22.7905
    0.0000  -30.0000    7.500014135.3525   22.8826
    7.5000  -30.0000    7.500013447.2285   22.8078
   -7.5000  -22.5000    7.500014585.6680   22.8911
    0.0000  -22.5000    7.500015865.4707   22.9806
    7.5000  -22.5000    7.500015055.3164   22.9035
   -7.5000  -15.0000    7.500015916.4326   22.8227
    0.0000  -15.0000    7.500017163.8574   22.9034
    7.5000  -15.0000    7.500016299.3789   22.8233
   -7.5000   -7.5000    7.500017031.9141   22.6331
    0.0000   -7.5000    7.500018138.6797   22.7090
    7.5000   -7.5000    7.500017217.3105   22.6283
   -7.5000    0.0000    7.500017858.2930   22.5264
    0.0000    0.0000    7.500018979.1094   22.6067
    7.5000    0.0000    7.500018025.1348   22.5289
   -7.5000    7.5000    7.500017120.6641   22.6115
    0.0000    7.5000    7.500018216.4531   22.6992
    7.5000    7.5000    7.500017285.4414   22.6246
   -7.5000   15.0000    7.500016251.0791   22.7905
    0.0000   15.0000    7.500017376.0527   22.8826
    7.5000   15.0000    7.500016434.5547   22.8078
   -7.5000   22.5000    7.500015195.0791   22.8806
    0.0000   22.5000    7.500016296.4355   22.9700
    7.5000   22.5000    7.500015398.2168   22.8929
   -7.5000   30.0000    7.500014080.3838   22.5274
    0.0000   30.0000    7.500015109.4180   22.6070
    7.5000   30.0000    7.500014288.4062   22.5280
   -7.5000   37.5000    7.500013442.3428   22.3402
    0.0000   37.5000    7.500014386.8838   22.4151
    7.5000   37.5000    7.500013638.8193   22.3354
   -7.5000   45.0000    7.500012268.8662   21.7129
    0.0000   45.0000    7.500013082.7275   21.7902
    7.5000   45.0000    7.500012410.8750   21.7153
   -7.5000  -45.0000   15.000010590.3828   22.8977
    0.0000  -45.0000   15.000011158.0518   22.9686
    7.5000  -45.0000   15.000010687.0938   22.8766
   -7.5000  -37.5000   15.000011421.0693   22.9759
    0.0000  -37.5000   15.000012076.8730   23.0553
    7.5000  -37.5000   15.000011523.9854   22.9672
   -7.5000  -30.0000   15.000012744.3896   23.1522
    0.0000  -30.0000   15.000013698.3398   23.2346
    7.5000  -30.0000   15.000013005.4062   23.1460
   -7.5000  -22.5000   15.000014153.4805   23.2579
    0.0000  -22.5000   15.000015673.0068   23.3356
    7.5000  -22.5000   15.000014712.5781   23.2436
   -7.5000  -15.0000   15.000015489.7197   23.1972
    0.0000  -15.0000   15.000017220.2559   23.2655
    7.5000  -15.0000   15.000016084.0352   23.1698
   -7.5000   -7.5000   15.000016581.5020   23.0092
    0.0000   -7.5000   15.000018170.0977   23.0739
    7.5000   -7.5000   15.000016986.3711   22.9778
   -7.5000    0.0000   15.000017291.5195   22.8977
    0.0000    0.0000   15.000018770.7090   22.9686
    7.5000    0.0000   15.000017569.5664   22.8766
   -7.5000    7.5000   15.000016516.2031   22.9759
    0.0000    7.5000   15.000017854.4648   23.0553
    7.5000    7.5000   15.000016757.3926   22.9672
   -7.5000   15.0000   15.000015705.9795   23.1522
    0.0000   15.0000   15.000016929.5176   23.2346
    7.5000   15.0000   15.000015926.4609   23.1460
   -7.5000   22.5000   15.000014741.9424   23.2472
    0.0000   22.5000   15.000015815.3955   23.3248
    7.5000   22.5000   15.000014922.8340   23.2329
   -7.5000   30.0000   15.000013720.6465   22.8970
    0.0000   30.0000   15.000014669.8594   22.9644
    7.5000   30.0000   15.000013869.3115   22.8699
   -7.5000   37.5000   15.000013110.4316   22.7115
    0.0000   37.5000   15.000013985.8799   22.7753
    7.5000   37.5000   15.000013254.4180   22.6804
   -7.5000   45.0000   15.000011963.5078   22.0708
    0.0000   45.0000   15.000012733.1445   22.1391
    7.5000   45.0000   15.000012097.3281   22.0504
   -7.5000  -45.0000   22.500010125.0469   23.3966
    0.0000  -45.0000   22.500010682.8994   23.4585
    7.5000  -45.0000   22.500010209.6895   23.3565
   -7.5000  -37.5000   22.500010918.2979   23.4811
    0.0000  -37.5000   22.500011566.1768   23.5429
    7.5000  -37.5000   22.500011018.4785   23.4425
   -7.5000  -30.0000   22.500012193.6523   23.6530
    0.0000  -30.0000   22.500013144.0342   23.7137
    7.5000  -30.0000   22.500012470.9902   23.6126
   -7.5000  -22.5000   22.500013510.3027   23.7492
    0.0000  -22.5000   22.500014808.9004   23.8101
    7.5000  -22.5000   22.500013966.2266   23.7077
   -7.5000  -15.0000   22.500014675.5195   23.6824
    0.0000  -15.0000   22.500015840.2422   23.7423
    7.5000  -15.0000   22.500014983.8877   23.6383
   -7.5000   -7.5000   22.500015670.1348   23.4978
    0.0000   -7.5000   22.500016750.2598   23.5578
    7.5000   -7.5000   22.500015842.3701   23.4535
   -7.5000    0.0000   22.500016427.7441   23.3966
    0.0000    0.0000   22.500017607.6035   23.4585
    7.5000    0.0000   22.500016622.6367   23.3565
   -7.5000    7.5000   22.500015756.6826   23.4811
    0.0000    7.5000   22.500016885.8984   23.5429
    7.5000    7.5000   22.500015957.2930   23.4425
   -7.5000   15.0000   22.500014997.2451   23.6530
    0.0000   15.0000   22.500016052.2490   23.7137
    7.5000   15.0000   22.500015178.3906   23.6126
   -7.5000   22.5000   22.500014086.3975   23.7382
    0.0000   22.5000   22.500015046.2344   23.7992
    7.5000   22.5000   22.500014240.6846   23.6968
   -7.5000   30.0000   22.500013139.8750   23.3759
    0.0000   30.0000   22.500014020.2715   23.4350
    7.5000   30.0000   22.500013274.3447   23.3324
   -7.5000   37.5000   22.500012601.0928   23.1937
    0.0000   37.5000   22.500013431.0020   23.2529
    7.5000   37.5000   22.500012723.6465   23.1500
   -7.5000   45.0000   22.500011523.2451   22.5517
    0.0000   45.0000   22.500012242.1699   22.6113
    7.5000   45.0000   22.500011620.3574   22.5130
   -7.5000  -45.0000   30.0000 9637.6406   24.0070
    0.0000  -45.0000   30.000010124.9365   24.0709
    7.5000  -45.0000   30.0000 9717.5498   23.9746
   -7.5000  -37.5000   30.000010394.8701   24.1067
    0.0000  -37.5000   30.000010932.2002   24.1602
    7.5000  -37.5000   30.000010471.0674   24.0625
   -7.5000  -30.0000   30.000011557.9414   24.2785
    0.0000  -30.0000   30.000012292.4932   24.3275
    7.5000  -30.0000   30.000011752.1250   24.2292
   -7.5000  -22.5000   30.000012721.1143   24.3594
    0.0000  -22.5000   30.000013524.6855   24.4157
    7.5000  -22.5000   30.000012938.5938   24.3192
   -7.5000  -15.0000   30.000013736.0029   24.2764
    0.0000  -15.0000   30.000014421.4424   24.3421
    7.5000  -15.0000   30.000013813.7451   24.2466
   -7.5000   -7.5000   30.000014745.6504   24.0920
    0.0000   -7.5000   30.000015504.2295   24.1609
    7.5000   -7.5000   30.000014807.2656   24.0650
   -7.5000    0.0000   30.000015584.3232   24.0070
    0.0000    0.0000   30.000016485.4922   24.0709
    7.5000    0.0000   30.000015672.6592   23.9746
   -7.5000    7.5000   30.000015045.5918   24.1067
    0.0000    7.5000   30.000015916.2139   24.1602
    7.5000    7.5000   30.000015123.8359   24.0625
   -7.5000   15.0000   30.000014313.5293   24.2785
    0.0000   15.0000   30.000015145.4707   24.3275
    7.5000   15.0000   30.000014397.4746   24.2292
   -7.5000   22.5000   30.000013421.1162   24.3481
    0.0000   22.5000   30.000014226.2646   24.4045
    7.5000   22.5000   30.000013525.6377   24.3080
   -7.5000   30.0000   30.000012510.4346   23.9622
    0.0000   30.0000   30.000013274.0273   24.0271
    7.5000   30.0000   30.000012614.8301   23.9328
   -7.5000   37.5000   30.000012007.1553   23.7802
    0.0000   37.5000   30.000012737.8770   23.8482
    7.5000   37.5000   30.000012117.0254   23.7536
   -7.5000   45.0000   30.000010985.7715   23.1400
    0.0000   45.0000   30.000011639.4854   23.2016
    7.5000   45.0000   30.000011058.9600   23.1087
   -7.5000  -45.0000   37.5000 9455.5850   24.3710
    0.0000  -45.0000   37.5000 9885.0117   24.4454
    7.5000  -45.0000   37.5000 9511.5264   24.3599
   -7.5000  -37.5000   37.500010177.6875   24.4823
    0.0000  -37.5000   37.500010672.8857   24.5453
    7.5000  -37.5000   37.500010257.3604   24.4580
   -7.5000  -30.0000   37.500011269.4316   24.6622
    0.0000  -30.0000   37.500011889.6201   24.7219
    7.5000  -30.0000   37.500011424.8398   24.6340
   -7.5000  -22.5000   37.500012351.5283   24.7386
    0.0000  -22.5000   37.500012946.0225   24.8078
    7.5000  -22.5000   37.500012444.6289   24.7219
   -7.5000  -15.0000   37.500013317.1396   24.6429
    0.0000  -15.0000   37.500013906.8301   24.7216
    7.5000  -15.0000   37.500013367.1387   24.6373
   -7.5000   -7.5000   37.500014352.5771   24.4512
    0.0000   -7.5000   37.500015076.2529   24.5322
    7.5000   -7.5000   37.500014456.9756   24.4478
   -7.5000    0.0000   37.500015261.7236   24.3710
    0.0000    0.0000   37.500016041.1230   24.4454
    7.5000    0.0000   37.500015335.8086   24.3599
   -7.5000    7.5000   37.500014755.7656   24.4823
    0.0000    7.5000   37.500015484.7256   24.5453
    7.5000    7.5000   37.500014775.7520   24.4580
   -7.5000   15.0000   37.500014029.2461   24.6622
    0.0000   15.0000   37.500014742.1074   24.7219
    7.5000   15.0000   37.500014060.9570   24.6340
   -7.5000   22.5000   37.500013154.4766   24.7272
    0.0000   22.5000   37.500013854.3184   24.7964
    7.5000   22.5000   37.500013195.1211   24.7105
   -7.5000   30.0000   37.500012246.5732   24.3239
    0.0000   30.0000   37.500012901.5283   24.4017
    7.5000   30.0000   37.500012289.1963   24.3185
   -7.5000   37.5000   37.500011751.2246   24.1347
    0.0000   37.5000   37.500012370.1387   24.2147
    7.5000   37.5000   37.500011792.6846   24.1314
   -7.5000   45.0000   37.500010776.6230   23.4908
    0.0000   45.0000   37.500011340.8574   23.5626
    7.5000   45.0000   37.500010799.1846   23.4801
   -7.5000  -45.0000   45.0000 8909.6162   24.9892
    0.0000  -45.0000   45.0000 9312.6621   25.0692
    7.5000  -45.0000   45.0000 8971.0342   24.9833
   -7.5000  -37.5000   45.0000 9566.6963   25.1027
    0.0000  -37.5000   45.000010024.2412   25.1814
    7.5000  -37.5000   45.0000 9658.5957   25.0964
   -7.5000  -30.0000   45.000010603.6230   25.2978
    0.0000  -30.0000   45.000011109.8154   25.3792
    7.5000  -30.0000   45.000010695.9844   25.2942
   -7.5000  -22.5000   45.000011562.2764   25.3877
    0.0000  -22.5000   45.000012065.7598   25.4737
    7.5000  -22.5000   45.000011611.1689   25.3886
   -7.5000  -15.0000   45.000012473.7197   25.2911
    0.0000  -15.0000   45.000013031.4521   25.3765
    7.5000  -15.0000   45.000012530.5225   25.2901
   -7.5000   -7.5000   45.000013474.5947   25.0838
    0.0000   -7.5000   45.000014110.9707   25.1660
    7.5000   -7.5000   45.000013555.4854   25.0789
   -7.5000    0.0000   45.000014274.8359   24.9892
    0.0000    0.0000   45.000014963.2324   25.0692
    7.5000    0.0000   45.000014343.7354   24.9833
   -7.5000    7.5000   45.000013824.0850   25.1027
    0.0000    7.5000   45.000014481.8330   25.1814
    7.5000    7.5000   45.000013864.6982   25.0964
   -7.5000   15.0000   45.000013158.4766   25.2978
    0.0000   15.0000   45.000013802.7734   25.3792
    7.5000   15.0000   45.000013202.0352   25.2942
   -7.5000   22.5000   45.000012333.9102   25.3759
    0.0000   22.5000   45.000012952.1055   25.4619
    7.5000   22.5000   45.000012388.1738   25.3768
   -7.5000   30.0000   45.000011478.9502   24.9616
    0.0000   30.0000   45.000012080.8545   25.0459
    7.5000   30.0000   45.000011545.0342   24.9606
   -7.5000   37.5000   45.000010994.2793   24.7570
    0.0000   37.5000   45.000011542.3447   24.8381
    7.5000   37.5000   45.000011021.2861   24.7522
   -7.5000   45.0000   45.000010078.8516   24.0976
    0.0000   45.0000   45.000010558.7217   24.1748
    7.5000   45.0000   45.000010068.7412   24.0919

---------------------------------------------------------------------
imgreg_4dfp /opt/freesurfer/average/711-2C_as_mni_average_305 /opt/freesurfer/average/711-2B_as_mni_average_305_mask talsrcimg_g11 none talsrcimg_to_711-2C_as_mni_average_305_t4 4355
---------------------------------------------------------------------

freesurfer imgreg_4dfp.c
/opt/freesurfer/average/711-2C_as_mni_average_305.4dfp.img
       256       256       256         1
  1.000000  1.000000  1.000000
orientation T byte_order littleendian
Reading image: /opt/freesurfer/average/711-2C_as_mni_average_305.4dfp.img
dimensions:      256       256       256
mmppix:       1.0000   -1.0000   -1.0000
center:     128.0000 -129.0000 -129.0000
/opt/freesurfer/average/711-2B_as_mni_average_305_mask.4dfp.img
       256       256       256         1
  1.000000  1.000000  1.000000
orientation T byte_order littleendian
Reading mask: /opt/freesurfer/average/711-2B_as_mni_average_305_mask.4dfp.img (2306576 pixels)
talsrcimg_g11.4dfp.img
       320       320       320         1
  0.800000  0.800000  0.800000
orientation T byte_order littleendian
Reading image: talsrcimg_g11.4dfp.img
dimensions:      320       320       320
mmppix:       0.8000   -0.8000   -0.8000
center:     128.0000 -128.8000 -128.8000
rotation matrix determinant  1.000000
image alignment mode   4355 decimal     1103 hex
   -7.5000  -45.0000  -37.5000 2472.6677   31.8650
    0.0000  -45.0000  -37.5000 2485.3088   31.7844
    7.5000  -45.0000  -37.5000 2481.9121   31.7258
   -7.5000  -37.5000  -37.5000 2533.3467   29.5958
    0.0000  -37.5000  -37.5000 2545.1057   29.4998
    7.5000  -37.5000  -37.5000 2541.3562   29.4932
   -7.5000  -30.0000  -37.5000 2566.2678   27.8888
    0.0000  -30.0000  -37.5000 2584.8743   27.8556
    7.5000  -30.0000  -37.5000 2577.9021   27.8680
   -7.5000  -22.5000  -37.5000 2589.7646   26.6072
    0.0000  -22.5000  -37.5000 2605.1614   26.5460
    7.5000  -22.5000  -37.5000 2597.6492   26.5577
   -7.5000  -15.0000  -37.5000 2599.6694   25.7712
    0.0000  -15.0000  -37.5000 2616.0652   25.6656
    7.5000  -15.0000  -37.5000 2607.1663   25.6379
   -7.5000   -7.5000  -37.5000 2604.4475   25.3825
    0.0000   -7.5000  -37.5000 2625.6921   25.2407
    7.5000   -7.5000  -37.5000 2616.7249   25.2113
   -7.5000    0.0000  -37.5000 2599.9673   25.3029
    0.0000    0.0000  -37.5000 2622.0542   25.1859
    7.5000    0.0000  -37.5000 2611.7734   25.1738
   -7.5000    7.5000  -37.5000 2591.4412   25.7497
    0.0000    7.5000  -37.5000 2616.5894   25.6578
    7.5000    7.5000  -37.5000 2600.2559   25.6070
   -7.5000   15.0000  -37.5000 2559.0039   26.6222
    0.0000   15.0000  -37.5000 2579.8167   26.5863
    7.5000   15.0000  -37.5000 2567.7993   26.5545
   -7.5000   22.5000  -37.5000 2498.1873   28.0120
    0.0000   22.5000  -37.5000 2518.0496   27.9964
    7.5000   22.5000  -37.5000 2510.3679   27.9714
   -7.5000   30.0000  -37.5000 2425.0984   29.8484
    0.0000   30.0000  -37.5000 2443.4153   29.7344
    7.5000   30.0000  -37.5000 2437.4114   29.8040
   -7.5000   37.5000  -37.5000 2342.8286   32.0638
    0.0000   37.5000  -37.5000 2357.4517   31.8718
    7.5000   37.5000  -37.5000 2356.0281   31.9068
   -7.5000   45.0000  -37.5000 2249.8379   34.9840
    0.0000   45.0000  -37.5000 2253.5234   34.6887
    7.5000   45.0000  -37.5000 2260.3398   34.8044
   -7.5000  -45.0000  -30.0000 2577.7168   31.5631
    0.0000  -45.0000  -30.0000 2595.5796   31.4575
    7.5000  -45.0000  -30.0000 2588.3218   31.3221
   -7.5000  -37.5000  -30.0000 2636.9365   29.2508
    0.0000  -37.5000  -30.0000 2652.2849   29.0893
    7.5000  -37.5000  -30.0000 2646.8582   28.9807
   -7.5000  -30.0000  -30.0000 2672.9548   27.4817
    0.0000  -30.0000  -30.0000 2684.2583   27.2829
    7.5000  -30.0000  -30.0000 2684.2712   27.2725
   -7.5000  -22.5000  -30.0000 2701.1597   26.1285
    0.0000  -22.5000  -30.0000 2711.8513   25.9710
    7.5000  -22.5000  -30.0000 2711.8386   25.9973
   -7.5000  -15.0000  -30.0000 2716.3916   25.2645
    0.0000  -15.0000  -30.0000 2722.9700   25.0756
    7.5000  -15.0000  -30.0000 2719.9329   25.0670
   -7.5000   -7.5000  -30.0000 2720.5447   24.8506
    0.0000   -7.5000  -30.0000 2732.3125   24.6494
    7.5000   -7.5000  -30.0000 2727.4800   24.6117
   -7.5000    0.0000  -30.0000 2711.7856   24.7691
    0.0000    0.0000  -30.0000 2727.5105   24.5699
    7.5000    0.0000  -30.0000 2725.6338   24.5865
   -7.5000    7.5000  -30.0000 2696.2485   25.1313
    0.0000    7.5000  -30.0000 2719.6006   24.9814
    7.5000    7.5000  -30.0000 2714.6633   24.9972
   -7.5000   15.0000  -30.0000 2667.1611   25.9367
    0.0000   15.0000  -30.0000 2692.2429   25.8436
    7.5000   15.0000  -30.0000 2685.3420   25.8500
   -7.5000   22.5000  -30.0000 2608.5051   27.2837
    0.0000   22.5000  -30.0000 2633.3818   27.1886
    7.5000   22.5000  -30.0000 2624.3970   27.2007
   -7.5000   30.0000  -30.0000 2533.6760   29.1098
    0.0000   30.0000  -30.0000 2553.8850   28.9545
    7.5000   30.0000  -30.0000 2542.8452   28.9401
   -7.5000   37.5000  -30.0000 2445.7620   31.2569
    0.0000   37.5000  -30.0000 2461.6228   31.0518
    7.5000   37.5000  -30.0000 2458.2656   31.0118
   -7.5000   45.0000  -30.0000 2342.0830   34.0520
    0.0000   45.0000  -30.0000 2348.9250   33.7590
    7.5000   45.0000  -30.0000 2354.5566   33.8072
   -7.5000  -45.0000  -22.5000 2648.7437   31.1068
    0.0000  -45.0000  -22.5000 2660.8577   30.8338
    7.5000  -45.0000  -22.5000 2653.4688   30.7739
   -7.5000  -37.5000  -22.5000 2715.5105   28.8383
    0.0000  -37.5000  -22.5000 2726.0078   28.5846
    7.5000  -37.5000  -22.5000 2716.0554   28.4721
   -7.5000  -30.0000  -22.5000 2744.2502   26.9930
    0.0000  -30.0000  -22.5000 2750.3987   26.6995
    7.5000  -30.0000  -22.5000 2748.7961   26.6487
   -7.5000  -22.5000  -22.5000 2769.7075   25.5612
    0.0000  -22.5000  -22.5000 2774.7729   25.2740
    7.5000  -22.5000  -22.5000 2777.6196   25.2971
   -7.5000  -15.0000  -22.5000 2786.7168   24.5802
    0.0000  -15.0000  -22.5000 2790.6150   24.3646
    7.5000  -15.0000  -22.5000 2789.9473   24.3811
   -7.5000   -7.5000  -22.5000 2793.9229   24.1068
    0.0000   -7.5000  -22.5000 2801.7043   23.8946
    7.5000   -7.5000  -22.5000 2798.9670   23.8928
   -7.5000    0.0000  -22.5000 2791.0061   24.0677
    0.0000    0.0000  -22.5000 2801.6511   23.8204
    7.5000    0.0000  -22.5000 2799.2114   23.8874
   -7.5000    7.5000  -22.5000 2776.8171   24.4534
    0.0000    7.5000  -22.5000 2791.0225   24.2138
    7.5000    7.5000  -22.5000 2786.5100   24.2656
   -7.5000   15.0000  -22.5000 2744.1284   25.2356
    0.0000   15.0000  -22.5000 2761.4070   25.0409
    7.5000   15.0000  -22.5000 2755.2004   25.0783
   -7.5000   22.5000  -22.5000 2682.4363   26.5096
    0.0000   22.5000  -22.5000 2705.6482   26.3168
    7.5000   22.5000  -22.5000 2699.1055   26.3887
   -7.5000   30.0000  -22.5000 2606.4866   28.2664
    0.0000   30.0000  -22.5000 2627.5889   28.0935
    7.5000   30.0000  -22.5000 2616.4504   28.0610
   -7.5000   37.5000  -22.5000 2516.4431   30.3949
    0.0000   37.5000  -22.5000 2533.9690   30.1922
    7.5000   37.5000  -22.5000 2519.9404   30.0686
   -7.5000   45.0000  -22.5000 2403.6230   33.1513
    0.0000   45.0000  -22.5000 2414.6523   32.8999
    7.5000   45.0000  -22.5000 2402.6707   32.7686
   -7.5000  -45.0000  -15.0000 2684.6609   30.7423
    0.0000  -45.0000  -15.0000 2690.4729   30.4377
    7.5000  -45.0000  -15.0000 2688.4971   30.3780
   -7.5000  -37.5000  -15.0000 2746.5281   28.3480
    0.0000  -37.5000  -15.0000 2751.1001   28.0270
    7.5000  -37.5000  -15.0000 2748.8206   28.0002
   -7.5000  -30.0000  -15.0000 2780.8643   26.5161
    0.0000  -30.0000  -15.0000 2784.6548   26.1889
    7.5000  -30.0000  -15.0000 2780.8113   26.1522
   -7.5000  -22.5000  -15.0000 2800.4158   24.9780
    0.0000  -22.5000  -15.0000 2798.6211   24.6103
    7.5000  -22.5000  -15.0000 2800.8521   24.6506
   -7.5000  -15.0000  -15.0000 2815.1768   23.8677
    0.0000  -15.0000  -15.0000 2820.9990   23.5803
    7.5000  -15.0000  -15.0000 2820.4473   23.6413
   -7.5000   -7.5000  -15.0000 2828.4436   23.3483
    0.0000   -7.5000  -15.0000 2832.8916   23.0553
    7.5000   -7.5000  -15.0000 2831.8481   23.1137
   -7.5000    0.0000  -15.0000 2835.6868   23.3719
    0.0000    0.0000  -15.0000 2837.2910   23.0284
    7.5000    0.0000  -15.0000 2839.2202   23.1236
   -7.5000    7.5000  -15.0000 2829.0315   23.7788
    0.0000    7.5000  -15.0000 2828.2371   23.4345
    7.5000    7.5000  -15.0000 2825.7078   23.5349
   -7.5000   15.0000  -15.0000 2790.3162   24.5628
    0.0000   15.0000  -15.0000 2795.2512   24.2751
    7.5000   15.0000  -15.0000 2791.1255   24.3413
   -7.5000   22.5000  -15.0000 2727.2869   25.8119
    0.0000   22.5000  -15.0000 2738.2253   25.5377
    7.5000   22.5000  -15.0000 2736.3635   25.6444
   -7.5000   30.0000  -15.0000 2643.3120   27.4111
    0.0000   30.0000  -15.0000 2661.2229   27.1814
    7.5000   30.0000  -15.0000 2658.8459   27.2185
   -7.5000   37.5000  -15.0000 2552.6917   29.4762
    0.0000   37.5000  -15.0000 2566.6335   29.1978
    7.5000   37.5000  -15.0000 2562.3074   29.2115
   -7.5000   45.0000  -15.0000 2440.0117   32.1886
    0.0000   45.0000  -15.0000 2446.0811   31.9036
    7.5000   45.0000  -15.0000 2435.3428   31.9142
   -7.5000  -45.0000   -7.5000 2689.2007   30.4233
    0.0000  -45.0000   -7.5000 2694.6521   30.0804
    7.5000  -45.0000   -7.5000 2697.3301   30.0495
   -7.5000  -37.5000   -7.5000 2754.2561   28.0008
    0.0000  -37.5000   -7.5000 2757.6038   27.6597
    7.5000  -37.5000   -7.5000 2758.3367   27.6499
   -7.5000  -30.0000   -7.5000 2794.7107   26.0677
    0.0000  -30.0000   -7.5000 2794.1306   25.7056
    7.5000  -30.0000   -7.5000 2796.4175   25.7596
   -7.5000  -22.5000   -7.5000 2818.7654   24.4906
    0.0000  -22.5000   -7.5000 2812.5403   24.0726
    7.5000  -22.5000   -7.5000 2812.4094   24.1548
   -7.5000  -15.0000   -7.5000 2827.7290   23.2570
    0.0000  -15.0000   -7.5000 2819.1431   22.7733
    7.5000  -15.0000   -7.5000 2820.3838   22.9268
   -7.5000   -7.5000   -7.5000 2846.0820   22.6540
    0.0000   -7.5000   -7.5000 2829.2610   22.1623
    7.5000   -7.5000   -7.5000 2832.6724   22.3083
   -7.5000    0.0000   -7.5000 2857.7063   22.7056
    0.0000    0.0000   -7.5000 2843.2041   22.1949
    7.5000    0.0000   -7.5000 2849.0913   22.3324
   -7.5000    7.5000   -7.5000 2850.3977   23.1420
    0.0000    7.5000   -7.5000 2835.9626   22.6682
    7.5000    7.5000   -7.5000 2839.1885   22.8273
   -7.5000   15.0000   -7.5000 2811.1372   23.9585
    0.0000   15.0000   -7.5000 2801.3936   23.5375
    7.5000   15.0000   -7.5000 2806.7092   23.7317
   -7.5000   22.5000   -7.5000 2745.9292   25.1257
    0.0000   22.5000   -7.5000 2743.1162   24.7212
    7.5000   22.5000   -7.5000 2750.1313   24.9239
   -7.5000   30.0000   -7.5000 2661.5544   26.6620
    0.0000   30.0000   -7.5000 2666.4612   26.2674
    7.5000   30.0000   -7.5000 2674.3755   26.4447
   -7.5000   37.5000   -7.5000 2565.8411   28.6301
    0.0000   37.5000   -7.5000 2579.3435   28.2667
    7.5000   37.5000   -7.5000 2580.6865   28.4381
   -7.5000   45.0000   -7.5000 2446.3013   31.1717
    0.0000   45.0000   -7.5000 2454.8896   30.8976
    7.5000   45.0000   -7.5000 2454.2690   31.0433
   -7.5000  -45.0000    0.0000 2690.7917   30.3811
    0.0000  -45.0000    0.0000 2700.4424   30.0490
    7.5000  -45.0000    0.0000 2696.0408   29.8774
   -7.5000  -37.5000    0.0000 2754.5598   27.9142
    0.0000  -37.5000    0.0000 2761.4778   27.6026
    7.5000  -37.5000    0.0000 2758.5911   27.4812
   -7.5000  -30.0000    0.0000 2801.0586   25.9623
    0.0000  -30.0000    0.0000 2802.7007   25.6687
    7.5000  -30.0000    0.0000 2805.4873   25.6266
   -7.5000  -22.5000    0.0000 2834.5264   24.3496
    0.0000  -22.5000    0.0000 2828.3250   24.0203
    7.5000  -22.5000    0.0000 2834.2412   24.0244
   -7.5000  -15.0000    0.0000 2841.8684   23.0348
    0.0000  -15.0000    0.0000 2818.7546   22.3997
    7.5000  -15.0000    0.0000 2832.2341   22.5947
   -7.5000   -7.5000    0.0000 2855.4690   22.3144
    0.0000   -7.5000    0.0000 2813.3445   21.5274
    7.5000   -7.5000    0.0000 2829.3184   21.8110
   -7.5000    0.0000    0.0000 2868.2527   22.3206
    0.0000    0.0000    0.0000 2833.6108   21.6793
    7.5000    0.0000    0.0000 2852.4963   21.8586
   -7.5000    7.5000    0.0000 2860.1458   22.7272
    0.0000    7.5000    0.0000 2837.3074   22.1740
    7.5000    7.5000    0.0000 2852.3049   22.3449
   -7.5000   15.0000    0.0000 2824.3679   23.5171
    0.0000   15.0000    0.0000 2808.4045   23.0047
    7.5000   15.0000    0.0000 2821.5801   23.2077
   -7.5000   22.5000    0.0000 2754.4858   24.6150
    0.0000   22.5000    0.0000 2751.3149   24.1915
    7.5000   22.5000    0.0000 2761.7559   24.3546
   -7.5000   30.0000    0.0000 2667.7190   26.1899
    0.0000   30.0000    0.0000 2678.1963   25.7791
    7.5000   30.0000    0.0000 2687.6340   25.9433
   -7.5000   37.5000    0.0000 2576.6575   28.1236
    0.0000   37.5000    0.0000 2594.7480   27.7536
    7.5000   37.5000    0.0000 2596.3071   27.8899
   -7.5000   45.0000    0.0000 2465.9980   30.6900
    0.0000   45.0000    0.0000 2473.8755   30.3252
    7.5000   45.0000    0.0000 2470.7532   30.3834
   -7.5000  -45.0000    7.5000 2695.0247   30.5831
    0.0000  -45.0000    7.5000 2708.7268   30.2952
    7.5000  -45.0000    7.5000 2689.4573   29.9340
   -7.5000  -37.5000    7.5000 2756.0706   28.0410
    0.0000  -37.5000    7.5000 2767.5339   27.7780
    7.5000  -37.5000    7.5000 2752.5088   27.4983
   -7.5000  -30.0000    7.5000 2804.1538   26.0535
    0.0000  -30.0000    7.5000 2809.2278   25.8425
    7.5000  -30.0000    7.5000 2800.1431   25.5946
   -7.5000  -22.5000    7.5000 2839.6599   24.4431
    0.0000  -22.5000    7.5000 2852.9021   24.4064
    7.5000  -22.5000    7.5000 2846.3086   24.1556
   -7.5000  -15.0000    7.5000 2865.7732   23.2648
    0.0000  -15.0000    7.5000 2879.9011   23.1021
    7.5000  -15.0000    7.5000 2869.9954   22.9356
   -7.5000   -7.5000    7.5000 2870.1301   22.3702
    0.0000   -7.5000    7.5000 2846.4819   21.7645
    7.5000   -7.5000    7.5000 2851.6248   21.8947
   -7.5000    0.0000    7.5000 2858.2209   22.0422
    0.0000    0.0000    7.5000 2846.9810   21.5726
    7.5000    0.0000    7.5000 2845.4729   21.5924
   -7.5000    7.5000    7.5000 2849.3228   22.3243
    0.0000    7.5000    7.5000 2837.1838   21.8534
    7.5000    7.5000    7.5000 2842.1035   21.8946
   -7.5000   15.0000    7.5000 2817.0156   23.0686
    0.0000   15.0000    7.5000 2816.9397   22.6474
    7.5000   15.0000    7.5000 2814.1375   22.6711
   -7.5000   22.5000    7.5000 2754.1812   24.2957
    0.0000   22.5000    7.5000 2767.7939   23.9668
    7.5000   22.5000    7.5000 2766.8225   24.0009
   -7.5000   30.0000    7.5000 2680.0771   25.9732
    0.0000   30.0000    7.5000 2699.7834   25.6393
    7.5000   30.0000    7.5000 2694.7366   25.6576
   -7.5000   37.5000    7.5000 2593.9163   27.9051
    0.0000   37.5000    7.5000 2612.1484   27.6003
    7.5000   37.5000    7.5000 2603.3115   27.5536
   -7.5000   45.0000    7.5000 2475.9348   30.3751
    0.0000   45.0000    7.5000 2490.9414   30.0865
    7.5000   45.0000    7.5000 2481.8665   30.0236
   -7.5000  -45.0000   15.0000 2695.8323   30.9296
    0.0000  -45.0000   15.0000 2697.1362   30.5874
    7.5000  -45.0000   15.0000 2687.2578   30.3255
   -7.5000  -37.5000   15.0000 2764.8984   28.4208
    0.0000  -37.5000   15.0000 2769.2932   28.1938
    7.5000  -37.5000   15.0000 2752.6028   27.9111
   -7.5000  -30.0000   15.0000 2813.4021   26.3739
    0.0000  -30.0000   15.0000 2830.5903   26.3498
    7.5000  -30.0000   15.0000 2806.7981   26.0719
   -7.5000  -22.5000   15.0000 2852.2009   24.7655
    0.0000  -22.5000   15.0000 2897.6909   25.0115
    7.5000  -22.5000   15.0000 2857.7881   24.6394
   -7.5000  -15.0000   15.0000 2866.4937   23.4909
    0.0000  -15.0000   15.0000 2945.8196   23.8455
    7.5000  -15.0000   15.0000 2892.1653   23.4505
   -7.5000   -7.5000   15.0000 2870.6311   22.6193
    0.0000   -7.5000   15.0000 2930.5706   22.6319
    7.5000   -7.5000   15.0000 2877.3015   22.3870
   -7.5000    0.0000   15.0000 2845.9382   22.1216
    0.0000    0.0000   15.0000 2859.0291   21.8843
    7.5000    0.0000   15.0000 2834.6252   21.7954
   -7.5000    7.5000   15.0000 2829.4934   22.2690
    0.0000    7.5000   15.0000 2834.0779   21.9254
    7.5000    7.5000   15.0000 2819.2598   21.8715
   -7.5000   15.0000   15.0000 2810.1941   23.0198
    0.0000   15.0000   15.0000 2820.9033   22.7051
    7.5000   15.0000   15.0000 2809.6570   22.6387
   -7.5000   22.5000   15.0000 2765.8044   24.3056
    0.0000   22.5000   15.0000 2773.3206   23.9696
    7.5000   22.5000   15.0000 2769.9487   23.9188
   -7.5000   30.0000   15.0000 2695.0803   25.9391
    0.0000   30.0000   15.0000 2704.4475   25.5725
    7.5000   30.0000   15.0000 2700.5925   25.5513
   -7.5000   37.5000   15.0000 2604.7278   27.9050
    0.0000   37.5000   15.0000 2617.3542   27.5201
    7.5000   37.5000   15.0000 2615.6716   27.5258
   -7.5000   45.0000   15.0000 2485.5449   30.4394
    0.0000   45.0000   15.0000 2500.6858   30.0578
    7.5000   45.0000   15.0000 2500.0735   30.0459
   -7.5000  -45.0000   22.5000 2685.0952   31.3779
    0.0000  -45.0000   22.5000 2694.1841   31.0970
    7.5000  -45.0000   22.5000 2681.0562   30.8878
   -7.5000  -37.5000   22.5000 2755.3643   28.7511
    0.0000  -37.5000   22.5000 2771.8691   28.6238
    7.5000  -37.5000   22.5000 2752.7104   28.4184
   -7.5000  -30.0000   22.5000 2805.6541   26.6603
    0.0000  -30.0000   22.5000 2834.9553   26.6372
    7.5000  -30.0000   22.5000 2811.5710   26.4584
   -7.5000  -22.5000   22.5000 2849.3193   25.0071
    0.0000  -22.5000   22.5000 2899.6077   25.1145
    7.5000  -22.5000   22.5000 2864.1143   24.8744
   -7.5000  -15.0000   22.5000 2853.8899   23.6358
    0.0000  -15.0000   22.5000 2919.1836   23.6561
    7.5000  -15.0000   22.5000 2881.0083   23.4992
   -7.5000   -7.5000   22.5000 2856.2368   22.7696
    0.0000   -7.5000   22.5000 2868.1277   22.3078
    7.5000   -7.5000   22.5000 2849.8354   22.3866
   -7.5000    0.0000   22.5000 2838.4534   22.4722
    0.0000    0.0000   22.5000 2845.0845   22.0093
    7.5000    0.0000   22.5000 2829.9773   22.0111
   -7.5000    7.5000   22.5000 2827.7139   22.6193
    0.0000    7.5000   22.5000 2842.8259   22.3873
    7.5000    7.5000   22.5000 2831.9946   22.3358
   -7.5000   15.0000   22.5000 2808.6755   23.3357
    0.0000   15.0000   22.5000 2825.5005   23.1715
    7.5000   15.0000   22.5000 2813.4536   23.0703
   -7.5000   22.5000   22.5000 2760.2253   24.5350
    0.0000   22.5000   22.5000 2777.8635   24.2986
    7.5000   22.5000   22.5000 2769.5598   24.2070
   -7.5000   30.0000   22.5000 2691.2642   26.1481
    0.0000   30.0000   22.5000 2707.5818   25.8407
    7.5000   30.0000   22.5000 2699.2590   25.7544
   -7.5000   37.5000   22.5000 2607.8389   28.1399
    0.0000   37.5000   22.5000 2619.7859   27.7965
    7.5000   37.5000   22.5000 2611.9087   27.6877
   -7.5000   45.0000   22.5000 2487.8779   30.6166
    0.0000   45.0000   22.5000 2506.5520   30.3518
    7.5000   45.0000   22.5000 2502.1150   30.2433
   -7.5000  -45.0000   30.0000 2674.2783   31.9274
    0.0000  -45.0000   30.0000 2676.6536   31.5006
    7.5000  -45.0000   30.0000 2670.1992   31.4553
   -7.5000  -37.5000   30.0000 2746.8547   29.2476
    0.0000  -37.5000   30.0000 2746.4290   28.8511
    7.5000  -37.5000   30.0000 2738.4946   28.8220
   -7.5000  -30.0000   30.0000 2798.8186   27.0551
    0.0000  -30.0000   30.0000 2806.4058   26.7617
    7.5000  -30.0000   30.0000 2795.7883   26.7477
   -7.5000  -22.5000   30.0000 2833.2224   25.2322
    0.0000  -22.5000   30.0000 2853.1990   25.0279
    7.5000  -22.5000   30.0000 2839.1809   24.9693
   -7.5000  -15.0000   30.0000 2844.5186   23.8564
    0.0000  -15.0000   30.0000 2836.8523   23.3364
    7.5000  -15.0000   30.0000 2834.2334   23.4623
   -7.5000   -7.5000   30.0000 2846.8193   23.0833
    0.0000   -7.5000   30.0000 2835.3418   22.5283
    7.5000   -7.5000   30.0000 2823.5903   22.5870
   -7.5000    0.0000   30.0000 2857.0317   22.9796
    0.0000    0.0000   30.0000 2876.9475   22.6396
    7.5000    0.0000   30.0000 2856.3960   22.5873
   -7.5000    7.5000   30.0000 2858.0952   23.3514
    0.0000    7.5000   30.0000 2872.7568   23.0963
    7.5000    7.5000   30.0000 2857.9551   23.0529
   -7.5000   15.0000   30.0000 2826.4021   24.0973
    0.0000   15.0000   30.0000 2843.6108   23.8830
    7.5000   15.0000   30.0000 2834.0513   23.8308
   -7.5000   22.5000   30.0000 2758.5264   25.2096
    0.0000   22.5000   30.0000 2783.9150   25.0244
    7.5000   22.5000   30.0000 2777.9490   24.9481
   -7.5000   30.0000   30.0000 2683.6833   26.6315
    0.0000   30.0000   30.0000 2707.9539   26.4265
    7.5000   30.0000   30.0000 2699.3740   26.3800
   -7.5000   37.5000   30.0000 2594.5205   28.4619
    0.0000   37.5000   30.0000 2616.1753   28.2725
    7.5000   37.5000   30.0000 2609.2502   28.1888
   -7.5000   45.0000   30.0000 2476.1919   31.0255
    0.0000   45.0000   30.0000 2490.3555   30.7574
    7.5000   45.0000   30.0000 2482.7637   30.6675
   -7.5000  -45.0000   37.5000 2648.1021   32.3468
    0.0000  -45.0000   37.5000 2640.8040   31.7553
    7.5000  -45.0000   37.5000 2645.9424   31.8802
   -7.5000  -37.5000   37.5000 2719.6055   29.6217
    0.0000  -37.5000   37.5000 2719.5129   29.1228
    7.5000  -37.5000   37.5000 2719.7820   29.2337
   -7.5000  -30.0000   37.5000 2768.8149   27.4205
    0.0000  -30.0000   37.5000 2777.0801   27.0156
    7.5000  -30.0000   37.5000 2771.8293   27.0890
   -7.5000  -22.5000   37.5000 2814.1553   25.6557
    0.0000  -22.5000   37.5000 2810.0127   25.1258
    7.5000  -22.5000   37.5000 2804.5479   25.1922
   -7.5000  -15.0000   37.5000 2823.7427   24.2419
    0.0000  -15.0000   37.5000 2802.4343   23.4942
    7.5000  -15.0000   37.5000 2798.6250   23.7007
   -7.5000   -7.5000   37.5000 2841.1384   23.6347
    0.0000   -7.5000   37.5000 2854.0083   23.1884
    7.5000   -7.5000   37.5000 2841.0378   23.2138
   -7.5000    0.0000   37.5000 2865.3794   23.6786
    0.0000    0.0000   37.5000 2884.0566   23.3635
    7.5000    0.0000   37.5000 2868.0105   23.3084
   -7.5000    7.5000   37.5000 2864.3657   24.1284
    0.0000    7.5000   37.5000 2872.8003   23.8432
    7.5000    7.5000   37.5000 2858.3477   23.7752
   -7.5000   15.0000   37.5000 2826.9949   24.9122
    0.0000   15.0000   37.5000 2836.0593   24.6271
    7.5000   15.0000   37.5000 2826.3967   24.5906
   -7.5000   22.5000   37.5000 2760.8972   26.0652
    0.0000   22.5000   37.5000 2779.3564   25.8283
    7.5000   22.5000   37.5000 2772.1550   25.7768
   -7.5000   30.0000   37.5000 2676.5916   27.4941
    0.0000   30.0000   37.5000 2697.3977   27.2664
    7.5000   30.0000   37.5000 2694.8452   27.2062
   -7.5000   37.5000   37.5000 2582.8455   29.2682
    0.0000   37.5000   37.5000 2597.8772   29.0571
    7.5000   37.5000   37.5000 2598.4956   29.0047
   -7.5000   45.0000   37.5000 2464.8818   31.7062
    0.0000   45.0000   37.5000 2479.0298   31.4164
    7.5000   45.0000   37.5000 2474.9897   31.3589
   -7.5000  -45.0000   45.0000 2620.2368   32.9137
    0.0000  -45.0000   45.0000 2615.5547   32.2409
    7.5000  -45.0000   45.0000 2615.8552   32.3783
   -7.5000  -37.5000   45.0000 2692.8997   30.2316
    0.0000  -37.5000   45.0000 2694.5413   29.6335
    7.5000  -37.5000   45.0000 2693.9893   29.7868
   -7.5000  -30.0000   45.0000 2748.8728   28.0436
    0.0000  -30.0000   45.0000 2742.9753   27.3835
    7.5000  -30.0000   45.0000 2738.1565   27.5232
   -7.5000  -22.5000   45.0000 2779.1143   26.1601
    0.0000  -22.5000   45.0000 2764.4595   25.4104
    7.5000  -22.5000   45.0000 2764.5613   25.5942
   -7.5000  -15.0000   45.0000 2797.1523   24.7845
    0.0000  -15.0000   45.0000 2801.4021   24.1713
    7.5000  -15.0000   45.0000 2796.2761   24.3468
   -7.5000   -7.5000   45.0000 2840.4797   24.3619
    0.0000   -7.5000   45.0000 2853.0923   23.9308
    7.5000   -7.5000   45.0000 2844.8606   23.9971
   -7.5000    0.0000   45.0000 2854.1614   24.4785
    0.0000    0.0000   45.0000 2869.8230   24.1309
    7.5000    0.0000   45.0000 2859.5010   24.1418
   -7.5000    7.5000   45.0000 2849.6135   24.9996
    0.0000    7.5000   45.0000 2859.9028   24.6585
    7.5000    7.5000   45.0000 2848.0200   24.6080
   -7.5000   15.0000   45.0000 2813.4197   25.8394
    0.0000   15.0000   45.0000 2823.2764   25.4919
    7.5000   15.0000   45.0000 2815.3506   25.4517
   -7.5000   22.5000   45.0000 2740.6094   26.9051
    0.0000   22.5000   45.0000 2756.5781   26.6616
    7.5000   22.5000   45.0000 2752.8674   26.6204
   -7.5000   30.0000   45.0000 2658.1750   28.4392
    0.0000   30.0000   45.0000 2678.4524   28.2199
    7.5000   30.0000   45.0000 2676.9048   28.1347
   -7.5000   37.5000   45.0000 2558.0156   30.2108
    0.0000   37.5000   45.0000 2566.2000   29.9045
    7.5000   37.5000   45.0000 2565.7617   29.8386
   -7.5000   45.0000   45.0000 2435.6824   32.5344
    0.0000   45.0000   45.0000 2449.3088   32.1981
    7.5000   45.0000   45.0000 2444.1841   32.1830
   -7.5000  -45.0000   52.5000 2581.3203   33.5833
    0.0000  -45.0000   52.5000 2593.0752   33.0434
    7.5000  -45.0000   52.5000 2586.3291   33.1120
   -7.5000  -37.5000   52.5000 2656.1006   30.8833
    0.0000  -37.5000   52.5000 2659.2104   30.2703
    7.5000  -37.5000   52.5000 2655.0593   30.3970
   -7.5000  -30.0000   52.5000 2712.8872   28.7229
    0.0000  -30.0000   52.5000 2706.1836   27.9980
    7.5000  -30.0000   52.5000 2704.7690   28.1528
   -7.5000  -22.5000   52.5000 2735.5767   26.8627
    0.0000  -22.5000   52.5000 2733.8125   26.1803
    7.5000  -22.5000   52.5000 2732.8826   26.3535
   -7.5000  -15.0000   52.5000 2775.0347   25.6652
    0.0000  -15.0000   52.5000 2780.8989   25.1480
    7.5000  -15.0000   52.5000 2780.1641   25.2879
   -7.5000   -7.5000   52.5000 2818.1404   25.2951
    0.0000   -7.5000   52.5000 2830.5107   24.8631
    7.5000   -7.5000   52.5000 2828.0610   24.9522
   -7.5000    0.0000   52.5000 2830.8477   25.3672
    0.0000    0.0000   52.5000 2847.6526   25.0008
    7.5000    0.0000   52.5000 2841.8467   25.0868
   -7.5000    7.5000   52.5000 2819.0957   25.8432
    0.0000    7.5000   52.5000 2834.6040   25.5255
    7.5000    7.5000   52.5000 2828.3118   25.6059
   -7.5000   15.0000   52.5000 2778.7312   26.6719
    0.0000   15.0000   52.5000 2796.7590   26.4050
    7.5000   15.0000   52.5000 2790.3555   26.4620
   -7.5000   22.5000   52.5000 2711.2195   27.8338
    0.0000   22.5000   52.5000 2734.8489   27.6542
    7.5000   22.5000   52.5000 2729.0972   27.6561
   -7.5000   30.0000   52.5000 2625.4531   29.3754
    0.0000   30.0000   52.5000 2642.9373   29.2033
    7.5000   30.0000   52.5000 2643.1335   29.1604
   -7.5000   37.5000   52.5000 2521.0142   31.2359
    0.0000   37.5000   52.5000 2533.5579   30.9613
    7.5000   37.5000   52.5000 2530.0874   30.9017
   -7.5000   45.0000   52.5000 2423.4663   33.6987
    0.0000   45.0000   52.5000 2429.7161   33.3228
    7.5000   45.0000   52.5000 2421.4333   33.2608

---------------------------------------------------------------------
imgreg_4dfp /opt/freesurfer/average/711-2C_as_mni_average_305 /opt/freesurfer/average/711-2B_as_mni_average_305_mask talsrcimg_g11 none talsrcimg_to_711-2C_as_mni_average_305_t4 1283
---------------------------------------------------------------------

freesurfer imgreg_4dfp.c
/opt/freesurfer/average/711-2C_as_mni_average_305.4dfp.img
       256       256       256         1
  1.000000  1.000000  1.000000
orientation T byte_order littleendian
Reading image: /opt/freesurfer/average/711-2C_as_mni_average_305.4dfp.img
dimensions:      256       256       256
mmppix:       1.0000   -1.0000   -1.0000
center:     128.0000 -129.0000 -129.0000
/opt/freesurfer/average/711-2B_as_mni_average_305_mask.4dfp.img
       256       256       256         1
  1.000000  1.000000  1.000000
orientation T byte_order littleendian
Reading mask: /opt/freesurfer/average/711-2B_as_mni_average_305_mask.4dfp.img (2306576 pixels)
talsrcimg_g11.4dfp.img
       320       320       320         1
  0.800000  0.800000  0.800000
orientation T byte_order littleendian
Reading image: talsrcimg_g11.4dfp.img
dimensions:      320       320       320
mmppix:       0.8000   -0.8000   -0.8000
center:     128.0000 -128.8000 -128.8000
rotation matrix determinant  1.000000
fimgreg.f
image alignment mode   1283 decimal      503 hex
parameters
    0.0000  -15.0000   15.0000    0.0000    0.0000    0.0000
eta,q 0.92428 24.00822
niter,ni,del,rscale     5    3   12.0000    1.2000
parameter  4  0.883690 ->  0.500000 qaram    1.1500
parameters
    1.1154  -13.9929   17.1795   -3.4500    0.6128   -0.9856
eta,q 0.92554 24.03834
  0.0973  0.0881  0.0955  0.0734  0.0810  0.0750
  0.0894  0.0842  0.0872  0.0744  0.0784  0.0744
  0.0829  0.0806  0.0808  0.0752  0.0764  0.0743
  0.0786  0.0775  0.0766  0.0748  0.0748  0.0746
  0.0780  0.0767  0.0748  0.0751  0.0744  0.0748
  0.0825  0.0802  0.0758  0.0766  0.0763  0.0749
  0.0877  0.0835  0.0799  0.0790  0.0796  0.0748
niter,ni,del,rscale     5    3   12.0000    1.2000
parameters
    1.1971  -13.9520   16.6436   -4.1970    0.5930   -0.5525
eta,q 0.92602 24.10531
  0.0923  0.0843  0.0858  0.0769  0.0792  0.0757
  0.0846  0.0789  0.0795  0.0735  0.0773  0.0749
  0.0775  0.0760  0.0755  0.0731  0.0753  0.0741
  0.0745  0.0745  0.0744  0.0744  0.0740  0.0740
  0.0768  0.0740  0.0765  0.0752  0.0742  0.0741
  0.0833  0.0779  0.0818  0.0754  0.0771  0.0748
  0.0919  0.0852  0.0920  0.0767  0.0799  0.0751
niter,ni,del,rscale     4    3   12.0000    1.2000
parameters
    1.1438  -13.5951   16.5059   -4.3503    0.7313   -0.6513
eta,q 0.92641 24.05555
  0.0917  0.0854  0.0873  0.0775  0.0793  0.0753
  0.0836  0.0796  0.0801  0.0739  0.0773  0.0744
  0.0768  0.0760  0.0755  0.0725  0.0751  0.0737
  0.0740  0.0740  0.0738  0.0738  0.0737  0.0736
  0.0770  0.0734  0.0753  0.0749  0.0739  0.0739
  0.0840  0.0768  0.0802  0.0751  0.0766  0.0747
  0.0923  0.0840  0.0894  0.0763  0.0794  0.0752
niter,ni,del,rscale     3    3   12.0000    1.2000
parameters
    1.0985  -13.4936   16.4566   -4.4904    0.7786   -0.7100
eta,q 0.92660 24.04911
  0.0915  0.0846  0.0875  0.0775  0.0791  0.0754
  0.0834  0.0789  0.0803  0.0739  0.0770  0.0744
  0.0764  0.0756  0.0755  0.0724  0.0748  0.0736
  0.0736  0.0736  0.0735  0.0735  0.0734  0.0734
  0.0767  0.0734  0.0750  0.0748  0.0738  0.0737
  0.0836  0.0778  0.0798  0.0752  0.0767  0.0746
  0.0921  0.0849  0.0888  0.0763  0.0794  0.0753
niter,ni,del,rscale     2    3   12.0000    1.2000
parameters
    1.0819  -13.4418   16.4394   -4.5528    0.7948   -0.7343
eta,q 0.92667 24.04500
  0.0915  0.0845  0.0876  0.0776  0.0790  0.0754
  0.0834  0.0788  0.0803  0.0740  0.0769  0.0744
  0.0763  0.0754  0.0754  0.0723  0.0747  0.0735
  0.0734  0.0734  0.0734  0.0734  0.0733  0.0733
  0.0764  0.0734  0.0748  0.0747  0.0738  0.0736
  0.0833  0.0780  0.0796  0.0752  0.0767  0.0746
  0.0918  0.0851  0.0886  0.0763  0.0794  0.0753
registration optimization eta report
parameter search radius
    6.0000    6.0000    6.0000    6.9000    6.0000    6.0000
100000*second partial in parameter space
       49.       32.       41.        8.       16.        6.
  0.0915  0.0845  0.0876  0.0776  0.0790  0.0754
  0.0834  0.0788  0.0803  0.0740  0.0769  0.0744
  0.0763  0.0754  0.0754  0.0723  0.0747  0.0735
  0.0734  0.0734  0.0734  0.0734  0.0733  0.0733
  0.0764  0.0734  0.0748  0.0747  0.0738  0.0736
  0.0833  0.0780  0.0796  0.0752  0.0767  0.0746
  0.0918  0.0851  0.0886  0.0763  0.0794  0.0753
    1.0819  -13.4418   16.4394   -4.5528    0.7948   -0.7343
eta,q 0.92667 24.04500

---------------------------------------------------------------------
imgreg_4dfp /opt/freesurfer/average/711-2C_as_mni_average_305 /opt/freesurfer/average/711-2B_as_mni_average_305_mask talsrcimg_g11 none talsrcimg_to_711-2C_as_mni_average_305_t4 3335
---------------------------------------------------------------------

freesurfer imgreg_4dfp.c
/opt/freesurfer/average/711-2C_as_mni_average_305.4dfp.img
       256       256       256         1
  1.000000  1.000000  1.000000
orientation T byte_order littleendian
Reading image: /opt/freesurfer/average/711-2C_as_mni_average_305.4dfp.img
dimensions:      256       256       256
mmppix:       1.0000   -1.0000   -1.0000
center:     128.0000 -129.0000 -129.0000
/opt/freesurfer/average/711-2B_as_mni_average_305_mask.4dfp.img
       256       256       256         1
  1.000000  1.000000  1.000000
orientation T byte_order littleendian
Reading mask: /opt/freesurfer/average/711-2B_as_mni_average_305_mask.4dfp.img (2306576 pixels)
talsrcimg_g11.4dfp.img
       320       320       320         1
  0.800000  0.800000  0.800000
orientation T byte_order littleendian
Reading image: talsrcimg_g11.4dfp.img
dimensions:      320       320       320
mmppix:       0.8000   -0.8000   -0.8000
center:     128.0000 -128.8000 -128.8000
fimgreg.f
image alignment mode   3335 decimal      D07 hex
parameters
    1.0819  -13.4418   16.4394   -0.0178   -0.3251   -0.3251
    1.3876   -1.2809   -1.2814    7.9549    1.3871   -7.9371
eta,q 0.93034 24.20532
niter,ni,del,rscale     5    3    5.0000    1.2000
parameter  4  1.752332 ->  0.500000 qaram    1.1500
parameter  5  1.034112 ->  0.500000 qaram    1.1500
parameter 12 -0.761588 -> -0.500000 qaram    1.1500
parameters
    1.3696  -12.7860   16.6382   -4.1578   -4.4651   -3.2807
    1.7454   -1.2362   -0.0368    5.5362    2.8774   -3.7971
eta,q 0.94860 24.57965
  0.0761  0.0731  0.0724  0.0549  0.0515  0.0534  0.0570  0.0607  0.0552  0.0529  0.0542  0.0539
  0.0730  0.0715  0.0709  0.0565  0.0523  0.0526  0.0545  0.0557  0.0537  0.0522  0.0530  0.0530
  0.0707  0.0702  0.0699  0.0612  0.0541  0.0522  0.0529  0.0529  0.0527  0.0519  0.0523  0.0523
  0.0697  0.0696  0.0694  0.0694  0.0574  0.0526  0.0522  0.0522  0.0522  0.0521  0.0519  0.0519
  0.0698  0.0694  0.0695  0.0797  0.0625  0.0551  0.0526  0.0533  0.0522  0.0529  0.0519  0.0515
  0.0712  0.0698  0.0703  0.0896  0.0687  0.0597  0.0539  0.0560  0.0527  0.0543  0.0522  0.0514
  0.0737  0.0706  0.0716  0.0973  0.0754  0.0679  0.0561  0.0601  0.0537  0.0564  0.0528  0.0514
niter,ni,del,rscale     7    3    5.0000    1.2000
parameter  2 -1.311800 -> -0.500000 qaram    1.1500
parameter  5  0.529220 ->  0.500000 qaram    1.3225
parameter 12 -0.588153 -> -0.500000 qaram    1.3225
parameters
    1.5347  -11.4060   16.3004   -7.8677   -9.2261   -1.3802
    0.4489   -2.1438    0.5775    3.2899    4.5285    0.9639
eta,q 0.95462 24.31672
  0.0562  0.0580  0.0500  0.0501  0.0472  0.0494  0.0475  0.0497  0.0475  0.0467  0.0470  0.0475
  0.0538  0.0556  0.0495  0.0486  0.0468  0.0486  0.0465  0.0470  0.0467  0.0460  0.0464  0.0467
  0.0521  0.0533  0.0492  0.0478  0.0468  0.0477  0.0461  0.0460  0.0462  0.0458  0.0460  0.0461
  0.0514  0.0514  0.0491  0.0491  0.0479  0.0467  0.0461  0.0460  0.0459  0.0459  0.0458  0.0457
  0.0516  0.0499  0.0493  0.0541  0.0507  0.0460  0.0466  0.0469  0.0460  0.0466  0.0457  0.0455
  0.0529  0.0488  0.0499  0.0637  0.0559  0.0463  0.0475  0.0487  0.0464  0.0477  0.0458  0.0454
  0.0552  0.0484  0.0509  0.0753  0.0624  0.0481  0.0490  0.0520  0.0471  0.0494  0.0462  0.0456
niter,ni,del,rscale     7    3    5.0000    1.2000
parameter  2 -1.371032 -> -0.500000 qaram    1.3225
parameters
    1.6332   -9.8190   16.2377   -9.0575  -11.9360   -1.9272
    0.0894   -2.8817    0.3825    2.2664    5.2230    1.3088
eta,q 0.95645 24.06242
  0.0482  0.0526  0.0442  0.0476  0.0461  0.0462  0.0454  0.0463  0.0450  0.0451  0.0442  0.0447
  0.0467  0.0500  0.0435  0.0461  0.0448  0.0453  0.0444  0.0443  0.0442  0.0441  0.0439  0.0441
  0.0458  0.0476  0.0430  0.0443  0.0436  0.0443  0.0438  0.0436  0.0437  0.0437  0.0437  0.0438
  0.0454  0.0454  0.0427  0.0427  0.0433  0.0435  0.0437  0.0436  0.0436  0.0436  0.0436  0.0436
  0.0456  0.0436  0.0428  0.0429  0.0449  0.0435  0.0439  0.0442  0.0438  0.0440  0.0436  0.0435
  0.0464  0.0425  0.0434  0.0467  0.0497  0.0448  0.0446  0.0453  0.0443  0.0449  0.0437  0.0438
  0.0478  0.0421  0.0445  0.0558  0.0571  0.0487  0.0457  0.0475  0.0452  0.0464  0.0440  0.0447
niter,ni,del,rscale     7    3    5.0000    1.2000
parameter  2 -0.762208 -> -0.500000 qaram    1.5209
parameters
    1.6499   -7.9939   16.4472   -8.9043  -13.7074   -2.0331
    0.1274   -3.1668    0.1614    1.8229    4.7986    0.1592
eta,q 0.95782 23.84298
  0.0454  0.0501  0.0432  0.0468  0.0462  0.0450  0.0444  0.0450  0.0438  0.0440  0.0427  0.0431
  0.0444  0.0476  0.0427  0.0455  0.0445  0.0441  0.0432  0.0430  0.0429  0.0430  0.0424  0.0426
  0.0438  0.0453  0.0422  0.0438  0.0427  0.0431  0.0424  0.0422  0.0423  0.0423  0.0422  0.0423
  0.0435  0.0435  0.0419  0.0418  0.0418  0.0421  0.0422  0.0422  0.0422  0.0422  0.0422  0.0422
  0.0437  0.0423  0.0418  0.0409  0.0428  0.0420  0.0424  0.0426  0.0424  0.0425  0.0422  0.0423
  0.0443  0.0419  0.0422  0.0425  0.0471  0.0433  0.0431  0.0435  0.0430  0.0432  0.0424  0.0428
  0.0454  0.0423  0.0430  0.0490  0.0541  0.0463  0.0444  0.0453  0.0440  0.0447  0.0428  0.0441
niter,ni,del,rscale     7    3    5.0000    1.2000
parameters
    1.7237   -7.2898   16.6887   -8.6245  -14.5675   -2.0755
    0.2169   -3.0460    0.1164    1.9986    4.0586   -0.7828
eta,q 0.95796 23.76142
  0.0442  0.0472  0.0431  0.0469  0.0468  0.0449  0.0444  0.0452  0.0437  0.0441  0.0425  0.0431
  0.0431  0.0450  0.0426  0.0456  0.0451  0.0440  0.0430  0.0429  0.0428  0.0430  0.0422  0.0425
  0.0425  0.0433  0.0422  0.0438  0.0432  0.0429  0.0423  0.0421  0.0422  0.0423  0.0420  0.0422
  0.0422  0.0422  0.0419  0.0419  0.0417  0.0420  0.0420  0.0420  0.0420  0.0420  0.0420  0.0420
  0.0423  0.0420  0.0419  0.0408  0.0419  0.0419  0.0422  0.0424  0.0422  0.0422  0.0421  0.0421
  0.0429  0.0428  0.0422  0.0423  0.0451  0.0431  0.0430  0.0432  0.0428  0.0428  0.0424  0.0427
  0.0440  0.0446  0.0429  0.0488  0.0514  0.0459  0.0443  0.0446  0.0438  0.0439  0.0428  0.0439
niter,ni,del,rscale     6    3    5.0000    1.2000
parameters
    1.7765   -7.0494   16.7599   -8.4970  -14.8087   -2.0876
    0.3074   -2.8637    0.2008    2.2856    3.5198   -1.4006
eta,q 0.95797 23.74057
  0.0442  0.0459  0.0431  0.0471  0.0471  0.0449  0.0444  0.0454  0.0437  0.0440  0.0426  0.0431
  0.0431  0.0441  0.0426  0.0457  0.0455  0.0440  0.0430  0.0429  0.0428  0.0429  0.0422  0.0426
  0.0423  0.0427  0.0422  0.0440  0.0436  0.0429  0.0423  0.0421  0.0422  0.0423  0.0420  0.0422
  0.0420  0.0420  0.0420  0.0420  0.0419  0.0420  0.0420  0.0420  0.0420  0.0420  0.0420  0.0420
  0.0422  0.0422  0.0420  0.0410  0.0416  0.0418  0.0422  0.0424  0.0422  0.0421  0.0421  0.0421
  0.0429  0.0432  0.0423  0.0427  0.0441  0.0431  0.0430  0.0432  0.0427  0.0427  0.0424  0.0426
  0.0441  0.0453  0.0431  0.0495  0.0497  0.0458  0.0443  0.0445  0.0437  0.0437  0.0427  0.0437
niter,ni,del,rscale     5    3    5.0000    1.2000
parameters
    1.7970   -6.9442   16.7476   -8.4574  -14.8439   -2.0454
    0.3410   -2.7337    0.3252    2.5270    3.2413   -1.8209
eta,q 0.95800 23.73647
  0.0441  0.0456  0.0430  0.0471  0.0472  0.0449  0.0443  0.0454  0.0437  0.0439  0.0426  0.0432
  0.0430  0.0438  0.0426  0.0458  0.0456  0.0440  0.0430  0.0428  0.0428  0.0429  0.0422  0.0426
  0.0423  0.0426  0.0422  0.0440  0.0437  0.0430  0.0423  0.0420  0.0422  0.0422  0.0420  0.0422
  0.0420  0.0420  0.0420  0.0420  0.0420  0.0420  0.0420  0.0420  0.0420  0.0420  0.0420  0.0420
  0.0422  0.0422  0.0420  0.0410  0.0415  0.0418  0.0422  0.0424  0.0421  0.0421  0.0421  0.0421
  0.0429  0.0433  0.0424  0.0428  0.0438  0.0431  0.0430  0.0433  0.0427  0.0426  0.0423  0.0426
  0.0441  0.0454  0.0433  0.0499  0.0493  0.0458  0.0443  0.0446  0.0436  0.0437  0.0427  0.0436
niter,ni,del,rscale     4    3    5.0000    1.2000
parameters
    1.7988   -6.8964   16.6933   -8.4378  -14.8356   -1.9461
    0.3372   -2.6475    0.4337    2.7116    3.1452   -2.0901
eta,q 0.95803 23.73673
  0.0441  0.0454  0.0430  0.0471  0.0472  0.0449  0.0443  0.0454  0.0436  0.0439  0.0426  0.0432
  0.0430  0.0437  0.0426  0.0458  0.0456  0.0440  0.0430  0.0428  0.0428  0.0428  0.0422  0.0426
  0.0423  0.0425  0.0422  0.0440  0.0438  0.0430  0.0422  0.0419  0.0422  0.0422  0.0420  0.0422
  0.0420  0.0420  0.0420  0.0420  0.0420  0.0420  0.0420  0.0420  0.0420  0.0420  0.0420  0.0420
  0.0422  0.0422  0.0420  0.0410  0.0415  0.0418  0.0422  0.0424  0.0421  0.0421  0.0421  0.0420
  0.0429  0.0433  0.0424  0.0429  0.0437  0.0430  0.0429  0.0433  0.0426  0.0426  0.0423  0.0425
  0.0442  0.0455  0.0433  0.0500  0.0491  0.0457  0.0443  0.0446  0.0436  0.0437  0.0426  0.0436
niter,ni,del,rscale     3    3    5.0000    1.2000
parameters
    1.7886   -6.8731   16.6093   -8.4202  -14.8265   -1.8076
    0.3237   -2.5987    0.5323    2.8574    3.1360   -2.2989
eta,q 0.95807 23.73728
  0.0441  0.0453  0.0429  0.0471  0.0471  0.0449  0.0442  0.0454  0.0436  0.0438  0.0426  0.0432
  0.0430  0.0437  0.0425  0.0458  0.0456  0.0440  0.0429  0.0427  0.0427  0.0428  0.0422  0.0426
  0.0423  0.0425  0.0422  0.0440  0.0437  0.0430  0.0422  0.0419  0.0422  0.0421  0.0420  0.0421
  0.0420  0.0420  0.0420  0.0420  0.0420  0.0420  0.0419  0.0419  0.0419  0.0419  0.0419  0.0419
  0.0422  0.0422  0.0420  0.0410  0.0415  0.0417  0.0421  0.0424  0.0421  0.0421  0.0420  0.0420
  0.0429  0.0433  0.0424  0.0428  0.0437  0.0430  0.0429  0.0433  0.0426  0.0426  0.0422  0.0425
  0.0442  0.0455  0.0433  0.0500  0.0491  0.0456  0.0443  0.0447  0.0436  0.0437  0.0426  0.0435
niter,ni,del,rscale     2    3    5.0000    1.2000
parameters
    1.7768   -6.8554   16.5051   -8.4106  -14.8178   -1.6505
    0.2988   -2.5621    0.6104    2.9932    3.1732   -2.4707
eta,q 0.95810 23.73791
  0.0440  0.0453  0.0429  0.0471  0.0471  0.0449  0.0442  0.0454  0.0435  0.0438  0.0425  0.0432
  0.0429  0.0436  0.0425  0.0458  0.0456  0.0440  0.0429  0.0427  0.0427  0.0428  0.0422  0.0425
  0.0422  0.0425  0.0421  0.0440  0.0437  0.0429  0.0422  0.0418  0.0421  0.0421  0.0420  0.0421
  0.0419  0.0419  0.0419  0.0419  0.0419  0.0419  0.0419  0.0419  0.0419  0.0419  0.0419  0.0419
  0.0421  0.0422  0.0420  0.0409  0.0415  0.0417  0.0421  0.0424  0.0420  0.0420  0.0420  0.0420
  0.0429  0.0433  0.0424  0.0428  0.0437  0.0429  0.0429  0.0433  0.0426  0.0426  0.0422  0.0424
  0.0442  0.0455  0.0433  0.0501  0.0491  0.0456  0.0443  0.0447  0.0435  0.0437  0.0425  0.0435
niter,ni,del,rscale     1    3    5.0000    1.2000
parameters
    1.7636   -6.8390   16.3898   -8.4038  -14.8141   -1.4887
    0.2804   -2.5419    0.6799    3.1282    3.2169   -2.6543
eta,q 0.95814 23.73861
  0.0440  0.0453  0.0429  0.0472  0.0471  0.0449  0.0441  0.0455  0.0435  0.0438  0.0425  0.0432
  0.0429  0.0436  0.0424  0.0458  0.0455  0.0440  0.0429  0.0426  0.0426  0.0427  0.0421  0.0425
  0.0422  0.0424  0.0421  0.0440  0.0437  0.0429  0.0421  0.0418  0.0421  0.0421  0.0419  0.0421
  0.0419  0.0419  0.0419  0.0419  0.0419  0.0419  0.0419  0.0419  0.0419  0.0419  0.0418  0.0419
  0.0421  0.0421  0.0420  0.0408  0.0414  0.0417  0.0421  0.0424  0.0420  0.0420  0.0419  0.0419
  0.0428  0.0433  0.0424  0.0428  0.0436  0.0428  0.0428  0.0433  0.0425  0.0426  0.0421  0.0424
  0.0441  0.0455  0.0433  0.0501  0.0490  0.0456  0.0442  0.0448  0.0435  0.0437  0.0425  0.0434
registration optimization eta report
parameter search radius
    2.4000    3.6501    2.4000    8.2800    9.5220    7.2000
    7.2000    7.2000    7.2000    7.2000    7.2000    9.5220
100000*second partial in parameter space
       37.       26.       20.       10.        7.        6.
        5.        7.        3.        4.        1.        2.
  0.0440  0.0453  0.0429  0.0472  0.0471  0.0449  0.0441  0.0455  0.0435  0.0438  0.0425  0.0432
  0.0429  0.0436  0.0424  0.0458  0.0455  0.0440  0.0429  0.0426  0.0426  0.0427  0.0421  0.0425
  0.0422  0.0424  0.0421  0.0440  0.0437  0.0429  0.0421  0.0418  0.0421  0.0421  0.0419  0.0421
  0.0419  0.0419  0.0419  0.0419  0.0419  0.0419  0.0419  0.0419  0.0419  0.0419  0.0418  0.0419
  0.0421  0.0421  0.0420  0.0408  0.0414  0.0417  0.0421  0.0424  0.0420  0.0420  0.0419  0.0419
  0.0428  0.0433  0.0424  0.0428  0.0436  0.0428  0.0428  0.0433  0.0425  0.0426  0.0421  0.0424
  0.0441  0.0455  0.0433  0.0501  0.0490  0.0456  0.0442  0.0448  0.0435  0.0437  0.0425  0.0434
    1.7636   -6.8390   16.3898   -8.4038  -14.8141   -1.4887
    0.2804   -2.5419    0.6799    3.1282    3.2169   -2.6543
eta,q 0.95814 23.73861

---------------------------------------------------------------------
imgreg_4dfp /opt/freesurfer/average/711-2C_as_mni_average_305 /opt/freesurfer/average/711-2B_as_mni_average_305_mask talsrcimg_g11 none talsrcimg_to_711-2C_as_mni_average_305_t4 2311
---------------------------------------------------------------------

freesurfer imgreg_4dfp.c
/opt/freesurfer/average/711-2C_as_mni_average_305.4dfp.img
       256       256       256         1
  1.000000  1.000000  1.000000
orientation T byte_order littleendian
Reading image: /opt/freesurfer/average/711-2C_as_mni_average_305.4dfp.img
dimensions:      256       256       256
mmppix:       1.0000   -1.0000   -1.0000
center:     128.0000 -129.0000 -129.0000
/opt/freesurfer/average/711-2B_as_mni_average_305_mask.4dfp.img
       256       256       256         1
  1.000000  1.000000  1.000000
orientation T byte_order littleendian
Reading mask: /opt/freesurfer/average/711-2B_as_mni_average_305_mask.4dfp.img (2306576 pixels)
talsrcimg_g11.4dfp.img
       320       320       320         1
  0.800000  0.800000  0.800000
orientation T byte_order littleendian
Reading image: talsrcimg_g11.4dfp.img
dimensions:      320       320       320
mmppix:       0.8000   -0.8000   -0.8000
center:     128.0000 -128.8000 -128.8000
fimgreg.f
image alignment mode   2311 decimal      907 hex
parameters
    1.7636   -6.8390   16.3898   -8.4038  -14.8141   -1.4887
    0.2804   -2.5419    0.6799    3.1282    3.2169   -2.6543
eta,q 0.95814 23.73861
niter,ni,del,rscale     5    3    5.0000    0.8000
parameter  4 -0.550920 -> -0.500000 qaram    1.1500
parameters
    1.7905   -6.6070   16.3898   -5.6438  -14.5062   -1.4344
   -0.0750   -2.0765    0.6873    3.0981    3.4374   -3.8442
eta,q 0.95920 23.70386
  0.0428  0.0427  0.0423  0.0452  0.0431  0.0428  0.0425  0.0444  0.0421  0.0420  0.0415  0.0411
  0.0423  0.0423  0.0421  0.0442  0.0422  0.0420  0.0415  0.0422  0.0414  0.0413  0.0411  0.0409
  0.0420  0.0420  0.0419  0.0430  0.0414  0.0413  0.0409  0.0411  0.0410  0.0409  0.0409  0.0408
  0.0419  0.0419  0.0418  0.0418  0.0409  0.0408  0.0408  0.0408  0.0408  0.0408  0.0408  0.0408
  0.0419  0.0419  0.0419  0.0410  0.0408  0.0408  0.0411  0.0410  0.0410  0.0410  0.0409  0.0409
  0.0422  0.0420  0.0420  0.0409  0.0414  0.0416  0.0419  0.0417  0.0414  0.0413  0.0411  0.0412
  0.0428  0.0423  0.0424  0.0420  0.0429  0.0431  0.0431  0.0429  0.0421  0.0420  0.0414  0.0416
niter,ni,del,rscale     5    3    5.0000    0.8000
parameters
    1.6654   -7.1197   16.0267   -6.5563  -12.9597   -0.3024
    0.1786   -2.3388    0.7060    3.3351    3.8493   -4.3376
eta,q 0.95974 23.81222
  0.0423  0.0411  0.0410  0.0441  0.0436  0.0427  0.0424  0.0428  0.0417  0.0419  0.0410  0.0408
  0.0414  0.0408  0.0408  0.0427  0.0426  0.0420  0.0413  0.0411  0.0409  0.0411  0.0406  0.0405
  0.0409  0.0407  0.0407  0.0414  0.0417  0.0412  0.0406  0.0404  0.0404  0.0405  0.0404  0.0403
  0.0408  0.0408  0.0407  0.0407  0.0409  0.0406  0.0403  0.0403  0.0403  0.0403  0.0403  0.0403
  0.0411  0.0411  0.0408  0.0413  0.0406  0.0403  0.0404  0.0407  0.0404  0.0404  0.0403  0.0404
  0.0418  0.0416  0.0411  0.0441  0.0408  0.0406  0.0410  0.0416  0.0409  0.0408  0.0405  0.0406
  0.0429  0.0423  0.0416  0.0496  0.0417  0.0416  0.0420  0.0433  0.0416  0.0416  0.0408  0.0411
niter,ni,del,rscale     4    3    5.0000    0.7000
parameters
    1.6078   -7.4544   15.7453   -6.7965  -12.7432    0.3859
    0.1935   -2.5304    0.7822    3.4213    4.1671   -4.4488
eta,q 0.95986 23.85416
  0.0415  0.0407  0.0406  0.0435  0.0421  0.0420  0.0415  0.0423  0.0412  0.0413  0.0408  0.0406
  0.0408  0.0404  0.0403  0.0423  0.0413  0.0414  0.0408  0.0409  0.0406  0.0407  0.0404  0.0404
  0.0404  0.0402  0.0402  0.0410  0.0406  0.0407  0.0403  0.0402  0.0403  0.0403  0.0402  0.0402
  0.0403  0.0403  0.0402  0.0402  0.0403  0.0403  0.0402  0.0402  0.0402  0.0401  0.0401  0.0401
  0.0404  0.0405  0.0403  0.0403  0.0403  0.0402  0.0403  0.0405  0.0402  0.0402  0.0402  0.0402
  0.0409  0.0409  0.0406  0.0418  0.0409  0.0405  0.0407  0.0412  0.0406  0.0406  0.0403  0.0404
  0.0417  0.0415  0.0411  0.0454  0.0420  0.0413  0.0415  0.0426  0.0411  0.0413  0.0406  0.0407
niter,ni,del,rscale     3    3    5.0000    0.6000
parameters
    1.5817   -7.5003   15.4978   -6.7128  -12.7637    0.7640
    0.1201   -2.6298    0.8269    3.4532    4.3724   -4.5722
eta,q 0.95993 23.85669
  0.0411  0.0407  0.0404  0.0430  0.0414  0.0415  0.0411  0.0419  0.0408  0.0409  0.0406  0.0404
  0.0405  0.0404  0.0402  0.0419  0.0408  0.0409  0.0405  0.0407  0.0404  0.0405  0.0403  0.0402
  0.0402  0.0402  0.0401  0.0409  0.0403  0.0404  0.0402  0.0402  0.0402  0.0402  0.0401  0.0401
  0.0401  0.0401  0.0401  0.0401  0.0401  0.0401  0.0401  0.0401  0.0401  0.0401  0.0401  0.0401
  0.0403  0.0402  0.0402  0.0401  0.0402  0.0401  0.0402  0.0403  0.0401  0.0401  0.0401  0.0401
  0.0406  0.0404  0.0405  0.0411  0.0407  0.0404  0.0406  0.0409  0.0404  0.0404  0.0402  0.0402
  0.0412  0.0408  0.0408  0.0435  0.0415  0.0411  0.0412  0.0420  0.0408  0.0409  0.0405  0.0404
niter,ni,del,rscale     2    3    5.0000    0.5000
parameters
    1.5585   -7.4820   15.3215   -6.5689  -12.8343    1.0419
    0.0666   -2.7014    0.8397    3.4850    4.5222   -4.7528
eta,q 0.96000 23.85029
  0.0407  0.0405  0.0403  0.0424  0.0409  0.0410  0.0407  0.0414  0.0405  0.0406  0.0404  0.0402
  0.0404  0.0403  0.0401  0.0414  0.0404  0.0406  0.0403  0.0405  0.0402  0.0403  0.0402  0.0401
  0.0401  0.0401  0.0401  0.0406  0.0401  0.0402  0.0401  0.0401  0.0401  0.0401  0.0400  0.0400
  0.0401  0.0401  0.0401  0.0401  0.0400  0.0400  0.0400  0.0400  0.0400  0.0400  0.0400  0.0400
  0.0402  0.0401  0.0401  0.0400  0.0401  0.0400  0.0401  0.0402  0.0401  0.0401  0.0400  0.0400
  0.0404  0.0402  0.0403  0.0407  0.0405  0.0402  0.0404  0.0407  0.0402  0.0402  0.0401  0.0401
  0.0408  0.0405  0.0405  0.0424  0.0410  0.0408  0.0408  0.0415  0.0405  0.0406  0.0403  0.0403
niter,ni,del,rscale     1    3    5.0000    0.4000
parameters
    1.5386   -7.4527   15.1785   -6.4405  -12.9078    1.3034
    0.0343   -2.7592    0.8333    3.5096    4.6357   -4.9827
eta,q 0.96004 23.84195
  0.0405  0.0403  0.0401  0.0416  0.0405  0.0406  0.0404  0.0409  0.0403  0.0403  0.0402  0.0401
  0.0402  0.0401  0.0400  0.0409  0.0402  0.0403  0.0402  0.0404  0.0401  0.0401  0.0401  0.0400
  0.0400  0.0400  0.0400  0.0403  0.0400  0.0401  0.0400  0.0400  0.0400  0.0400  0.0400  0.0400
  0.0400  0.0400  0.0400  0.0400  0.0400  0.0400  0.0400  0.0400  0.0400  0.0400  0.0400  0.0400
  0.0401  0.0400  0.0400  0.0400  0.0400  0.0400  0.0400  0.0401  0.0400  0.0400  0.0400  0.0400
  0.0402  0.0401  0.0401  0.0405  0.0403  0.0401  0.0402  0.0404  0.0401  0.0401  0.0401  0.0400
  0.0405  0.0403  0.0403  0.0416  0.0406  0.0404  0.0405  0.0410  0.0403  0.0403  0.0402  0.0401
registration optimization eta report
parameter search radius
    0.8000    0.8000    0.8000    2.7600    2.4000    2.4000
    2.4000    2.4000    2.4000    2.4000    2.4000    2.4000
100000*second partial in parameter space
       75.       42.       32.       21.       10.       10.
        9.       18.        6.        6.        4.        2.
  0.0405  0.0403  0.0401  0.0416  0.0405  0.0406  0.0404  0.0409  0.0403  0.0403  0.0402  0.0401
  0.0402  0.0401  0.0400  0.0409  0.0402  0.0403  0.0402  0.0404  0.0401  0.0401  0.0401  0.0400
  0.0400  0.0400  0.0400  0.0403  0.0400  0.0401  0.0400  0.0400  0.0400  0.0400  0.0400  0.0400
  0.0400  0.0400  0.0400  0.0400  0.0400  0.0400  0.0400  0.0400  0.0400  0.0400  0.0400  0.0400
  0.0401  0.0400  0.0400  0.0400  0.0400  0.0400  0.0400  0.0401  0.0400  0.0400  0.0400  0.0400
  0.0402  0.0401  0.0401  0.0405  0.0403  0.0401  0.0402  0.0404  0.0401  0.0401  0.0401  0.0400
  0.0405  0.0403  0.0403  0.0416  0.0406  0.0404  0.0405  0.0410  0.0403  0.0403  0.0402  0.0401
    1.5386   -7.4527   15.1785   -6.4405  -12.9078    1.3034
    0.0343   -2.7592    0.8333    3.5096    4.6357   -4.9827
eta,q 0.96004 23.84195

---------------------------------------------------------------------
imgreg_4dfp /opt/freesurfer/average/711-2C_as_mni_average_305 /opt/freesurfer/average/711-2B_as_mni_average_305_mask talsrcimg_g11 none talsrcimg_to_711-2C_as_mni_average_305_t4 2311
---------------------------------------------------------------------

freesurfer imgreg_4dfp.c
/opt/freesurfer/average/711-2C_as_mni_average_305.4dfp.img
       256       256       256         1
  1.000000  1.000000  1.000000
orientation T byte_order littleendian
Reading image: /opt/freesurfer/average/711-2C_as_mni_average_305.4dfp.img
dimensions:      256       256       256
mmppix:       1.0000   -1.0000   -1.0000
center:     128.0000 -129.0000 -129.0000
/opt/freesurfer/average/711-2B_as_mni_average_305_mask.4dfp.img
       256       256       256         1
  1.000000  1.000000  1.000000
orientation T byte_order littleendian
Reading mask: /opt/freesurfer/average/711-2B_as_mni_average_305_mask.4dfp.img (2306576 pixels)
talsrcimg_g11.4dfp.img
       320       320       320         1
  0.800000  0.800000  0.800000
orientation T byte_order littleendian
Reading image: talsrcimg_g11.4dfp.img
dimensions:      320       320       320
mmppix:       0.8000   -0.8000   -0.8000
center:     128.0000 -128.8000 -128.8000
fimgreg.f
image alignment mode   2311 decimal      907 hex
parameters
    1.5386   -7.4527   15.1785   -6.4405  -12.9078    1.3034
    0.0343   -2.7592    0.8333    3.5096    4.6357   -4.9827
eta,q 0.96004 23.84195
niter,ni,del,rscale     5    3    5.0000    0.8000
parameters
    1.5243   -7.4391   14.9967   -7.1169  -12.9289    0.7838
    0.1027   -2.7954    0.8739    3.9448    4.6933   -4.8499
eta,q 0.95978 23.87090
  0.0420  0.0410  0.0406  0.0432  0.0421  0.0420  0.0420  0.0437  0.0414  0.0417  0.0410  0.0407
  0.0409  0.0404  0.0402  0.0419  0.0412  0.0412  0.0410  0.0415  0.0408  0.0410  0.0405  0.0405
  0.0402  0.0401  0.0400  0.0406  0.0405  0.0406  0.0405  0.0404  0.0404  0.0405  0.0403  0.0403
  0.0400  0.0400  0.0400  0.0399  0.0401  0.0401  0.0402  0.0402  0.0402  0.0402  0.0402  0.0402
  0.0402  0.0401  0.0401  0.0404  0.0403  0.0401  0.0404  0.0406  0.0404  0.0403  0.0403  0.0402
  0.0409  0.0404  0.0404  0.0428  0.0410  0.0412  0.0409  0.0417  0.0408  0.0406  0.0405  0.0404
  0.0421  0.0410  0.0410  0.0474  0.0423  0.0444  0.0419  0.0436  0.0414  0.0413  0.0409  0.0407
niter,ni,del,rscale     4    3    5.0000    0.7000
parameters
    1.5450   -7.2328   15.1355   -6.8549  -13.0749    0.7474
    0.0516   -2.8057    0.8950    3.9364    4.6662   -4.9481
eta,q 0.95990 23.84254
  0.0415  0.0412  0.0408  0.0433  0.0416  0.0417  0.0414  0.0428  0.0411  0.0411  0.0407  0.0405
  0.0408  0.0407  0.0405  0.0421  0.0409  0.0410  0.0407  0.0411  0.0405  0.0406  0.0403  0.0403
  0.0404  0.0404  0.0403  0.0410  0.0403  0.0405  0.0402  0.0403  0.0402  0.0402  0.0402  0.0402
  0.0402  0.0402  0.0402  0.0402  0.0401  0.0401  0.0401  0.0401  0.0401  0.0401  0.0401  0.0401
  0.0403  0.0402  0.0402  0.0400  0.0403  0.0401  0.0402  0.0404  0.0402  0.0402  0.0402  0.0401
  0.0407  0.0404  0.0403  0.0409  0.0409  0.0406  0.0407  0.0412  0.0405  0.0405  0.0404  0.0403
  0.0415  0.0407  0.0406  0.0433  0.0420  0.0423  0.0415  0.0427  0.0411  0.0412  0.0407  0.0406
niter,ni,del,rscale     3    3    5.0000    0.6000
parameters
    1.5291   -7.2462   15.1790   -6.5965  -13.0823    0.8933
    0.0191   -2.8053    0.9007    3.8723    4.6779   -5.0765
eta,q 0.95998 23.83525
  0.0411  0.0406  0.0405  0.0426  0.0413  0.0413  0.0410  0.0422  0.0408  0.0408  0.0405  0.0403
  0.0405  0.0403  0.0403  0.0416  0.0407  0.0408  0.0405  0.0408  0.0403  0.0404  0.0402  0.0402
  0.0402  0.0402  0.0402  0.0407  0.0402  0.0403  0.0401  0.0402  0.0401  0.0401  0.0401  0.0401
  0.0401  0.0401  0.0401  0.0401  0.0400  0.0400  0.0400  0.0400  0.0400  0.0400  0.0400  0.0400
  0.0402  0.0402  0.0401  0.0400  0.0401  0.0400  0.0401  0.0403  0.0401  0.0401  0.0401  0.0400
  0.0406  0.0404  0.0402  0.0407  0.0406  0.0403  0.0405  0.0409  0.0403  0.0404  0.0402  0.0402
  0.0411  0.0407  0.0405  0.0424  0.0414  0.0414  0.0411  0.0421  0.0408  0.0409  0.0405  0.0404
niter,ni,del,rscale     2    3    5.0000    0.5000
parameters
    1.5184   -7.2981   15.1492   -6.4435  -13.0438    1.0919
    0.0014   -2.8155    0.8898    3.8253    4.7084   -5.1912
eta,q 0.96004 23.83467
  0.0407  0.0404  0.0403  0.0419  0.0409  0.0409  0.0407  0.0415  0.0405  0.0405  0.0403  0.0402
  0.0403  0.0402  0.0401  0.0411  0.0404  0.0405  0.0403  0.0406  0.0402  0.0402  0.0401  0.0401
  0.0401  0.0400  0.0400  0.0404  0.0401  0.0402  0.0400  0.0401  0.0400  0.0400  0.0400  0.0400
  0.0400  0.0400  0.0400  0.0400  0.0400  0.0400  0.0400  0.0400  0.0400  0.0400  0.0400  0.0400
  0.0401  0.0401  0.0400  0.0400  0.0401  0.0400  0.0400  0.0401  0.0400  0.0400  0.0400  0.0400
  0.0404  0.0402  0.0401  0.0406  0.0403  0.0402  0.0403  0.0407  0.0402  0.0402  0.0401  0.0401
  0.0408  0.0405  0.0403  0.0418  0.0409  0.0408  0.0407  0.0415  0.0405  0.0406  0.0403  0.0402
niter,ni,del,rscale     1    3    5.0000    0.4000
parameters
    1.5106   -7.3370   15.0841   -6.3507  -13.0337    1.3133
   -0.0123   -2.8397    0.8685    3.7770    4.7460   -5.3469
eta,q 0.96007 23.83335
  0.0405  0.0402  0.0401  0.0413  0.0405  0.0406  0.0404  0.0410  0.0403  0.0403  0.0402  0.0400
  0.0402  0.0401  0.0400  0.0407  0.0402  0.0403  0.0402  0.0404  0.0401  0.0401  0.0400  0.0400
  0.0400  0.0400  0.0400  0.0402  0.0400  0.0401  0.0400  0.0400  0.0400  0.0400  0.0400  0.0399
  0.0400  0.0400  0.0400  0.0400  0.0400  0.0399  0.0399  0.0399  0.0399  0.0399  0.0399  0.0399
  0.0400  0.0400  0.0400  0.0400  0.0400  0.0399  0.0400  0.0401  0.0400  0.0400  0.0400  0.0399
  0.0402  0.0401  0.0401  0.0404  0.0402  0.0401  0.0402  0.0404  0.0401  0.0401  0.0400  0.0400
  0.0405  0.0402  0.0402  0.0412  0.0405  0.0405  0.0404  0.0410  0.0403  0.0403  0.0402  0.0401
registration optimization eta report
parameter search radius
    0.8000    0.8000    0.8000    2.4000    2.4000    2.4000
    2.4000    2.4000    2.4000    2.4000    2.4000    2.4000
100000*second partial in parameter space
       79.       40.       31.       22.       10.       10.
        9.       19.        6.        6.        5.        2.
  0.0405  0.0402  0.0401  0.0413  0.0405  0.0406  0.0404  0.0410  0.0403  0.0403  0.0402  0.0400
  0.0402  0.0401  0.0400  0.0407  0.0402  0.0403  0.0402  0.0404  0.0401  0.0401  0.0400  0.0400
  0.0400  0.0400  0.0400  0.0402  0.0400  0.0401  0.0400  0.0400  0.0400  0.0400  0.0400  0.0399
  0.0400  0.0400  0.0400  0.0400  0.0400  0.0399  0.0399  0.0399  0.0399  0.0399  0.0399  0.0399
  0.0400  0.0400  0.0400  0.0400  0.0400  0.0399  0.0400  0.0401  0.0400  0.0400  0.0400  0.0399
  0.0402  0.0401  0.0401  0.0404  0.0402  0.0401  0.0402  0.0404  0.0401  0.0401  0.0400  0.0400
  0.0405  0.0402  0.0402  0.0412  0.0405  0.0405  0.0404  0.0410  0.0403  0.0403  0.0402  0.0401
    1.5106   -7.3370   15.0841   -6.3507  -13.0337    1.3133
   -0.0123   -2.8397    0.8685    3.7770    4.7460   -5.3469
eta,q 0.96007 23.83335

---------------------------------------------------------------------
compute_vox2vox talsrcimg talsrcimg_to_711-2C_as_mni_average_305_t4 /opt/freesurfer/average/711-2C_as_mni_average_305
---------------------------------------------------------------------

freesurfer compute_vox2vox.c
Reading: talsrcimg.4dfp.ifh
Reading: talsrcimg_to_711-2C_as_mni_average_305_t4
Reading: /opt/freesurfer/average/711-2C_as_mni_average_305.4dfp.ifh
Writing: talsrcimg_to_711-2C_as_mni_average_305_t4_vox2vox.txt

start time Tue Mar 10 21:02:17 CET 2026
end		time Tue Mar 10 21:03:44 CET 2026

mpr2mni305 success

avi2talxfm orig_nu.mgz /opt/freesurfer/average/mni305.cor.mgz talsrcimg_to_711-2C_as_mni_average_305_t4_vox2vox.txt transforms/talairach.auto.xfm
avi2talxfm done
mv -f /out/sourcedata/freesurfer/sub-v2s11x28705_ses-1/mri/talsrcimg_to_711-2C_as_mni_average_305_t4_vox2vox.txt /out/sourcedata/freesurfer/sub-v2s11x28705_ses-1/mri/transforms/talsrcimg_to_711-2C_as_mni_average_305_t4_vox2vox.txt
lta_convert --src orig_nu.mgz --trg /opt/freesurfer/average/mni305.cor.mgz --inxfm transforms/talairach.auto.xfm --outlta transforms/talairach.auto.xfm.lta --subject fsaverage
7.3.2

--src: orig_nu.mgz src image (geometry).
--trg: /opt/freesurfer/average/mni305.cor.mgz trg image (geometry).
--inmni: transforms/talairach.auto.xfm input MNI/XFM transform.
--outlta: transforms/talairach.auto.xfm.lta output LTA.
--s: fsaverage subject name
 LTA read, type : 1
 1.06628   0.02981   0.00198  -3.25018;
-0.05040   0.98337   0.06045  -26.82122;
-0.00846  -0.04301   1.14723   1.06471;
 0.00000   0.00000   0.00000   1.00000;
setting subject to fsaverage
Writing  LTA to file transforms/talairach.auto.xfm.lta...
lta_convert successful.
 
 
Started at Tue Mar 10 21:02:17 CET 2026
Ended   at Tue Mar 10 21:03:45 CET 2026
talairach_avi done
