/out/sourcedata/freesurfer/sub-v2s11x28717_ses-1/mri
/opt/freesurfer/bin/talairach_avi
--i orig_nu.mgz --xfm transforms/talairach.auto.xfm
talairach_avi 7.3.2
Linux dna038 5.14.0-427.37.1.el9_4.x86_64 #1 SMP PREEMPT_DYNAMIC Fri Sep 13 12:41:50 EDT 2024 x86_64 x86_64 x86_64 GNU/Linux
Tue Mar 10 21:06:26 CET 2026
mri_convert orig_nu.mgz talsrcimg.img 
reading from orig_nu.mgz...
TR=0.00, TE=0.00, TI=0.00, flip angle=0.00
i_ras = (-1, 0, 0)
j_ras = (0, 0, -1)
k_ras = (0, 1, 0)
writing to talsrcimg.img...
Analyze Output Matrix
-0.80000   0.00000   0.00000   129.45303;
 0.00000   0.00000   0.80000  -139.69386;
 0.00000  -0.80000   0.00000   162.70093;
 0.00000   0.00000   0.00000   1.00000;
--------------------
INFO: set hdr.hist.orient to -1
mpr2mni305 talsrcimg
Tue Mar 10 21:06:26 CET 2026
/opt/freesurfer/bin/mpr2mni305 talsrcimg
mpr2mni305 7.3.2
target=711-2C_as_mni_average_305

---------------------------------------------------------------------
analyzeto4dfp talsrcimg -O0 -y
---------------------------------------------------------------------

freesurfer ifh2hdr.c
Tue Mar 10 21:06:27 2026
Writing: talsrcimg.4dfp.hdr
freesurfer analyzeto4dfp.c
Reading: talsrcimg.hdr
header size 348 bytes
hdr.dime.datatype	offset=70	value=2
hdr.dime.bitpix		offset=72	value=8
hdr.hist.orient		offset=252	value=-1
dimensionality     4
dimensions       320       320       320         1
Reading: talsrcimg.img
Writing: talsrcimg.4dfp.img
Writing: talsrcimg.4dfp.ifh
ifh2hdr talsrcimg -r0to161
ori=2

---------------------------------------------------------------------
gauss_4dfp talsrcimg 1.1
---------------------------------------------------------------------

freesurfer gauss_4dfp.c
Reading: talsrcimg.4dfp.img
Writing: talsrcimg_g11.4dfp.img
image dimensions 320 320 320 padded to 384 384 384
processing volume 1freesurfer ifh2hdr.c
Tue Mar 10 21:06:43 2026
Writing: talsrcimg_g11.4dfp.hdr

Writing: talsrcimg_g11.4dfp.ifh
including: talsrcimg.4dfp.img.rec in talsrcimg_g11.4dfp.img.rec

---------------------------------------------------------------------
imgreg_4dfp /opt/freesurfer/average/711-2C_as_mni_average_305 none talsrcimg_g11 none talsrcimg_to_711-2C_as_mni_average_305_t4 4355
---------------------------------------------------------------------

freesurfer imgreg_4dfp.c
/opt/freesurfer/average/711-2C_as_mni_average_305.4dfp.img
       256       256       256         1
  1.000000  1.000000  1.000000
orientation T byte_order littleendian
Reading image: /opt/freesurfer/average/711-2C_as_mni_average_305.4dfp.img
dimensions:      256       256       256
mmppix:       1.0000   -1.0000   -1.0000
center:     128.0000 -129.0000 -129.0000
talsrcimg_g11.4dfp.img
       320       320       320         1
  0.800000  0.800000  0.800000
orientation T byte_order littleendian
Reading image: talsrcimg_g11.4dfp.img
dimensions:      320       320       320
mmppix:       0.8000   -0.8000   -0.8000
center:     128.0000 -128.8000 -128.8000
t4_read: open error in t4_sub.f l:  41 t4_file(1:l)talsrcimg_to_711-2C_as_mni_average_305_t4 
t4_read: transform initialized to I4
rotation matrix determinant  1.000000
image alignment mode   4355 decimal     1103 hex
   -7.5000  -45.0000  -45.0000 8510.4482   19.5613
    0.0000  -45.0000  -45.0000 8917.8604   19.6827
    7.5000  -45.0000  -45.0000 8532.4434   19.6771
   -7.5000  -37.5000  -45.0000 9067.2725   19.6243
    0.0000  -37.5000  -45.0000 9490.3721   19.7504
    7.5000  -37.5000  -45.0000 9084.6152   19.7478
   -7.5000  -30.0000  -45.0000 9956.7959   19.7915
    0.0000  -30.0000  -45.000010421.7812   19.9230
    7.5000  -30.0000  -45.0000 9958.0645   19.9172
   -7.5000  -22.5000  -45.000010842.1182   19.8996
    0.0000  -22.5000  -45.000011359.6416   20.0311
    7.5000  -22.5000  -45.000010822.7998   20.0183
   -7.5000  -15.0000  -45.000011667.3408   19.8471
    0.0000  -15.0000  -45.000012250.8525   19.9728
    7.5000  -15.0000  -45.000011636.6572   19.9566
   -7.5000   -7.5000  -45.000012516.1523   19.6717
    0.0000   -7.5000  -45.000013148.2051   19.7929
    7.5000   -7.5000  -45.000012481.5898   19.7807
   -7.5000    0.0000  -45.000013182.4717   19.5613
    0.0000    0.0000  -45.000013856.4453   19.6827
    7.5000    0.0000  -45.000013122.1074   19.6771
   -7.5000    7.5000  -45.000012710.5518   19.6243
    0.0000    7.5000  -45.000013353.7920   19.7504
    7.5000    7.5000  -45.000012619.5254   19.7478
   -7.5000   15.0000  -45.000012140.4824   19.7915
    0.0000   15.0000  -45.000012750.3096   19.9230
    7.5000   15.0000  -45.000012038.5732   19.9172
   -7.5000   22.5000  -45.000011345.1074   19.8969
    0.0000   22.5000  -45.000011920.1533   20.0284
    7.5000   22.5000  -45.000011242.4639   20.0155
   -7.5000   30.0000  -45.000010523.7949   19.5826
    0.0000   30.0000  -45.000011056.9863   19.7066
    7.5000   30.0000  -45.000010417.9395   19.6906
   -7.5000   37.5000  -45.000010088.4316   19.4095
    0.0000   37.5000  -45.000010596.1914   19.5291
    7.5000   37.5000  -45.0000 9988.6416   19.5171
   -7.5000   45.0000  -45.0000 9307.3623   18.8106
    0.0000   45.0000  -45.0000 9766.9980   18.9272
    7.5000   45.0000  -45.0000 9209.8408   18.9219
   -7.5000  -45.0000  -37.5000 8764.2529   19.2343
    0.0000  -45.0000  -37.5000 9171.9248   19.3483
    7.5000  -45.0000  -37.5000 8766.7588   19.3413
   -7.5000  -37.5000  -37.5000 9342.8555   19.2952
    0.0000  -37.5000  -37.5000 9781.0820   19.4116
    7.5000  -37.5000  -37.5000 9323.4404   19.4086
   -7.5000  -30.0000  -37.500010250.3066   19.4639
    0.0000  -30.0000  -37.500010752.4961   19.5879
    7.5000  -30.0000  -37.500010233.0342   19.5842
   -7.5000  -22.5000  -37.500011143.1387   19.5757
    0.0000  -22.5000  -37.500011704.7256   19.7044
    7.5000  -22.5000  -37.500011123.3281   19.6958
   -7.5000  -15.0000  -37.500011987.6592   19.5248
    0.0000  -15.0000  -37.500012612.5684   19.6500
    7.5000  -15.0000  -37.500011948.4688   19.6369
   -7.5000   -7.5000  -37.500012850.9395   19.3480
    0.0000   -7.5000  -37.500013510.8643   19.4660
    7.5000   -7.5000  -37.500012801.2178   19.4541
   -7.5000    0.0000  -37.500013537.1367   19.2343
    0.0000    0.0000  -37.500014248.9072   19.3483
    7.5000    0.0000  -37.500013468.7432   19.3413
   -7.5000    7.5000  -37.500013060.6260   19.2952
    0.0000    7.5000  -37.500013756.3857   19.4116
    7.5000    7.5000  -37.500012963.7959   19.4086
   -7.5000   15.0000  -37.500012436.4561   19.4639
    0.0000   15.0000  -37.500013124.3408   19.5879
    7.5000   15.0000  -37.500012344.9287   19.5842
   -7.5000   22.5000  -37.500011619.1611   19.5731
    0.0000   22.5000  -37.500012269.8701   19.7017
    7.5000   22.5000  -37.500011523.5801   19.6931
   -7.5000   30.0000  -37.500010773.5889   19.2647
    0.0000   30.0000  -37.500011364.1289   19.3881
    7.5000   30.0000  -37.500010676.0078   19.3753
   -7.5000   37.5000  -37.500010319.8467   19.0902
    0.0000   37.5000  -37.500010867.1299   19.2066
    7.5000   37.5000  -37.500010222.6006   19.1948
   -7.5000   45.0000  -37.5000 9530.5430   18.4961
    0.0000   45.0000  -37.500010006.5186   18.6057
    7.5000   45.0000  -37.5000 9419.5410   18.5990
   -7.5000  -45.0000  -30.0000 9330.6074   19.4870
    0.0000  -45.0000  -30.0000 9756.5283   19.5988
    7.5000  -45.0000  -30.0000 9311.5010   19.5848
   -7.5000  -37.5000  -30.0000 9932.0889   19.5370
    0.0000  -37.5000  -30.000010406.0938   19.6497
    7.5000  -37.5000  -30.0000 9899.6133   19.6388
   -7.5000  -30.0000  -30.000010889.5771   19.7079
    0.0000  -30.0000  -30.000011426.1152   19.8257
    7.5000  -30.0000  -30.000010855.9316   19.8164
   -7.5000  -22.5000  -30.000011837.4160   19.8322
    0.0000  -22.5000  -30.000012421.3340   19.9541
    7.5000  -22.5000  -30.000011802.2383   19.9434
   -7.5000  -15.0000  -30.000012748.1084   19.7912
    0.0000  -15.0000  -30.000013398.0664   19.9115
    7.5000  -15.0000  -30.000012704.0615   19.8977
   -7.5000   -7.5000  -30.000013665.9678   19.6127
    0.0000   -7.5000  -30.000014383.5801   19.7279
    7.5000   -7.5000  -30.000013613.3535   19.7126
   -7.5000    0.0000  -30.000014368.3379   19.4870
    0.0000    0.0000  -30.000015151.7207   19.5988
    7.5000    0.0000  -30.000014304.1270   19.5848
   -7.5000    7.5000  -30.000013838.8682   19.5370
    0.0000    7.5000  -30.000014601.8945   19.6497
    7.5000    7.5000  -30.000013754.2539   19.6388
   -7.5000   15.0000  -30.000013177.2021   19.7079
    0.0000   15.0000  -30.000013910.4443   19.8257
    7.5000   15.0000  -30.000013076.7627   19.8164
   -7.5000   22.5000  -30.000012308.1436   19.8274
    0.0000   22.5000  -30.000012990.5996   19.9493
    7.5000   22.5000  -30.000012202.7607   19.9386
   -7.5000   30.0000  -30.000011409.5781   19.5293
    0.0000   30.0000  -30.000012026.9160   19.6480
    7.5000   30.0000  -30.000011309.6230   19.6345
   -7.5000   37.5000  -30.000010932.5332   19.3531
    0.0000   37.5000  -30.000011508.4072   19.4669
    7.5000   37.5000  -30.000010828.6260   19.4518
   -7.5000   45.0000  -30.000010053.8818   18.7529
    0.0000   45.0000  -30.000010576.0703   18.8604
    7.5000   45.0000  -30.0000 9946.5439   18.8469
   -7.5000  -45.0000  -22.5000 9931.1064   19.7684
    0.0000  -45.0000  -22.500010388.5840   19.8805
    7.5000  -45.0000  -22.5000 9916.1035   19.8585
   -7.5000  -37.5000  -22.500010587.5850   19.8058
    0.0000  -37.5000  -22.500011078.5615   19.9199
    7.5000  -37.5000  -22.500010549.9375   19.8989
   -7.5000  -30.0000  -22.500011609.9297   19.9745
    0.0000  -30.0000  -22.500012167.3008   20.0905
    7.5000  -30.0000  -22.500011562.1572   20.0718
   -7.5000  -22.5000  -22.500012643.0811   20.1090
    0.0000  -22.5000  -22.500013238.1230   20.2251
    7.5000  -22.5000  -22.500012589.6533   20.2078
   -7.5000  -15.0000  -22.500013633.8613   20.0804
    0.0000  -15.0000  -22.500014314.8291   20.1941
    7.5000  -15.0000  -22.500013579.1592   20.1762
   -7.5000   -7.5000  -22.500014603.2783   19.9042
    0.0000   -7.5000  -22.500015393.8906   20.0158
    7.5000   -7.5000  -22.500014543.7793   19.9957
   -7.5000    0.0000  -22.500015324.5176   19.7684
    0.0000    0.0000  -22.500016161.0781   19.8805
    7.5000    0.0000  -22.500015250.7178   19.8585
   -7.5000    7.5000  -22.500014735.2275   19.8058
    0.0000    7.5000  -22.500015535.7568   19.9199
    7.5000    7.5000  -22.500014647.7568   19.8989
   -7.5000   15.0000  -22.500014039.7773   19.9745
    0.0000   15.0000  -22.500014807.6777   20.0905
    7.5000   15.0000  -22.500013920.4463   20.0718
   -7.5000   22.5000  -22.500013135.8799   20.1028
    0.0000   22.5000  -22.500013849.1084   20.2188
    7.5000   22.5000  -22.500013006.6992   20.2015
   -7.5000   30.0000  -22.500012172.1152   19.8177
    0.0000   30.0000  -22.500012817.3643   19.9300
    7.5000   30.0000  -22.500012053.1523   19.9123
   -7.5000   37.5000  -22.500011648.1172   19.6439
    0.0000   37.5000  -22.500012250.6572   19.7540
    7.5000   37.5000  -22.500011519.6738   19.7341
   -7.5000   45.0000  -22.500010677.7910   19.0380
    0.0000   45.0000  -22.500011238.4619   19.1459
    7.5000   45.0000  -22.500010545.4365   19.1248
   -7.5000  -45.0000  -15.000010591.6523   19.9336
    0.0000  -45.0000  -15.000011079.0000   20.0467
    7.5000  -45.0000  -15.000010557.6191   20.0198
   -7.5000  -37.5000  -15.000011295.8145   19.9687
    0.0000  -37.5000  -15.000011811.1924   20.0859
    7.5000  -37.5000  -15.000011246.6348   20.0584
   -7.5000  -30.0000  -15.000012391.5430   20.1357
    0.0000  -30.0000  -15.000012967.5312   20.2535
    7.5000  -30.0000  -15.000012328.7461   20.2264
   -7.5000  -22.5000  -15.000013494.5449   20.2712
    0.0000  -22.5000  -15.000014128.9707   20.3853
    7.5000  -22.5000  -15.000013428.0420   20.3590
   -7.5000  -15.0000  -15.000014547.6328   20.2456
    0.0000  -15.0000  -15.000015280.7139   20.3548
    7.5000  -15.0000  -15.000014480.5996   20.3296
   -7.5000   -7.5000  -15.000015578.4971   20.0709
    0.0000   -7.5000  -15.000016410.5352   20.1797
    7.5000   -7.5000  -15.000015487.2275   20.1543
   -7.5000    0.0000  -15.000016374.7646   19.9336
    0.0000    0.0000  -15.000017224.0020   20.0467
    7.5000    0.0000  -15.000016253.2295   20.0198
   -7.5000    7.5000  -15.000015746.6631   19.9687
    0.0000    7.5000  -15.000016562.9102   20.0859
    7.5000    7.5000  -15.000015623.2871   20.0584
   -7.5000   15.0000  -15.000014981.9961   20.1357
    0.0000   15.0000  -15.000015756.9932   20.2535
    7.5000   15.0000  -15.000014821.0977   20.2264
   -7.5000   22.5000  -15.000014017.3926   20.2641
    0.0000   22.5000  -15.000014744.2178   20.3780
    7.5000   22.5000  -15.000013867.6436   20.3518
   -7.5000   30.0000  -15.000012989.0986   19.9836
    0.0000   30.0000  -15.000013659.4600   20.0914
    7.5000   30.0000  -15.000012832.2812   20.0665
   -7.5000   37.5000  -15.000012418.1582   19.8111
    0.0000   37.5000  -15.000013043.9521   19.9185
    7.5000   37.5000  -15.000012247.9863   19.8935
   -7.5000   45.0000  -15.000011358.9395   19.2087
    0.0000   45.0000  -15.000011938.3174   19.3176
    7.5000   45.0000  -15.000011199.4912   19.2917
   -7.5000  -45.0000   -7.500011250.3174   19.8726
    0.0000  -45.0000   -7.500011749.4033   19.9865
    7.5000  -45.0000   -7.500011194.5254   19.9615
   -7.5000  -37.5000   -7.500012030.9912   19.9169
    0.0000  -37.5000   -7.500012546.0586   20.0365
    7.5000  -37.5000   -7.500011945.4521   20.0122
   -7.5000  -30.0000   -7.500013231.5938   20.0865
    0.0000  -30.0000   -7.500013781.2686   20.2084
    7.5000  -30.0000   -7.500013114.0088   20.1819
   -7.5000  -22.5000   -7.500014390.0127   20.2152
    0.0000  -22.5000   -7.500015027.9541   20.3330
    7.5000  -22.5000   -7.500014257.7451   20.3032
   -7.5000  -15.0000   -7.500015509.5059   20.1809
    0.0000  -15.0000   -7.500016251.7070   20.2921
    7.5000  -15.0000   -7.500015373.1201   20.2616
   -7.5000   -7.5000   -7.500016633.0508   20.0037
    0.0000   -7.5000   -7.500017442.2617   20.1133
    7.5000   -7.5000   -7.500016460.2930   20.0856
   -7.5000    0.0000   -7.500017506.0605   19.8726
    0.0000    0.0000   -7.500018332.0137   19.9865
    7.5000    0.0000   -7.500017303.7930   19.9615
   -7.5000    7.5000   -7.500016850.8027   19.9169
    0.0000    7.5000   -7.500017636.9414   20.0365
    7.5000    7.5000   -7.500016645.9062   20.0122
   -7.5000   15.0000   -7.500015992.4492   20.0865
    0.0000   15.0000   -7.500016743.1953   20.2084
    7.5000   15.0000   -7.500015764.5977   20.1819
   -7.5000   22.5000   -7.500014959.8047   20.2058
    0.0000   22.5000   -7.500015678.8779   20.3236
    7.5000   22.5000   -7.500014738.8330   20.2938
   -7.5000   30.0000   -7.500013865.5146   19.9192
    0.0000   30.0000   -7.500014558.7285   20.0289
    7.5000   30.0000   -7.500013667.6250   19.9989
   -7.5000   37.5000   -7.500013266.1953   19.7443
    0.0000   37.5000   -7.500013921.6182   19.8525
    7.5000   37.5000   -7.500013044.9141   19.8251
   -7.5000   45.0000   -7.500012110.9990   19.1535
    0.0000   45.0000   -7.500012706.3477   19.2632
    7.5000   45.0000   -7.500011908.6113   19.2391
   -7.5000  -45.0000    0.000011844.5977   19.6671
    0.0000  -45.0000    0.000012372.0518   19.7791
    7.5000  -45.0000    0.000011767.5596   19.7590
   -7.5000  -37.5000    0.000012730.2764   19.7235
    0.0000  -37.5000    0.000013267.5566   19.8404
    7.5000  -37.5000    0.000012592.3584   19.8233
   -7.5000  -30.0000    0.000014080.6992   19.8974
    0.0000  -30.0000    0.000014625.1748   20.0200
    7.5000  -30.0000    0.000013893.2217   20.0005
   -7.5000  -22.5000    0.000015326.5713   20.0180
    0.0000  -22.5000    0.000015972.7568   20.1410
    7.5000  -22.5000    0.000015094.7100   20.1153
   -7.5000  -15.0000    0.000016497.3770   19.9722
    0.0000  -15.0000    0.000017203.4238   20.0891
    7.5000  -15.0000    0.000016206.1240   20.0602
   -7.5000   -7.5000    0.000017695.5234   19.7908
    0.0000   -7.5000    0.000018395.8105   19.9028
    7.5000   -7.5000    0.000017360.3770   19.8770
   -7.5000    0.0000    0.000018625.7266   19.6671
    0.0000    0.0000    0.000019335.7188   19.7791
    7.5000    0.0000    0.000018267.2148   19.7590
   -7.5000    7.5000    0.000017902.5371   19.7235
    0.0000    7.5000    0.000018615.9688   19.8404
    7.5000    7.5000    0.000017588.5488   19.8233
   -7.5000   15.0000    0.000016988.3418   19.8974
    0.0000   15.0000    0.000017705.6250   20.0200
    7.5000   15.0000    0.000016684.9102   20.0005
   -7.5000   22.5000    0.000015929.4863   20.0088
    0.0000   22.5000    0.000016629.3379   20.1317
    7.5000   22.5000    0.000015630.6455   20.1061
   -7.5000   30.0000    0.000014778.6758   19.7137
    0.0000   30.0000    0.000015456.6816   19.8291
    7.5000   30.0000    0.000014504.0186   19.8005
   -7.5000   37.5000    0.000014142.4521   19.5347
    0.0000   37.5000    0.000014814.6318   19.6453
    7.5000   37.5000    0.000013861.9697   19.6198
   -7.5000   45.0000    0.000012880.6309   18.9568
    0.0000   45.0000    0.000013508.9053   19.0648
    7.5000   45.0000    0.000012650.4619   19.0454
   -7.5000  -45.0000    7.500011544.4131   19.9159
    0.0000  -45.0000    7.500012056.7090   20.0266
    7.5000  -45.0000    7.500011451.8613   20.0078
   -7.5000  -37.5000    7.500012437.0400   19.9755
    0.0000  -37.5000    7.500012987.2529   20.0885
    7.5000  -37.5000    7.500012318.5088   20.0734
   -7.5000  -30.0000    7.500013861.1035   20.1548
    0.0000  -30.0000    7.500014457.4883   20.2752
    7.5000  -30.0000    7.500013671.2432   20.2593
   -7.5000  -22.5000    7.500015276.0654   20.2773
    0.0000  -22.5000    7.500015913.9541   20.4021
    7.5000  -22.5000    7.500014927.9824   20.3817
   -7.5000  -15.0000    7.500016516.4941   20.2278
    0.0000  -15.0000    7.500017071.0840   20.3493
    7.5000  -15.0000    7.500016018.4482   20.3247
   -7.5000   -7.5000    7.500017608.8672   20.0413
    0.0000   -7.5000    7.500018075.5820   20.1560
    7.5000   -7.5000    7.500017069.0078   20.1326
   -7.5000    0.0000    7.500018421.5000   19.9159
    0.0000    0.0000    7.500018962.9570   20.0266
    7.5000    0.0000    7.500017942.8750   20.0078
   -7.5000    7.5000    7.500017713.8066   19.9755
    0.0000    7.5000    7.500018361.9238   20.0885
    7.5000    7.5000    7.500017350.8359   20.0734
   -7.5000   15.0000    7.500016788.1406   20.1548
    0.0000   15.0000    7.500017511.2852   20.2752
    7.5000   15.0000    7.500016479.6562   20.2593
   -7.5000   22.5000    7.500015727.2412   20.2679
    0.0000   22.5000    7.500016482.6934   20.3927
    7.5000   22.5000    7.500015450.9287   20.3723
   -7.5000   30.0000    7.500014598.4531   19.9660
    0.0000   30.0000    7.500015321.7510   20.0859
    7.5000   30.0000    7.500014330.7158   20.0617
   -7.5000   37.5000    7.500013982.8955   19.7819
    0.0000   37.5000    7.500014665.8887   19.8952
    7.5000   37.5000    7.500013704.6895   19.8720
   -7.5000   45.0000    7.500012759.6748   19.1966
    0.0000   45.0000    7.500013377.6914   19.3033
    7.5000   45.0000    7.500012503.8643   19.2852
   -7.5000  -45.0000   15.000011176.6855   20.2227
    0.0000  -45.0000   15.000011663.8408   20.3315
    7.5000  -45.0000   15.000011051.9404   20.3084
   -7.5000  -37.5000   15.000012018.5098   20.2706
    0.0000  -37.5000   15.000012519.1504   20.3803
    7.5000  -37.5000   15.000011883.6846   20.3602
   -7.5000  -30.0000   15.000013469.3770   20.4489
    0.0000  -30.0000   15.000014086.7070   20.5637
    7.5000  -30.0000   15.000013260.2773   20.5453
   -7.5000  -22.5000   15.000015088.1885   20.5818
    0.0000  -22.5000   15.000015840.4922   20.7008
    7.5000  -22.5000   15.000014672.4971   20.6810
   -7.5000  -15.0000   15.000016455.0859   20.5430
    0.0000  -15.0000   15.000017123.4375   20.6604
    7.5000  -15.0000   15.000015944.6465   20.6376
   -7.5000   -7.5000   15.000017349.7539   20.3578
    0.0000   -7.5000   15.000017980.8164   20.4702
    7.5000   -7.5000   15.000016960.9180   20.4457
   -7.5000    0.0000   15.000018046.4082   20.2227
    0.0000    0.0000   15.000018732.4551   20.3315
    7.5000    0.0000   15.000017730.6953   20.3084
   -7.5000    7.5000   15.000017309.1875   20.2706
    0.0000    7.5000   15.000018084.8965   20.3803
    7.5000    7.5000   15.000017069.5645   20.3602
   -7.5000   15.0000   15.000016366.1055   20.4489
    0.0000   15.0000   15.000017179.3848   20.5637
    7.5000   15.0000   15.000016160.3203   20.5453
   -7.5000   22.5000   15.000015312.2139   20.5723
    0.0000   22.5000   15.000016104.3584   20.6913
    7.5000   22.5000   15.000015098.8398   20.6715
   -7.5000   30.0000   15.000014230.8232   20.2771
    0.0000   30.0000   15.000014950.0322   20.3931
    7.5000   30.0000   15.000013977.3486   20.3705
   -7.5000   37.5000   15.000013649.9336   20.0944
    0.0000   37.5000   15.000014321.5693   20.2052
    7.5000   37.5000   15.000013383.0176   20.1811
   -7.5000   45.0000   15.000012458.1211   19.4924
    0.0000   45.0000   15.000013073.6572   19.5972
    7.5000   45.0000   15.000012211.8008   19.5749
   -7.5000  -45.0000   22.500010698.2490   20.5819
    0.0000  -45.0000   22.500011172.6807   20.6904
    7.5000  -45.0000   22.500010581.7031   20.6608
   -7.5000  -37.5000   22.500011516.3145   20.6152
    0.0000  -37.5000   22.500012020.0332   20.7258
    7.5000  -37.5000   22.500011381.3369   20.6970
   -7.5000  -30.0000   22.500012915.0869   20.7883
    0.0000  -30.0000   22.500013544.2471   20.9008
    7.5000  -30.0000   22.500012725.7412   20.8743
   -7.5000  -22.5000   22.500014286.6553   20.9308
    0.0000  -22.5000   22.500015209.4854   21.0434
    7.5000  -22.5000   22.500014112.0225   21.0185
   -7.5000  -15.0000   22.500015374.4854   20.9061
    0.0000  -15.0000   22.500016463.3477   21.0164
    7.5000  -15.0000   22.500015417.1572   20.9908
   -7.5000   -7.5000   22.500016330.8535   20.7259
    0.0000   -7.5000   22.500017401.9512   20.8340
    7.5000   -7.5000   22.500016496.7500   20.8062
   -7.5000    0.0000   22.500017159.1309   20.5819
    0.0000    0.0000   22.500018151.7988   20.6904
    7.5000    0.0000   22.500017176.1914   20.6608
   -7.5000    7.5000   22.500016519.4980   20.6152
    0.0000    7.5000   22.500017402.2520   20.7258
    7.5000    7.5000   22.500016446.5840   20.6970
   -7.5000   15.0000   22.500015629.2568   20.7883
    0.0000   15.0000   22.500016417.7168   20.9008
    7.5000   15.0000   22.500015511.7012   20.8743
   -7.5000   22.5000   22.500014647.0898   20.9211
    0.0000   22.5000   22.500015354.1543   21.0338
    7.5000   22.5000   22.500014466.9316   21.0088
   -7.5000   30.0000   22.500013661.5381   20.6355
    0.0000   30.0000   22.500014297.9307   20.7444
    7.5000   30.0000   22.500013406.4941   20.7192
   -7.5000   37.5000   22.500013145.1689   20.4576
    0.0000   37.5000   22.500013746.7676   20.5644
    7.5000   37.5000   22.500012865.4404   20.5369
   -7.5000   45.0000   22.500012021.9609   19.8386
    0.0000   45.0000   22.500012587.5391   19.9432
    7.5000   45.0000   22.500011771.7549   19.9147
   -7.5000  -45.0000   30.000010148.7471   21.0240
    0.0000  -45.0000   30.000010625.2285   21.1341
    7.5000  -45.0000   30.000010068.1953   21.1003
   -7.5000  -37.5000   30.000010909.8818   21.0543
    0.0000  -37.5000   30.000011413.2295   21.1688
    7.5000  -37.5000   30.000010809.5615   21.1342
   -7.5000  -30.0000   30.000012109.7432   21.2249
    0.0000  -30.0000   30.000012726.9805   21.3398
    7.5000  -30.0000   30.000011999.7686   21.3054
   -7.5000  -22.5000   30.000013238.1738   21.3689
    0.0000  -22.5000   30.000014010.6104   21.4796
    7.5000  -22.5000   30.000013223.1504   21.4462
   -7.5000  -15.0000   30.000014247.0596   21.3476
    0.0000  -15.0000   30.000015088.5557   21.4532
    7.5000  -15.0000   30.000014385.4287   21.4211
   -7.5000   -7.5000   30.000015284.3252   21.1691
    0.0000   -7.5000   30.000016142.4326   21.2745
    7.5000   -7.5000   30.000015382.3408   21.2423
   -7.5000    0.0000   30.000016204.4580   21.0240
    0.0000    0.0000   30.000017046.1523   21.1341
    7.5000    0.0000   30.000016155.3799   21.1003
   -7.5000    7.5000   30.000015638.7490   21.0543
    0.0000    7.5000   30.000016431.9727   21.1688
    7.5000    7.5000   30.000015556.5654   21.1342
   -7.5000   15.0000   30.000014810.3574   21.2249
    0.0000   15.0000   30.000015552.2432   21.3398
    7.5000   15.0000   30.000014687.6768   21.3054
   -7.5000   22.5000   30.000013897.4424   21.3590
    0.0000   22.5000   30.000014582.9375   21.4697
    7.5000   22.5000   30.000013727.0713   21.4363
   -7.5000   30.0000   30.000012962.1738   21.0713
    0.0000   30.0000   30.000013591.4199   21.1756
    7.5000   30.0000   30.000012756.8018   21.1439
   -7.5000   37.5000   30.000012494.2188   20.8952
    0.0000   37.5000   30.000013077.7803   20.9992
    7.5000   37.5000   30.000012273.5215   20.9674
   -7.5000   45.0000   30.000011454.1289   20.2648
    0.0000   45.0000   30.000011973.5576   20.3708
    7.5000   45.0000   30.000011232.4004   20.3383
   -7.5000  -45.0000   37.5000 9940.7891   21.3185
    0.0000  -45.0000   37.500010390.8438   21.4276
    7.5000  -45.0000   37.5000 9865.1572   21.3923
   -7.5000  -37.5000   37.500010690.3232   21.3586
    0.0000  -37.5000   37.500011166.4541   21.4742
    7.5000  -37.5000   37.500010577.9785   21.4400
   -7.5000  -30.0000   37.500011807.9141   21.5328
    0.0000  -30.0000   37.500012361.8896   21.6510
    7.5000  -30.0000   37.500011694.3965   21.6143
   -7.5000  -22.5000   37.500012860.0645   21.6710
    0.0000  -22.5000   37.500013468.4199   21.7844
    7.5000  -22.5000   37.500012847.4287   21.7438
   -7.5000  -15.0000   37.500013882.6777   21.6409
    0.0000  -15.0000   37.500014500.6787   21.7466
    7.5000  -15.0000   37.500013932.8184   21.7052
   -7.5000   -7.5000   37.500014972.3301   21.4585
    0.0000   -7.5000   37.500015633.4248   21.5624
    7.5000   -7.5000   37.500014964.7119   21.5240
   -7.5000    0.0000   37.500015842.8750   21.3185
    0.0000    0.0000   37.500016555.2070   21.4276
    7.5000    0.0000   37.500015753.6885   21.3923
   -7.5000    7.5000   37.500015339.5264   21.3586
    0.0000    7.5000   37.500016032.2871   21.4742
    7.5000    7.5000   37.500015217.7861   21.4400
   -7.5000   15.0000   37.500014573.5459   21.5328
    0.0000   15.0000   37.500015237.2773   21.6510
    7.5000   15.0000   37.500014413.2676   21.6143
   -7.5000   22.5000   37.500013679.9004   21.6610
    0.0000   22.5000   37.500014315.4629   21.7744
    7.5000   22.5000   37.500013488.5693   21.7338
   -7.5000   30.0000   37.500012720.2627   21.3609
    0.0000   30.0000   37.500013326.1533   21.4651
    7.5000   30.0000   37.500012538.4414   21.4243
   -7.5000   37.5000   37.500012239.1953   21.1808
    0.0000   37.5000   37.500012804.5010   21.2833
    7.5000   37.5000   37.500012069.4404   21.2454
   -7.5000   45.0000   37.500011242.0000   20.5486
    0.0000   45.0000   37.500011762.0762   20.6537
    7.5000   45.0000   37.500011074.4658   20.6197
   -7.5000  -45.0000   45.0000 9402.8438   21.8799
    0.0000  -45.0000   45.0000 9796.1465   21.9917
    7.5000  -45.0000   45.0000 9310.5557   21.9608
   -7.5000  -37.5000   45.000010092.6602   21.9375
    0.0000  -37.5000   45.000010530.0654   22.0555
    7.5000  -37.5000   45.0000 9992.9766   22.0280
   -7.5000  -30.0000   45.000011123.4131   22.1235
    0.0000  -30.0000   45.000011622.8789   22.2489
    7.5000  -30.0000   45.000011060.2412   22.2184
   -7.5000  -22.5000   45.000012098.4209   22.2564
    0.0000  -22.5000   45.000012631.1875   22.3818
    7.5000  -22.5000   45.000012089.1357   22.3440
   -7.5000  -15.0000   45.000013073.2686   22.2092
    0.0000  -15.0000   45.000013613.5225   22.3270
    7.5000  -15.0000   45.000013068.4521   22.2853
   -7.5000   -7.5000   45.000014093.5742   22.0144
    0.0000   -7.5000   45.000014665.9678   22.1260
    7.5000   -7.5000   45.000014046.3242   22.0882
   -7.5000    0.0000   45.000014915.8018   21.8799
    0.0000    0.0000   45.000015526.9756   21.9917
    7.5000    0.0000   45.000014822.4707   21.9608
   -7.5000    7.5000   45.000014455.4209   21.9375
    0.0000    7.5000   45.000015059.2676   22.0555
    7.5000    7.5000   45.000014351.0176   22.0280
   -7.5000   15.0000   45.000013743.5615   22.1235
    0.0000   15.0000   45.000014346.4336   22.2489
    7.5000   15.0000   45.000013613.5312   22.2184
   -7.5000   22.5000   45.000012910.6504   22.2460
    0.0000   22.5000   45.000013492.8867   22.3714
    7.5000   22.5000   45.000012760.9570   22.3337
   -7.5000   30.0000   45.000012009.8398   21.9199
    0.0000   30.0000   45.000012555.3027   22.0361
    7.5000   30.0000   45.000011844.2646   21.9949
   -7.5000   37.5000   45.000011524.2363   21.7276
    0.0000   37.5000   45.000012043.1455   21.8378
    7.5000   37.5000   45.000011366.4551   21.8004
   -7.5000   45.0000   45.000010569.2822   21.0993
    0.0000   45.0000   45.000011047.3330   21.2071
    7.5000   45.0000   45.000010445.8828   21.1772

---------------------------------------------------------------------
imgreg_4dfp /opt/freesurfer/average/711-2C_as_mni_average_305 /opt/freesurfer/average/711-2B_as_mni_average_305_mask talsrcimg_g11 none talsrcimg_to_711-2C_as_mni_average_305_t4 4355
---------------------------------------------------------------------

freesurfer imgreg_4dfp.c
/opt/freesurfer/average/711-2C_as_mni_average_305.4dfp.img
       256       256       256         1
  1.000000  1.000000  1.000000
orientation T byte_order littleendian
Reading image: /opt/freesurfer/average/711-2C_as_mni_average_305.4dfp.img
dimensions:      256       256       256
mmppix:       1.0000   -1.0000   -1.0000
center:     128.0000 -129.0000 -129.0000
/opt/freesurfer/average/711-2B_as_mni_average_305_mask.4dfp.img
       256       256       256         1
  1.000000  1.000000  1.000000
orientation T byte_order littleendian
Reading mask: /opt/freesurfer/average/711-2B_as_mni_average_305_mask.4dfp.img (2306576 pixels)
talsrcimg_g11.4dfp.img
       320       320       320         1
  0.800000  0.800000  0.800000
orientation T byte_order littleendian
Reading image: talsrcimg_g11.4dfp.img
dimensions:      320       320       320
mmppix:       0.8000   -0.8000   -0.8000
center:     128.0000 -128.8000 -128.8000
rotation matrix determinant  1.000000
image alignment mode   4355 decimal     1103 hex
   -7.5000  -45.0000  -45.0000 2425.2566   29.4735
    0.0000  -45.0000  -45.0000 2436.2183   29.4108
    7.5000  -45.0000  -45.0000 2428.9739   29.3887
   -7.5000  -37.5000  -45.0000 2484.9702   27.5143
    0.0000  -37.5000  -45.0000 2493.6428   27.4550
    7.5000  -37.5000  -45.0000 2491.7883   27.4730
   -7.5000  -30.0000  -45.0000 2519.9976   26.0199
    0.0000  -30.0000  -45.0000 2529.4854   25.9630
    7.5000  -30.0000  -45.0000 2526.0522   25.9434
   -7.5000  -22.5000  -45.0000 2549.8997   24.8436
    0.0000  -22.5000  -45.0000 2557.6455   24.7939
    7.5000  -22.5000  -45.0000 2554.1357   24.7595
   -7.5000  -15.0000  -45.0000 2568.7527   24.1280
    0.0000  -15.0000  -45.0000 2578.9775   24.0534
    7.5000  -15.0000  -45.0000 2574.2915   24.0458
   -7.5000   -7.5000  -45.0000 2573.6233   23.8121
    0.0000   -7.5000  -45.0000 2588.7712   23.7628
    7.5000   -7.5000  -45.0000 2580.7725   23.7388
   -7.5000    0.0000  -45.0000 2572.8972   23.8070
    0.0000    0.0000  -45.0000 2587.2744   23.7483
    7.5000    0.0000  -45.0000 2579.5386   23.7546
   -7.5000    7.5000  -45.0000 2558.7996   24.2280
    0.0000    7.5000  -45.0000 2568.4622   24.1574
    7.5000    7.5000  -45.0000 2558.6384   24.1680
   -7.5000   15.0000  -45.0000 2526.5647   25.0711
    0.0000   15.0000  -45.0000 2531.7715   24.9853
    7.5000   15.0000  -45.0000 2527.1919   25.0472
   -7.5000   22.5000  -45.0000 2471.9290   26.3689
    0.0000   22.5000  -45.0000 2472.4368   26.2676
    7.5000   22.5000  -45.0000 2469.9333   26.3921
   -7.5000   30.0000  -45.0000 2404.5249   28.0844
    0.0000   30.0000  -45.0000 2400.8936   27.9333
    7.5000   30.0000  -45.0000 2402.9229   28.1596
   -7.5000   37.5000  -45.0000 2335.9114   30.2048
    0.0000   37.5000  -45.0000 2330.6909   29.9869
    7.5000   37.5000  -45.0000 2331.6926   30.2495
   -7.5000   45.0000  -45.0000 2251.7461   32.9934
    0.0000   45.0000  -45.0000 2248.1592   32.7309
    7.5000   45.0000  -45.0000 2248.5344   32.9993
   -7.5000  -45.0000  -37.5000 2459.6885   28.2341
    0.0000  -45.0000  -37.5000 2465.8262   28.1713
    7.5000  -45.0000  -37.5000 2458.7222   28.2097
   -7.5000  -37.5000  -37.5000 2522.0510   26.2877
    0.0000  -37.5000  -37.5000 2532.0029   26.2966
    7.5000  -37.5000  -37.5000 2524.5906   26.3060
   -7.5000  -30.0000  -37.5000 2561.3638   24.8363
    0.0000  -30.0000  -37.5000 2576.5952   24.8528
    7.5000  -30.0000  -37.5000 2568.4480   24.8668
   -7.5000  -22.5000  -37.5000 2589.7766   23.7046
    0.0000  -22.5000  -37.5000 2609.5725   23.7132
    7.5000  -22.5000  -37.5000 2599.1301   23.7209
   -7.5000  -15.0000  -37.5000 2610.1228   22.9808
    0.0000  -15.0000  -37.5000 2629.6790   22.9841
    7.5000  -15.0000  -37.5000 2617.8208   22.9775
   -7.5000   -7.5000  -37.5000 2618.2004   22.6241
    0.0000   -7.5000  -37.5000 2636.7061   22.6128
    7.5000   -7.5000  -37.5000 2623.4749   22.6002
   -7.5000    0.0000  -37.5000 2620.9187   22.5357
    0.0000    0.0000  -37.5000 2637.4978   22.5716
    7.5000    0.0000  -37.5000 2625.7612   22.5607
   -7.5000    7.5000  -37.5000 2612.8127   22.9194
    0.0000    7.5000  -37.5000 2627.3123   22.9396
    7.5000    7.5000  -37.5000 2611.1543   22.9257
   -7.5000   15.0000  -37.5000 2578.8579   23.7108
    0.0000   15.0000  -37.5000 2588.6890   23.7475
    7.5000   15.0000  -37.5000 2577.4202   23.7448
   -7.5000   22.5000  -37.5000 2522.3052   24.9794
    0.0000   22.5000  -37.5000 2530.5051   24.9871
    7.5000   22.5000  -37.5000 2517.5432   25.0120
   -7.5000   30.0000  -37.5000 2450.8462   26.5969
    0.0000   30.0000  -37.5000 2456.5232   26.5783
    7.5000   30.0000  -37.5000 2448.1519   26.6897
   -7.5000   37.5000  -37.5000 2373.4656   28.5757
    0.0000   37.5000  -37.5000 2374.6326   28.4745
    7.5000   37.5000  -37.5000 2370.2842   28.6352
   -7.5000   45.0000  -37.5000 2290.9595   31.1463
    0.0000   45.0000  -37.5000 2287.7534   30.9953
    7.5000   45.0000  -37.5000 2286.2375   31.2081
   -7.5000  -45.0000  -30.0000 2560.9119   27.7738
    0.0000  -45.0000  -30.0000 2569.1541   27.7000
    7.5000  -45.0000  -30.0000 2562.0088   27.7141
   -7.5000  -37.5000  -30.0000 2624.7341   25.7180
    0.0000  -37.5000  -30.0000 2637.9229   25.7029
    7.5000  -37.5000  -30.0000 2628.8264   25.6881
   -7.5000  -30.0000  -30.0000 2668.9580   24.2375
    0.0000  -30.0000  -30.0000 2684.9492   24.2556
    7.5000  -30.0000  -30.0000 2677.4495   24.2716
   -7.5000  -22.5000  -30.0000 2703.3918   23.1567
    0.0000  -22.5000  -30.0000 2721.4526   23.1824
    7.5000  -22.5000  -30.0000 2714.4844   23.1885
   -7.5000  -15.0000  -30.0000 2727.9453   22.4389
    0.0000  -15.0000  -30.0000 2747.7544   22.4466
    7.5000  -15.0000  -30.0000 2737.9263   22.4452
   -7.5000   -7.5000  -30.0000 2738.3333   22.0629
    0.0000   -7.5000  -30.0000 2759.7439   22.0681
    7.5000   -7.5000  -30.0000 2748.0942   22.0652
   -7.5000    0.0000  -30.0000 2736.2153   21.9453
    0.0000    0.0000  -30.0000 2761.8064   22.0127
    7.5000    0.0000  -30.0000 2746.2842   21.9865
   -7.5000    7.5000  -30.0000 2729.8818   22.2419
    0.0000    7.5000  -30.0000 2752.4097   22.2980
    7.5000    7.5000  -30.0000 2733.6575   22.2933
   -7.5000   15.0000  -30.0000 2695.4873   22.9685
    0.0000   15.0000  -30.0000 2711.5371   23.0621
    7.5000   15.0000  -30.0000 2698.2744   23.0469
   -7.5000   22.5000  -30.0000 2634.0264   24.1759
    0.0000   22.5000  -30.0000 2647.6021   24.2575
    7.5000   22.5000  -30.0000 2635.0854   24.3020
   -7.5000   30.0000  -30.0000 2561.3105   25.7875
    0.0000   30.0000  -30.0000 2571.1001   25.8268
    7.5000   30.0000  -30.0000 2562.6504   25.9096
   -7.5000   37.5000  -30.0000 2478.7542   27.6715
    0.0000   37.5000  -30.0000 2486.1099   27.6253
    7.5000   37.5000  -30.0000 2481.3477   27.7429
   -7.5000   45.0000  -30.0000 2380.7078   30.0835
    0.0000   45.0000  -30.0000 2385.0308   30.0386
    7.5000   45.0000  -30.0000 2383.9272   30.2289
   -7.5000  -45.0000  -22.5000 2626.4099   27.2766
    0.0000  -45.0000  -22.5000 2640.0034   27.1613
    7.5000  -45.0000  -22.5000 2635.3879   27.1280
   -7.5000  -37.5000  -22.5000 2691.7981   25.1734
    0.0000  -37.5000  -22.5000 2705.3782   25.0975
    7.5000  -37.5000  -22.5000 2698.1182   25.0473
   -7.5000  -30.0000  -22.5000 2734.5227   23.5974
    0.0000  -30.0000  -22.5000 2749.1331   23.5515
    7.5000  -30.0000  -22.5000 2743.6018   23.5440
   -7.5000  -22.5000  -22.5000 2780.7529   22.4985
    0.0000  -22.5000  -22.5000 2789.7439   22.4818
    7.5000  -22.5000  -22.5000 2787.9336   22.5194
   -7.5000  -15.0000  -22.5000 2808.8672   21.7698
    0.0000  -15.0000  -22.5000 2825.4475   21.7958
    7.5000  -15.0000  -22.5000 2818.7139   21.8089
   -7.5000   -7.5000  -22.5000 2824.2451   21.4022
    0.0000   -7.5000  -22.5000 2843.5081   21.4205
    7.5000   -7.5000  -22.5000 2836.5066   21.4466
   -7.5000    0.0000  -22.5000 2820.4187   21.2978
    0.0000    0.0000  -22.5000 2843.6772   21.3631
    7.5000    0.0000  -22.5000 2832.4373   21.3750
   -7.5000    7.5000  -22.5000 2805.5842   21.5464
    0.0000    7.5000  -22.5000 2825.3342   21.5827
    7.5000    7.5000  -22.5000 2814.3987   21.6138
   -7.5000   15.0000  -22.5000 2772.7166   22.2124
    0.0000   15.0000  -22.5000 2791.6689   22.2631
    7.5000   15.0000  -22.5000 2778.1030   22.2843
   -7.5000   22.5000  -22.5000 2713.2197   23.3489
    0.0000   22.5000  -22.5000 2729.0649   23.4127
    7.5000   22.5000  -22.5000 2714.9956   23.4505
   -7.5000   30.0000  -22.5000 2636.0408   24.9220
    0.0000   30.0000  -22.5000 2646.9895   24.9402
    7.5000   30.0000  -22.5000 2639.0266   25.0031
   -7.5000   37.5000  -22.5000 2551.4016   26.7383
    0.0000   37.5000  -22.5000 2559.7231   26.7153
    7.5000   37.5000  -22.5000 2554.6326   26.8005
   -7.5000   45.0000  -22.5000 2450.6729   29.0788
    0.0000   45.0000  -22.5000 2458.2952   29.0834
    7.5000   45.0000  -22.5000 2450.6812   29.1916
   -7.5000  -45.0000  -15.0000 2663.5618   26.7732
    0.0000  -45.0000  -15.0000 2671.8137   26.5683
    7.5000  -45.0000  -15.0000 2668.2949   26.5093
   -7.5000  -37.5000  -15.0000 2733.0791   24.6594
    0.0000  -37.5000  -15.0000 2743.5627   24.5103
    7.5000  -37.5000  -15.0000 2738.9978   24.4929
   -7.5000  -30.0000  -15.0000 2771.5120   23.0282
    0.0000  -30.0000  -15.0000 2783.1318   22.9248
    7.5000  -30.0000  -15.0000 2779.7561   22.8991
   -7.5000  -22.5000  -15.0000 2814.1296   21.8496
    0.0000  -22.5000  -15.0000 2823.9675   21.7693
    7.5000  -22.5000  -15.0000 2822.6826   21.7994
   -7.5000  -15.0000  -15.0000 2850.2383   21.1038
    0.0000  -15.0000  -15.0000 2861.4241   21.0770
    7.5000  -15.0000  -15.0000 2861.0156   21.1223
   -7.5000   -7.5000  -15.0000 2869.6831   20.7098
    0.0000   -7.5000  -15.0000 2883.8723   20.7246
    7.5000   -7.5000  -15.0000 2881.0938   20.7536
   -7.5000    0.0000  -15.0000 2873.2644   20.6553
    0.0000    0.0000  -15.0000 2886.8936   20.6566
    7.5000    0.0000  -15.0000 2881.0798   20.6934
   -7.5000    7.5000  -15.0000 2861.9758   20.9262
    0.0000    7.5000  -15.0000 2871.2751   20.8770
    7.5000    7.5000  -15.0000 2865.7275   20.9268
   -7.5000   15.0000  -15.0000 2824.5378   21.5289
    0.0000   15.0000  -15.0000 2833.6323   21.5074
    7.5000   15.0000  -15.0000 2824.1460   21.5584
   -7.5000   22.5000  -15.0000 2760.9746   22.5754
    0.0000   22.5000  -15.0000 2771.7720   22.5910
    7.5000   22.5000  -15.0000 2759.4563   22.6416
   -7.5000   30.0000  -15.0000 2683.2488   24.0766
    0.0000   30.0000  -15.0000 2693.1099   24.0457
    7.5000   30.0000  -15.0000 2679.8418   24.0908
   -7.5000   37.5000  -15.0000 2595.0779   25.8853
    0.0000   37.5000  -15.0000 2603.1621   25.8923
    7.5000   37.5000  -15.0000 2592.7812   25.9051
   -7.5000   45.0000  -15.0000 2489.0283   28.1879
    0.0000   45.0000  -15.0000 2496.7837   28.2814
    7.5000   45.0000  -15.0000 2483.8240   28.3205
   -7.5000  -45.0000   -7.5000 2674.9326   26.3402
    0.0000  -45.0000   -7.5000 2679.8499   26.0335
    7.5000  -45.0000   -7.5000 2679.5864   26.0465
   -7.5000  -37.5000   -7.5000 2746.9907   24.1846
    0.0000  -37.5000   -7.5000 2750.4814   23.8935
    7.5000  -37.5000   -7.5000 2752.4836   23.9306
   -7.5000  -30.0000   -7.5000 2793.9424   22.5448
    0.0000  -30.0000   -7.5000 2798.1821   22.3258
    7.5000  -30.0000   -7.5000 2797.7686   22.3478
   -7.5000  -22.5000   -7.5000 2830.9128   21.2909
    0.0000  -22.5000   -7.5000 2834.4326   21.1064
    7.5000  -22.5000   -7.5000 2833.7488   21.1441
   -7.5000  -15.0000   -7.5000 2866.0867   20.4439
    0.0000  -15.0000   -7.5000 2872.6687   20.3277
    7.5000  -15.0000   -7.5000 2872.3589   20.4060
   -7.5000   -7.5000   -7.5000 2892.5383   20.0210
    0.0000   -7.5000   -7.5000 2900.8184   19.9592
    7.5000   -7.5000   -7.5000 2898.9463   20.0100
   -7.5000    0.0000   -7.5000 2903.7905   20.0093
    0.0000    0.0000   -7.5000 2906.2031   19.8957
    7.5000    0.0000   -7.5000 2908.1599   19.9842
   -7.5000    7.5000   -7.5000 2894.5801   20.2715
    0.0000    7.5000   -7.5000 2892.6279   20.1609
    7.5000    7.5000   -7.5000 2893.2988   20.2700
   -7.5000   15.0000   -7.5000 2853.3477   20.8362
    0.0000   15.0000   -7.5000 2854.6648   20.7787
    7.5000   15.0000   -7.5000 2849.7695   20.9072
   -7.5000   22.5000   -7.5000 2786.9299   21.8616
    0.0000   22.5000   -7.5000 2789.5408   21.8304
    7.5000   22.5000   -7.5000 2783.7061   21.9410
   -7.5000   30.0000   -7.5000 2707.1221   23.3043
    0.0000   30.0000   -7.5000 2715.1345   23.2657
    7.5000   30.0000   -7.5000 2707.3953   23.3825
   -7.5000   37.5000   -7.5000 2618.7083   25.0894
    0.0000   37.5000   -7.5000 2626.7378   25.0916
    7.5000   37.5000   -7.5000 2616.1982   25.2064
   -7.5000   45.0000   -7.5000 2505.0615   27.3729
    0.0000   45.0000   -7.5000 2508.6604   27.4452
    7.5000   45.0000   -7.5000 2500.2920   27.5289
   -7.5000  -45.0000    0.0000 2683.4814   26.1530
    0.0000  -45.0000    0.0000 2687.5605   25.7939
    7.5000  -45.0000    0.0000 2686.6672   25.8062
   -7.5000  -37.5000    0.0000 2758.4995   23.9988
    0.0000  -37.5000    0.0000 2760.3347   23.6264
    7.5000  -37.5000    0.0000 2759.3826   23.6324
   -7.5000  -30.0000    0.0000 2814.3860   22.3309
    0.0000  -30.0000    0.0000 2811.3225   21.9660
    7.5000  -30.0000    0.0000 2814.8428   22.0205
   -7.5000  -22.5000    0.0000 2853.5601   20.9917
    0.0000  -22.5000    0.0000 2849.1096   20.6672
    7.5000  -22.5000    0.0000 2850.6624   20.7428
   -7.5000  -15.0000    0.0000 2878.8186   19.9681
    0.0000  -15.0000    0.0000 2875.3213   19.7223
    7.5000  -15.0000    0.0000 2873.8413   19.8197
   -7.5000   -7.5000    0.0000 2907.6030   19.4829
    0.0000   -7.5000    0.0000 2899.8882   19.2583
    7.5000   -7.5000    0.0000 2902.0708   19.3892
   -7.5000    0.0000    0.0000 2923.7361   19.4932
    0.0000    0.0000    0.0000 2908.2761   19.2219
    7.5000    0.0000    0.0000 2915.3525   19.3880
   -7.5000    7.5000    0.0000 2913.7073   19.7665
    0.0000    7.5000    0.0000 2899.1328   19.5253
    7.5000    7.5000    0.0000 2907.1306   19.7356
   -7.5000   15.0000    0.0000 2872.7227   20.3822
    0.0000   15.0000    0.0000 2866.6335   20.2087
    7.5000   15.0000    0.0000 2870.6565   20.4655
   -7.5000   22.5000    0.0000 2811.7429   21.4129
    0.0000   22.5000    0.0000 2803.1428   21.2504
    7.5000   22.5000    0.0000 2805.4897   21.5135
   -7.5000   30.0000    0.0000 2726.6138   22.8239
    0.0000   30.0000    0.0000 2723.7000   22.6855
    7.5000   30.0000    0.0000 2722.2732   22.9195
   -7.5000   37.5000    0.0000 2634.7729   24.5308
    0.0000   37.5000    0.0000 2638.6836   24.4536
    7.5000   37.5000    0.0000 2631.9116   24.6254
   -7.5000   45.0000    0.0000 2516.4604   26.7338
    0.0000   45.0000    0.0000 2520.7061   26.6885
    7.5000   45.0000    0.0000 2516.3660   26.8761
   -7.5000  -45.0000    7.5000 2685.8635   26.1592
    0.0000  -45.0000    7.5000 2683.1868   25.7646
    7.5000  -45.0000    7.5000 2685.3748   25.7651
   -7.5000  -37.5000    7.5000 2762.1548   23.9562
    0.0000  -37.5000    7.5000 2759.5151   23.5906
    7.5000  -37.5000    7.5000 2761.2666   23.6261
   -7.5000  -30.0000    7.5000 2824.3247   22.2814
    0.0000  -30.0000    7.5000 2818.8694   21.9373
    7.5000  -30.0000    7.5000 2819.8835   21.9679
   -7.5000  -22.5000    7.5000 2875.3926   21.0233
    0.0000  -22.5000    7.5000 2866.0027   20.6246
    7.5000  -22.5000    7.5000 2863.7817   20.6550
   -7.5000  -15.0000    7.5000 2897.0259   19.9064
    0.0000  -15.0000    7.5000 2885.1343   19.4874
    7.5000  -15.0000    7.5000 2882.6213   19.6290
   -7.5000   -7.5000    7.5000 2916.1453   19.2181
    0.0000   -7.5000    7.5000 2895.7805   18.7749
    7.5000   -7.5000    7.5000 2896.7668   19.0731
   -7.5000    0.0000    7.5000 2928.4502   19.1729
    0.0000    0.0000    7.5000 2898.3616   18.7695
    7.5000    0.0000    7.5000 2911.5200   19.0424
   -7.5000    7.5000    7.5000 2919.2244   19.4372
    0.0000    7.5000    7.5000 2903.6382   19.1466
    7.5000    7.5000    7.5000 2914.9326   19.4453
   -7.5000   15.0000    7.5000 2884.7759   20.0595
    0.0000   15.0000    7.5000 2876.4956   19.8679
    7.5000   15.0000    7.5000 2886.5383   20.2017
   -7.5000   22.5000    7.5000 2821.2935   21.1628
    0.0000   22.5000    7.5000 2817.3799   21.0292
    7.5000   22.5000    7.5000 2819.5520   21.2955
   -7.5000   30.0000    7.5000 2742.0334   22.6045
    0.0000   30.0000    7.5000 2742.6389   22.4798
    7.5000   30.0000    7.5000 2736.9375   22.6937
   -7.5000   37.5000    7.5000 2654.4763   24.2882
    0.0000   37.5000    7.5000 2653.5601   24.1920
    7.5000   37.5000    7.5000 2645.3491   24.3700
   -7.5000   45.0000    7.5000 2540.7427   26.4598
    0.0000   45.0000    7.5000 2540.9253   26.3900
    7.5000   45.0000    7.5000 2530.7961   26.5458
   -7.5000  -45.0000   15.0000 2690.3289   26.3526
    0.0000  -45.0000   15.0000 2686.1526   25.9841
    7.5000  -45.0000   15.0000 2686.4141   25.9928
   -7.5000  -37.5000   15.0000 2767.3584   24.0669
    0.0000  -37.5000   15.0000 2759.3882   23.7370
    7.5000  -37.5000   15.0000 2759.5425   23.7804
   -7.5000  -30.0000   15.0000 2831.4946   22.3196
    0.0000  -30.0000   15.0000 2821.3059   22.0596
    7.5000  -30.0000   15.0000 2818.8345   22.0938
   -7.5000  -22.5000   15.0000 2887.3792   21.0884
    0.0000  -22.5000   15.0000 2883.2166   20.9236
    7.5000  -22.5000   15.0000 2870.6775   20.8616
   -7.5000  -15.0000   15.0000 2930.9075   20.1867
    0.0000  -15.0000   15.0000 2930.6152   19.9790
    7.5000  -15.0000   15.0000 2909.7166   19.9806
   -7.5000   -7.5000   15.0000 2935.9238   19.2952
    0.0000   -7.5000   15.0000 2921.5034   18.9775
    7.5000   -7.5000   15.0000 2916.0845   19.3474
   -7.5000    0.0000   15.0000 2921.9868   18.9168
    0.0000    0.0000   15.0000 2904.8184   18.6670
    7.5000    0.0000   15.0000 2918.3521   19.1718
   -7.5000    7.5000   15.0000 2911.2471   19.1634
    0.0000    7.5000   15.0000 2900.9255   18.9878
    7.5000    7.5000   15.0000 2916.3689   19.3932
   -7.5000   15.0000   15.0000 2886.4211   19.9201
    0.0000   15.0000   15.0000 2879.8357   19.7840
    7.5000   15.0000   15.0000 2888.9734   20.0928
   -7.5000   22.5000   15.0000 2830.5339   21.0788
    0.0000   22.5000   15.0000 2826.8772   20.9752
    7.5000   22.5000   15.0000 2833.0764   21.2382
   -7.5000   30.0000   15.0000 2754.6746   22.5525
    0.0000   30.0000   15.0000 2753.8875   22.4720
    7.5000   30.0000   15.0000 2750.3757   22.7119
   -7.5000   37.5000   15.0000 2668.8975   24.2524
    0.0000   37.5000   15.0000 2670.8552   24.2406
    7.5000   37.5000   15.0000 2658.6907   24.4205
   -7.5000   45.0000   15.0000 2553.7771   26.3809
    0.0000   45.0000   15.0000 2557.8977   26.4069
    7.5000   45.0000   15.0000 2545.0437   26.5681
   -7.5000  -45.0000   22.5000 2684.6997   26.5802
    0.0000  -45.0000   22.5000 2679.8687   26.3042
    7.5000  -45.0000   22.5000 2681.3186   26.4314
   -7.5000  -37.5000   22.5000 2762.4761   24.2586
    0.0000  -37.5000   22.5000 2758.7502   24.0618
    7.5000  -37.5000   22.5000 2757.7834   24.2325
   -7.5000  -30.0000   22.5000 2825.9495   22.4781
    0.0000  -30.0000   22.5000 2831.1091   22.4140
    7.5000  -30.0000   22.5000 2827.5430   22.6340
   -7.5000  -22.5000   22.5000 2883.1108   21.1920
    0.0000  -22.5000   22.5000 2902.9131   21.2961
    7.5000  -22.5000   22.5000 2887.7644   21.3825
   -7.5000  -15.0000   22.5000 2910.7314   20.0772
    0.0000  -15.0000   22.5000 2943.0471   20.2902
    7.5000  -15.0000   22.5000 2924.1687   20.4426
   -7.5000   -7.5000   22.5000 2909.9268   19.2247
    0.0000   -7.5000   22.5000 2940.0759   19.4174
    7.5000   -7.5000   22.5000 2943.5190   19.9376
   -7.5000    0.0000   22.5000 2915.7046   19.0084
    0.0000    0.0000   22.5000 2923.6143   19.0789
    7.5000    0.0000   22.5000 2933.4502   19.6199
   -7.5000    7.5000   22.5000 2909.3010   19.3348
    0.0000    7.5000   22.5000 2909.4580   19.2796
    7.5000    7.5000   22.5000 2914.4802   19.6958
   -7.5000   15.0000   22.5000 2885.4153   20.0696
    0.0000   15.0000   22.5000 2877.9756   19.9489
    7.5000   15.0000   22.5000 2885.4512   20.2880
   -7.5000   22.5000   22.5000 2833.8738   21.2245
    0.0000   22.5000   22.5000 2824.7756   21.0977
    7.5000   22.5000   22.5000 2826.0417   21.3467
   -7.5000   30.0000   22.5000 2764.2935   22.6778
    0.0000   30.0000   22.5000 2757.4316   22.5918
    7.5000   30.0000   22.5000 2749.6848   22.8092
   -7.5000   37.5000   22.5000 2677.9478   24.3697
    0.0000   37.5000   22.5000 2678.3347   24.3599
    7.5000   37.5000   22.5000 2664.2947   24.5371
   -7.5000   45.0000   22.5000 2557.1423   26.4948
    0.0000   45.0000   22.5000 2568.9937   26.5507
    7.5000   45.0000   22.5000 2553.6304   26.6744
   -7.5000  -45.0000   30.0000 2665.9421   26.8225
    0.0000  -45.0000   30.0000 2670.6423   26.7170
    7.5000  -45.0000   30.0000 2677.8235   27.0609
   -7.5000  -37.5000   30.0000 2743.5134   24.4540
    0.0000  -37.5000   30.0000 2747.7366   24.4304
    7.5000  -37.5000   30.0000 2756.5786   24.8135
   -7.5000  -30.0000   30.0000 2807.5935   22.6503
    0.0000  -30.0000   30.0000 2814.4460   22.6980
    7.5000  -30.0000   30.0000 2821.7185   23.0693
   -7.5000  -22.5000   30.0000 2855.4336   21.2034
    0.0000  -22.5000   30.0000 2873.4727   21.3588
    7.5000  -22.5000   30.0000 2877.5696   21.7024
   -7.5000  -15.0000   30.0000 2878.3359   20.0802
    0.0000  -15.0000   30.0000 2907.3540   20.2562
    7.5000  -15.0000   30.0000 2918.3237   20.7907
   -7.5000   -7.5000   30.0000 2904.9639   19.4778
    0.0000   -7.5000   30.0000 2919.8474   19.5701
    7.5000   -7.5000   30.0000 2939.1807   20.2107
   -7.5000    0.0000   30.0000 2938.2483   19.5230
    0.0000    0.0000   30.0000 2942.3606   19.5615
    7.5000    0.0000   30.0000 2934.7129   19.9782
   -7.5000    7.5000   30.0000 2924.2832   19.8803
    0.0000    7.5000   30.0000 2930.0735   19.9325
    7.5000    7.5000   30.0000 2925.1541   20.2087
   -7.5000   15.0000   30.0000 2889.3726   20.5574
    0.0000   15.0000   30.0000 2890.4548   20.5907
    7.5000   15.0000   30.0000 2884.9600   20.8237
   -7.5000   22.5000   30.0000 2834.3127   21.6275
    0.0000   22.5000   30.0000 2829.6982   21.6053
    7.5000   22.5000   30.0000 2820.1895   21.8110
   -7.5000   30.0000   30.0000 2763.0220   23.0100
    0.0000   30.0000   30.0000 2760.7761   22.9695
    7.5000   30.0000   30.0000 2745.5349   23.1570
   -7.5000   37.5000   30.0000 2673.1267   24.6698
    0.0000   37.5000   30.0000 2676.5459   24.6858
    7.5000   37.5000   30.0000 2663.6611   24.8276
   -7.5000   45.0000   30.0000 2544.9973   26.7596
    0.0000   45.0000   30.0000 2560.2664   26.8111
    7.5000   45.0000   30.0000 2553.1572   26.9592
   -7.5000  -45.0000   37.5000 2641.0461   27.1383
    0.0000  -45.0000   37.5000 2647.8506   27.1272
    7.5000  -45.0000   37.5000 2659.9727   27.6333
   -7.5000  -37.5000   37.5000 2728.4546   24.8346
    0.0000  -37.5000   37.5000 2729.5188   24.7902
    7.5000  -37.5000   37.5000 2739.4604   25.3130
   -7.5000  -30.0000   37.5000 2794.9014   23.0637
    0.0000  -30.0000   37.5000 2797.3347   23.0584
    7.5000  -30.0000   37.5000 2806.1167   23.5331
   -7.5000  -22.5000   37.5000 2842.4365   21.5871
    0.0000  -22.5000   37.5000 2845.2625   21.5732
    7.5000  -22.5000   37.5000 2862.0203   22.1862
   -7.5000  -15.0000   37.5000 2877.6860   20.5107
    0.0000  -15.0000   37.5000 2880.1472   20.5068
    7.5000  -15.0000   37.5000 2904.9814   21.2638
   -7.5000   -7.5000   37.5000 2918.4382   20.0921
    0.0000   -7.5000   37.5000 2916.4133   20.0487
    7.5000   -7.5000   37.5000 2927.4321   20.6201
   -7.5000    0.0000   37.5000 2941.6687   20.1389
    0.0000    0.0000   37.5000 2942.6802   20.1088
    7.5000    0.0000   37.5000 2934.4470   20.4790
   -7.5000    7.5000   37.5000 2934.0024   20.5683
    0.0000    7.5000   37.5000 2931.4187   20.5317
    7.5000    7.5000   37.5000 2923.3137   20.8036
   -7.5000   15.0000   37.5000 2898.5278   21.3031
    0.0000   15.0000   37.5000 2898.6743   21.3145
    7.5000   15.0000   37.5000 2888.8940   21.5510
   -7.5000   22.5000   37.5000 2837.4856   22.3367
    0.0000   22.5000   37.5000 2837.0127   22.3841
    7.5000   22.5000   37.5000 2819.8350   22.5605
   -7.5000   30.0000   37.5000 2752.3062   23.6256
    0.0000   30.0000   37.5000 2759.3162   23.6768
    7.5000   30.0000   37.5000 2744.0125   23.8290
   -7.5000   37.5000   37.5000 2656.5718   25.1865
    0.0000   37.5000   37.5000 2668.7214   25.2515
    7.5000   37.5000   37.5000 2659.1775   25.3797
   -7.5000   45.0000   37.5000 2540.6660   27.2880
    0.0000   45.0000   37.5000 2554.4084   27.3713
    7.5000   45.0000   37.5000 2538.4868   27.5093
   -7.5000  -45.0000   45.0000 2629.4558   27.7402
    0.0000  -45.0000   45.0000 2631.1484   27.6902
    7.5000  -45.0000   45.0000 2643.9414   28.2654
   -7.5000  -37.5000   45.0000 2717.1277   25.4335
    0.0000  -37.5000   45.0000 2716.8550   25.3788
    7.5000  -37.5000   45.0000 2726.1172   25.9221
   -7.5000  -30.0000   45.0000 2781.1780   23.5992
    0.0000  -30.0000   45.0000 2777.5881   23.5117
    7.5000  -30.0000   45.0000 2792.9824   24.1623
   -7.5000  -22.5000   45.0000 2830.5632   22.1064
    0.0000  -22.5000   45.0000 2824.3511   22.0428
    7.5000  -22.5000   45.0000 2844.1074   22.7888
   -7.5000  -15.0000   45.0000 2879.0728   21.1865
    0.0000  -15.0000   45.0000 2867.7251   21.1146
    7.5000  -15.0000   45.0000 2883.4331   21.8242
   -7.5000   -7.5000   45.0000 2916.5850   20.8121
    0.0000   -7.5000   45.0000 2905.2751   20.7427
    7.5000   -7.5000   45.0000 2914.3516   21.2617
   -7.5000    0.0000   45.0000 2931.8113   20.8598
    0.0000    0.0000   45.0000 2927.8049   20.8192
    7.5000    0.0000   45.0000 2921.9321   21.1816
   -7.5000    7.5000   45.0000 2924.9092   21.2929
    0.0000    7.5000   45.0000 2918.3923   21.2543
    7.5000    7.5000   45.0000 2911.0500   21.5389
   -7.5000   15.0000   45.0000 2889.9250   22.0454
    0.0000   15.0000   45.0000 2889.2654   22.0183
    7.5000   15.0000   45.0000 2877.9714   22.2812
   -7.5000   22.5000   45.0000 2828.2224   23.1347
    0.0000   22.5000   45.0000 2832.2029   23.1793
    7.5000   22.5000   45.0000 2815.8850   23.3815
   -7.5000   30.0000   45.0000 2737.0393   24.4732
    0.0000   30.0000   45.0000 2748.4260   24.5397
    7.5000   30.0000   45.0000 2728.9980   24.6522
   -7.5000   37.5000   45.0000 2634.5117   25.9586
    0.0000   37.5000   45.0000 2648.2295   26.0591
    7.5000   37.5000   45.0000 2632.0928   26.1747
   -7.5000   45.0000   45.0000 2527.1277   27.9667
    0.0000   45.0000   45.0000 2533.1313   28.1253
    7.5000   45.0000   45.0000 2516.9792   28.2979

---------------------------------------------------------------------
imgreg_4dfp /opt/freesurfer/average/711-2C_as_mni_average_305 /opt/freesurfer/average/711-2B_as_mni_average_305_mask talsrcimg_g11 none talsrcimg_to_711-2C_as_mni_average_305_t4 1283
---------------------------------------------------------------------

freesurfer imgreg_4dfp.c
/opt/freesurfer/average/711-2C_as_mni_average_305.4dfp.img
       256       256       256         1
  1.000000  1.000000  1.000000
orientation T byte_order littleendian
Reading image: /opt/freesurfer/average/711-2C_as_mni_average_305.4dfp.img
dimensions:      256       256       256
mmppix:       1.0000   -1.0000   -1.0000
center:     128.0000 -129.0000 -129.0000
/opt/freesurfer/average/711-2B_as_mni_average_305_mask.4dfp.img
       256       256       256         1
  1.000000  1.000000  1.000000
orientation T byte_order littleendian
Reading mask: /opt/freesurfer/average/711-2B_as_mni_average_305_mask.4dfp.img (2306576 pixels)
talsrcimg_g11.4dfp.img
       320       320       320         1
  0.800000  0.800000  0.800000
orientation T byte_order littleendian
Reading image: talsrcimg_g11.4dfp.img
dimensions:      320       320       320
mmppix:       0.8000   -0.8000   -0.8000
center:     128.0000 -128.8000 -128.8000
rotation matrix determinant  1.000000
fimgreg.f
image alignment mode   1283 decimal      503 hex
parameters
    7.5000   -7.5000   22.5000    0.0000    0.0000    0.0000
eta,q 0.92296 19.94152
niter,ni,del,rscale     5    3   12.0000    1.2000
parameter  6 -0.665250 -> -0.500000 qaram    1.1500
parameters
    4.6553   -7.8185   22.1243    1.0455    0.0138    3.4500
eta,q 0.92463 19.62343
  0.0791  0.0795  0.0826  0.0800  0.0793  0.0781
  0.0766  0.0787  0.0773  0.0784  0.0780  0.0772
  0.0761  0.0768  0.0754  0.0764  0.0767  0.0762
  0.0781  0.0759  0.0759  0.0756  0.0757  0.0757
  0.0805  0.0769  0.0772  0.0760  0.0755  0.0755
  0.0819  0.0784  0.0798  0.0768  0.0770  0.0753
  0.0831  0.0809  0.0831  0.0778  0.0803  0.0754
niter,ni,del,rscale     5    3   12.0000    1.2000
parameters
    3.9404   -9.9684   21.4241    3.2424    0.6677    2.1895
eta,q 0.92507 19.64276
  0.0814  0.0765  0.0818  0.0804  0.0803  0.0761
  0.0795  0.0762  0.0751  0.0782  0.0781  0.0756
  0.0771  0.0759  0.0744  0.0763  0.0762  0.0751
  0.0754  0.0756  0.0760  0.0754  0.0751  0.0748
  0.0780  0.0767  0.0778  0.0751  0.0745  0.0749
  0.0823  0.0786  0.0796  0.0752  0.0761  0.0763
  0.0841  0.0807  0.0823  0.0761  0.0790  0.0789
niter,ni,del,rscale     4    3   12.0000    1.2000
parameter  2  0.585061 ->  0.500000 qaram    1.1500
parameters
    2.8690  -13.4184   20.9387    5.2249    2.6086    2.6009
eta,q 0.92794 19.87623
  0.0790  0.0753  0.0820  0.0800  0.0804  0.0761
  0.0782  0.0739  0.0753  0.0777  0.0782  0.0744
  0.0767  0.0746  0.0729  0.0750  0.0754  0.0730
  0.0749  0.0758  0.0739  0.0734  0.0729  0.0721
  0.0765  0.0770  0.0770  0.0729  0.0721  0.0722
  0.0809  0.0788  0.0798  0.0735  0.0729  0.0733
  0.0838  0.0815  0.0814  0.0751  0.0754  0.0756
niter,ni,del,rscale     4    3   12.0000    1.2000
parameters
    0.4587  -13.8597   19.9256    4.9212    5.2371    2.5586
eta,q 0.92932 19.80101
  0.0741  0.0811  0.0808  0.0755  0.0764  0.0736
  0.0737  0.0763  0.0743  0.0734  0.0739  0.0717
  0.0726  0.0730  0.0716  0.0720  0.0726  0.0707
  0.0721  0.0728  0.0726  0.0717  0.0717  0.0707
  0.0752  0.0750  0.0766  0.0723  0.0709  0.0708
  0.0818  0.0783  0.0819  0.0739  0.0706  0.0716
  0.0854  0.0827  0.0842  0.0763  0.0720  0.0738
niter,ni,del,rscale     3    3   12.0000    1.2000
parameters
   -1.6253  -13.9197   19.4956    4.3088    7.5733    1.0767
eta,q 0.92955 19.82019
  0.0730  0.0814  0.0822  0.0742  0.0734  0.0724
  0.0715  0.0759  0.0757  0.0727  0.0724  0.0711
  0.0715  0.0722  0.0716  0.0713  0.0717  0.0705
  0.0707  0.0715  0.0715  0.0713  0.0712  0.0706
  0.0727  0.0729  0.0737  0.0719  0.0707  0.0715
  0.0784  0.0760  0.0791  0.0736  0.0706  0.0728
  0.0828  0.0816  0.0846  0.0759  0.0716  0.0749
niter,ni,del,rscale     2    3   12.0000    1.2000
parameters
   -2.2881  -13.5915   19.3613    3.9669    7.5547    0.9866
eta,q 0.92940 19.76202
  0.0768  0.0819  0.0838  0.0739  0.0724  0.0730
  0.0733  0.0768  0.0765  0.0725  0.0718  0.0717
  0.0716  0.0728  0.0712  0.0711  0.0711  0.0709
  0.0704  0.0707  0.0707  0.0706  0.0706  0.0706
  0.0711  0.0716  0.0729  0.0711  0.0705  0.0709
  0.0760  0.0749  0.0782  0.0727  0.0710  0.0717
  0.0810  0.0805  0.0840  0.0751  0.0732  0.0732
niter,ni,del,rscale     1    3   12.0000    1.2000
parameters
   -2.3735  -13.4650   19.2531    3.7320    7.6187    0.9841
eta,q 0.92944 19.75088
  0.0782  0.0813  0.0841  0.0739  0.0723  0.0729
  0.0739  0.0763  0.0767  0.0726  0.0717  0.0716
  0.0718  0.0726  0.0713  0.0711  0.0711  0.0709
  0.0706  0.0706  0.0706  0.0706  0.0706  0.0706
  0.0702  0.0717  0.0729  0.0711  0.0705  0.0708
  0.0739  0.0753  0.0782  0.0725  0.0708  0.0716
  0.0794  0.0811  0.0841  0.0749  0.0730  0.0730
registration optimization eta report
parameter search radius
    6.0000    6.9000    6.0000    6.0000    6.0000    6.9000
100000*second partial in parameter space
       24.       22.       37.       10.        6.        5.
  0.0782  0.0813  0.0841  0.0739  0.0723  0.0729
  0.0739  0.0763  0.0767  0.0726  0.0717  0.0716
  0.0718  0.0726  0.0713  0.0711  0.0711  0.0709
  0.0706  0.0706  0.0706  0.0706  0.0706  0.0706
  0.0702  0.0717  0.0729  0.0711  0.0705  0.0708
  0.0739  0.0753  0.0782  0.0725  0.0708  0.0716
  0.0794  0.0811  0.0841  0.0749  0.0730  0.0730
   -2.3735  -13.4650   19.2531    3.7320    7.6187    0.9841
eta,q 0.92944 19.75088

---------------------------------------------------------------------
imgreg_4dfp /opt/freesurfer/average/711-2C_as_mni_average_305 /opt/freesurfer/average/711-2B_as_mni_average_305_mask talsrcimg_g11 none talsrcimg_to_711-2C_as_mni_average_305_t4 3335
---------------------------------------------------------------------

freesurfer imgreg_4dfp.c
/opt/freesurfer/average/711-2C_as_mni_average_305.4dfp.img
       256       256       256         1
  1.000000  1.000000  1.000000
orientation T byte_order littleendian
Reading image: /opt/freesurfer/average/711-2C_as_mni_average_305.4dfp.img
dimensions:      256       256       256
mmppix:       1.0000   -1.0000   -1.0000
center:     128.0000 -129.0000 -129.0000
/opt/freesurfer/average/711-2B_as_mni_average_305_mask.4dfp.img
       256       256       256         1
  1.000000  1.000000  1.000000
orientation T byte_order littleendian
Reading mask: /opt/freesurfer/average/711-2B_as_mni_average_305_mask.4dfp.img (2306576 pixels)
talsrcimg_g11.4dfp.img
       320       320       320         1
  0.800000  0.800000  0.800000
orientation T byte_order littleendian
Reading image: talsrcimg_g11.4dfp.img
dimensions:      320       320       320
mmppix:       0.8000   -0.8000   -0.8000
center:     128.0000 -128.8000 -128.8000
fimgreg.f
image alignment mode   3335 decimal      D07 hex
parameters
   -2.3735  -13.4650   19.2531   -0.8974   -0.2416   -1.0930
   -2.5767  -13.1161    1.7024   -6.7353   13.2579    6.4515
eta,q 0.93248 19.96718
niter,ni,del,rscale     5    3    5.0000    1.2000
parameter  4  4.695327 ->  0.500000 qaram    1.1500
parameter  5  1.865043 ->  0.500000 qaram    1.1500
parameter  6  0.557421 ->  0.500000 qaram    1.1500
parameter 12  0.576295 ->  0.500000 qaram    1.1500
parameters
   -2.2208  -13.1271   19.6425   -5.0374   -4.3816   -5.2330
   -4.7407  -10.1392    1.3788   -7.9921   10.5121    2.3115
eta,q 0.95006 20.48457
  0.0702  0.0690  0.0712  0.0542  0.0509  0.0523  0.0531  0.0625  0.0520  0.0518  0.0508  0.0502
  0.0689  0.0683  0.0695  0.0567  0.0527  0.0520  0.0520  0.0577  0.0511  0.0508  0.0504  0.0500
  0.0679  0.0678  0.0682  0.0612  0.0550  0.0519  0.0516  0.0539  0.0506  0.0505  0.0503  0.0500
  0.0675  0.0675  0.0675  0.0674  0.0577  0.0533  0.0520  0.0516  0.0505  0.0505  0.0505  0.0503
  0.0677  0.0675  0.0675  0.0741  0.0612  0.0583  0.0529  0.0506  0.0508  0.0509  0.0510  0.0508
  0.0685  0.0678  0.0682  0.0800  0.0654  0.0662  0.0543  0.0509  0.0514  0.0518  0.0521  0.0515
  0.0697  0.0684  0.0694  0.0841  0.0697  0.0749  0.0560  0.0527  0.0522  0.0530  0.0537  0.0524
niter,ni,del,rscale     7    3    5.0000    1.2000
parameter  2 -0.924241 -> -0.500000 qaram    1.1500
parameter  3  1.057228 ->  0.500000 qaram    1.1500
parameter  5  0.561457 ->  0.500000 qaram    1.3225
parameter 10 -0.759918 -> -0.500000 qaram    1.1500
parameters
   -2.3363  -11.7471   18.2625   -8.9782   -9.1426   -6.1033
   -4.9367   -9.7481    3.3145   -3.8521   11.1630    3.9636
eta,q 0.95506 20.41692
  0.0533  0.0537  0.0476  0.0488  0.0460  0.0483  0.0478  0.0489  0.0475  0.0485  0.0458  0.0466
  0.0513  0.0522  0.0477  0.0472  0.0455  0.0475  0.0466  0.0468  0.0466  0.0471  0.0454  0.0459
  0.0502  0.0509  0.0481  0.0463  0.0455  0.0466  0.0459  0.0461  0.0461  0.0463  0.0452  0.0454
  0.0499  0.0499  0.0489  0.0478  0.0465  0.0454  0.0458  0.0458  0.0458  0.0457  0.0451  0.0450
  0.0505  0.0492  0.0500  0.0527  0.0488  0.0445  0.0461  0.0459  0.0457  0.0453  0.0450  0.0449
  0.0519  0.0488  0.0512  0.0601  0.0521  0.0466  0.0469  0.0466  0.0459  0.0450  0.0452  0.0452
  0.0539  0.0488  0.0526  0.0670  0.0559  0.0533  0.0479  0.0482  0.0463  0.0451  0.0456  0.0458
niter,ni,del,rscale     7    3    5.0000    1.2000
parameter  2 -1.550625 -> -0.500000 qaram    1.3225
parameter  3  0.616552 ->  0.500000 qaram    1.3225
parameters
   -2.9285  -10.1601   16.6755   -9.4993  -10.8132   -7.0799
   -4.7572  -11.0514    4.1708   -0.4043   12.2692    2.2912
eta,q 0.95786 20.32071
  0.0459  0.0509  0.0423  0.0475  0.0452  0.0455  0.0448  0.0444  0.0442  0.0458  0.0431  0.0430
  0.0451  0.0486  0.0421  0.0459  0.0437  0.0446  0.0436  0.0433  0.0434  0.0445  0.0427  0.0425
  0.0448  0.0465  0.0422  0.0439  0.0425  0.0436  0.0430  0.0428  0.0430  0.0435  0.0425  0.0422
  0.0449  0.0448  0.0426  0.0421  0.0424  0.0423  0.0428  0.0427  0.0427  0.0427  0.0422  0.0422
  0.0455  0.0434  0.0433  0.0419  0.0434  0.0417  0.0429  0.0431  0.0428  0.0423  0.0421  0.0425
  0.0465  0.0423  0.0443  0.0451  0.0454  0.0444  0.0436  0.0444  0.0431  0.0423  0.0423  0.0432
  0.0478  0.0417  0.0456  0.0516  0.0486  0.0507  0.0445  0.0468  0.0436  0.0431  0.0428  0.0441
niter,ni,del,rscale     7    3    5.0000    1.2000
parameter  2 -1.211281 -> -0.500000 qaram    1.5209
parameters
   -3.0668   -8.3351   15.9975   -9.4581  -12.4208   -7.6107
   -4.8743  -11.4070    4.4505    0.6975   12.2677   -0.2584
eta,q 0.96050 20.15534
  0.0439  0.0496  0.0406  0.0451  0.0425  0.0428  0.0416  0.0425  0.0413  0.0428  0.0403  0.0400
  0.0428  0.0468  0.0399  0.0435  0.0408  0.0419  0.0405  0.0407  0.0405  0.0414  0.0400  0.0397
  0.0423  0.0443  0.0396  0.0416  0.0396  0.0408  0.0399  0.0400  0.0399  0.0403  0.0398  0.0395
  0.0421  0.0421  0.0397  0.0396  0.0395  0.0394  0.0397  0.0397  0.0397  0.0397  0.0396  0.0396
  0.0425  0.0405  0.0401  0.0389  0.0407  0.0385  0.0399  0.0399  0.0398  0.0396  0.0395  0.0399
  0.0432  0.0395  0.0408  0.0413  0.0426  0.0406  0.0406  0.0410  0.0403  0.0403  0.0398  0.0406
  0.0443  0.0391  0.0418  0.0473  0.0456  0.0467  0.0417  0.0433  0.0411  0.0417  0.0405  0.0415
niter,ni,del,rscale     7    3    5.0000    1.2000
parameter  2 -0.637706 -> -0.500000 qaram    1.7490
parameters
   -3.0507   -6.2363   15.7988   -9.6616  -14.0745   -7.9135
   -4.8746  -11.1909    4.2354    2.0744   12.1215   -3.7901
eta,q 0.96225 19.97719
  0.0417  0.0474  0.0392  0.0433  0.0412  0.0409  0.0402  0.0413  0.0397  0.0417  0.0386  0.0381
  0.0405  0.0443  0.0385  0.0418  0.0393  0.0400  0.0390  0.0393  0.0387  0.0399  0.0383  0.0378
  0.0397  0.0416  0.0381  0.0399  0.0380  0.0391  0.0383  0.0385  0.0382  0.0387  0.0381  0.0378
  0.0395  0.0395  0.0380  0.0380  0.0381  0.0379  0.0381  0.0381  0.0380  0.0380  0.0379  0.0379
  0.0397  0.0383  0.0382  0.0375  0.0393  0.0369  0.0383  0.0381  0.0383  0.0380  0.0379  0.0384
  0.0404  0.0380  0.0387  0.0401  0.0413  0.0382  0.0390  0.0390  0.0389  0.0386  0.0381  0.0391
  0.0416  0.0387  0.0395  0.0463  0.0447  0.0440  0.0401  0.0410  0.0399  0.0399  0.0388  0.0400
niter,ni,del,rscale     7    3    5.0000    1.2000
parameters
   -2.9861   -5.3287   16.2642   -9.5597  -14.8261   -7.8301
   -4.5199  -11.0138    4.1398    3.1125   11.3239   -5.9168
eta,q 0.96280 19.92118
  0.0401  0.0450  0.0392  0.0426  0.0416  0.0404  0.0398  0.0405  0.0391  0.0411  0.0378  0.0379
  0.0388  0.0418  0.0383  0.0412  0.0395  0.0394  0.0384  0.0386  0.0381  0.0390  0.0375  0.0374
  0.0380  0.0392  0.0377  0.0394  0.0378  0.0385  0.0376  0.0377  0.0375  0.0379  0.0374  0.0372
  0.0377  0.0378  0.0375  0.0375  0.0374  0.0374  0.0373  0.0373  0.0373  0.0373  0.0373  0.0373
  0.0380  0.0376  0.0375  0.0367  0.0382  0.0363  0.0375  0.0375  0.0375  0.0374  0.0373  0.0377
  0.0387  0.0387  0.0378  0.0389  0.0401  0.0371  0.0382  0.0384  0.0382  0.0382  0.0376  0.0383
  0.0398  0.0408  0.0384  0.0446  0.0435  0.0424  0.0393  0.0403  0.0391  0.0395  0.0383  0.0393
niter,ni,del,rscale     6    3    5.0000    1.2000
parameters
   -3.0395   -5.0034   16.4110   -9.4064  -15.0789   -7.8337
   -4.1658  -10.8459    4.3231    3.8478   10.8755   -6.9006
eta,q 0.96293 19.91198
  0.0394  0.0433  0.0386  0.0424  0.0417  0.0402  0.0397  0.0404  0.0389  0.0407  0.0377  0.0381
  0.0381  0.0403  0.0378  0.0410  0.0397  0.0392  0.0383  0.0384  0.0379  0.0386  0.0374  0.0375
  0.0374  0.0381  0.0374  0.0392  0.0378  0.0382  0.0374  0.0375  0.0373  0.0375  0.0372  0.0371
  0.0372  0.0372  0.0372  0.0372  0.0371  0.0371  0.0371  0.0371  0.0371  0.0371  0.0371  0.0371
  0.0375  0.0376  0.0373  0.0364  0.0377  0.0361  0.0373  0.0373  0.0373  0.0373  0.0371  0.0373
  0.0383  0.0392  0.0377  0.0386  0.0394  0.0369  0.0380  0.0382  0.0378  0.0381  0.0374  0.0379
  0.0396  0.0417  0.0384  0.0443  0.0428  0.0424  0.0392  0.0401  0.0387  0.0395  0.0381  0.0388
niter,ni,del,rscale     5    3    5.0000    1.2000
parameters
   -3.0929   -4.8539   16.3659   -9.3304  -15.1714   -7.9225
   -4.0209  -10.7831    4.4927    4.3378   10.7642   -7.2876
eta,q 0.96292 19.91002
  0.0393  0.0427  0.0384  0.0424  0.0418  0.0401  0.0395  0.0403  0.0389  0.0405  0.0378  0.0383
  0.0380  0.0398  0.0376  0.0410  0.0397  0.0391  0.0381  0.0383  0.0379  0.0384  0.0375  0.0376
  0.0373  0.0378  0.0372  0.0391  0.0378  0.0381  0.0373  0.0374  0.0373  0.0374  0.0372  0.0372
  0.0371  0.0371  0.0371  0.0371  0.0370  0.0370  0.0371  0.0371  0.0371  0.0371  0.0371  0.0371
  0.0374  0.0377  0.0372  0.0363  0.0375  0.0361  0.0373  0.0373  0.0372  0.0373  0.0371  0.0373
  0.0382  0.0394  0.0377  0.0387  0.0392  0.0370  0.0381  0.0383  0.0378  0.0382  0.0373  0.0378
  0.0395  0.0419  0.0385  0.0445  0.0425  0.0426  0.0393  0.0402  0.0387  0.0396  0.0380  0.0386
niter,ni,del,rscale     4    3    5.0000    1.2000
parameters
   -3.1142   -4.7596   16.2543   -9.3032  -15.2278   -8.0343
   -3.9955  -10.7826    4.5622    4.6661   10.7847   -7.4169
eta,q 0.96288 19.90715
  0.0394  0.0425  0.0383  0.0424  0.0417  0.0401  0.0395  0.0403  0.0388  0.0403  0.0379  0.0384
  0.0381  0.0396  0.0376  0.0410  0.0397  0.0391  0.0381  0.0383  0.0379  0.0384  0.0375  0.0377
  0.0373  0.0377  0.0372  0.0391  0.0379  0.0382  0.0374  0.0374  0.0373  0.0374  0.0373  0.0373
  0.0371  0.0371  0.0371  0.0371  0.0371  0.0371  0.0371  0.0371  0.0371  0.0371  0.0371  0.0371
  0.0374  0.0377  0.0372  0.0364  0.0375  0.0361  0.0374  0.0374  0.0373  0.0374  0.0371  0.0373
  0.0382  0.0394  0.0377  0.0388  0.0391  0.0370  0.0382  0.0383  0.0379  0.0383  0.0374  0.0377
  0.0395  0.0419  0.0386  0.0446  0.0424  0.0426  0.0394  0.0403  0.0388  0.0397  0.0380  0.0385
niter,ni,del,rscale     3    3    5.0000    1.2000
parameters
   -3.1157   -4.6816   16.1353   -9.2902  -15.2826   -8.1433
   -3.9919  -10.8057    4.5723    4.8964   10.8410   -7.4394
eta,q 0.96283 19.90261
  0.0395  0.0424  0.0383  0.0425  0.0417  0.0401  0.0395  0.0403  0.0388  0.0402  0.0379  0.0385
  0.0382  0.0396  0.0376  0.0410  0.0397  0.0391  0.0382  0.0384  0.0379  0.0383  0.0376  0.0377
  0.0374  0.0377  0.0373  0.0391  0.0379  0.0382  0.0374  0.0375  0.0373  0.0374  0.0373  0.0373
  0.0371  0.0371  0.0371  0.0371  0.0371  0.0371  0.0372  0.0372  0.0372  0.0372  0.0372  0.0372
  0.0374  0.0378  0.0373  0.0364  0.0376  0.0362  0.0374  0.0374  0.0374  0.0374  0.0371  0.0373
  0.0382  0.0395  0.0377  0.0389  0.0392  0.0370  0.0382  0.0384  0.0379  0.0384  0.0374  0.0378
  0.0395  0.0419  0.0386  0.0447  0.0424  0.0426  0.0394  0.0403  0.0388  0.0397  0.0380  0.0385
niter,ni,del,rscale     2    3    5.0000    1.2000
parameters
   -3.1101   -4.6150   16.0349   -9.2814  -15.3373   -8.2330
   -3.9867  -10.8224    4.5622    5.0684   10.8911   -7.4284
eta,q 0.96279 19.89748
  0.0396  0.0424  0.0384  0.0425  0.0417  0.0401  0.0395  0.0403  0.0388  0.0401  0.0379  0.0385
  0.0382  0.0396  0.0377  0.0411  0.0398  0.0392  0.0382  0.0384  0.0379  0.0383  0.0376  0.0378
  0.0374  0.0377  0.0373  0.0392  0.0380  0.0382  0.0375  0.0375  0.0374  0.0375  0.0374  0.0374
  0.0372  0.0372  0.0372  0.0372  0.0372  0.0372  0.0372  0.0372  0.0372  0.0372  0.0372  0.0372
  0.0374  0.0378  0.0373  0.0365  0.0376  0.0362  0.0375  0.0375  0.0374  0.0375  0.0372  0.0373
  0.0382  0.0395  0.0377  0.0390  0.0392  0.0371  0.0383  0.0384  0.0380  0.0384  0.0374  0.0378
  0.0395  0.0419  0.0386  0.0448  0.0424  0.0425  0.0395  0.0404  0.0388  0.0397  0.0381  0.0385
niter,ni,del,rscale     1    3    5.0000    1.2000
parameters
   -3.1053   -4.5588   15.9500   -9.2763  -15.3905   -8.3153
   -3.9798  -10.8381    4.5439    5.2081   10.9504   -7.4077
eta,q 0.96275 19.89265
  0.0396  0.0424  0.0384  0.0425  0.0417  0.0401  0.0396  0.0403  0.0389  0.0401  0.0380  0.0386
  0.0383  0.0396  0.0377  0.0411  0.0398  0.0392  0.0382  0.0385  0.0380  0.0383  0.0376  0.0378
  0.0375  0.0378  0.0373  0.0392  0.0380  0.0382  0.0375  0.0375  0.0374  0.0375  0.0374  0.0374
  0.0372  0.0372  0.0372  0.0372  0.0372  0.0372  0.0373  0.0372  0.0373  0.0373  0.0372  0.0372
  0.0375  0.0379  0.0373  0.0365  0.0377  0.0363  0.0375  0.0375  0.0374  0.0375  0.0372  0.0374
  0.0383  0.0395  0.0378  0.0390  0.0392  0.0371  0.0383  0.0385  0.0380  0.0384  0.0375  0.0378
  0.0396  0.0419  0.0386  0.0448  0.0424  0.0424  0.0395  0.0404  0.0389  0.0397  0.0381  0.0385
registration optimization eta report
parameter search radius
    2.4000    4.1976    3.1740    8.2800    9.5220    8.2800
    7.2000    7.2000    7.2000    8.2800    7.2000    8.2800
100000*second partial in parameter space
       41.       28.       13.        9.        5.        6.
        4.        6.        3.        4.        2.        2.
  0.0396  0.0424  0.0384  0.0425  0.0417  0.0401  0.0396  0.0403  0.0389  0.0401  0.0380  0.0386
  0.0383  0.0396  0.0377  0.0411  0.0398  0.0392  0.0382  0.0385  0.0380  0.0383  0.0376  0.0378
  0.0375  0.0378  0.0373  0.0392  0.0380  0.0382  0.0375  0.0375  0.0374  0.0375  0.0374  0.0374
  0.0372  0.0372  0.0372  0.0372  0.0372  0.0372  0.0373  0.0372  0.0373  0.0373  0.0372  0.0372
  0.0375  0.0379  0.0373  0.0365  0.0377  0.0363  0.0375  0.0375  0.0374  0.0375  0.0372  0.0374
  0.0383  0.0395  0.0378  0.0390  0.0392  0.0371  0.0383  0.0385  0.0380  0.0384  0.0375  0.0378
  0.0396  0.0419  0.0386  0.0448  0.0424  0.0424  0.0395  0.0404  0.0389  0.0397  0.0381  0.0385
   -3.1053   -4.5588   15.9500   -9.2763  -15.3905   -8.3153
   -3.9798  -10.8381    4.5439    5.2081   10.9504   -7.4077
eta,q 0.96275 19.89265

---------------------------------------------------------------------
imgreg_4dfp /opt/freesurfer/average/711-2C_as_mni_average_305 /opt/freesurfer/average/711-2B_as_mni_average_305_mask talsrcimg_g11 none talsrcimg_to_711-2C_as_mni_average_305_t4 2311
---------------------------------------------------------------------

freesurfer imgreg_4dfp.c
/opt/freesurfer/average/711-2C_as_mni_average_305.4dfp.img
       256       256       256         1
  1.000000  1.000000  1.000000
orientation T byte_order littleendian
Reading image: /opt/freesurfer/average/711-2C_as_mni_average_305.4dfp.img
dimensions:      256       256       256
mmppix:       1.0000   -1.0000   -1.0000
center:     128.0000 -129.0000 -129.0000
/opt/freesurfer/average/711-2B_as_mni_average_305_mask.4dfp.img
       256       256       256         1
  1.000000  1.000000  1.000000
orientation T byte_order littleendian
Reading mask: /opt/freesurfer/average/711-2B_as_mni_average_305_mask.4dfp.img (2306576 pixels)
talsrcimg_g11.4dfp.img
       320       320       320         1
  0.800000  0.800000  0.800000
orientation T byte_order littleendian
Reading image: talsrcimg_g11.4dfp.img
dimensions:      320       320       320
mmppix:       0.8000   -0.8000   -0.8000
center:     128.0000 -128.8000 -128.8000
fimgreg.f
image alignment mode   2311 decimal      907 hex
parameters
   -3.1053   -4.5588   15.9500   -9.2763  -15.3905   -8.3153
   -3.9798  -10.8381    4.5439    5.2081   10.9504   -7.4077
eta,q 0.96275 19.89265
niter,ni,del,rscale     5    3    5.0000    0.8000
parameter  6 -0.653486 -> -0.500000 qaram    1.1500
parameters
   -3.1095   -4.6130   16.0432   -7.3173  -15.6378   -5.5553
   -3.6774  -11.4268    3.9809    5.2352    9.5827   -7.4383
eta,q 0.96438 19.89165
  0.0383  0.0380  0.0376  0.0407  0.0378  0.0383  0.0375  0.0384  0.0365  0.0371  0.0361  0.0363
  0.0377  0.0376  0.0374  0.0396  0.0371  0.0377  0.0366  0.0366  0.0360  0.0362  0.0358  0.0359
  0.0374  0.0373  0.0373  0.0384  0.0366  0.0371  0.0360  0.0358  0.0357  0.0358  0.0356  0.0357
  0.0372  0.0372  0.0372  0.0372  0.0365  0.0365  0.0358  0.0358  0.0357  0.0357  0.0357  0.0356
  0.0374  0.0374  0.0373  0.0366  0.0367  0.0360  0.0359  0.0365  0.0359  0.0359  0.0360  0.0357
  0.0377  0.0376  0.0373  0.0367  0.0373  0.0358  0.0364  0.0379  0.0363  0.0363  0.0366  0.0359
  0.0383  0.0381  0.0375  0.0379  0.0381  0.0364  0.0371  0.0398  0.0370  0.0370  0.0374  0.0363
niter,ni,del,rscale     5    3    5.0000    0.8000
parameters
   -3.0484   -5.3011   16.1790   -7.8118  -15.3362   -6.1727
   -3.9694  -10.9566    4.6279    4.6294    9.4519   -6.8124
eta,q 0.96433 19.95336
  0.0376  0.0358  0.0363  0.0384  0.0372  0.0379  0.0369  0.0390  0.0369  0.0366  0.0364  0.0364
  0.0365  0.0355  0.0358  0.0371  0.0363  0.0371  0.0362  0.0372  0.0363  0.0360  0.0360  0.0360
  0.0359  0.0354  0.0355  0.0359  0.0358  0.0363  0.0358  0.0361  0.0359  0.0357  0.0358  0.0358
  0.0356  0.0356  0.0354  0.0354  0.0355  0.0355  0.0357  0.0357  0.0357  0.0357  0.0357  0.0357
  0.0358  0.0360  0.0355  0.0359  0.0356  0.0353  0.0359  0.0359  0.0357  0.0360  0.0357  0.0357
  0.0364  0.0366  0.0357  0.0377  0.0361  0.0370  0.0364  0.0366  0.0360  0.0365  0.0360  0.0358
  0.0373  0.0373  0.0360  0.0407  0.0368  0.0411  0.0372  0.0378  0.0364  0.0372  0.0365  0.0361
niter,ni,del,rscale     4    3    5.0000    0.7000
parameters
   -3.0050   -5.2633   16.1793   -7.6357  -15.2641   -5.9019
   -4.2739  -10.8762    4.6650    4.3475    9.1842   -6.6770
eta,q 0.96448 19.94602
  0.0370  0.0364  0.0361  0.0385  0.0369  0.0377  0.0364  0.0379  0.0363  0.0364  0.0361  0.0360
  0.0363  0.0360  0.0359  0.0373  0.0362  0.0370  0.0359  0.0365  0.0359  0.0358  0.0358  0.0357
  0.0358  0.0358  0.0357  0.0363  0.0358  0.0363  0.0356  0.0357  0.0356  0.0356  0.0356  0.0356
  0.0357  0.0357  0.0357  0.0357  0.0356  0.0356  0.0355  0.0355  0.0355  0.0355  0.0355  0.0355
  0.0358  0.0357  0.0357  0.0357  0.0358  0.0352  0.0357  0.0358  0.0356  0.0357  0.0356  0.0356
  0.0362  0.0360  0.0359  0.0366  0.0361  0.0357  0.0361  0.0365  0.0359  0.0361  0.0358  0.0357
  0.0368  0.0363  0.0361  0.0385  0.0368  0.0381  0.0368  0.0376  0.0363  0.0366  0.0363  0.0359
niter,ni,del,rscale     3    3    5.0000    0.6000
parameters
   -2.9504   -5.3600   16.2580   -7.5183  -15.2773   -5.4060
   -4.4120  -10.8464    4.6425    4.1707    8.9101   -6.5057
eta,q 0.96468 19.94651
  0.0366  0.0360  0.0359  0.0377  0.0364  0.0373  0.0361  0.0372  0.0359  0.0361  0.0358  0.0357
  0.0360  0.0357  0.0357  0.0368  0.0359  0.0367  0.0356  0.0361  0.0356  0.0356  0.0355  0.0355
  0.0357  0.0355  0.0356  0.0360  0.0356  0.0361  0.0354  0.0355  0.0354  0.0354  0.0354  0.0354
  0.0355  0.0355  0.0355  0.0355  0.0355  0.0355  0.0353  0.0353  0.0353  0.0353  0.0353  0.0353
  0.0356  0.0356  0.0355  0.0356  0.0356  0.0352  0.0354  0.0356  0.0354  0.0355  0.0354  0.0353
  0.0359  0.0358  0.0356  0.0363  0.0359  0.0355  0.0357  0.0361  0.0356  0.0357  0.0356  0.0355
  0.0364  0.0361  0.0358  0.0377  0.0364  0.0371  0.0362  0.0371  0.0359  0.0362  0.0360  0.0356
niter,ni,del,rscale     2    3    5.0000    0.5000
parameters
   -2.9088   -5.4874   16.3297   -7.4548  -15.3442   -4.9869
   -4.5005  -10.8277    4.6282    3.9847    8.7356   -6.2510
eta,q 0.96482 19.94627
  0.0361  0.0356  0.0356  0.0370  0.0359  0.0368  0.0357  0.0366  0.0356  0.0357  0.0355  0.0355
  0.0357  0.0354  0.0355  0.0362  0.0356  0.0363  0.0354  0.0358  0.0354  0.0354  0.0353  0.0353
  0.0354  0.0353  0.0353  0.0356  0.0354  0.0358  0.0352  0.0353  0.0352  0.0352  0.0352  0.0352
  0.0353  0.0353  0.0353  0.0353  0.0353  0.0353  0.0352  0.0352  0.0352  0.0352  0.0352  0.0352
  0.0354  0.0354  0.0353  0.0354  0.0354  0.0351  0.0353  0.0354  0.0352  0.0353  0.0352  0.0352
  0.0356  0.0356  0.0354  0.0359  0.0356  0.0354  0.0355  0.0358  0.0354  0.0355  0.0354  0.0353
  0.0360  0.0358  0.0355  0.0370  0.0360  0.0366  0.0358  0.0365  0.0356  0.0358  0.0357  0.0354
niter,ni,del,rscale     1    3    5.0000    0.4000
parameters
   -2.8833   -5.5847   16.4053   -7.4150  -15.4342   -4.6201
   -4.5514  -10.8308    4.5922    3.7817    8.6260   -6.0443
eta,q 0.96492 19.94177
  0.0357  0.0354  0.0354  0.0363  0.0356  0.0363  0.0354  0.0361  0.0354  0.0354  0.0353  0.0353
  0.0354  0.0353  0.0353  0.0357  0.0353  0.0359  0.0352  0.0355  0.0352  0.0352  0.0352  0.0352
  0.0352  0.0352  0.0352  0.0354  0.0352  0.0355  0.0351  0.0352  0.0351  0.0351  0.0351  0.0351
  0.0352  0.0352  0.0352  0.0352  0.0352  0.0352  0.0351  0.0351  0.0351  0.0351  0.0351  0.0351
  0.0352  0.0352  0.0352  0.0352  0.0352  0.0350  0.0351  0.0352  0.0351  0.0352  0.0351  0.0351
  0.0354  0.0353  0.0352  0.0356  0.0354  0.0353  0.0353  0.0355  0.0352  0.0353  0.0352  0.0351
  0.0356  0.0355  0.0353  0.0363  0.0356  0.0361  0.0355  0.0360  0.0354  0.0355  0.0354  0.0352
registration optimization eta report
parameter search radius
    0.8000    0.8000    0.8000    2.4000    2.4000    2.7600
    2.4000    2.4000    2.4000    2.4000    2.4000    2.4000
100000*second partial in parameter space
       73.       40.       30.       19.        7.       14.
        6.       17.        5.        7.        5.        3.
  0.0357  0.0354  0.0354  0.0363  0.0356  0.0363  0.0354  0.0361  0.0354  0.0354  0.0353  0.0353
  0.0354  0.0353  0.0353  0.0357  0.0353  0.0359  0.0352  0.0355  0.0352  0.0352  0.0352  0.0352
  0.0352  0.0352  0.0352  0.0354  0.0352  0.0355  0.0351  0.0352  0.0351  0.0351  0.0351  0.0351
  0.0352  0.0352  0.0352  0.0352  0.0352  0.0352  0.0351  0.0351  0.0351  0.0351  0.0351  0.0351
  0.0352  0.0352  0.0352  0.0352  0.0352  0.0350  0.0351  0.0352  0.0351  0.0352  0.0351  0.0351
  0.0354  0.0353  0.0352  0.0356  0.0354  0.0353  0.0353  0.0355  0.0352  0.0353  0.0352  0.0351
  0.0356  0.0355  0.0353  0.0363  0.0356  0.0361  0.0355  0.0360  0.0354  0.0355  0.0354  0.0352
   -2.8833   -5.5847   16.4053   -7.4150  -15.4342   -4.6201
   -4.5514  -10.8308    4.5922    3.7817    8.6260   -6.0443
eta,q 0.96492 19.94177

---------------------------------------------------------------------
imgreg_4dfp /opt/freesurfer/average/711-2C_as_mni_average_305 /opt/freesurfer/average/711-2B_as_mni_average_305_mask talsrcimg_g11 none talsrcimg_to_711-2C_as_mni_average_305_t4 2311
---------------------------------------------------------------------

freesurfer imgreg_4dfp.c
/opt/freesurfer/average/711-2C_as_mni_average_305.4dfp.img
       256       256       256         1
  1.000000  1.000000  1.000000
orientation T byte_order littleendian
Reading image: /opt/freesurfer/average/711-2C_as_mni_average_305.4dfp.img
dimensions:      256       256       256
mmppix:       1.0000   -1.0000   -1.0000
center:     128.0000 -129.0000 -129.0000
/opt/freesurfer/average/711-2B_as_mni_average_305_mask.4dfp.img
       256       256       256         1
  1.000000  1.000000  1.000000
orientation T byte_order littleendian
Reading mask: /opt/freesurfer/average/711-2B_as_mni_average_305_mask.4dfp.img (2306576 pixels)
talsrcimg_g11.4dfp.img
       320       320       320         1
  0.800000  0.800000  0.800000
orientation T byte_order littleendian
Reading image: talsrcimg_g11.4dfp.img
dimensions:      320       320       320
mmppix:       0.8000   -0.8000   -0.8000
center:     128.0000 -128.8000 -128.8000
fimgreg.f
image alignment mode   2311 decimal      907 hex
parameters
   -2.8833   -5.5847   16.4053   -7.4150  -15.4342   -4.6201
   -4.5514  -10.8308    4.5922    3.7817    8.6260   -6.0443
eta,q 0.96492 19.94177
niter,ni,del,rscale     5    3    5.0000    0.8000
parameters
   -2.8666   -5.6672   16.5212   -7.9215  -15.3162   -5.3111
   -4.5879  -10.5461    4.8440    3.6338    8.6482   -6.1386
eta,q 0.96463 19.96233
  0.0370  0.0360  0.0361  0.0381  0.0368  0.0373  0.0367  0.0387  0.0365  0.0367  0.0362  0.0360
  0.0360  0.0355  0.0355  0.0367  0.0360  0.0365  0.0360  0.0368  0.0359  0.0359  0.0358  0.0356
  0.0353  0.0352  0.0352  0.0356  0.0354  0.0358  0.0355  0.0357  0.0355  0.0355  0.0355  0.0354
  0.0351  0.0351  0.0351  0.0351  0.0351  0.0351  0.0354  0.0354  0.0354  0.0354  0.0354  0.0354
  0.0353  0.0352  0.0351  0.0356  0.0353  0.0352  0.0355  0.0357  0.0355  0.0356  0.0354  0.0354
  0.0359  0.0356  0.0354  0.0373  0.0358  0.0370  0.0360  0.0365  0.0358  0.0361  0.0357  0.0357
  0.0369  0.0362  0.0358  0.0404  0.0367  0.0406  0.0367  0.0379  0.0363  0.0368  0.0362  0.0360
niter,ni,del,rscale     4    3    5.0000    0.7000
parameters
   -2.8629   -5.5028   16.4318   -7.7093  -15.2639   -5.2946
   -4.6476  -10.5261    4.7934    3.7495    8.5706   -6.2717
eta,q 0.96469 19.95243
  0.0366  0.0363  0.0358  0.0383  0.0366  0.0372  0.0363  0.0378  0.0361  0.0365  0.0360  0.0358
  0.0359  0.0358  0.0355  0.0371  0.0359  0.0365  0.0358  0.0363  0.0357  0.0358  0.0356  0.0355
  0.0355  0.0355  0.0354  0.0360  0.0355  0.0359  0.0354  0.0355  0.0354  0.0354  0.0354  0.0353
  0.0354  0.0354  0.0354  0.0354  0.0353  0.0353  0.0353  0.0353  0.0353  0.0353  0.0353  0.0353
  0.0355  0.0354  0.0354  0.0354  0.0354  0.0351  0.0354  0.0356  0.0354  0.0354  0.0354  0.0354
  0.0359  0.0356  0.0356  0.0362  0.0359  0.0357  0.0358  0.0364  0.0357  0.0358  0.0356  0.0355
  0.0366  0.0360  0.0359  0.0381  0.0365  0.0379  0.0364  0.0376  0.0361  0.0363  0.0360  0.0358
niter,ni,del,rscale     3    3    5.0000    0.6000
parameters
   -2.8468   -5.5167   16.4209   -7.5644  -15.2923   -4.9893
   -4.6461  -10.5757    4.7181    3.8123    8.4737   -6.2371
eta,q 0.96481 19.94968
  0.0363  0.0359  0.0357  0.0376  0.0362  0.0369  0.0360  0.0371  0.0358  0.0361  0.0357  0.0356
  0.0358  0.0356  0.0355  0.0366  0.0357  0.0363  0.0356  0.0359  0.0354  0.0356  0.0354  0.0354
  0.0354  0.0354  0.0353  0.0358  0.0354  0.0358  0.0353  0.0353  0.0352  0.0353  0.0352  0.0352
  0.0353  0.0353  0.0353  0.0353  0.0353  0.0353  0.0352  0.0352  0.0352  0.0352  0.0352  0.0352
  0.0354  0.0354  0.0354  0.0354  0.0354  0.0351  0.0353  0.0355  0.0353  0.0353  0.0353  0.0352
  0.0357  0.0356  0.0355  0.0361  0.0357  0.0354  0.0355  0.0361  0.0355  0.0356  0.0355  0.0354
  0.0362  0.0359  0.0357  0.0375  0.0362  0.0368  0.0360  0.0371  0.0358  0.0360  0.0358  0.0356
niter,ni,del,rscale     2    3    5.0000    0.5000
parameters
   -2.8345   -5.5858   16.4383   -7.4894  -15.3651   -4.6895
   -4.6443  -10.6295    4.6658    3.7629    8.4345   -6.0964
eta,q 0.96489 19.94711
  0.0359  0.0355  0.0355  0.0368  0.0358  0.0365  0.0357  0.0365  0.0355  0.0357  0.0355  0.0354
  0.0355  0.0353  0.0353  0.0361  0.0355  0.0360  0.0354  0.0357  0.0353  0.0353  0.0353  0.0352
  0.0353  0.0352  0.0352  0.0355  0.0352  0.0355  0.0352  0.0352  0.0351  0.0351  0.0352  0.0351
  0.0352  0.0352  0.0352  0.0352  0.0352  0.0352  0.0351  0.0351  0.0351  0.0351  0.0351  0.0351
  0.0353  0.0353  0.0352  0.0353  0.0353  0.0350  0.0352  0.0353  0.0352  0.0352  0.0352  0.0351
  0.0355  0.0354  0.0353  0.0358  0.0355  0.0353  0.0354  0.0358  0.0353  0.0354  0.0353  0.0352
  0.0359  0.0357  0.0355  0.0369  0.0359  0.0363  0.0357  0.0365  0.0356  0.0357  0.0356  0.0353
niter,ni,del,rscale     1    3    5.0000    0.4000
parameters
   -2.8288   -5.6454   16.4802   -7.4460  -15.4605   -4.4202
   -4.6435  -10.6891    4.6120    3.6405    8.4234   -5.9458
eta,q 0.96496 19.94123
  0.0356  0.0353  0.0353  0.0362  0.0355  0.0361  0.0354  0.0360  0.0353  0.0354  0.0353  0.0352
  0.0353  0.0352  0.0352  0.0357  0.0353  0.0357  0.0352  0.0354  0.0352  0.0352  0.0352  0.0351
  0.0352  0.0351  0.0351  0.0353  0.0351  0.0353  0.0351  0.0351  0.0351  0.0351  0.0351  0.0351
  0.0351  0.0351  0.0351  0.0351  0.0351  0.0351  0.0350  0.0350  0.0350  0.0350  0.0350  0.0350
  0.0352  0.0351  0.0351  0.0352  0.0352  0.0350  0.0351  0.0352  0.0351  0.0351  0.0351  0.0351
  0.0353  0.0352  0.0352  0.0355  0.0353  0.0352  0.0352  0.0355  0.0352  0.0353  0.0352  0.0351
  0.0356  0.0354  0.0353  0.0362  0.0356  0.0359  0.0354  0.0360  0.0353  0.0355  0.0353  0.0352
registration optimization eta report
parameter search radius
    0.8000    0.8000    0.8000    2.4000    2.4000    2.4000
    2.4000    2.4000    2.4000    2.4000    2.4000    2.4000
100000*second partial in parameter space
       73.       41.       33.       19.        8.       15.
        6.       17.        5.        7.        5.        3.
  0.0356  0.0353  0.0353  0.0362  0.0355  0.0361  0.0354  0.0360  0.0353  0.0354  0.0353  0.0352
  0.0353  0.0352  0.0352  0.0357  0.0353  0.0357  0.0352  0.0354  0.0352  0.0352  0.0352  0.0351
  0.0352  0.0351  0.0351  0.0353  0.0351  0.0353  0.0351  0.0351  0.0351  0.0351  0.0351  0.0351
  0.0351  0.0351  0.0351  0.0351  0.0351  0.0351  0.0350  0.0350  0.0350  0.0350  0.0350  0.0350
  0.0352  0.0351  0.0351  0.0352  0.0352  0.0350  0.0351  0.0352  0.0351  0.0351  0.0351  0.0351
  0.0353  0.0352  0.0352  0.0355  0.0353  0.0352  0.0352  0.0355  0.0352  0.0353  0.0352  0.0351
  0.0356  0.0354  0.0353  0.0362  0.0356  0.0359  0.0354  0.0360  0.0353  0.0355  0.0353  0.0352
   -2.8288   -5.6454   16.4802   -7.4460  -15.4605   -4.4202
   -4.6435  -10.6891    4.6120    3.6405    8.4234   -5.9458
eta,q 0.96496 19.94123

---------------------------------------------------------------------
compute_vox2vox talsrcimg talsrcimg_to_711-2C_as_mni_average_305_t4 /opt/freesurfer/average/711-2C_as_mni_average_305
---------------------------------------------------------------------

freesurfer compute_vox2vox.c
Reading: talsrcimg.4dfp.ifh
Reading: talsrcimg_to_711-2C_as_mni_average_305_t4
Reading: /opt/freesurfer/average/711-2C_as_mni_average_305.4dfp.ifh
Writing: talsrcimg_to_711-2C_as_mni_average_305_t4_vox2vox.txt

start time Tue Mar 10 21:06:26 CET 2026
end		time Tue Mar 10 21:07:51 CET 2026

mpr2mni305 success

avi2talxfm orig_nu.mgz /opt/freesurfer/average/mni305.cor.mgz talsrcimg_to_711-2C_as_mni_average_305_t4_vox2vox.txt transforms/talairach.auto.xfm
avi2talxfm done
mv -f /out/sourcedata/freesurfer/sub-v2s11x28717_ses-1/mri/talsrcimg_to_711-2C_as_mni_average_305_t4_vox2vox.txt /out/sourcedata/freesurfer/sub-v2s11x28717_ses-1/mri/transforms/talsrcimg_to_711-2C_as_mni_average_305_t4_vox2vox.txt
lta_convert --src orig_nu.mgz --trg /opt/freesurfer/average/mni305.cor.mgz --inxfm transforms/talairach.auto.xfm --outlta transforms/talairach.auto.xfm.lta --subject fsaverage
7.3.2

--src: orig_nu.mgz src image (geometry).
--trg: /opt/freesurfer/average/mni305.cor.mgz trg image (geometry).
--inmni: transforms/talairach.auto.xfm input MNI/XFM transform.
--outlta: transforms/talairach.auto.xfm.lta output LTA.
--s: fsaverage subject name
 LTA read, type : 1
 1.06650   0.11673   0.06679  -0.12537;
-0.09735   1.03280   0.06729  -8.05643;
-0.05399  -0.05084   1.17634  -33.11214;
 0.00000   0.00000   0.00000   1.00000;
setting subject to fsaverage
Writing  LTA to file transforms/talairach.auto.xfm.lta...
lta_convert successful.
 
 
Started at Tue Mar 10 21:06:26 CET 2026
Ended   at Tue Mar 10 21:07:51 CET 2026
talairach_avi done
