/out/sourcedata/freesurfer/sub-v2s11x28677_ses-1/mri
/opt/freesurfer/bin/talairach_avi
--i orig_nu.mgz --xfm transforms/talairach.auto.xfm
talairach_avi 7.3.2
Linux dna043 5.14.0-427.37.1.el9_4.x86_64 #1 SMP PREEMPT_DYNAMIC Fri Sep 13 12:41:50 EDT 2024 x86_64 x86_64 x86_64 GNU/Linux
Tue Mar 10 13:53:50 CET 2026
mri_convert orig_nu.mgz talsrcimg.img 
reading from orig_nu.mgz...
TR=0.00, TE=0.00, TI=0.00, flip angle=0.00
i_ras = (-1, 0, 0)
j_ras = (0, 0, -1)
k_ras = (0, 1, 0)
writing to talsrcimg.img...
Analyze Output Matrix
-0.80000   0.00000   0.00000   132.56473;
 0.00000   0.00000   0.80000  -125.16605;
 0.00000  -0.80000   0.00000   121.79110;
 0.00000   0.00000   0.00000   1.00000;
--------------------
INFO: set hdr.hist.orient to -1
mpr2mni305 talsrcimg
Tue Mar 10 13:53:50 CET 2026
/opt/freesurfer/bin/mpr2mni305 talsrcimg
mpr2mni305 7.3.2
target=711-2C_as_mni_average_305

---------------------------------------------------------------------
analyzeto4dfp talsrcimg -O0 -y
---------------------------------------------------------------------

freesurfer ifh2hdr.c
Tue Mar 10 13:53:51 2026
Writing: talsrcimg.4dfp.hdr
freesurfer analyzeto4dfp.c
Reading: talsrcimg.hdr
header size 348 bytes
hdr.dime.datatype	offset=70	value=2
hdr.dime.bitpix		offset=72	value=8
hdr.hist.orient		offset=252	value=-1
dimensionality     4
dimensions       320       320       320         1
Reading: talsrcimg.img
Writing: talsrcimg.4dfp.img
Writing: talsrcimg.4dfp.ifh
ifh2hdr talsrcimg -r0to190
ori=2

---------------------------------------------------------------------
gauss_4dfp talsrcimg 1.1
---------------------------------------------------------------------

freesurfer gauss_4dfp.c
Reading: talsrcimg.4dfp.img
Writing: talsrcimg_g11.4dfp.img
image dimensions 320 320 320 padded to 384 384 384
processing volume 1freesurfer ifh2hdr.c
Tue Mar 10 13:54:07 2026
Writing: talsrcimg_g11.4dfp.hdr

Writing: talsrcimg_g11.4dfp.ifh
including: talsrcimg.4dfp.img.rec in talsrcimg_g11.4dfp.img.rec

---------------------------------------------------------------------
imgreg_4dfp /opt/freesurfer/average/711-2C_as_mni_average_305 none talsrcimg_g11 none talsrcimg_to_711-2C_as_mni_average_305_t4 4355
---------------------------------------------------------------------

freesurfer imgreg_4dfp.c
/opt/freesurfer/average/711-2C_as_mni_average_305.4dfp.img
       256       256       256         1
  1.000000  1.000000  1.000000
orientation T byte_order littleendian
Reading image: /opt/freesurfer/average/711-2C_as_mni_average_305.4dfp.img
dimensions:      256       256       256
mmppix:       1.0000   -1.0000   -1.0000
center:     128.0000 -129.0000 -129.0000
talsrcimg_g11.4dfp.img
       320       320       320         1
  0.800000  0.800000  0.800000
orientation T byte_order littleendian
Reading image: talsrcimg_g11.4dfp.img
dimensions:      320       320       320
mmppix:       0.8000   -0.8000   -0.8000
center:     128.0000 -128.8000 -128.8000
t4_read: open error in t4_sub.f l:  41 t4_file(1:l)talsrcimg_to_711-2C_as_mni_average_305_t4 
t4_read: transform initialized to I4
rotation matrix determinant  1.000000
image alignment mode   4355 decimal     1103 hex
   -7.5000  -45.0000  -45.0000 8856.1807   19.4628
    0.0000  -45.0000  -45.0000 9344.5127   19.4606
    7.5000  -45.0000  -45.0000 8863.7158   19.4116
   -7.5000  -37.5000  -45.0000 9368.4297   19.5322
    0.0000  -37.5000  -45.0000 9889.7100   19.5324
    7.5000  -37.5000  -45.0000 9347.6104   19.4872
   -7.5000  -30.0000  -45.000010225.9219   19.6909
    0.0000  -30.0000  -45.000010762.4424   19.6840
    7.5000  -30.0000  -45.000010153.2471   19.6379
   -7.5000  -22.5000  -45.000011031.1484   19.7817
    0.0000  -22.5000  -45.000011611.6621   19.7634
    7.5000  -22.5000  -45.000010896.8955   19.7114
   -7.5000  -15.0000  -45.000011833.8701   19.7243
    0.0000  -15.0000  -45.000012438.7285   19.7010
    7.5000  -15.0000  -45.000011665.9785   19.6444
   -7.5000   -7.5000  -45.000012617.7627   19.5604
    0.0000   -7.5000  -45.000013263.3135   19.5463
    7.5000   -7.5000  -45.000012456.0273   19.4916
   -7.5000    0.0000  -45.000013163.2861   19.4628
    0.0000    0.0000  -45.000013857.8115   19.4606
    7.5000    0.0000  -45.000012997.9893   19.4116
   -7.5000    7.5000  -45.000012616.5000   19.5322
    0.0000    7.5000  -45.000013301.2246   19.5324
    7.5000    7.5000  -45.000012448.0303   19.4872
   -7.5000   15.0000  -45.000011859.6914   19.6909
    0.0000   15.0000  -45.000012537.9229   19.6840
    7.5000   15.0000  -45.000011687.5693   19.6379
   -7.5000   22.5000  -45.000010958.4385   19.7790
    0.0000   22.5000  -45.000011623.7910   19.7607
    7.5000   22.5000  -45.000010797.1113   19.7087
   -7.5000   30.0000  -45.000010039.7988   19.4614
    0.0000   30.0000  -45.000010685.8301   19.4384
    7.5000   30.0000  -45.0000 9926.1689   19.3826
   -7.5000   37.5000  -45.0000 9517.6807   19.2997
    0.0000   37.5000  -45.000010153.0352   19.2858
    7.5000   37.5000  -45.0000 9449.9385   19.2318
   -7.5000   45.0000  -45.0000 8669.4102   18.7158
    0.0000   45.0000  -45.0000 9213.6680   18.7137
    7.5000   45.0000  -45.0000 8603.5586   18.6666
   -7.5000  -45.0000  -37.5000 9083.0361   19.3166
    0.0000  -45.0000  -37.5000 9593.6748   19.3068
    7.5000  -45.0000  -37.5000 9110.1064   19.2480
   -7.5000  -37.5000  -37.5000 9612.4717   19.3877
    0.0000  -37.5000  -37.500010161.3564   19.3806
    7.5000  -37.5000  -37.5000 9600.6895   19.3249
   -7.5000  -30.0000  -37.500010480.7285   19.5406
    0.0000  -30.0000  -37.500011039.6279   19.5278
    7.5000  -30.0000  -37.500010414.3037   19.4706
   -7.5000  -22.5000  -37.500011284.4277   19.6241
    0.0000  -22.5000  -37.500011869.0527   19.6005
    7.5000  -22.5000  -37.500011157.4941   19.5373
   -7.5000  -15.0000  -37.500012107.5586   19.5648
    0.0000  -15.0000  -37.500012698.4561   19.5361
    7.5000  -15.0000  -37.500011929.1963   19.4692
   -7.5000   -7.5000  -37.500012910.4102   19.4066
    0.0000   -7.5000  -37.500013548.1475   19.3860
    7.5000   -7.5000  -37.500012723.0020   19.3218
   -7.5000    0.0000  -37.500013465.7070   19.3166
    0.0000    0.0000  -37.500014162.4600   19.3068
    7.5000    0.0000  -37.500013262.5674   19.2480
   -7.5000    7.5000  -37.500012893.2891   19.3877
    0.0000    7.5000  -37.500013595.9287   19.3806
    7.5000    7.5000  -37.500012692.3574   19.3249
   -7.5000   15.0000  -37.500012107.5635   19.5406
    0.0000   15.0000  -37.500012824.9756   19.5278
    7.5000   15.0000  -37.500011939.1377   19.4706
   -7.5000   22.5000  -37.500011162.6738   19.6214
    0.0000   22.5000  -37.500011869.5166   19.5978
    7.5000   22.5000  -37.500011023.9961   19.5347
   -7.5000   30.0000  -37.500010201.6787   19.3041
    0.0000   30.0000  -37.500010881.8584   19.2757
    7.5000   30.0000  -37.500010105.2324   19.2098
   -7.5000   37.5000  -37.5000 9682.4648   19.1480
    0.0000   37.5000  -37.500010351.9033   19.1276
    7.5000   37.5000  -37.5000 9621.6133   19.0643
   -7.5000   45.0000  -37.5000 8794.8506   18.5752
    0.0000   45.0000  -37.5000 9375.0723   18.5658
    7.5000   45.0000  -37.5000 8755.9648   18.5093
   -7.5000  -45.0000  -30.0000 9653.5322   19.7428
    0.0000  -45.0000  -30.000010187.3896   19.7297
    7.5000  -45.0000  -30.0000 9669.3887   19.6620
   -7.5000  -37.5000  -30.000010223.9434   19.8152
    0.0000  -37.5000  -30.000010785.5898   19.8030
    7.5000  -37.5000  -30.000010195.5645   19.7362
   -7.5000  -30.0000  -30.000011131.3721   19.9652
    0.0000  -30.0000  -30.000011705.2979   19.9471
    7.5000  -30.0000  -30.000011037.8184   19.8773
   -7.5000  -22.5000  -30.000011988.8203   20.0444
    0.0000  -22.5000  -30.000012571.2070   20.0170
    7.5000  -22.5000  -30.000011851.2334   19.9418
   -7.5000  -15.0000  -30.000012862.8848   19.9849
    0.0000  -15.0000  -30.000013455.6680   19.9548
    7.5000  -15.0000  -30.000012678.2539   19.8780
   -7.5000   -7.5000  -30.000013721.8037   19.8295
    0.0000   -7.5000  -30.000014371.9512   19.8078
    7.5000   -7.5000  -30.000013520.0146   19.7355
   -7.5000    0.0000  -30.000014301.7354   19.7428
    0.0000    0.0000  -30.000015014.5850   19.7297
    7.5000    0.0000  -30.000014087.8701   19.6620
   -7.5000    7.5000  -30.000013686.5625   19.8152
    0.0000    7.5000  -30.000014405.8115   19.8030
    7.5000    7.5000  -30.000013481.2852   19.7362
   -7.5000   15.0000  -30.000012867.5801   19.9652
    0.0000   15.0000  -30.000013612.4893   19.9471
    7.5000   15.0000  -30.000012688.6504   19.8773
   -7.5000   22.5000  -30.000011878.5381   20.0396
    0.0000   22.5000  -30.000012607.8291   20.0122
    7.5000   22.5000  -30.000011733.6035   19.9370
   -7.5000   30.0000  -30.000010847.5781   19.7204
    0.0000   30.0000  -30.000011551.3750   19.6907
    7.5000   30.0000  -30.000010754.6621   19.6150
   -7.5000   37.5000  -30.000010273.8564   19.5672
    0.0000   37.5000  -30.000010969.1533   19.5457
    7.5000   37.5000  -30.000010220.2754   19.4743
   -7.5000   45.0000  -30.0000 9322.3633   18.9990
    0.0000   45.0000  -30.0000 9935.3418   18.9864
    7.5000   45.0000  -30.0000 9295.4766   18.9213
   -7.5000  -45.0000  -22.500010243.7783   20.1034
    0.0000  -45.0000  -22.500010807.9756   20.0943
    7.5000  -45.0000  -22.500010259.9229   20.0267
   -7.5000  -37.5000  -22.500010875.7725   20.1760
    0.0000  -37.5000  -22.500011464.2715   20.1651
    7.5000  -37.5000  -22.500010832.9805   20.0970
   -7.5000  -30.0000  -22.500011825.1221   20.3246
    0.0000  -30.0000  -22.500012412.1924   20.3072
    7.5000  -30.0000  -22.500011704.4854   20.2361
   -7.5000  -22.5000  -22.500012736.6445   20.4025
    0.0000  -22.5000  -22.500013303.5801   20.3776
    7.5000  -22.5000  -22.500012565.7490   20.3026
   -7.5000  -15.0000  -22.500013662.4609   20.3436
    0.0000  -15.0000  -22.500014251.7559   20.3188
    7.5000  -15.0000  -22.500013470.8799   20.2435
   -7.5000   -7.5000  -22.500014598.6348   20.1893
    0.0000   -7.5000  -22.500015266.8457   20.1737
    7.5000   -7.5000  -22.500014383.4639   20.1027
   -7.5000    0.0000  -22.500015224.6709   20.1034
    0.0000    0.0000  -22.500015955.4453   20.0943
    7.5000    0.0000  -22.500014989.3184   20.0267
   -7.5000    7.5000  -22.500014566.9727   20.1760
    0.0000    7.5000  -22.500015289.5840   20.1651
    7.5000    7.5000  -22.500014346.7627   20.0970
   -7.5000   15.0000  -22.500013700.0312   20.3246
    0.0000   15.0000  -22.500014434.0684   20.3072
    7.5000   15.0000  -22.500013505.1406   20.2361
   -7.5000   22.5000  -22.500012660.5820   20.3962
    0.0000   22.5000  -22.500013393.1797   20.3713
    7.5000   22.5000  -22.500012518.8545   20.2963
   -7.5000   30.0000  -22.500011588.0596   20.0775
    0.0000   30.0000  -22.500012305.3857   20.0531
    7.5000   30.0000  -22.500011496.3096   19.9787
   -7.5000   37.5000  -22.500010957.9180   19.9253
    0.0000   37.5000  -22.500011671.8428   19.9099
    7.5000   37.5000  -22.500010893.5420   19.8398
   -7.5000   45.0000  -22.5000 9920.1348   19.3606
    0.0000   45.0000  -22.500010558.4531   19.3518
    7.5000   45.0000  -22.5000 9878.4199   19.2867
   -7.5000  -45.0000  -15.000010825.2832   20.2779
    0.0000  -45.0000  -15.000011411.8682   20.2789
    7.5000  -45.0000  -15.000010838.8652   20.2190
   -7.5000  -37.5000  -15.000011572.0254   20.3495
    0.0000  -37.5000  -15.000012188.8467   20.3475
    7.5000  -37.5000  -15.000011502.6143   20.2870
   -7.5000  -30.0000  -15.000012580.3691   20.5006
    0.0000  -30.0000  -15.000013188.3174   20.4907
    7.5000  -30.0000  -15.000012423.7920   20.4276
   -7.5000  -22.5000  -15.000013520.2236   20.5820
    0.0000  -22.5000  -15.000014078.8584   20.5647
    7.5000  -22.5000  -15.000013324.7246   20.4983
   -7.5000  -15.0000  -15.000014494.0059   20.5245
    0.0000  -15.0000  -15.000015064.8760   20.5083
    7.5000  -15.0000  -15.000014291.0713   20.4416
   -7.5000   -7.5000  -15.000015501.8350   20.3676
    0.0000   -7.5000  -15.000016164.3691   20.3617
    7.5000   -7.5000  -15.000015277.3115   20.2988
   -7.5000    0.0000  -15.000016189.4082   20.2779
    0.0000    0.0000  -15.000016918.1777   20.2789
    7.5000    0.0000  -15.000015943.1650   20.2190
   -7.5000    7.5000  -15.000015476.5859   20.3495
    0.0000    7.5000  -15.000016205.0576   20.3475
    7.5000    7.5000  -15.000015255.5576   20.2870
   -7.5000   15.0000  -15.000014574.1377   20.5006
    0.0000   15.0000  -15.000015296.9854   20.4907
    7.5000   15.0000  -15.000014372.1621   20.4276
   -7.5000   22.5000  -15.000013494.9756   20.5747
    0.0000   22.5000  -15.000014236.3193   20.5574
    7.5000   22.5000  -15.000013339.9854   20.4911
   -7.5000   30.0000  -15.000012367.9482   20.2588
    0.0000   30.0000  -15.000013109.5166   20.2428
    7.5000   30.0000  -15.000012261.5166   20.1770
   -7.5000   37.5000  -15.000011687.9795   20.1040
    0.0000   37.5000  -15.000012420.5283   20.0981
    7.5000   37.5000  -15.000011592.6172   20.0361
   -7.5000   45.0000  -15.000010572.8184   19.5405
    0.0000   45.0000  -15.000011230.0098   19.5414
    7.5000   45.0000  -15.000010492.1895   19.4837
   -7.5000  -45.0000   -7.500011372.0684   20.2254
    0.0000  -45.0000   -7.500011959.2871   20.2350
    7.5000  -45.0000   -7.500011349.1240   20.1842
   -7.5000  -37.5000   -7.500012239.3760   20.2949
    0.0000  -37.5000   -7.500012865.5088   20.3034
    7.5000  -37.5000   -7.500012094.4678   20.2537
   -7.5000  -30.0000   -7.500013403.7266   20.4507
    0.0000  -30.0000   -7.500014052.2168   20.4513
    7.5000  -30.0000   -7.500013159.2852   20.4003
   -7.5000  -22.5000   -7.500014362.6797   20.5388
    0.0000  -22.5000   -7.500014926.7002   20.5305
    7.5000  -22.5000   -7.500014118.7100   20.4760
   -7.5000  -15.0000   -7.500015331.7256   20.4830
    0.0000  -15.0000   -7.500015871.9756   20.4735
    7.5000  -15.0000   -7.500015120.1670   20.4170
   -7.5000   -7.5000   -7.500016400.6699   20.3216
    0.0000   -7.5000   -7.500017036.0293   20.3221
    7.5000   -7.5000   -7.500016186.2764   20.2679
   -7.5000    0.0000   -7.500017135.6582   20.2254
    0.0000    0.0000   -7.500017848.3145   20.2350
    7.5000    0.0000   -7.500016897.6973   20.1842
   -7.5000    7.5000   -7.500016408.2051   20.2949
    0.0000    7.5000   -7.500017147.4199   20.3034
    7.5000    7.5000   -7.500016168.8301   20.2537
   -7.5000   15.0000   -7.500015474.7568   20.4507
    0.0000   15.0000   -7.500016209.2939   20.4513
    7.5000   15.0000   -7.500015243.3135   20.4003
   -7.5000   22.5000   -7.500014395.9521   20.5293
    0.0000   22.5000   -7.500015127.2197   20.5210
    7.5000   22.5000   -7.500014153.4395   20.4665
   -7.5000   30.0000   -7.500013233.5879   20.2174
    0.0000   30.0000   -7.500013957.0605   20.2080
    7.5000   30.0000   -7.500013019.4678   20.1522
   -7.5000   37.5000   -7.500012530.8174   20.0581
    0.0000   37.5000   -7.500013253.6758   20.0585
    7.5000   37.5000   -7.500012330.4121   20.0051
   -7.5000   45.0000   -7.500011317.1475   19.4934
    0.0000   45.0000   -7.500011974.8604   19.5027
    7.5000   45.0000   -7.500011135.7949   19.4538
   -7.5000  -45.0000    0.000011763.7822   20.0366
    0.0000  -45.0000    0.000012367.2793   20.0473
    7.5000  -45.0000    0.000011729.3145   19.9978
   -7.5000  -37.5000    0.000012682.7520   20.1067
    0.0000  -37.5000    0.000013370.1318   20.1191
    7.5000  -37.5000    0.000012533.1934   20.0723
   -7.5000  -30.0000    0.000014066.0439   20.2655
    0.0000  -30.0000    0.000014846.3779   20.2714
    7.5000  -30.0000    0.000013749.2617   20.2236
   -7.5000  -22.5000    0.000015181.6729   20.3564
    0.0000  -22.5000    0.000015872.2656   20.3518
    7.5000  -22.5000    0.000014876.8213   20.2991
   -7.5000  -15.0000    0.000016168.0068   20.2998
    0.0000  -15.0000    0.000016760.3398   20.2911
    7.5000  -15.0000    0.000015928.6348   20.2349
   -7.5000   -7.5000    0.000017296.8535   20.1352
    0.0000   -7.5000    0.000017930.4668   20.1352
    7.5000   -7.5000    0.000017040.9551   20.0810
   -7.5000    0.0000    0.000018122.0371   20.0366
    0.0000    0.0000    0.000018851.9082   20.0473
    7.5000    0.0000    0.000017768.0488   19.9978
   -7.5000    7.5000    0.000017440.0957   20.1067
    0.0000    7.5000    0.000018146.8457   20.1191
    7.5000    7.5000    0.000016987.6953   20.0723
   -7.5000   15.0000    0.000016511.2090   20.2655
    0.0000   15.0000    0.000017216.4082   20.2714
    7.5000   15.0000    0.000015995.0674   20.2236
   -7.5000   22.5000    0.000015362.5771   20.3470
    0.0000   22.5000    0.000016080.4014   20.3425
    7.5000   22.5000    0.000014859.2217   20.2897
   -7.5000   30.0000    0.000014128.6230   20.0371
    0.0000   30.0000    0.000014842.6436   20.0285
    7.5000   30.0000    0.000013690.9668   19.9730
   -7.5000   37.5000    0.000013367.3740   19.8747
    0.0000   37.5000    0.000014074.4336   19.8746
    7.5000   37.5000    0.000012977.6055   19.8211
   -7.5000   45.0000    0.000012066.0996   19.3129
    0.0000   45.0000    0.000012698.6035   19.3233
    7.5000   45.0000    0.000011732.5625   19.2756
   -7.5000  -45.0000    7.500011326.2773   20.3666
    0.0000  -45.0000    7.500011920.9375   20.3684
    7.5000  -45.0000    7.500011305.7207   20.3088
   -7.5000  -37.5000    7.500012170.5195   20.4394
    0.0000  -37.5000    7.500012839.1426   20.4436
    7.5000  -37.5000    7.500012077.1113   20.3866
   -7.5000  -30.0000    7.500013609.2393   20.6001
    0.0000  -30.0000    7.500014432.2070   20.5984
    7.5000  -30.0000    7.500013298.1670   20.5391
   -7.5000  -22.5000    7.500015060.1299   20.6901
    0.0000  -22.5000    7.500015891.5967   20.6778
    7.5000  -22.5000    7.500014527.7354   20.6123
   -7.5000  -15.0000    7.500016299.7354   20.6312
    0.0000  -15.0000    7.500017025.2617   20.6139
    7.5000  -15.0000    7.500015629.9414   20.5453
   -7.5000   -7.5000    7.500017389.9023   20.4645
    0.0000   -7.5000    7.500018108.2207   20.4556
    7.5000   -7.5000    7.500016648.1152   20.3904
   -7.5000    0.0000    7.500018100.9785   20.3666
    0.0000    0.0000    7.500018795.7676   20.3684
    7.5000    0.0000    7.500017285.0820   20.3088
   -7.5000    7.5000    7.500017313.6602   20.4394
    0.0000    7.5000    7.500017980.3926   20.4436
    7.5000    7.5000    7.500016504.7070   20.3866
   -7.5000   15.0000    7.500016313.1934   20.6001
    0.0000   15.0000    7.500016983.9395   20.5984
    7.5000   15.0000    7.500015574.9199   20.5391
   -7.5000   22.5000    7.500015123.3555   20.6806
    0.0000   22.5000    7.500015795.4521   20.6682
    7.5000   22.5000    7.500014505.7559   20.6028
   -7.5000   30.0000    7.500013881.8047   20.3642
    0.0000   30.0000    7.500014531.2588   20.3471
    7.5000   30.0000    7.500013364.6748   20.2794
   -7.5000   37.5000    7.500013110.5264   20.1997
    0.0000   37.5000    7.500013747.9639   20.1908
    7.5000   37.5000    7.500012668.1279   20.1265
   -7.5000   45.0000    7.500011812.7354   19.6311
    0.0000   45.0000    7.500012405.6895   19.6328
    7.5000   45.0000    7.500011454.8760   19.5753
   -7.5000  -45.0000   15.000010830.4189   20.7697
    0.0000  -45.0000   15.000011395.1826   20.7626
    7.5000  -45.0000   15.000010764.2793   20.6933
   -7.5000  -37.5000   15.000011659.3896   20.8435
    0.0000  -37.5000   15.000012271.9160   20.8373
    7.5000  -37.5000   15.000011468.4248   20.7691
   -7.5000  -30.0000   15.000013135.4053   21.0003
    0.0000  -30.0000   15.000013895.8486   20.9882
    7.5000  -30.0000   15.000012679.1416   20.9170
   -7.5000  -22.5000   15.000014674.1201   21.0855
    0.0000  -22.5000   15.000015445.1064   21.0640
    7.5000  -22.5000   15.000013966.0967   20.9871
   -7.5000  -15.0000   15.000015856.4814   21.0262
    0.0000  -15.0000   15.000016545.2773   21.0018
    7.5000  -15.0000   15.000015074.8662   20.9232
   -7.5000   -7.5000   15.000016798.0566   20.8633
    0.0000   -7.5000   15.000017522.6035   20.8474
    7.5000   -7.5000   15.000016023.9004   20.7732
   -7.5000    0.0000   15.000017437.1680   20.7697
    0.0000    0.0000   15.000018207.5957   20.7626
    7.5000    0.0000   15.000016650.8320   20.6933
   -7.5000    7.5000   15.000016645.8496   20.8435
    0.0000    7.5000   15.000017418.0488   20.8373
    7.5000    7.5000   15.000015925.4062   20.7691
   -7.5000   15.0000   15.000015663.5518   21.0003
    0.0000   15.0000   15.000016396.7227   20.9882
    7.5000   15.0000   15.000015035.7998   20.9170
   -7.5000   22.5000   15.000014504.7402   21.0758
    0.0000   22.5000   15.000015203.4131   21.0543
    7.5000   22.5000   15.000013995.3965   20.9774
   -7.5000   30.0000   15.000013323.9424   20.7541
    0.0000   30.0000   15.000013970.6152   20.7300
    7.5000   30.0000   15.000012897.3643   20.6524
   -7.5000   37.5000   15.000012637.9668   20.5933
    0.0000   37.5000   15.000013242.3223   20.5776
    7.5000   37.5000   15.000012245.9111   20.5044
   -7.5000   45.0000   15.000011447.4365   20.0196
    0.0000   45.0000   15.000011985.6807   20.0127
    7.5000   45.0000   15.000011111.2686   19.9460
   -7.5000  -45.0000   22.500010337.6035   21.1743
    0.0000  -45.0000   22.500010863.1328   21.1657
    7.5000  -45.0000   22.500010186.1396   21.0957
   -7.5000  -37.5000   22.500011174.7041   21.2477
    0.0000  -37.5000   22.500011744.3125   21.2372
    7.5000  -37.5000   22.500010876.4346   21.1667
   -7.5000  -30.0000   22.500012479.3877   21.4004
    0.0000  -30.0000   22.500013147.7227   21.3830
    7.5000  -30.0000   22.500012057.9590   21.3094
   -7.5000  -22.5000   22.500013610.6162   21.4823
    0.0000  -22.5000   22.500014238.8955   21.4569
    7.5000  -22.5000   22.500013237.1309   21.3791
   -7.5000  -15.0000   22.500014455.5674   21.4239
    0.0000  -15.0000   22.500015057.7383   21.3987
    7.5000  -15.0000   22.500014196.1602   21.3204
   -7.5000   -7.5000   22.500015397.9561   21.2647
    0.0000   -7.5000   22.500016084.3525   21.2492
    7.5000   -7.5000   22.500015139.1260   21.1756
   -7.5000    0.0000   22.500016176.1689   21.1743
    0.0000    0.0000   22.500016946.4629   21.1657
    7.5000    0.0000   22.500015831.6592   21.0957
   -7.5000    7.5000   22.500015587.3154   21.2477
    0.0000    7.5000   22.500016329.1924   21.2372
    7.5000    7.5000   22.500015178.3252   21.1667
   -7.5000   15.0000   22.500014769.2656   21.4004
    0.0000   15.0000   22.500015450.6934   21.3830
    7.5000   15.0000   22.500014325.2920   21.3094
   -7.5000   22.5000   22.500013718.0557   21.4724
    0.0000   22.5000   22.500014360.6230   21.4470
    7.5000   22.5000   22.500013314.1113   21.3692
   -7.5000   30.0000   22.500012634.5010   21.1466
    0.0000   30.0000   22.500013232.5986   21.1218
    7.5000   30.0000   22.500012270.0127   21.0445
   -7.5000   37.5000   22.500011996.9307   20.9895
    0.0000   37.5000   22.500012557.7227   20.9742
    7.5000   37.5000   22.500011658.5166   20.9015
   -7.5000   45.0000   22.500010884.0400   20.4096
    0.0000   45.0000   22.500011394.8867   20.4013
    7.5000   45.0000   22.500010600.6846   20.3338
   -7.5000  -45.0000   30.0000 9724.1016   21.6383
    0.0000  -45.0000   30.000010230.3193   21.6357
    7.5000  -45.0000   30.0000 9603.5889   21.5730
   -7.5000  -37.5000   30.000010406.8838   21.7112
    0.0000  -37.5000   30.000010971.6211   21.7051
    7.5000  -37.5000   30.000010257.8320   21.6417
   -7.5000  -30.0000   30.000011492.4570   21.8673
    0.0000  -30.0000   30.000012117.6357   21.8523
    7.5000  -30.0000   30.000011341.1045   21.7860
   -7.5000  -22.5000   30.000012377.5947   21.9529
    0.0000  -22.5000   30.000012960.3477   21.9298
    7.5000  -22.5000   30.000012318.9062   21.8600
   -7.5000  -15.0000   30.000013213.0029   21.8952
    0.0000  -15.0000   30.000013790.2090   21.8734
    7.5000  -15.0000   30.000013169.8340   21.8033
   -7.5000   -7.5000   30.000014207.5908   21.7325
    0.0000   -7.5000   30.000014886.6201   21.7223
    7.5000   -7.5000   30.000014112.3936   21.6564
   -7.5000    0.0000   30.000014980.1582   21.6383
    0.0000    0.0000   30.000015706.6084   21.6357
    7.5000    0.0000   30.000014809.1553   21.5730
   -7.5000    7.5000   30.000014461.4639   21.7112
    0.0000    7.5000   30.000015134.2812   21.7051
    7.5000    7.5000   30.000014204.6484   21.6417
   -7.5000   15.0000   30.000013715.5254   21.8673
    0.0000   15.0000   30.000014341.5928   21.8523
    7.5000   15.0000   30.000013424.3408   21.7860
   -7.5000   22.5000   30.000012769.5586   21.9428
    0.0000   22.5000   30.000013356.2246   21.9197
    7.5000   22.5000   30.000012482.2500   21.8500
   -7.5000   30.0000   30.000011774.3418   21.6118
    0.0000   30.0000   30.000012324.4453   21.5903
    7.5000   30.0000   30.000011532.6279   21.5211
   -7.5000   37.5000   30.000011187.6875   21.4513
    0.0000   37.5000   30.000011700.8174   21.4412
    7.5000   37.5000   30.000010978.9238   21.3761
   -7.5000   45.0000   30.000010181.6270   20.8569
    0.0000   45.0000   30.000010650.6543   20.8543
    7.5000   45.0000   30.0000 9999.3379   20.7939
   -7.5000  -45.0000   37.5000 9523.7002   22.1544
    0.0000  -45.0000   37.500010017.6523   22.1589
    7.5000  -45.0000   37.5000 9502.7500   22.1054
   -7.5000  -37.5000   37.500010155.0469   22.2272
    0.0000  -37.5000   37.500010727.0283   22.2301
    7.5000  -37.5000   37.500010149.7871   22.1781
   -7.5000  -30.0000   37.500011164.0127   22.3932
    0.0000  -30.0000   37.500011757.5381   22.3869
    7.5000  -30.0000   37.500011180.3379   22.3334
   -7.5000  -22.5000   37.500012023.5537   22.4896
    0.0000  -22.5000   37.500012592.1875   22.4731
    7.5000  -22.5000   37.500012061.3340   22.4151
   -7.5000  -15.0000   37.500012913.0400   22.4324
    0.0000  -15.0000   37.500013508.4678   22.4148
    7.5000  -15.0000   37.500012906.6230   22.3541
   -7.5000   -7.5000   37.500013899.6846   22.2593
    0.0000   -7.5000   37.500014585.4023   22.2532
    7.5000   -7.5000   37.500013852.5312   22.1954
   -7.5000    0.0000   37.500014623.9717   22.1544
    0.0000    0.0000   37.500015333.6035   22.1589
    7.5000    0.0000   37.500014553.2207   22.1054
   -7.5000    7.5000   37.500014110.7432   22.2272
    0.0000    7.5000   37.500014775.4404   22.2301
    7.5000    7.5000   37.500013981.3340   22.1781
   -7.5000   15.0000   37.500013381.0156   22.3932
    0.0000   15.0000   37.500014002.1855   22.3869
    7.5000   15.0000   37.500013209.2178   22.3334
   -7.5000   22.5000   37.500012466.6143   22.4792
    0.0000   22.5000   37.500013042.1172   22.4627
    7.5000   22.5000   37.500012288.7227   22.4048
   -7.5000   30.0000   37.500011518.6055   22.1421
    0.0000   30.0000   37.500012053.9219   22.1247
    7.5000   30.0000   37.500011373.0703   22.0648
   -7.5000   37.5000   37.500010941.6074   21.9712
    0.0000   37.5000   37.500011449.5107   21.9652
    7.5000   37.5000   37.500010837.2588   21.9082
   -7.5000   45.0000   37.5000 9966.0127   21.3543
    0.0000   45.0000   37.500010399.3975   21.3586
    7.5000   45.0000   37.5000 9867.9990   21.3070
   -7.5000  -45.0000   45.0000 8940.0625   22.8937
    0.0000  -45.0000   45.0000 9417.8496   22.8943
    7.5000  -45.0000   45.0000 8987.6631   22.8367
   -7.5000  -37.5000   45.0000 9548.7100   22.9703
    0.0000  -37.5000   45.000010063.0010   22.9731
    7.5000  -37.5000   45.0000 9604.0879   22.9194
   -7.5000  -30.0000   45.000010478.6670   23.1474
    0.0000  -30.0000   45.000010994.9971   23.1419
    7.5000  -30.0000   45.000010528.8945   23.0867
   -7.5000  -22.5000   45.000011305.6406   23.2518
    0.0000  -22.5000   45.000011840.3174   23.2331
    7.5000  -22.5000   45.000011334.9170   23.1712
   -7.5000  -15.0000   45.000012152.6992   23.1916
    0.0000  -15.0000   45.000012728.7266   23.1676
    7.5000  -15.0000   45.000012136.0508   23.1008
   -7.5000   -7.5000   45.000013053.1504   23.0065
    0.0000   -7.5000   45.000013687.4150   22.9933
    7.5000   -7.5000   45.000013018.5742   22.9293
   -7.5000    0.0000   45.000013709.3613   22.8937
    0.0000    0.0000   45.000014358.2510   22.8943
    7.5000    0.0000   45.000013662.0039   22.8367
   -7.5000    7.5000   45.000013238.2578   22.9703
    0.0000    7.5000   45.000013866.8906   22.9731
    7.5000    7.5000   45.000013159.0889   22.9194
   -7.5000   15.0000   45.000012572.6836   23.1474
    0.0000   15.0000   45.000013167.8555   23.1419
    7.5000   15.0000   45.000012458.4951   23.0867
   -7.5000   22.5000   45.000011721.0605   23.2410
    0.0000   22.5000   45.000012264.6650   23.2223
    7.5000   22.5000   45.000011595.9775   23.1605
   -7.5000   30.0000   45.000010827.2334   22.8895
    0.0000   30.0000   45.000011309.6787   22.8657
    7.5000   30.0000   45.000010716.6602   22.7998
   -7.5000   37.5000   45.000010294.2129   22.7068
    0.0000   37.5000   45.000010751.8164   22.6938
    7.5000   37.5000   45.000010179.3770   22.6306
   -7.5000   45.0000   45.0000 9371.0605   22.0769
    0.0000   45.0000   45.0000 9753.1924   22.0774
    7.5000   45.0000   45.0000 9249.7744   22.0219

---------------------------------------------------------------------
imgreg_4dfp /opt/freesurfer/average/711-2C_as_mni_average_305 /opt/freesurfer/average/711-2B_as_mni_average_305_mask talsrcimg_g11 none talsrcimg_to_711-2C_as_mni_average_305_t4 4355
---------------------------------------------------------------------

freesurfer imgreg_4dfp.c
/opt/freesurfer/average/711-2C_as_mni_average_305.4dfp.img
       256       256       256         1
  1.000000  1.000000  1.000000
orientation T byte_order littleendian
Reading image: /opt/freesurfer/average/711-2C_as_mni_average_305.4dfp.img
dimensions:      256       256       256
mmppix:       1.0000   -1.0000   -1.0000
center:     128.0000 -129.0000 -129.0000
/opt/freesurfer/average/711-2B_as_mni_average_305_mask.4dfp.img
       256       256       256         1
  1.000000  1.000000  1.000000
orientation T byte_order littleendian
Reading mask: /opt/freesurfer/average/711-2B_as_mni_average_305_mask.4dfp.img (2306576 pixels)
talsrcimg_g11.4dfp.img
       320       320       320         1
  0.800000  0.800000  0.800000
orientation T byte_order littleendian
Reading image: talsrcimg_g11.4dfp.img
dimensions:      320       320       320
mmppix:       0.8000   -0.8000   -0.8000
center:     128.0000 -128.8000 -128.8000
rotation matrix determinant  1.000000
image alignment mode   4355 decimal     1103 hex
   -7.5000  -45.0000  -45.0000 2416.9229   26.4912
    0.0000  -45.0000  -45.0000 2439.8152   26.6211
    7.5000  -45.0000  -45.0000 2421.1792   26.5348
   -7.5000  -37.5000  -45.0000 2474.3257   24.8970
    0.0000  -37.5000  -45.0000 2493.7788   25.0219
    7.5000  -37.5000  -45.0000 2470.8005   24.9551
   -7.5000  -30.0000  -45.0000 2509.9016   23.7258
    0.0000  -30.0000  -45.0000 2525.2930   23.8165
    7.5000  -30.0000  -45.0000 2500.4932   23.7891
   -7.5000  -22.5000  -45.0000 2537.7798   22.9297
    0.0000  -22.5000  -45.0000 2550.6108   22.9657
    7.5000  -22.5000  -45.0000 2523.5991   22.9656
   -7.5000  -15.0000  -45.0000 2553.4287   22.6136
    0.0000  -15.0000  -45.0000 2566.1523   22.5976
    7.5000  -15.0000  -45.0000 2537.2363   22.6065
   -7.5000   -7.5000  -45.0000 2550.7688   22.6244
    0.0000   -7.5000  -45.0000 2563.0686   22.6346
    7.5000   -7.5000  -45.0000 2540.1367   22.6290
   -7.5000    0.0000  -45.0000 2537.9475   23.0137
    0.0000    0.0000  -45.0000 2557.9985   23.0628
    7.5000    0.0000  -45.0000 2534.8428   23.0645
   -7.5000    7.5000  -45.0000 2511.1848   23.7833
    0.0000    7.5000  -45.0000 2531.6990   23.8853
    7.5000    7.5000  -45.0000 2513.4963   23.8782
   -7.5000   15.0000  -45.0000 2465.6670   25.0480
    0.0000   15.0000  -45.0000 2481.5491   25.1249
    7.5000   15.0000  -45.0000 2458.7571   25.1210
   -7.5000   22.5000  -45.0000 2400.8218   26.7072
    0.0000   22.5000  -45.0000 2405.7063   26.7670
    7.5000   22.5000  -45.0000 2383.6626   26.7815
   -7.5000   30.0000  -45.0000 2317.5376   28.7777
    0.0000   30.0000  -45.0000 2319.5361   28.7820
    7.5000   30.0000  -45.0000 2304.8247   28.8200
   -7.5000   37.5000  -45.0000 2230.7454   31.1785
    0.0000   37.5000  -45.0000 2233.8616   31.1335
    7.5000   37.5000  -45.0000 2229.6292   31.2613
   -7.5000   45.0000  -45.0000 2130.1428   34.3062
    0.0000   45.0000  -45.0000 2123.1780   34.2485
    7.5000   45.0000  -45.0000 2133.1726   34.5568
   -7.5000  -45.0000  -37.5000 2458.7795   25.6564
    0.0000  -45.0000  -37.5000 2476.9873   25.7136
    7.5000  -45.0000  -37.5000 2460.3645   25.5942
   -7.5000  -37.5000  -37.5000 2511.8271   24.0254
    0.0000  -37.5000  -37.5000 2526.6208   24.0372
    7.5000  -37.5000  -37.5000 2507.2651   24.0079
   -7.5000  -30.0000  -37.5000 2547.6865   22.8804
    0.0000  -30.0000  -37.5000 2557.8574   22.8714
    7.5000  -30.0000  -37.5000 2541.6438   22.9033
   -7.5000  -22.5000  -37.5000 2573.0820   22.0500
    0.0000  -22.5000  -37.5000 2582.3816   22.0245
    7.5000  -22.5000  -37.5000 2564.6873   22.0804
   -7.5000  -15.0000  -37.5000 2599.8318   21.7307
    0.0000  -15.0000  -37.5000 2598.4243   21.6292
    7.5000  -15.0000  -37.5000 2584.2634   21.6923
   -7.5000   -7.5000  -37.5000 2597.4434   21.7374
    0.0000   -7.5000  -37.5000 2601.3933   21.6764
    7.5000   -7.5000  -37.5000 2587.2446   21.7028
   -7.5000    0.0000  -37.5000 2586.1804   22.1196
    0.0000    0.0000  -37.5000 2595.0090   22.0832
    7.5000    0.0000  -37.5000 2579.6128   22.1365
   -7.5000    7.5000  -37.5000 2557.1274   22.8590
    0.0000    7.5000  -37.5000 2568.8120   22.8811
    7.5000    7.5000  -37.5000 2546.8914   22.8697
   -7.5000   15.0000  -37.5000 2511.5444   24.0383
    0.0000   15.0000  -37.5000 2526.9304   24.1074
    7.5000   15.0000  -37.5000 2495.2446   24.0534
   -7.5000   22.5000  -37.5000 2437.0464   25.5890
    0.0000   22.5000  -37.5000 2451.3564   25.6972
    7.5000   22.5000  -37.5000 2418.3516   25.6516
   -7.5000   30.0000  -37.5000 2346.4438   27.5868
    0.0000   30.0000  -37.5000 2360.2944   27.6776
    7.5000   30.0000  -37.5000 2330.8250   27.6080
   -7.5000   37.5000  -37.5000 2260.4211   29.8698
    0.0000   37.5000  -37.5000 2277.0039   30.0083
    7.5000   37.5000  -37.5000 2254.4487   29.9822
   -7.5000   45.0000  -37.5000 2153.9768   32.8629
    0.0000   45.0000  -37.5000 2156.9983   32.9338
    7.5000   45.0000  -37.5000 2158.6067   33.1376
   -7.5000  -45.0000  -30.0000 2575.8435   25.5441
    0.0000  -45.0000  -30.0000 2582.6780   25.4636
    7.5000  -45.0000  -30.0000 2562.2649   25.4221
   -7.5000  -37.5000  -30.0000 2625.2380   23.8548
    0.0000  -37.5000  -30.0000 2625.6665   23.7217
    7.5000  -37.5000  -30.0000 2609.7708   23.6976
   -7.5000  -30.0000  -30.0000 2657.4482   22.6135
    0.0000  -30.0000  -30.0000 2656.0012   22.4772
    7.5000  -30.0000  -30.0000 2645.7012   22.5327
   -7.5000  -22.5000  -30.0000 2683.8552   21.7273
    0.0000  -22.5000  -30.0000 2680.3674   21.6205
    7.5000  -22.5000  -30.0000 2678.7173   21.7153
   -7.5000  -15.0000  -30.0000 2714.3169   21.3736
    0.0000  -15.0000  -30.0000 2700.4553   21.1980
    7.5000  -15.0000  -30.0000 2702.8926   21.3008
   -7.5000   -7.5000  -30.0000 2716.8328   21.3483
    0.0000   -7.5000  -30.0000 2707.9165   21.2178
    7.5000   -7.5000  -30.0000 2704.9370   21.2840
   -7.5000    0.0000  -30.0000 2704.6191   21.6977
    0.0000    0.0000  -30.0000 2704.1355   21.6112
    7.5000    0.0000  -30.0000 2692.9121   21.6548
   -7.5000    7.5000  -30.0000 2674.3345   22.3669
    0.0000    7.5000  -30.0000 2677.8801   22.3535
    7.5000    7.5000  -30.0000 2663.3137   22.3742
   -7.5000   15.0000  -30.0000 2627.0676   23.4730
    0.0000   15.0000  -30.0000 2634.3521   23.4747
    7.5000   15.0000  -30.0000 2612.6909   23.4908
   -7.5000   22.5000  -30.0000 2556.8669   24.9826
    0.0000   22.5000  -30.0000 2566.9270   25.0475
    7.5000   22.5000  -30.0000 2540.2180   25.0737
   -7.5000   30.0000  -30.0000 2461.0757   26.9136
    0.0000   30.0000  -30.0000 2473.3120   26.9623
    7.5000   30.0000  -30.0000 2448.9558   26.9777
   -7.5000   37.5000  -30.0000 2367.1855   29.1274
    0.0000   37.5000  -30.0000 2384.2009   29.2809
    7.5000   37.5000  -30.0000 2361.6433   29.2527
   -7.5000   45.0000  -30.0000 2255.1780   32.0460
    0.0000   45.0000  -30.0000 2267.7891   32.1534
    7.5000   45.0000  -30.0000 2261.3188   32.2771
   -7.5000  -45.0000  -22.5000 2639.6565   25.2198
    0.0000  -45.0000  -22.5000 2640.6648   25.0418
    7.5000  -45.0000  -22.5000 2626.4841   25.1015
   -7.5000  -37.5000  -22.5000 2695.0403   23.5603
    0.0000  -37.5000  -22.5000 2690.3623   23.3439
    7.5000  -37.5000  -22.5000 2678.8818   23.3858
   -7.5000  -30.0000  -22.5000 2719.9336   22.2453
    0.0000  -30.0000  -22.5000 2709.5337   21.9748
    7.5000  -30.0000  -22.5000 2710.6794   22.0887
   -7.5000  -22.5000  -22.5000 2746.5046   21.2722
    0.0000  -22.5000  -22.5000 2731.3472   21.0499
    7.5000  -22.5000  -22.5000 2739.1851   21.2036
   -7.5000  -15.0000  -22.5000 2777.0803   20.8573
    0.0000  -15.0000  -22.5000 2754.0471   20.6288
    7.5000  -15.0000  -22.5000 2766.6594   20.7775
   -7.5000   -7.5000  -22.5000 2783.8840   20.8094
    0.0000   -7.5000  -22.5000 2771.4192   20.6445
    7.5000   -7.5000  -22.5000 2773.9971   20.7445
   -7.5000    0.0000  -22.5000 2775.2639   21.1338
    0.0000    0.0000  -22.5000 2767.2861   21.0040
    7.5000    0.0000  -22.5000 2767.3281   21.1383
   -7.5000    7.5000  -22.5000 2747.3750   21.7776
    0.0000    7.5000  -22.5000 2740.7244   21.6963
    7.5000    7.5000  -22.5000 2739.8342   21.8289
   -7.5000   15.0000  -22.5000 2699.1572   22.8400
    0.0000   15.0000  -22.5000 2689.7581   22.7652
    7.5000   15.0000  -22.5000 2685.5081   22.9159
   -7.5000   22.5000  -22.5000 2628.1240   24.3270
    0.0000   22.5000  -22.5000 2623.1677   24.2752
    7.5000   22.5000  -22.5000 2612.8328   24.4071
   -7.5000   30.0000  -22.5000 2540.1377   26.1924
    0.0000   30.0000  -22.5000 2541.1475   26.1684
    7.5000   30.0000  -22.5000 2519.7817   26.2241
   -7.5000   37.5000  -22.5000 2441.0896   28.3485
    0.0000   37.5000  -22.5000 2447.6350   28.4416
    7.5000   37.5000  -22.5000 2423.0823   28.4550
   -7.5000   45.0000  -22.5000 2322.2849   31.1971
    0.0000   45.0000  -22.5000 2327.1550   31.2561
    7.5000   45.0000  -22.5000 2310.7927   31.3747
   -7.5000  -45.0000  -15.0000 2669.0771   24.9381
    0.0000  -45.0000  -15.0000 2667.1045   24.7052
    7.5000  -45.0000  -15.0000 2659.6021   24.8058
   -7.5000  -37.5000  -15.0000 2727.7363   23.2585
    0.0000  -37.5000  -15.0000 2720.9578   23.0066
    7.5000  -37.5000  -15.0000 2719.4495   23.0985
   -7.5000  -30.0000  -15.0000 2753.4399   21.9267
    0.0000  -30.0000  -15.0000 2741.1716   21.6144
    7.5000  -30.0000  -15.0000 2746.0039   21.7641
   -7.5000  -22.5000  -15.0000 2773.7249   20.7957
    0.0000  -22.5000  -15.0000 2751.9548   20.4724
    7.5000  -22.5000  -15.0000 2762.0283   20.7517
   -7.5000  -15.0000  -15.0000 2798.5833   20.2962
    0.0000  -15.0000  -15.0000 2769.1516   19.9903
    7.5000  -15.0000  -15.0000 2792.4668   20.3069
   -7.5000   -7.5000  -15.0000 2808.8464   20.2697
    0.0000   -7.5000  -15.0000 2788.1125   20.0181
    7.5000   -7.5000  -15.0000 2807.2148   20.2701
   -7.5000    0.0000  -15.0000 2804.4319   20.5898
    0.0000    0.0000  -15.0000 2789.5737   20.3691
    7.5000    0.0000  -15.0000 2809.3389   20.6410
   -7.5000    7.5000  -15.0000 2778.5098   21.2071
    0.0000    7.5000  -15.0000 2762.0679   21.0381
    7.5000    7.5000  -15.0000 2781.6746   21.3018
   -7.5000   15.0000  -15.0000 2733.3005   22.2565
    0.0000   15.0000  -15.0000 2716.5378   22.1122
    7.5000   15.0000  -15.0000 2725.5532   22.3988
   -7.5000   22.5000  -15.0000 2662.0334   23.7403
    0.0000   22.5000  -15.0000 2650.8179   23.6167
    7.5000   22.5000  -15.0000 2647.7771   23.8773
   -7.5000   30.0000  -15.0000 2569.6045   25.4779
    0.0000   30.0000  -15.0000 2573.2722   25.4677
    7.5000   30.0000  -15.0000 2557.8921   25.6017
   -7.5000   37.5000  -15.0000 2467.5422   27.5766
    0.0000   37.5000  -15.0000 2476.6394   27.6672
    7.5000   37.5000  -15.0000 2459.8167   27.7781
   -7.5000   45.0000  -15.0000 2347.5720   30.3428
    0.0000   45.0000  -15.0000 2351.0613   30.4491
    7.5000   45.0000  -15.0000 2345.5300   30.6565
   -7.5000  -45.0000   -7.5000 2669.0303   24.7828
    0.0000  -45.0000   -7.5000 2666.8032   24.4482
    7.5000  -45.0000   -7.5000 2673.2534   24.6416
   -7.5000  -37.5000   -7.5000 2734.2139   23.0960
    0.0000  -37.5000   -7.5000 2725.1738   22.7304
    7.5000  -37.5000   -7.5000 2733.8186   22.9108
   -7.5000  -30.0000   -7.5000 2769.2559   21.7988
    0.0000  -30.0000   -7.5000 2759.3438   21.4185
    7.5000  -30.0000   -7.5000 2763.8225   21.5685
   -7.5000  -22.5000   -7.5000 2776.7773   20.5251
    0.0000  -22.5000   -7.5000 2754.2815   20.1015
    7.5000  -22.5000   -7.5000 2772.4624   20.4907
   -7.5000  -15.0000   -7.5000 2793.1572   19.8456
    0.0000  -15.0000   -7.5000 2753.8503   19.3916
    7.5000  -15.0000   -7.5000 2796.4873   19.9442
   -7.5000   -7.5000   -7.5000 2799.9448   19.7866
    0.0000   -7.5000   -7.5000 2769.0774   19.3951
    7.5000   -7.5000   -7.5000 2814.5872   19.8877
   -7.5000    0.0000   -7.5000 2799.9641   20.1555
    0.0000    0.0000   -7.5000 2777.5801   19.8160
    7.5000    0.0000   -7.5000 2818.6995   20.2466
   -7.5000    7.5000   -7.5000 2782.5876   20.7810
    0.0000    7.5000   -7.5000 2759.9978   20.5048
    7.5000    7.5000   -7.5000 2796.3684   20.9187
   -7.5000   15.0000   -7.5000 2737.7637   21.7879
    0.0000   15.0000   -7.5000 2721.5933   21.5988
    7.5000   15.0000   -7.5000 2745.0854   22.0090
   -7.5000   22.5000   -7.5000 2669.9568   23.2133
    0.0000   22.5000   -7.5000 2659.4492   23.0664
    7.5000   22.5000   -7.5000 2667.5933   23.4334
   -7.5000   30.0000   -7.5000 2579.3020   24.9244
    0.0000   30.0000   -7.5000 2582.5977   24.9137
    7.5000   30.0000   -7.5000 2581.0142   25.1872
   -7.5000   37.5000   -7.5000 2478.7791   26.9889
    0.0000   37.5000   -7.5000 2495.4768   27.1183
    7.5000   37.5000   -7.5000 2485.8167   27.3610
   -7.5000   45.0000   -7.5000 2353.9788   29.6874
    0.0000   45.0000   -7.5000 2371.3904   29.8179
    7.5000   45.0000   -7.5000 2365.9199   30.0955
   -7.5000  -45.0000    0.0000 2678.3286   24.9629
    0.0000  -45.0000    0.0000 2672.0269   24.5261
    7.5000  -45.0000    0.0000 2674.1111   24.7484
   -7.5000  -37.5000    0.0000 2738.6833   23.1829
    0.0000  -37.5000    0.0000 2729.9744   22.7748
    7.5000  -37.5000    0.0000 2735.3054   22.9688
   -7.5000  -30.0000    0.0000 2776.5193   21.9120
    0.0000  -30.0000    0.0000 2767.5811   21.5170
    7.5000  -30.0000    0.0000 2769.5410   21.6038
   -7.5000  -22.5000    0.0000 2790.7815   20.7069
    0.0000  -22.5000    0.0000 2779.5464   20.3279
    7.5000  -22.5000    0.0000 2781.9854   20.5203
   -7.5000  -15.0000    0.0000 2787.2952   19.7889
    0.0000  -15.0000    0.0000 2751.6025   19.3090
    7.5000  -15.0000    0.0000 2796.6675   19.8752
   -7.5000   -7.5000    0.0000 2792.7700   19.6664
    0.0000   -7.5000    0.0000 2759.8228   19.2110
    7.5000   -7.5000    0.0000 2809.6682   19.7744
   -7.5000    0.0000    0.0000 2803.5156   20.0312
    0.0000    0.0000    0.0000 2779.9160   19.6695
    7.5000    0.0000    0.0000 2814.6169   20.0546
   -7.5000    7.5000    0.0000 2795.9768   20.6410
    0.0000    7.5000    0.0000 2775.9675   20.3540
    7.5000    7.5000    0.0000 2796.6299   20.6439
   -7.5000   15.0000    0.0000 2759.0798   21.6497
    0.0000   15.0000    0.0000 2740.4810   21.3928
    7.5000   15.0000    0.0000 2750.6294   21.6670
   -7.5000   22.5000    0.0000 2698.1392   23.0892
    0.0000   22.5000    0.0000 2687.8157   22.9121
    7.5000   22.5000    0.0000 2678.4565   23.0966
   -7.5000   30.0000    0.0000 2616.4299   24.8514
    0.0000   30.0000    0.0000 2615.6169   24.7998
    7.5000   30.0000    0.0000 2598.6042   24.9138
   -7.5000   37.5000    0.0000 2514.4980   26.9039
    0.0000   37.5000    0.0000 2524.2422   26.9659
    7.5000   37.5000    0.0000 2504.8555   27.0399
   -7.5000   45.0000    0.0000 2386.1494   29.5156
    0.0000   45.0000    0.0000 2396.2029   29.5923
    7.5000   45.0000    0.0000 2385.4036   29.7213
   -7.5000  -45.0000    7.5000 2680.4070   25.3142
    0.0000  -45.0000    7.5000 2679.0942   24.9349
    7.5000  -45.0000    7.5000 2676.0007   25.1499
   -7.5000  -37.5000    7.5000 2741.2971   23.4882
    0.0000  -37.5000    7.5000 2737.8994   23.1214
    7.5000  -37.5000    7.5000 2741.6204   23.2959
   -7.5000  -30.0000    7.5000 2791.5798   22.2799
    0.0000  -30.0000    7.5000 2790.0215   21.9085
    7.5000  -30.0000    7.5000 2786.3401   21.9285
   -7.5000  -22.5000    7.5000 2831.0847   21.3129
    0.0000  -22.5000    7.5000 2831.8704   21.0020
    7.5000  -22.5000    7.5000 2807.4263   20.8970
   -7.5000  -15.0000    7.5000 2848.0305   20.5646
    0.0000  -15.0000    7.5000 2826.9163   20.1537
    7.5000  -15.0000    7.5000 2812.2715   20.1986
   -7.5000   -7.5000    7.5000 2834.1213   20.1653
    0.0000   -7.5000    7.5000 2813.1914   19.7853
    7.5000   -7.5000    7.5000 2809.1621   19.8471
   -7.5000    0.0000    7.5000 2821.1147   20.1517
    0.0000    0.0000    7.5000 2809.3184   19.8926
    7.5000    0.0000    7.5000 2800.1323   19.9242
   -7.5000    7.5000    7.5000 2803.0366   20.5952
    0.0000    7.5000    7.5000 2789.8059   20.3771
    7.5000    7.5000    7.5000 2784.0598   20.4861
   -7.5000   15.0000    7.5000 2772.2275   21.6076
    0.0000   15.0000    7.5000 2764.1929   21.4377
    7.5000   15.0000    7.5000 2751.2292   21.5457
   -7.5000   22.5000    7.5000 2719.7974   23.0693
    0.0000   22.5000    7.5000 2710.0398   22.9838
    7.5000   22.5000    7.5000 2686.5251   23.0145
   -7.5000   30.0000    7.5000 2641.6616   24.8709
    0.0000   30.0000    7.5000 2636.5332   24.8542
    7.5000   30.0000    7.5000 2605.6511   24.8257
   -7.5000   37.5000    7.5000 2540.9167   26.9508
    0.0000   37.5000    7.5000 2547.9902   27.0440
    7.5000   37.5000    7.5000 2512.5906   26.9524
   -7.5000   45.0000    7.5000 2411.8718   29.6101
    0.0000   45.0000    7.5000 2431.1016   29.7141
    7.5000   45.0000    7.5000 2394.7234   29.6603
   -7.5000  -45.0000   15.0000 2671.6743   25.8584
    0.0000  -45.0000   15.0000 2676.7085   25.5118
    7.5000  -45.0000   15.0000 2676.6326   25.6901
   -7.5000  -37.5000   15.0000 2745.9478   24.0693
    0.0000  -37.5000   15.0000 2747.1707   23.7536
    7.5000  -37.5000   15.0000 2738.2676   23.8174
   -7.5000  -30.0000   15.0000 2817.5317   22.9113
    0.0000  -30.0000   15.0000 2821.5110   22.6146
    7.5000  -30.0000   15.0000 2789.6289   22.4786
   -7.5000  -22.5000   15.0000 2871.0552   21.9626
    0.0000  -22.5000   15.0000 2877.2114   21.7159
    7.5000  -22.5000   15.0000 2819.4189   21.4800
   -7.5000  -15.0000   15.0000 2891.9504   21.1832
    0.0000  -15.0000   15.0000 2874.9451   20.7850
    7.5000  -15.0000   15.0000 2829.6716   20.7053
   -7.5000   -7.5000   15.0000 2868.3501   20.5887
    0.0000   -7.5000   15.0000 2859.4209   20.3079
    7.5000   -7.5000   15.0000 2804.4119   20.1901
   -7.5000    0.0000   15.0000 2841.4939   20.4650
    0.0000    0.0000   15.0000 2828.8611   20.2454
    7.5000    0.0000   15.0000 2797.0203   20.2718
   -7.5000    7.5000   15.0000 2809.3357   20.8683
    0.0000    7.5000   15.0000 2810.3342   20.7377
    7.5000    7.5000   15.0000 2781.5637   20.7970
   -7.5000   15.0000   15.0000 2775.0845   21.8155
    0.0000   15.0000   15.0000 2769.3804   21.6966
    7.5000   15.0000   15.0000 2746.5762   21.7193
   -7.5000   22.5000   15.0000 2721.9954   23.1921
    0.0000   22.5000   15.0000 2712.5974   23.0888
    7.5000   22.5000   15.0000 2690.6035   23.1187
   -7.5000   30.0000   15.0000 2649.7732   24.9926
    0.0000   30.0000   15.0000 2644.5918   24.9635
    7.5000   30.0000   15.0000 2615.2502   24.9397
   -7.5000   37.5000   15.0000 2556.3313   27.1568
    0.0000   37.5000   15.0000 2564.8997   27.2182
    7.5000   37.5000   15.0000 2532.0383   27.1849
   -7.5000   45.0000   15.0000 2437.5337   29.9331
    0.0000   45.0000   15.0000 2455.5852   30.0236
    7.5000   45.0000   15.0000 2426.7424   30.0543
   -7.5000  -45.0000   22.5000 2665.1763   26.6061
    0.0000  -45.0000   22.5000 2675.6377   26.3148
    7.5000  -45.0000   22.5000 2666.1462   26.3983
   -7.5000  -37.5000   22.5000 2746.4861   24.7534
    0.0000  -37.5000   22.5000 2749.3787   24.4126
    7.5000  -37.5000   22.5000 2731.6497   24.4398
   -7.5000  -30.0000   22.5000 2816.3257   23.3515
    0.0000  -30.0000   22.5000 2818.1995   23.0561
    7.5000  -30.0000   22.5000 2791.3340   23.0257
   -7.5000  -22.5000   22.5000 2854.4314   22.0938
    0.0000  -22.5000   22.5000 2861.9011   21.8414
    7.5000  -22.5000   22.5000 2820.4861   21.8858
   -7.5000  -15.0000   22.5000 2851.9709   21.0269
    0.0000  -15.0000   22.5000 2834.3081   20.6525
    7.5000  -15.0000   22.5000 2832.3225   21.0217
   -7.5000   -7.5000   22.5000 2828.2908   20.4448
    0.0000   -7.5000   22.5000 2813.0623   20.1561
    7.5000   -7.5000   22.5000 2826.5461   20.5893
   -7.5000    0.0000   22.5000 2837.8005   20.6284
    0.0000    0.0000   22.5000 2835.6233   20.4329
    7.5000    0.0000   22.5000 2826.7200   20.7040
   -7.5000    7.5000   22.5000 2837.3638   21.3632
    0.0000    7.5000   22.5000 2835.9312   21.2293
    7.5000    7.5000   22.5000 2814.3010   21.3433
   -7.5000   15.0000   22.5000 2801.9907   22.4843
    0.0000   15.0000   22.5000 2794.3018   22.3741
    7.5000   15.0000   22.5000 2762.3760   22.3397
   -7.5000   22.5000   22.5000 2739.8428   23.8646
    0.0000   22.5000   22.5000 2735.6216   23.7821
    7.5000   22.5000   22.5000 2697.8940   23.6967
   -7.5000   30.0000   22.5000 2662.6013   25.5510
    0.0000   30.0000   22.5000 2664.6799   25.5536
    7.5000   30.0000   22.5000 2623.4785   25.4367
   -7.5000   37.5000   22.5000 2569.5469   27.6575
    0.0000   37.5000   22.5000 2582.0256   27.7498
    7.5000   37.5000   22.5000 2540.2705   27.5872
   -7.5000   45.0000   22.5000 2441.0103   30.2589
    0.0000   45.0000   22.5000 2461.7271   30.4209
    7.5000   45.0000   22.5000 2433.1265   30.3768
   -7.5000  -45.0000   30.0000 2644.6274   27.2079
    0.0000  -45.0000   30.0000 2659.5989   26.9441
    7.5000  -45.0000   30.0000 2652.4043   27.1168
   -7.5000  -37.5000   30.0000 2717.1370   25.1282
    0.0000  -37.5000   30.0000 2727.6938   24.8675
    7.5000  -37.5000   30.0000 2717.8718   25.0133
   -7.5000  -30.0000   30.0000 2769.2268   23.5319
    0.0000  -30.0000   30.0000 2781.7021   23.2945
    7.5000  -30.0000   30.0000 2776.6948   23.4846
   -7.5000  -22.5000   30.0000 2794.0474   22.1359
    0.0000  -22.5000   30.0000 2806.3809   21.9072
    7.5000  -22.5000   30.0000 2806.9536   22.2823
   -7.5000  -15.0000   30.0000 2807.0007   21.0836
    0.0000  -15.0000   30.0000 2782.2903   20.7033
    7.5000  -15.0000   30.0000 2823.1021   21.3603
   -7.5000   -7.5000   30.0000 2829.2307   20.7926
    0.0000   -7.5000   30.0000 2825.1016   20.5589
    7.5000   -7.5000   30.0000 2827.8489   20.9501
   -7.5000    0.0000   30.0000 2851.4204   21.1031
    0.0000    0.0000   30.0000 2853.9404   20.9369
    7.5000    0.0000   30.0000 2838.7600   21.1682
   -7.5000    7.5000   30.0000 2850.6958   21.8079
    0.0000    7.5000   30.0000 2847.8879   21.6866
    7.5000    7.5000   30.0000 2825.5457   21.8387
   -7.5000   15.0000   30.0000 2813.6316   23.0424
    0.0000   15.0000   30.0000 2812.4424   22.9557
    7.5000   15.0000   30.0000 2778.9661   22.9797
   -7.5000   22.5000   30.0000 2750.5564   24.5777
    0.0000   22.5000   30.0000 2751.0825   24.5136
    7.5000   22.5000   30.0000 2710.1714   24.4323
   -7.5000   30.0000   30.0000 2662.6487   26.2749
    0.0000   30.0000   30.0000 2670.7913   26.2643
    7.5000   30.0000   30.0000 2629.7327   26.1469
   -7.5000   37.5000   30.0000 2559.4983   28.2298
    0.0000   37.5000   30.0000 2578.4084   28.3195
    7.5000   37.5000   30.0000 2542.2122   28.2089
   -7.5000   45.0000   30.0000 2446.8569   30.9699
    0.0000   45.0000   30.0000 2458.2192   31.0826
    7.5000   45.0000   30.0000 2435.9644   30.9743
   -7.5000  -45.0000   37.5000 2613.2239   27.6824
    0.0000  -45.0000   37.5000 2622.3352   27.4228
    7.5000  -45.0000   37.5000 2625.0654   27.7715
   -7.5000  -37.5000   37.5000 2671.4915   25.4743
    0.0000  -37.5000   37.5000 2684.6401   25.2958
    7.5000  -37.5000   37.5000 2700.0986   25.6779
   -7.5000  -30.0000   37.5000 2722.9512   23.8511
    0.0000  -30.0000   37.5000 2738.0627   23.6619
    7.5000  -30.0000   37.5000 2757.7800   24.1138
   -7.5000  -22.5000   37.5000 2758.2251   22.4268
    0.0000  -22.5000   37.5000 2757.4587   22.1569
    7.5000  -22.5000   37.5000 2787.9048   22.7880
   -7.5000  -15.0000   37.5000 2789.8030   21.5547
    0.0000  -15.0000   37.5000 2784.6519   21.2903
    7.5000  -15.0000   37.5000 2801.9661   21.8186
   -7.5000   -7.5000   37.5000 2828.9690   21.4379
    0.0000   -7.5000   37.5000 2835.3765   21.2537
    7.5000   -7.5000   37.5000 2826.5354   21.5456
   -7.5000    0.0000   37.5000 2845.5264   21.7123
    0.0000    0.0000   37.5000 2849.5554   21.5860
    7.5000    0.0000   37.5000 2839.0029   21.8109
   -7.5000    7.5000   37.5000 2838.3359   22.3560
    0.0000    7.5000   37.5000 2841.4121   22.2893
    7.5000    7.5000   37.5000 2823.9895   22.4720
   -7.5000   15.0000   37.5000 2801.9260   23.5560
    0.0000   15.0000   37.5000 2808.4448   23.4951
    7.5000   15.0000   37.5000 2778.6521   23.6018
   -7.5000   22.5000   37.5000 2735.7952   25.1722
    0.0000   22.5000   37.5000 2745.3806   25.1703
    7.5000   22.5000   37.5000 2708.6702   25.1310
   -7.5000   30.0000   37.5000 2653.0261   27.0220
    0.0000   30.0000   37.5000 2665.1274   27.0468
    7.5000   30.0000   37.5000 2632.6631   26.9456
   -7.5000   37.5000   37.5000 2545.7874   29.0283
    0.0000   37.5000   37.5000 2559.5054   29.0987
    7.5000   37.5000   37.5000 2534.7058   28.9841
   -7.5000   45.0000   37.5000 2434.9790   31.6874
    0.0000   45.0000   37.5000 2438.0264   31.7378
    7.5000   45.0000   37.5000 2416.7632   31.7166
   -7.5000  -45.0000   45.0000 2566.0435   28.1873
    0.0000  -45.0000   45.0000 2584.0574   28.0431
    7.5000  -45.0000   45.0000 2603.1770   28.5868
   -7.5000  -37.5000   45.0000 2630.3591   25.9904
    0.0000  -37.5000   45.0000 2643.5449   25.8302
    7.5000  -37.5000   45.0000 2673.3071   26.4277
   -7.5000  -30.0000   45.0000 2688.4822   24.3130
    0.0000  -30.0000   45.0000 2695.6235   24.0856
    7.5000  -30.0000   45.0000 2726.0256   24.7411
   -7.5000  -22.5000   45.0000 2727.5491   22.9583
    0.0000  -22.5000   45.0000 2732.1526   22.7473
    7.5000  -22.5000   45.0000 2755.0786   23.3854
   -7.5000  -15.0000   45.0000 2772.2412   22.3065
    0.0000  -15.0000   45.0000 2775.5691   22.1142
    7.5000  -15.0000   45.0000 2778.3296   22.5222
   -7.5000   -7.5000   45.0000 2806.5708   22.1864
    0.0000   -7.5000   45.0000 2814.9209   22.0404
    7.5000   -7.5000   45.0000 2806.8894   22.3320
   -7.5000    0.0000   45.0000 2818.9971   22.4099
    0.0000    0.0000   45.0000 2824.0183   22.3244
    7.5000    0.0000   45.0000 2818.1577   22.5699
   -7.5000    7.5000   45.0000 2814.5593   23.0512
    0.0000    7.5000   45.0000 2822.8735   23.0132
    7.5000    7.5000   45.0000 2808.4021   23.2307
   -7.5000   15.0000   45.0000 2781.1760   24.2198
    0.0000   15.0000   45.0000 2791.5479   24.2051
    7.5000   15.0000   45.0000 2765.9080   24.3515
   -7.5000   22.5000   45.0000 2712.4214   25.8449
    0.0000   22.5000   45.0000 2724.2107   25.8309
    7.5000   22.5000   45.0000 2697.2761   25.8781
   -7.5000   30.0000   45.0000 2620.3320   27.6857
    0.0000   30.0000   45.0000 2625.1582   27.6735
    7.5000   30.0000   45.0000 2605.2893   27.7121
   -7.5000   37.5000   45.0000 2520.0159   29.8205
    0.0000   37.5000   45.0000 2530.2568   29.8649
    7.5000   37.5000   45.0000 2502.1641   29.8815
   -7.5000   45.0000   45.0000 2410.8831   32.5143
    0.0000   45.0000   45.0000 2414.0005   32.5372
    7.5000   45.0000   45.0000 2401.1995   32.6327

---------------------------------------------------------------------
imgreg_4dfp /opt/freesurfer/average/711-2C_as_mni_average_305 /opt/freesurfer/average/711-2B_as_mni_average_305_mask talsrcimg_g11 none talsrcimg_to_711-2C_as_mni_average_305_t4 1283
---------------------------------------------------------------------

freesurfer imgreg_4dfp.c
/opt/freesurfer/average/711-2C_as_mni_average_305.4dfp.img
       256       256       256         1
  1.000000  1.000000  1.000000
orientation T byte_order littleendian
Reading image: /opt/freesurfer/average/711-2C_as_mni_average_305.4dfp.img
dimensions:      256       256       256
mmppix:       1.0000   -1.0000   -1.0000
center:     128.0000 -129.0000 -129.0000
/opt/freesurfer/average/711-2B_as_mni_average_305_mask.4dfp.img
       256       256       256         1
  1.000000  1.000000  1.000000
orientation T byte_order littleendian
Reading mask: /opt/freesurfer/average/711-2B_as_mni_average_305_mask.4dfp.img (2306576 pixels)
talsrcimg_g11.4dfp.img
       320       320       320         1
  0.800000  0.800000  0.800000
orientation T byte_order littleendian
Reading image: talsrcimg_g11.4dfp.img
dimensions:      320       320       320
mmppix:       0.8000   -0.8000   -0.8000
center:     128.0000 -128.8000 -128.8000
rotation matrix determinant  1.000000
fimgreg.f
image alignment mode   1283 decimal      503 hex
parameters
   -7.5000  -15.0000   15.0000    0.0000    0.0000    0.0000
eta,q 0.90924 21.12105
niter,ni,del,rscale     5    3   12.0000    1.2000
parameter  4  2.131180 ->  0.500000 qaram    1.1500
parameters
   -5.4987  -16.0664   14.1743   -3.4500   -0.4298   -0.3573
eta,q 0.92409 21.38951
  0.1148  0.0831  0.0887  0.0757  0.0903  0.0823
  0.1100  0.0818  0.0815  0.0753  0.0848  0.0788
  0.0990  0.0798  0.0779  0.0772  0.0792  0.0763
  0.0864  0.0791  0.0793  0.0782  0.0756  0.0759
  0.0791  0.0801  0.0830  0.0787  0.0795  0.0771
  0.0864  0.0842  0.0873  0.0797  0.0887  0.0800
  0.0971  0.0891  0.0931  0.0817  0.0946  0.0839
niter,ni,del,rscale     5    3   12.0000    1.2000
parameters
   -4.7820  -15.6009   13.8899   -4.3967   -1.0252   -0.0787
eta,q 0.92523 21.35852
  0.1093  0.0866  0.0880  0.0783  0.0889  0.0828
  0.0980  0.0810  0.0798  0.0766  0.0834  0.0794
  0.0857  0.0771  0.0756  0.0748  0.0773  0.0762
  0.0759  0.0754  0.0753  0.0751  0.0746  0.0748
  0.0801  0.0762  0.0781  0.0774  0.0800  0.0753
  0.0914  0.0790  0.0824  0.0781  0.0889  0.0779
  0.0972  0.0836  0.0894  0.0793  0.0938  0.0820
niter,ni,del,rscale     4    3   12.0000    1.2000
parameters
   -4.4216  -15.3607   13.8413   -4.8340   -1.4884    0.0724
eta,q 0.92484 21.34029
  0.1075  0.0858  0.0888  0.0783  0.0886  0.0828
  0.0949  0.0800  0.0799  0.0776  0.0844  0.0793
  0.0825  0.0761  0.0754  0.0757  0.0782  0.0763
  0.0748  0.0749  0.0750  0.0749  0.0749  0.0752
  0.0821  0.0765  0.0772  0.0767  0.0791  0.0759
  0.0934  0.0797  0.0811  0.0779  0.0879  0.0784
  0.0991  0.0835  0.0881  0.0789  0.0930  0.0824
niter,ni,del,rscale     3    3   12.0000    1.2000
parameters
   -4.2111  -15.2069   13.8193   -5.0931   -1.8310    0.1311
eta,q 0.92438 21.32815
  0.1066  0.0854  0.0892  0.0782  0.0885  0.0829
  0.0936  0.0798  0.0802  0.0780  0.0850  0.0794
  0.0817  0.0761  0.0757  0.0763  0.0791  0.0766
  0.0752  0.0753  0.0753  0.0753  0.0753  0.0756
  0.0831  0.0770  0.0774  0.0765  0.0784  0.0764
  0.0945  0.0801  0.0811  0.0779  0.0870  0.0790
  0.1000  0.0834  0.0883  0.0788  0.0924  0.0828
niter,ni,del,rscale     2    3   12.0000    1.2000
parameters
   -4.0745  -15.0874   13.8065   -5.2793   -2.0861    0.1363
eta,q 0.92402 21.31774
  0.1061  0.0851  0.0896  0.0782  0.0883  0.0830
  0.0931  0.0797  0.0806  0.0783  0.0856  0.0796
  0.0815  0.0764  0.0761  0.0768  0.0799  0.0769
  0.0756  0.0757  0.0757  0.0757  0.0757  0.0760
  0.0837  0.0774  0.0777  0.0766  0.0781  0.0769
  0.0951  0.0803  0.0814  0.0781  0.0863  0.0794
  0.1004  0.0833  0.0888  0.0788  0.0919  0.0830
niter,ni,del,rscale     1    3   12.0000    1.2000
parameters
   -3.9775  -14.9909   13.7805   -5.4259   -2.2806    0.1273
eta,q 0.92367 21.30943
  0.1057  0.0850  0.0898  0.0783  0.0882  0.0831
  0.0928  0.0797  0.0810  0.0785  0.0859  0.0797
  0.0816  0.0767  0.0766  0.0771  0.0806  0.0772
  0.0760  0.0761  0.0761  0.0761  0.0761  0.0763
  0.0841  0.0778  0.0780  0.0768  0.0779  0.0773
  0.0954  0.0805  0.0817  0.0782  0.0859  0.0797
  0.1006  0.0833  0.0893  0.0788  0.0916  0.0832
registration optimization eta report
parameter search radius
    6.0000    6.0000    6.0000    6.9000    6.0000    6.0000
100000*second partial in parameter space
       69.       22.       38.        4.       35.       19.
  0.1057  0.0850  0.0898  0.0783  0.0882  0.0831
  0.0928  0.0797  0.0810  0.0785  0.0859  0.0797
  0.0816  0.0767  0.0766  0.0771  0.0806  0.0772
  0.0760  0.0761  0.0761  0.0761  0.0761  0.0763
  0.0841  0.0778  0.0780  0.0768  0.0779  0.0773
  0.0954  0.0805  0.0817  0.0782  0.0859  0.0797
  0.1006  0.0833  0.0893  0.0788  0.0916  0.0832
   -3.9775  -14.9909   13.7805   -5.4259   -2.2806    0.1273
eta,q 0.92367 21.30943

---------------------------------------------------------------------
imgreg_4dfp /opt/freesurfer/average/711-2C_as_mni_average_305 /opt/freesurfer/average/711-2B_as_mni_average_305_mask talsrcimg_g11 none talsrcimg_to_711-2C_as_mni_average_305_t4 3335
---------------------------------------------------------------------

freesurfer imgreg_4dfp.c
/opt/freesurfer/average/711-2C_as_mni_average_305.4dfp.img
       256       256       256         1
  1.000000  1.000000  1.000000
orientation T byte_order littleendian
Reading image: /opt/freesurfer/average/711-2C_as_mni_average_305.4dfp.img
dimensions:      256       256       256
mmppix:       1.0000   -1.0000   -1.0000
center:     128.0000 -129.0000 -129.0000
/opt/freesurfer/average/711-2B_as_mni_average_305_mask.4dfp.img
       256       256       256         1
  1.000000  1.000000  1.000000
orientation T byte_order littleendian
Reading mask: /opt/freesurfer/average/711-2B_as_mni_average_305_mask.4dfp.img (2306576 pixels)
talsrcimg_g11.4dfp.img
       320       320       320         1
  0.800000  0.800000  0.800000
orientation T byte_order littleendian
Reading image: talsrcimg_g11.4dfp.img
dimensions:      320       320       320
mmppix:       0.8000   -0.8000   -0.8000
center:     128.0000 -128.8000 -128.8000
fimgreg.f
image alignment mode   3335 decimal      D07 hex
parameters
   -3.9775  -14.9909   13.7805   -0.0795   -0.4492   -0.5269
   -0.5975    3.9405    0.2220    9.4647   -3.9794   -9.4484
eta,q 0.91627 21.29877
niter,ni,del,rscale     5    3    5.0000    1.2000
parameter  2  0.811781 ->  0.500000 qaram    1.1500
parameter  4  7.447281 ->  0.500000 qaram    1.1500
parameter  5  3.196596 ->  0.500000 qaram    1.1500
parameter  6  0.542990 ->  0.500000 qaram    1.1500
parameter  8  0.532123 ->  0.500000 qaram    1.1500
parameters
   -3.4857  -16.3709   14.0574   -4.2195   -4.5892   -4.6669
    2.6958   -0.1995    0.7678    9.7876   -0.4026  -11.9569
eta,q 0.94427 22.12253
  0.0889  0.0834  0.0863  0.0584  0.0573  0.0585  0.0654  0.0580  0.0592  0.0580  0.0596  0.0559
  0.0863  0.0832  0.0847  0.0645  0.0595  0.0590  0.0629  0.0563  0.0577  0.0570  0.0579  0.0558
  0.0845  0.0834  0.0837  0.0734  0.0627  0.0595  0.0607  0.0565  0.0566  0.0563  0.0568  0.0557
  0.0837  0.0837  0.0832  0.0832  0.0667  0.0603  0.0591  0.0582  0.0562  0.0562  0.0562  0.0558
  0.0839  0.0842  0.0833  0.0932  0.0716  0.0633  0.0583  0.0614  0.0564  0.0563  0.0558  0.0559
  0.0846  0.0847  0.0840  0.1039  0.0761  0.0702  0.0584  0.0657  0.0572  0.0568  0.0558  0.0562
  0.0857  0.0853  0.0851  0.1117  0.0801  0.0805  0.0596  0.0712  0.0584  0.0577  0.0561  0.0566
niter,ni,del,rscale     7    3    5.0000    1.2000
parameter  3  1.079073 ->  0.500000 qaram    1.1500
parameter  4  0.825553 ->  0.500000 qaram    1.3225
parameter  5  0.718028 ->  0.500000 qaram    1.3225
parameter 10 -1.147219 -> -0.500000 qaram    1.1500
parameter 11 -0.585804 -> -0.500000 qaram    1.1500
parameter 12 -1.175868 -> -0.500000 qaram    1.1500
parameters
   -3.1365  -15.2773   12.6774   -8.9805   -9.3502   -7.2625
    2.3773   -0.9336   -1.4580   13.9276    3.7374   -7.8169
eta,q 0.95513 22.24310
  0.0627  0.0600  0.0546  0.0477  0.0462  0.0452  0.0478  0.0475  0.0463  0.0473  0.0459  0.0454
  0.0593  0.0580  0.0547  0.0477  0.0458  0.0456  0.0467  0.0462  0.0459  0.0467  0.0456  0.0452
  0.0569  0.0565  0.0549  0.0497  0.0462  0.0459  0.0461  0.0458  0.0457  0.0461  0.0453  0.0451
  0.0557  0.0556  0.0552  0.0548  0.0480  0.0458  0.0459  0.0459  0.0458  0.0457  0.0451  0.0450
  0.0558  0.0552  0.0556  0.0649  0.0518  0.0451  0.0461  0.0462  0.0462  0.0453  0.0450  0.0449
  0.0571  0.0554  0.0562  0.0787  0.0568  0.0451  0.0469  0.0467  0.0469  0.0451  0.0450  0.0449
  0.0596  0.0561  0.0569  0.0894  0.0612  0.0485  0.0483  0.0482  0.0480  0.0451  0.0451  0.0448
niter,ni,del,rscale     7    3    5.0000    1.2000
parameter  2 -1.671282 -> -0.500000 qaram    1.3225
parameter  6  1.277394 ->  0.500000 qaram    1.3225
parameter 10 -0.993462 -> -0.500000 qaram    1.3225
parameters
   -3.0618  -13.6903   13.7968  -12.4494  -12.6553  -12.0235
    5.3339   -0.1475   -2.6999   18.6886    4.7383   -4.3046
eta,q 0.95955 22.24776
  0.0475  0.0510  0.0428  0.0443  0.0437  0.0413  0.0432  0.0429  0.0420  0.0442  0.0411  0.0408
  0.0461  0.0488  0.0427  0.0433  0.0429  0.0416  0.0426  0.0422  0.0417  0.0433  0.0408  0.0407
  0.0452  0.0467  0.0426  0.0423  0.0423  0.0419  0.0421  0.0417  0.0415  0.0423  0.0406  0.0405
  0.0449  0.0449  0.0425  0.0424  0.0424  0.0423  0.0417  0.0415  0.0415  0.0414  0.0405  0.0405
  0.0451  0.0433  0.0424  0.0453  0.0438  0.0426  0.0415  0.0415  0.0417  0.0408  0.0405  0.0404
  0.0459  0.0422  0.0424  0.0532  0.0476  0.0427  0.0415  0.0418  0.0421  0.0404  0.0406  0.0405
  0.0472  0.0416  0.0426  0.0677  0.0530  0.0441  0.0419  0.0425  0.0426  0.0406  0.0409  0.0405
niter,ni,del,rscale     7    3    5.0000    1.2000
parameter  2 -1.212379 -> -0.500000 qaram    1.5209
parameter  3 -2.149793 -> -0.500000 qaram    1.3225
parameters
   -3.2599  -11.8652   15.3838  -14.4158  -15.3931  -15.3378
    5.9737   -0.3052   -2.7923   20.3788    5.2935   -8.1863
eta,q 0.96197 22.12457
  0.0418  0.0473  0.0394  0.0408  0.0400  0.0385  0.0394  0.0396  0.0392  0.0413  0.0384  0.0381
  0.0410  0.0447  0.0390  0.0398  0.0390  0.0384  0.0389  0.0389  0.0387  0.0401  0.0382  0.0380
  0.0405  0.0424  0.0386  0.0386  0.0383  0.0383  0.0385  0.0384  0.0383  0.0390  0.0381  0.0380
  0.0404  0.0404  0.0382  0.0377  0.0382  0.0382  0.0383  0.0383  0.0383  0.0383  0.0381  0.0381
  0.0407  0.0390  0.0379  0.0382  0.0391  0.0386  0.0383  0.0384  0.0384  0.0380  0.0381  0.0381
  0.0414  0.0380  0.0376  0.0415  0.0423  0.0400  0.0386  0.0389  0.0387  0.0386  0.0382  0.0382
  0.0423  0.0376  0.0375  0.0495  0.0481  0.0431  0.0391  0.0397  0.0392  0.0400  0.0383  0.0383
niter,ni,del,rscale     7    3    5.0000    1.2000
parameter  2 -0.640128 -> -0.500000 qaram    1.7490
parameter  3 -4.216119 -> -0.500000 qaram    1.5209
parameters
   -3.2756   -9.7664   17.2088  -15.4215  -16.9926  -16.5614
    5.8781   -0.6370   -2.7193   20.8285    4.3704  -10.0593
eta,q 0.96320 22.07034
  0.0393  0.0443  0.0384  0.0393  0.0395  0.0384  0.0379  0.0383  0.0376  0.0394  0.0371  0.0369
  0.0386  0.0417  0.0380  0.0383  0.0381  0.0378  0.0374  0.0376  0.0372  0.0382  0.0369  0.0368
  0.0382  0.0395  0.0375  0.0372  0.0370  0.0372  0.0370  0.0370  0.0369  0.0373  0.0368  0.0368
  0.0380  0.0380  0.0369  0.0361  0.0364  0.0367  0.0368  0.0368  0.0368  0.0368  0.0368  0.0368
  0.0382  0.0372  0.0364  0.0360  0.0367  0.0365  0.0369  0.0370  0.0369  0.0369  0.0368  0.0369
  0.0386  0.0369  0.0360  0.0380  0.0394  0.0377  0.0373  0.0377  0.0371  0.0377  0.0370  0.0370
  0.0394  0.0373  0.0358  0.0435  0.0449  0.0412  0.0381  0.0387  0.0376  0.0391  0.0372  0.0372
niter,ni,del,rscale     7    3    5.0000    1.2000
parameter  3 -1.854995 -> -0.500000 qaram    1.7490
parameters
   -3.1515   -9.0684   19.3076  -16.0944  -17.9019  -17.9004
    5.5924   -0.8618   -2.6042   20.4614    3.5563   -6.8696
eta,q 0.96345 22.07309
  0.0382  0.0412  0.0384  0.0393  0.0397  0.0389  0.0377  0.0384  0.0373  0.0389  0.0370  0.0372
  0.0375  0.0389  0.0379  0.0383  0.0382  0.0380  0.0371  0.0375  0.0369  0.0378  0.0368  0.0369
  0.0370  0.0374  0.0373  0.0371  0.0370  0.0370  0.0367  0.0368  0.0367  0.0369  0.0367  0.0367
  0.0368  0.0368  0.0368  0.0360  0.0362  0.0363  0.0366  0.0366  0.0366  0.0366  0.0366  0.0366
  0.0369  0.0369  0.0362  0.0357  0.0361  0.0364  0.0367  0.0368  0.0367  0.0369  0.0367  0.0366
  0.0373  0.0376  0.0359  0.0375  0.0381  0.0384  0.0372  0.0375  0.0369  0.0378  0.0369  0.0366
  0.0379  0.0389  0.0359  0.0426  0.0433  0.0429  0.0380  0.0387  0.0373  0.0395  0.0373  0.0367
niter,ni,del,rscale     7    3    5.0000    1.2000
parameters
   -3.1361   -9.0981   20.6494  -16.5471  -18.6400  -19.5447
    5.5193   -0.9194   -2.4532   19.6471    3.1924   -3.4695
eta,q 0.96333 22.04099
  0.0379  0.0397  0.0384  0.0395  0.0398  0.0392  0.0379  0.0387  0.0374  0.0389  0.0373  0.0375
  0.0372  0.0379  0.0378  0.0385  0.0383  0.0382  0.0373  0.0377  0.0371  0.0378  0.0370  0.0372
  0.0367  0.0368  0.0371  0.0373  0.0371  0.0372  0.0369  0.0370  0.0368  0.0370  0.0368  0.0369
  0.0365  0.0365  0.0365  0.0362  0.0363  0.0364  0.0368  0.0368  0.0368  0.0368  0.0368  0.0368
  0.0367  0.0369  0.0361  0.0358  0.0361  0.0367  0.0369  0.0370  0.0368  0.0371  0.0368  0.0367
  0.0371  0.0379  0.0362  0.0374  0.0378  0.0394  0.0373  0.0376  0.0370  0.0381  0.0370  0.0367
  0.0379  0.0398  0.0372  0.0422  0.0429  0.0444  0.0381  0.0388  0.0374  0.0401  0.0374  0.0369
niter,ni,del,rscale     6    3    5.0000    1.2000
parameters
   -3.1749   -9.1964   21.1654  -16.6287  -19.0328  -20.7864
    5.4536   -0.8937   -2.2575   18.9555    3.0856   -1.6161
eta,q 0.96313 22.01095
  0.0379  0.0396  0.0384  0.0398  0.0401  0.0394  0.0381  0.0388  0.0376  0.0390  0.0375  0.0376
  0.0372  0.0379  0.0378  0.0388  0.0387  0.0384  0.0375  0.0378  0.0372  0.0379  0.0372  0.0373
  0.0368  0.0369  0.0372  0.0377  0.0374  0.0374  0.0371  0.0372  0.0370  0.0372  0.0370  0.0371
  0.0367  0.0367  0.0367  0.0365  0.0366  0.0366  0.0369  0.0369  0.0369  0.0369  0.0369  0.0369
  0.0368  0.0370  0.0364  0.0361  0.0363  0.0366  0.0370  0.0371  0.0370  0.0372  0.0370  0.0369
  0.0373  0.0380  0.0367  0.0374  0.0376  0.0388  0.0374  0.0377  0.0371  0.0382  0.0372  0.0370
  0.0380  0.0400  0.0381  0.0416  0.0424  0.0435  0.0382  0.0388  0.0375  0.0400  0.0375  0.0372
niter,ni,del,rscale     5    3    5.0000    1.2000
parameters
   -3.2246   -9.1812   21.7401  -16.8996  -19.3611  -21.7277
    5.3613   -0.8704   -2.0653   18.3591    3.1240   -0.3951
eta,q 0.96292 21.98838
  0.0381  0.0399  0.0385  0.0400  0.0404  0.0397  0.0383  0.0389  0.0378  0.0392  0.0377  0.0378
  0.0374  0.0382  0.0379  0.0390  0.0389  0.0387  0.0377  0.0380  0.0374  0.0382  0.0374  0.0375
  0.0370  0.0372  0.0373  0.0378  0.0377  0.0377  0.0373  0.0374  0.0372  0.0374  0.0372  0.0372
  0.0369  0.0369  0.0369  0.0367  0.0368  0.0369  0.0371  0.0371  0.0371  0.0371  0.0371  0.0371
  0.0370  0.0372  0.0366  0.0364  0.0365  0.0367  0.0372  0.0373  0.0371  0.0374  0.0372  0.0371
  0.0375  0.0381  0.0369  0.0377  0.0378  0.0385  0.0376  0.0379  0.0373  0.0383  0.0373  0.0372
  0.0383  0.0399  0.0382  0.0420  0.0425  0.0431  0.0384  0.0390  0.0377  0.0401  0.0377  0.0375
niter,ni,del,rscale     4    3    5.0000    1.2000
parameters
   -3.2706   -9.1328   22.1562  -17.1005  -19.6027  -22.3863
    5.2668   -0.8504   -1.8756   17.8798    3.1808    0.3697
eta,q 0.96275 21.97063
  0.0383  0.0401  0.0386  0.0401  0.0406  0.0400  0.0385  0.0390  0.0379  0.0394  0.0379  0.0379
  0.0376  0.0384  0.0380  0.0392  0.0392  0.0390  0.0378  0.0381  0.0376  0.0383  0.0375  0.0376
  0.0372  0.0374  0.0375  0.0381  0.0379  0.0380  0.0374  0.0375  0.0374  0.0376  0.0373  0.0374
  0.0371  0.0371  0.0371  0.0370  0.0371  0.0371  0.0373  0.0373  0.0373  0.0373  0.0373  0.0373
  0.0372  0.0374  0.0369  0.0366  0.0367  0.0368  0.0374  0.0374  0.0373  0.0375  0.0373  0.0373
  0.0377  0.0383  0.0372  0.0379  0.0380  0.0383  0.0378  0.0380  0.0375  0.0384  0.0375  0.0374
  0.0384  0.0400  0.0385  0.0420  0.0426  0.0427  0.0386  0.0391  0.0379  0.0402  0.0379  0.0378
niter,ni,del,rscale     3    3    5.0000    1.2000
parameters
   -3.2978   -9.0726   22.4646  -17.2663  -19.7761  -22.8342
    5.1767   -0.8488   -1.7215   17.5192    3.2376    0.8757
eta,q 0.96262 21.95744
  0.0385  0.0402  0.0387  0.0403  0.0408  0.0402  0.0386  0.0391  0.0380  0.0396  0.0380  0.0381
  0.0378  0.0386  0.0382  0.0393  0.0394  0.0392  0.0380  0.0382  0.0377  0.0385  0.0377  0.0377
  0.0374  0.0376  0.0376  0.0382  0.0381  0.0382  0.0376  0.0376  0.0375  0.0377  0.0375  0.0375
  0.0373  0.0373  0.0372  0.0372  0.0372  0.0373  0.0374  0.0374  0.0374  0.0374  0.0374  0.0374
  0.0374  0.0375  0.0371  0.0368  0.0369  0.0369  0.0375  0.0376  0.0374  0.0376  0.0374  0.0374
  0.0378  0.0384  0.0374  0.0380  0.0381  0.0383  0.0379  0.0382  0.0376  0.0385  0.0376  0.0376
  0.0386  0.0401  0.0387  0.0421  0.0426  0.0424  0.0387  0.0392  0.0380  0.0402  0.0380  0.0380
niter,ni,del,rscale     2    3    5.0000    1.2000
parameters
   -3.3160   -9.0205   22.6847  -17.3944  -19.9082  -23.1418
    5.1251   -0.8550   -1.6154   17.2587    3.2637    1.1945
eta,q 0.96252 21.94760
  0.0386  0.0403  0.0387  0.0404  0.0410  0.0403  0.0387  0.0392  0.0381  0.0397  0.0381  0.0381
  0.0379  0.0387  0.0382  0.0394  0.0395  0.0393  0.0381  0.0383  0.0378  0.0386  0.0378  0.0378
  0.0375  0.0377  0.0378  0.0384  0.0383  0.0383  0.0377  0.0377  0.0376  0.0378  0.0376  0.0376
  0.0374  0.0374  0.0374  0.0373  0.0374  0.0374  0.0375  0.0375  0.0375  0.0375  0.0375  0.0375
  0.0375  0.0377  0.0372  0.0369  0.0370  0.0370  0.0376  0.0376  0.0375  0.0377  0.0375  0.0375
  0.0379  0.0385  0.0376  0.0381  0.0382  0.0382  0.0380  0.0383  0.0377  0.0385  0.0377  0.0377
  0.0387  0.0403  0.0389  0.0421  0.0427  0.0423  0.0388  0.0393  0.0381  0.0402  0.0381  0.0381
niter,ni,del,rscale     1    3    5.0000    1.2000
parameters
   -3.3227   -8.9761   22.8469  -17.4841  -20.0113  -23.3531
    5.0752   -0.8633   -1.5210   17.0675    3.2851    1.4316
eta,q 0.96245 21.93992
  0.0387  0.0404  0.0388  0.0404  0.0411  0.0404  0.0388  0.0393  0.0382  0.0398  0.0381  0.0382
  0.0380  0.0388  0.0383  0.0395  0.0396  0.0394  0.0381  0.0384  0.0379  0.0387  0.0378  0.0379
  0.0376  0.0378  0.0378  0.0385  0.0384  0.0384  0.0377  0.0378  0.0376  0.0379  0.0376  0.0377
  0.0375  0.0375  0.0375  0.0375  0.0375  0.0375  0.0375  0.0376  0.0376  0.0375  0.0376  0.0376
  0.0376  0.0378  0.0374  0.0370  0.0371  0.0370  0.0376  0.0377  0.0376  0.0378  0.0376  0.0376
  0.0380  0.0386  0.0377  0.0382  0.0383  0.0382  0.0381  0.0383  0.0378  0.0386  0.0378  0.0378
  0.0387  0.0404  0.0390  0.0421  0.0427  0.0422  0.0389  0.0394  0.0382  0.0403  0.0382  0.0382
registration optimization eta report
parameter search radius
    2.4000    4.1976    4.1976    9.5220    9.5220    9.5220
    7.2000    8.2800    7.2000    9.5220    8.2800    8.2800
100000*second partial in parameter space
       22.       16.        8.        4.        5.        4.
        2.        3.        1.        3.        1.        1.
  0.0387  0.0404  0.0388  0.0404  0.0411  0.0404  0.0388  0.0393  0.0382  0.0398  0.0381  0.0382
  0.0380  0.0388  0.0383  0.0395  0.0396  0.0394  0.0381  0.0384  0.0379  0.0387  0.0378  0.0379
  0.0376  0.0378  0.0378  0.0385  0.0384  0.0384  0.0377  0.0378  0.0376  0.0379  0.0376  0.0377
  0.0375  0.0375  0.0375  0.0375  0.0375  0.0375  0.0375  0.0376  0.0376  0.0375  0.0376  0.0376
  0.0376  0.0378  0.0374  0.0370  0.0371  0.0370  0.0376  0.0377  0.0376  0.0378  0.0376  0.0376
  0.0380  0.0386  0.0377  0.0382  0.0383  0.0382  0.0381  0.0383  0.0378  0.0386  0.0378  0.0378
  0.0387  0.0404  0.0390  0.0421  0.0427  0.0422  0.0389  0.0394  0.0382  0.0403  0.0382  0.0382
   -3.3227   -8.9761   22.8469  -17.4841  -20.0113  -23.3531
    5.0752   -0.8633   -1.5210   17.0675    3.2851    1.4316
eta,q 0.96245 21.93992

---------------------------------------------------------------------
imgreg_4dfp /opt/freesurfer/average/711-2C_as_mni_average_305 /opt/freesurfer/average/711-2B_as_mni_average_305_mask talsrcimg_g11 none talsrcimg_to_711-2C_as_mni_average_305_t4 2311
---------------------------------------------------------------------

freesurfer imgreg_4dfp.c
/opt/freesurfer/average/711-2C_as_mni_average_305.4dfp.img
       256       256       256         1
  1.000000  1.000000  1.000000
orientation T byte_order littleendian
Reading image: /opt/freesurfer/average/711-2C_as_mni_average_305.4dfp.img
dimensions:      256       256       256
mmppix:       1.0000   -1.0000   -1.0000
center:     128.0000 -129.0000 -129.0000
/opt/freesurfer/average/711-2B_as_mni_average_305_mask.4dfp.img
       256       256       256         1
  1.000000  1.000000  1.000000
orientation T byte_order littleendian
Reading mask: /opt/freesurfer/average/711-2B_as_mni_average_305_mask.4dfp.img (2306576 pixels)
talsrcimg_g11.4dfp.img
       320       320       320         1
  0.800000  0.800000  0.800000
orientation T byte_order littleendian
Reading image: talsrcimg_g11.4dfp.img
dimensions:      320       320       320
mmppix:       0.8000   -0.8000   -0.8000
center:     128.0000 -128.8000 -128.8000
fimgreg.f
image alignment mode   2311 decimal      907 hex
parameters
   -3.3227   -8.9761   22.8469  -17.4841  -20.0113  -23.3531
    5.0752   -0.8633   -1.5210   17.0675    3.2851    1.4316
eta,q 0.96245 21.93993
niter,ni,del,rscale     5    3    5.0000    0.8000
parameter  3 -0.783162 -> -0.500000 qaram    1.1500
parameters
   -3.3158   -8.8806   23.7669  -15.2929  -19.0411  -22.6837
    4.3902   -1.0360   -1.6752   16.6674    2.9076   -0.4661
eta,q 0.96313 22.07693
  0.0381  0.0380  0.0380  0.0390  0.0384  0.0384  0.0375  0.0378  0.0373  0.0376  0.0373  0.0370
  0.0378  0.0378  0.0378  0.0384  0.0378  0.0378  0.0372  0.0373  0.0371  0.0373  0.0371  0.0369
  0.0376  0.0376  0.0377  0.0379  0.0374  0.0374  0.0369  0.0370  0.0370  0.0370  0.0370  0.0369
  0.0376  0.0376  0.0375  0.0374  0.0371  0.0370  0.0369  0.0369  0.0369  0.0369  0.0369  0.0369
  0.0376  0.0376  0.0375  0.0371  0.0370  0.0369  0.0371  0.0370  0.0369  0.0370  0.0370  0.0370
  0.0378  0.0377  0.0374  0.0372  0.0371  0.0371  0.0375  0.0373  0.0371  0.0374  0.0371  0.0372
  0.0381  0.0379  0.0375  0.0376  0.0378  0.0380  0.0381  0.0379  0.0374  0.0380  0.0374  0.0376
niter,ni,del,rscale     5    3    5.0000    0.8000
parameters
   -3.2221   -8.8672   23.0888  -15.3878  -18.0091  -21.0540
    4.5397   -1.0654   -2.0516   17.0764    2.7348   -2.4251
eta,q 0.96357 22.12387
  0.0378  0.0374  0.0370  0.0381  0.0381  0.0381  0.0374  0.0374  0.0369  0.0374  0.0369  0.0365
  0.0373  0.0371  0.0369  0.0376  0.0376  0.0375  0.0369  0.0369  0.0367  0.0370  0.0366  0.0364
  0.0370  0.0369  0.0368  0.0371  0.0371  0.0371  0.0366  0.0366  0.0365  0.0367  0.0365  0.0364
  0.0369  0.0369  0.0369  0.0368  0.0368  0.0367  0.0365  0.0365  0.0365  0.0365  0.0365  0.0365
  0.0369  0.0369  0.0370  0.0369  0.0367  0.0365  0.0365  0.0366  0.0366  0.0365  0.0365  0.0366
  0.0372  0.0371  0.0372  0.0374  0.0368  0.0365  0.0368  0.0369  0.0367  0.0367  0.0367  0.0368
  0.0376  0.0374  0.0376  0.0385  0.0375  0.0371  0.0374  0.0375  0.0370  0.0373  0.0369  0.0372
niter,ni,del,rscale     4    3    5.0000    0.7000
parameters
   -3.1525   -8.8682   22.4938  -14.9898  -17.5889  -20.0851
    4.7474   -1.0306   -2.3599   17.9402    2.5295   -4.2384
eta,q 0.96388 22.15699
  0.0372  0.0368  0.0365  0.0376  0.0373  0.0373  0.0369  0.0370  0.0365  0.0371  0.0365  0.0362
  0.0368  0.0366  0.0364  0.0371  0.0369  0.0369  0.0366  0.0365  0.0363  0.0367  0.0363  0.0361
  0.0365  0.0365  0.0364  0.0367  0.0366  0.0366  0.0363  0.0363  0.0362  0.0364  0.0362  0.0361
  0.0364  0.0364  0.0364  0.0364  0.0364  0.0363  0.0362  0.0362  0.0362  0.0362  0.0362  0.0362
  0.0365  0.0365  0.0365  0.0364  0.0363  0.0362  0.0362  0.0363  0.0363  0.0362  0.0362  0.0362
  0.0367  0.0366  0.0367  0.0366  0.0365  0.0363  0.0364  0.0365  0.0364  0.0363  0.0363  0.0364
  0.0370  0.0368  0.0371  0.0374  0.0371  0.0368  0.0368  0.0369  0.0366  0.0366  0.0365  0.0366
niter,ni,del,rscale     3    3    5.0000    0.6000
parameters
   -3.1014   -8.9256   21.9940  -14.5894  -17.0635  -19.2180
    4.8765   -1.0134   -2.5885   18.6187    2.3993   -5.6836
eta,q 0.96413 22.19248
  0.0367  0.0364  0.0362  0.0371  0.0368  0.0368  0.0365  0.0365  0.0362  0.0366  0.0361  0.0359
  0.0364  0.0362  0.0361  0.0367  0.0365  0.0365  0.0362  0.0362  0.0360  0.0363  0.0360  0.0359
  0.0362  0.0361  0.0361  0.0363  0.0362  0.0362  0.0360  0.0360  0.0360  0.0361  0.0359  0.0359
  0.0361  0.0361  0.0361  0.0361  0.0361  0.0360  0.0359  0.0359  0.0359  0.0359  0.0359  0.0359
  0.0362  0.0362  0.0362  0.0361  0.0360  0.0359  0.0360  0.0360  0.0360  0.0359  0.0359  0.0360
  0.0363  0.0363  0.0363  0.0363  0.0361  0.0360  0.0361  0.0362  0.0361  0.0360  0.0360  0.0361
  0.0366  0.0365  0.0366  0.0368  0.0365  0.0364  0.0364  0.0365  0.0363  0.0363  0.0362  0.0362
niter,ni,del,rscale     2    3    5.0000    0.5000
parameters
   -3.0709   -9.0192   21.5272  -14.2791  -16.6275  -18.4482
    4.9825   -0.9768   -2.8047   19.2061    2.3190   -6.7847
eta,q 0.96429 22.22080
  0.0363  0.0361  0.0359  0.0366  0.0364  0.0364  0.0361  0.0362  0.0359  0.0362  0.0359  0.0358
  0.0361  0.0359  0.0359  0.0362  0.0361  0.0361  0.0359  0.0359  0.0358  0.0360  0.0358  0.0357
  0.0359  0.0359  0.0359  0.0360  0.0359  0.0359  0.0358  0.0358  0.0358  0.0358  0.0357  0.0357
  0.0359  0.0359  0.0359  0.0358  0.0358  0.0358  0.0357  0.0357  0.0357  0.0357  0.0357  0.0357
  0.0359  0.0359  0.0359  0.0358  0.0358  0.0357  0.0358  0.0358  0.0358  0.0357  0.0357  0.0358
  0.0360  0.0360  0.0361  0.0360  0.0359  0.0358  0.0359  0.0359  0.0359  0.0358  0.0358  0.0358
  0.0362  0.0362  0.0362  0.0364  0.0362  0.0360  0.0361  0.0361  0.0360  0.0360  0.0359  0.0359
niter,ni,del,rscale     1    3    5.0000    0.4000
parameters
   -3.0508   -9.1064   21.1003  -14.0248  -16.3056  -17.7886
    5.0594   -0.9297   -2.9440   19.6412    2.2275   -7.5989
eta,q 0.96439 22.23832
  0.0360  0.0358  0.0357  0.0362  0.0360  0.0361  0.0359  0.0359  0.0357  0.0359  0.0357  0.0356
  0.0358  0.0358  0.0357  0.0359  0.0359  0.0359  0.0357  0.0357  0.0357  0.0358  0.0357  0.0356
  0.0357  0.0357  0.0357  0.0358  0.0357  0.0358  0.0357  0.0357  0.0356  0.0357  0.0356  0.0356
  0.0357  0.0357  0.0357  0.0357  0.0357  0.0357  0.0356  0.0356  0.0356  0.0356  0.0356  0.0356
  0.0357  0.0357  0.0358  0.0357  0.0357  0.0356  0.0356  0.0356  0.0356  0.0356  0.0356  0.0356
  0.0358  0.0358  0.0358  0.0358  0.0357  0.0357  0.0357  0.0357  0.0357  0.0357  0.0357  0.0357
  0.0359  0.0359  0.0360  0.0360  0.0359  0.0358  0.0358  0.0359  0.0358  0.0358  0.0357  0.0357
registration optimization eta report
parameter search radius
    0.8000    0.8000    0.9200    2.4000    2.4000    2.4000
    2.4000    2.4000    2.4000    2.4000    2.4000    2.4000
100000*second partial in parameter space
       38.       25.       15.        7.        5.        5.
        4.        5.        3.        4.        2.        1.
  0.0360  0.0358  0.0357  0.0362  0.0360  0.0361  0.0359  0.0359  0.0357  0.0359  0.0357  0.0356
  0.0358  0.0358  0.0357  0.0359  0.0359  0.0359  0.0357  0.0357  0.0357  0.0358  0.0357  0.0356
  0.0357  0.0357  0.0357  0.0358  0.0357  0.0358  0.0357  0.0357  0.0356  0.0357  0.0356  0.0356
  0.0357  0.0357  0.0357  0.0357  0.0357  0.0357  0.0356  0.0356  0.0356  0.0356  0.0356  0.0356
  0.0357  0.0357  0.0358  0.0357  0.0357  0.0356  0.0356  0.0356  0.0356  0.0356  0.0356  0.0356
  0.0358  0.0358  0.0358  0.0358  0.0357  0.0357  0.0357  0.0357  0.0357  0.0357  0.0357  0.0357
  0.0359  0.0359  0.0360  0.0360  0.0359  0.0358  0.0358  0.0359  0.0358  0.0358  0.0357  0.0357
   -3.0508   -9.1064   21.1003  -14.0248  -16.3056  -17.7886
    5.0594   -0.9297   -2.9440   19.6412    2.2275   -7.5989
eta,q 0.96439 22.23832

---------------------------------------------------------------------
imgreg_4dfp /opt/freesurfer/average/711-2C_as_mni_average_305 /opt/freesurfer/average/711-2B_as_mni_average_305_mask talsrcimg_g11 none talsrcimg_to_711-2C_as_mni_average_305_t4 2311
---------------------------------------------------------------------

freesurfer imgreg_4dfp.c
/opt/freesurfer/average/711-2C_as_mni_average_305.4dfp.img
       256       256       256         1
  1.000000  1.000000  1.000000
orientation T byte_order littleendian
Reading image: /opt/freesurfer/average/711-2C_as_mni_average_305.4dfp.img
dimensions:      256       256       256
mmppix:       1.0000   -1.0000   -1.0000
center:     128.0000 -129.0000 -129.0000
/opt/freesurfer/average/711-2B_as_mni_average_305_mask.4dfp.img
       256       256       256         1
  1.000000  1.000000  1.000000
orientation T byte_order littleendian
Reading mask: /opt/freesurfer/average/711-2B_as_mni_average_305_mask.4dfp.img (2306576 pixels)
talsrcimg_g11.4dfp.img
       320       320       320         1
  0.800000  0.800000  0.800000
orientation T byte_order littleendian
Reading image: talsrcimg_g11.4dfp.img
dimensions:      320       320       320
mmppix:       0.8000   -0.8000   -0.8000
center:     128.0000 -128.8000 -128.8000
fimgreg.f
image alignment mode   2311 decimal      907 hex
parameters
   -3.0508   -9.1064   21.1003  -14.0248  -16.3056  -17.7886
    5.0594   -0.9297   -2.9440   19.6412    2.2275   -7.5989
eta,q 0.96439 22.23832
niter,ni,del,rscale     5    3    5.0000    0.8000
parameters
   -3.0430   -9.2357   20.6098  -14.3643  -16.6528  -17.8268
    5.2028   -0.8394   -3.0368   20.0864    2.3387   -7.3507
eta,q 0.96438 22.22188
  0.0366  0.0362  0.0357  0.0369  0.0366  0.0367  0.0365  0.0366  0.0361  0.0366  0.0360  0.0359
  0.0361  0.0358  0.0356  0.0363  0.0362  0.0362  0.0360  0.0361  0.0358  0.0362  0.0358  0.0357
  0.0357  0.0357  0.0356  0.0358  0.0358  0.0359  0.0358  0.0358  0.0357  0.0358  0.0357  0.0357
  0.0356  0.0356  0.0356  0.0356  0.0356  0.0356  0.0356  0.0356  0.0356  0.0356  0.0356  0.0356
  0.0357  0.0357  0.0357  0.0357  0.0357  0.0356  0.0357  0.0357  0.0357  0.0357  0.0357  0.0356
  0.0360  0.0360  0.0359  0.0364  0.0361  0.0360  0.0359  0.0360  0.0359  0.0359  0.0358  0.0357
  0.0366  0.0364  0.0363  0.0377  0.0373  0.0370  0.0364  0.0366  0.0362  0.0364  0.0360  0.0358
niter,ni,del,rscale     4    3    5.0000    0.7000
parameters
   -3.0522   -9.2568   20.7242  -14.2252  -16.6296  -17.9109
    5.2242   -0.8564   -3.0679   20.0670    2.3151   -7.2169
eta,q 0.96439 22.22705
  0.0363  0.0361  0.0359  0.0368  0.0365  0.0365  0.0362  0.0364  0.0360  0.0363  0.0359  0.0358
  0.0359  0.0358  0.0358  0.0363  0.0361  0.0361  0.0359  0.0359  0.0358  0.0359  0.0357  0.0357
  0.0357  0.0357  0.0357  0.0359  0.0358  0.0358  0.0357  0.0357  0.0356  0.0357  0.0356  0.0356
  0.0356  0.0356  0.0356  0.0356  0.0356  0.0356  0.0356  0.0356  0.0356  0.0356  0.0356  0.0356
  0.0357  0.0357  0.0356  0.0356  0.0356  0.0356  0.0357  0.0357  0.0357  0.0357  0.0356  0.0356
  0.0359  0.0358  0.0357  0.0360  0.0359  0.0359  0.0359  0.0359  0.0358  0.0359  0.0357  0.0357
  0.0363  0.0361  0.0358  0.0369  0.0366  0.0368  0.0363  0.0364  0.0360  0.0363  0.0359  0.0358
niter,ni,del,rscale     3    3    5.0000    0.6000
parameters
   -3.0482   -9.2736   20.7410  -14.0772  -16.4681  -17.7904
    5.2260   -0.8594   -3.1032   20.0417    2.2426   -7.4081
eta,q 0.96442 22.23628
  0.0361  0.0359  0.0358  0.0366  0.0363  0.0363  0.0361  0.0361  0.0359  0.0361  0.0358  0.0357
  0.0358  0.0358  0.0357  0.0361  0.0360  0.0360  0.0358  0.0358  0.0357  0.0358  0.0357  0.0356
  0.0357  0.0356  0.0356  0.0358  0.0357  0.0357  0.0356  0.0356  0.0356  0.0356  0.0356  0.0356
  0.0356  0.0356  0.0356  0.0356  0.0356  0.0356  0.0356  0.0356  0.0356  0.0356  0.0356  0.0356
  0.0357  0.0356  0.0356  0.0356  0.0356  0.0356  0.0356  0.0356  0.0356  0.0356  0.0356  0.0356
  0.0358  0.0358  0.0357  0.0359  0.0358  0.0358  0.0358  0.0358  0.0357  0.0358  0.0357  0.0356
  0.0361  0.0360  0.0358  0.0365  0.0363  0.0363  0.0361  0.0362  0.0359  0.0361  0.0358  0.0357
niter,ni,del,rscale     2    3    5.0000    0.5000
parameters
   -3.0444   -9.2671   20.6618  -13.9444  -16.2865  -17.5339
    5.2329   -0.8471   -3.1310   20.0918    2.2412   -7.7532
eta,q 0.96446 22.24380
  0.0359  0.0358  0.0357  0.0363  0.0361  0.0361  0.0359  0.0360  0.0358  0.0359  0.0357  0.0356
  0.0357  0.0357  0.0356  0.0359  0.0358  0.0359  0.0357  0.0357  0.0356  0.0357  0.0356  0.0356
  0.0356  0.0356  0.0356  0.0357  0.0357  0.0357  0.0356  0.0356  0.0356  0.0356  0.0356  0.0356
  0.0356  0.0356  0.0356  0.0356  0.0356  0.0356  0.0355  0.0355  0.0355  0.0355  0.0355  0.0355
  0.0356  0.0356  0.0356  0.0356  0.0356  0.0355  0.0356  0.0356  0.0356  0.0356  0.0356  0.0356
  0.0357  0.0357  0.0356  0.0358  0.0357  0.0357  0.0357  0.0357  0.0356  0.0357  0.0356  0.0356
  0.0359  0.0358  0.0357  0.0362  0.0360  0.0360  0.0359  0.0360  0.0358  0.0359  0.0357  0.0357
niter,ni,del,rscale     1    3    5.0000    0.4000
parameters
   -3.0494   -9.2767   20.5218  -13.8084  -16.1153  -17.1979
    5.2305   -0.8228   -3.1524   20.2055    2.2474   -8.2757
eta,q 0.96448 22.25142
  0.0358  0.0357  0.0356  0.0360  0.0359  0.0359  0.0357  0.0358  0.0357  0.0358  0.0356  0.0356
  0.0356  0.0356  0.0356  0.0358  0.0357  0.0357  0.0356  0.0356  0.0356  0.0356  0.0356  0.0355
  0.0356  0.0356  0.0355  0.0356  0.0356  0.0356  0.0355  0.0355  0.0355  0.0356  0.0355  0.0355
  0.0355  0.0355  0.0355  0.0355  0.0355  0.0355  0.0355  0.0355  0.0355  0.0355  0.0355  0.0355
  0.0356  0.0356  0.0356  0.0356  0.0355  0.0355  0.0355  0.0355  0.0355  0.0355  0.0355  0.0355
  0.0357  0.0356  0.0356  0.0357  0.0356  0.0356  0.0356  0.0356  0.0356  0.0356  0.0356  0.0356
  0.0358  0.0357  0.0357  0.0359  0.0358  0.0358  0.0357  0.0358  0.0357  0.0357  0.0356  0.0356
registration optimization eta report
parameter search radius
    0.8000    0.8000    0.8000    2.4000    2.4000    2.4000
    2.4000    2.4000    2.4000    2.4000    2.4000    2.4000
100000*second partial in parameter space
       38.       25.       14.        8.        5.        5.
        4.        5.        2.        4.        2.        1.
  0.0358  0.0357  0.0356  0.0360  0.0359  0.0359  0.0357  0.0358  0.0357  0.0358  0.0356  0.0356
  0.0356  0.0356  0.0356  0.0358  0.0357  0.0357  0.0356  0.0356  0.0356  0.0356  0.0356  0.0355
  0.0356  0.0356  0.0355  0.0356  0.0356  0.0356  0.0355  0.0355  0.0355  0.0356  0.0355  0.0355
  0.0355  0.0355  0.0355  0.0355  0.0355  0.0355  0.0355  0.0355  0.0355  0.0355  0.0355  0.0355
  0.0356  0.0356  0.0356  0.0356  0.0355  0.0355  0.0355  0.0355  0.0355  0.0355  0.0355  0.0355
  0.0357  0.0356  0.0356  0.0357  0.0356  0.0356  0.0356  0.0356  0.0356  0.0356  0.0356  0.0356
  0.0358  0.0357  0.0357  0.0359  0.0358  0.0358  0.0357  0.0358  0.0357  0.0357  0.0356  0.0356
   -3.0494   -9.2767   20.5218  -13.8084  -16.1153  -17.1979
    5.2305   -0.8228   -3.1524   20.2055    2.2474   -8.2757
eta,q 0.96448 22.25142

---------------------------------------------------------------------
compute_vox2vox talsrcimg talsrcimg_to_711-2C_as_mni_average_305_t4 /opt/freesurfer/average/711-2C_as_mni_average_305
---------------------------------------------------------------------

freesurfer compute_vox2vox.c
Reading: talsrcimg.4dfp.ifh
Reading: talsrcimg_to_711-2C_as_mni_average_305_t4
Reading: /opt/freesurfer/average/711-2C_as_mni_average_305.4dfp.ifh
Writing: talsrcimg_to_711-2C_as_mni_average_305_t4_vox2vox.txt

start time Tue Mar 10 13:53:50 CET 2026
end		time Tue Mar 10 13:55:16 CET 2026

mpr2mni305 success

avi2talxfm orig_nu.mgz /opt/freesurfer/average/mni305.cor.mgz talsrcimg_to_711-2C_as_mni_average_305_t4_vox2vox.txt transforms/talairach.auto.xfm
avi2talxfm done
mv -f /out/sourcedata/freesurfer/sub-v2s11x28677_ses-1/mri/talsrcimg_to_711-2C_as_mni_average_305_t4_vox2vox.txt /out/sourcedata/freesurfer/sub-v2s11x28677_ses-1/mri/transforms/talsrcimg_to_711-2C_as_mni_average_305_t4_vox2vox.txt
lta_convert --src orig_nu.mgz --trg /opt/freesurfer/average/mni305.cor.mgz --inxfm transforms/talairach.auto.xfm --outlta transforms/talairach.auto.xfm.lta --subject fsaverage
7.3.2

--src: orig_nu.mgz src image (geometry).
--trg: /opt/freesurfer/average/mni305.cor.mgz trg image (geometry).
--inmni: transforms/talairach.auto.xfm input MNI/XFM transform.
--outlta: transforms/talairach.auto.xfm.lta output LTA.
--s: fsaverage subject name
 LTA read, type : 1
 1.15693   0.02842  -0.06933  -2.62044;
-0.02642   1.17866   0.11793  -26.58908;
 0.04984  -0.28284   1.16110   25.47942;
 0.00000   0.00000   0.00000   1.00000;
setting subject to fsaverage
Writing  LTA to file transforms/talairach.auto.xfm.lta...
lta_convert successful.
 
 
Started at Tue Mar 10 13:53:50 CET 2026
Ended   at Tue Mar 10 13:55:16 CET 2026
talairach_avi done
