/out/sourcedata/freesurfer/sub-v2s11x28719_ses-1/mri
/opt/freesurfer/bin/talairach_avi
--i orig_nu.mgz --xfm transforms/talairach.auto.xfm
talairach_avi 7.3.2
Linux dna052 5.14.0-427.37.1.el9_4.x86_64 #1 SMP PREEMPT_DYNAMIC Fri Sep 13 12:41:50 EDT 2024 x86_64 x86_64 x86_64 GNU/Linux
Tue Mar 10 21:06:18 CET 2026
mri_convert orig_nu.mgz talsrcimg.img 
reading from orig_nu.mgz...
TR=0.00, TE=0.00, TI=0.00, flip angle=0.00
i_ras = (-1, 0, 0)
j_ras = (0, 0, -1)
k_ras = (0, 1, 0)
writing to talsrcimg.img...
Analyze Output Matrix
-0.80000   0.00000   0.00000   127.87958;
 0.00000   0.00000   0.80000  -136.65488;
 0.00000  -0.80000   0.00000   167.71094;
 0.00000   0.00000   0.00000   1.00000;
--------------------
INFO: set hdr.hist.orient to -1
mpr2mni305 talsrcimg
Tue Mar 10 21:06:19 CET 2026
/opt/freesurfer/bin/mpr2mni305 talsrcimg
mpr2mni305 7.3.2
target=711-2C_as_mni_average_305

---------------------------------------------------------------------
analyzeto4dfp talsrcimg -O0 -y
---------------------------------------------------------------------

freesurfer ifh2hdr.c
Tue Mar 10 21:06:19 2026
Writing: talsrcimg.4dfp.hdr
freesurfer analyzeto4dfp.c
Reading: talsrcimg.hdr
header size 348 bytes
hdr.dime.datatype	offset=70	value=2
hdr.dime.bitpix		offset=72	value=8
hdr.hist.orient		offset=252	value=-1
dimensionality     4
dimensions       320       320       320         1
Reading: talsrcimg.img
Writing: talsrcimg.4dfp.img
Writing: talsrcimg.4dfp.ifh
ifh2hdr talsrcimg -r0to184
ori=2

---------------------------------------------------------------------
gauss_4dfp talsrcimg 1.1
---------------------------------------------------------------------

freesurfer gauss_4dfp.c
Reading: talsrcimg.4dfp.img
Writing: talsrcimg_g11.4dfp.img
image dimensions 320 320 320 padded to 384 384 384
processing volume 1freesurfer ifh2hdr.c
Tue Mar 10 21:06:36 2026
Writing: talsrcimg_g11.4dfp.hdr

Writing: talsrcimg_g11.4dfp.ifh
including: talsrcimg.4dfp.img.rec in talsrcimg_g11.4dfp.img.rec

---------------------------------------------------------------------
imgreg_4dfp /opt/freesurfer/average/711-2C_as_mni_average_305 none talsrcimg_g11 none talsrcimg_to_711-2C_as_mni_average_305_t4 4355
---------------------------------------------------------------------

freesurfer imgreg_4dfp.c
/opt/freesurfer/average/711-2C_as_mni_average_305.4dfp.img
       256       256       256         1
  1.000000  1.000000  1.000000
orientation T byte_order littleendian
Reading image: /opt/freesurfer/average/711-2C_as_mni_average_305.4dfp.img
dimensions:      256       256       256
mmppix:       1.0000   -1.0000   -1.0000
center:     128.0000 -129.0000 -129.0000
talsrcimg_g11.4dfp.img
       320       320       320         1
  0.800000  0.800000  0.800000
orientation T byte_order littleendian
Reading image: talsrcimg_g11.4dfp.img
dimensions:      320       320       320
mmppix:       0.8000   -0.8000   -0.8000
center:     128.0000 -128.8000 -128.8000
t4_read: open error in t4_sub.f l:  41 t4_file(1:l)talsrcimg_to_711-2C_as_mni_average_305_t4 
t4_read: transform initialized to I4
rotation matrix determinant  1.000000
image alignment mode   4355 decimal     1103 hex
   -7.5000  -45.0000  -45.0000 9069.0225   21.2766
    0.0000  -45.0000  -45.0000 9534.3701   21.3881
    7.5000  -45.0000  -45.0000 9145.5234   21.3875
   -7.5000  -37.5000  -45.0000 9569.6650   21.3286
    0.0000  -37.5000  -45.000010049.8008   21.4378
    7.5000  -37.5000  -45.0000 9644.9043   21.4383
   -7.5000  -30.0000  -45.000010380.0693   21.4550
    0.0000  -30.0000  -45.000010909.6514   21.5640
    7.5000  -30.0000  -45.000010472.2490   21.5650
   -7.5000  -22.5000  -45.000011202.8906   21.5288
    0.0000  -22.5000  -45.000011789.0117   21.6415
    7.5000  -22.5000  -45.000011307.0156   21.6426
   -7.5000  -15.0000  -45.000012003.1602   21.4925
    0.0000  -15.0000  -45.000012636.1475   21.6104
    7.5000  -15.0000  -45.000012105.2266   21.6104
   -7.5000   -7.5000  -45.000012826.0117   21.3628
    0.0000   -7.5000  -45.000013520.7764   21.4790
    7.5000   -7.5000  -45.000012937.4258   21.4780
   -7.5000    0.0000  -45.000013380.0342   21.2766
    0.0000    0.0000  -45.000014106.1836   21.3881
    7.5000    0.0000  -45.000013495.3125   21.3875
   -7.5000    7.5000  -45.000012823.9961   21.3286
    0.0000    7.5000  -45.000013520.7852   21.4378
    7.5000    7.5000  -45.000012930.7666   21.4383
   -7.5000   15.0000  -45.000012091.7373   21.4550
    0.0000   15.0000  -45.000012757.3105   21.5640
    7.5000   15.0000  -45.000012201.2295   21.5650
   -7.5000   22.5000  -45.000011238.4268   21.5258
    0.0000   22.5000  -45.000011864.9434   21.6386
    7.5000   22.5000  -45.000011339.3730   21.6396
   -7.5000   30.0000  -45.000010368.6533   21.2061
    0.0000   30.0000  -45.000010973.2363   21.3224
    7.5000   30.0000  -45.000010482.4170   21.3224
   -7.5000   37.5000  -45.0000 9886.5264   21.0781
    0.0000   37.5000  -45.000010441.7695   21.1927
    7.5000   37.5000  -45.0000 9953.7812   21.1918
   -7.5000   45.0000  -45.0000 8990.4512   20.4601
    0.0000   45.0000  -45.0000 9503.1641   20.5672
    7.5000   45.0000  -45.0000 9056.2168   20.5666
   -7.5000  -45.0000  -37.5000 9421.6729   21.1852
    0.0000  -45.0000  -37.5000 9906.3623   21.3032
    7.5000  -45.0000  -37.5000 9503.6348   21.3025
   -7.5000  -37.5000  -37.5000 9944.7021   21.2356
    0.0000  -37.5000  -37.500010447.6650   21.3467
    7.5000  -37.5000  -37.500010011.5488   21.3441
   -7.5000  -30.0000  -37.500010788.9902   21.3555
    0.0000  -30.0000  -37.500011352.3242   21.4621
    7.5000  -30.0000  -37.500010883.9658   21.4592
   -7.5000  -22.5000  -37.500011607.8311   21.4254
    0.0000  -22.5000  -37.500012254.7334   21.5361
    7.5000  -22.5000  -37.500011738.7363   21.5357
   -7.5000  -15.0000  -37.500012432.5723   21.3918
    0.0000  -15.0000  -37.500013118.8516   21.5120
    7.5000  -15.0000  -37.500012571.4111   21.5130
   -7.5000   -7.5000  -37.500013295.3721   21.2676
    0.0000   -7.5000  -37.500014047.6807   21.3903
    7.5000   -7.5000  -37.500013453.9287   21.3911
   -7.5000    0.0000  -37.500013860.3613   21.1852
    0.0000    0.0000  -37.500014649.3672   21.3032
    7.5000    0.0000  -37.500014007.3643   21.3025
   -7.5000    7.5000  -37.500013273.3672   21.2356
    0.0000    7.5000  -37.500014040.6104   21.3467
    7.5000    7.5000  -37.500013414.7832   21.3441
   -7.5000   15.0000  -37.500012496.5811   21.3555
    0.0000   15.0000  -37.500013215.0967   21.4621
    7.5000   15.0000  -37.500012620.0195   21.4592
   -7.5000   22.5000  -37.500011612.8447   21.4225
    0.0000   22.5000  -37.500012275.3027   21.5331
    7.5000   22.5000  -37.500011730.2227   21.5327
   -7.5000   30.0000  -37.500010717.4980   21.1067
    0.0000   30.0000  -37.500011342.8740   21.2253
    7.5000   30.0000  -37.500010845.5527   21.2263
   -7.5000   37.5000  -37.500010206.5420   20.9842
    0.0000   37.5000  -37.500010775.2217   21.1052
    7.5000   37.5000  -37.500010300.8301   21.1060
   -7.5000   45.0000  -37.5000 9270.6475   20.3721
    0.0000   45.0000  -37.5000 9792.9072   20.4856
    7.5000   45.0000  -37.5000 9366.1387   20.4849
   -7.5000  -45.0000  -30.000010071.3857   21.6455
    0.0000  -45.0000  -30.000010600.3369   21.7809
    7.5000  -45.0000  -30.000010165.8701   21.7776
   -7.5000  -37.5000  -30.000010624.1631   21.6989
    0.0000  -37.5000  -30.000011179.0410   21.8267
    7.5000  -37.5000  -30.000010704.7744   21.8220
   -7.5000  -30.0000  -30.000011526.1094   21.8259
    0.0000  -30.0000  -30.000012156.6035   21.9426
    7.5000  -30.0000  -30.000011642.7188   21.9391
   -7.5000  -22.5000  -30.000012408.4502   21.9014
    0.0000  -22.5000  -30.000013123.0537   22.0161
    7.5000  -22.5000  -30.000012562.7744   22.0156
   -7.5000  -15.0000  -30.000013324.8926   21.8645
    0.0000  -15.0000  -30.000014093.2725   21.9895
    7.5000  -15.0000  -30.000013496.0752   21.9896
   -7.5000   -7.5000  -30.000014244.7334   21.7316
    0.0000   -7.5000  -30.000015091.1416   21.8660
    7.5000   -7.5000  -30.000014444.5791   21.8650
   -7.5000    0.0000  -30.000014807.3418   21.6455
    0.0000    0.0000  -30.000015702.9424   21.7809
    7.5000    0.0000  -30.000015007.1445   21.7776
   -7.5000    7.5000  -30.000014164.8262   21.6989
    0.0000    7.5000  -30.000015029.4541   21.8267
    7.5000    7.5000  -30.000014363.8770   21.8220
   -7.5000   15.0000  -30.000013334.3662   21.8259
    0.0000   15.0000  -30.000014141.8125   21.9426
    7.5000   15.0000  -30.000013506.1396   21.9391
   -7.5000   22.5000  -30.000012394.7500   21.8961
    0.0000   22.5000  -30.000013123.5732   22.0108
    7.5000   22.5000  -30.000012549.0439   22.0103
   -7.5000   30.0000  -30.000011443.9902   21.5752
    0.0000   30.0000  -30.000012112.4141   21.6985
    7.5000   30.0000  -30.000011607.5439   21.6987
   -7.5000   37.5000  -30.000010887.6104   21.4441
    0.0000   37.5000  -30.000011493.9033   21.5766
    7.5000   37.5000  -30.000011021.0264   21.5757
   -7.5000   45.0000  -30.0000 9865.9775   20.8301
    0.0000   45.0000  -30.000010423.7012   20.9603
    7.5000   45.0000  -30.0000 9977.7021   20.9572
   -7.5000  -45.0000  -22.500010676.6846   21.9695
    0.0000  -45.0000  -22.500011256.4814   22.1180
    7.5000  -45.0000  -22.500010815.1514   22.1181
   -7.5000  -37.5000  -22.500011264.2520   22.0305
    0.0000  -37.5000  -22.500011880.5049   22.1758
    7.5000  -37.5000  -22.500011401.2256   22.1775
   -7.5000  -30.0000  -22.500012242.8262   22.1667
    0.0000  -30.0000  -22.500012934.2666   22.2985
    7.5000  -30.0000  -22.500012399.6133   22.3036
   -7.5000  -22.5000  -22.500013207.2383   22.2458
    0.0000  -22.5000  -22.500013982.3525   22.3687
    7.5000  -22.5000  -22.500013395.6064   22.3741
   -7.5000  -15.0000  -22.500014181.9590   22.2008
    0.0000  -15.0000  -22.500015047.3525   22.3298
    7.5000  -15.0000  -22.500014418.1504   22.3329
   -7.5000   -7.5000  -22.500015146.1367   22.0566
    0.0000   -7.5000  -22.500016107.7676   22.1976
    7.5000   -7.5000  -22.500015429.2715   22.1986
   -7.5000    0.0000  -22.500015711.9883   21.9695
    0.0000    0.0000  -22.500016725.1973   22.1180
    7.5000    0.0000  -22.500015999.8369   22.1181
   -7.5000    7.5000  -22.500015025.5908   22.0305
    0.0000    7.5000  -22.500015993.2812   22.1758
    7.5000    7.5000  -22.500015281.2549   22.1775
   -7.5000   15.0000  -22.500014190.2500   22.1667
    0.0000   15.0000  -22.500015063.6914   22.2985
    7.5000   15.0000  -22.500014429.7646   22.3036
   -7.5000   22.5000  -22.500013180.9648   22.2390
    0.0000   22.5000  -22.500013969.3760   22.3619
    7.5000   22.5000  -22.500013393.0557   22.3672
   -7.5000   30.0000  -22.500012160.6719   21.9104
    0.0000   30.0000  -22.500012882.6475   22.0377
    7.5000   30.0000  -22.500012361.0830   22.0408
   -7.5000   37.5000  -22.500011562.9912   21.7681
    0.0000   37.5000  -22.500012235.8252   21.9073
    7.5000   37.5000  -22.500011742.6787   21.9082
   -7.5000   45.0000  -22.500010479.6377   21.1577
    0.0000   45.0000  -22.500011078.6230   21.3008
    7.5000   45.0000  -22.500010610.4375   21.3008
   -7.5000  -45.0000  -15.000011291.0742   22.1176
    0.0000  -45.0000  -15.000011937.2842   22.2667
    7.5000  -45.0000  -15.000011493.9521   22.2706
   -7.5000  -37.5000  -15.000011906.7070   22.1868
    0.0000  -37.5000  -15.000012606.9414   22.3373
    7.5000  -37.5000  -15.000012131.9746   22.3458
   -7.5000  -30.0000  -15.000012945.9629   22.3291
    0.0000  -30.0000  -15.000013722.0605   22.4702
    7.5000  -30.0000  -15.000013184.8057   22.4824
   -7.5000  -22.5000  -15.000013992.4316   22.4072
    0.0000  -22.5000  -15.000014846.0850   22.5387
    7.5000  -22.5000  -15.000014256.7920   22.5490
   -7.5000  -15.0000  -15.000015031.0615   22.3546
    0.0000  -15.0000  -15.000015987.3701   22.4874
    7.5000  -15.0000  -15.000015366.9531   22.4931
   -7.5000   -7.5000  -15.000016034.8906   22.2032
    0.0000   -7.5000  -15.000017112.4863   22.3439
    7.5000   -7.5000  -15.000016401.9512   22.3472
   -7.5000    0.0000  -15.000016644.1699   22.1176
    0.0000    0.0000  -15.000017751.8555   22.2667
    7.5000    0.0000  -15.000017019.9844   22.2706
   -7.5000    7.5000  -15.000015929.3252   22.1868
    0.0000    7.5000  -15.000016950.9297   22.3373
    7.5000    7.5000  -15.000016244.1934   22.3458
   -7.5000   15.0000  -15.000015028.2949   22.3291
    0.0000   15.0000  -15.000015987.2568   22.4702
    7.5000   15.0000  -15.000015343.1699   22.4824
   -7.5000   22.5000  -15.000013977.4482   22.3993
    0.0000   22.5000  -15.000014857.5586   22.5307
    7.5000   22.5000  -15.000014276.6289   22.5410
   -7.5000   30.0000  -15.000012910.8867   22.0653
    0.0000   30.0000  -15.000013690.8184   22.1963
    7.5000   30.0000  -15.000013167.0752   22.2020
   -7.5000   37.5000  -15.000012271.0664   21.9158
    0.0000   37.5000  -15.000013001.2197   22.0548
    7.5000   37.5000  -15.000012503.9355   22.0580
   -7.5000   45.0000  -15.000011096.9189   21.3132
    0.0000   45.0000  -15.000011765.3076   21.4569
    7.5000   45.0000  -15.000011293.4492   21.4607
   -7.5000  -45.0000   -7.500011933.6543   22.0592
    0.0000  -45.0000   -7.500012649.3984   22.1962
    7.5000  -45.0000   -7.500012193.4229   22.2006
   -7.5000  -37.5000   -7.500012581.6143   22.1292
    0.0000  -37.5000   -7.500013360.5078   22.2679
    7.5000  -37.5000   -7.500012870.9531   22.2764
   -7.5000  -30.0000   -7.500013685.9258   22.2719
    0.0000  -30.0000   -7.500014509.6104   22.4079
    7.5000  -30.0000   -7.500013953.4004   22.4189
   -7.5000  -22.5000   -7.500014821.8740   22.3489
    0.0000  -22.5000   -7.500015702.9355   22.4819
    7.5000  -22.5000   -7.500015091.8975   22.4908
   -7.5000  -15.0000   -7.500015923.1816   22.2969
    0.0000  -15.0000   -7.500016933.7715   22.4309
    7.5000  -15.0000   -7.500016245.3594   22.4359
   -7.5000   -7.5000   -7.500016990.5859   22.1458
    0.0000   -7.5000   -7.500018070.8984   22.2809
    7.5000   -7.5000   -7.500017344.8301   22.2840
   -7.5000    0.0000   -7.500017624.4121   22.0592
    0.0000    0.0000   -7.500018724.1211   22.1962
    7.5000    0.0000   -7.500017962.7285   22.2006
   -7.5000    7.5000   -7.500016878.3555   22.1292
    0.0000    7.5000   -7.500017922.9160   22.2679
    7.5000    7.5000   -7.500017196.7109   22.2764
   -7.5000   15.0000   -7.500015941.4648   22.2719
    0.0000   15.0000   -7.500016928.0371   22.4079
    7.5000   15.0000   -7.500016275.5771   22.4189
   -7.5000   22.5000   -7.500014835.0068   22.3386
    0.0000   22.5000   -7.500015771.0684   22.4715
    7.5000   22.5000   -7.500015184.7148   22.4804
   -7.5000   30.0000   -7.500013682.0479   22.0077
    0.0000   30.0000   -7.500014558.9854   22.1400
    7.5000   30.0000   -7.500014008.9541   22.1450
   -7.5000   37.5000   -7.500013020.6191   21.8586
    0.0000   37.5000   -7.500013845.0146   21.9920
    7.5000   37.5000   -7.500013292.2607   21.9950
   -7.5000   45.0000   -7.500011779.3066   21.2610
    0.0000   45.0000   -7.500012500.9053   21.3930
    7.5000   45.0000   -7.500011993.7021   21.3973
   -7.5000  -45.0000    0.000012511.4277   21.8751
    0.0000  -45.0000    0.000013260.0518   22.0027
    7.5000  -45.0000    0.000012764.5908   22.0060
   -7.5000  -37.5000    0.000013268.2158   21.9355
    0.0000  -37.5000    0.000014113.8252   22.0609
    7.5000  -37.5000    0.000013585.6943   22.0653
   -7.5000  -30.0000    0.000014436.3740   22.0700
    0.0000  -30.0000    0.000015351.4023   22.1950
    7.5000  -30.0000    0.000014758.2500   22.1998
   -7.5000  -22.5000    0.000015655.6328   22.1470
    0.0000  -22.5000    0.000016583.0293   22.2756
    7.5000  -22.5000    0.000015902.5332   22.2803
   -7.5000  -15.0000    0.000016853.8340   22.1053
    0.0000  -15.0000    0.000017785.1738   22.2390
    7.5000  -15.0000    0.000017072.2559   22.2427
   -7.5000   -7.5000    0.000017950.5781   21.9637
    0.0000   -7.5000    0.000018933.9727   22.0959
    7.5000   -7.5000    0.000018182.7070   22.0988
   -7.5000    0.0000    0.000018682.2031   21.8751
    0.0000    0.0000    0.000019697.1797   22.0027
    7.5000    0.0000    0.000018924.9570   22.0060
   -7.5000    7.5000    0.000017886.0352   21.9355
    0.0000    7.5000    0.000018916.9453   22.0609
    7.5000    7.5000    0.000018175.7910   22.0653
   -7.5000   15.0000    0.000016907.4785   22.0700
    0.0000   15.0000    0.000017922.2070   22.1950
    7.5000   15.0000    0.000017211.0527   22.1998
   -7.5000   22.5000    0.000015718.1475   22.1368
    0.0000   22.5000    0.000016725.4883   22.2654
    7.5000   22.5000    0.000016065.0684   22.2700
   -7.5000   30.0000    0.000014464.0156   21.8192
    0.0000   30.0000    0.000015415.8350   21.9512
    7.5000   30.0000    0.000014779.3242   21.9549
   -7.5000   37.5000    0.000013725.2715   21.6795
    0.0000   37.5000    0.000014617.0156   21.8099
    7.5000   37.5000    0.000013992.2832   21.8128
   -7.5000   45.0000    0.000012395.1328   21.0851
    0.0000   45.0000    0.000013187.5127   21.2081
    7.5000   45.0000    0.000012618.1699   21.2113
   -7.5000  -45.0000    7.500012161.8955   22.1771
    0.0000  -45.0000    7.500012844.1914   22.3108
    7.5000  -45.0000    7.500012333.7178   22.3137
   -7.5000  -37.5000    7.500012943.8340   22.2326
    0.0000  -37.5000    7.500013859.0859   22.3596
    7.5000  -37.5000    7.500013315.3037   22.3607
   -7.5000  -30.0000    7.500014188.5244   22.3624
    0.0000  -30.0000    7.500015242.7852   22.4849
    7.5000  -30.0000    7.500014627.4424   22.4856
   -7.5000  -22.5000    7.500015398.8691   22.4399
    0.0000  -22.5000    7.500016135.1855   22.5664
    7.5000  -22.5000    7.500015481.6318   22.5692
   -7.5000  -15.0000    7.500016474.7930   22.4039
    0.0000  -15.0000    7.500017044.7324   22.5399
    7.5000  -15.0000    7.500016374.9668   22.5442
   -7.5000   -7.5000    7.500017561.3496   22.2666
    0.0000   -7.5000    7.500018250.6855   22.4051
    7.5000   -7.5000    7.500017525.3125   22.4093
   -7.5000    0.0000    7.500018266.5156   22.1771
    0.0000    0.0000    7.500019158.7539   22.3108
    7.5000    0.0000    7.500018351.5137   22.3137
   -7.5000    7.5000    7.500017475.8516   22.2326
    0.0000    7.5000    7.500018462.1836   22.3596
    7.5000    7.5000    7.500017645.5254   22.3607
   -7.5000   15.0000    7.500016474.3672   22.3624
    0.0000   15.0000    7.500017503.7910   22.4849
    7.5000   15.0000    7.500016700.1367   22.4856
   -7.5000   22.5000    7.500015266.0488   22.4295
    0.0000   22.5000    7.500016294.0410   22.5560
    7.5000   22.5000    7.500015561.2979   22.5588
   -7.5000   30.0000    7.500014055.4795   22.1139
    0.0000   30.0000    7.500015015.7520   22.2482
    7.5000   30.0000    7.500014346.0703   22.2524
   -7.5000   37.5000    7.500013334.1357   21.9784
    0.0000   37.5000    7.500014236.5576   22.1151
    7.5000   37.5000    7.500013606.0859   22.1193
   -7.5000   45.0000    7.500012094.7539   21.3762
    0.0000   45.0000    7.500012863.4775   21.5051
    7.5000   45.0000    7.500012288.5176   21.5079
   -7.5000  -45.0000   15.000011685.3477   22.5156
    0.0000  -45.0000   15.000012270.6543   22.6634
    7.5000  -45.0000   15.000011781.6426   22.6661
   -7.5000  -37.5000   15.000012414.9443   22.5722
    0.0000  -37.5000   15.000013288.8115   22.7123
    7.5000  -37.5000   15.000012757.9922   22.7137
   -7.5000  -30.0000   15.000013657.1924   22.7016
    0.0000  -30.0000   15.000014699.1875   22.8304
    7.5000  -30.0000   15.000014052.4746   22.8330
   -7.5000  -22.5000   15.000014801.2861   22.7790
    0.0000  -22.5000   15.000015539.4873   22.9060
    7.5000  -22.5000   15.000014830.4746   22.9112
   -7.5000  -15.0000   15.000015807.4287   22.7414
    0.0000  -15.0000   15.000016493.0117   22.8789
    7.5000  -15.0000   15.000015723.4922   22.8848
   -7.5000   -7.5000   15.000016848.7852   22.6031
    0.0000   -7.5000   15.000017724.7188   22.7500
    7.5000   -7.5000   15.000016872.3906   22.7549
   -7.5000    0.0000   15.000017561.3008   22.5156
    0.0000    0.0000   15.000018559.2109   22.6634
    7.5000    0.0000   15.000017646.2422   22.6661
   -7.5000    7.5000   15.000016795.1094   22.5722
    0.0000    7.5000   15.000017789.1250   22.7123
    7.5000    7.5000   15.000016901.6094   22.7137
   -7.5000   15.0000   15.000015831.9668   22.7016
    0.0000   15.0000   15.000016806.7754   22.8304
    7.5000   15.0000   15.000015980.7637   22.8330
   -7.5000   22.5000   15.000014696.1221   22.7685
    0.0000   22.5000   15.000015655.6797   22.8954
    7.5000   22.5000   15.000014904.3115   22.9007
   -7.5000   30.0000   15.000013576.0332   22.4471
    0.0000   30.0000   15.000014459.9746   22.5828
    7.5000   30.0000   15.000013781.4502   22.5886
   -7.5000   37.5000   15.000012861.7910   22.3106
    0.0000   37.5000   15.000013686.1191   22.4555
    7.5000   37.5000   15.000013063.4941   22.4604
   -7.5000   45.0000   15.000011650.3623   21.7025
    0.0000   45.0000   15.000012375.6523   21.8450
    7.5000   45.0000   15.000011784.8193   21.8476
   -7.5000  -45.0000   22.500011077.3916   22.9495
    0.0000  -45.0000   22.500011667.0459   23.1096
    7.5000  -45.0000   22.500011170.5742   23.1173
   -7.5000  -37.5000   22.500011772.9932   23.0162
    0.0000  -37.5000   22.500012544.8877   23.1728
    7.5000  -37.5000   22.500012035.0664   23.1826
   -7.5000  -30.0000   22.500012905.7119   23.1518
    0.0000  -30.0000   22.500013715.3682   23.2941
    7.5000  -30.0000   22.500013105.2969   23.3072
   -7.5000  -22.5000   22.500013956.4961   23.2277
    0.0000  -22.5000   22.500014655.2412   23.3605
    7.5000  -22.5000   22.500013960.1064   23.3737
   -7.5000  -15.0000   22.500014975.6738   23.1794
    0.0000  -15.0000   22.500015798.0283   23.3187
    7.5000  -15.0000   22.500015024.5332   23.3295
   -7.5000   -7.5000   22.500016008.6396   23.0325
    0.0000   -7.5000   22.500016990.0957   23.1846
    7.5000   -7.5000   22.500016139.5977   23.1931
   -7.5000    0.0000   22.500016682.1055   22.9495
    0.0000    0.0000   22.500017727.3926   23.1096
    7.5000    0.0000   22.500016837.6387   23.1173
   -7.5000    7.5000   22.500015946.0820   23.0162
    0.0000    7.5000   22.500016918.6973   23.1728
    7.5000    7.5000   22.500016070.0879   23.1826
   -7.5000   15.0000   22.500015024.6328   23.1518
    0.0000   15.0000   22.500015934.9395   23.2941
    7.5000   15.0000   22.500015158.2959   23.3072
   -7.5000   22.5000   22.500013983.8164   23.2170
    0.0000   22.5000   22.500014835.5674   23.3497
    7.5000   22.5000   22.500014136.0547   23.3630
   -7.5000   30.0000   22.500012933.2119   22.8794
    0.0000   30.0000   22.500013660.0293   23.0169
    7.5000   30.0000   22.500013044.9463   23.0275
   -7.5000   37.5000   22.500012255.8574   22.7344
    0.0000   37.5000   22.500012925.9336   22.8845
    7.5000   37.5000   22.500012356.4854   22.8930
   -7.5000   45.0000   22.500011115.3896   22.1207
    0.0000   45.0000   22.500011724.7002   22.2750
    7.5000   45.0000   22.500011192.8936   22.2824
   -7.5000  -45.0000   30.000010420.1562   23.5082
    0.0000  -45.0000   30.000010986.6689   23.6689
    7.5000  -45.0000   30.000010582.5410   23.6825
   -7.5000  -37.5000   30.000011072.4668   23.5874
    0.0000  -37.5000   30.000011754.5107   23.7498
    7.5000  -37.5000   30.000011316.4561   23.7685
   -7.5000  -30.0000   30.000012130.9756   23.7296
    0.0000  -30.0000   30.000012761.4160   23.8811
    7.5000  -30.0000   30.000012235.2568   23.9039
   -7.5000  -22.5000   30.000013104.6182   23.8012
    0.0000  -22.5000   30.000013712.1729   23.9418
    7.5000  -22.5000   30.000013132.3721   23.9622
   -7.5000  -15.0000   30.000014081.9609   23.7417
    0.0000  -15.0000   30.000014797.4023   23.8838
    7.5000  -15.0000   30.000014172.1729   23.8993
   -7.5000   -7.5000   30.000015083.9541   23.5865
    0.0000   -7.5000   30.000015895.2031   23.7377
    7.5000   -7.5000   30.000015215.4531   23.7506
   -7.5000    0.0000   30.000015735.4873   23.5082
    0.0000    0.0000   30.000016600.5488   23.6689
    7.5000    0.0000   30.000015879.3037   23.6825
   -7.5000    7.5000   30.000015081.0029   23.5874
    0.0000    7.5000   30.000015903.9404   23.7498
    7.5000    7.5000   30.000015218.4209   23.7685
   -7.5000   15.0000   30.000014211.8486   23.7296
    0.0000   15.0000   30.000015012.7275   23.8811
    7.5000   15.0000   30.000014366.4492   23.9039
   -7.5000   22.5000   30.000013217.7969   23.7902
    0.0000   22.5000   30.000013967.8984   23.9307
    7.5000   22.5000   30.000013389.2686   23.9512
   -7.5000   30.0000   30.000012197.9785   23.4345
    0.0000   30.0000   30.000012828.3291   23.5747
    7.5000   30.0000   30.000012311.7939   23.5900
   -7.5000   37.5000   30.000011556.4688   23.2812
    0.0000   37.5000   30.000012147.1152   23.4305
    7.5000   37.5000   30.000011646.5547   23.4432
   -7.5000   45.0000   30.000010506.2412   22.6592
    0.0000   45.0000   30.000011023.9492   22.8141
    7.5000   45.0000   30.000010562.9912   22.8273
   -7.5000  -45.0000   37.500010220.8447   24.0585
    0.0000  -45.0000   37.500010784.4199   24.2098
    7.5000  -45.0000   37.500010396.7988   24.2247
   -7.5000  -37.5000   37.500010847.9844   24.1427
    0.0000  -37.5000   37.500011463.8154   24.2962
    7.5000  -37.5000   37.500011039.0176   24.3161
   -7.5000  -30.0000   37.500011874.0537   24.2861
    0.0000  -30.0000   37.500012448.5674   24.4359
    7.5000  -30.0000   37.500011960.8232   24.4590
   -7.5000  -22.5000   37.500012840.9639   24.3550
    0.0000  -22.5000   37.500013447.5430   24.5007
    7.5000  -22.5000   37.500012904.8477   24.5212
   -7.5000  -15.0000   37.500013825.0781   24.2937
    0.0000  -15.0000   37.500014501.3047   24.4407
    7.5000  -15.0000   37.500013910.3350   24.4564
   -7.5000   -7.5000   37.500014789.6455   24.1362
    0.0000   -7.5000   37.500015517.5635   24.2849
    7.5000   -7.5000   37.500014878.3184   24.2981
   -7.5000    0.0000   37.500015442.4521   24.0585
    0.0000    0.0000   37.500016227.7500   24.2098
    7.5000    0.0000   37.500015542.6172   24.2247
   -7.5000    7.5000   37.500014808.6992   24.1427
    0.0000    7.5000   37.500015557.0801   24.2962
    7.5000    7.5000   37.500014915.6250   24.3161
   -7.5000   15.0000   37.500013987.0625   24.2861
    0.0000   15.0000   37.500014696.8965   24.4359
    7.5000   15.0000   37.500014094.2119   24.4590
   -7.5000   22.5000   37.500013023.6953   24.3438
    0.0000   22.5000   37.500013671.5420   24.4894
    7.5000   22.5000   37.500013120.5234   24.5099
   -7.5000   30.0000   37.500011986.1777   23.9793
    0.0000   30.0000   37.500012577.0273   24.1244
    7.5000   30.0000   37.500012073.0518   24.1399
   -7.5000   37.5000   37.500011342.0938   23.8238
    0.0000   37.5000   37.500011913.3535   23.9706
    7.5000   37.5000   37.500011425.2500   23.9836
   -7.5000   45.0000   37.500010315.0703   23.1897
    0.0000   45.0000   37.500010827.8359   23.3355
    7.5000   45.0000   37.500010376.8105   23.3499
   -7.5000  -45.0000   45.0000 9600.7998   24.7092
    0.0000  -45.0000   45.000010116.0049   24.8549
    7.5000  -45.0000   45.0000 9754.5225   24.8721
   -7.5000  -37.5000   45.000010195.8770   24.7862
    0.0000  -37.5000   45.000010718.7393   24.9295
    7.5000  -37.5000   45.000010326.8721   24.9483
   -7.5000  -30.0000   45.000011139.7402   24.9257
    0.0000  -30.0000   45.000011651.7930   25.0685
    7.5000  -30.0000   45.000011207.2969   25.0874
   -7.5000  -22.5000   45.000012067.4717   24.9972
    0.0000  -22.5000   45.000012635.7285   25.1440
    7.5000  -22.5000   45.000012146.1924   25.1624
   -7.5000  -15.0000   45.000013004.0850   24.9455
    0.0000  -15.0000   45.000013623.2305   25.0983
    7.5000  -15.0000   45.000013093.2402   25.1154
   -7.5000   -7.5000   45.000013918.2402   24.7923
    0.0000   -7.5000   45.000014554.0566   24.9432
    7.5000   -7.5000   45.000013976.1201   24.9596
   -7.5000    0.0000   45.000014504.5938   24.7092
    0.0000    0.0000   45.000015189.2070   24.8549
    7.5000    0.0000   45.000014572.6836   24.8721
   -7.5000    7.5000   45.000013901.1992   24.7862
    0.0000    7.5000   45.000014596.0439   24.9295
    7.5000    7.5000   45.000014007.5020   24.9483
   -7.5000   15.0000   45.000013140.3789   24.9257
    0.0000   15.0000   45.000013788.7705   25.0685
    7.5000   15.0000   45.000013232.9033   25.0874
   -7.5000   22.5000   45.000012245.7695   24.9856
    0.0000   22.5000   45.000012835.1289   25.1324
    7.5000   22.5000   45.000012319.1787   25.1507
   -7.5000   30.0000   45.000011295.9336   24.6205
    0.0000   30.0000   45.000011833.4824   24.7713
    7.5000   30.0000   45.000011341.6572   24.7882
   -7.5000   37.5000   45.000010718.4619   24.4693
    0.0000   37.5000   45.000011216.7178   24.6183
    7.5000   37.5000   45.000010734.2832   24.6344
   -7.5000   45.0000   45.0000 9724.2988   23.8276
    0.0000   45.0000   45.000010183.0078   23.9682
    7.5000   45.0000   45.0000 9748.7930   23.9847

---------------------------------------------------------------------
imgreg_4dfp /opt/freesurfer/average/711-2C_as_mni_average_305 /opt/freesurfer/average/711-2B_as_mni_average_305_mask talsrcimg_g11 none talsrcimg_to_711-2C_as_mni_average_305_t4 4355
---------------------------------------------------------------------

freesurfer imgreg_4dfp.c
/opt/freesurfer/average/711-2C_as_mni_average_305.4dfp.img
       256       256       256         1
  1.000000  1.000000  1.000000
orientation T byte_order littleendian
Reading image: /opt/freesurfer/average/711-2C_as_mni_average_305.4dfp.img
dimensions:      256       256       256
mmppix:       1.0000   -1.0000   -1.0000
center:     128.0000 -129.0000 -129.0000
/opt/freesurfer/average/711-2B_as_mni_average_305_mask.4dfp.img
       256       256       256         1
  1.000000  1.000000  1.000000
orientation T byte_order littleendian
Reading mask: /opt/freesurfer/average/711-2B_as_mni_average_305_mask.4dfp.img (2306576 pixels)
talsrcimg_g11.4dfp.img
       320       320       320         1
  0.800000  0.800000  0.800000
orientation T byte_order littleendian
Reading image: talsrcimg_g11.4dfp.img
dimensions:      320       320       320
mmppix:       0.8000   -0.8000   -0.8000
center:     128.0000 -128.8000 -128.8000
rotation matrix determinant  1.000000
image alignment mode   4355 decimal     1103 hex
   -7.5000  -45.0000  -45.0000 2527.1001   29.8330
    0.0000  -45.0000  -45.0000 2530.6079   29.5520
    7.5000  -45.0000  -45.0000 2529.5098   29.5781
   -7.5000  -37.5000  -45.0000 2575.6956   27.9975
    0.0000  -37.5000  -45.0000 2581.7969   27.7974
    7.5000  -37.5000  -45.0000 2580.3733   27.7923
   -7.5000  -30.0000  -45.0000 2614.7622   26.8280
    0.0000  -30.0000  -45.0000 2616.9578   26.5608
    7.5000  -30.0000  -45.0000 2614.5674   26.5238
   -7.5000  -22.5000  -45.0000 2636.9143   25.9949
    0.0000  -22.5000  -45.0000 2642.2661   25.7400
    7.5000  -22.5000  -45.0000 2640.9343   25.7049
   -7.5000  -15.0000  -45.0000 2642.8416   25.5480
    0.0000  -15.0000  -45.0000 2647.9807   25.3077
    7.5000  -15.0000  -45.0000 2646.0796   25.3034
   -7.5000   -7.5000  -45.0000 2642.6819   25.7246
    0.0000   -7.5000  -45.0000 2644.4858   25.4390
    7.5000   -7.5000  -45.0000 2639.2625   25.3739
   -7.5000    0.0000  -45.0000 2621.2986   26.1328
    0.0000    0.0000  -45.0000 2627.4211   25.8640
    7.5000    0.0000  -45.0000 2619.4128   25.8067
   -7.5000    7.5000  -45.0000 2586.9780   26.8861
    0.0000    7.5000  -45.0000 2595.6423   26.6216
    7.5000    7.5000  -45.0000 2588.0901   26.5585
   -7.5000   15.0000  -45.0000 2537.0110   28.1435
    0.0000   15.0000  -45.0000 2537.5425   27.7960
    7.5000   15.0000  -45.0000 2533.7361   27.7532
   -7.5000   22.5000  -45.0000 2467.9375   30.0456
    0.0000   22.5000  -45.0000 2464.4458   29.6580
    7.5000   22.5000  -45.0000 2461.9451   29.6264
   -7.5000   30.0000  -45.0000 2393.2520   32.5831
    0.0000   30.0000  -45.0000 2391.5557   32.1974
    7.5000   30.0000  -45.0000 2385.6257   32.0872
   -7.5000   37.5000  -45.0000 2309.3865   35.6066
    0.0000   37.5000  -45.0000 2300.8301   35.1426
    7.5000   37.5000  -45.0000 2291.8201   35.0682
   -7.5000   45.0000  -45.0000 2211.1038   39.3172
    0.0000   45.0000  -45.0000 2209.7805   38.8147
    7.5000   45.0000  -45.0000 2203.5745   38.7823
   -7.5000  -45.0000  -37.5000 2560.9385   28.6133
    0.0000  -45.0000  -37.5000 2570.1169   28.3612
    7.5000  -45.0000  -37.5000 2567.5000   28.3689
   -7.5000  -37.5000  -37.5000 2612.2598   26.8888
    0.0000  -37.5000  -37.5000 2620.3464   26.6426
    7.5000  -37.5000  -37.5000 2617.9805   26.6408
   -7.5000  -30.0000  -37.5000 2647.7307   25.6557
    0.0000  -30.0000  -37.5000 2657.8093   25.4279
    7.5000  -30.0000  -37.5000 2653.3750   25.4133
   -7.5000  -22.5000  -37.5000 2668.6904   24.8296
    0.0000  -22.5000  -37.5000 2683.7146   24.6247
    7.5000  -22.5000  -37.5000 2678.6028   24.5512
   -7.5000  -15.0000  -37.5000 2679.2708   24.4014
    0.0000  -15.0000  -37.5000 2686.0740   24.1497
    7.5000  -15.0000  -37.5000 2686.6667   24.1450
   -7.5000   -7.5000  -37.5000 2682.3142   24.5173
    0.0000   -7.5000  -37.5000 2689.1553   24.2508
    7.5000   -7.5000  -37.5000 2685.5110   24.2006
   -7.5000    0.0000  -37.5000 2665.4563   24.9172
    0.0000    0.0000  -37.5000 2673.8176   24.6398
    7.5000    0.0000  -37.5000 2665.4290   24.6014
   -7.5000    7.5000  -37.5000 2628.2424   25.6121
    0.0000    7.5000  -37.5000 2636.4587   25.3673
    7.5000    7.5000  -37.5000 2627.8347   25.2756
   -7.5000   15.0000  -37.5000 2573.1992   26.7853
    0.0000   15.0000  -37.5000 2574.4287   26.4649
    7.5000   15.0000  -37.5000 2564.1880   26.3955
   -7.5000   22.5000  -37.5000 2499.1655   28.5231
    0.0000   22.5000  -37.5000 2501.2981   28.2154
    7.5000   22.5000  -37.5000 2491.4202   28.1478
   -7.5000   30.0000  -37.5000 2415.9795   30.8380
    0.0000   30.0000  -37.5000 2421.9036   30.5766
    7.5000   30.0000  -37.5000 2416.2366   30.4792
   -7.5000   37.5000  -37.5000 2328.5269   33.7586
    0.0000   37.5000  -37.5000 2328.1567   33.4176
    7.5000   37.5000  -37.5000 2317.0623   33.3332
   -7.5000   45.0000  -37.5000 2223.1257   37.2989
    0.0000   45.0000  -37.5000 2231.7219   36.8995
    7.5000   45.0000  -37.5000 2222.0613   36.8508
   -7.5000  -45.0000  -30.0000 2660.0876   28.0289
    0.0000  -45.0000  -30.0000 2673.1208   27.7889
    7.5000  -45.0000  -30.0000 2667.2854   27.7874
   -7.5000  -37.5000  -30.0000 2717.1814   26.3102
    0.0000  -37.5000  -30.0000 2726.7002   26.0991
    7.5000  -37.5000  -30.0000 2722.2168   26.1005
   -7.5000  -30.0000  -30.0000 2752.2178   25.0725
    0.0000  -30.0000  -30.0000 2763.6270   24.8757
    7.5000  -30.0000  -30.0000 2759.8450   24.8834
   -7.5000  -22.5000  -30.0000 2775.1465   24.2198
    0.0000  -22.5000  -30.0000 2789.7363   24.0404
    7.5000  -22.5000  -30.0000 2782.3879   23.9861
   -7.5000  -15.0000  -30.0000 2795.4993   23.7973
    0.0000  -15.0000  -30.0000 2799.8301   23.5493
    7.5000  -15.0000  -30.0000 2801.5986   23.5646
   -7.5000   -7.5000  -30.0000 2799.5396   23.8681
    0.0000   -7.5000  -30.0000 2806.8020   23.6218
    7.5000   -7.5000  -30.0000 2801.5557   23.5973
   -7.5000    0.0000  -30.0000 2777.7610   24.1941
    0.0000    0.0000  -30.0000 2790.2788   23.9719
    7.5000    0.0000  -30.0000 2783.1165   23.9677
   -7.5000    7.5000  -30.0000 2735.3145   24.8041
    0.0000    7.5000  -30.0000 2748.7241   24.6289
    7.5000    7.5000  -30.0000 2741.8728   24.5914
   -7.5000   15.0000  -30.0000 2677.8369   25.9450
    0.0000   15.0000  -30.0000 2681.7747   25.6438
    7.5000   15.0000  -30.0000 2678.9541   25.6658
   -7.5000   22.5000  -30.0000 2601.4451   27.5790
    0.0000   22.5000  -30.0000 2600.1863   27.2756
    7.5000   22.5000  -30.0000 2595.2998   27.2414
   -7.5000   30.0000  -30.0000 2514.0266   29.8290
    0.0000   30.0000  -30.0000 2516.8955   29.4846
    7.5000   30.0000  -30.0000 2517.4478   29.4850
   -7.5000   37.5000  -30.0000 2423.9941   32.6499
    0.0000   37.5000  -30.0000 2422.3215   32.3036
    7.5000   37.5000  -30.0000 2423.1052   32.3160
   -7.5000   45.0000  -30.0000 2319.1331   36.1381
    0.0000   45.0000  -30.0000 2317.6436   35.7063
    7.5000   45.0000  -30.0000 2314.1638   35.6929
   -7.5000  -45.0000  -22.5000 2710.9275   27.3329
    0.0000  -45.0000  -22.5000 2728.8945   27.1314
    7.5000  -45.0000  -22.5000 2725.9414   27.1294
   -7.5000  -37.5000  -22.5000 2775.2502   25.6208
    0.0000  -37.5000  -22.5000 2790.3716   25.4085
    7.5000  -37.5000  -22.5000 2788.1311   25.4158
   -7.5000  -30.0000  -22.5000 2812.3433   24.3651
    0.0000  -30.0000  -22.5000 2827.7368   24.1938
    7.5000  -30.0000  -22.5000 2824.4131   24.2014
   -7.5000  -22.5000  -22.5000 2842.3960   23.4755
    0.0000  -22.5000  -22.5000 2854.0129   23.2869
    7.5000  -22.5000  -22.5000 2848.5249   23.2662
   -7.5000  -15.0000  -22.5000 2862.9827   23.0520
    0.0000  -15.0000  -22.5000 2869.4749   22.8093
    7.5000  -15.0000  -22.5000 2867.7886   22.8438
   -7.5000   -7.5000  -22.5000 2863.1721   23.0707
    0.0000   -7.5000  -22.5000 2874.5466   22.8518
    7.5000   -7.5000  -22.5000 2873.0867   22.8692
   -7.5000    0.0000  -22.5000 2837.3396   23.3214
    0.0000    0.0000  -22.5000 2856.0195   23.1452
    7.5000    0.0000  -22.5000 2854.6880   23.1772
   -7.5000    7.5000  -22.5000 2798.7136   23.9372
    0.0000    7.5000  -22.5000 2814.1943   23.7351
    7.5000    7.5000  -22.5000 2810.0020   23.7517
   -7.5000   15.0000  -22.5000 2743.6428   25.0536
    0.0000   15.0000  -22.5000 2747.4226   24.7597
    7.5000   15.0000  -22.5000 2747.9619   24.7805
   -7.5000   22.5000  -22.5000 2662.1956   26.6153
    0.0000   22.5000  -22.5000 2659.7559   26.2961
    7.5000   22.5000  -22.5000 2658.0686   26.2640
   -7.5000   30.0000  -22.5000 2568.9700   28.7981
    0.0000   30.0000  -22.5000 2568.1296   28.4395
    7.5000   30.0000  -22.5000 2563.6714   28.3994
   -7.5000   37.5000  -22.5000 2471.1892   31.4598
    0.0000   37.5000  -22.5000 2481.0381   31.2185
    7.5000   37.5000  -22.5000 2475.7129   31.1923
   -7.5000   45.0000  -22.5000 2372.2224   34.8909
    0.0000   45.0000  -22.5000 2375.7764   34.5601
    7.5000   45.0000  -22.5000 2371.2253   34.5053
   -7.5000  -45.0000  -15.0000 2732.5476   26.7874
    0.0000  -45.0000  -15.0000 2754.3311   26.5603
    7.5000  -45.0000  -15.0000 2756.5515   26.5807
   -7.5000  -37.5000  -15.0000 2797.8975   25.0052
    0.0000  -37.5000  -15.0000 2819.4099   24.8066
    7.5000  -37.5000  -15.0000 2819.5850   24.7464
   -7.5000  -30.0000  -15.0000 2836.3540   23.7058
    0.0000  -30.0000  -15.0000 2857.7644   23.4843
    7.5000  -30.0000  -15.0000 2857.2629   23.4707
   -7.5000  -22.5000  -15.0000 2868.5723   22.7707
    0.0000  -22.5000  -15.0000 2879.3616   22.5170
    7.5000  -22.5000  -15.0000 2877.9609   22.5114
   -7.5000  -15.0000  -15.0000 2889.9951   22.3396
    0.0000  -15.0000  -15.0000 2898.8767   22.0499
    7.5000  -15.0000  -15.0000 2902.8391   22.1129
   -7.5000   -7.5000  -15.0000 2889.7795   22.3253
    0.0000   -7.5000  -15.0000 2905.7542   22.0808
    7.5000   -7.5000  -15.0000 2906.7827   22.0991
   -7.5000    0.0000  -15.0000 2868.1331   22.5608
    0.0000    0.0000  -15.0000 2883.2034   22.3091
    7.5000    0.0000  -15.0000 2884.0459   22.3274
   -7.5000    7.5000  -15.0000 2834.8669   23.2044
    0.0000    7.5000  -15.0000 2838.8662   22.8929
    7.5000    7.5000  -15.0000 2842.5479   22.9300
   -7.5000   15.0000  -15.0000 2767.3057   24.2051
    0.0000   15.0000  -15.0000 2775.8735   23.9424
    7.5000   15.0000  -15.0000 2776.4836   23.9085
   -7.5000   22.5000  -15.0000 2689.0728   25.8521
    0.0000   22.5000  -15.0000 2695.0608   25.4947
    7.5000   22.5000  -15.0000 2696.8440   25.4687
   -7.5000   30.0000  -15.0000 2598.9775   27.9554
    0.0000   30.0000  -15.0000 2597.6116   27.5971
    7.5000   30.0000  -15.0000 2600.6589   27.6322
   -7.5000   37.5000  -15.0000 2497.8960   30.6048
    0.0000   37.5000  -15.0000 2503.5745   30.2930
    7.5000   37.5000  -15.0000 2504.6663   30.2651
   -7.5000   45.0000  -15.0000 2393.7144   33.8662
    0.0000   45.0000  -15.0000 2403.0430   33.5265
    7.5000   45.0000  -15.0000 2400.9736   33.4892
   -7.5000  -45.0000   -7.5000 2740.1501   26.5063
    0.0000  -45.0000   -7.5000 2756.6348   26.1302
    7.5000  -45.0000   -7.5000 2761.1509   26.1612
   -7.5000  -37.5000   -7.5000 2803.0632   24.6012
    0.0000  -37.5000   -7.5000 2823.1211   24.2989
    7.5000  -37.5000   -7.5000 2823.0825   24.2569
   -7.5000  -30.0000   -7.5000 2840.4998   23.1921
    0.0000  -30.0000   -7.5000 2860.3372   22.8386
    7.5000  -30.0000   -7.5000 2858.5527   22.7805
   -7.5000  -22.5000   -7.5000 2878.2722   22.2012
    0.0000  -22.5000   -7.5000 2881.1753   21.7594
    7.5000  -22.5000   -7.5000 2878.8362   21.7401
   -7.5000  -15.0000   -7.5000 2903.0217   21.7522
    0.0000  -15.0000   -7.5000 2906.5889   21.3063
    7.5000  -15.0000   -7.5000 2910.6943   21.3195
   -7.5000   -7.5000   -7.5000 2897.9744   21.7074
    0.0000   -7.5000   -7.5000 2907.1030   21.3260
    7.5000   -7.5000   -7.5000 2909.4553   21.3115
   -7.5000    0.0000   -7.5000 2878.2803   21.9716
    0.0000    0.0000   -7.5000 2878.7236   21.5278
    7.5000    0.0000   -7.5000 2881.7683   21.5210
   -7.5000    7.5000   -7.5000 2845.3240   22.5746
    0.0000    7.5000   -7.5000 2846.1709   22.1513
    7.5000    7.5000   -7.5000 2845.9812   22.1359
   -7.5000   15.0000   -7.5000 2789.9224   23.6515
    0.0000   15.0000   -7.5000 2789.7002   23.2335
    7.5000   15.0000   -7.5000 2795.8875   23.2470
   -7.5000   22.5000   -7.5000 2715.7280   25.2496
    0.0000   22.5000   -7.5000 2713.6445   24.8227
    7.5000   22.5000   -7.5000 2724.1304   24.8754
   -7.5000   30.0000   -7.5000 2616.5542   27.3685
    0.0000   30.0000   -7.5000 2614.3716   26.9606
    7.5000   30.0000   -7.5000 2621.1528   26.9893
   -7.5000   37.5000   -7.5000 2512.4065   29.9157
    0.0000   37.5000   -7.5000 2516.5237   29.5131
    7.5000   37.5000   -7.5000 2516.5293   29.5148
   -7.5000   45.0000   -7.5000 2404.0852   33.0476
    0.0000   45.0000   -7.5000 2413.6045   32.6365
    7.5000   45.0000   -7.5000 2410.1567   32.5899
   -7.5000  -45.0000    0.0000 2754.3899   26.5744
    0.0000  -45.0000    0.0000 2756.6611   25.9908
    7.5000  -45.0000    0.0000 2752.4338   25.9465
   -7.5000  -37.5000    0.0000 2820.4165   24.6170
    0.0000  -37.5000    0.0000 2826.0974   24.1119
    7.5000  -37.5000    0.0000 2822.0857   24.0356
   -7.5000  -30.0000    0.0000 2852.3914   23.0384
    0.0000  -30.0000    0.0000 2861.5474   22.4805
    7.5000  -30.0000    0.0000 2859.6011   22.3826
   -7.5000  -22.5000    0.0000 2886.8201   21.9002
    0.0000  -22.5000    0.0000 2874.7351   21.1458
    7.5000  -22.5000    0.0000 2873.8677   21.1502
   -7.5000  -15.0000    0.0000 2912.2397   21.3761
    0.0000  -15.0000    0.0000 2898.2090   20.7196
    7.5000  -15.0000    0.0000 2900.7219   20.6660
   -7.5000   -7.5000    0.0000 2902.8115   21.3255
    0.0000   -7.5000    0.0000 2889.6174   20.6984
    7.5000   -7.5000    0.0000 2898.0496   20.6609
   -7.5000    0.0000    0.0000 2896.2007   21.6777
    0.0000    0.0000    0.0000 2873.0776   21.0042
    7.5000    0.0000    0.0000 2879.4116   21.0116
   -7.5000    7.5000    0.0000 2868.7217   22.3340
    0.0000    7.5000    0.0000 2850.7458   21.7152
    7.5000    7.5000    0.0000 2857.4468   21.7520
   -7.5000   15.0000    0.0000 2814.7063   23.4086
    0.0000   15.0000    0.0000 2800.3779   22.8369
    7.5000   15.0000    0.0000 2807.5222   22.8805
   -7.5000   22.5000    0.0000 2737.6274   24.9926
    0.0000   22.5000    0.0000 2728.9883   24.4466
    7.5000   22.5000    0.0000 2735.1665   24.4817
   -7.5000   30.0000    0.0000 2637.5039   27.0416
    0.0000   30.0000    0.0000 2631.2222   26.5435
    7.5000   30.0000    0.0000 2632.9792   26.5537
   -7.5000   37.5000    0.0000 2528.4695   29.4928
    0.0000   37.5000    0.0000 2530.4771   29.0292
    7.5000   37.5000    0.0000 2526.9253   28.9887
   -7.5000   45.0000    0.0000 2411.8809   32.4966
    0.0000   45.0000    0.0000 2421.7241   32.0588
    7.5000   45.0000    0.0000 2417.1216   31.9685
   -7.5000  -45.0000    7.5000 2757.7881   26.7514
    0.0000  -45.0000    7.5000 2752.7468   26.0454
    7.5000  -45.0000    7.5000 2738.3772   25.8626
   -7.5000  -37.5000    7.5000 2829.8894   24.7677
    0.0000  -37.5000    7.5000 2826.5750   24.1585
    7.5000  -37.5000    7.5000 2813.9558   23.9537
   -7.5000  -30.0000    7.5000 2865.4700   23.1503
    0.0000  -30.0000    7.5000 2874.5405   22.6339
    7.5000  -30.0000    7.5000 2865.6582   22.4042
   -7.5000  -22.5000    7.5000 2889.9680   21.8578
    0.0000  -22.5000    7.5000 2868.3857   20.9565
    7.5000  -22.5000    7.5000 2871.0691   20.9501
   -7.5000  -15.0000    7.5000 2902.7053   21.1542
    0.0000  -15.0000    7.5000 2871.9282   20.2574
    7.5000  -15.0000    7.5000 2875.0845   20.2310
   -7.5000   -7.5000    7.5000 2899.3225   21.1348
    0.0000   -7.5000    7.5000 2865.8325   20.2873
    7.5000   -7.5000    7.5000 2870.8904   20.2230
   -7.5000    0.0000    7.5000 2893.2429   21.4854
    0.0000    0.0000    7.5000 2872.6575   20.8035
    7.5000    0.0000    7.5000 2872.0500   20.7215
   -7.5000    7.5000    7.5000 2868.3623   22.1065
    0.0000    7.5000    7.5000 2860.9897   21.6286
    7.5000    7.5000    7.5000 2856.3330   21.5204
   -7.5000   15.0000    7.5000 2820.1128   23.2141
    0.0000   15.0000    7.5000 2817.7432   22.7923
    7.5000   15.0000    7.5000 2809.0562   22.6769
   -7.5000   22.5000    7.5000 2740.9790   24.7686
    0.0000   22.5000    7.5000 2747.4546   24.4095
    7.5000   22.5000    7.5000 2741.1211   24.2990
   -7.5000   30.0000    7.5000 2645.4954   26.8449
    0.0000   30.0000    7.5000 2652.1780   26.4966
    7.5000   30.0000    7.5000 2647.4265   26.4142
   -7.5000   37.5000    7.5000 2541.6125   29.3869
    0.0000   37.5000    7.5000 2548.5732   28.9940
    7.5000   37.5000    7.5000 2544.8599   28.9158
   -7.5000   45.0000    7.5000 2429.5818   32.3298
    0.0000   45.0000    7.5000 2433.0508   32.0112
    7.5000   45.0000    7.5000 2429.3372   31.8887
   -7.5000  -45.0000   15.0000 2747.9065   26.9945
    0.0000  -45.0000   15.0000 2737.9597   26.2040
    7.5000  -45.0000   15.0000 2725.1094   25.9797
   -7.5000  -37.5000   15.0000 2821.3833   25.0222
    0.0000  -37.5000   15.0000 2812.9456   24.3057
    7.5000  -37.5000   15.0000 2798.6917   24.0488
   -7.5000  -30.0000   15.0000 2857.1863   23.3725
    0.0000  -30.0000   15.0000 2875.0378   22.9765
    7.5000  -30.0000   15.0000 2852.8364   22.6487
   -7.5000  -22.5000   15.0000 2881.0017   22.0722
    0.0000  -22.5000   15.0000 2875.4727   21.4085
    7.5000  -22.5000   15.0000 2854.8643   21.1930
   -7.5000  -15.0000   15.0000 2889.0383   21.2670
    0.0000  -15.0000   15.0000 2855.2900   20.4241
    7.5000  -15.0000   15.0000 2838.0583   20.2338
   -7.5000   -7.5000   15.0000 2891.2490   21.0575
    0.0000   -7.5000   15.0000 2879.5117   20.4738
    7.5000   -7.5000   15.0000 2867.0493   20.2903
   -7.5000    0.0000   15.0000 2891.0564   21.3984
    0.0000    0.0000   15.0000 2887.6904   20.9683
    7.5000    0.0000   15.0000 2878.5803   20.7945
   -7.5000    7.5000   15.0000 2871.3499   22.1583
    0.0000    7.5000   15.0000 2867.6191   21.7711
    7.5000    7.5000   15.0000 2858.8875   21.6212
   -7.5000   15.0000   15.0000 2825.1978   23.3231
    0.0000   15.0000   15.0000 2824.5396   22.9392
    7.5000   15.0000   15.0000 2816.5325   22.8438
   -7.5000   22.5000   15.0000 2743.2693   24.8774
    0.0000   22.5000   15.0000 2758.5178   24.5467
    7.5000   22.5000   15.0000 2754.0764   24.4830
   -7.5000   30.0000   15.0000 2651.6211   26.8914
    0.0000   30.0000   15.0000 2667.6033   26.6229
    7.5000   30.0000   15.0000 2664.9353   26.5673
   -7.5000   37.5000   15.0000 2541.3687   29.2956
    0.0000   37.5000   15.0000 2556.3027   29.0857
    7.5000   37.5000   15.0000 2559.0732   29.0159
   -7.5000   45.0000   15.0000 2433.6304   32.3263
    0.0000   45.0000   15.0000 2442.5547   32.0440
    7.5000   45.0000   15.0000 2434.3540   31.9512
   -7.5000  -45.0000   22.5000 2727.2903   27.4322
    0.0000  -45.0000   22.5000 2720.3242   26.6430
    7.5000  -45.0000   22.5000 2701.9456   26.3899
   -7.5000  -37.5000   22.5000 2795.1382   25.3852
    0.0000  -37.5000   22.5000 2792.4790   24.7311
    7.5000  -37.5000   22.5000 2774.7415   24.4752
   -7.5000  -30.0000   22.5000 2832.1885   23.7560
    0.0000  -30.0000   22.5000 2853.4075   23.3110
    7.5000  -30.0000   22.5000 2834.8953   23.0530
   -7.5000  -22.5000   22.5000 2864.3564   22.4764
    0.0000  -22.5000   22.5000 2847.9692   21.6487
    7.5000  -22.5000   22.5000 2823.2029   21.4588
   -7.5000  -15.0000   22.5000 2884.5420   21.7081
    0.0000  -15.0000   22.5000 2874.3621   21.0419
    7.5000  -15.0000   22.5000 2858.0740   20.8409
   -7.5000   -7.5000   22.5000 2890.2258   21.4967
    0.0000   -7.5000   22.5000 2908.4277   21.1194
    7.5000   -7.5000   22.5000 2892.1396   20.9343
   -7.5000    0.0000   22.5000 2886.8054   21.7766
    0.0000    0.0000   22.5000 2910.2227   21.5177
    7.5000    0.0000   22.5000 2895.9026   21.3400
   -7.5000    7.5000   22.5000 2860.9700   22.4629
    0.0000    7.5000   22.5000 2876.3748   22.2203
    7.5000    7.5000   22.5000 2863.1113   22.0490
   -7.5000   15.0000   22.5000 2810.3413   23.5712
    0.0000   15.0000   22.5000 2821.0979   23.2759
    7.5000   15.0000   22.5000 2813.2061   23.1497
   -7.5000   22.5000   22.5000 2738.3401   25.1418
    0.0000   22.5000   22.5000 2750.6028   24.7957
    7.5000   22.5000   22.5000 2749.4175   24.7024
   -7.5000   30.0000   22.5000 2655.5298   27.1427
    0.0000   30.0000   22.5000 2656.6174   26.7895
    7.5000   30.0000   22.5000 2657.7561   26.7435
   -7.5000   37.5000   22.5000 2547.5881   29.5935
    0.0000   37.5000   22.5000 2551.4026   29.2523
    7.5000   37.5000   22.5000 2553.3665   29.2159
   -7.5000   45.0000   22.5000 2436.8308   32.6134
    0.0000   45.0000   22.5000 2448.7573   32.3095
    7.5000   45.0000   22.5000 2438.2183   32.2002
   -7.5000  -45.0000   30.0000 2702.6025   28.0430
    0.0000  -45.0000   30.0000 2696.1553   27.2896
    7.5000  -45.0000   30.0000 2685.7927   27.1166
   -7.5000  -37.5000   30.0000 2772.3574   26.0140
    0.0000  -37.5000   30.0000 2770.6440   25.3589
    7.5000  -37.5000   30.0000 2764.1184   25.1962
   -7.5000  -30.0000   30.0000 2808.6113   24.3651
    0.0000  -30.0000   30.0000 2813.4060   23.6319
    7.5000  -30.0000   30.0000 2800.0090   23.4424
   -7.5000  -22.5000   30.0000 2842.4299   23.0456
    0.0000  -22.5000   30.0000 2827.4216   22.1352
    7.5000  -22.5000   30.0000 2811.7881   22.0266
   -7.5000  -15.0000   30.0000 2872.1877   22.2999
    0.0000  -15.0000   30.0000 2875.0054   21.6940
    7.5000  -15.0000   30.0000 2865.6243   21.5684
   -7.5000   -7.5000   30.0000 2888.4399   22.1568
    0.0000   -7.5000   30.0000 2899.7881   21.7189
    7.5000   -7.5000   30.0000 2891.2375   21.5893
   -7.5000    0.0000   30.0000 2882.1614   22.4008
    0.0000    0.0000   30.0000 2900.1106   22.0601
    7.5000    0.0000   30.0000 2893.5481   21.9484
   -7.5000    7.5000   30.0000 2856.1086   23.0439
    0.0000    7.5000   30.0000 2874.9041   22.7710
    7.5000    7.5000   30.0000 2870.3596   22.6654
   -7.5000   15.0000   30.0000 2802.1814   24.0880
    0.0000   15.0000   30.0000 2821.8555   23.8238
    7.5000   15.0000   30.0000 2815.8704   23.7198
   -7.5000   22.5000   30.0000 2728.2852   25.5944
    0.0000   22.5000   30.0000 2744.4912   25.3071
    7.5000   22.5000   30.0000 2745.4570   25.2175
   -7.5000   30.0000   30.0000 2641.0315   27.5723
    0.0000   30.0000   30.0000 2634.4326   27.2359
    7.5000   30.0000   30.0000 2639.9263   27.1621
   -7.5000   37.5000   30.0000 2533.5422   29.9394
    0.0000   37.5000   30.0000 2535.7637   29.5683
    7.5000   37.5000   30.0000 2534.7861   29.4556
   -7.5000   45.0000   30.0000 2429.6326   32.8372
    0.0000   45.0000   30.0000 2441.7144   32.5534
    7.5000   45.0000   30.0000 2436.2312   32.4046
   -7.5000  -45.0000   37.5000 2680.1345   28.8584
    0.0000  -45.0000   37.5000 2670.9739   28.0297
    7.5000  -45.0000   37.5000 2674.1938   27.9818
   -7.5000  -37.5000   37.5000 2732.9768   26.6675
    0.0000  -37.5000   37.5000 2737.5312   25.9603
    7.5000  -37.5000   37.5000 2738.0374   25.8690
   -7.5000  -30.0000   37.5000 2785.0522   25.0708
    0.0000  -30.0000   37.5000 2771.9583   24.1970
    7.5000  -30.0000   37.5000 2770.4094   24.0902
   -7.5000  -22.5000   37.5000 2815.6914   23.7094
    0.0000  -22.5000   37.5000 2809.5134   22.9665
    7.5000  -22.5000   37.5000 2802.5510   22.8973
   -7.5000  -15.0000   37.5000 2854.8450   23.1287
    0.0000  -15.0000   37.5000 2854.5532   22.5487
    7.5000  -15.0000   37.5000 2849.8105   22.4488
   -7.5000   -7.5000   37.5000 2869.7747   22.9577
    0.0000   -7.5000   37.5000 2873.5535   22.5027
    7.5000   -7.5000   37.5000 2869.7246   22.4097
   -7.5000    0.0000   37.5000 2866.0732   23.1941
    0.0000    0.0000   37.5000 2875.7834   22.7766
    7.5000    0.0000   37.5000 2870.3774   22.6838
   -7.5000    7.5000   37.5000 2836.3555   23.7453
    0.0000    7.5000   37.5000 2848.7468   23.3837
    7.5000    7.5000   37.5000 2849.2761   23.3183
   -7.5000   15.0000   37.5000 2785.1633   24.7175
    0.0000   15.0000   37.5000 2799.8521   24.4160
    7.5000   15.0000   37.5000 2800.5874   24.3568
   -7.5000   22.5000   37.5000 2713.3943   26.1982
    0.0000   22.5000   37.5000 2721.9031   25.8811
    7.5000   22.5000   37.5000 2725.0278   25.8380
   -7.5000   30.0000   37.5000 2613.3345   28.0863
    0.0000   30.0000   37.5000 2618.3262   27.7987
    7.5000   30.0000   37.5000 2620.8154   27.7821
   -7.5000   37.5000   37.5000 2510.4890   30.4139
    0.0000   37.5000   37.5000 2519.5134   30.1338
    7.5000   37.5000   37.5000 2517.9741   30.0603
   -7.5000   45.0000   37.5000 2420.3787   33.3934
    0.0000   45.0000   37.5000 2425.5750   33.0579
    7.5000   45.0000   37.5000 2421.6760   32.9274
   -7.5000  -45.0000   45.0000 2642.1350   29.6326
    0.0000  -45.0000   45.0000 2640.6904   28.8169
    7.5000  -45.0000   45.0000 2650.1311   28.8552
   -7.5000  -37.5000   45.0000 2707.3813   27.5272
    0.0000  -37.5000   45.0000 2698.3586   26.7157
    7.5000  -37.5000   45.0000 2710.2795   26.6895
   -7.5000  -30.0000   45.0000 2752.6509   25.8406
    0.0000  -30.0000   45.0000 2741.3892   25.0393
    7.5000  -30.0000   45.0000 2746.0581   25.0073
   -7.5000  -22.5000   45.0000 2792.5063   24.5928
    0.0000  -22.5000   45.0000 2789.5259   23.9639
    7.5000  -22.5000   45.0000 2787.8206   23.9198
   -7.5000  -15.0000   45.0000 2827.5488   24.0600
    0.0000  -15.0000   45.0000 2826.5833   23.5186
    7.5000  -15.0000   45.0000 2826.8523   23.4450
   -7.5000   -7.5000   45.0000 2839.6479   23.9118
    0.0000   -7.5000   45.0000 2836.5901   23.4632
    7.5000   -7.5000   45.0000 2838.7134   23.4027
   -7.5000    0.0000   45.0000 2834.1006   24.0928
    0.0000    0.0000   45.0000 2836.7522   23.6749
    7.5000    0.0000   45.0000 2837.8669   23.5880
   -7.5000    7.5000   45.0000 2806.9583   24.5393
    0.0000    7.5000   45.0000 2821.5654   24.1904
    7.5000    7.5000   45.0000 2824.4707   24.1008
   -7.5000   15.0000   45.0000 2762.7546   25.4595
    0.0000   15.0000   45.0000 2771.4585   25.1528
    7.5000   15.0000   45.0000 2773.3572   25.0954
   -7.5000   22.5000   45.0000 2688.8376   26.9300
    0.0000   22.5000   45.0000 2689.0737   26.5869
    7.5000   22.5000   45.0000 2692.2202   26.5280
   -7.5000   30.0000   45.0000 2592.3269   28.9115
    0.0000   30.0000   45.0000 2592.2393   28.5598
    7.5000   30.0000   45.0000 2590.6143   28.5139
   -7.5000   37.5000   45.0000 2498.7061   31.1623
    0.0000   37.5000   45.0000 2503.7366   30.9009
    7.5000   37.5000   45.0000 2499.0830   30.8441
   -7.5000   45.0000   45.0000 2396.3401   34.1682
    0.0000   45.0000   45.0000 2408.7700   33.8666
    7.5000   45.0000   45.0000 2406.9199   33.7859

---------------------------------------------------------------------
imgreg_4dfp /opt/freesurfer/average/711-2C_as_mni_average_305 /opt/freesurfer/average/711-2B_as_mni_average_305_mask talsrcimg_g11 none talsrcimg_to_711-2C_as_mni_average_305_t4 1283
---------------------------------------------------------------------

freesurfer imgreg_4dfp.c
/opt/freesurfer/average/711-2C_as_mni_average_305.4dfp.img
       256       256       256         1
  1.000000  1.000000  1.000000
orientation T byte_order littleendian
Reading image: /opt/freesurfer/average/711-2C_as_mni_average_305.4dfp.img
dimensions:      256       256       256
mmppix:       1.0000   -1.0000   -1.0000
center:     128.0000 -129.0000 -129.0000
/opt/freesurfer/average/711-2B_as_mni_average_305_mask.4dfp.img
       256       256       256         1
  1.000000  1.000000  1.000000
orientation T byte_order littleendian
Reading mask: /opt/freesurfer/average/711-2B_as_mni_average_305_mask.4dfp.img (2306576 pixels)
talsrcimg_g11.4dfp.img
       320       320       320         1
  0.800000  0.800000  0.800000
orientation T byte_order littleendian
Reading image: talsrcimg_g11.4dfp.img
dimensions:      320       320       320
mmppix:       0.8000   -0.8000   -0.8000
center:     128.0000 -128.8000 -128.8000
rotation matrix determinant  1.000000
fimgreg.f
image alignment mode   1283 decimal      503 hex
parameters
   -7.5000  -15.0000    0.0000    0.0000    0.0000    0.0000
eta,q 0.91305 21.34591
niter,ni,del,rscale     5    3   12.0000    1.2000
parameter  1 -1.240382 ->  0.500000 qaram    1.1500
parameter  2 -0.259940 ->  0.500000 qaram    1.1500
parameter  3 -1.837918 -> -0.500000 qaram    1.1500
parameters
  -10.9500  -18.4500    3.4500   -0.0139   -0.3822    0.0305
eta,q 0.91401 21.89812
  0.0921  0.0903  0.0924  0.0895  0.0894  0.0865
  0.0916  0.0892  0.0929  0.0873  0.0882  0.0862
  0.0941  0.0902  0.0910  0.0861  0.0871  0.0859
  0.0955  0.0921  0.0894  0.0858  0.0858  0.0860
  0.0965  0.0928  0.0873  0.0863  0.0866  0.0860
  0.0970  0.0911  0.0857  0.0878  0.0886  0.0860
  0.0965  0.0905  0.0879  0.0891  0.0909  0.0866
niter,ni,del,rscale     7    3   12.0000    1.2000
parameters
  -11.6486  -17.5696    2.5465   -2.8298    0.9136   -1.0948
eta,q 0.91478 21.90720
  0.0931  0.0991  0.0911  0.0866  0.0915  0.0859
  0.0877  0.0937  0.0893  0.0858  0.0894  0.0855
  0.0858  0.0879  0.0876  0.0860  0.0873  0.0852
  0.0860  0.0856  0.0859  0.0864  0.0858  0.0853
  0.0907  0.0875  0.0878  0.0872  0.0852  0.0856
  0.0915  0.0918  0.0916  0.0892  0.0862  0.0860
  0.0926  0.0928  0.0946  0.0905  0.0887  0.0864
niter,ni,del,rscale     6    3   12.0000    1.2000
parameter  6  0.686028 ->  0.500000 qaram    1.1500
parameters
  -11.8561  -16.5359    1.8106   -4.1392    1.3713   -4.5448
eta,q 0.91556 21.85219
  0.0968  0.0973  0.0918  0.0871  0.0911  0.0847
  0.0877  0.0944  0.0899  0.0854  0.0885  0.0845
  0.0844  0.0884  0.0862  0.0848  0.0860  0.0845
  0.0852  0.0850  0.0851  0.0854  0.0849  0.0849
  0.0902  0.0865  0.0875  0.0864  0.0855  0.0857
  0.0932  0.0901  0.0923  0.0874  0.0871  0.0866
  0.0929  0.0924  0.0949  0.0888  0.0896  0.0873
niter,ni,del,rscale     6    3   12.0000    1.2000
parameters
  -11.7834  -15.3553    1.2301   -5.4175    1.3855   -6.8513
eta,q 0.91619 21.78951
  0.0983  0.0962  0.0908  0.0863  0.0889  0.0846
  0.0892  0.0943  0.0898  0.0852  0.0871  0.0840
  0.0827  0.0891  0.0863  0.0842  0.0847  0.0838
  0.0844  0.0846  0.0840  0.0843  0.0840  0.0840
  0.0899  0.0846  0.0848  0.0857  0.0847  0.0846
  0.0923  0.0884  0.0911  0.0870  0.0863  0.0857
  0.0931  0.0922  0.0948  0.0882  0.0894  0.0873
niter,ni,del,rscale     5    3   12.0000    1.2000
parameters
  -11.7312  -14.4689    0.7790   -7.1913    0.8415   -8.5447
eta,q 0.91578 21.82008
  0.0971  0.0964  0.0900  0.0856  0.0877  0.0855
  0.0888  0.0933  0.0894  0.0850  0.0865  0.0849
  0.0818  0.0875  0.0873  0.0846  0.0849  0.0842
  0.0838  0.0839  0.0840  0.0844  0.0846  0.0845
  0.0891  0.0855  0.0833  0.0855  0.0849  0.0854
  0.0907  0.0898  0.0892  0.0870  0.0866  0.0859
  0.0929  0.0919  0.0948  0.0881  0.0902  0.0866
niter,ni,del,rscale     4    3   12.0000    1.2000
parameters
  -11.7508  -13.8154    0.5786   -8.1605    0.5707  -10.0612
eta,q 0.91509 21.83502
  0.0967  0.0961  0.0902  0.0865  0.0882  0.0862
  0.0891  0.0920  0.0894  0.0853  0.0871  0.0855
  0.0825  0.0861  0.0888  0.0850  0.0857  0.0850
  0.0842  0.0842  0.0846  0.0849  0.0850  0.0850
  0.0900  0.0867  0.0833  0.0852  0.0854  0.0858
  0.0909  0.0905  0.0875  0.0866  0.0867  0.0867
  0.0932  0.0916  0.0947  0.0881  0.0897  0.0874
niter,ni,del,rscale     3    3   12.0000    1.2000
parameters
  -11.5954  -13.2596    0.6821   -9.1267    0.3983  -11.0103
eta,q 0.91461 21.83413
  0.0979  0.0951  0.0905  0.0869  0.0884  0.0872
  0.0905  0.0914  0.0894  0.0856  0.0878  0.0861
  0.0839  0.0864  0.0896  0.0852  0.0863  0.0855
  0.0849  0.0853  0.0857  0.0856  0.0854  0.0854
  0.0904  0.0878  0.0836  0.0859  0.0856  0.0860
  0.0914  0.0910  0.0869  0.0866  0.0870  0.0871
  0.0937  0.0912  0.0936  0.0881  0.0899  0.0883
niter,ni,del,rscale     2    3   12.0000    1.2000
parameters
  -11.2743  -12.7149    0.8172  -10.1659    0.0101  -11.5390
eta,q 0.91395 21.81513
  0.0987  0.0946  0.0909  0.0876  0.0882  0.0883
  0.0912  0.0917  0.0897  0.0862  0.0878  0.0870
  0.0845  0.0870  0.0898  0.0858  0.0868  0.0863
  0.0854  0.0860  0.0865  0.0863  0.0860  0.0861
  0.0901  0.0886  0.0844  0.0870  0.0860  0.0865
  0.0910  0.0916  0.0874  0.0873  0.0872  0.0876
  0.0939  0.0911  0.0936  0.0882  0.0901  0.0891
niter,ni,del,rscale     1    3   12.0000    1.2000
parameters
  -10.7503  -12.1230    1.0071  -11.1922   -1.1331  -12.3909
eta,q 0.91313 21.79413
  0.0990  0.0945  0.0914  0.0888  0.0875  0.0888
  0.0915  0.0921  0.0900  0.0869  0.0872  0.0877
  0.0851  0.0878  0.0899  0.0866  0.0870  0.0870
  0.0860  0.0870  0.0875  0.0873  0.0867  0.0870
  0.0896  0.0893  0.0853  0.0882  0.0867  0.0874
  0.0901  0.0924  0.0878  0.0885  0.0873  0.0885
  0.0936  0.0910  0.0935  0.0888  0.0898  0.0900
registration optimization eta report
parameter search radius
    6.9000    6.9000    6.9000    6.0000    6.0000    6.9000
100000*second partial in parameter space
       21.       11.       11.        4.        5.        5.
  0.0990  0.0945  0.0914  0.0888  0.0875  0.0888
  0.0915  0.0921  0.0900  0.0869  0.0872  0.0877
  0.0851  0.0878  0.0899  0.0866  0.0870  0.0870
  0.0860  0.0870  0.0875  0.0873  0.0867  0.0870
  0.0896  0.0893  0.0853  0.0882  0.0867  0.0874
  0.0901  0.0924  0.0878  0.0885  0.0873  0.0885
  0.0936  0.0910  0.0935  0.0888  0.0898  0.0900
  -10.7503  -12.1230    1.0071  -11.1922   -1.1331  -12.3909
eta,q 0.91313 21.79413

---------------------------------------------------------------------
imgreg_4dfp /opt/freesurfer/average/711-2C_as_mni_average_305 /opt/freesurfer/average/711-2B_as_mni_average_305_mask talsrcimg_g11 none talsrcimg_to_711-2C_as_mni_average_305_t4 3335
---------------------------------------------------------------------

freesurfer imgreg_4dfp.c
/opt/freesurfer/average/711-2C_as_mni_average_305.4dfp.img
       256       256       256         1
  1.000000  1.000000  1.000000
orientation T byte_order littleendian
Reading image: /opt/freesurfer/average/711-2C_as_mni_average_305.4dfp.img
dimensions:      256       256       256
mmppix:       1.0000   -1.0000   -1.0000
center:     128.0000 -129.0000 -129.0000
/opt/freesurfer/average/711-2B_as_mni_average_305_mask.4dfp.img
       256       256       256         1
  1.000000  1.000000  1.000000
orientation T byte_order littleendian
Reading mask: /opt/freesurfer/average/711-2B_as_mni_average_305_mask.4dfp.img (2306576 pixels)
talsrcimg_g11.4dfp.img
       320       320       320         1
  0.800000  0.800000  0.800000
orientation T byte_order littleendian
Reading image: talsrcimg_g11.4dfp.img
dimensions:      320       320       320
mmppix:       0.8000   -0.8000   -0.8000
center:     128.0000 -128.8000 -128.8000
fimgreg.f
image alignment mode   3335 decimal      D07 hex
parameters
  -10.7503  -12.1230    1.0071   -2.3485   -4.1045   -1.9210
   20.6750    6.0597  -21.4538   18.5416   -1.9775  -19.4062
eta,q 0.91219 21.98690
niter,ni,del,rscale     5    3    5.0000    1.2000
parameter  1 -0.737373 -> -0.500000 qaram    1.1500
parameter  3  0.610451 ->  0.500000 qaram    1.1500
parameter  5 -4.742426 ->  0.500000 qaram    1.1500
parameter  6  1.485054 ->  0.500000 qaram    1.1500
parameter  7  1.276807 ->  0.500000 qaram    1.1500
parameter  8 -0.883475 -> -0.500000 qaram    1.1500
parameter 10  1.684562 ->  0.500000 qaram    1.1500
parameter 11 -3.290990 -> -0.500000 qaram    1.1500
parameter 12 -1.755601 ->  0.500000 qaram    1.1500
parameters
   -9.3703  -12.0703   -0.3729   -5.8264   -8.2445   -6.0610
   16.5350   10.1997  -18.8633   14.4016    2.1625  -23.5462
eta,q 0.92204 21.56104
  0.0889  0.0881  0.0875  0.0873  0.0808  0.0814  0.0809  0.0846  0.0812  0.0778  0.0802  0.0780
  0.0883  0.0879  0.0874  0.0869  0.0831  0.0819  0.0812  0.0832  0.0809  0.0785  0.0796  0.0780
  0.0880  0.0876  0.0874  0.0868  0.0851  0.0831  0.0816  0.0820  0.0807  0.0794  0.0792  0.0780
  0.0878  0.0876  0.0876  0.0874  0.0867  0.0837  0.0822  0.0813  0.0806  0.0806  0.0787  0.0781
  0.0877  0.0877  0.0880  0.0880  0.0887  0.0851  0.0831  0.0808  0.0806  0.0820  0.0784  0.0781
  0.0876  0.0879  0.0884  0.0891  0.0904  0.0865  0.0841  0.0806  0.0807  0.0837  0.0780  0.0781
  0.0876  0.0880  0.0888  0.0912  0.0917  0.0887  0.0853  0.0803  0.0807  0.0858  0.0777  0.0782
niter,ni,del,rscale     7    3    5.0000    1.2000
parameter  1 -3.226463 -> -0.500000 qaram    1.3225
parameter  2 -0.794470 -> -0.500000 qaram    1.1500
parameter  4  8.450524 ->  0.500000 qaram    1.1500
parameter  5  4.102025 ->  0.500000 qaram    1.3225
parameter  6  3.730679 ->  0.500000 qaram    1.3225
parameter  7  0.545038 ->  0.500000 qaram    1.3225
parameter  8 -1.078533 -> -0.500000 qaram    1.3225
parameter 11 -2.959203 -> -0.500000 qaram    1.3225
parameter 12  4.032888 -> -0.500000 qaram    1.3225
parameters
   -7.7833  -10.6903   -0.0872   -9.9664  -13.0055  -10.8220
   11.7740   14.9607  -16.3908   11.0261    6.9235  -18.7852
eta,q 0.92995 21.07894
  0.0797  0.0776  0.0773  0.0760  0.0728  0.0722  0.0727  0.0776  0.0719  0.0712  0.0724  0.0711
  0.0792  0.0774  0.0770  0.0763  0.0737  0.0727  0.0726  0.0757  0.0715  0.0711  0.0719  0.0709
  0.0786  0.0773  0.0769  0.0768  0.0752  0.0732  0.0726  0.0740  0.0713  0.0711  0.0715  0.0707
  0.0780  0.0772  0.0770  0.0770  0.0764  0.0741  0.0728  0.0726  0.0712  0.0711  0.0711  0.0705
  0.0774  0.0770  0.0770  0.0774  0.0778  0.0745  0.0734  0.0717  0.0711  0.0713  0.0707  0.0702
  0.0771  0.0769  0.0771  0.0780  0.0794  0.0752  0.0742  0.0710  0.0712  0.0717  0.0704  0.0700
  0.0767  0.0771  0.0771  0.0782  0.0811  0.0762  0.0751  0.0708  0.0713  0.0725  0.0701  0.0697
niter,ni,del,rscale     7    3    5.0000    1.2000
parameter  1 -2.935044 -> -0.500000 qaram    1.5209
parameter  3 18.347050 -> -0.500000 qaram    1.3225
parameter  4  1.497285 -> -0.500000 qaram    1.3225
parameter  5  1.159503 ->  0.500000 qaram    1.5209
parameter  6  8.722426 ->  0.500000 qaram    1.5209
parameter  9 -1.416871 -> -0.500000 qaram    1.1500
parameter 11  8.340638 -> -0.500000 qaram    1.5209
parameter 12 -1.699902 -> -0.500000 qaram    1.5209
parameters
   -5.9583  -11.7762    1.4998   -5.2054  -18.4807  -16.2971
    9.8135   18.9556  -12.2508   14.5476   12.3987  -13.3100
eta,q 0.93526 21.00986
  0.0726  0.0690  0.0696  0.0683  0.0664  0.0653  0.0663  0.0690  0.0664  0.0662  0.0664  0.0660
  0.0718  0.0688  0.0693  0.0684  0.0670  0.0659  0.0661  0.0677  0.0662  0.0659  0.0661  0.0657
  0.0710  0.0687  0.0690  0.0683  0.0676  0.0664  0.0661  0.0667  0.0660  0.0657  0.0659  0.0653
  0.0701  0.0688  0.0687  0.0681  0.0682  0.0671  0.0661  0.0661  0.0658  0.0656  0.0656  0.0651
  0.0692  0.0691  0.0684  0.0682  0.0699  0.0681  0.0662  0.0658  0.0657  0.0656  0.0653  0.0648
  0.0686  0.0694  0.0680  0.0682  0.0717  0.0691  0.0663  0.0658  0.0656  0.0656  0.0650  0.0647
  0.0683  0.0698  0.0677  0.0681  0.0734  0.0693  0.0665  0.0663  0.0655  0.0656  0.0647  0.0645
niter,ni,del,rscale     7    3    5.0000    1.2000
parameter  1 -3.465077 -> -0.500000 qaram    1.7490
parameter  2 -1.195005 -> -0.500000 qaram    1.3225
parameter  3 -4.198159 -> -0.500000 qaram    1.5209
parameter  5  0.763211 ->  0.500000 qaram    1.7490
parameter  6  7.868473 ->  0.500000 qaram    1.7490
parameter  7  3.795589 -> -0.500000 qaram    1.5209
parameter  9  4.363481 -> -0.500000 qaram    1.3225
parameter 10 -8.916103 -> -0.500000 qaram    1.3225
parameter 12 -1.567313 -> -0.500000 qaram    1.7490
parameters
   -3.8594  -10.1892    3.3249   -7.5015  -24.7771  -22.5936
   15.2886   14.3042   -7.4898   19.3086   15.6085   -7.0136
eta,q 0.94536 20.57202
  0.0681  0.0636  0.0635  0.0633  0.0609  0.0602  0.0625  0.0596  0.0624  0.0600  0.0559  0.0577
  0.0669  0.0634  0.0633  0.0632  0.0616  0.0607  0.0621  0.0595  0.0616  0.0591  0.0559  0.0568
  0.0658  0.0633  0.0631  0.0627  0.0621  0.0613  0.0615  0.0594  0.0606  0.0581  0.0557  0.0561
  0.0647  0.0631  0.0629  0.0625  0.0626  0.0618  0.0609  0.0596  0.0594  0.0572  0.0555  0.0554
  0.0638  0.0630  0.0627  0.0630  0.0632  0.0621  0.0602  0.0601  0.0581  0.0562  0.0554  0.0549
  0.0629  0.0629  0.0625  0.0638  0.0652  0.0621  0.0595  0.0609  0.0568  0.0553  0.0555  0.0545
  0.0622  0.0629  0.0624  0.0655  0.0685  0.0635  0.0587  0.0621  0.0555  0.0546  0.0557  0.0543
niter,ni,del,rscale     7    3    5.0000    1.2000
parameter  1 -0.966955 -> -0.500000 qaram    2.0114
parameter  4  0.748157 ->  0.500000 qaram    1.5209
parameter  6-51.273731 ->  0.500000 qaram    2.0114
parameter  7 -0.784439 -> -0.500000 qaram    1.7490
parameter  8  1.662655 ->  0.500000 qaram    1.5209
parameter  9 -4.117185 -> -0.500000 qaram    1.5209
parameter 11  0.617733 ->  0.500000 qaram    1.7490
parameter 12 -0.541388 -> -0.500000 qaram    2.0114
parameters
   -1.4458  -11.3462    4.1905  -12.9767  -27.9516  -29.8345
   21.5851    8.8291   -2.0146   22.9903    9.3121    0.2273
eta,q 0.95220 20.58450
  0.0605  0.0533  0.0535  0.0511  0.0523  0.0497  0.0522  0.0488  0.0512  0.0492  0.0480  0.0487
  0.0582  0.0529  0.0531  0.0512  0.0522  0.0501  0.0513  0.0492  0.0506  0.0489  0.0480  0.0484
  0.0562  0.0528  0.0529  0.0516  0.0518  0.0508  0.0507  0.0496  0.0499  0.0486  0.0480  0.0482
  0.0546  0.0529  0.0528  0.0527  0.0513  0.0517  0.0503  0.0499  0.0493  0.0483  0.0482  0.0480
  0.0535  0.0534  0.0527  0.0543  0.0511  0.0526  0.0501  0.0504  0.0487  0.0482  0.0484  0.0478
  0.0528  0.0545  0.0528  0.0565  0.0530  0.0534  0.0499  0.0509  0.0482  0.0482  0.0487  0.0478
  0.0528  0.0560  0.0530  0.0600  0.0597  0.0537  0.0498  0.0519  0.0478  0.0485  0.0491  0.0480
niter,ni,del,rscale     7    3    5.0000    1.2000
parameter  4  0.696800 ->  0.500000 qaram    1.7490
parameter  6  0.693346 ->  0.500000 qaram    2.3131
parameter  7 -2.720526 ->  0.500000 qaram    2.0114
parameter  8  0.632251 ->  0.500000 qaram    1.7490
parameter  9 -1.324781 -> -0.500000 qaram    1.7490
parameter 11  0.841143 ->  0.500000 qaram    2.0114
parameter 12  0.693376 ->  0.500000 qaram    2.3131
parameters
    0.1669  -12.0233    4.1963  -19.2731  -32.0369  -38.1615
   14.3442    2.5327    4.2818   19.0236    2.0712   -8.0998
eta,q 0.95621 20.44621
  0.0514  0.0480  0.0477  0.0456  0.0465  0.0460  0.0444  0.0449  0.0460  0.0443  0.0440  0.0439
  0.0500  0.0475  0.0474  0.0461  0.0466  0.0460  0.0449  0.0447  0.0455  0.0441  0.0440  0.0438
  0.0488  0.0472  0.0473  0.0466  0.0465  0.0462  0.0455  0.0447  0.0450  0.0441  0.0441  0.0439
  0.0478  0.0472  0.0472  0.0472  0.0463  0.0465  0.0460  0.0451  0.0446  0.0442  0.0441  0.0440
  0.0472  0.0475  0.0472  0.0486  0.0463  0.0472  0.0463  0.0460  0.0443  0.0444  0.0442  0.0443
  0.0474  0.0482  0.0474  0.0515  0.0478  0.0482  0.0464  0.0471  0.0441  0.0448  0.0442  0.0446
  0.0488  0.0494  0.0478  0.0555  0.0516  0.0495  0.0471  0.0480  0.0440  0.0453  0.0444  0.0450
niter,ni,del,rscale     7    3    5.0000    1.2000
parameter  3  1.783162 ->  0.500000 qaram    1.7490
parameter  5 -1.333578 -> -0.500000 qaram    2.0114
parameter  7  0.608671 ->  0.500000 qaram    2.3131
parameters
    1.7659  -11.2740    2.0975  -24.9957  -24.7960  -39.7601
    6.0172    1.2631    9.4980   19.3939    5.5958  -13.8607
eta,q 0.95797 20.68074
  0.0462  0.0443  0.0434  0.0432  0.0439  0.0438  0.0425  0.0434  0.0430  0.0427  0.0425  0.0423
  0.0450  0.0441  0.0435  0.0433  0.0436  0.0434  0.0422  0.0427  0.0427  0.0424  0.0423  0.0421
  0.0441  0.0439  0.0437  0.0435  0.0435  0.0431  0.0425  0.0423  0.0424  0.0422  0.0422  0.0420
  0.0438  0.0438  0.0438  0.0436  0.0434  0.0430  0.0430  0.0423  0.0422  0.0421  0.0421  0.0421
  0.0438  0.0438  0.0439  0.0436  0.0432  0.0431  0.0436  0.0426  0.0421  0.0421  0.0421  0.0423
  0.0440  0.0439  0.0441  0.0442  0.0429  0.0436  0.0445  0.0432  0.0421  0.0423  0.0421  0.0427
  0.0442  0.0440  0.0444  0.0465  0.0432  0.0443  0.0465  0.0437  0.0423  0.0427  0.0422  0.0431
niter,ni,del,rscale     7    3    5.0000    1.2000
parameter 10 -0.581649 -> -0.500000 qaram    1.5209
parameters
    2.6180   -9.8112    1.0628  -27.3608  -28.6078  -42.6205
    2.8853    1.2805    7.9139   24.8691    4.8817  -15.4630
eta,q 0.95811 20.57641
  0.0445  0.0432  0.0421  0.0421  0.0428  0.0431  0.0434  0.0437  0.0423  0.0430  0.0421  0.0424
  0.0434  0.0427  0.0419  0.0419  0.0427  0.0426  0.0426  0.0429  0.0422  0.0427  0.0420  0.0421
  0.0425  0.0423  0.0418  0.0418  0.0424  0.0424  0.0421  0.0423  0.0421  0.0424  0.0419  0.0419
  0.0420  0.0420  0.0418  0.0418  0.0418  0.0423  0.0423  0.0421  0.0421  0.0421  0.0419  0.0419
  0.0421  0.0418  0.0420  0.0419  0.0418  0.0425  0.0429  0.0424  0.0421  0.0419  0.0419  0.0420
  0.0425  0.0419  0.0422  0.0421  0.0441  0.0431  0.0434  0.0430  0.0422  0.0419  0.0420  0.0423
  0.0433  0.0420  0.0425  0.0426  0.0484  0.0440  0.0445  0.0436  0.0424  0.0421  0.0422  0.0427
niter,ni,del,rscale     7    3    5.0000    1.2000
parameters
    3.0038   -9.1185   -0.4040  -26.9828  -30.2738  -43.2703
    1.8375    1.1658    4.9934   26.1717    2.7512  -17.4205
eta,q 0.95813 20.48795
  0.0442  0.0425  0.0420  0.0422  0.0424  0.0432  0.0435  0.0436  0.0421  0.0429  0.0420  0.0424
  0.0431  0.0422  0.0419  0.0419  0.0423  0.0426  0.0427  0.0428  0.0420  0.0425  0.0419  0.0420
  0.0422  0.0420  0.0418  0.0418  0.0422  0.0423  0.0420  0.0422  0.0419  0.0421  0.0419  0.0419
  0.0419  0.0419  0.0419  0.0418  0.0418  0.0420  0.0420  0.0420  0.0420  0.0419  0.0419  0.0419
  0.0421  0.0419  0.0420  0.0419  0.0413  0.0421  0.0426  0.0423  0.0420  0.0419  0.0419  0.0420
  0.0427  0.0420  0.0423  0.0421  0.0415  0.0427  0.0431  0.0429  0.0421  0.0422  0.0420  0.0422
  0.0435  0.0421  0.0426  0.0420  0.0446  0.0436  0.0436  0.0436  0.0423  0.0426  0.0421  0.0426
niter,ni,del,rscale     6    3    5.0000    1.2000
parameters
    3.2723  -10.2127   -1.4394  -28.0932  -28.5079  -43.5850
    0.3737    0.3290    1.9892   24.5246    1.7496  -18.7866
eta,q 0.95849 20.55814
  0.0441  0.0420  0.0421  0.0423  0.0420  0.0431  0.0431  0.0432  0.0419  0.0423  0.0418  0.0421
  0.0430  0.0418  0.0419  0.0419  0.0418  0.0424  0.0424  0.0424  0.0416  0.0419  0.0416  0.0417
  0.0422  0.0418  0.0418  0.0417  0.0418  0.0420  0.0417  0.0418  0.0415  0.0416  0.0416  0.0415
  0.0419  0.0419  0.0418  0.0418  0.0417  0.0417  0.0417  0.0416  0.0416  0.0416  0.0415  0.0415
  0.0421  0.0420  0.0420  0.0419  0.0415  0.0418  0.0423  0.0420  0.0418  0.0417  0.0416  0.0417
  0.0428  0.0422  0.0422  0.0422  0.0411  0.0424  0.0429  0.0427  0.0420  0.0422  0.0417  0.0420
  0.0436  0.0424  0.0426  0.0423  0.0422  0.0433  0.0434  0.0436  0.0424  0.0431  0.0419  0.0422
niter,ni,del,rscale     5    3    5.0000    1.2000
parameters
    3.5300  -10.0621   -1.5241  -29.1624  -28.6215  -43.4387
   -1.2974   -0.3234    0.7683   24.6126    0.9783  -19.8872
eta,q 0.95860 20.55732
  0.0438  0.0420  0.0420  0.0421  0.0419  0.0430  0.0430  0.0431  0.0419  0.0424  0.0418  0.0420
  0.0427  0.0417  0.0418  0.0417  0.0417  0.0423  0.0423  0.0423  0.0416  0.0420  0.0416  0.0417
  0.0418  0.0416  0.0416  0.0415  0.0417  0.0418  0.0416  0.0416  0.0414  0.0416  0.0414  0.0414
  0.0415  0.0415  0.0415  0.0415  0.0415  0.0415  0.0415  0.0414  0.0414  0.0414  0.0414  0.0414
  0.0417  0.0416  0.0416  0.0417  0.0411  0.0416  0.0421  0.0418  0.0416  0.0415  0.0415  0.0416
  0.0424  0.0417  0.0418  0.0420  0.0408  0.0422  0.0429  0.0425  0.0418  0.0418  0.0416  0.0419
  0.0434  0.0419  0.0421  0.0422  0.0427  0.0430  0.0435  0.0434  0.0421  0.0425  0.0418  0.0421
niter,ni,del,rscale     4    3    5.0000    1.2000
parameters
    3.8484   -9.8541   -1.4207  -29.5295  -28.4419  -42.9332
   -2.3962   -0.5868   -0.1293   24.7705    0.5214  -21.2550
eta,q 0.95868 20.57267
  0.0438  0.0419  0.0420  0.0422  0.0418  0.0429  0.0430  0.0431  0.0419  0.0423  0.0417  0.0420
  0.0427  0.0416  0.0417  0.0417  0.0417  0.0423  0.0423  0.0423  0.0415  0.0419  0.0415  0.0416
  0.0418  0.0414  0.0415  0.0414  0.0416  0.0418  0.0416  0.0416  0.0414  0.0415  0.0414  0.0414
  0.0414  0.0414  0.0414  0.0414  0.0414  0.0414  0.0414  0.0413  0.0413  0.0413  0.0413  0.0413
  0.0416  0.0414  0.0415  0.0415  0.0409  0.0415  0.0419  0.0416  0.0415  0.0414  0.0414  0.0416
  0.0423  0.0416  0.0417  0.0418  0.0406  0.0420  0.0427  0.0424  0.0417  0.0417  0.0416  0.0418
  0.0432  0.0417  0.0420  0.0422  0.0427  0.0429  0.0433  0.0433  0.0420  0.0424  0.0418  0.0421
niter,ni,del,rscale     3    3    5.0000    1.2000
parameters
    4.0801   -9.5240   -1.3873  -29.5369  -29.1509  -42.2348
   -3.0684   -0.7810   -1.0653   25.4962    0.1417  -22.4042
eta,q 0.95866 20.55744
  0.0436  0.0418  0.0419  0.0422  0.0419  0.0430  0.0431  0.0432  0.0418  0.0424  0.0418  0.0420
  0.0425  0.0415  0.0416  0.0416  0.0417  0.0423  0.0424  0.0423  0.0415  0.0420  0.0416  0.0417
  0.0417  0.0414  0.0414  0.0414  0.0416  0.0418  0.0417  0.0416  0.0414  0.0416  0.0414  0.0414
  0.0413  0.0413  0.0413  0.0413  0.0413  0.0414  0.0414  0.0414  0.0414  0.0414  0.0413  0.0413
  0.0415  0.0414  0.0414  0.0415  0.0408  0.0415  0.0418  0.0417  0.0415  0.0414  0.0414  0.0415
  0.0423  0.0415  0.0416  0.0417  0.0406  0.0421  0.0426  0.0424  0.0417  0.0417  0.0416  0.0419
  0.0432  0.0416  0.0419  0.0421  0.0433  0.0429  0.0433  0.0433  0.0420  0.0423  0.0418  0.0421
niter,ni,del,rscale     2    3    5.0000    1.2000
parameters
    4.2549   -9.4423   -1.2567  -29.1557  -29.3437  -41.3764
   -3.5829   -1.0549   -1.6179   25.7703    0.0913  -23.4411
eta,q 0.95865 20.56231
  0.0436  0.0418  0.0420  0.0422  0.0418  0.0431  0.0431  0.0431  0.0419  0.0424  0.0419  0.0420
  0.0425  0.0415  0.0417  0.0417  0.0417  0.0424  0.0425  0.0423  0.0416  0.0419  0.0416  0.0417
  0.0417  0.0414  0.0415  0.0414  0.0416  0.0418  0.0418  0.0416  0.0414  0.0415  0.0414  0.0414
  0.0413  0.0413  0.0413  0.0413  0.0413  0.0414  0.0414  0.0414  0.0414  0.0414  0.0413  0.0413
  0.0416  0.0414  0.0414  0.0415  0.0408  0.0415  0.0418  0.0416  0.0415  0.0414  0.0414  0.0415
  0.0423  0.0415  0.0416  0.0417  0.0406  0.0421  0.0426  0.0424  0.0417  0.0418  0.0416  0.0418
  0.0433  0.0417  0.0420  0.0420  0.0430  0.0429  0.0433  0.0433  0.0419  0.0424  0.0419  0.0421
niter,ni,del,rscale     1    3    5.0000    1.2000
parameters
    4.3458   -9.4098   -1.1589  -28.6663  -29.7611  -40.5733
   -3.9735   -1.2489   -2.1787   26.0414    0.1876  -24.1474
eta,q 0.95861 20.55575
  0.0435  0.0418  0.0420  0.0422  0.0418  0.0432  0.0431  0.0431  0.0419  0.0424  0.0420  0.0420
  0.0425  0.0415  0.0417  0.0417  0.0417  0.0425  0.0425  0.0423  0.0416  0.0419  0.0417  0.0417
  0.0417  0.0414  0.0415  0.0414  0.0417  0.0417  0.0418  0.0417  0.0414  0.0416  0.0415  0.0415
  0.0414  0.0414  0.0414  0.0414  0.0414  0.0414  0.0414  0.0414  0.0414  0.0414  0.0414  0.0414
  0.0416  0.0414  0.0414  0.0415  0.0408  0.0416  0.0418  0.0417  0.0415  0.0415  0.0415  0.0415
  0.0424  0.0415  0.0416  0.0417  0.0406  0.0421  0.0426  0.0424  0.0417  0.0418  0.0417  0.0419
  0.0434  0.0417  0.0420  0.0420  0.0431  0.0430  0.0433  0.0433  0.0420  0.0424  0.0419  0.0421
registration optimization eta report
parameter search radius
    4.8273    3.1740    4.1976   12.5928   14.4818   16.6540
   16.6540   12.5928   12.5928   10.9503   14.4818   16.6540
100000*second partial in parameter space
        9.        4.        4.        0.        1.        1.
        1.        1.        0.        1.        0.        0.
  0.0435  0.0418  0.0420  0.0422  0.0418  0.0432  0.0431  0.0431  0.0419  0.0424  0.0420  0.0420
  0.0425  0.0415  0.0417  0.0417  0.0417  0.0425  0.0425  0.0423  0.0416  0.0419  0.0417  0.0417
  0.0417  0.0414  0.0415  0.0414  0.0417  0.0417  0.0418  0.0417  0.0414  0.0416  0.0415  0.0415
  0.0414  0.0414  0.0414  0.0414  0.0414  0.0414  0.0414  0.0414  0.0414  0.0414  0.0414  0.0414
  0.0416  0.0414  0.0414  0.0415  0.0408  0.0416  0.0418  0.0417  0.0415  0.0415  0.0415  0.0415
  0.0424  0.0415  0.0416  0.0417  0.0406  0.0421  0.0426  0.0424  0.0417  0.0418  0.0417  0.0419
  0.0434  0.0417  0.0420  0.0420  0.0431  0.0430  0.0433  0.0433  0.0420  0.0424  0.0419  0.0421
    4.3458   -9.4098   -1.1589  -28.6663  -29.7611  -40.5733
   -3.9735   -1.2489   -2.1787   26.0414    0.1876  -24.1474
eta,q 0.95861 20.55575

---------------------------------------------------------------------
imgreg_4dfp /opt/freesurfer/average/711-2C_as_mni_average_305 /opt/freesurfer/average/711-2B_as_mni_average_305_mask talsrcimg_g11 none talsrcimg_to_711-2C_as_mni_average_305_t4 2311
---------------------------------------------------------------------

freesurfer imgreg_4dfp.c
/opt/freesurfer/average/711-2C_as_mni_average_305.4dfp.img
       256       256       256         1
  1.000000  1.000000  1.000000
orientation T byte_order littleendian
Reading image: /opt/freesurfer/average/711-2C_as_mni_average_305.4dfp.img
dimensions:      256       256       256
mmppix:       1.0000   -1.0000   -1.0000
center:     128.0000 -129.0000 -129.0000
/opt/freesurfer/average/711-2B_as_mni_average_305_mask.4dfp.img
       256       256       256         1
  1.000000  1.000000  1.000000
orientation T byte_order littleendian
Reading mask: /opt/freesurfer/average/711-2B_as_mni_average_305_mask.4dfp.img (2306576 pixels)
talsrcimg_g11.4dfp.img
       320       320       320         1
  0.800000  0.800000  0.800000
orientation T byte_order littleendian
Reading image: talsrcimg_g11.4dfp.img
dimensions:      320       320       320
mmppix:       0.8000   -0.8000   -0.8000
center:     128.0000 -128.8000 -128.8000
fimgreg.f
image alignment mode   2311 decimal      907 hex
parameters
    4.3458   -9.4098   -1.1589  -28.6663  -29.7611  -40.5733
   -3.9735   -1.2489   -2.1787   26.0414    0.1876  -24.1474
eta,q 0.95860 20.55574
niter,ni,del,rscale     5    3    5.0000    0.8000
parameter  5  1.299888 -> -0.500000 qaram    1.1500
parameters
    4.3810   -9.7153   -0.7029  -29.1210  -27.0011  -40.1189
   -3.7055   -0.9417   -2.4438   25.1748    0.3452  -24.2039
eta,q 0.95888 20.67348
  0.0417  0.0415  0.0415  0.0415  0.0416  0.0414  0.0415  0.0415  0.0412  0.0413  0.0412  0.0412
  0.0415  0.0414  0.0415  0.0414  0.0416  0.0412  0.0413  0.0413  0.0412  0.0412  0.0412  0.0412
  0.0414  0.0414  0.0414  0.0414  0.0415  0.0412  0.0412  0.0412  0.0411  0.0411  0.0411  0.0411
  0.0414  0.0414  0.0414  0.0414  0.0414  0.0411  0.0411  0.0411  0.0411  0.0411  0.0411  0.0411
  0.0414  0.0414  0.0414  0.0414  0.0412  0.0411  0.0412  0.0412  0.0412  0.0412  0.0411  0.0411
  0.0415  0.0415  0.0414  0.0415  0.0411  0.0412  0.0413  0.0413  0.0412  0.0413  0.0412  0.0412
  0.0417  0.0415  0.0414  0.0415  0.0409  0.0413  0.0414  0.0414  0.0413  0.0414  0.0412  0.0412
niter,ni,del,rscale     5    3    5.0000    0.8000
parameter  5-12.705552 -> -0.500000 qaram    1.3225
parameters
    4.3579   -8.9490   -0.9023  -29.6509  -23.8271  -40.8704
   -3.5392   -0.8153   -2.4750   25.1052    0.2590  -25.0592
eta,q 0.95929 20.80427
  0.0414  0.0414  0.0412  0.0412  0.0417  0.0408  0.0411  0.0411  0.0408  0.0409  0.0408  0.0408
  0.0413  0.0412  0.0411  0.0411  0.0415  0.0408  0.0409  0.0409  0.0408  0.0408  0.0407  0.0407
  0.0411  0.0412  0.0411  0.0411  0.0413  0.0407  0.0408  0.0408  0.0407  0.0407  0.0407  0.0407
  0.0411  0.0411  0.0411  0.0411  0.0411  0.0407  0.0407  0.0407  0.0407  0.0407  0.0407  0.0407
  0.0412  0.0411  0.0411  0.0411  0.0409  0.0408  0.0407  0.0407  0.0407  0.0407  0.0407  0.0407
  0.0413  0.0411  0.0411  0.0412  0.0407  0.0408  0.0409  0.0409  0.0408  0.0408  0.0407  0.0408
  0.0414  0.0411  0.0412  0.0412  0.0406  0.0409  0.0411  0.0411  0.0408  0.0409  0.0408  0.0408
niter,ni,del,rscale     5    3    5.0000    0.8000
parameters
    4.3738   -8.4832   -1.3752  -30.1319  -23.6238  -41.3019
   -3.2806   -0.8263   -2.2934   25.6331    0.1832  -25.5892
eta,q 0.95934 20.81312
  0.0410  0.0409  0.0407  0.0408  0.0415  0.0408  0.0411  0.0410  0.0408  0.0409  0.0407  0.0407
  0.0408  0.0408  0.0407  0.0407  0.0412  0.0407  0.0409  0.0408  0.0407  0.0408  0.0407  0.0407
  0.0407  0.0407  0.0407  0.0407  0.0409  0.0407  0.0407  0.0407  0.0407  0.0407  0.0407  0.0407
  0.0407  0.0407  0.0407  0.0407  0.0407  0.0407  0.0407  0.0407  0.0407  0.0407  0.0407  0.0407
  0.0407  0.0407  0.0407  0.0407  0.0406  0.0407  0.0407  0.0407  0.0407  0.0407  0.0407  0.0407
  0.0408  0.0407  0.0408  0.0408  0.0408  0.0408  0.0408  0.0408  0.0407  0.0407  0.0407  0.0407
  0.0410  0.0408  0.0408  0.0408  0.0417  0.0409  0.0410  0.0410  0.0408  0.0408  0.0407  0.0408
niter,ni,del,rscale     4    3    5.0000    0.7000
parameters
    4.3396   -8.3207   -1.5366  -30.3171  -23.3387  -41.4669
   -3.1029   -0.7902   -1.8839   25.8601    0.1793  -25.5310
eta,q 0.95937 20.82530
  0.0409  0.0408  0.0407  0.0407  0.0414  0.0408  0.0410  0.0409  0.0407  0.0408  0.0407  0.0407
  0.0408  0.0407  0.0407  0.0407  0.0411  0.0407  0.0408  0.0408  0.0407  0.0407  0.0407  0.0407
  0.0407  0.0407  0.0407  0.0407  0.0409  0.0406  0.0407  0.0407  0.0406  0.0407  0.0406  0.0406
  0.0407  0.0407  0.0407  0.0407  0.0407  0.0406  0.0406  0.0406  0.0406  0.0406  0.0406  0.0406
  0.0407  0.0407  0.0407  0.0407  0.0406  0.0407  0.0407  0.0407  0.0406  0.0406  0.0406  0.0406
  0.0408  0.0407  0.0407  0.0407  0.0407  0.0407  0.0408  0.0408  0.0407  0.0407  0.0407  0.0407
  0.0409  0.0407  0.0407  0.0408  0.0415  0.0408  0.0409  0.0409  0.0407  0.0408  0.0407  0.0407
niter,ni,del,rscale     3    3    5.0000    0.6000
parameters
    4.2988   -8.2828   -1.5813  -30.3133  -22.8762  -41.6415
   -2.9700   -0.7161   -1.4817   25.8447    0.1404  -25.0099
eta,q 0.95941 20.83999
  0.0408  0.0407  0.0407  0.0407  0.0412  0.0407  0.0409  0.0408  0.0407  0.0407  0.0406  0.0407
  0.0407  0.0407  0.0407  0.0407  0.0410  0.0406  0.0407  0.0407  0.0406  0.0406  0.0406  0.0406
  0.0406  0.0406  0.0406  0.0406  0.0408  0.0406  0.0406  0.0406  0.0406  0.0406  0.0406  0.0406
  0.0406  0.0406  0.0406  0.0406  0.0406  0.0406  0.0406  0.0406  0.0406  0.0406  0.0406  0.0406
  0.0407  0.0406  0.0406  0.0406  0.0406  0.0406  0.0406  0.0406  0.0406  0.0406  0.0406  0.0406
  0.0407  0.0407  0.0407  0.0407  0.0407  0.0406  0.0407  0.0407  0.0406  0.0407  0.0406  0.0406
  0.0408  0.0407  0.0407  0.0407  0.0412  0.0407  0.0408  0.0408  0.0406  0.0407  0.0406  0.0406
niter,ni,del,rscale     2    3    5.0000    0.5000
parameters
    4.2596   -8.3097   -1.5222  -30.2512  -22.3328  -41.8753
   -2.8398   -0.6056   -1.0265   25.6838    0.1559  -24.6301
eta,q 0.95944 20.86092
  0.0407  0.0407  0.0406  0.0406  0.0411  0.0406  0.0407  0.0407  0.0406  0.0406  0.0406  0.0406
  0.0406  0.0406  0.0406  0.0406  0.0409  0.0406  0.0406  0.0406  0.0406  0.0406  0.0406  0.0406
  0.0406  0.0406  0.0406  0.0406  0.0407  0.0406  0.0406  0.0406  0.0406  0.0406  0.0406  0.0406
  0.0406  0.0406  0.0406  0.0406  0.0406  0.0406  0.0406  0.0406  0.0406  0.0406  0.0406  0.0406
  0.0406  0.0406  0.0406  0.0406  0.0405  0.0406  0.0406  0.0406  0.0406  0.0406  0.0406  0.0406
  0.0407  0.0406  0.0406  0.0406  0.0406  0.0406  0.0406  0.0406  0.0406  0.0406  0.0406  0.0406
  0.0407  0.0407  0.0406  0.0406  0.0409  0.0406  0.0407  0.0407  0.0406  0.0407  0.0406  0.0406
niter,ni,del,rscale     1    3    5.0000    0.4000
parameters
    4.2258   -8.4747   -1.4800  -30.1476  -21.7770  -41.8890
   -2.7980   -0.5305   -0.6552   25.4736    0.1466  -24.1662
eta,q 0.95947 20.88419
  0.0406  0.0406  0.0406  0.0406  0.0409  0.0406  0.0406  0.0406  0.0406  0.0406  0.0405  0.0406
  0.0406  0.0406  0.0406  0.0406  0.0408  0.0405  0.0406  0.0406  0.0405  0.0405  0.0405  0.0405
  0.0406  0.0406  0.0406  0.0406  0.0406  0.0405  0.0405  0.0405  0.0405  0.0405  0.0405  0.0405
  0.0406  0.0406  0.0406  0.0406  0.0406  0.0405  0.0405  0.0405  0.0405  0.0405  0.0405  0.0405
  0.0406  0.0406  0.0406  0.0406  0.0405  0.0405  0.0405  0.0405  0.0405  0.0405  0.0405  0.0405
  0.0406  0.0406  0.0406  0.0406  0.0406  0.0406  0.0406  0.0406  0.0405  0.0406  0.0405  0.0405
  0.0406  0.0406  0.0406  0.0406  0.0408  0.0406  0.0406  0.0406  0.0406  0.0406  0.0405  0.0405
registration optimization eta report
parameter search radius
    0.8000    0.8000    0.8000    2.4000    3.1740    2.4000
    2.4000    2.4000    2.4000    2.4000    2.4000    2.4000
100000*second partial in parameter space
       12.        7.        3.        1.        3.        1.
        2.        2.        1.        1.        0.        0.
  0.0406  0.0406  0.0406  0.0406  0.0409  0.0406  0.0406  0.0406  0.0406  0.0406  0.0405  0.0406
  0.0406  0.0406  0.0406  0.0406  0.0408  0.0405  0.0406  0.0406  0.0405  0.0405  0.0405  0.0405
  0.0406  0.0406  0.0406  0.0406  0.0406  0.0405  0.0405  0.0405  0.0405  0.0405  0.0405  0.0405
  0.0406  0.0406  0.0406  0.0406  0.0406  0.0405  0.0405  0.0405  0.0405  0.0405  0.0405  0.0405
  0.0406  0.0406  0.0406  0.0406  0.0405  0.0405  0.0405  0.0405  0.0405  0.0405  0.0405  0.0405
  0.0406  0.0406  0.0406  0.0406  0.0406  0.0406  0.0406  0.0406  0.0405  0.0406  0.0405  0.0405
  0.0406  0.0406  0.0406  0.0406  0.0408  0.0406  0.0406  0.0406  0.0406  0.0406  0.0405  0.0405
    4.2258   -8.4747   -1.4800  -30.1476  -21.7770  -41.8890
   -2.7980   -0.5305   -0.6552   25.4736    0.1466  -24.1662
eta,q 0.95947 20.88419

---------------------------------------------------------------------
imgreg_4dfp /opt/freesurfer/average/711-2C_as_mni_average_305 /opt/freesurfer/average/711-2B_as_mni_average_305_mask talsrcimg_g11 none talsrcimg_to_711-2C_as_mni_average_305_t4 2311
---------------------------------------------------------------------

freesurfer imgreg_4dfp.c
/opt/freesurfer/average/711-2C_as_mni_average_305.4dfp.img
       256       256       256         1
  1.000000  1.000000  1.000000
orientation T byte_order littleendian
Reading image: /opt/freesurfer/average/711-2C_as_mni_average_305.4dfp.img
dimensions:      256       256       256
mmppix:       1.0000   -1.0000   -1.0000
center:     128.0000 -129.0000 -129.0000
/opt/freesurfer/average/711-2B_as_mni_average_305_mask.4dfp.img
       256       256       256         1
  1.000000  1.000000  1.000000
orientation T byte_order littleendian
Reading mask: /opt/freesurfer/average/711-2B_as_mni_average_305_mask.4dfp.img (2306576 pixels)
talsrcimg_g11.4dfp.img
       320       320       320         1
  0.800000  0.800000  0.800000
orientation T byte_order littleendian
Reading image: talsrcimg_g11.4dfp.img
dimensions:      320       320       320
mmppix:       0.8000   -0.8000   -0.8000
center:     128.0000 -128.8000 -128.8000
fimgreg.f
image alignment mode   2311 decimal      907 hex
parameters
    4.2258   -8.4747   -1.4800  -30.1476  -21.7770  -41.8890
   -2.7980   -0.5305   -0.6552   25.4736    0.1466  -24.1662
eta,q 0.95947 20.88419
niter,ni,del,rscale     5    3    5.0000    0.8000
parameters
    4.2201   -8.6584   -1.4659  -29.8851  -22.2749  -41.6224
   -2.7980   -0.5063   -0.8754   25.2021    0.3160  -24.6950
eta,q 0.95945 20.86438
  0.0408  0.0407  0.0406  0.0407  0.0411  0.0408  0.0410  0.0409  0.0407  0.0408  0.0406  0.0406
  0.0407  0.0406  0.0406  0.0406  0.0408  0.0406  0.0407  0.0407  0.0406  0.0406  0.0406  0.0406
  0.0406  0.0405  0.0405  0.0405  0.0407  0.0406  0.0406  0.0406  0.0406  0.0406  0.0406  0.0406
  0.0405  0.0405  0.0405  0.0405  0.0405  0.0406  0.0406  0.0406  0.0406  0.0406  0.0406  0.0406
  0.0406  0.0406  0.0405  0.0405  0.0405  0.0406  0.0406  0.0406  0.0406  0.0406  0.0406  0.0406
  0.0407  0.0406  0.0406  0.0406  0.0408  0.0406  0.0407  0.0407  0.0406  0.0407  0.0406  0.0406
  0.0408  0.0408  0.0406  0.0406  0.0416  0.0407  0.0409  0.0409  0.0407  0.0408  0.0406  0.0407
niter,ni,del,rscale     4    3    5.0000    0.7000
parameters
    4.2166   -8.6235   -1.5051  -30.1132  -22.0753  -41.6436
   -2.7459   -0.5270   -0.7349   25.2352    0.3617  -24.5214
eta,q 0.95946 20.87143
  0.0408  0.0407  0.0406  0.0406  0.0410  0.0407  0.0409  0.0408  0.0406  0.0407  0.0406  0.0406
  0.0407  0.0406  0.0406  0.0406  0.0408  0.0406  0.0407  0.0407  0.0406  0.0406  0.0406  0.0406
  0.0406  0.0406  0.0406  0.0406  0.0407  0.0406  0.0406  0.0406  0.0406  0.0406  0.0406  0.0406
  0.0406  0.0406  0.0406  0.0406  0.0406  0.0405  0.0405  0.0405  0.0405  0.0405  0.0405  0.0405
  0.0406  0.0406  0.0406  0.0406  0.0405  0.0406  0.0406  0.0406  0.0405  0.0406  0.0405  0.0405
  0.0407  0.0406  0.0406  0.0406  0.0407  0.0406  0.0407  0.0407  0.0406  0.0406  0.0406  0.0406
  0.0408  0.0407  0.0406  0.0407  0.0411  0.0407  0.0408  0.0408  0.0406  0.0407  0.0406  0.0406
niter,ni,del,rscale     3    3    5.0000    0.6000
parameters
    4.1951   -8.6274   -1.4691  -30.0930  -21.7786  -41.7556
   -2.6844   -0.4673   -0.4802   25.1740    0.3519  -24.1528
eta,q 0.95947 20.88104
  0.0407  0.0406  0.0406  0.0406  0.0409  0.0406  0.0408  0.0408  0.0406  0.0407  0.0406  0.0406
  0.0406  0.0406  0.0406  0.0406  0.0408  0.0406  0.0406  0.0406  0.0406  0.0406  0.0405  0.0406
  0.0406  0.0406  0.0406  0.0405  0.0406  0.0405  0.0406  0.0406  0.0405  0.0405  0.0405  0.0405
  0.0405  0.0405  0.0405  0.0405  0.0405  0.0405  0.0405  0.0405  0.0405  0.0405  0.0405  0.0405
  0.0406  0.0406  0.0405  0.0405  0.0405  0.0405  0.0406  0.0405  0.0405  0.0405  0.0405  0.0405
  0.0406  0.0406  0.0406  0.0406  0.0406  0.0406  0.0406  0.0406  0.0405  0.0406  0.0405  0.0405
  0.0407  0.0406  0.0406  0.0406  0.0409  0.0406  0.0407  0.0407  0.0406  0.0407  0.0406  0.0406
niter,ni,del,rscale     2    3    5.0000    0.5000
parameters
    4.1786   -8.6605   -1.4478  -30.1110  -21.4446  -41.8629
   -2.6598   -0.4029   -0.3268   25.0569    0.4436  -23.7932
eta,q 0.95949 20.89194
  0.0406  0.0406  0.0406  0.0406  0.0408  0.0406  0.0407  0.0407  0.0406  0.0406  0.0405  0.0406
  0.0406  0.0406  0.0405  0.0405  0.0407  0.0405  0.0406  0.0406  0.0405  0.0405  0.0405  0.0405
  0.0405  0.0405  0.0405  0.0405  0.0406  0.0405  0.0405  0.0405  0.0405  0.0405  0.0405  0.0405
  0.0405  0.0405  0.0405  0.0405  0.0405  0.0405  0.0405  0.0405  0.0405  0.0405  0.0405  0.0405
  0.0405  0.0405  0.0405  0.0405  0.0405  0.0405  0.0405  0.0405  0.0405  0.0405  0.0405  0.0405
  0.0406  0.0406  0.0405  0.0405  0.0406  0.0405  0.0406  0.0406  0.0405  0.0406  0.0405  0.0405
  0.0407  0.0406  0.0406  0.0406  0.0408  0.0406  0.0407  0.0407  0.0406  0.0406  0.0405  0.0405
niter,ni,del,rscale     1    3    5.0000    0.4000
parameters
    4.1782   -8.7586   -1.3896  -29.9940  -21.1126  -41.9416
   -2.6548   -0.3533   -0.1492   24.9203    0.3885  -23.5894
eta,q 0.95950 20.90764
  0.0406  0.0405  0.0405  0.0405  0.0407  0.0405  0.0406  0.0406  0.0405  0.0406  0.0405  0.0405
  0.0405  0.0405  0.0405  0.0405  0.0406  0.0405  0.0405  0.0405  0.0405  0.0405  0.0405  0.0405
  0.0405  0.0405  0.0405  0.0405  0.0406  0.0405  0.0405  0.0405  0.0405  0.0405  0.0405  0.0405
  0.0405  0.0405  0.0405  0.0405  0.0405  0.0405  0.0405  0.0405  0.0405  0.0405  0.0405  0.0405
  0.0405  0.0405  0.0405  0.0405  0.0405  0.0405  0.0405  0.0405  0.0405  0.0405  0.0405  0.0405
  0.0405  0.0405  0.0405  0.0405  0.0405  0.0405  0.0405  0.0405  0.0405  0.0405  0.0405  0.0405
  0.0406  0.0406  0.0405  0.0405  0.0407  0.0405  0.0406  0.0406  0.0405  0.0406  0.0405  0.0405
registration optimization eta report
parameter search radius
    0.8000    0.8000    0.8000    2.4000    2.4000    2.4000
    2.4000    2.4000    2.4000    2.4000    2.4000    2.4000
100000*second partial in parameter space
       12.        8.        4.        0.        3.        1.
        2.        2.        1.        1.        0.        0.
  0.0406  0.0405  0.0405  0.0405  0.0407  0.0405  0.0406  0.0406  0.0405  0.0406  0.0405  0.0405
  0.0405  0.0405  0.0405  0.0405  0.0406  0.0405  0.0405  0.0405  0.0405  0.0405  0.0405  0.0405
  0.0405  0.0405  0.0405  0.0405  0.0406  0.0405  0.0405  0.0405  0.0405  0.0405  0.0405  0.0405
  0.0405  0.0405  0.0405  0.0405  0.0405  0.0405  0.0405  0.0405  0.0405  0.0405  0.0405  0.0405
  0.0405  0.0405  0.0405  0.0405  0.0405  0.0405  0.0405  0.0405  0.0405  0.0405  0.0405  0.0405
  0.0405  0.0405  0.0405  0.0405  0.0405  0.0405  0.0405  0.0405  0.0405  0.0405  0.0405  0.0405
  0.0406  0.0406  0.0405  0.0405  0.0407  0.0405  0.0406  0.0406  0.0405  0.0406  0.0405  0.0405
    4.1782   -8.7586   -1.3896  -29.9940  -21.1126  -41.9416
   -2.6548   -0.3533   -0.1492   24.9203    0.3885  -23.5894
eta,q 0.95950 20.90764

---------------------------------------------------------------------
compute_vox2vox talsrcimg talsrcimg_to_711-2C_as_mni_average_305_t4 /opt/freesurfer/average/711-2C_as_mni_average_305
---------------------------------------------------------------------

freesurfer compute_vox2vox.c
Reading: talsrcimg.4dfp.ifh
Reading: talsrcimg_to_711-2C_as_mni_average_305_t4
Reading: /opt/freesurfer/average/711-2C_as_mni_average_305.4dfp.ifh
Writing: talsrcimg_to_711-2C_as_mni_average_305_t4_vox2vox.txt

start time Tue Mar 10 21:06:19 CET 2026
end		time Tue Mar 10 21:07:44 CET 2026

mpr2mni305 success

avi2talxfm orig_nu.mgz /opt/freesurfer/average/mni305.cor.mgz talsrcimg_to_711-2C_as_mni_average_305_t4_vox2vox.txt transforms/talairach.auto.xfm
avi2talxfm done
mv -f /out/sourcedata/freesurfer/sub-v2s11x28719_ses-1/mri/talsrcimg_to_711-2C_as_mni_average_305_t4_vox2vox.txt /out/sourcedata/freesurfer/sub-v2s11x28719_ses-1/mri/transforms/talsrcimg_to_711-2C_as_mni_average_305_t4_vox2vox.txt
lta_convert --src orig_nu.mgz --trg /opt/freesurfer/average/mni305.cor.mgz --inxfm transforms/talairach.auto.xfm --outlta transforms/talairach.auto.xfm.lta --subject fsaverage
7.3.2

--src: orig_nu.mgz src image (geometry).
--trg: /opt/freesurfer/average/mni305.cor.mgz trg image (geometry).
--inmni: transforms/talairach.auto.xfm input MNI/XFM transform.
--outlta: transforms/talairach.auto.xfm.lta output LTA.
--s: fsaverage subject name
 LTA read, type : 1
 1.42860  -0.01058   0.04491  -6.11461;
-0.00750   1.52654   0.45622   0.60152;
 0.00507  -0.48225   1.12360  -38.73964;
 0.00000   0.00000   0.00000   1.00000;
setting subject to fsaverage
Writing  LTA to file transforms/talairach.auto.xfm.lta...
lta_convert successful.
 
 
Started at Tue Mar 10 21:06:18 CET 2026
Ended   at Tue Mar 10 21:07:45 CET 2026
talairach_avi done
