status file for recon-all
Tue Mar 10 20:51:31 CET 2026
#@# MotionCor Tue Mar 10 20:51:36 CET 2026
#@# Talairach Tue Mar 10 20:51:46 CET 2026
#@# Talairach Failure Detection Tue Mar 10 20:58:57 CET 2026
#@# Nu Intensity Correction Tue Mar 10 20:58:57 CET 2026
#@# Intensity Normalization Tue Mar 10 21:05:18 CET 2026
recon-all -s sub-v2s11x28707_ses-1 finished without error at Tue Mar 10 21:09:45 CET 2026



#New# invocation of recon-all 



status file for recon-all
Tue Mar 10 21:17:15 CET 2026
#@# EM Registration Tue Mar 10 21:17:15 CET 2026
recon-all -s sub-v2s11x28707_ses-1 finished without error at Tue Mar 10 21:19:42 CET 2026



#New# invocation of recon-all 



status file for recon-all
Tue Mar 10 21:19:43 CET 2026
#@# CA Normalize Tue Mar 10 21:19:43 CET 2026
#@# CA Reg Tue Mar 10 21:21:38 CET 2026
#@# SubCort Seg Tue Mar 10 22:10:53 CET 2026
#@# CC Seg Tue Mar 10 23:21:46 CET 2026
#@# Merge ASeg Tue Mar 10 23:22:55 CET 2026
#@# Intensity Normalization2 Tue Mar 10 23:22:55 CET 2026
#@# Mask BFS Tue Mar 10 23:27:59 CET 2026
#@# WM Segmentation Tue Mar 10 23:28:01 CET 2026
#@# Fill Tue Mar 10 23:32:33 CET 2026
recon-all -s sub-v2s11x28707_ses-1 finished without error at Tue Mar 10 23:34:27 CET 2026



#New# invocation of recon-all 



status file for recon-all
Wed Mar 11 01:29:16 CET 2026
#@# white curv lh Wed Mar 11 01:29:16 CET 2026
#@# white area lh Wed Mar 11 01:29:16 CET 2026
#@# pial curv lh Wed Mar 11 01:29:16 CET 2026
#@# pial area lh Wed Mar 11 01:29:16 CET 2026
#@# thickness lh Wed Mar 11 01:29:16 CET 2026
#@# area and vertex vol lh Wed Mar 11 01:29:16 CET 2026
#@# white curv rh Wed Mar 11 01:29:16 CET 2026
#@# white area rh Wed Mar 11 01:29:17 CET 2026
#@# pial curv rh Wed Mar 11 01:29:17 CET 2026
#@# pial area rh Wed Mar 11 01:29:17 CET 2026
#@# thickness rh Wed Mar 11 01:29:17 CET 2026
#@# area and vertex vol rh Wed Mar 11 01:29:17 CET 2026
#@# Cortical ribbon mask Wed Mar 11 01:29:17 CET 2026
recon-all -s sub-v2s11x28707_ses-1 finished without error at Wed Mar 11 01:43:29 CET 2026



#New# invocation of recon-all 



status file for recon-all
Wed Mar 11 01:56:00 CET 2026
#@# white curv lh Wed Mar 11 01:56:00 CET 2026
#@# white area lh Wed Mar 11 01:56:00 CET 2026
#@# pial curv lh Wed Mar 11 01:56:01 CET 2026
#@# pial area lh Wed Mar 11 01:56:01 CET 2026
#@# thickness lh Wed Mar 11 01:56:01 CET 2026
#@# area and vertex vol lh Wed Mar 11 01:56:01 CET 2026
#@# white curv rh Wed Mar 11 01:56:01 CET 2026
#@# white area rh Wed Mar 11 01:56:01 CET 2026
#@# pial curv rh Wed Mar 11 01:56:01 CET 2026
#@# pial area rh Wed Mar 11 01:56:01 CET 2026
#@# thickness rh Wed Mar 11 01:56:01 CET 2026
#@# area and vertex vol rh Wed Mar 11 01:56:01 CET 2026
#@# Curvature Stats lh Wed Mar 11 01:56:01 CET 2026
#@# Curvature Stats rh Wed Mar 11 01:56:05 CET 2026
#@# Relabel Hypointensities Wed Mar 11 01:56:10 CET 2026
#@# APas-to-ASeg Wed Mar 11 01:56:40 CET 2026
#@# AParc-to-ASeg aparc Wed Mar 11 01:56:57 CET 2026
#@# AParc-to-ASeg aparc.a2009s Wed Mar 11 01:59:26 CET 2026
#@# AParc-to-ASeg aparc.DKTatlas Wed Mar 11 02:01:57 CET 2026
#@# WMParc Wed Mar 11 02:04:20 CET 2026
#@# ASeg Stats Wed Mar 11 02:11:37 CET 2026
recon-all -s sub-v2s11x28707_ses-1 finished without error at Wed Mar 11 02:12:36 CET 2026
