status file for recon-all
Wed Mar 11 00:27:06 CET 2026
#@# Tessellate rh Wed Mar 11 00:27:06 CET 2026
#@# Smooth1 rh Wed Mar 11 00:27:14 CET 2026
#@# Inflation1 rh Wed Mar 11 00:27:19 CET 2026
#@# QSphere rh Wed Mar 11 00:29:31 CET 2026
#@# Fix Topology rh Wed Mar 11 00:31:21 CET 2026
#@# Smooth2 rh Wed Mar 11 00:51:15 CET 2026
#@# Inflation2 rh Wed Mar 11 00:51:20 CET 2026
#@# Curv .H and .K rh Wed Mar 11 00:52:12 CET 2026
#@# Sphere rh Wed Mar 11 00:53:35 CET 2026
#@# Surf Reg rh Wed Mar 11 01:03:49 CET 2026
#@# Jacobian white rh Wed Mar 11 01:16:49 CET 2026
#@# AvgCurv rh Wed Mar 11 01:16:51 CET 2026
#@# Cortical Parc rh Wed Mar 11 01:16:53 CET 2026
#@# white curv rh Wed Mar 11 01:27:07 CET 2026
#@# white area rh Wed Mar 11 01:27:11 CET 2026
#@# pial curv rh Wed Mar 11 01:27:12 CET 2026
#@# pial area rh Wed Mar 11 01:27:17 CET 2026
#@# thickness rh Wed Mar 11 01:27:18 CET 2026
#@# area and vertex vol rh Wed Mar 11 01:28:17 CET 2026
#@# Curvature Stats rh Wed Mar 11 01:28:20 CET 2026
#@# Cortical Parc 2 rh Wed Mar 11 01:28:24 CET 2026
#@# Cortical Parc 3 rh Wed Mar 11 01:28:48 CET 2026
#@# WM/GM Contrast rh Wed Mar 11 01:29:07 CET 2026
recon-all -s sub-v2s11x28707_ses-1 finished without error at Wed Mar 11 01:29:13 CET 2026



#New# invocation of recon-all 



status file for recon-all
Wed Mar 11 01:49:54 CET 2026
#@# white curv rh Wed Mar 11 01:49:55 CET 2026
#@# white area rh Wed Mar 11 01:49:55 CET 2026
#@# pial curv rh Wed Mar 11 01:49:55 CET 2026
#@# pial area rh Wed Mar 11 01:49:55 CET 2026
#@# thickness rh Wed Mar 11 01:49:55 CET 2026
#@# area and vertex vol rh Wed Mar 11 01:49:55 CET 2026
#@# Parcellation Stats rh Wed Mar 11 01:49:55 CET 2026
#@# Parcellation Stats 2 rh Wed Mar 11 01:50:40 CET 2026
#@# Parcellation Stats 3 rh Wed Mar 11 01:51:04 CET 2026
#@# BA_exvivo Labels rh Wed Mar 11 01:51:27 CET 2026
recon-all -s sub-v2s11x28707_ses-1 finished without error at Wed Mar 11 01:55:56 CET 2026
