status file for recon-all
Tue Mar 10 21:56:47 CET 2026
#@# MotionCor Tue Mar 10 21:56:52 CET 2026
#@# Talairach Tue Mar 10 21:57:01 CET 2026
#@# Talairach Failure Detection Tue Mar 10 22:04:06 CET 2026
#@# Nu Intensity Correction Tue Mar 10 22:04:06 CET 2026
#@# Intensity Normalization Tue Mar 10 22:10:25 CET 2026
recon-all -s sub-v2s11x28730_ses-1 finished without error at Tue Mar 10 22:14:17 CET 2026



#New# invocation of recon-all 



status file for recon-all
Tue Mar 10 22:21:34 CET 2026
#@# EM Registration Tue Mar 10 22:21:35 CET 2026
recon-all -s sub-v2s11x28730_ses-1 finished without error at Tue Mar 10 22:23:37 CET 2026



#New# invocation of recon-all 



status file for recon-all
Tue Mar 10 22:23:40 CET 2026
#@# CA Normalize Tue Mar 10 22:23:40 CET 2026
#@# CA Reg Tue Mar 10 22:25:28 CET 2026
#@# SubCort Seg Tue Mar 10 23:20:17 CET 2026
#@# CC Seg Wed Mar 11 00:31:55 CET 2026
#@# Merge ASeg Wed Mar 11 00:32:55 CET 2026
#@# Intensity Normalization2 Wed Mar 11 00:32:55 CET 2026
#@# Mask BFS Wed Mar 11 00:37:54 CET 2026
#@# WM Segmentation Wed Mar 11 00:37:56 CET 2026
#@# Fill Wed Mar 11 00:42:19 CET 2026
recon-all -s sub-v2s11x28730_ses-1 finished without error at Wed Mar 11 00:44:07 CET 2026



#New# invocation of recon-all 



status file for recon-all
Wed Mar 11 02:18:10 CET 2026
#@# white curv lh Wed Mar 11 02:18:10 CET 2026
#@# white area lh Wed Mar 11 02:18:10 CET 2026
#@# pial curv lh Wed Mar 11 02:18:10 CET 2026
#@# pial area lh Wed Mar 11 02:18:10 CET 2026
#@# thickness lh Wed Mar 11 02:18:10 CET 2026
#@# area and vertex vol lh Wed Mar 11 02:18:10 CET 2026
#@# white curv rh Wed Mar 11 02:18:10 CET 2026
#@# white area rh Wed Mar 11 02:18:10 CET 2026
#@# pial curv rh Wed Mar 11 02:18:10 CET 2026
#@# pial area rh Wed Mar 11 02:18:10 CET 2026
#@# thickness rh Wed Mar 11 02:18:10 CET 2026
#@# area and vertex vol rh Wed Mar 11 02:18:10 CET 2026
#@# Cortical ribbon mask Wed Mar 11 02:18:10 CET 2026
recon-all -s sub-v2s11x28730_ses-1 finished without error at Wed Mar 11 02:29:48 CET 2026



#New# invocation of recon-all 



status file for recon-all
Wed Mar 11 02:41:32 CET 2026
#@# white curv lh Wed Mar 11 02:41:32 CET 2026
#@# white area lh Wed Mar 11 02:41:32 CET 2026
#@# pial curv lh Wed Mar 11 02:41:32 CET 2026
#@# pial area lh Wed Mar 11 02:41:32 CET 2026
#@# thickness lh Wed Mar 11 02:41:32 CET 2026
#@# area and vertex vol lh Wed Mar 11 02:41:32 CET 2026
#@# white curv rh Wed Mar 11 02:41:32 CET 2026
#@# white area rh Wed Mar 11 02:41:32 CET 2026
#@# pial curv rh Wed Mar 11 02:41:32 CET 2026
#@# pial area rh Wed Mar 11 02:41:32 CET 2026
#@# thickness rh Wed Mar 11 02:41:32 CET 2026
#@# area and vertex vol rh Wed Mar 11 02:41:32 CET 2026
#@# Curvature Stats lh Wed Mar 11 02:41:32 CET 2026
#@# Curvature Stats rh Wed Mar 11 02:41:36 CET 2026
#@# Relabel Hypointensities Wed Mar 11 02:41:40 CET 2026
#@# APas-to-ASeg Wed Mar 11 02:42:11 CET 2026
#@# AParc-to-ASeg aparc Wed Mar 11 02:42:26 CET 2026
#@# AParc-to-ASeg aparc.a2009s Wed Mar 11 02:44:14 CET 2026
#@# AParc-to-ASeg aparc.DKTatlas Wed Mar 11 02:46:02 CET 2026
#@# WMParc Wed Mar 11 02:47:45 CET 2026
#@# ASeg Stats Wed Mar 11 02:54:21 CET 2026
recon-all -s sub-v2s11x28730_ses-1 finished without error at Wed Mar 11 02:55:20 CET 2026
