status file for recon-all
Wed Mar 11 00:44:13 CET 2026
#@# Tessellate lh Wed Mar 11 00:44:13 CET 2026
#@# Smooth1 lh Wed Mar 11 00:44:20 CET 2026
#@# Inflation1 lh Wed Mar 11 00:44:25 CET 2026
#@# QSphere lh Wed Mar 11 00:46:23 CET 2026
#@# Fix Topology lh Wed Mar 11 00:48:08 CET 2026
#@# Smooth2 lh Wed Mar 11 01:02:40 CET 2026
#@# Inflation2 lh Wed Mar 11 01:02:45 CET 2026
#@# Curv .H and .K lh Wed Mar 11 01:03:30 CET 2026
#@# Sphere lh Wed Mar 11 01:04:55 CET 2026
#@# Surf Reg lh Wed Mar 11 01:11:07 CET 2026
#@# Jacobian white lh Wed Mar 11 01:20:38 CET 2026
#@# AvgCurv lh Wed Mar 11 01:20:39 CET 2026
#@# Cortical Parc lh Wed Mar 11 01:20:41 CET 2026
#@# white curv lh Wed Mar 11 01:30:45 CET 2026
#@# white area lh Wed Mar 11 01:30:48 CET 2026
#@# pial curv lh Wed Mar 11 01:30:49 CET 2026
#@# pial area lh Wed Mar 11 01:30:52 CET 2026
#@# thickness lh Wed Mar 11 01:30:53 CET 2026
#@# area and vertex vol lh Wed Mar 11 01:31:48 CET 2026
#@# Curvature Stats lh Wed Mar 11 01:31:50 CET 2026
#@# Cortical Parc 2 lh Wed Mar 11 01:31:55 CET 2026
#@# Cortical Parc 3 lh Wed Mar 11 01:32:18 CET 2026
#@# WM/GM Contrast lh Wed Mar 11 01:32:35 CET 2026
recon-all -s sub-v2s11x28730_ses-1 finished without error at Wed Mar 11 01:32:40 CET 2026



#New# invocation of recon-all 



status file for recon-all
Wed Mar 11 02:29:52 CET 2026
#@# white curv lh Wed Mar 11 02:29:52 CET 2026
#@# white area lh Wed Mar 11 02:29:52 CET 2026
#@# pial curv lh Wed Mar 11 02:29:52 CET 2026
#@# pial area lh Wed Mar 11 02:29:52 CET 2026
#@# thickness lh Wed Mar 11 02:29:52 CET 2026
#@# area and vertex vol lh Wed Mar 11 02:29:52 CET 2026
#@# Parcellation Stats lh Wed Mar 11 02:29:52 CET 2026
#@# Parcellation Stats 2 lh Wed Mar 11 02:30:43 CET 2026
#@# Parcellation Stats 3 lh Wed Mar 11 02:31:09 CET 2026
#@# BA_exvivo Labels lh Wed Mar 11 02:31:34 CET 2026
recon-all -s sub-v2s11x28730_ses-1 finished without error at Wed Mar 11 02:35:46 CET 2026
