Log file for defect2seg
Tue Mar 10 18:06:05 CET 2026

setenv SUBJECTS_DIR /out/sourcedata/freesurfer
cd /out/sourcedata/freesurfer/sub-v2s11x28688_ses-1/scripts
/opt/freesurfer/bin/defect2seg --s sub-v2s11x28688_ses-1 --rh-only --cortex

freesurfer-linux-ubuntu22_x86_64-7.3.2-20220804-6354275
defect2seg 7.3.2
Linux dna013 5.14.0-427.37.1.el9_4.x86_64 #1 SMP PREEMPT_DYNAMIC Fri Sep 13 12:41:50 EDT 2024 x86_64 x86_64 x86_64 GNU/Linux
pid 1943909
mri_label2label --label-cortex /out/sourcedata/freesurfer/sub-v2s11x28688_ses-1/surf/rh.orig.nofix /out/sourcedata/freesurfer/sub-v2s11x28688_ses-1/mri/aseg.presurf.mgz 0 /out/sourcedata/freesurfer/sub-v2s11x28688_ses-1/label/rh.nofix.cortex.label

 Generating cortex label... RemoveHipAmgy=0
 NucAccIsMedialWall=0
 mris->useRealRAS=0
41 non-cortical segments detected
only using segment with 11736 vertices
erasing segment 0 (vno[0] = 13122)
erasing segment 1 (vno[0] = 15766)
erasing segment 2 (vno[0] = 17409)
erasing segment 3 (vno[0] = 18670)
erasing segment 4 (vno[0] = 21380)
erasing segment 5 (vno[0] = 21420)
erasing segment 6 (vno[0] = 21422)
erasing segment 7 (vno[0] = 22508)
erasing segment 8 (vno[0] = 22612)
erasing segment 9 (vno[0] = 31661)
erasing segment 10 (vno[0] = 31955)
erasing segment 11 (vno[0] = 83972)
erasing segment 13 (vno[0] = 107961)
erasing segment 14 (vno[0] = 116689)
erasing segment 15 (vno[0] = 121808)
erasing segment 16 (vno[0] = 122828)
erasing segment 17 (vno[0] = 138872)
erasing segment 18 (vno[0] = 143102)
erasing segment 19 (vno[0] = 145892)
erasing segment 20 (vno[0] = 148439)
erasing segment 21 (vno[0] = 155191)
erasing segment 22 (vno[0] = 171459)
erasing segment 23 (vno[0] = 173837)
erasing segment 24 (vno[0] = 176282)
erasing segment 25 (vno[0] = 177552)
erasing segment 26 (vno[0] = 177785)
erasing segment 27 (vno[0] = 178903)
erasing segment 28 (vno[0] = 179076)
erasing segment 29 (vno[0] = 181319)
erasing segment 30 (vno[0] = 182582)
erasing segment 31 (vno[0] = 183636)
erasing segment 32 (vno[0] = 183727)
erasing segment 33 (vno[0] = 183785)
erasing segment 34 (vno[0] = 184802)
erasing segment 35 (vno[0] = 185953)
erasing segment 36 (vno[0] = 189323)
erasing segment 37 (vno[0] = 198634)
erasing segment 38 (vno[0] = 199612)
erasing segment 39 (vno[0] = 202408)
erasing segment 40 (vno[0] = 203354)
mri_label2vol --defects /out/sourcedata/freesurfer/sub-v2s11x28688_ses-1/surf/rh.orig.nofix /out/sourcedata/freesurfer/sub-v2s11x28688_ses-1/surf/rh.defect_labels /out/sourcedata/freesurfer/sub-v2s11x28688_ses-1/mri/orig.mgz 2000 0 /out/sourcedata/freesurfer/sub-v2s11x28688_ses-1/mri/rh.surface.defects.mgz /out/sourcedata/freesurfer/sub-v2s11x28688_ses-1/label/rh.nofix.cortex.label
mri_label2vol supposed to be reproducible but seed not set
Contraining to label /out/sourcedata/freesurfer/sub-v2s11x28688_ses-1/label/rh.nofix.cortex.label
Changing input type 0 to MRI_INT
Converting defects to volume: offset=2000, merge=0
Writing to /out/sourcedata/freesurfer/sub-v2s11x28688_ses-1/mri/rh.surface.defects.mgz
mris_defects_pointset -s /out/sourcedata/freesurfer/sub-v2s11x28688_ses-1/surf/rh.orig.nofix -d /out/sourcedata/freesurfer/sub-v2s11x28688_ses-1/surf/rh.defect_labels -o /out/sourcedata/freesurfer/sub-v2s11x28688_ses-1/surf/rh.defects.pointset --label /out/sourcedata/freesurfer/sub-v2s11x28688_ses-1/label/rh.nofix.cortex.label
Reading in surface /out/sourcedata/freesurfer/sub-v2s11x28688_ses-1/surf/rh.orig.nofix
Reading in defect segmentation /out/sourcedata/freesurfer/sub-v2s11x28688_ses-1/surf/rh.defect_labels
Reading in label /out/sourcedata/freesurfer/sub-v2s11x28688_ses-1/label/rh.nofix.cortex.label
#VMPC# mris_defects_pointset 1395144
mris_defects_pointset done
 
Started at Tue Mar 10 18:06:05 CET 2026 
Ended   at Tue Mar 10 18:06:34 CET 2026
Defect2seg-Run-Time-Sec 29
Defect2seg-Run-Time-Min 0.58
Defect2seg-Run-Time-Hours 0.01
 
defect2seg Done
