status file for recon-all
Tue Mar 10 14:33:19 CET 2026
#@# MotionCor Tue Mar 10 14:33:23 CET 2026
#@# Talairach Tue Mar 10 14:33:33 CET 2026
#@# Talairach Failure Detection Tue Mar 10 14:40:40 CET 2026
#@# Nu Intensity Correction Tue Mar 10 14:40:40 CET 2026
#@# Intensity Normalization Tue Mar 10 14:47:00 CET 2026
recon-all -s sub-v2s11x28688_ses-1 finished without error at Tue Mar 10 14:51:45 CET 2026



#New# invocation of recon-all 



status file for recon-all
Tue Mar 10 14:59:22 CET 2026
#@# EM Registration Tue Mar 10 14:59:22 CET 2026
recon-all -s sub-v2s11x28688_ses-1 finished without error at Tue Mar 10 15:01:34 CET 2026



#New# invocation of recon-all 



status file for recon-all
Tue Mar 10 15:01:36 CET 2026
#@# CA Normalize Tue Mar 10 15:01:36 CET 2026
#@# CA Reg Tue Mar 10 15:03:28 CET 2026
#@# SubCort Seg Tue Mar 10 15:56:03 CET 2026
#@# CC Seg Tue Mar 10 17:02:18 CET 2026
#@# Merge ASeg Tue Mar 10 17:03:13 CET 2026
#@# Intensity Normalization2 Tue Mar 10 17:03:13 CET 2026
#@# Mask BFS Tue Mar 10 17:08:12 CET 2026
#@# WM Segmentation Tue Mar 10 17:08:14 CET 2026
#@# Fill Tue Mar 10 17:12:39 CET 2026
recon-all -s sub-v2s11x28688_ses-1 finished without error at Tue Mar 10 17:14:26 CET 2026



#New# invocation of recon-all 



status file for recon-all
Tue Mar 10 18:46:49 CET 2026
#@# white curv lh Tue Mar 10 18:46:49 CET 2026
#@# white area lh Tue Mar 10 18:46:49 CET 2026
#@# pial curv lh Tue Mar 10 18:46:49 CET 2026
#@# pial area lh Tue Mar 10 18:46:49 CET 2026
#@# thickness lh Tue Mar 10 18:46:49 CET 2026
#@# area and vertex vol lh Tue Mar 10 18:46:49 CET 2026
#@# white curv rh Tue Mar 10 18:46:49 CET 2026
#@# white area rh Tue Mar 10 18:46:49 CET 2026
#@# pial curv rh Tue Mar 10 18:46:49 CET 2026
#@# pial area rh Tue Mar 10 18:46:49 CET 2026
#@# thickness rh Tue Mar 10 18:46:49 CET 2026
#@# area and vertex vol rh Tue Mar 10 18:46:49 CET 2026
#@# Cortical ribbon mask Tue Mar 10 18:46:49 CET 2026
recon-all -s sub-v2s11x28688_ses-1 finished without error at Tue Mar 10 19:12:03 CET 2026



#New# invocation of recon-all 



status file for recon-all
Tue Mar 10 19:24:47 CET 2026
#@# white curv lh Tue Mar 10 19:24:47 CET 2026
#@# white area lh Tue Mar 10 19:24:47 CET 2026
#@# pial curv lh Tue Mar 10 19:24:47 CET 2026
#@# pial area lh Tue Mar 10 19:24:47 CET 2026
#@# thickness lh Tue Mar 10 19:24:47 CET 2026
#@# area and vertex vol lh Tue Mar 10 19:24:47 CET 2026
#@# white curv rh Tue Mar 10 19:24:47 CET 2026
#@# white area rh Tue Mar 10 19:24:47 CET 2026
#@# pial curv rh Tue Mar 10 19:24:47 CET 2026
#@# pial area rh Tue Mar 10 19:24:47 CET 2026
#@# thickness rh Tue Mar 10 19:24:47 CET 2026
#@# area and vertex vol rh Tue Mar 10 19:24:47 CET 2026
#@# Curvature Stats lh Tue Mar 10 19:24:47 CET 2026
#@# Curvature Stats rh Tue Mar 10 19:24:51 CET 2026
#@# Relabel Hypointensities Tue Mar 10 19:24:55 CET 2026
#@# APas-to-ASeg Tue Mar 10 19:25:26 CET 2026
#@# AParc-to-ASeg aparc Tue Mar 10 19:25:43 CET 2026
#@# AParc-to-ASeg aparc.a2009s Tue Mar 10 19:27:20 CET 2026
#@# AParc-to-ASeg aparc.DKTatlas Tue Mar 10 19:29:22 CET 2026
#@# WMParc Tue Mar 10 19:31:07 CET 2026
#@# ASeg Stats Tue Mar 10 19:37:01 CET 2026
recon-all -s sub-v2s11x28688_ses-1 finished without error at Tue Mar 10 19:37:59 CET 2026
