status file for recon-all
Tue Mar 10 17:14:30 CET 2026
#@# Tessellate lh Tue Mar 10 17:14:30 CET 2026
#@# Smooth1 lh Tue Mar 10 17:14:38 CET 2026
#@# Inflation1 lh Tue Mar 10 17:14:43 CET 2026
#@# QSphere lh Tue Mar 10 17:16:40 CET 2026
#@# Fix Topology lh Tue Mar 10 17:18:21 CET 2026
#@# Smooth2 lh Tue Mar 10 17:28:42 CET 2026
#@# Inflation2 lh Tue Mar 10 17:28:47 CET 2026
#@# Curv .H and .K lh Tue Mar 10 17:29:27 CET 2026
#@# Sphere lh Tue Mar 10 17:30:56 CET 2026
#@# Surf Reg lh Tue Mar 10 17:37:12 CET 2026
#@# Jacobian white lh Tue Mar 10 17:45:39 CET 2026
#@# AvgCurv lh Tue Mar 10 17:45:41 CET 2026
#@# Cortical Parc lh Tue Mar 10 17:45:42 CET 2026
#@# white curv lh Tue Mar 10 17:57:01 CET 2026
#@# white area lh Tue Mar 10 17:57:04 CET 2026
#@# pial curv lh Tue Mar 10 17:57:05 CET 2026
#@# pial area lh Tue Mar 10 17:57:08 CET 2026
#@# thickness lh Tue Mar 10 17:57:09 CET 2026
#@# area and vertex vol lh Tue Mar 10 17:58:07 CET 2026
#@# Curvature Stats lh Tue Mar 10 17:58:09 CET 2026
#@# Cortical Parc 2 lh Tue Mar 10 17:58:13 CET 2026
#@# Cortical Parc 3 lh Tue Mar 10 17:58:38 CET 2026
#@# WM/GM Contrast lh Tue Mar 10 17:58:55 CET 2026
recon-all -s sub-v2s11x28688_ses-1 finished without error at Tue Mar 10 17:59:00 CET 2026



#New# invocation of recon-all 



status file for recon-all
Tue Mar 10 19:12:07 CET 2026
#@# white curv lh Tue Mar 10 19:12:07 CET 2026
#@# white area lh Tue Mar 10 19:12:07 CET 2026
#@# pial curv lh Tue Mar 10 19:12:07 CET 2026
#@# pial area lh Tue Mar 10 19:12:07 CET 2026
#@# thickness lh Tue Mar 10 19:12:07 CET 2026
#@# area and vertex vol lh Tue Mar 10 19:12:07 CET 2026
#@# Parcellation Stats lh Tue Mar 10 19:12:07 CET 2026
#@# Parcellation Stats 2 lh Tue Mar 10 19:13:06 CET 2026
#@# Parcellation Stats 3 lh Tue Mar 10 19:13:33 CET 2026
#@# BA_exvivo Labels lh Tue Mar 10 19:14:00 CET 2026
recon-all -s sub-v2s11x28688_ses-1 finished without error at Tue Mar 10 19:18:26 CET 2026
