/out/sourcedata/freesurfer/sub-v2s11x28704_ses-1/mri
/opt/freesurfer/bin/talairach_avi
--i orig_nu.mgz --xfm transforms/talairach.auto.xfm
talairach_avi 7.3.2
Linux dna003 5.14.0-427.37.1.el9_4.x86_64 #1 SMP PREEMPT_DYNAMIC Fri Sep 13 12:41:50 EDT 2024 x86_64 x86_64 x86_64 GNU/Linux
Tue Mar 10 20:56:11 CET 2026
mri_convert orig_nu.mgz talsrcimg.img 
reading from orig_nu.mgz...
TR=0.00, TE=0.00, TI=0.00, flip angle=0.00
i_ras = (-1, 0, 0)
j_ras = (0, 0, -1)
k_ras = (0, 1, 0)
writing to talsrcimg.img...
Analyze Output Matrix
-0.80000   0.00000   0.00000   130.30087;
 0.00000   0.00000   0.80000  -128.19269;
 0.00000  -0.80000   0.00000   118.15916;
 0.00000   0.00000   0.00000   1.00000;
--------------------
INFO: set hdr.hist.orient to -1
mpr2mni305 talsrcimg
Tue Mar 10 20:56:12 CET 2026
/opt/freesurfer/bin/mpr2mni305 talsrcimg
mpr2mni305 7.3.2
target=711-2C_as_mni_average_305

---------------------------------------------------------------------
analyzeto4dfp talsrcimg -O0 -y
---------------------------------------------------------------------

freesurfer ifh2hdr.c
Tue Mar 10 20:56:12 2026
Writing: talsrcimg.4dfp.hdr
freesurfer analyzeto4dfp.c
Reading: talsrcimg.hdr
header size 348 bytes
hdr.dime.datatype	offset=70	value=2
hdr.dime.bitpix		offset=72	value=8
hdr.hist.orient		offset=252	value=-1
dimensionality     4
dimensions       320       320       320         1
Reading: talsrcimg.img
Writing: talsrcimg.4dfp.img
Writing: talsrcimg.4dfp.ifh
ifh2hdr talsrcimg -r0to187
ori=2

---------------------------------------------------------------------
gauss_4dfp talsrcimg 1.1
---------------------------------------------------------------------

freesurfer gauss_4dfp.c
Reading: talsrcimg.4dfp.img
Writing: talsrcimg_g11.4dfp.img
image dimensions 320 320 320 padded to 384 384 384
processing volume 1freesurfer ifh2hdr.c
Tue Mar 10 20:56:28 2026
Writing: talsrcimg_g11.4dfp.hdr

Writing: talsrcimg_g11.4dfp.ifh
including: talsrcimg.4dfp.img.rec in talsrcimg_g11.4dfp.img.rec

---------------------------------------------------------------------
imgreg_4dfp /opt/freesurfer/average/711-2C_as_mni_average_305 none talsrcimg_g11 none talsrcimg_to_711-2C_as_mni_average_305_t4 4355
---------------------------------------------------------------------

freesurfer imgreg_4dfp.c
/opt/freesurfer/average/711-2C_as_mni_average_305.4dfp.img
       256       256       256         1
  1.000000  1.000000  1.000000
orientation T byte_order littleendian
Reading image: /opt/freesurfer/average/711-2C_as_mni_average_305.4dfp.img
dimensions:      256       256       256
mmppix:       1.0000   -1.0000   -1.0000
center:     128.0000 -129.0000 -129.0000
talsrcimg_g11.4dfp.img
       320       320       320         1
  0.800000  0.800000  0.800000
orientation T byte_order littleendian
Reading image: talsrcimg_g11.4dfp.img
dimensions:      320       320       320
mmppix:       0.8000   -0.8000   -0.8000
center:     128.0000 -128.8000 -128.8000
t4_read: open error in t4_sub.f l:  41 t4_file(1:l)talsrcimg_to_711-2C_as_mni_average_305_t4 
t4_read: transform initialized to I4
rotation matrix determinant  1.000000
image alignment mode   4355 decimal     1103 hex
   -7.5000  -45.0000  -45.0000 8110.7749   19.4434
    0.0000  -45.0000  -45.0000 8440.4355   19.4603
    7.5000  -45.0000  -45.0000 8068.1191   19.4547
   -7.5000  -37.5000  -45.0000 8654.3164   19.4461
    0.0000  -37.5000  -45.0000 9031.2510   19.4662
    7.5000  -37.5000  -45.0000 8615.9756   19.4657
   -7.5000  -30.0000  -45.0000 9564.2236   19.4894
    0.0000  -30.0000  -45.0000 9993.2988   19.5120
    7.5000  -30.0000  -45.0000 9519.7676   19.5057
   -7.5000  -22.5000  -45.000010501.5908   19.5487
    0.0000  -22.5000  -45.000010979.2852   19.5699
    7.5000  -22.5000  -45.000010440.6836   19.5522
   -7.5000  -15.0000  -45.000011349.2275   19.5680
    0.0000  -15.0000  -45.000011886.2334   19.5865
    7.5000  -15.0000  -45.000011267.5791   19.5646
   -7.5000   -7.5000  -45.000012143.0068   19.5027
    0.0000   -7.5000  -45.000012698.7256   19.5196
    7.5000   -7.5000  -45.000012033.5635   19.5040
   -7.5000    0.0000  -45.000012746.8594   19.4434
    0.0000    0.0000  -45.000013333.7119   19.4603
    7.5000    0.0000  -45.000012592.7539   19.4547
   -7.5000    7.5000  -45.000012395.0234   19.4461
    0.0000    7.5000  -45.000012928.4551   19.4662
    7.5000    7.5000  -45.000012217.8789   19.4657
   -7.5000   15.0000  -45.000011825.1338   19.4894
    0.0000   15.0000  -45.000012321.1553   19.5120
    7.5000   15.0000  -45.000011651.1455   19.5057
   -7.5000   22.5000  -45.000011154.1416   19.5460
    0.0000   22.5000  -45.000011625.3965   19.5672
    7.5000   22.5000  -45.000010956.2959   19.5495
   -7.5000   30.0000  -45.000010413.9248   19.3072
    0.0000   30.0000  -45.000010849.6787   19.3255
    7.5000   30.0000  -45.000010210.3184   19.3039
   -7.5000   37.5000  -45.000010012.3809   19.2428
    0.0000   37.5000  -45.000010426.9424   19.2595
    7.5000   37.5000  -45.0000 9808.6631   19.2441
   -7.5000   45.0000  -45.0000 9220.0762   18.6971
    0.0000   45.0000  -45.0000 9590.7012   18.7135
    7.5000   45.0000  -45.0000 9028.4873   18.7080
   -7.5000  -45.0000  -37.5000 8412.5713   18.9861
    0.0000  -45.0000  -37.5000 8768.0010   18.9938
    7.5000  -45.0000  -37.5000 8378.6055   18.9831
   -7.5000  -37.5000  -37.5000 8974.1143   18.9837
    0.0000  -37.5000  -37.5000 9381.3008   18.9947
    7.5000  -37.5000  -37.5000 8936.9072   18.9897
   -7.5000  -30.0000  -37.5000 9914.4229   19.0227
    0.0000  -30.0000  -37.500010377.6572   19.0358
    7.5000  -30.0000  -37.5000 9858.5312   19.0261
   -7.5000  -22.5000  -37.500010871.6367   19.0835
    0.0000  -22.5000  -37.500011388.7305   19.0944
    7.5000  -22.5000  -37.500010787.9062   19.0739
   -7.5000  -15.0000  -37.500011757.1787   19.1082
    0.0000  -15.0000  -37.500012327.7412   19.1162
    7.5000  -15.0000  -37.500011651.5215   19.0907
   -7.5000   -7.5000  -37.500012568.2637   19.0468
    0.0000   -7.5000  -37.500013167.8613   19.0536
    7.5000   -7.5000  -37.500012435.0527   19.0334
   -7.5000    0.0000  -37.500013197.6367   18.9861
    0.0000    0.0000  -37.500013825.0859   18.9938
    7.5000    0.0000  -37.500013042.6777   18.9831
   -7.5000    7.5000  -37.500012822.6816   18.9837
    0.0000    7.5000  -37.500013399.3604   18.9947
    7.5000    7.5000  -37.500012647.9102   18.9897
   -7.5000   15.0000  -37.500012210.5684   19.0227
    0.0000   15.0000  -37.500012772.9746   19.0358
    7.5000   15.0000  -37.500012023.6279   19.0261
   -7.5000   22.5000  -37.500011517.7480   19.0808
    0.0000   22.5000  -37.500012041.1680   19.0918
    7.5000   22.5000  -37.500011301.1797   19.0713
   -7.5000   30.0000  -37.500010748.1191   18.8536
    0.0000   30.0000  -37.500011242.9170   18.8614
    7.5000   30.0000  -37.500010534.3926   18.8363
   -7.5000   37.5000  -37.500010319.9727   18.7930
    0.0000   37.5000  -37.500010784.2051   18.7997
    7.5000   37.5000  -37.500010115.3672   18.7798
   -7.5000   45.0000  -37.5000 9496.1748   18.2574
    0.0000   45.0000  -37.5000 9917.6826   18.2648
    7.5000   45.0000  -37.5000 9313.5078   18.2546
   -7.5000  -45.0000  -30.0000 8896.9834   19.3240
    0.0000  -45.0000  -30.0000 9278.0654   19.3336
    7.5000  -45.0000  -30.0000 8866.3730   19.3206
   -7.5000  -37.5000  -30.0000 9488.2871   19.3202
    0.0000  -37.5000  -30.0000 9928.9609   19.3307
    7.5000  -37.5000  -30.0000 9448.9287   19.3232
   -7.5000  -30.0000  -30.000010494.2080   19.3624
    0.0000  -30.0000  -30.000010994.5186   19.3739
    7.5000  -30.0000  -30.000010422.3965   19.3635
   -7.5000  -22.5000  -30.000011514.1084   19.4280
    0.0000  -22.5000  -30.000012067.9131   19.4389
    7.5000  -22.5000  -30.000011410.8135   19.4196
   -7.5000  -15.0000  -30.000012469.0654   19.4551
    0.0000  -15.0000  -30.000013065.2139   19.4652
    7.5000  -15.0000  -30.000012346.5508   19.4408
   -7.5000   -7.5000  -30.000013320.8027   19.3901
    0.0000   -7.5000  -30.000013971.1123   19.4000
    7.5000   -7.5000  -30.000013179.0098   19.3793
   -7.5000    0.0000  -30.000014007.4746   19.3240
    0.0000    0.0000  -30.000014683.8281   19.3336
    7.5000    0.0000  -30.000013832.6465   19.3206
   -7.5000    7.5000  -30.000013573.4863   19.3202
    0.0000    7.5000  -30.000014209.5859   19.3307
    7.5000    7.5000  -30.000013383.3145   19.3232
   -7.5000   15.0000  -30.000012907.8496   19.3624
    0.0000   15.0000  -30.000013530.3096   19.3739
    7.5000   15.0000  -30.000012703.5459   19.3635
   -7.5000   22.5000  -30.000012169.2773   19.4233
    0.0000   22.5000  -30.000012754.7393   19.4343
    7.5000   22.5000  -30.000011956.6807   19.4149
   -7.5000   30.0000  -30.000011375.4277   19.1977
    0.0000   30.0000  -30.000011929.8896   19.2076
    7.5000   30.0000  -30.000011160.8975   19.1835
   -7.5000   37.5000  -30.000010933.3145   19.1335
    0.0000   37.5000  -30.000011453.9893   19.1433
    7.5000   37.5000  -30.000010720.6660   19.1229
   -7.5000   45.0000  -30.000010050.4463   18.5960
    0.0000   45.0000  -30.000010528.0322   18.6052
    7.5000   45.0000  -30.0000 9864.8730   18.5928
   -7.5000  -45.0000  -22.5000 9391.3711   19.6420
    0.0000  -45.0000  -22.5000 9809.2881   19.6626
    7.5000  -45.0000  -22.5000 9345.1875   19.6538
   -7.5000  -37.5000  -22.500010028.8555   19.6339
    0.0000  -37.5000  -22.500010487.5391   19.6531
    7.5000  -37.5000  -22.5000 9972.0244   19.6476
   -7.5000  -30.0000  -22.500011115.9941   19.6823
    0.0000  -30.0000  -22.500011627.8750   19.7023
    7.5000  -30.0000  -22.500011032.4873   19.6934
   -7.5000  -22.5000  -22.500012222.2793   19.7577
    0.0000  -22.5000  -22.500012792.7998   19.7795
    7.5000  -22.5000  -22.500012110.1357   19.7634
   -7.5000  -15.0000  -22.500013241.4912   19.7888
    0.0000  -15.0000  -22.500013842.8506   19.8123
    7.5000  -15.0000  -22.500013112.1279   19.7933
   -7.5000   -7.5000  -22.500014129.5771   19.7181
    0.0000   -7.5000  -22.500014803.5166   19.7414
    7.5000   -7.5000  -22.500013988.7852   19.7264
   -7.5000    0.0000  -22.500014864.0312   19.6420
    0.0000    0.0000  -22.500015559.0205   19.6626
    7.5000    0.0000  -22.500014690.4248   19.6538
   -7.5000    7.5000  -22.500014392.2432   19.6339
    0.0000    7.5000  -22.500015052.7266   19.6531
    7.5000    7.5000  -22.500014206.8330   19.6476
   -7.5000   15.0000  -22.500013687.0615   19.6823
    0.0000   15.0000  -22.500014337.8320   19.7023
    7.5000   15.0000  -22.500013483.5947   19.6934
   -7.5000   22.5000  -22.500012923.0117   19.7516
    0.0000   22.5000  -22.500013559.8359   19.7734
    7.5000   22.5000  -22.500012713.6143   19.7573
   -7.5000   30.0000  -22.500012091.6133   19.5299
    0.0000   30.0000  -22.500012706.2969   19.5531
    7.5000   30.0000  -22.500011891.9082   19.5344
   -7.5000   37.5000  -22.500011618.6982   19.4602
    0.0000   37.5000  -22.500012211.6758   19.4832
    7.5000   37.5000  -22.500011422.1221   19.4683
   -7.5000   45.0000  -22.500010675.0840   18.9162
    0.0000   45.0000  -22.500011215.5840   18.9361
    7.5000   45.0000  -22.500010504.2803   18.9276
   -7.5000  -45.0000  -15.0000 9936.3945   19.8900
    0.0000  -45.0000  -15.000010405.0693   19.9192
    7.5000  -45.0000  -15.0000 9883.3477   19.9135
   -7.5000  -37.5000  -15.000010638.4492   19.8865
    0.0000  -37.5000  -15.000011140.7529   19.9144
    7.5000  -37.5000  -15.000010576.1904   19.9096
   -7.5000  -30.0000  -15.000011825.2666   19.9408
    0.0000  -30.0000  -15.000012381.8955   19.9703
    7.5000  -30.0000  -15.000011744.1768   19.9604
   -7.5000  -22.5000  -15.000013002.4912   20.0172
    0.0000  -22.5000  -15.000013634.3838   20.0492
    7.5000  -22.5000  -15.000012904.2891   20.0329
   -7.5000  -15.0000  -15.000014067.4736   20.0432
    0.0000  -15.0000  -15.000014704.9648   20.0771
    7.5000  -15.0000  -15.000013955.2676   20.0606
   -7.5000   -7.5000  -15.000015017.6240   19.9670
    0.0000   -7.5000  -15.000015717.7998   19.9997
    7.5000   -7.5000  -15.000014895.6123   19.9887
   -7.5000    0.0000  -15.000015827.5020   19.8900
    0.0000    0.0000  -15.000016549.9473   19.9192
    7.5000    0.0000  -15.000015670.5762   19.9135
   -7.5000    7.5000  -15.000015349.9805   19.8865
    0.0000    7.5000  -15.000016039.9092   19.9144
    7.5000    7.5000  -15.000015158.7656   19.9096
   -7.5000   15.0000  -15.000014608.1533   19.9408
    0.0000   15.0000  -15.000015307.7139   19.9703
    7.5000   15.0000  -15.000014415.6641   19.9604
   -7.5000   22.5000  -15.000013789.0342   20.0101
    0.0000   22.5000  -15.000014475.5186   20.0422
    7.5000   22.5000  -15.000013599.1592   20.0258
   -7.5000   30.0000  -15.000012921.3428   19.7838
    0.0000   30.0000  -15.000013593.3311   19.8172
    7.5000   30.0000  -15.000012744.7520   19.8010
   -7.5000   37.5000  -15.000012429.4043   19.7086
    0.0000   37.5000  -15.000013081.5107   19.7408
    7.5000   37.5000  -15.000012248.7510   19.7300
   -7.5000   45.0000  -15.000011389.6309   19.1666
    0.0000   45.0000  -15.000011988.8301   19.1948
    7.5000   45.0000  -15.000011236.4727   19.1892
   -7.5000  -45.0000   -7.500010518.9287   19.9232
    0.0000  -45.0000   -7.500011026.5361   19.9521
    7.5000  -45.0000   -7.500010482.3359   19.9445
   -7.5000  -37.5000   -7.500011293.5938   19.9243
    0.0000  -37.5000   -7.500011845.6240   19.9544
    7.5000  -37.5000   -7.500011256.8887   19.9476
   -7.5000  -30.0000   -7.500012598.7441   19.9774
    0.0000  -30.0000   -7.500013212.7139   20.0098
    7.5000  -30.0000   -7.500012544.3525   19.9973
   -7.5000  -22.5000   -7.500013853.4268   20.0481
    0.0000  -22.5000   -7.500014558.4912   20.0816
    7.5000  -22.5000   -7.500013784.8906   20.0621
   -7.5000  -15.0000   -7.500014947.1338   20.0694
    0.0000  -15.0000   -7.500015630.9521   20.1024
    7.5000  -15.0000   -7.500014859.3691   20.0828
   -7.5000   -7.5000   -7.500015970.2295   19.9941
    0.0000   -7.5000   -7.500016671.4277   20.0252
    7.5000   -7.5000   -7.500015860.8867   20.0118
   -7.5000    0.0000   -7.500016871.7305   19.9232
    0.0000    0.0000   -7.500017600.8125   19.9521
    7.5000    0.0000   -7.500016728.3711   19.9445
   -7.5000    7.5000   -7.500016386.7129   19.9243
    0.0000    7.5000   -7.500017116.9961   19.9544
    7.5000    7.5000   -7.500016221.3447   19.9476
   -7.5000   15.0000   -7.500015611.7168   19.9774
    0.0000   15.0000   -7.500016360.2549   20.0098
    7.5000   15.0000   -7.500015449.5459   19.9973
   -7.5000   22.5000   -7.500014723.6885   20.0389
    0.0000   22.5000   -7.500015456.9561   20.0723
    7.5000   22.5000   -7.500014565.2109   20.0528
   -7.5000   30.0000   -7.500013772.5625   19.8091
    0.0000   30.0000   -7.500014485.7295   19.8417
    7.5000   30.0000   -7.500013621.0186   19.8224
   -7.5000   37.5000   -7.500013280.3086   19.7349
    0.0000   37.5000   -7.500013987.5508   19.7655
    7.5000   37.5000   -7.500013116.0381   19.7523
   -7.5000   45.0000   -7.500012190.5381   19.2022
    0.0000   45.0000   -7.500012843.6582   19.2301
    7.5000   45.0000   -7.500012041.1846   19.2228
   -7.5000  -45.0000    0.000011055.1621   19.7629
    0.0000  -45.0000    0.000011586.5625   19.7833
    7.5000  -45.0000    0.000011035.9795   19.7708
   -7.5000  -37.5000    0.000011906.8594   19.7668
    0.0000  -37.5000    0.000012500.4014   19.7900
    7.5000  -37.5000    0.000011897.1797   19.7807
   -7.5000  -30.0000    0.000013283.8115   19.8158
    0.0000  -30.0000    0.000013976.5791   19.8415
    7.5000  -30.0000    0.000013275.4678   19.8264
   -7.5000  -22.5000    0.000014669.7871   19.8810
    0.0000  -22.5000    0.000015453.0010   19.9056
    7.5000  -22.5000    0.000014639.5645   19.8814
   -7.5000  -15.0000    0.000015812.4756   19.9001
    0.0000  -15.0000    0.000016538.7168   19.9222
    7.5000  -15.0000    0.000015756.6387   19.8957
   -7.5000   -7.5000    0.000016862.3281   19.8278
    0.0000   -7.5000    0.000017545.6523   19.8482
    7.5000   -7.5000    0.000016786.2715   19.8278
   -7.5000    0.0000    0.000017842.6973   19.7629
    0.0000    0.0000    0.000018541.7383   19.7833
    7.5000    0.0000    0.000017740.3125   19.7708
   -7.5000    7.5000    0.000017383.9297   19.7668
    0.0000    7.5000    0.000018136.5117   19.7900
    7.5000    7.5000    0.000017271.9180   19.7807
   -7.5000   15.0000    0.000016586.3105   19.8158
    0.0000   15.0000    0.000017362.4180   19.8415
    7.5000   15.0000    0.000016466.1328   19.8264
   -7.5000   22.5000    0.000015630.9316   19.8719
    0.0000   22.5000    0.000016396.5352   19.8964
    7.5000   22.5000    0.000015487.0107   19.8722
   -7.5000   30.0000    0.000014651.9521   19.6426
    0.0000   30.0000    0.000015373.6855   19.6644
    7.5000   30.0000    0.000014477.5117   19.6382
   -7.5000   37.5000    0.000014140.4082   19.5712
    0.0000   37.5000    0.000014865.6514   19.5913
    7.5000   37.5000    0.000013952.4482   19.5712
   -7.5000   45.0000    0.000013000.8389   19.0492
    0.0000   45.0000    0.000013694.9668   19.0688
    7.5000   45.0000    0.000012823.0303   19.0567
   -7.5000  -45.0000    7.500010697.0625   19.8118
    0.0000  -45.0000    7.500011228.4443   19.8224
    7.5000  -45.0000    7.500010661.2871   19.8047
   -7.5000  -37.5000    7.500011530.3115   19.8135
    0.0000  -37.5000    7.500012112.8125   19.8271
    7.5000  -37.5000    7.500011513.8799   19.8146
   -7.5000  -30.0000    7.500012903.9531   19.8600
    0.0000  -30.0000    7.500013591.4062   19.8755
    7.5000  -30.0000    7.500012890.7539   19.8588
   -7.5000  -22.5000    7.500014336.2344   19.9257
    0.0000  -22.5000    7.500015130.7803   19.9394
    7.5000  -22.5000    7.500014291.1611   19.9127
   -7.5000  -15.0000    7.500015543.1426   19.9476
    0.0000  -15.0000    7.500016283.6387   19.9587
    7.5000  -15.0000    7.500015476.9941   19.9273
   -7.5000   -7.5000    7.500016554.3125   19.8771
    0.0000   -7.5000    7.500017181.7773   19.8870
    7.5000   -7.5000    7.500016466.6445   19.8606
   -7.5000    0.0000    7.500017550.4609   19.8118
    0.0000    0.0000    7.500018154.2344   19.8224
    7.5000    0.0000    7.500017443.8848   19.8047
   -7.5000    7.5000    7.500017175.8203   19.8135
    0.0000    7.5000    7.500017879.0508   19.8271
    7.5000    7.5000    7.500017037.0898   19.8146
   -7.5000   15.0000    7.500016426.9258   19.8600
    0.0000   15.0000    7.500017175.8301   19.8755
    7.5000   15.0000    7.500016235.7383   19.8588
   -7.5000   22.5000    7.500015488.5889   19.9165
    0.0000   22.5000    7.500016209.0498   19.9302
    7.5000   22.5000    7.500015238.2695   19.9035
   -7.5000   30.0000    7.500014502.2451   19.6894
    0.0000   30.0000    7.500015204.5068   19.7004
    7.5000   30.0000    7.500014217.3027   19.6694
   -7.5000   37.5000    7.500013998.6523   19.6198
    0.0000   37.5000    7.500014716.9512   19.6296
    7.5000   37.5000    7.500013724.1387   19.6036
   -7.5000   45.0000    7.500012904.6807   19.0963
    0.0000   45.0000    7.500013596.2031   19.1065
    7.5000   45.0000    7.500012683.5400   19.0894
   -7.5000  -45.0000   15.000010265.8379   20.1661
    0.0000  -45.0000   15.000010802.1836   20.1776
    7.5000  -45.0000   15.000010246.0469   20.1588
   -7.5000  -37.5000   15.000011073.9375   20.1600
    0.0000  -37.5000   15.000011644.1182   20.1725
    7.5000  -37.5000   15.000011070.6953   20.1596
   -7.5000  -30.0000   15.000012420.3135   20.2069
    0.0000  -30.0000   15.000013059.4287   20.2207
    7.5000  -30.0000   15.000012402.5938   20.2050
   -7.5000  -22.5000   15.000013871.4512   20.2810
    0.0000  -22.5000   15.000014684.0928   20.2944
    7.5000  -22.5000   15.000013802.4814   20.2695
   -7.5000  -15.0000   15.000015267.8047   20.3113
    0.0000  -15.0000   15.000016142.1523   20.3238
    7.5000  -15.0000   15.000015133.4707   20.2937
   -7.5000   -7.5000   15.000016486.6875   20.2399
    0.0000   -7.5000   15.000017285.5137   20.2520
    7.5000   -7.5000   15.000016307.0527   20.2254
   -7.5000    0.0000   15.000017478.8379   20.1661
    0.0000    0.0000   15.000018237.8965   20.1776
    7.5000    0.0000   15.000017228.1562   20.1588
   -7.5000    7.5000   15.000016999.2402   20.1600
    0.0000    7.5000   15.000017731.7520   20.1725
    7.5000    7.5000   15.000016684.1465   20.1596
   -7.5000   15.0000   15.000016161.2939   20.2069
    0.0000   15.0000   15.000016877.5781   20.2207
    7.5000   15.0000   15.000015831.7959   20.2050
   -7.5000   22.5000   15.000015197.8945   20.2717
    0.0000   22.5000   15.000015906.6543   20.2850
    7.5000   22.5000   15.000014859.6631   20.2602
   -7.5000   30.0000   15.000014219.3223   20.0484
    0.0000   30.0000   15.000014927.4678   20.0608
    7.5000   30.0000   15.000013910.3584   20.0311
   -7.5000   37.5000   15.000013718.1875   19.9780
    0.0000   37.5000   15.000014442.7793   19.9899
    7.5000   37.5000   15.000013428.8994   19.9636
   -7.5000   45.0000   15.000012623.9883   19.4378
    0.0000   45.0000   15.000013326.7754   19.4489
    7.5000   45.0000   15.000012404.9980   19.4308
   -7.5000  -45.0000   22.5000 9776.3301   20.5636
    0.0000  -45.0000   22.500010263.2920   20.5863
    7.5000  -45.0000   22.5000 9751.9023   20.5729
   -7.5000  -37.5000   22.500010553.4922   20.5521
    0.0000  -37.5000   22.500011088.5996   20.5732
    7.5000  -37.5000   22.500010527.1738   20.5635
   -7.5000  -30.0000   22.500011833.3125   20.6024
    0.0000  -30.0000   22.500012451.7705   20.6246
    7.5000  -30.0000   22.500011777.1172   20.6116
   -7.5000  -22.5000   22.500013260.0908   20.6847
    0.0000  -22.5000   22.500014042.1445   20.7091
    7.5000  -22.5000   22.500013149.3350   20.6883
   -7.5000  -15.0000   22.500014736.6309   20.7200
    0.0000  -15.0000   22.500015732.4971   20.7463
    7.5000  -15.0000   22.500014554.0469   20.7224
   -7.5000   -7.5000   22.500016067.6650   20.6458
    0.0000   -7.5000   22.500017161.7734   20.6716
    7.5000   -7.5000   22.500015845.0781   20.6516
   -7.5000    0.0000   22.500017005.0039   20.5636
    0.0000    0.0000   22.500017912.1973   20.5863
    7.5000    0.0000   22.500016693.8672   20.5729
   -7.5000    7.5000   22.500016354.0889   20.5521
    0.0000    7.5000   22.500017149.0625   20.5732
    7.5000    7.5000   22.500016041.4873   20.5635
   -7.5000   15.0000   22.500015487.5010   20.6024
    0.0000   15.0000   22.500016251.4482   20.6246
    7.5000   15.0000   22.500015208.3652   20.6116
   -7.5000   22.5000   22.500014607.1680   20.6752
    0.0000   22.5000   22.500015375.5488   20.6995
    7.5000   22.5000   22.500014353.9717   20.6788
   -7.5000   30.0000   22.500013693.8984   20.4518
    0.0000   30.0000   22.500014429.7334   20.4778
    7.5000   30.0000   22.500013467.8789   20.4542
   -7.5000   37.5000   22.500013253.1348   20.3786
    0.0000   37.5000   22.500013939.8330   20.4041
    7.5000   37.5000   22.500013021.3916   20.3844
   -7.5000   45.0000   22.500012208.8359   19.8209
    0.0000   45.0000   22.500012818.0830   19.8428
    7.5000   45.0000   22.500012008.0107   19.8299
   -7.5000  -45.0000   30.0000 9250.7588   20.9810
    0.0000  -45.0000   30.0000 9713.2305   21.0131
    7.5000  -45.0000   30.0000 9232.3896   21.0053
   -7.5000  -37.5000   30.000010023.1348   20.9683
    0.0000  -37.5000   30.000010497.2842   20.9990
    7.5000  -37.5000   30.0000 9980.4717   20.9922
   -7.5000  -30.0000   30.000011255.5625   21.0195
    0.0000  -30.0000   30.000011782.9141   21.0520
    7.5000  -30.0000   30.000011181.5635   21.0399
   -7.5000  -22.5000   30.000012604.2812   21.1027
    0.0000  -22.5000   30.000013299.3047   21.1383
    7.5000  -22.5000   30.000012512.4473   21.1194
   -7.5000  -15.0000   30.000013942.4375   21.1381
    0.0000  -15.0000   30.000014761.5781   21.1758
    7.5000  -15.0000   30.000013845.5781   21.1567
   -7.5000   -7.5000   30.000015058.9541   21.0640
    0.0000   -7.5000   30.000015795.2412   21.1002
    7.5000   -7.5000   30.000014937.4668   21.0869
   -7.5000    0.0000   30.000015787.2178   20.9810
    0.0000    0.0000   30.000016366.0996   21.0131
    7.5000    0.0000   30.000015611.7861   21.0053
   -7.5000    7.5000   30.000015269.9512   20.9683
    0.0000    7.5000   30.000015906.4150   20.9990
    7.5000    7.5000   30.000015112.4756   20.9922
   -7.5000   15.0000   30.000014597.8760   21.0195
    0.0000   15.0000   30.000015314.9297   21.0520
    7.5000   15.0000   30.000014460.9023   21.0399
   -7.5000   22.5000   30.000013840.3994   21.0930
    0.0000   22.5000   30.000014566.1143   21.1286
    7.5000   22.5000   30.000013691.0723   21.1096
   -7.5000   30.0000   30.000012990.5039   20.8645
    0.0000   30.0000   30.000013682.5283   20.9018
    7.5000   30.0000   30.000012840.2246   20.8829
   -7.5000   37.5000   30.000012559.6523   20.7914
    0.0000   37.5000   30.000013223.5332   20.8271
    7.5000   37.5000   30.000012389.8037   20.8140
   -7.5000   45.0000   30.000011588.9199   20.2232
    0.0000   45.0000   30.000012178.6387   20.2542
    7.5000   45.0000   30.000011437.1348   20.2467
   -7.5000  -45.0000   37.5000 9057.0703   21.2128
    0.0000  -45.0000   37.5000 9477.7930   21.2449
    7.5000  -45.0000   37.5000 9043.8848   21.2358
   -7.5000  -37.5000   37.5000 9823.7715   21.2011
    0.0000  -37.5000   37.500010276.3232   21.2344
    7.5000  -37.5000   37.5000 9806.5703   21.2263
   -7.5000  -30.0000   37.500011036.2656   21.2492
    0.0000  -30.0000   37.500011578.6689   21.2852
    7.5000  -30.0000   37.500011000.5186   21.2707
   -7.5000  -22.5000   37.500012291.4795   21.3290
    0.0000  -22.5000   37.500012941.2861   21.3663
    7.5000  -22.5000   37.500012260.2842   21.3440
   -7.5000  -15.0000   37.500013434.9639   21.3634
    0.0000  -15.0000   37.500014128.9824   21.4002
    7.5000  -15.0000   37.500013443.1865   21.3778
   -7.5000   -7.5000   37.500014381.7686   21.2917
    0.0000   -7.5000   37.500014954.9580   21.3264
    7.5000   -7.5000   37.500014344.2080   21.3108
   -7.5000    0.0000   37.500015116.3867   21.2128
    0.0000    0.0000   37.500015649.6934   21.2449
    7.5000    0.0000   37.500015027.9834   21.2358
   -7.5000    7.5000   37.500014763.7920   21.2011
    0.0000    7.5000   37.500015399.5518   21.2344
    7.5000    7.5000   37.500014692.7461   21.2263
   -7.5000   15.0000   37.500014230.4980   21.2492
    0.0000   15.0000   37.500014910.8086   21.2852
    7.5000   15.0000   37.500014157.0615   21.2707
   -7.5000   22.5000   37.500013510.6494   21.3192
    0.0000   22.5000   37.500014182.1934   21.3565
    7.5000   22.5000   37.500013421.0605   21.3342
   -7.5000   30.0000   37.500012682.6152   21.0869
    0.0000   30.0000   37.500013336.2744   21.1233
    7.5000   30.0000   37.500012584.9229   21.1012
   -7.5000   37.5000   37.500012264.4307   21.0161
    0.0000   37.5000   37.500012869.8574   21.0504
    7.5000   37.5000   37.500012149.1084   21.0350
   -7.5000   45.0000   37.500011351.9541   20.4467
    0.0000   45.0000   37.500011889.8115   20.4776
    7.5000   45.0000   37.500011255.3496   20.4689
   -7.5000  -45.0000   45.0000 8523.8330   21.7434
    0.0000  -45.0000   45.0000 8922.3145   21.7668
    7.5000  -45.0000   45.0000 8508.6416   21.7557
   -7.5000  -37.5000   45.0000 9255.2568   21.7321
    0.0000  -37.5000   45.0000 9691.1143   21.7589
    7.5000  -37.5000   45.0000 9233.9365   21.7513
   -7.5000  -30.0000   45.000010371.0332   21.7762
    0.0000  -30.0000   45.000010872.5791   21.8060
    7.5000  -30.0000   45.000010350.5137   21.7917
   -7.5000  -22.5000   45.000011470.7949   21.8533
    0.0000  -22.5000   45.000012062.5186   21.8819
    7.5000  -22.5000   45.000011475.4521   21.8568
   -7.5000  -15.0000   45.000012473.1318   21.8881
    0.0000  -15.0000   45.000013063.9824   21.9138
    7.5000  -15.0000   45.000012499.1348   21.8861
   -7.5000   -7.5000   45.000013344.2256   21.8188
    0.0000   -7.5000   45.000013859.8838   21.8424
    7.5000   -7.5000   45.000013280.0117   21.8219
   -7.5000    0.0000   45.000014100.4512   21.7434
    0.0000    0.0000   45.000014663.3574   21.7668
    7.5000    0.0000   45.000014034.9512   21.7557
   -7.5000    7.5000   45.000013815.6221   21.7321
    0.0000    7.5000   45.000014444.6582   21.7589
    7.5000    7.5000   45.000013778.6904   21.7513
   -7.5000   15.0000   45.000013330.1875   21.7762
    0.0000   15.0000   45.000013939.7959   21.8060
    7.5000   15.0000   45.000013282.0576   21.7917
   -7.5000   22.5000   45.000012672.7969   21.8432
    0.0000   22.5000   45.000013240.2764   21.8718
    7.5000   22.5000   45.000012600.6084   21.8467
   -7.5000   30.0000   45.000011913.5439   21.6030
    0.0000   30.0000   45.000012469.7637   21.6283
    7.5000   30.0000   45.000011827.1387   21.6010
   -7.5000   37.5000   45.000011504.3271   21.5346
    0.0000   37.5000   45.000012038.1660   21.5578
    7.5000   37.5000   45.000011415.6191   21.5376
   -7.5000   45.0000   45.000010673.0996   20.9677
    0.0000   45.0000   45.000011160.9014   20.9902
    7.5000   45.0000   45.000010590.6162   20.9795

---------------------------------------------------------------------
imgreg_4dfp /opt/freesurfer/average/711-2C_as_mni_average_305 /opt/freesurfer/average/711-2B_as_mni_average_305_mask talsrcimg_g11 none talsrcimg_to_711-2C_as_mni_average_305_t4 4355
---------------------------------------------------------------------

freesurfer imgreg_4dfp.c
/opt/freesurfer/average/711-2C_as_mni_average_305.4dfp.img
       256       256       256         1
  1.000000  1.000000  1.000000
orientation T byte_order littleendian
Reading image: /opt/freesurfer/average/711-2C_as_mni_average_305.4dfp.img
dimensions:      256       256       256
mmppix:       1.0000   -1.0000   -1.0000
center:     128.0000 -129.0000 -129.0000
/opt/freesurfer/average/711-2B_as_mni_average_305_mask.4dfp.img
       256       256       256         1
  1.000000  1.000000  1.000000
orientation T byte_order littleendian
Reading mask: /opt/freesurfer/average/711-2B_as_mni_average_305_mask.4dfp.img (2306576 pixels)
talsrcimg_g11.4dfp.img
       320       320       320         1
  0.800000  0.800000  0.800000
orientation T byte_order littleendian
Reading image: talsrcimg_g11.4dfp.img
dimensions:      320       320       320
mmppix:       0.8000   -0.8000   -0.8000
center:     128.0000 -128.8000 -128.8000
rotation matrix determinant  1.000000
image alignment mode   4355 decimal     1103 hex
   -7.5000  -45.0000  -45.0000 2387.5212   29.5447
    0.0000  -45.0000  -45.0000 2391.4509   29.4270
    7.5000  -45.0000  -45.0000 2389.5952   29.6881
   -7.5000  -37.5000  -45.0000 2445.0664   27.3811
    0.0000  -37.5000  -45.0000 2451.8645   27.3492
    7.5000  -37.5000  -45.0000 2449.1340   27.4819
   -7.5000  -30.0000  -45.0000 2482.7920   25.6315
    0.0000  -30.0000  -45.0000 2490.2327   25.6149
    7.5000  -30.0000  -45.0000 2490.7290   25.7131
   -7.5000  -22.5000  -45.0000 2511.9746   24.3313
    0.0000  -22.5000  -45.0000 2525.1851   24.3368
    7.5000  -22.5000  -45.0000 2516.3384   24.3997
   -7.5000  -15.0000  -45.0000 2531.9858   23.5577
    0.0000  -15.0000  -45.0000 2540.1199   23.5560
    7.5000  -15.0000  -45.0000 2534.5312   23.6338
   -7.5000   -7.5000  -45.0000 2541.4832   23.2276
    0.0000   -7.5000  -45.0000 2551.6570   23.1894
    7.5000   -7.5000  -45.0000 2543.4424   23.2840
   -7.5000    0.0000  -45.0000 2539.7100   23.1536
    0.0000    0.0000  -45.0000 2554.7136   23.1552
    7.5000    0.0000  -45.0000 2542.7693   23.2387
   -7.5000    7.5000  -45.0000 2532.1731   23.4855
    0.0000    7.5000  -45.0000 2541.7976   23.4542
    7.5000    7.5000  -45.0000 2532.5811   23.5376
   -7.5000   15.0000  -45.0000 2502.3435   24.2278
    0.0000   15.0000  -45.0000 2506.0256   24.1594
    7.5000   15.0000  -45.0000 2506.5212   24.2614
   -7.5000   22.5000  -45.0000 2458.7979   25.4379
    0.0000   22.5000  -45.0000 2462.2441   25.3121
    7.5000   22.5000  -45.0000 2457.1880   25.4386
   -7.5000   30.0000  -45.0000 2391.7827   27.1357
    0.0000   30.0000  -45.0000 2392.5439   26.9440
    7.5000   30.0000  -45.0000 2392.5752   27.0857
   -7.5000   37.5000  -45.0000 2315.4258   29.1867
    0.0000   37.5000  -45.0000 2311.5339   28.8914
    7.5000   37.5000  -45.0000 2320.0098   29.1452
   -7.5000   45.0000  -45.0000 2224.1055   31.7929
    0.0000   45.0000  -45.0000 2216.4197   31.4225
    7.5000   45.0000  -45.0000 2228.7239   31.6974
   -7.5000  -45.0000  -37.5000 2435.7651   27.9581
    0.0000  -45.0000  -37.5000 2438.3137   27.8946
    7.5000  -45.0000  -37.5000 2435.3049   28.0760
   -7.5000  -37.5000  -37.5000 2500.0386   25.8552
    0.0000  -37.5000  -37.5000 2504.6921   25.8525
    7.5000  -37.5000  -37.5000 2497.2539   25.9139
   -7.5000  -30.0000  -37.5000 2545.5447   24.1868
    0.0000  -30.0000  -37.5000 2553.8284   24.2044
    7.5000  -30.0000  -37.5000 2543.3367   24.2169
   -7.5000  -22.5000  -37.5000 2573.9565   22.9134
    0.0000  -22.5000  -37.5000 2587.3630   22.9632
    7.5000  -22.5000  -37.5000 2573.0254   22.9802
   -7.5000  -15.0000  -37.5000 2591.6511   22.1376
    0.0000  -15.0000  -37.5000 2611.2893   22.2002
    7.5000  -15.0000  -37.5000 2589.4985   22.2096
   -7.5000   -7.5000  -37.5000 2608.9275   21.7952
    0.0000   -7.5000  -37.5000 2622.4507   21.7900
    7.5000   -7.5000  -37.5000 2602.9749   21.8284
   -7.5000    0.0000  -37.5000 2609.3677   21.7190
    0.0000    0.0000  -37.5000 2627.6326   21.7522
    7.5000    0.0000  -37.5000 2607.3003   21.7470
   -7.5000    7.5000  -37.5000 2603.7610   22.0077
    0.0000    7.5000  -37.5000 2616.1387   22.0026
    7.5000    7.5000  -37.5000 2602.1882   22.0433
   -7.5000   15.0000  -37.5000 2570.5291   22.6825
    0.0000   15.0000  -37.5000 2582.5359   22.6757
    7.5000   15.0000  -37.5000 2569.8225   22.6902
   -7.5000   22.5000  -37.5000 2525.1313   23.8162
    0.0000   22.5000  -37.5000 2529.0437   23.7471
    7.5000   22.5000  -37.5000 2516.8516   23.7890
   -7.5000   30.0000  -37.5000 2458.5535   25.4180
    0.0000   30.0000  -37.5000 2459.8345   25.3015
    7.5000   30.0000  -37.5000 2450.1201   25.3370
   -7.5000   37.5000  -37.5000 2381.7800   27.3153
    0.0000   37.5000  -37.5000 2373.5620   27.1200
    7.5000   37.5000  -37.5000 2374.5085   27.2563
   -7.5000   45.0000  -37.5000 2284.8491   29.6997
    0.0000   45.0000  -37.5000 2274.7339   29.4342
    7.5000   45.0000  -37.5000 2280.4097   29.6126
   -7.5000  -45.0000  -30.0000 2532.1252   27.7108
    0.0000  -45.0000  -30.0000 2535.5312   27.6783
    7.5000  -45.0000  -30.0000 2525.7764   27.7075
   -7.5000  -37.5000  -30.0000 2597.5256   25.4819
    0.0000  -37.5000  -30.0000 2606.7908   25.4991
    7.5000  -37.5000  -30.0000 2590.3245   25.4841
   -7.5000  -30.0000  -30.0000 2651.9163   23.7395
    0.0000  -30.0000  -30.0000 2663.5325   23.7628
    7.5000  -30.0000  -30.0000 2643.9353   23.7642
   -7.5000  -22.5000  -30.0000 2684.8711   22.4850
    0.0000  -22.5000  -30.0000 2698.7930   22.5286
    7.5000  -22.5000  -30.0000 2677.6931   22.5324
   -7.5000  -15.0000  -30.0000 2704.1873   21.6846
    0.0000  -15.0000  -30.0000 2721.6414   21.7164
    7.5000  -15.0000  -30.0000 2697.9868   21.7391
   -7.5000   -7.5000  -30.0000 2723.5088   21.3028
    0.0000   -7.5000  -30.0000 2736.3938   21.2935
    7.5000   -7.5000  -30.0000 2716.2490   21.3234
   -7.5000    0.0000  -30.0000 2730.7227   21.2107
    0.0000    0.0000  -30.0000 2749.6772   21.2407
    7.5000    0.0000  -30.0000 2723.7776   21.2252
   -7.5000    7.5000  -30.0000 2724.4761   21.4455
    0.0000    7.5000  -30.0000 2735.1677   21.4474
    7.5000    7.5000  -30.0000 2718.0769   21.4815
   -7.5000   15.0000  -30.0000 2690.9536   22.0648
    0.0000   15.0000  -30.0000 2708.0591   22.0769
    7.5000   15.0000  -30.0000 2684.0774   22.0822
   -7.5000   22.5000  -30.0000 2641.7671   23.1272
    0.0000   22.5000  -30.0000 2651.8845   23.1378
    7.5000   22.5000  -30.0000 2632.3328   23.1236
   -7.5000   30.0000  -30.0000 2570.4009   24.6032
    0.0000   30.0000  -30.0000 2579.1660   24.5970
    7.5000   30.0000  -30.0000 2558.9243   24.5564
   -7.5000   37.5000  -30.0000 2488.9077   26.4190
    0.0000   37.5000  -30.0000 2488.2021   26.3380
    7.5000   37.5000  -30.0000 2477.2976   26.3619
   -7.5000   45.0000  -30.0000 2385.6404   28.7073
    0.0000   45.0000  -30.0000 2382.7461   28.5607
    7.5000   45.0000  -30.0000 2377.1487   28.6223
   -7.5000  -45.0000  -22.5000 2597.7368   27.3282
    0.0000  -45.0000  -22.5000 2604.2478   27.3153
    7.5000  -45.0000  -22.5000 2584.6484   27.3183
   -7.5000  -37.5000  -22.5000 2669.4697   25.1395
    0.0000  -37.5000  -22.5000 2680.1375   25.1277
    7.5000  -37.5000  -22.5000 2655.4717   25.1119
   -7.5000  -30.0000  -22.5000 2723.7810   23.3174
    0.0000  -30.0000  -22.5000 2736.7778   23.3250
    7.5000  -30.0000  -22.5000 2711.8887   23.2891
   -7.5000  -22.5000  -22.5000 2762.6685   22.0114
    0.0000  -22.5000  -22.5000 2769.9263   21.9923
    7.5000  -22.5000  -22.5000 2753.3943   22.0360
   -7.5000  -15.0000  -22.5000 2787.8730   21.1768
    0.0000  -15.0000  -22.5000 2793.7859   21.1823
    7.5000  -15.0000  -22.5000 2780.6643   21.2365
   -7.5000   -7.5000  -22.5000 2802.2314   20.7404
    0.0000   -7.5000  -22.5000 2810.1050   20.7720
    7.5000   -7.5000  -22.5000 2795.1431   20.8085
   -7.5000    0.0000  -22.5000 2811.3462   20.6317
    0.0000    0.0000  -22.5000 2823.1577   20.6686
    7.5000    0.0000  -22.5000 2803.8835   20.6858
   -7.5000    7.5000  -22.5000 2801.8259   20.8025
    0.0000    7.5000  -22.5000 2812.4768   20.8302
    7.5000    7.5000  -22.5000 2799.5327   20.8815
   -7.5000   15.0000  -22.5000 2769.1997   21.3716
    0.0000   15.0000  -22.5000 2786.8157   21.4154
    7.5000   15.0000  -22.5000 2766.1880   21.4328
   -7.5000   22.5000  -22.5000 2717.2363   22.3941
    0.0000   22.5000  -22.5000 2733.4917   22.4130
    7.5000   22.5000  -22.5000 2712.4170   22.4195
   -7.5000   30.0000  -22.5000 2644.3467   23.7911
    0.0000   30.0000  -22.5000 2660.0618   23.8113
    7.5000   30.0000  -22.5000 2639.1147   23.7975
   -7.5000   37.5000  -22.5000 2557.9697   25.5164
    0.0000   37.5000  -22.5000 2568.9751   25.4774
    7.5000   37.5000  -22.5000 2552.2834   25.5090
   -7.5000   45.0000  -22.5000 2451.9905   27.6348
    0.0000   45.0000  -22.5000 2457.4082   27.5897
    7.5000   45.0000  -22.5000 2446.2769   27.5993
   -7.5000  -45.0000  -15.0000 2630.7971   26.9528
    0.0000  -45.0000  -15.0000 2643.2925   26.9163
    7.5000  -45.0000  -15.0000 2622.9910   26.9988
   -7.5000  -37.5000  -15.0000 2703.4949   24.6876
    0.0000  -37.5000  -15.0000 2716.3501   24.6599
    7.5000  -37.5000  -15.0000 2693.2205   24.7197
   -7.5000  -30.0000  -15.0000 2763.2258   22.8574
    0.0000  -30.0000  -15.0000 2776.5981   22.8526
    7.5000  -30.0000  -15.0000 2754.7310   22.8886
   -7.5000  -22.5000  -15.0000 2801.9578   21.5052
    0.0000  -22.5000  -15.0000 2812.6067   21.4777
    7.5000  -22.5000  -15.0000 2797.4917   21.5340
   -7.5000  -15.0000  -15.0000 2827.7305   20.5999
    0.0000  -15.0000  -15.0000 2832.8411   20.5623
    7.5000  -15.0000  -15.0000 2826.0806   20.6645
   -7.5000   -7.5000  -15.0000 2841.2368   20.1206
    0.0000   -7.5000  -15.0000 2848.8210   20.1647
    7.5000   -7.5000  -15.0000 2841.0947   20.2196
   -7.5000    0.0000  -15.0000 2854.0852   20.0408
    0.0000    0.0000  -15.0000 2861.1479   20.0446
    7.5000    0.0000  -15.0000 2852.5977   20.1199
   -7.5000    7.5000  -15.0000 2847.5544   20.1941
    0.0000    7.5000  -15.0000 2852.1582   20.1885
    7.5000    7.5000  -15.0000 2848.5969   20.3036
   -7.5000   15.0000  -15.0000 2816.5054   20.7643
    0.0000   15.0000  -15.0000 2826.3022   20.7502
    7.5000   15.0000  -15.0000 2816.4941   20.8276
   -7.5000   22.5000  -15.0000 2763.0308   21.7237
    0.0000   22.5000  -15.0000 2771.2661   21.7014
    7.5000   22.5000  -15.0000 2761.3091   21.7575
   -7.5000   30.0000  -15.0000 2690.9131   23.0494
    0.0000   30.0000  -15.0000 2701.8853   23.0327
    7.5000   30.0000  -15.0000 2687.7786   23.0454
   -7.5000   37.5000  -15.0000 2604.5200   24.6852
    0.0000   37.5000  -15.0000 2616.7595   24.6463
    7.5000   37.5000  -15.0000 2599.4177   24.6594
   -7.5000   45.0000  -15.0000 2491.0786   26.6916
    0.0000   45.0000  -15.0000 2498.7202   26.6620
    7.5000   45.0000  -15.0000 2485.0220   26.6554
   -7.5000  -45.0000   -7.5000 2638.5164   26.5350
    0.0000  -45.0000   -7.5000 2658.4246   26.5495
    7.5000  -45.0000   -7.5000 2643.9731   26.6537
   -7.5000  -37.5000   -7.5000 2713.3323   24.2492
    0.0000  -37.5000   -7.5000 2730.8999   24.2324
    7.5000  -37.5000   -7.5000 2717.0857   24.3488
   -7.5000  -30.0000   -7.5000 2780.3716   22.4212
    0.0000  -30.0000   -7.5000 2792.5393   22.3453
    7.5000  -30.0000   -7.5000 2783.0117   22.4889
   -7.5000  -22.5000   -7.5000 2821.2847   20.9823
    0.0000  -22.5000   -7.5000 2835.7241   20.9102
    7.5000  -22.5000   -7.5000 2825.7346   21.0338
   -7.5000  -15.0000   -7.5000 2844.0056   20.0142
    0.0000  -15.0000   -7.5000 2851.1255   19.8785
    7.5000  -15.0000   -7.5000 2848.4001   20.0729
   -7.5000   -7.5000   -7.5000 2859.1855   19.4771
    0.0000   -7.5000   -7.5000 2863.2686   19.4025
    7.5000   -7.5000   -7.5000 2863.1138   19.5693
   -7.5000    0.0000   -7.5000 2875.5767   19.4282
    0.0000    0.0000   -7.5000 2873.7075   19.3152
    7.5000    0.0000   -7.5000 2882.4126   19.4859
   -7.5000    7.5000   -7.5000 2870.2271   19.6159
    0.0000    7.5000   -7.5000 2867.7786   19.4919
    7.5000    7.5000   -7.5000 2878.3279   19.6650
   -7.5000   15.0000   -7.5000 2841.5266   20.1727
    0.0000   15.0000   -7.5000 2841.8237   20.0714
    7.5000   15.0000   -7.5000 2845.8486   20.1929
   -7.5000   22.5000   -7.5000 2789.6465   21.0858
    0.0000   22.5000   -7.5000 2790.3093   20.9930
    7.5000   22.5000   -7.5000 2787.3723   21.0626
   -7.5000   30.0000   -7.5000 2714.0420   22.3222
    0.0000   30.0000   -7.5000 2716.3604   22.2271
    7.5000   30.0000   -7.5000 2714.0405   22.3078
   -7.5000   37.5000   -7.5000 2625.0300   23.8623
    0.0000   37.5000   -7.5000 2633.1663   23.7762
    7.5000   37.5000   -7.5000 2625.5359   23.8539
   -7.5000   45.0000   -7.5000 2510.3984   25.7529
    0.0000   45.0000   -7.5000 2517.0537   25.6547
    7.5000   45.0000   -7.5000 2509.8105   25.7557
   -7.5000  -45.0000    0.0000 2637.2195   26.4601
    0.0000  -45.0000    0.0000 2656.2673   26.3394
    7.5000  -45.0000    0.0000 2643.9719   26.5317
   -7.5000  -37.5000    0.0000 2714.3674   24.1264
    0.0000  -37.5000    0.0000 2728.4058   23.9588
    7.5000  -37.5000    0.0000 2722.0371   24.1825
   -7.5000  -30.0000    0.0000 2781.2791   22.2029
    0.0000  -30.0000    0.0000 2793.7881   22.0370
    7.5000  -30.0000    0.0000 2790.3696   22.2466
   -7.5000  -22.5000    0.0000 2831.9082   20.7503
    0.0000  -22.5000    0.0000 2842.4946   20.5386
    7.5000  -22.5000    0.0000 2842.3865   20.7788
   -7.5000  -15.0000    0.0000 2852.2761   19.6934
    0.0000  -15.0000    0.0000 2856.7727   19.4465
    7.5000  -15.0000    0.0000 2861.5627   19.7376
   -7.5000   -7.5000    0.0000 2859.9070   19.0272
    0.0000   -7.5000    0.0000 2854.4480   18.7481
    7.5000   -7.5000    0.0000 2869.4441   19.1162
   -7.5000    0.0000    0.0000 2879.2229   18.9505
    0.0000    0.0000    0.0000 2861.7412   18.6645
    7.5000    0.0000    0.0000 2889.6497   18.9928
   -7.5000    7.5000    0.0000 2875.4563   19.1760
    0.0000    7.5000    0.0000 2864.7571   18.9011
    7.5000    7.5000    0.0000 2889.1799   19.1660
   -7.5000   15.0000    0.0000 2854.7239   19.7240
    0.0000   15.0000    0.0000 2847.9412   19.5048
    7.5000   15.0000    0.0000 2866.1707   19.7127
   -7.5000   22.5000    0.0000 2801.8962   20.5802
    0.0000   22.5000    0.0000 2798.9988   20.3717
    7.5000   22.5000    0.0000 2807.2690   20.5560
   -7.5000   30.0000    0.0000 2727.4780   21.7454
    0.0000   30.0000    0.0000 2724.9944   21.5246
    7.5000   30.0000    0.0000 2730.7415   21.7353
   -7.5000   37.5000    0.0000 2635.2102   23.1309
    0.0000   37.5000    0.0000 2640.7144   22.9519
    7.5000   37.5000    0.0000 2640.8633   23.1431
   -7.5000   45.0000    0.0000 2526.4436   25.0136
    0.0000   45.0000    0.0000 2532.6382   24.8530
    7.5000   45.0000    0.0000 2523.0647   24.9943
   -7.5000  -45.0000    7.5000 2634.8381   26.6413
    0.0000  -45.0000    7.5000 2637.0454   26.3815
    7.5000  -45.0000    7.5000 2626.8340   26.5650
   -7.5000  -37.5000    7.5000 2712.4482   24.2248
    0.0000  -37.5000    7.5000 2714.1719   23.9793
    7.5000  -37.5000    7.5000 2705.6450   24.1559
   -7.5000  -30.0000    7.5000 2780.6460   22.2406
    0.0000  -30.0000    7.5000 2779.8369   21.9897
    7.5000  -30.0000    7.5000 2777.1873   22.1804
   -7.5000  -22.5000    7.5000 2835.1653   20.7857
    0.0000  -22.5000    7.5000 2831.4131   20.5122
    7.5000  -22.5000    7.5000 2834.5686   20.7024
   -7.5000  -15.0000    7.5000 2862.9983   19.7282
    0.0000  -15.0000    7.5000 2860.0291   19.4342
    7.5000  -15.0000    7.5000 2862.3308   19.6633
   -7.5000   -7.5000    7.5000 2866.5803   18.9289
    0.0000   -7.5000    7.5000 2844.0063   18.5134
    7.5000   -7.5000    7.5000 2864.7129   18.9620
   -7.5000    0.0000    7.5000 2885.1748   18.7266
    0.0000    0.0000    7.5000 2843.9084   18.2882
    7.5000    0.0000    7.5000 2881.7415   18.7435
   -7.5000    7.5000    7.5000 2889.0288   18.9372
    0.0000    7.5000    7.5000 2859.6799   18.5803
    7.5000    7.5000    7.5000 2886.1333   18.8710
   -7.5000   15.0000    7.5000 2873.1169   19.4686
    0.0000   15.0000    7.5000 2857.5361   19.2002
    7.5000   15.0000    7.5000 2868.2900   19.3494
   -7.5000   22.5000    7.5000 2818.3440   20.2568
    0.0000   22.5000    7.5000 2807.6663   20.0182
    7.5000   22.5000    7.5000 2811.8843   20.1405
   -7.5000   30.0000    7.5000 2742.8948   21.3499
    0.0000   30.0000    7.5000 2729.3254   21.0489
    7.5000   30.0000    7.5000 2731.1492   21.2015
   -7.5000   37.5000    7.5000 2661.7930   22.7946
    0.0000   37.5000    7.5000 2654.8796   22.5291
    7.5000   37.5000    7.5000 2649.4954   22.6404
   -7.5000   45.0000    7.5000 2557.8772   24.6559
    0.0000   45.0000    7.5000 2555.2983   24.4566
    7.5000   45.0000    7.5000 2551.1072   24.5709
   -7.5000  -45.0000   15.0000 2619.3125   26.9891
    0.0000  -45.0000   15.0000 2633.7007   26.8266
    7.5000  -45.0000   15.0000 2612.1670   26.9171
   -7.5000  -37.5000   15.0000 2701.0366   24.5052
    0.0000  -37.5000   15.0000 2709.5847   24.3165
    7.5000  -37.5000   15.0000 2695.1453   24.4404
   -7.5000  -30.0000   15.0000 2776.3811   22.5374
    0.0000  -30.0000   15.0000 2775.6421   22.2985
    7.5000  -30.0000   15.0000 2770.6284   22.4497
   -7.5000  -22.5000   15.0000 2838.5059   21.1350
    0.0000  -22.5000   15.0000 2831.9885   20.8794
    7.5000  -22.5000   15.0000 2832.0200   20.9843
   -7.5000  -15.0000   15.0000 2881.8179   20.1932
    0.0000  -15.0000   15.0000 2877.9263   19.9467
    7.5000  -15.0000   15.0000 2871.5771   19.9851
   -7.5000   -7.5000   15.0000 2897.6638   19.4590
    0.0000   -7.5000   15.0000 2894.3250   19.1976
    7.5000   -7.5000   15.0000 2879.0535   19.2984
   -7.5000    0.0000   15.0000 2898.6099   18.8961
    0.0000    0.0000   15.0000 2878.6379   18.5710
    7.5000    0.0000   15.0000 2885.0417   18.8219
   -7.5000    7.5000   15.0000 2894.0308   18.8416
    0.0000    7.5000   15.0000 2883.1360   18.5916
    7.5000    7.5000   15.0000 2881.5488   18.7145
   -7.5000   15.0000   15.0000 2863.8672   19.1929
    0.0000   15.0000   15.0000 2862.2397   18.9987
    7.5000   15.0000   15.0000 2855.4097   19.0548
   -7.5000   22.5000   15.0000 2813.1982   20.0126
    0.0000   22.5000   15.0000 2802.4883   19.7543
    7.5000   22.5000   15.0000 2795.0310   19.8226
   -7.5000   30.0000   15.0000 2747.0271   21.1589
    0.0000   30.0000   15.0000 2744.0876   20.9546
    7.5000   30.0000   15.0000 2731.1152   21.0030
   -7.5000   37.5000   15.0000 2670.9915   22.5708
    0.0000   37.5000   15.0000 2681.1841   22.4826
    7.5000   37.5000   15.0000 2659.5718   22.4517
   -7.5000   45.0000   15.0000 2570.0789   24.3915
    0.0000   45.0000   15.0000 2585.8083   24.3630
    7.5000   45.0000   15.0000 2564.8440   24.3001
   -7.5000  -45.0000   22.5000 2601.0105   27.5875
    0.0000  -45.0000   22.5000 2607.7627   27.3136
    7.5000  -45.0000   22.5000 2597.7725   27.4799
   -7.5000  -37.5000   22.5000 2690.0168   25.0922
    0.0000  -37.5000   22.5000 2694.0791   24.8688
    7.5000  -37.5000   22.5000 2684.6602   25.0002
   -7.5000  -30.0000   22.5000 2771.3262   23.1261
    0.0000  -30.0000   22.5000 2777.9861   22.9664
    7.5000  -30.0000   22.5000 2763.2295   23.0283
   -7.5000  -22.5000   22.5000 2839.8855   21.7104
    0.0000  -22.5000   22.5000 2849.2280   21.5995
    7.5000  -22.5000   22.5000 2824.9731   21.5811
   -7.5000  -15.0000   22.5000 2892.5725   20.7771
    0.0000  -15.0000   22.5000 2908.7656   20.6953
    7.5000  -15.0000   22.5000 2871.9377   20.5851
   -7.5000   -7.5000   22.5000 2921.7336   20.0468
    0.0000   -7.5000   22.5000 2940.0012   19.9299
    7.5000   -7.5000   22.5000 2894.8049   19.8631
   -7.5000    0.0000   22.5000 2927.2119   19.3613
    0.0000    0.0000   22.5000 2931.7886   19.1927
    7.5000    0.0000   22.5000 2901.8105   19.2127
   -7.5000    7.5000   22.5000 2883.9746   18.9033
    0.0000    7.5000   22.5000 2890.7820   18.7343
    7.5000    7.5000   22.5000 2870.3801   18.8014
   -7.5000   15.0000   22.5000 2845.5269   19.1231
    0.0000   15.0000   22.5000 2841.0857   18.8498
    7.5000   15.0000   22.5000 2827.6128   18.9672
   -7.5000   22.5000   22.5000 2802.6375   19.9340
    0.0000   22.5000   22.5000 2809.4622   19.7400
    7.5000   22.5000   22.5000 2790.7034   19.8065
   -7.5000   30.0000   22.5000 2745.5784   21.1417
    0.0000   30.0000   22.5000 2755.0752   21.0328
    7.5000   30.0000   22.5000 2738.2544   21.0466
   -7.5000   37.5000   22.5000 2677.2700   22.5797
    0.0000   37.5000   22.5000 2688.4600   22.5200
    7.5000   37.5000   22.5000 2669.9509   22.4874
   -7.5000   45.0000   22.5000 2578.8157   24.4277
    0.0000   45.0000   22.5000 2591.3679   24.3653
    7.5000   45.0000   22.5000 2574.7932   24.3527
   -7.5000  -45.0000   30.0000 2585.6753   28.3964
    0.0000  -45.0000   30.0000 2586.1924   28.0932
    7.5000  -45.0000   30.0000 2581.6689   28.2882
   -7.5000  -37.5000   30.0000 2682.1511   25.8469
    0.0000  -37.5000   30.0000 2680.9902   25.6075
    7.5000  -37.5000   30.0000 2674.2214   25.7800
   -7.5000  -30.0000   30.0000 2764.7578   23.8104
    0.0000  -30.0000   30.0000 2764.7864   23.5834
    7.5000  -30.0000   30.0000 2752.8374   23.7052
   -7.5000  -22.5000   30.0000 2830.7300   22.2719
    0.0000  -22.5000   30.0000 2832.5911   22.0412
    7.5000  -22.5000   30.0000 2818.4607   22.1501
   -7.5000  -15.0000   30.0000 2885.0059   21.2309
    0.0000  -15.0000   30.0000 2889.8298   20.9781
    7.5000  -15.0000   30.0000 2870.3872   21.0766
   -7.5000   -7.5000   30.0000 2909.7852   20.3258
    0.0000   -7.5000   30.0000 2920.0938   20.0779
    7.5000   -7.5000   30.0000 2895.7947   20.2379
   -7.5000    0.0000   30.0000 2900.1196   19.4627
    0.0000    0.0000   30.0000 2885.3625   19.0572
    7.5000    0.0000   30.0000 2887.1409   19.4292
   -7.5000    7.5000   30.0000 2874.1846   19.0716
    0.0000    7.5000   30.0000 2851.8284   18.6460
    7.5000    7.5000   30.0000 2855.8542   18.9748
   -7.5000   15.0000   30.0000 2843.4202   19.3131
    0.0000   15.0000   30.0000 2854.8320   19.1094
    7.5000   15.0000   30.0000 2837.6897   19.2483
   -7.5000   22.5000   30.0000 2810.0388   20.1895
    0.0000   22.5000   30.0000 2831.3381   20.0943
    7.5000   22.5000   30.0000 2805.3838   20.1151
   -7.5000   30.0000   30.0000 2749.9941   21.4679
    0.0000   30.0000   30.0000 2764.1702   21.4025
    7.5000   30.0000   30.0000 2745.9290   21.3588
   -7.5000   37.5000   30.0000 2674.9902   22.9168
    0.0000   37.5000   30.0000 2689.4275   22.8462
    7.5000   37.5000   30.0000 2668.0178   22.8102
   -7.5000   45.0000   30.0000 2574.1553   24.7329
    0.0000   45.0000   30.0000 2593.4355   24.6753
    7.5000   45.0000   30.0000 2572.8657   24.6313
   -7.5000  -45.0000   37.5000 2565.3630   29.2159
    0.0000  -45.0000   37.5000 2560.0920   28.8205
    7.5000  -45.0000   37.5000 2564.2134   29.1125
   -7.5000  -37.5000   37.5000 2663.6597   26.5349
    0.0000  -37.5000   37.5000 2660.5010   26.1630
    7.5000  -37.5000   37.5000 2660.6348   26.4453
   -7.5000  -30.0000   37.5000 2744.0132   24.3753
    0.0000  -30.0000   37.5000 2742.8210   24.0095
    7.5000  -30.0000   37.5000 2738.6548   24.2896
   -7.5000  -22.5000   37.5000 2807.7063   22.7385
    0.0000  -22.5000   37.5000 2809.5747   22.3956
    7.5000  -22.5000   37.5000 2801.3064   22.6208
   -7.5000  -15.0000   37.5000 2850.2273   21.5483
    0.0000  -15.0000   37.5000 2853.1106   21.2175
    7.5000  -15.0000   37.5000 2844.4695   21.4316
   -7.5000   -7.5000   37.5000 2865.8145   20.4999
    0.0000   -7.5000   37.5000 2859.8005   20.1151
    7.5000   -7.5000   37.5000 2861.6802   20.4602
   -7.5000    0.0000   37.5000 2863.1719   19.6742
    0.0000    0.0000   37.5000 2825.2827   19.1246
    7.5000    0.0000   37.5000 2849.9958   19.5890
   -7.5000    7.5000   37.5000 2871.2637   19.3635
    0.0000    7.5000   37.5000 2864.8191   19.0586
    7.5000    7.5000   37.5000 2866.0190   19.2961
   -7.5000   15.0000   37.5000 2862.6819   19.8146
    0.0000   15.0000   37.5000 2877.0557   19.6355
    7.5000   15.0000   37.5000 2865.8518   19.7899
   -7.5000   22.5000   37.5000 2819.3674   20.7123
    0.0000   22.5000   37.5000 2841.3782   20.6049
    7.5000   22.5000   37.5000 2822.3599   20.6619
   -7.5000   30.0000   37.5000 2751.3582   22.0094
    0.0000   30.0000   37.5000 2775.9153   21.9670
    7.5000   30.0000   37.5000 2751.0664   21.9254
   -7.5000   37.5000   37.5000 2672.9287   23.4720
    0.0000   37.5000   37.5000 2689.5239   23.4254
    7.5000   37.5000   37.5000 2671.4717   23.3963
   -7.5000   45.0000   37.5000 2568.2595   25.2261
    0.0000   45.0000   37.5000 2588.4480   25.2062
    7.5000   45.0000   37.5000 2568.5933   25.1760
   -7.5000  -45.0000   45.0000 2539.1250   30.0589
    0.0000  -45.0000   45.0000 2536.0151   29.6387
    7.5000  -45.0000   45.0000 2537.1809   29.8863
   -7.5000  -37.5000   45.0000 2636.2671   27.1882
    0.0000  -37.5000   45.0000 2636.5830   26.7906
    7.5000  -37.5000   45.0000 2631.4207   27.0500
   -7.5000  -30.0000   45.0000 2713.4458   24.8978
    0.0000  -30.0000   45.0000 2716.3735   24.5414
    7.5000  -30.0000   45.0000 2710.2578   24.7963
   -7.5000  -22.5000   45.0000 2769.0137   23.1788
    0.0000  -22.5000   45.0000 2769.9670   22.8703
    7.5000  -22.5000   45.0000 2767.1638   23.1051
   -7.5000  -15.0000   45.0000 2801.8481   21.9059
    0.0000  -15.0000   45.0000 2796.8296   21.5228
    7.5000  -15.0000   45.0000 2798.6863   21.8268
   -7.5000   -7.5000   45.0000 2818.0569   20.8176
    0.0000   -7.5000   45.0000 2805.4636   20.3823
    7.5000   -7.5000   45.0000 2812.3923   20.7558
   -7.5000    0.0000   45.0000 2835.9746   20.0862
    0.0000    0.0000   45.0000 2818.3052   19.6756
    7.5000    0.0000   45.0000 2824.7935   19.9651
   -7.5000    7.5000   45.0000 2861.7825   19.9464
    0.0000    7.5000   45.0000 2867.6648   19.7267
    7.5000    7.5000   45.0000 2866.0574   19.8937
   -7.5000   15.0000   45.0000 2856.0054   20.4416
    0.0000   15.0000   45.0000 2864.3481   20.2675
    7.5000   15.0000   45.0000 2862.5867   20.4063
   -7.5000   22.5000   45.0000 2810.9668   21.3359
    0.0000   22.5000   45.0000 2824.4146   21.2106
    7.5000   22.5000   45.0000 2812.4458   21.2948
   -7.5000   30.0000   45.0000 2745.2405   22.6107
    0.0000   30.0000   45.0000 2769.9749   22.5475
    7.5000   30.0000   45.0000 2744.6729   22.5361
   -7.5000   37.5000   45.0000 2658.8958   24.1112
    0.0000   37.5000   45.0000 2681.3875   24.0618
    7.5000   37.5000   45.0000 2658.2410   24.0278
   -7.5000   45.0000   45.0000 2559.9189   25.9764
    0.0000   45.0000   45.0000 2575.4636   25.9213
    7.5000   45.0000   45.0000 2560.4934   25.9209

---------------------------------------------------------------------
imgreg_4dfp /opt/freesurfer/average/711-2C_as_mni_average_305 /opt/freesurfer/average/711-2B_as_mni_average_305_mask talsrcimg_g11 none talsrcimg_to_711-2C_as_mni_average_305_t4 1283
---------------------------------------------------------------------

freesurfer imgreg_4dfp.c
/opt/freesurfer/average/711-2C_as_mni_average_305.4dfp.img
       256       256       256         1
  1.000000  1.000000  1.000000
orientation T byte_order littleendian
Reading image: /opt/freesurfer/average/711-2C_as_mni_average_305.4dfp.img
dimensions:      256       256       256
mmppix:       1.0000   -1.0000   -1.0000
center:     128.0000 -129.0000 -129.0000
/opt/freesurfer/average/711-2B_as_mni_average_305_mask.4dfp.img
       256       256       256         1
  1.000000  1.000000  1.000000
orientation T byte_order littleendian
Reading mask: /opt/freesurfer/average/711-2B_as_mni_average_305_mask.4dfp.img (2306576 pixels)
talsrcimg_g11.4dfp.img
       320       320       320         1
  0.800000  0.800000  0.800000
orientation T byte_order littleendian
Reading image: talsrcimg_g11.4dfp.img
dimensions:      320       320       320
mmppix:       0.8000   -0.8000   -0.8000
center:     128.0000 -128.8000 -128.8000
rotation matrix determinant  1.000000
fimgreg.f
image alignment mode   1283 decimal      503 hex
parameters
    0.0000   -7.5000   22.5000    0.0000    0.0000    0.0000
eta,q 0.92199 19.95118
niter,ni,del,rscale     5    3   12.0000    1.2000
parameter  2 -0.689029 -> -0.500000 qaram    1.1500
parameter  4 -1.697865 ->  0.500000 qaram    1.1500
parameters
   -1.5423   -4.0500   23.2050   -3.4500   -1.0480   -1.4773
eta,q 0.92255 19.68273
  0.0860  0.0858  0.0908  0.0742  0.0797  0.0793
  0.0816  0.0832  0.0829  0.0770  0.0799  0.0779
  0.0803  0.0813  0.0800  0.0790  0.0784  0.0774
  0.0825  0.0808  0.0801  0.0803  0.0776  0.0778
  0.0853  0.0804  0.0808  0.0811  0.0782  0.0787
  0.0871  0.0798  0.0823  0.0823  0.0810  0.0800
  0.0887  0.0796  0.0850  0.0837  0.0825  0.0812
niter,ni,del,rscale     6    3   12.0000    1.2000
parameter  4  2.778146 ->  0.500000 qaram    1.3225
parameters
   -1.4129   -2.0964   22.2813   -7.4175   -1.4468    0.2564
eta,q 0.92924 19.49766
  0.0833  0.0843  0.0805  0.0698  0.0753  0.0766
  0.0820  0.0817  0.0757  0.0704  0.0747  0.0740
  0.0792  0.0795  0.0746  0.0725  0.0726  0.0722
  0.0774  0.0774  0.0756  0.0751  0.0709  0.0711
  0.0780  0.0754  0.0767  0.0777  0.0712  0.0708
  0.0805  0.0760  0.0793  0.0798  0.0745  0.0713
  0.0840  0.0803  0.0846  0.0826  0.0781  0.0726
niter,ni,del,rscale     6    3   12.0000    1.2000
parameter  4  0.806900 ->  0.500000 qaram    1.5209
parameters
   -1.2569   -2.1650   21.3505  -11.9801   -1.0519    0.4684
eta,q 0.93169 19.79015
  0.0798  0.0804  0.0775  0.0685  0.0745  0.0722
  0.0776  0.0757  0.0716  0.0686  0.0732  0.0704
  0.0731  0.0720  0.0697  0.0685  0.0705  0.0692
  0.0708  0.0708  0.0708  0.0701  0.0685  0.0683
  0.0719  0.0710  0.0728  0.0729  0.0689  0.0683
  0.0757  0.0750  0.0764  0.0763  0.0714  0.0696
  0.0801  0.0818  0.0826  0.0786  0.0741  0.0721
niter,ni,del,rscale     6    3   12.0000    1.2000
parameters
   -0.5472   -1.8802   20.4547  -15.6518   -1.0766   -0.3213
eta,q 0.93238 19.98783
  0.0823  0.0798  0.0760  0.0683  0.0730  0.0705
  0.0776  0.0729  0.0695  0.0675  0.0712  0.0689
  0.0712  0.0688  0.0679  0.0678  0.0684  0.0678
  0.0683  0.0686  0.0688  0.0682  0.0677  0.0677
  0.0700  0.0706  0.0708  0.0684  0.0698  0.0685
  0.0735  0.0731  0.0744  0.0719  0.0716  0.0702
  0.0774  0.0766  0.0812  0.0762  0.0724  0.0725
niter,ni,del,rscale     5    3   12.0000    1.2000
parameters
   -0.3574   -0.8946   19.6544  -17.6194   -0.6031   -1.1585
eta,q 0.93373 20.02877
  0.0801  0.0798  0.0765  0.0692  0.0737  0.0695
  0.0749  0.0743  0.0690  0.0672  0.0718  0.0679
  0.0690  0.0702  0.0670  0.0659  0.0675  0.0666
  0.0676  0.0678  0.0676  0.0671  0.0661  0.0664
  0.0699  0.0682  0.0701  0.0685  0.0681  0.0673
  0.0735  0.0710  0.0745  0.0692  0.0702  0.0695
  0.0785  0.0745  0.0814  0.0717  0.0717  0.0722
niter,ni,del,rscale     4    3   12.0000    1.2000
parameters
   -0.7275   -0.3555   19.5168  -18.2990   -0.3628   -1.3122
eta,q 0.93417 20.02515
  0.0784  0.0783  0.0791  0.0704  0.0738  0.0700
  0.0723  0.0729  0.0697  0.0675  0.0714  0.0684
  0.0669  0.0691  0.0663  0.0663  0.0669  0.0669
  0.0663  0.0661  0.0659  0.0659  0.0657  0.0658
  0.0692  0.0673  0.0679  0.0681  0.0678  0.0661
  0.0747  0.0713  0.0721  0.0695  0.0702  0.0682
  0.0811  0.0751  0.0789  0.0702  0.0725  0.0711
niter,ni,del,rscale     3    3   12.0000    1.2000
parameters
   -0.8197   -0.1837   19.4805  -18.6073   -0.2898   -1.3647
eta,q 0.93421 20.02922
  0.0796  0.0772  0.0794  0.0710  0.0736  0.0701
  0.0732  0.0723  0.0700  0.0678  0.0709  0.0684
  0.0674  0.0683  0.0664  0.0665  0.0666  0.0670
  0.0658  0.0658  0.0658  0.0658  0.0657  0.0658
  0.0683  0.0678  0.0677  0.0678  0.0680  0.0660
  0.0737  0.0718  0.0716  0.0695  0.0704  0.0680
  0.0803  0.0761  0.0783  0.0703  0.0729  0.0709
niter,ni,del,rscale     2    3   12.0000    1.2000
parameters
   -0.8393   -0.1294   19.4602  -18.7326   -0.2732   -1.3770
eta,q 0.93422 20.03205
  0.0800  0.0769  0.0793  0.0713  0.0736  0.0701
  0.0734  0.0721  0.0700  0.0680  0.0707  0.0684
  0.0675  0.0681  0.0664  0.0666  0.0665  0.0670
  0.0658  0.0658  0.0658  0.0658  0.0658  0.0658
  0.0681  0.0679  0.0677  0.0675  0.0681  0.0660
  0.0734  0.0720  0.0715  0.0694  0.0705  0.0679
  0.0801  0.0765  0.0782  0.0704  0.0731  0.0709
niter,ni,del,rscale     1    3   12.0000    1.2000
parameters
   -0.8409   -0.1115   19.4502  -18.7765   -0.2690   -1.3813
eta,q 0.93422 20.03311
  0.0801  0.0768  0.0794  0.0715  0.0736  0.0701
  0.0735  0.0720  0.0701  0.0681  0.0707  0.0685
  0.0675  0.0680  0.0664  0.0667  0.0665  0.0670
  0.0658  0.0658  0.0658  0.0658  0.0658  0.0658
  0.0681  0.0679  0.0677  0.0674  0.0681  0.0660
  0.0734  0.0720  0.0715  0.0694  0.0706  0.0679
  0.0800  0.0767  0.0781  0.0705  0.0731  0.0708
registration optimization eta report
parameter search radius
    6.0000    6.9000    6.0000    9.1253    6.0000    6.0000
100000*second partial in parameter space
       39.       22.       36.        6.       20.       13.
  0.0801  0.0768  0.0794  0.0715  0.0736  0.0701
  0.0735  0.0720  0.0701  0.0681  0.0707  0.0685
  0.0675  0.0680  0.0664  0.0667  0.0665  0.0670
  0.0658  0.0658  0.0658  0.0658  0.0658  0.0658
  0.0681  0.0679  0.0677  0.0674  0.0681  0.0660
  0.0734  0.0720  0.0715  0.0694  0.0706  0.0679
  0.0800  0.0767  0.0781  0.0705  0.0731  0.0708
   -0.8409   -0.1115   19.4502  -18.7765   -0.2690   -1.3813
eta,q 0.93422 20.03311

---------------------------------------------------------------------
imgreg_4dfp /opt/freesurfer/average/711-2C_as_mni_average_305 /opt/freesurfer/average/711-2B_as_mni_average_305_mask talsrcimg_g11 none talsrcimg_to_711-2C_as_mni_average_305_t4 3335
---------------------------------------------------------------------

freesurfer imgreg_4dfp.c
/opt/freesurfer/average/711-2C_as_mni_average_305.4dfp.img
       256       256       256         1
  1.000000  1.000000  1.000000
orientation T byte_order littleendian
Reading image: /opt/freesurfer/average/711-2C_as_mni_average_305.4dfp.img
dimensions:      256       256       256
mmppix:       1.0000   -1.0000   -1.0000
center:     128.0000 -129.0000 -129.0000
/opt/freesurfer/average/711-2B_as_mni_average_305_mask.4dfp.img
       256       256       256         1
  1.000000  1.000000  1.000000
orientation T byte_order littleendian
Reading mask: /opt/freesurfer/average/711-2B_as_mni_average_305_mask.4dfp.img (2306576 pixels)
talsrcimg_g11.4dfp.img
       320       320       320         1
  0.800000  0.800000  0.800000
orientation T byte_order littleendian
Reading image: talsrcimg_g11.4dfp.img
dimensions:      320       320       320
mmppix:       0.8000   -0.8000   -0.8000
center:     128.0000 -128.8000 -128.8000
fimgreg.f
image alignment mode   3335 decimal      D07 hex
parameters
   -0.8409   -0.1115   19.4502   -0.0302   -5.3457   -5.3229
    2.1312    1.2202   -2.4105   32.1677   -0.4694  -32.1874
eta,q 0.93289 20.08438
niter,ni,del,rscale     5    3    5.0000    1.2000
parameter  4 -8.709748 ->  0.500000 qaram    1.1500
parameter  5  1.397986 ->  0.500000 qaram    1.1500
parameter 12 -1.165565 -> -0.500000 qaram    1.1500
parameters
   -0.9379    0.0589   18.9085   -4.1702   -9.4857   -8.0492
    1.6492    1.6834    0.0042   29.0933    1.4355  -28.0474
eta,q 0.95465 20.32113
  0.0687  0.0690  0.0682  0.0450  0.0446  0.0477  0.0506  0.0552  0.0502  0.0470  0.0487  0.0493
  0.0678  0.0680  0.0673  0.0502  0.0464  0.0473  0.0485  0.0510  0.0486  0.0465  0.0476  0.0479
  0.0673  0.0674  0.0669  0.0580  0.0488  0.0470  0.0473  0.0482  0.0476  0.0464  0.0468  0.0470
  0.0671  0.0671  0.0671  0.0669  0.0521  0.0470  0.0470  0.0470  0.0470  0.0467  0.0464  0.0463
  0.0674  0.0672  0.0677  0.0750  0.0567  0.0483  0.0477  0.0474  0.0467  0.0476  0.0463  0.0457
  0.0680  0.0677  0.0686  0.0811  0.0624  0.0530  0.0493  0.0496  0.0470  0.0491  0.0465  0.0452
  0.0690  0.0685  0.0698  0.0860  0.0683  0.0611  0.0517  0.0534  0.0476  0.0514  0.0471  0.0450
niter,ni,del,rscale     7    3    5.0000    1.2000
parameter  2 -1.173480 -> -0.500000 qaram    1.1500
parameter  3  0.902970 ->  0.500000 qaram    1.1500
parameter  4  0.995339 ->  0.500000 qaram    1.3225
parameter  5  0.655134 ->  0.500000 qaram    1.3225
parameters
   -0.8695    1.4389   17.5285   -8.9312  -14.2467   -4.8865
    0.9138    0.8043    0.2629   29.6956    0.9178  -26.5114
eta,q 0.96725 20.31226
  0.0495  0.0501  0.0431  0.0359  0.0341  0.0368  0.0352  0.0379  0.0344  0.0361  0.0338  0.0344
  0.0473  0.0483  0.0432  0.0358  0.0341  0.0359  0.0338  0.0347  0.0336  0.0348  0.0332  0.0336
  0.0459  0.0467  0.0434  0.0377  0.0347  0.0351  0.0331  0.0332  0.0331  0.0337  0.0329  0.0331
  0.0453  0.0453  0.0438  0.0432  0.0360  0.0342  0.0330  0.0329  0.0329  0.0329  0.0328  0.0328
  0.0457  0.0443  0.0444  0.0517  0.0382  0.0332  0.0335  0.0340  0.0330  0.0328  0.0330  0.0328
  0.0470  0.0437  0.0452  0.0612  0.0420  0.0328  0.0346  0.0367  0.0335  0.0337  0.0334  0.0330
  0.0491  0.0434  0.0462  0.0687  0.0475  0.0348  0.0363  0.0414  0.0342  0.0356  0.0342  0.0335
niter,ni,del,rscale     7    3    5.0000    1.2000
parameter  2 -0.970165 -> -0.500000 qaram    1.3225
parameters
   -0.8535    3.0259   16.4021  -12.1675  -16.8361   -6.0321
    0.8632    0.7233    0.4816   30.5012    0.8356  -29.4824
eta,q 0.96924 20.13154
  0.0363  0.0391  0.0314  0.0344  0.0327  0.0336  0.0327  0.0338  0.0324  0.0338  0.0315  0.0312
  0.0343  0.0366  0.0307  0.0325  0.0312  0.0326  0.0318  0.0321  0.0316  0.0326  0.0311  0.0309
  0.0332  0.0345  0.0306  0.0308  0.0305  0.0316  0.0312  0.0313  0.0312  0.0316  0.0309  0.0308
  0.0327  0.0327  0.0310  0.0306  0.0308  0.0304  0.0310  0.0310  0.0310  0.0310  0.0309  0.0309
  0.0331  0.0315  0.0317  0.0344  0.0319  0.0306  0.0312  0.0312  0.0311  0.0309  0.0309  0.0312
  0.0343  0.0309  0.0327  0.0439  0.0341  0.0332  0.0318  0.0321  0.0315  0.0315  0.0311  0.0318
  0.0362  0.0308  0.0341  0.0560  0.0387  0.0396  0.0328  0.0340  0.0322  0.0330  0.0315  0.0324
niter,ni,del,rscale     7    3    5.0000    1.2000
parameter  2 -0.539375 -> -0.500000 qaram    1.5209
parameters
   -0.8216    4.8509   16.7325  -13.2697  -18.4457   -6.6238
    0.8863    0.8642    0.3888   31.1044    0.9522  -31.9994
eta,q 0.96958 19.96665
  0.0330  0.0365  0.0314  0.0350  0.0333  0.0330  0.0322  0.0323  0.0319  0.0328  0.0310  0.0309
  0.0318  0.0341  0.0306  0.0335  0.0315  0.0321  0.0314  0.0313  0.0312  0.0318  0.0307  0.0305
  0.0310  0.0321  0.0301  0.0316  0.0304  0.0312  0.0308  0.0307  0.0307  0.0309  0.0306  0.0304
  0.0308  0.0308  0.0300  0.0299  0.0304  0.0303  0.0305  0.0305  0.0305  0.0305  0.0305  0.0305
  0.0310  0.0300  0.0300  0.0298  0.0312  0.0297  0.0307  0.0307  0.0307  0.0306  0.0306  0.0308
  0.0317  0.0300  0.0302  0.0332  0.0329  0.0314  0.0313  0.0312  0.0312  0.0312  0.0307  0.0313
  0.0329  0.0306  0.0308  0.0421  0.0372  0.0364  0.0322  0.0322  0.0320  0.0323  0.0310  0.0320
niter,ni,del,rscale     7    3    5.0000    1.2000
parameters
   -0.8586    5.1744   17.0749  -13.2655  -19.1142   -6.8955
    0.9541    0.9406    0.3326   31.4162    0.9882  -32.3814
eta,q 0.96955 19.93425
  0.0322  0.0346  0.0316  0.0353  0.0339  0.0331  0.0321  0.0322  0.0318  0.0326  0.0310  0.0315
  0.0312  0.0324  0.0310  0.0340  0.0321  0.0322  0.0313  0.0312  0.0311  0.0316  0.0307  0.0308
  0.0306  0.0310  0.0306  0.0322  0.0307  0.0312  0.0307  0.0306  0.0306  0.0308  0.0305  0.0305
  0.0304  0.0304  0.0304  0.0304  0.0304  0.0304  0.0305  0.0305  0.0305  0.0305  0.0305  0.0305
  0.0306  0.0307  0.0304  0.0295  0.0308  0.0297  0.0306  0.0306  0.0306  0.0306  0.0305  0.0306
  0.0313  0.0317  0.0306  0.0313  0.0322  0.0309  0.0312  0.0311  0.0311  0.0312  0.0307  0.0310
  0.0323  0.0333  0.0312  0.0380  0.0358  0.0355  0.0322  0.0321  0.0319  0.0324  0.0310  0.0316
niter,ni,del,rscale     6    3    5.0000    1.2000
parameters
   -0.8612    5.3133   17.0544  -13.1903  -19.2741   -7.0150
    0.9957    0.9159    0.3098   31.5606    1.0025  -32.5056
eta,q 0.96954 19.92573
  0.0323  0.0343  0.0314  0.0354  0.0342  0.0332  0.0321  0.0321  0.0318  0.0325  0.0310  0.0316
  0.0313  0.0322  0.0309  0.0340  0.0324  0.0323  0.0313  0.0312  0.0311  0.0315  0.0307  0.0308
  0.0307  0.0309  0.0306  0.0323  0.0309  0.0313  0.0307  0.0306  0.0306  0.0308  0.0305  0.0305
  0.0305  0.0305  0.0305  0.0305  0.0304  0.0304  0.0305  0.0305  0.0305  0.0305  0.0305  0.0305
  0.0307  0.0309  0.0305  0.0296  0.0308  0.0298  0.0306  0.0307  0.0306  0.0306  0.0305  0.0306
  0.0313  0.0320  0.0309  0.0313  0.0319  0.0307  0.0312  0.0311  0.0311  0.0313  0.0307  0.0310
  0.0323  0.0336  0.0315  0.0378  0.0351  0.0352  0.0322  0.0322  0.0319  0.0324  0.0310  0.0316
niter,ni,del,rscale     5    3    5.0000    1.2000
parameters
   -0.8674    5.3570   17.0252  -13.1883  -19.3224   -7.0622
    1.0171    0.8945    0.3023   31.6373    1.0267  -32.5464
eta,q 0.96953 19.92324
  0.0323  0.0341  0.0314  0.0354  0.0343  0.0332  0.0321  0.0321  0.0318  0.0324  0.0310  0.0316
  0.0313  0.0321  0.0309  0.0340  0.0325  0.0323  0.0313  0.0312  0.0311  0.0315  0.0307  0.0309
  0.0307  0.0308  0.0306  0.0323  0.0310  0.0313  0.0307  0.0306  0.0307  0.0308  0.0305  0.0306
  0.0305  0.0305  0.0305  0.0305  0.0305  0.0305  0.0305  0.0305  0.0305  0.0305  0.0305  0.0305
  0.0307  0.0310  0.0305  0.0296  0.0308  0.0298  0.0306  0.0307  0.0306  0.0307  0.0306  0.0306
  0.0313  0.0321  0.0309  0.0314  0.0319  0.0306  0.0312  0.0311  0.0311  0.0313  0.0307  0.0310
  0.0323  0.0337  0.0315  0.0380  0.0349  0.0350  0.0322  0.0322  0.0319  0.0325  0.0310  0.0316
niter,ni,del,rscale     4    3    5.0000    1.2000
parameters
   -0.8738    5.3729   17.0117  -13.1862  -19.3425   -7.0850
    1.0256    0.8902    0.3035   31.6707    1.0513  -32.5712
eta,q 0.96952 19.92243
  0.0323  0.0340  0.0314  0.0354  0.0343  0.0333  0.0321  0.0321  0.0318  0.0324  0.0310  0.0317
  0.0313  0.0320  0.0310  0.0340  0.0325  0.0323  0.0313  0.0312  0.0311  0.0315  0.0307  0.0309
  0.0307  0.0308  0.0306  0.0323  0.0310  0.0314  0.0307  0.0307  0.0307  0.0308  0.0305  0.0306
  0.0305  0.0305  0.0305  0.0305  0.0305  0.0305  0.0305  0.0305  0.0305  0.0305  0.0305  0.0305
  0.0307  0.0310  0.0305  0.0296  0.0308  0.0298  0.0307  0.0307  0.0306  0.0307  0.0306  0.0306
  0.0313  0.0322  0.0309  0.0314  0.0319  0.0306  0.0312  0.0311  0.0311  0.0313  0.0307  0.0310
  0.0323  0.0338  0.0315  0.0380  0.0349  0.0350  0.0322  0.0322  0.0319  0.0325  0.0310  0.0316
registration optimization eta report
parameter search radius
    2.4000    3.6501    2.7600    9.5220    9.5220    7.2000
    7.2000    7.2000    7.2000    7.2000    7.2000    8.2800
100000*second partial in parameter space
       32.       26.       13.        7.        5.        7.
        3.        3.        3.        4.        1.        2.
  0.0323  0.0340  0.0314  0.0354  0.0343  0.0333  0.0321  0.0321  0.0318  0.0324  0.0310  0.0317
  0.0313  0.0320  0.0310  0.0340  0.0325  0.0323  0.0313  0.0312  0.0311  0.0315  0.0307  0.0309
  0.0307  0.0308  0.0306  0.0323  0.0310  0.0314  0.0307  0.0307  0.0307  0.0308  0.0305  0.0306
  0.0305  0.0305  0.0305  0.0305  0.0305  0.0305  0.0305  0.0305  0.0305  0.0305  0.0305  0.0305
  0.0307  0.0310  0.0305  0.0296  0.0308  0.0298  0.0307  0.0307  0.0306  0.0307  0.0306  0.0306
  0.0313  0.0322  0.0309  0.0314  0.0319  0.0306  0.0312  0.0311  0.0311  0.0313  0.0307  0.0310
  0.0323  0.0338  0.0315  0.0380  0.0349  0.0350  0.0322  0.0322  0.0319  0.0325  0.0310  0.0316
   -0.8738    5.3729   17.0117  -13.1862  -19.3425   -7.0850
    1.0256    0.8902    0.3035   31.6707    1.0513  -32.5712
eta,q 0.96952 19.92243

---------------------------------------------------------------------
imgreg_4dfp /opt/freesurfer/average/711-2C_as_mni_average_305 /opt/freesurfer/average/711-2B_as_mni_average_305_mask talsrcimg_g11 none talsrcimg_to_711-2C_as_mni_average_305_t4 2311
---------------------------------------------------------------------

freesurfer imgreg_4dfp.c
/opt/freesurfer/average/711-2C_as_mni_average_305.4dfp.img
       256       256       256         1
  1.000000  1.000000  1.000000
orientation T byte_order littleendian
Reading image: /opt/freesurfer/average/711-2C_as_mni_average_305.4dfp.img
dimensions:      256       256       256
mmppix:       1.0000   -1.0000   -1.0000
center:     128.0000 -129.0000 -129.0000
/opt/freesurfer/average/711-2B_as_mni_average_305_mask.4dfp.img
       256       256       256         1
  1.000000  1.000000  1.000000
orientation T byte_order littleendian
Reading mask: /opt/freesurfer/average/711-2B_as_mni_average_305_mask.4dfp.img (2306576 pixels)
talsrcimg_g11.4dfp.img
       320       320       320         1
  0.800000  0.800000  0.800000
orientation T byte_order littleendian
Reading image: talsrcimg_g11.4dfp.img
dimensions:      320       320       320
mmppix:       0.8000   -0.8000   -0.8000
center:     128.0000 -128.8000 -128.8000
fimgreg.f
image alignment mode   2311 decimal      907 hex
parameters
   -0.8738    5.3729   17.0117  -13.1862  -19.3425   -7.0850
    1.0256    0.8902    0.3035   31.6707    1.0513  -32.5712
eta,q 0.96952 19.92243
niter,ni,del,rscale     5    3    5.0000    0.8000
parameter  4 -0.750747 -> -0.500000 qaram    1.1500
parameters
   -0.8685    5.2299   17.1738  -10.4262  -19.5135   -4.7394
    0.7339    0.7877    0.3263   31.1606    0.7134  -31.5972
eta,q 0.97109 19.97843
  0.0313  0.0311  0.0309  0.0332  0.0306  0.0316  0.0299  0.0308  0.0298  0.0300  0.0294  0.0297
  0.0309  0.0307  0.0307  0.0323  0.0300  0.0309  0.0293  0.0297  0.0293  0.0294  0.0291  0.0292
  0.0306  0.0305  0.0306  0.0313  0.0297  0.0302  0.0290  0.0291  0.0290  0.0290  0.0290  0.0290
  0.0305  0.0305  0.0305  0.0305  0.0296  0.0296  0.0289  0.0289  0.0289  0.0289  0.0289  0.0289
  0.0306  0.0306  0.0305  0.0298  0.0298  0.0291  0.0291  0.0291  0.0290  0.0292  0.0290  0.0289
  0.0309  0.0309  0.0306  0.0296  0.0302  0.0289  0.0295  0.0297  0.0293  0.0297  0.0292  0.0290
  0.0313  0.0313  0.0308  0.0300  0.0307  0.0298  0.0301  0.0311  0.0297  0.0307  0.0295  0.0292
niter,ni,del,rscale     5    3    5.0000    0.8000
parameters
   -0.8573    4.6903   16.6404  -11.0665  -19.1312   -5.5013
    0.7414    0.9162    0.4521   31.8758    0.7307  -31.7993
eta,q 0.97095 20.03949
  0.0303  0.0292  0.0290  0.0315  0.0301  0.0308  0.0300  0.0307  0.0299  0.0305  0.0294  0.0294
  0.0295  0.0289  0.0288  0.0303  0.0294  0.0301  0.0295  0.0298  0.0295  0.0299  0.0292  0.0292
  0.0291  0.0288  0.0287  0.0293  0.0290  0.0294  0.0292  0.0293  0.0292  0.0294  0.0291  0.0291
  0.0289  0.0289  0.0288  0.0287  0.0288  0.0288  0.0291  0.0291  0.0291  0.0291  0.0290  0.0290
  0.0291  0.0292  0.0290  0.0290  0.0289  0.0290  0.0292  0.0292  0.0292  0.0291  0.0291  0.0291
  0.0295  0.0297  0.0294  0.0307  0.0292  0.0308  0.0295  0.0296  0.0294  0.0293  0.0292  0.0292
  0.0302  0.0303  0.0298  0.0343  0.0297  0.0341  0.0301  0.0306  0.0298  0.0299  0.0294  0.0295
niter,ni,del,rscale     4    3    5.0000    0.7000
parameters
   -0.8577    4.7536   16.4499  -10.8035  -19.1938   -5.5518
    0.7301    0.8612    0.4500   32.1130    0.7588  -31.8238
eta,q 0.97102 20.04255
  0.0300  0.0297  0.0293  0.0316  0.0298  0.0308  0.0297  0.0302  0.0296  0.0300  0.0293  0.0293
  0.0295  0.0294  0.0291  0.0306  0.0293  0.0302  0.0293  0.0295  0.0292  0.0295  0.0291  0.0291
  0.0291  0.0291  0.0290  0.0297  0.0290  0.0296  0.0291  0.0291  0.0291  0.0292  0.0290  0.0290
  0.0290  0.0290  0.0291  0.0290  0.0290  0.0290  0.0290  0.0290  0.0290  0.0290  0.0290  0.0290
  0.0292  0.0291  0.0291  0.0289  0.0291  0.0287  0.0291  0.0291  0.0290  0.0290  0.0290  0.0290
  0.0295  0.0293  0.0293  0.0296  0.0294  0.0296  0.0293  0.0295  0.0292  0.0293  0.0291  0.0291
  0.0300  0.0296  0.0295  0.0316  0.0298  0.0317  0.0297  0.0303  0.0296  0.0298  0.0293  0.0293
niter,ni,del,rscale     3    3    5.0000    0.6000
parameters
   -0.8680    4.7333   16.3600  -10.5699  -19.3450   -5.3277
    0.7557    0.8365    0.4367   32.1563    0.7035  -31.7242
eta,q 0.97115 20.04061
  0.0297  0.0294  0.0292  0.0310  0.0295  0.0305  0.0294  0.0299  0.0293  0.0296  0.0291  0.0291
  0.0293  0.0292  0.0291  0.0302  0.0291  0.0300  0.0291  0.0293  0.0290  0.0292  0.0290  0.0289
  0.0290  0.0290  0.0290  0.0294  0.0290  0.0295  0.0289  0.0290  0.0289  0.0290  0.0289  0.0289
  0.0290  0.0290  0.0290  0.0290  0.0289  0.0289  0.0288  0.0288  0.0288  0.0288  0.0288  0.0288
  0.0291  0.0290  0.0290  0.0289  0.0290  0.0287  0.0289  0.0289  0.0289  0.0289  0.0289  0.0289
  0.0293  0.0292  0.0291  0.0295  0.0293  0.0292  0.0291  0.0293  0.0290  0.0291  0.0290  0.0289
  0.0297  0.0295  0.0293  0.0309  0.0296  0.0307  0.0294  0.0299  0.0293  0.0296  0.0291  0.0291
niter,ni,del,rscale     2    3    5.0000    0.5000
parameters
   -0.8629    4.7041   16.3593  -10.3828  -19.4859   -5.0803
    0.7657    0.8433    0.4401   32.0877    0.6389  -31.5282
eta,q 0.97125 20.03510
  0.0294  0.0292  0.0291  0.0304  0.0292  0.0302  0.0292  0.0295  0.0290  0.0293  0.0289  0.0289
  0.0291  0.0290  0.0289  0.0297  0.0290  0.0297  0.0289  0.0291  0.0289  0.0290  0.0288  0.0288
  0.0289  0.0289  0.0289  0.0292  0.0288  0.0292  0.0288  0.0288  0.0288  0.0288  0.0288  0.0288
  0.0288  0.0288  0.0288  0.0288  0.0288  0.0288  0.0287  0.0287  0.0287  0.0287  0.0287  0.0287
  0.0289  0.0289  0.0289  0.0288  0.0289  0.0287  0.0288  0.0288  0.0288  0.0288  0.0288  0.0288
  0.0291  0.0290  0.0290  0.0293  0.0291  0.0290  0.0289  0.0291  0.0289  0.0290  0.0288  0.0288
  0.0293  0.0292  0.0291  0.0303  0.0293  0.0301  0.0292  0.0295  0.0290  0.0293  0.0290  0.0289
niter,ni,del,rscale     1    3    5.0000    0.4000
parameters
   -0.8517    4.6822   16.3983  -10.2286  -19.6038   -4.8053
    0.7568    0.8641    0.4257   31.9284    0.5220  -31.3759
eta,q 0.97133 20.02604
  0.0291  0.0290  0.0289  0.0298  0.0290  0.0298  0.0289  0.0292  0.0289  0.0290  0.0288  0.0288
  0.0289  0.0288  0.0288  0.0293  0.0288  0.0294  0.0288  0.0289  0.0288  0.0288  0.0287  0.0287
  0.0288  0.0288  0.0288  0.0289  0.0287  0.0290  0.0287  0.0287  0.0287  0.0287  0.0287  0.0287
  0.0287  0.0287  0.0287  0.0287  0.0287  0.0287  0.0287  0.0287  0.0287  0.0287  0.0287  0.0287
  0.0288  0.0288  0.0288  0.0288  0.0288  0.0286  0.0287  0.0287  0.0287  0.0287  0.0287  0.0287
  0.0289  0.0288  0.0288  0.0290  0.0289  0.0289  0.0288  0.0289  0.0288  0.0289  0.0287  0.0287
  0.0291  0.0290  0.0289  0.0297  0.0290  0.0296  0.0289  0.0292  0.0289  0.0291  0.0288  0.0288
registration optimization eta report
parameter search radius
    0.8000    0.8000    0.8000    2.7600    2.4000    2.4000
    2.4000    2.4000    2.4000    2.4000    2.4000    2.4000
100000*second partial in parameter space
       53.       34.       28.       13.        5.       16.
        5.        9.        4.        7.        2.        2.
  0.0291  0.0290  0.0289  0.0298  0.0290  0.0298  0.0289  0.0292  0.0289  0.0290  0.0288  0.0288
  0.0289  0.0288  0.0288  0.0293  0.0288  0.0294  0.0288  0.0289  0.0288  0.0288  0.0287  0.0287
  0.0288  0.0288  0.0288  0.0289  0.0287  0.0290  0.0287  0.0287  0.0287  0.0287  0.0287  0.0287
  0.0287  0.0287  0.0287  0.0287  0.0287  0.0287  0.0287  0.0287  0.0287  0.0287  0.0287  0.0287
  0.0288  0.0288  0.0288  0.0288  0.0288  0.0286  0.0287  0.0287  0.0287  0.0287  0.0287  0.0287
  0.0289  0.0288  0.0288  0.0290  0.0289  0.0289  0.0288  0.0289  0.0288  0.0289  0.0287  0.0287
  0.0291  0.0290  0.0289  0.0297  0.0290  0.0296  0.0289  0.0292  0.0289  0.0291  0.0288  0.0288
   -0.8517    4.6822   16.3983  -10.2286  -19.6038   -4.8053
    0.7568    0.8641    0.4257   31.9284    0.5220  -31.3759
eta,q 0.97133 20.02604

---------------------------------------------------------------------
imgreg_4dfp /opt/freesurfer/average/711-2C_as_mni_average_305 /opt/freesurfer/average/711-2B_as_mni_average_305_mask talsrcimg_g11 none talsrcimg_to_711-2C_as_mni_average_305_t4 2311
---------------------------------------------------------------------

freesurfer imgreg_4dfp.c
/opt/freesurfer/average/711-2C_as_mni_average_305.4dfp.img
       256       256       256         1
  1.000000  1.000000  1.000000
orientation T byte_order littleendian
Reading image: /opt/freesurfer/average/711-2C_as_mni_average_305.4dfp.img
dimensions:      256       256       256
mmppix:       1.0000   -1.0000   -1.0000
center:     128.0000 -129.0000 -129.0000
/opt/freesurfer/average/711-2B_as_mni_average_305_mask.4dfp.img
       256       256       256         1
  1.000000  1.000000  1.000000
orientation T byte_order littleendian
Reading mask: /opt/freesurfer/average/711-2B_as_mni_average_305_mask.4dfp.img (2306576 pixels)
talsrcimg_g11.4dfp.img
       320       320       320         1
  0.800000  0.800000  0.800000
orientation T byte_order littleendian
Reading image: talsrcimg_g11.4dfp.img
dimensions:      320       320       320
mmppix:       0.8000   -0.8000   -0.8000
center:     128.0000 -128.8000 -128.8000
fimgreg.f
image alignment mode   2311 decimal      907 hex
parameters
   -0.8517    4.6822   16.3983  -10.2286  -19.6038   -4.8053
    0.7568    0.8641    0.4257   31.9284    0.5220  -31.3759
eta,q 0.97133 20.02605
niter,ni,del,rscale     5    3    5.0000    0.8000
parameters
   -0.8370    4.6871   16.5524  -10.7891  -19.2782   -5.5832
    0.7163    0.9046    0.4675   31.8973    0.7162  -31.7582
eta,q 0.97099 20.03539
  0.0301  0.0296  0.0296  0.0309  0.0300  0.0308  0.0300  0.0307  0.0298  0.0302  0.0294  0.0293
  0.0293  0.0290  0.0291  0.0299  0.0293  0.0301  0.0294  0.0297  0.0294  0.0296  0.0292  0.0291
  0.0288  0.0288  0.0288  0.0291  0.0289  0.0294  0.0291  0.0292  0.0291  0.0292  0.0291  0.0290
  0.0287  0.0287  0.0287  0.0287  0.0287  0.0288  0.0290  0.0290  0.0290  0.0290  0.0290  0.0290
  0.0288  0.0288  0.0287  0.0289  0.0289  0.0290  0.0291  0.0291  0.0291  0.0291  0.0290  0.0291
  0.0293  0.0291  0.0289  0.0303  0.0292  0.0308  0.0294  0.0296  0.0293  0.0295  0.0292  0.0292
  0.0300  0.0295  0.0293  0.0330  0.0297  0.0341  0.0300  0.0307  0.0297  0.0303  0.0294  0.0295
niter,ni,del,rscale     4    3    5.0000    0.7000
parameters
   -0.8594    4.7640   16.4056  -10.5734  -19.2535   -5.5963
    0.7087    0.8723    0.4620   32.1518    0.7652  -31.7923
eta,q 0.97105 20.04182
  0.0299  0.0297  0.0293  0.0311  0.0298  0.0308  0.0297  0.0302  0.0295  0.0299  0.0293  0.0292
  0.0294  0.0293  0.0291  0.0302  0.0293  0.0302  0.0293  0.0295  0.0292  0.0295  0.0291  0.0291
  0.0291  0.0291  0.0290  0.0295  0.0290  0.0296  0.0291  0.0291  0.0290  0.0291  0.0290  0.0290
  0.0290  0.0290  0.0290  0.0290  0.0290  0.0290  0.0290  0.0290  0.0290  0.0290  0.0290  0.0290
  0.0291  0.0291  0.0291  0.0289  0.0291  0.0287  0.0290  0.0291  0.0290  0.0290  0.0290  0.0290
  0.0294  0.0293  0.0292  0.0295  0.0293  0.0295  0.0293  0.0295  0.0292  0.0292  0.0291  0.0291
  0.0300  0.0296  0.0294  0.0310  0.0297  0.0316  0.0297  0.0303  0.0295  0.0298  0.0293  0.0292
niter,ni,del,rscale     3    3    5.0000    0.6000
parameters
   -0.8679    4.7305   16.3261  -10.4051  -19.3816   -5.3673
    0.7447    0.8302    0.4406   32.1974    0.6873  -31.6698
eta,q 0.97117 20.04088
  0.0297  0.0294  0.0292  0.0305  0.0295  0.0305  0.0294  0.0299  0.0293  0.0296  0.0291  0.0291
  0.0293  0.0291  0.0290  0.0298  0.0291  0.0300  0.0291  0.0293  0.0290  0.0292  0.0290  0.0289
  0.0290  0.0290  0.0290  0.0293  0.0290  0.0295  0.0289  0.0290  0.0289  0.0290  0.0289  0.0289
  0.0290  0.0289  0.0289  0.0289  0.0289  0.0289  0.0288  0.0288  0.0288  0.0288  0.0288  0.0288
  0.0290  0.0290  0.0290  0.0289  0.0290  0.0287  0.0289  0.0289  0.0289  0.0289  0.0289  0.0289
  0.0293  0.0292  0.0291  0.0294  0.0292  0.0292  0.0291  0.0293  0.0290  0.0291  0.0290  0.0289
  0.0297  0.0294  0.0293  0.0305  0.0295  0.0306  0.0294  0.0300  0.0293  0.0296  0.0291  0.0290
niter,ni,del,rscale     2    3    5.0000    0.5000
parameters
   -0.8646    4.7016   16.3293  -10.2625  -19.5137   -5.1038
    0.7576    0.8412    0.4440   32.1026    0.6226  -31.5066
eta,q 0.97126 20.03451
  0.0294  0.0291  0.0291  0.0300  0.0292  0.0302  0.0291  0.0295  0.0290  0.0292  0.0289  0.0289
  0.0291  0.0290  0.0289  0.0295  0.0290  0.0297  0.0289  0.0291  0.0289  0.0290  0.0288  0.0288
  0.0289  0.0289  0.0289  0.0291  0.0288  0.0292  0.0288  0.0288  0.0288  0.0288  0.0288  0.0288
  0.0288  0.0288  0.0288  0.0288  0.0288  0.0288  0.0287  0.0287  0.0287  0.0287  0.0287  0.0287
  0.0289  0.0289  0.0289  0.0288  0.0289  0.0287  0.0288  0.0288  0.0288  0.0288  0.0288  0.0288
  0.0291  0.0290  0.0290  0.0292  0.0291  0.0290  0.0289  0.0291  0.0289  0.0290  0.0288  0.0288
  0.0293  0.0292  0.0291  0.0299  0.0293  0.0301  0.0292  0.0295  0.0290  0.0294  0.0290  0.0289
niter,ni,del,rscale     1    3    5.0000    0.4000
parameters
   -0.8511    4.6811   16.3832  -10.1490  -19.6218   -4.8193
    0.7454    0.8734    0.4084   31.9333    0.5272  -31.3305
eta,q 0.97134 20.02540
  0.0291  0.0289  0.0289  0.0295  0.0290  0.0298  0.0289  0.0292  0.0289  0.0290  0.0288  0.0288
  0.0289  0.0288  0.0288  0.0292  0.0288  0.0294  0.0288  0.0289  0.0287  0.0288  0.0287  0.0287
  0.0288  0.0288  0.0288  0.0289  0.0288  0.0290  0.0287  0.0287  0.0287  0.0287  0.0287  0.0287
  0.0287  0.0287  0.0287  0.0287  0.0287  0.0287  0.0287  0.0287  0.0287  0.0287  0.0287  0.0287
  0.0288  0.0288  0.0288  0.0288  0.0288  0.0286  0.0287  0.0287  0.0287  0.0287  0.0287  0.0287
  0.0289  0.0288  0.0288  0.0290  0.0289  0.0289  0.0288  0.0289  0.0288  0.0289  0.0287  0.0287
  0.0291  0.0290  0.0289  0.0295  0.0290  0.0296  0.0289  0.0292  0.0289  0.0291  0.0288  0.0288
registration optimization eta report
parameter search radius
    0.8000    0.8000    0.8000    2.4000    2.4000    2.4000
    2.4000    2.4000    2.4000    2.4000    2.4000    2.4000
100000*second partial in parameter space
       53.       34.       28.       13.        5.       16.
        5.        9.        3.        7.        3.        2.
  0.0291  0.0289  0.0289  0.0295  0.0290  0.0298  0.0289  0.0292  0.0289  0.0290  0.0288  0.0288
  0.0289  0.0288  0.0288  0.0292  0.0288  0.0294  0.0288  0.0289  0.0287  0.0288  0.0287  0.0287
  0.0288  0.0288  0.0288  0.0289  0.0288  0.0290  0.0287  0.0287  0.0287  0.0287  0.0287  0.0287
  0.0287  0.0287  0.0287  0.0287  0.0287  0.0287  0.0287  0.0287  0.0287  0.0287  0.0287  0.0287
  0.0288  0.0288  0.0288  0.0288  0.0288  0.0286  0.0287  0.0287  0.0287  0.0287  0.0287  0.0287
  0.0289  0.0288  0.0288  0.0290  0.0289  0.0289  0.0288  0.0289  0.0288  0.0289  0.0287  0.0287
  0.0291  0.0290  0.0289  0.0295  0.0290  0.0296  0.0289  0.0292  0.0289  0.0291  0.0288  0.0288
   -0.8511    4.6811   16.3832  -10.1490  -19.6218   -4.8193
    0.7454    0.8734    0.4084   31.9333    0.5272  -31.3305
eta,q 0.97134 20.02540

---------------------------------------------------------------------
compute_vox2vox talsrcimg talsrcimg_to_711-2C_as_mni_average_305_t4 /opt/freesurfer/average/711-2C_as_mni_average_305
---------------------------------------------------------------------

freesurfer compute_vox2vox.c
Reading: talsrcimg.4dfp.ifh
Reading: talsrcimg_to_711-2C_as_mni_average_305_t4
Reading: /opt/freesurfer/average/711-2C_as_mni_average_305.4dfp.ifh
Writing: talsrcimg_to_711-2C_as_mni_average_305_t4_vox2vox.txt

start time Tue Mar 10 20:56:12 CET 2026
end		time Tue Mar 10 20:57:34 CET 2026

mpr2mni305 success

avi2talxfm orig_nu.mgz /opt/freesurfer/average/mni305.cor.mgz talsrcimg_to_711-2C_as_mni_average_305_t4_vox2vox.txt transforms/talairach.auto.xfm
avi2talxfm done
mv -f /out/sourcedata/freesurfer/sub-v2s11x28704_ses-1/mri/talsrcimg_to_711-2C_as_mni_average_305_t4_vox2vox.txt /out/sourcedata/freesurfer/sub-v2s11x28704_ses-1/mri/transforms/talsrcimg_to_711-2C_as_mni_average_305_t4_vox2vox.txt
lta_convert --src orig_nu.mgz --trg /opt/freesurfer/average/mni305.cor.mgz --inxfm transforms/talairach.auto.xfm --outlta transforms/talairach.auto.xfm.lta --subject fsaverage
7.3.2

--src: orig_nu.mgz src image (geometry).
--trg: /opt/freesurfer/average/mni305.cor.mgz trg image (geometry).
--inmni: transforms/talairach.auto.xfm input MNI/XFM transform.
--outlta: transforms/talairach.auto.xfm.lta output LTA.
--s: fsaverage subject name
 LTA read, type : 1
 1.11305  -0.00597  -0.01265  -0.70196;
-0.00710   0.92917   0.36224  -13.88020;
-0.00283  -0.36912   1.10027   12.53535;
 0.00000   0.00000   0.00000   1.00000;
setting subject to fsaverage
Writing  LTA to file transforms/talairach.auto.xfm.lta...
lta_convert successful.
 
 
Started at Tue Mar 10 20:56:11 CET 2026
Ended   at Tue Mar 10 20:57:34 CET 2026
talairach_avi done
