Log file for defect2seg
Tue Mar 10 23:34:23 CET 2026

setenv SUBJECTS_DIR /out/sourcedata/freesurfer
cd /out/sourcedata/freesurfer/sub-v2s11x28692_ses-1/scripts
/opt/freesurfer/bin/defect2seg --s sub-v2s11x28692_ses-1 --rh-only --cortex

freesurfer-linux-ubuntu22_x86_64-7.3.2-20220804-6354275
defect2seg 7.3.2
Linux dna043 5.14.0-427.37.1.el9_4.x86_64 #1 SMP PREEMPT_DYNAMIC Fri Sep 13 12:41:50 EDT 2024 x86_64 x86_64 x86_64 GNU/Linux
pid 157164
mri_label2label --label-cortex /out/sourcedata/freesurfer/sub-v2s11x28692_ses-1/surf/rh.orig.nofix /out/sourcedata/freesurfer/sub-v2s11x28692_ses-1/mri/aseg.presurf.mgz 0 /out/sourcedata/freesurfer/sub-v2s11x28692_ses-1/label/rh.nofix.cortex.label

 Generating cortex label... RemoveHipAmgy=0
 NucAccIsMedialWall=0
 mris->useRealRAS=0
190 non-cortical segments detected
only using segment with 18668 vertices
erasing segment 0 (vno[0] = 1530)
erasing segment 1 (vno[0] = 2860)
erasing segment 2 (vno[0] = 3023)
erasing segment 3 (vno[0] = 3069)
erasing segment 4 (vno[0] = 3246)
erasing segment 5 (vno[0] = 3639)
erasing segment 6 (vno[0] = 3879)
erasing segment 7 (vno[0] = 4059)
erasing segment 8 (vno[0] = 4074)
erasing segment 9 (vno[0] = 4443)
erasing segment 10 (vno[0] = 4627)
erasing segment 11 (vno[0] = 4864)
erasing segment 12 (vno[0] = 5019)
erasing segment 13 (vno[0] = 5247)
erasing segment 14 (vno[0] = 5733)
erasing segment 15 (vno[0] = 6088)
erasing segment 16 (vno[0] = 6159)
erasing segment 17 (vno[0] = 6516)
erasing segment 18 (vno[0] = 8297)
erasing segment 19 (vno[0] = 8880)
erasing segment 20 (vno[0] = 9580)
erasing segment 21 (vno[0] = 9920)
erasing segment 22 (vno[0] = 9958)
erasing segment 23 (vno[0] = 13582)
erasing segment 24 (vno[0] = 15164)
erasing segment 25 (vno[0] = 16056)
erasing segment 26 (vno[0] = 18744)
erasing segment 27 (vno[0] = 25306)
erasing segment 28 (vno[0] = 28626)
erasing segment 29 (vno[0] = 29720)
erasing segment 30 (vno[0] = 29997)
erasing segment 31 (vno[0] = 30391)
erasing segment 32 (vno[0] = 30827)
erasing segment 33 (vno[0] = 31398)
erasing segment 34 (vno[0] = 33038)
erasing segment 35 (vno[0] = 33987)
erasing segment 36 (vno[0] = 38056)
erasing segment 37 (vno[0] = 47581)
erasing segment 38 (vno[0] = 51572)
erasing segment 39 (vno[0] = 52911)
erasing segment 40 (vno[0] = 62253)
erasing segment 41 (vno[0] = 62835)
erasing segment 42 (vno[0] = 64217)
erasing segment 43 (vno[0] = 65267)
erasing segment 44 (vno[0] = 67050)
erasing segment 45 (vno[0] = 68165)
erasing segment 46 (vno[0] = 68430)
erasing segment 47 (vno[0] = 68892)
erasing segment 48 (vno[0] = 70069)
erasing segment 49 (vno[0] = 70453)
erasing segment 50 (vno[0] = 70470)
erasing segment 51 (vno[0] = 70473)
erasing segment 52 (vno[0] = 71595)
erasing segment 53 (vno[0] = 72698)
erasing segment 54 (vno[0] = 73714)
erasing segment 55 (vno[0] = 73746)
erasing segment 57 (vno[0] = 75613)
erasing segment 58 (vno[0] = 75673)
erasing segment 59 (vno[0] = 75692)
erasing segment 60 (vno[0] = 77756)
erasing segment 61 (vno[0] = 83716)
erasing segment 62 (vno[0] = 84765)
erasing segment 63 (vno[0] = 88654)
erasing segment 64 (vno[0] = 92659)
erasing segment 65 (vno[0] = 96950)
erasing segment 66 (vno[0] = 97208)
erasing segment 67 (vno[0] = 97964)
erasing segment 68 (vno[0] = 100647)
erasing segment 69 (vno[0] = 101326)
erasing segment 70 (vno[0] = 102799)
erasing segment 71 (vno[0] = 104993)
erasing segment 72 (vno[0] = 105514)
erasing segment 73 (vno[0] = 105538)
erasing segment 74 (vno[0] = 108459)
erasing segment 75 (vno[0] = 111333)
erasing segment 76 (vno[0] = 112361)
erasing segment 77 (vno[0] = 114347)
erasing segment 78 (vno[0] = 115301)
erasing segment 79 (vno[0] = 117319)
erasing segment 80 (vno[0] = 118337)
erasing segment 81 (vno[0] = 119587)
erasing segment 82 (vno[0] = 120622)
erasing segment 83 (vno[0] = 124522)
erasing segment 84 (vno[0] = 125863)
erasing segment 85 (vno[0] = 127352)
erasing segment 86 (vno[0] = 128183)
erasing segment 87 (vno[0] = 128571)
erasing segment 88 (vno[0] = 129957)
erasing segment 89 (vno[0] = 130174)
erasing segment 90 (vno[0] = 131618)
erasing segment 91 (vno[0] = 132016)
erasing segment 92 (vno[0] = 136973)
erasing segment 93 (vno[0] = 140555)
erasing segment 94 (vno[0] = 140697)
erasing segment 95 (vno[0] = 142263)
erasing segment 96 (vno[0] = 147958)
erasing segment 97 (vno[0] = 148541)
erasing segment 98 (vno[0] = 148862)
erasing segment 99 (vno[0] = 150299)
erasing segment 100 (vno[0] = 150749)
erasing segment 101 (vno[0] = 150795)
erasing segment 102 (vno[0] = 151168)
erasing segment 103 (vno[0] = 157331)
erasing segment 104 (vno[0] = 160462)
erasing segment 105 (vno[0] = 162215)
erasing segment 106 (vno[0] = 163698)
erasing segment 107 (vno[0] = 168277)
erasing segment 108 (vno[0] = 170115)
erasing segment 109 (vno[0] = 170951)
erasing segment 110 (vno[0] = 174079)
erasing segment 111 (vno[0] = 174481)
erasing segment 112 (vno[0] = 176421)
erasing segment 113 (vno[0] = 177330)
erasing segment 114 (vno[0] = 177793)
erasing segment 115 (vno[0] = 179413)
erasing segment 116 (vno[0] = 179983)
erasing segment 117 (vno[0] = 180949)
erasing segment 118 (vno[0] = 181596)
erasing segment 119 (vno[0] = 182071)
erasing segment 120 (vno[0] = 182109)
erasing segment 121 (vno[0] = 182234)
erasing segment 122 (vno[0] = 182292)
erasing segment 123 (vno[0] = 183362)
erasing segment 124 (vno[0] = 183457)
erasing segment 125 (vno[0] = 183548)
erasing segment 126 (vno[0] = 184155)
erasing segment 127 (vno[0] = 184583)
erasing segment 128 (vno[0] = 184640)
erasing segment 129 (vno[0] = 184791)
erasing segment 130 (vno[0] = 185314)
erasing segment 131 (vno[0] = 185365)
erasing segment 132 (vno[0] = 186598)
erasing segment 133 (vno[0] = 186999)
erasing segment 134 (vno[0] = 188342)
erasing segment 135 (vno[0] = 190721)
erasing segment 136 (vno[0] = 192426)
erasing segment 137 (vno[0] = 193204)
erasing segment 138 (vno[0] = 193317)
erasing segment 139 (vno[0] = 196149)
erasing segment 140 (vno[0] = 197100)
erasing segment 141 (vno[0] = 198196)
erasing segment 142 (vno[0] = 198314)
erasing segment 143 (vno[0] = 198328)
erasing segment 144 (vno[0] = 198789)
erasing segment 145 (vno[0] = 199323)
erasing segment 146 (vno[0] = 199432)
erasing segment 147 (vno[0] = 200313)
erasing segment 148 (vno[0] = 200328)
erasing segment 149 (vno[0] = 200468)
erasing segment 150 (vno[0] = 200481)
erasing segment 151 (vno[0] = 202495)
erasing segment 152 (vno[0] = 203523)
erasing segment 153 (vno[0] = 203572)
erasing segment 154 (vno[0] = 205698)
erasing segment 155 (vno[0] = 206493)
erasing segment 156 (vno[0] = 206741)
erasing segment 157 (vno[0] = 210200)
erasing segment 158 (vno[0] = 210329)
erasing segment 159 (vno[0] = 211599)
erasing segment 160 (vno[0] = 215641)
erasing segment 161 (vno[0] = 216546)
erasing segment 162 (vno[0] = 218372)
erasing segment 163 (vno[0] = 222462)
erasing segment 164 (vno[0] = 222635)
erasing segment 165 (vno[0] = 224493)
erasing segment 166 (vno[0] = 225638)
erasing segment 167 (vno[0] = 225764)
erasing segment 168 (vno[0] = 226473)
erasing segment 169 (vno[0] = 232825)
erasing segment 170 (vno[0] = 232851)
erasing segment 171 (vno[0] = 234176)
erasing segment 172 (vno[0] = 235104)
erasing segment 173 (vno[0] = 235911)
erasing segment 174 (vno[0] = 235971)
erasing segment 175 (vno[0] = 236448)
erasing segment 176 (vno[0] = 236844)
erasing segment 177 (vno[0] = 239347)
erasing segment 178 (vno[0] = 240035)
erasing segment 179 (vno[0] = 240088)
erasing segment 180 (vno[0] = 241044)
erasing segment 181 (vno[0] = 242176)
erasing segment 182 (vno[0] = 244006)
erasing segment 183 (vno[0] = 244327)
erasing segment 184 (vno[0] = 245851)
erasing segment 185 (vno[0] = 245854)
erasing segment 186 (vno[0] = 247942)
erasing segment 187 (vno[0] = 248985)
erasing segment 188 (vno[0] = 250431)
erasing segment 189 (vno[0] = 250869)
mri_label2vol --defects /out/sourcedata/freesurfer/sub-v2s11x28692_ses-1/surf/rh.orig.nofix /out/sourcedata/freesurfer/sub-v2s11x28692_ses-1/surf/rh.defect_labels /out/sourcedata/freesurfer/sub-v2s11x28692_ses-1/mri/orig.mgz 2000 0 /out/sourcedata/freesurfer/sub-v2s11x28692_ses-1/mri/rh.surface.defects.mgz /out/sourcedata/freesurfer/sub-v2s11x28692_ses-1/label/rh.nofix.cortex.label
mri_label2vol supposed to be reproducible but seed not set
Contraining to label /out/sourcedata/freesurfer/sub-v2s11x28692_ses-1/label/rh.nofix.cortex.label
Changing input type 0 to MRI_INT
Converting defects to volume: offset=2000, merge=0
Writing to /out/sourcedata/freesurfer/sub-v2s11x28692_ses-1/mri/rh.surface.defects.mgz
mris_defects_pointset -s /out/sourcedata/freesurfer/sub-v2s11x28692_ses-1/surf/rh.orig.nofix -d /out/sourcedata/freesurfer/sub-v2s11x28692_ses-1/surf/rh.defect_labels -o /out/sourcedata/freesurfer/sub-v2s11x28692_ses-1/surf/rh.defects.pointset --label /out/sourcedata/freesurfer/sub-v2s11x28692_ses-1/label/rh.nofix.cortex.label
Reading in surface /out/sourcedata/freesurfer/sub-v2s11x28692_ses-1/surf/rh.orig.nofix
Reading in defect segmentation /out/sourcedata/freesurfer/sub-v2s11x28692_ses-1/surf/rh.defect_labels
Reading in label /out/sourcedata/freesurfer/sub-v2s11x28692_ses-1/label/rh.nofix.cortex.label
#VMPC# mris_defects_pointset 1428140
mris_defects_pointset done
 
Started at Tue Mar 10 23:34:23 CET 2026 
Ended   at Tue Mar 10 23:34:54 CET 2026
Defect2seg-Run-Time-Sec 31
Defect2seg-Run-Time-Min 0.62
Defect2seg-Run-Time-Hours 0.01
 
defect2seg Done
