status file for recon-all
Tue Mar 10 22:02:18 CET 2026
#@# Tessellate rh Tue Mar 10 22:02:18 CET 2026
#@# Smooth1 rh Tue Mar 10 22:02:26 CET 2026
#@# Inflation1 rh Tue Mar 10 22:02:30 CET 2026
#@# QSphere rh Tue Mar 10 22:04:07 CET 2026
#@# Fix Topology rh Tue Mar 10 22:05:31 CET 2026
#@# Smooth2 rh Tue Mar 10 23:49:57 CET 2026
#@# Inflation2 rh Tue Mar 10 23:50:02 CET 2026
#@# Curv .H and .K rh Tue Mar 10 23:50:58 CET 2026
#@# Sphere rh Tue Mar 10 23:52:18 CET 2026
#@# Surf Reg rh Wed Mar 11 00:00:15 CET 2026
#@# Jacobian white rh Wed Mar 11 00:09:05 CET 2026
#@# AvgCurv rh Wed Mar 11 00:09:06 CET 2026
#@# Cortical Parc rh Wed Mar 11 00:09:07 CET 2026
#@# white curv rh Wed Mar 11 00:21:56 CET 2026
#@# white area rh Wed Mar 11 00:21:59 CET 2026
#@# pial curv rh Wed Mar 11 00:21:59 CET 2026
#@# pial area rh Wed Mar 11 00:22:02 CET 2026
#@# thickness rh Wed Mar 11 00:22:03 CET 2026
#@# area and vertex vol rh Wed Mar 11 00:22:56 CET 2026
#@# Curvature Stats rh Wed Mar 11 00:22:58 CET 2026
#@# Cortical Parc 2 rh Wed Mar 11 00:23:01 CET 2026
#@# Cortical Parc 3 rh Wed Mar 11 00:23:22 CET 2026
#@# WM/GM Contrast rh Wed Mar 11 00:23:38 CET 2026
recon-all -s sub-v2s11x28692_ses-1 finished without error at Wed Mar 11 00:23:42 CET 2026



#New# invocation of recon-all 



status file for recon-all
Wed Mar 11 00:54:47 CET 2026
#@# white curv rh Wed Mar 11 00:54:47 CET 2026
#@# white area rh Wed Mar 11 00:54:47 CET 2026
#@# pial curv rh Wed Mar 11 00:54:47 CET 2026
#@# pial area rh Wed Mar 11 00:54:47 CET 2026
#@# thickness rh Wed Mar 11 00:54:47 CET 2026
#@# area and vertex vol rh Wed Mar 11 00:54:47 CET 2026
#@# Parcellation Stats rh Wed Mar 11 00:54:47 CET 2026
#@# Parcellation Stats 2 rh Wed Mar 11 00:55:30 CET 2026
#@# Parcellation Stats 3 rh Wed Mar 11 00:55:52 CET 2026
#@# BA_exvivo Labels rh Wed Mar 11 00:56:13 CET 2026
recon-all -s sub-v2s11x28692_ses-1 finished without error at Wed Mar 11 00:59:59 CET 2026
