status file for recon-all
Tue Mar 10 18:02:50 CET 2026
#@# MotionCor Tue Mar 10 18:02:54 CET 2026
#@# Talairach Tue Mar 10 18:03:04 CET 2026
#@# Talairach Failure Detection Tue Mar 10 18:10:12 CET 2026
#@# Talairach Tue Mar 10 18:10:12 CET 2026
#@# Talairach Failure Detection Tue Mar 10 18:17:19 CET 2026
#@# Talairach Tue Mar 10 18:17:19 CET 2026
#@# Talairach Failure Detection Tue Mar 10 18:23:08 CET 2026
#@# Nu Intensity Correction Tue Mar 10 18:23:08 CET 2026
#@# Intensity Normalization Tue Mar 10 18:29:24 CET 2026
recon-all -s sub-v2s11x28692_ses-1 finished without error at Tue Mar 10 18:33:39 CET 2026



#New# invocation of recon-all 



status file for recon-all
Tue Mar 10 18:40:57 CET 2026
#@# EM Registration Tue Mar 10 18:40:57 CET 2026
recon-all -s sub-v2s11x28692_ses-1 finished without error at Tue Mar 10 18:42:20 CET 2026



#New# invocation of recon-all 



status file for recon-all
Tue Mar 10 18:42:22 CET 2026
#@# CA Normalize Tue Mar 10 18:42:22 CET 2026
#@# CA Reg Tue Mar 10 18:44:10 CET 2026
#@# SubCort Seg Tue Mar 10 19:21:20 CET 2026
#@# CC Seg Tue Mar 10 20:41:04 CET 2026
#@# Merge ASeg Tue Mar 10 20:42:05 CET 2026
#@# Intensity Normalization2 Tue Mar 10 20:42:05 CET 2026
#@# Mask BFS Tue Mar 10 20:47:05 CET 2026
#@# WM Segmentation Tue Mar 10 20:47:07 CET 2026
#@# Fill Tue Mar 10 20:51:39 CET 2026
recon-all -s sub-v2s11x28692_ses-1 finished without error at Tue Mar 10 20:53:26 CET 2026



#New# invocation of recon-all 



status file for recon-all
Wed Mar 11 00:23:46 CET 2026
#@# white curv lh Wed Mar 11 00:23:46 CET 2026
#@# white area lh Wed Mar 11 00:23:46 CET 2026
#@# pial curv lh Wed Mar 11 00:23:46 CET 2026
#@# pial area lh Wed Mar 11 00:23:46 CET 2026
#@# thickness lh Wed Mar 11 00:23:47 CET 2026
#@# area and vertex vol lh Wed Mar 11 00:23:47 CET 2026
#@# white curv rh Wed Mar 11 00:23:47 CET 2026
#@# white area rh Wed Mar 11 00:23:47 CET 2026
#@# pial curv rh Wed Mar 11 00:23:47 CET 2026
#@# pial area rh Wed Mar 11 00:23:47 CET 2026
#@# thickness rh Wed Mar 11 00:23:47 CET 2026
#@# area and vertex vol rh Wed Mar 11 00:23:47 CET 2026
#@# Cortical ribbon mask Wed Mar 11 00:23:47 CET 2026
recon-all -s sub-v2s11x28692_ses-1 finished without error at Wed Mar 11 00:49:20 CET 2026



#New# invocation of recon-all 



status file for recon-all
Wed Mar 11 01:00:03 CET 2026
#@# white curv lh Wed Mar 11 01:00:03 CET 2026
#@# white area lh Wed Mar 11 01:00:03 CET 2026
#@# pial curv lh Wed Mar 11 01:00:03 CET 2026
#@# pial area lh Wed Mar 11 01:00:03 CET 2026
#@# thickness lh Wed Mar 11 01:00:03 CET 2026
#@# area and vertex vol lh Wed Mar 11 01:00:03 CET 2026
#@# white curv rh Wed Mar 11 01:00:03 CET 2026
#@# white area rh Wed Mar 11 01:00:03 CET 2026
#@# pial curv rh Wed Mar 11 01:00:03 CET 2026
#@# pial area rh Wed Mar 11 01:00:03 CET 2026
#@# thickness rh Wed Mar 11 01:00:03 CET 2026
#@# area and vertex vol rh Wed Mar 11 01:00:03 CET 2026
#@# Curvature Stats lh Wed Mar 11 01:00:03 CET 2026
#@# Curvature Stats rh Wed Mar 11 01:00:07 CET 2026
#@# Relabel Hypointensities Wed Mar 11 01:00:10 CET 2026
#@# APas-to-ASeg Wed Mar 11 01:00:35 CET 2026
#@# AParc-to-ASeg aparc Wed Mar 11 01:00:53 CET 2026
#@# AParc-to-ASeg aparc.a2009s Wed Mar 11 01:02:18 CET 2026
#@# AParc-to-ASeg aparc.DKTatlas Wed Mar 11 01:03:42 CET 2026
#@# WMParc Wed Mar 11 01:05:09 CET 2026
#@# ASeg Stats Wed Mar 11 01:10:29 CET 2026
recon-all -s sub-v2s11x28692_ses-1 finished without error at Wed Mar 11 01:11:14 CET 2026
