Log file for defect2seg
Tue Mar 10 18:26:21 CET 2026

setenv SUBJECTS_DIR /out/sourcedata/freesurfer
cd /out/sourcedata/freesurfer/sub-v2s11x28686_ses-1/scripts
/opt/freesurfer/bin/defect2seg --s sub-v2s11x28686_ses-1 --rh-only --cortex

freesurfer-linux-ubuntu22_x86_64-7.3.2-20220804-6354275
defect2seg 7.3.2
Linux dna013 5.14.0-427.37.1.el9_4.x86_64 #1 SMP PREEMPT_DYNAMIC Fri Sep 13 12:41:50 EDT 2024 x86_64 x86_64 x86_64 GNU/Linux
pid 1948608
mri_label2label --label-cortex /out/sourcedata/freesurfer/sub-v2s11x28686_ses-1/surf/rh.orig.nofix /out/sourcedata/freesurfer/sub-v2s11x28686_ses-1/mri/aseg.presurf.mgz 0 /out/sourcedata/freesurfer/sub-v2s11x28686_ses-1/label/rh.nofix.cortex.label

 Generating cortex label... RemoveHipAmgy=0
 NucAccIsMedialWall=0
 mris->useRealRAS=0
28 non-cortical segments detected
only using segment with 12450 vertices
erasing segment 0 (vno[0] = 46419)
erasing segment 1 (vno[0] = 49946)
erasing segment 2 (vno[0] = 51799)
erasing segment 3 (vno[0] = 55367)
erasing segment 5 (vno[0] = 116716)
erasing segment 6 (vno[0] = 120744)
erasing segment 7 (vno[0] = 170194)
erasing segment 8 (vno[0] = 183309)
erasing segment 9 (vno[0] = 185455)
erasing segment 10 (vno[0] = 186627)
erasing segment 11 (vno[0] = 187670)
erasing segment 12 (vno[0] = 190340)
erasing segment 13 (vno[0] = 190428)
erasing segment 14 (vno[0] = 190484)
erasing segment 15 (vno[0] = 192017)
erasing segment 16 (vno[0] = 193368)
erasing segment 17 (vno[0] = 194408)
erasing segment 18 (vno[0] = 194553)
erasing segment 19 (vno[0] = 195530)
erasing segment 20 (vno[0] = 195892)
erasing segment 21 (vno[0] = 197929)
erasing segment 22 (vno[0] = 199898)
erasing segment 23 (vno[0] = 204463)
erasing segment 24 (vno[0] = 204465)
erasing segment 25 (vno[0] = 204479)
erasing segment 26 (vno[0] = 206680)
erasing segment 27 (vno[0] = 230335)
mri_label2vol --defects /out/sourcedata/freesurfer/sub-v2s11x28686_ses-1/surf/rh.orig.nofix /out/sourcedata/freesurfer/sub-v2s11x28686_ses-1/surf/rh.defect_labels /out/sourcedata/freesurfer/sub-v2s11x28686_ses-1/mri/orig.mgz 2000 0 /out/sourcedata/freesurfer/sub-v2s11x28686_ses-1/mri/rh.surface.defects.mgz /out/sourcedata/freesurfer/sub-v2s11x28686_ses-1/label/rh.nofix.cortex.label
mri_label2vol supposed to be reproducible but seed not set
Contraining to label /out/sourcedata/freesurfer/sub-v2s11x28686_ses-1/label/rh.nofix.cortex.label
Changing input type 0 to MRI_INT
Converting defects to volume: offset=2000, merge=0
Writing to /out/sourcedata/freesurfer/sub-v2s11x28686_ses-1/mri/rh.surface.defects.mgz
mris_defects_pointset -s /out/sourcedata/freesurfer/sub-v2s11x28686_ses-1/surf/rh.orig.nofix -d /out/sourcedata/freesurfer/sub-v2s11x28686_ses-1/surf/rh.defect_labels -o /out/sourcedata/freesurfer/sub-v2s11x28686_ses-1/surf/rh.defects.pointset --label /out/sourcedata/freesurfer/sub-v2s11x28686_ses-1/label/rh.nofix.cortex.label
Reading in surface /out/sourcedata/freesurfer/sub-v2s11x28686_ses-1/surf/rh.orig.nofix
Reading in defect segmentation /out/sourcedata/freesurfer/sub-v2s11x28686_ses-1/surf/rh.defect_labels
Reading in label /out/sourcedata/freesurfer/sub-v2s11x28686_ses-1/label/rh.nofix.cortex.label
#VMPC# mris_defects_pointset 1407660
mris_defects_pointset done
 
Started at Tue Mar 10 18:26:21 CET 2026 
Ended   at Tue Mar 10 18:26:54 CET 2026
Defect2seg-Run-Time-Sec 33
Defect2seg-Run-Time-Min 0.66
Defect2seg-Run-Time-Hours 0.01
 
defect2seg Done
