Log file for defect2seg
Tue Mar 10 18:13:42 CET 2026

setenv SUBJECTS_DIR /out/sourcedata/freesurfer
cd /out/sourcedata/freesurfer/sub-v2s11x28689_ses-1/scripts
/opt/freesurfer/bin/defect2seg --s sub-v2s11x28689_ses-1 --rh-only --cortex

freesurfer-linux-ubuntu22_x86_64-7.3.2-20220804-6354275
defect2seg 7.3.2
Linux dna029 5.14.0-427.37.1.el9_4.x86_64 #1 SMP PREEMPT_DYNAMIC Fri Sep 13 12:41:50 EDT 2024 x86_64 x86_64 x86_64 GNU/Linux
pid 374196
mri_label2label --label-cortex /out/sourcedata/freesurfer/sub-v2s11x28689_ses-1/surf/rh.orig.nofix /out/sourcedata/freesurfer/sub-v2s11x28689_ses-1/mri/aseg.presurf.mgz 0 /out/sourcedata/freesurfer/sub-v2s11x28689_ses-1/label/rh.nofix.cortex.label

 Generating cortex label... RemoveHipAmgy=0
 NucAccIsMedialWall=0
 mris->useRealRAS=0
36 non-cortical segments detected
only using segment with 12537 vertices
erasing segment 1 (vno[0] = 121523)
erasing segment 2 (vno[0] = 139886)
erasing segment 3 (vno[0] = 145950)
erasing segment 4 (vno[0] = 160253)
erasing segment 5 (vno[0] = 160612)
erasing segment 6 (vno[0] = 164292)
erasing segment 7 (vno[0] = 164300)
erasing segment 8 (vno[0] = 169551)
erasing segment 9 (vno[0] = 172432)
erasing segment 10 (vno[0] = 181165)
erasing segment 11 (vno[0] = 182353)
erasing segment 12 (vno[0] = 184486)
erasing segment 13 (vno[0] = 184664)
erasing segment 14 (vno[0] = 186883)
erasing segment 15 (vno[0] = 186949)
erasing segment 16 (vno[0] = 187810)
erasing segment 17 (vno[0] = 187901)
erasing segment 18 (vno[0] = 187935)
erasing segment 19 (vno[0] = 187980)
erasing segment 20 (vno[0] = 188010)
erasing segment 21 (vno[0] = 188103)
erasing segment 22 (vno[0] = 188952)
erasing segment 23 (vno[0] = 189197)
erasing segment 24 (vno[0] = 190102)
erasing segment 25 (vno[0] = 190198)
erasing segment 26 (vno[0] = 191231)
erasing segment 27 (vno[0] = 191273)
erasing segment 28 (vno[0] = 191287)
erasing segment 29 (vno[0] = 191302)
erasing segment 30 (vno[0] = 192383)
erasing segment 31 (vno[0] = 198872)
erasing segment 32 (vno[0] = 198876)
erasing segment 33 (vno[0] = 213444)
erasing segment 34 (vno[0] = 220271)
erasing segment 35 (vno[0] = 221199)
mri_label2vol --defects /out/sourcedata/freesurfer/sub-v2s11x28689_ses-1/surf/rh.orig.nofix /out/sourcedata/freesurfer/sub-v2s11x28689_ses-1/surf/rh.defect_labels /out/sourcedata/freesurfer/sub-v2s11x28689_ses-1/mri/orig.mgz 2000 0 /out/sourcedata/freesurfer/sub-v2s11x28689_ses-1/mri/rh.surface.defects.mgz /out/sourcedata/freesurfer/sub-v2s11x28689_ses-1/label/rh.nofix.cortex.label
mri_label2vol supposed to be reproducible but seed not set
Contraining to label /out/sourcedata/freesurfer/sub-v2s11x28689_ses-1/label/rh.nofix.cortex.label
Changing input type 0 to MRI_INT
Converting defects to volume: offset=2000, merge=0
Writing to /out/sourcedata/freesurfer/sub-v2s11x28689_ses-1/mri/rh.surface.defects.mgz
mris_defects_pointset -s /out/sourcedata/freesurfer/sub-v2s11x28689_ses-1/surf/rh.orig.nofix -d /out/sourcedata/freesurfer/sub-v2s11x28689_ses-1/surf/rh.defect_labels -o /out/sourcedata/freesurfer/sub-v2s11x28689_ses-1/surf/rh.defects.pointset --label /out/sourcedata/freesurfer/sub-v2s11x28689_ses-1/label/rh.nofix.cortex.label
Reading in surface /out/sourcedata/freesurfer/sub-v2s11x28689_ses-1/surf/rh.orig.nofix
Reading in defect segmentation /out/sourcedata/freesurfer/sub-v2s11x28689_ses-1/surf/rh.defect_labels
Reading in label /out/sourcedata/freesurfer/sub-v2s11x28689_ses-1/label/rh.nofix.cortex.label
#VMPC# mris_defects_pointset 1392412
mris_defects_pointset done
 
Started at Tue Mar 10 18:13:42 CET 2026 
Ended   at Tue Mar 10 18:14:14 CET 2026
Defect2seg-Run-Time-Sec 32
Defect2seg-Run-Time-Min 0.64
Defect2seg-Run-Time-Hours 0.01
 
defect2seg Done
