status file for recon-all
Tue Mar 10 14:38:37 CET 2026
#@# MotionCor Tue Mar 10 14:38:41 CET 2026
#@# Talairach Tue Mar 10 14:38:52 CET 2026
#@# Talairach Failure Detection Tue Mar 10 14:46:04 CET 2026
#@# Nu Intensity Correction Tue Mar 10 14:46:04 CET 2026
#@# Intensity Normalization Tue Mar 10 14:52:22 CET 2026
recon-all -s sub-v2s11x28689_ses-1 finished without error at Tue Mar 10 14:56:54 CET 2026



#New# invocation of recon-all 



status file for recon-all
Tue Mar 10 15:04:00 CET 2026
#@# EM Registration Tue Mar 10 15:04:00 CET 2026
recon-all -s sub-v2s11x28689_ses-1 finished without error at Tue Mar 10 15:06:04 CET 2026



#New# invocation of recon-all 



status file for recon-all
Tue Mar 10 15:06:08 CET 2026
#@# CA Normalize Tue Mar 10 15:06:08 CET 2026
#@# CA Reg Tue Mar 10 15:07:58 CET 2026
#@# SubCort Seg Tue Mar 10 16:03:19 CET 2026
#@# CC Seg Tue Mar 10 17:11:35 CET 2026
#@# Merge ASeg Tue Mar 10 17:12:25 CET 2026
#@# Intensity Normalization2 Tue Mar 10 17:12:25 CET 2026
#@# Mask BFS Tue Mar 10 17:17:11 CET 2026
#@# WM Segmentation Tue Mar 10 17:17:12 CET 2026
#@# Fill Tue Mar 10 17:21:28 CET 2026
recon-all -s sub-v2s11x28689_ses-1 finished without error at Tue Mar 10 17:23:16 CET 2026



#New# invocation of recon-all 



status file for recon-all
Tue Mar 10 19:04:15 CET 2026
#@# white curv lh Tue Mar 10 19:04:15 CET 2026
#@# white area lh Tue Mar 10 19:04:15 CET 2026
#@# pial curv lh Tue Mar 10 19:04:15 CET 2026
#@# pial area lh Tue Mar 10 19:04:15 CET 2026
#@# thickness lh Tue Mar 10 19:04:15 CET 2026
#@# area and vertex vol lh Tue Mar 10 19:04:15 CET 2026
#@# white curv rh Tue Mar 10 19:04:15 CET 2026
#@# white area rh Tue Mar 10 19:04:15 CET 2026
#@# pial curv rh Tue Mar 10 19:04:15 CET 2026
#@# pial area rh Tue Mar 10 19:04:15 CET 2026
#@# thickness rh Tue Mar 10 19:04:15 CET 2026
#@# area and vertex vol rh Tue Mar 10 19:04:15 CET 2026
#@# Cortical ribbon mask Tue Mar 10 19:04:15 CET 2026
recon-all -s sub-v2s11x28689_ses-1 finished without error at Tue Mar 10 19:24:23 CET 2026



#New# invocation of recon-all 



status file for recon-all
Tue Mar 10 19:37:31 CET 2026
#@# white curv lh Tue Mar 10 19:37:31 CET 2026
#@# white area lh Tue Mar 10 19:37:31 CET 2026
#@# pial curv lh Tue Mar 10 19:37:31 CET 2026
#@# pial area lh Tue Mar 10 19:37:31 CET 2026
#@# thickness lh Tue Mar 10 19:37:31 CET 2026
#@# area and vertex vol lh Tue Mar 10 19:37:31 CET 2026
#@# white curv rh Tue Mar 10 19:37:31 CET 2026
#@# white area rh Tue Mar 10 19:37:31 CET 2026
#@# pial curv rh Tue Mar 10 19:37:31 CET 2026
#@# pial area rh Tue Mar 10 19:37:31 CET 2026
#@# thickness rh Tue Mar 10 19:37:31 CET 2026
#@# area and vertex vol rh Tue Mar 10 19:37:31 CET 2026
#@# Curvature Stats lh Tue Mar 10 19:37:31 CET 2026
#@# Curvature Stats rh Tue Mar 10 19:37:35 CET 2026
#@# Relabel Hypointensities Tue Mar 10 19:37:40 CET 2026
#@# APas-to-ASeg Tue Mar 10 19:38:12 CET 2026
#@# AParc-to-ASeg aparc Tue Mar 10 19:38:28 CET 2026
#@# AParc-to-ASeg aparc.a2009s Tue Mar 10 19:40:09 CET 2026
#@# AParc-to-ASeg aparc.DKTatlas Tue Mar 10 19:41:44 CET 2026
#@# WMParc Tue Mar 10 19:43:26 CET 2026
#@# ASeg Stats Tue Mar 10 19:49:39 CET 2026
recon-all -s sub-v2s11x28689_ses-1 finished without error at Tue Mar 10 19:50:41 CET 2026
