status file for recon-all
Tue Mar 10 18:06:22 CET 2026
#@# Tessellate rh Tue Mar 10 18:06:22 CET 2026
#@# Smooth1 rh Tue Mar 10 18:06:30 CET 2026
#@# Inflation1 rh Tue Mar 10 18:06:35 CET 2026
#@# QSphere rh Tue Mar 10 18:08:40 CET 2026
#@# Fix Topology rh Tue Mar 10 18:10:22 CET 2026
#@# Smooth2 rh Tue Mar 10 18:21:44 CET 2026
#@# Inflation2 rh Tue Mar 10 18:21:49 CET 2026
#@# Curv .H and .K rh Tue Mar 10 18:22:38 CET 2026
#@# Sphere rh Tue Mar 10 18:24:04 CET 2026
#@# Surf Reg rh Tue Mar 10 18:36:43 CET 2026
#@# Jacobian white rh Tue Mar 10 18:50:32 CET 2026
#@# AvgCurv rh Tue Mar 10 18:50:33 CET 2026
#@# Cortical Parc rh Tue Mar 10 18:50:35 CET 2026
#@# white curv rh Tue Mar 10 19:02:08 CET 2026
#@# white area rh Tue Mar 10 19:02:11 CET 2026
#@# pial curv rh Tue Mar 10 19:02:12 CET 2026
#@# pial area rh Tue Mar 10 19:02:16 CET 2026
#@# thickness rh Tue Mar 10 19:02:17 CET 2026
#@# area and vertex vol rh Tue Mar 10 19:03:12 CET 2026
#@# Curvature Stats rh Tue Mar 10 19:03:15 CET 2026
#@# Cortical Parc 2 rh Tue Mar 10 19:03:20 CET 2026
#@# Cortical Parc 3 rh Tue Mar 10 19:03:44 CET 2026
#@# WM/GM Contrast rh Tue Mar 10 19:04:02 CET 2026
recon-all -s sub-v2s11x28689_ses-1 finished without error at Tue Mar 10 19:04:08 CET 2026



#New# invocation of recon-all 



status file for recon-all
Tue Mar 10 19:30:41 CET 2026
#@# white curv rh Tue Mar 10 19:30:41 CET 2026
#@# white area rh Tue Mar 10 19:30:41 CET 2026
#@# pial curv rh Tue Mar 10 19:30:41 CET 2026
#@# pial area rh Tue Mar 10 19:30:41 CET 2026
#@# thickness rh Tue Mar 10 19:30:41 CET 2026
#@# area and vertex vol rh Tue Mar 10 19:30:41 CET 2026
#@# Parcellation Stats rh Tue Mar 10 19:30:41 CET 2026
#@# Parcellation Stats 2 rh Tue Mar 10 19:31:38 CET 2026
#@# Parcellation Stats 3 rh Tue Mar 10 19:32:11 CET 2026
#@# BA_exvivo Labels rh Tue Mar 10 19:32:46 CET 2026
recon-all -s sub-v2s11x28689_ses-1 finished without error at Tue Mar 10 19:37:27 CET 2026
