/out/sourcedata/freesurfer/sub-v2s11x28725_ses-1/mri
/opt/freesurfer/bin/talairach_avi
--i orig_nu.mgz --xfm transforms/talairach.auto.xfm
talairach_avi 7.3.2
Linux dna059 5.14.0-427.37.1.el9_4.x86_64 #1 SMP PREEMPT_DYNAMIC Fri Sep 13 12:41:50 EDT 2024 x86_64 x86_64 x86_64 GNU/Linux
Tue Mar 10 21:31:29 CET 2026
mri_convert orig_nu.mgz talsrcimg.img 
reading from orig_nu.mgz...
TR=0.00, TE=0.00, TI=0.00, flip angle=0.00
i_ras = (-1, 0, 0)
j_ras = (0, 0, -1)
k_ras = (0, 1, 0)
writing to talsrcimg.img...
Analyze Output Matrix
-0.80000   0.00000   0.00000   131.51154;
 0.00000   0.00000   0.80000  -133.64061;
 0.00000  -0.80000   0.00000   155.55927;
 0.00000   0.00000   0.00000   1.00000;
--------------------
INFO: set hdr.hist.orient to -1
mpr2mni305 talsrcimg
Tue Mar 10 21:31:29 CET 2026
/opt/freesurfer/bin/mpr2mni305 talsrcimg
mpr2mni305 7.3.2
target=711-2C_as_mni_average_305

---------------------------------------------------------------------
analyzeto4dfp talsrcimg -O0 -y
---------------------------------------------------------------------

freesurfer ifh2hdr.c
Tue Mar 10 21:31:30 2026
Writing: talsrcimg.4dfp.hdr
freesurfer analyzeto4dfp.c
Reading: talsrcimg.hdr
header size 348 bytes
hdr.dime.datatype	offset=70	value=2
hdr.dime.bitpix		offset=72	value=8
hdr.hist.orient		offset=252	value=-1
dimensionality     4
dimensions       320       320       320         1
Reading: talsrcimg.img
Writing: talsrcimg.4dfp.img
Writing: talsrcimg.4dfp.ifh
ifh2hdr talsrcimg -r0to172
ori=2

---------------------------------------------------------------------
gauss_4dfp talsrcimg 1.1
---------------------------------------------------------------------

freesurfer gauss_4dfp.c
Reading: talsrcimg.4dfp.img
Writing: talsrcimg_g11.4dfp.img
image dimensions 320 320 320 padded to 384 384 384
processing volume 1freesurfer ifh2hdr.c
Tue Mar 10 21:31:47 2026
Writing: talsrcimg_g11.4dfp.hdr

Writing: talsrcimg_g11.4dfp.ifh
including: talsrcimg.4dfp.img.rec in talsrcimg_g11.4dfp.img.rec

---------------------------------------------------------------------
imgreg_4dfp /opt/freesurfer/average/711-2C_as_mni_average_305 none talsrcimg_g11 none talsrcimg_to_711-2C_as_mni_average_305_t4 4355
---------------------------------------------------------------------

freesurfer imgreg_4dfp.c
/opt/freesurfer/average/711-2C_as_mni_average_305.4dfp.img
       256       256       256         1
  1.000000  1.000000  1.000000
orientation T byte_order littleendian
Reading image: /opt/freesurfer/average/711-2C_as_mni_average_305.4dfp.img
dimensions:      256       256       256
mmppix:       1.0000   -1.0000   -1.0000
center:     128.0000 -129.0000 -129.0000
talsrcimg_g11.4dfp.img
       320       320       320         1
  0.800000  0.800000  0.800000
orientation T byte_order littleendian
Reading image: talsrcimg_g11.4dfp.img
dimensions:      320       320       320
mmppix:       0.8000   -0.8000   -0.8000
center:     128.0000 -128.8000 -128.8000
t4_read: open error in t4_sub.f l:  41 t4_file(1:l)talsrcimg_to_711-2C_as_mni_average_305_t4 
t4_read: transform initialized to I4
rotation matrix determinant  1.000000
image alignment mode   4355 decimal     1103 hex
   -7.5000  -45.0000  -45.0000 8462.5049   17.9168
    0.0000  -45.0000  -45.0000 8900.9961   18.0276
    7.5000  -45.0000  -45.0000 8478.9971   17.9965
   -7.5000  -37.5000  -45.0000 8974.4170   17.9616
    0.0000  -37.5000  -45.0000 9443.0996   18.0713
    7.5000  -37.5000  -45.0000 8995.5635   18.0447
   -7.5000  -30.0000  -45.0000 9859.4668   18.0633
    0.0000  -30.0000  -45.000010357.3916   18.1749
    7.5000  -30.0000  -45.0000 9855.2910   18.1537
   -7.5000  -22.5000  -45.000010769.4121   18.1246
    0.0000  -22.5000  -45.000011303.6533   18.2393
    7.5000  -22.5000  -45.000010754.4727   18.2191
   -7.5000  -15.0000  -45.000011644.6406   18.0937
    0.0000  -15.0000  -45.000012218.9238   18.2096
    7.5000  -15.0000  -45.000011609.0264   18.1844
   -7.5000   -7.5000  -45.000012508.8213   17.9847
    0.0000   -7.5000  -45.000013118.4375   18.0986
    7.5000   -7.5000  -45.000012448.6191   18.0680
   -7.5000    0.0000  -45.000013138.5781   17.9168
    0.0000    0.0000  -45.000013784.1191   18.0276
    7.5000    0.0000  -45.000013064.4150   17.9965
   -7.5000    7.5000  -45.000012678.4395   17.9616
    0.0000    7.5000  -45.000013289.0039   18.0713
    7.5000    7.5000  -45.000012605.4492   18.0447
   -7.5000   15.0000  -45.000012021.3779   18.0633
    0.0000   15.0000  -45.000012619.4854   18.1749
    7.5000   15.0000  -45.000011955.9180   18.1537
   -7.5000   22.5000  -45.000011258.9238   18.1221
    0.0000   22.5000  -45.000011833.4814   18.2368
    7.5000   22.5000  -45.000011202.6416   18.2166
   -7.5000   30.0000  -45.000010488.2217   17.8526
    0.0000   30.0000  -45.000011033.0098   17.9670
    7.5000   30.0000  -45.000010438.8799   17.9420
   -7.5000   37.5000  -45.000010082.1836   17.7450
    0.0000   37.5000  -45.000010622.4023   17.8575
    7.5000   37.5000  -45.000010056.9287   17.8272
   -7.5000   45.0000  -45.0000 9284.5859   17.2291
    0.0000   45.0000  -45.0000 9778.7002   17.3357
    7.5000   45.0000  -45.0000 9276.7861   17.3058
   -7.5000  -45.0000  -37.5000 8747.9863   17.6454
    0.0000  -45.0000  -37.5000 9195.0186   17.7632
    7.5000  -45.0000  -37.5000 8755.6152   17.7334
   -7.5000  -37.5000  -37.5000 9281.9346   17.7034
    0.0000  -37.5000  -37.5000 9761.5547   17.8202
    7.5000  -37.5000  -37.5000 9284.6699   17.7939
   -7.5000  -30.0000  -37.500010199.1621   17.8074
    0.0000  -30.0000  -37.500010707.0332   17.9264
    7.5000  -30.0000  -37.500010183.9385   17.9056
   -7.5000  -22.5000  -37.500011134.0391   17.8578
    0.0000  -22.5000  -37.500011688.2920   17.9799
    7.5000  -22.5000  -37.500011105.5957   17.9608
   -7.5000  -15.0000  -37.500012041.4746   17.8137
    0.0000  -15.0000  -37.500012620.9453   17.9370
    7.5000  -15.0000  -37.500011991.0430   17.9139
   -7.5000   -7.5000  -37.500012919.7568   17.7024
    0.0000   -7.5000  -37.500013525.5830   17.8238
    7.5000   -7.5000  -37.500012838.8711   17.7955
   -7.5000    0.0000  -37.500013566.6650   17.6454
    0.0000    0.0000  -37.500014202.2246   17.7632
    7.5000    0.0000  -37.500013471.0703   17.7334
   -7.5000    7.5000  -37.500013077.5381   17.7034
    0.0000    7.5000  -37.500013700.2275   17.8202
    7.5000    7.5000  -37.500012990.1143   17.7939
   -7.5000   15.0000  -37.500012379.7852   17.8074
    0.0000   15.0000  -37.500012993.6709   17.9264
    7.5000   15.0000  -37.500012315.2246   17.9056
   -7.5000   22.5000  -37.500011580.0391   17.8553
    0.0000   22.5000  -37.500012159.2246   17.9774
    7.5000   22.5000  -37.500011534.8242   17.9583
   -7.5000   30.0000  -37.500010774.2461   17.5763
    0.0000   30.0000  -37.500011316.7031   17.6980
    7.5000   30.0000  -37.500010756.3330   17.6752
   -7.5000   37.5000  -37.500010361.1182   17.4665
    0.0000   37.5000  -37.500010869.2480   17.5862
    7.5000   37.5000  -37.500010353.9248   17.5584
   -7.5000   45.0000  -37.5000 9538.4326   16.9682
    0.0000   45.0000  -37.500010006.7598   17.0815
    7.5000   45.0000  -37.5000 9537.3047   17.0528
   -7.5000  -45.0000  -30.0000 9309.0459   17.8829
    0.0000  -45.0000  -30.0000 9783.5137   18.0094
    7.5000  -45.0000  -30.0000 9309.4688   17.9813
   -7.5000  -37.5000  -30.0000 9885.6377   17.9432
    0.0000  -37.5000  -30.000010376.0537   18.0698
    7.5000  -37.5000  -30.0000 9877.6729   18.0456
   -7.5000  -30.0000  -30.000010863.8154   18.0568
    0.0000  -30.0000  -30.000011388.8193   18.1857
    7.5000  -30.0000  -30.000010841.3740   18.1661
   -7.5000  -22.5000  -30.000011862.5967   18.1156
    0.0000  -22.5000  -30.000012430.3721   18.2470
    7.5000  -22.5000  -30.000011809.1465   18.2272
   -7.5000  -15.0000  -30.000012813.4648   18.0702
    0.0000  -15.0000  -30.000013401.1582   18.2019
    7.5000  -15.0000  -30.000012743.2822   18.1776
   -7.5000   -7.5000  -30.000013727.6650   17.9482
    0.0000   -7.5000  -30.000014369.5928   18.0775
    7.5000   -7.5000  -30.000013644.9844   18.0493
   -7.5000    0.0000  -30.000014402.5186   17.8829
    0.0000    0.0000  -30.000015074.9004   18.0094
    7.5000    0.0000  -30.000014307.9561   17.9813
   -7.5000    7.5000  -30.000013890.4023   17.9432
    0.0000    7.5000  -30.000014545.3516   18.0698
    7.5000    7.5000  -30.000013801.3721   18.0456
   -7.5000   15.0000  -30.000013151.0625   18.0568
    0.0000   15.0000  -30.000013785.0127   18.1857
    7.5000   15.0000  -30.000013087.7861   18.1661
   -7.5000   22.5000  -30.000012286.2031   18.1113
    0.0000   22.5000  -30.000012876.2979   18.2426
    7.5000   22.5000  -30.000012255.8672   18.2228
   -7.5000   30.0000  -30.000011415.9746   17.8311
    0.0000   30.0000  -30.000011960.1641   17.9610
    7.5000   30.0000  -30.000011424.6846   17.9371
   -7.5000   37.5000  -30.000010960.1670   17.7107
    0.0000   37.5000  -30.000011472.2705   17.8383
    7.5000   37.5000  -30.000010984.2686   17.8105
   -7.5000   45.0000  -30.000010066.5029   17.2092
    0.0000   45.0000  -30.000010547.5791   17.3309
    7.5000   45.0000  -30.000010098.5068   17.3039
   -7.5000  -45.0000  -22.5000 9860.3838   18.0843
    0.0000  -45.0000  -22.500010354.0654   18.2104
    7.5000  -45.0000  -22.5000 9864.6406   18.1848
   -7.5000  -37.5000  -22.500010484.9043   18.1362
    0.0000  -37.5000  -22.500010988.9199   18.2634
    7.5000  -37.5000  -22.500010486.2363   18.2430
   -7.5000  -30.0000  -22.500011515.6455   18.2524
    0.0000  -30.0000  -22.500012072.8789   18.3826
    7.5000  -30.0000  -22.500011506.2637   18.3657
   -7.5000  -22.5000  -22.500012573.8633   18.3242
    0.0000  -22.5000  -22.500013178.1914   18.4566
    7.5000  -22.5000  -22.500012532.7188   18.4373
   -7.5000  -15.0000  -22.500013584.1904   18.2883
    0.0000  -15.0000  -22.500014210.0078   18.4196
    7.5000  -15.0000  -22.500013512.8369   18.3945
   -7.5000   -7.5000  -22.500014535.2246   18.1616
    0.0000   -7.5000  -22.500015225.6738   18.2897
    7.5000   -7.5000  -22.500014460.6211   18.2616
   -7.5000    0.0000  -22.500015235.2090   18.0843
    0.0000    0.0000  -22.500015960.5635   18.2104
    7.5000    0.0000  -22.500015155.2588   18.1848
   -7.5000    7.5000  -22.500014692.2920   18.1362
    0.0000    7.5000  -22.500015380.0557   18.2634
    7.5000    7.5000  -22.500014620.6865   18.2430
   -7.5000   15.0000  -22.500013929.6230   18.2524
    0.0000   15.0000  -22.500014576.6455   18.3826
    7.5000   15.0000  -22.500013875.1289   18.3657
   -7.5000   22.5000  -22.500013007.3594   18.3186
    0.0000   22.5000  -22.500013601.1455   18.4509
    7.5000   22.5000  -22.500012990.2373   18.4316
   -7.5000   30.0000  -22.500012094.9531   18.0491
    0.0000   30.0000  -22.500012634.8701   18.1787
    7.5000   30.0000  -22.500012107.8730   18.1539
   -7.5000   37.5000  -22.500011612.6240   17.9241
    0.0000   37.5000  -22.500012126.9014   18.0505
    7.5000   37.5000  -22.500011644.3301   18.0228
   -7.5000   45.0000  -22.500010649.1543   17.4161
    0.0000   45.0000  -22.500011116.5244   17.5375
    7.5000   45.0000  -22.500010673.9580   17.5129
   -7.5000  -45.0000  -15.000010439.1885   18.2563
    0.0000  -45.0000  -15.000010951.8457   18.3769
    7.5000  -45.0000  -15.000010450.7178   18.3532
   -7.5000  -37.5000  -15.000011130.4678   18.2996
    0.0000  -37.5000  -15.000011649.2158   18.4208
    7.5000  -37.5000  -15.000011122.9395   18.4027
   -7.5000  -30.0000  -15.000012225.4072   18.4129
    0.0000  -30.0000  -15.000012810.7451   18.5369
    7.5000  -30.0000  -15.000012209.3408   18.5217
   -7.5000  -22.5000  -15.000013361.9297   18.4919
    0.0000  -22.5000  -15.000013999.4004   18.6183
    7.5000  -22.5000  -15.000013305.4531   18.6000
   -7.5000  -15.0000  -15.000014428.8271   18.4651
    0.0000  -15.0000  -15.000015115.4580   18.5905
    7.5000  -15.0000  -15.000014346.4326   18.5659
   -7.5000   -7.5000  -15.000015421.5703   18.3397
    0.0000   -7.5000  -15.000016181.4961   18.4621
    7.5000   -7.5000  -15.000015339.6338   18.4350
   -7.5000    0.0000  -15.000016163.7988   18.2563
    0.0000    0.0000  -15.000016934.0703   18.3769
    7.5000    0.0000  -15.000016074.6357   18.3532
   -7.5000    7.5000  -15.000015581.6289   18.2996
    0.0000    7.5000  -15.000016316.2266   18.4208
    7.5000    7.5000  -15.000015507.0605   18.4027
   -7.5000   15.0000  -15.000014767.2598   18.4129
    0.0000   15.0000  -15.000015446.1426   18.5369
    7.5000   15.0000  -15.000014720.5439   18.5217
   -7.5000   22.5000  -15.000013794.1475   18.4854
    0.0000   22.5000  -15.000014405.7529   18.6117
    7.5000   22.5000  -15.000013780.1357   18.5935
   -7.5000   30.0000  -15.000012849.3428   18.2261
    0.0000   30.0000  -15.000013405.8838   18.3499
    7.5000   30.0000  -15.000012868.1074   18.3257
   -7.5000   37.5000  -15.000012355.7861   18.1023
    0.0000   37.5000  -15.000012884.2578   18.2232
    7.5000   37.5000  -15.000012387.8906   18.1964
   -7.5000   45.0000  -15.000011324.3027   17.5924
    0.0000   45.0000  -15.000011806.7324   17.7085
    7.5000   45.0000  -15.000011333.3438   17.6857
   -7.5000  -45.0000   -7.500011038.3174   18.2760
    0.0000  -45.0000   -7.500011546.6729   18.3932
    7.5000  -45.0000   -7.500011037.0762   18.3688
   -7.5000  -37.5000   -7.500011808.3613   18.3191
    0.0000  -37.5000   -7.500012357.9766   18.4360
    7.5000  -37.5000   -7.500011785.3408   18.4161
   -7.5000  -30.0000   -7.500013014.4385   18.4238
    0.0000  -30.0000   -7.500013624.6807   18.5428
    7.5000  -30.0000   -7.500012969.3262   18.5268
   -7.5000  -22.5000   -7.500014206.5713   18.4942
    0.0000  -22.5000   -7.500014906.2178   18.6160
    7.5000  -22.5000   -7.500014148.3818   18.5991
   -7.5000  -15.0000   -7.500015354.1230   18.4672
    0.0000  -15.0000   -7.500016116.0303   18.5890
    7.5000  -15.0000   -7.500015264.2080   18.5668
   -7.5000   -7.5000   -7.500016430.5586   18.3506
    0.0000   -7.5000   -7.500017241.0430   18.4700
    7.5000   -7.5000   -7.500016325.6562   18.4441
   -7.5000    0.0000   -7.500017201.2246   18.2760
    0.0000    0.0000   -7.500018022.1016   18.3932
    7.5000    0.0000   -7.500017095.5938   18.3688
   -7.5000    7.5000   -7.500016575.1348   18.3191
    0.0000    7.5000   -7.500017343.7812   18.4360
    7.5000    7.5000   -7.500016485.6074   18.4161
   -7.5000   15.0000   -7.500015719.0996   18.4238
    0.0000   15.0000   -7.500016446.5566   18.5428
    7.5000   15.0000   -7.500015653.9033   18.5268
   -7.5000   22.5000   -7.500014714.7500   18.4857
    0.0000   22.5000   -7.500015371.2656   18.6074
    7.5000   22.5000   -7.500014668.0850   18.5905
   -7.5000   30.0000   -7.500013734.2754   18.2277
    0.0000   30.0000   -7.500014333.9541   18.3480
    7.5000   30.0000   -7.500013704.1377   18.3260
   -7.5000   37.5000   -7.500013207.7568   18.1127
    0.0000   37.5000   -7.500013767.6348   18.2305
    7.5000   37.5000   -7.500013186.7021   18.2049
   -7.5000   45.0000   -7.500012091.2129   17.6147
    0.0000   45.0000   -7.500012610.9072   17.7276
    7.5000   45.0000   -7.500012065.8184   17.7040
   -7.5000  -45.0000    0.000011576.8008   18.1664
    0.0000  -45.0000    0.000012085.0283   18.2856
    7.5000  -45.0000    0.000011548.7549   18.2582
   -7.5000  -37.5000    0.000012409.7734   18.2171
    0.0000  -37.5000    0.000012993.0254   18.3356
    7.5000  -37.5000    0.000012376.0918   18.3123
   -7.5000  -30.0000    0.000013774.4639   18.3164
    0.0000  -30.0000    0.000014432.7842   18.4371
    7.5000  -30.0000    0.000013704.6152   18.4192
   -7.5000  -22.5000    0.000015084.7988   18.3721
    0.0000  -22.5000    0.000015859.3945   18.4957
    7.5000  -22.5000    0.000015002.4199   18.4792
   -7.5000  -15.0000    0.000016286.0225   18.3360
    0.0000  -15.0000    0.000017209.4277   18.4603
    7.5000  -15.0000    0.000016193.0625   18.4392
   -7.5000   -7.5000    0.000017453.8379   18.2266
    0.0000   -7.5000    0.000018372.3105   18.3487
    7.5000   -7.5000    0.000017297.1602   18.3222
   -7.5000    0.0000    0.000018303.2520   18.1664
    0.0000    0.0000    0.000019197.0234   18.2856
    7.5000    0.0000    0.000018108.8496   18.2582
   -7.5000    7.5000    0.000017624.2852   18.2171
    0.0000    7.5000    0.000018509.6523   18.3356
    7.5000    7.5000    0.000017460.8789   18.3123
   -7.5000   15.0000    0.000016724.6348   18.3164
    0.0000   15.0000    0.000017571.4512   18.4371
    7.5000   15.0000    0.000016590.4082   18.4192
   -7.5000   22.5000    0.000015680.0674   18.3636
    0.0000   22.5000    0.000016474.3711   18.4872
    7.5000   22.5000    0.000015561.1973   18.4706
   -7.5000   30.0000    0.000014626.9980   18.0987
    0.0000   30.0000    0.000015359.3193   18.2214
    7.5000   30.0000    0.000014519.4385   18.2006
   -7.5000   37.5000    0.000014058.5791   17.9907
    0.0000   37.5000    0.000014738.2158   18.1112
    7.5000   37.5000    0.000013954.2861   18.0851
   -7.5000   45.0000    0.000012826.4072   17.5103
    0.0000   45.0000    0.000013450.2344   17.6252
    7.5000   45.0000    0.000012751.8398   17.5988
   -7.5000  -45.0000    7.500011197.2490   18.3395
    0.0000  -45.0000    7.500011716.2090   18.4676
    7.5000  -45.0000    7.500011180.7402   18.4397
   -7.5000  -37.5000    7.500012055.6299   18.4025
    0.0000  -37.5000    7.500012611.8223   18.5299
    7.5000  -37.5000    7.500012026.0615   18.5057
   -7.5000  -30.0000    7.500013474.8535   18.5071
    0.0000  -30.0000    7.500014103.9131   18.6368
    7.5000  -30.0000    7.500013420.3418   18.6183
   -7.5000  -22.5000    7.500014964.1055   18.5553
    0.0000  -22.5000    7.500015798.4658   18.6880
    7.5000  -22.5000    7.500014868.4404   18.6712
   -7.5000  -15.0000    7.500016224.9404   18.5071
    0.0000  -15.0000    7.500017345.3262   18.6406
    7.5000  -15.0000    7.500016057.5234   18.6198
   -7.5000   -7.5000    7.500017323.5586   18.3928
    0.0000   -7.5000    7.500018472.4570   18.5242
    7.5000   -7.5000    7.500017044.9355   18.4980
   -7.5000    0.0000    7.500018075.4980   18.3395
    0.0000    0.0000    7.500019182.4023   18.4676
    7.5000    0.0000    7.500017747.5371   18.4397
   -7.5000    7.5000    7.500017353.0234   18.4025
    0.0000    7.5000    7.500018397.7988   18.5299
    7.5000    7.5000    7.500017067.1738   18.5057
   -7.5000   15.0000    7.500016440.0293   18.5071
    0.0000   15.0000    7.500017444.5996   18.6368
    7.5000   15.0000    7.500016205.0986   18.6183
   -7.5000   22.5000    7.500015403.6260   18.5468
    0.0000   22.5000    7.500016325.3721   18.6793
    7.5000   22.5000    7.500015211.6191   18.6626
   -7.5000   30.0000    7.500014356.7549   18.2676
    0.0000   30.0000    7.500015174.9521   18.3994
    7.5000   30.0000    7.500014217.0635   18.3788
   -7.5000   37.5000    7.500013789.5918   18.1548
    0.0000   37.5000    7.500014526.2363   18.2845
    7.5000   37.5000    7.500013659.8789   18.2586
   -7.5000   45.0000    7.500012593.5566   17.6771
    0.0000   45.0000    7.500013234.6260   17.8006
    7.5000   45.0000    7.500012503.8330   17.7738
   -7.5000  -45.0000   15.000010728.2920   18.5279
    0.0000  -45.0000   15.000011234.9209   18.6634
    7.5000  -45.0000   15.000010715.2617   18.6377
   -7.5000  -37.5000   15.000011533.3779   18.5943
    0.0000  -37.5000   15.000012082.2021   18.7300
    7.5000  -37.5000   15.000011503.1289   18.7083
   -7.5000  -30.0000   15.000012916.0117   18.7060
    0.0000  -30.0000   15.000013539.1416   18.8441
    7.5000  -30.0000   15.000012883.5244   18.8272
   -7.5000  -22.5000   15.000014558.0566   18.7593
    0.0000  -22.5000   15.000015501.7510   18.8999
    7.5000  -22.5000   15.000014400.2666   18.8830
   -7.5000  -15.0000   15.000016050.9082   18.7090
    0.0000  -15.0000   15.000017436.8457   18.8498
    7.5000  -15.0000   15.000015700.5215   18.8283
   -7.5000   -7.5000   15.000017038.1035   18.5864
    0.0000   -7.5000   15.000018462.1035   18.7246
    7.5000   -7.5000   15.000016588.4824   18.6992
   -7.5000    0.0000   15.000017558.4785   18.5279
    0.0000    0.0000   15.000018851.4961   18.6634
    7.5000    0.0000   15.000017150.8340   18.6377
   -7.5000    7.5000   15.000016790.2188   18.5943
    0.0000    7.5000   15.000017922.4238   18.7300
    7.5000    7.5000   15.000016471.7441   18.7083
   -7.5000   15.0000   15.000015903.6270   18.7060
    0.0000   15.0000   15.000016925.3125   18.8441
    7.5000   15.0000   15.000015654.2549   18.8272
   -7.5000   22.5000   15.000014931.4736   18.7507
    0.0000   22.5000   15.000015839.6885   18.8912
    7.5000   22.5000   15.000014742.9219   18.8743
   -7.5000   30.0000   15.000013943.5527   18.4669
    0.0000   30.0000   15.000014721.4033   18.6058
    7.5000   30.0000   15.000013809.7393   18.5847
   -7.5000   37.5000   15.000013410.5977   18.3459
    0.0000   37.5000   15.000014109.7217   18.4823
    7.5000   37.5000   15.000013292.6475   18.4572
   -7.5000   45.0000   15.000012243.4814   17.8588
    0.0000   45.0000   15.000012858.0176   17.9893
    7.5000   45.0000   15.000012151.7617   17.9646
   -7.5000  -45.0000   22.500010182.9922   18.7990
    0.0000  -45.0000   22.500010675.4521   18.9340
    7.5000  -45.0000   22.500010139.0400   18.9120
   -7.5000  -37.5000   22.500010966.6045   18.8584
    0.0000  -37.5000   22.500011486.6455   18.9947
    7.5000  -37.5000   22.500010896.0049   18.9782
   -7.5000  -30.0000   22.500012350.4043   18.9753
    0.0000  -30.0000   22.500012918.2715   19.1148
    7.5000  -30.0000   22.500012198.9766   19.1018
   -7.5000  -22.5000   22.500013899.9248   19.0432
    0.0000  -22.5000   22.500014735.3447   19.1848
    7.5000  -22.5000   22.500013618.6201   19.1694
   -7.5000  -15.0000   22.500015211.4033   19.0016
    0.0000  -15.0000   22.500016338.3105   19.1421
    7.5000  -15.0000   22.500014849.8223   19.1207
   -7.5000   -7.5000   22.500016170.5205   18.8712
    0.0000   -7.5000   22.500017308.3242   19.0084
    7.5000   -7.5000   22.500015813.1152   18.9838
   -7.5000    0.0000   22.500016736.7500   18.7990
    0.0000    0.0000   22.500017855.5605   18.9340
    7.5000    0.0000   22.500016434.6855   18.9120
   -7.5000    7.5000   22.500016042.4980   18.8584
    0.0000    7.5000   22.500017096.4863   18.9947
    7.5000    7.5000   22.500015809.5840   18.9782
   -7.5000   15.0000   22.500015212.3955   18.9753
    0.0000   15.0000   22.500016153.9824   19.1148
    7.5000   15.0000   22.500015016.9570   19.1018
   -7.5000   22.5000   22.500014292.8154   19.0344
    0.0000   22.5000   22.500015113.1113   19.1760
    7.5000   22.5000   22.500014133.4268   19.1605
   -7.5000   30.0000   22.500013349.3018   18.7557
    0.0000   30.0000   22.500014066.7285   18.8944
    7.5000   30.0000   22.500013232.1719   18.8732
   -7.5000   37.5000   22.500012834.6357   18.6270
    0.0000   37.5000   22.500013506.5654   18.7623
    7.5000   37.5000   22.500012739.1670   18.7381
   -7.5000   45.0000   22.500011760.5762   18.1201
    0.0000   45.0000   22.500012342.4375   18.2502
    7.5000   45.0000   22.500011678.6221   18.2290
   -7.5000  -45.0000   30.0000 9669.3535   19.2179
    0.0000  -45.0000   30.000010087.1758   19.3488
    7.5000  -45.0000   30.0000 9548.9863   19.3310
   -7.5000  -37.5000   30.000010415.3584   19.2696
    0.0000  -37.5000   30.000010840.9453   19.4007
    7.5000  -37.5000   30.000010254.2422   19.3887
   -7.5000  -30.0000   30.000011672.7598   19.3843
    0.0000  -30.0000   30.000012177.8047   19.5184
    7.5000  -30.0000   30.000011460.6670   19.5092
   -7.5000  -22.5000   30.000012963.3135   19.4601
    0.0000  -22.5000   30.000013682.5957   19.5968
    7.5000  -22.5000   30.000012729.3105   19.5843
   -7.5000  -15.0000   30.000014013.8154   19.4277
    0.0000  -15.0000   30.000014815.0225   19.5639
    7.5000  -15.0000   30.000013818.1895   19.5447
   -7.5000   -7.5000   30.000014952.9648   19.2971
    0.0000   -7.5000   30.000015738.2812   19.4301
    7.5000   -7.5000   30.000014764.7109   19.4085
   -7.5000    0.0000   30.000015725.7178   19.2179
    0.0000    0.0000   30.000016496.3555   19.3488
    7.5000    0.0000   30.000015510.7080   19.3310
   -7.5000    7.5000   30.000015142.2266   19.2696
    0.0000    7.5000   30.000015899.1543   19.4007
    7.5000    7.5000   30.000014954.4355   19.3887
   -7.5000   15.0000   30.000014384.8408   19.3843
    0.0000   15.0000   30.000015090.2861   19.5184
    7.5000   15.0000   30.000014197.6855   19.5092
   -7.5000   22.5000   30.000013541.1934   19.4511
    0.0000   22.5000   30.000014180.0410   19.5878
    7.5000   22.5000   30.000013367.8740   19.5753
   -7.5000   30.0000   30.000012665.1172   19.1763
    0.0000   30.0000   30.000013275.2705   19.3107
    7.5000   30.0000   30.000012534.4180   19.2917
   -7.5000   37.5000   30.000012178.7803   19.0473
    0.0000   37.5000   30.000012772.4043   19.1787
    7.5000   37.5000   30.000012069.6494   19.1573
   -7.5000   45.0000   30.000011141.0156   18.5239
    0.0000   45.0000   30.000011681.2793   18.6501
    7.5000   45.0000   30.000011046.1729   18.6329
   -7.5000  -45.0000   37.5000 9565.3848   19.7250
    0.0000  -45.0000   37.5000 9951.7559   19.8571
    7.5000  -45.0000   37.5000 9436.7246   19.8407
   -7.5000  -37.5000   37.500010260.5264   19.7785
    0.0000  -37.5000   37.500010672.5117   19.9093
    7.5000  -37.5000   37.500010128.9131   19.8982
   -7.5000  -30.0000   37.500011415.1006   19.8836
    0.0000  -30.0000   37.500011945.9580   20.0165
    7.5000  -30.0000   37.500011278.0498   20.0094
   -7.5000  -22.5000   37.500012578.6396   19.9485
    0.0000  -22.5000   37.500013233.2432   20.0848
    7.5000  -22.5000   37.500012449.3760   20.0767
   -7.5000  -15.0000   37.500013615.8145   19.9146
    0.0000  -15.0000   37.500014297.5674   20.0519
    7.5000  -15.0000   37.500013485.5322   20.0377
   -7.5000   -7.5000   37.500014645.9307   19.7929
    0.0000   -7.5000   37.500015334.6494   19.9278
    7.5000   -7.5000   37.500014462.5234   19.9096
   -7.5000    0.0000   37.500015449.2363   19.7250
    0.0000    0.0000   37.500016175.4492   19.8571
    7.5000    0.0000   37.500015216.7490   19.8407
   -7.5000    7.5000   37.500014925.3584   19.7785
    0.0000    7.5000   37.500015610.6924   19.9093
    7.5000    7.5000   37.500014697.6562   19.8982
   -7.5000   15.0000   37.500014204.1943   19.8836
    0.0000   15.0000   37.500014825.4854   20.0165
    7.5000   15.0000   37.500013971.7949   20.0094
   -7.5000   22.5000   37.500013386.7578   19.9393
    0.0000   22.5000   37.500013969.9717   20.0756
    7.5000   22.5000   37.500013160.6533   20.0674
   -7.5000   30.0000   37.500012538.7412   19.6568
    0.0000   30.0000   37.500013110.0967   19.7924
    7.5000   30.0000   37.500012345.2842   19.7784
   -7.5000   37.5000   37.500012056.1133   19.5367
    0.0000   37.5000   37.500012617.6943   19.6699
    7.5000   37.5000   37.500011902.1240   19.6519
   -7.5000   45.0000   37.500011041.3789   19.0126
    0.0000   45.0000   37.500011550.8652   19.1399
    7.5000   45.0000   37.500010893.3096   19.1241
   -7.5000  -45.0000   45.0000 8999.2051   20.2292
    0.0000  -45.0000   45.0000 9368.9453   20.3693
    7.5000  -45.0000   45.0000 8913.4668   20.3520
   -7.5000  -37.5000   45.0000 9652.5547   20.2979
    0.0000  -37.5000   45.000010076.8105   20.4366
    7.5000  -37.5000   45.0000 9566.1973   20.4238
   -7.5000  -30.0000   45.000010717.9043   20.4031
    0.0000  -30.0000   45.000011226.0225   20.5446
    7.5000  -30.0000   45.000010630.5371   20.5377
   -7.5000  -22.5000   45.000011755.8018   20.4521
    0.0000  -22.5000   45.000012334.1074   20.5980
    7.5000  -22.5000   45.000011673.4756   20.5927
   -7.5000  -15.0000   45.000012755.8926   20.4030
    0.0000  -15.0000   45.000013345.5195   20.5502
    7.5000  -15.0000   45.000012651.0967   20.5397
   -7.5000   -7.5000   45.000013759.8438   20.2819
    0.0000   -7.5000   45.000014386.3145   20.4261
    7.5000   -7.5000   45.000013603.7637   20.4096
   -7.5000    0.0000   45.000014532.5547   20.2292
    0.0000    0.0000   45.000015182.2441   20.3693
    7.5000    0.0000   45.000014315.2168   20.3520
   -7.5000    7.5000   45.000014026.2324   20.2979
    0.0000    7.5000   45.000014656.1602   20.4366
    7.5000    7.5000   45.000013824.2490   20.4238
   -7.5000   15.0000   45.000013354.9160   20.4031
    0.0000   15.0000   45.000013944.1445   20.5446
    7.5000   15.0000   45.000013169.7109   20.5377
   -7.5000   22.5000   45.000012611.6865   20.4426
    0.0000   22.5000   45.000013151.3477   20.5884
    7.5000   22.5000   45.000012411.6582   20.5832
   -7.5000   30.0000   45.000011805.2402   20.1372
    0.0000   30.0000   45.000012326.3955   20.2825
    7.5000   30.0000   45.000011626.2705   20.2722
   -7.5000   37.5000   45.000011333.2041   20.0177
    0.0000   37.5000   45.000011846.4609   20.1600
    7.5000   37.5000   45.000011187.6152   20.1438
   -7.5000   45.0000   45.000010387.0938   19.5075
    0.0000   45.0000   45.000010866.9004   19.6426
    7.5000   45.0000   45.000010246.5957   19.6259

---------------------------------------------------------------------
imgreg_4dfp /opt/freesurfer/average/711-2C_as_mni_average_305 /opt/freesurfer/average/711-2B_as_mni_average_305_mask talsrcimg_g11 none talsrcimg_to_711-2C_as_mni_average_305_t4 4355
---------------------------------------------------------------------

freesurfer imgreg_4dfp.c
/opt/freesurfer/average/711-2C_as_mni_average_305.4dfp.img
       256       256       256         1
  1.000000  1.000000  1.000000
orientation T byte_order littleendian
Reading image: /opt/freesurfer/average/711-2C_as_mni_average_305.4dfp.img
dimensions:      256       256       256
mmppix:       1.0000   -1.0000   -1.0000
center:     128.0000 -129.0000 -129.0000
/opt/freesurfer/average/711-2B_as_mni_average_305_mask.4dfp.img
       256       256       256         1
  1.000000  1.000000  1.000000
orientation T byte_order littleendian
Reading mask: /opt/freesurfer/average/711-2B_as_mni_average_305_mask.4dfp.img (2306576 pixels)
talsrcimg_g11.4dfp.img
       320       320       320         1
  0.800000  0.800000  0.800000
orientation T byte_order littleendian
Reading image: talsrcimg_g11.4dfp.img
dimensions:      320       320       320
mmppix:       0.8000   -0.8000   -0.8000
center:     128.0000 -128.8000 -128.8000
rotation matrix determinant  1.000000
image alignment mode   4355 decimal     1103 hex
   -7.5000  -45.0000  -45.0000 2435.1233   27.3520
    0.0000  -45.0000  -45.0000 2438.1035   27.3348
    7.5000  -45.0000  -45.0000 2427.6313   27.2624
   -7.5000  -37.5000  -45.0000 2484.4941   25.4931
    0.0000  -37.5000  -45.0000 2489.2339   25.4646
    7.5000  -37.5000  -45.0000 2484.2573   25.4298
   -7.5000  -30.0000  -45.0000 2522.4753   24.0439
    0.0000  -30.0000  -45.0000 2529.4478   24.0343
    7.5000  -30.0000  -45.0000 2520.7007   24.0163
   -7.5000  -22.5000  -45.0000 2553.0154   23.0493
    0.0000  -22.5000  -45.0000 2560.9863   22.9987
    7.5000  -22.5000  -45.0000 2548.0715   22.9935
   -7.5000  -15.0000  -45.0000 2577.0769   22.4480
    0.0000  -15.0000  -45.0000 2579.1416   22.3875
    7.5000  -15.0000  -45.0000 2567.3447   22.3628
   -7.5000   -7.5000  -45.0000 2584.8640   22.2062
    0.0000   -7.5000  -45.0000 2586.9202   22.1286
    7.5000   -7.5000  -45.0000 2572.2046   22.0871
   -7.5000    0.0000  -45.0000 2571.5906   22.1797
    0.0000    0.0000  -45.0000 2580.5198   22.1254
    7.5000    0.0000  -45.0000 2561.3218   22.0976
   -7.5000    7.5000  -45.0000 2553.3083   22.5832
    0.0000    7.5000  -45.0000 2555.3850   22.5018
    7.5000    7.5000  -45.0000 2545.1711   22.5005
   -7.5000   15.0000  -45.0000 2516.0215   23.3444
    0.0000   15.0000  -45.0000 2521.1470   23.2828
    7.5000   15.0000  -45.0000 2508.5557   23.2681
   -7.5000   22.5000  -45.0000 2458.7087   24.5365
    0.0000   22.5000  -45.0000 2464.7871   24.4823
    7.5000   22.5000  -45.0000 2450.4907   24.4403
   -7.5000   30.0000  -45.0000 2394.2568   26.1781
    0.0000   30.0000  -45.0000 2395.0122   26.0896
    7.5000   30.0000  -45.0000 2379.8218   26.0793
   -7.5000   37.5000  -45.0000 2318.0691   28.2423
    0.0000   37.5000  -45.0000 2320.6213   28.1545
    7.5000   37.5000  -45.0000 2307.7568   28.1604
   -7.5000   45.0000  -45.0000 2233.1931   30.8638
    0.0000   45.0000  -45.0000 2227.6265   30.6932
    7.5000   45.0000  -45.0000 2224.8015   30.7591
   -7.5000  -45.0000  -37.5000 2475.1863   26.1856
    0.0000  -45.0000  -37.5000 2482.6602   26.1341
    7.5000  -45.0000  -37.5000 2473.9802   26.0776
   -7.5000  -37.5000  -37.5000 2531.8889   24.3659
    0.0000  -37.5000  -37.5000 2540.1763   24.3339
    7.5000  -37.5000  -37.5000 2528.5959   24.2933
   -7.5000  -30.0000  -37.5000 2573.4185   23.0437
    0.0000  -30.0000  -37.5000 2579.3770   22.9439
    7.5000  -30.0000  -37.5000 2571.2373   22.9819
   -7.5000  -22.5000  -37.5000 2604.8054   21.9863
    0.0000  -22.5000  -37.5000 2612.2529   21.8831
    7.5000  -22.5000  -37.5000 2603.5923   21.9321
   -7.5000  -15.0000  -37.5000 2628.2244   21.3292
    0.0000  -15.0000  -37.5000 2634.1284   21.2263
    7.5000  -15.0000  -37.5000 2623.9624   21.2501
   -7.5000   -7.5000  -37.5000 2639.0413   21.0468
    0.0000   -7.5000  -37.5000 2635.9324   20.9203
    7.5000   -7.5000  -37.5000 2628.7927   20.9403
   -7.5000    0.0000  -37.5000 2631.3743   21.0317
    0.0000    0.0000  -37.5000 2629.9121   20.9120
    7.5000    0.0000  -37.5000 2622.0891   20.9628
   -7.5000    7.5000  -37.5000 2614.5642   21.4006
    0.0000    7.5000  -37.5000 2609.5444   21.2730
    7.5000    7.5000  -37.5000 2607.5442   21.3640
   -7.5000   15.0000  -37.5000 2570.6521   22.1131
    0.0000   15.0000  -37.5000 2575.1658   22.0109
    7.5000   15.0000  -37.5000 2568.0288   22.0792
   -7.5000   22.5000  -37.5000 2511.9858   23.1775
    0.0000   22.5000  -37.5000 2518.1628   23.1050
    7.5000   22.5000  -37.5000 2508.2061   23.1492
   -7.5000   30.0000  -37.5000 2439.9285   24.6806
    0.0000   30.0000  -37.5000 2446.7822   24.6231
    7.5000   30.0000  -37.5000 2434.8418   24.6596
   -7.5000   37.5000  -37.5000 2361.3752   26.5703
    0.0000   37.5000  -37.5000 2370.7969   26.5551
    7.5000   37.5000  -37.5000 2358.0510   26.5739
   -7.5000   45.0000  -37.5000 2275.6733   29.0684
    0.0000   45.0000  -37.5000 2280.9915   29.0196
    7.5000   45.0000  -37.5000 2268.4739   29.0162
   -7.5000  -45.0000  -30.0000 2580.9744   25.8252
    0.0000  -45.0000  -30.0000 2591.9089   25.7250
    7.5000  -45.0000  -30.0000 2580.5747   25.6193
   -7.5000  -37.5000  -30.0000 2639.6665   23.9089
    0.0000  -37.5000  -30.0000 2647.6494   23.8185
    7.5000  -37.5000  -30.0000 2637.1838   23.7792
   -7.5000  -30.0000  -30.0000 2684.3901   22.5651
    0.0000  -30.0000  -30.0000 2688.4912   22.3854
    7.5000  -30.0000  -30.0000 2684.2437   22.4572
   -7.5000  -22.5000  -30.0000 2720.6995   21.5128
    0.0000  -22.5000  -30.0000 2720.3992   21.3426
    7.5000  -22.5000  -30.0000 2720.0457   21.4417
   -7.5000  -15.0000  -30.0000 2743.2615   20.7878
    0.0000  -15.0000  -30.0000 2742.8357   20.6339
    7.5000  -15.0000  -30.0000 2740.8855   20.7353
   -7.5000   -7.5000  -30.0000 2752.4272   20.4307
    0.0000   -7.5000  -30.0000 2752.1038   20.2922
    7.5000   -7.5000  -30.0000 2748.0144   20.3686
   -7.5000    0.0000  -30.0000 2747.3250   20.3610
    0.0000    0.0000  -30.0000 2748.3499   20.2603
    7.5000    0.0000  -30.0000 2745.8152   20.3491
   -7.5000    7.5000  -30.0000 2732.3237   20.6762
    0.0000    7.5000  -30.0000 2733.3923   20.5801
    7.5000    7.5000  -30.0000 2730.7007   20.7144
   -7.5000   15.0000  -30.0000 2690.7114   21.3629
    0.0000   15.0000  -30.0000 2696.4456   21.2592
    7.5000   15.0000  -30.0000 2691.0913   21.4147
   -7.5000   22.5000  -30.0000 2630.1504   22.4210
    0.0000   22.5000  -30.0000 2637.4421   22.3238
    7.5000   22.5000  -30.0000 2631.2185   22.4683
   -7.5000   30.0000  -30.0000 2553.4250   23.8579
    0.0000   30.0000  -30.0000 2563.3342   23.7948
    7.5000   30.0000  -30.0000 2557.9460   23.9308
   -7.5000   37.5000  -30.0000 2470.3291   25.6848
    0.0000   37.5000  -30.0000 2479.3091   25.5995
    7.5000   37.5000  -30.0000 2474.6768   25.7185
   -7.5000   45.0000  -30.0000 2374.6694   28.0141
    0.0000   45.0000  -30.0000 2387.5623   27.9336
    7.5000   45.0000  -30.0000 2379.3796   28.0208
   -7.5000  -45.0000  -22.5000 2641.2749   25.3719
    0.0000  -45.0000  -22.5000 2649.2136   25.2235
    7.5000  -45.0000  -22.5000 2640.5505   25.1919
   -7.5000  -37.5000  -22.5000 2701.0464   23.4727
    0.0000  -37.5000  -22.5000 2703.4778   23.2725
    7.5000  -37.5000  -22.5000 2698.8555   23.2966
   -7.5000  -30.0000  -22.5000 2745.8591   21.9972
    0.0000  -30.0000  -22.5000 2747.5249   21.8077
    7.5000  -30.0000  -22.5000 2749.4016   21.8874
   -7.5000  -22.5000  -22.5000 2787.5640   20.9722
    0.0000  -22.5000  -22.5000 2783.2656   20.7440
    7.5000  -22.5000  -22.5000 2787.6340   20.8711
   -7.5000  -15.0000  -22.5000 2810.8616   20.2282
    0.0000  -15.0000  -22.5000 2805.9321   20.0292
    7.5000  -15.0000  -22.5000 2808.0679   20.1455
   -7.5000   -7.5000  -22.5000 2817.7349   19.7770
    0.0000   -7.5000  -22.5000 2818.8977   19.6324
    7.5000   -7.5000  -22.5000 2815.2605   19.7356
   -7.5000    0.0000  -22.5000 2816.8518   19.6520
    0.0000    0.0000  -22.5000 2818.5498   19.5456
    7.5000    0.0000  -22.5000 2818.0286   19.6639
   -7.5000    7.5000  -22.5000 2801.1870   19.9131
    0.0000    7.5000  -22.5000 2800.7188   19.8156
    7.5000    7.5000  -22.5000 2803.9175   19.9897
   -7.5000   15.0000  -22.5000 2765.2969   20.5879
    0.0000   15.0000  -22.5000 2766.0413   20.4696
    7.5000   15.0000  -22.5000 2768.4890   20.6799
   -7.5000   22.5000  -22.5000 2705.6765   21.6316
    0.0000   22.5000  -22.5000 2707.7881   21.5296
    7.5000   22.5000  -22.5000 2710.6245   21.7176
   -7.5000   30.0000  -22.5000 2626.9153   23.0457
    0.0000   30.0000  -22.5000 2635.0193   22.9536
    7.5000   30.0000  -22.5000 2633.0811   23.1148
   -7.5000   37.5000  -22.5000 2539.6384   24.8046
    0.0000   37.5000  -22.5000 2548.5071   24.6821
    7.5000   37.5000  -22.5000 2546.4119   24.8289
   -7.5000   45.0000  -22.5000 2437.8967   27.0396
    0.0000   45.0000  -22.5000 2445.7078   26.9064
    7.5000   45.0000  -22.5000 2439.4028   27.0287
   -7.5000  -45.0000  -15.0000 2667.4795   25.0671
    0.0000  -45.0000  -15.0000 2668.9719   24.8467
    7.5000  -45.0000  -15.0000 2667.1611   24.9044
   -7.5000  -37.5000  -15.0000 2728.3909   23.1246
    0.0000  -37.5000  -15.0000 2726.0991   22.9055
    7.5000  -37.5000  -15.0000 2727.7085   22.9717
   -7.5000  -30.0000  -15.0000 2775.0884   21.5952
    0.0000  -30.0000  -15.0000 2770.5603   21.3911
    7.5000  -30.0000  -15.0000 2775.4485   21.4548
   -7.5000  -22.5000  -15.0000 2818.7988   20.4914
    0.0000  -22.5000  -15.0000 2811.2820   20.2420
    7.5000  -22.5000  -15.0000 2814.9421   20.3457
   -7.5000  -15.0000  -15.0000 2846.0540   19.7386
    0.0000  -15.0000  -15.0000 2836.5330   19.4770
    7.5000  -15.0000  -15.0000 2841.1223   19.6233
   -7.5000   -7.5000  -15.0000 2850.1494   19.2483
    0.0000   -7.5000  -15.0000 2849.7554   19.0550
    7.5000   -7.5000  -15.0000 2846.5728   19.1910
   -7.5000    0.0000  -15.0000 2852.8958   19.1026
    0.0000    0.0000  -15.0000 2847.0967   18.9250
    7.5000    0.0000  -15.0000 2851.7417   19.0887
   -7.5000    7.5000  -15.0000 2838.0083   19.3335
    0.0000    7.5000  -15.0000 2831.4429   19.1580
    7.5000    7.5000  -15.0000 2839.1851   19.3584
   -7.5000   15.0000  -15.0000 2802.7993   19.9635
    0.0000   15.0000  -15.0000 2794.6670   19.7826
    7.5000   15.0000  -15.0000 2803.4011   19.9988
   -7.5000   22.5000  -15.0000 2741.7659   20.9978
    0.0000   22.5000  -15.0000 2736.5977   20.8347
    7.5000   22.5000  -15.0000 2742.6021   21.0557
   -7.5000   30.0000  -15.0000 2667.3887   22.3963
    0.0000   30.0000  -15.0000 2663.0945   22.2558
    7.5000   30.0000  -15.0000 2670.9031   22.4382
   -7.5000   37.5000  -15.0000 2583.7009   24.1270
    0.0000   37.5000  -15.0000 2580.5430   23.9293
    7.5000   37.5000  -15.0000 2587.1953   24.1217
   -7.5000   45.0000  -15.0000 2476.8354   26.3058
    0.0000   45.0000  -15.0000 2474.5750   26.0765
    7.5000   45.0000  -15.0000 2473.7224   26.2858
   -7.5000  -45.0000   -7.5000 2683.8018   24.9900
    0.0000  -45.0000   -7.5000 2680.2341   24.6649
    7.5000  -45.0000   -7.5000 2679.7034   24.7591
   -7.5000  -37.5000   -7.5000 2746.4746   22.9783
    0.0000  -37.5000   -7.5000 2743.1826   22.7163
    7.5000  -37.5000   -7.5000 2740.9106   22.7679
   -7.5000  -30.0000   -7.5000 2794.2488   21.4003
    0.0000  -30.0000   -7.5000 2786.0217   21.1369
    7.5000  -30.0000   -7.5000 2788.4814   21.2227
   -7.5000  -22.5000   -7.5000 2830.2944   20.1239
    0.0000  -22.5000   -7.5000 2824.0732   19.9139
    7.5000  -22.5000   -7.5000 2826.7056   19.9939
   -7.5000  -15.0000   -7.5000 2861.4705   19.3131
    0.0000  -15.0000   -7.5000 2847.6875   19.0585
    7.5000  -15.0000   -7.5000 2852.8826   19.2006
   -7.5000   -7.5000   -7.5000 2869.8848   18.8303
    0.0000   -7.5000   -7.5000 2857.3940   18.5917
    7.5000   -7.5000   -7.5000 2860.4084   18.7738
   -7.5000    0.0000   -7.5000 2871.4067   18.7125
    0.0000    0.0000   -7.5000 2856.6521   18.4505
    7.5000    0.0000   -7.5000 2866.3501   18.6820
   -7.5000    7.5000   -7.5000 2857.5063   18.9281
    0.0000    7.5000   -7.5000 2843.6606   18.6675
    7.5000    7.5000   -7.5000 2856.4553   18.9128
   -7.5000   15.0000   -7.5000 2827.0312   19.5083
    0.0000   15.0000   -7.5000 2813.2087   19.2755
    7.5000   15.0000   -7.5000 2826.2991   19.5169
   -7.5000   22.5000   -7.5000 2770.2068   20.4707
    0.0000   22.5000   -7.5000 2759.7075   20.2953
    7.5000   22.5000   -7.5000 2768.2275   20.5270
   -7.5000   30.0000   -7.5000 2699.9102   21.8340
    0.0000   30.0000   -7.5000 2690.6392   21.6571
    7.5000   30.0000   -7.5000 2697.5850   21.8825
   -7.5000   37.5000   -7.5000 2616.6221   23.5628
    0.0000   37.5000   -7.5000 2609.0408   23.3263
    7.5000   37.5000   -7.5000 2616.8789   23.5899
   -7.5000   45.0000   -7.5000 2498.8865   25.6839
    0.0000   45.0000   -7.5000 2500.9485   25.4842
    7.5000   45.0000   -7.5000 2500.0447   25.7488
   -7.5000  -45.0000    0.0000 2707.6157   25.1409
    0.0000  -45.0000    0.0000 2695.1045   24.8135
    7.5000  -45.0000    0.0000 2695.5547   24.8379
   -7.5000  -37.5000    0.0000 2771.1121   23.0614
    0.0000  -37.5000    0.0000 2758.5684   22.7925
    7.5000  -37.5000    0.0000 2758.9355   22.8166
   -7.5000  -30.0000    0.0000 2818.5776   21.4399
    0.0000  -30.0000    0.0000 2808.3210   21.2448
    7.5000  -30.0000    0.0000 2806.7681   21.2174
   -7.5000  -22.5000    0.0000 2852.2263   20.1229
    0.0000  -22.5000    0.0000 2841.0454   19.9431
    7.5000  -22.5000    0.0000 2841.9131   19.9391
   -7.5000  -15.0000    0.0000 2871.5024   19.1362
    0.0000  -15.0000    0.0000 2862.4993   19.0065
    7.5000  -15.0000    0.0000 2862.1189   19.0168
   -7.5000   -7.5000    0.0000 2883.9465   18.5866
    0.0000   -7.5000    0.0000 2871.0276   18.4418
    7.5000   -7.5000    0.0000 2871.3120   18.5358
   -7.5000    0.0000    0.0000 2893.5999   18.4756
    0.0000    0.0000    0.0000 2873.0549   18.2823
    7.5000    0.0000    0.0000 2881.7375   18.4554
   -7.5000    7.5000    0.0000 2887.3672   18.6935
    0.0000    7.5000    0.0000 2871.5566   18.4987
    7.5000    7.5000    0.0000 2877.5432   18.6653
   -7.5000   15.0000    0.0000 2856.8923   19.2526
    0.0000   15.0000    0.0000 2848.5242   19.0913
    7.5000   15.0000    0.0000 2851.8811   19.2450
   -7.5000   22.5000    0.0000 2797.7209   20.1820
    0.0000   22.5000    0.0000 2794.4424   20.0417
    7.5000   22.5000    0.0000 2794.3257   20.1769
   -7.5000   30.0000    0.0000 2725.4626   21.4984
    0.0000   30.0000    0.0000 2723.5913   21.3442
    7.5000   30.0000    0.0000 2718.5310   21.5139
   -7.5000   37.5000    0.0000 2640.6926   23.1566
    0.0000   37.5000    0.0000 2639.6980   23.0045
    7.5000   37.5000    0.0000 2636.4988   23.2009
   -7.5000   45.0000    0.0000 2519.0430   25.2441
    0.0000   45.0000    0.0000 2522.1292   25.0636
    7.5000   45.0000    0.0000 2518.8147   25.3052
   -7.5000  -45.0000    7.5000 2712.8262   25.3411
    0.0000  -45.0000    7.5000 2716.6814   25.1194
    7.5000  -45.0000    7.5000 2703.7363   25.0188
   -7.5000  -37.5000    7.5000 2779.8877   23.2736
    0.0000  -37.5000    7.5000 2782.7090   23.1147
    7.5000  -37.5000    7.5000 2771.0479   22.9920
   -7.5000  -30.0000    7.5000 2839.8159   21.7258
    0.0000  -30.0000    7.5000 2836.6477   21.5884
    7.5000  -30.0000    7.5000 2825.6990   21.4279
   -7.5000  -22.5000    7.5000 2885.8030   20.5057
    0.0000  -22.5000    7.5000 2884.1919   20.4465
    7.5000  -22.5000    7.5000 2866.7288   20.2083
   -7.5000  -15.0000    7.5000 2900.1980   19.4628
    0.0000  -15.0000    7.5000 2915.4490   19.5744
    7.5000  -15.0000    7.5000 2881.8730   19.1982
   -7.5000   -7.5000    7.5000 2898.1165   18.6297
    0.0000   -7.5000    7.5000 2917.3923   18.8046
    7.5000   -7.5000    7.5000 2877.5093   18.5228
   -7.5000    0.0000    7.5000 2900.8042   18.3562
    0.0000    0.0000    7.5000 2909.8623   18.4359
    7.5000    0.0000    7.5000 2877.5625   18.3189
   -7.5000    7.5000    7.5000 2891.2969   18.4971
    0.0000    7.5000    7.5000 2906.5806   18.5411
    7.5000    7.5000    7.5000 2876.9236   18.4714
   -7.5000   15.0000    7.5000 2859.6919   19.0442
    0.0000   15.0000    7.5000 2884.0525   19.0662
    7.5000   15.0000    7.5000 2853.5234   19.0217
   -7.5000   22.5000    7.5000 2805.6829   19.9963
    0.0000   22.5000    7.5000 2830.8162   20.0269
    7.5000   22.5000    7.5000 2800.7678   19.9807
   -7.5000   30.0000    7.5000 2737.8557   21.3014
    0.0000   30.0000    7.5000 2756.2573   21.3057
    7.5000   30.0000    7.5000 2733.1313   21.3036
   -7.5000   37.5000    7.5000 2656.7856   22.9675
    0.0000   37.5000    7.5000 2669.9016   22.9020
    7.5000   37.5000    7.5000 2651.1489   22.9466
   -7.5000   45.0000    7.5000 2545.5046   25.0853
    0.0000   45.0000    7.5000 2547.0754   24.9631
    7.5000   45.0000    7.5000 2539.3777   25.0433
   -7.5000  -45.0000   15.0000 2719.3052   25.7860
    0.0000  -45.0000   15.0000 2718.8118   25.5754
    7.5000  -45.0000   15.0000 2709.4136   25.4561
   -7.5000  -37.5000   15.0000 2793.3135   23.7347
    0.0000  -37.5000   15.0000 2799.6873   23.6440
    7.5000  -37.5000   15.0000 2779.1887   23.4016
   -7.5000  -30.0000   15.0000 2856.5503   22.1295
    0.0000  -30.0000   15.0000 2872.4861   22.1553
    7.5000  -30.0000   15.0000 2839.4102   21.8527
   -7.5000  -22.5000   15.0000 2914.2893   20.9718
    0.0000  -22.5000   15.0000 2946.3340   21.1769
    7.5000  -22.5000   15.0000 2894.3552   20.7074
   -7.5000  -15.0000   15.0000 2956.0459   20.1957
    0.0000  -15.0000   15.0000 3017.3154   20.5937
    7.5000  -15.0000   15.0000 2919.7776   19.7600
   -7.5000   -7.5000   15.0000 2931.3435   19.1465
    0.0000   -7.5000   15.0000 3006.4438   19.6445
    7.5000   -7.5000   15.0000 2901.2700   18.8739
   -7.5000    0.0000   15.0000 2907.8784   18.4789
    0.0000    0.0000   15.0000 2945.6394   18.7876
    7.5000    0.0000   15.0000 2883.3699   18.3796
   -7.5000    7.5000   15.0000 2894.2124   18.4389
    0.0000    7.5000   15.0000 2915.2646   18.5482
    7.5000    7.5000   15.0000 2880.9692   18.4528
   -7.5000   15.0000   15.0000 2872.7144   19.0104
    0.0000   15.0000   15.0000 2890.8611   19.0624
    7.5000   15.0000   15.0000 2861.8147   19.0438
   -7.5000   22.5000   15.0000 2821.6863   20.0093
    0.0000   22.5000   15.0000 2840.8757   20.0523
    7.5000   22.5000   15.0000 2815.6724   20.0395
   -7.5000   30.0000   15.0000 2752.5940   21.3651
    0.0000   30.0000   15.0000 2762.7695   21.3432
    7.5000   30.0000   15.0000 2749.5383   21.3691
   -7.5000   37.5000   15.0000 2673.2639   22.9978
    0.0000   37.5000   15.0000 2680.5981   22.9459
    7.5000   37.5000   15.0000 2669.1936   22.9816
   -7.5000   45.0000   15.0000 2563.8604   25.1007
    0.0000   45.0000   15.0000 2566.0803   24.9890
    7.5000   45.0000   15.0000 2557.1226   25.0827
   -7.5000  -45.0000   22.5000 2724.8604   26.3804
    0.0000  -45.0000   22.5000 2733.0051   26.3225
    7.5000  -45.0000   22.5000 2710.4182   26.0630
   -7.5000  -37.5000   22.5000 2804.9343   24.2392
    0.0000  -37.5000   22.5000 2817.4844   24.2796
    7.5000  -37.5000   22.5000 2786.5273   23.9517
   -7.5000  -30.0000   22.5000 2874.2334   22.5718
    0.0000  -30.0000   22.5000 2889.0186   22.6778
    7.5000  -30.0000   22.5000 2857.3403   22.3486
   -7.5000  -22.5000   22.5000 2942.5371   21.3947
    0.0000  -22.5000   22.5000 2966.0269   21.5875
    7.5000  -22.5000   22.5000 2917.9766   21.1308
   -7.5000  -15.0000   22.5000 2985.1343   20.5013
    0.0000  -15.0000   22.5000 3030.8274   20.8424
    7.5000  -15.0000   22.5000 2945.9243   20.1399
   -7.5000   -7.5000   22.5000 2962.2068   19.5429
    0.0000   -7.5000   22.5000 3007.2761   19.8650
    7.5000   -7.5000   22.5000 2928.4246   19.3474
   -7.5000    0.0000   22.5000 2926.2825   18.8778
    0.0000    0.0000   22.5000 2946.0896   19.0521
    7.5000    0.0000   22.5000 2907.0098   18.8812
   -7.5000    7.5000   22.5000 2913.4753   18.8134
    0.0000    7.5000   22.5000 2938.2620   18.9283
    7.5000    7.5000   22.5000 2903.1731   18.8843
   -7.5000   15.0000   22.5000 2890.3643   19.3337
    0.0000   15.0000   22.5000 2908.1699   19.4104
    7.5000   15.0000   22.5000 2882.0815   19.4012
   -7.5000   22.5000   22.5000 2840.0120   20.3121
    0.0000   22.5000   22.5000 2848.2256   20.3157
    7.5000   22.5000   22.5000 2829.1567   20.3340
   -7.5000   30.0000   22.5000 2766.4751   21.6185
    0.0000   30.0000   22.5000 2769.9902   21.5609
    7.5000   30.0000   22.5000 2758.3408   21.6149
   -7.5000   37.5000   22.5000 2684.1462   23.2496
    0.0000   37.5000   22.5000 2691.0547   23.1238
    7.5000   37.5000   22.5000 2678.1384   23.2010
   -7.5000   45.0000   22.5000 2575.2146   25.3191
    0.0000   45.0000   22.5000 2576.6558   25.1515
    7.5000   45.0000   22.5000 2574.5610   25.3237
   -7.5000  -45.0000   30.0000 2719.0020   26.8385
    0.0000  -45.0000   30.0000 2728.9790   26.7921
    7.5000  -45.0000   30.0000 2710.0420   26.6034
   -7.5000  -37.5000   30.0000 2800.0266   24.5933
    0.0000  -37.5000   30.0000 2811.1458   24.6034
    7.5000  -37.5000   30.0000 2789.4338   24.3635
   -7.5000  -30.0000   30.0000 2871.2449   22.8425
    0.0000  -30.0000   30.0000 2884.0884   22.8822
    7.5000  -30.0000   30.0000 2860.0071   22.6572
   -7.5000  -22.5000   30.0000 2937.7505   21.5189
    0.0000  -22.5000   30.0000 2956.9758   21.6616
    7.5000  -22.5000   30.0000 2916.5894   21.3304
   -7.5000  -15.0000   30.0000 2953.2405   20.3940
    0.0000  -15.0000   30.0000 2987.0474   20.6499
    7.5000  -15.0000   30.0000 2936.5447   20.3307
   -7.5000   -7.5000   30.0000 2935.0100   19.5392
    0.0000   -7.5000   30.0000 2953.5303   19.6204
    7.5000   -7.5000   30.0000 2926.7783   19.6345
   -7.5000    0.0000   30.0000 2942.3513   19.2974
    0.0000    0.0000   30.0000 2949.8059   19.2915
    7.5000    0.0000   30.0000 2934.9089   19.3890
   -7.5000    7.5000   30.0000 2936.7375   19.4213
    0.0000    7.5000   30.0000 2950.3857   19.4115
    7.5000    7.5000   30.0000 2931.2573   19.4844
   -7.5000   15.0000   30.0000 2909.0952   19.9631
    0.0000   15.0000   30.0000 2921.3921   19.9695
    7.5000   15.0000   30.0000 2901.6504   20.0037
   -7.5000   22.5000   30.0000 2853.9675   20.8900
    0.0000   22.5000   30.0000 2858.8232   20.8616
    7.5000   22.5000   30.0000 2845.7615   20.9009
   -7.5000   30.0000   30.0000 2777.1045   22.1429
    0.0000   30.0000   30.0000 2781.1064   22.0869
    7.5000   30.0000   30.0000 2770.4155   22.1409
   -7.5000   37.5000   30.0000 2690.7834   23.6829
    0.0000   37.5000   30.0000 2696.6997   23.5869
    7.5000   37.5000   30.0000 2686.5168   23.6608
   -7.5000   45.0000   30.0000 2569.0647   25.6496
    0.0000   45.0000   30.0000 2571.6506   25.5425
    7.5000   45.0000   30.0000 2569.8440   25.6226
   -7.5000  -45.0000   37.5000 2696.4861   27.1333
    0.0000  -45.0000   37.5000 2704.1902   27.0376
    7.5000  -45.0000   37.5000 2695.2085   27.0412
   -7.5000  -37.5000   37.5000 2775.0327   24.7816
    0.0000  -37.5000   37.5000 2784.0767   24.7534
    7.5000  -37.5000   37.5000 2776.1912   24.7839
   -7.5000  -30.0000   37.5000 2846.3401   22.9611
    0.0000  -30.0000   37.5000 2860.4121   23.0565
    7.5000  -30.0000   37.5000 2847.9690   23.0164
   -7.5000  -22.5000   37.5000 2902.7532   21.5622
    0.0000  -22.5000   37.5000 2923.1448   21.7444
    7.5000  -22.5000   37.5000 2899.5166   21.5948
   -7.5000  -15.0000   37.5000 2911.5627   20.4405
    0.0000  -15.0000   37.5000 2922.0864   20.4939
    7.5000  -15.0000   37.5000 2913.9854   20.5470
   -7.5000   -7.5000   37.5000 2931.5283   19.8248
    0.0000   -7.5000   37.5000 2939.1360   19.8284
    7.5000   -7.5000   37.5000 2922.5811   19.9684
   -7.5000    0.0000   37.5000 2955.4148   19.7818
    0.0000    0.0000   37.5000 2958.7578   19.7833
    7.5000    0.0000   37.5000 2941.7144   19.8402
   -7.5000    7.5000   37.5000 2943.8591   20.0285
    0.0000    7.5000   37.5000 2952.0901   20.0202
    7.5000    7.5000   37.5000 2934.0300   20.0681
   -7.5000   15.0000   37.5000 2911.2588   20.6107
    0.0000   15.0000   37.5000 2916.9287   20.5737
    7.5000   15.0000   37.5000 2902.3792   20.6232
   -7.5000   22.5000   37.5000 2851.3357   21.5440
    0.0000   22.5000   37.5000 2856.2415   21.4982
    7.5000   22.5000   37.5000 2843.5945   21.5286
   -7.5000   30.0000   37.5000 2779.3596   22.7640
    0.0000   30.0000   37.5000 2784.2229   22.7250
    7.5000   30.0000   37.5000 2770.0715   22.7392
   -7.5000   37.5000   37.5000 2683.0520   24.2719
    0.0000   37.5000   37.5000 2688.1245   24.1979
    7.5000   37.5000   37.5000 2683.3972   24.2559
   -7.5000   45.0000   37.5000 2559.8699   26.3178
    0.0000   45.0000   37.5000 2559.8821   26.1888
    7.5000   45.0000   37.5000 2559.2502   26.2861
   -7.5000  -45.0000   45.0000 2668.4231   27.4690
    0.0000  -45.0000   45.0000 2677.4717   27.3845
    7.5000  -45.0000   45.0000 2680.4807   27.6306
   -7.5000  -37.5000   45.0000 2755.2615   25.1883
    0.0000  -37.5000   45.0000 2765.2639   25.1622
    7.5000  -37.5000   45.0000 2763.8103   25.3496
   -7.5000  -30.0000   45.0000 2829.2874   23.4327
    0.0000  -30.0000   45.0000 2839.5793   23.4592
    7.5000  -30.0000   45.0000 2829.1077   23.5348
   -7.5000  -22.5000   45.0000 2867.1934   21.9273
    0.0000  -22.5000   45.0000 2877.2041   21.9489
    7.5000  -22.5000   45.0000 2872.5688   22.0406
   -7.5000  -15.0000   45.0000 2894.6692   20.8636
    0.0000  -15.0000   45.0000 2900.7996   20.8168
    7.5000  -15.0000   45.0000 2899.0378   21.0322
   -7.5000   -7.5000   45.0000 2928.9883   20.3602
    0.0000   -7.5000   45.0000 2934.3962   20.4016
    7.5000   -7.5000   45.0000 2921.0715   20.5033
   -7.5000    0.0000   45.0000 2948.2944   20.3801
    0.0000    0.0000   45.0000 2951.8408   20.3907
    7.5000    0.0000   45.0000 2933.4968   20.4503
   -7.5000    7.5000   45.0000 2935.8186   20.7103
    0.0000    7.5000   45.0000 2938.3572   20.6884
    7.5000    7.5000   45.0000 2924.6792   20.7325
   -7.5000   15.0000   45.0000 2900.9211   21.3480
    0.0000   15.0000   45.0000 2904.1194   21.2889
    7.5000   15.0000   45.0000 2894.6011   21.3497
   -7.5000   22.5000   45.0000 2840.2332   22.3033
    0.0000   22.5000   45.0000 2845.0857   22.2389
    7.5000   22.5000   45.0000 2834.9175   22.2944
   -7.5000   30.0000   45.0000 2760.5833   23.5178
    0.0000   30.0000   45.0000 2767.4529   23.4400
    7.5000   30.0000   45.0000 2758.1123   23.4676
   -7.5000   37.5000   45.0000 2660.3208   25.0307
    0.0000   37.5000   45.0000 2663.8655   24.9285
    7.5000   37.5000   45.0000 2663.2383   24.9509
   -7.5000   45.0000   45.0000 2540.1335   27.0372
    0.0000   45.0000   45.0000 2540.7712   26.9196
    7.5000   45.0000   45.0000 2537.8892   27.0064

---------------------------------------------------------------------
imgreg_4dfp /opt/freesurfer/average/711-2C_as_mni_average_305 /opt/freesurfer/average/711-2B_as_mni_average_305_mask talsrcimg_g11 none talsrcimg_to_711-2C_as_mni_average_305_t4 1283
---------------------------------------------------------------------

freesurfer imgreg_4dfp.c
/opt/freesurfer/average/711-2C_as_mni_average_305.4dfp.img
       256       256       256         1
  1.000000  1.000000  1.000000
orientation T byte_order littleendian
Reading image: /opt/freesurfer/average/711-2C_as_mni_average_305.4dfp.img
dimensions:      256       256       256
mmppix:       1.0000   -1.0000   -1.0000
center:     128.0000 -129.0000 -129.0000
/opt/freesurfer/average/711-2B_as_mni_average_305_mask.4dfp.img
       256       256       256         1
  1.000000  1.000000  1.000000
orientation T byte_order littleendian
Reading mask: /opt/freesurfer/average/711-2B_as_mni_average_305_mask.4dfp.img (2306576 pixels)
talsrcimg_g11.4dfp.img
       320       320       320         1
  0.800000  0.800000  0.800000
orientation T byte_order littleendian
Reading image: talsrcimg_g11.4dfp.img
dimensions:      320       320       320
mmppix:       0.8000   -0.8000   -0.8000
center:     128.0000 -128.8000 -128.8000
rotation matrix determinant  1.000000
fimgreg.f
image alignment mode   1283 decimal      503 hex
parameters
    0.0000  -15.0000   22.5000    0.0000    0.0000    0.0000
eta,q 0.95206 20.97124
niter,ni,del,rscale     5    3   12.0000    1.2000
parameter  3  0.546590 ->  0.500000 qaram    1.1500
parameter  6  0.521610 ->  0.500000 qaram    1.1500
parameters
   -1.2540  -13.0521   19.0500   -1.8451    0.8127   -3.4500
eta,q 0.95554 20.74385
  0.0605  0.0653  0.0467  0.0469  0.0542  0.0453
  0.0530  0.0592  0.0454  0.0456  0.0499  0.0445
  0.0491  0.0534  0.0459  0.0453  0.0464  0.0446
  0.0503  0.0489  0.0473  0.0455  0.0452  0.0453
  0.0554  0.0473  0.0500  0.0468  0.0457  0.0466
  0.0633  0.0494  0.0546  0.0483  0.0474  0.0484
  0.0727  0.0533  0.0604  0.0494  0.0502  0.0506
niter,ni,del,rscale     6    3   12.0000    1.2000
parameters
   -1.7283  -11.6108   19.6412   -3.9813    1.6626   -3.1423
eta,q 0.95705 20.63841
  0.0625  0.0600  0.0609  0.0448  0.0523  0.0478
  0.0528  0.0528  0.0486  0.0431  0.0476  0.0457
  0.0456  0.0472  0.0438  0.0430  0.0441  0.0439
  0.0445  0.0441  0.0436  0.0438  0.0429  0.0430
  0.0494  0.0439  0.0448  0.0449  0.0434  0.0432
  0.0575  0.0464  0.0479  0.0462  0.0452  0.0447
  0.0681  0.0496  0.0535  0.0473  0.0479  0.0474
niter,ni,del,rscale     5    3   12.0000    1.2000
parameters
   -1.9318  -11.1779   19.2082   -4.1689    1.8948   -3.2724
eta,q 0.95742 20.61231
  0.0634  0.0568  0.0544  0.0463  0.0507  0.0470
  0.0530  0.0503  0.0450  0.0438  0.0461  0.0448
  0.0448  0.0451  0.0421  0.0424  0.0432  0.0432
  0.0429  0.0428  0.0428  0.0426  0.0425  0.0426
  0.0473  0.0443  0.0445  0.0436  0.0434  0.0430
  0.0551  0.0484  0.0488  0.0448  0.0459  0.0448
  0.0657  0.0531  0.0562  0.0460  0.0491  0.0476
niter,ni,del,rscale     4    3   12.0000    1.2000
parameters
   -2.0277  -11.0035   19.2261   -4.3440    2.0199   -3.2999
eta,q 0.95748 20.59865
  0.0645  0.0557  0.0572  0.0464  0.0505  0.0470
  0.0537  0.0493  0.0459  0.0438  0.0459  0.0448
  0.0449  0.0443  0.0421  0.0424  0.0431  0.0432
  0.0426  0.0425  0.0425  0.0426  0.0425  0.0425
  0.0468  0.0447  0.0441  0.0436  0.0435  0.0428
  0.0547  0.0488  0.0479  0.0448  0.0461  0.0446
  0.0653  0.0538  0.0550  0.0460  0.0493  0.0474
niter,ni,del,rscale     3    3   12.0000    1.2000
parameters
   -2.0635  -10.9577   19.1871   -4.3992    2.0641   -3.3150
eta,q 0.95752 20.59716
  0.0651  0.0554  0.0569  0.0466  0.0503  0.0470
  0.0541  0.0490  0.0458  0.0439  0.0457  0.0448
  0.0451  0.0441  0.0421  0.0425  0.0430  0.0432
  0.0425  0.0425  0.0425  0.0425  0.0425  0.0425
  0.0466  0.0449  0.0441  0.0435  0.0436  0.0428
  0.0545  0.0492  0.0480  0.0448  0.0462  0.0446
  0.0651  0.0543  0.0552  0.0459  0.0495  0.0473
registration optimization eta report
parameter search radius
    6.0000    6.0000    6.9000    6.0000    6.0000    6.9000
100000*second partial in parameter space
       61.       33.       30.       10.       21.       10.
  0.0651  0.0554  0.0569  0.0466  0.0503  0.0470
  0.0541  0.0490  0.0458  0.0439  0.0457  0.0448
  0.0451  0.0441  0.0421  0.0425  0.0430  0.0432
  0.0425  0.0425  0.0425  0.0425  0.0425  0.0425
  0.0466  0.0449  0.0441  0.0435  0.0436  0.0428
  0.0545  0.0492  0.0480  0.0448  0.0462  0.0446
  0.0651  0.0543  0.0552  0.0459  0.0495  0.0473
   -2.0635  -10.9577   19.1871   -4.3992    2.0641   -3.3150
eta,q 0.95752 20.59716

---------------------------------------------------------------------
imgreg_4dfp /opt/freesurfer/average/711-2C_as_mni_average_305 /opt/freesurfer/average/711-2B_as_mni_average_305_mask talsrcimg_g11 none talsrcimg_to_711-2C_as_mni_average_305_t4 3335
---------------------------------------------------------------------

freesurfer imgreg_4dfp.c
/opt/freesurfer/average/711-2C_as_mni_average_305.4dfp.img
       256       256       256         1
  1.000000  1.000000  1.000000
orientation T byte_order littleendian
Reading image: /opt/freesurfer/average/711-2C_as_mni_average_305.4dfp.img
dimensions:      256       256       256
mmppix:       1.0000   -1.0000   -1.0000
center:     128.0000 -129.0000 -129.0000
/opt/freesurfer/average/711-2B_as_mni_average_305_mask.4dfp.img
       256       256       256         1
  1.000000  1.000000  1.000000
orientation T byte_order littleendian
Reading mask: /opt/freesurfer/average/711-2B_as_mni_average_305_mask.4dfp.img (2306576 pixels)
talsrcimg_g11.4dfp.img
       320       320       320         1
  0.800000  0.800000  0.800000
orientation T byte_order littleendian
Reading image: talsrcimg_g11.4dfp.img
dimensions:      320       320       320
mmppix:       0.8000   -0.8000   -0.8000
center:     128.0000 -128.8000 -128.8000
fimgreg.f
image alignment mode   3335 decimal      D07 hex
parameters
   -2.0635  -10.9577   19.1871   -0.2321   -0.4774   -0.3593
    6.0413   -3.1415   -5.7788    7.8654    3.6017   -7.6656
eta,q 0.96021 20.84097
niter,ni,del,rscale     5    3    5.0000    1.2000
parameter  4  0.533404 ->  0.500000 qaram    1.1500
parameter  5  0.563543 ->  0.500000 qaram    1.1500
parameters
   -1.8874  -10.5911   18.1386   -4.3721   -4.6174   -0.8517
    5.1275   -3.2737   -4.9629    6.6696    5.0220   -7.2160
eta,q 0.96374 20.63811
  0.0442  0.0429  0.0399  0.0385  0.0366  0.0397  0.0378  0.0407  0.0383  0.0379  0.0372  0.0370
  0.0419  0.0414  0.0395  0.0375  0.0361  0.0385  0.0369  0.0379  0.0373  0.0369  0.0367  0.0366
  0.0404  0.0404  0.0394  0.0376  0.0363  0.0374  0.0364  0.0366  0.0366  0.0364  0.0365  0.0363
  0.0398  0.0398  0.0397  0.0394  0.0374  0.0361  0.0364  0.0363  0.0363  0.0363  0.0363  0.0363
  0.0400  0.0397  0.0402  0.0434  0.0396  0.0349  0.0368  0.0367  0.0364  0.0368  0.0362  0.0363
  0.0411  0.0403  0.0411  0.0501  0.0433  0.0375  0.0376  0.0381  0.0368  0.0379  0.0363  0.0365
  0.0431  0.0415  0.0423  0.0590  0.0481  0.0439  0.0387  0.0410  0.0376  0.0395  0.0367  0.0368
niter,ni,del,rscale     6    3    5.0000    1.2000
parameter  2 -0.681383 -> -0.500000 qaram    1.1500
parameters
   -1.7591   -9.2111   18.1966   -4.9792   -6.6415   -0.8223
    4.5784   -3.8066   -5.3173    6.9414    5.5001   -8.1653
eta,q 0.96443 20.43902
  0.0390  0.0404  0.0362  0.0402  0.0379  0.0391  0.0371  0.0386  0.0369  0.0376  0.0361  0.0360
  0.0375  0.0386  0.0358  0.0385  0.0365  0.0379  0.0362  0.0366  0.0361  0.0365  0.0358  0.0357
  0.0366  0.0372  0.0355  0.0367  0.0357  0.0368  0.0357  0.0358  0.0357  0.0358  0.0357  0.0356
  0.0363  0.0363  0.0355  0.0355  0.0357  0.0356  0.0356  0.0356  0.0356  0.0356  0.0356  0.0356
  0.0365  0.0357  0.0355  0.0357  0.0365  0.0344  0.0359  0.0359  0.0358  0.0357  0.0356  0.0357
  0.0372  0.0354  0.0357  0.0381  0.0393  0.0359  0.0366  0.0372  0.0363  0.0363  0.0357  0.0359
  0.0385  0.0356  0.0361  0.0438  0.0440  0.0411  0.0376  0.0398  0.0371  0.0373  0.0360  0.0363
niter,ni,del,rscale     6    3    5.0000    1.2000
parameters
   -1.7534   -8.3281   18.4669   -4.6727   -7.9537   -0.9454
    4.7092   -3.8998   -5.6704    7.3127    5.4555   -9.6332
eta,q 0.96468 20.32808
  0.0377  0.0389  0.0361  0.0403  0.0380  0.0387  0.0371  0.0385  0.0365  0.0373  0.0358  0.0357
  0.0365  0.0374  0.0357  0.0387  0.0366  0.0375  0.0362  0.0364  0.0358  0.0361  0.0355  0.0354
  0.0358  0.0362  0.0355  0.0369  0.0356  0.0364  0.0356  0.0356  0.0354  0.0355  0.0354  0.0353
  0.0356  0.0356  0.0354  0.0354  0.0352  0.0353  0.0354  0.0354  0.0354  0.0353  0.0354  0.0354
  0.0358  0.0354  0.0354  0.0350  0.0358  0.0343  0.0355  0.0356  0.0356  0.0355  0.0354  0.0355
  0.0365  0.0356  0.0355  0.0366  0.0378  0.0357  0.0361  0.0365  0.0360  0.0360  0.0355  0.0358
  0.0377  0.0363  0.0359  0.0411  0.0420  0.0411  0.0370  0.0387  0.0367  0.0368  0.0358  0.0362
niter,ni,del,rscale     5    3    5.0000    1.2000
parameters
   -1.7714   -7.8551   18.6991   -4.4655   -8.6516   -1.0686
    4.8989   -3.8658   -5.9163    7.8915    5.2884  -10.8089
eta,q 0.96472 20.27720
  0.0374  0.0378  0.0360  0.0402  0.0383  0.0386  0.0371  0.0385  0.0364  0.0373  0.0357  0.0358
  0.0362  0.0366  0.0356  0.0385  0.0369  0.0375  0.0361  0.0364  0.0357  0.0361  0.0355  0.0354
  0.0355  0.0357  0.0354  0.0367  0.0357  0.0364  0.0355  0.0355  0.0354  0.0355  0.0353  0.0353
  0.0353  0.0353  0.0353  0.0353  0.0352  0.0353  0.0353  0.0353  0.0353  0.0353  0.0353  0.0353
  0.0356  0.0354  0.0353  0.0350  0.0355  0.0343  0.0355  0.0355  0.0355  0.0355  0.0354  0.0355
  0.0363  0.0358  0.0354  0.0366  0.0370  0.0357  0.0360  0.0364  0.0359  0.0359  0.0355  0.0358
  0.0374  0.0365  0.0358  0.0412  0.0406  0.0410  0.0369  0.0384  0.0365  0.0366  0.0358  0.0362
niter,ni,del,rscale     4    3    5.0000    1.2000
parameters
   -1.7766   -7.5467   18.7113   -4.3904   -9.0522   -1.2222
    5.0622   -3.7966   -6.0925    8.6484    5.2455  -11.6987
eta,q 0.96465 20.25067
  0.0374  0.0374  0.0359  0.0401  0.0385  0.0387  0.0371  0.0385  0.0364  0.0374  0.0358  0.0359
  0.0362  0.0363  0.0356  0.0385  0.0371  0.0375  0.0362  0.0364  0.0358  0.0362  0.0355  0.0355
  0.0355  0.0356  0.0354  0.0367  0.0358  0.0364  0.0356  0.0356  0.0354  0.0355  0.0354  0.0353
  0.0353  0.0353  0.0353  0.0353  0.0352  0.0353  0.0354  0.0354  0.0354  0.0354  0.0354  0.0354
  0.0355  0.0354  0.0353  0.0351  0.0354  0.0344  0.0355  0.0356  0.0355  0.0355  0.0354  0.0355
  0.0362  0.0358  0.0355  0.0367  0.0367  0.0357  0.0361  0.0364  0.0359  0.0358  0.0355  0.0358
  0.0374  0.0366  0.0360  0.0415  0.0401  0.0412  0.0370  0.0383  0.0364  0.0365  0.0358  0.0362
niter,ni,del,rscale     3    3    5.0000    1.2000
parameters
   -1.7781   -7.2559   18.5642   -4.3936   -9.4403   -1.4316
    5.2045   -3.7779   -6.2484    9.6135    5.3619  -12.4361
eta,q 0.96454 20.22466
  0.0374  0.0373  0.0359  0.0401  0.0385  0.0387  0.0372  0.0384  0.0364  0.0374  0.0359  0.0360
  0.0363  0.0362  0.0356  0.0385  0.0371  0.0376  0.0362  0.0365  0.0358  0.0363  0.0356  0.0356
  0.0356  0.0356  0.0354  0.0367  0.0359  0.0365  0.0357  0.0357  0.0355  0.0357  0.0355  0.0355
  0.0353  0.0353  0.0353  0.0353  0.0353  0.0354  0.0355  0.0355  0.0355  0.0355  0.0355  0.0355
  0.0356  0.0354  0.0354  0.0352  0.0355  0.0346  0.0356  0.0357  0.0356  0.0355  0.0355  0.0356
  0.0363  0.0359  0.0357  0.0368  0.0367  0.0359  0.0362  0.0365  0.0359  0.0358  0.0356  0.0358
  0.0374  0.0366  0.0361  0.0418  0.0400  0.0414  0.0370  0.0384  0.0364  0.0365  0.0359  0.0362
niter,ni,del,rscale     2    3    5.0000    1.2000
parameters
   -1.7812   -6.8554   18.2249   -4.4682  -10.0375   -1.7781
    5.3692   -3.8152   -6.4008   11.2016    5.8260  -13.3597
eta,q 0.96441 20.18337
  0.0375  0.0373  0.0359  0.0401  0.0383  0.0387  0.0373  0.0384  0.0365  0.0376  0.0360  0.0360
  0.0363  0.0364  0.0356  0.0385  0.0370  0.0376  0.0364  0.0366  0.0360  0.0365  0.0358  0.0357
  0.0357  0.0357  0.0355  0.0368  0.0360  0.0366  0.0359  0.0358  0.0357  0.0359  0.0356  0.0356
  0.0355  0.0355  0.0354  0.0354  0.0355  0.0355  0.0357  0.0357  0.0357  0.0357  0.0356  0.0356
  0.0357  0.0355  0.0355  0.0352  0.0356  0.0347  0.0358  0.0358  0.0358  0.0356  0.0356  0.0357
  0.0364  0.0358  0.0358  0.0369  0.0369  0.0361  0.0363  0.0366  0.0361  0.0358  0.0357  0.0359
  0.0374  0.0365  0.0363  0.0419  0.0402  0.0418  0.0371  0.0385  0.0365  0.0363  0.0359  0.0363
niter,ni,del,rscale     1    3    5.0000    1.2000
parameters
   -1.7891   -6.1247   17.5013   -4.6855  -11.2079   -2.4917
    5.5797   -3.9352   -6.4309   14.3365    6.4326  -14.5655
eta,q 0.96445 20.09274
  0.0375  0.0376  0.0357  0.0398  0.0378  0.0384  0.0373  0.0383  0.0366  0.0381  0.0359  0.0359
  0.0364  0.0366  0.0355  0.0383  0.0367  0.0375  0.0365  0.0367  0.0362  0.0371  0.0357  0.0356
  0.0358  0.0360  0.0354  0.0368  0.0359  0.0365  0.0361  0.0360  0.0359  0.0363  0.0356  0.0356
  0.0356  0.0356  0.0355  0.0354  0.0355  0.0356  0.0359  0.0359  0.0359  0.0359  0.0356  0.0356
  0.0358  0.0355  0.0357  0.0352  0.0358  0.0349  0.0360  0.0360  0.0359  0.0356  0.0356  0.0356
  0.0365  0.0357  0.0360  0.0369  0.0373  0.0367  0.0364  0.0367  0.0362  0.0356  0.0356  0.0358
  0.0375  0.0362  0.0365  0.0422  0.0408  0.0427  0.0371  0.0386  0.0366  0.0360  0.0358  0.0362
registration optimization eta report
parameter search radius
    2.4000    2.7600    2.4000    8.2800    8.2800    7.2000
    7.2000    7.2000    7.2000    7.2000    7.2000    7.2000
100000*second partial in parameter space
       33.       17.       11.        8.        6.       10.
        3.        5.        1.        2.        1.        1.
  0.0375  0.0376  0.0357  0.0398  0.0378  0.0384  0.0373  0.0383  0.0366  0.0381  0.0359  0.0359
  0.0364  0.0366  0.0355  0.0383  0.0367  0.0375  0.0365  0.0367  0.0362  0.0371  0.0357  0.0356
  0.0358  0.0360  0.0354  0.0368  0.0359  0.0365  0.0361  0.0360  0.0359  0.0363  0.0356  0.0356
  0.0356  0.0356  0.0355  0.0354  0.0355  0.0356  0.0359  0.0359  0.0359  0.0359  0.0356  0.0356
  0.0358  0.0355  0.0357  0.0352  0.0358  0.0349  0.0360  0.0360  0.0359  0.0356  0.0356  0.0356
  0.0365  0.0357  0.0360  0.0369  0.0373  0.0367  0.0364  0.0367  0.0362  0.0356  0.0356  0.0358
  0.0375  0.0362  0.0365  0.0422  0.0408  0.0427  0.0371  0.0386  0.0366  0.0360  0.0358  0.0362
   -1.7891   -6.1247   17.5013   -4.6855  -11.2079   -2.4917
    5.5797   -3.9352   -6.4309   14.3365    6.4326  -14.5655
eta,q 0.96445 20.09274

---------------------------------------------------------------------
imgreg_4dfp /opt/freesurfer/average/711-2C_as_mni_average_305 /opt/freesurfer/average/711-2B_as_mni_average_305_mask talsrcimg_g11 none talsrcimg_to_711-2C_as_mni_average_305_t4 2311
---------------------------------------------------------------------

freesurfer imgreg_4dfp.c
/opt/freesurfer/average/711-2C_as_mni_average_305.4dfp.img
       256       256       256         1
  1.000000  1.000000  1.000000
orientation T byte_order littleendian
Reading image: /opt/freesurfer/average/711-2C_as_mni_average_305.4dfp.img
dimensions:      256       256       256
mmppix:       1.0000   -1.0000   -1.0000
center:     128.0000 -129.0000 -129.0000
/opt/freesurfer/average/711-2B_as_mni_average_305_mask.4dfp.img
       256       256       256         1
  1.000000  1.000000  1.000000
orientation T byte_order littleendian
Reading mask: /opt/freesurfer/average/711-2B_as_mni_average_305_mask.4dfp.img (2306576 pixels)
talsrcimg_g11.4dfp.img
       320       320       320         1
  0.800000  0.800000  0.800000
orientation T byte_order littleendian
Reading image: talsrcimg_g11.4dfp.img
dimensions:      320       320       320
mmppix:       0.8000   -0.8000   -0.8000
center:     128.0000 -128.8000 -128.8000
fimgreg.f
image alignment mode   2311 decimal      907 hex
parameters
   -1.7891   -6.1247   17.5013   -4.6855  -11.2079   -2.4917
    5.5797   -3.9352   -6.4309   14.3365    6.4326  -14.5655
eta,q 0.96445 20.09274
niter,ni,del,rscale     5    3    5.0000    0.8000
parameter  2 -0.809232 -> -0.500000 qaram    1.1500
parameter  3  0.787581 ->  0.500000 qaram    1.1500
parameters
   -1.8185   -5.2047   16.5813   -3.0048  -12.0909   -2.1469
    5.4704   -4.0603   -5.8330   15.5681    6.0041  -15.3914
eta,q 0.96538 20.06280
  0.0363  0.0367  0.0351  0.0375  0.0354  0.0363  0.0353  0.0364  0.0352  0.0358  0.0348  0.0348
  0.0359  0.0362  0.0351  0.0367  0.0351  0.0358  0.0350  0.0354  0.0350  0.0352  0.0347  0.0347
  0.0356  0.0359  0.0352  0.0358  0.0348  0.0353  0.0348  0.0349  0.0348  0.0349  0.0347  0.0346
  0.0356  0.0356  0.0353  0.0351  0.0348  0.0348  0.0347  0.0347  0.0347  0.0347  0.0346  0.0346
  0.0357  0.0354  0.0354  0.0348  0.0350  0.0344  0.0348  0.0348  0.0347  0.0346  0.0346  0.0347
  0.0359  0.0353  0.0356  0.0349  0.0355  0.0345  0.0350  0.0354  0.0348  0.0347  0.0347  0.0348
  0.0364  0.0353  0.0359  0.0358  0.0364  0.0367  0.0354  0.0367  0.0350  0.0351  0.0350  0.0349
niter,ni,del,rscale     6    3    5.0000    0.9000
parameters
   -1.7896   -4.5373   15.7603   -3.6691  -12.8346   -3.1683
    5.5172   -3.8412   -5.8993   17.1602    6.3846  -15.7364
eta,q 0.96530 19.95802
  0.0359  0.0361  0.0346  0.0366  0.0355  0.0361  0.0356  0.0370  0.0353  0.0363  0.0349  0.0349
  0.0352  0.0354  0.0344  0.0357  0.0350  0.0355  0.0352  0.0356  0.0350  0.0355  0.0348  0.0348
  0.0347  0.0349  0.0344  0.0349  0.0346  0.0350  0.0349  0.0350  0.0349  0.0351  0.0348  0.0347
  0.0346  0.0346  0.0345  0.0344  0.0345  0.0345  0.0348  0.0348  0.0348  0.0348  0.0347  0.0347
  0.0348  0.0345  0.0347  0.0347  0.0347  0.0342  0.0349  0.0348  0.0349  0.0347  0.0347  0.0347
  0.0352  0.0346  0.0350  0.0361  0.0353  0.0361  0.0351  0.0354  0.0350  0.0348  0.0347  0.0348
  0.0358  0.0350  0.0355  0.0391  0.0366  0.0411  0.0356  0.0367  0.0353  0.0352  0.0349  0.0350
niter,ni,del,rscale     5    3    5.0000    0.8000
parameters
   -1.7479   -3.9664   15.1145   -3.3869  -13.0847   -3.6721
    5.4390   -3.8679   -5.8782   17.8690    6.2490  -15.9531
eta,q 0.96534 19.91574
  0.0357  0.0358  0.0347  0.0368  0.0354  0.0358  0.0353  0.0364  0.0351  0.0356  0.0348  0.0348
  0.0351  0.0353  0.0346  0.0359  0.0350  0.0354  0.0350  0.0354  0.0349  0.0351  0.0348  0.0347
  0.0348  0.0349  0.0346  0.0352  0.0347  0.0350  0.0347  0.0349  0.0347  0.0348  0.0347  0.0347
  0.0347  0.0347  0.0346  0.0346  0.0345  0.0346  0.0347  0.0347  0.0347  0.0347  0.0347  0.0347
  0.0348  0.0346  0.0347  0.0345  0.0346  0.0342  0.0347  0.0347  0.0347  0.0347  0.0347  0.0347
  0.0351  0.0347  0.0349  0.0351  0.0350  0.0348  0.0350  0.0353  0.0349  0.0348  0.0347  0.0348
  0.0355  0.0350  0.0352  0.0367  0.0358  0.0382  0.0353  0.0365  0.0351  0.0352  0.0349  0.0349
niter,ni,del,rscale     4    3    5.0000    0.7000
parameters
   -1.7243   -3.6969   14.8123   -3.1372  -13.1867   -3.5309
    5.4519   -3.8216   -5.9188   18.2071    5.8370  -16.0402
eta,q 0.96543 19.91409
  0.0354  0.0353  0.0348  0.0364  0.0353  0.0357  0.0351  0.0362  0.0349  0.0352  0.0347  0.0347
  0.0350  0.0350  0.0347  0.0357  0.0350  0.0353  0.0348  0.0352  0.0347  0.0349  0.0346  0.0346
  0.0347  0.0348  0.0346  0.0351  0.0347  0.0349  0.0346  0.0348  0.0346  0.0347  0.0346  0.0346
  0.0347  0.0347  0.0346  0.0346  0.0346  0.0346  0.0346  0.0346  0.0346  0.0346  0.0346  0.0346
  0.0348  0.0347  0.0347  0.0346  0.0347  0.0343  0.0346  0.0347  0.0346  0.0346  0.0346  0.0346
  0.0350  0.0348  0.0348  0.0351  0.0349  0.0343  0.0348  0.0351  0.0347  0.0347  0.0347  0.0346
  0.0353  0.0350  0.0349  0.0363  0.0355  0.0362  0.0351  0.0361  0.0349  0.0351  0.0349  0.0347
niter,ni,del,rscale     3    3    5.0000    0.6000
parameters
   -1.6966   -3.6521   14.6018   -3.0301  -13.1231   -3.2609
    5.4996   -3.7155   -5.9239   18.5739    5.4103  -15.9146
eta,q 0.96553 19.93142
  0.0352  0.0350  0.0347  0.0360  0.0351  0.0354  0.0349  0.0359  0.0347  0.0350  0.0346  0.0346
  0.0348  0.0348  0.0346  0.0354  0.0349  0.0351  0.0347  0.0351  0.0346  0.0347  0.0345  0.0345
  0.0346  0.0346  0.0346  0.0349  0.0347  0.0348  0.0345  0.0346  0.0345  0.0346  0.0345  0.0345
  0.0346  0.0346  0.0346  0.0346  0.0346  0.0345  0.0345  0.0345  0.0345  0.0345  0.0345  0.0345
  0.0346  0.0346  0.0346  0.0346  0.0346  0.0342  0.0345  0.0346  0.0345  0.0345  0.0345  0.0345
  0.0348  0.0347  0.0346  0.0350  0.0348  0.0343  0.0346  0.0350  0.0346  0.0346  0.0346  0.0345
  0.0351  0.0349  0.0347  0.0360  0.0352  0.0357  0.0349  0.0358  0.0347  0.0348  0.0348  0.0346
niter,ni,del,rscale     2    3    5.0000    0.5000
parameters
   -1.6649   -3.7119   14.2985   -3.0563  -12.9330   -3.1171
    5.5260   -3.6059   -5.8429   19.0532    5.0720  -15.5439
eta,q 0.96561 19.95127
  0.0349  0.0347  0.0345  0.0355  0.0349  0.0352  0.0347  0.0356  0.0346  0.0348  0.0346  0.0345
  0.0347  0.0346  0.0345  0.0350  0.0347  0.0350  0.0345  0.0349  0.0345  0.0346  0.0345  0.0345
  0.0345  0.0345  0.0345  0.0346  0.0345  0.0347  0.0344  0.0345  0.0344  0.0345  0.0344  0.0344
  0.0345  0.0345  0.0345  0.0345  0.0345  0.0345  0.0344  0.0344  0.0344  0.0344  0.0344  0.0344
  0.0345  0.0345  0.0345  0.0345  0.0345  0.0342  0.0344  0.0345  0.0344  0.0344  0.0344  0.0344
  0.0347  0.0346  0.0346  0.0349  0.0346  0.0343  0.0345  0.0348  0.0345  0.0345  0.0345  0.0344
  0.0349  0.0348  0.0346  0.0357  0.0349  0.0355  0.0347  0.0354  0.0346  0.0346  0.0347  0.0345
niter,ni,del,rscale     1    3    5.0000    0.4000
parameters
   -1.6360   -3.7953   13.9240   -3.1685  -12.7035   -2.9814
    5.5278   -3.5322   -5.6926   19.4643    4.8118  -15.0958
eta,q 0.96570 19.96638
  0.0347  0.0345  0.0344  0.0351  0.0347  0.0350  0.0345  0.0352  0.0345  0.0346  0.0345  0.0344
  0.0345  0.0345  0.0344  0.0347  0.0345  0.0349  0.0344  0.0347  0.0344  0.0345  0.0344  0.0344
  0.0344  0.0344  0.0344  0.0345  0.0344  0.0346  0.0343  0.0344  0.0343  0.0344  0.0343  0.0343
  0.0344  0.0344  0.0344  0.0344  0.0344  0.0344  0.0343  0.0343  0.0343  0.0343  0.0343  0.0343
  0.0344  0.0344  0.0344  0.0344  0.0344  0.0342  0.0343  0.0344  0.0343  0.0343  0.0343  0.0343
  0.0345  0.0345  0.0345  0.0347  0.0344  0.0343  0.0344  0.0347  0.0344  0.0344  0.0344  0.0343
  0.0347  0.0346  0.0345  0.0353  0.0346  0.0353  0.0345  0.0351  0.0344  0.0345  0.0345  0.0344
registration optimization eta report
parameter search radius
    0.8000    0.9200    0.9200    2.4000    2.4000    2.4000
    2.4000    2.4000    2.4000    2.4000    2.4000    2.4000
100000*second partial in parameter space
       46.       23.       10.       14.        5.       14.
        3.       15.        2.        4.        3.        2.
  0.0347  0.0345  0.0344  0.0351  0.0347  0.0350  0.0345  0.0352  0.0345  0.0346  0.0345  0.0344
  0.0345  0.0345  0.0344  0.0347  0.0345  0.0349  0.0344  0.0347  0.0344  0.0345  0.0344  0.0344
  0.0344  0.0344  0.0344  0.0345  0.0344  0.0346  0.0343  0.0344  0.0343  0.0344  0.0343  0.0343
  0.0344  0.0344  0.0344  0.0344  0.0344  0.0344  0.0343  0.0343  0.0343  0.0343  0.0343  0.0343
  0.0344  0.0344  0.0344  0.0344  0.0344  0.0342  0.0343  0.0344  0.0343  0.0343  0.0343  0.0343
  0.0345  0.0345  0.0345  0.0347  0.0344  0.0343  0.0344  0.0347  0.0344  0.0344  0.0344  0.0343
  0.0347  0.0346  0.0345  0.0353  0.0346  0.0353  0.0345  0.0351  0.0344  0.0345  0.0345  0.0344
   -1.6360   -3.7953   13.9240   -3.1685  -12.7035   -2.9814
    5.5278   -3.5322   -5.6926   19.4643    4.8118  -15.0958
eta,q 0.96570 19.96638

---------------------------------------------------------------------
imgreg_4dfp /opt/freesurfer/average/711-2C_as_mni_average_305 /opt/freesurfer/average/711-2B_as_mni_average_305_mask talsrcimg_g11 none talsrcimg_to_711-2C_as_mni_average_305_t4 2311
---------------------------------------------------------------------

freesurfer imgreg_4dfp.c
/opt/freesurfer/average/711-2C_as_mni_average_305.4dfp.img
       256       256       256         1
  1.000000  1.000000  1.000000
orientation T byte_order littleendian
Reading image: /opt/freesurfer/average/711-2C_as_mni_average_305.4dfp.img
dimensions:      256       256       256
mmppix:       1.0000   -1.0000   -1.0000
center:     128.0000 -129.0000 -129.0000
/opt/freesurfer/average/711-2B_as_mni_average_305_mask.4dfp.img
       256       256       256         1
  1.000000  1.000000  1.000000
orientation T byte_order littleendian
Reading mask: /opt/freesurfer/average/711-2B_as_mni_average_305_mask.4dfp.img (2306576 pixels)
talsrcimg_g11.4dfp.img
       320       320       320         1
  0.800000  0.800000  0.800000
orientation T byte_order littleendian
Reading image: talsrcimg_g11.4dfp.img
dimensions:      320       320       320
mmppix:       0.8000   -0.8000   -0.8000
center:     128.0000 -128.8000 -128.8000
fimgreg.f
image alignment mode   2311 decimal      907 hex
parameters
   -1.6360   -3.7953   13.9240   -3.1685  -12.7035   -2.9814
    5.5278   -3.5322   -5.6926   19.4643    4.8118  -15.0958
eta,q 0.96570 19.96638
niter,ni,del,rscale     5    3    5.0000    0.8000
parameters
   -1.6064   -3.9028   14.0315   -3.8491  -13.0608   -4.0825
    5.6908   -3.2526   -5.8647   18.9530    5.1187  -14.2913
eta,q 0.96519 19.89096
  0.0357  0.0348  0.0350  0.0362  0.0353  0.0357  0.0355  0.0372  0.0352  0.0354  0.0351  0.0350
  0.0349  0.0345  0.0345  0.0354  0.0349  0.0353  0.0351  0.0357  0.0350  0.0351  0.0349  0.0349
  0.0345  0.0343  0.0343  0.0347  0.0346  0.0350  0.0349  0.0351  0.0349  0.0349  0.0349  0.0349
  0.0343  0.0343  0.0343  0.0343  0.0344  0.0344  0.0348  0.0348  0.0348  0.0348  0.0348  0.0348
  0.0344  0.0344  0.0344  0.0347  0.0345  0.0342  0.0349  0.0349  0.0349  0.0349  0.0348  0.0348
  0.0349  0.0346  0.0345  0.0360  0.0350  0.0366  0.0351  0.0354  0.0350  0.0352  0.0349  0.0349
  0.0355  0.0350  0.0347  0.0385  0.0359  0.0409  0.0354  0.0366  0.0352  0.0358  0.0350  0.0349
niter,ni,del,rscale     4    3    5.0000    0.7000
parameters
   -1.5677   -3.6189   13.3702   -3.4904  -12.9218   -4.6702
    5.4706   -3.2953   -5.7588   19.3773    5.0914  -13.9560
eta,q 0.96513 19.87619
  0.0356  0.0353  0.0348  0.0367  0.0355  0.0357  0.0353  0.0365  0.0352  0.0354  0.0351  0.0350
  0.0352  0.0351  0.0348  0.0360  0.0352  0.0354  0.0351  0.0355  0.0350  0.0352  0.0350  0.0349
  0.0349  0.0349  0.0348  0.0353  0.0349  0.0351  0.0349  0.0350  0.0349  0.0350  0.0349  0.0349
  0.0348  0.0348  0.0348  0.0348  0.0347  0.0347  0.0349  0.0349  0.0349  0.0349  0.0349  0.0349
  0.0349  0.0348  0.0348  0.0347  0.0347  0.0343  0.0349  0.0350  0.0349  0.0349  0.0349  0.0349
  0.0351  0.0349  0.0349  0.0352  0.0350  0.0351  0.0351  0.0355  0.0350  0.0350  0.0349  0.0349
  0.0355  0.0350  0.0350  0.0364  0.0355  0.0381  0.0354  0.0366  0.0352  0.0353  0.0351  0.0350
niter,ni,del,rscale     3    3    5.0000    0.6000
parameters
   -1.5568   -3.4885   13.3779   -3.2069  -13.0495   -3.9902
    5.4070   -3.3900   -5.6210   19.2310    4.6847  -14.0597
eta,q 0.96537 19.88465
  0.0354  0.0352  0.0349  0.0363  0.0354  0.0356  0.0350  0.0362  0.0349  0.0350  0.0348  0.0348
  0.0351  0.0350  0.0349  0.0357  0.0351  0.0353  0.0348  0.0352  0.0347  0.0348  0.0347  0.0347
  0.0349  0.0349  0.0349  0.0352  0.0349  0.0351  0.0347  0.0348  0.0347  0.0347  0.0346  0.0346
  0.0349  0.0349  0.0349  0.0349  0.0348  0.0348  0.0346  0.0346  0.0346  0.0346  0.0346  0.0346
  0.0349  0.0349  0.0349  0.0348  0.0349  0.0345  0.0347  0.0348  0.0346  0.0347  0.0347  0.0346
  0.0351  0.0349  0.0349  0.0352  0.0351  0.0343  0.0348  0.0354  0.0347  0.0348  0.0348  0.0347
  0.0354  0.0351  0.0349  0.0361  0.0356  0.0355  0.0351  0.0363  0.0349  0.0351  0.0350  0.0348
niter,ni,del,rscale     2    3    5.0000    0.5000
parameters
   -1.5649   -3.5480   13.2739   -3.2350  -12.8800   -3.9197
    5.4687   -3.3046   -5.5795   19.4653    4.4871  -14.0255
eta,q 0.96541 19.90106
  0.0351  0.0348  0.0347  0.0357  0.0351  0.0354  0.0349  0.0358  0.0348  0.0349  0.0348  0.0347
  0.0348  0.0347  0.0346  0.0352  0.0349  0.0351  0.0347  0.0351  0.0347  0.0348  0.0347  0.0346
  0.0347  0.0346  0.0346  0.0348  0.0347  0.0349  0.0346  0.0347  0.0346  0.0347  0.0346  0.0346
  0.0346  0.0346  0.0346  0.0346  0.0346  0.0346  0.0346  0.0346  0.0346  0.0346  0.0346  0.0346
  0.0347  0.0347  0.0346  0.0347  0.0346  0.0343  0.0346  0.0347  0.0346  0.0346  0.0346  0.0346
  0.0348  0.0347  0.0347  0.0351  0.0348  0.0345  0.0347  0.0351  0.0347  0.0347  0.0347  0.0346
  0.0351  0.0349  0.0347  0.0359  0.0350  0.0358  0.0349  0.0357  0.0348  0.0349  0.0348  0.0347
niter,ni,del,rscale     1    3    5.0000    0.4000
parameters
   -1.5565   -3.5967   13.1383   -3.2428  -12.7416   -3.5570
    5.4440   -3.2872   -5.4738   19.5798    4.2999  -13.9090
eta,q 0.96555 19.91539
  0.0349  0.0347  0.0346  0.0353  0.0349  0.0352  0.0346  0.0354  0.0346  0.0347  0.0346  0.0346
  0.0347  0.0346  0.0346  0.0350  0.0347  0.0351  0.0345  0.0348  0.0345  0.0346  0.0345  0.0345
  0.0346  0.0346  0.0346  0.0347  0.0346  0.0348  0.0345  0.0346  0.0345  0.0345  0.0345  0.0345
  0.0346  0.0346  0.0346  0.0346  0.0346  0.0346  0.0345  0.0345  0.0345  0.0345  0.0345  0.0345
  0.0346  0.0346  0.0346  0.0346  0.0346  0.0343  0.0345  0.0346  0.0345  0.0345  0.0345  0.0345
  0.0347  0.0347  0.0346  0.0349  0.0347  0.0344  0.0345  0.0349  0.0345  0.0345  0.0346  0.0345
  0.0349  0.0347  0.0347  0.0354  0.0349  0.0352  0.0347  0.0353  0.0346  0.0347  0.0347  0.0345
registration optimization eta report
parameter search radius
    0.8000    0.8000    0.8000    2.4000    2.4000    2.4000
    2.4000    2.4000    2.4000    2.4000    2.4000    2.4000
100000*second partial in parameter space
       47.       22.        9.       13.        5.       11.
        3.       16.        2.        4.        3.        2.
  0.0349  0.0347  0.0346  0.0353  0.0349  0.0352  0.0346  0.0354  0.0346  0.0347  0.0346  0.0346
  0.0347  0.0346  0.0346  0.0350  0.0347  0.0351  0.0345  0.0348  0.0345  0.0346  0.0345  0.0345
  0.0346  0.0346  0.0346  0.0347  0.0346  0.0348  0.0345  0.0346  0.0345  0.0345  0.0345  0.0345
  0.0346  0.0346  0.0346  0.0346  0.0346  0.0346  0.0345  0.0345  0.0345  0.0345  0.0345  0.0345
  0.0346  0.0346  0.0346  0.0346  0.0346  0.0343  0.0345  0.0346  0.0345  0.0345  0.0345  0.0345
  0.0347  0.0347  0.0346  0.0349  0.0347  0.0344  0.0345  0.0349  0.0345  0.0345  0.0346  0.0345
  0.0349  0.0347  0.0347  0.0354  0.0349  0.0352  0.0347  0.0353  0.0346  0.0347  0.0347  0.0345
   -1.5565   -3.5967   13.1383   -3.2428  -12.7416   -3.5570
    5.4440   -3.2872   -5.4738   19.5798    4.2999  -13.9090
eta,q 0.96555 19.91539

---------------------------------------------------------------------
compute_vox2vox talsrcimg talsrcimg_to_711-2C_as_mni_average_305_t4 /opt/freesurfer/average/711-2C_as_mni_average_305
---------------------------------------------------------------------

freesurfer compute_vox2vox.c
Reading: talsrcimg.4dfp.ifh
Reading: talsrcimg_to_711-2C_as_mni_average_305_t4
Reading: /opt/freesurfer/average/711-2C_as_mni_average_305.4dfp.ifh
Writing: talsrcimg_to_711-2C_as_mni_average_305_t4_vox2vox.txt

start time Tue Mar 10 21:31:29 CET 2026
end		time Tue Mar 10 21:32:58 CET 2026

mpr2mni305 success

avi2talxfm orig_nu.mgz /opt/freesurfer/average/mni305.cor.mgz talsrcimg_to_711-2C_as_mni_average_305_t4_vox2vox.txt transforms/talairach.auto.xfm
avi2talxfm done
mv -f /out/sourcedata/freesurfer/sub-v2s11x28725_ses-1/mri/talsrcimg_to_711-2C_as_mni_average_305_t4_vox2vox.txt /out/sourcedata/freesurfer/sub-v2s11x28725_ses-1/mri/transforms/talsrcimg_to_711-2C_as_mni_average_305_t4_vox2vox.txt
lta_convert --src orig_nu.mgz --trg /opt/freesurfer/average/mni305.cor.mgz --inxfm transforms/talairach.auto.xfm --outlta transforms/talairach.auto.xfm.lta --subject fsaverage
7.3.2

--src: orig_nu.mgz src image (geometry).
--trg: /opt/freesurfer/average/mni305.cor.mgz trg image (geometry).
--inmni: transforms/talairach.auto.xfm input MNI/XFM transform.
--outlta: transforms/talairach.auto.xfm.lta output LTA.
--s: fsaverage subject name
 LTA read, type : 1
 1.02824   0.04656  -0.05673  -0.22276;
-0.03540   1.00278   0.16205  -12.23117;
 0.07244  -0.22209   1.10610  -24.03857;
 0.00000   0.00000   0.00000   1.00000;
setting subject to fsaverage
Writing  LTA to file transforms/talairach.auto.xfm.lta...
lta_convert successful.
 
 
Started at Tue Mar 10 21:31:29 CET 2026
Ended   at Tue Mar 10 21:32:58 CET 2026
talairach_avi done
