Log file for defect2seg
Wed Mar 11 01:03:11 CET 2026

setenv SUBJECTS_DIR /out/sourcedata/freesurfer
cd /out/sourcedata/freesurfer/sub-v2s11x28712_ses-1/scripts
/opt/freesurfer/bin/defect2seg --s sub-v2s11x28712_ses-1 --rh-only --cortex

freesurfer-linux-ubuntu22_x86_64-7.3.2-20220804-6354275
defect2seg 7.3.2
Linux dna056 5.14.0-427.37.1.el9_4.x86_64 #1 SMP PREEMPT_DYNAMIC Fri Sep 13 12:41:50 EDT 2024 x86_64 x86_64 x86_64 GNU/Linux
pid 3983265
mri_label2label --label-cortex /out/sourcedata/freesurfer/sub-v2s11x28712_ses-1/surf/rh.orig.nofix /out/sourcedata/freesurfer/sub-v2s11x28712_ses-1/mri/aseg.presurf.mgz 0 /out/sourcedata/freesurfer/sub-v2s11x28712_ses-1/label/rh.nofix.cortex.label

 Generating cortex label... RemoveHipAmgy=0
 NucAccIsMedialWall=0
 mris->useRealRAS=0
44 non-cortical segments detected
only using segment with 13551 vertices
erasing segment 0 (vno[0] = 28283)
erasing segment 1 (vno[0] = 31473)
erasing segment 2 (vno[0] = 32928)
erasing segment 3 (vno[0] = 55919)
erasing segment 4 (vno[0] = 57466)
erasing segment 5 (vno[0] = 76271)
erasing segment 7 (vno[0] = 111555)
erasing segment 8 (vno[0] = 120294)
erasing segment 9 (vno[0] = 128457)
erasing segment 10 (vno[0] = 133879)
erasing segment 11 (vno[0] = 133901)
erasing segment 12 (vno[0] = 135337)
erasing segment 13 (vno[0] = 141929)
erasing segment 14 (vno[0] = 147513)
erasing segment 15 (vno[0] = 161519)
erasing segment 16 (vno[0] = 173738)
erasing segment 17 (vno[0] = 174958)
erasing segment 18 (vno[0] = 175191)
erasing segment 19 (vno[0] = 175222)
erasing segment 20 (vno[0] = 175323)
erasing segment 21 (vno[0] = 176486)
erasing segment 22 (vno[0] = 176564)
erasing segment 23 (vno[0] = 177693)
erasing segment 24 (vno[0] = 177868)
erasing segment 25 (vno[0] = 177870)
erasing segment 26 (vno[0] = 177901)
erasing segment 27 (vno[0] = 179079)
erasing segment 28 (vno[0] = 180498)
erasing segment 29 (vno[0] = 181022)
erasing segment 30 (vno[0] = 181492)
erasing segment 31 (vno[0] = 181524)
erasing segment 32 (vno[0] = 182637)
erasing segment 33 (vno[0] = 182653)
erasing segment 34 (vno[0] = 182772)
erasing segment 35 (vno[0] = 183719)
erasing segment 36 (vno[0] = 184846)
erasing segment 37 (vno[0] = 184860)
erasing segment 38 (vno[0] = 185755)
erasing segment 39 (vno[0] = 186908)
erasing segment 40 (vno[0] = 186956)
erasing segment 41 (vno[0] = 189011)
erasing segment 42 (vno[0] = 190922)
erasing segment 43 (vno[0] = 209661)
mri_label2vol --defects /out/sourcedata/freesurfer/sub-v2s11x28712_ses-1/surf/rh.orig.nofix /out/sourcedata/freesurfer/sub-v2s11x28712_ses-1/surf/rh.defect_labels /out/sourcedata/freesurfer/sub-v2s11x28712_ses-1/mri/orig.mgz 2000 0 /out/sourcedata/freesurfer/sub-v2s11x28712_ses-1/mri/rh.surface.defects.mgz /out/sourcedata/freesurfer/sub-v2s11x28712_ses-1/label/rh.nofix.cortex.label
mri_label2vol supposed to be reproducible but seed not set
Contraining to label /out/sourcedata/freesurfer/sub-v2s11x28712_ses-1/label/rh.nofix.cortex.label
Changing input type 0 to MRI_INT
Converting defects to volume: offset=2000, merge=0
Writing to /out/sourcedata/freesurfer/sub-v2s11x28712_ses-1/mri/rh.surface.defects.mgz
mris_defects_pointset -s /out/sourcedata/freesurfer/sub-v2s11x28712_ses-1/surf/rh.orig.nofix -d /out/sourcedata/freesurfer/sub-v2s11x28712_ses-1/surf/rh.defect_labels -o /out/sourcedata/freesurfer/sub-v2s11x28712_ses-1/surf/rh.defects.pointset --label /out/sourcedata/freesurfer/sub-v2s11x28712_ses-1/label/rh.nofix.cortex.label
Reading in surface /out/sourcedata/freesurfer/sub-v2s11x28712_ses-1/surf/rh.orig.nofix
Reading in defect segmentation /out/sourcedata/freesurfer/sub-v2s11x28712_ses-1/surf/rh.defect_labels
Reading in label /out/sourcedata/freesurfer/sub-v2s11x28712_ses-1/label/rh.nofix.cortex.label
#VMPC# mris_defects_pointset 1765416
mris_defects_pointset done
 
Started at Wed Mar 11 01:03:11 CET 2026 
Ended   at Wed Mar 11 01:03:40 CET 2026
Defect2seg-Run-Time-Sec 29
Defect2seg-Run-Time-Min 0.58
Defect2seg-Run-Time-Hours 0.01
 
defect2seg Done
