status file for recon-all
Tue Mar 10 23:47:00 CET 2026
#@# Tessellate lh Tue Mar 10 23:47:00 CET 2026
#@# Smooth1 lh Tue Mar 10 23:47:07 CET 2026
#@# Inflation1 lh Tue Mar 10 23:47:12 CET 2026
#@# QSphere lh Tue Mar 10 23:49:29 CET 2026
#@# Fix Topology lh Tue Mar 10 23:51:30 CET 2026
#@# Smooth2 lh Wed Mar 11 00:07:06 CET 2026
#@# Inflation2 lh Wed Mar 11 00:07:11 CET 2026
#@# Curv .H and .K lh Wed Mar 11 00:08:02 CET 2026
#@# Sphere lh Wed Mar 11 00:09:24 CET 2026
#@# Surf Reg lh Wed Mar 11 00:21:12 CET 2026
#@# Jacobian white lh Wed Mar 11 00:36:17 CET 2026
#@# AvgCurv lh Wed Mar 11 00:36:18 CET 2026
#@# Cortical Parc lh Wed Mar 11 00:36:20 CET 2026
#@# white curv lh Wed Mar 11 00:46:31 CET 2026
#@# white area lh Wed Mar 11 00:46:34 CET 2026
#@# pial curv lh Wed Mar 11 00:46:36 CET 2026
#@# pial area lh Wed Mar 11 00:46:39 CET 2026
#@# thickness lh Wed Mar 11 00:46:40 CET 2026
#@# area and vertex vol lh Wed Mar 11 00:47:34 CET 2026
#@# Curvature Stats lh Wed Mar 11 00:47:37 CET 2026
#@# Cortical Parc 2 lh Wed Mar 11 00:47:41 CET 2026
#@# Cortical Parc 3 lh Wed Mar 11 00:48:05 CET 2026
#@# WM/GM Contrast lh Wed Mar 11 00:48:25 CET 2026
recon-all -s sub-v2s11x28712_ses-1 finished without error at Wed Mar 11 00:48:31 CET 2026



#New# invocation of recon-all 



status file for recon-all
Wed Mar 11 02:24:14 CET 2026
#@# white curv lh Wed Mar 11 02:24:14 CET 2026
#@# white area lh Wed Mar 11 02:24:14 CET 2026
#@# pial curv lh Wed Mar 11 02:24:14 CET 2026
#@# pial area lh Wed Mar 11 02:24:14 CET 2026
#@# thickness lh Wed Mar 11 02:24:14 CET 2026
#@# area and vertex vol lh Wed Mar 11 02:24:14 CET 2026
#@# Parcellation Stats lh Wed Mar 11 02:24:14 CET 2026
#@# Parcellation Stats 2 lh Wed Mar 11 02:25:14 CET 2026
#@# Parcellation Stats 3 lh Wed Mar 11 02:25:39 CET 2026
#@# BA_exvivo Labels lh Wed Mar 11 02:26:10 CET 2026
recon-all -s sub-v2s11x28712_ses-1 finished without error at Wed Mar 11 02:30:55 CET 2026
