/out/sourcedata/freesurfer/sub-v2s11x28680_ses-1/mri
/opt/freesurfer/bin/talairach_avi
--i orig_nu.mgz --xfm transforms/talairach.auto.xfm
talairach_avi 7.3.2
Linux dna058 5.14.0-427.37.1.el9_4.x86_64 #1 SMP PREEMPT_DYNAMIC Fri Sep 13 12:41:50 EDT 2024 x86_64 x86_64 x86_64 GNU/Linux
Tue Mar 10 13:58:52 CET 2026
mri_convert orig_nu.mgz talsrcimg.img 
reading from orig_nu.mgz...
TR=0.00, TE=0.00, TI=0.00, flip angle=0.00
i_ras = (-1, 0, 0)
j_ras = (0, 0, -1)
k_ras = (0, 1, 0)
writing to talsrcimg.img...
Analyze Output Matrix
-0.80000   0.00000   0.00000   127.19012;
 0.00000   0.00000   0.80000  -106.23863;
 0.00000  -0.80000   0.00000   101.39902;
 0.00000   0.00000   0.00000   1.00000;
--------------------
INFO: set hdr.hist.orient to -1
mpr2mni305 talsrcimg
Tue Mar 10 13:58:53 CET 2026
/opt/freesurfer/bin/mpr2mni305 talsrcimg
mpr2mni305 7.3.2
target=711-2C_as_mni_average_305

---------------------------------------------------------------------
analyzeto4dfp talsrcimg -O0 -y
---------------------------------------------------------------------

freesurfer ifh2hdr.c
Tue Mar 10 13:58:53 2026
Writing: talsrcimg.4dfp.hdr
freesurfer analyzeto4dfp.c
Reading: talsrcimg.hdr
header size 348 bytes
hdr.dime.datatype	offset=70	value=2
hdr.dime.bitpix		offset=72	value=8
hdr.hist.orient		offset=252	value=-1
dimensionality     4
dimensions       320       320       320         1
Reading: talsrcimg.img
Writing: talsrcimg.4dfp.img
Writing: talsrcimg.4dfp.ifh
ifh2hdr talsrcimg -r0to143
ori=2

---------------------------------------------------------------------
gauss_4dfp talsrcimg 1.1
---------------------------------------------------------------------

freesurfer gauss_4dfp.c
Reading: talsrcimg.4dfp.img
Writing: talsrcimg_g11.4dfp.img
image dimensions 320 320 320 padded to 384 384 384
processing volume 1freesurfer ifh2hdr.c
Tue Mar 10 13:59:09 2026
Writing: talsrcimg_g11.4dfp.hdr

Writing: talsrcimg_g11.4dfp.ifh
including: talsrcimg.4dfp.img.rec in talsrcimg_g11.4dfp.img.rec

---------------------------------------------------------------------
imgreg_4dfp /opt/freesurfer/average/711-2C_as_mni_average_305 none talsrcimg_g11 none talsrcimg_to_711-2C_as_mni_average_305_t4 4355
---------------------------------------------------------------------

freesurfer imgreg_4dfp.c
/opt/freesurfer/average/711-2C_as_mni_average_305.4dfp.img
       256       256       256         1
  1.000000  1.000000  1.000000
orientation T byte_order littleendian
Reading image: /opt/freesurfer/average/711-2C_as_mni_average_305.4dfp.img
dimensions:      256       256       256
mmppix:       1.0000   -1.0000   -1.0000
center:     128.0000 -129.0000 -129.0000
talsrcimg_g11.4dfp.img
       320       320       320         1
  0.800000  0.800000  0.800000
orientation T byte_order littleendian
Reading image: talsrcimg_g11.4dfp.img
dimensions:      320       320       320
mmppix:       0.8000   -0.8000   -0.8000
center:     128.0000 -128.8000 -128.8000
t4_read: open error in t4_sub.f l:  41 t4_file(1:l)talsrcimg_to_711-2C_as_mni_average_305_t4 
t4_read: transform initialized to I4
rotation matrix determinant  1.000000
image alignment mode   4355 decimal     1103 hex
   -7.5000  -45.0000  -45.0000 8467.5947   28.6203
    0.0000  -45.0000  -45.0000 8863.0518   28.8376
    7.5000  -45.0000  -45.0000 8364.9238   28.8850
   -7.5000  -37.5000  -45.0000 8958.3506   28.6840
    0.0000  -37.5000  -45.0000 9361.2715   28.9070
    7.5000  -37.5000  -45.0000 8858.0068   28.9513
   -7.5000  -30.0000  -45.0000 9796.4639   28.8222
    0.0000  -30.0000  -45.000010231.4521   29.0427
    7.5000  -30.0000  -45.0000 9692.0293   29.0831
   -7.5000  -22.5000  -45.000010664.7246   28.9030
    0.0000  -22.5000  -45.000011139.6611   29.1154
    7.5000  -22.5000  -45.000010516.9150   29.1554
   -7.5000  -15.0000  -45.000011512.2441   28.8635
    0.0000  -15.0000  -45.000012032.5273   29.0698
    7.5000  -15.0000  -45.000011319.7412   29.1135
   -7.5000   -7.5000  -45.000012317.8887   28.7148
    0.0000   -7.5000  -45.000012869.9072   28.9235
    7.5000   -7.5000  -45.000012066.9658   28.9707
   -7.5000    0.0000  -45.000012974.9170   28.6203
    0.0000    0.0000  -45.000013533.4844   28.8376
    7.5000    0.0000  -45.000012699.2441   28.8850
   -7.5000    7.5000  -45.000012457.9014   28.6840
    0.0000    7.5000  -45.000012994.1143   28.9070
    7.5000    7.5000  -45.000012191.1191   28.9513
   -7.5000   15.0000  -45.000011746.5527   28.8222
    0.0000   15.0000  -45.000012269.6211   29.0427
    7.5000   15.0000  -45.000011476.5068   29.0831
   -7.5000   22.5000  -45.000010957.8398   28.8991
    0.0000   22.5000  -45.000011412.3135   29.1114
    7.5000   22.5000  -45.000010640.9238   29.1514
   -7.5000   30.0000  -45.000010143.5664   28.4788
    0.0000   30.0000  -45.000010530.8740   28.6824
    7.5000   30.0000  -45.0000 9788.9346   28.7256
   -7.5000   37.5000  -45.0000 9692.2891   28.3322
    0.0000   37.5000  -45.000010054.3760   28.5381
    7.5000   37.5000  -45.0000 9357.4512   28.5846
   -7.5000   45.0000  -45.0000 8833.6270   27.5219
    0.0000   45.0000  -45.0000 9164.0605   27.7308
    7.5000   45.0000  -45.0000 8556.5830   27.7764
   -7.5000  -45.0000  -37.5000 8677.7314   27.8762
    0.0000  -45.0000  -37.5000 9062.0586   28.0778
    7.5000  -45.0000  -37.5000 8565.7549   28.1331
   -7.5000  -37.5000  -37.5000 9186.8027   27.9394
    0.0000  -37.5000  -37.5000 9584.9814   28.1481
    7.5000  -37.5000  -37.5000 9065.9863   28.1981
   -7.5000  -30.0000  -37.500010046.4238   28.0752
    0.0000  -30.0000  -37.500010466.7666   28.2826
    7.5000  -30.0000  -37.5000 9891.0859   28.3291
   -7.5000  -22.5000  -37.500010923.8965   28.1532
    0.0000  -22.5000  -37.500011371.1367   28.3515
    7.5000  -22.5000  -37.500010729.1543   28.4001
   -7.5000  -15.0000  -37.500011764.6699   28.1124
    0.0000  -15.0000  -37.500012264.9619   28.3029
    7.5000  -15.0000  -37.500011541.1699   28.3572
   -7.5000   -7.5000  -37.500012595.2246   27.9672
    0.0000   -7.5000  -37.500013126.2510   28.1594
    7.5000   -7.5000  -37.500012352.7656   28.2170
   -7.5000    0.0000  -37.500013264.2666   27.8762
    0.0000    0.0000  -37.500013821.4912   28.0778
    7.5000    0.0000  -37.500013006.0137   28.1331
   -7.5000    7.5000  -37.500012730.6699   27.9394
    0.0000    7.5000  -37.500013280.4150   28.1481
    7.5000    7.5000  -37.500012463.3418   28.1981
   -7.5000   15.0000  -37.500012008.6133   28.0752
    0.0000   15.0000  -37.500012526.6650   28.2826
    7.5000   15.0000  -37.500011715.6270   28.3291
   -7.5000   22.5000  -37.500011187.6787   28.1494
    0.0000   22.5000  -37.500011635.4639   28.3476
    7.5000   22.5000  -37.500010855.6064   28.3962
   -7.5000   30.0000  -37.500010341.8838   27.7378
    0.0000   30.0000  -37.500010730.6836   27.9257
    7.5000   30.0000  -37.5000 9998.1973   27.9793
   -7.5000   37.5000  -37.5000 9870.7959   27.5945
    0.0000   37.5000  -37.500010248.3135   27.7841
    7.5000   37.5000  -37.5000 9556.7324   27.8410
   -7.5000   45.0000  -37.5000 9004.8008   26.8063
    0.0000   45.0000  -37.5000 9355.3145   27.0001
    7.5000   45.0000  -37.5000 8735.1348   27.0534
   -7.5000  -45.0000  -30.0000 9134.6357   28.0823
    0.0000  -45.0000  -30.0000 9532.2676   28.2778
    7.5000  -45.0000  -30.0000 9021.8711   28.3270
   -7.5000  -37.5000  -30.0000 9671.4756   28.1345
    0.0000  -37.5000  -30.000010077.3086   28.3368
    7.5000  -37.5000  -30.0000 9539.4434   28.3804
   -7.5000  -30.0000  -30.000010563.1162   28.2651
    0.0000  -30.0000  -30.000010996.7207   28.4702
    7.5000  -30.0000  -30.000010393.3516   28.5133
   -7.5000  -22.5000  -30.000011495.7559   28.3490
    0.0000  -22.5000  -30.000011949.7441   28.5487
    7.5000  -22.5000  -30.000011293.3613   28.5966
   -7.5000  -15.0000  -30.000012370.2041   28.3187
    0.0000  -15.0000  -30.000012892.7207   28.5106
    7.5000  -15.0000  -30.000012147.5488   28.5641
   -7.5000   -7.5000  -30.000013254.7061   28.1785
    0.0000   -7.5000  -30.000013804.4648   28.3687
    7.5000   -7.5000  -30.000013003.2441   28.4231
   -7.5000    0.0000  -30.000013930.8115   28.0823
    0.0000    0.0000  -30.000014506.1660   28.2778
    7.5000    0.0000  -30.000013650.3301   28.3270
   -7.5000    7.5000  -30.000013360.6494   28.1345
    0.0000    7.5000  -30.000013931.6602   28.3368
    7.5000    7.5000  -30.000013057.7041   28.3804
   -7.5000   15.0000  -30.000012593.5918   28.2651
    0.0000   15.0000  -30.000013145.4121   28.4702
    7.5000   15.0000  -30.000012293.5645   28.5133
   -7.5000   22.5000  -30.000011723.5566   28.3422
    0.0000   22.5000  -30.000012194.1797   28.5419
    7.5000   22.5000  -30.000011406.8564   28.5898
   -7.5000   30.0000  -30.000010830.8975   27.9440
    0.0000   30.0000  -30.000011240.4854   28.1334
    7.5000   30.0000  -30.000010509.6279   28.1861
   -7.5000   37.5000  -30.000010323.9551   27.8056
    0.0000   37.5000  -30.000010725.4941   27.9933
    7.5000   37.5000  -30.000010028.2920   28.0470
   -7.5000   45.0000  -30.0000 9411.7217   27.0244
    0.0000   45.0000  -30.0000 9780.0576   27.2125
    7.5000   45.0000  -30.0000 9155.5850   27.2598
   -7.5000  -45.0000  -22.5000 9788.2314   28.5893
    0.0000  -45.0000  -22.500010194.3457   28.7883
    7.5000  -45.0000  -22.5000 9636.7998   28.8234
   -7.5000  -37.5000  -22.500010365.1895   28.6286
    0.0000  -37.5000  -22.500010780.7256   28.8331
    7.5000  -37.5000  -22.500010202.2363   28.8643
   -7.5000  -30.0000  -22.500011335.1943   28.7590
    0.0000  -30.0000  -22.500011792.3369   28.9695
    7.5000  -30.0000  -22.500011139.1514   29.0030
   -7.5000  -22.5000  -22.500012350.6348   28.8556
    0.0000  -22.5000  -22.500012847.0674   29.0653
    7.5000  -22.5000  -22.500012142.7588   29.1044
   -7.5000  -15.0000  -22.500013274.2100   28.8378
    0.0000  -15.0000  -22.500013845.3037   29.0413
    7.5000  -15.0000  -22.500013047.3564   29.0840
   -7.5000   -7.5000  -22.500014187.8018   28.6975
    0.0000   -7.5000  -22.500014792.2871   28.8963
    7.5000   -7.5000  -22.500013927.9961   28.9376
   -7.5000    0.0000  -22.500014885.6660   28.5893
    0.0000    0.0000  -22.500015518.8213   28.7883
    7.5000    0.0000  -22.500014594.2158   28.8234
   -7.5000    7.5000  -22.500014258.8467   28.6286
    0.0000    7.5000  -22.500014888.5088   28.8331
    7.5000    7.5000  -22.500013963.7070   28.8643
   -7.5000   15.0000  -22.500013462.4648   28.7590
    0.0000   15.0000  -22.500014061.7266   28.9695
    7.5000   15.0000  -22.500013179.4258   29.0030
   -7.5000   22.5000  -22.500012538.6924   28.8467
    0.0000   22.5000  -22.500013067.1836   29.0563
    7.5000   22.5000  -22.500012253.8535   29.0955
   -7.5000   30.0000  -22.500011562.3926   28.4606
    0.0000   30.0000  -22.500012028.7910   28.6614
    7.5000   30.0000  -22.500011287.6689   28.7035
   -7.5000   37.5000  -22.500010997.2090   28.3221
    0.0000   37.5000  -22.500011435.7539   28.5183
    7.5000   37.5000  -22.500010733.4844   28.5590
   -7.5000   45.0000  -22.500010026.9844   27.5329
    0.0000   45.0000  -22.500010437.8633   27.7246
    7.5000   45.0000  -22.5000 9784.7637   27.7583
   -7.5000  -45.0000  -15.000010448.4482   28.8925
    0.0000  -45.0000  -15.000010891.5352   29.1025
    7.5000  -45.0000  -15.000010272.9199   29.1294
   -7.5000  -37.5000  -15.000011088.6270   28.9269
    0.0000  -37.5000  -15.000011547.0674   29.1401
    7.5000  -37.5000  -15.000010891.8369   29.1646
   -7.5000  -30.0000  -15.000012151.1982   29.0599
    0.0000  -30.0000  -15.000012640.5293   29.2781
    7.5000  -30.0000  -15.000011918.9629   29.3042
   -7.5000  -22.5000  -15.000013236.8350   29.1636
    0.0000  -22.5000  -15.000013801.8730   29.3822
    7.5000  -22.5000  -15.000012989.8916   29.4117
   -7.5000  -15.0000  -15.000014209.9385   29.1500
    0.0000  -15.0000  -15.000014861.5264   29.3650
    7.5000  -15.0000  -15.000013961.1260   29.3969
   -7.5000   -7.5000  -15.000015160.3174   29.0077
    0.0000   -7.5000  -15.000015853.5225   29.2189
    7.5000   -7.5000  -15.000014901.9805   29.2500
   -7.5000    0.0000  -15.000015898.1992   28.8925
    0.0000    0.0000  -15.000016627.3047   29.1025
    7.5000    0.0000  -15.000015600.5361   29.1294
   -7.5000    7.5000  -15.000015216.6914   28.9269
    0.0000    7.5000  -15.000015926.8477   29.1401
    7.5000    7.5000  -15.000014944.3926   29.1646
   -7.5000   15.0000  -15.000014370.9248   29.0599
    0.0000   15.0000  -15.000015032.7168   29.2781
    7.5000   15.0000  -15.000014126.8672   29.3042
   -7.5000   22.5000  -15.000013388.7432   29.1533
    0.0000   22.5000  -15.000013993.9854   29.3718
    7.5000   22.5000  -15.000013156.7051   29.4013
   -7.5000   30.0000  -15.000012374.8955   28.7727
    0.0000   30.0000  -15.000012906.4639   28.9849
    7.5000   30.0000  -15.000012127.2646   29.0164
   -7.5000   37.5000  -15.000011745.8008   28.6323
    0.0000   37.5000  -15.000012235.5537   28.8408
    7.5000   37.5000  -15.000011477.3311   28.8715
   -7.5000   45.0000  -15.000010671.0605   27.8417
    0.0000   45.0000  -15.000011129.1250   28.0441
    7.5000   45.0000  -15.000010418.5869   28.0700
   -7.5000  -45.0000   -7.500011068.8008   28.8221
    0.0000  -45.0000   -7.500011540.7803   29.0420
    7.5000  -45.0000   -7.500010872.2080   29.0749
   -7.5000  -37.5000   -7.500011787.8389   28.8635
    0.0000  -37.5000   -7.500012285.5977   29.0865
    7.5000  -37.5000   -7.500011568.3848   29.1174
   -7.5000  -30.0000   -7.500012953.7021   29.0007
    0.0000  -30.0000   -7.500013490.1123   29.2242
    7.5000  -30.0000   -7.500012692.8809   29.2540
   -7.5000  -22.5000   -7.500014101.5146   29.0989
    0.0000  -22.5000   -7.500014730.3994   29.3196
    7.5000  -22.5000   -7.500013806.2051   29.3500
   -7.5000  -15.0000   -7.500015105.3760   29.0769
    0.0000  -15.0000   -7.500015839.5801   29.2944
    7.5000  -15.0000   -7.500014847.3105   29.3273
   -7.5000   -7.5000   -7.500016097.3252   28.9331
    0.0000   -7.5000   -7.500016893.0879   29.1503
    7.5000   -7.5000   -7.500015858.4414   29.1844
   -7.5000    0.0000   -7.500016862.0371   28.8221
    0.0000    0.0000   -7.500017729.1172   29.0420
    7.5000    0.0000   -7.500016645.0625   29.0749
   -7.5000    7.5000   -7.500016154.2881   28.8635
    0.0000    7.5000   -7.500016979.8086   29.0865
    7.5000    7.5000   -7.500015969.8350   29.1174
   -7.5000   15.0000   -7.500015294.1143   29.0007
    0.0000   15.0000   -7.500016063.1367   29.2242
    7.5000   15.0000   -7.500015096.8955   29.2540
   -7.5000   22.5000   -7.500014258.6826   29.0854
    0.0000   22.5000   -7.500014965.4443   29.3060
    7.5000   22.5000   -7.500014045.1191   29.3364
   -7.5000   30.0000   -7.500013184.3857   28.6998
    0.0000   30.0000   -7.500013818.2891   28.9145
    7.5000   30.0000   -7.500012935.1475   28.9469
   -7.5000   37.5000   -7.500012499.4971   28.5578
    0.0000   37.5000   -7.500013083.4072   28.7723
    7.5000   37.5000   -7.500012242.4375   28.8060
   -7.5000   45.0000   -7.500011340.1152   27.7791
    0.0000   45.0000   -7.500011847.4229   27.9910
    7.5000   45.0000   -7.500011094.8135   28.0227
   -7.5000  -45.0000    0.000011629.7842   28.5005
    0.0000  -45.0000    0.000012120.1240   28.7189
    7.5000  -45.0000    0.000011403.6084   28.7635
   -7.5000  -37.5000    0.000012434.0654   28.5513
    0.0000  -37.5000    0.000012953.5166   28.7748
    7.5000  -37.5000    0.000012161.9854   28.8162
   -7.5000  -30.0000    0.000013764.2510   28.6881
    0.0000  -30.0000    0.000014356.1416   28.9094
    7.5000  -30.0000    0.000013425.3945   28.9477
   -7.5000  -22.5000    0.000014920.3984   28.7749
    0.0000  -22.5000    0.000015687.4961   28.9892
    7.5000  -22.5000    0.000014594.0791   29.0276
   -7.5000  -15.0000    0.000015875.4795   28.7429
    0.0000  -15.0000    0.000016766.9355   28.9519
    7.5000  -15.0000    0.000015675.9053   28.9939
   -7.5000   -7.5000    0.000016899.9238   28.6013
    0.0000   -7.5000    0.000017862.0703   28.8122
    7.5000   -7.5000    0.000016790.9199   28.8570
   -7.5000    0.0000    0.000017767.1270   28.5005
    0.0000    0.0000    0.000018812.8633   28.7189
    7.5000    0.0000    0.000017670.6992   28.7635
   -7.5000    7.5000    0.000017090.4062   28.5513
    0.0000    7.5000    0.000018063.6992   28.7748
    7.5000    7.5000    0.000016932.4082   28.8162
   -7.5000   15.0000    0.000016209.0381   28.6881
    0.0000   15.0000    0.000017108.5527   28.9094
    7.5000   15.0000    0.000015993.8438   28.9477
   -7.5000   22.5000    0.000015149.3779   28.7616
    0.0000   22.5000    0.000015942.3066   28.9758
    7.5000   22.5000    0.000014874.4150   29.0142
   -7.5000   30.0000    0.000014038.4434   28.3709
    0.0000   30.0000    0.000014721.6104   28.5772
    7.5000   30.0000    0.000013718.3398   28.6186
   -7.5000   37.5000    0.000013291.3398   28.2312
    0.0000   37.5000    0.000013909.9619   28.4393
    7.5000   37.5000    0.000012986.7305   28.4836
   -7.5000   45.0000    0.000011995.2324   27.4712
    0.0000   45.0000    0.000012529.2373   27.6818
    7.5000   45.0000    0.000011718.9199   27.7247
   -7.5000  -45.0000    7.500011360.2861   28.7245
    0.0000  -45.0000    7.500011816.5312   28.9377
    7.5000  -45.0000    7.500011122.2402   28.9918
   -7.5000  -37.5000    7.500012199.2686   28.7792
    0.0000  -37.5000    7.500012660.3652   28.9991
    7.5000  -37.5000    7.500011897.3037   29.0479
   -7.5000  -30.0000    7.500013640.0723   28.9172
    0.0000  -30.0000    7.500014273.6738   29.1359
    7.5000  -30.0000    7.500013236.5137   29.1815
   -7.5000  -22.5000    7.500014867.4590   29.0019
    0.0000  -22.5000    7.500015845.3242   29.2122
    7.5000  -22.5000    7.500014536.7412   29.2598
   -7.5000  -15.0000    7.500015786.9189   28.9663
    0.0000  -15.0000    7.500016819.2637   29.1693
    7.5000  -15.0000    7.500015618.2461   29.2225
   -7.5000   -7.5000    7.500016782.4961   28.8228
    0.0000   -7.5000    7.500017829.0527   29.0275
    7.5000   -7.5000    7.500016672.1621   29.0837
   -7.5000    0.0000    7.500017646.4004   28.7245
    0.0000    0.0000    7.500018715.2402   28.9377
    7.5000    0.0000    7.500017451.0840   28.9918
   -7.5000    7.5000    7.500016972.4707   28.7792
    0.0000    7.5000    7.500017963.6504   28.9991
    7.5000    7.5000    7.500016669.2305   29.0479
   -7.5000   15.0000    7.500016087.3037   28.9172
    0.0000   15.0000    7.500016993.5918   29.1359
    7.5000   15.0000    7.500015732.8301   29.1815
   -7.5000   22.5000    7.500015013.7803   28.9886
    0.0000   22.5000    7.500015790.4141   29.1987
    7.5000   22.5000    7.500014608.9893   29.2463
   -7.5000   30.0000    7.500013905.8857   28.5914
    0.0000   30.0000    7.500014596.9170   28.7918
    7.5000   30.0000    7.500013490.9795   28.8443
   -7.5000   37.5000    7.500013176.1592   28.4498
    0.0000   37.5000    7.500013803.5234   28.6518
    7.5000   37.5000    7.500012794.5898   28.7073
   -7.5000   45.0000    7.500011868.9980   27.6871
    0.0000   45.0000    7.500012416.6270   27.8926
    7.5000   45.0000    7.500011535.4307   27.9448
   -7.5000  -45.0000   15.000011029.9395   29.1681
    0.0000  -45.0000   15.000011486.8984   29.3768
    7.5000  -45.0000   15.000010819.9346   29.4296
   -7.5000  -37.5000   15.000011898.3721   29.2153
    0.0000  -37.5000   15.000012342.5635   29.4308
    7.5000  -37.5000   15.000011586.5625   29.4779
   -7.5000  -30.0000   15.000013444.7422   29.3511
    0.0000  -30.0000   15.000014171.1338   29.5696
    7.5000  -30.0000   15.000012978.6211   29.6162
   -7.5000  -22.5000   15.000014922.0957   29.4418
    0.0000  -22.5000   15.000016094.0078   29.6549
    7.5000  -22.5000   15.000014451.9941   29.7062
   -7.5000  -15.0000   15.000015993.4492   29.4137
    0.0000  -15.0000   15.000017094.4219   29.6191
    7.5000  -15.0000   15.000015584.1182   29.6761
   -7.5000   -7.5000   15.000016876.6836   29.2717
    0.0000   -7.5000   15.000017839.6074   29.4752
    7.5000   -7.5000   15.000016424.4805   29.5332
   -7.5000    0.0000   15.000017563.2891   29.1681
    0.0000    0.0000   15.000018512.8418   29.3768
    7.5000    0.0000   15.000017053.7715   29.4296
   -7.5000    7.5000   15.000016742.5879   29.2153
    0.0000    7.5000   15.000017639.1680   29.4308
    7.5000    7.5000   15.000016232.0713   29.4779
   -7.5000   15.0000   15.000015810.9883   29.3511
    0.0000   15.0000   15.000016630.3223   29.5696
    7.5000   15.0000   15.000015319.1562   29.6162
   -7.5000   22.5000   15.000014738.2158   29.4282
    0.0000   22.5000   15.000015450.1582   29.6413
    7.5000   22.5000   15.000014259.7939   29.6926
   -7.5000   30.0000   15.000013642.9033   29.0330
    0.0000   30.0000   15.000014284.9717   29.2357
    7.5000   30.0000   15.000013198.4824   29.2920
   -7.5000   37.5000   15.000012937.8779   28.8929
    0.0000   37.5000   15.000013525.4912   29.0938
    7.5000   37.5000   15.000012533.6572   29.1510
   -7.5000   45.0000   15.000011634.4092   28.1147
    0.0000   45.0000   15.000012159.0273   28.3159
    7.5000   45.0000   15.000011282.2490   28.3667
   -7.5000  -45.0000   22.500010602.9199   29.7853
    0.0000  -45.0000   22.500010975.5684   29.9958
    7.5000  -45.0000   22.500010367.6387   30.0379
   -7.5000  -37.5000   22.500011446.5400   29.8203
    0.0000  -37.5000   22.500011839.1621   30.0364
    7.5000  -37.5000   22.500011107.9355   30.0742
   -7.5000  -30.0000   22.500012871.2627   29.9570
    0.0000  -30.0000   22.500013501.1631   30.1794
    7.5000  -30.0000   22.500012470.5615   30.2198
   -7.5000  -22.5000   22.500014220.4902   30.0611
    0.0000  -22.5000   22.500014912.2324   30.2827
    7.5000  -22.5000   22.500013771.2715   30.3288
   -7.5000  -15.0000   22.500015167.1787   30.0452
    0.0000  -15.0000   22.500015830.7686   30.2603
    7.5000  -15.0000   22.500014744.0410   30.3103
   -7.5000   -7.5000   22.500016092.8604   29.9017
    0.0000   -7.5000   22.500016807.0918   30.1120
    7.5000   -7.5000   22.500015637.4082   30.1607
   -7.5000    0.0000   22.500016784.4121   29.7853
    0.0000    0.0000   22.500017590.1973   29.9958
    7.5000    0.0000   22.500016286.7891   30.0379
   -7.5000    7.5000   22.500016023.3359   29.8203
    0.0000    7.5000   22.500016794.3457   30.0364
    7.5000    7.5000   22.500015524.1729   30.0742
   -7.5000   15.0000   22.500015141.3467   29.9570
    0.0000   15.0000   22.500015855.4551   30.1794
    7.5000   15.0000   22.500014670.4688   30.2198
   -7.5000   22.5000   22.500014136.2578   30.0473
    0.0000   22.5000   22.500014793.5576   30.2688
    7.5000   22.5000   22.500013697.2344   30.3148
   -7.5000   30.0000   22.500013120.6465   29.6564
    0.0000   30.0000   22.500013730.3770   29.8687
    7.5000   30.0000   22.500012721.4844   29.9181
   -7.5000   37.5000   22.500012474.9961   29.5147
    0.0000   37.5000   22.500013029.9482   29.7223
    7.5000   37.5000   22.500012118.7148   29.7704
   -7.5000   45.0000   22.500011249.2012   28.7096
    0.0000   45.0000   22.500011744.6035   28.9125
    7.5000   45.0000   22.500010920.0889   28.9531
   -7.5000  -45.0000   30.000010099.6367   30.5031
    0.0000  -45.0000   30.000010451.6055   30.7239
    7.5000  -45.0000   30.0000 9867.9756   30.7596
   -7.5000  -37.5000   30.000010839.3916   30.5322
    0.0000  -37.5000   30.000011252.4121   30.7565
    7.5000  -37.5000   30.000010587.8740   30.7893
   -7.5000  -30.0000   30.000012040.1914   30.6745
    0.0000  -30.0000   30.000012526.5068   30.9040
    7.5000  -30.0000   30.000011757.2471   30.9386
   -7.5000  -22.5000   30.000013081.9844   30.7897
    0.0000  -22.5000   30.000013547.8623   31.0196
    7.5000  -22.5000   30.000012778.5137   31.0578
   -7.5000  -15.0000   30.000014008.6309   30.7796
    0.0000  -15.0000   30.000014518.8418   31.0054
    7.5000  -15.0000   30.000013713.4883   31.0465
   -7.5000   -7.5000   30.000015013.5908   30.6309
    0.0000   -7.5000   30.000015656.8867   30.8528
    7.5000   -7.5000   30.000014698.3730   30.8932
   -7.5000    0.0000   30.000015798.1475   30.5031
    0.0000    0.0000   30.000016536.9648   30.7239
    7.5000    0.0000   30.000015463.5254   30.7596
   -7.5000    7.5000   30.000015168.8135   30.5322
    0.0000    7.5000   30.000015862.7246   30.7565
    7.5000    7.5000   30.000014815.8730   30.7893
   -7.5000   15.0000   30.000014377.5547   30.6745
    0.0000   15.0000   30.000015017.6621   30.9040
    7.5000   15.0000   30.000014032.9980   30.9386
   -7.5000   22.5000   30.000013442.4180   30.7755
    0.0000   22.5000   30.000014033.2119   31.0053
    7.5000   22.5000   30.000013103.7480   31.0435
   -7.5000   30.0000   30.000012497.4932   30.3812
    0.0000   30.0000   30.000013059.4766   30.6041
    7.5000   30.0000   30.000012172.7646   30.6447
   -7.5000   37.5000   30.000011905.6504   30.2345
    0.0000   37.5000   30.000012418.5928   30.4535
    7.5000   37.5000   30.000011592.1875   30.4934
   -7.5000   45.0000   30.000010758.8096   29.4015
    0.0000   45.0000   30.000011225.4717   29.6143
    7.5000   45.0000   30.000010471.9805   29.6488
   -7.5000  -45.0000   37.5000 9905.0273   30.9401
    0.0000  -45.0000   37.500010283.9072   31.1736
    7.5000  -45.0000   37.5000 9747.5605   31.2180
   -7.5000  -37.5000   37.500010590.9834   30.9737
    0.0000  -37.5000   37.500011031.6660   31.2110
    7.5000  -37.5000   37.500010447.5439   31.2533
   -7.5000  -30.0000   37.500011650.9980   31.1202
    0.0000  -30.0000   37.500012091.5107   31.3582
    7.5000  -30.0000   37.500011457.6934   31.3993
   -7.5000  -22.5000   37.500012665.9463   31.2326
    0.0000  -22.5000   37.500013077.8516   31.4670
    7.5000  -22.5000   37.500012424.8271   31.5087
   -7.5000  -15.0000   37.500013658.6992   31.2165
    0.0000  -15.0000   37.500014162.5762   31.4470
    7.5000  -15.0000   37.500013405.2744   31.4914
   -7.5000   -7.5000   37.500014713.1465   31.0662
    0.0000   -7.5000   37.500015301.0352   31.2965
    7.5000   -7.5000   37.500014443.7715   31.3425
   -7.5000    0.0000   37.500015487.7266   30.9401
    0.0000    0.0000   37.500016133.5254   31.1736
    7.5000    0.0000   37.500015218.5264   31.2180
   -7.5000    7.5000   37.500014860.8408   30.9737
    0.0000    7.5000   37.500015482.6055   31.2110
    7.5000    7.5000   37.500014594.3994   31.2533
   -7.5000   15.0000   37.500014070.9180   31.1202
    0.0000   15.0000   37.500014679.0557   31.3582
    7.5000   15.0000   37.500013821.9238   31.3993
   -7.5000   22.5000   37.500013133.5566   31.2182
    0.0000   22.5000   37.500013699.2334   31.4525
    7.5000   22.5000   37.500012898.4932   31.4942
   -7.5000   30.0000   37.500012200.0469   30.8125
    0.0000   30.0000   37.500012707.6943   31.0400
    7.5000   30.0000   37.500011964.1465   31.0839
   -7.5000   37.5000   37.500011653.1299   30.6641
    0.0000   37.5000   37.500012116.8682   30.8915
    7.5000   37.5000   37.500011389.8887   30.9368
   -7.5000   45.0000   37.500010571.6680   29.8227
    0.0000   45.0000   37.500010989.0000   30.0478
    7.5000   45.0000   37.500010339.3740   30.0905
   -7.5000  -45.0000   45.0000 9344.0479   31.7545
    0.0000  -45.0000   45.0000 9743.9150   31.9951
    7.5000  -45.0000   45.0000 9245.0381   32.0582
   -7.5000  -37.5000   45.0000 9951.8789   31.7989
    0.0000  -37.5000   45.000010377.5068   32.0458
    7.5000  -37.5000   45.0000 9864.8096   32.1051
   -7.5000  -30.0000   45.000010900.0723   31.9528
    0.0000  -30.0000   45.000011308.1641   32.1975
    7.5000  -30.0000   45.000010760.8291   32.2538
   -7.5000  -22.5000   45.000011861.5684   32.0596
    0.0000  -22.5000   45.000012272.6934   32.2957
    7.5000  -22.5000   45.000011676.5986   32.3527
   -7.5000  -15.0000   45.000012823.6729   32.0325
    0.0000  -15.0000   45.000013295.1914   32.2617
    7.5000  -15.0000   45.000012627.0332   32.3232
   -7.5000   -7.5000   45.000013817.7451   31.8770
    0.0000   -7.5000   45.000014333.8057   32.1083
    7.5000   -7.5000   45.000013603.4014   32.1727
   -7.5000    0.0000   45.000014565.7666   31.7545
    0.0000    0.0000   45.000015126.8389   31.9951
    7.5000    0.0000   45.000014350.1035   32.0582
   -7.5000    7.5000   45.000013983.7520   31.7989
    0.0000    7.5000   45.000014528.0811   32.0458
    7.5000    7.5000   45.000013777.3184   32.1051
   -7.5000   15.0000   45.000013241.8945   31.9528
    0.0000   15.0000   45.000013782.6855   32.1975
    7.5000   15.0000   45.000013062.3428   32.2538
   -7.5000   22.5000   45.000012358.8760   32.0448
    0.0000   22.5000   45.000012875.4043   32.2807
    7.5000   22.5000   45.000012194.5371   32.3377
   -7.5000   30.0000   45.000011435.4473   31.6152
    0.0000   30.0000   45.000011893.8047   31.8414
    7.5000   30.0000   45.000011258.4570   31.9021
   -7.5000   37.5000   45.000010883.5654   31.4617
    0.0000   37.5000   45.000011318.3330   31.6900
    7.5000   37.5000   45.000010701.9395   31.7535
   -7.5000   45.0000   45.0000 9890.0000   30.6215
    0.0000   45.0000   45.000010283.1631   30.8536
    7.5000   45.0000   45.0000 9727.6016   30.9144

---------------------------------------------------------------------
imgreg_4dfp /opt/freesurfer/average/711-2C_as_mni_average_305 /opt/freesurfer/average/711-2B_as_mni_average_305_mask talsrcimg_g11 none talsrcimg_to_711-2C_as_mni_average_305_t4 4355
---------------------------------------------------------------------

freesurfer imgreg_4dfp.c
/opt/freesurfer/average/711-2C_as_mni_average_305.4dfp.img
       256       256       256         1
  1.000000  1.000000  1.000000
orientation T byte_order littleendian
Reading image: /opt/freesurfer/average/711-2C_as_mni_average_305.4dfp.img
dimensions:      256       256       256
mmppix:       1.0000   -1.0000   -1.0000
center:     128.0000 -129.0000 -129.0000
/opt/freesurfer/average/711-2B_as_mni_average_305_mask.4dfp.img
       256       256       256         1
  1.000000  1.000000  1.000000
orientation T byte_order littleendian
Reading mask: /opt/freesurfer/average/711-2B_as_mni_average_305_mask.4dfp.img (2306576 pixels)
talsrcimg_g11.4dfp.img
       320       320       320         1
  0.800000  0.800000  0.800000
orientation T byte_order littleendian
Reading image: talsrcimg_g11.4dfp.img
dimensions:      320       320       320
mmppix:       0.8000   -0.8000   -0.8000
center:     128.0000 -128.8000 -128.8000
rotation matrix determinant  1.000000
image alignment mode   4355 decimal     1103 hex
   -7.5000  -45.0000  -45.0000 2459.6689   42.5966
    0.0000  -45.0000  -45.0000 2485.2932   43.0682
    7.5000  -45.0000  -45.0000 2468.2256   43.3307
   -7.5000  -37.5000  -45.0000 2512.4304   40.0636
    0.0000  -37.5000  -45.0000 2531.1140   40.4755
    7.5000  -37.5000  -45.0000 2522.8350   40.6967
   -7.5000  -30.0000  -45.0000 2548.5720   38.0615
    0.0000  -30.0000  -45.0000 2567.3098   38.3972
    7.5000  -30.0000  -45.0000 2560.7107   38.6083
   -7.5000  -22.5000  -45.0000 2574.2473   36.6413
    0.0000  -22.5000  -45.0000 2587.4426   36.9024
    7.5000  -22.5000  -45.0000 2583.7175   37.2023
   -7.5000  -15.0000  -45.0000 2581.9661   35.9827
    0.0000  -15.0000  -45.0000 2601.6189   36.2326
    7.5000  -15.0000  -45.0000 2593.4958   36.5506
   -7.5000   -7.5000  -45.0000 2567.7573   35.7161
    0.0000   -7.5000  -45.0000 2597.6682   36.1333
    7.5000   -7.5000  -45.0000 2585.0547   36.4287
   -7.5000    0.0000  -45.0000 2561.9995   36.2025
    0.0000    0.0000  -45.0000 2581.8643   36.5128
    7.5000    0.0000  -45.0000 2574.2158   36.8614
   -7.5000    7.5000  -45.0000 2536.8225   37.1283
    0.0000    7.5000  -45.0000 2559.6606   37.4994
    7.5000    7.5000  -45.0000 2550.3799   37.7431
   -7.5000   15.0000  -45.0000 2495.4148   38.6456
    0.0000   15.0000  -45.0000 2525.2014   39.0270
    7.5000   15.0000  -45.0000 2514.8494   39.3323
   -7.5000   22.5000  -45.0000 2437.5730   40.8733
    0.0000   22.5000  -45.0000 2460.1409   41.2143
    7.5000   22.5000  -45.0000 2458.5420   41.6762
   -7.5000   30.0000  -45.0000 2370.9702   43.7897
    0.0000   30.0000  -45.0000 2385.4956   44.0992
    7.5000   30.0000  -45.0000 2386.7063   44.7661
   -7.5000   37.5000  -45.0000 2301.0811   47.4607
    0.0000   37.5000  -45.0000 2310.4719   47.6012
    7.5000   37.5000  -45.0000 2322.7017   48.4174
   -7.5000   45.0000  -45.0000 2202.6499   51.9077
    0.0000   45.0000  -45.0000 2207.8391   52.0015
    7.5000   45.0000  -45.0000 2224.1963   52.9055
   -7.5000  -45.0000  -37.5000 2497.6636   40.6686
    0.0000  -45.0000  -37.5000 2511.2542   41.1092
    7.5000  -45.0000  -37.5000 2499.3350   41.3582
   -7.5000  -37.5000  -37.5000 2550.6667   38.2308
    0.0000  -37.5000  -37.5000 2566.3977   38.6291
    7.5000  -37.5000  -37.5000 2554.5493   38.8391
   -7.5000  -30.0000  -37.5000 2591.8918   36.2880
    0.0000  -30.0000  -37.5000 2601.2976   36.5583
    7.5000  -30.0000  -37.5000 2590.9814   36.8586
   -7.5000  -22.5000  -37.5000 2614.5618   34.8429
    0.0000  -22.5000  -37.5000 2623.5256   35.1082
    7.5000  -22.5000  -37.5000 2612.7673   35.4230
   -7.5000  -15.0000  -37.5000 2625.2747   34.0621
    0.0000  -15.0000  -37.5000 2630.7510   34.2920
    7.5000  -15.0000  -37.5000 2627.1931   34.6707
   -7.5000   -7.5000  -37.5000 2614.1082   33.7712
    0.0000   -7.5000  -37.5000 2627.6660   34.1057
    7.5000   -7.5000  -37.5000 2623.5762   34.4748
   -7.5000    0.0000  -37.5000 2610.2539   34.1391
    0.0000    0.0000  -37.5000 2619.5215   34.4074
    7.5000    0.0000  -37.5000 2625.9988   34.8161
   -7.5000    7.5000  -37.5000 2585.5732   34.9598
    0.0000    7.5000  -37.5000 2603.0955   35.2583
    7.5000    7.5000  -37.5000 2604.2502   35.6416
   -7.5000   15.0000  -37.5000 2547.5415   36.4044
    0.0000   15.0000  -37.5000 2566.9775   36.6938
    7.5000   15.0000  -37.5000 2562.3235   37.0274
   -7.5000   22.5000  -37.5000 2493.0752   38.4951
    0.0000   22.5000  -37.5000 2509.9541   38.7882
    7.5000   22.5000  -37.5000 2503.6753   39.1997
   -7.5000   30.0000  -37.5000 2424.4902   41.2233
    0.0000   30.0000  -37.5000 2435.1948   41.5062
    7.5000   30.0000  -37.5000 2433.8987   42.0124
   -7.5000   37.5000  -37.5000 2346.5415   44.5705
    0.0000   37.5000  -37.5000 2357.2437   44.7418
    7.5000   37.5000  -37.5000 2363.3357   45.3612
   -7.5000   45.0000  -37.5000 2246.8218   48.7711
    0.0000   45.0000  -37.5000 2256.5603   48.9136
    7.5000   45.0000  -37.5000 2271.7881   49.6872
   -7.5000  -45.0000  -30.0000 2591.8867   39.9852
    0.0000  -45.0000  -30.0000 2601.5889   40.3054
    7.5000  -45.0000  -30.0000 2597.0552   40.5780
   -7.5000  -37.5000  -30.0000 2648.9695   37.4512
    0.0000  -37.5000  -30.0000 2657.8142   37.7209
    7.5000  -37.5000  -30.0000 2656.0078   38.0305
   -7.5000  -30.0000  -30.0000 2692.4141   35.5119
    0.0000  -30.0000  -30.0000 2698.3027   35.7153
    7.5000  -30.0000  -30.0000 2696.8835   36.0950
   -7.5000  -22.5000  -30.0000 2718.0337   34.0424
    0.0000  -22.5000  -30.0000 2719.3818   34.2628
    7.5000  -22.5000  -30.0000 2718.7529   34.6614
   -7.5000  -15.0000  -30.0000 2728.3765   33.1576
    0.0000  -15.0000  -30.0000 2729.7976   33.4053
    7.5000  -15.0000  -30.0000 2733.7852   33.8390
   -7.5000   -7.5000  -30.0000 2724.0347   32.8835
    0.0000   -7.5000  -30.0000 2728.7922   33.1612
    7.5000   -7.5000  -30.0000 2738.1160   33.6286
   -7.5000    0.0000  -30.0000 2715.8914   33.1492
    0.0000    0.0000  -30.0000 2720.7886   33.4105
    7.5000    0.0000  -30.0000 2729.2925   33.8455
   -7.5000    7.5000  -30.0000 2693.3462   33.9039
    0.0000    7.5000  -30.0000 2706.2698   34.1914
    7.5000    7.5000  -30.0000 2703.5801   34.5755
   -7.5000   15.0000  -30.0000 2653.2800   35.2786
    0.0000   15.0000  -30.0000 2671.3262   35.5862
    7.5000   15.0000  -30.0000 2665.4473   35.9295
   -7.5000   22.5000  -30.0000 2592.4338   37.3013
    0.0000   22.5000  -30.0000 2608.7080   37.6359
    7.5000   22.5000  -30.0000 2604.9365   38.0251
   -7.5000   30.0000  -30.0000 2520.8010   39.9510
    0.0000   30.0000  -30.0000 2532.2788   40.2277
    7.5000   30.0000  -30.0000 2528.4829   40.6582
   -7.5000   37.5000  -30.0000 2439.0874   43.1835
    0.0000   37.5000  -30.0000 2457.6514   43.4133
    7.5000   37.5000  -30.0000 2447.6721   43.8531
   -7.5000   45.0000  -30.0000 2336.6262   47.2255
    0.0000   45.0000  -30.0000 2358.4458   47.5355
    7.5000   45.0000  -30.0000 2353.5476   48.0421
   -7.5000  -45.0000  -22.5000 2659.6970   39.3491
    0.0000  -45.0000  -22.5000 2665.4258   39.5014
    7.5000  -45.0000  -22.5000 2664.2986   39.8637
   -7.5000  -37.5000  -22.5000 2715.5500   36.7396
    0.0000  -37.5000  -22.5000 2714.9314   36.8443
    7.5000  -37.5000  -22.5000 2722.2917   37.2224
   -7.5000  -30.0000  -22.5000 2760.4592   34.6902
    0.0000  -30.0000  -22.5000 2759.3772   34.7935
    7.5000  -30.0000  -22.5000 2766.0107   35.2004
   -7.5000  -22.5000  -22.5000 2789.2739   33.1910
    0.0000  -22.5000  -22.5000 2788.3572   33.3606
    7.5000  -22.5000  -22.5000 2800.6802   33.8372
   -7.5000  -15.0000  -22.5000 2792.4673   32.2162
    0.0000  -15.0000  -22.5000 2795.5642   32.4920
    7.5000  -15.0000  -22.5000 2813.4026   32.9518
   -7.5000   -7.5000  -22.5000 2791.2966   31.9248
    0.0000   -7.5000  -22.5000 2791.2075   32.2233
    7.5000   -7.5000  -22.5000 2809.7500   32.7323
   -7.5000    0.0000  -22.5000 2782.1128   32.1598
    0.0000    0.0000  -22.5000 2786.5374   32.4311
    7.5000    0.0000  -22.5000 2797.1262   32.8809
   -7.5000    7.5000  -22.5000 2760.7991   32.8606
    0.0000    7.5000  -22.5000 2770.5935   33.1207
    7.5000    7.5000  -22.5000 2776.2205   33.5686
   -7.5000   15.0000  -22.5000 2725.5515   34.1972
    0.0000   15.0000  -22.5000 2736.9883   34.4454
    7.5000   15.0000  -22.5000 2744.2578   34.9509
   -7.5000   22.5000  -22.5000 2667.7219   36.2056
    0.0000   22.5000  -22.5000 2678.1121   36.4760
    7.5000   22.5000  -22.5000 2685.2668   36.9746
   -7.5000   30.0000  -22.5000 2587.6492   38.8355
    0.0000   30.0000  -22.5000 2596.1018   38.9943
    7.5000   30.0000  -22.5000 2601.9741   39.5438
   -7.5000   37.5000  -22.5000 2499.2444   41.9780
    0.0000   37.5000  -22.5000 2508.1479   42.0752
    7.5000   37.5000  -22.5000 2510.8611   42.5926
   -7.5000   45.0000  -22.5000 2402.1758   45.9334
    0.0000   45.0000  -22.5000 2421.1089   46.1030
    7.5000   45.0000  -22.5000 2414.9060   46.5963
   -7.5000  -45.0000  -15.0000 2698.8206   38.5983
    0.0000  -45.0000  -15.0000 2707.0767   38.7534
    7.5000  -45.0000  -15.0000 2705.9480   39.2344
   -7.5000  -37.5000  -15.0000 2757.1868   36.0447
    0.0000  -37.5000  -15.0000 2757.8882   36.1852
    7.5000  -37.5000  -15.0000 2764.2854   36.6053
   -7.5000  -30.0000  -15.0000 2798.3228   33.9717
    0.0000  -30.0000  -15.0000 2792.7822   34.0309
    7.5000  -30.0000  -15.0000 2804.9958   34.4781
   -7.5000  -22.5000  -15.0000 2824.0366   32.3884
    0.0000  -22.5000  -15.0000 2826.7549   32.5333
    7.5000  -22.5000  -15.0000 2841.9348   33.0385
   -7.5000  -15.0000  -15.0000 2825.7776   31.3008
    0.0000  -15.0000  -15.0000 2833.8042   31.6213
    7.5000  -15.0000  -15.0000 2855.7239   32.1320
   -7.5000   -7.5000  -15.0000 2825.1399   30.9883
    0.0000   -7.5000  -15.0000 2831.4849   31.3353
    7.5000   -7.5000  -15.0000 2859.9319   31.8864
   -7.5000    0.0000  -15.0000 2822.0957   31.2372
    0.0000    0.0000  -15.0000 2828.7998   31.5174
    7.5000    0.0000  -15.0000 2847.7390   32.0675
   -7.5000    7.5000  -15.0000 2803.2053   31.9693
    0.0000    7.5000  -15.0000 2808.8315   32.2017
    7.5000    7.5000  -15.0000 2828.9622   32.7680
   -7.5000   15.0000  -15.0000 2766.5554   33.3018
    0.0000   15.0000  -15.0000 2775.7576   33.5172
    7.5000   15.0000  -15.0000 2794.0630   34.1224
   -7.5000   22.5000  -15.0000 2713.8320   35.3214
    0.0000   22.5000  -15.0000 2722.7170   35.5177
    7.5000   22.5000  -15.0000 2734.3027   36.0371
   -7.5000   30.0000  -15.0000 2642.2983   37.9453
    0.0000   30.0000  -15.0000 2648.5332   38.0415
    7.5000   30.0000  -15.0000 2654.9065   38.5463
   -7.5000   37.5000  -15.0000 2549.0676   41.0521
    0.0000   37.5000  -15.0000 2554.3943   41.1299
    7.5000   37.5000  -15.0000 2553.6580   41.6125
   -7.5000   45.0000  -15.0000 2442.2007   44.9620
    0.0000   45.0000  -15.0000 2451.6675   45.0343
    7.5000   45.0000  -15.0000 2444.0757   45.4691
   -7.5000  -45.0000   -7.5000 2714.0112   37.8423
    0.0000  -45.0000   -7.5000 2728.7766   38.1312
    7.5000  -45.0000   -7.5000 2721.7651   38.5880
   -7.5000  -37.5000   -7.5000 2768.6731   35.2343
    0.0000  -37.5000   -7.5000 2779.7380   35.5043
    7.5000  -37.5000   -7.5000 2781.9128   35.9672
   -7.5000  -30.0000   -7.5000 2809.5085   33.1992
    0.0000  -30.0000   -7.5000 2812.8308   33.3875
    7.5000  -30.0000   -7.5000 2825.5845   33.8963
   -7.5000  -22.5000   -7.5000 2830.3313   31.5250
    0.0000  -22.5000   -7.5000 2836.8804   31.6967
    7.5000  -22.5000   -7.5000 2853.4529   32.3152
   -7.5000  -15.0000   -7.5000 2828.6519   30.2980
    0.0000  -15.0000   -7.5000 2842.6060   30.6649
    7.5000  -15.0000   -7.5000 2871.6995   31.3878
   -7.5000   -7.5000   -7.5000 2830.5505   29.9897
    0.0000   -7.5000   -7.5000 2841.5872   30.3636
    7.5000   -7.5000   -7.5000 2881.6736   31.1201
   -7.5000    0.0000   -7.5000 2831.5552   30.2929
    0.0000    0.0000   -7.5000 2844.0400   30.6071
    7.5000    0.0000   -7.5000 2877.7102   31.3133
   -7.5000    7.5000   -7.5000 2812.9358   31.0540
    0.0000    7.5000   -7.5000 2826.7070   31.3379
    7.5000    7.5000   -7.5000 2862.4380   32.0553
   -7.5000   15.0000   -7.5000 2782.3997   32.4447
    0.0000   15.0000   -7.5000 2794.1853   32.6966
    7.5000   15.0000   -7.5000 2820.6292   33.3627
   -7.5000   22.5000   -7.5000 2723.3450   34.3624
    0.0000   22.5000   -7.5000 2737.8293   34.5727
    7.5000   22.5000   -7.5000 2751.4387   35.1888
   -7.5000   30.0000   -7.5000 2651.0901   36.9242
    0.0000   30.0000   -7.5000 2668.2122   37.0324
    7.5000   30.0000   -7.5000 2669.9692   37.6076
   -7.5000   37.5000   -7.5000 2553.7585   39.9854
    0.0000   37.5000   -7.5000 2572.2874   40.1360
    7.5000   37.5000   -7.5000 2572.2783   40.6695
   -7.5000   45.0000   -7.5000 2446.4707   43.8302
    0.0000   45.0000   -7.5000 2460.8372   44.0261
    7.5000   45.0000   -7.5000 2457.7778   44.4075
   -7.5000  -45.0000    0.0000 2720.2314   37.4919
    0.0000  -45.0000    0.0000 2731.8123   37.7136
    7.5000  -45.0000    0.0000 2728.0435   38.2117
   -7.5000  -37.5000    0.0000 2772.0320   34.7787
    0.0000  -37.5000    0.0000 2786.7368   35.0278
    7.5000  -37.5000    0.0000 2786.3723   35.5555
   -7.5000  -30.0000    0.0000 2809.3958   32.6909
    0.0000  -30.0000    0.0000 2831.5757   33.0091
    7.5000  -30.0000    0.0000 2838.6682   33.5385
   -7.5000  -22.5000    0.0000 2823.2930   30.8895
    0.0000  -22.5000    0.0000 2850.5615   31.2381
    7.5000  -22.5000    0.0000 2864.2275   31.8940
   -7.5000  -15.0000    0.0000 2813.3809   29.4642
    0.0000  -15.0000    0.0000 2842.2690   29.8877
    7.5000  -15.0000    0.0000 2873.8945   30.8297
   -7.5000   -7.5000    0.0000 2819.2632   29.1488
    0.0000   -7.5000    0.0000 2837.7146   29.5736
    7.5000   -7.5000    0.0000 2892.1082   30.5795
   -7.5000    0.0000    0.0000 2824.4944   29.4871
    0.0000    0.0000    0.0000 2847.9102   29.8664
    7.5000    0.0000    0.0000 2893.7366   30.7780
   -7.5000    7.5000    0.0000 2815.8267   30.3635
    0.0000    7.5000    0.0000 2841.0205   30.7091
    7.5000    7.5000    0.0000 2882.8291   31.5163
   -7.5000   15.0000    0.0000 2777.6675   31.6790
    0.0000   15.0000    0.0000 2804.9600   32.0198
    7.5000   15.0000    0.0000 2834.8540   32.7153
   -7.5000   22.5000    0.0000 2723.8914   33.6369
    0.0000   22.5000    0.0000 2740.1709   33.8213
    7.5000   22.5000    0.0000 2763.2598   34.5577
   -7.5000   30.0000    0.0000 2653.1887   36.1504
    0.0000   30.0000    0.0000 2666.0491   36.2483
    7.5000   30.0000    0.0000 2686.0269   37.0432
   -7.5000   37.5000    0.0000 2558.5208   39.1794
    0.0000   37.5000    0.0000 2569.1492   39.2907
    7.5000   37.5000    0.0000 2583.0447   39.9896
   -7.5000   45.0000    0.0000 2442.0608   42.8755
    0.0000   45.0000    0.0000 2456.8279   43.0194
    7.5000   45.0000    0.0000 2462.4575   43.6284
   -7.5000  -45.0000    7.5000 2706.0657   37.4235
    0.0000  -45.0000    7.5000 2721.1353   37.5894
    7.5000  -45.0000    7.5000 2720.8748   38.1158
   -7.5000  -37.5000    7.5000 2762.4172   34.7202
    0.0000  -37.5000    7.5000 2779.9172   34.8609
    7.5000  -37.5000    7.5000 2784.3198   35.4625
   -7.5000  -30.0000    7.5000 2808.5737   32.7275
    0.0000  -30.0000    7.5000 2832.8000   32.9580
    7.5000  -30.0000    7.5000 2843.3264   33.4578
   -7.5000  -22.5000    7.5000 2826.0759   31.0195
    0.0000  -22.5000    7.5000 2877.9956   31.5437
    7.5000  -22.5000    7.5000 2881.2222   31.8895
   -7.5000  -15.0000    7.5000 2800.0554   29.2378
    0.0000  -15.0000    7.5000 2858.6787   29.8731
    7.5000  -15.0000    7.5000 2882.2603   30.6670
   -7.5000   -7.5000    7.5000 2805.0166   28.7943
    0.0000   -7.5000    7.5000 2841.7583   29.3004
    7.5000   -7.5000    7.5000 2891.8538   30.2375
   -7.5000    0.0000    7.5000 2815.4766   29.1277
    0.0000    0.0000    7.5000 2849.7085   29.4887
    7.5000    0.0000    7.5000 2887.5083   30.3291
   -7.5000    7.5000    7.5000 2806.5010   29.9552
    0.0000    7.5000    7.5000 2843.9924   30.2137
    7.5000    7.5000    7.5000 2869.8630   30.8752
   -7.5000   15.0000    7.5000 2778.2861   31.3395
    0.0000   15.0000    7.5000 2807.0151   31.4913
    7.5000   15.0000    7.5000 2828.6196   32.1068
   -7.5000   22.5000    7.5000 2721.9448   33.2974
    0.0000   22.5000    7.5000 2740.2205   33.4415
    7.5000   22.5000    7.5000 2756.5193   34.0302
   -7.5000   30.0000    7.5000 2655.5303   35.8506
    0.0000   30.0000    7.5000 2670.6111   35.9677
    7.5000   30.0000    7.5000 2674.5837   36.4615
   -7.5000   37.5000    7.5000 2563.1094   38.9149
    0.0000   37.5000    7.5000 2573.1313   38.9655
    7.5000   37.5000    7.5000 2587.1453   39.4764
   -7.5000   45.0000    7.5000 2450.7874   42.6662
    0.0000   45.0000    7.5000 2468.6799   42.7023
    7.5000   45.0000    7.5000 2476.7087   43.2408
   -7.5000  -45.0000   15.0000 2686.5601   37.5944
    0.0000  -45.0000   15.0000 2705.8044   37.6713
    7.5000  -45.0000   15.0000 2711.3696   38.2541
   -7.5000  -37.5000   15.0000 2748.5630   34.8928
    0.0000  -37.5000   15.0000 2768.7661   35.0117
    7.5000  -37.5000   15.0000 2779.5938   35.5604
   -7.5000  -30.0000   15.0000 2805.3267   33.0156
    0.0000  -30.0000   15.0000 2834.7153   33.2869
    7.5000  -30.0000   15.0000 2842.9009   33.6082
   -7.5000  -22.5000   15.0000 2850.4995   31.6639
    0.0000  -22.5000   15.0000 2911.8635   32.3108
    7.5000  -22.5000   15.0000 2893.0803   32.1792
   -7.5000  -15.0000   15.0000 2830.2039   30.0017
    0.0000  -15.0000   15.0000 2924.7969   30.8695
    7.5000  -15.0000   15.0000 2898.1372   30.9707
   -7.5000   -7.5000   15.0000 2807.2485   29.0754
    0.0000   -7.5000   15.0000 2856.1045   29.4694
    7.5000   -7.5000   15.0000 2871.6914   30.1111
   -7.5000    0.0000   15.0000 2803.6262   29.0615
    0.0000    0.0000   15.0000 2825.8809   29.1958
    7.5000    0.0000   15.0000 2850.1660   29.8512
   -7.5000    7.5000   15.0000 2796.1699   29.7470
    0.0000    7.5000   15.0000 2823.9214   29.8508
    7.5000    7.5000   15.0000 2843.6226   30.3894
   -7.5000   15.0000   15.0000 2771.3987   31.1620
    0.0000   15.0000   15.0000 2793.1511   31.3053
    7.5000   15.0000   15.0000 2809.2888   31.7308
   -7.5000   22.5000   15.0000 2721.5964   33.2156
    0.0000   22.5000   15.0000 2733.5044   33.3268
    7.5000   22.5000   15.0000 2745.7214   33.7020
   -7.5000   30.0000   15.0000 2654.1641   35.8216
    0.0000   30.0000   15.0000 2664.4197   35.8429
    7.5000   30.0000   15.0000 2668.1008   36.2312
   -7.5000   37.5000   15.0000 2571.1914   38.9086
    0.0000   37.5000   15.0000 2578.5022   38.8878
    7.5000   37.5000   15.0000 2582.6497   39.2518
   -7.5000   45.0000   15.0000 2462.1443   42.5911
    0.0000   45.0000   15.0000 2478.5627   42.6864
    7.5000   45.0000   15.0000 2469.8303   42.9137
   -7.5000  -45.0000   22.5000 2685.5938   38.1758
    0.0000  -45.0000   22.5000 2682.7654   37.9968
    7.5000  -45.0000   22.5000 2695.9739   38.6211
   -7.5000  -37.5000   22.5000 2754.9385   35.4444
    0.0000  -37.5000   22.5000 2749.0823   35.3238
    7.5000  -37.5000   22.5000 2760.9751   35.9079
   -7.5000  -30.0000   22.5000 2814.4812   33.4535
    0.0000  -30.0000   22.5000 2818.4880   33.5238
    7.5000  -30.0000   22.5000 2823.2412   33.8478
   -7.5000  -22.5000   22.5000 2842.2417   31.8111
    0.0000  -22.5000   22.5000 2881.2058   32.2108
    7.5000  -22.5000   22.5000 2864.5012   32.2605
   -7.5000  -15.0000   22.5000 2820.0271   30.2151
    0.0000  -15.0000   22.5000 2860.5740   30.4619
    7.5000  -15.0000   22.5000 2855.4741   30.9753
   -7.5000   -7.5000   22.5000 2809.2676   29.5733
    0.0000   -7.5000   22.5000 2810.3113   29.5482
    7.5000   -7.5000   22.5000 2831.5024   30.1968
   -7.5000    0.0000   22.5000 2801.1133   29.5005
    0.0000    0.0000   22.5000 2820.5793   29.7590
    7.5000    0.0000   22.5000 2818.3113   30.0172
   -7.5000    7.5000   22.5000 2799.6685   30.0909
    0.0000    7.5000   22.5000 2818.6387   30.3002
    7.5000    7.5000   22.5000 2814.7646   30.5468
   -7.5000   15.0000   22.5000 2773.8433   31.4105
    0.0000   15.0000   22.5000 2788.0186   31.5251
    7.5000   15.0000   22.5000 2787.7937   31.7644
   -7.5000   22.5000   22.5000 2723.2073   33.4009
    0.0000   22.5000   22.5000 2734.7852   33.4435
    7.5000   22.5000   22.5000 2736.6055   33.7112
   -7.5000   30.0000   22.5000 2657.0986   35.9771
    0.0000   30.0000   22.5000 2669.9404   35.9603
    7.5000   30.0000   22.5000 2667.0801   36.2477
   -7.5000   37.5000   22.5000 2574.9353   39.0264
    0.0000   37.5000   22.5000 2579.8069   39.0392
    7.5000   37.5000   22.5000 2585.3733   39.3064
   -7.5000   45.0000   22.5000 2472.1765   42.7534
    0.0000   45.0000   22.5000 2482.8093   42.8262
    7.5000   45.0000   22.5000 2474.5869   43.1210
   -7.5000  -45.0000   30.0000 2678.2053   38.7380
    0.0000  -45.0000   30.0000 2657.0940   38.2684
    7.5000  -45.0000   30.0000 2674.3059   39.0329
   -7.5000  -37.5000   30.0000 2747.7893   35.8753
    0.0000  -37.5000   30.0000 2728.3938   35.5685
    7.5000  -37.5000   30.0000 2744.7170   36.2131
   -7.5000  -30.0000   30.0000 2792.0278   33.5749
    0.0000  -30.0000   30.0000 2784.9211   33.5298
    7.5000  -30.0000   30.0000 2800.9578   33.9712
   -7.5000  -22.5000   30.0000 2796.7046   31.5644
    0.0000  -22.5000   30.0000 2799.7485   31.5829
    7.5000  -22.5000   30.0000 2816.2312   32.1359
   -7.5000  -15.0000   30.0000 2790.5176   30.1436
    0.0000  -15.0000   30.0000 2781.8999   29.9857
    7.5000  -15.0000   30.0000 2811.9893   30.7329
   -7.5000   -7.5000   30.0000 2808.6719   29.8001
    0.0000   -7.5000   30.0000 2823.5603   29.9261
    7.5000   -7.5000   30.0000 2823.9028   30.3430
   -7.5000    0.0000   30.0000 2823.1470   30.1169
    0.0000    0.0000   30.0000 2848.5312   30.3963
    7.5000    0.0000   30.0000 2830.9592   30.5681
   -7.5000    7.5000   30.0000 2823.4241   30.9158
    0.0000    7.5000   30.0000 2841.5911   31.1099
    7.5000    7.5000   30.0000 2827.6887   31.2798
   -7.5000   15.0000   30.0000 2790.3491   32.1889
    0.0000   15.0000   30.0000 2802.9946   32.3775
    7.5000   15.0000   30.0000 2798.7607   32.5497
   -7.5000   22.5000   30.0000 2733.7830   34.0226
    0.0000   22.5000   30.0000 2747.7429   34.1691
    7.5000   22.5000   30.0000 2741.4841   34.3238
   -7.5000   30.0000   30.0000 2659.3472   36.4609
    0.0000   30.0000   30.0000 2678.1375   36.5566
    7.5000   30.0000   30.0000 2668.3416   36.6930
   -7.5000   37.5000   30.0000 2569.1628   39.4598
    0.0000   37.5000   30.0000 2573.2827   39.5160
    7.5000   37.5000   30.0000 2572.5054   39.6338
   -7.5000   45.0000   30.0000 2462.0862   43.1305
    0.0000   45.0000   30.0000 2463.1770   43.1104
    7.5000   45.0000   30.0000 2460.4678   43.3596
   -7.5000  -45.0000   37.5000 2641.4460   39.0154
    0.0000  -45.0000   37.5000 2627.7100   38.5173
    7.5000  -45.0000   37.5000 2649.2317   39.4146
   -7.5000  -37.5000   37.5000 2712.6169   36.1172
    0.0000  -37.5000   37.5000 2704.6365   35.7969
    7.5000  -37.5000   37.5000 2722.6626   36.5548
   -7.5000  -30.0000   37.5000 2751.0327   33.7588
    0.0000  -30.0000   37.5000 2744.6665   33.5680
    7.5000  -30.0000   37.5000 2766.1536   34.1981
   -7.5000  -22.5000   37.5000 2776.6597   31.8806
    0.0000  -22.5000   37.5000 2744.5767   31.3924
    7.5000  -22.5000   37.5000 2782.2612   32.2803
   -7.5000  -15.0000   37.5000 2789.7874   30.5524
    0.0000  -15.0000   37.5000 2790.3469   30.4587
    7.5000  -15.0000   37.5000 2803.2410   31.0561
   -7.5000   -7.5000   37.5000 2821.5688   30.3912
    0.0000   -7.5000   37.5000 2834.1023   30.4729
    7.5000   -7.5000   37.5000 2837.2100   30.9641
   -7.5000    0.0000   37.5000 2827.2378   30.8425
    0.0000    0.0000   37.5000 2846.5562   31.0078
    7.5000    0.0000   37.5000 2840.3979   31.2903
   -7.5000    7.5000   37.5000 2826.4146   31.6982
    0.0000    7.5000   37.5000 2840.1965   31.8317
    7.5000    7.5000   37.5000 2836.6006   32.0718
   -7.5000   15.0000   37.5000 2794.8521   33.0617
    0.0000   15.0000   37.5000 2810.9890   33.1961
    7.5000   15.0000   37.5000 2806.4822   33.4395
   -7.5000   22.5000   37.5000 2736.9377   34.9341
    0.0000   22.5000   37.5000 2751.8667   35.0269
    7.5000   22.5000   37.5000 2745.3438   35.2042
   -7.5000   30.0000   37.5000 2661.7625   37.3610
    0.0000   30.0000   37.5000 2664.6492   37.3603
    7.5000   30.0000   37.5000 2665.2290   37.5417
   -7.5000   37.5000   37.5000 2570.5767   40.3041
    0.0000   37.5000   37.5000 2568.0271   40.2723
    7.5000   37.5000   37.5000 2560.1611   40.3932
   -7.5000   45.0000   37.5000 2460.1990   43.9532
    0.0000   45.0000   37.5000 2465.1567   43.9898
    7.5000   45.0000   37.5000 2456.4766   44.0338
   -7.5000  -45.0000   45.0000 2605.6716   39.4831
    0.0000  -45.0000   45.0000 2597.3130   38.9608
    7.5000  -45.0000   45.0000 2613.8037   39.8273
   -7.5000  -37.5000   45.0000 2677.0352   36.5553
    0.0000  -37.5000   45.0000 2670.2388   36.1890
    7.5000  -37.5000   45.0000 2685.4429   36.9195
   -7.5000  -30.0000   45.0000 2709.9622   34.1817
    0.0000  -30.0000   45.0000 2692.1128   33.6612
    7.5000  -30.0000   45.0000 2722.4871   34.5134
   -7.5000  -22.5000   45.0000 2746.5225   32.3351
    0.0000  -22.5000   45.0000 2731.4656   31.8390
    7.5000  -22.5000   45.0000 2746.2986   32.6497
   -7.5000  -15.0000   45.0000 2789.4712   31.2873
    0.0000  -15.0000   45.0000 2779.8447   31.1428
    7.5000  -15.0000   45.0000 2793.5332   31.7867
   -7.5000   -7.5000   45.0000 2812.7793   31.2825
    0.0000   -7.5000   45.0000 2812.4617   31.1624
    7.5000   -7.5000   45.0000 2822.8037   31.6934
   -7.5000    0.0000   45.0000 2815.2686   31.7353
    0.0000    0.0000   45.0000 2819.9138   31.7143
    7.5000    0.0000   45.0000 2829.7014   32.0906
   -7.5000    7.5000   45.0000 2808.9897   32.6130
    0.0000    7.5000   45.0000 2819.7749   32.5976
    7.5000    7.5000   45.0000 2821.0076   32.9083
   -7.5000   15.0000   45.0000 2779.2893   33.9516
    0.0000   15.0000   45.0000 2794.7021   33.9600
    7.5000   15.0000   45.0000 2791.0496   34.2534
   -7.5000   22.5000   45.0000 2723.3835   35.9548
    0.0000   22.5000   45.0000 2735.3809   35.9932
    7.5000   22.5000   45.0000 2730.3103   36.1515
   -7.5000   30.0000   45.0000 2637.2075   38.3905
    0.0000   30.0000   45.0000 2639.6545   38.4044
    7.5000   30.0000   45.0000 2637.0767   38.5217
   -7.5000   37.5000   45.0000 2537.8967   41.2285
    0.0000   37.5000   45.0000 2544.2751   41.2299
    7.5000   37.5000   45.0000 2536.2292   41.4511
   -7.5000   45.0000   45.0000 2439.3394   44.8416
    0.0000   45.0000   45.0000 2453.9438   44.9071
    7.5000   45.0000   45.0000 2449.0835   45.1886

---------------------------------------------------------------------
imgreg_4dfp /opt/freesurfer/average/711-2C_as_mni_average_305 /opt/freesurfer/average/711-2B_as_mni_average_305_mask talsrcimg_g11 none talsrcimg_to_711-2C_as_mni_average_305_t4 1283
---------------------------------------------------------------------

freesurfer imgreg_4dfp.c
/opt/freesurfer/average/711-2C_as_mni_average_305.4dfp.img
       256       256       256         1
  1.000000  1.000000  1.000000
orientation T byte_order littleendian
Reading image: /opt/freesurfer/average/711-2C_as_mni_average_305.4dfp.img
dimensions:      256       256       256
mmppix:       1.0000   -1.0000   -1.0000
center:     128.0000 -129.0000 -129.0000
/opt/freesurfer/average/711-2B_as_mni_average_305_mask.4dfp.img
       256       256       256         1
  1.000000  1.000000  1.000000
orientation T byte_order littleendian
Reading mask: /opt/freesurfer/average/711-2B_as_mni_average_305_mask.4dfp.img (2306576 pixels)
talsrcimg_g11.4dfp.img
       320       320       320         1
  0.800000  0.800000  0.800000
orientation T byte_order littleendian
Reading image: talsrcimg_g11.4dfp.img
dimensions:      320       320       320
mmppix:       0.8000   -0.8000   -0.8000
center:     128.0000 -128.8000 -128.8000
rotation matrix determinant  1.000000
fimgreg.f
image alignment mode   1283 decimal      503 hex
parameters
    0.0000  -15.0000   15.0000    0.0000    0.0000    0.0000
eta,q 0.92427 31.34471
niter,ni,del,rscale     5    3   12.0000    1.2000
parameters
    1.6446  -17.3076   15.2021   -1.7312   -1.2625    2.0679
eta,q 0.92414 31.61919
  0.1066  0.0831  0.0861  0.0796  0.0789  0.0808
  0.0970  0.0794  0.0824  0.0784  0.0767  0.0786
  0.0847  0.0781  0.0818  0.0771  0.0761  0.0771
  0.0782  0.0799  0.0781  0.0776  0.0770  0.0763
  0.0805  0.0850  0.0751  0.0794  0.0785  0.0759
  0.0854  0.0916  0.0795  0.0814  0.0794  0.0761
  0.0868  0.0995  0.0883  0.0836  0.0781  0.0771
niter,ni,del,rscale     4    3   12.0000    1.2000
parameters
    2.0074  -16.6616   15.0074   -2.7300   -0.8647    2.6650
eta,q 0.92320 31.63164
  0.0955  0.0907  0.0848  0.0793  0.0802  0.0802
  0.0844  0.0851  0.0811  0.0782  0.0775  0.0785
  0.0751  0.0801  0.0800  0.0772  0.0765  0.0776
  0.0759  0.0765  0.0761  0.0765  0.0768  0.0769
  0.0796  0.0767  0.0748  0.0775  0.0778  0.0769
  0.0837  0.0809  0.0797  0.0798  0.0787  0.0777
  0.0883  0.0867  0.0897  0.0825  0.0780  0.0792
niter,ni,del,rscale     3    3   12.0000    1.2000
parameters
    2.1979  -16.5422   14.8940   -2.9679   -0.3568    3.2598
eta,q 0.92233 31.66886
  0.0942  0.0893  0.0845  0.0810  0.0795  0.0808
  0.0825  0.0842  0.0814  0.0792  0.0774  0.0794
  0.0750  0.0799  0.0809  0.0782  0.0771  0.0784
  0.0768  0.0772  0.0772  0.0775  0.0775  0.0778
  0.0807  0.0787  0.0747  0.0777  0.0787  0.0777
  0.0840  0.0831  0.0794  0.0795  0.0788  0.0786
  0.0884  0.0890  0.0890  0.0819  0.0776  0.0799
niter,ni,del,rscale     2    3   12.0000    1.2000
parameter  5  0.509273 -> -0.500000 qaram    1.1500
parameters
    2.3547  -16.6788   14.8154   -2.9777    3.0932    3.3756
eta,q 0.92111 31.93763
  0.0937  0.0893  0.0838  0.0822  0.0791  0.0817
  0.0818  0.0842  0.0811  0.0801  0.0778  0.0803
  0.0752  0.0802  0.0813  0.0790  0.0777  0.0793
  0.0777  0.0780  0.0780  0.0783  0.0783  0.0789
  0.0813  0.0801  0.0747  0.0784  0.0792  0.0794
  0.0835  0.0847  0.0789  0.0801  0.0787  0.0803
  0.0883  0.0906  0.0883  0.0824  0.0773  0.0814
niter,ni,del,rscale     2    3   12.0000    1.2000
parameter  5  1.912914 -> -0.500000 qaram    1.3225
parameters
    2.3080  -17.2713   14.4520   -3.8658    7.0607    2.4253
eta,q 0.92383 32.31721
  0.0921  0.0884  0.0812  0.0817  0.0795  0.0786
  0.0797  0.0842  0.0791  0.0805  0.0794  0.0772
  0.0766  0.0804  0.0791  0.0795  0.0801  0.0763
  0.0789  0.0789  0.0789  0.0792  0.0792  0.0763
  0.0792  0.0816  0.0764  0.0800  0.0772  0.0772
  0.0818  0.0866  0.0776  0.0818  0.0761  0.0788
  0.0905  0.0934  0.0851  0.0838  0.0774  0.0804
niter,ni,del,rscale     2    3   12.0000    1.2000
parameters
    1.6549  -17.5432   13.9839   -5.3506    6.1338    1.6728
eta,q 0.92230 32.46001
  0.0889  0.0842  0.0840  0.0775  0.0803  0.0794
  0.0823  0.0814  0.0797  0.0770  0.0809  0.0783
  0.0787  0.0787  0.0777  0.0771  0.0791  0.0778
  0.0762  0.0766  0.0767  0.0769  0.0770  0.0776
  0.0804  0.0776  0.0769  0.0773  0.0772  0.0781
  0.0886  0.0812  0.0805  0.0778  0.0808  0.0792
  0.0934  0.0872  0.0885  0.0788  0.0847  0.0805
niter,ni,del,rscale     1    3   12.0000    1.2000
parameters
    1.6753  -17.3907   14.2184   -5.1810    5.6593    1.5745
eta,q 0.92218 32.40411
  0.0943  0.0860  0.0861  0.0797  0.0799  0.0799
  0.0846  0.0825  0.0816  0.0780  0.0808  0.0788
  0.0809  0.0798  0.0789  0.0776  0.0799  0.0781
  0.0777  0.0777  0.0775  0.0775  0.0774  0.0778
  0.0784  0.0773  0.0773  0.0772  0.0766  0.0779
  0.0866  0.0808  0.0796  0.0781  0.0794  0.0789
  0.0935  0.0866  0.0859  0.0793  0.0834  0.0801
registration optimization eta report
parameter search radius
    6.0000    6.0000    6.0000    6.0000    7.9350    6.0000
100000*second partial in parameter space
       45.       24.       24.        6.        6.        6.
  0.0943  0.0860  0.0861  0.0797  0.0799  0.0799
  0.0846  0.0825  0.0816  0.0780  0.0808  0.0788
  0.0809  0.0798  0.0789  0.0776  0.0799  0.0781
  0.0777  0.0777  0.0775  0.0775  0.0774  0.0778
  0.0784  0.0773  0.0773  0.0772  0.0766  0.0779
  0.0866  0.0808  0.0796  0.0781  0.0794  0.0789
  0.0935  0.0866  0.0859  0.0793  0.0834  0.0801
    1.6753  -17.3907   14.2184   -5.1810    5.6593    1.5745
eta,q 0.92218 32.40411

---------------------------------------------------------------------
imgreg_4dfp /opt/freesurfer/average/711-2C_as_mni_average_305 /opt/freesurfer/average/711-2B_as_mni_average_305_mask talsrcimg_g11 none talsrcimg_to_711-2C_as_mni_average_305_t4 3335
---------------------------------------------------------------------

freesurfer imgreg_4dfp.c
/opt/freesurfer/average/711-2C_as_mni_average_305.4dfp.img
       256       256       256         1
  1.000000  1.000000  1.000000
orientation T byte_order littleendian
Reading image: /opt/freesurfer/average/711-2C_as_mni_average_305.4dfp.img
dimensions:      256       256       256
mmppix:       1.0000   -1.0000   -1.0000
center:     128.0000 -129.0000 -129.0000
/opt/freesurfer/average/711-2B_as_mni_average_305_mask.4dfp.img
       256       256       256         1
  1.000000  1.000000  1.000000
orientation T byte_order littleendian
Reading mask: /opt/freesurfer/average/711-2B_as_mni_average_305_mask.4dfp.img (2306576 pixels)
talsrcimg_g11.4dfp.img
       320       320       320         1
  0.800000  0.800000  0.800000
orientation T byte_order littleendian
Reading image: talsrcimg_g11.4dfp.img
dimensions:      320       320       320
mmppix:       0.8000   -0.8000   -0.8000
center:     128.0000 -128.8000 -128.8000
fimgreg.f
image alignment mode   3335 decimal      D07 hex
parameters
    1.6753  -17.3907   14.2184   -0.5250   -0.4217   -0.8940
   -1.8463  -10.0655    2.7343    8.7571    9.8614   -8.9863
eta,q 0.92291 32.40532
niter,ni,del,rscale     5    3    5.0000    1.2000
parameter  1  0.982654 ->  0.500000 qaram    1.1500
parameter  4  5.453054 ->  0.500000 qaram    1.1500
parameter  5  0.940701 ->  0.500000 qaram    1.1500
parameter  6  1.048340 ->  0.500000 qaram    1.1500
parameter  7  1.100792 ->  0.500000 qaram    1.1500
parameter  8 18.307909 -> -0.500000 qaram    1.1500
parameter 10  1.410752 ->  0.500000 qaram    1.1500
parameters
    0.2953  -16.6318   14.8209   -4.6650   -4.5617   -5.0340
   -5.9863   -5.9255    2.6130    4.6171   11.6057   -9.9039
eta,q 0.94946 32.97150
  0.0760  0.0795  0.0789  0.0637  0.0636  0.0591  0.0589  0.0680  0.0542  0.0500  0.0525  0.0511
  0.0759  0.0780  0.0775  0.0679  0.0646  0.0604  0.0590  0.0656  0.0534  0.0504  0.0516  0.0507
  0.0763  0.0767  0.0763  0.0716  0.0662  0.0622  0.0597  0.0627  0.0530  0.0515  0.0510  0.0505
  0.0771  0.0759  0.0757  0.0755  0.0690  0.0649  0.0608  0.0592  0.0528  0.0528  0.0507  0.0506
  0.0782  0.0757  0.0755  0.0800  0.0736  0.0694  0.0622  0.0553  0.0530  0.0545  0.0506  0.0507
  0.0794  0.0760  0.0759  0.0845  0.0799  0.0749  0.0639  0.0520  0.0535  0.0565  0.0508  0.0510
  0.0807  0.0768  0.0768  0.0899  0.0869  0.0818  0.0659  0.0496  0.0543  0.0588  0.0513  0.0513
niter,ni,del,rscale     7    3    5.0000    1.2000
parameter  1  1.138879 ->  0.500000 qaram    1.3225
parameter  2 -1.227785 -> -0.500000 qaram    1.1500
parameter  3 -0.512971 -> -0.500000 qaram    1.1500
parameter  4  0.579384 ->  0.500000 qaram    1.3225
parameter  8 -0.697809 -> -0.500000 qaram    1.3225
parameter 11  1.891942 ->  0.500000 qaram    1.1500
parameter 12 -0.653565 -> -0.500000 qaram    1.1500
parameters
   -1.2917  -15.2518   16.2009   -9.4260   -8.6432   -6.3747
   -3.0293   -1.1645    2.4048    0.7438    7.4657   -5.7639
eta,q 0.96182 32.73919
  0.0468  0.0537  0.0476  0.0420  0.0415  0.0434  0.0448  0.0476  0.0409  0.0399  0.0378  0.0393
  0.0470  0.0513  0.0464  0.0417  0.0409  0.0426  0.0430  0.0441  0.0402  0.0393  0.0382  0.0388
  0.0483  0.0491  0.0456  0.0422  0.0408  0.0418  0.0419  0.0422  0.0399  0.0393  0.0387  0.0385
  0.0505  0.0473  0.0451  0.0448  0.0417  0.0407  0.0413  0.0411  0.0398  0.0398  0.0393  0.0383
  0.0535  0.0458  0.0449  0.0506  0.0449  0.0399  0.0411  0.0402  0.0399  0.0406  0.0399  0.0382
  0.0569  0.0449  0.0448  0.0597  0.0510  0.0427  0.0413  0.0397  0.0403  0.0419  0.0407  0.0382
  0.0605  0.0446  0.0450  0.0734  0.0585  0.0506  0.0418  0.0397  0.0410  0.0435  0.0417  0.0382
niter,ni,del,rscale     7    3    5.0000    1.2000
parameter  2 -1.172345 -> -0.500000 qaram    1.3225
parameter  3 -0.545007 -> -0.500000 qaram    1.3225
parameter 11  1.230590 ->  0.500000 qaram    1.3225
parameters
   -0.8401  -13.6648   17.7879  -11.3657  -10.3254   -6.0112
   -4.0446    1.2291    3.3127    2.0845    2.7047   -4.7600
eta,q 0.96470 32.60517
  0.0418  0.0441  0.0373  0.0393  0.0398  0.0394  0.0382  0.0397  0.0379  0.0388  0.0349  0.0359
  0.0400  0.0418  0.0369  0.0382  0.0384  0.0386  0.0371  0.0383  0.0370  0.0375  0.0352  0.0356
  0.0388  0.0398  0.0365  0.0370  0.0371  0.0377  0.0367  0.0374  0.0365  0.0367  0.0356  0.0354
  0.0382  0.0381  0.0362  0.0360  0.0365  0.0368  0.0367  0.0366  0.0362  0.0362  0.0361  0.0353
  0.0382  0.0369  0.0360  0.0364  0.0372  0.0362  0.0371  0.0362  0.0363  0.0362  0.0369  0.0353
  0.0389  0.0360  0.0360  0.0400  0.0407  0.0367  0.0379  0.0365  0.0366  0.0366  0.0378  0.0354
  0.0402  0.0358  0.0362  0.0485  0.0470  0.0403  0.0391  0.0379  0.0372  0.0376  0.0390  0.0357
niter,ni,del,rscale     7    3    5.0000    1.2000
parameter 11  1.163278 ->  0.500000 qaram    1.5209
parameters
   -0.2181  -12.2996   17.8932  -11.5367  -11.3701   -6.2785
   -4.1258    0.9678    2.9031    2.8487   -2.7705   -8.6394
eta,q 0.96576 32.51985
  0.0388  0.0401  0.0359  0.0381  0.0389  0.0378  0.0375  0.0373  0.0360  0.0368  0.0340  0.0344
  0.0371  0.0380  0.0354  0.0370  0.0372  0.0368  0.0359  0.0360  0.0354  0.0358  0.0343  0.0342
  0.0359  0.0363  0.0349  0.0358  0.0357  0.0358  0.0351  0.0353  0.0351  0.0352  0.0346  0.0343
  0.0353  0.0352  0.0346  0.0345  0.0346  0.0349  0.0350  0.0350  0.0350  0.0350  0.0350  0.0343
  0.0352  0.0346  0.0346  0.0337  0.0349  0.0346  0.0354  0.0351  0.0352  0.0351  0.0355  0.0346
  0.0357  0.0347  0.0350  0.0351  0.0380  0.0354  0.0362  0.0360  0.0356  0.0354  0.0363  0.0349
  0.0369  0.0356  0.0360  0.0406  0.0441  0.0399  0.0374  0.0378  0.0363  0.0362  0.0373  0.0355
niter,ni,del,rscale     7    3    5.0000    1.2000
parameter 11  0.772768 ->  0.500000 qaram    1.7490
parameters
    0.0948  -11.7528   18.6151  -11.4901  -11.7604   -6.2536
   -3.6725    1.6079    3.2726    2.8254   -9.0669   -9.8734
eta,q 0.96654 32.53172
  0.0371  0.0375  0.0355  0.0379  0.0387  0.0375  0.0370  0.0378  0.0353  0.0356  0.0335  0.0340
  0.0357  0.0359  0.0350  0.0367  0.0369  0.0364  0.0352  0.0351  0.0346  0.0346  0.0334  0.0337
  0.0347  0.0348  0.0345  0.0354  0.0352  0.0352  0.0343  0.0343  0.0342  0.0341  0.0336  0.0335
  0.0342  0.0342  0.0341  0.0340  0.0339  0.0341  0.0341  0.0341  0.0341  0.0341  0.0341  0.0335
  0.0343  0.0342  0.0339  0.0329  0.0337  0.0336  0.0344  0.0343  0.0342  0.0342  0.0347  0.0336
  0.0349  0.0347  0.0341  0.0341  0.0360  0.0343  0.0351  0.0350  0.0345  0.0347  0.0355  0.0339
  0.0363  0.0358  0.0348  0.0403  0.0417  0.0394  0.0362  0.0365  0.0351  0.0355  0.0366  0.0345
niter,ni,del,rscale     7    3    5.0000    1.2000
parameters
    0.4749  -11.6770   18.2529  -12.2987  -11.6324   -6.5150
   -3.9892    2.6694    3.8318    3.4862  -11.4551   -9.5116
eta,q 0.96617 32.53796
  0.0372  0.0361  0.0345  0.0377  0.0388  0.0374  0.0363  0.0394  0.0353  0.0358  0.0350  0.0346
  0.0352  0.0346  0.0340  0.0365  0.0370  0.0363  0.0347  0.0351  0.0346  0.0346  0.0339  0.0342
  0.0340  0.0337  0.0336  0.0351  0.0353  0.0351  0.0340  0.0339  0.0342  0.0341  0.0337  0.0339
  0.0335  0.0334  0.0334  0.0334  0.0339  0.0338  0.0339  0.0339  0.0340  0.0340  0.0340  0.0338
  0.0335  0.0336  0.0336  0.0325  0.0333  0.0330  0.0343  0.0343  0.0340  0.0341  0.0344  0.0339
  0.0343  0.0344  0.0342  0.0350  0.0351  0.0339  0.0352  0.0351  0.0344  0.0345  0.0349  0.0341
  0.0358  0.0359  0.0355  0.0435  0.0402  0.0407  0.0364  0.0364  0.0349  0.0351  0.0357  0.0345
niter,ni,del,rscale     6    3    5.0000    1.2000
parameters
    0.5782  -11.5338   18.1207  -12.4710  -11.7773   -6.8173
   -4.0661    3.1481    4.5847    3.8982  -12.1892   -8.9822
eta,q 0.96592 32.52385
  0.0366  0.0365  0.0350  0.0380  0.0387  0.0374  0.0366  0.0389  0.0354  0.0357  0.0357  0.0348
  0.0350  0.0351  0.0344  0.0368  0.0370  0.0364  0.0350  0.0348  0.0348  0.0346  0.0342  0.0344
  0.0341  0.0342  0.0340  0.0354  0.0352  0.0352  0.0342  0.0339  0.0344  0.0342  0.0339  0.0342
  0.0338  0.0338  0.0338  0.0338  0.0339  0.0340  0.0341  0.0341  0.0342  0.0341  0.0341  0.0341
  0.0340  0.0340  0.0339  0.0325  0.0335  0.0332  0.0345  0.0347  0.0342  0.0342  0.0345  0.0341
  0.0348  0.0347  0.0344  0.0340  0.0355  0.0341  0.0353  0.0356  0.0345  0.0346  0.0350  0.0343
  0.0363  0.0361  0.0354  0.0415  0.0409  0.0409  0.0365  0.0369  0.0350  0.0353  0.0356  0.0347
niter,ni,del,rscale     5    3    5.0000    1.2000
parameters
    0.5683  -11.4039   18.1062  -12.3718  -11.9568   -6.9534
   -4.2301    3.3642    5.1966    4.1231  -12.5292   -8.7492
eta,q 0.96587 32.51290
  0.0365  0.0366  0.0352  0.0381  0.0387  0.0374  0.0366  0.0386  0.0354  0.0355  0.0360  0.0348
  0.0351  0.0353  0.0347  0.0370  0.0370  0.0365  0.0350  0.0347  0.0348  0.0346  0.0343  0.0345
  0.0343  0.0344  0.0343  0.0357  0.0353  0.0353  0.0343  0.0339  0.0344  0.0343  0.0339  0.0342
  0.0341  0.0341  0.0341  0.0341  0.0340  0.0341  0.0341  0.0341  0.0342  0.0342  0.0342  0.0341
  0.0343  0.0342  0.0341  0.0327  0.0337  0.0334  0.0345  0.0348  0.0342  0.0342  0.0346  0.0342
  0.0351  0.0349  0.0345  0.0338  0.0356  0.0340  0.0354  0.0358  0.0345  0.0346  0.0350  0.0344
  0.0365  0.0363  0.0355  0.0409  0.0409  0.0402  0.0366  0.0371  0.0351  0.0353  0.0356  0.0348
niter,ni,del,rscale     4    3    5.0000    1.2000
parameters
    0.5663  -11.3179   18.0524  -12.3603  -12.0864   -6.9989
   -4.4362    3.4337    5.6090    4.3479  -12.8082   -8.6745
eta,q 0.96586 32.50494
  0.0366  0.0365  0.0352  0.0382  0.0387  0.0375  0.0366  0.0385  0.0354  0.0355  0.0361  0.0348
  0.0351  0.0352  0.0347  0.0371  0.0370  0.0365  0.0351  0.0346  0.0348  0.0347  0.0343  0.0345
  0.0343  0.0344  0.0343  0.0357  0.0354  0.0354  0.0343  0.0339  0.0344  0.0343  0.0339  0.0343
  0.0341  0.0341  0.0341  0.0341  0.0341  0.0342  0.0342  0.0342  0.0342  0.0342  0.0342  0.0341
  0.0344  0.0343  0.0342  0.0328  0.0337  0.0334  0.0346  0.0349  0.0342  0.0342  0.0346  0.0342
  0.0352  0.0350  0.0346  0.0340  0.0356  0.0340  0.0354  0.0359  0.0345  0.0346  0.0351  0.0344
  0.0365  0.0363  0.0355  0.0412  0.0408  0.0399  0.0366  0.0372  0.0352  0.0353  0.0356  0.0348
niter,ni,del,rscale     3    3    5.0000    1.2000
parameters
    0.5700  -11.2315   17.9549  -12.4088  -12.2038   -7.0523
   -4.5798    3.4568    5.9272    4.6623  -13.1882   -8.6244
eta,q 0.96581 32.49722
  0.0366  0.0365  0.0352  0.0382  0.0387  0.0375  0.0366  0.0385  0.0354  0.0355  0.0362  0.0349
  0.0352  0.0353  0.0347  0.0371  0.0371  0.0365  0.0352  0.0347  0.0348  0.0347  0.0343  0.0345
  0.0344  0.0345  0.0343  0.0357  0.0354  0.0354  0.0344  0.0339  0.0344  0.0344  0.0340  0.0343
  0.0341  0.0341  0.0341  0.0341  0.0342  0.0342  0.0342  0.0342  0.0342  0.0342  0.0342  0.0342
  0.0344  0.0343  0.0342  0.0328  0.0338  0.0335  0.0346  0.0350  0.0343  0.0343  0.0347  0.0342
  0.0352  0.0350  0.0346  0.0341  0.0356  0.0340  0.0354  0.0360  0.0346  0.0346  0.0352  0.0344
  0.0366  0.0363  0.0356  0.0414  0.0407  0.0400  0.0366  0.0372  0.0352  0.0354  0.0357  0.0349
niter,ni,del,rscale     2    3    5.0000    1.2000
parameters
    0.5655  -11.1191   17.8221  -12.5100  -12.3412   -7.1453
   -4.6632    3.4704    6.2940    5.1305  -13.7192   -8.5532
eta,q 0.96575 32.48675
  0.0366  0.0365  0.0352  0.0382  0.0387  0.0375  0.0367  0.0386  0.0355  0.0356  0.0363  0.0349
  0.0352  0.0353  0.0348  0.0371  0.0371  0.0366  0.0353  0.0347  0.0349  0.0348  0.0343  0.0346
  0.0344  0.0345  0.0344  0.0358  0.0355  0.0355  0.0345  0.0340  0.0345  0.0345  0.0340  0.0344
  0.0342  0.0342  0.0342  0.0342  0.0342  0.0343  0.0343  0.0343  0.0343  0.0343  0.0343  0.0343
  0.0345  0.0343  0.0343  0.0328  0.0339  0.0335  0.0347  0.0351  0.0344  0.0343  0.0348  0.0343
  0.0352  0.0350  0.0347  0.0342  0.0357  0.0341  0.0355  0.0361  0.0347  0.0346  0.0353  0.0345
  0.0366  0.0363  0.0357  0.0415  0.0408  0.0401  0.0367  0.0373  0.0353  0.0354  0.0358  0.0350
niter,ni,del,rscale     1    3    5.0000    1.2000
parameters
    0.5508  -10.9668   17.6401  -12.6682  -12.5228   -7.2908
   -4.7272    3.4681    6.7790    5.7953  -14.4101   -8.4861
eta,q 0.96567 32.47089
  0.0367  0.0366  0.0353  0.0383  0.0387  0.0375  0.0368  0.0388  0.0356  0.0357  0.0364  0.0350
  0.0352  0.0354  0.0348  0.0371  0.0371  0.0366  0.0354  0.0348  0.0350  0.0350  0.0344  0.0347
  0.0345  0.0346  0.0344  0.0358  0.0355  0.0356  0.0346  0.0340  0.0346  0.0346  0.0341  0.0344
  0.0342  0.0342  0.0342  0.0342  0.0343  0.0344  0.0344  0.0344  0.0344  0.0344  0.0344  0.0343
  0.0345  0.0344  0.0343  0.0329  0.0340  0.0336  0.0348  0.0352  0.0345  0.0344  0.0349  0.0344
  0.0353  0.0350  0.0348  0.0344  0.0358  0.0342  0.0356  0.0362  0.0348  0.0347  0.0355  0.0346
  0.0367  0.0363  0.0358  0.0417  0.0408  0.0403  0.0367  0.0374  0.0354  0.0354  0.0360  0.0351
registration optimization eta report
parameter search radius
    3.1740    3.1740    3.1740    9.5220    8.2800    8.2800
    8.2800    9.5220    7.2000    8.2800   12.5928    8.2800
100000*second partial in parameter space
       24.       22.       13.        7.        8.        7.
        3.        4.        2.        2.        1.        1.
  0.0367  0.0366  0.0353  0.0383  0.0387  0.0375  0.0368  0.0388  0.0356  0.0357  0.0364  0.0350
  0.0352  0.0354  0.0348  0.0371  0.0371  0.0366  0.0354  0.0348  0.0350  0.0350  0.0344  0.0347
  0.0345  0.0346  0.0344  0.0358  0.0355  0.0356  0.0346  0.0340  0.0346  0.0346  0.0341  0.0344
  0.0342  0.0342  0.0342  0.0342  0.0343  0.0344  0.0344  0.0344  0.0344  0.0344  0.0344  0.0343
  0.0345  0.0344  0.0343  0.0329  0.0340  0.0336  0.0348  0.0352  0.0345  0.0344  0.0349  0.0344
  0.0353  0.0350  0.0348  0.0344  0.0358  0.0342  0.0356  0.0362  0.0348  0.0347  0.0355  0.0346
  0.0367  0.0363  0.0358  0.0417  0.0408  0.0403  0.0367  0.0374  0.0354  0.0354  0.0360  0.0351
    0.5508  -10.9668   17.6401  -12.6682  -12.5228   -7.2908
   -4.7272    3.4681    6.7790    5.7953  -14.4101   -8.4861
eta,q 0.96567 32.47089

---------------------------------------------------------------------
imgreg_4dfp /opt/freesurfer/average/711-2C_as_mni_average_305 /opt/freesurfer/average/711-2B_as_mni_average_305_mask talsrcimg_g11 none talsrcimg_to_711-2C_as_mni_average_305_t4 2311
---------------------------------------------------------------------

freesurfer imgreg_4dfp.c
/opt/freesurfer/average/711-2C_as_mni_average_305.4dfp.img
       256       256       256         1
  1.000000  1.000000  1.000000
orientation T byte_order littleendian
Reading image: /opt/freesurfer/average/711-2C_as_mni_average_305.4dfp.img
dimensions:      256       256       256
mmppix:       1.0000   -1.0000   -1.0000
center:     128.0000 -129.0000 -129.0000
/opt/freesurfer/average/711-2B_as_mni_average_305_mask.4dfp.img
       256       256       256         1
  1.000000  1.000000  1.000000
orientation T byte_order littleendian
Reading mask: /opt/freesurfer/average/711-2B_as_mni_average_305_mask.4dfp.img (2306576 pixels)
talsrcimg_g11.4dfp.img
       320       320       320         1
  0.800000  0.800000  0.800000
orientation T byte_order littleendian
Reading image: talsrcimg_g11.4dfp.img
dimensions:      320       320       320
mmppix:       0.8000   -0.8000   -0.8000
center:     128.0000 -128.8000 -128.8000
fimgreg.f
image alignment mode   2311 decimal      907 hex
parameters
    0.5508  -10.9668   17.6401  -12.6682  -12.5228   -7.2908
   -4.7272    3.4681    6.7790    5.7953  -14.4101   -8.4861
eta,q 0.96567 32.47089
niter,ni,del,rscale     5    3    5.0000    0.8000
parameter  4 -1.575575 -> -0.500000 qaram    1.1500
parameters
    0.4715  -10.6516   17.6590   -9.9082  -12.2553   -5.3380
   -4.6127    4.4518    7.1003    4.7503  -13.4051  -10.3214
eta,q 0.96734 32.54773
  0.0348  0.0351  0.0346  0.0365  0.0351  0.0351  0.0342  0.0362  0.0336  0.0331  0.0335  0.0328
  0.0345  0.0347  0.0345  0.0358  0.0343  0.0344  0.0333  0.0341  0.0332  0.0328  0.0330  0.0327
  0.0344  0.0345  0.0343  0.0351  0.0336  0.0337  0.0328  0.0330  0.0329  0.0327  0.0328  0.0326
  0.0343  0.0343  0.0343  0.0343  0.0331  0.0331  0.0327  0.0327  0.0327  0.0327  0.0327  0.0327
  0.0344  0.0343  0.0343  0.0336  0.0331  0.0327  0.0328  0.0328  0.0328  0.0329  0.0327  0.0328
  0.0346  0.0344  0.0344  0.0330  0.0336  0.0327  0.0333  0.0332  0.0330  0.0332  0.0328  0.0330
  0.0349  0.0347  0.0346  0.0332  0.0351  0.0335  0.0340  0.0338  0.0334  0.0338  0.0330  0.0334
niter,ni,del,rscale     5    3    5.0000    0.8000
parameters
    0.5020  -11.1736   17.2195   -9.9373  -11.4164   -4.7504
   -5.5718    4.5335    6.6210    5.0310  -12.3207  -11.2345
eta,q 0.96788 32.65744
  0.0338  0.0329  0.0328  0.0354  0.0350  0.0346  0.0330  0.0342  0.0328  0.0331  0.0330  0.0324
  0.0332  0.0327  0.0326  0.0345  0.0340  0.0338  0.0324  0.0327  0.0324  0.0325  0.0325  0.0322
  0.0328  0.0326  0.0326  0.0335  0.0332  0.0330  0.0321  0.0321  0.0322  0.0322  0.0322  0.0321
  0.0327  0.0327  0.0326  0.0326  0.0326  0.0324  0.0322  0.0321  0.0321  0.0321  0.0321  0.0321
  0.0327  0.0329  0.0327  0.0323  0.0323  0.0320  0.0325  0.0325  0.0323  0.0322  0.0321  0.0322
  0.0331  0.0333  0.0329  0.0334  0.0327  0.0322  0.0331  0.0330  0.0326  0.0324  0.0322  0.0324
  0.0337  0.0338  0.0333  0.0367  0.0340  0.0343  0.0340  0.0337  0.0332  0.0328  0.0324  0.0327
niter,ni,del,rscale     4    3    5.0000    0.7000
parameters
    0.4816  -11.3252   17.0466   -9.3406  -11.2216   -4.1798
   -5.4642    4.7113    6.2493    5.1484  -11.2166  -11.7398
eta,q 0.96834 32.69393
  0.0329  0.0326  0.0324  0.0348  0.0337  0.0338  0.0328  0.0335  0.0323  0.0325  0.0324  0.0319
  0.0325  0.0323  0.0322  0.0339  0.0329  0.0331  0.0322  0.0323  0.0319  0.0320  0.0320  0.0318
  0.0322  0.0322  0.0321  0.0330  0.0323  0.0324  0.0318  0.0317  0.0317  0.0317  0.0318  0.0317
  0.0321  0.0321  0.0321  0.0321  0.0319  0.0319  0.0317  0.0317  0.0317  0.0317  0.0317  0.0317
  0.0322  0.0322  0.0322  0.0317  0.0318  0.0315  0.0318  0.0319  0.0318  0.0318  0.0317  0.0317
  0.0325  0.0325  0.0323  0.0323  0.0323  0.0318  0.0321  0.0324  0.0321  0.0320  0.0317  0.0319
  0.0330  0.0329  0.0326  0.0344  0.0337  0.0335  0.0327  0.0330  0.0325  0.0324  0.0319  0.0321
niter,ni,del,rscale     3    3    5.0000    0.6000
parameters
    0.3640  -11.4543   16.8395   -8.7737  -11.0056   -3.6302
   -5.3476    4.7836    5.9735    5.2860  -10.1084  -12.1085
eta,q 0.96876 32.72456
  0.0322  0.0320  0.0318  0.0340  0.0329  0.0332  0.0322  0.0327  0.0317  0.0320  0.0319  0.0315
  0.0319  0.0318  0.0317  0.0332  0.0323  0.0325  0.0317  0.0317  0.0315  0.0316  0.0316  0.0313
  0.0317  0.0317  0.0317  0.0323  0.0318  0.0320  0.0314  0.0313  0.0313  0.0313  0.0314  0.0312
  0.0317  0.0317  0.0317  0.0316  0.0315  0.0314  0.0313  0.0313  0.0313  0.0313  0.0313  0.0312
  0.0318  0.0317  0.0317  0.0314  0.0314  0.0311  0.0313  0.0315  0.0314  0.0313  0.0312  0.0313
  0.0321  0.0319  0.0319  0.0319  0.0318  0.0314  0.0316  0.0319  0.0316  0.0315  0.0313  0.0314
  0.0325  0.0322  0.0321  0.0334  0.0328  0.0327  0.0321  0.0324  0.0319  0.0318  0.0314  0.0316
niter,ni,del,rscale     2    3    5.0000    0.5000
parameters
    0.2128  -11.5880   16.6254   -8.3437  -10.8245   -3.1646
   -5.2529    4.7058    5.7709    5.4277   -8.9775  -12.3622
eta,q 0.96909 32.74839
  0.0316  0.0315  0.0314  0.0331  0.0322  0.0325  0.0316  0.0319  0.0313  0.0315  0.0315  0.0311
  0.0314  0.0313  0.0313  0.0324  0.0317  0.0320  0.0313  0.0313  0.0311  0.0312  0.0312  0.0310
  0.0313  0.0312  0.0312  0.0317  0.0313  0.0315  0.0310  0.0310  0.0310  0.0310  0.0311  0.0309
  0.0312  0.0312  0.0312  0.0312  0.0311  0.0311  0.0310  0.0310  0.0309  0.0309  0.0310  0.0309
  0.0314  0.0313  0.0313  0.0311  0.0311  0.0309  0.0310  0.0311  0.0310  0.0310  0.0309  0.0310
  0.0316  0.0314  0.0314  0.0315  0.0314  0.0311  0.0312  0.0314  0.0312  0.0312  0.0309  0.0311
  0.0320  0.0317  0.0316  0.0326  0.0321  0.0321  0.0315  0.0319  0.0314  0.0314  0.0310  0.0312
niter,ni,del,rscale     1    3    5.0000    0.4000
parameters
    0.0634  -11.6963   16.4453   -8.0265  -10.6986   -2.7722
   -5.1907    4.5071    5.6013    5.5444   -7.8808  -12.5668
eta,q 0.96933 32.76231
  0.0312  0.0311  0.0310  0.0322  0.0315  0.0320  0.0312  0.0313  0.0309  0.0311  0.0311  0.0308
  0.0310  0.0310  0.0309  0.0317  0.0312  0.0316  0.0309  0.0309  0.0308  0.0309  0.0309  0.0307
  0.0309  0.0309  0.0309  0.0312  0.0310  0.0312  0.0308  0.0307  0.0307  0.0308  0.0308  0.0307
  0.0309  0.0309  0.0309  0.0309  0.0308  0.0308  0.0307  0.0307  0.0307  0.0307  0.0307  0.0307
  0.0310  0.0309  0.0309  0.0308  0.0308  0.0307  0.0308  0.0308  0.0308  0.0307  0.0307  0.0307
  0.0312  0.0310  0.0310  0.0311  0.0310  0.0309  0.0309  0.0311  0.0309  0.0309  0.0307  0.0308
  0.0314  0.0312  0.0312  0.0319  0.0315  0.0316  0.0311  0.0314  0.0310  0.0310  0.0307  0.0309
registration optimization eta report
parameter search radius
    0.8000    0.8000    0.8000    2.7600    2.4000    2.4000
    2.4000    2.4000    2.4000    2.4000    2.4000    2.4000
100000*second partial in parameter space
       61.       38.       29.       15.       12.       17.
        7.       11.        5.        7.        4.        3.
  0.0312  0.0311  0.0310  0.0322  0.0315  0.0320  0.0312  0.0313  0.0309  0.0311  0.0311  0.0308
  0.0310  0.0310  0.0309  0.0317  0.0312  0.0316  0.0309  0.0309  0.0308  0.0309  0.0309  0.0307
  0.0309  0.0309  0.0309  0.0312  0.0310  0.0312  0.0308  0.0307  0.0307  0.0308  0.0308  0.0307
  0.0309  0.0309  0.0309  0.0309  0.0308  0.0308  0.0307  0.0307  0.0307  0.0307  0.0307  0.0307
  0.0310  0.0309  0.0309  0.0308  0.0308  0.0307  0.0308  0.0308  0.0308  0.0307  0.0307  0.0307
  0.0312  0.0310  0.0310  0.0311  0.0310  0.0309  0.0309  0.0311  0.0309  0.0309  0.0307  0.0308
  0.0314  0.0312  0.0312  0.0319  0.0315  0.0316  0.0311  0.0314  0.0310  0.0310  0.0307  0.0309
    0.0634  -11.6963   16.4453   -8.0265  -10.6986   -2.7722
   -5.1907    4.5071    5.6013    5.5444   -7.8808  -12.5668
eta,q 0.96933 32.76231

---------------------------------------------------------------------
imgreg_4dfp /opt/freesurfer/average/711-2C_as_mni_average_305 /opt/freesurfer/average/711-2B_as_mni_average_305_mask talsrcimg_g11 none talsrcimg_to_711-2C_as_mni_average_305_t4 2311
---------------------------------------------------------------------

freesurfer imgreg_4dfp.c
/opt/freesurfer/average/711-2C_as_mni_average_305.4dfp.img
       256       256       256         1
  1.000000  1.000000  1.000000
orientation T byte_order littleendian
Reading image: /opt/freesurfer/average/711-2C_as_mni_average_305.4dfp.img
dimensions:      256       256       256
mmppix:       1.0000   -1.0000   -1.0000
center:     128.0000 -129.0000 -129.0000
/opt/freesurfer/average/711-2B_as_mni_average_305_mask.4dfp.img
       256       256       256         1
  1.000000  1.000000  1.000000
orientation T byte_order littleendian
Reading mask: /opt/freesurfer/average/711-2B_as_mni_average_305_mask.4dfp.img (2306576 pixels)
talsrcimg_g11.4dfp.img
       320       320       320         1
  0.800000  0.800000  0.800000
orientation T byte_order littleendian
Reading image: talsrcimg_g11.4dfp.img
dimensions:      320       320       320
mmppix:       0.8000   -0.8000   -0.8000
center:     128.0000 -128.8000 -128.8000
fimgreg.f
image alignment mode   2311 decimal      907 hex
parameters
    0.0634  -11.6963   16.4453   -8.0265  -10.6986   -2.7722
   -5.1907    4.5071    5.6013    5.5444   -7.8808  -12.5668
eta,q 0.96933 32.76231
niter,ni,del,rscale     5    3    5.0000    0.8000
parameters
   -0.1016  -11.8356   16.3961   -8.5650  -11.0919   -3.4941
   -5.1061    3.8753    5.6309    5.5862   -7.9329  -12.5204
eta,q 0.96892 32.75455
  0.0320  0.0315  0.0316  0.0332  0.0329  0.0334  0.0326  0.0325  0.0320  0.0322  0.0316  0.0317
  0.0312  0.0310  0.0310  0.0322  0.0320  0.0325  0.0318  0.0314  0.0315  0.0315  0.0313  0.0313
  0.0308  0.0307  0.0307  0.0312  0.0312  0.0316  0.0313  0.0311  0.0312  0.0311  0.0311  0.0311
  0.0307  0.0307  0.0307  0.0306  0.0308  0.0308  0.0312  0.0312  0.0311  0.0311  0.0311  0.0311
  0.0309  0.0308  0.0308  0.0309  0.0309  0.0309  0.0313  0.0316  0.0312  0.0312  0.0312  0.0312
  0.0316  0.0312  0.0311  0.0325  0.0320  0.0332  0.0317  0.0322  0.0315  0.0316  0.0313  0.0313
  0.0327  0.0319  0.0316  0.0358  0.0345  0.0375  0.0325  0.0333  0.0320  0.0321  0.0316  0.0316
niter,ni,del,rscale     4    3    5.0000    0.7000
parameters
   -0.0494  -11.5582   16.5058   -8.3564  -11.0722   -3.4971
   -5.0214    3.9033    5.5688    5.7437   -8.0961  -12.7009
eta,q 0.96902 32.74463
  0.0322  0.0320  0.0316  0.0334  0.0328  0.0332  0.0322  0.0326  0.0317  0.0319  0.0314  0.0314
  0.0316  0.0315  0.0313  0.0325  0.0320  0.0324  0.0315  0.0315  0.0313  0.0313  0.0311  0.0311
  0.0312  0.0312  0.0311  0.0317  0.0314  0.0317  0.0311  0.0310  0.0311  0.0311  0.0310  0.0310
  0.0311  0.0311  0.0310  0.0310  0.0310  0.0310  0.0310  0.0310  0.0310  0.0310  0.0310  0.0310
  0.0312  0.0311  0.0311  0.0309  0.0310  0.0306  0.0311  0.0312  0.0311  0.0311  0.0311  0.0311
  0.0315  0.0312  0.0312  0.0316  0.0316  0.0315  0.0315  0.0317  0.0313  0.0313  0.0312  0.0312
  0.0321  0.0315  0.0314  0.0335  0.0332  0.0342  0.0321  0.0324  0.0317  0.0317  0.0314  0.0314
niter,ni,del,rscale     3    3    5.0000    0.6000
parameters
   -0.0499  -11.5488   16.4748   -8.1759  -10.9439   -3.2468
   -5.0034    4.0329    5.5307    5.8398   -7.8409  -12.8184
eta,q 0.96917 32.75432
  0.0318  0.0315  0.0313  0.0329  0.0324  0.0328  0.0317  0.0323  0.0314  0.0316  0.0313  0.0312
  0.0314  0.0312  0.0311  0.0321  0.0318  0.0322  0.0312  0.0313  0.0311  0.0311  0.0310  0.0310
  0.0311  0.0310  0.0310  0.0314  0.0313  0.0315  0.0309  0.0309  0.0309  0.0309  0.0309  0.0308
  0.0310  0.0310  0.0310  0.0310  0.0309  0.0309  0.0308  0.0308  0.0308  0.0308  0.0308  0.0308
  0.0311  0.0310  0.0310  0.0309  0.0309  0.0306  0.0309  0.0310  0.0309  0.0309  0.0309  0.0309
  0.0313  0.0312  0.0311  0.0315  0.0314  0.0311  0.0312  0.0314  0.0311  0.0311  0.0310  0.0310
  0.0318  0.0315  0.0314  0.0329  0.0324  0.0330  0.0317  0.0319  0.0314  0.0315  0.0311  0.0312
niter,ni,del,rscale     2    3    5.0000    0.5000
parameters
   -0.0842  -11.6037   16.3717   -7.9744  -10.8297   -2.9405
   -5.0256    4.0761    5.4827    5.9044   -7.3463  -12.8952
eta,q 0.96932 32.76393
  0.0314  0.0312  0.0311  0.0323  0.0318  0.0324  0.0313  0.0317  0.0311  0.0313  0.0311  0.0309
  0.0311  0.0310  0.0309  0.0317  0.0314  0.0318  0.0309  0.0310  0.0308  0.0309  0.0309  0.0308
  0.0309  0.0309  0.0308  0.0312  0.0310  0.0313  0.0307  0.0307  0.0307  0.0307  0.0307  0.0307
  0.0308  0.0308  0.0308  0.0308  0.0308  0.0308  0.0307  0.0307  0.0307  0.0307  0.0307  0.0307
  0.0309  0.0309  0.0309  0.0308  0.0308  0.0305  0.0307  0.0308  0.0307  0.0307  0.0307  0.0307
  0.0311  0.0310  0.0310  0.0312  0.0311  0.0309  0.0310  0.0311  0.0309  0.0309  0.0307  0.0308
  0.0315  0.0312  0.0312  0.0321  0.0318  0.0322  0.0313  0.0315  0.0311  0.0312  0.0309  0.0310
niter,ni,del,rscale     1    3    5.0000    0.4000
parameters
   -0.1408  -11.6692   16.2846   -7.8052  -10.7311   -2.6527
   -5.0389    3.9930    5.4262    5.9366   -6.7838  -12.9431
eta,q 0.96946 32.77009
  0.0310  0.0309  0.0308  0.0317  0.0313  0.0319  0.0310  0.0312  0.0308  0.0309  0.0309  0.0307
  0.0308  0.0308  0.0307  0.0312  0.0310  0.0314  0.0307  0.0308  0.0307  0.0307  0.0307  0.0306
  0.0307  0.0307  0.0307  0.0309  0.0308  0.0310  0.0306  0.0306  0.0306  0.0306  0.0306  0.0306
  0.0307  0.0307  0.0307  0.0307  0.0306  0.0306  0.0306  0.0306  0.0306  0.0306  0.0306  0.0305
  0.0307  0.0307  0.0307  0.0307  0.0307  0.0305  0.0306  0.0307  0.0306  0.0306  0.0305  0.0306
  0.0309  0.0308  0.0308  0.0309  0.0309  0.0308  0.0307  0.0309  0.0307  0.0307  0.0306  0.0306
  0.0311  0.0310  0.0309  0.0315  0.0313  0.0316  0.0310  0.0312  0.0308  0.0309  0.0307  0.0307
registration optimization eta report
parameter search radius
    0.8000    0.8000    0.8000    2.4000    2.4000    2.4000
    2.4000    2.4000    2.4000    2.4000    2.4000    2.4000
100000*second partial in parameter space
       63.       39.       33.       16.       12.       20.
        7.       11.        5.        7.        4.        3.
  0.0310  0.0309  0.0308  0.0317  0.0313  0.0319  0.0310  0.0312  0.0308  0.0309  0.0309  0.0307
  0.0308  0.0308  0.0307  0.0312  0.0310  0.0314  0.0307  0.0308  0.0307  0.0307  0.0307  0.0306
  0.0307  0.0307  0.0307  0.0309  0.0308  0.0310  0.0306  0.0306  0.0306  0.0306  0.0306  0.0306
  0.0307  0.0307  0.0307  0.0307  0.0306  0.0306  0.0306  0.0306  0.0306  0.0306  0.0306  0.0305
  0.0307  0.0307  0.0307  0.0307  0.0307  0.0305  0.0306  0.0307  0.0306  0.0306  0.0305  0.0306
  0.0309  0.0308  0.0308  0.0309  0.0309  0.0308  0.0307  0.0309  0.0307  0.0307  0.0306  0.0306
  0.0311  0.0310  0.0309  0.0315  0.0313  0.0316  0.0310  0.0312  0.0308  0.0309  0.0307  0.0307
   -0.1408  -11.6692   16.2846   -7.8052  -10.7311   -2.6527
   -5.0389    3.9930    5.4262    5.9366   -6.7838  -12.9431
eta,q 0.96946 32.77009

---------------------------------------------------------------------
compute_vox2vox talsrcimg talsrcimg_to_711-2C_as_mni_average_305_t4 /opt/freesurfer/average/711-2C_as_mni_average_305
---------------------------------------------------------------------

freesurfer compute_vox2vox.c
Reading: talsrcimg.4dfp.ifh
Reading: talsrcimg_to_711-2C_as_mni_average_305_t4
Reading: /opt/freesurfer/average/711-2C_as_mni_average_305.4dfp.ifh
Writing: talsrcimg_to_711-2C_as_mni_average_305_t4_vox2vox.txt

start time Tue Mar 10 13:58:53 CET 2026
end		time Tue Mar 10 14:00:17 CET 2026

mpr2mni305 success

avi2talxfm orig_nu.mgz /opt/freesurfer/average/mni305.cor.mgz talsrcimg_to_711-2C_as_mni_average_305_t4_vox2vox.txt transforms/talairach.auto.xfm
avi2talxfm done
mv -f /out/sourcedata/freesurfer/sub-v2s11x28680_ses-1/mri/talsrcimg_to_711-2C_as_mni_average_305_t4_vox2vox.txt /out/sourcedata/freesurfer/sub-v2s11x28680_ses-1/mri/transforms/talsrcimg_to_711-2C_as_mni_average_305_t4_vox2vox.txt
lta_convert --src orig_nu.mgz --trg /opt/freesurfer/average/mni305.cor.mgz --inxfm transforms/talairach.auto.xfm --outlta transforms/talairach.auto.xfm.lta --subject fsaverage
7.3.2

--src: orig_nu.mgz src image (geometry).
--trg: /opt/freesurfer/average/mni305.cor.mgz trg image (geometry).
--inmni: transforms/talairach.auto.xfm input MNI/XFM transform.
--outlta: transforms/talairach.auto.xfm.lta output LTA.
--s: fsaverage subject name
 LTA read, type : 1
 1.07799  -0.04751   0.05396   5.80298;
 0.06583   1.01535   0.15093  -33.61772;
-0.06990  -0.06464   1.10689   45.58337;
 0.00000   0.00000   0.00000   1.00000;
setting subject to fsaverage
Writing  LTA to file transforms/talairach.auto.xfm.lta...
lta_convert successful.
 
 
Started at Tue Mar 10 13:58:52 CET 2026
Ended   at Tue Mar 10 14:00:18 CET 2026
talairach_avi done
