Log file for defect2seg
Wed Mar 11 00:24:47 CET 2026

setenv SUBJECTS_DIR /out/sourcedata/freesurfer
cd /out/sourcedata/freesurfer/sub-v2s11x28713_ses-1/scripts
/opt/freesurfer/bin/defect2seg --s sub-v2s11x28713_ses-1 --rh-only --cortex

freesurfer-linux-ubuntu22_x86_64-7.3.2-20220804-6354275
defect2seg 7.3.2
Linux dna061 5.14.0-427.37.1.el9_4.x86_64 #1 SMP PREEMPT_DYNAMIC Fri Sep 13 12:41:50 EDT 2024 x86_64 x86_64 x86_64 GNU/Linux
pid 920444
mri_label2label --label-cortex /out/sourcedata/freesurfer/sub-v2s11x28713_ses-1/surf/rh.orig.nofix /out/sourcedata/freesurfer/sub-v2s11x28713_ses-1/mri/aseg.presurf.mgz 0 /out/sourcedata/freesurfer/sub-v2s11x28713_ses-1/label/rh.nofix.cortex.label

 Generating cortex label... RemoveHipAmgy=0
 NucAccIsMedialWall=0
 mris->useRealRAS=0
46 non-cortical segments detected
only using segment with 11161 vertices
erasing segment 0 (vno[0] = 7126)
erasing segment 1 (vno[0] = 10374)
erasing segment 3 (vno[0] = 96969)
erasing segment 4 (vno[0] = 100403)
erasing segment 5 (vno[0] = 102307)
erasing segment 6 (vno[0] = 104160)
erasing segment 7 (vno[0] = 113166)
erasing segment 8 (vno[0] = 113525)
erasing segment 9 (vno[0] = 127079)
erasing segment 10 (vno[0] = 128580)
erasing segment 11 (vno[0] = 130087)
erasing segment 12 (vno[0] = 133380)
erasing segment 13 (vno[0] = 133387)
erasing segment 14 (vno[0] = 136465)
erasing segment 15 (vno[0] = 141114)
erasing segment 16 (vno[0] = 146234)
erasing segment 17 (vno[0] = 148706)
erasing segment 18 (vno[0] = 151132)
erasing segment 19 (vno[0] = 153205)
erasing segment 20 (vno[0] = 153220)
erasing segment 21 (vno[0] = 154415)
erasing segment 22 (vno[0] = 164278)
erasing segment 23 (vno[0] = 168371)
erasing segment 24 (vno[0] = 169851)
erasing segment 25 (vno[0] = 170087)
erasing segment 26 (vno[0] = 171272)
erasing segment 27 (vno[0] = 171345)
erasing segment 28 (vno[0] = 172711)
erasing segment 29 (vno[0] = 172735)
erasing segment 30 (vno[0] = 172943)
erasing segment 31 (vno[0] = 174325)
erasing segment 32 (vno[0] = 175977)
erasing segment 33 (vno[0] = 177114)
erasing segment 34 (vno[0] = 177174)
erasing segment 35 (vno[0] = 178506)
erasing segment 36 (vno[0] = 179795)
erasing segment 37 (vno[0] = 181180)
erasing segment 38 (vno[0] = 181524)
erasing segment 39 (vno[0] = 182673)
erasing segment 40 (vno[0] = 182710)
erasing segment 41 (vno[0] = 186684)
erasing segment 42 (vno[0] = 187834)
erasing segment 43 (vno[0] = 188908)
erasing segment 44 (vno[0] = 192369)
erasing segment 45 (vno[0] = 232016)
mri_label2vol --defects /out/sourcedata/freesurfer/sub-v2s11x28713_ses-1/surf/rh.orig.nofix /out/sourcedata/freesurfer/sub-v2s11x28713_ses-1/surf/rh.defect_labels /out/sourcedata/freesurfer/sub-v2s11x28713_ses-1/mri/orig.mgz 2000 0 /out/sourcedata/freesurfer/sub-v2s11x28713_ses-1/mri/rh.surface.defects.mgz /out/sourcedata/freesurfer/sub-v2s11x28713_ses-1/label/rh.nofix.cortex.label
mri_label2vol supposed to be reproducible but seed not set
Contraining to label /out/sourcedata/freesurfer/sub-v2s11x28713_ses-1/label/rh.nofix.cortex.label
Changing input type 0 to MRI_INT
Converting defects to volume: offset=2000, merge=0
Writing to /out/sourcedata/freesurfer/sub-v2s11x28713_ses-1/mri/rh.surface.defects.mgz
mris_defects_pointset -s /out/sourcedata/freesurfer/sub-v2s11x28713_ses-1/surf/rh.orig.nofix -d /out/sourcedata/freesurfer/sub-v2s11x28713_ses-1/surf/rh.defect_labels -o /out/sourcedata/freesurfer/sub-v2s11x28713_ses-1/surf/rh.defects.pointset --label /out/sourcedata/freesurfer/sub-v2s11x28713_ses-1/label/rh.nofix.cortex.label
Reading in surface /out/sourcedata/freesurfer/sub-v2s11x28713_ses-1/surf/rh.orig.nofix
Reading in defect segmentation /out/sourcedata/freesurfer/sub-v2s11x28713_ses-1/surf/rh.defect_labels
Reading in label /out/sourcedata/freesurfer/sub-v2s11x28713_ses-1/label/rh.nofix.cortex.label
#VMPC# mris_defects_pointset 1386228
mris_defects_pointset done
 
Started at Wed Mar 11 00:24:47 CET 2026 
Ended   at Wed Mar 11 00:25:15 CET 2026
Defect2seg-Run-Time-Sec 28
Defect2seg-Run-Time-Min 0.56
Defect2seg-Run-Time-Hours 0.01
 
defect2seg Done
