status file for recon-all
Tue Mar 10 20:53:58 CET 2026
#@# MotionCor Tue Mar 10 20:54:03 CET 2026
#@# Talairach Tue Mar 10 20:54:13 CET 2026
#@# Talairach Failure Detection Tue Mar 10 21:01:19 CET 2026
#@# Nu Intensity Correction Tue Mar 10 21:01:20 CET 2026
#@# Intensity Normalization Tue Mar 10 21:07:37 CET 2026
recon-all -s sub-v2s11x28713_ses-1 finished without error at Tue Mar 10 21:11:05 CET 2026



#New# invocation of recon-all 



status file for recon-all
Tue Mar 10 21:18:43 CET 2026
#@# EM Registration Tue Mar 10 21:18:43 CET 2026
recon-all -s sub-v2s11x28713_ses-1 finished without error at Tue Mar 10 21:21:43 CET 2026



#New# invocation of recon-all 



status file for recon-all
Tue Mar 10 21:21:46 CET 2026
#@# CA Normalize Tue Mar 10 21:21:46 CET 2026
#@# CA Reg Tue Mar 10 21:23:32 CET 2026
#@# SubCort Seg Tue Mar 10 22:13:13 CET 2026
#@# CC Seg Tue Mar 10 23:22:22 CET 2026
#@# Merge ASeg Tue Mar 10 23:23:21 CET 2026
#@# Intensity Normalization2 Tue Mar 10 23:23:21 CET 2026
#@# Mask BFS Tue Mar 10 23:29:02 CET 2026
#@# WM Segmentation Tue Mar 10 23:29:03 CET 2026
#@# Fill Tue Mar 10 23:33:28 CET 2026
recon-all -s sub-v2s11x28713_ses-1 finished without error at Tue Mar 10 23:35:11 CET 2026



#New# invocation of recon-all 



status file for recon-all
Wed Mar 11 01:19:12 CET 2026
#@# white curv lh Wed Mar 11 01:19:12 CET 2026
#@# white area lh Wed Mar 11 01:19:12 CET 2026
#@# pial curv lh Wed Mar 11 01:19:12 CET 2026
#@# pial area lh Wed Mar 11 01:19:12 CET 2026
#@# thickness lh Wed Mar 11 01:19:12 CET 2026
#@# area and vertex vol lh Wed Mar 11 01:19:12 CET 2026
#@# white curv rh Wed Mar 11 01:19:12 CET 2026
#@# white area rh Wed Mar 11 01:19:12 CET 2026
#@# pial curv rh Wed Mar 11 01:19:12 CET 2026
#@# pial area rh Wed Mar 11 01:19:12 CET 2026
#@# thickness rh Wed Mar 11 01:19:12 CET 2026
#@# area and vertex vol rh Wed Mar 11 01:19:12 CET 2026
#@# Cortical ribbon mask Wed Mar 11 01:19:12 CET 2026
recon-all -s sub-v2s11x28713_ses-1 finished without error at Wed Mar 11 01:35:44 CET 2026



#New# invocation of recon-all 



status file for recon-all
Wed Mar 11 01:47:01 CET 2026
#@# white curv lh Wed Mar 11 01:47:01 CET 2026
#@# white area lh Wed Mar 11 01:47:01 CET 2026
#@# pial curv lh Wed Mar 11 01:47:01 CET 2026
#@# pial area lh Wed Mar 11 01:47:01 CET 2026
#@# thickness lh Wed Mar 11 01:47:01 CET 2026
#@# area and vertex vol lh Wed Mar 11 01:47:01 CET 2026
#@# white curv rh Wed Mar 11 01:47:01 CET 2026
#@# white area rh Wed Mar 11 01:47:01 CET 2026
#@# pial curv rh Wed Mar 11 01:47:01 CET 2026
#@# pial area rh Wed Mar 11 01:47:01 CET 2026
#@# thickness rh Wed Mar 11 01:47:01 CET 2026
#@# area and vertex vol rh Wed Mar 11 01:47:01 CET 2026
#@# Curvature Stats lh Wed Mar 11 01:47:01 CET 2026
#@# Curvature Stats rh Wed Mar 11 01:47:06 CET 2026
#@# Relabel Hypointensities Wed Mar 11 01:47:10 CET 2026
#@# APas-to-ASeg Wed Mar 11 01:47:38 CET 2026
#@# AParc-to-ASeg aparc Wed Mar 11 01:47:53 CET 2026
#@# AParc-to-ASeg aparc.a2009s Wed Mar 11 01:49:05 CET 2026
#@# AParc-to-ASeg aparc.DKTatlas Wed Mar 11 01:50:18 CET 2026
#@# WMParc Wed Mar 11 01:51:28 CET 2026
#@# ASeg Stats Wed Mar 11 01:57:04 CET 2026
recon-all -s sub-v2s11x28713_ses-1 finished without error at Wed Mar 11 01:58:01 CET 2026
