status file for recon-all
Wed Mar 11 00:16:00 CET 2026
#@# Tessellate rh Wed Mar 11 00:16:00 CET 2026
#@# Smooth1 rh Wed Mar 11 00:16:07 CET 2026
#@# Inflation1 rh Wed Mar 11 00:16:12 CET 2026
#@# QSphere rh Wed Mar 11 00:18:09 CET 2026
#@# Fix Topology rh Wed Mar 11 00:19:44 CET 2026
#@# Smooth2 rh Wed Mar 11 00:37:41 CET 2026
#@# Inflation2 rh Wed Mar 11 00:37:46 CET 2026
#@# Curv .H and .K rh Wed Mar 11 00:38:29 CET 2026
#@# Sphere rh Wed Mar 11 00:39:51 CET 2026
#@# Surf Reg rh Wed Mar 11 00:50:16 CET 2026
#@# Jacobian white rh Wed Mar 11 01:03:08 CET 2026
#@# AvgCurv rh Wed Mar 11 01:03:09 CET 2026
#@# Cortical Parc rh Wed Mar 11 01:03:11 CET 2026
#@# white curv rh Wed Mar 11 01:17:12 CET 2026
#@# white area rh Wed Mar 11 01:17:15 CET 2026
#@# pial curv rh Wed Mar 11 01:17:16 CET 2026
#@# pial area rh Wed Mar 11 01:17:19 CET 2026
#@# thickness rh Wed Mar 11 01:17:20 CET 2026
#@# area and vertex vol rh Wed Mar 11 01:18:13 CET 2026
#@# Curvature Stats rh Wed Mar 11 01:18:16 CET 2026
#@# Cortical Parc 2 rh Wed Mar 11 01:18:20 CET 2026
#@# Cortical Parc 3 rh Wed Mar 11 01:18:44 CET 2026
#@# WM/GM Contrast rh Wed Mar 11 01:19:03 CET 2026
recon-all -s sub-v2s11x28713_ses-1 finished without error at Wed Mar 11 01:19:07 CET 2026



#New# invocation of recon-all 



status file for recon-all
Wed Mar 11 01:41:09 CET 2026
#@# white curv rh Wed Mar 11 01:41:09 CET 2026
#@# white area rh Wed Mar 11 01:41:09 CET 2026
#@# pial curv rh Wed Mar 11 01:41:09 CET 2026
#@# pial area rh Wed Mar 11 01:41:09 CET 2026
#@# thickness rh Wed Mar 11 01:41:09 CET 2026
#@# area and vertex vol rh Wed Mar 11 01:41:09 CET 2026
#@# Parcellation Stats rh Wed Mar 11 01:41:09 CET 2026
#@# Parcellation Stats 2 rh Wed Mar 11 01:41:57 CET 2026
#@# Parcellation Stats 3 rh Wed Mar 11 01:42:21 CET 2026
#@# BA_exvivo Labels rh Wed Mar 11 01:42:45 CET 2026
recon-all -s sub-v2s11x28713_ses-1 finished without error at Wed Mar 11 01:46:57 CET 2026
