status file for recon-all
Tue Mar 10 21:57:33 CET 2026
#@# MotionCor Tue Mar 10 21:57:37 CET 2026
#@# Talairach Tue Mar 10 21:57:46 CET 2026
#@# Talairach Failure Detection Tue Mar 10 22:04:53 CET 2026
#@# Nu Intensity Correction Tue Mar 10 22:04:53 CET 2026
#@# Intensity Normalization Tue Mar 10 22:11:17 CET 2026
recon-all -s sub-v2s11x28731_ses-1 finished without error at Tue Mar 10 22:15:14 CET 2026



#New# invocation of recon-all 



status file for recon-all
Tue Mar 10 22:22:26 CET 2026
#@# EM Registration Tue Mar 10 22:22:26 CET 2026
recon-all -s sub-v2s11x28731_ses-1 finished without error at Tue Mar 10 22:24:29 CET 2026



#New# invocation of recon-all 



status file for recon-all
Tue Mar 10 22:24:30 CET 2026
#@# CA Normalize Tue Mar 10 22:24:30 CET 2026
#@# CA Reg Tue Mar 10 22:26:18 CET 2026
#@# SubCort Seg Tue Mar 10 23:33:15 CET 2026
#@# CC Seg Wed Mar 11 00:39:02 CET 2026
#@# Merge ASeg Wed Mar 11 00:39:48 CET 2026
#@# Intensity Normalization2 Wed Mar 11 00:39:48 CET 2026
#@# Mask BFS Wed Mar 11 00:44:34 CET 2026
#@# WM Segmentation Wed Mar 11 00:44:35 CET 2026
#@# Fill Wed Mar 11 00:48:24 CET 2026
recon-all -s sub-v2s11x28731_ses-1 finished without error at Wed Mar 11 00:50:07 CET 2026



#New# invocation of recon-all 



status file for recon-all
Wed Mar 11 02:09:59 CET 2026
#@# white curv lh Wed Mar 11 02:09:59 CET 2026
#@# white area lh Wed Mar 11 02:09:59 CET 2026
#@# pial curv lh Wed Mar 11 02:09:59 CET 2026
#@# pial area lh Wed Mar 11 02:09:59 CET 2026
#@# thickness lh Wed Mar 11 02:09:59 CET 2026
#@# area and vertex vol lh Wed Mar 11 02:09:59 CET 2026
#@# white curv rh Wed Mar 11 02:09:59 CET 2026
#@# white area rh Wed Mar 11 02:09:59 CET 2026
#@# pial curv rh Wed Mar 11 02:09:59 CET 2026
#@# pial area rh Wed Mar 11 02:09:59 CET 2026
#@# thickness rh Wed Mar 11 02:09:59 CET 2026
#@# area and vertex vol rh Wed Mar 11 02:09:59 CET 2026
#@# Cortical ribbon mask Wed Mar 11 02:09:59 CET 2026
recon-all -s sub-v2s11x28731_ses-1 finished without error at Wed Mar 11 02:20:41 CET 2026



#New# invocation of recon-all 



status file for recon-all
Wed Mar 11 02:31:12 CET 2026
#@# white curv lh Wed Mar 11 02:31:12 CET 2026
#@# white area lh Wed Mar 11 02:31:12 CET 2026
#@# pial curv lh Wed Mar 11 02:31:12 CET 2026
#@# pial area lh Wed Mar 11 02:31:12 CET 2026
#@# thickness lh Wed Mar 11 02:31:12 CET 2026
#@# area and vertex vol lh Wed Mar 11 02:31:12 CET 2026
#@# white curv rh Wed Mar 11 02:31:12 CET 2026
#@# white area rh Wed Mar 11 02:31:12 CET 2026
#@# pial curv rh Wed Mar 11 02:31:12 CET 2026
#@# pial area rh Wed Mar 11 02:31:12 CET 2026
#@# thickness rh Wed Mar 11 02:31:12 CET 2026
#@# area and vertex vol rh Wed Mar 11 02:31:12 CET 2026
#@# Curvature Stats lh Wed Mar 11 02:31:12 CET 2026
#@# Curvature Stats rh Wed Mar 11 02:31:16 CET 2026
#@# Relabel Hypointensities Wed Mar 11 02:31:20 CET 2026
#@# APas-to-ASeg Wed Mar 11 02:31:47 CET 2026
#@# AParc-to-ASeg aparc Wed Mar 11 02:32:02 CET 2026
#@# AParc-to-ASeg aparc.a2009s Wed Mar 11 02:33:16 CET 2026
#@# AParc-to-ASeg aparc.DKTatlas Wed Mar 11 02:34:31 CET 2026
#@# WMParc Wed Mar 11 02:35:43 CET 2026
#@# ASeg Stats Wed Mar 11 02:42:00 CET 2026
recon-all -s sub-v2s11x28731_ses-1 finished without error at Wed Mar 11 02:42:59 CET 2026
