status file for recon-all
Wed Mar 11 01:29:33 CET 2026
#@# Tessellate rh Wed Mar 11 01:29:33 CET 2026
#@# Smooth1 rh Wed Mar 11 01:29:40 CET 2026
#@# Inflation1 rh Wed Mar 11 01:29:44 CET 2026
#@# QSphere rh Wed Mar 11 01:31:42 CET 2026
#@# Fix Topology rh Wed Mar 11 01:33:26 CET 2026
#@# Smooth2 rh Wed Mar 11 01:43:20 CET 2026
#@# Inflation2 rh Wed Mar 11 01:43:24 CET 2026
#@# Curv .H and .K rh Wed Mar 11 01:44:02 CET 2026
#@# Sphere rh Wed Mar 11 01:45:12 CET 2026
#@# Surf Reg rh Wed Mar 11 01:51:06 CET 2026
#@# Jacobian white rh Wed Mar 11 01:58:58 CET 2026
#@# AvgCurv rh Wed Mar 11 01:58:59 CET 2026
#@# Cortical Parc rh Wed Mar 11 01:59:00 CET 2026
#@# white curv rh Wed Mar 11 02:08:19 CET 2026
#@# white area rh Wed Mar 11 02:08:22 CET 2026
#@# pial curv rh Wed Mar 11 02:08:23 CET 2026
#@# pial area rh Wed Mar 11 02:08:25 CET 2026
#@# thickness rh Wed Mar 11 02:08:27 CET 2026
#@# area and vertex vol rh Wed Mar 11 02:09:10 CET 2026
#@# Curvature Stats rh Wed Mar 11 02:09:13 CET 2026
#@# Cortical Parc 2 rh Wed Mar 11 02:09:16 CET 2026
#@# Cortical Parc 3 rh Wed Mar 11 02:09:37 CET 2026
#@# WM/GM Contrast rh Wed Mar 11 02:09:52 CET 2026
recon-all -s sub-v2s11x28731_ses-1 finished without error at Wed Mar 11 02:09:56 CET 2026



#New# invocation of recon-all 



status file for recon-all
Wed Mar 11 02:25:55 CET 2026
#@# white curv rh Wed Mar 11 02:25:55 CET 2026
#@# white area rh Wed Mar 11 02:25:56 CET 2026
#@# pial curv rh Wed Mar 11 02:25:56 CET 2026
#@# pial area rh Wed Mar 11 02:25:56 CET 2026
#@# thickness rh Wed Mar 11 02:25:56 CET 2026
#@# area and vertex vol rh Wed Mar 11 02:25:56 CET 2026
#@# Parcellation Stats rh Wed Mar 11 02:25:56 CET 2026
#@# Parcellation Stats 2 rh Wed Mar 11 02:26:36 CET 2026
#@# Parcellation Stats 3 rh Wed Mar 11 02:26:55 CET 2026
#@# BA_exvivo Labels rh Wed Mar 11 02:27:14 CET 2026
recon-all -s sub-v2s11x28731_ses-1 finished without error at Wed Mar 11 02:31:08 CET 2026
