status file for recon-all
Tue Mar 10 23:18:55 CET 2026
#@# Tessellate lh Tue Mar 10 23:18:55 CET 2026
#@# Smooth1 lh Tue Mar 10 23:19:02 CET 2026
#@# Inflation1 lh Tue Mar 10 23:19:05 CET 2026
#@# QSphere lh Tue Mar 10 23:20:33 CET 2026
#@# Fix Topology lh Tue Mar 10 23:21:54 CET 2026
#@# Smooth2 lh Tue Mar 10 23:28:46 CET 2026
#@# Inflation2 lh Tue Mar 10 23:28:50 CET 2026
#@# Curv .H and .K lh Tue Mar 10 23:29:17 CET 2026
#@# Sphere lh Tue Mar 10 23:30:18 CET 2026
#@# Surf Reg lh Tue Mar 10 23:34:12 CET 2026
#@# Jacobian white lh Tue Mar 10 23:38:58 CET 2026
#@# AvgCurv lh Tue Mar 10 23:38:59 CET 2026
#@# Cortical Parc lh Tue Mar 10 23:39:00 CET 2026
#@# white curv lh Tue Mar 10 23:46:43 CET 2026
#@# white area lh Tue Mar 10 23:46:45 CET 2026
#@# pial curv lh Tue Mar 10 23:46:46 CET 2026
#@# pial area lh Tue Mar 10 23:46:48 CET 2026
#@# thickness lh Tue Mar 10 23:46:49 CET 2026
#@# area and vertex vol lh Tue Mar 10 23:47:28 CET 2026
#@# Curvature Stats lh Tue Mar 10 23:47:29 CET 2026
#@# Cortical Parc 2 lh Tue Mar 10 23:47:33 CET 2026
#@# Cortical Parc 3 lh Tue Mar 10 23:47:50 CET 2026
#@# WM/GM Contrast lh Tue Mar 10 23:48:03 CET 2026
recon-all -s sub-v2s11x28711_ses-1 finished without error at Tue Mar 10 23:48:07 CET 2026



#New# invocation of recon-all 



status file for recon-all
Wed Mar 11 00:32:13 CET 2026
#@# white curv lh Wed Mar 11 00:32:13 CET 2026
#@# white area lh Wed Mar 11 00:32:13 CET 2026
#@# pial curv lh Wed Mar 11 00:32:13 CET 2026
#@# pial area lh Wed Mar 11 00:32:13 CET 2026
#@# thickness lh Wed Mar 11 00:32:13 CET 2026
#@# area and vertex vol lh Wed Mar 11 00:32:13 CET 2026
#@# Parcellation Stats lh Wed Mar 11 00:32:13 CET 2026
#@# Parcellation Stats 2 lh Wed Mar 11 00:32:41 CET 2026
#@# Parcellation Stats 3 lh Wed Mar 11 00:32:56 CET 2026
#@# BA_exvivo Labels lh Wed Mar 11 00:33:10 CET 2026
recon-all -s sub-v2s11x28711_ses-1 finished without error at Wed Mar 11 00:36:20 CET 2026
