status file for recon-all
Tue Mar 10 23:48:10 CET 2026
#@# Tessellate rh Tue Mar 10 23:48:10 CET 2026
#@# Smooth1 rh Tue Mar 10 23:48:18 CET 2026
#@# Inflation1 rh Tue Mar 10 23:48:21 CET 2026
#@# QSphere rh Tue Mar 10 23:49:52 CET 2026
#@# Fix Topology rh Tue Mar 10 23:51:22 CET 2026
#@# Smooth2 rh Tue Mar 10 23:59:11 CET 2026
#@# Inflation2 rh Tue Mar 10 23:59:15 CET 2026
#@# Curv .H and .K rh Tue Mar 10 23:59:46 CET 2026
#@# Sphere rh Wed Mar 11 00:00:51 CET 2026
#@# Surf Reg rh Wed Mar 11 00:05:00 CET 2026
#@# Jacobian white rh Wed Mar 11 00:11:02 CET 2026
#@# AvgCurv rh Wed Mar 11 00:11:04 CET 2026
#@# Cortical Parc rh Wed Mar 11 00:11:05 CET 2026
#@# white curv rh Wed Mar 11 00:19:08 CET 2026
#@# white area rh Wed Mar 11 00:19:10 CET 2026
#@# pial curv rh Wed Mar 11 00:19:11 CET 2026
#@# pial area rh Wed Mar 11 00:19:14 CET 2026
#@# thickness rh Wed Mar 11 00:19:15 CET 2026
#@# area and vertex vol rh Wed Mar 11 00:19:57 CET 2026
#@# Curvature Stats rh Wed Mar 11 00:19:58 CET 2026
#@# Cortical Parc 2 rh Wed Mar 11 00:20:02 CET 2026
#@# Cortical Parc 3 rh Wed Mar 11 00:20:20 CET 2026
#@# WM/GM Contrast rh Wed Mar 11 00:20:34 CET 2026
recon-all -s sub-v2s11x28711_ses-1 finished without error at Wed Mar 11 00:20:38 CET 2026



#New# invocation of recon-all 



status file for recon-all
Wed Mar 11 00:36:23 CET 2026
#@# white curv rh Wed Mar 11 00:36:23 CET 2026
#@# white area rh Wed Mar 11 00:36:23 CET 2026
#@# pial curv rh Wed Mar 11 00:36:23 CET 2026
#@# pial area rh Wed Mar 11 00:36:23 CET 2026
#@# thickness rh Wed Mar 11 00:36:23 CET 2026
#@# area and vertex vol rh Wed Mar 11 00:36:23 CET 2026
#@# Parcellation Stats rh Wed Mar 11 00:36:23 CET 2026
#@# Parcellation Stats 2 rh Wed Mar 11 00:36:55 CET 2026
#@# Parcellation Stats 3 rh Wed Mar 11 00:37:11 CET 2026
#@# BA_exvivo Labels rh Wed Mar 11 00:37:27 CET 2026
recon-all -s sub-v2s11x28711_ses-1 finished without error at Wed Mar 11 00:40:44 CET 2026
