status file for recon-all
Tue Mar 10 20:53:09 CET 2026
#@# MotionCor Tue Mar 10 20:53:13 CET 2026
#@# Talairach Tue Mar 10 20:53:23 CET 2026
#@# Talairach Failure Detection Tue Mar 10 21:00:31 CET 2026
#@# Nu Intensity Correction Tue Mar 10 21:00:32 CET 2026
#@# Intensity Normalization Tue Mar 10 21:06:48 CET 2026
recon-all -s sub-v2s11x28711_ses-1 finished without error at Tue Mar 10 21:10:09 CET 2026



#New# invocation of recon-all 



status file for recon-all
Tue Mar 10 21:17:14 CET 2026
#@# EM Registration Tue Mar 10 21:17:14 CET 2026
recon-all -s sub-v2s11x28711_ses-1 finished without error at Tue Mar 10 21:19:27 CET 2026



#New# invocation of recon-all 



status file for recon-all
Tue Mar 10 21:19:29 CET 2026
#@# CA Normalize Tue Mar 10 21:19:29 CET 2026
#@# CA Reg Tue Mar 10 21:21:22 CET 2026
#@# SubCort Seg Tue Mar 10 22:10:39 CET 2026
#@# CC Seg Tue Mar 10 23:07:47 CET 2026
#@# Merge ASeg Tue Mar 10 23:08:37 CET 2026
#@# Intensity Normalization2 Tue Mar 10 23:08:37 CET 2026
#@# Mask BFS Tue Mar 10 23:13:16 CET 2026
#@# WM Segmentation Tue Mar 10 23:13:18 CET 2026
#@# Fill Tue Mar 10 23:17:07 CET 2026
recon-all -s sub-v2s11x28711_ses-1 finished without error at Tue Mar 10 23:18:50 CET 2026



#New# invocation of recon-all 



status file for recon-all
Wed Mar 11 00:20:43 CET 2026
#@# white curv lh Wed Mar 11 00:20:43 CET 2026
#@# white area lh Wed Mar 11 00:20:43 CET 2026
#@# pial curv lh Wed Mar 11 00:20:43 CET 2026
#@# pial area lh Wed Mar 11 00:20:43 CET 2026
#@# thickness lh Wed Mar 11 00:20:43 CET 2026
#@# area and vertex vol lh Wed Mar 11 00:20:43 CET 2026
#@# white curv rh Wed Mar 11 00:20:43 CET 2026
#@# white area rh Wed Mar 11 00:20:43 CET 2026
#@# pial curv rh Wed Mar 11 00:20:43 CET 2026
#@# pial area rh Wed Mar 11 00:20:43 CET 2026
#@# thickness rh Wed Mar 11 00:20:43 CET 2026
#@# area and vertex vol rh Wed Mar 11 00:20:43 CET 2026
#@# Cortical ribbon mask Wed Mar 11 00:20:43 CET 2026
recon-all -s sub-v2s11x28711_ses-1 finished without error at Wed Mar 11 00:32:09 CET 2026



#New# invocation of recon-all 



status file for recon-all
Wed Mar 11 00:40:47 CET 2026
#@# white curv lh Wed Mar 11 00:40:47 CET 2026
#@# white area lh Wed Mar 11 00:40:47 CET 2026
#@# pial curv lh Wed Mar 11 00:40:47 CET 2026
#@# pial area lh Wed Mar 11 00:40:47 CET 2026
#@# thickness lh Wed Mar 11 00:40:47 CET 2026
#@# area and vertex vol lh Wed Mar 11 00:40:47 CET 2026
#@# white curv rh Wed Mar 11 00:40:47 CET 2026
#@# white area rh Wed Mar 11 00:40:47 CET 2026
#@# pial curv rh Wed Mar 11 00:40:47 CET 2026
#@# pial area rh Wed Mar 11 00:40:47 CET 2026
#@# thickness rh Wed Mar 11 00:40:47 CET 2026
#@# area and vertex vol rh Wed Mar 11 00:40:47 CET 2026
#@# Curvature Stats lh Wed Mar 11 00:40:47 CET 2026
#@# Curvature Stats rh Wed Mar 11 00:40:51 CET 2026
#@# Relabel Hypointensities Wed Mar 11 00:40:54 CET 2026
#@# APas-to-ASeg Wed Mar 11 00:41:19 CET 2026
#@# AParc-to-ASeg aparc Wed Mar 11 00:41:32 CET 2026
#@# AParc-to-ASeg aparc.a2009s Wed Mar 11 00:42:35 CET 2026
#@# AParc-to-ASeg aparc.DKTatlas Wed Mar 11 00:43:43 CET 2026
#@# WMParc Wed Mar 11 00:44:41 CET 2026
#@# ASeg Stats Wed Mar 11 00:50:44 CET 2026
recon-all -s sub-v2s11x28711_ses-1 finished without error at Wed Mar 11 00:51:42 CET 2026
