/out/sourcedata/freesurfer/sub-v2s11x28726_ses-1/mri
/opt/freesurfer/bin/talairach_avi
--i orig_nu.mgz --xfm transforms/talairach.auto.xfm
talairach_avi 7.3.2
Linux dna006 5.14.0-427.37.1.el9_4.x86_64 #1 SMP PREEMPT_DYNAMIC Fri Sep 13 12:41:50 EDT 2024 x86_64 x86_64 x86_64 GNU/Linux
Tue Mar 10 21:46:05 CET 2026
mri_convert orig_nu.mgz talsrcimg.img 
reading from orig_nu.mgz...
TR=0.00, TE=0.00, TI=0.00, flip angle=0.00
i_ras = (-1, 0, 0)
j_ras = (0, 0, -1)
k_ras = (0, 1, 0)
writing to talsrcimg.img...
Analyze Output Matrix
-0.80000   0.00000   0.00000   131.51154;
 0.00000   0.00000   0.80000  -137.87790;
 0.00000  -0.80000   0.00000   163.42851;
 0.00000   0.00000   0.00000   1.00000;
--------------------
INFO: set hdr.hist.orient to -1
mpr2mni305 talsrcimg
Tue Mar 10 21:46:05 CET 2026
/opt/freesurfer/bin/mpr2mni305 talsrcimg
mpr2mni305 7.3.2
target=711-2C_as_mni_average_305

---------------------------------------------------------------------
analyzeto4dfp talsrcimg -O0 -y
---------------------------------------------------------------------

freesurfer ifh2hdr.c
Tue Mar 10 21:46:06 2026
Writing: talsrcimg.4dfp.hdr
freesurfer analyzeto4dfp.c
Reading: talsrcimg.hdr
header size 348 bytes
hdr.dime.datatype	offset=70	value=2
hdr.dime.bitpix		offset=72	value=8
hdr.hist.orient		offset=252	value=-1
dimensionality     4
dimensions       320       320       320         1
Reading: talsrcimg.img
Writing: talsrcimg.4dfp.img
Writing: talsrcimg.4dfp.ifh
ifh2hdr talsrcimg -r0to163
ori=2

---------------------------------------------------------------------
gauss_4dfp talsrcimg 1.1
---------------------------------------------------------------------

freesurfer gauss_4dfp.c
Reading: talsrcimg.4dfp.img
Writing: talsrcimg_g11.4dfp.img
image dimensions 320 320 320 padded to 384 384 384
processing volume 1freesurfer ifh2hdr.c
Tue Mar 10 21:46:22 2026
Writing: talsrcimg_g11.4dfp.hdr

Writing: talsrcimg_g11.4dfp.ifh
including: talsrcimg.4dfp.img.rec in talsrcimg_g11.4dfp.img.rec

---------------------------------------------------------------------
imgreg_4dfp /opt/freesurfer/average/711-2C_as_mni_average_305 none talsrcimg_g11 none talsrcimg_to_711-2C_as_mni_average_305_t4 4355
---------------------------------------------------------------------

freesurfer imgreg_4dfp.c
/opt/freesurfer/average/711-2C_as_mni_average_305.4dfp.img
       256       256       256         1
  1.000000  1.000000  1.000000
orientation T byte_order littleendian
Reading image: /opt/freesurfer/average/711-2C_as_mni_average_305.4dfp.img
dimensions:      256       256       256
mmppix:       1.0000   -1.0000   -1.0000
center:     128.0000 -129.0000 -129.0000
talsrcimg_g11.4dfp.img
       320       320       320         1
  0.800000  0.800000  0.800000
orientation T byte_order littleendian
Reading image: talsrcimg_g11.4dfp.img
dimensions:      320       320       320
mmppix:       0.8000   -0.8000   -0.8000
center:     128.0000 -128.8000 -128.8000
t4_read: open error in t4_sub.f l:  41 t4_file(1:l)talsrcimg_to_711-2C_as_mni_average_305_t4 
t4_read: transform initialized to I4
rotation matrix determinant  1.000000
image alignment mode   4355 decimal     1103 hex
   -7.5000  -45.0000  -45.0000 8893.1436   18.8854
    0.0000  -45.0000  -45.0000 9295.5469   19.0318
    7.5000  -45.0000  -45.0000 8803.6846   19.0089
   -7.5000  -37.5000  -45.0000 9446.7920   18.9581
    0.0000  -37.5000  -45.0000 9879.1875   19.1093
    7.5000  -37.5000  -45.0000 9363.3350   19.0885
   -7.5000  -30.0000  -45.000010354.2422   19.1310
    0.0000  -30.0000  -45.000010827.1729   19.2853
    7.5000  -30.0000  -45.000010251.1533   19.2644
   -7.5000  -22.5000  -45.000011257.0449   19.2353
    0.0000  -22.5000  -45.000011775.5576   19.3889
    7.5000  -22.5000  -45.000011162.6865   19.3648
   -7.5000  -15.0000  -45.000012136.3789   19.1772
    0.0000  -15.0000  -45.000012707.7939   19.3268
    7.5000  -15.0000  -45.000012021.6416   19.3002
   -7.5000   -7.5000  -45.000013045.8447   18.9959
    0.0000   -7.5000  -45.000013646.4258   19.1414
    7.5000   -7.5000  -45.000012890.8545   19.1160
   -7.5000    0.0000  -45.000013736.2480   18.8854
    0.0000    0.0000  -45.000014379.2588   19.0318
    7.5000    0.0000  -45.000013543.6504   19.0089
   -7.5000    7.5000  -45.000013236.4082   18.9581
    0.0000    7.5000  -45.000013872.2441   19.1093
    7.5000    7.5000  -45.000013046.5322   19.0885
   -7.5000   15.0000  -45.000012570.2168   19.1310
    0.0000   15.0000  -45.000013192.8594   19.2853
    7.5000   15.0000  -45.000012400.9414   19.2644
   -7.5000   22.5000  -45.000011718.3027   19.2326
    0.0000   22.5000  -45.000012316.2627   19.3863
    7.5000   22.5000  -45.000011572.1738   19.3622
   -7.5000   30.0000  -45.000010845.6650   18.9216
    0.0000   30.0000  -45.000011404.8535   19.0693
    7.5000   30.0000  -45.000010721.2422   19.0430
   -7.5000   37.5000  -45.000010386.7969   18.7428
    0.0000   37.5000  -45.000010925.1816   18.8864
    7.5000   37.5000  -45.000010270.7305   18.8612
   -7.5000   45.0000  -45.0000 9555.6953   18.1606
    0.0000   45.0000  -45.000010051.1221   18.3014
    7.5000   45.0000  -45.0000 9453.1279   18.2794
   -7.5000  -45.0000  -37.5000 9114.6592   18.6481
    0.0000  -45.0000  -37.5000 9524.3291   18.7926
    7.5000  -45.0000  -37.5000 9034.2139   18.7697
   -7.5000  -37.5000  -37.5000 9704.3975   18.7177
    0.0000  -37.5000  -37.500010144.4287   18.8665
    7.5000  -37.5000  -37.5000 9627.2197   18.8440
   -7.5000  -30.0000  -37.500010626.4678   18.8904
    0.0000  -30.0000  -37.500011101.1211   19.0402
    7.5000  -30.0000  -37.500010537.9609   19.0150
   -7.5000  -22.5000  -37.500011555.1338   18.9984
    0.0000  -22.5000  -37.500012067.2148   19.1457
    7.5000  -22.5000  -37.500011453.6230   19.1162
   -7.5000  -15.0000  -37.500012462.8652   18.9444
    0.0000  -15.0000  -37.500013012.9756   19.0881
    7.5000  -15.0000  -37.500012342.9990   19.0575
   -7.5000   -7.5000  -37.500013371.9805   18.7626
    0.0000   -7.5000  -37.500013981.6465   18.9043
    7.5000   -7.5000  -37.500013223.3750   18.8777
   -7.5000    0.0000  -37.500014055.9043   18.6481
    0.0000    0.0000  -37.500014713.3623   18.7926
    7.5000    0.0000  -37.500013878.0859   18.7697
   -7.5000    7.5000  -37.500013531.8174   18.7177
    0.0000    7.5000  -37.500014178.0439   18.8665
    7.5000    7.5000  -37.500013357.6885   18.8440
   -7.5000   15.0000  -37.500012859.2383   18.8904
    0.0000   15.0000  -37.500013500.3096   19.0402
    7.5000   15.0000  -37.500012700.5469   19.0150
   -7.5000   22.5000  -37.500012011.1016   18.9958
    0.0000   22.5000  -37.500012616.5127   19.1431
    7.5000   22.5000  -37.500011874.7490   19.1136
   -7.5000   30.0000  -37.500011121.7510   18.6919
    0.0000   30.0000  -37.500011674.9902   18.8337
    7.5000   30.0000  -37.500010996.0557   18.8036
   -7.5000   37.5000  -37.500010629.2256   18.5126
    0.0000   37.5000  -37.500011166.3711   18.6524
    7.5000   37.5000  -37.500010527.2188   18.6262
   -7.5000   45.0000  -37.5000 9756.4951   17.9324
    0.0000   45.0000  -37.500010274.6191   18.0713
    7.5000   45.0000  -37.5000 9681.7021   18.0493
   -7.5000  -45.0000  -30.0000 9645.3125   18.9183
    0.0000  -45.0000  -30.000010077.1484   19.0598
    7.5000  -45.0000  -30.0000 9561.7549   19.0286
   -7.5000  -37.5000  -30.000010290.3066   18.9868
    0.0000  -37.5000  -30.000010746.5449   19.1334
    7.5000  -37.5000  -30.000010206.3477   19.1010
   -7.5000  -30.0000  -30.000011264.3369   19.1552
    0.0000  -30.0000  -30.000011761.8057   19.3045
    7.5000  -30.0000  -30.000011181.8994   19.2691
   -7.5000  -22.5000  -30.000012243.3623   19.2603
    0.0000  -22.5000  -30.000012785.4814   19.4078
    7.5000  -22.5000  -30.000012148.2393   19.3694
   -7.5000  -15.0000  -30.000013212.6846   19.2087
    0.0000  -15.0000  -30.000013778.6064   19.3513
    7.5000  -15.0000  -30.000013102.9463   19.3133
   -7.5000   -7.5000  -30.000014162.7412   19.0310
    0.0000   -7.5000  -30.000014802.4160   19.1703
    7.5000   -7.5000  -30.000014024.5234   19.1364
   -7.5000    0.0000  -30.000014878.1465   18.9183
    0.0000    0.0000  -30.000015550.5312   19.0598
    7.5000    0.0000  -30.000014721.2676   19.0286
   -7.5000    7.5000  -30.000014331.5977   18.9868
    0.0000    7.5000  -30.000014979.4443   19.1334
    7.5000    7.5000  -30.000014178.8740   19.1010
   -7.5000   15.0000  -30.000013629.5508   19.1552
    0.0000   15.0000  -30.000014258.5078   19.3045
    7.5000   15.0000  -30.000013482.2441   19.2691
   -7.5000   22.5000  -30.000012758.0859   19.2557
    0.0000   22.5000  -30.000013354.7686   19.4031
    7.5000   22.5000  -30.000012628.2637   19.3647
   -7.5000   30.0000  -30.000011793.7500   18.9545
    0.0000   30.0000  -30.000012362.2324   19.0953
    7.5000   30.0000  -30.000011684.3125   19.0577
   -7.5000   37.5000  -30.000011241.1865   18.7792
    0.0000   37.5000  -30.000011794.2500   18.9166
    7.5000   37.5000  -30.000011161.0449   18.8832
   -7.5000   45.0000  -30.000010292.4131   18.2056
    0.0000   45.0000  -30.000010829.2197   18.3418
    7.5000   45.0000  -30.000010239.1523   18.3117
   -7.5000  -45.0000  -22.500010189.1006   19.1380
    0.0000  -45.0000  -22.500010634.5439   19.2762
    7.5000  -45.0000  -22.500010099.6328   19.2394
   -7.5000  -37.5000  -22.500010913.8242   19.2100
    0.0000  -37.5000  -22.500011382.0791   19.3542
    7.5000  -37.5000  -22.500010810.8389   19.3169
   -7.5000  -30.0000  -22.500011972.3438   19.3724
    0.0000  -30.0000  -22.500012486.0889   19.5227
    7.5000  -30.0000  -22.500011884.1953   19.4851
   -7.5000  -22.5000  -22.500012988.8711   19.4680
    0.0000  -22.5000  -22.500013543.3896   19.6190
    7.5000  -22.5000  -22.500012899.5020   19.5805
   -7.5000  -15.0000  -22.500014009.5762   19.4136
    0.0000  -15.0000  -22.500014585.5234   19.5587
    7.5000  -15.0000  -22.500013882.5518   19.5198
   -7.5000   -7.5000  -22.500015015.9268   19.2417
    0.0000   -7.5000  -22.500015684.6436   19.3801
    7.5000   -7.5000  -22.500014865.0762   19.3428
   -7.5000    0.0000  -22.500015787.3633   19.1380
    0.0000    0.0000  -22.500016474.4414   19.2762
    7.5000    0.0000  -22.500015618.3604   19.2394
   -7.5000    7.5000  -22.500015227.9678   19.2100
    0.0000    7.5000  -22.500015884.9766   19.3542
    7.5000    7.5000  -22.500015065.4199   19.3169
   -7.5000   15.0000  -22.500014472.5557   19.3724
    0.0000   15.0000  -22.500015102.8896   19.5227
    7.5000   15.0000  -22.500014331.7422   19.4851
   -7.5000   22.5000  -22.500013537.1992   19.4620
    0.0000   22.5000  -22.500014132.5107   19.6130
    7.5000   22.5000  -22.500013420.1201   19.5745
   -7.5000   30.0000  -22.500012508.8506   19.1596
    0.0000   30.0000  -22.500013075.5068   19.3028
    7.5000   30.0000  -22.500012418.9111   19.2645
   -7.5000   37.5000  -22.500011929.1641   18.9900
    0.0000   37.5000  -22.500012493.5107   19.1266
    7.5000   37.5000  -22.500011860.3086   19.0898
   -7.5000   45.0000  -22.500010902.0264   18.4308
    0.0000   45.0000  -22.500011453.5928   18.5639
    7.5000   45.0000  -22.500010859.3457   18.5285
   -7.5000  -45.0000  -15.000010755.8779   19.2413
    0.0000  -45.0000  -15.000011194.6357   19.3818
    7.5000  -45.0000  -15.000010641.8857   19.3476
   -7.5000  -37.5000  -15.000011542.6445   19.3194
    0.0000  -37.5000  -15.000012022.7588   19.4667
    7.5000  -37.5000  -15.000011417.2012   19.4339
   -7.5000  -30.0000  -15.000012733.7871   19.4832
    0.0000  -30.0000  -15.000013267.3613   19.6392
    7.5000  -30.0000  -15.000012606.0088   19.6094
   -7.5000  -22.5000  -15.000013821.8447   19.5742
    0.0000  -22.5000  -15.000014404.2949   19.7328
    7.5000  -22.5000  -15.000013713.7178   19.7035
   -7.5000  -15.0000  -15.000014849.8926   19.5136
    0.0000  -15.0000  -15.000015464.7383   19.6657
    7.5000  -15.0000  -15.000014711.8896   19.6343
   -7.5000   -7.5000  -15.000015918.0820   19.3402
    0.0000   -7.5000  -15.000016600.9004   19.4830
    7.5000   -7.5000  -15.000015743.8242   19.4496
   -7.5000    0.0000  -15.000016747.1035   19.2413
    0.0000    0.0000  -15.000017449.1152   19.3818
    7.5000    0.0000  -15.000016565.2891   19.3476
   -7.5000    7.5000  -15.000016155.3369   19.3194
    0.0000    7.5000  -15.000016846.0879   19.4667
    7.5000    7.5000  -15.000015999.7236   19.4339
   -7.5000   15.0000  -15.000015315.9717   19.4832
    0.0000   15.0000  -15.000015996.2402   19.6392
    7.5000   15.0000  -15.000015219.3398   19.6094
   -7.5000   22.5000  -15.000014343.6699   19.5672
    0.0000   22.5000  -15.000014967.9600   19.7258
    7.5000   22.5000  -15.000014261.8242   19.6965
   -7.5000   30.0000  -15.000013271.2754   19.2611
    0.0000   30.0000  -15.000013855.8311   19.4111
    7.5000   30.0000  -15.000013203.6729   19.3802
   -7.5000   37.5000  -15.000012683.1514   19.0899
    0.0000   37.5000  -15.000013259.6572   19.2308
    7.5000   37.5000  -15.000012613.4912   19.1979
   -7.5000   45.0000  -15.000011610.7734   18.5415
    0.0000   45.0000  -15.000012161.5752   18.6769
    7.5000   45.0000  -15.000011538.6924   18.6439
   -7.5000  -45.0000   -7.500011301.6230   19.1476
    0.0000  -45.0000   -7.500011744.8135   19.2957
    7.5000  -45.0000   -7.500011153.5391   19.2689
   -7.5000  -37.5000   -7.500012153.3086   19.2288
    0.0000  -37.5000   -7.500012652.1377   19.3827
    7.5000  -37.5000   -7.500011984.0879   19.3583
   -7.5000  -30.0000   -7.500013466.7012   19.3970
    0.0000  -30.0000   -7.500014053.7812   19.5581
    7.5000  -30.0000   -7.500013280.5820   19.5366
   -7.5000  -22.5000   -7.500014733.0781   19.4900
    0.0000  -22.5000   -7.500015360.9443   19.6533
    7.5000  -22.5000   -7.500014544.9727   19.6318
   -7.5000  -15.0000   -7.500015794.0781   19.4263
    0.0000  -15.0000   -7.500016476.5762   19.5843
    7.5000  -15.0000   -7.500015624.8750   19.5598
   -7.5000   -7.5000   -7.500016860.1738   19.2478
    0.0000   -7.5000   -7.500017585.1738   19.3977
    7.5000   -7.5000   -7.500016682.3555   19.3710
   -7.5000    0.0000   -7.500017737.8730   19.1476
    0.0000    0.0000   -7.500018469.9570   19.2957
    7.5000    0.0000   -7.500017547.0527   19.2689
   -7.5000    7.5000   -7.500017143.0527   19.2288
    0.0000    7.5000   -7.500017887.4609   19.3827
    7.5000    7.5000   -7.500016988.9277   19.3583
   -7.5000   15.0000   -7.500016266.9971   19.3970
    0.0000   15.0000   -7.500016974.5645   19.5581
    7.5000   15.0000   -7.500016140.4775   19.5366
   -7.5000   22.5000   -7.500015246.5303   19.4810
    0.0000   22.5000   -7.500015897.8242   19.6442
    7.5000   22.5000   -7.500015119.8203   19.6227
   -7.5000   30.0000   -7.500014150.2451   19.1743
    0.0000   30.0000   -7.500014743.3252   19.3303
    7.5000   30.0000   -7.500014014.0605   19.3062
   -7.5000   37.5000   -7.500013540.1611   18.9982
    0.0000   37.5000   -7.500014114.1963   19.1461
    7.5000   37.5000   -7.500013401.9355   19.1198
   -7.5000   45.0000   -7.500012380.4453   18.4547
    0.0000   45.0000   -7.500012929.5908   18.5975
    7.5000   45.0000   -7.500012252.5293   18.5716
   -7.5000  -45.0000    0.000011728.1084   18.9389
    0.0000  -45.0000    0.000012209.3291   19.0922
    7.5000  -45.0000    0.000011579.1904   19.0727
   -7.5000  -37.5000    0.000012614.1143   19.0186
    0.0000  -37.5000    0.000013140.7529   19.1761
    7.5000  -37.5000    0.000012419.9014   19.1582
   -7.5000  -30.0000    0.000014043.8477   19.1897
    0.0000  -30.0000    0.000014671.1289   19.3505
    7.5000  -30.0000    0.000013789.2168   19.3327
   -7.5000  -22.5000    0.000015529.3340   19.2876
    0.0000  -22.5000    0.000016292.7490   19.4482
    7.5000  -22.5000    0.000015236.1904   19.4281
   -7.5000  -15.0000    0.000016780.9277   19.2251
    0.0000  -15.0000    0.000017662.5332   19.3822
    7.5000  -15.0000    0.000016530.7773   19.3600
   -7.5000   -7.5000    0.000017892.9434   19.0432
    0.0000   -7.5000    0.000018720.2891   19.1962
    7.5000   -7.5000    0.000017646.0352   19.1749
   -7.5000    0.0000    0.000018793.7148   18.9389
    0.0000    0.0000    0.000019573.1113   19.0922
    7.5000    0.0000    0.000018484.5059   19.0727
   -7.5000    7.5000    0.000018170.5469   19.0186
    0.0000    7.5000    0.000018911.7520   19.1761
    7.5000    7.5000    0.000017805.4746   19.1582
   -7.5000   15.0000    0.000017255.8926   19.1897
    0.0000   15.0000    0.000017930.7051   19.3505
    7.5000   15.0000    0.000016871.1699   19.3327
   -7.5000   22.5000    0.000016150.5801   19.2787
    0.0000   22.5000    0.000016782.8848   19.4392
    7.5000   22.5000    0.000015804.3477   19.4191
   -7.5000   30.0000    0.000014950.9902   18.9763
    0.0000   30.0000    0.000015563.5605   19.1313
    7.5000   30.0000    0.000014675.3506   19.1094
   -7.5000   37.5000    0.000014289.7754   18.7968
    0.0000   37.5000    0.000014926.3477   18.9478
    7.5000   37.5000    0.000014061.6836   18.9267
   -7.5000   45.0000    0.000013073.9766   18.2549
    0.0000   45.0000    0.000013667.7607   18.4027
    7.5000   45.0000    0.000012884.1729   18.3838
   -7.5000  -45.0000    7.500011304.9941   19.2063
    0.0000  -45.0000    7.500011811.6172   19.3608
    7.5000  -45.0000    7.500011195.8506   19.3402
   -7.5000  -37.5000    7.500012142.9990   19.2829
    0.0000  -37.5000    7.500012694.6602   19.4416
    7.5000  -37.5000    7.500011980.6865   19.4214
   -7.5000  -30.0000    7.500013522.4932   19.4577
    0.0000  -30.0000    7.500014146.2510   19.6175
    7.5000  -30.0000    7.500013258.8877   19.5948
   -7.5000  -22.5000    7.500015107.5342   19.5625
    0.0000  -22.5000    7.500015925.3076   19.7201
    7.5000  -22.5000    7.500014651.7949   19.6933
   -7.5000  -15.0000    7.500016651.8359   19.5037
    0.0000  -15.0000    7.500017717.5664   19.6578
    7.5000  -15.0000    7.500016025.7207   19.6301
   -7.5000   -7.5000    7.500017935.9434   19.3179
    0.0000   -7.5000    7.500018898.1719   19.4700
    7.5000   -7.5000    7.500017185.4277   19.4460
   -7.5000    0.0000    7.500018688.2988   19.2063
    0.0000    0.0000    7.500019553.8789   19.3608
    7.5000    0.0000    7.500017924.0176   19.3402
   -7.5000    7.5000    7.500017893.0273   19.2829
    0.0000    7.5000    7.500018642.8789   19.4416
    7.5000    7.5000    7.500017216.0234   19.4214
   -7.5000   15.0000    7.500016868.2129   19.4577
    0.0000   15.0000    7.500017574.0000   19.6175
    7.5000   15.0000    7.500016327.2549   19.5948
   -7.5000   22.5000    7.500015749.0547   19.5535
    0.0000   22.5000    7.500016424.1035   19.7110
    7.5000   22.5000    7.500015337.7021   19.6842
   -7.5000   30.0000    7.500014609.9570   19.2513
    0.0000   30.0000    7.500015250.4893   19.4034
    7.5000   30.0000    7.500014315.6592   19.3761
   -7.5000   37.5000    7.500013981.8506   19.0679
    0.0000   37.5000    7.500014621.3555   19.2181
    7.5000   37.5000    7.500013751.4180   19.1943
   -7.5000   45.0000    7.500012806.8750   18.5127
    0.0000   45.0000    7.500013394.6318   18.6616
    7.5000   45.0000    7.500012620.1055   18.6417
   -7.5000  -45.0000   15.000010881.0410   19.5951
    0.0000  -45.0000   15.000011354.5928   19.7454
    7.5000  -45.0000   15.000010743.5996   19.7158
   -7.5000  -37.5000   15.000011700.7266   19.6708
    0.0000  -37.5000   15.000012200.5469   19.8263
    7.5000  -37.5000   15.000011483.4014   19.7958
   -7.5000  -30.0000   15.000013048.5752   19.8422
    0.0000  -30.0000   15.000013567.3203   20.0004
    7.5000  -30.0000   15.000012708.1553   19.9670
   -7.5000  -22.5000   15.000014537.2686   19.9452
    0.0000  -22.5000   15.000015345.2119   20.1016
    7.5000  -22.5000   15.000014100.3018   20.0650
   -7.5000  -15.0000   15.000015969.3516   19.8888
    0.0000  -15.0000   15.000017075.4316   20.0402
    7.5000  -15.0000   15.000015421.5361   20.0038
   -7.5000   -7.5000   15.000017186.0547   19.7057
    0.0000   -7.5000   15.000018236.7012   19.8538
    7.5000   -7.5000   15.000016539.8691   19.8215
   -7.5000    0.0000   15.000018007.3887   19.5951
    0.0000    0.0000   15.000018987.6328   19.7454
    7.5000    0.0000   15.000017339.9922   19.7158
   -7.5000    7.5000   15.000017276.0586   19.6708
    0.0000    7.5000   15.000018183.2188   19.8263
    7.5000    7.5000   15.000016713.4473   19.7958
   -7.5000   15.0000   15.000016290.0264   19.8422
    0.0000   15.0000   15.000017131.7148   20.0004
    7.5000   15.0000   15.000015835.5762   19.9670
   -7.5000   22.5000   15.000015224.5322   19.9360
    0.0000   22.5000   15.000015979.2051   20.0923
    7.5000   22.5000   15.000014847.3555   20.0558
   -7.5000   30.0000   15.000014121.4951   19.6314
    0.0000   30.0000   15.000014811.2559   19.7809
    7.5000   30.0000   15.000013812.6279   19.7449
   -7.5000   37.5000   15.000013503.8096   19.4507
    0.0000   37.5000   15.000014171.1074   19.5969
    7.5000   37.5000   15.000013258.6973   19.5650
   -7.5000   45.0000   15.000012364.7100   18.8874
    0.0000   45.0000   15.000012964.1924   19.0323
    7.5000   45.0000   15.000012182.3496   19.0038
   -7.5000  -45.0000   22.500010382.2305   20.0335
    0.0000  -45.0000   22.500010830.8535   20.1783
    7.5000  -45.0000   22.500010249.1943   20.1422
   -7.5000  -37.5000   22.500011153.9648   20.1144
    0.0000  -37.5000   22.500011606.5859   20.2657
    7.5000  -37.5000   22.500010971.4551   20.2290
   -7.5000  -30.0000   22.500012374.8408   20.2813
    0.0000  -30.0000   22.500012943.0342   20.4391
    7.5000  -30.0000   22.500012175.5801   20.4021
   -7.5000  -22.5000   22.500013681.2119   20.3751
    0.0000  -22.5000   22.500014551.4443   20.5335
    7.5000  -22.5000   22.500013477.7266   20.4956
   -7.5000  -15.0000   22.500014904.2295   20.3144
    0.0000  -15.0000   22.500015810.0771   20.4664
    7.5000  -15.0000   22.500014624.9844   20.4282
   -7.5000   -7.5000   22.500015954.3711   20.1353
    0.0000   -7.5000   22.500016828.4043   20.2802
    7.5000   -7.5000   22.500015637.8721   20.2435
   -7.5000    0.0000   22.500016755.5059   20.0335
    0.0000    0.0000   22.500017659.6562   20.1783
    7.5000    0.0000   22.500016427.0469   20.1422
   -7.5000    7.5000   22.500016256.1699   20.1144
    0.0000    7.5000   22.500017152.2227   20.2657
    7.5000    7.5000   22.500015910.9355   20.2290
   -7.5000   15.0000   22.500015436.9805   20.2813
    0.0000   15.0000   22.500016262.0312   20.4391
    7.5000   15.0000   22.500015102.8545   20.4021
   -7.5000   22.5000   22.500014465.5859   20.3658
    0.0000   22.5000   22.500015201.0430   20.5241
    7.5000   22.5000   22.500014144.3330   20.4862
   -7.5000   30.0000   22.500013444.3682   20.0515
    0.0000   30.0000   22.500014110.0918   20.2016
    7.5000   30.0000   22.500013152.6875   20.1638
   -7.5000   37.5000   22.500012925.1963   19.8747
    0.0000   37.5000   22.500013564.3906   20.0178
    7.5000   37.5000   22.500012664.9268   19.9815
   -7.5000   45.0000   22.500011855.4795   19.3100
    0.0000   45.0000   22.500012434.9570   19.4496
    7.5000   45.0000   22.500011670.0938   19.4147
   -7.5000  -45.0000   30.0000 9887.3203   20.6386
    0.0000  -45.0000   30.000010315.7373   20.7870
    7.5000  -45.0000   30.0000 9804.0029   20.7516
   -7.5000  -37.5000   30.000010578.7305   20.7283
    0.0000  -37.5000   30.000011031.2871   20.8843
    7.5000  -37.5000   30.000010484.7070   20.8505
   -7.5000  -30.0000   30.000011690.2393   20.8983
    0.0000  -30.0000   30.000012297.7012   21.0640
    7.5000  -30.0000   30.000011632.2842   21.0336
   -7.5000  -22.5000   30.000012861.7510   20.9865
    0.0000  -22.5000   30.000013598.0322   21.1552
    7.5000  -22.5000   30.000012806.8594   21.1256
   -7.5000  -15.0000   30.000013975.9863   20.9174
    0.0000  -15.0000   30.000014661.0371   21.0787
    7.5000  -15.0000   30.000013831.9082   21.0470
   -7.5000   -7.5000   30.000015022.8311   20.7349
    0.0000   -7.5000   30.000015702.2129   20.8856
    7.5000   -7.5000   30.000014827.7119   20.8515
   -7.5000    0.0000   30.000015861.3809   20.6386
    0.0000    0.0000   30.000016615.8535   20.7870
    7.5000    0.0000   30.000015630.7236   20.7516
   -7.5000    7.5000   30.000015412.1621   20.7283
    0.0000    7.5000   30.000016172.7061   20.8843
    7.5000    7.5000   30.000015155.0791   20.8505
   -7.5000   15.0000   30.000014638.5605   20.8983
    0.0000   15.0000   30.000015371.9492   21.0640
    7.5000   15.0000   30.000014391.8818   21.0336
   -7.5000   22.5000   30.000013713.5371   20.9768
    0.0000   22.5000   30.000014398.1006   21.1454
    7.5000   22.5000   30.000013479.9941   21.1159
   -7.5000   30.0000   30.000012762.4658   20.6467
    0.0000   30.0000   30.000013385.2393   20.8059
    7.5000   30.0000   30.000012529.8232   20.7746
   -7.5000   37.5000   30.000012276.5127   20.4666
    0.0000   37.5000   30.000012879.3604   20.6153
    7.5000   37.5000   30.000012074.8428   20.5816
   -7.5000   45.0000   30.000011283.2637   19.8933
    0.0000   45.0000   30.000011813.2764   20.0362
    7.5000   45.0000   30.000011113.0986   20.0022
   -7.5000  -45.0000   37.5000 9730.8613   21.0673
    0.0000  -45.0000   37.500010152.3984   21.2257
    7.5000  -45.0000   37.5000 9673.2578   21.1975
   -7.5000  -37.5000   37.500010410.6162   21.1633
    0.0000  -37.5000   37.500010875.2314   21.3284
    7.5000  -37.5000   37.500010361.2324   21.3029
   -7.5000  -30.0000   37.500011486.7822   21.3396
    0.0000  -30.0000   37.500012079.9639   21.5129
    7.5000  -30.0000   37.500011489.5928   21.4906
   -7.5000  -22.5000   37.500012603.6211   21.4286
    0.0000  -22.5000   37.500013232.8730   21.6045
    7.5000  -22.5000   37.500012588.3721   21.5819
   -7.5000  -15.0000   37.500013690.9375   21.3534
    0.0000  -15.0000   37.500014270.2012   21.5229
    7.5000  -15.0000   37.500013596.4912   21.4971
   -7.5000   -7.5000   37.500014753.6357   21.1637
    0.0000   -7.5000   37.500015393.9307   21.3238
    7.5000   -7.5000   37.500014619.2617   21.2957
   -7.5000    0.0000   37.500015569.7637   21.0673
    0.0000    0.0000   37.500016261.7363   21.2257
    7.5000    0.0000   37.500015385.5029   21.1975
   -7.5000    7.5000   37.500015130.8984   21.1633
    0.0000    7.5000   37.500015805.1309   21.3284
    7.5000    7.5000   37.500014925.2021   21.3029
   -7.5000   15.0000   37.500014355.4307   21.3396
    0.0000   15.0000   37.500015011.8467   21.5129
    7.5000   15.0000   37.500014167.9473   21.4906
   -7.5000   22.5000   37.500013433.9922   21.4188
    0.0000   22.5000   37.500014071.3037   21.5945
    7.5000   22.5000   37.500013274.2510   21.5719
   -7.5000   30.0000   37.500012527.2090   21.0770
    0.0000   30.0000   37.500013117.2100   21.2443
    7.5000   30.0000   37.500012369.4551   21.2189
   -7.5000   37.5000   37.500012054.3906   20.8898
    0.0000   37.5000   37.500012624.4932   21.0479
    7.5000   37.5000   37.500011895.5107   21.0201
   -7.5000   45.0000   37.500011074.5957   20.3065
    0.0000   45.0000   37.500011605.7031   20.4592
    7.5000   45.0000   37.500010931.9131   20.4319
   -7.5000  -45.0000   45.0000 9241.6504   21.7193
    0.0000  -45.0000   45.0000 9640.0625   21.8885
    7.5000  -45.0000   45.0000 9212.7939   21.8643
   -7.5000  -37.5000   45.0000 9878.9512   21.8173
    0.0000  -37.5000   45.000010323.7812   21.9923
    7.5000  -37.5000   45.0000 9859.7236   21.9710
   -7.5000  -30.0000   45.000010902.7480   22.0061
    0.0000  -30.0000   45.000011407.1934   22.1852
    7.5000  -30.0000   45.000010906.8076   22.1647
   -7.5000  -22.5000   45.000011958.3223   22.1069
    0.0000  -22.5000   45.000012473.8906   22.2856
    7.5000  -22.5000   45.000011916.3496   22.2617
   -7.5000  -15.0000   45.000012963.0420   22.0308
    0.0000  -15.0000   45.000013503.4551   22.2046
    7.5000  -15.0000   45.000012878.7734   22.1772
   -7.5000   -7.5000   45.000013971.2705   21.8270
    0.0000   -7.5000   45.000014575.9395   21.9955
    7.5000   -7.5000   45.000013862.4492   21.9686
   -7.5000    0.0000   45.000014729.7627   21.7193
    0.0000    0.0000   45.000015359.9932   21.8885
    7.5000    0.0000   45.000014564.8457   21.8643
   -7.5000    7.5000   45.000014304.0410   21.8173
    0.0000    7.5000   45.000014901.8291   21.9923
    7.5000    7.5000   45.000014125.7158   21.9710
   -7.5000   15.0000   45.000013584.3936   22.0061
    0.0000   15.0000   45.000014154.1660   22.1852
    7.5000   15.0000   45.000013400.0938   22.1647
   -7.5000   22.5000   45.000012717.3867   22.0966
    0.0000   22.5000   45.000013290.3301   22.2753
    7.5000   22.5000   45.000012572.1553   22.2513
   -7.5000   30.0000   45.000011836.0684   21.7438
    0.0000   30.0000   45.000012395.8604   21.9154
    7.5000   30.0000   45.000011720.2227   21.8883
   -7.5000   37.5000   45.000011370.3896   21.5427
    0.0000   37.5000   45.000011896.8652   21.7090
    7.5000   37.5000   45.000011256.2178   21.6824
   -7.5000   45.0000   45.000010453.0605   20.9444
    0.0000   45.0000   45.000010926.6133   21.1076
    7.5000   45.0000   45.000010334.1729   21.0842

---------------------------------------------------------------------
imgreg_4dfp /opt/freesurfer/average/711-2C_as_mni_average_305 /opt/freesurfer/average/711-2B_as_mni_average_305_mask talsrcimg_g11 none talsrcimg_to_711-2C_as_mni_average_305_t4 4355
---------------------------------------------------------------------

freesurfer imgreg_4dfp.c
/opt/freesurfer/average/711-2C_as_mni_average_305.4dfp.img
       256       256       256         1
  1.000000  1.000000  1.000000
orientation T byte_order littleendian
Reading image: /opt/freesurfer/average/711-2C_as_mni_average_305.4dfp.img
dimensions:      256       256       256
mmppix:       1.0000   -1.0000   -1.0000
center:     128.0000 -129.0000 -129.0000
/opt/freesurfer/average/711-2B_as_mni_average_305_mask.4dfp.img
       256       256       256         1
  1.000000  1.000000  1.000000
orientation T byte_order littleendian
Reading mask: /opt/freesurfer/average/711-2B_as_mni_average_305_mask.4dfp.img (2306576 pixels)
talsrcimg_g11.4dfp.img
       320       320       320         1
  0.800000  0.800000  0.800000
orientation T byte_order littleendian
Reading image: talsrcimg_g11.4dfp.img
dimensions:      320       320       320
mmppix:       0.8000   -0.8000   -0.8000
center:     128.0000 -128.8000 -128.8000
rotation matrix determinant  1.000000
image alignment mode   4355 decimal     1103 hex
   -7.5000  -45.0000  -45.0000 2491.8430   28.7363
    0.0000  -45.0000  -45.0000 2499.6062   28.7799
    7.5000  -45.0000  -45.0000 2485.5249   28.7477
   -7.5000  -37.5000  -45.0000 2546.1733   26.6259
    0.0000  -37.5000  -45.0000 2547.2866   26.6499
    7.5000  -37.5000  -45.0000 2539.7061   26.7138
   -7.5000  -30.0000  -45.0000 2586.5889   25.0922
    0.0000  -30.0000  -45.0000 2584.0596   25.1234
    7.5000  -30.0000  -45.0000 2573.0444   25.2129
   -7.5000  -22.5000  -45.0000 2612.3455   23.9299
    0.0000  -22.5000  -45.0000 2613.7981   23.9323
    7.5000  -22.5000  -45.0000 2605.8669   24.0285
   -7.5000  -15.0000  -45.0000 2635.0208   23.1858
    0.0000  -15.0000  -45.0000 2640.4846   23.1807
    7.5000  -15.0000  -45.0000 2633.9714   23.2565
   -7.5000   -7.5000  -45.0000 2647.7654   22.8515
    0.0000   -7.5000  -45.0000 2656.4622   22.8272
    7.5000   -7.5000  -45.0000 2645.8071   22.8892
   -7.5000    0.0000  -45.0000 2652.1697   22.7833
    0.0000    0.0000  -45.0000 2661.7566   22.8193
    7.5000    0.0000  -45.0000 2645.4827   22.8373
   -7.5000    7.5000  -45.0000 2643.0955   23.1644
    0.0000    7.5000  -45.0000 2652.8035   23.1681
    7.5000    7.5000  -45.0000 2634.1467   23.1670
   -7.5000   15.0000  -45.0000 2613.3306   23.9673
    0.0000   15.0000  -45.0000 2620.5334   23.9881
    7.5000   15.0000  -45.0000 2605.1355   23.9521
   -7.5000   22.5000  -45.0000 2557.5498   25.2354
    0.0000   22.5000  -45.0000 2565.4839   25.2555
    7.5000   22.5000  -45.0000 2550.6650   25.1946
   -7.5000   30.0000  -45.0000 2484.6802   26.8078
    0.0000   30.0000  -45.0000 2491.9973   26.8392
    7.5000   30.0000  -45.0000 2483.7119   26.8492
   -7.5000   37.5000  -45.0000 2410.0168   28.6676
    0.0000   37.5000  -45.0000 2413.5972   28.6750
    7.5000   37.5000  -45.0000 2410.5283   28.8025
   -7.5000   45.0000  -45.0000 2319.0510   31.1967
    0.0000   45.0000  -45.0000 2318.4619   31.0969
    7.5000   45.0000  -45.0000 2319.6821   31.2793
   -7.5000  -45.0000  -37.5000 2522.9080   28.0073
    0.0000  -45.0000  -37.5000 2523.9824   27.9417
    7.5000  -45.0000  -37.5000 2512.8420   27.8890
   -7.5000  -37.5000  -37.5000 2576.6052   25.8609
    0.0000  -37.5000  -37.5000 2580.3838   25.8517
    7.5000  -37.5000  -37.5000 2572.1504   25.8622
   -7.5000  -30.0000  -37.5000 2611.9111   24.2287
    0.0000  -30.0000  -37.5000 2610.9321   24.1946
    7.5000  -30.0000  -37.5000 2606.8657   24.2994
   -7.5000  -22.5000  -37.5000 2644.0486   23.0851
    0.0000  -22.5000  -37.5000 2642.1265   23.0353
    7.5000  -22.5000  -37.5000 2640.7944   23.1599
   -7.5000  -15.0000  -37.5000 2667.9785   22.3352
    0.0000  -15.0000  -37.5000 2671.4194   22.2897
    7.5000  -15.0000  -37.5000 2668.4304   22.3797
   -7.5000   -7.5000  -37.5000 2681.3386   21.9762
    0.0000   -7.5000  -37.5000 2686.6836   21.9075
    7.5000   -7.5000  -37.5000 2684.5671   22.0037
   -7.5000    0.0000  -37.5000 2685.8330   21.9117
    0.0000    0.0000  -37.5000 2695.2324   21.8891
    7.5000    0.0000  -37.5000 2682.5510   21.9256
   -7.5000    7.5000  -37.5000 2677.4053   22.2213
    0.0000    7.5000  -37.5000 2686.4739   22.1948
    7.5000    7.5000  -37.5000 2667.2544   22.1902
   -7.5000   15.0000  -37.5000 2651.3318   22.9232
    0.0000   15.0000  -37.5000 2665.9192   22.9530
    7.5000   15.0000  -37.5000 2639.8508   22.9148
   -7.5000   22.5000  -37.5000 2593.2324   24.0705
    0.0000   22.5000  -37.5000 2608.9990   24.1371
    7.5000   22.5000  -37.5000 2585.5610   24.0755
   -7.5000   30.0000  -37.5000 2521.0571   25.5791
    0.0000   30.0000  -37.5000 2533.9194   25.6369
    7.5000   30.0000  -37.5000 2515.5015   25.6328
   -7.5000   37.5000  -37.5000 2442.9766   27.3955
    0.0000   37.5000  -37.5000 2453.6792   27.4359
    7.5000   37.5000  -37.5000 2441.9355   27.4575
   -7.5000   45.0000  -37.5000 2345.4883   29.7537
    0.0000   45.0000  -37.5000 2355.8564   29.7705
    7.5000   45.0000  -37.5000 2348.0247   29.8282
   -7.5000  -45.0000  -30.0000 2621.8621   27.7560
    0.0000  -45.0000  -30.0000 2621.6636   27.5997
    7.5000  -45.0000  -30.0000 2608.9893   27.6269
   -7.5000  -37.5000  -30.0000 2683.6660   25.7023
    0.0000  -37.5000  -30.0000 2684.8347   25.5842
    7.5000  -37.5000  -30.0000 2676.4517   25.6073
   -7.5000  -30.0000  -30.0000 2710.6316   23.9755
    0.0000  -30.0000  -30.0000 2711.7703   23.8832
    7.5000  -30.0000  -30.0000 2711.8533   23.9807
   -7.5000  -22.5000  -30.0000 2743.0056   22.7145
    0.0000  -22.5000  -30.0000 2742.4927   22.6124
    7.5000  -22.5000  -30.0000 2744.0735   22.7527
   -7.5000  -15.0000  -30.0000 2773.8418   21.9457
    0.0000  -15.0000  -30.0000 2774.7061   21.8591
    7.5000  -15.0000  -30.0000 2776.0569   21.9719
   -7.5000   -7.5000  -30.0000 2789.8232   21.5656
    0.0000   -7.5000  -30.0000 2792.5396   21.4655
    7.5000   -7.5000  -30.0000 2791.4849   21.5585
   -7.5000    0.0000  -30.0000 2794.8811   21.4981
    0.0000    0.0000  -30.0000 2802.2251   21.4337
    7.5000    0.0000  -30.0000 2794.6145   21.5002
   -7.5000    7.5000  -30.0000 2785.6318   21.7647
    0.0000    7.5000  -30.0000 2791.8867   21.6888
    7.5000    7.5000  -30.0000 2782.3223   21.7381
   -7.5000   15.0000  -30.0000 2759.9795   22.4068
    0.0000   15.0000  -30.0000 2769.4468   22.3525
    7.5000   15.0000  -30.0000 2753.6116   22.4119
   -7.5000   22.5000  -30.0000 2707.0911   23.4866
    0.0000   22.5000  -30.0000 2718.5630   23.4608
    7.5000   22.5000  -30.0000 2700.3718   23.4859
   -7.5000   30.0000  -30.0000 2632.6250   24.9633
    0.0000   30.0000  -30.0000 2644.6448   24.9322
    7.5000   30.0000  -30.0000 2625.7656   24.9824
   -7.5000   37.5000  -30.0000 2545.2795   26.7486
    0.0000   37.5000  -30.0000 2554.4407   26.6893
    7.5000   37.5000  -30.0000 2543.5586   26.7378
   -7.5000   45.0000  -30.0000 2436.6172   29.0272
    0.0000   45.0000  -30.0000 2446.6699   28.9962
    7.5000   45.0000  -30.0000 2439.5303   29.0068
   -7.5000  -45.0000  -22.5000 2680.3667   27.4218
    0.0000  -45.0000  -22.5000 2680.5483   27.2407
    7.5000  -45.0000  -22.5000 2666.7422   27.3295
   -7.5000  -37.5000  -22.5000 2745.3765   25.3471
    0.0000  -37.5000  -22.5000 2744.4282   25.1642
    7.5000  -37.5000  -22.5000 2736.1687   25.2836
   -7.5000  -30.0000  -22.5000 2775.8752   23.6696
    0.0000  -30.0000  -22.5000 2777.1865   23.5289
    7.5000  -30.0000  -22.5000 2778.8250   23.6592
   -7.5000  -22.5000  -22.5000 2800.4629   22.3043
    0.0000  -22.5000  -22.5000 2799.6772   22.1602
    7.5000  -22.5000  -22.5000 2807.2234   22.3416
   -7.5000  -15.0000  -22.5000 2833.2388   21.4515
    0.0000  -15.0000  -22.5000 2830.7922   21.2999
    7.5000  -15.0000  -22.5000 2835.3772   21.4989
   -7.5000   -7.5000  -22.5000 2853.0564   21.0059
    0.0000   -7.5000  -22.5000 2854.3933   20.8993
    7.5000   -7.5000  -22.5000 2853.2075   21.0250
   -7.5000    0.0000  -22.5000 2861.1099   20.9497
    0.0000    0.0000  -22.5000 2862.9680   20.8388
    7.5000    0.0000  -22.5000 2863.9993   20.9790
   -7.5000    7.5000  -22.5000 2855.7559   21.2210
    0.0000    7.5000  -22.5000 2856.1584   21.0889
    7.5000    7.5000  -22.5000 2856.9946   21.2485
   -7.5000   15.0000  -22.5000 2827.0063   21.8399
    0.0000   15.0000  -22.5000 2830.8547   21.7162
    7.5000   15.0000  -22.5000 2826.2358   21.8644
   -7.5000   22.5000  -22.5000 2772.6992   22.8951
    0.0000   22.5000  -22.5000 2777.5381   22.7851
    7.5000   22.5000  -22.5000 2768.1074   22.9172
   -7.5000   30.0000  -22.5000 2699.2734   24.3473
    0.0000   30.0000  -22.5000 2705.8967   24.2422
    7.5000   30.0000  -22.5000 2691.8943   24.3300
   -7.5000   37.5000  -22.5000 2613.0950   26.1023
    0.0000   37.5000  -22.5000 2621.6294   25.9852
    7.5000   37.5000  -22.5000 2605.1978   26.0368
   -7.5000   45.0000  -22.5000 2497.9963   28.3287
    0.0000   45.0000  -22.5000 2507.5576   28.2462
    7.5000   45.0000  -22.5000 2496.1833   28.2619
   -7.5000  -45.0000  -15.0000 2707.9321   27.1983
    0.0000  -45.0000  -15.0000 2705.0474   26.9971
    7.5000  -45.0000  -15.0000 2695.0620   27.1101
   -7.5000  -37.5000  -15.0000 2776.2803   25.1142
    0.0000  -37.5000  -15.0000 2772.5789   24.9161
    7.5000  -37.5000  -15.0000 2765.2405   25.0512
   -7.5000  -30.0000  -15.0000 2814.7229   23.4707
    0.0000  -30.0000  -15.0000 2814.4578   23.2832
    7.5000  -30.0000  -15.0000 2812.4363   23.4563
   -7.5000  -22.5000  -15.0000 2834.9001   22.0650
    0.0000  -22.5000  -15.0000 2836.4556   21.9058
    7.5000  -22.5000  -15.0000 2844.3701   22.1562
   -7.5000  -15.0000  -15.0000 2855.7002   21.0188
    0.0000  -15.0000  -15.0000 2853.3169   20.8392
    7.5000  -15.0000  -15.0000 2862.9307   21.1767
   -7.5000   -7.5000  -15.0000 2879.4441   20.4856
    0.0000   -7.5000  -15.0000 2874.7517   20.3514
    7.5000   -7.5000  -15.0000 2880.9299   20.6103
   -7.5000    0.0000  -15.0000 2890.5291   20.4320
    0.0000    0.0000  -15.0000 2887.6538   20.2799
    7.5000    0.0000  -15.0000 2897.1167   20.5337
   -7.5000    7.5000  -15.0000 2883.8169   20.7205
    0.0000    7.5000  -15.0000 2885.0842   20.5535
    7.5000    7.5000  -15.0000 2896.5408   20.8234
   -7.5000   15.0000  -15.0000 2853.6938   21.3596
    0.0000   15.0000  -15.0000 2859.0830   21.2087
    7.5000   15.0000  -15.0000 2867.1060   21.4677
   -7.5000   22.5000  -15.0000 2802.6987   22.4042
    0.0000   22.5000  -15.0000 2807.4426   22.2740
    7.5000   22.5000  -15.0000 2810.5903   22.5146
   -7.5000   30.0000  -15.0000 2732.6980   23.7831
    0.0000   30.0000  -15.0000 2734.3906   23.6645
    7.5000   30.0000  -15.0000 2731.3826   23.8714
   -7.5000   37.5000  -15.0000 2646.5596   25.5179
    0.0000   37.5000  -15.0000 2653.4675   25.3970
    7.5000   37.5000  -15.0000 2641.9006   25.5466
   -7.5000   45.0000  -15.0000 2534.8452   27.7161
    0.0000   45.0000  -15.0000 2543.0728   27.6469
    7.5000   45.0000  -15.0000 2527.1921   27.7621
   -7.5000  -45.0000   -7.5000 2716.8235   27.1465
    0.0000  -45.0000   -7.5000 2711.1567   26.8970
    7.5000  -45.0000   -7.5000 2709.9062   27.1168
   -7.5000  -37.5000   -7.5000 2784.5015   25.0446
    0.0000  -37.5000   -7.5000 2778.9365   24.8032
    7.5000  -37.5000   -7.5000 2778.3059   24.9798
   -7.5000  -30.0000   -7.5000 2829.6331   23.3785
    0.0000  -30.0000   -7.5000 2826.8066   23.1767
    7.5000  -30.0000   -7.5000 2823.2605   23.3188
   -7.5000  -22.5000   -7.5000 2858.6726   21.9920
    0.0000  -22.5000   -7.5000 2858.6475   21.8150
    7.5000  -22.5000   -7.5000 2863.0825   22.0187
   -7.5000  -15.0000   -7.5000 2863.2661   20.8101
    0.0000  -15.0000   -7.5000 2861.7344   20.6239
    7.5000  -15.0000   -7.5000 2883.0471   21.0092
   -7.5000   -7.5000   -7.5000 2875.2764   20.0627
    0.0000   -7.5000   -7.5000 2873.8291   19.8938
    7.5000   -7.5000   -7.5000 2893.2144   20.3500
   -7.5000    0.0000   -7.5000 2892.5359   20.0222
    0.0000    0.0000   -7.5000 2887.0945   19.8384
    7.5000    0.0000   -7.5000 2911.4724   20.2599
   -7.5000    7.5000   -7.5000 2896.9712   20.3453
    0.0000    7.5000   -7.5000 2897.8982   20.1592
    7.5000    7.5000   -7.5000 2917.1025   20.5301
   -7.5000   15.0000   -7.5000 2873.9417   21.0056
    0.0000   15.0000   -7.5000 2876.9121   20.8344
    7.5000   15.0000   -7.5000 2895.3679   21.1799
   -7.5000   22.5000   -7.5000 2817.0125   22.0175
    0.0000   22.5000   -7.5000 2820.3406   21.8681
    7.5000   22.5000   -7.5000 2837.9600   22.1992
   -7.5000   30.0000   -7.5000 2746.5862   23.3962
    0.0000   30.0000   -7.5000 2746.9941   23.2345
    7.5000   30.0000   -7.5000 2759.3113   23.5593
   -7.5000   37.5000   -7.5000 2661.6311   25.0887
    0.0000   37.5000   -7.5000 2663.4485   24.9197
    7.5000   37.5000   -7.5000 2668.3887   25.2250
   -7.5000   45.0000   -7.5000 2548.2495   27.2500
    0.0000   45.0000   -7.5000 2550.6855   27.1236
    7.5000   45.0000   -7.5000 2546.5298   27.3716
   -7.5000  -45.0000    0.0000 2717.0913   27.2721
    0.0000  -45.0000    0.0000 2707.9045   27.0322
    7.5000  -45.0000    0.0000 2705.9578   27.1412
   -7.5000  -37.5000    0.0000 2783.5227   25.1023
    0.0000  -37.5000    0.0000 2777.5222   24.9256
    7.5000  -37.5000    0.0000 2775.2874   24.9696
   -7.5000  -30.0000    0.0000 2834.4937   23.4409
    0.0000  -30.0000    0.0000 2829.0457   23.2756
    7.5000  -30.0000    0.0000 2828.3057   23.2860
   -7.5000  -22.5000    0.0000 2874.5256   22.1381
    0.0000  -22.5000    0.0000 2873.8335   21.9952
    7.5000  -22.5000    0.0000 2876.0474   21.9681
   -7.5000  -15.0000    0.0000 2888.4124   21.0384
    0.0000  -15.0000    0.0000 2900.0693   20.9569
    7.5000  -15.0000    0.0000 2907.2966   21.0023
   -7.5000   -7.5000    0.0000 2886.7839   20.1334
    0.0000   -7.5000    0.0000 2892.7114   20.0237
    7.5000   -7.5000    0.0000 2913.0703   20.3227
   -7.5000    0.0000    0.0000 2905.4700   19.9586
    0.0000    0.0000    0.0000 2896.7080   19.7507
    7.5000    0.0000    0.0000 2920.8164   20.1072
   -7.5000    7.5000    0.0000 2911.0398   20.2070
    0.0000    7.5000    0.0000 2904.2329   19.9858
    7.5000    7.5000    0.0000 2917.1267   20.2146
   -7.5000   15.0000    0.0000 2891.1472   20.8737
    0.0000   15.0000    0.0000 2884.9792   20.6032
    7.5000   15.0000    0.0000 2893.3135   20.8218
   -7.5000   22.5000    0.0000 2833.8936   21.8710
    0.0000   22.5000    0.0000 2830.8652   21.6205
    7.5000   22.5000    0.0000 2840.4287   21.8256
   -7.5000   30.0000    0.0000 2756.9695   23.2470
    0.0000   30.0000    0.0000 2755.9795   23.0117
    7.5000   30.0000    0.0000 2764.6948   23.2154
   -7.5000   37.5000    0.0000 2673.1584   24.9318
    0.0000   37.5000    0.0000 2679.7524   24.7142
    7.5000   37.5000    0.0000 2677.7678   24.9175
   -7.5000   45.0000    0.0000 2564.4285   27.0635
    0.0000   45.0000    0.0000 2566.2578   26.9241
    7.5000   45.0000    0.0000 2563.7012   27.0583
   -7.5000  -45.0000    7.5000 2709.5002   27.3974
    0.0000  -45.0000    7.5000 2708.4312   27.2859
    7.5000  -45.0000    7.5000 2701.2290   27.2502
   -7.5000  -37.5000    7.5000 2777.5022   25.2374
    0.0000  -37.5000    7.5000 2781.2012   25.1400
    7.5000  -37.5000    7.5000 2774.1252   25.0106
   -7.5000  -30.0000    7.5000 2831.3171   23.5863
    0.0000  -30.0000    7.5000 2838.6514   23.5092
    7.5000  -30.0000    7.5000 2829.9092   23.3007
   -7.5000  -22.5000    7.5000 2892.1675   22.3968
    0.0000  -22.5000    7.5000 2900.7529   22.3688
    7.5000  -22.5000    7.5000 2880.0457   22.0348
   -7.5000  -15.0000    7.5000 2941.0808   21.5913
    0.0000  -15.0000    7.5000 2958.3657   21.6142
    7.5000  -15.0000    7.5000 2912.0125   21.0506
   -7.5000   -7.5000    7.5000 2954.4512   20.8460
    0.0000   -7.5000    7.5000 2976.4341   20.7990
    7.5000   -7.5000    7.5000 2923.3711   20.4132
   -7.5000    0.0000    7.5000 2942.9180   20.2781
    0.0000    0.0000    7.5000 2947.1257   20.1383
    7.5000    0.0000    7.5000 2923.9749   20.0377
   -7.5000    7.5000    7.5000 2926.3274   20.2045
    0.0000    7.5000    7.5000 2921.5747   20.0222
    7.5000    7.5000    7.5000 2913.5339   20.0567
   -7.5000   15.0000    7.5000 2894.0552   20.7279
    0.0000   15.0000    7.5000 2888.1868   20.4575
    7.5000   15.0000    7.5000 2888.9910   20.5810
   -7.5000   22.5000    7.5000 2839.3020   21.7684
    0.0000   22.5000    7.5000 2834.7739   21.5176
    7.5000   22.5000    7.5000 2838.9370   21.6783
   -7.5000   30.0000    7.5000 2771.3464   23.2424
    0.0000   30.0000    7.5000 2765.5232   22.9801
    7.5000   30.0000    7.5000 2770.1848   23.1664
   -7.5000   37.5000    7.5000 2688.1167   24.9399
    0.0000   37.5000    7.5000 2688.9590   24.7159
    7.5000   37.5000    7.5000 2685.8955   24.8786
   -7.5000   45.0000    7.5000 2580.2175   27.0346
    0.0000   45.0000    7.5000 2580.3850   26.9274
    7.5000   45.0000    7.5000 2572.7266   26.9959
   -7.5000  -45.0000   15.0000 2714.7183   27.8382
    0.0000  -45.0000   15.0000 2712.5122   27.7144
    7.5000  -45.0000   15.0000 2700.7664   27.5811
   -7.5000  -37.5000   15.0000 2792.3547   25.6911
    0.0000  -37.5000   15.0000 2792.1841   25.6121
    7.5000  -37.5000   15.0000 2770.3606   25.3252
   -7.5000  -30.0000   15.0000 2853.3940   23.9869
    0.0000  -30.0000   15.0000 2855.4546   23.9642
    7.5000  -30.0000   15.0000 2826.1323   23.5616
   -7.5000  -22.5000   15.0000 2914.1582   22.7197
    0.0000  -22.5000   15.0000 2920.1357   22.7626
    7.5000  -22.5000   15.0000 2879.7661   22.2351
   -7.5000  -15.0000   15.0000 2960.7283   21.7953
    0.0000  -15.0000   15.0000 2989.7979   21.9897
    7.5000  -15.0000   15.0000 2922.8796   21.2910
   -7.5000   -7.5000   15.0000 2983.8118   21.0780
    0.0000   -7.5000   15.0000 3020.4360   21.1719
    7.5000   -7.5000   15.0000 2936.3730   20.6313
   -7.5000    0.0000   15.0000 2978.1157   20.6806
    0.0000    0.0000   15.0000 2992.0806   20.5813
    7.5000    0.0000   15.0000 2938.8977   20.3221
   -7.5000    7.5000   15.0000 2945.8108   20.6366
    0.0000    7.5000   15.0000 2952.2761   20.5246
    7.5000    7.5000   15.0000 2922.3347   20.4045
   -7.5000   15.0000   15.0000 2908.7725   21.0766
    0.0000   15.0000   15.0000 2914.7715   20.9374
    7.5000   15.0000   15.0000 2896.5579   20.9436
   -7.5000   22.5000   15.0000 2853.5408   22.0363
    0.0000   22.5000   15.0000 2852.4417   21.8207
    7.5000   22.5000   15.0000 2843.4636   21.8948
   -7.5000   30.0000   15.0000 2778.1318   23.3643
    0.0000   30.0000   15.0000 2775.1609   23.1199
    7.5000   30.0000   15.0000 2771.7173   23.2363
   -7.5000   37.5000   15.0000 2689.3638   25.0067
    0.0000   37.5000   15.0000 2691.8999   24.8061
    7.5000   37.5000   15.0000 2688.1472   24.8936
   -7.5000   45.0000   15.0000 2582.1616   27.1262
    0.0000   45.0000   15.0000 2585.0498   26.9843
    7.5000   45.0000   15.0000 2582.6016   27.0713
   -7.5000  -45.0000   22.5000 2716.8816   28.2924
    0.0000  -45.0000   22.5000 2716.0820   28.1942
    7.5000  -45.0000   22.5000 2698.7529   28.0821
   -7.5000  -37.5000   22.5000 2790.5134   26.0387
    0.0000  -37.5000   22.5000 2791.9402   26.0036
    7.5000  -37.5000   22.5000 2773.8464   25.8108
   -7.5000  -30.0000   22.5000 2847.0459   24.1975
    0.0000  -30.0000   22.5000 2855.2495   24.2280
    7.5000  -30.0000   22.5000 2833.1653   23.9681
   -7.5000  -22.5000   22.5000 2905.4731   22.7923
    0.0000  -22.5000   22.5000 2917.9868   22.9096
    7.5000  -22.5000   22.5000 2888.5759   22.5552
   -7.5000  -15.0000   22.5000 2945.3225   21.7681
    0.0000  -15.0000   22.5000 2981.6145   22.0050
    7.5000  -15.0000   22.5000 2927.6631   21.5408
   -7.5000   -7.5000   22.5000 2955.3325   21.0009
    0.0000   -7.5000   22.5000 2977.2363   20.9742
    7.5000   -7.5000   22.5000 2929.5046   20.8376
   -7.5000    0.0000   22.5000 2961.6562   20.7805
    0.0000    0.0000   22.5000 2968.4211   20.5679
    7.5000    0.0000   22.5000 2935.2173   20.5813
   -7.5000    7.5000   22.5000 2954.9778   20.9800
    0.0000    7.5000   22.5000 2966.7146   20.8406
    7.5000    7.5000   22.5000 2935.8513   20.7939
   -7.5000   15.0000   22.5000 2922.1162   21.5757
    0.0000   15.0000   22.5000 2933.1067   21.4732
    7.5000   15.0000   22.5000 2911.4163   21.4358
   -7.5000   22.5000   22.5000 2864.8523   22.5618
    0.0000   22.5000   22.5000 2867.1458   22.4241
    7.5000   22.5000   22.5000 2854.8633   22.4078
   -7.5000   30.0000   22.5000 2786.1819   23.8384
    0.0000   30.0000   22.5000 2785.8838   23.6369
    7.5000   30.0000   22.5000 2776.8872   23.6928
   -7.5000   37.5000   22.5000 2702.2041   25.4226
    0.0000   37.5000   22.5000 2702.3391   25.2187
    7.5000   37.5000   22.5000 2689.9468   25.2599
   -7.5000   45.0000   22.5000 2592.3262   27.5306
    0.0000   45.0000   22.5000 2594.0347   27.3927
    7.5000   45.0000   22.5000 2589.8462   27.3774
   -7.5000  -45.0000   30.0000 2702.5776   28.6309
    0.0000  -45.0000   30.0000 2703.5322   28.4793
    7.5000  -45.0000   30.0000 2697.0718   28.6117
   -7.5000  -37.5000   30.0000 2774.3440   26.2661
    0.0000  -37.5000   30.0000 2775.1135   26.1362
    7.5000  -37.5000   30.0000 2770.0269   26.2107
   -7.5000  -30.0000   30.0000 2832.6953   24.3849
    0.0000  -30.0000   30.0000 2836.8169   24.3082
    7.5000  -30.0000   30.0000 2829.9910   24.3256
   -7.5000  -22.5000   30.0000 2887.4988   22.9205
    0.0000  -22.5000   30.0000 2900.9971   23.0156
    7.5000  -22.5000   30.0000 2887.1377   22.8794
   -7.5000  -15.0000   30.0000 2922.4922   21.8793
    0.0000  -15.0000   30.0000 2940.3608   21.8677
    7.5000  -15.0000   30.0000 2916.6223   21.8224
   -7.5000   -7.5000   30.0000 2940.1667   21.2497
    0.0000   -7.5000   30.0000 2937.3723   21.0408
    7.5000   -7.5000   30.0000 2926.8748   21.1788
   -7.5000    0.0000   30.0000 2961.4741   21.1617
    0.0000    0.0000   30.0000 2965.4358   20.9944
    7.5000    0.0000   30.0000 2950.0229   21.0497
   -7.5000    7.5000   30.0000 2964.8467   21.4668
    0.0000    7.5000   30.0000 2971.5225   21.3619
    7.5000    7.5000   30.0000 2950.9924   21.3480
   -7.5000   15.0000   30.0000 2931.0085   22.1989
    0.0000   15.0000   30.0000 2937.5505   22.0475
    7.5000   15.0000   30.0000 2922.6367   22.0533
   -7.5000   22.5000   30.0000 2869.8215   23.2047
    0.0000   22.5000   30.0000 2876.5593   23.0356
    7.5000   22.5000   30.0000 2868.5586   23.0686
   -7.5000   30.0000   30.0000 2790.2495   24.4807
    0.0000   30.0000   30.0000 2793.3066   24.2928
    7.5000   30.0000   30.0000 2784.5557   24.3137
   -7.5000   37.5000   30.0000 2705.8923   25.9684
    0.0000   37.5000   30.0000 2707.1338   25.7997
    7.5000   37.5000   30.0000 2697.8066   25.8231
   -7.5000   45.0000   30.0000 2593.5117   28.0036
    0.0000   45.0000   30.0000 2591.6418   27.8856
    7.5000   45.0000   30.0000 2581.8774   27.8380
   -7.5000  -45.0000   37.5000 2681.7988   28.9388
    0.0000  -45.0000   37.5000 2676.2927   28.7117
    7.5000  -45.0000   37.5000 2682.6697   29.0697
   -7.5000  -37.5000   37.5000 2755.6147   26.5317
    0.0000  -37.5000   37.5000 2752.5229   26.3604
    7.5000  -37.5000   37.5000 2759.7031   26.6516
   -7.5000  -30.0000   37.5000 2821.8423   24.7276
    0.0000  -30.0000   37.5000 2823.3743   24.6408
    7.5000  -30.0000   37.5000 2828.0688   24.8385
   -7.5000  -22.5000   37.5000 2874.9207   23.2957
    0.0000  -22.5000   37.5000 2886.5906   23.2941
    7.5000  -22.5000   37.5000 2882.1001   23.3714
   -7.5000  -15.0000   37.5000 2914.6770   22.3359
    0.0000  -15.0000   37.5000 2905.0198   22.0022
    7.5000  -15.0000   37.5000 2907.8235   22.2602
   -7.5000   -7.5000   37.5000 2941.7742   21.7693
    0.0000   -7.5000   37.5000 2942.1941   21.5840
    7.5000   -7.5000   37.5000 2933.9548   21.7063
   -7.5000    0.0000   37.5000 2959.3579   21.7136
    0.0000    0.0000   37.5000 2968.2283   21.6061
    7.5000    0.0000   37.5000 2953.7217   21.6595
   -7.5000    7.5000   37.5000 2958.1726   22.0492
    0.0000    7.5000   37.5000 2965.5544   21.9659
    7.5000    7.5000   37.5000 2952.7278   21.9836
   -7.5000   15.0000   37.5000 2926.4023   22.7971
    0.0000   15.0000   37.5000 2927.2100   22.6670
    7.5000   15.0000   37.5000 2922.2458   22.7215
   -7.5000   22.5000   37.5000 2864.4734   23.8434
    0.0000   22.5000   37.5000 2866.3940   23.6824
    7.5000   22.5000   37.5000 2863.4182   23.7730
   -7.5000   30.0000   37.5000 2788.3928   25.2147
    0.0000   30.0000   37.5000 2792.7146   25.0547
    7.5000   30.0000   37.5000 2787.1580   25.0873
   -7.5000   37.5000   37.5000 2700.6211   26.7250
    0.0000   37.5000   37.5000 2702.9097   26.5606
    7.5000   37.5000   37.5000 2697.4099   26.5683
   -7.5000   45.0000   37.5000 2585.3325   28.7083
    0.0000   45.0000   37.5000 2589.1177   28.5766
    7.5000   45.0000   37.5000 2576.3584   28.5610
   -7.5000  -45.0000   45.0000 2661.6423   29.4319
    0.0000  -45.0000   45.0000 2653.0850   29.1108
    7.5000  -45.0000   45.0000 2669.2905   29.6566
   -7.5000  -37.5000   45.0000 2745.8628   27.0700
    0.0000  -37.5000   45.0000 2734.2637   26.7807
    7.5000  -37.5000   45.0000 2753.2344   27.2672
   -7.5000  -30.0000   45.0000 2810.6992   25.2385
    0.0000  -30.0000   45.0000 2806.5898   25.0881
    7.5000  -30.0000   45.0000 2819.1509   25.4511
   -7.5000  -22.5000   45.0000 2861.9126   23.8742
    0.0000  -22.5000   45.0000 2847.6023   23.5456
    7.5000  -22.5000   45.0000 2866.5415   23.9344
   -7.5000  -15.0000   45.0000 2900.5000   22.9162
    0.0000  -15.0000   45.0000 2893.2107   22.5977
    7.5000  -15.0000   45.0000 2897.7417   22.8977
   -7.5000   -7.5000   45.0000 2938.4297   22.4440
    0.0000   -7.5000   45.0000 2936.3015   22.2649
    7.5000   -7.5000   45.0000 2933.8225   22.4170
   -7.5000    0.0000   45.0000 2950.9587   22.3993
    0.0000    0.0000   45.0000 2958.1082   22.2920
    7.5000    0.0000   45.0000 2944.6384   22.3627
   -7.5000    7.5000   45.0000 2942.1602   22.7317
    0.0000    7.5000   45.0000 2947.7869   22.6612
    7.5000    7.5000   45.0000 2940.3616   22.7107
   -7.5000   15.0000   45.0000 2909.8979   23.4964
    0.0000   15.0000   45.0000 2912.3267   23.3635
    7.5000   15.0000   45.0000 2905.3340   23.4274
   -7.5000   22.5000   45.0000 2847.2886   24.5695
    0.0000   22.5000   45.0000 2850.6055   24.3973
    7.5000   22.5000   45.0000 2847.7080   24.4754
   -7.5000   30.0000   45.0000 2773.3555   25.9086
    0.0000   30.0000   45.0000 2775.9727   25.7473
    7.5000   30.0000   45.0000 2775.0715   25.7804
   -7.5000   37.5000   45.0000 2683.6721   27.4836
    0.0000   37.5000   45.0000 2682.6057   27.3270
    7.5000   37.5000   45.0000 2679.8469   27.3342
   -7.5000   45.0000   45.0000 2568.9463   29.4863
    0.0000   45.0000   45.0000 2575.1125   29.3988
    7.5000   45.0000   45.0000 2564.9353   29.3980

---------------------------------------------------------------------
imgreg_4dfp /opt/freesurfer/average/711-2C_as_mni_average_305 /opt/freesurfer/average/711-2B_as_mni_average_305_mask talsrcimg_g11 none talsrcimg_to_711-2C_as_mni_average_305_t4 1283
---------------------------------------------------------------------

freesurfer imgreg_4dfp.c
/opt/freesurfer/average/711-2C_as_mni_average_305.4dfp.img
       256       256       256         1
  1.000000  1.000000  1.000000
orientation T byte_order littleendian
Reading image: /opt/freesurfer/average/711-2C_as_mni_average_305.4dfp.img
dimensions:      256       256       256
mmppix:       1.0000   -1.0000   -1.0000
center:     128.0000 -129.0000 -129.0000
/opt/freesurfer/average/711-2B_as_mni_average_305_mask.4dfp.img
       256       256       256         1
  1.000000  1.000000  1.000000
orientation T byte_order littleendian
Reading mask: /opt/freesurfer/average/711-2B_as_mni_average_305_mask.4dfp.img (2306576 pixels)
talsrcimg_g11.4dfp.img
       320       320       320         1
  0.800000  0.800000  0.800000
orientation T byte_order littleendian
Reading image: talsrcimg_g11.4dfp.img
dimensions:      320       320       320
mmppix:       0.8000   -0.8000   -0.8000
center:     128.0000 -128.8000 -128.8000
rotation matrix determinant  1.000000
fimgreg.f
image alignment mode   1283 decimal      503 hex
parameters
    0.0000   -7.5000   15.0000    0.0000    0.0000    0.0000
eta,q 0.94641 21.28018
niter,ni,del,rscale     5    3   12.0000    1.2000
parameters
   -1.7623   -7.8489   14.2414   -1.4828   -0.8902   -2.7060
eta,q 0.94801 21.16884
  0.0621  0.0590  0.0578  0.0533  0.0588  0.0530
  0.0560  0.0550  0.0557  0.0532  0.0553  0.0522
  0.0527  0.0529  0.0537  0.0532  0.0528  0.0520
  0.0550  0.0527  0.0527  0.0529  0.0532  0.0527
  0.0610  0.0533  0.0535  0.0526  0.0559  0.0537
  0.0690  0.0563  0.0568  0.0537  0.0589  0.0547
  0.0747  0.0607  0.0634  0.0562  0.0617  0.0563
niter,ni,del,rscale     4    3   12.0000    1.2000
parameters
   -1.7253   -7.3821   13.4922   -4.0381   -0.8545   -2.8730
eta,q 0.94787 21.26126
  0.0677  0.0594  0.0568  0.0521  0.0591  0.0540
  0.0615  0.0553  0.0540  0.0522  0.0554  0.0532
  0.0553  0.0526  0.0527  0.0521  0.0530  0.0526
  0.0520  0.0520  0.0520  0.0522  0.0521  0.0521
  0.0538  0.0522  0.0526  0.0523  0.0533  0.0527
  0.0603  0.0538  0.0556  0.0529  0.0557  0.0535
  0.0684  0.0573  0.0614  0.0541  0.0586  0.0541
niter,ni,del,rscale     3    3   12.0000    1.2000
parameters
   -1.7364   -6.6309   13.1371   -6.5899   -0.9844   -3.6809
eta,q 0.94809 21.35599
  0.0679  0.0594  0.0586  0.0522  0.0584  0.0531
  0.0613  0.0559  0.0547  0.0518  0.0550  0.0525
  0.0550  0.0534  0.0529  0.0520  0.0526  0.0521
  0.0521  0.0521  0.0521  0.0522  0.0519  0.0518
  0.0541  0.0524  0.0525  0.0523  0.0532  0.0522
  0.0607  0.0537  0.0554  0.0527  0.0555  0.0531
  0.0688  0.0567  0.0613  0.0535  0.0587  0.0540
niter,ni,del,rscale     2    3   12.0000    1.2000
parameters
   -1.7608   -6.2365   12.9116   -5.9822   -0.9288   -3.3776
eta,q 0.94804 21.24744
  0.0682  0.0595  0.0596  0.0540  0.0588  0.0540
  0.0609  0.0558  0.0549  0.0526  0.0553  0.0530
  0.0546  0.0532  0.0526  0.0519  0.0529  0.0525
  0.0519  0.0519  0.0519  0.0519  0.0520  0.0520
  0.0540  0.0525  0.0527  0.0524  0.0528  0.0521
  0.0608  0.0548  0.0557  0.0526  0.0550  0.0529
  0.0688  0.0577  0.0610  0.0529  0.0586  0.0537
niter,ni,del,rscale     1    3   12.0000    1.2000
parameters
   -1.8070   -6.2760   12.9552   -5.9258   -0.8757   -3.3590
eta,q 0.94802 21.24904
  0.0679  0.0582  0.0602  0.0534  0.0587  0.0538
  0.0610  0.0550  0.0554  0.0523  0.0553  0.0530
  0.0546  0.0529  0.0529  0.0518  0.0529  0.0524
  0.0520  0.0520  0.0520  0.0520  0.0520  0.0520
  0.0541  0.0527  0.0524  0.0523  0.0529  0.0523
  0.0608  0.0552  0.0550  0.0525  0.0551  0.0530
  0.0689  0.0584  0.0603  0.0530  0.0585  0.0538
registration optimization eta report
parameter search radius
    6.0000    6.0000    6.0000    6.0000    6.0000    6.0000
100000*second partial in parameter space
       45.       18.       23.        4.       18.        5.
  0.0679  0.0582  0.0602  0.0534  0.0587  0.0538
  0.0610  0.0550  0.0554  0.0523  0.0553  0.0530
  0.0546  0.0529  0.0529  0.0518  0.0529  0.0524
  0.0520  0.0520  0.0520  0.0520  0.0520  0.0520
  0.0541  0.0527  0.0524  0.0523  0.0529  0.0523
  0.0608  0.0552  0.0550  0.0525  0.0551  0.0530
  0.0689  0.0584  0.0603  0.0530  0.0585  0.0538
   -1.8070   -6.2760   12.9552   -5.9258   -0.8757   -3.3590
eta,q 0.94802 21.24904

---------------------------------------------------------------------
imgreg_4dfp /opt/freesurfer/average/711-2C_as_mni_average_305 /opt/freesurfer/average/711-2B_as_mni_average_305_mask talsrcimg_g11 none talsrcimg_to_711-2C_as_mni_average_305_t4 3335
---------------------------------------------------------------------

freesurfer imgreg_4dfp.c
/opt/freesurfer/average/711-2C_as_mni_average_305.4dfp.img
       256       256       256         1
  1.000000  1.000000  1.000000
orientation T byte_order littleendian
Reading image: /opt/freesurfer/average/711-2C_as_mni_average_305.4dfp.img
dimensions:      256       256       256
mmppix:       1.0000   -1.0000   -1.0000
center:     128.0000 -129.0000 -129.0000
/opt/freesurfer/average/711-2B_as_mni_average_305_mask.4dfp.img
       256       256       256         1
  1.000000  1.000000  1.000000
orientation T byte_order littleendian
Reading mask: /opt/freesurfer/average/711-2B_as_mni_average_305_mask.4dfp.img (2306576 pixels)
talsrcimg_g11.4dfp.img
       320       320       320         1
  0.800000  0.800000  0.800000
orientation T byte_order littleendian
Reading image: talsrcimg_g11.4dfp.img
dimensions:      320       320       320
mmppix:       0.8000   -0.8000   -0.8000
center:     128.0000 -128.8000 -128.8000
fimgreg.f
image alignment mode   3335 decimal      D07 hex
parameters
   -1.8070   -6.2760   12.9552   -0.1835   -0.6960   -0.5460
    5.6704    2.1225   -5.8586   10.2172   -1.5284  -10.3228
eta,q 0.95019 21.51669
niter,ni,del,rscale     5    3    5.0000    1.2000
parameter  4  0.712377 ->  0.500000 qaram    1.1500
parameter  5  1.152956 ->  0.500000 qaram    1.1500
parameter  6 -0.625546 -> -0.500000 qaram    1.1500
parameters
   -1.6063   -6.6540   13.2161   -4.3235   -4.8360    3.5940
    5.6136    3.2089   -3.7139    8.3517   -0.2961   -7.3576
eta,q 0.95975 21.63290
  0.0541  0.0509  0.0508  0.0474  0.0427  0.0466  0.0443  0.0518  0.0438  0.0423  0.0433  0.0432
  0.0520  0.0501  0.0502  0.0464  0.0430  0.0457  0.0425  0.0464  0.0424  0.0411  0.0419  0.0419
  0.0505  0.0498  0.0499  0.0469  0.0442  0.0446  0.0414  0.0427  0.0414  0.0406  0.0410  0.0411
  0.0498  0.0498  0.0497  0.0497  0.0464  0.0433  0.0410  0.0410  0.0408  0.0407  0.0406  0.0405
  0.0500  0.0501  0.0497  0.0547  0.0493  0.0418  0.0414  0.0411  0.0407  0.0415  0.0406  0.0403
  0.0511  0.0508  0.0500  0.0609  0.0527  0.0409  0.0426  0.0430  0.0409  0.0433  0.0410  0.0403
  0.0530  0.0518  0.0504  0.0666  0.0561  0.0434  0.0444  0.0468  0.0415  0.0463  0.0419  0.0408
niter,ni,del,rscale     7    3    5.0000    1.2000
parameter  2 -0.699140 -> -0.500000 qaram    1.1500
parameter  5  0.632911 ->  0.500000 qaram    1.3225
parameter 12 -0.598423 -> -0.500000 qaram    1.1500
parameters
   -1.4220   -5.2740   12.9766   -6.1693   -9.5970    2.4650
    4.8449    2.2509   -3.1066    7.6889    0.6178   -3.2176
eta,q 0.96164 21.29949
  0.0442  0.0450  0.0410  0.0441  0.0387  0.0432  0.0402  0.0417  0.0401  0.0403  0.0394  0.0399
  0.0421  0.0431  0.0398  0.0423  0.0380  0.0418  0.0393  0.0395  0.0393  0.0395  0.0390  0.0394
  0.0408  0.0415  0.0392  0.0403  0.0382  0.0399  0.0388  0.0387  0.0388  0.0389  0.0387  0.0390
  0.0402  0.0402  0.0392  0.0391  0.0398  0.0379  0.0387  0.0387  0.0386  0.0386  0.0387  0.0386
  0.0405  0.0394  0.0396  0.0409  0.0429  0.0382  0.0390  0.0394  0.0387  0.0388  0.0387  0.0384
  0.0414  0.0392  0.0405  0.0467  0.0469  0.0426  0.0398  0.0410  0.0390  0.0397  0.0388  0.0384
  0.0432  0.0395  0.0418  0.0553  0.0514  0.0509  0.0410  0.0439  0.0396  0.0415  0.0391  0.0386
niter,ni,del,rscale     7    3    5.0000    1.2000
parameter  2 -0.634650 -> -0.500000 qaram    1.3225
parameters
   -1.2062   -3.6870   12.4489   -5.6853  -12.6175    1.7781
    4.2889    2.1962   -2.7640    7.1327    1.3240   -3.0478
eta,q 0.96299 21.04779
  0.0403  0.0440  0.0378  0.0428  0.0394  0.0415  0.0386  0.0413  0.0386  0.0389  0.0377  0.0379
  0.0393  0.0417  0.0373  0.0413  0.0376  0.0402  0.0377  0.0385  0.0377  0.0379  0.0373  0.0375
  0.0387  0.0398  0.0371  0.0393  0.0365  0.0385  0.0372  0.0372  0.0372  0.0373  0.0371  0.0372
  0.0384  0.0383  0.0372  0.0371  0.0368  0.0365  0.0370  0.0370  0.0370  0.0370  0.0370  0.0370
  0.0384  0.0374  0.0374  0.0359  0.0392  0.0358  0.0373  0.0375  0.0371  0.0372  0.0370  0.0370
  0.0388  0.0372  0.0380  0.0379  0.0434  0.0395  0.0381  0.0388  0.0375  0.0381  0.0371  0.0373
  0.0398  0.0378  0.0389  0.0439  0.0480  0.0468  0.0393  0.0413  0.0383  0.0399  0.0374  0.0379
niter,ni,del,rscale     7    3    5.0000    1.2000
parameters
   -1.1255   -2.4264   12.9728   -5.1892  -14.6547    1.8150
    4.0004    2.0351   -2.8088    6.9042    1.8410   -4.0760
eta,q 0.96402 20.88470
  0.0389  0.0424  0.0375  0.0421  0.0397  0.0407  0.0380  0.0401  0.0376  0.0383  0.0367  0.0367
  0.0379  0.0401  0.0369  0.0405  0.0378  0.0394  0.0369  0.0375  0.0367  0.0371  0.0363  0.0363
  0.0373  0.0383  0.0366  0.0385  0.0363  0.0378  0.0362  0.0362  0.0361  0.0363  0.0361  0.0361
  0.0370  0.0370  0.0364  0.0363  0.0359  0.0360  0.0360  0.0360  0.0360  0.0360  0.0360  0.0360
  0.0371  0.0364  0.0363  0.0351  0.0376  0.0347  0.0362  0.0364  0.0362  0.0362  0.0360  0.0361
  0.0377  0.0366  0.0364  0.0372  0.0414  0.0373  0.0370  0.0378  0.0367  0.0371  0.0361  0.0366
  0.0388  0.0378  0.0368  0.0431  0.0459  0.0430  0.0384  0.0404  0.0377  0.0388  0.0365  0.0374
niter,ni,del,rscale     6    3    5.0000    1.2000
parameters
   -1.1097   -1.9232   13.5173   -4.9065  -15.6528    1.9691
    3.9293    1.8985   -2.9199    6.8015    1.8672   -4.9712
eta,q 0.96434 20.81817
  0.0381  0.0401  0.0370  0.0418  0.0403  0.0404  0.0379  0.0398  0.0374  0.0381  0.0364  0.0365
  0.0370  0.0382  0.0364  0.0401  0.0383  0.0391  0.0367  0.0372  0.0364  0.0369  0.0359  0.0361
  0.0363  0.0368  0.0361  0.0380  0.0365  0.0375  0.0359  0.0360  0.0358  0.0360  0.0357  0.0358
  0.0360  0.0360  0.0359  0.0358  0.0356  0.0357  0.0356  0.0356  0.0356  0.0356  0.0356  0.0356
  0.0361  0.0359  0.0358  0.0348  0.0363  0.0345  0.0359  0.0361  0.0359  0.0359  0.0357  0.0358
  0.0368  0.0367  0.0359  0.0372  0.0393  0.0369  0.0367  0.0375  0.0365  0.0368  0.0359  0.0363
  0.0381  0.0383  0.0363  0.0433  0.0439  0.0422  0.0380  0.0401  0.0374  0.0385  0.0364  0.0372
niter,ni,del,rscale     5    3    5.0000    1.2000
parameters
   -1.1395   -1.7422   13.7910   -4.7933  -15.9779    2.0384
    3.9823    1.8839   -2.9272    6.8362    1.7394   -5.6340
eta,q 0.96443 20.80003
  0.0379  0.0392  0.0366  0.0417  0.0407  0.0403  0.0379  0.0399  0.0374  0.0381  0.0363  0.0365
  0.0367  0.0374  0.0362  0.0400  0.0386  0.0389  0.0367  0.0372  0.0363  0.0369  0.0358  0.0360
  0.0359  0.0362  0.0358  0.0379  0.0367  0.0373  0.0359  0.0359  0.0357  0.0360  0.0356  0.0357
  0.0357  0.0357  0.0356  0.0356  0.0355  0.0356  0.0356  0.0356  0.0356  0.0356  0.0356  0.0356
  0.0359  0.0358  0.0356  0.0348  0.0358  0.0345  0.0358  0.0360  0.0358  0.0357  0.0356  0.0357
  0.0367  0.0368  0.0358  0.0375  0.0382  0.0369  0.0366  0.0373  0.0364  0.0366  0.0359  0.0361
  0.0381  0.0386  0.0363  0.0437  0.0426  0.0423  0.0379  0.0399  0.0373  0.0383  0.0364  0.0370
niter,ni,del,rscale     4    3    5.0000    1.2000
parameters
   -1.1720   -1.6903   13.9548   -4.7546  -16.0175    2.0751
    4.0184    1.9069   -2.8917    6.8838    1.6101   -6.1301
eta,q 0.96448 20.80012
  0.0378  0.0388  0.0365  0.0416  0.0408  0.0402  0.0379  0.0399  0.0374  0.0381  0.0363  0.0365
  0.0366  0.0371  0.0361  0.0399  0.0388  0.0388  0.0366  0.0372  0.0363  0.0369  0.0358  0.0360
  0.0358  0.0360  0.0357  0.0378  0.0368  0.0372  0.0358  0.0359  0.0357  0.0360  0.0356  0.0357
  0.0356  0.0356  0.0356  0.0356  0.0355  0.0355  0.0355  0.0355  0.0355  0.0355  0.0355  0.0355
  0.0358  0.0358  0.0356  0.0349  0.0356  0.0345  0.0357  0.0359  0.0357  0.0357  0.0356  0.0356
  0.0366  0.0369  0.0358  0.0376  0.0378  0.0368  0.0365  0.0372  0.0363  0.0366  0.0359  0.0360
  0.0380  0.0387  0.0364  0.0439  0.0420  0.0423  0.0379  0.0398  0.0373  0.0383  0.0363  0.0369
niter,ni,del,rscale     3    3    5.0000    1.2000
parameters
   -1.1917   -1.6933   14.0570   -4.7500  -15.9552    2.1016
    4.0235    1.9352   -2.8453    6.9288    1.4787   -6.4785
eta,q 0.96451 20.80629
  0.0379  0.0387  0.0364  0.0416  0.0409  0.0402  0.0379  0.0398  0.0373  0.0381  0.0363  0.0365
  0.0366  0.0370  0.0360  0.0399  0.0388  0.0388  0.0366  0.0372  0.0363  0.0368  0.0358  0.0360
  0.0358  0.0359  0.0357  0.0378  0.0368  0.0371  0.0358  0.0359  0.0357  0.0359  0.0355  0.0356
  0.0355  0.0355  0.0355  0.0355  0.0355  0.0355  0.0355  0.0355  0.0355  0.0355  0.0355  0.0355
  0.0358  0.0358  0.0356  0.0349  0.0355  0.0345  0.0357  0.0359  0.0357  0.0356  0.0356  0.0356
  0.0366  0.0369  0.0358  0.0377  0.0376  0.0368  0.0365  0.0372  0.0363  0.0365  0.0358  0.0360
  0.0380  0.0388  0.0364  0.0440  0.0418  0.0423  0.0379  0.0397  0.0373  0.0383  0.0363  0.0368
niter,ni,del,rscale     2    3    5.0000    1.2000
parameters
   -1.1964   -1.7157   14.1213   -4.7586  -15.8747    2.1247
    4.0001    1.9759   -2.8018    6.9628    1.3802   -6.7111
eta,q 0.96453 20.81310
  0.0379  0.0387  0.0364  0.0416  0.0408  0.0402  0.0378  0.0398  0.0373  0.0380  0.0363  0.0365
  0.0366  0.0370  0.0360  0.0399  0.0388  0.0388  0.0366  0.0372  0.0363  0.0368  0.0358  0.0360
  0.0358  0.0359  0.0357  0.0378  0.0368  0.0371  0.0358  0.0358  0.0357  0.0359  0.0355  0.0356
  0.0355  0.0355  0.0355  0.0355  0.0355  0.0355  0.0355  0.0355  0.0355  0.0355  0.0355  0.0355
  0.0357  0.0358  0.0355  0.0348  0.0355  0.0345  0.0357  0.0359  0.0357  0.0356  0.0356  0.0355
  0.0365  0.0369  0.0358  0.0377  0.0376  0.0368  0.0365  0.0372  0.0363  0.0365  0.0358  0.0359
  0.0380  0.0389  0.0364  0.0440  0.0418  0.0422  0.0379  0.0397  0.0373  0.0383  0.0363  0.0368
niter,ni,del,rscale     1    3    5.0000    1.2000
parameters
   -1.1946   -1.7406   14.1564   -4.7718  -15.8035    2.1433
    3.9719    2.0079   -2.7745    6.9897    1.3000   -6.8620
eta,q 0.96455 20.81892
  0.0379  0.0386  0.0364  0.0415  0.0408  0.0402  0.0378  0.0398  0.0373  0.0380  0.0363  0.0365
  0.0366  0.0370  0.0359  0.0398  0.0387  0.0387  0.0365  0.0372  0.0363  0.0368  0.0358  0.0360
  0.0358  0.0359  0.0356  0.0377  0.0368  0.0371  0.0357  0.0358  0.0356  0.0359  0.0355  0.0356
  0.0355  0.0355  0.0355  0.0355  0.0355  0.0355  0.0354  0.0354  0.0355  0.0355  0.0354  0.0355
  0.0357  0.0358  0.0355  0.0348  0.0355  0.0345  0.0357  0.0359  0.0357  0.0356  0.0356  0.0355
  0.0365  0.0369  0.0358  0.0377  0.0376  0.0368  0.0365  0.0371  0.0363  0.0365  0.0358  0.0359
  0.0379  0.0389  0.0364  0.0440  0.0418  0.0423  0.0379  0.0397  0.0373  0.0383  0.0363  0.0367
registration optimization eta report
parameter search radius
    2.4000    3.1740    2.4000    8.2800    9.5220    8.2800
    7.2000    7.2000    7.2000    7.2000    7.2000    8.2800
100000*second partial in parameter space
       42.       33.       16.       11.        6.        9.
        5.        8.        4.        5.        2.        2.
  0.0379  0.0386  0.0364  0.0415  0.0408  0.0402  0.0378  0.0398  0.0373  0.0380  0.0363  0.0365
  0.0366  0.0370  0.0359  0.0398  0.0387  0.0387  0.0365  0.0372  0.0363  0.0368  0.0358  0.0360
  0.0358  0.0359  0.0356  0.0377  0.0368  0.0371  0.0357  0.0358  0.0356  0.0359  0.0355  0.0356
  0.0355  0.0355  0.0355  0.0355  0.0355  0.0355  0.0354  0.0354  0.0355  0.0355  0.0354  0.0355
  0.0357  0.0358  0.0355  0.0348  0.0355  0.0345  0.0357  0.0359  0.0357  0.0356  0.0356  0.0355
  0.0365  0.0369  0.0358  0.0377  0.0376  0.0368  0.0365  0.0371  0.0363  0.0365  0.0358  0.0359
  0.0379  0.0389  0.0364  0.0440  0.0418  0.0423  0.0379  0.0397  0.0373  0.0383  0.0363  0.0367
   -1.1946   -1.7406   14.1564   -4.7718  -15.8035    2.1433
    3.9719    2.0079   -2.7745    6.9897    1.3000   -6.8620
eta,q 0.96455 20.81892

---------------------------------------------------------------------
imgreg_4dfp /opt/freesurfer/average/711-2C_as_mni_average_305 /opt/freesurfer/average/711-2B_as_mni_average_305_mask talsrcimg_g11 none talsrcimg_to_711-2C_as_mni_average_305_t4 2311
---------------------------------------------------------------------

freesurfer imgreg_4dfp.c
/opt/freesurfer/average/711-2C_as_mni_average_305.4dfp.img
       256       256       256         1
  1.000000  1.000000  1.000000
orientation T byte_order littleendian
Reading image: /opt/freesurfer/average/711-2C_as_mni_average_305.4dfp.img
dimensions:      256       256       256
mmppix:       1.0000   -1.0000   -1.0000
center:     128.0000 -129.0000 -129.0000
/opt/freesurfer/average/711-2B_as_mni_average_305_mask.4dfp.img
       256       256       256         1
  1.000000  1.000000  1.000000
orientation T byte_order littleendian
Reading mask: /opt/freesurfer/average/711-2B_as_mni_average_305_mask.4dfp.img (2306576 pixels)
talsrcimg_g11.4dfp.img
       320       320       320         1
  0.800000  0.800000  0.800000
orientation T byte_order littleendian
Reading image: talsrcimg_g11.4dfp.img
dimensions:      320       320       320
mmppix:       0.8000   -0.8000   -0.8000
center:     128.0000 -128.8000 -128.8000
fimgreg.f
image alignment mode   2311 decimal      907 hex
parameters
   -1.1946   -1.7406   14.1564   -4.7718  -15.8035    2.1433
    3.9719    2.0079   -2.7745    6.9897    1.3000   -6.8620
eta,q 0.96455 20.81892
niter,ni,del,rscale     5    3    5.0000    0.8000
parameters
   -1.1566   -1.6974   14.2628   -3.1022  -15.4451    3.3766
    3.6684    2.1761   -2.5682    6.9168    1.4147   -6.9823
eta,q 0.96572 20.86051
  0.0366  0.0363  0.0359  0.0393  0.0366  0.0373  0.0357  0.0377  0.0355  0.0357  0.0351  0.0348
  0.0360  0.0359  0.0357  0.0381  0.0357  0.0363  0.0349  0.0358  0.0348  0.0350  0.0346  0.0345
  0.0356  0.0356  0.0355  0.0367  0.0351  0.0354  0.0344  0.0347  0.0344  0.0345  0.0344  0.0343
  0.0355  0.0355  0.0355  0.0354  0.0347  0.0347  0.0343  0.0343  0.0343  0.0343  0.0343  0.0343
  0.0355  0.0355  0.0355  0.0347  0.0347  0.0342  0.0345  0.0345  0.0344  0.0344  0.0344  0.0343
  0.0359  0.0358  0.0356  0.0350  0.0352  0.0343  0.0351  0.0355  0.0347  0.0349  0.0346  0.0345
  0.0365  0.0362  0.0358  0.0366  0.0363  0.0359  0.0361  0.0372  0.0353  0.0359  0.0350  0.0349
niter,ni,del,rscale     4    3    5.0000    0.7000
parameters
   -1.2618   -2.2662   14.1903   -3.2727  -14.6908    3.5421
    3.7888    2.0451   -2.5758    7.1100    1.4158   -6.7605
eta,q 0.96597 20.93646
  0.0354  0.0344  0.0346  0.0370  0.0358  0.0363  0.0353  0.0363  0.0349  0.0353  0.0346  0.0345
  0.0347  0.0342  0.0343  0.0358  0.0351  0.0354  0.0346  0.0350  0.0344  0.0347  0.0343  0.0342
  0.0344  0.0341  0.0342  0.0347  0.0345  0.0347  0.0342  0.0343  0.0341  0.0342  0.0341  0.0341
  0.0343  0.0343  0.0341  0.0341  0.0342  0.0341  0.0340  0.0340  0.0340  0.0340  0.0340  0.0340
  0.0345  0.0346  0.0342  0.0344  0.0341  0.0338  0.0342  0.0343  0.0341  0.0341  0.0341  0.0341
  0.0350  0.0350  0.0344  0.0357  0.0344  0.0345  0.0345  0.0352  0.0344  0.0345  0.0343  0.0342
  0.0358  0.0357  0.0347  0.0380  0.0350  0.0366  0.0352  0.0367  0.0349  0.0351  0.0346  0.0344
niter,ni,del,rscale     3    3    5.0000    0.6000
parameters
   -1.3048   -2.4738   14.0265   -3.2564  -14.4204    3.7914
    3.7751    1.9873   -2.5194    7.2159    1.3809   -6.4815
eta,q 0.96610 20.96608
  0.0350  0.0344  0.0343  0.0364  0.0351  0.0358  0.0348  0.0358  0.0346  0.0348  0.0344  0.0343
  0.0344  0.0342  0.0341  0.0353  0.0346  0.0351  0.0343  0.0347  0.0342  0.0344  0.0341  0.0341
  0.0341  0.0340  0.0340  0.0345  0.0342  0.0345  0.0340  0.0341  0.0340  0.0340  0.0340  0.0340
  0.0340  0.0340  0.0340  0.0340  0.0340  0.0340  0.0339  0.0339  0.0339  0.0339  0.0339  0.0339
  0.0342  0.0342  0.0341  0.0341  0.0340  0.0337  0.0340  0.0341  0.0340  0.0340  0.0340  0.0339
  0.0345  0.0344  0.0342  0.0350  0.0343  0.0342  0.0343  0.0348  0.0342  0.0343  0.0341  0.0340
  0.0351  0.0348  0.0345  0.0366  0.0349  0.0358  0.0348  0.0359  0.0345  0.0348  0.0344  0.0342
niter,ni,del,rscale     2    3    5.0000    0.5000
parameters
   -1.3297   -2.5810   13.9090   -3.2185  -14.3325    3.9969
    3.7284    1.9554   -2.4597    7.2490    1.3197   -6.2387
eta,q 0.96617 20.97848
  0.0346  0.0342  0.0341  0.0357  0.0346  0.0353  0.0344  0.0352  0.0343  0.0345  0.0342  0.0341
  0.0342  0.0340  0.0340  0.0349  0.0343  0.0347  0.0341  0.0344  0.0340  0.0341  0.0340  0.0339
  0.0340  0.0339  0.0339  0.0342  0.0340  0.0343  0.0339  0.0340  0.0339  0.0339  0.0339  0.0339
  0.0339  0.0339  0.0339  0.0339  0.0339  0.0339  0.0338  0.0338  0.0338  0.0338  0.0338  0.0338
  0.0340  0.0340  0.0340  0.0340  0.0339  0.0337  0.0339  0.0340  0.0339  0.0339  0.0339  0.0338
  0.0342  0.0341  0.0341  0.0346  0.0341  0.0341  0.0341  0.0345  0.0340  0.0341  0.0340  0.0339
  0.0346  0.0344  0.0342  0.0358  0.0346  0.0353  0.0345  0.0353  0.0343  0.0345  0.0342  0.0340
niter,ni,del,rscale     1    3    5.0000    0.4000
parameters
   -1.3426   -2.6356   13.8440   -3.1799  -14.3290    4.1998
    3.6820    1.9456   -2.4079    7.2307    1.2682   -6.0664
eta,q 0.96623 20.98155
  0.0343  0.0341  0.0340  0.0350  0.0343  0.0349  0.0342  0.0347  0.0341  0.0342  0.0340  0.0339
  0.0340  0.0339  0.0339  0.0344  0.0340  0.0344  0.0339  0.0342  0.0339  0.0340  0.0339  0.0338
  0.0339  0.0338  0.0338  0.0340  0.0339  0.0341  0.0338  0.0339  0.0338  0.0338  0.0338  0.0338
  0.0338  0.0338  0.0338  0.0338  0.0338  0.0338  0.0338  0.0338  0.0338  0.0338  0.0338  0.0338
  0.0339  0.0339  0.0339  0.0339  0.0339  0.0337  0.0338  0.0339  0.0338  0.0338  0.0338  0.0338
  0.0340  0.0340  0.0339  0.0343  0.0340  0.0340  0.0340  0.0342  0.0339  0.0340  0.0339  0.0338
  0.0343  0.0341  0.0341  0.0350  0.0343  0.0348  0.0342  0.0347  0.0340  0.0342  0.0340  0.0339
registration optimization eta report
parameter search radius
    0.8000    0.8000    0.8000    2.4000    2.4000    2.4000
    2.4000    2.4000    2.4000    2.4000    2.4000    2.4000
100000*second partial in parameter space
       73.       43.       32.       21.        8.       17.
        7.       17.        5.        7.        4.        2.
  0.0343  0.0341  0.0340  0.0350  0.0343  0.0349  0.0342  0.0347  0.0341  0.0342  0.0340  0.0339
  0.0340  0.0339  0.0339  0.0344  0.0340  0.0344  0.0339  0.0342  0.0339  0.0340  0.0339  0.0338
  0.0339  0.0338  0.0338  0.0340  0.0339  0.0341  0.0338  0.0339  0.0338  0.0338  0.0338  0.0338
  0.0338  0.0338  0.0338  0.0338  0.0338  0.0338  0.0338  0.0338  0.0338  0.0338  0.0338  0.0338
  0.0339  0.0339  0.0339  0.0339  0.0339  0.0337  0.0338  0.0339  0.0338  0.0338  0.0338  0.0338
  0.0340  0.0340  0.0339  0.0343  0.0340  0.0340  0.0340  0.0342  0.0339  0.0340  0.0339  0.0338
  0.0343  0.0341  0.0341  0.0350  0.0343  0.0348  0.0342  0.0347  0.0340  0.0342  0.0340  0.0339
   -1.3426   -2.6356   13.8440   -3.1799  -14.3290    4.1998
    3.6820    1.9456   -2.4079    7.2307    1.2682   -6.0664
eta,q 0.96623 20.98155

---------------------------------------------------------------------
imgreg_4dfp /opt/freesurfer/average/711-2C_as_mni_average_305 /opt/freesurfer/average/711-2B_as_mni_average_305_mask talsrcimg_g11 none talsrcimg_to_711-2C_as_mni_average_305_t4 2311
---------------------------------------------------------------------

freesurfer imgreg_4dfp.c
/opt/freesurfer/average/711-2C_as_mni_average_305.4dfp.img
       256       256       256         1
  1.000000  1.000000  1.000000
orientation T byte_order littleendian
Reading image: /opt/freesurfer/average/711-2C_as_mni_average_305.4dfp.img
dimensions:      256       256       256
mmppix:       1.0000   -1.0000   -1.0000
center:     128.0000 -129.0000 -129.0000
/opt/freesurfer/average/711-2B_as_mni_average_305_mask.4dfp.img
       256       256       256         1
  1.000000  1.000000  1.000000
orientation T byte_order littleendian
Reading mask: /opt/freesurfer/average/711-2B_as_mni_average_305_mask.4dfp.img (2306576 pixels)
talsrcimg_g11.4dfp.img
       320       320       320         1
  0.800000  0.800000  0.800000
orientation T byte_order littleendian
Reading image: talsrcimg_g11.4dfp.img
dimensions:      320       320       320
mmppix:       0.8000   -0.8000   -0.8000
center:     128.0000 -128.8000 -128.8000
fimgreg.f
image alignment mode   2311 decimal      907 hex
parameters
   -1.3426   -2.6356   13.8440   -3.1799  -14.3290    4.1998
    3.6820    1.9456   -2.4079    7.2307    1.2682   -6.0664
eta,q 0.96623 20.98155
niter,ni,del,rscale     5    3    5.0000    0.8000
parameters
   -1.3435   -2.7065   13.8928   -3.6660  -14.4534    3.5753
    3.7924    1.9421   -2.4601    7.0809    1.2930   -5.7712
eta,q 0.96594 20.97687
  0.0357  0.0348  0.0348  0.0370  0.0355  0.0364  0.0355  0.0372  0.0351  0.0354  0.0348  0.0346
  0.0346  0.0342  0.0342  0.0356  0.0347  0.0354  0.0347  0.0354  0.0345  0.0347  0.0344  0.0344
  0.0340  0.0339  0.0339  0.0344  0.0341  0.0345  0.0343  0.0344  0.0342  0.0343  0.0342  0.0342
  0.0338  0.0338  0.0338  0.0338  0.0339  0.0339  0.0341  0.0341  0.0341  0.0341  0.0341  0.0341
  0.0340  0.0339  0.0339  0.0343  0.0340  0.0341  0.0342  0.0344  0.0342  0.0342  0.0342  0.0341
  0.0346  0.0343  0.0342  0.0362  0.0346  0.0362  0.0346  0.0354  0.0346  0.0348  0.0344  0.0342
  0.0356  0.0350  0.0346  0.0394  0.0359  0.0394  0.0354  0.0372  0.0351  0.0357  0.0348  0.0345
niter,ni,del,rscale     4    3    5.0000    0.7000
parameters
   -1.3138   -2.5048   13.7908   -3.4600  -14.5028    3.5409
    3.7528    1.9830   -2.4493    7.0984    1.3414   -5.6954
eta,q 0.96600 20.96170
  0.0354  0.0351  0.0345  0.0372  0.0353  0.0363  0.0351  0.0365  0.0348  0.0352  0.0346  0.0344
  0.0347  0.0346  0.0342  0.0359  0.0347  0.0354  0.0345  0.0351  0.0344  0.0346  0.0343  0.0342
  0.0342  0.0342  0.0341  0.0348  0.0342  0.0346  0.0341  0.0343  0.0341  0.0342  0.0341  0.0341
  0.0341  0.0341  0.0340  0.0340  0.0340  0.0340  0.0340  0.0340  0.0340  0.0340  0.0340  0.0340
  0.0342  0.0341  0.0341  0.0341  0.0341  0.0338  0.0341  0.0342  0.0341  0.0341  0.0341  0.0340
  0.0346  0.0343  0.0343  0.0350  0.0346  0.0348  0.0345  0.0350  0.0344  0.0345  0.0343  0.0342
  0.0353  0.0346  0.0346  0.0371  0.0355  0.0372  0.0352  0.0365  0.0348  0.0352  0.0346  0.0344
niter,ni,del,rscale     3    3    5.0000    0.6000
parameters
   -1.3105   -2.4978   13.8021   -3.2903  -14.5159    3.7245
    3.7366    1.9800   -2.4501    7.0747    1.3293   -5.6951
eta,q 0.96609 20.96043
  0.0350  0.0346  0.0344  0.0365  0.0350  0.0359  0.0348  0.0358  0.0345  0.0348  0.0344  0.0342
  0.0344  0.0343  0.0342  0.0354  0.0345  0.0351  0.0343  0.0348  0.0342  0.0343  0.0341  0.0341
  0.0341  0.0341  0.0340  0.0345  0.0341  0.0345  0.0340  0.0341  0.0340  0.0340  0.0340  0.0340
  0.0340  0.0340  0.0340  0.0340  0.0340  0.0340  0.0339  0.0339  0.0339  0.0339  0.0339  0.0339
  0.0341  0.0341  0.0340  0.0341  0.0341  0.0337  0.0340  0.0341  0.0340  0.0340  0.0340  0.0339
  0.0344  0.0343  0.0342  0.0348  0.0344  0.0343  0.0343  0.0348  0.0342  0.0343  0.0341  0.0340
  0.0350  0.0346  0.0344  0.0364  0.0351  0.0360  0.0348  0.0359  0.0345  0.0348  0.0344  0.0342
niter,ni,del,rscale     2    3    5.0000    0.5000
parameters
   -1.3239   -2.5457   13.8160   -3.1952  -14.4810    3.9531
    3.7149    1.9645   -2.4266    7.0612    1.2859   -5.7212
eta,q 0.96617 20.96506
  0.0346  0.0343  0.0342  0.0357  0.0346  0.0354  0.0344  0.0352  0.0343  0.0345  0.0342  0.0340
  0.0342  0.0341  0.0340  0.0349  0.0343  0.0348  0.0341  0.0345  0.0340  0.0341  0.0340  0.0339
  0.0340  0.0340  0.0339  0.0343  0.0340  0.0343  0.0339  0.0340  0.0339  0.0339  0.0339  0.0339
  0.0339  0.0339  0.0339  0.0339  0.0339  0.0339  0.0338  0.0338  0.0338  0.0338  0.0338  0.0338
  0.0340  0.0340  0.0339  0.0340  0.0340  0.0337  0.0339  0.0340  0.0339  0.0339  0.0339  0.0339
  0.0342  0.0341  0.0340  0.0346  0.0342  0.0341  0.0341  0.0345  0.0340  0.0341  0.0340  0.0339
  0.0346  0.0344  0.0342  0.0357  0.0346  0.0353  0.0345  0.0353  0.0343  0.0345  0.0342  0.0341
niter,ni,del,rscale     1    3    5.0000    0.4000
parameters
   -1.3405   -2.6076   13.8222   -3.1464  -14.4431    4.1806
    3.6850    1.9529   -2.4018    7.0632    1.2434   -5.7813
eta,q 0.96622 20.97077
  0.0343  0.0341  0.0340  0.0351  0.0343  0.0349  0.0342  0.0347  0.0341  0.0342  0.0340  0.0339
  0.0340  0.0339  0.0339  0.0345  0.0341  0.0345  0.0339  0.0342  0.0339  0.0340  0.0339  0.0338
  0.0339  0.0338  0.0339  0.0340  0.0339  0.0341  0.0338  0.0339  0.0338  0.0338  0.0338  0.0338
  0.0338  0.0338  0.0338  0.0338  0.0338  0.0338  0.0338  0.0338  0.0338  0.0338  0.0338  0.0338
  0.0339  0.0339  0.0339  0.0339  0.0339  0.0337  0.0338  0.0339  0.0338  0.0338  0.0338  0.0338
  0.0341  0.0340  0.0339  0.0343  0.0340  0.0340  0.0340  0.0342  0.0339  0.0340  0.0339  0.0338
  0.0343  0.0342  0.0340  0.0350  0.0343  0.0347  0.0342  0.0348  0.0341  0.0342  0.0340  0.0339
registration optimization eta report
parameter search radius
    0.8000    0.8000    0.8000    2.4000    2.4000    2.4000
    2.4000    2.4000    2.4000    2.4000    2.4000    2.4000
100000*second partial in parameter space
       73.       43.       32.       21.        8.       17.
        7.       17.        5.        7.        4.        2.
  0.0343  0.0341  0.0340  0.0351  0.0343  0.0349  0.0342  0.0347  0.0341  0.0342  0.0340  0.0339
  0.0340  0.0339  0.0339  0.0345  0.0341  0.0345  0.0339  0.0342  0.0339  0.0340  0.0339  0.0338
  0.0339  0.0338  0.0339  0.0340  0.0339  0.0341  0.0338  0.0339  0.0338  0.0338  0.0338  0.0338
  0.0338  0.0338  0.0338  0.0338  0.0338  0.0338  0.0338  0.0338  0.0338  0.0338  0.0338  0.0338
  0.0339  0.0339  0.0339  0.0339  0.0339  0.0337  0.0338  0.0339  0.0338  0.0338  0.0338  0.0338
  0.0341  0.0340  0.0339  0.0343  0.0340  0.0340  0.0340  0.0342  0.0339  0.0340  0.0339  0.0338
  0.0343  0.0342  0.0340  0.0350  0.0343  0.0347  0.0342  0.0348  0.0341  0.0342  0.0340  0.0339
   -1.3405   -2.6076   13.8222   -3.1464  -14.4431    4.1806
    3.6850    1.9529   -2.4018    7.0632    1.2434   -5.7813
eta,q 0.96622 20.97077

---------------------------------------------------------------------
compute_vox2vox talsrcimg talsrcimg_to_711-2C_as_mni_average_305_t4 /opt/freesurfer/average/711-2C_as_mni_average_305
---------------------------------------------------------------------

freesurfer compute_vox2vox.c
Reading: talsrcimg.4dfp.ifh
Reading: talsrcimg_to_711-2C_as_mni_average_305_t4
Reading: /opt/freesurfer/average/711-2C_as_mni_average_305.4dfp.ifh
Writing: talsrcimg_to_711-2C_as_mni_average_305_t4_vox2vox.txt

start time Tue Mar 10 21:46:05 CET 2026
end		time Tue Mar 10 21:47:28 CET 2026

mpr2mni305 success

avi2talxfm orig_nu.mgz /opt/freesurfer/average/mni305.cor.mgz talsrcimg_to_711-2C_as_mni_average_305_t4_vox2vox.txt transforms/talairach.auto.xfm
avi2talxfm done
mv -f /out/sourcedata/freesurfer/sub-v2s11x28726_ses-1/mri/talsrcimg_to_711-2C_as_mni_average_305_t4_vox2vox.txt /out/sourcedata/freesurfer/sub-v2s11x28726_ses-1/mri/transforms/talsrcimg_to_711-2C_as_mni_average_305_t4_vox2vox.txt
lta_convert --src orig_nu.mgz --trg /opt/freesurfer/average/mni305.cor.mgz --inxfm transforms/talairach.auto.xfm --outlta transforms/talairach.auto.xfm.lta --subject fsaverage
7.3.2

--src: orig_nu.mgz src image (geometry).
--trg: /opt/freesurfer/average/mni305.cor.mgz trg image (geometry).
--inmni: transforms/talairach.auto.xfm input MNI/XFM transform.
--outlta: transforms/talairach.auto.xfm.lta output LTA.
--s: fsaverage subject name
 LTA read, type : 1
 1.03157  -0.01625  -0.04553   0.10773;
-0.01066   0.95566   0.06504  -6.83738;
 0.02984  -0.07935   1.16217  -36.94159;
 0.00000   0.00000   0.00000   1.00000;
setting subject to fsaverage
Writing  LTA to file transforms/talairach.auto.xfm.lta...
lta_convert successful.
 
 
Started at Tue Mar 10 21:46:05 CET 2026
Ended   at Tue Mar 10 21:47:28 CET 2026
talairach_avi done
