/out/sourcedata/freesurfer/sub-v2s11x28716_ses-1/mri
/opt/freesurfer/bin/talairach_avi
--i orig_nu.mgz --xfm transforms/talairach.auto.xfm --atlas 3T18yoSchwartzReactN32_as_orig
talairach_avi 7.3.2
Linux dna063 5.14.0-427.37.1.el9_4.x86_64 #1 SMP PREEMPT_DYNAMIC Fri Sep 13 12:41:50 EDT 2024 x86_64 x86_64 x86_64 GNU/Linux
Tue Mar 10 21:09:24 CET 2026
mri_convert orig_nu.mgz talsrcimg.img 
reading from orig_nu.mgz...
TR=0.00, TE=0.00, TI=0.00, flip angle=0.00
i_ras = (-1, 0, 0)
j_ras = (0, 0, -1)
k_ras = (0, 1, 0)
writing to talsrcimg.img...
Analyze Output Matrix
-0.80000   0.00000   0.00000   133.93283;
 0.00000   0.00000   0.80000  -137.27258;
 0.00000  -0.80000   0.00000   145.87404;
 0.00000   0.00000   0.00000   1.00000;
--------------------
INFO: set hdr.hist.orient to -1
mpr2mni305 talsrcimg
Tue Mar 10 21:09:24 CET 2026
/opt/freesurfer/bin/mpr2mni305 talsrcimg
mpr2mni305 7.3.2
target=3T18yoSchwartzReactN32_as_orig

---------------------------------------------------------------------
analyzeto4dfp talsrcimg -O0 -y
---------------------------------------------------------------------

freesurfer ifh2hdr.c
Tue Mar 10 21:09:24 2026
Writing: talsrcimg.4dfp.hdr
freesurfer analyzeto4dfp.c
Reading: talsrcimg.hdr
header size 348 bytes
hdr.dime.datatype	offset=70	value=2
hdr.dime.bitpix		offset=72	value=8
hdr.hist.orient		offset=252	value=-1
dimensionality     4
dimensions       320       320       320         1
Reading: talsrcimg.img
Writing: talsrcimg.4dfp.img
Writing: talsrcimg.4dfp.ifh
ifh2hdr talsrcimg -r0to176
ori=2

---------------------------------------------------------------------
gauss_4dfp talsrcimg 1.1
---------------------------------------------------------------------

freesurfer gauss_4dfp.c
Reading: talsrcimg.4dfp.img
Writing: talsrcimg_g11.4dfp.img
image dimensions 320 320 320 padded to 384 384 384
processing volume 1freesurfer ifh2hdr.c
Tue Mar 10 21:09:41 2026
Writing: talsrcimg_g11.4dfp.hdr

Writing: talsrcimg_g11.4dfp.ifh
including: talsrcimg.4dfp.img.rec in talsrcimg_g11.4dfp.img.rec

---------------------------------------------------------------------
imgreg_4dfp /opt/freesurfer/average/3T18yoSchwartzReactN32_as_orig none talsrcimg_g11 none talsrcimg_to_3T18yoSchwartzReactN32_as_orig_t4 4355
---------------------------------------------------------------------

freesurfer imgreg_4dfp.c
/opt/freesurfer/average/3T18yoSchwartzReactN32_as_orig.4dfp.img
       256       256       256         1
  1.000000  1.000000  1.000000
orientation T byte_order littleendian
Reading image: /opt/freesurfer/average/3T18yoSchwartzReactN32_as_orig.4dfp.img
dimensions:      256       256       256
mmppix:       1.0000   -1.0000   -1.0000
center:     128.0000 -129.0000 -129.0000
talsrcimg_g11.4dfp.img
       320       320       320         1
  0.800000  0.800000  0.800000
orientation T byte_order littleendian
Reading image: talsrcimg_g11.4dfp.img
dimensions:      320       320       320
mmppix:       0.8000   -0.8000   -0.8000
center:     128.0000 -128.8000 -128.8000
t4_read: open error in t4_sub.f l:  46 t4_file(1:l)talsrcimg_to_3T18yoSchwartzReactN32_as_orig_t4 
t4_read: transform initialized to I4
rotation matrix determinant  1.000000
image alignment mode   4355 decimal     1103 hex
   -7.5000  -45.0000  -45.0000 9497.2041   17.2582
    0.0000  -45.0000  -45.0000 9886.2471   17.3140
    7.5000  -45.0000  -45.0000 9535.7656   17.2337
   -7.5000  -37.5000  -45.000010016.3252   17.3003
    0.0000  -37.5000  -45.000010442.2090   17.3576
    7.5000  -37.5000  -45.000010068.1455   17.2743
   -7.5000  -30.0000  -45.000010606.7617   18.2849
    0.0000  -30.0000  -45.000011054.9854   18.3450
    7.5000  -30.0000  -45.000010649.2910   18.2522
   -7.5000  -22.5000  -45.000011146.3613   19.1767
    0.0000  -22.5000  -45.000011628.0273   19.2381
    7.5000  -22.5000  -45.000011165.5723   19.1400
   -7.5000  -15.0000  -45.000011662.5342   19.9117
    0.0000  -15.0000  -45.000012163.3086   19.9748
    7.5000  -15.0000  -45.000011681.4150   19.8771
   -7.5000   -7.5000  -45.000012161.4619   20.5224
    0.0000   -7.5000  -45.000012672.0430   20.5874
    7.5000   -7.5000  -45.000012197.0801   20.4912
   -7.5000    0.0000  -45.000012581.8564   21.1266
    0.0000    0.0000  -45.000013116.5947   21.1950
    7.5000    0.0000  -45.000012643.1865   21.0966
   -7.5000    7.5000  -45.000012206.7598   21.1058
    0.0000    7.5000  -45.000012724.1621   21.1757
    7.5000    7.5000  -45.000012267.4854   21.0741
   -7.5000   15.0000  -45.000011728.8682   21.1714
    0.0000   15.0000  -45.000012235.7031   21.2410
    7.5000   15.0000  -45.000011772.1094   21.1336
   -7.5000   22.5000  -45.000011161.9834   21.1635
    0.0000   22.5000  -45.000011643.0068   21.2313
    7.5000   22.5000  -45.000011187.0195   21.1231
   -7.5000   30.0000  -45.000010614.3096   20.9906
    0.0000   30.0000  -45.000011068.2285   21.0571
    7.5000   30.0000  -45.000010627.2637   20.9541
   -7.5000   37.5000  -45.000010466.8896   20.8539
    0.0000   37.5000  -45.000010928.0449   20.9199
    7.5000   37.5000  -45.000010486.8359   20.8221
   -7.5000   45.0000  -45.0000 9863.5752   20.5480
    0.0000   45.0000  -45.000010325.7012   20.6145
    7.5000   45.0000  -45.0000 9898.3066   20.5188
   -7.5000  -45.0000  -37.5000 9852.0566   17.1213
    0.0000  -45.0000  -37.500010316.6494   17.1750
    7.5000  -45.0000  -37.5000 9902.1650   17.0996
   -7.5000  -37.5000  -37.500010382.9014   17.1726
    0.0000  -37.5000  -37.500010904.1289   17.2255
    7.5000  -37.5000  -37.500010442.9795   17.1449
   -7.5000  -30.0000  -37.500011014.6045   18.1547
    0.0000  -30.0000  -37.500011562.9883   18.2067
    7.5000  -30.0000  -37.500011068.4268   18.1146
   -7.5000  -22.5000  -37.500011581.7588   19.0355
    0.0000  -22.5000  -37.500012153.1611   19.0872
    7.5000  -22.5000  -37.500011620.7754   18.9898
   -7.5000  -15.0000  -37.500012124.6406   19.7539
    0.0000  -15.0000  -37.500012687.0107   19.8096
    7.5000  -15.0000  -37.500012170.2480   19.7150
   -7.5000   -7.5000  -37.500012630.8613   20.3535
    0.0000   -7.5000  -37.500013204.0342   20.4150
    7.5000   -7.5000  -37.500012697.3770   20.3242
   -7.5000    0.0000  -37.500013070.1895   20.9590
    0.0000    0.0000  -37.500013647.3916   21.0248
    7.5000    0.0000  -37.500013139.2314   20.9325
   -7.5000    7.5000  -37.500012672.0127   20.9500
    0.0000    7.5000  -37.500013236.0869   21.0146
    7.5000    7.5000  -37.500012738.2119   20.9163
   -7.5000   15.0000  -37.500012156.9414   21.0206
    0.0000   15.0000  -37.500012709.9307   21.0809
    7.5000   15.0000  -37.500012213.6865   20.9742
   -7.5000   22.5000  -37.500011592.2314   21.0077
    0.0000   22.5000  -37.500012114.8887   21.0648
    7.5000   22.5000  -37.500011628.6543   20.9573
   -7.5000   30.0000  -37.500011003.4287   20.8243
    0.0000   30.0000  -37.500011477.2090   20.8829
    7.5000   30.0000  -37.500011021.1924   20.7832
   -7.5000   37.5000  -37.500010814.9795   20.6821
    0.0000   37.5000  -37.500011303.6348   20.7447
    7.5000   37.5000  -37.500010855.7920   20.6524
   -7.5000   45.0000  -37.500010209.9766   20.3850
    0.0000   45.0000  -37.500010686.4629   20.4489
    7.5000   45.0000  -37.500010255.5225   20.3592
   -7.5000  -45.0000  -30.000010502.3262   17.4148
    0.0000  -45.0000  -30.000011044.1709   17.4703
    7.5000  -45.0000  -30.000010573.5000   17.3953
   -7.5000  -37.5000  -30.000011071.5488   17.4758
    0.0000  -37.5000  -30.000011672.0938   17.5278
    7.5000  -37.5000  -30.000011144.0605   17.4472
   -7.5000  -30.0000  -30.000011761.5381   18.4930
    0.0000  -30.0000  -30.000012394.0791   18.5420
    7.5000  -30.0000  -30.000011825.5430   18.4471
   -7.5000  -22.5000  -30.000012390.8633   19.3996
    0.0000  -22.5000  -30.000013030.6572   19.4490
    7.5000  -22.5000  -30.000012439.1592   19.3470
   -7.5000  -15.0000  -30.000012980.0566   20.1402
    0.0000  -15.0000  -30.000013612.0137   20.1968
    7.5000  -15.0000  -30.000013035.5889   20.0982
   -7.5000   -7.5000  -30.000013496.8057   20.7694
    0.0000   -7.5000  -30.000014147.3242   20.8342
    7.5000   -7.5000  -30.000013576.2793   20.7417
   -7.5000    0.0000  -30.000013952.4062   21.4213
    0.0000    0.0000  -30.000014620.1748   21.4896
    7.5000    0.0000  -30.000014035.5703   21.3974
   -7.5000    7.5000  -30.000013547.9639   21.4229
    0.0000    7.5000  -30.000014175.5254   21.4866
    7.5000    7.5000  -30.000013600.4219   21.3878
   -7.5000   15.0000  -30.000013004.8115   21.4951
    0.0000   15.0000  -30.000013585.7197   21.5521
    7.5000   15.0000  -30.000013033.6104   21.4419
   -7.5000   22.5000  -30.000012396.4912   21.4721
    0.0000   22.5000  -30.000012962.8486   21.5269
    7.5000   22.5000  -30.000012434.2227   21.4140
   -7.5000   30.0000  -30.000011764.7080   21.2742
    0.0000   30.0000  -30.000012286.6660   21.3340
    7.5000   30.0000  -30.000011792.3691   21.2298
   -7.5000   37.5000  -30.000011575.1748   21.1282
    0.0000   37.5000  -30.000012113.9873   21.1942
    7.5000   37.5000  -30.000011619.2412   21.1000
   -7.5000   45.0000  -30.000010915.6025   20.8405
    0.0000   45.0000  -30.000011419.5508   20.9069
    7.5000   45.0000  -30.000010966.8633   20.8172
   -7.5000  -45.0000  -22.500011152.5820   17.5582
    0.0000  -45.0000  -22.500011743.1299   17.6187
    7.5000  -45.0000  -22.500011239.2695   17.5431
   -7.5000  -37.5000  -22.500011780.9434   17.6219
    0.0000  -37.5000  -22.500012419.3564   17.6782
    7.5000  -37.5000  -22.500011865.9648   17.5986
   -7.5000  -30.0000  -22.500012526.2227   18.6546
    0.0000  -30.0000  -22.500013204.7041   18.7095
    7.5000  -30.0000  -22.500012593.1729   18.6157
   -7.5000  -22.5000  -22.500013198.1562   19.5764
    0.0000  -22.5000  -22.500013885.5156   19.6343
    7.5000  -22.5000  -22.500013263.7451   19.5314
   -7.5000  -15.0000  -22.500013801.4814   20.3365
    0.0000  -15.0000  -22.500014510.1572   20.4026
    7.5000  -15.0000  -22.500013887.4277   20.3015
   -7.5000   -7.5000  -22.500014372.0127   20.9929
    0.0000   -7.5000  -22.500015084.2402   21.0660
    7.5000   -7.5000  -22.500014459.7959   20.9709
   -7.5000    0.0000  -22.500014861.4346   21.6788
    0.0000    0.0000  -22.500015586.5615   21.7534
    7.5000    0.0000  -22.500014956.7812   21.6601
   -7.5000    7.5000  -22.500014421.5762   21.6823
    0.0000    7.5000  -22.500015121.9785   21.7517
    7.5000    7.5000  -22.500014492.4287   21.6536
   -7.5000   15.0000  -22.500013819.1592   21.7499
    0.0000   15.0000  -22.500014466.3623   21.8139
    7.5000   15.0000  -22.500013853.9072   21.7045
   -7.5000   22.5000  -22.500013179.3906   21.7196
    0.0000   22.5000  -22.500013800.4766   21.7838
    7.5000   22.5000  -22.500013216.4072   21.6697
   -7.5000   30.0000  -22.500012515.0820   21.5179
    0.0000   30.0000  -22.500013103.2471   21.5880
    7.5000   30.0000  -22.500012551.8340   21.4809
   -7.5000   37.5000  -22.500012366.8975   21.3742
    0.0000   37.5000  -22.500012950.8086   21.4486
    7.5000   37.5000  -22.500012398.1318   21.3517
   -7.5000   45.0000  -22.500011692.2051   21.0923
    0.0000   45.0000  -22.500012238.1211   21.1649
    7.5000   45.0000  -22.500011734.6309   21.0742
   -7.5000  -45.0000  -15.000011830.5283   17.5469
    0.0000  -45.0000  -15.000012472.9102   17.6130
    7.5000  -45.0000  -15.000011927.3896   17.5363
   -7.5000  -37.5000  -15.000012523.6602   17.6052
    0.0000  -37.5000  -15.000013188.9961   17.6691
    7.5000  -37.5000  -15.000012612.3945   17.5905
   -7.5000  -30.0000  -15.000013304.0439   18.6358
    0.0000  -30.0000  -15.000014019.5352   18.7021
    7.5000  -30.0000  -15.000013394.4365   18.6121
   -7.5000  -22.5000  -15.000014021.6123   19.5656
    0.0000  -22.5000  -15.000014766.3721   19.6371
    7.5000  -22.5000  -15.000014104.2725   19.5383
   -7.5000  -15.0000  -15.000014694.3066   20.3435
    0.0000  -15.0000  -15.000015454.2725   20.4214
    7.5000  -15.0000  -15.000014771.6045   20.3219
   -7.5000   -7.5000  -15.000015292.4902   21.0198
    0.0000   -7.5000  -15.000016058.7949   21.1013
    7.5000   -7.5000  -15.000015376.1709   21.0049
   -7.5000    0.0000  -15.000015777.5459   21.7213
    0.0000    0.0000  -15.000016572.7598   21.8031
    7.5000    0.0000  -15.000015879.8213   21.7081
   -7.5000    7.5000  -15.000015306.6494   21.7171
    0.0000    7.5000  -15.000016073.8789   21.7960
    7.5000    7.5000  -15.000015381.0254   21.6990
   -7.5000   15.0000  -15.000014691.9453   21.7771
    0.0000   15.0000  -15.000015413.7715   21.8546
    7.5000   15.0000  -15.000014737.6211   21.7494
   -7.5000   22.5000  -15.000014018.3662   21.7467
    0.0000   22.5000  -15.000014695.4473   21.8261
    7.5000   22.5000  -15.000014046.1113   21.7163
   -7.5000   30.0000  -15.000013350.2129   21.5525
    0.0000   30.0000  -15.000014003.4082   21.6350
    7.5000   30.0000  -15.000013370.4443   21.5296
   -7.5000   37.5000  -15.000013210.6631   21.4138
    0.0000   37.5000  -15.000013857.3857   21.4968
    7.5000   37.5000  -15.000013222.9219   21.3986
   -7.5000   45.0000  -15.000012548.5537   21.1301
    0.0000   45.0000  -15.000013125.4805   21.2096
    7.5000   45.0000  -15.000012553.3750   21.1172
   -7.5000  -45.0000   -7.500012478.9951   17.3956
    0.0000  -45.0000   -7.500013128.6621   17.4651
    7.5000  -45.0000   -7.500012580.3447   17.3902
   -7.5000  -37.5000   -7.500013236.5273   17.4461
    0.0000  -37.5000   -7.500013915.7041   17.5163
    7.5000  -37.5000   -7.500013336.8428   17.4404
   -7.5000  -30.0000   -7.500014075.3467   18.4691
    0.0000  -30.0000   -7.500014802.7852   18.5444
    7.5000  -30.0000   -7.500014184.2148   18.4598
   -7.5000  -22.5000   -7.500014849.1572   19.4033
    0.0000  -22.5000   -7.500015614.6514   19.4833
    7.5000  -22.5000   -7.500014954.3926   19.3920
   -7.5000  -15.0000   -7.500015553.9121   20.1933
    0.0000  -15.0000   -7.500016349.6348   20.2767
    7.5000  -15.0000   -7.500015633.3330   20.1840
   -7.5000   -7.5000   -7.500016185.9990   20.8782
    0.0000   -7.5000   -7.500016999.0723   20.9630
    7.5000   -7.5000   -7.500016271.5254   20.8707
   -7.5000    0.0000   -7.500016696.2305   21.5821
    0.0000    0.0000   -7.500017530.5742   21.6683
    7.5000    0.0000   -7.500016790.2188   21.5755
   -7.5000    7.5000   -7.500016194.2861   21.5675
    0.0000    7.5000   -7.500017011.5195   21.6543
    7.5000    7.5000   -7.500016279.9453   21.5605
   -7.5000   15.0000   -7.500015565.7715   21.6226
    0.0000   15.0000   -7.500016338.4492   21.7107
    7.5000   15.0000   -7.500015629.8477   21.6117
   -7.5000   22.5000   -7.500014880.3760   21.5973
    0.0000   22.5000   -7.500015600.0117   21.6863
    7.5000   22.5000   -7.500014911.1738   21.5848
   -7.5000   30.0000   -7.500014192.0615   21.4128
    0.0000   30.0000   -7.500014875.1455   21.5012
    7.5000   30.0000   -7.500014193.9941   21.4029
   -7.5000   37.5000   -7.500014089.0762   21.2771
    0.0000   37.5000   -7.500014753.0869   21.3634
    7.5000   37.5000   -7.500014078.3506   21.2694
   -7.5000   45.0000   -7.500013372.8311   20.9872
    0.0000   45.0000   -7.500013971.1084   21.0710
    7.5000   45.0000   -7.500013357.8398   20.9807
   -7.5000  -45.0000    0.000013068.9004   17.2893
    0.0000  -45.0000    0.000013713.1172   17.3588
    7.5000  -45.0000    0.000013197.8906   17.2877
   -7.5000  -37.5000    0.000013894.0566   17.3370
    0.0000  -37.5000    0.000014529.2432   17.4078
    7.5000  -37.5000    0.000014003.4541   17.3340
   -7.5000  -30.0000    0.000014823.6045   18.3600
    0.0000  -30.0000    0.000015450.7939   18.4346
    7.5000  -30.0000    0.000014908.8594   18.3523
   -7.5000  -22.5000    0.000015630.0039   19.2987
    0.0000  -22.5000    0.000016339.1172   19.3758
    7.5000  -22.5000    0.000015722.7539   19.2887
   -7.5000  -15.0000    0.000016359.2266   20.0960
    0.0000  -15.0000    0.000017123.2578   20.1757
    7.5000  -15.0000    0.000016436.4238   20.0889
   -7.5000   -7.5000    0.000017032.4062   20.7891
    0.0000   -7.5000    0.000017798.9395   20.8715
    7.5000   -7.5000    0.000017103.0488   20.7855
   -7.5000    0.0000    0.000017599.1016   21.5006
    0.0000    0.0000    0.000018375.2324   21.5871
    7.5000    0.0000    0.000017671.0020   21.4987
   -7.5000    7.5000    0.000017098.2559   21.4836
    0.0000    7.5000    0.000017853.8379   21.5714
    7.5000    7.5000    0.000017138.7910   21.4799
   -7.5000   15.0000    0.000016459.8164   21.5401
    0.0000   15.0000    0.000017198.8926   21.6276
    7.5000   15.0000    0.000016470.6074   21.5311
   -7.5000   22.5000    0.000015744.2656   21.5166
    0.0000   22.5000    0.000016476.2871   21.6025
    7.5000   22.5000    0.000015738.6670   21.5054
   -7.5000   30.0000    0.000015006.9551   21.3335
    0.0000   30.0000    0.000015731.7041   21.4181
    7.5000   30.0000    0.000014973.4805   21.3259
   -7.5000   37.5000    0.000014887.3740   21.1974
    0.0000   37.5000    0.000015615.3535   21.2815
    7.5000   37.5000    0.000014858.6113   21.1938
   -7.5000   45.0000    0.000014114.9502   20.9040
    0.0000   45.0000    0.000014800.5195   20.9881
    7.5000   45.0000    0.000014105.4180   20.9021
   -7.5000  -45.0000    7.500012710.7803   17.4844
    0.0000  -45.0000    7.500013353.4189   17.5517
    7.5000  -45.0000    7.500012870.8096   17.4822
   -7.5000  -37.5000    7.500013510.2686   17.5399
    0.0000  -37.5000    7.500013998.0000   17.6065
    7.5000  -37.5000    7.500013566.5977   17.5322
   -7.5000  -30.0000    7.500014371.2930   18.5836
    0.0000  -30.0000    7.500014715.1240   18.6506
    7.5000  -30.0000    7.500014343.0020   18.5654
   -7.5000  -22.5000    7.500015187.9199   19.5344
    0.0000  -22.5000    7.500015648.0850   19.6022
    7.5000  -22.5000    7.500015197.3467   19.5120
   -7.5000  -15.0000    7.500015984.9492   20.3345
    0.0000  -15.0000    7.500016537.7129   20.4069
    7.5000  -15.0000    7.500016011.1270   20.3192
   -7.5000   -7.5000    7.500016694.2793   21.0315
    0.0000   -7.5000    7.500017280.3809   21.1102
    7.5000   -7.5000    7.500016706.0840   21.0256
   -7.5000    0.0000    7.500017245.0078   21.7567
    0.0000    0.0000    7.500017890.0254   21.8404
    7.5000    0.0000    7.500017250.5527   21.7539
   -7.5000    7.5000    7.500016720.6895   21.7483
    0.0000    7.5000    7.500017416.6191   21.8309
    7.5000    7.5000    7.500016707.4219   21.7388
   -7.5000   15.0000    7.500016091.2715   21.8139
    0.0000   15.0000    7.500016831.2051   21.8925
    7.5000   15.0000    7.500016069.8799   21.7926
   -7.5000   22.5000    7.500015391.2500   21.7896
    0.0000   22.5000    7.500016139.6045   21.8651
    7.5000   22.5000    7.500015355.3721   21.7646
   -7.5000   30.0000    7.500014686.0020   21.5961
    0.0000   30.0000    7.500015416.8242   21.6730
    7.5000   30.0000    7.500014643.2529   21.5799
   -7.5000   37.5000    7.500014577.1299   21.4516
    0.0000   37.5000    7.500015291.3359   21.5319
    7.5000   37.5000    7.500014566.0000   21.4456
   -7.5000   45.0000    7.500013801.2891   21.1597
    0.0000   45.0000    7.500014477.2627   21.2412
    7.5000   45.0000    7.500013822.9805   21.1571
   -7.5000  -45.0000   15.000012205.2412   17.7303
    0.0000  -45.0000   15.000012727.7471   17.7955
    7.5000  -45.0000   15.000012351.7324   17.7262
   -7.5000  -37.5000   15.000013014.0674   17.7969
    0.0000  -37.5000   15.000013442.6025   17.8588
    7.5000  -37.5000   15.000013056.2725   17.7842
   -7.5000  -30.0000   15.000013840.1768   18.8575
    0.0000  -30.0000   15.000014157.0918   18.9175
    7.5000  -30.0000   15.000013788.9473   18.8292
   -7.5000  -22.5000   15.000014661.2988   19.8143
    0.0000  -22.5000   15.000015026.5176   19.8753
    7.5000  -22.5000   15.000014609.0039   19.7801
   -7.5000  -15.0000   15.000015452.4180   20.6170
    0.0000  -15.0000   15.000015915.1182   20.6854
    7.5000  -15.0000   15.000015421.7754   20.5934
   -7.5000   -7.5000   15.000016125.2178   21.3242
    0.0000   -7.5000   15.000016687.4121   21.4013
    7.5000   -7.5000   15.000016103.0674   21.3148
   -7.5000    0.0000   15.000016635.0625   22.0731
    0.0000    0.0000   15.000017307.9629   22.1543
    7.5000    0.0000   15.000016611.7871   22.0680
   -7.5000    7.5000   15.000016127.7559   22.0791
    0.0000    7.5000   15.000016864.6152   22.1560
    7.5000    7.5000   15.000016102.4414   22.0634
   -7.5000   15.0000   15.000015527.6133   22.1495
    0.0000   15.0000   15.000016284.0332   22.2199
    7.5000   15.0000   15.000015512.5059   22.1161
   -7.5000   22.5000   15.000014842.9092   22.1164
    0.0000   22.5000   15.000015571.9688   22.1844
    7.5000   22.5000   15.000014831.6182   22.0782
   -7.5000   30.0000   15.000014143.9736   21.9093
    0.0000   30.0000   15.000014839.5176   21.9820
    7.5000   30.0000   15.000014149.9756   21.8842
   -7.5000   37.5000   15.000014035.9463   21.7601
    0.0000   37.5000   15.000014703.5127   21.8387
    7.5000   37.5000   15.000014072.2656   21.7505
   -7.5000   45.0000   15.000013320.3193   21.4764
    0.0000   45.0000   15.000013949.0947   21.5554
    7.5000   45.0000   15.000013367.5645   21.4715
   -7.5000  -45.0000   22.500011535.4580   18.0061
    0.0000  -45.0000   22.500012092.3213   18.0726
    7.5000  -45.0000   22.500011650.4473   18.0017
   -7.5000  -37.5000   22.500012290.0713   18.0785
    0.0000  -37.5000   22.500012863.6465   18.1410
    7.5000  -37.5000   22.500012356.9756   18.0661
   -7.5000  -30.0000   22.500013106.7852   19.1541
    0.0000  -30.0000   22.500013765.3730   19.2156
    7.5000  -30.0000   22.500013175.8115   19.1266
   -7.5000  -22.5000   22.500013881.8877   20.1192
    0.0000  -22.5000   22.500014588.6270   20.1840
    7.5000  -22.5000   22.500013934.5742   20.0859
   -7.5000  -15.0000   22.500014596.5391   20.9308
    0.0000  -15.0000   22.500015305.9609   21.0042
    7.5000  -15.0000   22.500014632.9922   20.9078
   -7.5000   -7.5000   22.500015248.4443   21.6513
    0.0000   -7.5000   22.500015971.4209   21.7320
    7.5000   -7.5000   22.500015271.9951   21.6418
   -7.5000    0.0000   22.500015761.1104   22.4181
    0.0000    0.0000   22.500016527.1738   22.5010
    7.5000    0.0000   22.500015812.4883   22.4127
   -7.5000    7.5000   22.500015321.8623   22.4317
    0.0000    7.5000   22.500016077.6699   22.5093
    7.5000    7.5000   22.500015374.0195   22.4163
   -7.5000   15.0000   22.500014773.0410   22.5016
    0.0000   15.0000   22.500015462.2891   22.5738
    7.5000   15.0000   22.500014792.5967   22.4693
   -7.5000   22.5000   22.500014147.8496   22.4621
    0.0000   22.5000   22.500014769.2822   22.5343
    7.5000   22.5000   22.500014147.9004   22.4249
   -7.5000   30.0000   22.500013506.0840   22.2496
    0.0000   30.0000   22.500014087.1963   22.3276
    7.5000   30.0000   22.500013514.4912   22.2251
   -7.5000   37.5000   22.500013402.7344   22.1002
    0.0000   37.5000   22.500013976.5488   22.1826
    7.5000   37.5000   22.500013439.6270   22.0905
   -7.5000   45.0000   22.500012729.9805   21.8210
    0.0000   45.0000   22.500013297.2803   21.9017
    7.5000   45.0000   22.500012781.5654   21.8157
   -7.5000  -45.0000   30.000010906.8740   18.3748
    0.0000  -45.0000   30.000011461.2773   18.4445
    7.5000  -45.0000   30.000010999.0869   18.3703
   -7.5000  -37.5000   30.000011599.8447   18.4464
    0.0000  -37.5000   30.000012153.2793   18.5139
    7.5000  -37.5000   30.000011688.2871   18.4380
   -7.5000  -30.0000   30.000012380.1123   19.5385
    0.0000  -30.0000   30.000012970.5820   19.6086
    7.5000  -30.0000   30.000012484.7012   19.5208
   -7.5000  -22.5000   30.000013118.6445   20.5216
    0.0000  -22.5000   30.000013737.6104   20.5971
    7.5000  -22.5000   30.000013208.3447   20.5001
   -7.5000  -15.0000   30.000013795.2490   21.3557
    0.0000  -15.0000   30.000014431.8955   21.4379
    7.5000  -15.0000   30.000013875.4561   21.3402
   -7.5000   -7.5000   30.000014437.8818   22.0954
    0.0000   -7.5000   30.000015100.4043   22.1816
    7.5000   -7.5000   30.000014501.5938   22.0874
   -7.5000    0.0000   30.000014964.4238   22.8778
    0.0000    0.0000   30.000015649.8408   22.9645
    7.5000    0.0000   30.000015029.0039   22.8722
   -7.5000    7.5000   30.000014568.3330   22.8904
    0.0000    7.5000   30.000015237.6963   22.9742
    7.5000    7.5000   30.000014619.9092   22.8800
   -7.5000   15.0000   30.000014026.4805   22.9571
    0.0000   15.0000   30.000014660.9180   23.0395
    7.5000   15.0000   30.000014042.9395   22.9364
   -7.5000   22.5000   30.000013420.1455   22.9172
    0.0000   22.5000   30.000014014.5615   23.0015
    7.5000   22.5000   30.000013430.9775   22.8932
   -7.5000   30.0000   30.000012833.4990   22.7089
    0.0000   30.0000   30.000013398.6641   22.7964
    7.5000   30.0000   30.000012849.9375   22.6925
   -7.5000   37.5000   30.000012745.6113   22.5611
    0.0000   37.5000   30.000013289.1211   22.6491
    7.5000   37.5000   30.000012766.8857   22.5530
   -7.5000   45.0000   30.000012126.3955   22.2783
    0.0000   45.0000   30.000012656.2490   22.3628
    7.5000   45.0000   30.000012146.7715   22.2729
   -7.5000  -45.0000   37.500010747.8711   18.7424
    0.0000  -45.0000   37.500011292.3242   18.8155
    7.5000  -45.0000   37.500010807.2598   18.7418
   -7.5000  -37.5000   37.500011409.8340   18.8109
    0.0000  -37.5000   37.500011978.5459   18.8849
    7.5000  -37.5000   37.500011485.1475   18.8100
   -7.5000  -30.0000   37.500012186.4580   19.9214
    0.0000  -30.0000   37.500012787.8252   20.0009
    7.5000  -30.0000   37.500012267.7217   19.9168
   -7.5000  -22.5000   37.500012909.2109   20.9267
    0.0000  -22.5000   37.500013508.4355   21.0111
    7.5000  -22.5000   37.500012953.7324   20.9202
   -7.5000  -15.0000   37.500013579.4219   21.7845
    0.0000  -15.0000   37.500014194.9375   21.8725
    7.5000  -15.0000   37.500013630.6465   21.7803
   -7.5000   -7.5000   37.500014225.4648   22.5413
    0.0000   -7.5000   37.500014875.0693   22.6306
    7.5000   -7.5000   37.500014282.5654   22.5392
   -7.5000    0.0000   37.500014764.8682   23.3355
    0.0000    0.0000   37.500015438.5547   23.4264
    7.5000    0.0000   37.500014816.5928   23.3347
   -7.5000    7.5000   37.500014402.6104   23.3428
    0.0000    7.5000   37.500015049.2705   23.4345
    7.5000    7.5000   37.500014419.7510   23.3417
   -7.5000   15.0000   37.500013875.8877   23.4071
    0.0000   15.0000   37.500014505.7344   23.5004
    7.5000   15.0000   37.500013875.4414   23.4017
   -7.5000   22.5000   37.500013300.3076   23.3696
    0.0000   22.5000   37.500013914.4961   23.4638
    7.5000   22.5000   37.500013302.8730   23.3623
   -7.5000   30.0000   37.500012729.2646   23.1649
    0.0000   30.0000   37.500013296.0176   23.2585
    7.5000   30.0000   37.500012734.9629   23.1605
   -7.5000   37.5000   37.500012633.7422   23.0164
    0.0000   37.5000   37.500013174.9932   23.1076
    7.5000   37.5000   37.500012645.3096   23.0143
   -7.5000   45.0000   37.500012009.3125   22.7240
    0.0000   45.0000   37.500012540.8418   22.8125
    7.5000   45.0000   37.500012022.0381   22.7232
   -7.5000  -45.0000   45.000010132.7383   19.2209
    0.0000  -45.0000   45.000010645.2031   19.2963
    7.5000  -45.0000   45.000010189.8125   19.2230
   -7.5000  -37.5000   45.000010756.6006   19.2926
    0.0000  -37.5000   45.000011310.3760   19.3699
    7.5000  -37.5000   45.000010823.0889   19.2934
   -7.5000  -30.0000   45.000011502.3818   20.4340
    0.0000  -30.0000   45.000012060.8086   20.5154
    7.5000  -30.0000   45.000011551.8008   20.4291
   -7.5000  -22.5000   45.000012176.3203   21.4682
    0.0000  -22.5000   45.000012743.3213   21.5514
    7.5000  -22.5000   45.000012207.3770   21.4598
   -7.5000  -15.0000   45.000012816.1123   22.3480
    0.0000  -15.0000   45.000013382.0430   22.4337
    7.5000  -15.0000   45.000012848.0957   22.3430
   -7.5000   -7.5000   45.000013426.1777   23.1206
    0.0000   -7.5000   45.000014037.1914   23.2093
    7.5000   -7.5000   45.000013459.7002   23.1202
   -7.5000    0.0000   45.000013961.4043   23.9328
    0.0000    0.0000   45.000014582.3311   24.0267
    7.5000    0.0000   45.000013978.3066   23.9354
   -7.5000    7.5000   45.000013614.8457   23.9439
    0.0000    7.5000   45.000014222.2041   24.0399
    7.5000    7.5000   45.000013624.3018   23.9450
   -7.5000   15.0000   45.000013130.8584   24.0156
    0.0000   15.0000   45.000013720.3447   24.1112
    7.5000   15.0000   45.000013134.9727   24.0098
   -7.5000   22.5000   45.000012637.1328   23.9824
    0.0000   22.5000   45.000013176.7500   24.0755
    7.5000   22.5000   45.000012614.1680   23.9731
   -7.5000   30.0000   45.000012106.4883   23.7740
    0.0000   30.0000   45.000012617.8848   23.8652
    7.5000   30.0000   45.000012085.8525   23.7687
   -7.5000   37.5000   45.000012006.5518   23.6171
    0.0000   37.5000   45.000012509.3994   23.7077
    7.5000   37.5000   45.000012001.5713   23.6167
   -7.5000   45.0000   45.000011391.8672   23.3163
    0.0000   45.0000   45.000011896.2363   23.4077
    7.5000   45.0000   45.000011408.2422   23.3188

---------------------------------------------------------------------
imgreg_4dfp /opt/freesurfer/average/3T18yoSchwartzReactN32_as_orig /opt/freesurfer/average/711-2B_as_mni_average_305_mask talsrcimg_g11 none talsrcimg_to_3T18yoSchwartzReactN32_as_orig_t4 4355
---------------------------------------------------------------------

freesurfer imgreg_4dfp.c
/opt/freesurfer/average/3T18yoSchwartzReactN32_as_orig.4dfp.img
       256       256       256         1
  1.000000  1.000000  1.000000
orientation T byte_order littleendian
Reading image: /opt/freesurfer/average/3T18yoSchwartzReactN32_as_orig.4dfp.img
dimensions:      256       256       256
mmppix:       1.0000   -1.0000   -1.0000
center:     128.0000 -129.0000 -129.0000
/opt/freesurfer/average/711-2B_as_mni_average_305_mask.4dfp.img
       256       256       256         1
  1.000000  1.000000  1.000000
orientation T byte_order littleendian
Reading mask: /opt/freesurfer/average/711-2B_as_mni_average_305_mask.4dfp.img (2306576 pixels)
talsrcimg_g11.4dfp.img
       320       320       320         1
  0.800000  0.800000  0.800000
orientation T byte_order littleendian
Reading image: talsrcimg_g11.4dfp.img
dimensions:      320       320       320
mmppix:       0.8000   -0.8000   -0.8000
center:     128.0000 -128.8000 -128.8000
rotation matrix determinant  1.000000
image alignment mode   4355 decimal     1103 hex
   -7.5000  -45.0000  -45.0000 2436.7195   26.9208
    0.0000  -45.0000  -45.0000 2427.5730   26.5185
    7.5000  -45.0000  -45.0000 2428.1194   26.6598
   -7.5000  -37.5000  -45.0000 2500.7686   25.5504
    0.0000  -37.5000  -45.0000 2481.8181   25.0747
    7.5000  -37.5000  -45.0000 2485.1890   25.2058
   -7.5000  -30.0000  -45.0000 2524.4487   24.6112
    0.0000  -30.0000  -45.0000 2509.7673   24.1634
    7.5000  -30.0000  -45.0000 2514.6938   24.3034
   -7.5000  -22.5000  -45.0000 2537.0435   24.0508
    0.0000  -22.5000  -45.0000 2525.6348   23.6262
    7.5000  -22.5000  -45.0000 2525.6843   23.8067
   -7.5000  -15.0000  -45.0000 2532.1770   23.9117
    0.0000  -15.0000  -45.0000 2521.7346   23.4885
    7.5000  -15.0000  -45.0000 2513.7627   23.6064
   -7.5000   -7.5000  -45.0000 2516.8037   24.1600
    0.0000   -7.5000  -45.0000 2502.0747   23.7257
    7.5000   -7.5000  -45.0000 2502.1377   23.8750
   -7.5000    0.0000  -45.0000 2489.7412   24.8645
    0.0000    0.0000  -45.0000 2476.0278   24.4207
    7.5000    0.0000  -45.0000 2476.2002   24.5646
   -7.5000    7.5000  -45.0000 2456.0820   25.9766
    0.0000    7.5000  -45.0000 2441.9036   25.5038
    7.5000    7.5000  -45.0000 2447.7795   25.7257
   -7.5000   15.0000  -45.0000 2418.7224   27.6271
    0.0000   15.0000  -45.0000 2403.1086   27.1196
    7.5000   15.0000  -45.0000 2400.0996   27.2906
   -7.5000   22.5000  -45.0000 2350.2383   29.8079
    0.0000   22.5000  -45.0000 2333.6672   29.2927
    7.5000   22.5000  -45.0000 2325.9321   29.3833
   -7.5000   30.0000  -45.0000 2269.7634   32.6234
    0.0000   30.0000  -45.0000 2255.4246   32.1521
    7.5000   30.0000  -45.0000 2247.5962   32.2331
   -7.5000   37.5000  -45.0000 2184.6643   36.2155
    0.0000   37.5000  -45.0000 2172.6387   35.7486
    7.5000   37.5000  -45.0000 2167.6189   35.8906
   -7.5000   45.0000  -45.0000 2084.7771   40.6499
    0.0000   45.0000  -45.0000 2076.5244   40.2331
    7.5000   45.0000  -45.0000 2074.5605   40.3344
   -7.5000  -45.0000  -37.5000 2468.2117   25.7106
    0.0000  -45.0000  -37.5000 2475.9839   25.3699
    7.5000  -45.0000  -37.5000 2461.9067   25.4332
   -7.5000  -37.5000  -37.5000 2525.6101   24.3350
    0.0000  -37.5000  -37.5000 2539.4756   24.0358
    7.5000  -37.5000  -37.5000 2517.1641   24.0302
   -7.5000  -30.0000  -37.5000 2564.5957   23.5345
    0.0000  -30.0000  -37.5000 2571.2224   23.1619
    7.5000  -30.0000  -37.5000 2557.3860   23.1934
   -7.5000  -22.5000  -37.5000 2577.0544   22.9345
    0.0000  -22.5000  -37.5000 2590.2341   22.6088
    7.5000  -22.5000  -37.5000 2573.5483   22.6523
   -7.5000  -15.0000  -37.5000 2578.6318   22.7800
    0.0000  -15.0000  -37.5000 2581.7910   22.4104
    7.5000  -15.0000  -37.5000 2571.0618   22.4679
   -7.5000   -7.5000  -37.5000 2563.0542   23.0334
    0.0000   -7.5000  -37.5000 2562.2942   22.6467
    7.5000   -7.5000  -37.5000 2560.3442   22.7539
   -7.5000    0.0000  -37.5000 2539.6545   23.7315
    0.0000    0.0000  -37.5000 2534.1716   23.3400
    7.5000    0.0000  -37.5000 2534.9834   23.4601
   -7.5000    7.5000  -37.5000 2507.8267   24.8538
    0.0000    7.5000  -37.5000 2497.5906   24.3931
    7.5000    7.5000  -37.5000 2499.0188   24.5388
   -7.5000   15.0000  -37.5000 2463.1128   26.4164
    0.0000   15.0000  -37.5000 2454.0364   25.9387
    7.5000   15.0000  -37.5000 2451.0947   26.0380
   -7.5000   22.5000  -37.5000 2402.0952   28.4929
    0.0000   22.5000  -37.5000 2389.9858   27.9734
    7.5000   22.5000  -37.5000 2385.6094   28.0819
   -7.5000   30.0000  -37.5000 2311.9854   31.2000
    0.0000   30.0000  -37.5000 2295.8462   30.7148
    7.5000   30.0000  -37.5000 2292.2405   30.8167
   -7.5000   37.5000  -37.5000 2211.2209   34.6027
    0.0000   37.5000  -37.5000 2203.1338   34.1888
    7.5000   37.5000  -37.5000 2199.3381   34.2559
   -7.5000   45.0000  -37.5000 2119.9097   38.8734
    0.0000   45.0000  -37.5000 2108.1377   38.4608
    7.5000   45.0000  -37.5000 2106.5581   38.5526
   -7.5000  -45.0000  -30.0000 2561.3228   24.9978
    0.0000  -45.0000  -30.0000 2579.7068   24.7149
    7.5000  -45.0000  -30.0000 2557.4585   24.6902
   -7.5000  -37.5000  -30.0000 2616.3413   23.5956
    0.0000  -37.5000  -30.0000 2647.7932   23.3958
    7.5000  -37.5000  -30.0000 2617.2112   23.3055
   -7.5000  -30.0000  -30.0000 2668.1763   22.8583
    0.0000  -30.0000  -30.0000 2692.2341   22.5974
    7.5000  -30.0000  -30.0000 2666.2671   22.4963
   -7.5000  -22.5000  -30.0000 2695.0884   22.2751
    0.0000  -22.5000  -30.0000 2716.8030   22.0082
    7.5000  -22.5000  -30.0000 2691.4282   21.9458
   -7.5000  -15.0000  -30.0000 2706.2441   22.1195
    0.0000  -15.0000  -30.0000 2714.6479   21.7908
    7.5000  -15.0000  -30.0000 2698.6028   21.7741
   -7.5000   -7.5000  -30.0000 2689.6685   22.3671
    0.0000   -7.5000  -30.0000 2696.5210   22.0360
    7.5000   -7.5000  -30.0000 2686.5037   22.0543
   -7.5000    0.0000  -30.0000 2662.3931   23.0445
    0.0000    0.0000  -30.0000 2668.7314   22.7025
    7.5000    0.0000  -30.0000 2663.7981   22.7733
   -7.5000    7.5000  -30.0000 2627.5198   24.0800
    0.0000    7.5000  -30.0000 2627.2002   23.7203
    7.5000    7.5000  -30.0000 2620.6250   23.7947
   -7.5000   15.0000  -30.0000 2573.9131   25.5524
    0.0000   15.0000  -30.0000 2567.0664   25.1571
    7.5000   15.0000  -30.0000 2563.7842   25.2171
   -7.5000   22.5000  -30.0000 2511.7744   27.5669
    0.0000   22.5000  -30.0000 2506.0999   27.1157
    7.5000   22.5000  -30.0000 2507.1885   27.2317
   -7.5000   30.0000  -30.0000 2428.7373   30.2054
    0.0000   30.0000  -30.0000 2409.7654   29.6987
    7.5000   30.0000  -30.0000 2418.1614   29.9012
   -7.5000   37.5000  -30.0000 2322.9475   33.4152
    0.0000   37.5000  -30.0000 2312.0002   32.9470
    7.5000   37.5000  -30.0000 2316.8413   33.1662
   -7.5000   45.0000  -30.0000 2208.1182   37.5033
    0.0000   45.0000  -30.0000 2197.5112   37.0575
    7.5000   45.0000  -30.0000 2206.4128   37.3066
   -7.5000  -45.0000  -22.5000 2614.6582   24.1413
    0.0000  -45.0000  -22.5000 2634.7014   23.8902
    7.5000  -45.0000  -22.5000 2609.4761   23.7767
   -7.5000  -37.5000  -22.5000 2676.7056   22.7838
    0.0000  -37.5000  -22.5000 2705.2739   22.5915
    7.5000  -37.5000  -22.5000 2680.2009   22.4787
   -7.5000  -30.0000  -22.5000 2734.9412   22.0468
    0.0000  -30.0000  -22.5000 2764.0667   21.8384
    7.5000  -30.0000  -22.5000 2733.7444   21.6949
   -7.5000  -22.5000  -22.5000 2772.2209   21.5420
    0.0000  -22.5000  -22.5000 2792.1389   21.2744
    7.5000  -22.5000  -22.5000 2764.9595   21.1585
   -7.5000  -15.0000  -22.5000 2780.4028   21.3656
    0.0000  -15.0000  -22.5000 2793.4341   21.0877
    7.5000  -15.0000  -22.5000 2774.7424   21.0062
   -7.5000   -7.5000  -22.5000 2766.8083   21.5936
    0.0000   -7.5000  -22.5000 2779.2136   21.3321
    7.5000   -7.5000  -22.5000 2767.3333   21.2869
   -7.5000    0.0000  -22.5000 2738.4453   22.2356
    0.0000    0.0000  -22.5000 2749.3044   21.9503
    7.5000    0.0000  -22.5000 2745.6821   21.9734
   -7.5000    7.5000  -22.5000 2697.9084   23.2368
    0.0000    7.5000  -22.5000 2708.6692   22.9307
    7.5000    7.5000  -22.5000 2701.3108   22.9609
   -7.5000   15.0000  -22.5000 2640.1675   24.7064
    0.0000   15.0000  -22.5000 2638.9351   24.3248
    7.5000   15.0000  -22.5000 2631.9614   24.3588
   -7.5000   22.5000  -22.5000 2571.3838   26.6169
    0.0000   22.5000  -22.5000 2566.3889   26.2020
    7.5000   22.5000  -22.5000 2567.0085   26.2815
   -7.5000   30.0000  -22.5000 2481.9817   29.1220
    0.0000   30.0000  -22.5000 2470.1362   28.6711
    7.5000   30.0000  -22.5000 2474.9990   28.7825
   -7.5000   37.5000  -22.5000 2391.8247   32.2859
    0.0000   37.5000  -22.5000 2374.5427   31.7584
    7.5000   37.5000  -22.5000 2384.5007   32.0066
   -7.5000   45.0000  -22.5000 2287.6099   36.3077
    0.0000   45.0000  -22.5000 2264.5327   35.7578
    7.5000   45.0000  -22.5000 2286.6777   36.0892
   -7.5000  -45.0000  -15.0000 2647.5564   23.3973
    0.0000  -45.0000  -15.0000 2664.3989   23.1150
    7.5000  -45.0000  -15.0000 2633.7527   22.9492
   -7.5000  -37.5000  -15.0000 2712.9414   22.0546
    0.0000  -37.5000  -15.0000 2733.2102   21.7866
    7.5000  -37.5000  -15.0000 2713.8269   21.6903
   -7.5000  -30.0000  -15.0000 2770.5254   21.2926
    0.0000  -30.0000  -15.0000 2794.1836   21.0369
    7.5000  -30.0000  -15.0000 2769.6108   20.9332
   -7.5000  -22.5000  -15.0000 2813.9192   20.8364
    0.0000  -22.5000  -15.0000 2833.8816   20.5557
    7.5000  -22.5000  -15.0000 2805.3125   20.4488
   -7.5000  -15.0000  -15.0000 2827.6230   20.6716
    0.0000  -15.0000  -15.0000 2843.7976   20.4213
    7.5000  -15.0000  -15.0000 2819.6018   20.3086
   -7.5000   -7.5000  -15.0000 2813.2920   20.9150
    0.0000   -7.5000  -15.0000 2827.3870   20.6514
    7.5000   -7.5000  -15.0000 2813.3372   20.5987
   -7.5000    0.0000  -15.0000 2775.3499   21.5032
    0.0000    0.0000  -15.0000 2794.4004   21.2257
    7.5000    0.0000  -15.0000 2786.0532   21.2153
   -7.5000    7.5000  -15.0000 2741.9893   22.5317
    0.0000    7.5000  -15.0000 2752.2036   22.1904
    7.5000    7.5000  -15.0000 2741.1902   22.1972
   -7.5000   15.0000  -15.0000 2686.9993   23.9872
    0.0000   15.0000  -15.0000 2693.3533   23.6533
    7.5000   15.0000  -15.0000 2681.5642   23.6437
   -7.5000   22.5000  -15.0000 2614.5000   25.9063
    0.0000   22.5000  -15.0000 2613.4243   25.5643
    7.5000   22.5000  -15.0000 2601.8838   25.5260
   -7.5000   30.0000  -15.0000 2521.2783   28.3232
    0.0000   30.0000  -15.0000 2518.7559   27.9350
    7.5000   30.0000  -15.0000 2506.7981   27.9357
   -7.5000   37.5000  -15.0000 2422.8015   31.3622
    0.0000   37.5000  -15.0000 2418.0024   30.9242
    7.5000   37.5000  -15.0000 2409.0254   31.0233
   -7.5000   45.0000  -15.0000 2325.1414   35.1759
    0.0000   45.0000  -15.0000 2312.2556   34.7872
    7.5000   45.0000  -15.0000 2317.1558   34.9046
   -7.5000  -45.0000   -7.5000 2653.0667   22.8946
    0.0000  -45.0000   -7.5000 2664.0762   22.4962
    7.5000  -45.0000   -7.5000 2638.4824   22.4096
   -7.5000  -37.5000   -7.5000 2726.4438   21.5213
    0.0000  -37.5000   -7.5000 2732.6384   21.0669
    7.5000  -37.5000   -7.5000 2718.3599   21.0505
   -7.5000  -30.0000   -7.5000 2784.3645   20.7307
    0.0000  -30.0000   -7.5000 2797.5081   20.2922
    7.5000  -30.0000   -7.5000 2780.9343   20.3002
   -7.5000  -22.5000   -7.5000 2828.5798   20.2867
    0.0000  -22.5000   -7.5000 2846.8418   19.8932
    7.5000  -22.5000   -7.5000 2826.2769   19.8766
   -7.5000  -15.0000   -7.5000 2841.6030   20.1471
    0.0000  -15.0000   -7.5000 2860.9783   19.8055
    7.5000  -15.0000   -7.5000 2838.7473   19.7712
   -7.5000   -7.5000   -7.5000 2826.6028   20.3829
    0.0000   -7.5000   -7.5000 2844.3103   20.0487
    7.5000   -7.5000   -7.5000 2829.5925   20.0185
   -7.5000    0.0000   -7.5000 2796.9998   21.0130
    0.0000    0.0000   -7.5000 2812.2268   20.6662
    7.5000    0.0000   -7.5000 2798.9324   20.6396
   -7.5000    7.5000   -7.5000 2760.8804   22.0383
    0.0000    7.5000   -7.5000 2776.0920   21.7108
    7.5000    7.5000   -7.5000 2761.8906   21.6854
   -7.5000   15.0000   -7.5000 2709.7014   23.4849
    0.0000   15.0000   -7.5000 2719.9778   23.1736
    7.5000   15.0000   -7.5000 2706.2048   23.1210
   -7.5000   22.5000   -7.5000 2631.8953   25.3622
    0.0000   22.5000   -7.5000 2634.3938   25.0197
    7.5000   22.5000   -7.5000 2624.9629   25.0144
   -7.5000   30.0000   -7.5000 2536.3997   27.7546
    0.0000   30.0000   -7.5000 2531.6357   27.3567
    7.5000   30.0000   -7.5000 2527.6423   27.4509
   -7.5000   37.5000   -7.5000 2444.8621   30.6877
    0.0000   37.5000   -7.5000 2436.1890   30.2569
    7.5000   37.5000   -7.5000 2435.2830   30.4054
   -7.5000   45.0000   -7.5000 2334.4023   34.2934
    0.0000   45.0000   -7.5000 2321.6790   33.8984
    7.5000   45.0000   -7.5000 2323.8855   34.0390
   -7.5000  -45.0000    0.0000 2655.1316   22.7048
    0.0000  -45.0000    0.0000 2648.7053   22.0889
    7.5000  -45.0000    0.0000 2640.5720   22.1454
   -7.5000  -37.5000    0.0000 2726.0215   21.2349
    0.0000  -37.5000    0.0000 2708.4390   20.5361
    7.5000  -37.5000    0.0000 2713.4338   20.6670
   -7.5000  -30.0000    0.0000 2790.9729   20.3622
    0.0000  -30.0000    0.0000 2776.7180   19.6594
    7.5000  -30.0000    0.0000 2787.5845   19.8857
   -7.5000  -22.5000    0.0000 2830.7883   19.8819
    0.0000  -22.5000    0.0000 2833.7651   19.2712
    7.5000  -22.5000    0.0000 2832.3254   19.4184
   -7.5000  -15.0000    0.0000 2842.4819   19.7920
    0.0000  -15.0000    0.0000 2847.7478   19.2282
    7.5000  -15.0000    0.0000 2840.4058   19.3228
   -7.5000   -7.5000    0.0000 2835.4004   20.1068
    0.0000   -7.5000    0.0000 2835.4514   19.5975
    7.5000   -7.5000    0.0000 2829.5977   19.6297
   -7.5000    0.0000    0.0000 2813.0701   20.7754
    0.0000    0.0000    0.0000 2816.1052   20.3418
    7.5000    0.0000    0.0000 2814.4795   20.3677
   -7.5000    7.5000    0.0000 2780.9551   21.7810
    0.0000    7.5000    0.0000 2784.0229   21.3653
    7.5000    7.5000    0.0000 2778.2402   21.3955
   -7.5000   15.0000    0.0000 2727.0679   23.1728
    0.0000   15.0000    0.0000 2730.6738   22.7687
    7.5000   15.0000    0.0000 2723.6721   22.8214
   -7.5000   22.5000    0.0000 2648.4917   25.0218
    0.0000   22.5000    0.0000 2650.1472   24.6124
    7.5000   22.5000    0.0000 2645.0754   24.7078
   -7.5000   30.0000    0.0000 2546.3118   27.3006
    0.0000   30.0000    0.0000 2545.6438   26.9122
    7.5000   30.0000    0.0000 2541.9617   27.0584
   -7.5000   37.5000    0.0000 2451.5166   30.1147
    0.0000   37.5000    0.0000 2442.2747   29.6863
    7.5000   37.5000    0.0000 2450.6719   29.9573
   -7.5000   45.0000    0.0000 2345.7480   33.7646
    0.0000   45.0000    0.0000 2330.6135   33.3065
    7.5000   45.0000    0.0000 2342.4719   33.6095
   -7.5000  -45.0000    7.5000 2667.7156   22.8560
    0.0000  -45.0000    7.5000 2650.3296   22.0996
    7.5000  -45.0000    7.5000 2652.8953   22.2170
   -7.5000  -37.5000    7.5000 2722.1240   21.2278
    0.0000  -37.5000    7.5000 2692.5544   20.4516
    7.5000  -37.5000    7.5000 2703.0725   20.6126
   -7.5000  -30.0000    7.5000 2771.8606   20.1613
    0.0000  -30.0000    7.5000 2706.2727   19.1156
    7.5000  -30.0000    7.5000 2752.9871   19.5605
   -7.5000  -22.5000    7.5000 2820.5842   19.7015
    0.0000  -22.5000    7.5000 2772.8452   18.7460
    7.5000  -22.5000    7.5000 2803.4592   19.0384
   -7.5000  -15.0000    7.5000 2851.8003   19.7107
    0.0000  -15.0000    7.5000 2820.4861   18.9496
    7.5000  -15.0000    7.5000 2839.7966   19.1167
   -7.5000   -7.5000    7.5000 2854.2283   20.1019
    0.0000   -7.5000    7.5000 2831.8105   19.5088
    7.5000   -7.5000    7.5000 2849.2097   19.6035
   -7.5000    0.0000    7.5000 2831.9473   20.7434
    0.0000    0.0000    7.5000 2818.0159   20.2379
    7.5000    0.0000    7.5000 2829.2144   20.2911
   -7.5000    7.5000    7.5000 2791.8196   21.7075
    0.0000    7.5000    7.5000 2788.8464   21.2612
    7.5000    7.5000    7.5000 2785.5732   21.2872
   -7.5000   15.0000    7.5000 2739.0325   23.1036
    0.0000   15.0000    7.5000 2742.5540   22.6807
    7.5000   15.0000    7.5000 2734.0466   22.6926
   -7.5000   22.5000    7.5000 2667.2471   24.9469
    0.0000   22.5000    7.5000 2664.4465   24.5219
    7.5000   22.5000    7.5000 2657.8267   24.5544
   -7.5000   30.0000    7.5000 2571.0605   27.2067
    0.0000   30.0000    7.5000 2563.8181   26.7871
    7.5000   30.0000    7.5000 2563.8164   26.9177
   -7.5000   37.5000    7.5000 2472.2222   29.9395
    0.0000   37.5000    7.5000 2456.6572   29.4653
    7.5000   37.5000    7.5000 2472.1592   29.7503
   -7.5000   45.0000    7.5000 2344.9690   33.3787
    0.0000   45.0000    7.5000 2326.1228   32.8085
    7.5000   45.0000    7.5000 2340.0408   33.1006
   -7.5000  -45.0000   15.0000 2663.3291   23.0768
    0.0000  -45.0000   15.0000 2623.0090   22.2194
    7.5000  -45.0000   15.0000 2645.6543   22.4063
   -7.5000  -37.5000   15.0000 2735.0916   21.5597
    0.0000  -37.5000   15.0000 2693.0781   20.7565
    7.5000  -37.5000   15.0000 2714.0181   20.8854
   -7.5000  -30.0000   15.0000 2767.8413   20.3533
    0.0000  -30.0000   15.0000 2693.8005   19.3425
    7.5000  -30.0000   15.0000 2727.2319   19.5875
   -7.5000  -22.5000   15.0000 2801.1633   19.7164
    0.0000  -22.5000   15.0000 2747.0303   18.8880
    7.5000  -22.5000   15.0000 2776.1311   19.0388
   -7.5000  -15.0000   15.0000 2832.6187   19.7015
    0.0000  -15.0000   15.0000 2803.4961   19.0886
    7.5000  -15.0000   15.0000 2822.6956   19.1447
   -7.5000   -7.5000   15.0000 2847.1504   20.1300
    0.0000   -7.5000   15.0000 2829.9724   19.6478
    7.5000   -7.5000   15.0000 2837.3052   19.5963
   -7.5000    0.0000   15.0000 2831.7969   20.8069
    0.0000    0.0000   15.0000 2828.8167   20.4221
    7.5000    0.0000   15.0000 2823.3359   20.3244
   -7.5000    7.5000   15.0000 2804.8674   21.8417
    0.0000    7.5000   15.0000 2809.4380   21.4969
    7.5000    7.5000   15.0000 2795.3943   21.4028
   -7.5000   15.0000   15.0000 2758.2183   23.2458
    0.0000   15.0000   15.0000 2769.4500   22.9231
    7.5000   15.0000   15.0000 2752.1140   22.8374
   -7.5000   22.5000   15.0000 2678.7485   25.0091
    0.0000   22.5000   15.0000 2687.5176   24.7030
    7.5000   22.5000   15.0000 2669.7207   24.6385
   -7.5000   30.0000   15.0000 2573.2974   27.1583
    0.0000   30.0000   15.0000 2577.3689   26.8388
    7.5000   30.0000   15.0000 2568.7876   26.8700
   -7.5000   37.5000   15.0000 2478.2031   29.8894
    0.0000   37.5000   15.0000 2465.0317   29.4718
    7.5000   37.5000   15.0000 2474.4192   29.6094
   -7.5000   45.0000   15.0000 2364.9509   33.4084
    0.0000   45.0000   15.0000 2350.7192   32.8935
    7.5000   45.0000   15.0000 2355.7676   33.0275
   -7.5000  -45.0000   22.5000 2658.8906   23.5215
    0.0000  -45.0000   22.5000 2656.5457   22.9427
    7.5000  -45.0000   22.5000 2645.5256   22.9113
   -7.5000  -37.5000   22.5000 2731.0156   21.9709
    0.0000  -37.5000   22.5000 2717.5828   21.2885
    7.5000  -37.5000   22.5000 2709.9150   21.2920
   -7.5000  -30.0000   22.5000 2777.0583   20.9114
    0.0000  -30.0000   22.5000 2773.1104   20.3350
    7.5000  -30.0000   22.5000 2760.1743   20.2858
   -7.5000  -22.5000   22.5000 2809.5415   20.2455
    0.0000  -22.5000   22.5000 2819.2358   19.8508
    7.5000  -22.5000   22.5000 2797.7573   19.7193
   -7.5000  -15.0000   22.5000 2829.4763   20.1053
    0.0000  -15.0000   22.5000 2837.8374   19.7844
    7.5000  -15.0000   22.5000 2819.8838   19.6262
   -7.5000   -7.5000   22.5000 2840.0410   20.4323
    0.0000   -7.5000   22.5000 2845.0090   20.1338
    7.5000   -7.5000   22.5000 2827.4346   19.9712
   -7.5000    0.0000   22.5000 2829.0896   21.1092
    0.0000    0.0000   22.5000 2839.8582   20.7925
    7.5000    0.0000   22.5000 2820.7959   20.6441
   -7.5000    7.5000   22.5000 2808.2703   22.1363
    0.0000    7.5000   22.5000 2821.7085   21.8174
    7.5000    7.5000   22.5000 2796.6555   21.6808
   -7.5000   15.0000   22.5000 2762.3186   23.4957
    0.0000   15.0000   22.5000 2769.3027   23.1535
    7.5000   15.0000   22.5000 2747.5513   23.0801
   -7.5000   22.5000   22.5000 2688.4868   25.2813
    0.0000   22.5000   22.5000 2686.3337   24.8967
    7.5000   22.5000   22.5000 2673.0771   24.8858
   -7.5000   30.0000   22.5000 2591.1169   27.4773
    0.0000   30.0000   22.5000 2582.8726   27.0589
    7.5000   30.0000   22.5000 2580.8547   27.0992
   -7.5000   37.5000   22.5000 2482.0928   30.0669
    0.0000   37.5000   22.5000 2477.7405   29.6941
    7.5000   37.5000   22.5000 2481.9292   29.7652
   -7.5000   45.0000   22.5000 2371.1824   33.4858
    0.0000   45.0000   22.5000 2365.3369   33.0541
    7.5000   45.0000   22.5000 2367.2043   33.1569
   -7.5000  -45.0000   30.0000 2656.7744   24.1521
    0.0000  -45.0000   30.0000 2669.2197   23.6677
    7.5000  -45.0000   30.0000 2641.5796   23.5219
   -7.5000  -37.5000   30.0000 2728.8728   22.5842
    0.0000  -37.5000   30.0000 2731.6230   22.0121
    7.5000  -37.5000   30.0000 2715.4680   21.9655
   -7.5000  -30.0000   30.0000 2783.3584   21.5685
    0.0000  -30.0000   30.0000 2797.2700   21.1373
    7.5000  -30.0000   30.0000 2788.1108   21.1142
   -7.5000  -22.5000   30.0000 2829.2102   21.0096
    0.0000  -22.5000   30.0000 2837.6851   20.5943
    7.5000  -22.5000   30.0000 2825.4792   20.5459
   -7.5000  -15.0000   30.0000 2843.3992   20.8328
    0.0000  -15.0000   30.0000 2846.8342   20.4494
    7.5000  -15.0000   30.0000 2836.3926   20.3980
   -7.5000   -7.5000   30.0000 2845.0942   21.0797
    0.0000   -7.5000   30.0000 2858.3274   20.7853
    7.5000   -7.5000   30.0000 2837.0063   20.6752
   -7.5000    0.0000   30.0000 2834.9653   21.6483
    0.0000    0.0000   30.0000 2851.2456   21.3801
    7.5000    0.0000   30.0000 2822.7986   21.2229
   -7.5000    7.5000   30.0000 2814.6301   22.5924
    0.0000    7.5000   30.0000 2826.1970   22.2984
    7.5000    7.5000   30.0000 2796.7366   22.1396
   -7.5000   15.0000   30.0000 2765.3025   23.9428
    0.0000   15.0000   30.0000 2768.6880   23.6302
    7.5000   15.0000   30.0000 2739.2981   23.4788
   -7.5000   22.5000   30.0000 2682.2673   25.6274
    0.0000   22.5000   30.0000 2681.2429   25.3009
    7.5000   22.5000   30.0000 2660.3530   25.1951
   -7.5000   30.0000   30.0000 2590.6565   27.7632
    0.0000   30.0000   30.0000 2584.7117   27.3872
    7.5000   30.0000   30.0000 2578.2332   27.3928
   -7.5000   37.5000   30.0000 2492.0618   30.4433
    0.0000   37.5000   30.0000 2474.9575   29.9896
    7.5000   37.5000   30.0000 2485.7502   30.1212
   -7.5000   45.0000   30.0000 2380.0798   33.8733
    0.0000   45.0000   30.0000 2373.7383   33.4768
    7.5000   45.0000   30.0000 2375.1343   33.5761
   -7.5000  -45.0000   37.5000 2651.2512   24.8790
    0.0000  -45.0000   37.5000 2661.4163   24.3860
    7.5000  -45.0000   37.5000 2633.0522   24.2874
   -7.5000  -37.5000   37.5000 2721.2542   23.3047
    0.0000  -37.5000   37.5000 2744.2090   22.9509
    7.5000  -37.5000   37.5000 2724.4585   22.8890
   -7.5000  -30.0000   37.5000 2788.2158   22.4008
    0.0000  -30.0000   37.5000 2812.7397   22.0891
    7.5000  -30.0000   37.5000 2797.2466   22.0506
   -7.5000  -22.5000   37.5000 2834.3826   21.8279
    0.0000  -22.5000   37.5000 2848.1782   21.4892
    7.5000  -22.5000   37.5000 2827.8782   21.4373
   -7.5000  -15.0000   37.5000 2843.9285   21.6076
    0.0000  -15.0000   37.5000 2851.6909   21.2661
    7.5000  -15.0000   37.5000 2839.1704   21.2460
   -7.5000   -7.5000   37.5000 2845.1348   21.7873
    0.0000   -7.5000   37.5000 2855.4500   21.5022
    7.5000   -7.5000   37.5000 2843.3665   21.4720
   -7.5000    0.0000   37.5000 2830.7539   22.2865
    0.0000    0.0000   37.5000 2848.6663   22.0746
    7.5000    0.0000   37.5000 2830.0332   22.0016
   -7.5000    7.5000   37.5000 2811.1277   23.1606
    0.0000    7.5000   37.5000 2823.5137   22.9423
    7.5000    7.5000   37.5000 2797.5491   22.8369
   -7.5000   15.0000   37.5000 2755.0811   24.4395
    0.0000   15.0000   37.5000 2760.6777   24.1656
    7.5000   15.0000   37.5000 2739.9617   24.1074
   -7.5000   22.5000   37.5000 2676.4509   26.1290
    0.0000   22.5000   37.5000 2684.6406   25.8531
    7.5000   22.5000   37.5000 2665.4277   25.7980
   -7.5000   30.0000   37.5000 2588.8469   28.2655
    0.0000   30.0000   37.5000 2584.3723   27.9255
    7.5000   30.0000   37.5000 2575.6228   27.9315
   -7.5000   37.5000   37.5000 2491.0049   30.9130
    0.0000   37.5000   37.5000 2471.6511   30.4941
    7.5000   37.5000   37.5000 2475.7275   30.5889
   -7.5000   45.0000   37.5000 2379.5676   34.3482
    0.0000   45.0000   37.5000 2367.6550   33.9177
    7.5000   45.0000   37.5000 2370.4429   34.0822
   -7.5000  -45.0000   45.0000 2634.6570   25.7146
    0.0000  -45.0000   45.0000 2656.0220   25.3484
    7.5000  -45.0000   45.0000 2634.5312   25.2870
   -7.5000  -37.5000   45.0000 2715.5242   24.2456
    0.0000  -37.5000   45.0000 2747.3306   23.9891
    7.5000  -37.5000   45.0000 2727.8770   23.9396
   -7.5000  -30.0000   45.0000 2788.4038   23.3822
    0.0000  -30.0000   45.0000 2810.3928   23.1042
    7.5000  -30.0000   45.0000 2796.0452   23.0787
   -7.5000  -22.5000   45.0000 2828.5776   22.7513
    0.0000  -22.5000   45.0000 2844.1382   22.4690
    7.5000  -22.5000   45.0000 2827.1750   22.4192
   -7.5000  -15.0000   45.0000 2842.5764   22.4769
    0.0000  -15.0000   45.0000 2848.6340   22.1850
    7.5000  -15.0000   45.0000 2838.5298   22.1562
   -7.5000   -7.5000   45.0000 2840.6792   22.5745
    0.0000   -7.5000   45.0000 2850.8308   22.3129
    7.5000   -7.5000   45.0000 2840.3997   22.2968
   -7.5000    0.0000   45.0000 2830.2627   23.0543
    0.0000    0.0000   45.0000 2840.5393   22.8301
    7.5000    0.0000   45.0000 2829.0645   22.7967
   -7.5000    7.5000   45.0000 2800.3699   23.8679
    0.0000    7.5000   45.0000 2811.8108   23.6699
    7.5000    7.5000   45.0000 2792.5439   23.6041
   -7.5000   15.0000   45.0000 2743.8171   25.1431
    0.0000   15.0000   45.0000 2751.8577   24.9129
    7.5000   15.0000   45.0000 2735.2207   24.8698
   -7.5000   22.5000   45.0000 2676.4851   26.8134
    0.0000   22.5000   45.0000 2672.2717   26.5382
    7.5000   22.5000   45.0000 2661.1091   26.5400
   -7.5000   30.0000   45.0000 2590.5454   28.9410
    0.0000   30.0000   45.0000 2580.2935   28.6294
    7.5000   30.0000   45.0000 2575.2080   28.6826
   -7.5000   37.5000   45.0000 2485.9324   31.5803
    0.0000   37.5000   45.0000 2468.8218   31.1921
    7.5000   37.5000   45.0000 2472.9036   31.2883
   -7.5000   45.0000   45.0000 2361.0432   34.9531
    0.0000   45.0000   45.0000 2357.5779   34.5323
    7.5000   45.0000   45.0000 2360.1077   34.6734

---------------------------------------------------------------------
imgreg_4dfp /opt/freesurfer/average/3T18yoSchwartzReactN32_as_orig /opt/freesurfer/average/711-2B_as_mni_average_305_mask talsrcimg_g11 none talsrcimg_to_3T18yoSchwartzReactN32_as_orig_t4 1283
---------------------------------------------------------------------

freesurfer imgreg_4dfp.c
/opt/freesurfer/average/3T18yoSchwartzReactN32_as_orig.4dfp.img
       256       256       256         1
  1.000000  1.000000  1.000000
orientation T byte_order littleendian
Reading image: /opt/freesurfer/average/3T18yoSchwartzReactN32_as_orig.4dfp.img
dimensions:      256       256       256
mmppix:       1.0000   -1.0000   -1.0000
center:     128.0000 -129.0000 -129.0000
/opt/freesurfer/average/711-2B_as_mni_average_305_mask.4dfp.img
       256       256       256         1
  1.000000  1.000000  1.000000
orientation T byte_order littleendian
Reading mask: /opt/freesurfer/average/711-2B_as_mni_average_305_mask.4dfp.img (2306576 pixels)
talsrcimg_g11.4dfp.img
       320       320       320         1
  0.800000  0.800000  0.800000
orientation T byte_order littleendian
Reading image: talsrcimg_g11.4dfp.img
dimensions:      320       320       320
mmppix:       0.8000   -0.8000   -0.8000
center:     128.0000 -128.8000 -128.8000
rotation matrix determinant  1.000000
fimgreg.f
image alignment mode   1283 decimal      503 hex
parameters
    0.0000  -15.0000   -7.5000    0.0000    0.0000    0.0000
eta,q 0.89476 19.81348
niter,ni,del,rscale     5    3   12.0000    1.2000
parameter  1 -0.526592 -> -0.500000 qaram    1.1500
parameter  2  0.016343 -> -0.500000 qaram    1.1500
parameter  5  1.370434 ->  0.500000 qaram    1.1500
parameter  6  0.543611 ->  0.500000 qaram    1.1500
parameters
    3.4500  -11.5500   -6.0651    0.2221   -3.4500   -3.4500
eta,q 0.89864 19.87364
  0.1134  0.1032  0.1071  0.1060  0.1010  0.1024
  0.1136  0.1049  0.1070  0.1051  0.1019  0.1015
  0.1095  0.1069  0.1056  0.1043  0.1026  0.1014
  0.1075  0.1060  0.1037  0.1037  0.1037  0.1021
  0.1064  0.1046  0.1039  0.1037  0.1058  0.1033
  0.1064  0.1035  0.1040  0.1044  0.1083  0.1040
  0.1083  0.1046  0.1061  0.1061  0.1103  0.1043
niter,ni,del,rscale     7    3   12.0000    1.2000
parameters
    3.9397  -12.4657   -6.0315    0.7038   -6.7589   -1.9678
eta,q 0.89831 19.74624
  0.1185  0.1054  0.1100  0.1052  0.1025  0.1062
  0.1143  0.1054  0.1071  0.1046  0.1021  0.1049
  0.1047  0.1040  0.1044  0.1041  0.1024  0.1037
  0.1014  0.1021  0.1032  0.1032  0.1030  0.1022
  0.1073  0.1009  0.1038  0.1030  0.1032  0.1017
  0.1127  0.1063  0.1067  0.1040  0.1052  0.1027
  0.1131  0.1110  0.1103  0.1051  0.1084  0.1043
niter,ni,del,rscale     6    3   12.0000    1.2000
parameters
    4.8836  -13.6694   -5.7799    0.8116   -8.5344   -2.7119
eta,q 0.89820 19.66854
  0.1212  0.1043  0.1110  0.1045  0.1051  0.1046
  0.1168  0.1055  0.1087  0.1038  0.1022  0.1036
  0.1066  0.1039  0.1058  0.1033  0.1015  0.1023
  0.1017  0.1023  0.1033  0.1031  0.1031  0.1017
  0.1055  0.1010  0.1034  0.1031  0.1049  0.1026
  0.1120  0.1057  0.1070  0.1036  0.1053  0.1047
  0.1131  0.1119  0.1110  0.1045  0.1061  0.1060
niter,ni,del,rscale     5    3   12.0000    1.2000
parameters
    5.8122  -14.0183   -5.6402    2.2435  -10.2007   -4.2993
eta,q 0.89848 19.65098
  0.1217  0.1058  0.1119  0.1049  0.1054  0.1033
  0.1160  0.1059  0.1088  0.1038  0.1029  0.1025
  0.1063  0.1044  0.1049  0.1030  0.1015  0.1017
  0.1018  0.1022  0.1024  0.1024  0.1022  0.1014
  0.1055  0.1011  0.1033  0.1022  0.1048  0.1024
  0.1132  0.1036  0.1077  0.1024  0.1068  0.1046
  0.1123  0.1103  0.1118  0.1034  0.1078  0.1064
niter,ni,del,rscale     4    3   12.0000    1.2000
parameters
    6.5884  -13.7253   -5.3208    2.9751  -11.5543   -4.8266
eta,q 0.89806 19.62334
  0.1236  0.1076  0.1106  0.1055  0.1057  0.1042
  0.1144  0.1067  0.1079  0.1039  0.1030  0.1030
  0.1051  0.1046  0.1045  0.1027  0.1021  0.1025
  0.1015  0.1022  0.1021  0.1020  0.1019  0.1019
  0.1066  0.1021  0.1025  0.1020  0.1037  0.1021
  0.1148  0.1038  0.1063  0.1029  0.1068  0.1036
  0.1124  0.1089  0.1097  0.1042  0.1090  0.1053
niter,ni,del,rscale     3    3   12.0000    1.2000
parameters
    7.3439  -14.0190   -5.2357    3.3435  -12.6903   -4.0174
eta,q 0.89713 19.53957
  0.1241  0.1086  0.1110  0.1062  0.1065  0.1059
  0.1134  0.1074  0.1077  0.1050  0.1037  0.1046
  0.1040  0.1044  0.1046  0.1041  0.1029  0.1038
  0.1019  0.1033  0.1032  0.1032  0.1031  0.1030
  0.1083  0.1049  0.1043  0.1033  0.1042  0.1030
  0.1151  0.1068  0.1078  0.1045  0.1066  0.1038
  0.1117  0.1104  0.1103  0.1058  0.1089  0.1050
niter,ni,del,rscale     2    3   12.0000    1.2000
parameter  5  0.570380 ->  0.500000 qaram    1.3225
parameters
    8.4129  -14.6778   -4.8520    4.5649  -16.6578   -1.7733
eta,q 0.89623 19.47152
  0.1224  0.1104  0.1149  0.1086  0.1048  0.1076
  0.1116  0.1083  0.1106  0.1078  0.1036  0.1062
  0.1032  0.1058  0.1060  0.1067  0.1035  0.1044
  0.1029  0.1052  0.1047  0.1049  0.1044  0.1035
  0.1091  0.1089  0.1070  0.1043  0.1063  0.1038
  0.1140  0.1101  0.1103  0.1055  0.1080  0.1040
  0.1081  0.1108  0.1116  0.1073  0.1088  0.1045
niter,ni,del,rscale     2    3   12.0000    1.2000
parameter  5  0.619677 ->  0.500000 qaram    1.5209
parameters
   10.0346  -14.6968   -3.6670    6.8548  -21.2204   -4.8061
eta,q 0.89786 19.46697
  0.1223  0.1098  0.1152  0.1111  0.1048  0.1037
  0.1141  0.1096  0.1105  0.1093  0.1034  0.1025
  0.1059  0.1069  0.1069  0.1073  0.1027  0.1022
  0.1038  0.1054  0.1054  0.1052  0.1044  0.1031
  0.1062  0.1078  0.1054  0.1044  0.1076  0.1045
  0.1088  0.1093  0.1071  0.1051  0.1100  0.1059
  0.1091  0.1098  0.1095  0.1066  0.1106  0.1075
niter,ni,del,rscale     2    3   12.0000    1.2000
parameters
   11.1693  -15.0887   -4.1390    8.6576  -22.0416   -4.6215
eta,q 0.89894 19.53467
  0.1189  0.1107  0.1102  0.1080  0.1103  0.1048
  0.1172  0.1092  0.1045  0.1052  0.1057  0.1030
  0.1089  0.1037  0.1019  0.1029  0.1015  0.1016
  0.1021  0.1019  0.1016  0.1015  0.1013  0.1010
  0.1036  0.1062  0.1040  0.1013  0.1043  0.1015
  0.1095  0.1097  0.1078  0.1018  0.1091  0.1029
  0.1132  0.1125  0.1118  0.1033  0.1125  0.1044
niter,ni,del,rscale     1    3   12.0000    1.2000
parameters
   12.1222  -16.0329   -3.8110    9.7972  -23.2102   -5.5102
eta,q 0.89882 19.55903
  0.1203  0.1102  0.1130  0.1076  0.1096  0.1035
  0.1151  0.1081  0.1071  0.1047  0.1056  0.1027
  0.1056  0.1032  0.1035  0.1025  0.1018  0.1017
  0.1011  0.1020  0.1016  0.1014  0.1014  0.1010
  0.1051  0.1073  0.1023  0.1016  0.1046  0.1016
  0.1102  0.1121  0.1062  0.1025  0.1103  0.1036
  0.1122  0.1133  0.1106  0.1042  0.1131  0.1057
registration optimization eta report
parameter search radius
    6.9000    6.9000    6.0000    6.0000    9.1253    6.9000
100000*second partial in parameter space
       28.       17.       28.       12.       11.        7.
  0.1203  0.1102  0.1130  0.1076  0.1096  0.1035
  0.1151  0.1081  0.1071  0.1047  0.1056  0.1027
  0.1056  0.1032  0.1035  0.1025  0.1018  0.1017
  0.1011  0.1020  0.1016  0.1014  0.1014  0.1010
  0.1051  0.1073  0.1023  0.1016  0.1046  0.1016
  0.1102  0.1121  0.1062  0.1025  0.1103  0.1036
  0.1122  0.1133  0.1106  0.1042  0.1131  0.1057
   12.1222  -16.0329   -3.8110    9.7972  -23.2102   -5.5102
eta,q 0.89882 19.55903

---------------------------------------------------------------------
imgreg_4dfp /opt/freesurfer/average/3T18yoSchwartzReactN32_as_orig /opt/freesurfer/average/711-2B_as_mni_average_305_mask talsrcimg_g11 none talsrcimg_to_3T18yoSchwartzReactN32_as_orig_t4 3335
---------------------------------------------------------------------

freesurfer imgreg_4dfp.c
/opt/freesurfer/average/3T18yoSchwartzReactN32_as_orig.4dfp.img
       256       256       256         1
  1.000000  1.000000  1.000000
orientation T byte_order littleendian
Reading image: /opt/freesurfer/average/3T18yoSchwartzReactN32_as_orig.4dfp.img
dimensions:      256       256       256
mmppix:       1.0000   -1.0000   -1.0000
center:     128.0000 -129.0000 -129.0000
/opt/freesurfer/average/711-2B_as_mni_average_305_mask.4dfp.img
       256       256       256         1
  1.000000  1.000000  1.000000
orientation T byte_order littleendian
Reading mask: /opt/freesurfer/average/711-2B_as_mni_average_305_mask.4dfp.img (2306576 pixels)
talsrcimg_g11.4dfp.img
       320       320       320         1
  0.800000  0.800000  0.800000
orientation T byte_order littleendian
Reading image: talsrcimg_g11.4dfp.img
dimensions:      320       320       320
mmppix:       0.8000   -0.8000   -0.8000
center:     128.0000 -128.8000 -128.8000
fimgreg.f
image alignment mode   3335 decimal      D07 hex
parameters
   12.1222  -16.0329   -3.8110   -8.5182   -2.5577   -9.4338
   16.1375   37.0224   -8.8251  -20.6667  -39.4106   15.6390
eta,q 0.89337 19.67369
niter,ni,del,rscale     5    3    5.0000    1.2000
parameter  1  5.862260 -> -0.500000 qaram    1.1500
parameter  2  2.116424 ->  0.500000 qaram    1.1500
parameter  4 -2.401889 -> -0.500000 qaram    1.1500
parameter  7 19.858828 -> -0.500000 qaram    1.1500
parameter  8 -0.982429 -> -0.500000 qaram    1.1500
parameter  9  1.680744 ->  0.500000 qaram    1.1500
parameter 10 -1.218856 -> -0.500000 qaram    1.1500
parameter 12 -1.436655 -> -0.500000 qaram    1.1500
parameters
   13.5022  -17.4129   -4.8729   -4.3782   -5.9427   -9.7378
   20.2775   41.1624  -12.9651  -16.5267  -41.6983   19.7790
eta,q 0.90013 19.88847
  0.1070  0.1053  0.1056  0.1116  0.1031  0.1048  0.1037  0.1079  0.1005  0.1021  0.1007  0.1015
  0.1068  0.1055  0.1056  0.1098  0.1031  0.1038  0.1036  0.1059  0.1007  0.1016  0.1004  0.1010
  0.1067  0.1059  0.1056  0.1079  0.1032  0.1031  0.1034  0.1041  0.1009  0.1012  0.1002  0.1005
  0.1066  0.1063  0.1056  0.1056  0.1031  0.1032  0.1032  0.1027  0.1011  0.1008  0.1003  0.1002
  0.1064  0.1068  0.1058  0.1038  0.1032  0.1035  0.1029  0.1016  0.1014  0.1004  0.1007  0.1000
  0.1062  0.1073  0.1062  0.1028  0.1036  0.1040  0.1026  0.1011  0.1018  0.1003  0.1014  0.0998
  0.1061  0.1079  0.1068  0.1018  0.1039  0.1051  0.1025  0.1010  0.1022  0.1002  0.1025  0.0996
niter,ni,del,rscale     7    3    5.0000    1.2000
parameter  2  0.929679 ->  0.500000 qaram    1.3225
parameter  4 -0.819790 -> -0.500000 qaram    1.3225
parameter  5 -0.518566 -> -0.500000 qaram    1.1500
parameter  7 -0.626372 -> -0.500000 qaram    1.3225
parameter 12 -1.555140 -> -0.500000 qaram    1.3225
parameters
   12.4117  -18.9999   -4.2204    0.3828   -1.8027  -10.5420
   25.0385   44.5563  -16.8164  -19.0549  -44.6281   24.5400
eta,q 0.90292 20.88421
  0.1002  0.0994  0.1001  0.1059  0.1003  0.0997  0.0988  0.1003  0.0976  0.0977  0.0975  0.0983
  0.0998  0.0993  0.0997  0.1034  0.0994  0.0985  0.0984  0.0991  0.0975  0.0976  0.0975  0.0980
  0.0996  0.0994  0.0994  0.1011  0.0987  0.0980  0.0982  0.0984  0.0976  0.0975  0.0975  0.0977
  0.0999  0.0996  0.0993  0.0993  0.0984  0.0982  0.0981  0.0980  0.0976  0.0975  0.0975  0.0975
  0.1004  0.0999  0.0993  0.0986  0.0983  0.0986  0.0980  0.0976  0.0978  0.0977  0.0976  0.0972
  0.1009  0.1002  0.0993  0.0983  0.0982  0.0993  0.0980  0.0977  0.0981  0.0981  0.0981  0.0970
  0.1012  0.1005  0.0995  0.0978  0.0983  0.1004  0.0980  0.0982  0.0985  0.0990  0.0991  0.0970
niter,ni,del,rscale     7    3    5.0000    1.2000
parameter  3 -1.348238 -> -0.500000 qaram    1.1500
parameter 12 -0.632176 -> -0.500000 qaram    1.5209
parameters
   12.2745  -19.8816   -2.8404    1.4854   -1.8727  -10.7572
   28.0100   42.6965  -17.9007  -22.4660  -45.7496   30.0152
eta,q 0.90348 21.03867
  0.0976  0.0975  0.0979  0.1005  0.0982  0.0993  0.0976  0.0975  0.0972  0.0970  0.0969  0.0976
  0.0972  0.0972  0.0975  0.0985  0.0974  0.0977  0.0972  0.0971  0.0970  0.0968  0.0968  0.0972
  0.0971  0.0971  0.0972  0.0970  0.0971  0.0968  0.0970  0.0969  0.0969  0.0967  0.0968  0.0969
  0.0971  0.0971  0.0971  0.0968  0.0969  0.0969  0.0969  0.0969  0.0968  0.0969  0.0967  0.0967
  0.0971  0.0973  0.0969  0.0972  0.0970  0.0972  0.0969  0.0972  0.0969  0.0973  0.0967  0.0966
  0.0973  0.0978  0.0967  0.0978  0.0975  0.0980  0.0969  0.0977  0.0972  0.0981  0.0968  0.0965
  0.0977  0.0985  0.0967  0.0988  0.0982  0.0994  0.0970  0.0987  0.0975  0.0993  0.0972  0.0966
niter,ni,del,rscale     7    3    5.0000    1.2000
parameters
   12.1101  -20.8189   -1.6739    1.5005   -2.5644  -10.8589
   29.3194   42.0946  -16.4602  -25.9941  -44.7965   33.9555
eta,q 0.90404 21.02965
  0.0969  0.0969  0.0969  0.0991  0.0975  0.0988  0.0971  0.0974  0.0970  0.0964  0.0966  0.0971
  0.0967  0.0966  0.0967  0.0970  0.0968  0.0972  0.0966  0.0968  0.0966  0.0962  0.0964  0.0967
  0.0966  0.0965  0.0966  0.0961  0.0965  0.0964  0.0964  0.0964  0.0964  0.0962  0.0963  0.0964
  0.0965  0.0965  0.0965  0.0963  0.0963  0.0963  0.0963  0.0963  0.0963  0.0963  0.0962  0.0961
  0.0965  0.0968  0.0964  0.0967  0.0966  0.0968  0.0963  0.0965  0.0963  0.0968  0.0961  0.0960
  0.0967  0.0974  0.0963  0.0974  0.0972  0.0975  0.0964  0.0970  0.0964  0.0978  0.0962  0.0961
  0.0972  0.0981  0.0965  0.0986  0.0978  0.0987  0.0967  0.0978  0.0966  0.0995  0.0965  0.0963
niter,ni,del,rscale     6    3    5.0000    1.2000
parameters
   11.8683  -21.5107   -1.3620    1.7227   -2.6435  -11.3540
   28.8429   42.0056  -15.3550  -28.3685  -44.8371   37.1213
eta,q 0.90442 21.08017
  0.0966  0.0965  0.0964  0.0990  0.0971  0.0980  0.0964  0.0970  0.0964  0.0963  0.0963  0.0968
  0.0961  0.0961  0.0962  0.0969  0.0965  0.0965  0.0960  0.0964  0.0961  0.0959  0.0961  0.0964
  0.0959  0.0959  0.0960  0.0957  0.0961  0.0957  0.0958  0.0961  0.0959  0.0957  0.0959  0.0960
  0.0960  0.0959  0.0958  0.0958  0.0958  0.0959  0.0958  0.0958  0.0958  0.0957  0.0957  0.0957
  0.0961  0.0963  0.0958  0.0964  0.0961  0.0963  0.0959  0.0958  0.0958  0.0961  0.0957  0.0956
  0.0963  0.0967  0.0959  0.0971  0.0966  0.0972  0.0961  0.0963  0.0959  0.0970  0.0960  0.0957
  0.0967  0.0973  0.0963  0.0983  0.0970  0.0984  0.0965  0.0972  0.0961  0.0984  0.0965  0.0961
niter,ni,del,rscale     5    3    5.0000    1.2000
parameters
   11.9440  -21.9787   -1.2125    1.8730   -2.6322  -12.1379
   27.8923   42.2079  -14.3594  -30.0155  -45.2440   39.2101
eta,q 0.90464 21.10788
  0.0966  0.0964  0.0961  0.0987  0.0967  0.0975  0.0961  0.0967  0.0961  0.0963  0.0960  0.0965
  0.0959  0.0959  0.0959  0.0967  0.0962  0.0960  0.0957  0.0962  0.0957  0.0957  0.0958  0.0961
  0.0956  0.0956  0.0957  0.0955  0.0958  0.0954  0.0955  0.0958  0.0955  0.0955  0.0956  0.0957
  0.0956  0.0956  0.0955  0.0955  0.0956  0.0956  0.0954  0.0954  0.0954  0.0954  0.0954  0.0954
  0.0958  0.0959  0.0955  0.0961  0.0959  0.0960  0.0956  0.0954  0.0954  0.0957  0.0955  0.0954
  0.0960  0.0964  0.0957  0.0969  0.0963  0.0970  0.0959  0.0959  0.0956  0.0964  0.0958  0.0956
  0.0963  0.0969  0.0961  0.0980  0.0966  0.0981  0.0964  0.0969  0.0958  0.0978  0.0964  0.0960
niter,ni,del,rscale     4    3    5.0000    1.2000
parameters
   12.0297  -22.3215   -1.1514    2.0588   -2.4321  -12.8492
   26.7245   42.6868  -13.4446  -31.0763  -45.7200   40.7987
eta,q 0.90475 21.14789
  0.0964  0.0963  0.0959  0.0985  0.0965  0.0973  0.0959  0.0966  0.0960  0.0963  0.0959  0.0963
  0.0957  0.0958  0.0957  0.0965  0.0961  0.0958  0.0956  0.0960  0.0956  0.0957  0.0957  0.0958
  0.0954  0.0954  0.0955  0.0953  0.0957  0.0953  0.0954  0.0957  0.0954  0.0954  0.0955  0.0955
  0.0954  0.0954  0.0953  0.0953  0.0954  0.0954  0.0953  0.0953  0.0953  0.0952  0.0953  0.0953
  0.0956  0.0957  0.0954  0.0960  0.0957  0.0958  0.0955  0.0952  0.0953  0.0954  0.0953  0.0953
  0.0958  0.0962  0.0956  0.0967  0.0961  0.0967  0.0958  0.0956  0.0954  0.0961  0.0956  0.0955
  0.0961  0.0967  0.0959  0.0979  0.0964  0.0978  0.0963  0.0966  0.0957  0.0973  0.0963  0.0959
niter,ni,del,rscale     3    3    5.0000    1.2000
parameters
   12.1592  -22.6286   -1.2354    2.1361   -2.1793  -13.5604
   25.4594   43.1903  -12.5380  -31.8567  -46.2544   42.3558
eta,q 0.90482 21.18337
  0.0963  0.0962  0.0957  0.0983  0.0964  0.0971  0.0957  0.0965  0.0959  0.0964  0.0957  0.0961
  0.0956  0.0957  0.0955  0.0963  0.0961  0.0956  0.0955  0.0959  0.0955  0.0956  0.0956  0.0957
  0.0953  0.0953  0.0953  0.0952  0.0956  0.0952  0.0953  0.0956  0.0953  0.0953  0.0954  0.0954
  0.0953  0.0953  0.0952  0.0952  0.0952  0.0953  0.0952  0.0952  0.0952  0.0952  0.0952  0.0952
  0.0955  0.0956  0.0953  0.0958  0.0957  0.0957  0.0953  0.0951  0.0952  0.0953  0.0952  0.0952
  0.0957  0.0961  0.0955  0.0966  0.0960  0.0965  0.0957  0.0955  0.0954  0.0959  0.0955  0.0954
  0.0959  0.0965  0.0958  0.0978  0.0962  0.0976  0.0962  0.0964  0.0956  0.0972  0.0962  0.0957
niter,ni,del,rscale     2    3    5.0000    1.2000
parameters
   12.3099  -22.9179   -1.3973    2.1036   -1.9352  -14.3091
   24.4119   43.7017  -11.6047  -32.5629  -46.9023   43.8098
eta,q 0.90497 21.22142
  0.0961  0.0962  0.0956  0.0982  0.0963  0.0969  0.0956  0.0964  0.0958  0.0963  0.0956  0.0959
  0.0955  0.0956  0.0954  0.0962  0.0960  0.0954  0.0953  0.0957  0.0954  0.0955  0.0954  0.0955
  0.0952  0.0952  0.0952  0.0951  0.0955  0.0951  0.0951  0.0954  0.0952  0.0952  0.0952  0.0952
  0.0952  0.0952  0.0951  0.0952  0.0952  0.0952  0.0951  0.0951  0.0950  0.0950  0.0951  0.0951
  0.0953  0.0956  0.0952  0.0957  0.0956  0.0956  0.0952  0.0950  0.0951  0.0952  0.0951  0.0951
  0.0955  0.0960  0.0954  0.0965  0.0959  0.0964  0.0955  0.0954  0.0953  0.0957  0.0954  0.0953
  0.0958  0.0964  0.0957  0.0978  0.0961  0.0974  0.0959  0.0963  0.0955  0.0970  0.0960  0.0956
niter,ni,del,rscale     1    3    5.0000    1.2000
parameters
   12.4229  -23.1593   -1.5706    2.0204   -1.9400  -15.0874
   23.8955   44.1656  -10.7511  -33.3368  -47.5743   45.1526
eta,q 0.90513 21.25007
  0.0959  0.0961  0.0954  0.0980  0.0961  0.0967  0.0956  0.0963  0.0957  0.0961  0.0954  0.0958
  0.0953  0.0955  0.0952  0.0960  0.0959  0.0953  0.0952  0.0956  0.0953  0.0954  0.0952  0.0954
  0.0950  0.0950  0.0951  0.0950  0.0953  0.0949  0.0950  0.0952  0.0950  0.0950  0.0950  0.0951
  0.0950  0.0950  0.0950  0.0950  0.0950  0.0950  0.0949  0.0949  0.0949  0.0949  0.0949  0.0949
  0.0952  0.0954  0.0951  0.0955  0.0955  0.0954  0.0951  0.0948  0.0949  0.0951  0.0950  0.0949
  0.0954  0.0959  0.0953  0.0963  0.0959  0.0962  0.0953  0.0953  0.0951  0.0956  0.0952  0.0952
  0.0956  0.0962  0.0956  0.0977  0.0961  0.0972  0.0957  0.0962  0.0954  0.0970  0.0958  0.0954
registration optimization eta report
parameter search radius
    2.7600    3.1740    2.7600    9.5220    8.2800    7.2000
    9.5220    8.2800    8.2800    8.2800    7.2000   10.9503
100000*second partial in parameter space
       10.       11.        7.        3.        1.        4.
        1.        2.        1.        2.        1.        1.
  0.0959  0.0961  0.0954  0.0980  0.0961  0.0967  0.0956  0.0963  0.0957  0.0961  0.0954  0.0958
  0.0953  0.0955  0.0952  0.0960  0.0959  0.0953  0.0952  0.0956  0.0953  0.0954  0.0952  0.0954
  0.0950  0.0950  0.0951  0.0950  0.0953  0.0949  0.0950  0.0952  0.0950  0.0950  0.0950  0.0951
  0.0950  0.0950  0.0950  0.0950  0.0950  0.0950  0.0949  0.0949  0.0949  0.0949  0.0949  0.0949
  0.0952  0.0954  0.0951  0.0955  0.0955  0.0954  0.0951  0.0948  0.0949  0.0951  0.0950  0.0949
  0.0954  0.0959  0.0953  0.0963  0.0959  0.0962  0.0953  0.0953  0.0951  0.0956  0.0952  0.0952
  0.0956  0.0962  0.0956  0.0977  0.0961  0.0972  0.0957  0.0962  0.0954  0.0970  0.0958  0.0954
   12.4229  -23.1593   -1.5706    2.0204   -1.9400  -15.0874
   23.8955   44.1656  -10.7511  -33.3368  -47.5743   45.1526
eta,q 0.90513 21.25007

---------------------------------------------------------------------
imgreg_4dfp /opt/freesurfer/average/3T18yoSchwartzReactN32_as_orig /opt/freesurfer/average/711-2B_as_mni_average_305_mask talsrcimg_g11 none talsrcimg_to_3T18yoSchwartzReactN32_as_orig_t4 2311
---------------------------------------------------------------------

freesurfer imgreg_4dfp.c
/opt/freesurfer/average/3T18yoSchwartzReactN32_as_orig.4dfp.img
       256       256       256         1
  1.000000  1.000000  1.000000
orientation T byte_order littleendian
Reading image: /opt/freesurfer/average/3T18yoSchwartzReactN32_as_orig.4dfp.img
dimensions:      256       256       256
mmppix:       1.0000   -1.0000   -1.0000
center:     128.0000 -129.0000 -129.0000
/opt/freesurfer/average/711-2B_as_mni_average_305_mask.4dfp.img
       256       256       256         1
  1.000000  1.000000  1.000000
orientation T byte_order littleendian
Reading mask: /opt/freesurfer/average/711-2B_as_mni_average_305_mask.4dfp.img (2306576 pixels)
talsrcimg_g11.4dfp.img
       320       320       320         1
  0.800000  0.800000  0.800000
orientation T byte_order littleendian
Reading image: talsrcimg_g11.4dfp.img
dimensions:      320       320       320
mmppix:       0.8000   -0.8000   -0.8000
center:     128.0000 -128.8000 -128.8000
fimgreg.f
image alignment mode   2311 decimal      907 hex
parameters
   12.4229  -23.1593   -1.5706    2.0204   -1.9400  -15.0874
   23.8955   44.1656  -10.7511  -33.3369  -47.5743   45.1526
eta,q 0.90513 21.25007
niter,ni,del,rscale     5    3    5.0000    0.8000
parameters
   12.1767  -23.6112   -1.4675    1.2484   -2.1364  -16.0702
   24.3372   44.5800  -10.1857  -34.2947  -48.5157   46.5957
eta,q 0.90545 21.20381
  0.0951  0.0951  0.0951  0.0954  0.0955  0.0953  0.0950  0.0954  0.0950  0.0950  0.0949  0.0949
  0.0949  0.0949  0.0949  0.0949  0.0952  0.0948  0.0948  0.0951  0.0948  0.0948  0.0947  0.0948
  0.0949  0.0948  0.0948  0.0947  0.0948  0.0947  0.0947  0.0948  0.0947  0.0946  0.0946  0.0947
  0.0949  0.0949  0.0948  0.0948  0.0947  0.0947  0.0947  0.0947  0.0946  0.0946  0.0946  0.0946
  0.0950  0.0950  0.0948  0.0951  0.0949  0.0950  0.0947  0.0946  0.0947  0.0948  0.0947  0.0945
  0.0951  0.0953  0.0949  0.0954  0.0953  0.0954  0.0948  0.0949  0.0947  0.0951  0.0950  0.0946
  0.0952  0.0955  0.0950  0.0958  0.0956  0.0958  0.0949  0.0952  0.0949  0.0955  0.0953  0.0947
niter,ni,del,rscale     4    3    5.0000    0.7000
parameters
   12.2706  -23.8436   -1.4579    0.8530   -2.3870  -16.7546
   24.3605   45.1149   -9.7659  -35.0568  -49.5858   47.5878
eta,q 0.90563 21.21089
  0.0949  0.0948  0.0948  0.0952  0.0952  0.0950  0.0947  0.0952  0.0948  0.0948  0.0947  0.0947
  0.0947  0.0946  0.0947  0.0947  0.0949  0.0947  0.0946  0.0949  0.0946  0.0946  0.0945  0.0946
  0.0946  0.0946  0.0946  0.0945  0.0946  0.0945  0.0945  0.0946  0.0945  0.0944  0.0944  0.0945
  0.0946  0.0946  0.0945  0.0945  0.0945  0.0945  0.0945  0.0945  0.0945  0.0945  0.0944  0.0944
  0.0946  0.0947  0.0946  0.0947  0.0947  0.0947  0.0945  0.0945  0.0945  0.0946  0.0946  0.0944
  0.0947  0.0949  0.0947  0.0950  0.0950  0.0950  0.0946  0.0946  0.0946  0.0948  0.0948  0.0944
  0.0948  0.0951  0.0948  0.0954  0.0953  0.0954  0.0947  0.0949  0.0947  0.0952  0.0951  0.0945
niter,ni,del,rscale     3    3    5.0000    0.6000
parameters
   12.3485  -23.9894   -1.3565    0.4059   -2.6083  -17.1100
   24.5338   45.6663   -9.6562  -35.5150  -50.6029   48.1861
eta,q 0.90574 21.21746
  0.0947  0.0946  0.0946  0.0949  0.0949  0.0948  0.0945  0.0949  0.0946  0.0947  0.0945  0.0945
  0.0945  0.0945  0.0945  0.0945  0.0946  0.0946  0.0944  0.0947  0.0944  0.0945  0.0943  0.0944
  0.0944  0.0944  0.0944  0.0943  0.0944  0.0944  0.0944  0.0945  0.0943  0.0943  0.0943  0.0943
  0.0944  0.0944  0.0944  0.0944  0.0943  0.0943  0.0943  0.0943  0.0943  0.0943  0.0943  0.0943
  0.0944  0.0944  0.0944  0.0945  0.0945  0.0945  0.0944  0.0943  0.0943  0.0944  0.0944  0.0943
  0.0945  0.0946  0.0944  0.0948  0.0948  0.0947  0.0944  0.0944  0.0944  0.0946  0.0946  0.0943
  0.0946  0.0948  0.0946  0.0951  0.0951  0.0951  0.0945  0.0947  0.0945  0.0949  0.0949  0.0944
niter,ni,del,rscale     2    3    5.0000    0.5000
parameters
   12.4444  -24.0808   -1.1585   -0.0771   -2.8374  -17.2754
   24.8875   46.1330   -9.7113  -35.7701  -51.5290   48.4930
eta,q 0.90583 21.21397
  0.0945  0.0945  0.0945  0.0946  0.0947  0.0947  0.0944  0.0947  0.0944  0.0945  0.0943  0.0944
  0.0944  0.0943  0.0944  0.0943  0.0944  0.0945  0.0943  0.0945  0.0943  0.0943  0.0942  0.0943
  0.0943  0.0943  0.0943  0.0942  0.0943  0.0943  0.0942  0.0943  0.0942  0.0942  0.0942  0.0942
  0.0943  0.0943  0.0943  0.0942  0.0942  0.0942  0.0942  0.0942  0.0942  0.0942  0.0942  0.0942
  0.0943  0.0943  0.0943  0.0944  0.0943  0.0943  0.0942  0.0942  0.0942  0.0943  0.0943  0.0942
  0.0943  0.0944  0.0943  0.0946  0.0945  0.0945  0.0943  0.0943  0.0943  0.0944  0.0945  0.0942
  0.0944  0.0946  0.0944  0.0948  0.0948  0.0948  0.0943  0.0945  0.0944  0.0946  0.0947  0.0943
niter,ni,del,rscale     1    3    5.0000    0.4000
parameters
   12.5435  -24.1495   -1.0198   -0.5427   -3.0497  -17.4025
   25.2142   46.4613   -9.7619  -35.9929  -52.2391   48.5471
eta,q 0.90590 21.20024
  0.0944  0.0943  0.0943  0.0944  0.0944  0.0945  0.0943  0.0944  0.0942  0.0943  0.0942  0.0942
  0.0942  0.0942  0.0943  0.0942  0.0942  0.0943  0.0942  0.0943  0.0942  0.0942  0.0941  0.0942
  0.0942  0.0942  0.0942  0.0941  0.0941  0.0942  0.0941  0.0942  0.0941  0.0941  0.0941  0.0941
  0.0942  0.0942  0.0942  0.0942  0.0941  0.0941  0.0941  0.0941  0.0941  0.0941  0.0941  0.0941
  0.0942  0.0942  0.0941  0.0942  0.0942  0.0942  0.0941  0.0941  0.0941  0.0942  0.0942  0.0941
  0.0942  0.0943  0.0942  0.0944  0.0944  0.0944  0.0941  0.0942  0.0942  0.0943  0.0943  0.0942
  0.0943  0.0944  0.0943  0.0946  0.0945  0.0946  0.0942  0.0943  0.0942  0.0944  0.0945  0.0942
registration optimization eta report
parameter search radius
    0.8000    0.8000    0.8000    2.4000    2.4000    2.4000
    2.4000    2.4000    2.4000    2.4000    2.4000    2.4000
100000*second partial in parameter space
       23.       26.       20.        6.        6.        7.
        2.        4.        2.        4.        4.        2.
  0.0944  0.0943  0.0943  0.0944  0.0944  0.0945  0.0943  0.0944  0.0942  0.0943  0.0942  0.0942
  0.0942  0.0942  0.0943  0.0942  0.0942  0.0943  0.0942  0.0943  0.0942  0.0942  0.0941  0.0942
  0.0942  0.0942  0.0942  0.0941  0.0941  0.0942  0.0941  0.0942  0.0941  0.0941  0.0941  0.0941
  0.0942  0.0942  0.0942  0.0942  0.0941  0.0941  0.0941  0.0941  0.0941  0.0941  0.0941  0.0941
  0.0942  0.0942  0.0941  0.0942  0.0942  0.0942  0.0941  0.0941  0.0941  0.0942  0.0942  0.0941
  0.0942  0.0943  0.0942  0.0944  0.0944  0.0944  0.0941  0.0942  0.0942  0.0943  0.0943  0.0942
  0.0943  0.0944  0.0943  0.0946  0.0945  0.0946  0.0942  0.0943  0.0942  0.0944  0.0945  0.0942
   12.5435  -24.1495   -1.0198   -0.5427   -3.0497  -17.4025
   25.2142   46.4613   -9.7619  -35.9929  -52.2391   48.5471
eta,q 0.90590 21.20024

---------------------------------------------------------------------
imgreg_4dfp /opt/freesurfer/average/3T18yoSchwartzReactN32_as_orig /opt/freesurfer/average/711-2B_as_mni_average_305_mask talsrcimg_g11 none talsrcimg_to_3T18yoSchwartzReactN32_as_orig_t4 2311
---------------------------------------------------------------------

freesurfer imgreg_4dfp.c
/opt/freesurfer/average/3T18yoSchwartzReactN32_as_orig.4dfp.img
       256       256       256         1
  1.000000  1.000000  1.000000
orientation T byte_order littleendian
Reading image: /opt/freesurfer/average/3T18yoSchwartzReactN32_as_orig.4dfp.img
dimensions:      256       256       256
mmppix:       1.0000   -1.0000   -1.0000
center:     128.0000 -129.0000 -129.0000
/opt/freesurfer/average/711-2B_as_mni_average_305_mask.4dfp.img
       256       256       256         1
  1.000000  1.000000  1.000000
orientation T byte_order littleendian
Reading mask: /opt/freesurfer/average/711-2B_as_mni_average_305_mask.4dfp.img (2306576 pixels)
talsrcimg_g11.4dfp.img
       320       320       320         1
  0.800000  0.800000  0.800000
orientation T byte_order littleendian
Reading image: talsrcimg_g11.4dfp.img
dimensions:      320       320       320
mmppix:       0.8000   -0.8000   -0.8000
center:     128.0000 -128.8000 -128.8000
fimgreg.f
image alignment mode   2311 decimal      907 hex
parameters
   12.5435  -24.1495   -1.0198   -0.5427   -3.0497  -17.4025
   25.2142   46.4613   -9.7619  -35.9929  -52.2391   48.5471
eta,q 0.90590 21.20025
niter,ni,del,rscale     5    3    5.0000    0.8000
parameters
   12.7465  -24.1487   -0.9918   -0.6043   -3.0889  -17.7420
   25.4090   46.8959   -9.7651  -36.3107  -52.9624   48.6068
eta,q 0.90592 21.23767
  0.0948  0.0947  0.0946  0.0952  0.0951  0.0951  0.0945  0.0951  0.0945  0.0948  0.0946  0.0945
  0.0944  0.0944  0.0944  0.0946  0.0946  0.0946  0.0943  0.0946  0.0943  0.0945  0.0943  0.0943
  0.0942  0.0942  0.0942  0.0942  0.0942  0.0942  0.0941  0.0943  0.0941  0.0942  0.0941  0.0941
  0.0941  0.0941  0.0941  0.0941  0.0941  0.0941  0.0941  0.0941  0.0941  0.0941  0.0941  0.0941
  0.0942  0.0942  0.0941  0.0943  0.0943  0.0944  0.0941  0.0941  0.0941  0.0942  0.0942  0.0941
  0.0943  0.0944  0.0943  0.0947  0.0947  0.0949  0.0943  0.0944  0.0943  0.0945  0.0946  0.0943
  0.0945  0.0947  0.0946  0.0952  0.0950  0.0953  0.0944  0.0948  0.0945  0.0951  0.0950  0.0945
niter,ni,del,rscale     4    3    5.0000    0.7000
parameters
   12.7429  -24.2539   -0.9354   -0.9040   -3.1636  -18.0034
   25.5886   47.1373   -9.8077  -36.5131  -53.6088   48.7538
eta,q 0.90597 21.23284
  0.0945  0.0945  0.0945  0.0949  0.0949  0.0949  0.0944  0.0948  0.0944  0.0947  0.0944  0.0944
  0.0942  0.0942  0.0943  0.0944  0.0945  0.0945  0.0942  0.0944  0.0942  0.0944  0.0942  0.0942
  0.0941  0.0941  0.0941  0.0941  0.0941  0.0942  0.0941  0.0942  0.0941  0.0941  0.0941  0.0941
  0.0941  0.0941  0.0941  0.0941  0.0941  0.0941  0.0941  0.0941  0.0940  0.0940  0.0940  0.0940
  0.0942  0.0942  0.0941  0.0943  0.0942  0.0943  0.0941  0.0941  0.0941  0.0941  0.0942  0.0941
  0.0943  0.0944  0.0942  0.0946  0.0946  0.0947  0.0942  0.0943  0.0942  0.0944  0.0945  0.0942
  0.0945  0.0946  0.0945  0.0950  0.0949  0.0950  0.0943  0.0947  0.0944  0.0948  0.0948  0.0944
niter,ni,del,rscale     3    3    5.0000    0.6000
parameters
   12.7542  -24.3173   -0.9273   -1.2055   -3.2707  -18.2575
   25.7778   47.3443   -9.8123  -36.6850  -54.1330   48.8882
eta,q 0.90601 21.22188
  0.0944  0.0944  0.0943  0.0946  0.0947  0.0947  0.0943  0.0946  0.0943  0.0945  0.0943  0.0943
  0.0942  0.0942  0.0942  0.0943  0.0943  0.0944  0.0941  0.0943  0.0941  0.0942  0.0942  0.0942
  0.0941  0.0941  0.0941  0.0940  0.0941  0.0941  0.0941  0.0941  0.0940  0.0941  0.0940  0.0940
  0.0940  0.0940  0.0940  0.0940  0.0940  0.0940  0.0940  0.0940  0.0940  0.0940  0.0940  0.0940
  0.0941  0.0941  0.0941  0.0942  0.0942  0.0942  0.0940  0.0940  0.0940  0.0941  0.0941  0.0940
  0.0942  0.0942  0.0942  0.0945  0.0944  0.0946  0.0941  0.0942  0.0942  0.0943  0.0943  0.0941
  0.0943  0.0944  0.0944  0.0948  0.0947  0.0949  0.0942  0.0945  0.0943  0.0946  0.0946  0.0943
niter,ni,del,rscale     2    3    5.0000    0.5000
parameters
   12.7765  -24.3550   -0.9299   -1.4322   -3.3935  -18.5302
   25.9266   47.5569   -9.7898  -36.8084  -54.6359   48.9688
eta,q 0.90602 21.21118
  0.0942  0.0942  0.0942  0.0945  0.0945  0.0945  0.0942  0.0944  0.0942  0.0943  0.0942  0.0942
  0.0941  0.0941  0.0941  0.0942  0.0942  0.0943  0.0941  0.0942  0.0941  0.0941  0.0941  0.0941
  0.0940  0.0940  0.0940  0.0940  0.0940  0.0940  0.0940  0.0940  0.0940  0.0940  0.0940  0.0940
  0.0940  0.0940  0.0940  0.0940  0.0940  0.0940  0.0940  0.0940  0.0940  0.0940  0.0940  0.0940
  0.0940  0.0940  0.0940  0.0941  0.0941  0.0941  0.0940  0.0940  0.0940  0.0940  0.0941  0.0940
  0.0941  0.0941  0.0941  0.0943  0.0943  0.0944  0.0941  0.0941  0.0941  0.0942  0.0942  0.0941
  0.0942  0.0943  0.0942  0.0946  0.0945  0.0947  0.0941  0.0943  0.0942  0.0944  0.0944  0.0942
niter,ni,del,rscale     1    3    5.0000    0.4000
parameters
   12.7852  -24.3639   -0.9433   -1.6156   -3.4925  -18.7965
   26.0017   47.7742   -9.7902  -36.8950  -55.0838   49.0739
eta,q 0.90603 21.20302
  0.0941  0.0941  0.0941  0.0943  0.0943  0.0943  0.0941  0.0942  0.0941  0.0942  0.0941  0.0941
  0.0940  0.0940  0.0940  0.0941  0.0941  0.0941  0.0940  0.0941  0.0940  0.0941  0.0940  0.0940
  0.0940  0.0940  0.0940  0.0940  0.0940  0.0940  0.0940  0.0940  0.0940  0.0940  0.0940  0.0940
  0.0940  0.0940  0.0940  0.0940  0.0940  0.0940  0.0940  0.0940  0.0940  0.0940  0.0940  0.0940
  0.0940  0.0940  0.0940  0.0941  0.0940  0.0941  0.0940  0.0940  0.0940  0.0940  0.0940  0.0940
  0.0940  0.0941  0.0941  0.0942  0.0942  0.0943  0.0940  0.0940  0.0940  0.0941  0.0941  0.0940
  0.0941  0.0942  0.0941  0.0944  0.0944  0.0945  0.0941  0.0942  0.0941  0.0942  0.0943  0.0941
registration optimization eta report
parameter search radius
    0.8000    0.8000    0.8000    2.4000    2.4000    2.4000
    2.4000    2.4000    2.4000    2.4000    2.4000    2.4000
100000*second partial in parameter space
       22.       27.       24.        6.        6.        8.
        2.        4.        2.        4.        4.        2.
  0.0941  0.0941  0.0941  0.0943  0.0943  0.0943  0.0941  0.0942  0.0941  0.0942  0.0941  0.0941
  0.0940  0.0940  0.0940  0.0941  0.0941  0.0941  0.0940  0.0941  0.0940  0.0941  0.0940  0.0940
  0.0940  0.0940  0.0940  0.0940  0.0940  0.0940  0.0940  0.0940  0.0940  0.0940  0.0940  0.0940
  0.0940  0.0940  0.0940  0.0940  0.0940  0.0940  0.0940  0.0940  0.0940  0.0940  0.0940  0.0940
  0.0940  0.0940  0.0940  0.0941  0.0940  0.0941  0.0940  0.0940  0.0940  0.0940  0.0940  0.0940
  0.0940  0.0941  0.0941  0.0942  0.0942  0.0943  0.0940  0.0940  0.0940  0.0941  0.0941  0.0940
  0.0941  0.0942  0.0941  0.0944  0.0944  0.0945  0.0941  0.0942  0.0941  0.0942  0.0943  0.0941
   12.7852  -24.3639   -0.9433   -1.6156   -3.4925  -18.7965
   26.0017   47.7742   -9.7902  -36.8950  -55.0838   49.0739
eta,q 0.90603 21.20302

---------------------------------------------------------------------
compute_vox2vox talsrcimg talsrcimg_to_3T18yoSchwartzReactN32_as_orig_t4 /opt/freesurfer/average/3T18yoSchwartzReactN32_as_orig
---------------------------------------------------------------------

freesurfer compute_vox2vox.c
Reading: talsrcimg.4dfp.ifh
Reading: talsrcimg_to_3T18yoSchwartzReactN32_as_orig_t4
Reading: /opt/freesurfer/average/3T18yoSchwartzReactN32_as_orig.4dfp.ifh
Writing: talsrcimg_to_3T18yoSchwartzReactN32_as_orig_t4_vox2vox.txt

start time Tue Mar 10 21:09:24 CET 2026
end		time Tue Mar 10 21:10:49 CET 2026

mpr2mni305 success

avi2talxfm orig_nu.mgz /opt/freesurfer/average/mni305.cor.mgz talsrcimg_to_3T18yoSchwartzReactN32_as_orig_t4_vox2vox.txt transforms/talairach.auto.xfm
avi2talxfm done
mv -f /out/sourcedata/freesurfer/sub-v2s11x28716_ses-1/mri/talsrcimg_to_3T18yoSchwartzReactN32_as_orig_t4_vox2vox.txt /out/sourcedata/freesurfer/sub-v2s11x28716_ses-1/mri/transforms/talsrcimg_to_3T18yoSchwartzReactN32_as_orig_t4_vox2vox.txt
lta_convert --src orig_nu.mgz --trg /opt/freesurfer/average/mni305.cor.mgz --inxfm transforms/talairach.auto.xfm --outlta transforms/talairach.auto.xfm.lta --subject fsaverage
7.3.2

--src: orig_nu.mgz src image (geometry).
--trg: /opt/freesurfer/average/mni305.cor.mgz trg image (geometry).
--inmni: transforms/talairach.auto.xfm input MNI/XFM transform.
--outlta: transforms/talairach.auto.xfm.lta output LTA.
--s: fsaverage subject name
 LTA read, type : 1
 0.76952  -0.44429   0.01859  -18.19165;
 0.38571   0.77766  -0.49936  -3.60698;
 0.22552   0.25223   0.84717   4.71172;
 0.00000   0.00000   0.00000   1.00000;
setting subject to fsaverage
Writing  LTA to file transforms/talairach.auto.xfm.lta...
lta_convert successful.
 
 
Started at Tue Mar 10 21:09:24 CET 2026
Ended   at Tue Mar 10 21:10:49 CET 2026
talairach_avi done
