/out/sourcedata/freesurfer/sub-v2s11x28716_ses-1/mri
/opt/freesurfer/bin/talairach
--i orig_nu.mgz --xfm transforms/talairach.auto.xfm
talairach 7.3.2
Linux dna063 5.14.0-427.37.1.el9_4.x86_64 #1 SMP PREEMPT_DYNAMIC Fri Sep 13 12:41:50 EDT 2024 x86_64 x86_64 x86_64 GNU/Linux
Tue Mar 10 21:16:30 CET 2026
tmpdir is transforms/tmp.talairach.1103448
/out/sourcedata/freesurfer/sub-v2s11x28716_ses-1/mri
mri_convert orig_nu.mgz transforms/tmp.talairach.1103448/src.mnc
mri_convert orig_nu.mgz transforms/tmp.talairach.1103448/src.mnc 
reading from orig_nu.mgz...
TR=0.00, TE=0.00, TI=0.00, flip angle=0.00
i_ras = (-1, 0, 0)
j_ras = (0, 0, -1)
k_ras = (0, 1, 0)
writing to transforms/tmp.talairach.1103448/src.mnc...
[oesteban@dna063:/out/sourcedata/freesurfer/sub-v2s11x28716_ses-1/mri/] [2026-03-10 21:16:31] running:
  /opt/freesurfer/mni/bin/mritotal -verbose -debug -clobber -modeldir /opt/freesurfer/mni/bin/../share/mni_autoreg -protocol icbm transforms/tmp.talairach.1103448/src.mnc transforms/talairach.auto.xfm

Loading configuration file /opt/freesurfer/mni/bin/../etc/mni_autoreg/mritotal.cfg
Loading protocol default (protocol file = /opt/freesurfer/mni/bin/../etc/mni_autoreg/mritotal.default.cfg)
Loading protocol icbm (protocol file = /opt/freesurfer/mni/bin/../etc/mni_autoreg/mritotal.icbm.cfg)
   source = transforms/tmp.talairach.1103448/src.mnc
    model = /opt/freesurfer/mni/bin/../share/mni_autoreg/average_305
transform = transforms/talairach.auto.xfm
 protocol = icbm:
    linear fit only
    subsample heuristically
    crop according to 0,0 0,0 -25%,0
    blur with 16 and 8 mm FHWM kernels
    pad/unpad correctly (encroach on original volume)
    default objective function = cross-correlation

Subsampling/cropping data:
[mritotal] [oesteban@dna063:/out/sourcedata/freesurfer/sub-v2s11x28716_ses-1/mri] [2026-03-10 21:16:31] /opt/freesurfer/mni/bin/autocrop -clobber transforms/tmp.talairach.1103448/src.mnc /var/tmp/mritotal_1103497//src_crop.mnc -step 1.59999990463257 1.59999990463257 1.59999990463257 -extend 0,0 0,0 -25%,0
[autocrop] [oesteban@dna063:/out/sourcedata/freesurfer/sub-v2s11x28716_ses-1/mri] [2026-03-10 21:16:31] /opt/freesurfer/mni/bin/mincresample -clobber transforms/tmp.talairach.1103448/src.mnc /var/tmp/mritotal_1103497//src_crop.mnc -start -133.133 -145.074 -72.0730038385391 -step 1.59999990463257 1.59999990463257 1.59999990463257 -nelements 161 161 121
Centroid of input volume: 6.492141 8.759955 12.676714

Zero-padding data:
[mritotal] [oesteban@dna063:/out/sourcedata/freesurfer/sub-v2s11x28716_ses-1/mri] [2026-03-10 21:16:31] /opt/freesurfer/mni/bin/autocrop -clobber /var/tmp/mritotal_1103497//src_crop.mnc /var/tmp/mritotal_1103497//src_pad.mnc -expand 20.7999987602234 20.7999987602234 20.7999987602234
[autocrop] [oesteban@dna063:/out/sourcedata/freesurfer/sub-v2s11x28716_ses-1/mri] [2026-03-10 21:16:31] /opt/freesurfer/mni/bin/mincreshape -clobber /var/tmp/mritotal_1103497//src_crop.mnc /var/tmp/mritotal_1103497//src_pad.mnc -start -13,-13,-13 -count 188,188,148

Intensity blurring data:
[mritotal] [oesteban@dna063:/out/sourcedata/freesurfer/sub-v2s11x28716_ses-1/mri] [2026-03-10 21:16:32] /opt/freesurfer/mni/bin/mincblur -clobber -debug /var/tmp/mritotal_1103497//src_pad.mnc /var/tmp/mritotal_1103497//tmp_16 -fwhm 16
===== Debugging information from /opt/freesurfer/mni/bin/mincblur =====
Data filename     = /var/tmp/mritotal_1103497//src_pad.mnc
Output basename   = /var/tmp/mritotal_1103497//tmp_16
Input volume      = 188 cols by 188 rows by 148 slices
Input voxels are  =    1.600    1.600    1.600
min/max value     =    0.000  175.498
Apodizing data at (16.000000,16.000000) (16.000000,16.000000) (16.000000,16.000000)
Volume def min and max: = 0.000000 175.497961
before blur min/max = 0.000000 175.497955
after  blur min/max = -0.000002 65.592560
Making byte volume...
[mritotal] [oesteban@dna063:/out/sourcedata/freesurfer/sub-v2s11x28716_ses-1/mri] [2026-03-10 21:16:32] /opt/freesurfer/mni/bin/autocrop -clobber /var/tmp/mritotal_1103497//tmp_16_blur.mnc /var/tmp/mritotal_1103497//src_16_blur.mnc -expand -41.5999975204468 -41.5999975204468 -41.5999975204468
[autocrop] [oesteban@dna063:/out/sourcedata/freesurfer/sub-v2s11x28716_ses-1/mri] [2026-03-10 21:16:32] /opt/freesurfer/mni/bin/mincreshape -clobber /var/tmp/mritotal_1103497//tmp_16_blur.mnc /var/tmp/mritotal_1103497//src_16_blur.mnc -start 26,26,26 -count 137,137,98

Gradient blurring data:
[mritotal] [oesteban@dna063:/out/sourcedata/freesurfer/sub-v2s11x28716_ses-1/mri] [2026-03-10 21:16:33] /opt/freesurfer/mni/bin/mincblur -clobber -debug /var/tmp/mritotal_1103497//src_pad.mnc /var/tmp/mritotal_1103497//tmp_8 -fwhm 8 -gradient
===== Debugging information from /opt/freesurfer/mni/bin/mincblur =====
Data filename     = /var/tmp/mritotal_1103497//src_pad.mnc
Output basename   = /var/tmp/mritotal_1103497//tmp_8
Input volume      = 188 cols by 188 rows by 148 slices
Input voxels are  =    1.600    1.600    1.600
min/max value     =    0.000  175.498
Apodizing data at (8.000000,8.000000) (8.000000,8.000000) (8.000000,8.000000)
Volume def min and max: = 0.000000 175.497961
before blur min/max = 0.000000 175.497955
after  blur min/max = -0.000011 92.867172
Making byte volume...
Making byte volume dx...dx: min = -9.284238, max = 10.785392
Making byte volume dy...dy: min = -5.639269, max = 7.982430
Making byte volume dz...dz: min = -7.583153, max = 11.469065
[mritotal] [oesteban@dna063:/out/sourcedata/freesurfer/sub-v2s11x28716_ses-1/mri] [2026-03-10 21:16:35] /opt/freesurfer/mni/bin/autocrop -clobber /var/tmp/mritotal_1103497//tmp_8_blur.mnc /var/tmp/mritotal_1103497//src_8_blur.mnc -expand -31.9999980926514 -31.9999980926514 -31.9999980926514
[autocrop] [oesteban@dna063:/out/sourcedata/freesurfer/sub-v2s11x28716_ses-1/mri] [2026-03-10 21:16:35] /opt/freesurfer/mni/bin/mincreshape -clobber /var/tmp/mritotal_1103497//tmp_8_blur.mnc /var/tmp/mritotal_1103497//src_8_blur.mnc -start 20,20,20 -count 149,149,109
[mritotal] [oesteban@dna063:/out/sourcedata/freesurfer/sub-v2s11x28716_ses-1/mri] [2026-03-10 21:16:35] /opt/freesurfer/mni/bin/autocrop -clobber /var/tmp/mritotal_1103497//tmp_8_dxyz.mnc /var/tmp/mritotal_1103497//src_8_dxyz.mnc -expand -31.9999980926514 -31.9999980926514 -31.9999980926514
[autocrop] [oesteban@dna063:/out/sourcedata/freesurfer/sub-v2s11x28716_ses-1/mri] [2026-03-10 21:16:35] /opt/freesurfer/mni/bin/mincreshape -clobber /var/tmp/mritotal_1103497//tmp_8_dxyz.mnc /var/tmp/mritotal_1103497//src_8_dxyz.mnc -start 20,20,20 -count 149,149,109

16mm intensity lsq7 fit, no masks: making /var/tmp/mritotal_1103497//src_16.xfm
[mritotal] [oesteban@dna063:/out/sourcedata/freesurfer/sub-v2s11x28716_ses-1/mri] [2026-03-10 21:16:35] /opt/freesurfer/mni/bin/minctracc -clobber -debug /var/tmp/mritotal_1103497//src_16_blur.mnc /opt/freesurfer/mni/bin/../share/mni_autoreg/average_305_16_blur.mnc /var/tmp/mritotal_1103497//src_16.xfm -est_translations -lsq7 -xcorr -center 6.492141 8.759955 12.676714 -step 4 4 4 -tol 0.01 -simplex 20
===== Debugging information from /opt/freesurfer/mni/bin/minctracc =====
Data filename       = /var/tmp/mritotal_1103497//src_16_blur.mnc
Model filename      = /opt/freesurfer/mni/bin/../share/mni_autoreg/average_305_16_blur.mnc
Data mask filename  = 
Model mask filename = 
Input xform name    = 
Output filename     = /var/tmp/mritotal_1103497//src_16.xfm
Step size           = 4.000000 4.000000 4.000000
Sub-lattice dia     = 24.000000 24.000000 24.000000
Objective function  = cross correlation (threshold = 0.000000 0.000000)
Transform linear    = TRUE
Transform inverted? = FALSE
Transform type      = 4
Transform matrix    =    1.0000    0.0000    0.0000    0.0000 
                         0.0000    1.0000    0.0000    0.0000 
                         0.0000    0.0000    1.0000    0.0000 
Transform center   =    6.492    8.760   12.677
Transform rotation   =    0.000    0.000    0.000 

Transform trans    =    0.000    0.000    0.000
Transform scale    =    1.000    1.000    1.000

Center of rot/scale forced: 6.492141 8.759955 12.676714
  using PAT to get initial parameters:
  will try to get: [trans]
COG of v1 forced: 6.492141 8.759955 12.676714
In set_up_lattice, xyzv[axes] = 2, 1, 0, -1
In set_up_lattice, xyzv[axes] = 2, 1, 0, -1
in vol to cov
start =   -47.25  -125.51   -85.09 
count =       43       55       29 
step  =     4.00     4.00     4.00 
direct=     1.00     0.00     0.00 
direct=     0.00     1.00     0.00 
direct=     0.00     0.00     1.00 
In set_up_lattice, xyzv[axes] = 2, 1, 0, -1
In set_up_lattice, xyzv[axes] = 2, 1, 0, -1
COG of v2: 0.327802 -17.590965 9.454404
   [trans] = -6.164339 -26.350922 -3.222310
Only center & trans required, now returning from init_transformation
Transform center   =    6.492    8.760   12.677
Transform rots    =    0.000    0.000    0.000
Transform trans    =   -6.164  -26.351   -3.222
Transform scale    =    1.000    1.000    1.000

In set_up_lattice, xyzv[axes] = 2, 1, 0, -1
slice lim 0 38
row lim   3 51
col lim   2 52
thresh =    0.00000    0.00000
In set_up_lattice, xyzv[axes] = 2, 1, 0, -1
  68585   47386 -> 0.04013378
  68585   47386 -> 0.04013378
  68585   46284 -> 0.07247400
  68585   47386 -> 0.02814446
  68585   47386 -> 0.04153534
  68585   50869 -> 0.04255804
  68585   47386 -> 0.04523891
  68585   49021 -> 0.04255868
  68585   61103 -> 0.08305240
  68585   19215 -> 0.14147973
  68585   56345 -> 0.05433707
  68585   50029 -> 0.06114774
  68585   50526 -> 0.04096777
  68585   37308 -> 0.06088866
  68585   53346 -> 0.04145704
  68585   50244 -> 0.03236158
  68585   50642 -> 0.03136359
  68585   51294 -> 0.03387728
  68585   49708 -> 0.04805205
  68585   49880 -> 0.03209623
  68585   46932 -> 0.02906046
  68585   47680 -> 0.03292102
  68585   46942 -> 0.04412654
  68585   48820 -> 0.03017314
  68585   47602 -> 0.03587501
  68585   50039 -> 0.02843031
  68585   50334 -> 0.03866201
  68585   48606 -> 0.02783221
  68585   47384 -> 0.02809120
  68585   46603 -> 0.02763061
  68585   44010 -> 0.04120239
  68585   46258 -> 0.02513621
  68585   43610 -> 0.04079576
  68585   45296 -> 0.02756671
  68585   47295 -> 0.02736828
  68585   43664 -> 0.02705926
  68585   46228 -> 0.02882417
  68585   47087 -> 0.02460628
  68585   44597 -> 0.03317840
  68585   47115 -> 0.02410861
  68585   43083 -> 0.03299980
  68585   47572 -> 0.02366725
  68585   46383 -> 0.02612390
  68585   47709 -> 0.03212013
  68585   45957 -> 0.02359860
  68585   44968 -> 0.02436046
  68585   48482 -> 0.02657516
  68585   47615 -> 0.02384434
  68585   47032 -> 0.02658141
  68585   46581 -> 0.02328650
  68585   46889 -> 0.02498139
  68585   46773 -> 0.02307487
  68585   46445 -> 0.02554306
  68585   46939 -> 0.02305296
  68585   48619 -> 0.02679653
  68585   46122 -> 0.02271970
  68585   46559 -> 0.02357265
  68585   45374 -> 0.02352428
  68585   45023 -> 0.02333314
  68585   46630 -> 0.02261045
  68585   46352 -> 0.02337892
  68585   45685 -> 0.02438303
  68585   46480 -> 0.02260764
  68585   46898 -> 0.02346446
  68585   46768 -> 0.02263923
  68585   47889 -> 0.02383504
  68585   45865 -> 0.02256093
  68585   46444 -> 0.02335216
  68585   46589 -> 0.02258042
  68585   45714 -> 0.02353868
  68585   46663 -> 0.02252449
  68585   45892 -> 0.02248983
  68585   45208 -> 0.02399119
  68585   46691 -> 0.02305460
  68585   46299 -> 0.02238052
  68585   45847 -> 0.02227469
  68585   45284 -> 0.02268287
  68585   45960 -> 0.02300944
  68585   46452 -> 0.02232641
  68585   45991 -> 0.02257442
  68585   45716 -> 0.02242993
  68585   46231 -> 0.02243206
  68585   46433 -> 0.02237661
  68585   45491 -> 0.02258191
  68585   46424 -> 0.02231167
  68585   46386 -> 0.02281112
  68585   46086 -> 0.02223215
  68585   46044 -> 0.02230999
done with simplex after 79 iterations
0 0.02233:-5.86923 -6.17892  2.59415 -4.79836 -1.28715 -2.51361 47.96032 
1 0.02238:-6.23851 -7.05598  4.14996 -3.13250 -3.84961 -3.48440 47.81485 
2 0.02223:-6.30369 -5.55481  3.83417 -5.64573 -1.81657 -2.39810 47.51281 
3 0.02243:-6.88147 -4.83893  3.64891 -3.56028 -1.31280 -4.66087 47.36397 
4 0.02227:-5.64060 -4.16525  2.53321 -4.63415 -2.06187 -4.40412 47.84527 
5 0.02231:-6.12749 -6.62057  3.59088 -4.54721  0.12014 -5.16658 47.50645 
6 0.02231:-6.40385 -5.89335  3.39264 -4.51353 -1.49520 -4.46789 48.22581 
7 0.02238:-6.81253 -6.15152  3.32591 -5.77044 -1.71887 -3.22700 47.78746 
after parameter optimization
-center         6.49214    8.75995   12.67671
-translation   -6.30369   -5.55481    3.83417
-rotation      -5.64573   -1.81657   -2.39810
-scale          0.95026    0.95026    0.95026
-shear          0.00000    0.00000    0.00000
  68585   46086 -> 0.02223215
Initial objective function val = 0.04013378
Final objective function value = 0.02223215

8mm intensity lsq7 fit, no masks: making /var/tmp/mritotal_1103497//src_8tmp1a.xfm
[mritotal] [oesteban@dna063:/out/sourcedata/freesurfer/sub-v2s11x28716_ses-1/mri] [2026-03-10 21:16:35] /opt/freesurfer/mni/bin/minctracc -clobber -debug /var/tmp/mritotal_1103497//src_8_blur.mnc /opt/freesurfer/mni/bin/../share/mni_autoreg/average_305_8_blur.mnc /var/tmp/mritotal_1103497//src_8tmp1a.xfm -transformation /var/tmp/mritotal_1103497//src_16.xfm -lsq7 -xcorr -center 6.492141 8.759955 12.676714 -step 4 4 4 -tol 0.004 -simplex 5
===== Debugging information from /opt/freesurfer/mni/bin/minctracc =====
Data filename       = /var/tmp/mritotal_1103497//src_8_blur.mnc
Model filename      = /opt/freesurfer/mni/bin/../share/mni_autoreg/average_305_8_blur.mnc
Data mask filename  = 
Model mask filename = 
Input xform name    = /var/tmp/mritotal_1103497//src_16.xfm
Output filename     = /var/tmp/mritotal_1103497//src_8tmp1a.xfm
Step size           = 4.000000 4.000000 4.000000
Sub-lattice dia     = 24.000000 24.000000 24.000000
Objective function  = cross correlation (threshold = 0.000000 0.000000)
Transform linear    = TRUE
Transform inverted? = FALSE
Transform type      = 4
Transform matrix    =    0.9489    0.0425   -0.0260   -6.0147 
                        -0.0397    0.9447    0.0947   -6.0123 
                         0.0301   -0.0934    0.9452    5.1522 
Transform center   =    6.492    8.760   12.677
Transform rotation   =    0.000    0.000    0.000 

Transform trans    =    0.000    0.000    0.000
Transform scale    =    1.000    1.000    1.000

Center of rot/scale forced: 6.492141 8.759955 12.676714
  using input transformation to get initial parameters:
In set_up_lattice, xyzv[axes] = 2, 1, 0, -1
slice lim 0 43
row lim   7 52
col lim   6 53
thresh =    0.00000    0.00000
In set_up_lattice, xyzv[axes] = 2, 1, 0, -1
  80410   57401 -> 0.05220117
  80410   57401 -> 0.05220117
  80410   56779 -> 0.05547303
  80410   55848 -> 0.05215013
  80410   57317 -> 0.05932721
  80410   57124 -> 0.05154198
  80410   57300 -> 0.05297286
  80410   57388 -> 0.05270297
  80410   59711 -> 0.05749581
  80410   57336 -> 0.05347914
  80410   50325 -> 0.06345934
  80410   58340 -> 0.05464312
  80410   57143 -> 0.05320726
  80410   55124 -> 0.05328812
  80410   54826 -> 0.06086738
  80410   57098 -> 0.05131573
  80410   58266 -> 0.05456690
  80410   56466 -> 0.05149268
  80410   55729 -> 0.05576352
  80410   57040 -> 0.05180294
  80410   56342 -> 0.05173377
  80410   55939 -> 0.05239014
  80410   56463 -> 0.05135083
  80410   56029 -> 0.05196488
  80410   57018 -> 0.05259974
  80410   56277 -> 0.05106277
  80410   57507 -> 0.05205448
  80410   56454 -> 0.05117803
  80410   56069 -> 0.05134892
  80410   56481 -> 0.05162482
  80410   56652 -> 0.05097918
  80410   55792 -> 0.05080622
  80410   55036 -> 0.05168007
  80410   56366 -> 0.05151495
  80410   56451 -> 0.05080941
  80410   56287 -> 0.05069606
  80410   56236 -> 0.05167291
  80410   56658 -> 0.05182590
  80410   56339 -> 0.05071792
  80410   55408 -> 0.05206380
  80410   56706 -> 0.05074908
  80410   56350 -> 0.05085541
  80410   56472 -> 0.05100485
  80410   56421 -> 0.05069035
  80410   56019 -> 0.05075208
  80410   56336 -> 0.05112217
  80410   56320 -> 0.05062084
  80410   56068 -> 0.05092633
  80410   56360 -> 0.05057993
  80410   56829 -> 0.05092426
  80410   56067 -> 0.05060774
  80410   56696 -> 0.05083394
  80410   56153 -> 0.05056887
  80410   55842 -> 0.05075531
  80410   56497 -> 0.05059848
done with simplex after 46 iterations
0 0.05062:-5.77781 -2.72305  1.80382 -5.14228 -0.62847 -1.41466 47.25556 
1 0.05072:-5.81013 -2.82047  2.18384 -3.05645 -2.13738 -1.70125 47.27846 
2 0.05069:-5.86679 -3.18560  1.32932 -4.29547 -0.18541 -1.29506 47.24241 
3 0.05060:-6.12657 -3.00125  1.65027 -4.28186 -0.86897 -1.12020 47.53817 
4 0.05061:-6.37486 -1.79552  1.29005 -5.21227 -0.87046 -1.11599 47.36950 
5 0.05057:-5.99470 -2.24697  1.30105 -5.15375 -1.43491 -0.39000 47.31640 
6 0.05070:-5.75065 -2.64254  1.71142 -4.35094 -0.73087  0.07324 47.32947 
7 0.05058:-6.44526 -2.91658  1.97389 -4.26251 -0.90106 -1.15856 47.24814 
after parameter optimization
-center         6.49214    8.75995   12.67671
-translation   -5.99470   -2.24697    1.30105
-rotation      -5.15375   -1.43491   -0.39000
-scale          0.94633    0.94633    0.94633
-shear          0.00000    0.00000    0.00000
  80410   56153 -> 0.05056887
Initial objective function val = 0.05220117
Final objective function value = 0.05056887

8mm gradient lsq7 fit, target masked: making /var/tmp/mritotal_1103497//src_8tmp1b.xfm
[mritotal] [oesteban@dna063:/out/sourcedata/freesurfer/sub-v2s11x28716_ses-1/mri] [2026-03-10 21:16:36] /opt/freesurfer/mni/bin/minctracc -clobber -debug /var/tmp/mritotal_1103497//src_8_dxyz.mnc /opt/freesurfer/mni/bin/../share/mni_autoreg/average_305_8_dxyz.mnc /var/tmp/mritotal_1103497//src_8tmp1b.xfm -transformation /var/tmp/mritotal_1103497//src_8tmp1a.xfm -lsq7 -xcorr -model_mask /opt/freesurfer/mni/bin/../share/mni_autoreg/average_305_8_mask.mnc -center 6.492141 8.759955 12.676714 -step 4 4 4 -tol 0.004 -simplex 2
===== Debugging information from /opt/freesurfer/mni/bin/minctracc =====
Data filename       = /var/tmp/mritotal_1103497//src_8_dxyz.mnc
Model filename      = /opt/freesurfer/mni/bin/../share/mni_autoreg/average_305_8_dxyz.mnc
Data mask filename  = 
Model mask filename = /opt/freesurfer/mni/bin/../share/mni_autoreg/average_305_8_mask.mnc
Input xform name    = /var/tmp/mritotal_1103497//src_8tmp1a.xfm
Output filename     = /var/tmp/mritotal_1103497//src_8tmp1b.xfm
Step size           = 4.000000 4.000000 4.000000
Sub-lattice dia     = 24.000000 24.000000 24.000000
Objective function  = cross correlation (threshold = 0.000000 0.000000)
Transform linear    = TRUE
Transform inverted? = FALSE
Transform type      = 4
Transform matrix    =    0.9460    0.0085   -0.0230   -5.4272 
                        -0.0064    0.9425    0.0852   -2.7808 
                         0.0237   -0.0850    0.9422    2.6243 
Transform center   =    6.492    8.760   12.677
Transform rotation   =    0.000    0.000    0.000 

Transform trans    =    0.000    0.000    0.000
Transform scale    =    1.000    1.000    1.000

Center of rot/scale forced: 6.492141 8.759955 12.676714
  using input transformation to get initial parameters:
In set_up_lattice, xyzv[axes] = 2, 1, 0, -1
slice lim 0 43
row lim   0 59
col lim   0 59
thresh =    0.00000    0.00000
In set_up_lattice, xyzv[axes] = 2, 1, 0, -1
  29440   23890 -> 0.23368812
  29440   23890 -> 0.23368812
  29440   23890 -> 0.24056691
  29440   23415 -> 0.22850661
  29440   23929 -> 0.21284443
  29440   23767 -> 0.24238196
  29440   23889 -> 0.23499760
  29440   23880 -> 0.23280199
  29440   24517 -> 0.22056469
  29440   24070 -> 0.21181963
  29440   24232 -> 0.20503782
  29440   24025 -> 0.21751703
  29440   24084 -> 0.20876376
  29440   24156 -> 0.20631948
  29440   24245 -> 0.20842408
  29440   24921 -> 0.20073281
  29440   25643 -> 0.19565125
  29440   24190 -> 0.20374410
  29440   24703 -> 0.19312648
  29440   25037 -> 0.19236088
  29440   25142 -> 0.19194981
  29440   25776 -> 0.19151871
  29440   25469 -> 0.19815542
  29440   25654 -> 0.20058557
  29440   26169 -> 0.21756195
  29440   24641 -> 0.19788648
  29440   26166 -> 0.19431989
  29440   26662 -> 0.20833555
  29440   24849 -> 0.20159084
  29440   26088 -> 0.19953990
  29440   25454 -> 0.17844100
  29440   25396 -> 0.17125580
  29440   24772 -> 0.19788985
  29440   25233 -> 0.18230112
  29440   26019 -> 0.19394271
  29440   26521 -> 0.18549244
  29440   25857 -> 0.19161458
  29440   25234 -> 0.17956102
  29440   25128 -> 0.17034245
  29440   24669 -> 0.17125404
  29440   26134 -> 0.17618753
  29440   25477 -> 0.19819714
  29440   25740 -> 0.17640850
  29440   25513 -> 0.16941303
  29440   25421 -> 0.17660595
  29440   24410 -> 0.19282576
  29440   26007 -> 0.17385404
  29440   25950 -> 0.17457786
  29440   26161 -> 0.17435169
  29440   25807 -> 0.17681696
  29440   25740 -> 0.16876672
  29440   25229 -> 0.16757423
  29440   24727 -> 0.18273970
  29440   25240 -> 0.17873544
  29440   25770 -> 0.16937639
  29440   24926 -> 0.18197681
  29440   25846 -> 0.16786309
  29440   25024 -> 0.16881834
  29440   25544 -> 0.17005296
  29440   25909 -> 0.17073292
  29440   25326 -> 0.16677633
  29440   25453 -> 0.17073391
  29440   25512 -> 0.16726944
  29440   25507 -> 0.17168334
  29440   25501 -> 0.16704834
  29440   25136 -> 0.16540304
  29440   24804 -> 0.17378542
  29440   25928 -> 0.17501971
  29440   25247 -> 0.16521138
  29440   25060 -> 0.16659378
  29440   24708 -> 0.17374733
  29440   25574 -> 0.16591887
  29440   25440 -> 0.17034535
  29440   25284 -> 0.16521998
  29440   25099 -> 0.16897346
  29440   25408 -> 0.16563796
  29440   25081 -> 0.16757661
  29440   25392 -> 0.16549042
  29440   25282 -> 0.16487762
  29440   25255 -> 0.16706000
  29440   25598 -> 0.16674380
  29440   25200 -> 0.16511026
  29440   24974 -> 0.16619194
  29440   25421 -> 0.16513872
  29440   25150 -> 0.16552484
  29440   25222 -> 0.16478774
  29440   25110 -> 0.16559984
  29440   25326 -> 0.16490813
  29440   25427 -> 0.16729127
  29440   25208 -> 0.16446592
  29440   25264 -> 0.16684026
  29440   25275 -> 0.16470908
  29440   25307 -> 0.16439542
  29440   25332 -> 0.16512644
  29440   25088 -> 0.16565226
  29440   25339 -> 0.16496988
  29440   25360 -> 0.16442932
  29440   25225 -> 0.16407454
  29440   25161 -> 0.16457658
  29440   25215 -> 0.16445374
  29440   25239 -> 0.16608064
  29440   25270 -> 0.16442625
  29440   25312 -> 0.16432928
  29440   25261 -> 0.16403958
  29440   25245 -> 0.16444261
  29440   25345 -> 0.16390286
  29440   25399 -> 0.16391647
done with simplex after 98 iterations
0 0.16440:-4.96593 -0.84486  7.11471 -8.44035 -4.87725 -3.71604 51.56521 
1 0.16404:-5.12049 -0.95938  7.29001 -7.88053 -4.94601 -3.75069 51.46172 
2 0.16443:-5.16521 -0.53114  6.60535 -9.18509 -4.56812 -3.17200 51.83231 
3 0.16445:-4.95192 -0.78977  7.13207 -8.13173 -4.61509 -3.87426 51.35973 
4 0.16407:-4.99391 -0.57310  6.75233 -8.38713 -4.67858 -3.73246 51.53370 
5 0.16390:-4.90715 -1.25515  7.58371 -7.70566 -4.89040 -4.12740 51.54765 
6 0.16433:-4.86397 -0.76114  7.06730 -8.71657 -4.85972 -3.52616 51.58736 
7 0.16443:-5.07573 -0.45151  6.85876 -8.45711 -4.71446 -3.95702 51.72884 
after parameter optimization
-center         6.49214    8.75995   12.67671
-translation   -4.90715   -1.25515    7.58371
-rotation      -7.70566   -4.89040   -4.12740
-scale          1.03095    1.03095    1.03095
-shear          0.00000    0.00000    0.00000
  29440   25345 -> 0.16390286
Initial objective function val = 0.23368812
Final objective function value = 0.16390286

8mm gradient lsq9 fit, target masked: making /var/tmp/mritotal_1103497//src_8tmp2a.xfm
[mritotal] [oesteban@dna063:/out/sourcedata/freesurfer/sub-v2s11x28716_ses-1/mri] [2026-03-10 21:16:36] /opt/freesurfer/mni/bin/minctracc -clobber -debug /var/tmp/mritotal_1103497//src_8_dxyz.mnc /opt/freesurfer/mni/bin/../share/mni_autoreg/average_305_8_dxyz.mnc /var/tmp/mritotal_1103497//src_8tmp2a.xfm -transformation /var/tmp/mritotal_1103497//src_8tmp1b.xfm -lsq9 -xcorr -model_mask /opt/freesurfer/mni/bin/../share/mni_autoreg/average_305_8_mask.mnc -center 6.492141 8.759955 12.676714 -step 4 4 4 -tol 0.004 -simplex 2
===== Debugging information from /opt/freesurfer/mni/bin/minctracc =====
Data filename       = /var/tmp/mritotal_1103497//src_8_dxyz.mnc
Model filename      = /opt/freesurfer/mni/bin/../share/mni_autoreg/average_305_8_dxyz.mnc
Data mask filename  = 
Model mask filename = /opt/freesurfer/mni/bin/../share/mni_autoreg/average_305_8_mask.mnc
Input xform name    = /var/tmp/mritotal_1103497//src_8tmp1b.xfm
Output filename     = /var/tmp/mritotal_1103497//src_8tmp2a.xfm
Step size           = 4.000000 4.000000 4.000000
Sub-lattice dia     = 24.000000 24.000000 24.000000
Objective function  = cross correlation (threshold = 0.000000 0.000000)
Transform linear    = TRUE
Transform inverted? = FALSE
Transform type      = 5
Transform matrix    =    1.0245    0.0853   -0.0769   -4.8384 
                        -0.0739    1.0181    0.1441   -2.7614 
                         0.0879   -0.1377    1.0179    7.9924 
Transform center   =    6.492    8.760   12.677
Transform rotation   =    0.000    0.000    0.000 

Transform trans    =    0.000    0.000    0.000
Transform scale    =    1.000    1.000    1.000

Center of rot/scale forced: 6.492141 8.759955 12.676714
  using input transformation to get initial parameters:
In set_up_lattice, xyzv[axes] = 2, 1, 0, -1
slice lim 0 43
row lim   0 59
col lim   0 59
thresh =    0.00000    0.00000
In set_up_lattice, xyzv[axes] = 2, 1, 0, -1
  29440   25345 -> 0.16390286
  29440   25345 -> 0.16390286
  29440   25310 -> 0.16847154
  29440   24905 -> 0.16366462
  29440   25400 -> 0.16492198
  29440   25164 -> 0.16189587
  29440   25344 -> 0.16381390
  29440   25321 -> 0.16279909
  29440   25350 -> 0.17362846
  29440   25925 -> 0.16482148
  29440   25331 -> 0.16193037
  29440   25342 -> 0.17010999
  29440   25343 -> 0.16440769
  29440   25379 -> 0.17367956
  29440   25330 -> 0.16330135
  29440   25280 -> 0.16542888
  29440   25369 -> 0.16259226
  29440   24574 -> 0.16162665
  29440   23855 -> 0.16807269
  29440   25030 -> 0.16349454
  29440   24966 -> 0.15897056
  29440   24781 -> 0.15778844
  29440   24845 -> 0.16255826
  29440   25248 -> 0.16338722
  29440   25175 -> 0.16132046
  29440   24939 -> 0.16354345
  29440   25169 -> 0.16066597
  29440   24838 -> 0.15801187
  29440   24737 -> 0.16195406
  29440   24553 -> 0.16099322
  29440   25010 -> 0.16103028
  29440   25177 -> 0.16070402
  29440   24553 -> 0.15974514
  29440   24572 -> 0.15905760
  29440   25173 -> 0.15851733
  29440   24558 -> 0.15810871
  29440   24629 -> 0.16259761
  29440   24918 -> 0.15813994
  29440   25165 -> 0.15850464
  29440   24533 -> 0.15714574
  29440   24200 -> 0.15956230
  29440   24398 -> 0.15623654
  29440   24004 -> 0.15864596
  29440   24985 -> 0.15626110
  29440   25060 -> 0.15799142
  29440   24427 -> 0.15967603
  29440   24985 -> 0.15698946
  29440   24402 -> 0.16092488
  29440   24971 -> 0.15679415
  29440   24657 -> 0.15656647
  29440   25044 -> 0.15925062
  29440   24676 -> 0.15669808
  29440   24726 -> 0.15614748
  29440   24675 -> 0.15673894
  29440   24437 -> 0.15686831
  29440   24634 -> 0.15556462
  29440   24571 -> 0.15697484
  29440   24900 -> 0.15459368
  29440   25098 -> 0.15434037
  29440   24480 -> 0.15378745
  29440   24213 -> 0.15319994
  29440   24975 -> 0.15655826
  29440   24454 -> 0.15454333
  29440   24687 -> 0.15300146
  29440   24691 -> 0.15380040
  29440   24708 -> 0.15464306
  29440   24335 -> 0.15590696
  29440   24176 -> 0.15441920
  29440   24734 -> 0.15213549
  29440   24918 -> 0.15233278
  29440   24387 -> 0.15338151
  29440   24783 -> 0.15417731
  29440   24515 -> 0.15207040
  29440   24481 -> 0.15598933
  29440   24423 -> 0.15149847
  29440   24267 -> 0.15296464
  29440   24688 -> 0.15166588
  29440   25049 -> 0.15306020
  29440   24126 -> 0.15397395
  29440   24287 -> 0.15236688
  29440   24990 -> 0.15369466
  29440   24772 -> 0.15152138
  29440   24811 -> 0.15259971
  29440   25106 -> 0.15226811
  29440   24292 -> 0.15313804
  29440   24875 -> 0.15150067
  29440   24694 -> 0.15298276
  29440   24691 -> 0.15118243
  29440   24537 -> 0.15276112
  29440   24743 -> 0.15107730
  29440   25166 -> 0.15455186
  29440   24499 -> 0.15067978
  29440   24205 -> 0.15304667
  29440   24891 -> 0.15166481
  29440   24619 -> 0.15112753
  29440   24874 -> 0.15108819
  29440   24713 -> 0.15157725
  29440   24472 -> 0.15089172
  29440   24596 -> 0.15149897
  29440   24506 -> 0.15063518
  29440   24380 -> 0.15309225
  29440   24334 -> 0.15123644
  29440   24514 -> 0.15144402
  29440   24761 -> 0.15133603
  29440   24680 -> 0.15199414
  29440   24573 -> 0.15021496
  29440   24431 -> 0.15141031
  29440   24678 -> 0.15042248
  29440   24918 -> 0.15144247
  29440   24473 -> 0.15043934
  29440   24505 -> 0.15099563
  29440   24554 -> 0.15151376
  29440   24606 -> 0.15010844
  29440   24292 -> 0.15194872
  29440   24714 -> 0.15007848
  29440   24378 -> 0.15114199
  29440   24621 -> 0.15029313
  29440   24638 -> 0.15115099
  29440   24529 -> 0.15049799
  29440   24690 -> 0.15101852
  29440   24502 -> 0.15045585
  29440   24672 -> 0.15077460
  29440   24540 -> 0.15017091
  29440   24668 -> 0.15125690
  29440   24544 -> 0.15014772
done with simplex after 114 iterations
0 0.15008:-5.81870  0.24564  7.98591 -8.73480 -1.49081  0.47390 52.31863 50.36404 54.09890 
1 0.15029:-5.74917  0.45624  7.87433 -8.59898 -1.02487  0.22946 52.44510 50.39308 54.07810 
2 0.15011:-6.06114  0.72400  7.67059 -8.90799 -0.99338  0.80905 52.38419 50.36700 53.94918 
3 0.15021:-5.82508  0.75157  7.82173 -8.83932 -1.23330  0.50098 52.57082 50.30628 54.34474 
4 0.15017:-5.77918  0.55871  7.91209 -8.81630 -0.92846  0.53351 52.33799 50.07913 54.42147 
5 0.15042:-5.79800  0.58613  7.75679 -9.39655 -0.76704  0.68341 52.43701 50.34491 54.23769 
6 0.15015:-6.01377  0.68485  7.92355 -8.87395 -0.83099  0.76636 52.55549 50.15787 54.13524 
7 0.15050:-5.82099  0.65083  8.06212 -8.65034 -1.38709  0.37629 52.35601 50.16933 54.00871 
8 0.15046:-5.80321  0.55915  7.92953 -8.65159 -1.38893  0.28622 52.38378 50.07772 54.08685 
9 0.15044:-5.81577  0.69873  7.86834 -8.68057 -0.88604  0.85223 52.39561 50.01234 53.91946 
after parameter optimization
-center         6.49214    8.75995   12.67671
-translation   -5.81870    0.24564    7.98591
-rotation      -8.73480   -1.49081    0.47390
-scale          1.04637    1.00728    1.08198
-shear          0.00000    0.00000    0.00000
  29440   24714 -> 0.15007848
Initial objective function val = 0.16390286
Final objective function value = 0.15007848

checking z-scale: making /var/tmp/mritotal_1103497//src_8tmp2b.xfm
[mritotal] [oesteban@dna063:/out/sourcedata/freesurfer/sub-v2s11x28716_ses-1/mri] [2026-03-10 21:16:37] /opt/freesurfer/mni/bin/check_scale /var/tmp/mritotal_1103497//src_8tmp2a.xfm /var/tmp/mritotal_1103497//src_8tmp2b.xfm

8mm gradient lsq9 fit, target masked: making /var/tmp/mritotal_1103497//src_8tmp2c.xfm
[mritotal] [oesteban@dna063:/out/sourcedata/freesurfer/sub-v2s11x28716_ses-1/mri] [2026-03-10 21:16:37] /opt/freesurfer/mni/bin/minctracc -clobber -debug /var/tmp/mritotal_1103497//src_8_dxyz.mnc /opt/freesurfer/mni/bin/../share/mni_autoreg/average_305_8_dxyz.mnc /var/tmp/mritotal_1103497//src_8tmp2c.xfm -transformation /var/tmp/mritotal_1103497//src_8tmp2b.xfm -lsq9 -xcorr -model_mask /opt/freesurfer/mni/bin/../share/mni_autoreg/average_305_8_mask.mnc -center 6.492141 8.759955 12.676714 -step 4 4 4 -tol 0.004 -simplex 2
===== Debugging information from /opt/freesurfer/mni/bin/minctracc =====
Data filename       = /var/tmp/mritotal_1103497//src_8_dxyz.mnc
Model filename      = /opt/freesurfer/mni/bin/../share/mni_autoreg/average_305_8_dxyz.mnc
Data mask filename  = 
Model mask filename = /opt/freesurfer/mni/bin/../share/mni_autoreg/average_305_8_mask.mnc
Input xform name    = /var/tmp/mritotal_1103497//src_8tmp2b.xfm
Output filename     = /var/tmp/mritotal_1103497//src_8tmp2c.xfm
Step size           = 4.000000 4.000000 4.000000
Sub-lattice dia     = 24.000000 24.000000 24.000000
Objective function  = cross correlation (threshold = 0.000000 0.000000)
Transform linear    = TRUE
Transform inverted? = FALSE
Transform type      = 5
Transform matrix    =    1.0460   -0.0044   -0.0282   -5.7208 
                         0.0083    0.9956    0.1527   -1.7062 
                         0.0281   -0.1643    1.0691    8.3665 
Transform center   =    6.492    8.760   12.677
Transform rotation   =    0.000    0.000    0.000 

Transform trans    =    0.000    0.000    0.000
Transform scale    =    1.000    1.000    1.000

Center of rot/scale forced: 6.492141 8.759955 12.676714
  using input transformation to get initial parameters:
In set_up_lattice, xyzv[axes] = 2, 1, 0, -1
slice lim 0 43
row lim   0 59
col lim   0 59
thresh =    0.00000    0.00000
In set_up_lattice, xyzv[axes] = 2, 1, 0, -1
  29440   24714 -> 0.15007848
  29440   24714 -> 0.15007848
  29440   24716 -> 0.16270743
  29440   24256 -> 0.15447329
  29440   24760 -> 0.15283872
  29440   24547 -> 0.15255372
  29440   24702 -> 0.15112178
  29440   24708 -> 0.15410547
  29440   24715 -> 0.16139878
  29440   25327 -> 0.15331908
  29440   24686 -> 0.15110892
  29440   24714 -> 0.16084990
  29440   24723 -> 0.16409691
  29440   24706 -> 0.15348251
  29440   24713 -> 0.16221298
  29440   24718 -> 0.15282939
  29440   25245 -> 0.15222514
  29440   24956 -> 0.15708542
  29440   24767 -> 0.15142849
  29440   24957 -> 0.15311040
  29440   24226 -> 0.15410729
  29440   25066 -> 0.15200026
  29440   24646 -> 0.15308225
  29440   24725 -> 0.15106614
  29440   24833 -> 0.15592214
  29440   24791 -> 0.15123862
  29440   24897 -> 0.15389881
  29440   24760 -> 0.15125084
  29440   25137 -> 0.15136038
  29440   24364 -> 0.15400282
  29440   25040 -> 0.15088914
  29440   24548 -> 0.15093498
  29440   24817 -> 0.15133213
  29440   24369 -> 0.15239264
  29440   24941 -> 0.15036488
  29440   24724 -> 0.15134476
  29440   24774 -> 0.15022990
  29440   24787 -> 0.15111846
  29440   24762 -> 0.15225998
  29440   24788 -> 0.15055528
  29440   24853 -> 0.15137082
  29440   24742 -> 0.15012375
  29440   24767 -> 0.15108541
  29440   24879 -> 0.15218715
  29440   24734 -> 0.15040435
  29440   24796 -> 0.15118980
  29440   24778 -> 0.15035230
  29440   24848 -> 0.15093131
  29440   25103 -> 0.15150793
  29440   24685 -> 0.14993350
  29440   24757 -> 0.15133286
  29440   24822 -> 0.15060237
  29440   24512 -> 0.15061699
  29440   24644 -> 0.15014838
  29440   24687 -> 0.15006413
  29440   24713 -> 0.15031473
  29440   24749 -> 0.15063848
  29440   24739 -> 0.15020132
  29440   24482 -> 0.15071878
  29440   24834 -> 0.15019469
done with simplex after 49 iterations
0 0.15008:-5.81870  0.24564  7.98591 -8.73480 -1.49081  0.47390 52.31865 50.36404 54.09890 
1 0.15035:-6.15536  0.11549  8.27440 -8.62365 -1.10190  0.70394 52.53564 50.50043 54.61546 
2 0.15015:-5.93581  0.43801  8.26316 -9.09246 -0.89361  0.44586 52.41015 50.18824 54.73802 
3 0.15031:-6.02620  0.21332  7.84986 -9.10739 -0.79929  0.52657 52.52230 50.29494 54.85302 
4 0.15019:-5.99634  0.04230  8.31608 -9.19300 -0.85741  0.65791 52.51144 50.47115 54.72273 
5 0.15012:-5.85823  0.10467  8.15534 -8.79897 -0.25991  0.54461 52.41809 50.35421 54.44091 
6 0.15023:-6.01521 -0.01002  8.40667 -8.90871 -0.76289  0.26379 52.53734 50.37703 54.82682 
7 0.15006:-5.94381  0.34988  8.25016 -8.77329 -1.07277  0.53122 52.63295 50.35540 54.53984 
8 0.14993:-5.99256 -0.02564  8.36473 -8.93816 -0.82901  0.76292 52.53122 50.03950 54.77450 
9 0.15020:-5.94138  0.13634  8.18891 -8.85142 -1.05583  0.56230 52.46073 50.36337 54.98161 
after parameter optimization
-center         6.49214    8.75995   12.67671
-translation   -5.99256   -0.02564    8.36473
-rotation      -8.93816   -0.82901    0.76292
-scale          1.05062    1.00079    1.09549
-shear          0.00000    0.00000    0.00000
  29440   24685 -> 0.14993350
Initial objective function val = 0.15007848
Final objective function value = 0.14993350

final linear fit: 8mm gradient lsq9 fit, target masked: making transforms/talairach.auto.xfm
[mritotal] [oesteban@dna063:/out/sourcedata/freesurfer/sub-v2s11x28716_ses-1/mri] [2026-03-10 21:16:37] /opt/freesurfer/mni/bin/minctracc -clobber -debug /var/tmp/mritotal_1103497//src_8_dxyz.mnc /opt/freesurfer/mni/bin/../share/mni_autoreg/average_305_8_dxyz.mnc transforms/talairach.auto.xfm -transformation /var/tmp/mritotal_1103497//src_8tmp2c.xfm -lsq9 -xcorr -model_mask /opt/freesurfer/mni/bin/../share/mni_autoreg/average_305_8_mask.mnc -center 6.492141 8.759955 12.676714 -step 4 4 4 -tol 0.004 -simplex 2
===== Debugging information from /opt/freesurfer/mni/bin/minctracc =====
Data filename       = /var/tmp/mritotal_1103497//src_8_dxyz.mnc
Model filename      = /opt/freesurfer/mni/bin/../share/mni_autoreg/average_305_8_dxyz.mnc
Data mask filename  = 
Model mask filename = /opt/freesurfer/mni/bin/../share/mni_autoreg/average_305_8_mask.mnc
Input xform name    = /var/tmp/mritotal_1103497//src_8tmp2c.xfm
Output filename     = transforms/talairach.auto.xfm
Step size           = 4.000000 4.000000 4.000000
Sub-lattice dia     = 24.000000 24.000000 24.000000
Objective function  = cross correlation (threshold = 0.000000 0.000000)
Transform linear    = TRUE
Transform inverted? = FALSE
Transform type      = 5
Transform matrix    =    1.0504   -0.0115   -0.0172   -6.0016 
                         0.0133    0.9886    0.1553   -1.9806 
                         0.0158   -0.1702    1.0821    8.7122 
Transform center   =    6.492    8.760   12.677
Transform rotation   =    0.000    0.000    0.000 

Transform trans    =    0.000    0.000    0.000
Transform scale    =    1.000    1.000    1.000

Center of rot/scale forced: 6.492141 8.759955 12.676714
  using input transformation to get initial parameters:
In set_up_lattice, xyzv[axes] = 2, 1, 0, -1
slice lim 0 43
row lim   0 59
col lim   0 59
thresh =    0.00000    0.00000
In set_up_lattice, xyzv[axes] = 2, 1, 0, -1
  29440   24685 -> 0.14993350
  29440   24685 -> 0.14993350
  29440   24691 -> 0.16211469
  29440   24245 -> 0.15449721
  29440   24750 -> 0.15176547
  29440   24527 -> 0.15159473
  29440   24686 -> 0.15190810
  29440   24689 -> 0.15412593
  29440   24684 -> 0.16256399
  29440   25315 -> 0.15314700
  29440   24667 -> 0.15040618
  29440   24702 -> 0.16002215
  29440   24692 -> 0.16153270
  29440   24696 -> 0.15312825
  29440   24688 -> 0.16089466
  29440   24698 -> 0.15248114
  29440   25226 -> 0.15281902
  29440   24935 -> 0.15623060
  29440   24749 -> 0.15113093
  29440   24149 -> 0.15623659
  29440   25033 -> 0.15156177
  29440   24866 -> 0.15425335
  29440   24739 -> 0.15104756
  29440   24200 -> 0.15404914
  29440   24988 -> 0.15107439
  29440   24817 -> 0.15336819
  29440   24725 -> 0.15083800
  29440   24839 -> 0.15127252
  29440   24798 -> 0.15461506
  29440   24761 -> 0.14994697
  29440   25094 -> 0.15106951
  29440   24565 -> 0.15100083
  29440   24718 -> 0.15249734
  29440   24808 -> 0.15012679
  29440   24832 -> 0.14976259
  29440   24861 -> 0.15080069
  29440   24537 -> 0.14984179
  29440   24319 -> 0.15220307
  29440   24897 -> 0.14985870
  29440   24699 -> 0.15078661
  29440   24895 -> 0.15061794
  29440   24785 -> 0.14994353
  29440   24827 -> 0.15097643
  29440   24733 -> 0.14961582
  29440   24584 -> 0.15096056
  29440   24820 -> 0.15004118
  29440   24851 -> 0.15167537
  29440   24713 -> 0.14948981
  29440   24703 -> 0.14976364
  29440   24649 -> 0.14972664
  29440   24689 -> 0.15069070
  29440   24742 -> 0.14946042
done with simplex after 41 iterations
0 0.14993:-5.99256 -0.02564  8.36473 -8.93816 -0.82901  0.76292 52.53122 50.03950 54.77449 
1 0.14962:-5.87604 -0.03731  8.98733 -9.22463 -1.32460  0.76328 52.36519 50.05443 55.87717 
2 0.14984:-6.13123  0.73625  8.95866 -9.42572 -1.39954  0.80126 52.28933 49.94442 55.84428 
3 0.14946:-6.04741 -0.01372  9.21041 -9.01317 -0.96175  0.80110 52.43303 50.13189 55.41469 
4 0.14986:-6.14213 -0.11550  9.01745 -9.59258 -0.88570  1.16266 52.24447 50.40863 55.68235 
5 0.14976:-5.98312  0.23981  8.92040 -9.82858 -0.64518  0.25876 52.51937 49.96559 55.88401 
6 0.14976:-6.17037 -0.24956  9.17818 -9.00957 -0.96830  0.32575 52.17723 50.22405 55.97728 
7 0.14994:-6.09245 -0.05821  9.09097 -9.55222 -1.72002  0.51782 52.73601 50.09358 56.22326 
8 0.14973:-6.11969 -0.02584  9.09945 -9.40365 -1.06113  0.82244 52.43495 49.75657 55.82856 
9 0.14949:-6.02609 -0.00669  8.67800 -9.02805 -1.00430  0.77190 52.45938 50.12073 56.19300 
after parameter optimization
-center         6.49214    8.75995   12.67671
-translation   -6.04741   -0.01372    9.21041
-rotation      -9.01317   -0.96175    0.80110
-scale          1.04866    1.00264    1.10829
-shear          0.00000    0.00000    0.00000
  29440   24742 -> 0.14946042
Initial objective function val = 0.14993350
Final objective function value = 0.14946042
lta_convert --src orig_nu.mgz --trg /opt/freesurfer/mni/bin/../share/mni_autoreg/average_305.mnc --inxfm transforms/talairach.auto.xfm --outlta transforms/talairach.auto.xfm.lta --subject fsaverage
7.3.2

--src: orig_nu.mgz src image (geometry).
--trg: /opt/freesurfer/mni/bin/../share/mni_autoreg/average_305.mnc trg image (geometry).
--inmni: transforms/talairach.auto.xfm input MNI/XFM transform.
--outlta: transforms/talairach.auto.xfm.lta output LTA.
--s: fsaverage subject name
 LTA read, type : 1
 1.04841  -0.01172  -0.01968  -6.00953;
 0.01402   0.99020   0.15683  -2.00689;
 0.01860  -0.17360   1.09445   9.41301;
 0.00000   0.00000   0.00000   1.00000;
setting subject to fsaverage
Writing  LTA to file transforms/talairach.auto.xfm.lta...
lta_convert successful.
 
 
Tue Mar 10 21:16:37 CET 2026
talairach done
