/out/sourcedata/freesurfer/sub-v2s11x28733_ses-1/mri
/opt/freesurfer/bin/talairach_avi
--i orig_nu.mgz --xfm transforms/talairach.auto.xfm
talairach_avi 7.3.2
Linux dna013 5.14.0-427.37.1.el9_4.x86_64 #1 SMP PREEMPT_DYNAMIC Fri Sep 13 12:41:50 EDT 2024 x86_64 x86_64 x86_64 GNU/Linux
Tue Mar 10 22:13:30 CET 2026
mri_convert orig_nu.mgz talsrcimg.img 
reading from orig_nu.mgz...
TR=0.00, TE=0.00, TI=0.00, flip angle=0.00
i_ras = (-1, 0, 0)
j_ras = (0, 0, -1)
k_ras = (0, 1, 0)
writing to talsrcimg.img...
Analyze Output Matrix
-0.80000   0.00000   0.00000   129.09024;
 0.00000   0.00000   0.80000  -136.06192;
 0.00000  -0.80000   0.00000   156.76990;
 0.00000   0.00000   0.00000   1.00000;
--------------------
INFO: set hdr.hist.orient to -1
mpr2mni305 talsrcimg
Tue Mar 10 22:13:30 CET 2026
/opt/freesurfer/bin/mpr2mni305 talsrcimg
mpr2mni305 7.3.2
target=711-2C_as_mni_average_305

---------------------------------------------------------------------
analyzeto4dfp talsrcimg -O0 -y
---------------------------------------------------------------------

freesurfer ifh2hdr.c
Tue Mar 10 22:13:30 2026
Writing: talsrcimg.4dfp.hdr
freesurfer analyzeto4dfp.c
Reading: talsrcimg.hdr
header size 348 bytes
hdr.dime.datatype	offset=70	value=2
hdr.dime.bitpix		offset=72	value=8
hdr.hist.orient		offset=252	value=-1
dimensionality     4
dimensions       320       320       320         1
Reading: talsrcimg.img
Writing: talsrcimg.4dfp.img
Writing: talsrcimg.4dfp.ifh
ifh2hdr talsrcimg -r0to211
ori=2

---------------------------------------------------------------------
gauss_4dfp talsrcimg 1.1
---------------------------------------------------------------------

freesurfer gauss_4dfp.c
Reading: talsrcimg.4dfp.img
Writing: talsrcimg_g11.4dfp.img
image dimensions 320 320 320 padded to 384 384 384
processing volume 1freesurfer ifh2hdr.c
Tue Mar 10 22:13:47 2026
Writing: talsrcimg_g11.4dfp.hdr

Writing: talsrcimg_g11.4dfp.ifh
including: talsrcimg.4dfp.img.rec in talsrcimg_g11.4dfp.img.rec

---------------------------------------------------------------------
imgreg_4dfp /opt/freesurfer/average/711-2C_as_mni_average_305 none talsrcimg_g11 none talsrcimg_to_711-2C_as_mni_average_305_t4 4355
---------------------------------------------------------------------

freesurfer imgreg_4dfp.c
/opt/freesurfer/average/711-2C_as_mni_average_305.4dfp.img
       256       256       256         1
  1.000000  1.000000  1.000000
orientation T byte_order littleendian
Reading image: /opt/freesurfer/average/711-2C_as_mni_average_305.4dfp.img
dimensions:      256       256       256
mmppix:       1.0000   -1.0000   -1.0000
center:     128.0000 -129.0000 -129.0000
talsrcimg_g11.4dfp.img
       320       320       320         1
  0.800000  0.800000  0.800000
orientation T byte_order littleendian
Reading image: talsrcimg_g11.4dfp.img
dimensions:      320       320       320
mmppix:       0.8000   -0.8000   -0.8000
center:     128.0000 -128.8000 -128.8000
t4_read: open error in t4_sub.f l:  41 t4_file(1:l)talsrcimg_to_711-2C_as_mni_average_305_t4 
t4_read: transform initialized to I4
rotation matrix determinant  1.000000
image alignment mode   4355 decimal     1103 hex
   -7.5000  -45.0000  -45.0000 8462.0244   14.5514
    0.0000  -45.0000  -45.0000 8884.1064   14.6314
    7.5000  -45.0000  -45.0000 8467.2559   14.6033
   -7.5000  -37.5000  -45.0000 9009.2256   14.5666
    0.0000  -37.5000  -45.0000 9452.7109   14.6458
    7.5000  -37.5000  -45.0000 8998.2578   14.6181
   -7.5000  -30.0000  -45.0000 9899.7061   14.6657
    0.0000  -30.0000  -45.000010378.9678   14.7429
    7.5000  -30.0000  -45.0000 9880.3506   14.7170
   -7.5000  -22.5000  -45.000010786.5283   14.7522
    0.0000  -22.5000  -45.000011292.4453   14.8283
    7.5000  -22.5000  -45.000010759.8945   14.8037
   -7.5000  -15.0000  -45.000011646.5967   14.7430
    0.0000  -15.0000  -45.000012212.0439   14.8197
    7.5000  -15.0000  -45.000011601.6104   14.7945
   -7.5000   -7.5000  -45.000012500.0195   14.6384
    0.0000   -7.5000  -45.000013087.0371   14.7173
    7.5000   -7.5000  -45.000012444.7637   14.6901
   -7.5000    0.0000  -45.000013167.4736   14.5514
    0.0000    0.0000  -45.000013801.9258   14.6314
    7.5000    0.0000  -45.000013099.1143   14.6033
   -7.5000    7.5000  -45.000012699.5283   14.5666
    0.0000    7.5000  -45.000013306.6494   14.6458
    7.5000    7.5000  -45.000012594.6602   14.6181
   -7.5000   15.0000  -45.000012086.0225   14.6657
    0.0000   15.0000  -45.000012657.5352   14.7429
    7.5000   15.0000  -45.000011961.6562   14.7170
   -7.5000   22.5000  -45.000011346.8799   14.7502
    0.0000   22.5000  -45.000011913.3311   14.8262
    7.5000   22.5000  -45.000011220.8896   14.8017
   -7.5000   30.0000  -45.000010547.8682   14.5465
    0.0000   30.0000  -45.000011077.8408   14.6222
    7.5000   30.0000  -45.000010450.7275   14.5973
   -7.5000   37.5000  -45.000010105.8760   14.4433
    0.0000   37.5000  -45.000010626.5176   14.5212
    7.5000   37.5000  -45.000010030.5430   14.4943
   -7.5000   45.0000  -45.0000 9296.1328   13.9929
    0.0000   45.0000  -45.0000 9773.5088   14.0698
    7.5000   45.0000  -45.0000 9243.0459   14.0428
   -7.5000  -45.0000  -37.5000 8694.9238   14.4205
    0.0000  -45.0000  -37.5000 9136.8926   14.5015
    7.5000  -45.0000  -37.5000 8697.0342   14.4670
   -7.5000  -37.5000  -37.5000 9260.5137   14.4339
    0.0000  -37.5000  -37.5000 9718.8916   14.5150
    7.5000  -37.5000  -37.5000 9235.9453   14.4828
   -7.5000  -30.0000  -37.500010168.7344   14.5339
    0.0000  -30.0000  -37.500010666.6514   14.6134
    7.5000  -30.0000  -37.500010137.2461   14.5854
   -7.5000  -22.5000  -37.500011081.2070   14.6233
    0.0000  -22.5000  -37.500011623.4873   14.7012
    7.5000  -22.5000  -37.500011043.1826   14.6751
   -7.5000  -15.0000  -37.500011967.5449   14.6154
    0.0000  -15.0000  -37.500012553.8555   14.6932
    7.5000  -15.0000  -37.500011911.9600   14.6646
   -7.5000   -7.5000  -37.500012843.1865   14.5098
    0.0000   -7.5000  -37.500013460.5508   14.5891
    7.5000   -7.5000  -37.500012772.6553   14.5562
   -7.5000    0.0000  -37.500013517.2598   14.4205
    0.0000    0.0000  -37.500014194.6758   14.5015
    7.5000    0.0000  -37.500013434.5127   14.4670
   -7.5000    7.5000  -37.500013030.3965   14.4339
    0.0000    7.5000  -37.500013674.7197   14.5150
    7.5000    7.5000  -37.500012912.7822   14.4828
   -7.5000   15.0000  -37.500012379.4434   14.5339
    0.0000   15.0000  -37.500013006.5400   14.6134
    7.5000   15.0000  -37.500012248.6602   14.5854
   -7.5000   22.5000  -37.500011634.7539   14.6213
    0.0000   22.5000  -37.500012253.7100   14.6992
    7.5000   22.5000  -37.500011520.1494   14.6731
   -7.5000   30.0000  -37.500010840.7686   14.4206
    0.0000   30.0000  -37.500011409.2227   14.4974
    7.5000   30.0000  -37.500010742.9268   14.4691
   -7.5000   37.5000  -37.500010397.2246   14.3164
    0.0000   37.5000  -37.500010931.9336   14.3947
    7.5000   37.5000  -37.500010314.2197   14.3623
   -7.5000   45.0000  -37.5000 9543.4424   13.8670
    0.0000   45.0000  -37.500010031.4961   13.9449
    7.5000   45.0000  -37.5000 9487.0811   13.9118
   -7.5000  -45.0000  -30.0000 9249.6680   14.7316
    0.0000  -45.0000  -30.0000 9708.9277   14.8146
    7.5000  -45.0000  -30.0000 9233.4893   14.7816
   -7.5000  -37.5000  -30.0000 9861.3242   14.7472
    0.0000  -37.5000  -30.000010342.1455   14.8314
    7.5000  -37.5000  -30.0000 9822.7793   14.8016
   -7.5000  -30.0000  -30.000010820.8584   14.8543
    0.0000  -30.0000  -30.000011348.3984   14.9352
    7.5000  -30.0000  -30.000010778.7627   14.9100
   -7.5000  -22.5000  -30.000011804.8418   14.9491
    0.0000  -22.5000  -30.000012363.7041   15.0258
    7.5000  -22.5000  -30.000011741.7988   15.0017
   -7.5000  -15.0000  -30.000012747.0234   14.9389
    0.0000  -15.0000  -30.000013339.7676   15.0144
    7.5000  -15.0000  -30.000012658.9697   14.9869
   -7.5000   -7.5000  -30.000013685.9141   14.8258
    0.0000   -7.5000  -30.000014332.3018   14.9044
    7.5000   -7.5000  -30.000013576.5234   14.8724
   -7.5000    0.0000  -30.000014400.9736   14.7316
    0.0000    0.0000  -30.000015110.1758   14.8146
    7.5000    0.0000  -30.000014272.8066   14.7816
   -7.5000    7.5000  -30.000013871.8838   14.7472
    0.0000    7.5000  -30.000014550.3477   14.8314
    7.5000    7.5000  -30.000013728.7266   14.8016
   -7.5000   15.0000  -30.000013182.5039   14.8543
    0.0000   15.0000  -30.000013850.5029   14.9352
    7.5000   15.0000  -30.000013025.9883   14.9100
   -7.5000   22.5000  -30.000012402.5879   14.9455
    0.0000   22.5000  -30.000013047.9502   15.0221
    7.5000   22.5000  -30.000012268.8486   14.9981
   -7.5000   30.0000  -30.000011556.2881   14.7412
    0.0000   30.0000  -30.000012153.4395   14.8157
    7.5000   30.0000  -30.000011453.9404   14.7886
   -7.5000   37.5000  -30.000011089.3623   14.6296
    0.0000   37.5000  -30.000011638.8115   14.7072
    7.5000   37.5000  -30.000010984.2812   14.6756
   -7.5000   45.0000  -30.000010165.9346   14.1766
    0.0000   45.0000  -30.000010682.1465   14.2565
    7.5000   45.0000  -30.000010090.6738   14.2247
   -7.5000  -45.0000  -22.5000 9837.3838   15.0063
    0.0000  -45.0000  -22.500010312.0674   15.0884
    7.5000  -45.0000  -22.5000 9803.2588   15.0631
   -7.5000  -37.5000  -22.500010499.9805   15.0211
    0.0000  -37.5000  -22.500010989.6357   15.1048
    7.5000  -37.5000  -22.500010453.3604   15.0821
   -7.5000  -30.0000  -22.500011532.0869   15.1329
    0.0000  -30.0000  -22.500012059.5762   15.2115
    7.5000  -30.0000  -22.500011467.5381   15.1915
   -7.5000  -22.5000  -22.500012581.6328   15.2334
    0.0000  -22.5000  -22.500013134.4639   15.3058
    7.5000  -22.5000  -22.500012490.2061   15.2858
   -7.5000  -15.0000  -22.500013588.8398   15.2243
    0.0000  -15.0000  -22.500014172.0918   15.2954
    7.5000  -15.0000  -22.500013465.3867   15.2728
   -7.5000   -7.5000  -22.500014578.5244   15.1063
    0.0000   -7.5000  -22.500015238.4727   15.1821
    7.5000   -7.5000  -22.500014428.7422   15.1568
   -7.5000    0.0000  -22.500015333.8906   15.0063
    0.0000    0.0000  -22.500016064.6523   15.0884
    7.5000    0.0000  -22.500015164.5488   15.0631
   -7.5000    7.5000  -22.500014782.9404   15.0211
    0.0000    7.5000  -22.500015502.5059   15.1048
    7.5000    7.5000  -22.500014613.2119   15.0821
   -7.5000   15.0000  -22.500014057.3164   15.1329
    0.0000   15.0000  -22.500014753.5176   15.2115
    7.5000   15.0000  -22.500013884.3252   15.1915
   -7.5000   22.5000  -22.500013231.7949   15.2287
    0.0000   22.5000  -22.500013872.0322   15.3011
    7.5000   22.5000  -22.500013058.1914   15.2811
   -7.5000   30.0000  -22.500012339.0098   15.0252
    0.0000   30.0000  -22.500012940.1621   15.0954
    7.5000   30.0000  -22.500012195.4473   15.0730
   -7.5000   37.5000  -22.500011840.2783   14.9087
    0.0000   37.5000  -22.500012396.5801   14.9835
    7.5000   37.5000  -22.500011709.5430   14.9585
   -7.5000   45.0000  -22.500010846.9287   14.4518
    0.0000   45.0000  -22.500011367.1689   14.5309
    7.5000   45.0000  -22.500010739.9639   14.5065
   -7.5000  -45.0000  -15.000010423.2988   15.1605
    0.0000  -45.0000  -15.000010933.0449   15.2416
    7.5000  -45.0000  -15.000010408.5000   15.2225
   -7.5000  -37.5000  -15.000011165.1182   15.1762
    0.0000  -37.5000  -15.000011686.7568   15.2580
    7.5000  -37.5000  -15.000011135.6406   15.2394
   -7.5000  -30.0000  -15.000012267.9180   15.2871
    0.0000  -30.0000  -15.000012821.8379   15.3639
    7.5000  -30.0000  -15.000012204.8447   15.3458
   -7.5000  -22.5000  -15.000013366.8369   15.3861
    0.0000  -22.5000  -15.000013950.8057   15.4576
    7.5000  -22.5000  -15.000013267.9844   15.4393
   -7.5000  -15.0000  -15.000014431.3857   15.3773
    0.0000  -15.0000  -15.000015032.2129   15.4482
    7.5000  -15.0000  -15.000014292.5986   15.4292
   -7.5000   -7.5000  -15.000015465.9541   15.2599
    0.0000   -7.5000  -15.000016163.3154   15.3355
    7.5000   -7.5000  -15.000015298.9033   15.3160
   -7.5000    0.0000  -15.000016287.7676   15.1605
    0.0000    0.0000  -15.000017044.5645   15.2416
    7.5000    0.0000  -15.000016104.4648   15.2225
   -7.5000    7.5000  -15.000015736.8926   15.1762
    0.0000    7.5000  -15.000016487.0352   15.2580
    7.5000    7.5000  -15.000015541.6084   15.2394
   -7.5000   15.0000  -15.000014984.7568   15.2871
    0.0000   15.0000  -15.000015703.3184   15.3639
    7.5000   15.0000  -15.000014780.3008   15.3458
   -7.5000   22.5000  -15.000014102.0850   15.3806
    0.0000   22.5000  -15.000014750.1182   15.4521
    7.5000   22.5000  -15.000013889.1406   15.4338
   -7.5000   30.0000  -15.000013167.2529   15.1783
    0.0000   30.0000  -15.000013760.8779   15.2483
    7.5000   30.0000  -15.000012973.1885   15.2296
   -7.5000   37.5000  -15.000012652.3125   15.0624
    0.0000   37.5000  -15.000013224.4619   15.1371
    7.5000   37.5000  -15.000012485.9990   15.1177
   -7.5000   45.0000  -15.000011591.7783   14.6092
    0.0000   45.0000  -15.000012120.3535   14.6873
    7.5000   45.0000  -15.000011445.1631   14.6688
   -7.5000  -45.0000   -7.500010991.2334   15.1517
    0.0000  -45.0000   -7.500011500.8750   15.2341
    7.5000  -45.0000   -7.500010969.5293   15.2119
   -7.5000  -37.5000   -7.500011811.7686   15.1675
    0.0000  -37.5000   -7.500012368.1924   15.2495
    7.5000  -37.5000   -7.500011774.8008   15.2269
   -7.5000  -30.0000   -7.500013032.6670   15.2742
    0.0000  -30.0000   -7.500013625.3223   15.3531
    7.5000  -30.0000   -7.500012954.4854   15.3306
   -7.5000  -22.5000   -7.500014201.4316   15.3690
    0.0000  -22.5000   -7.500014834.6709   15.4451
    7.5000  -22.5000   -7.500014069.7988   15.4233
   -7.5000  -15.0000   -7.500015295.0146   15.3607
    0.0000  -15.0000   -7.500015920.8135   15.4370
    7.5000  -15.0000   -7.500015116.3770   15.4153
   -7.5000   -7.5000   -7.500016389.6484   15.2473
    0.0000   -7.5000   -7.500017080.0000   15.3269
    7.5000   -7.5000   -7.500016182.4570   15.3049
   -7.5000    0.0000   -7.500017306.8594   15.1517
    0.0000    0.0000   -7.500018058.5664   15.2341
    7.5000    0.0000   -7.500017080.3887   15.2119
   -7.5000    7.5000   -7.500016764.4473   15.1675
    0.0000    7.5000   -7.500017534.1582   15.2495
    7.5000    7.5000   -7.500016523.5098   15.2269
   -7.5000   15.0000   -7.500015985.3086   15.2742
    0.0000   15.0000   -7.500016711.2188   15.3531
    7.5000   15.0000   -7.500015723.0791   15.3306
   -7.5000   22.5000   -7.500015033.7539   15.3619
    0.0000   22.5000   -7.500015692.1309   15.4380
    7.5000   22.5000   -7.500014761.0068   15.4162
   -7.5000   30.0000   -7.500014034.8857   15.1615
    0.0000   30.0000   -7.500014634.6689   15.2368
    7.5000   30.0000   -7.500013783.4688   15.2154
   -7.5000   37.5000   -7.500013506.9570   15.0496
    0.0000   37.5000   -7.500014098.1621   15.1281
    7.5000   37.5000   -7.500013283.9990   15.1064
   -7.5000   45.0000   -7.500012382.3291   14.6034
    0.0000   45.0000   -7.500012953.9893   14.6828
    7.5000   45.0000   -7.500012187.3291   14.6614
   -7.5000  -45.0000    0.000011420.6895   15.0111
    0.0000  -45.0000    0.000011927.5664   15.0964
    7.5000  -45.0000    0.000011386.4863   15.0648
   -7.5000  -37.5000    0.000012313.0615   15.0259
    0.0000  -37.5000    0.000012896.1914   15.1106
    7.5000  -37.5000    0.000012273.8340   15.0794
   -7.5000  -30.0000    0.000013666.4619   15.1294
    0.0000  -30.0000    0.000014333.4814   15.2127
    7.5000  -30.0000    0.000013600.2305   15.1834
   -7.5000  -22.5000    0.000014979.6152   15.2222
    0.0000  -22.5000    0.000015690.7949   15.3046
    7.5000  -22.5000    0.000014847.8291   15.2767
   -7.5000  -15.0000    0.000016108.0498   15.2148
    0.0000  -15.0000    0.000016780.7598   15.2976
    7.5000  -15.0000    0.000015920.0332   15.2690
   -7.5000   -7.5000    0.000017218.0371   15.1044
    0.0000   -7.5000    0.000017873.7910   15.1888
    7.5000   -7.5000    0.000016990.6328   15.1582
   -7.5000    0.0000    0.000018222.7695   15.0111
    0.0000    0.0000    0.000018936.3105   15.0964
    7.5000    0.0000    0.000017954.0176   15.0648
   -7.5000    7.5000    0.000017754.6621   15.0259
    0.0000    7.5000    0.000018513.7344   15.1106
    7.5000    7.5000    0.000017424.0586   15.0794
   -7.5000   15.0000    0.000016977.2715   15.1294
    0.0000   15.0000    0.000017751.0840   15.2127
    7.5000   15.0000    0.000016640.6250   15.1834
   -7.5000   22.5000    0.000015946.4951   15.2152
    0.0000   22.5000    0.000016674.8418   15.2975
    7.5000   22.5000    0.000015623.2266   15.2697
   -7.5000   30.0000    0.000014882.7705   15.0179
    0.0000   30.0000    0.000015567.4863   15.0996
    7.5000   30.0000    0.000014572.7861   15.0713
   -7.5000   37.5000    0.000014340.9502   14.9089
    0.0000   37.5000    0.000015015.1523   14.9923
    7.5000   37.5000    0.000014062.7285   14.9620
   -7.5000   45.0000    0.000013158.5762   14.4689
    0.0000   45.0000    0.000013802.3525   14.5512
    7.5000   45.0000    0.000012922.4902   14.5207
   -7.5000  -45.0000    7.500010985.4600   15.2227
    0.0000  -45.0000    7.500011481.7354   15.3109
    7.5000  -45.0000    7.500010940.3008   15.2728
   -7.5000  -37.5000    7.500011859.7129   15.2380
    0.0000  -37.5000    7.500012386.6689   15.3262
    7.5000  -37.5000    7.500011816.4014   15.2903
   -7.5000  -30.0000    7.500013222.7949   15.3434
    0.0000  -30.0000    7.500013864.9014   15.4301
    7.5000  -30.0000    7.500013161.4854   15.3983
   -7.5000  -22.5000    7.500014608.4395   15.4377
    0.0000  -22.5000    7.500015400.3779   15.5229
    7.5000  -22.5000    7.500014514.3887   15.4931
   -7.5000  -15.0000    7.500015902.7168   15.4295
    0.0000  -15.0000    7.500016750.2871   15.5146
    7.5000  -15.0000    7.500015743.5303   15.4823
   -7.5000   -7.5000    7.500017091.0996   15.3169
    0.0000   -7.5000    7.500017892.4746   15.4035
    7.5000   -7.5000    7.500016827.4766   15.3671
   -7.5000    0.0000    7.500018125.9688   15.2227
    0.0000    0.0000    7.500018909.7461   15.3109
    7.5000    0.0000    7.500017724.3281   15.2728
   -7.5000    7.5000    7.500017593.0254   15.2380
    0.0000    7.5000    7.500018424.0605   15.3262
    7.5000    7.5000    7.500017189.2754   15.2903
   -7.5000   15.0000    7.500016753.7520   15.3434
    0.0000   15.0000    7.500017626.3926   15.4301
    7.5000   15.0000    7.500016411.4277   15.3983
   -7.5000   22.5000    7.500015690.7334   15.4306
    0.0000   22.5000    7.500016549.7188   15.5158
    7.5000   22.5000    7.500015379.5107   15.4860
   -7.5000   30.0000    7.500014601.4277   15.2298
    0.0000   30.0000    7.500015416.4785   15.3138
    7.5000   30.0000    7.500014293.0459   15.2819
   -7.5000   37.5000    7.500014058.7480   15.1187
    0.0000   37.5000    7.500014821.1709   15.2041
    7.5000   37.5000    7.500013764.5537   15.1682
   -7.5000   45.0000    7.500012907.6377   14.6730
    0.0000   45.0000    7.500013583.5850   14.7579
    7.5000   45.0000    7.500012637.7871   14.7212
   -7.5000  -45.0000   15.000010537.3223   15.4860
    0.0000  -45.0000   15.000010999.3398   15.5744
    7.5000  -45.0000   15.000010482.7314   15.5384
   -7.5000  -37.5000   15.000011383.4102   15.5020
    0.0000  -37.5000   15.000011876.9102   15.5916
    7.5000  -37.5000   15.000011314.9932   15.5590
   -7.5000  -30.0000   15.000012660.7119   15.6119
    0.0000  -30.0000   15.000013236.4229   15.6981
    7.5000  -30.0000   15.000012593.8926   15.6703
   -7.5000  -22.5000   15.000013998.6611   15.7103
    0.0000  -22.5000   15.000014818.4502   15.7922
    7.5000  -22.5000   15.000013930.0420   15.7656
   -7.5000  -15.0000   15.000015460.2158   15.7010
    0.0000  -15.0000   15.000016636.5215   15.7818
    7.5000  -15.0000   15.000015291.7666   15.7515
   -7.5000   -7.5000   15.000016870.4062   15.5838
    0.0000   -7.5000   15.000018181.2793   15.6677
    7.5000   -7.5000   15.000016579.4902   15.6327
   -7.5000    0.0000   15.000017735.3066   15.4860
    0.0000    0.0000   15.000018960.2188   15.5744
    7.5000    0.0000   15.000017413.1719   15.5384
   -7.5000    7.5000   15.000016971.8203   15.5020
    0.0000    7.5000   15.000018094.1523   15.5916
    7.5000    7.5000   15.000016722.2109   15.5590
   -7.5000   15.0000   15.000016116.3555   15.6119
    0.0000   15.0000   15.000017152.6270   15.6981
    7.5000   15.0000   15.000015884.3555   15.6703
   -7.5000   22.5000   15.000015160.8779   15.7030
    0.0000   22.5000   15.000016085.6133   15.7849
    7.5000   22.5000   15.000014881.9453   15.7584
   -7.5000   30.0000   15.000014136.3350   15.4978
    0.0000   30.0000   15.000014935.5137   15.5776
    7.5000   30.0000   15.000013841.2646   15.5477
   -7.5000   37.5000   15.000013625.3457   15.3821
    0.0000   37.5000   15.000014340.2275   15.4649
    7.5000   37.5000   15.000013333.5479   15.4304
   -7.5000   45.0000   15.000012524.1201   14.9268
    0.0000   45.0000   15.000013159.6699   15.0119
    7.5000   45.0000   15.000012248.3076   14.9772
   -7.5000  -45.0000   22.5000 9980.8760   15.7667
    0.0000  -45.0000   22.500010429.5107   15.8521
    7.5000  -45.0000   22.5000 9916.5527   15.8252
   -7.5000  -37.5000   22.500010803.1982   15.7824
    0.0000  -37.5000   22.500011299.7207   15.8694
    7.5000  -37.5000   22.500010744.9893   15.8453
   -7.5000  -30.0000   22.500012080.5703   15.8966
    0.0000  -30.0000   22.500012651.4531   15.9783
    7.5000  -30.0000   22.500012009.6436   15.9573
   -7.5000  -22.5000   22.500013421.1982   15.9999
    0.0000  -22.5000   22.500014161.3271   16.0751
    7.5000  -22.5000   22.500013272.8203   16.0541
   -7.5000  -15.0000   22.500014731.4414   15.9914
    0.0000  -15.0000   22.500015796.0469   16.0652
    7.5000  -15.0000   22.500014474.1641   16.0413
   -7.5000   -7.5000   22.500015889.2900   15.8696
    0.0000   -7.5000   22.500017043.2578   15.9483
    7.5000   -7.5000   22.500015663.2012   15.9214
   -7.5000    0.0000   22.500016639.4531   15.7667
    0.0000    0.0000   22.500017726.3066   15.8521
    7.5000    0.0000   22.500016501.3516   15.8252
   -7.5000    7.5000   22.500016034.9834   15.7824
    0.0000    7.5000   22.500017065.4609   15.8694
    7.5000    7.5000   22.500015941.7529   15.8453
   -7.5000   15.0000   22.500015314.7969   15.8966
    0.0000   15.0000   22.500016262.9912   15.9783
    7.5000   15.0000   22.500015168.4463   15.9573
   -7.5000   22.5000   22.500014434.7275   15.9926
    0.0000   22.5000   22.500015279.3994   16.0677
    7.5000   22.5000   22.500014222.9180   16.0467
   -7.5000   30.0000   22.500013460.7627   15.7845
    0.0000   30.0000   22.500014185.4219   15.8573
    7.5000   30.0000   22.500013225.2656   15.8337
   -7.5000   37.5000   22.500012984.5986   15.6642
    0.0000   37.5000   22.500013642.8838   15.7419
    7.5000   37.5000   22.500012734.9805   15.7153
   -7.5000   45.0000   22.500011974.0605   15.1973
    0.0000   45.0000   22.500012556.3096   15.2796
    7.5000   45.0000   22.500011727.7588   15.2536
   -7.5000  -45.0000   30.0000 9368.8242   16.0735
    0.0000  -45.0000   30.0000 9800.4189   16.1564
    7.5000  -45.0000   30.0000 9318.8779   16.1374
   -7.5000  -37.5000   30.000010161.3320   16.0891
    0.0000  -37.5000   30.000010614.3350   16.1727
    7.5000  -37.5000   30.000010094.3428   16.1544
   -7.5000  -30.0000   30.000011368.9746   16.2025
    0.0000  -30.0000   30.000011847.6416   16.2806
    7.5000  -30.0000   30.000011255.3311   16.2628
   -7.5000  -22.5000   30.000012603.2871   16.3053
    0.0000  -22.5000   30.000013188.7100   16.3775
    7.5000  -22.5000   30.000012418.1953   16.3597
   -7.5000  -15.0000   30.000013705.9932   16.2979
    0.0000  -15.0000   30.000014510.6162   16.3696
    7.5000  -15.0000   30.000013521.6270   16.3509
   -7.5000   -7.5000   30.000014666.3506   16.1767
    0.0000   -7.5000   30.000015471.6787   16.2536
    7.5000   -7.5000   30.000014589.1143   16.2343
   -7.5000    0.0000   30.000015386.0742   16.0735
    0.0000    0.0000   30.000016141.5146   16.1564
    7.5000    0.0000   30.000015365.8145   16.1374
   -7.5000    7.5000   30.000014988.9551   16.0891
    0.0000    7.5000   30.000015725.7930   16.1727
    7.5000    7.5000   30.000014932.9365   16.1544
   -7.5000   15.0000   30.000014398.0332   16.2025
    0.0000   15.0000   30.000015124.6885   16.2806
    7.5000   15.0000   30.000014281.3271   16.2628
   -7.5000   22.5000   30.000013596.4756   16.2978
    0.0000   22.5000   30.000014263.3418   16.3700
    7.5000   22.5000   30.000013422.3135   16.3521
   -7.5000   30.0000   30.000012695.0273   16.0870
    0.0000   30.0000   30.000013281.1963   16.1577
    7.5000   30.0000   30.000012505.7480   16.1393
   -7.5000   37.5000   30.000012231.5195   15.9674
    0.0000   37.5000   30.000012785.6680   16.0433
    7.5000   37.5000   30.000012019.5596   16.0242
   -7.5000   45.0000   30.000011271.2490   15.4930
    0.0000   45.0000   30.000011794.0205   15.5729
    7.5000   45.0000   30.000011075.4424   15.5546
   -7.5000  -45.0000   37.5000 9203.9814   16.3768
    0.0000  -45.0000   37.5000 9595.0391   16.4628
    7.5000  -45.0000   37.5000 9118.3008   16.4406
   -7.5000  -37.5000   37.5000 9961.0957   16.3918
    0.0000  -37.5000   37.500010360.1670   16.4772
    7.5000  -37.5000   37.5000 9855.3652   16.4546
   -7.5000  -30.0000   37.500011091.4502   16.5017
    0.0000  -30.0000   37.500011511.6621   16.5835
    7.5000  -30.0000   37.500010950.1787   16.5609
   -7.5000  -22.5000   37.500012238.4990   16.6019
    0.0000  -22.5000   37.500012776.7959   16.6805
    7.5000  -22.5000   37.500012076.0908   16.6589
   -7.5000  -15.0000   37.500013270.1357   16.5962
    0.0000  -15.0000   37.500013941.6797   16.6751
    7.5000  -15.0000   37.500013163.0029   16.6537
   -7.5000   -7.5000   37.500014205.4277   16.4780
    0.0000   -7.5000   37.500014839.9170   16.5608
    7.5000   -7.5000   37.500014182.7754   16.5389
   -7.5000    0.0000   37.500014955.1523   16.3768
    0.0000    0.0000   37.500015576.1123   16.4628
    7.5000    0.0000   37.500014925.9902   16.4406
   -7.5000    7.5000   37.500014587.0703   16.3918
    0.0000    7.5000   37.500015211.8467   16.4772
    7.5000    7.5000   37.500014514.5215   16.4546
   -7.5000   15.0000   37.500014031.9746   16.5017
    0.0000   15.0000   37.500014632.7080   16.5835
    7.5000   15.0000   37.500013924.7666   16.5609
   -7.5000   22.5000   37.500013284.0020   16.5943
    0.0000   22.5000   37.500013832.8320   16.6728
    7.5000   22.5000   37.500013138.2822   16.6512
   -7.5000   30.0000   37.500012424.0420   16.3814
    0.0000   30.0000   37.500012940.5889   16.4593
    7.5000   30.0000   37.500012255.0869   16.4382
   -7.5000   37.5000   37.500011964.4951   16.2648
    0.0000   37.5000   37.500012466.7637   16.3465
    7.5000   37.5000   37.500011787.7881   16.3248
   -7.5000   45.0000   37.500011032.9717   15.7854
    0.0000   45.0000   37.500011507.1777   15.8683
    7.5000   45.0000   37.500010873.1455   15.8468
   -7.5000  -45.0000   45.0000 8639.4570   16.8757
    0.0000  -45.0000   45.0000 8996.5332   16.9692
    7.5000  -45.0000   45.0000 8554.9863   16.9356
   -7.5000  -37.5000   45.0000 9322.0146   16.8901
    0.0000  -37.5000   45.0000 9690.8213   16.9826
    7.5000  -37.5000   45.0000 9212.1689   16.9496
   -7.5000  -30.0000   45.000010363.0254   16.9992
    0.0000  -30.0000   45.000010765.2070   17.0895
    7.5000  -30.0000   45.000010232.4971   17.0588
   -7.5000  -22.5000   45.000011425.0898   17.0997
    0.0000  -22.5000   45.000011912.5244   17.1885
    7.5000  -22.5000   45.000011305.4639   17.1597
   -7.5000  -15.0000   45.000012375.6807   17.0949
    0.0000  -15.0000   45.000012946.5010   17.1844
    7.5000  -15.0000   45.000012313.7148   17.1547
   -7.5000   -7.5000   45.000013283.5508   16.9769
    0.0000   -7.5000   45.000013846.1006   17.0689
    7.5000   -7.5000   45.000013259.9199   17.0366
   -7.5000    0.0000   45.000013997.4902   16.8757
    0.0000    0.0000   45.000014557.8105   16.9692
    7.5000    0.0000   45.000013954.8916   16.9356
   -7.5000    7.5000   45.000013635.4414   16.8901
    0.0000    7.5000   45.000014182.0684   16.9826
    7.5000    7.5000   45.000013560.0898   16.9496
   -7.5000   15.0000   45.000013116.4141   16.9992
    0.0000   15.0000   45.000013644.1748   17.0895
    7.5000   15.0000   45.000013016.0723   17.0588
   -7.5000   22.5000   45.000012438.8857   17.0918
    0.0000   22.5000   45.000012920.0254   17.1806
    7.5000   22.5000   45.000012319.7471   17.1518
   -7.5000   30.0000   45.000011648.2754   16.8722
    0.0000   30.0000   45.000012100.3389   16.9606
    7.5000   30.0000   45.000011516.7627   16.9312
   -7.5000   37.5000   45.000011229.7480   16.7557
    0.0000   37.5000   45.000011677.2041   16.8465
    7.5000   37.5000   45.000011094.2578   16.8147
   -7.5000   45.0000   45.000010344.6367   16.2736
    0.0000   45.0000   45.000010770.5303   16.3637
    7.5000   45.0000   45.000010222.1621   16.3314

---------------------------------------------------------------------
imgreg_4dfp /opt/freesurfer/average/711-2C_as_mni_average_305 /opt/freesurfer/average/711-2B_as_mni_average_305_mask talsrcimg_g11 none talsrcimg_to_711-2C_as_mni_average_305_t4 4355
---------------------------------------------------------------------

freesurfer imgreg_4dfp.c
/opt/freesurfer/average/711-2C_as_mni_average_305.4dfp.img
       256       256       256         1
  1.000000  1.000000  1.000000
orientation T byte_order littleendian
Reading image: /opt/freesurfer/average/711-2C_as_mni_average_305.4dfp.img
dimensions:      256       256       256
mmppix:       1.0000   -1.0000   -1.0000
center:     128.0000 -129.0000 -129.0000
/opt/freesurfer/average/711-2B_as_mni_average_305_mask.4dfp.img
       256       256       256         1
  1.000000  1.000000  1.000000
orientation T byte_order littleendian
Reading mask: /opt/freesurfer/average/711-2B_as_mni_average_305_mask.4dfp.img (2306576 pixels)
talsrcimg_g11.4dfp.img
       320       320       320         1
  0.800000  0.800000  0.800000
orientation T byte_order littleendian
Reading image: talsrcimg_g11.4dfp.img
dimensions:      320       320       320
mmppix:       0.8000   -0.8000   -0.8000
center:     128.0000 -128.8000 -128.8000
rotation matrix determinant  1.000000
image alignment mode   4355 decimal     1103 hex
   -7.5000  -45.0000  -30.0000 2542.6321   20.8223
    0.0000  -45.0000  -30.0000 2560.5828   20.8499
    7.5000  -45.0000  -30.0000 2545.6167   20.7733
   -7.5000  -37.5000  -30.0000 2607.9719   19.1566
    0.0000  -37.5000  -30.0000 2622.8325   19.1783
    7.5000  -37.5000  -30.0000 2608.2786   19.1044
   -7.5000  -30.0000  -30.0000 2653.6130   17.8957
    0.0000  -30.0000  -30.0000 2667.2979   17.8670
    7.5000  -30.0000  -30.0000 2658.1145   17.8972
   -7.5000  -22.5000  -30.0000 2695.7751   17.0101
    0.0000  -22.5000  -30.0000 2706.5554   16.9721
    7.5000  -22.5000  -30.0000 2700.2146   17.0157
   -7.5000  -15.0000  -30.0000 2724.2244   16.4815
    0.0000  -15.0000  -30.0000 2735.1233   16.4419
    7.5000  -15.0000  -30.0000 2725.8533   16.4783
   -7.5000   -7.5000  -30.0000 2745.2239   16.2499
    0.0000   -7.5000  -30.0000 2754.3835   16.1886
    7.5000   -7.5000  -30.0000 2747.1841   16.2396
   -7.5000    0.0000  -30.0000 2750.1531   16.2257
    0.0000    0.0000  -30.0000 2763.6741   16.2173
    7.5000    0.0000  -30.0000 2752.9963   16.2424
   -7.5000    7.5000  -30.0000 2740.6653   16.4511
    0.0000    7.5000  -30.0000 2750.6624   16.4660
    7.5000    7.5000  -30.0000 2742.1719   16.5078
   -7.5000   15.0000  -30.0000 2708.0608   17.0065
    0.0000   15.0000  -30.0000 2723.0525   17.0426
    7.5000   15.0000  -30.0000 2709.3362   17.0659
   -7.5000   22.5000  -30.0000 2645.0581   17.8557
    0.0000   22.5000  -30.0000 2666.1365   17.9004
    7.5000   22.5000  -30.0000 2651.6108   17.9396
   -7.5000   30.0000  -30.0000 2569.3311   18.9515
    0.0000   30.0000  -30.0000 2585.0037   18.9774
    7.5000   30.0000  -30.0000 2574.9785   19.0223
   -7.5000   37.5000  -30.0000 2487.2961   20.2634
    0.0000   37.5000  -30.0000 2496.2776   20.2871
    7.5000   37.5000  -30.0000 2491.0674   20.3536
   -7.5000   45.0000  -30.0000 2389.1531   22.0373
    0.0000   45.0000  -30.0000 2398.7551   22.0501
    7.5000   45.0000  -30.0000 2393.7498   22.1004
   -7.5000  -45.0000  -22.5000 2607.0012   20.5568
    0.0000  -45.0000  -22.5000 2622.7722   20.4818
    7.5000  -45.0000  -22.5000 2610.2190   20.4958
   -7.5000  -37.5000  -22.5000 2680.6621   18.9078
    0.0000  -37.5000  -22.5000 2692.4453   18.8461
    7.5000  -37.5000  -22.5000 2678.6208   18.8564
   -7.5000  -30.0000  -22.5000 2726.5449   17.5861
    0.0000  -30.0000  -22.5000 2736.9773   17.5189
    7.5000  -30.0000  -22.5000 2724.9331   17.5428
   -7.5000  -22.5000  -22.5000 2771.3796   16.6273
    0.0000  -22.5000  -22.5000 2772.6763   16.5195
    7.5000  -22.5000  -22.5000 2770.8308   16.5876
   -7.5000  -15.0000  -22.5000 2800.0391   16.0536
    0.0000  -15.0000  -22.5000 2801.2246   15.9675
    7.5000  -15.0000  -22.5000 2799.3577   16.0412
   -7.5000   -7.5000  -22.5000 2820.5955   15.7771
    0.0000   -7.5000  -22.5000 2820.9868   15.7063
    7.5000   -7.5000  -22.5000 2819.2468   15.7751
   -7.5000    0.0000  -22.5000 2820.8445   15.7406
    0.0000    0.0000  -22.5000 2829.3706   15.7294
    7.5000    0.0000  -22.5000 2823.0608   15.7848
   -7.5000    7.5000  -22.5000 2811.6191   15.9618
    0.0000    7.5000  -22.5000 2818.5078   15.9636
    7.5000    7.5000  -22.5000 2813.2119   16.0389
   -7.5000   15.0000  -22.5000 2776.9463   16.4919
    0.0000   15.0000  -22.5000 2790.5317   16.4864
    7.5000   15.0000  -22.5000 2780.7666   16.5640
   -7.5000   22.5000  -22.5000 2718.7332   17.3154
    0.0000   22.5000  -22.5000 2729.9504   17.2916
    7.5000   22.5000  -22.5000 2723.2168   17.3822
   -7.5000   30.0000  -22.5000 2640.5444   18.3313
    0.0000   30.0000  -22.5000 2651.8906   18.3109
    7.5000   30.0000  -22.5000 2644.1125   18.3931
   -7.5000   37.5000  -22.5000 2552.6721   19.5668
    0.0000   37.5000  -22.5000 2562.6248   19.5642
    7.5000   37.5000  -22.5000 2555.3479   19.6456
   -7.5000   45.0000  -22.5000 2448.2075   21.2476
    0.0000   45.0000  -22.5000 2457.7842   21.2597
    7.5000   45.0000  -22.5000 2446.2744   21.2865
   -7.5000  -45.0000  -15.0000 2641.8296   20.3891
    0.0000  -45.0000  -15.0000 2655.5273   20.2652
    7.5000  -45.0000  -15.0000 2648.5312   20.3383
   -7.5000  -37.5000  -15.0000 2713.1721   18.6631
    0.0000  -37.5000  -15.0000 2722.6985   18.5406
    7.5000  -37.5000  -15.0000 2718.1421   18.6285
   -7.5000  -30.0000  -15.0000 2759.3726   17.2962
    0.0000  -30.0000  -15.0000 2765.5508   17.1698
    7.5000  -30.0000  -15.0000 2762.0112   17.2390
   -7.5000  -22.5000  -15.0000 2802.5439   16.2700
    0.0000  -22.5000  -15.0000 2805.5410   16.1144
    7.5000  -22.5000  -15.0000 2805.1152   16.1991
   -7.5000  -15.0000  -15.0000 2835.3420   15.6091
    0.0000  -15.0000  -15.0000 2832.9160   15.4640
    7.5000  -15.0000  -15.0000 2836.2661   15.5606
   -7.5000   -7.5000  -15.0000 2853.8154   15.2824
    0.0000   -7.5000  -15.0000 2852.1228   15.1956
    7.5000   -7.5000  -15.0000 2854.1790   15.2644
   -7.5000    0.0000  -15.0000 2856.5273   15.2722
    0.0000    0.0000  -15.0000 2858.8389   15.2108
    7.5000    0.0000  -15.0000 2858.7031   15.2778
   -7.5000    7.5000  -15.0000 2848.5334   15.4877
    0.0000    7.5000  -15.0000 2850.2407   15.4493
    7.5000    7.5000  -15.0000 2850.6089   15.5330
   -7.5000   15.0000  -15.0000 2817.0579   16.0162
    0.0000   15.0000  -15.0000 2821.0562   15.9522
    7.5000   15.0000  -15.0000 2817.9458   16.0533
   -7.5000   22.5000  -15.0000 2759.8770   16.8004
    0.0000   22.5000  -15.0000 2758.8313   16.7227
    7.5000   22.5000  -15.0000 2759.2034   16.8167
   -7.5000   30.0000  -15.0000 2678.3149   17.7677
    0.0000   30.0000  -15.0000 2682.0229   17.7172
    7.5000   30.0000  -15.0000 2680.8076   17.8129
   -7.5000   37.5000  -15.0000 2590.4316   18.9826
    0.0000   37.5000  -15.0000 2596.9446   18.9440
    7.5000   37.5000  -15.0000 2594.2898   19.0283
   -7.5000   45.0000  -15.0000 2484.3328   20.5988
    0.0000   45.0000  -15.0000 2491.4209   20.5743
    7.5000   45.0000  -15.0000 2481.8889   20.6158
   -7.5000  -45.0000   -7.5000 2650.2754   20.2950
    0.0000  -45.0000   -7.5000 2658.3691   20.1352
    7.5000  -45.0000   -7.5000 2657.2300   20.2184
   -7.5000  -37.5000   -7.5000 2726.3179   18.5457
    0.0000  -37.5000   -7.5000 2732.8940   18.3816
    7.5000  -37.5000   -7.5000 2733.7166   18.4630
   -7.5000  -30.0000   -7.5000 2777.7676   17.1402
    0.0000  -30.0000   -7.5000 2780.7249   16.9456
    7.5000  -30.0000   -7.5000 2782.2971   17.0412
   -7.5000  -22.5000   -7.5000 2815.5403   16.0027
    0.0000  -22.5000   -7.5000 2816.1169   15.8259
    7.5000  -22.5000   -7.5000 2818.2021   15.9001
   -7.5000  -15.0000   -7.5000 2844.3660   15.2357
    0.0000  -15.0000   -7.5000 2837.8345   15.0299
    7.5000  -15.0000   -7.5000 2845.1646   15.1525
   -7.5000   -7.5000   -7.5000 2865.8948   14.8306
    0.0000   -7.5000   -7.5000 2853.5730   14.6862
    7.5000   -7.5000   -7.5000 2860.4270   14.7737
   -7.5000    0.0000   -7.5000 2875.7996   14.8208
    0.0000    0.0000   -7.5000 2862.8462   14.6898
    7.5000    0.0000   -7.5000 2870.7849   14.7540
   -7.5000    7.5000   -7.5000 2868.4219   15.0649
    0.0000    7.5000   -7.5000 2859.2336   14.9601
    7.5000    7.5000   -7.5000 2868.7009   15.0391
   -7.5000   15.0000   -7.5000 2836.2561   15.5978
    0.0000   15.0000   -7.5000 2832.0798   15.4686
    7.5000   15.0000   -7.5000 2836.2236   15.5562
   -7.5000   22.5000   -7.5000 2782.5876   16.3410
    0.0000   22.5000   -7.5000 2773.1470   16.2142
    7.5000   22.5000   -7.5000 2778.7532   16.3232
   -7.5000   30.0000   -7.5000 2700.7573   17.2614
    0.0000   30.0000   -7.5000 2697.1975   17.1654
    7.5000   30.0000   -7.5000 2700.7346   17.3146
   -7.5000   37.5000   -7.5000 2612.9023   18.4181
    0.0000   37.5000   -7.5000 2612.6406   18.3157
    7.5000   37.5000   -7.5000 2613.9683   18.4741
   -7.5000   45.0000   -7.5000 2501.5588   19.9816
    0.0000   45.0000   -7.5000 2506.9138   19.9244
    7.5000   45.0000   -7.5000 2503.5938   20.0513
   -7.5000  -45.0000    0.0000 2655.0725   20.3985
    0.0000  -45.0000    0.0000 2657.2507   20.1857
    7.5000  -45.0000    0.0000 2658.6235   20.2613
   -7.5000  -37.5000    0.0000 2731.9619   18.6294
    0.0000  -37.5000    0.0000 2732.1169   18.4358
    7.5000  -37.5000    0.0000 2735.9019   18.5063
   -7.5000  -30.0000    0.0000 2786.5427   17.1912
    0.0000  -30.0000    0.0000 2786.8054   17.0213
    7.5000  -30.0000    0.0000 2789.8298   17.0668
   -7.5000  -22.5000    0.0000 2828.2324   16.0015
    0.0000  -22.5000    0.0000 2825.5581   15.8349
    7.5000  -22.5000    0.0000 2830.6057   15.8926
   -7.5000  -15.0000    0.0000 2850.2810   15.1026
    0.0000  -15.0000    0.0000 2838.6321   14.8871
    7.5000  -15.0000    0.0000 2851.7744   15.0041
   -7.5000   -7.5000    0.0000 2861.2498   14.5668
    0.0000   -7.5000    0.0000 2840.9297   14.3085
    7.5000   -7.5000    0.0000 2854.3008   14.5072
   -7.5000    0.0000    0.0000 2876.4395   14.5228
    0.0000    0.0000    0.0000 2844.9502   14.3055
    7.5000    0.0000    0.0000 2869.6267   14.4503
   -7.5000    7.5000    0.0000 2883.0566   14.8201
    0.0000    7.5000    0.0000 2861.0173   14.6374
    7.5000    7.5000    0.0000 2876.0171   14.7331
   -7.5000   15.0000    0.0000 2864.4050   15.3593
    0.0000   15.0000    0.0000 2848.7065   15.1948
    7.5000   15.0000    0.0000 2857.5354   15.2717
   -7.5000   22.5000    0.0000 2806.4226   16.0195
    0.0000   22.5000    0.0000 2798.1228   15.8921
    7.5000   22.5000    0.0000 2803.4485   16.0259
   -7.5000   30.0000    0.0000 2726.1841   16.8977
    0.0000   30.0000    0.0000 2713.9673   16.7736
    7.5000   30.0000    0.0000 2721.3416   16.9462
   -7.5000   37.5000    0.0000 2634.6399   18.0621
    0.0000   37.5000    0.0000 2628.7971   17.9234
    7.5000   37.5000    0.0000 2635.2791   18.1414
   -7.5000   45.0000    0.0000 2524.6069   19.6054
    0.0000   45.0000    0.0000 2525.4719   19.5138
    7.5000   45.0000    0.0000 2524.6213   19.7073
   -7.5000  -45.0000    7.5000 2646.0632   20.6164
    0.0000  -45.0000    7.5000 2651.2107   20.4575
    7.5000  -45.0000    7.5000 2647.3262   20.5090
   -7.5000  -37.5000    7.5000 2724.9565   18.8179
    0.0000  -37.5000    7.5000 2726.8635   18.6706
    7.5000  -37.5000    7.5000 2724.1611   18.7163
   -7.5000  -30.0000    7.5000 2784.2810   17.3939
    0.0000  -30.0000    7.5000 2782.3850   17.2485
    7.5000  -30.0000    7.5000 2782.7678   17.2847
   -7.5000  -22.5000    7.5000 2831.2400   16.2228
    0.0000  -22.5000    7.5000 2829.7319   16.1171
    7.5000  -22.5000    7.5000 2828.6411   16.1084
   -7.5000  -15.0000    7.5000 2866.7500   15.3822
    0.0000  -15.0000    7.5000 2867.1895   15.2908
    7.5000  -15.0000    7.5000 2860.7788   15.2340
   -7.5000   -7.5000    7.5000 2875.1506   14.7286
    0.0000   -7.5000    7.5000 2865.2681   14.5961
    7.5000   -7.5000    7.5000 2867.2634   14.6508
   -7.5000    0.0000    7.5000 2892.1252   14.5074
    0.0000    0.0000    7.5000 2863.5024   14.3383
    7.5000    0.0000    7.5000 2881.8020   14.4850
   -7.5000    7.5000    7.5000 2898.2778   14.7223
    0.0000    7.5000    7.5000 2884.6372   14.6286
    7.5000    7.5000    7.5000 2887.0642   14.6690
   -7.5000   15.0000    7.5000 2870.2822   15.1309
    0.0000   15.0000    7.5000 2871.0317   15.0756
    7.5000   15.0000    7.5000 2861.7561   15.1168
   -7.5000   22.5000    7.5000 2808.2803   15.7351
    0.0000   22.5000    7.5000 2812.6250   15.6837
    7.5000   22.5000    7.5000 2809.1758   15.8222
   -7.5000   30.0000    7.5000 2732.8101   16.6576
    0.0000   30.0000    7.5000 2737.7622   16.6340
    7.5000   30.0000    7.5000 2734.1033   16.7671
   -7.5000   37.5000    7.5000 2651.6453   17.8326
    0.0000   37.5000    7.5000 2655.5657   17.7990
    7.5000   37.5000    7.5000 2652.7185   17.9425
   -7.5000   45.0000    7.5000 2547.5916   19.3439
    0.0000   45.0000    7.5000 2550.5959   19.3512
    7.5000   45.0000    7.5000 2544.2510   19.4648
   -7.5000  -45.0000   15.0000 2638.9841   21.0621
    0.0000  -45.0000   15.0000 2639.4932   20.8616
    7.5000  -45.0000   15.0000 2637.6458   20.9522
   -7.5000  -37.5000   15.0000 2711.2246   19.1827
    0.0000  -37.5000   15.0000 2707.6709   19.0020
    7.5000  -37.5000   15.0000 2711.3743   19.1065
   -7.5000  -30.0000   15.0000 2770.8755   17.7053
    0.0000  -30.0000   15.0000 2769.1553   17.5920
    7.5000  -30.0000   15.0000 2769.8931   17.6643
   -7.5000  -22.5000   15.0000 2822.4673   16.5229
    0.0000  -22.5000   15.0000 2827.4766   16.4971
    7.5000  -22.5000   15.0000 2819.4182   16.5054
   -7.5000  -15.0000   15.0000 2867.8374   15.7295
    0.0000  -15.0000   15.0000 2891.7041   15.8643
    7.5000  -15.0000   15.0000 2862.1396   15.7025
   -7.5000   -7.5000   15.0000 2895.6787   15.1881
    0.0000   -7.5000   15.0000 2942.1687   15.4220
    7.5000   -7.5000   15.0000 2890.7983   15.1972
   -7.5000    0.0000   15.0000 2913.7397   14.7551
    0.0000    0.0000   15.0000 2944.1084   14.9225
    7.5000    0.0000   15.0000 2905.8757   14.8277
   -7.5000    7.5000   15.0000 2887.0637   14.5926
    0.0000    7.5000   15.0000 2911.8667   14.6964
    7.5000    7.5000   15.0000 2883.8086   14.7081
   -7.5000   15.0000   15.0000 2852.4805   14.8746
    0.0000   15.0000   15.0000 2859.8821   14.8898
    7.5000   15.0000   15.0000 2857.9614   15.0251
   -7.5000   22.5000   15.0000 2805.6990   15.5934
    0.0000   22.5000   15.0000 2813.9016   15.5702
    7.5000   22.5000   15.0000 2811.1760   15.7142
   -7.5000   30.0000   15.0000 2741.5867   16.5902
    0.0000   30.0000   15.0000 2742.9680   16.5556
    7.5000   30.0000   15.0000 2743.8562   16.6984
   -7.5000   37.5000   15.0000 2664.8843   17.7892
    0.0000   37.5000   15.0000 2664.9333   17.7463
    7.5000   37.5000   15.0000 2664.6382   17.8840
   -7.5000   45.0000   15.0000 2563.7385   19.3166
    0.0000   45.0000   15.0000 2568.1414   19.3172
    7.5000   45.0000   15.0000 2559.3044   19.4171
   -7.5000  -45.0000   22.5000 2623.5806   21.6156
    0.0000  -45.0000   22.5000 2626.6394   21.4497
    7.5000  -45.0000   22.5000 2621.2664   21.5626
   -7.5000  -37.5000   22.5000 2700.4055   19.7413
    0.0000  -37.5000   22.5000 2703.5881   19.6464
    7.5000  -37.5000   22.5000 2701.5706   19.7748
   -7.5000  -30.0000   22.5000 2763.4983   18.2475
    0.0000  -30.0000   22.5000 2771.1365   18.2425
    7.5000  -30.0000   22.5000 2767.4482   18.3344
   -7.5000  -22.5000   22.5000 2820.8320   17.0440
    0.0000  -22.5000   22.5000 2836.0835   17.1153
    7.5000  -22.5000   22.5000 2823.0439   17.1474
   -7.5000  -15.0000   22.5000 2870.8154   16.1602
    0.0000  -15.0000   22.5000 2897.4490   16.3341
    7.5000  -15.0000   22.5000 2866.5825   16.2307
   -7.5000   -7.5000   22.5000 2896.1445   15.4655
    0.0000   -7.5000   22.5000 2942.6482   15.7269
    7.5000   -7.5000   22.5000 2894.4917   15.5443
   -7.5000    0.0000   22.5000 2906.0544   14.9208
    0.0000    0.0000   22.5000 2936.2651   15.0825
    7.5000    0.0000   22.5000 2908.4941   15.1419
   -7.5000    7.5000   22.5000 2892.3667   14.7354
    0.0000    7.5000   22.5000 2912.7295   14.8300
    7.5000    7.5000   22.5000 2907.4800   15.0257
   -7.5000   15.0000   22.5000 2868.0801   15.0387
    0.0000   15.0000   22.5000 2889.6035   15.1137
    7.5000   15.0000   22.5000 2880.1929   15.2897
   -7.5000   22.5000   22.5000 2822.8030   15.7623
    0.0000   22.5000   22.5000 2837.0229   15.7894
    7.5000   22.5000   22.5000 2824.4363   15.9145
   -7.5000   30.0000   22.5000 2753.1079   16.7964
    0.0000   30.0000   22.5000 2755.0930   16.7870
    7.5000   30.0000   22.5000 2749.6487   16.8703
   -7.5000   37.5000   22.5000 2676.7732   17.9970
    0.0000   37.5000   22.5000 2674.6143   17.9619
    7.5000   37.5000   22.5000 2670.9236   18.0542
   -7.5000   45.0000   22.5000 2577.7549   19.4833
    0.0000   45.0000   22.5000 2580.2944   19.4701
    7.5000   45.0000   22.5000 2571.6143   19.5681
   -7.5000  -45.0000   30.0000 2608.9822   22.2645
    0.0000  -45.0000   30.0000 2614.5649   22.1656
    7.5000  -45.0000   30.0000 2613.1958   22.3401
   -7.5000  -37.5000   30.0000 2686.1453   20.3311
    0.0000  -37.5000   30.0000 2693.1868   20.2747
    7.5000  -37.5000   30.0000 2692.1003   20.4697
   -7.5000  -30.0000   30.0000 2751.9038   18.8011
    0.0000  -30.0000   30.0000 2759.7778   18.7968
    7.5000  -30.0000   30.0000 2757.8535   18.9799
   -7.5000  -22.5000   30.0000 2810.9351   17.5539
    0.0000  -22.5000   30.0000 2817.8816   17.5628
    7.5000  -22.5000   30.0000 2811.4656   17.6962
   -7.5000  -15.0000   30.0000 2856.9263   16.5742
    0.0000  -15.0000   30.0000 2868.6604   16.6288
    7.5000  -15.0000   30.0000 2854.1331   16.6624
   -7.5000   -7.5000   30.0000 2877.9146   15.7329
    0.0000   -7.5000   30.0000 2907.7451   15.8637
    7.5000   -7.5000   30.0000 2884.5454   15.9537
   -7.5000    0.0000   30.0000 2898.1477   15.1990
    0.0000    0.0000   30.0000 2893.6499   15.1470
    7.5000    0.0000   30.0000 2912.3716   15.5426
   -7.5000    7.5000   30.0000 2913.8799   15.1339
    0.0000    7.5000   30.0000 2920.6040   15.1027
    7.5000    7.5000   30.0000 2923.3660   15.4186
   -7.5000   15.0000   30.0000 2897.6597   15.5370
    0.0000   15.0000   30.0000 2909.3948   15.5310
    7.5000   15.0000   30.0000 2899.8994   15.7466
   -7.5000   22.5000   30.0000 2844.5066   16.2659
    0.0000   22.5000   30.0000 2856.8806   16.2582
    7.5000   22.5000   30.0000 2842.1819   16.4068
   -7.5000   30.0000   30.0000 2768.0754   17.2525
    0.0000   30.0000   30.0000 2770.9009   17.2378
    7.5000   30.0000   30.0000 2764.1628   17.3536
   -7.5000   37.5000   30.0000 2685.8679   18.4004
    0.0000   37.5000   30.0000 2685.1472   18.3958
    7.5000   37.5000   30.0000 2675.3406   18.5019
   -7.5000   45.0000   30.0000 2580.2156   19.8594
    0.0000   45.0000   30.0000 2588.0288   19.9021
    7.5000   45.0000   30.0000 2573.1982   19.9803
   -7.5000  -45.0000   37.5000 2589.2566   22.9783
    0.0000  -45.0000   37.5000 2590.2297   22.8294
    7.5000  -45.0000   37.5000 2592.9937   23.1058
   -7.5000  -37.5000   37.5000 2667.8992   20.9619
    0.0000  -37.5000   37.5000 2666.7556   20.8112
    7.5000  -37.5000   37.5000 2670.9954   21.1200
   -7.5000  -30.0000   37.5000 2728.3413   19.3339
    0.0000  -30.0000   37.5000 2726.9387   19.2327
    7.5000  -30.0000   37.5000 2731.4495   19.5303
   -7.5000  -22.5000   37.5000 2786.3242   17.9879
    0.0000  -22.5000   37.5000 2785.4634   17.9638
    7.5000  -22.5000   37.5000 2786.9194   18.1804
   -7.5000  -15.0000   37.5000 2827.9868   16.9490
    0.0000  -15.0000   37.5000 2835.4724   16.9946
    7.5000  -15.0000   37.5000 2829.7654   17.1310
   -7.5000   -7.5000   37.5000 2847.0737   16.0912
    0.0000   -7.5000   37.5000 2850.7185   16.0935
    7.5000   -7.5000   37.5000 2863.6897   16.4442
   -7.5000    0.0000   37.5000 2883.2339   15.6392
    0.0000    0.0000   37.5000 2874.7371   15.5470
    7.5000    0.0000   37.5000 2895.2383   15.9846
   -7.5000    7.5000   37.5000 2913.6138   15.6520
    0.0000    7.5000   37.5000 2911.0559   15.5804
    7.5000    7.5000   37.5000 2916.1536   15.8906
   -7.5000   15.0000   37.5000 2895.4827   16.0651
    0.0000   15.0000   37.5000 2897.9895   16.0019
    7.5000   15.0000   37.5000 2896.2253   16.2532
   -7.5000   22.5000   37.5000 2842.6030   16.7962
    0.0000   22.5000   37.5000 2844.6777   16.7623
    7.5000   22.5000   37.5000 2839.2092   16.9615
   -7.5000   30.0000   37.5000 2770.6492   17.7919
    0.0000   30.0000   37.5000 2772.4822   17.7870
    7.5000   30.0000   37.5000 2761.0979   17.9173
   -7.5000   37.5000   37.5000 2684.1294   18.9741
    0.0000   37.5000   37.5000 2686.5723   18.9749
    7.5000   37.5000   37.5000 2675.7451   19.1011
   -7.5000   45.0000   37.5000 2573.3879   20.4336
    0.0000   45.0000   37.5000 2581.2515   20.4905
    7.5000   45.0000   37.5000 2572.0120   20.5714
   -7.5000  -45.0000   45.0000 2557.5881   23.7701
    0.0000  -45.0000   45.0000 2555.1899   23.5724
    7.5000  -45.0000   45.0000 2561.4966   23.9151
   -7.5000  -37.5000   45.0000 2637.3928   21.6056
    0.0000  -37.5000   45.0000 2633.3608   21.4221
    7.5000  -37.5000   45.0000 2641.9763   21.7664
   -7.5000  -30.0000   45.0000 2696.8572   19.8599
    0.0000  -30.0000   45.0000 2692.9954   19.7151
    7.5000  -30.0000   45.0000 2697.8247   20.0445
   -7.5000  -22.5000   45.0000 2752.4133   18.4564
    0.0000  -22.5000   45.0000 2750.9429   18.3855
    7.5000  -22.5000   45.0000 2753.4138   18.6687
   -7.5000  -15.0000   45.0000 2791.4612   17.3708
    0.0000  -15.0000   45.0000 2790.5022   17.3434
    7.5000  -15.0000   45.0000 2800.7107   17.6675
   -7.5000   -7.5000   45.0000 2819.9111   16.5799
    0.0000   -7.5000   45.0000 2821.5593   16.5550
    7.5000   -7.5000   45.0000 2833.4478   16.9475
   -7.5000    0.0000   45.0000 2863.8047   16.2132
    0.0000    0.0000   45.0000 2855.7478   16.1653
    7.5000    0.0000   45.0000 2870.7974   16.5128
   -7.5000    7.5000   45.0000 2883.5862   16.2479
    0.0000    7.5000   45.0000 2878.7483   16.1791
    7.5000    7.5000   45.0000 2884.7905   16.4837
   -7.5000   15.0000   45.0000 2869.7617   16.6524
    0.0000   15.0000   45.0000 2868.7278   16.5704
    7.5000   15.0000   45.0000 2871.1436   16.8371
   -7.5000   22.5000   45.0000 2817.8259   17.3841
    0.0000   22.5000   45.0000 2815.1086   17.3201
    7.5000   22.5000   45.0000 2815.7732   17.5566
   -7.5000   30.0000   45.0000 2747.4563   18.3718
    0.0000   30.0000   45.0000 2748.4756   18.3551
    7.5000   30.0000   45.0000 2739.2810   18.5448
   -7.5000   37.5000   45.0000 2666.0576   19.5554
    0.0000   37.5000   45.0000 2670.7224   19.5497
    7.5000   37.5000   45.0000 2659.5095   19.6875
   -7.5000   45.0000   45.0000 2553.1899   21.0332
    0.0000   45.0000   45.0000 2558.5642   21.0717
    7.5000   45.0000   45.0000 2555.8916   21.1828
   -7.5000  -45.0000   52.5000 2514.5835   24.5358
    0.0000  -45.0000   52.5000 2519.2244   24.3796
    7.5000  -45.0000   52.5000 2522.7158   24.7096
   -7.5000  -37.5000   52.5000 2596.1658   22.1857
    0.0000  -37.5000   52.5000 2596.5491   22.0425
    7.5000  -37.5000   52.5000 2600.3245   22.3576
   -7.5000  -30.0000   52.5000 2659.9121   20.3806
    0.0000  -30.0000   52.5000 2660.9927   20.2557
    7.5000  -30.0000   52.5000 2666.5261   20.6131
   -7.5000  -22.5000   52.5000 2722.9182   19.0058
    0.0000  -22.5000   52.5000 2719.5737   18.9217
    7.5000  -22.5000   52.5000 2723.1968   19.2542
   -7.5000  -15.0000   52.5000 2757.8042   17.9496
    0.0000  -15.0000   52.5000 2761.9412   17.8933
    7.5000  -15.0000   52.5000 2766.3037   18.2528
   -7.5000   -7.5000   52.5000 2798.6506   17.2319
    0.0000   -7.5000   52.5000 2801.5056   17.2094
    7.5000   -7.5000   52.5000 2803.8950   17.5395
   -7.5000    0.0000   52.5000 2837.3418   16.8908
    0.0000    0.0000   52.5000 2834.9033   16.8676
    7.5000    0.0000   52.5000 2839.1179   17.1603
   -7.5000    7.5000   52.5000 2845.0308   16.9222
    0.0000    7.5000   52.5000 2842.6182   16.8738
    7.5000    7.5000   52.5000 2847.3704   17.1533
   -7.5000   15.0000   52.5000 2825.7529   17.2990
    0.0000   15.0000   52.5000 2824.9626   17.2512
    7.5000   15.0000   52.5000 2831.1685   17.5219
   -7.5000   22.5000   52.5000 2780.8096   18.0469
    0.0000   22.5000   52.5000 2781.9922   17.9651
    7.5000   22.5000   52.5000 2780.8442   18.2276
   -7.5000   30.0000   52.5000 2713.0947   19.0094
    0.0000   30.0000   52.5000 2719.3062   18.9533
    7.5000   30.0000   52.5000 2707.5474   19.1712
   -7.5000   37.5000   52.5000 2631.5698   20.1677
    0.0000   37.5000   52.5000 2635.8723   20.1607
    7.5000   37.5000   52.5000 2625.6523   20.3185
   -7.5000   45.0000   52.5000 2519.6646   21.6504
    0.0000   45.0000   52.5000 2523.8000   21.6718
    7.5000   45.0000   52.5000 2513.2319   21.8168
   -7.5000  -45.0000   60.0000 2445.0254   25.2885
    0.0000  -45.0000   60.0000 2451.6907   25.1462
    7.5000  -45.0000   60.0000 2453.3523   25.5013
   -7.5000  -37.5000   60.0000 2532.8320   22.8564
    0.0000  -37.5000   60.0000 2534.0974   22.6991
    7.5000  -37.5000   60.0000 2537.1497   23.0396
   -7.5000  -30.0000   60.0000 2603.0005   21.0162
    0.0000  -30.0000   60.0000 2607.7031   20.9063
    7.5000  -30.0000   60.0000 2601.6531   21.2170
   -7.5000  -22.5000   60.0000 2657.9031   19.6331
    0.0000  -22.5000   60.0000 2671.5889   19.5868
    7.5000  -22.5000   60.0000 2659.6130   19.8588
   -7.5000  -15.0000   60.0000 2704.8940   18.6586
    0.0000  -15.0000   60.0000 2712.6021   18.5667
    7.5000  -15.0000   60.0000 2708.6233   18.9084
   -7.5000   -7.5000   60.0000 2744.1809   17.9582
    0.0000   -7.5000   60.0000 2750.5415   17.9674
    7.5000   -7.5000   60.0000 2740.7986   18.2066
   -7.5000    0.0000   60.0000 2775.3528   17.6574
    0.0000    0.0000   60.0000 2779.4685   17.6629
    7.5000    0.0000   60.0000 2770.1987   17.8812
   -7.5000    7.5000   60.0000 2779.2737   17.6671
    0.0000    7.5000   60.0000 2781.6558   17.6503
    7.5000    7.5000   60.0000 2781.7783   17.8507
   -7.5000   15.0000   60.0000 2754.9832   18.0520
    0.0000   15.0000   60.0000 2759.9827   18.0295
    7.5000   15.0000   60.0000 2759.9758   18.2452
   -7.5000   22.5000   60.0000 2705.1233   18.7753
    0.0000   22.5000   60.0000 2713.6042   18.7236
    7.5000   22.5000   60.0000 2705.6648   18.9537
   -7.5000   30.0000   60.0000 2642.8621   19.7054
    0.0000   30.0000   60.0000 2651.7417   19.6238
    7.5000   30.0000   60.0000 2636.9800   19.8486
   -7.5000   37.5000   60.0000 2566.8550   20.8201
    0.0000   37.5000   60.0000 2574.6274   20.7741
    7.5000   37.5000   60.0000 2559.6582   20.9457
   -7.5000   45.0000   60.0000 2452.7781   22.2859
    0.0000   45.0000   60.0000 2460.2483   22.3044
    7.5000   45.0000   60.0000 2447.0730   22.4499

---------------------------------------------------------------------
imgreg_4dfp /opt/freesurfer/average/711-2C_as_mni_average_305 /opt/freesurfer/average/711-2B_as_mni_average_305_mask talsrcimg_g11 none talsrcimg_to_711-2C_as_mni_average_305_t4 1283
---------------------------------------------------------------------

freesurfer imgreg_4dfp.c
/opt/freesurfer/average/711-2C_as_mni_average_305.4dfp.img
       256       256       256         1
  1.000000  1.000000  1.000000
orientation T byte_order littleendian
Reading image: /opt/freesurfer/average/711-2C_as_mni_average_305.4dfp.img
dimensions:      256       256       256
mmppix:       1.0000   -1.0000   -1.0000
center:     128.0000 -129.0000 -129.0000
/opt/freesurfer/average/711-2B_as_mni_average_305_mask.4dfp.img
       256       256       256         1
  1.000000  1.000000  1.000000
orientation T byte_order littleendian
Reading mask: /opt/freesurfer/average/711-2B_as_mni_average_305_mask.4dfp.img (2306576 pixels)
talsrcimg_g11.4dfp.img
       320       320       320         1
  0.800000  0.800000  0.800000
orientation T byte_order littleendian
Reading image: talsrcimg_g11.4dfp.img
dimensions:      320       320       320
mmppix:       0.8000   -0.8000   -0.8000
center:     128.0000 -128.8000 -128.8000
rotation matrix determinant  1.000000
fimgreg.f
image alignment mode   1283 decimal      503 hex
parameters
    0.0000    0.0000   15.0000    0.0000    0.0000    0.0000
eta,q 0.92556 15.01487
niter,ni,del,rscale     5    3   12.0000    1.2000
parameter  2  4.491759 ->  0.500000 qaram    1.1500
parameter  3 -0.598822 -> -0.500000 qaram    1.1500
parameter  4  1.122066 ->  0.500000 qaram    1.1500
parameter  5 -1.133687 -> -0.500000 qaram    1.1500
parameters
   -1.3118   -3.4500   18.4500   -3.4500    3.4500    1.1193
eta,q 0.93181 15.29480
  0.0842  0.0774  0.1019  0.0712  0.0783  0.0710
  0.0818  0.0775  0.0931  0.0715  0.0767  0.0697
  0.0806  0.0792  0.0847  0.0723  0.0745  0.0688
  0.0818  0.0809  0.0778  0.0733  0.0717  0.0683
  0.0826  0.0824  0.0741  0.0745  0.0692  0.0682
  0.0847  0.0844  0.0735  0.0766  0.0683  0.0686
  0.0882  0.0851  0.0766  0.0786  0.0696  0.0696
niter,ni,del,rscale     7    3   12.0000    1.2000
parameters
   -1.2591   -3.1096   18.6338   -6.3807    3.2949    1.3056
eta,q 0.93209 15.36952
  0.0858  0.0819  0.0878  0.0695  0.0750  0.0710
  0.0778  0.0738  0.0767  0.0685  0.0723  0.0696
  0.0707  0.0689  0.0695  0.0678  0.0692  0.0685
  0.0682  0.0682  0.0683  0.0685  0.0679  0.0679
  0.0718  0.0697  0.0733  0.0707  0.0689  0.0680
  0.0779  0.0734  0.0787  0.0736  0.0717  0.0691
  0.0846  0.0782  0.0825  0.0761  0.0766  0.0710
niter,ni,del,rscale     6    3   12.0000    1.2000
parameters
   -1.3082   -2.7070   18.2723   -7.7561    3.1166    1.7370
eta,q 0.93239 15.40900
  0.0850  0.0820  0.0827  0.0692  0.0744  0.0709
  0.0771  0.0759  0.0721  0.0689  0.0716  0.0696
  0.0702  0.0704  0.0673  0.0682  0.0689  0.0686
  0.0679  0.0679  0.0678  0.0673  0.0678  0.0678
  0.0717  0.0688  0.0728  0.0679  0.0687  0.0675
  0.0782  0.0735  0.0772  0.0699  0.0712  0.0686
  0.0845  0.0795  0.0820  0.0730  0.0759  0.0706
niter,ni,del,rscale     5    3   12.0000    1.2000
parameters
   -1.3053   -2.4053   17.8260   -8.8772    2.8433    2.0367
eta,q 0.93247 15.41943
  0.0846  0.0817  0.0821  0.0684  0.0736  0.0707
  0.0769  0.0760  0.0716  0.0682  0.0708  0.0694
  0.0701  0.0703  0.0669  0.0681  0.0686  0.0684
  0.0676  0.0676  0.0676  0.0670  0.0676  0.0676
  0.0710  0.0688  0.0726  0.0669  0.0683  0.0675
  0.0774  0.0736  0.0772  0.0686  0.0708  0.0686
  0.0839  0.0802  0.0822  0.0713  0.0754  0.0706
niter,ni,del,rscale     4    3   12.0000    1.2000
parameters
   -1.2504   -2.0729   17.4757   -9.9265    2.5132    2.0955
eta,q 0.93229 15.39900
  0.0845  0.0820  0.0827  0.0679  0.0729  0.0706
  0.0767  0.0758  0.0719  0.0678  0.0703  0.0692
  0.0701  0.0700  0.0671  0.0679  0.0684  0.0684
  0.0675  0.0675  0.0675  0.0671  0.0677  0.0677
  0.0705  0.0687  0.0723  0.0664  0.0680  0.0677
  0.0767  0.0733  0.0773  0.0678  0.0703  0.0689
  0.0835  0.0801  0.0820  0.0704  0.0748  0.0709
niter,ni,del,rscale     3    3   12.0000    1.2000
parameters
   -1.1759   -1.7599   17.2276  -11.2567    2.2621    1.8909
eta,q 0.93221 15.37449
  0.0844  0.0823  0.0835  0.0673  0.0723  0.0706
  0.0766  0.0754  0.0725  0.0675  0.0701  0.0692
  0.0702  0.0694  0.0674  0.0677  0.0683  0.0682
  0.0677  0.0677  0.0678  0.0676  0.0677  0.0678
  0.0705  0.0690  0.0721  0.0664  0.0678  0.0680
  0.0764  0.0733  0.0775  0.0670  0.0697  0.0693
  0.0832  0.0800  0.0819  0.0696  0.0741  0.0713
niter,ni,del,rscale     2    3   12.0000    1.2000
parameter  4  5.399821 ->  0.500000 qaram    1.3225
parameters
   -1.1074   -1.3828   17.0295  -15.2242    2.4766    0.9556
eta,q 0.93302 15.43851
  0.0842  0.0825  0.0841  0.0666  0.0725  0.0694
  0.0763  0.0752  0.0732  0.0669  0.0706  0.0679
  0.0701  0.0695  0.0676  0.0674  0.0681  0.0671
  0.0678  0.0678  0.0679  0.0677  0.0671  0.0671
  0.0703  0.0694  0.0719  0.0670  0.0675  0.0680
  0.0762  0.0733  0.0776  0.0664  0.0691  0.0694
  0.0831  0.0794  0.0824  0.0683  0.0727  0.0710
niter,ni,del,rscale     2    3   12.0000    1.2000
parameters
   -1.2298   -0.3630   16.6391  -14.0590    2.7605    0.4441
eta,q 0.93293 15.34139
  0.0834  0.0884  0.0820  0.0696  0.0726  0.0693
  0.0750  0.0789  0.0728  0.0673  0.0700  0.0682
  0.0687  0.0702  0.0669  0.0654  0.0678  0.0673
  0.0670  0.0670  0.0670  0.0667  0.0671  0.0671
  0.0698  0.0682  0.0711  0.0676  0.0670  0.0676
  0.0764  0.0728  0.0772  0.0676  0.0685  0.0686
  0.0841  0.0783  0.0830  0.0669  0.0725  0.0702
niter,ni,del,rscale     1    3   12.0000    1.2000
parameters
   -1.3010   -0.2080   16.6821  -14.4229    2.9220    0.2373
eta,q 0.93298 15.33794
  0.0831  0.0822  0.0859  0.0689  0.0728  0.0694
  0.0746  0.0735  0.0752  0.0661  0.0700  0.0683
  0.0686  0.0680  0.0677  0.0659  0.0677  0.0673
  0.0671  0.0671  0.0671  0.0672  0.0670  0.0670
  0.0696  0.0694  0.0712  0.0679  0.0671  0.0675
  0.0757  0.0740  0.0772  0.0675  0.0690  0.0684
  0.0832  0.0795  0.0827  0.0677  0.0729  0.0699
registration optimization eta report
parameter search radius
    6.0000    6.9000    6.9000    7.9350    6.9000    6.0000
100000*second partial in parameter space
       44.       29.       35.        2.       13.        7.
  0.0831  0.0822  0.0859  0.0689  0.0728  0.0694
  0.0746  0.0735  0.0752  0.0661  0.0700  0.0683
  0.0686  0.0680  0.0677  0.0659  0.0677  0.0673
  0.0671  0.0671  0.0671  0.0672  0.0670  0.0670
  0.0696  0.0694  0.0712  0.0679  0.0671  0.0675
  0.0757  0.0740  0.0772  0.0675  0.0690  0.0684
  0.0832  0.0795  0.0827  0.0677  0.0729  0.0699
   -1.3010   -0.2080   16.6821  -14.4229    2.9220    0.2373
eta,q 0.93298 15.33794

---------------------------------------------------------------------
imgreg_4dfp /opt/freesurfer/average/711-2C_as_mni_average_305 /opt/freesurfer/average/711-2B_as_mni_average_305_mask talsrcimg_g11 none talsrcimg_to_711-2C_as_mni_average_305_t4 3335
---------------------------------------------------------------------

freesurfer imgreg_4dfp.c
/opt/freesurfer/average/711-2C_as_mni_average_305.4dfp.img
       256       256       256         1
  1.000000  1.000000  1.000000
orientation T byte_order littleendian
Reading image: /opt/freesurfer/average/711-2C_as_mni_average_305.4dfp.img
dimensions:      256       256       256
mmppix:       1.0000   -1.0000   -1.0000
center:     128.0000 -129.0000 -129.0000
/opt/freesurfer/average/711-2B_as_mni_average_305_mask.4dfp.img
       256       256       256         1
  1.000000  1.000000  1.000000
orientation T byte_order littleendian
Reading mask: /opt/freesurfer/average/711-2B_as_mni_average_305_mask.4dfp.img (2306576 pixels)
talsrcimg_g11.4dfp.img
       320       320       320         1
  0.800000  0.800000  0.800000
orientation T byte_order littleendian
Reading image: talsrcimg_g11.4dfp.img
dimensions:      320       320       320
mmppix:       0.8000   -0.8000   -0.8000
center:     128.0000 -128.8000 -128.8000
fimgreg.f
image alignment mode   3335 decimal      D07 hex
parameters
   -1.3010   -0.2080   16.6821   -0.1309   -3.1472   -3.2775
    0.8686   -5.0400    0.4136   24.8870    5.0976  -24.8753
eta,q 0.93457 15.52957
niter,ni,del,rscale     5    3    5.0000    1.2000
parameter  4  2.069805 ->  0.500000 qaram    1.1500
parameter  5  1.302923 ->  0.500000 qaram    1.1500
parameter 12 -0.780802 -> -0.500000 qaram    1.1500
parameters
   -1.3827    0.2882   16.0791   -4.2709   -7.2872   -6.7771
   -0.4495   -4.3110    0.7584   21.7053    2.6530  -20.7353
eta,q 0.95253 15.73726
  0.0692  0.0679  0.0669  0.0511  0.0485  0.0496  0.0513  0.0566  0.0505  0.0488  0.0488  0.0520
  0.0671  0.0667  0.0657  0.0530  0.0494  0.0490  0.0496  0.0525  0.0495  0.0484  0.0484  0.0501
  0.0658  0.0659  0.0651  0.0576  0.0512  0.0489  0.0488  0.0499  0.0489  0.0484  0.0482  0.0490
  0.0654  0.0654  0.0653  0.0651  0.0540  0.0497  0.0489  0.0487  0.0486  0.0486  0.0483  0.0482
  0.0660  0.0654  0.0663  0.0738  0.0577  0.0534  0.0499  0.0489  0.0487  0.0494  0.0488  0.0477
  0.0675  0.0657  0.0678  0.0820  0.0620  0.0594  0.0516  0.0506  0.0493  0.0509  0.0497  0.0474
  0.0696  0.0665  0.0697  0.0889  0.0667  0.0684  0.0538  0.0540  0.0502  0.0531  0.0510  0.0473
niter,ni,del,rscale     7    3    5.0000    1.2000
parameter  2 -1.869799 -> -0.500000 qaram    1.1500
parameter  3  0.743111 ->  0.500000 qaram    1.1500
parameters
   -1.7196    1.6682   14.6991   -8.0820  -11.0133   -5.0446
   -0.6354   -3.4110    1.9279   19.4878    2.5343  -19.9496
eta,q 0.95831 15.56909
  0.0501  0.0527  0.0447  0.0457  0.0437  0.0450  0.0445  0.0471  0.0432  0.0426  0.0424  0.0441
  0.0484  0.0508  0.0446  0.0440  0.0430  0.0444  0.0430  0.0442  0.0425  0.0418  0.0420  0.0423
  0.0475  0.0490  0.0448  0.0431  0.0428  0.0437  0.0422  0.0427  0.0421  0.0416  0.0418  0.0417
  0.0475  0.0474  0.0453  0.0447  0.0433  0.0428  0.0420  0.0420  0.0418  0.0418  0.0416  0.0416
  0.0483  0.0460  0.0460  0.0495  0.0450  0.0417  0.0424  0.0418  0.0418  0.0424  0.0416  0.0419
  0.0499  0.0450  0.0469  0.0577  0.0476  0.0419  0.0433  0.0426  0.0421  0.0435  0.0419  0.0424
  0.0521  0.0443  0.0482  0.0667  0.0508  0.0443  0.0447  0.0451  0.0425  0.0454  0.0426  0.0429
niter,ni,del,rscale     7    3    5.0000    1.2000
parameter  2 -2.018017 -> -0.500000 qaram    1.3225
parameters
   -1.8874    3.2552   14.0483   -9.4856  -12.8588   -5.7825
   -0.7069   -2.9545    2.5858   21.2411    3.8916  -22.8809
eta,q 0.96117 15.49447
  0.0437  0.0486  0.0396  0.0433  0.0417  0.0418  0.0421  0.0426  0.0411  0.0430  0.0398  0.0397
  0.0425  0.0462  0.0388  0.0418  0.0403  0.0411  0.0406  0.0410  0.0402  0.0412  0.0396  0.0389
  0.0418  0.0439  0.0386  0.0399  0.0393  0.0403  0.0397  0.0400  0.0397  0.0400  0.0394  0.0388
  0.0417  0.0417  0.0387  0.0386  0.0391  0.0391  0.0395  0.0395  0.0394  0.0394  0.0393  0.0392
  0.0421  0.0398  0.0392  0.0394  0.0403  0.0385  0.0399  0.0393  0.0395  0.0393  0.0392  0.0398
  0.0430  0.0384  0.0399  0.0436  0.0428  0.0403  0.0408  0.0400  0.0399  0.0397  0.0393  0.0404
  0.0443  0.0375  0.0410  0.0513  0.0461  0.0461  0.0420  0.0422  0.0406  0.0406  0.0396  0.0410
niter,ni,del,rscale     7    3    5.0000    1.2000
parameter  2 -1.181883 -> -0.500000 qaram    1.5209
parameters
   -1.7468    5.0802   14.2300  -10.1977  -14.9542   -6.5239
   -1.0154   -2.7677    2.5282   22.8910    3.2587  -25.1943
eta,q 0.96405 15.41032
  0.0412  0.0470  0.0384  0.0407  0.0389  0.0391  0.0390  0.0393  0.0382  0.0409  0.0367  0.0372
  0.0399  0.0441  0.0370  0.0393  0.0375  0.0382  0.0375  0.0380  0.0372  0.0387  0.0365  0.0360
  0.0391  0.0413  0.0363  0.0376  0.0364  0.0372  0.0367  0.0371  0.0367  0.0373  0.0364  0.0359
  0.0388  0.0388  0.0360  0.0360  0.0364  0.0363  0.0365  0.0365  0.0365  0.0365  0.0363  0.0363
  0.0390  0.0369  0.0362  0.0360  0.0379  0.0358  0.0370  0.0364  0.0367  0.0363  0.0363  0.0369
  0.0396  0.0358  0.0368  0.0389  0.0408  0.0377  0.0380  0.0372  0.0373  0.0368  0.0365  0.0376
  0.0406  0.0356  0.0377  0.0452  0.0444  0.0432  0.0393  0.0395  0.0382  0.0381  0.0370  0.0384
niter,ni,del,rscale     7    3    5.0000    1.2000
parameter  2 -0.563174 -> -0.500000 qaram    1.7490
parameters
   -1.6620    7.1790   14.3984  -10.6060  -17.1845   -7.3835
   -1.2531   -2.5626    2.1101   23.5877    1.4225  -26.7079
eta,q 0.96587 15.28257
  0.0381  0.0449  0.0369  0.0389  0.0370  0.0371  0.0372  0.0370  0.0363  0.0386  0.0347  0.0359
  0.0369  0.0415  0.0355  0.0375  0.0355  0.0361  0.0356  0.0358  0.0352  0.0364  0.0345  0.0344
  0.0362  0.0384  0.0346  0.0358  0.0344  0.0350  0.0347  0.0350  0.0346  0.0350  0.0344  0.0340
  0.0360  0.0360  0.0343  0.0343  0.0345  0.0343  0.0345  0.0345  0.0345  0.0344  0.0344  0.0344
  0.0361  0.0345  0.0345  0.0341  0.0362  0.0342  0.0350  0.0344  0.0348  0.0345  0.0345  0.0351
  0.0367  0.0344  0.0352  0.0365  0.0392  0.0359  0.0360  0.0352  0.0356  0.0355  0.0348  0.0359
  0.0378  0.0358  0.0363  0.0421  0.0431  0.0413  0.0374  0.0372  0.0368  0.0373  0.0354  0.0368
niter,ni,del,rscale     7    3    5.0000    1.2000
parameters
   -1.5919    7.6636   14.3907   -9.8138  -18.1512   -7.7186
   -1.2120   -2.5180    1.8178   24.2039    0.5201  -27.3214
eta,q 0.96648 15.26393
  0.0363  0.0421  0.0358  0.0388  0.0375  0.0368  0.0370  0.0366  0.0358  0.0380  0.0342  0.0359
  0.0351  0.0386  0.0347  0.0375  0.0356  0.0357  0.0351  0.0350  0.0346  0.0356  0.0338  0.0340
  0.0344  0.0357  0.0341  0.0358  0.0341  0.0345  0.0340  0.0340  0.0339  0.0342  0.0337  0.0334
  0.0341  0.0341  0.0339  0.0339  0.0335  0.0336  0.0336  0.0337  0.0337  0.0336  0.0336  0.0336
  0.0343  0.0341  0.0341  0.0329  0.0344  0.0333  0.0341  0.0338  0.0340  0.0338  0.0337  0.0343
  0.0350  0.0360  0.0348  0.0343  0.0369  0.0345  0.0352  0.0347  0.0349  0.0348  0.0340  0.0351
  0.0360  0.0396  0.0358  0.0389  0.0404  0.0393  0.0368  0.0368  0.0362  0.0366  0.0347  0.0360
niter,ni,del,rscale     6    3    5.0000    1.2000
parameters
   -1.5822    7.8549   14.3679   -9.5804  -18.4580   -7.8284
   -1.1900   -2.4212    1.7224   24.4975    0.3266  -27.5532
eta,q 0.96663 15.25895
  0.0359  0.0408  0.0352  0.0386  0.0379  0.0368  0.0368  0.0366  0.0358  0.0375  0.0342  0.0361
  0.0346  0.0374  0.0343  0.0371  0.0360  0.0356  0.0349  0.0348  0.0345  0.0352  0.0338  0.0340
  0.0338  0.0348  0.0337  0.0353  0.0343  0.0344  0.0338  0.0338  0.0337  0.0339  0.0335  0.0332
  0.0335  0.0335  0.0335  0.0335  0.0333  0.0334  0.0334  0.0334  0.0334  0.0334  0.0334  0.0334
  0.0338  0.0339  0.0337  0.0327  0.0338  0.0331  0.0339  0.0336  0.0337  0.0337  0.0335  0.0340
  0.0345  0.0362  0.0343  0.0347  0.0360  0.0341  0.0350  0.0345  0.0346  0.0349  0.0338  0.0349
  0.0358  0.0400  0.0353  0.0400  0.0392  0.0386  0.0367  0.0366  0.0359  0.0368  0.0344  0.0358
niter,ni,del,rscale     5    3    5.0000    1.2000
parameters
   -1.5698    7.9160   14.3365   -9.5020  -18.5475   -7.8812
   -1.1285   -2.3872    1.6691   24.6447    0.3185  -27.6440
eta,q 0.96667 15.25868
  0.0359  0.0403  0.0351  0.0385  0.0380  0.0368  0.0368  0.0365  0.0358  0.0373  0.0343  0.0362
  0.0345  0.0370  0.0342  0.0371  0.0361  0.0356  0.0349  0.0347  0.0345  0.0351  0.0337  0.0341
  0.0336  0.0345  0.0336  0.0352  0.0344  0.0344  0.0337  0.0337  0.0336  0.0338  0.0335  0.0332
  0.0334  0.0334  0.0334  0.0334  0.0333  0.0333  0.0333  0.0333  0.0333  0.0333  0.0333  0.0333
  0.0336  0.0340  0.0336  0.0327  0.0337  0.0330  0.0338  0.0336  0.0337  0.0337  0.0334  0.0340
  0.0345  0.0364  0.0342  0.0349  0.0357  0.0340  0.0349  0.0345  0.0345  0.0349  0.0337  0.0348
  0.0358  0.0403  0.0352  0.0404  0.0389  0.0385  0.0366  0.0366  0.0359  0.0369  0.0343  0.0357
niter,ni,del,rscale     4    3    5.0000    1.2000
parameters
   -1.5729    7.9363   14.3150   -9.4737  -18.5656   -7.9056
   -1.0738   -2.3920    1.6429   24.7175    0.3412  -27.6754
eta,q 0.96667 15.25946
  0.0358  0.0402  0.0351  0.0385  0.0381  0.0368  0.0368  0.0365  0.0358  0.0372  0.0343  0.0363
  0.0344  0.0369  0.0341  0.0370  0.0362  0.0356  0.0349  0.0347  0.0345  0.0350  0.0337  0.0341
  0.0336  0.0344  0.0335  0.0352  0.0344  0.0344  0.0337  0.0337  0.0336  0.0337  0.0334  0.0332
  0.0333  0.0333  0.0333  0.0333  0.0333  0.0333  0.0333  0.0333  0.0333  0.0333  0.0333  0.0333
  0.0336  0.0340  0.0335  0.0327  0.0336  0.0330  0.0338  0.0335  0.0336  0.0338  0.0334  0.0339
  0.0345  0.0364  0.0341  0.0350  0.0356  0.0340  0.0349  0.0345  0.0345  0.0350  0.0337  0.0347
  0.0358  0.0404  0.0352  0.0406  0.0388  0.0384  0.0366  0.0367  0.0358  0.0370  0.0343  0.0357
niter,ni,del,rscale     3    3    5.0000    1.2000
parameters
   -1.5820    7.9427   14.3011   -9.4638  -18.5636   -7.9141
   -1.0406   -2.3997    1.6380   24.7514    0.3626  -27.6783
eta,q 0.96668 15.26026
  0.0358  0.0401  0.0351  0.0385  0.0381  0.0368  0.0368  0.0365  0.0358  0.0372  0.0343  0.0363
  0.0344  0.0368  0.0341  0.0370  0.0362  0.0356  0.0349  0.0347  0.0345  0.0350  0.0337  0.0341
  0.0336  0.0344  0.0335  0.0352  0.0344  0.0344  0.0337  0.0337  0.0336  0.0337  0.0334  0.0332
  0.0333  0.0333  0.0333  0.0333  0.0333  0.0333  0.0333  0.0333  0.0333  0.0333  0.0333  0.0333
  0.0336  0.0340  0.0335  0.0328  0.0336  0.0330  0.0338  0.0335  0.0336  0.0338  0.0334  0.0339
  0.0345  0.0364  0.0341  0.0350  0.0356  0.0340  0.0349  0.0345  0.0345  0.0350  0.0337  0.0347
  0.0359  0.0404  0.0351  0.0406  0.0388  0.0384  0.0366  0.0367  0.0358  0.0370  0.0343  0.0357
registration optimization eta report
parameter search radius
    2.4000    4.1976    2.7600    8.2800    8.2800    7.2000
    7.2000    7.2000    7.2000    7.2000    7.2000    8.2800
100000*second partial in parameter space
       44.       39.       23.        9.        7.        8.
        6.        6.        5.        7.        2.        4.
  0.0358  0.0401  0.0351  0.0385  0.0381  0.0368  0.0368  0.0365  0.0358  0.0372  0.0343  0.0363
  0.0344  0.0368  0.0341  0.0370  0.0362  0.0356  0.0349  0.0347  0.0345  0.0350  0.0337  0.0341
  0.0336  0.0344  0.0335  0.0352  0.0344  0.0344  0.0337  0.0337  0.0336  0.0337  0.0334  0.0332
  0.0333  0.0333  0.0333  0.0333  0.0333  0.0333  0.0333  0.0333  0.0333  0.0333  0.0333  0.0333
  0.0336  0.0340  0.0335  0.0328  0.0336  0.0330  0.0338  0.0335  0.0336  0.0338  0.0334  0.0339
  0.0345  0.0364  0.0341  0.0350  0.0356  0.0340  0.0349  0.0345  0.0345  0.0350  0.0337  0.0347
  0.0359  0.0404  0.0351  0.0406  0.0388  0.0384  0.0366  0.0367  0.0358  0.0370  0.0343  0.0357
   -1.5820    7.9427   14.3011   -9.4638  -18.5636   -7.9141
   -1.0406   -2.3997    1.6380   24.7514    0.3626  -27.6783
eta,q 0.96668 15.26026

---------------------------------------------------------------------
imgreg_4dfp /opt/freesurfer/average/711-2C_as_mni_average_305 /opt/freesurfer/average/711-2B_as_mni_average_305_mask talsrcimg_g11 none talsrcimg_to_711-2C_as_mni_average_305_t4 2311
---------------------------------------------------------------------

freesurfer imgreg_4dfp.c
/opt/freesurfer/average/711-2C_as_mni_average_305.4dfp.img
       256       256       256         1
  1.000000  1.000000  1.000000
orientation T byte_order littleendian
Reading image: /opt/freesurfer/average/711-2C_as_mni_average_305.4dfp.img
dimensions:      256       256       256
mmppix:       1.0000   -1.0000   -1.0000
center:     128.0000 -129.0000 -129.0000
/opt/freesurfer/average/711-2B_as_mni_average_305_mask.4dfp.img
       256       256       256         1
  1.000000  1.000000  1.000000
orientation T byte_order littleendian
Reading mask: /opt/freesurfer/average/711-2B_as_mni_average_305_mask.4dfp.img (2306576 pixels)
talsrcimg_g11.4dfp.img
       320       320       320         1
  0.800000  0.800000  0.800000
orientation T byte_order littleendian
Reading image: talsrcimg_g11.4dfp.img
dimensions:      320       320       320
mmppix:       0.8000   -0.8000   -0.8000
center:     128.0000 -128.8000 -128.8000
fimgreg.f
image alignment mode   2311 decimal      907 hex
parameters
   -1.5820    7.9427   14.3011   -9.4638  -18.5636   -7.9141
   -1.0406   -2.3997    1.6380   24.7514    0.3626  -27.6783
eta,q 0.96668 15.26026
niter,ni,del,rscale     5    3    5.0000    0.8000
parameters
   -1.5951    8.0949   14.3340   -7.8330  -18.7838   -7.1315
   -0.8584   -2.4894    1.6152   24.9825   -0.0331  -28.1115
eta,q 0.96744 15.26698
  0.0344  0.0347  0.0340  0.0365  0.0346  0.0349  0.0348  0.0347  0.0341  0.0349  0.0332  0.0336
  0.0338  0.0340  0.0336  0.0354  0.0337  0.0341  0.0336  0.0335  0.0333  0.0336  0.0329  0.0329
  0.0334  0.0335  0.0334  0.0343  0.0330  0.0333  0.0329  0.0328  0.0328  0.0329  0.0326  0.0326
  0.0333  0.0333  0.0333  0.0333  0.0327  0.0327  0.0326  0.0326  0.0326  0.0326  0.0326  0.0326
  0.0335  0.0334  0.0334  0.0327  0.0330  0.0326  0.0328  0.0329  0.0328  0.0328  0.0327  0.0329
  0.0338  0.0337  0.0336  0.0330  0.0338  0.0330  0.0335  0.0336  0.0333  0.0334  0.0330  0.0333
  0.0345  0.0343  0.0339  0.0343  0.0352  0.0341  0.0345  0.0349  0.0341  0.0344  0.0335  0.0338
niter,ni,del,rscale     4    3    5.0000    0.7000
parameters
   -1.6049    7.6934   14.2173   -7.7928  -18.6573   -6.6644
   -1.0065   -2.4262    1.6921   25.3166   -0.0518  -28.2861
eta,q 0.96763 15.29860
  0.0338  0.0330  0.0330  0.0350  0.0342  0.0343  0.0339  0.0342  0.0336  0.0344  0.0330  0.0333
  0.0331  0.0326  0.0327  0.0339  0.0334  0.0335  0.0330  0.0332  0.0329  0.0333  0.0327  0.0327
  0.0327  0.0325  0.0325  0.0330  0.0328  0.0329  0.0325  0.0326  0.0325  0.0327  0.0324  0.0324
  0.0326  0.0326  0.0325  0.0325  0.0325  0.0325  0.0324  0.0324  0.0324  0.0324  0.0324  0.0324
  0.0327  0.0329  0.0326  0.0326  0.0326  0.0324  0.0326  0.0326  0.0325  0.0325  0.0325  0.0326
  0.0332  0.0334  0.0328  0.0335  0.0331  0.0327  0.0332  0.0331  0.0329  0.0330  0.0327  0.0329
  0.0339  0.0342  0.0332  0.0353  0.0342  0.0339  0.0341  0.0341  0.0335  0.0338  0.0330  0.0333
niter,ni,del,rscale     3    3    5.0000    0.6000
parameters
   -1.5763    7.5349   14.0278   -7.7125  -18.6498   -6.3405
   -1.0590   -2.4303    1.7068   25.6662   -0.0260  -28.3483
eta,q 0.96772 15.31585
  0.0334  0.0329  0.0327  0.0344  0.0337  0.0338  0.0335  0.0337  0.0332  0.0339  0.0328  0.0331
  0.0328  0.0326  0.0325  0.0335  0.0330  0.0332  0.0328  0.0329  0.0327  0.0330  0.0325  0.0325
  0.0325  0.0324  0.0324  0.0328  0.0326  0.0327  0.0324  0.0325  0.0324  0.0325  0.0323  0.0323
  0.0324  0.0324  0.0324  0.0323  0.0323  0.0323  0.0323  0.0323  0.0323  0.0323  0.0323  0.0323
  0.0325  0.0325  0.0325  0.0324  0.0324  0.0323  0.0324  0.0324  0.0324  0.0324  0.0323  0.0324
  0.0328  0.0328  0.0327  0.0331  0.0329  0.0326  0.0329  0.0329  0.0327  0.0327  0.0325  0.0327
  0.0333  0.0333  0.0330  0.0345  0.0338  0.0335  0.0336  0.0337  0.0331  0.0333  0.0328  0.0330
niter,ni,del,rscale     2    3    5.0000    0.5000
parameters
   -1.5623    7.4313   13.8264   -7.6151  -18.6568   -6.0311
   -1.0591   -2.4571    1.6985   26.0138   -0.0339  -28.3357
eta,q 0.96781 15.32954
  0.0330  0.0327  0.0325  0.0338  0.0332  0.0334  0.0331  0.0332  0.0328  0.0334  0.0326  0.0328
  0.0326  0.0324  0.0323  0.0331  0.0327  0.0329  0.0326  0.0327  0.0325  0.0328  0.0324  0.0324
  0.0324  0.0323  0.0323  0.0325  0.0324  0.0325  0.0323  0.0323  0.0323  0.0324  0.0322  0.0322
  0.0323  0.0323  0.0323  0.0323  0.0322  0.0322  0.0322  0.0322  0.0322  0.0322  0.0322  0.0322
  0.0323  0.0324  0.0324  0.0323  0.0323  0.0322  0.0323  0.0323  0.0323  0.0322  0.0322  0.0323
  0.0326  0.0326  0.0325  0.0328  0.0327  0.0324  0.0326  0.0327  0.0325  0.0325  0.0324  0.0325
  0.0330  0.0329  0.0327  0.0338  0.0333  0.0331  0.0331  0.0333  0.0328  0.0330  0.0326  0.0327
niter,ni,del,rscale     1    3    5.0000    0.4000
parameters
   -1.5607    7.3286   13.6192   -7.5270  -18.6674   -5.7312
   -1.0506   -2.4985    1.6847   26.3168   -0.0628  -28.2811
eta,q 0.96788 15.34044
  0.0327  0.0325  0.0323  0.0332  0.0328  0.0330  0.0327  0.0328  0.0325  0.0330  0.0324  0.0325
  0.0324  0.0323  0.0322  0.0327  0.0325  0.0327  0.0324  0.0324  0.0323  0.0325  0.0322  0.0323
  0.0322  0.0322  0.0322  0.0324  0.0323  0.0324  0.0322  0.0322  0.0322  0.0323  0.0321  0.0321
  0.0322  0.0322  0.0322  0.0322  0.0322  0.0322  0.0321  0.0321  0.0321  0.0321  0.0321  0.0321
  0.0322  0.0323  0.0323  0.0322  0.0322  0.0321  0.0322  0.0322  0.0322  0.0321  0.0321  0.0322
  0.0324  0.0324  0.0324  0.0325  0.0325  0.0323  0.0324  0.0325  0.0323  0.0323  0.0322  0.0323
  0.0326  0.0326  0.0325  0.0332  0.0329  0.0328  0.0327  0.0329  0.0325  0.0326  0.0324  0.0325
registration optimization eta report
parameter search radius
    0.8000    0.8000    0.8000    2.4000    2.4000    2.4000
    2.4000    2.4000    2.4000    2.4000    2.4000    2.4000
100000*second partial in parameter space
       72.       55.       36.       18.       12.       13.
       10.       13.        7.       12.        5.        7.
  0.0327  0.0325  0.0323  0.0332  0.0328  0.0330  0.0327  0.0328  0.0325  0.0330  0.0324  0.0325
  0.0324  0.0323  0.0322  0.0327  0.0325  0.0327  0.0324  0.0324  0.0323  0.0325  0.0322  0.0323
  0.0322  0.0322  0.0322  0.0324  0.0323  0.0324  0.0322  0.0322  0.0322  0.0323  0.0321  0.0321
  0.0322  0.0322  0.0322  0.0322  0.0322  0.0322  0.0321  0.0321  0.0321  0.0321  0.0321  0.0321
  0.0322  0.0323  0.0323  0.0322  0.0322  0.0321  0.0322  0.0322  0.0322  0.0321  0.0321  0.0322
  0.0324  0.0324  0.0324  0.0325  0.0325  0.0323  0.0324  0.0325  0.0323  0.0323  0.0322  0.0323
  0.0326  0.0326  0.0325  0.0332  0.0329  0.0328  0.0327  0.0329  0.0325  0.0326  0.0324  0.0325
   -1.5607    7.3286   13.6192   -7.5270  -18.6674   -5.7312
   -1.0506   -2.4985    1.6847   26.3168   -0.0628  -28.2811
eta,q 0.96788 15.34044

---------------------------------------------------------------------
imgreg_4dfp /opt/freesurfer/average/711-2C_as_mni_average_305 /opt/freesurfer/average/711-2B_as_mni_average_305_mask talsrcimg_g11 none talsrcimg_to_711-2C_as_mni_average_305_t4 2311
---------------------------------------------------------------------

freesurfer imgreg_4dfp.c
/opt/freesurfer/average/711-2C_as_mni_average_305.4dfp.img
       256       256       256         1
  1.000000  1.000000  1.000000
orientation T byte_order littleendian
Reading image: /opt/freesurfer/average/711-2C_as_mni_average_305.4dfp.img
dimensions:      256       256       256
mmppix:       1.0000   -1.0000   -1.0000
center:     128.0000 -129.0000 -129.0000
/opt/freesurfer/average/711-2B_as_mni_average_305_mask.4dfp.img
       256       256       256         1
  1.000000  1.000000  1.000000
orientation T byte_order littleendian
Reading mask: /opt/freesurfer/average/711-2B_as_mni_average_305_mask.4dfp.img (2306576 pixels)
talsrcimg_g11.4dfp.img
       320       320       320         1
  0.800000  0.800000  0.800000
orientation T byte_order littleendian
Reading image: talsrcimg_g11.4dfp.img
dimensions:      320       320       320
mmppix:       0.8000   -0.8000   -0.8000
center:     128.0000 -128.8000 -128.8000
fimgreg.f
image alignment mode   2311 decimal      907 hex
parameters
   -1.5607    7.3286   13.6192   -7.5270  -18.6674   -5.7312
   -1.0506   -2.4985    1.6847   26.3168   -0.0628  -28.2811
eta,q 0.96788 15.34044
niter,ni,del,rscale     5    3    5.0000    0.8000
parameters
   -1.5539    7.2047   13.5132   -7.9888  -18.7486   -6.3780
   -1.0850   -2.5098    1.7415   26.2310    0.1097  -28.3213
eta,q 0.96765 15.34282
  0.0340  0.0333  0.0330  0.0350  0.0344  0.0345  0.0343  0.0348  0.0337  0.0345  0.0332  0.0337
  0.0330  0.0326  0.0324  0.0337  0.0334  0.0336  0.0332  0.0334  0.0330  0.0333  0.0328  0.0328
  0.0323  0.0322  0.0321  0.0326  0.0326  0.0327  0.0326  0.0326  0.0325  0.0326  0.0325  0.0324
  0.0321  0.0321  0.0321  0.0321  0.0322  0.0322  0.0324  0.0324  0.0324  0.0324  0.0324  0.0324
  0.0323  0.0323  0.0323  0.0325  0.0324  0.0323  0.0326  0.0326  0.0325  0.0327  0.0324  0.0326
  0.0329  0.0329  0.0327  0.0342  0.0332  0.0340  0.0333  0.0334  0.0330  0.0334  0.0327  0.0330
  0.0340  0.0337  0.0332  0.0370  0.0348  0.0376  0.0344  0.0348  0.0337  0.0346  0.0331  0.0335
niter,ni,del,rscale     4    3    5.0000    0.7000
parameters
   -1.5678    7.4797   13.5678   -7.8489  -18.6969   -6.4639
   -1.0480   -2.5407    1.7589   26.2775    0.1300  -28.3221
eta,q 0.96770 15.33405
  0.0336  0.0337  0.0330  0.0350  0.0341  0.0342  0.0340  0.0342  0.0334  0.0341  0.0330  0.0334
  0.0329  0.0331  0.0326  0.0339  0.0333  0.0334  0.0331  0.0331  0.0328  0.0331  0.0326  0.0327
  0.0325  0.0326  0.0324  0.0329  0.0326  0.0328  0.0325  0.0325  0.0324  0.0325  0.0324  0.0323
  0.0324  0.0324  0.0323  0.0323  0.0323  0.0323  0.0323  0.0323  0.0323  0.0323  0.0323  0.0323
  0.0325  0.0323  0.0324  0.0323  0.0324  0.0322  0.0325  0.0325  0.0324  0.0325  0.0324  0.0325
  0.0329  0.0325  0.0326  0.0332  0.0330  0.0329  0.0330  0.0331  0.0328  0.0331  0.0326  0.0328
  0.0336  0.0330  0.0329  0.0350  0.0342  0.0351  0.0339  0.0343  0.0334  0.0340  0.0329  0.0332
niter,ni,del,rscale     3    3    5.0000    0.6000
parameters
   -1.5790    7.4744   13.5805   -7.6851  -18.6234   -6.2511
   -1.0359   -2.5627    1.7615   26.3301    0.0991  -28.2715
eta,q 0.96777 15.33744
  0.0332  0.0330  0.0328  0.0344  0.0337  0.0338  0.0335  0.0337  0.0331  0.0336  0.0327  0.0331
  0.0327  0.0326  0.0325  0.0335  0.0330  0.0332  0.0328  0.0329  0.0326  0.0328  0.0324  0.0325
  0.0324  0.0324  0.0324  0.0328  0.0325  0.0327  0.0324  0.0324  0.0323  0.0324  0.0323  0.0323
  0.0323  0.0323  0.0323  0.0323  0.0323  0.0323  0.0322  0.0322  0.0322  0.0322  0.0322  0.0322
  0.0324  0.0324  0.0324  0.0323  0.0324  0.0321  0.0324  0.0324  0.0323  0.0324  0.0323  0.0324
  0.0327  0.0326  0.0325  0.0330  0.0328  0.0325  0.0328  0.0329  0.0326  0.0328  0.0325  0.0326
  0.0333  0.0331  0.0328  0.0343  0.0337  0.0339  0.0335  0.0337  0.0331  0.0335  0.0328  0.0329
niter,ni,del,rscale     2    3    5.0000    0.5000
parameters
   -1.5809    7.3826   13.5220   -7.5820  -18.5926   -5.9581
   -1.0416   -2.5706    1.7561   26.4163    0.0380  -28.2036
eta,q 0.96785 15.34366
  0.0329  0.0327  0.0325  0.0338  0.0332  0.0335  0.0331  0.0332  0.0328  0.0332  0.0325  0.0328
  0.0325  0.0324  0.0323  0.0331  0.0327  0.0329  0.0326  0.0326  0.0324  0.0326  0.0323  0.0324
  0.0323  0.0323  0.0322  0.0325  0.0324  0.0325  0.0323  0.0323  0.0322  0.0323  0.0322  0.0322
  0.0322  0.0322  0.0322  0.0322  0.0322  0.0322  0.0322  0.0322  0.0322  0.0322  0.0322  0.0322
  0.0323  0.0323  0.0323  0.0323  0.0323  0.0321  0.0323  0.0323  0.0322  0.0323  0.0322  0.0322
  0.0325  0.0325  0.0324  0.0328  0.0326  0.0324  0.0326  0.0326  0.0324  0.0326  0.0323  0.0324
  0.0329  0.0329  0.0326  0.0337  0.0332  0.0333  0.0331  0.0333  0.0328  0.0331  0.0326  0.0327
niter,ni,del,rscale     1    3    5.0000    0.4000
parameters
   -1.5798    7.2862   13.4281   -7.5112  -18.6064   -5.6931
   -1.0551   -2.5829    1.7344   26.5123   -0.0017  -28.1336
eta,q 0.96790 15.34832
  0.0326  0.0324  0.0323  0.0332  0.0328  0.0331  0.0327  0.0328  0.0325  0.0328  0.0324  0.0325
  0.0324  0.0323  0.0322  0.0327  0.0325  0.0327  0.0324  0.0324  0.0323  0.0324  0.0322  0.0323
  0.0322  0.0322  0.0322  0.0323  0.0322  0.0324  0.0322  0.0322  0.0321  0.0322  0.0321  0.0321
  0.0322  0.0322  0.0321  0.0321  0.0321  0.0321  0.0321  0.0321  0.0321  0.0321  0.0321  0.0321
  0.0322  0.0322  0.0322  0.0322  0.0322  0.0321  0.0322  0.0322  0.0321  0.0322  0.0321  0.0321
  0.0324  0.0324  0.0323  0.0325  0.0324  0.0323  0.0324  0.0324  0.0323  0.0324  0.0322  0.0323
  0.0326  0.0326  0.0324  0.0332  0.0328  0.0329  0.0327  0.0329  0.0325  0.0327  0.0324  0.0324
registration optimization eta report
parameter search radius
    0.8000    0.8000    0.8000    2.4000    2.4000    2.4000
    2.4000    2.4000    2.4000    2.4000    2.4000    2.4000
100000*second partial in parameter space
       72.       55.       37.       18.       12.       15.
       10.       13.        7.       12.        5.        7.
  0.0326  0.0324  0.0323  0.0332  0.0328  0.0331  0.0327  0.0328  0.0325  0.0328  0.0324  0.0325
  0.0324  0.0323  0.0322  0.0327  0.0325  0.0327  0.0324  0.0324  0.0323  0.0324  0.0322  0.0323
  0.0322  0.0322  0.0322  0.0323  0.0322  0.0324  0.0322  0.0322  0.0321  0.0322  0.0321  0.0321
  0.0322  0.0322  0.0321  0.0321  0.0321  0.0321  0.0321  0.0321  0.0321  0.0321  0.0321  0.0321
  0.0322  0.0322  0.0322  0.0322  0.0322  0.0321  0.0322  0.0322  0.0321  0.0322  0.0321  0.0321
  0.0324  0.0324  0.0323  0.0325  0.0324  0.0323  0.0324  0.0324  0.0323  0.0324  0.0322  0.0323
  0.0326  0.0326  0.0324  0.0332  0.0328  0.0329  0.0327  0.0329  0.0325  0.0327  0.0324  0.0324
   -1.5798    7.2862   13.4281   -7.5112  -18.6064   -5.6931
   -1.0551   -2.5829    1.7344   26.5123   -0.0017  -28.1336
eta,q 0.96790 15.34832

---------------------------------------------------------------------
compute_vox2vox talsrcimg talsrcimg_to_711-2C_as_mni_average_305_t4 /opt/freesurfer/average/711-2C_as_mni_average_305
---------------------------------------------------------------------

freesurfer compute_vox2vox.c
Reading: talsrcimg.4dfp.ifh
Reading: talsrcimg_to_711-2C_as_mni_average_305_t4
Reading: /opt/freesurfer/average/711-2C_as_mni_average_305.4dfp.ifh
Writing: talsrcimg_to_711-2C_as_mni_average_305_t4_vox2vox.txt

start time Tue Mar 10 22:13:30 CET 2026
end		time Tue Mar 10 22:14:53 CET 2026

mpr2mni305 success

avi2talxfm orig_nu.mgz /opt/freesurfer/average/mni305.cor.mgz talsrcimg_to_711-2C_as_mni_average_305_t4_vox2vox.txt transforms/talairach.auto.xfm
avi2talxfm done
mv -f /out/sourcedata/freesurfer/sub-v2s11x28733_ses-1/mri/talsrcimg_to_711-2C_as_mni_average_305_t4_vox2vox.txt /out/sourcedata/freesurfer/sub-v2s11x28733_ses-1/mri/transforms/talsrcimg_to_711-2C_as_mni_average_305_t4_vox2vox.txt
lta_convert --src orig_nu.mgz --trg /opt/freesurfer/average/mni305.cor.mgz --inxfm transforms/talairach.auto.xfm --outlta transforms/talairach.auto.xfm.lta --subject fsaverage
7.3.2

--src: orig_nu.mgz src image (geometry).
--trg: /opt/freesurfer/average/mni305.cor.mgz trg image (geometry).
--inmni: transforms/talairach.auto.xfm input MNI/XFM transform.
--outlta: transforms/talairach.auto.xfm.lta output LTA.
--s: fsaverage subject name
 LTA read, type : 1
 1.08080   0.02339   0.02210   0.48926;
-0.00624   0.96632   0.33393  -17.96648;
-0.02100  -0.31526   1.11936  -37.79955;
 0.00000   0.00000   0.00000   1.00000;
setting subject to fsaverage
Writing  LTA to file transforms/talairach.auto.xfm.lta...
lta_convert successful.
 
 
Started at Tue Mar 10 22:13:30 CET 2026
Ended   at Tue Mar 10 22:14:54 CET 2026
talairach_avi done
