Log file for defect2seg
Tue Mar 10 18:35:41 CET 2026

setenv SUBJECTS_DIR /out/sourcedata/freesurfer
cd /out/sourcedata/freesurfer/sub-v2s11x28681_ses-1/scripts
/opt/freesurfer/bin/defect2seg --s sub-v2s11x28681_ses-1 --rh-only --cortex

freesurfer-linux-ubuntu22_x86_64-7.3.2-20220804-6354275
defect2seg 7.3.2
Linux dna063 5.14.0-427.37.1.el9_4.x86_64 #1 SMP PREEMPT_DYNAMIC Fri Sep 13 12:41:50 EDT 2024 x86_64 x86_64 x86_64 GNU/Linux
pid 1056698
mri_label2label --label-cortex /out/sourcedata/freesurfer/sub-v2s11x28681_ses-1/surf/rh.orig.nofix /out/sourcedata/freesurfer/sub-v2s11x28681_ses-1/mri/aseg.presurf.mgz 0 /out/sourcedata/freesurfer/sub-v2s11x28681_ses-1/label/rh.nofix.cortex.label

 Generating cortex label... RemoveHipAmgy=0
 NucAccIsMedialWall=0
 mris->useRealRAS=0
131 non-cortical segments detected
only using segment with 18147 vertices
erasing segment 0 (vno[0] = 5006)
erasing segment 1 (vno[0] = 6859)
erasing segment 2 (vno[0] = 8273)
erasing segment 3 (vno[0] = 9411)
erasing segment 4 (vno[0] = 24655)
erasing segment 5 (vno[0] = 30943)
erasing segment 6 (vno[0] = 31488)
erasing segment 7 (vno[0] = 31578)
erasing segment 8 (vno[0] = 32641)
erasing segment 9 (vno[0] = 32658)
erasing segment 10 (vno[0] = 32988)
erasing segment 11 (vno[0] = 38449)
erasing segment 12 (vno[0] = 39103)
erasing segment 13 (vno[0] = 43579)
erasing segment 14 (vno[0] = 48784)
erasing segment 15 (vno[0] = 52826)
erasing segment 16 (vno[0] = 54289)
erasing segment 17 (vno[0] = 57635)
erasing segment 18 (vno[0] = 57655)
erasing segment 19 (vno[0] = 59168)
erasing segment 20 (vno[0] = 59218)
erasing segment 21 (vno[0] = 60574)
erasing segment 22 (vno[0] = 60657)
erasing segment 23 (vno[0] = 60694)
erasing segment 24 (vno[0] = 61908)
erasing segment 25 (vno[0] = 62248)
erasing segment 26 (vno[0] = 67198)
erasing segment 27 (vno[0] = 67442)
erasing segment 28 (vno[0] = 67511)
erasing segment 29 (vno[0] = 67529)
erasing segment 30 (vno[0] = 69262)
erasing segment 31 (vno[0] = 72692)
erasing segment 32 (vno[0] = 72805)
erasing segment 33 (vno[0] = 73199)
erasing segment 35 (vno[0] = 77030)
erasing segment 36 (vno[0] = 77095)
erasing segment 37 (vno[0] = 79764)
erasing segment 38 (vno[0] = 81370)
erasing segment 39 (vno[0] = 84378)
erasing segment 40 (vno[0] = 88760)
erasing segment 41 (vno[0] = 90225)
erasing segment 42 (vno[0] = 90493)
erasing segment 43 (vno[0] = 91858)
erasing segment 44 (vno[0] = 100454)
erasing segment 45 (vno[0] = 103314)
erasing segment 46 (vno[0] = 113266)
erasing segment 47 (vno[0] = 113651)
erasing segment 48 (vno[0] = 113662)
erasing segment 49 (vno[0] = 114497)
erasing segment 50 (vno[0] = 118379)
erasing segment 51 (vno[0] = 128813)
erasing segment 52 (vno[0] = 130608)
erasing segment 53 (vno[0] = 131415)
erasing segment 54 (vno[0] = 137190)
erasing segment 55 (vno[0] = 138872)
erasing segment 56 (vno[0] = 139686)
erasing segment 57 (vno[0] = 146672)
erasing segment 58 (vno[0] = 146869)
erasing segment 59 (vno[0] = 148035)
erasing segment 60 (vno[0] = 149469)
erasing segment 61 (vno[0] = 149767)
erasing segment 62 (vno[0] = 159017)
erasing segment 63 (vno[0] = 160148)
erasing segment 64 (vno[0] = 160454)
erasing segment 65 (vno[0] = 161525)
erasing segment 66 (vno[0] = 161740)
erasing segment 67 (vno[0] = 162537)
erasing segment 68 (vno[0] = 162738)
erasing segment 69 (vno[0] = 162928)
erasing segment 70 (vno[0] = 162943)
erasing segment 71 (vno[0] = 164486)
erasing segment 72 (vno[0] = 165505)
erasing segment 73 (vno[0] = 165522)
erasing segment 74 (vno[0] = 166890)
erasing segment 75 (vno[0] = 166975)
erasing segment 76 (vno[0] = 167038)
erasing segment 77 (vno[0] = 168105)
erasing segment 78 (vno[0] = 168245)
erasing segment 79 (vno[0] = 168476)
erasing segment 80 (vno[0] = 168538)
erasing segment 81 (vno[0] = 168643)
erasing segment 82 (vno[0] = 169620)
erasing segment 83 (vno[0] = 169975)
erasing segment 84 (vno[0] = 169997)
erasing segment 85 (vno[0] = 170959)
erasing segment 86 (vno[0] = 171217)
erasing segment 87 (vno[0] = 176133)
erasing segment 88 (vno[0] = 178324)
erasing segment 89 (vno[0] = 181060)
erasing segment 90 (vno[0] = 182393)
erasing segment 91 (vno[0] = 182411)
erasing segment 92 (vno[0] = 183654)
erasing segment 93 (vno[0] = 185537)
erasing segment 94 (vno[0] = 189115)
erasing segment 95 (vno[0] = 193004)
erasing segment 96 (vno[0] = 194215)
erasing segment 97 (vno[0] = 194413)
erasing segment 98 (vno[0] = 195229)
erasing segment 99 (vno[0] = 200645)
erasing segment 100 (vno[0] = 207251)
erasing segment 101 (vno[0] = 207692)
erasing segment 102 (vno[0] = 207798)
erasing segment 103 (vno[0] = 208312)
erasing segment 104 (vno[0] = 211087)
erasing segment 105 (vno[0] = 213534)
erasing segment 106 (vno[0] = 213984)
erasing segment 107 (vno[0] = 214919)
erasing segment 108 (vno[0] = 215549)
erasing segment 109 (vno[0] = 215560)
erasing segment 110 (vno[0] = 217532)
erasing segment 111 (vno[0] = 219542)
erasing segment 112 (vno[0] = 219549)
erasing segment 113 (vno[0] = 221303)
erasing segment 114 (vno[0] = 222224)
erasing segment 115 (vno[0] = 222796)
erasing segment 116 (vno[0] = 225252)
erasing segment 117 (vno[0] = 226403)
erasing segment 118 (vno[0] = 227297)
erasing segment 119 (vno[0] = 227851)
erasing segment 120 (vno[0] = 228142)
erasing segment 121 (vno[0] = 229005)
erasing segment 122 (vno[0] = 229650)
erasing segment 123 (vno[0] = 231883)
erasing segment 124 (vno[0] = 233962)
erasing segment 125 (vno[0] = 234477)
erasing segment 126 (vno[0] = 234492)
erasing segment 127 (vno[0] = 239358)
erasing segment 128 (vno[0] = 242623)
erasing segment 129 (vno[0] = 242707)
erasing segment 130 (vno[0] = 246402)
mri_label2vol --defects /out/sourcedata/freesurfer/sub-v2s11x28681_ses-1/surf/rh.orig.nofix /out/sourcedata/freesurfer/sub-v2s11x28681_ses-1/surf/rh.defect_labels /out/sourcedata/freesurfer/sub-v2s11x28681_ses-1/mri/orig.mgz 2000 0 /out/sourcedata/freesurfer/sub-v2s11x28681_ses-1/mri/rh.surface.defects.mgz /out/sourcedata/freesurfer/sub-v2s11x28681_ses-1/label/rh.nofix.cortex.label
mri_label2vol supposed to be reproducible but seed not set
Contraining to label /out/sourcedata/freesurfer/sub-v2s11x28681_ses-1/label/rh.nofix.cortex.label
Changing input type 0 to MRI_INT
Converting defects to volume: offset=2000, merge=0
Writing to /out/sourcedata/freesurfer/sub-v2s11x28681_ses-1/mri/rh.surface.defects.mgz
mris_defects_pointset -s /out/sourcedata/freesurfer/sub-v2s11x28681_ses-1/surf/rh.orig.nofix -d /out/sourcedata/freesurfer/sub-v2s11x28681_ses-1/surf/rh.defect_labels -o /out/sourcedata/freesurfer/sub-v2s11x28681_ses-1/surf/rh.defects.pointset --label /out/sourcedata/freesurfer/sub-v2s11x28681_ses-1/label/rh.nofix.cortex.label
Reading in surface /out/sourcedata/freesurfer/sub-v2s11x28681_ses-1/surf/rh.orig.nofix
Reading in defect segmentation /out/sourcedata/freesurfer/sub-v2s11x28681_ses-1/surf/rh.defect_labels
Reading in label /out/sourcedata/freesurfer/sub-v2s11x28681_ses-1/label/rh.nofix.cortex.label
#VMPC# mris_defects_pointset 1957944
mris_defects_pointset done
 
Started at Tue Mar 10 18:35:41 CET 2026 
Ended   at Tue Mar 10 18:36:15 CET 2026
Defect2seg-Run-Time-Sec 34
Defect2seg-Run-Time-Min 0.68
Defect2seg-Run-Time-Hours 0.01
 
defect2seg Done
