status file for recon-all
Tue Mar 10 18:18:58 CET 2026
#@# Tessellate rh Tue Mar 10 18:18:58 CET 2026
#@# Smooth1 rh Tue Mar 10 18:19:07 CET 2026
#@# Inflation1 rh Tue Mar 10 18:19:12 CET 2026
#@# QSphere rh Tue Mar 10 18:21:23 CET 2026
#@# Fix Topology rh Tue Mar 10 18:23:08 CET 2026
#@# Smooth2 rh Tue Mar 10 18:46:24 CET 2026
#@# Inflation2 rh Tue Mar 10 18:46:29 CET 2026
#@# Curv .H and .K rh Tue Mar 10 18:47:36 CET 2026
#@# Sphere rh Tue Mar 10 18:48:58 CET 2026
#@# Surf Reg rh Tue Mar 10 18:57:43 CET 2026
#@# Jacobian white rh Tue Mar 10 19:07:19 CET 2026
#@# AvgCurv rh Tue Mar 10 19:07:21 CET 2026
#@# Cortical Parc rh Tue Mar 10 19:07:22 CET 2026
#@# white curv rh Tue Mar 10 19:18:07 CET 2026
#@# white area rh Tue Mar 10 19:18:10 CET 2026
#@# pial curv rh Tue Mar 10 19:18:11 CET 2026
#@# pial area rh Tue Mar 10 19:18:14 CET 2026
#@# thickness rh Tue Mar 10 19:18:16 CET 2026
#@# area and vertex vol rh Tue Mar 10 19:19:12 CET 2026
#@# Curvature Stats rh Tue Mar 10 19:19:15 CET 2026
#@# Cortical Parc 2 rh Tue Mar 10 19:19:20 CET 2026
#@# Cortical Parc 3 rh Tue Mar 10 19:19:43 CET 2026
#@# WM/GM Contrast rh Tue Mar 10 19:20:01 CET 2026
recon-all -s sub-v2s11x28681_ses-1 finished without error at Tue Mar 10 19:20:06 CET 2026



#New# invocation of recon-all 



status file for recon-all
Tue Mar 10 19:46:31 CET 2026
#@# white curv rh Tue Mar 10 19:46:31 CET 2026
#@# white area rh Tue Mar 10 19:46:31 CET 2026
#@# pial curv rh Tue Mar 10 19:46:31 CET 2026
#@# pial area rh Tue Mar 10 19:46:31 CET 2026
#@# thickness rh Tue Mar 10 19:46:31 CET 2026
#@# area and vertex vol rh Tue Mar 10 19:46:31 CET 2026
#@# Parcellation Stats rh Tue Mar 10 19:46:31 CET 2026
#@# Parcellation Stats 2 rh Tue Mar 10 19:47:16 CET 2026
#@# Parcellation Stats 3 rh Tue Mar 10 19:47:40 CET 2026
#@# BA_exvivo Labels rh Tue Mar 10 19:48:02 CET 2026
recon-all -s sub-v2s11x28681_ses-1 finished without error at Tue Mar 10 19:52:22 CET 2026
