status file for recon-all
Tue Mar 10 14:00:40 CET 2026
#@# MotionCor Tue Mar 10 14:00:44 CET 2026
#@# Talairach Tue Mar 10 14:00:54 CET 2026
#@# Talairach Failure Detection Tue Mar 10 14:08:00 CET 2026
#@# Nu Intensity Correction Tue Mar 10 14:08:00 CET 2026
#@# Intensity Normalization Tue Mar 10 14:14:17 CET 2026
recon-all -s sub-v2s11x28681_ses-1 finished without error at Tue Mar 10 14:19:41 CET 2026



#New# invocation of recon-all 



status file for recon-all
Tue Mar 10 14:27:43 CET 2026
#@# EM Registration Tue Mar 10 14:27:43 CET 2026
recon-all -s sub-v2s11x28681_ses-1 finished without error at Tue Mar 10 14:29:55 CET 2026



#New# invocation of recon-all 



status file for recon-all
Tue Mar 10 14:29:57 CET 2026
#@# CA Normalize Tue Mar 10 14:29:57 CET 2026
#@# CA Reg Tue Mar 10 14:31:47 CET 2026
#@# SubCort Seg Tue Mar 10 15:38:02 CET 2026
#@# CC Seg Tue Mar 10 16:53:18 CET 2026
#@# Merge ASeg Tue Mar 10 16:55:35 CET 2026
#@# Intensity Normalization2 Tue Mar 10 16:55:35 CET 2026
#@# Mask BFS Tue Mar 10 17:00:29 CET 2026
#@# WM Segmentation Tue Mar 10 17:00:30 CET 2026
#@# Fill Tue Mar 10 17:05:05 CET 2026
recon-all -s sub-v2s11x28681_ses-1 finished without error at Tue Mar 10 17:06:56 CET 2026



#New# invocation of recon-all 



status file for recon-all
Tue Mar 10 19:20:12 CET 2026
#@# white curv lh Tue Mar 10 19:20:12 CET 2026
#@# white area lh Tue Mar 10 19:20:12 CET 2026
#@# pial curv lh Tue Mar 10 19:20:12 CET 2026
#@# pial area lh Tue Mar 10 19:20:12 CET 2026
#@# thickness lh Tue Mar 10 19:20:12 CET 2026
#@# area and vertex vol lh Tue Mar 10 19:20:12 CET 2026
#@# white curv rh Tue Mar 10 19:20:12 CET 2026
#@# white area rh Tue Mar 10 19:20:12 CET 2026
#@# pial curv rh Tue Mar 10 19:20:12 CET 2026
#@# pial area rh Tue Mar 10 19:20:12 CET 2026
#@# thickness rh Tue Mar 10 19:20:12 CET 2026
#@# area and vertex vol rh Tue Mar 10 19:20:12 CET 2026
#@# Cortical ribbon mask Tue Mar 10 19:20:12 CET 2026
recon-all -s sub-v2s11x28681_ses-1 finished without error at Tue Mar 10 19:40:25 CET 2026



#New# invocation of recon-all 



status file for recon-all
Tue Mar 10 19:52:27 CET 2026
#@# white curv lh Tue Mar 10 19:52:27 CET 2026
#@# white area lh Tue Mar 10 19:52:27 CET 2026
#@# pial curv lh Tue Mar 10 19:52:27 CET 2026
#@# pial area lh Tue Mar 10 19:52:27 CET 2026
#@# thickness lh Tue Mar 10 19:52:27 CET 2026
#@# area and vertex vol lh Tue Mar 10 19:52:27 CET 2026
#@# white curv rh Tue Mar 10 19:52:27 CET 2026
#@# white area rh Tue Mar 10 19:52:27 CET 2026
#@# pial curv rh Tue Mar 10 19:52:27 CET 2026
#@# pial area rh Tue Mar 10 19:52:27 CET 2026
#@# thickness rh Tue Mar 10 19:52:27 CET 2026
#@# area and vertex vol rh Tue Mar 10 19:52:27 CET 2026
#@# Curvature Stats lh Tue Mar 10 19:52:27 CET 2026
#@# Curvature Stats rh Tue Mar 10 19:52:31 CET 2026
#@# Relabel Hypointensities Tue Mar 10 19:52:37 CET 2026
#@# APas-to-ASeg Tue Mar 10 19:53:04 CET 2026
#@# AParc-to-ASeg aparc Tue Mar 10 19:53:25 CET 2026
#@# AParc-to-ASeg aparc.a2009s Tue Mar 10 19:55:27 CET 2026
#@# AParc-to-ASeg aparc.DKTatlas Tue Mar 10 19:57:26 CET 2026
#@# WMParc Tue Mar 10 19:59:25 CET 2026
#@# ASeg Stats Tue Mar 10 20:06:01 CET 2026
recon-all -s sub-v2s11x28681_ses-1 finished without error at Tue Mar 10 20:07:05 CET 2026
