status file for recon-all
Wed Mar 11 00:03:36 CET 2026
#@# Tessellate rh Wed Mar 11 00:03:36 CET 2026
#@# Smooth1 rh Wed Mar 11 00:03:42 CET 2026
#@# Inflation1 rh Wed Mar 11 00:03:46 CET 2026
#@# QSphere rh Wed Mar 11 00:05:37 CET 2026
#@# Fix Topology rh Wed Mar 11 00:07:22 CET 2026
#@# Smooth2 rh Wed Mar 11 00:18:20 CET 2026
#@# Inflation2 rh Wed Mar 11 00:18:24 CET 2026
#@# Curv .H and .K rh Wed Mar 11 00:19:05 CET 2026
#@# Sphere rh Wed Mar 11 00:20:12 CET 2026
#@# Surf Reg rh Wed Mar 11 00:23:32 CET 2026
#@# Jacobian white rh Wed Mar 11 00:30:33 CET 2026
#@# AvgCurv rh Wed Mar 11 00:30:35 CET 2026
#@# Cortical Parc rh Wed Mar 11 00:30:36 CET 2026
#@# white curv rh Wed Mar 11 00:38:48 CET 2026
#@# white area rh Wed Mar 11 00:38:51 CET 2026
#@# pial curv rh Wed Mar 11 00:38:52 CET 2026
#@# pial area rh Wed Mar 11 00:38:54 CET 2026
#@# thickness rh Wed Mar 11 00:38:55 CET 2026
#@# area and vertex vol rh Wed Mar 11 00:39:37 CET 2026
#@# Curvature Stats rh Wed Mar 11 00:39:39 CET 2026
#@# Cortical Parc 2 rh Wed Mar 11 00:39:43 CET 2026
#@# Cortical Parc 3 rh Wed Mar 11 00:40:01 CET 2026
#@# WM/GM Contrast rh Wed Mar 11 00:40:15 CET 2026
recon-all -s sub-v2s11x28710_ses-1 finished without error at Wed Mar 11 00:40:19 CET 2026



#New# invocation of recon-all 



status file for recon-all
Wed Mar 11 00:58:36 CET 2026
#@# white curv rh Wed Mar 11 00:58:36 CET 2026
#@# white area rh Wed Mar 11 00:58:36 CET 2026
#@# pial curv rh Wed Mar 11 00:58:36 CET 2026
#@# pial area rh Wed Mar 11 00:58:36 CET 2026
#@# thickness rh Wed Mar 11 00:58:36 CET 2026
#@# area and vertex vol rh Wed Mar 11 00:58:36 CET 2026
#@# Parcellation Stats rh Wed Mar 11 00:58:36 CET 2026
#@# Parcellation Stats 2 rh Wed Mar 11 00:59:15 CET 2026
#@# Parcellation Stats 3 rh Wed Mar 11 00:59:31 CET 2026
#@# BA_exvivo Labels rh Wed Mar 11 00:59:55 CET 2026
recon-all -s sub-v2s11x28710_ses-1 finished without error at Wed Mar 11 01:03:26 CET 2026
