status file for recon-all
Tue Mar 10 23:46:06 CET 2026
#@# Tessellate lh Tue Mar 10 23:46:06 CET 2026
#@# Smooth1 lh Tue Mar 10 23:46:13 CET 2026
#@# Inflation1 lh Tue Mar 10 23:46:18 CET 2026
#@# QSphere lh Tue Mar 10 23:48:35 CET 2026
#@# Fix Topology lh Tue Mar 10 23:50:27 CET 2026
#@# Smooth2 lh Wed Mar 11 00:03:08 CET 2026
#@# Inflation2 lh Wed Mar 11 00:03:14 CET 2026
#@# Curv .H and .K lh Wed Mar 11 00:04:00 CET 2026
#@# Sphere lh Wed Mar 11 00:05:25 CET 2026
#@# Surf Reg lh Wed Mar 11 00:12:03 CET 2026
#@# Jacobian white lh Wed Mar 11 00:20:41 CET 2026
#@# AvgCurv lh Wed Mar 11 00:20:43 CET 2026
#@# Cortical Parc lh Wed Mar 11 00:20:44 CET 2026
#@# white curv lh Wed Mar 11 00:31:01 CET 2026
#@# white area lh Wed Mar 11 00:31:04 CET 2026
#@# pial curv lh Wed Mar 11 00:31:05 CET 2026
#@# pial area lh Wed Mar 11 00:31:09 CET 2026
#@# thickness lh Wed Mar 11 00:31:10 CET 2026
#@# area and vertex vol lh Wed Mar 11 00:32:06 CET 2026
#@# Curvature Stats lh Wed Mar 11 00:32:09 CET 2026
#@# Cortical Parc 2 lh Wed Mar 11 00:32:13 CET 2026
#@# Cortical Parc 3 lh Wed Mar 11 00:32:37 CET 2026
#@# WM/GM Contrast lh Wed Mar 11 00:32:56 CET 2026
recon-all -s sub-v2s11x28709_ses-1 finished without error at Wed Mar 11 00:33:01 CET 2026



#New# invocation of recon-all 



status file for recon-all
Wed Mar 11 01:48:46 CET 2026
#@# white curv lh Wed Mar 11 01:48:46 CET 2026
#@# white area lh Wed Mar 11 01:48:46 CET 2026
#@# pial curv lh Wed Mar 11 01:48:46 CET 2026
#@# pial area lh Wed Mar 11 01:48:46 CET 2026
#@# thickness lh Wed Mar 11 01:48:46 CET 2026
#@# area and vertex vol lh Wed Mar 11 01:48:46 CET 2026
#@# Parcellation Stats lh Wed Mar 11 01:48:46 CET 2026
#@# Parcellation Stats 2 lh Wed Mar 11 01:49:37 CET 2026
#@# Parcellation Stats 3 lh Wed Mar 11 01:50:03 CET 2026
#@# BA_exvivo Labels lh Wed Mar 11 01:50:28 CET 2026
recon-all -s sub-v2s11x28709_ses-1 finished without error at Wed Mar 11 01:54:57 CET 2026
