status file for recon-all
Tue Mar 10 20:49:46 CET 2026
#@# MotionCor Tue Mar 10 20:49:50 CET 2026
#@# Talairach Tue Mar 10 20:50:00 CET 2026
#@# Talairach Failure Detection Tue Mar 10 20:57:08 CET 2026
#@# Nu Intensity Correction Tue Mar 10 20:57:08 CET 2026
#@# Intensity Normalization Tue Mar 10 21:03:32 CET 2026
recon-all -s sub-v2s11x28709_ses-1 finished without error at Tue Mar 10 21:07:41 CET 2026



#New# invocation of recon-all 



status file for recon-all
Tue Mar 10 21:15:23 CET 2026
#@# EM Registration Tue Mar 10 21:15:23 CET 2026
recon-all -s sub-v2s11x28709_ses-1 finished without error at Tue Mar 10 21:18:09 CET 2026



#New# invocation of recon-all 



status file for recon-all
Tue Mar 10 21:18:11 CET 2026
#@# CA Normalize Tue Mar 10 21:18:11 CET 2026
#@# CA Reg Tue Mar 10 21:20:02 CET 2026
#@# SubCort Seg Tue Mar 10 22:11:54 CET 2026
#@# CC Seg Tue Mar 10 23:33:39 CET 2026
#@# Merge ASeg Tue Mar 10 23:34:40 CET 2026
#@# Intensity Normalization2 Tue Mar 10 23:34:40 CET 2026
#@# Mask BFS Tue Mar 10 23:39:39 CET 2026
#@# WM Segmentation Tue Mar 10 23:39:40 CET 2026
#@# Fill Tue Mar 10 23:44:14 CET 2026
recon-all -s sub-v2s11x28709_ses-1 finished without error at Tue Mar 10 23:46:01 CET 2026



#New# invocation of recon-all 



status file for recon-all
Wed Mar 11 01:25:32 CET 2026
#@# white curv lh Wed Mar 11 01:25:32 CET 2026
#@# white area lh Wed Mar 11 01:25:32 CET 2026
#@# pial curv lh Wed Mar 11 01:25:32 CET 2026
#@# pial area lh Wed Mar 11 01:25:32 CET 2026
#@# thickness lh Wed Mar 11 01:25:32 CET 2026
#@# area and vertex vol lh Wed Mar 11 01:25:32 CET 2026
#@# white curv rh Wed Mar 11 01:25:32 CET 2026
#@# white area rh Wed Mar 11 01:25:32 CET 2026
#@# pial curv rh Wed Mar 11 01:25:32 CET 2026
#@# pial area rh Wed Mar 11 01:25:32 CET 2026
#@# thickness rh Wed Mar 11 01:25:32 CET 2026
#@# area and vertex vol rh Wed Mar 11 01:25:32 CET 2026
#@# Cortical ribbon mask Wed Mar 11 01:25:32 CET 2026
recon-all -s sub-v2s11x28709_ses-1 finished without error at Wed Mar 11 01:48:39 CET 2026



#New# invocation of recon-all 



status file for recon-all
Wed Mar 11 02:01:12 CET 2026
#@# white curv lh Wed Mar 11 02:01:12 CET 2026
#@# white area lh Wed Mar 11 02:01:12 CET 2026
#@# pial curv lh Wed Mar 11 02:01:12 CET 2026
#@# pial area lh Wed Mar 11 02:01:12 CET 2026
#@# thickness lh Wed Mar 11 02:01:12 CET 2026
#@# area and vertex vol lh Wed Mar 11 02:01:12 CET 2026
#@# white curv rh Wed Mar 11 02:01:12 CET 2026
#@# white area rh Wed Mar 11 02:01:12 CET 2026
#@# pial curv rh Wed Mar 11 02:01:12 CET 2026
#@# pial area rh Wed Mar 11 02:01:12 CET 2026
#@# thickness rh Wed Mar 11 02:01:12 CET 2026
#@# area and vertex vol rh Wed Mar 11 02:01:12 CET 2026
#@# Curvature Stats lh Wed Mar 11 02:01:12 CET 2026
#@# Curvature Stats rh Wed Mar 11 02:01:17 CET 2026
#@# Relabel Hypointensities Wed Mar 11 02:01:22 CET 2026
#@# APas-to-ASeg Wed Mar 11 02:01:54 CET 2026
#@# AParc-to-ASeg aparc Wed Mar 11 02:02:11 CET 2026
#@# AParc-to-ASeg aparc.a2009s Wed Mar 11 02:04:06 CET 2026
#@# AParc-to-ASeg aparc.DKTatlas Wed Mar 11 02:06:02 CET 2026
#@# WMParc Wed Mar 11 02:08:00 CET 2026
#@# ASeg Stats Wed Mar 11 02:14:06 CET 2026
recon-all -s sub-v2s11x28709_ses-1 finished without error at Wed Mar 11 02:15:06 CET 2026
