status file for recon-all
Wed Mar 11 00:41:09 CET 2026
#@# Tessellate lh Wed Mar 11 00:41:09 CET 2026
#@# Smooth1 lh Wed Mar 11 00:41:16 CET 2026
#@# Inflation1 lh Wed Mar 11 00:41:21 CET 2026
#@# QSphere lh Wed Mar 11 00:43:22 CET 2026
#@# Fix Topology lh Wed Mar 11 00:45:01 CET 2026
#@# Smooth2 lh Wed Mar 11 01:02:57 CET 2026
#@# Inflation2 lh Wed Mar 11 01:03:02 CET 2026
#@# Curv .H and .K lh Wed Mar 11 01:03:49 CET 2026
#@# Sphere lh Wed Mar 11 01:05:02 CET 2026
#@# Surf Reg lh Wed Mar 11 01:13:06 CET 2026
#@# Jacobian white lh Wed Mar 11 01:22:33 CET 2026
#@# AvgCurv lh Wed Mar 11 01:22:34 CET 2026
#@# Cortical Parc lh Wed Mar 11 01:22:36 CET 2026
#@# white curv lh Wed Mar 11 01:32:18 CET 2026
#@# white area lh Wed Mar 11 01:32:21 CET 2026
#@# pial curv lh Wed Mar 11 01:32:22 CET 2026
#@# pial area lh Wed Mar 11 01:32:25 CET 2026
#@# thickness lh Wed Mar 11 01:32:26 CET 2026
#@# area and vertex vol lh Wed Mar 11 01:33:15 CET 2026
#@# Curvature Stats lh Wed Mar 11 01:33:17 CET 2026
#@# Cortical Parc 2 lh Wed Mar 11 01:33:21 CET 2026
#@# Cortical Parc 3 lh Wed Mar 11 01:33:41 CET 2026
#@# WM/GM Contrast lh Wed Mar 11 01:33:57 CET 2026
recon-all -s sub-v2s11x28732_ses-1 finished without error at Wed Mar 11 01:34:02 CET 2026



#New# invocation of recon-all 



status file for recon-all
Wed Mar 11 02:35:20 CET 2026
#@# white curv lh Wed Mar 11 02:35:20 CET 2026
#@# white area lh Wed Mar 11 02:35:20 CET 2026
#@# pial curv lh Wed Mar 11 02:35:20 CET 2026
#@# pial area lh Wed Mar 11 02:35:20 CET 2026
#@# thickness lh Wed Mar 11 02:35:20 CET 2026
#@# area and vertex vol lh Wed Mar 11 02:35:20 CET 2026
#@# Parcellation Stats lh Wed Mar 11 02:35:20 CET 2026
#@# Parcellation Stats 2 lh Wed Mar 11 02:36:00 CET 2026
#@# Parcellation Stats 3 lh Wed Mar 11 02:36:20 CET 2026
#@# BA_exvivo Labels lh Wed Mar 11 02:36:40 CET 2026
recon-all -s sub-v2s11x28732_ses-1 finished without error at Wed Mar 11 02:40:37 CET 2026
