status file for recon-all
Wed Mar 11 01:34:04 CET 2026
#@# Tessellate rh Wed Mar 11 01:34:04 CET 2026
#@# Smooth1 rh Wed Mar 11 01:34:11 CET 2026
#@# Inflation1 rh Wed Mar 11 01:34:15 CET 2026
#@# QSphere rh Wed Mar 11 01:36:15 CET 2026
#@# Fix Topology rh Wed Mar 11 01:38:05 CET 2026
#@# Smooth2 rh Wed Mar 11 01:52:56 CET 2026
#@# Inflation2 rh Wed Mar 11 01:53:01 CET 2026
#@# Curv .H and .K rh Wed Mar 11 01:53:48 CET 2026
#@# Sphere rh Wed Mar 11 01:55:03 CET 2026
#@# Surf Reg rh Wed Mar 11 01:58:56 CET 2026
#@# Jacobian white rh Wed Mar 11 02:06:43 CET 2026
#@# AvgCurv rh Wed Mar 11 02:06:45 CET 2026
#@# Cortical Parc rh Wed Mar 11 02:06:46 CET 2026
#@# white curv rh Wed Mar 11 02:15:49 CET 2026
#@# white area rh Wed Mar 11 02:15:52 CET 2026
#@# pial curv rh Wed Mar 11 02:15:53 CET 2026
#@# pial area rh Wed Mar 11 02:15:56 CET 2026
#@# thickness rh Wed Mar 11 02:15:57 CET 2026
#@# area and vertex vol rh Wed Mar 11 02:16:44 CET 2026
#@# Curvature Stats rh Wed Mar 11 02:16:47 CET 2026
#@# Cortical Parc 2 rh Wed Mar 11 02:16:50 CET 2026
#@# Cortical Parc 3 rh Wed Mar 11 02:17:11 CET 2026
#@# WM/GM Contrast rh Wed Mar 11 02:17:27 CET 2026
recon-all -s sub-v2s11x28732_ses-1 finished without error at Wed Mar 11 02:17:32 CET 2026



#New# invocation of recon-all 



status file for recon-all
Wed Mar 11 02:40:40 CET 2026
#@# white curv rh Wed Mar 11 02:40:40 CET 2026
#@# white area rh Wed Mar 11 02:40:40 CET 2026
#@# pial curv rh Wed Mar 11 02:40:40 CET 2026
#@# pial area rh Wed Mar 11 02:40:40 CET 2026
#@# thickness rh Wed Mar 11 02:40:40 CET 2026
#@# area and vertex vol rh Wed Mar 11 02:40:40 CET 2026
#@# Parcellation Stats rh Wed Mar 11 02:40:40 CET 2026
#@# Parcellation Stats 2 rh Wed Mar 11 02:41:20 CET 2026
#@# Parcellation Stats 3 rh Wed Mar 11 02:41:40 CET 2026
#@# BA_exvivo Labels rh Wed Mar 11 02:42:00 CET 2026
recon-all -s sub-v2s11x28732_ses-1 finished without error at Wed Mar 11 02:45:54 CET 2026
