status file for recon-all
Tue Mar 10 22:06:04 CET 2026
#@# MotionCor Tue Mar 10 22:06:08 CET 2026
#@# Talairach Tue Mar 10 22:06:18 CET 2026
#@# Talairach Failure Detection Tue Mar 10 22:13:31 CET 2026
#@# Nu Intensity Correction Tue Mar 10 22:13:31 CET 2026
#@# Intensity Normalization Tue Mar 10 22:19:51 CET 2026
recon-all -s sub-v2s11x28732_ses-1 finished without error at Tue Mar 10 22:24:02 CET 2026



#New# invocation of recon-all 



status file for recon-all
Tue Mar 10 22:31:51 CET 2026
#@# EM Registration Tue Mar 10 22:31:51 CET 2026
recon-all -s sub-v2s11x28732_ses-1 finished without error at Tue Mar 10 22:34:00 CET 2026



#New# invocation of recon-all 



status file for recon-all
Tue Mar 10 22:34:05 CET 2026
#@# CA Normalize Tue Mar 10 22:34:05 CET 2026
#@# CA Reg Tue Mar 10 22:35:53 CET 2026
#@# SubCort Seg Tue Mar 10 23:21:33 CET 2026
#@# CC Seg Wed Mar 11 00:28:57 CET 2026
#@# Merge ASeg Wed Mar 11 00:30:07 CET 2026
#@# Intensity Normalization2 Wed Mar 11 00:30:07 CET 2026
#@# Mask BFS Wed Mar 11 00:34:56 CET 2026
#@# WM Segmentation Wed Mar 11 00:34:57 CET 2026
#@# Fill Wed Mar 11 00:39:19 CET 2026
recon-all -s sub-v2s11x28732_ses-1 finished without error at Wed Mar 11 00:41:04 CET 2026



#New# invocation of recon-all 



status file for recon-all
Wed Mar 11 02:17:36 CET 2026
#@# white curv lh Wed Mar 11 02:17:36 CET 2026
#@# white area lh Wed Mar 11 02:17:36 CET 2026
#@# pial curv lh Wed Mar 11 02:17:36 CET 2026
#@# pial area lh Wed Mar 11 02:17:36 CET 2026
#@# thickness lh Wed Mar 11 02:17:36 CET 2026
#@# area and vertex vol lh Wed Mar 11 02:17:36 CET 2026
#@# white curv rh Wed Mar 11 02:17:36 CET 2026
#@# white area rh Wed Mar 11 02:17:36 CET 2026
#@# pial curv rh Wed Mar 11 02:17:36 CET 2026
#@# pial area rh Wed Mar 11 02:17:36 CET 2026
#@# thickness rh Wed Mar 11 02:17:36 CET 2026
#@# area and vertex vol rh Wed Mar 11 02:17:36 CET 2026
#@# Cortical ribbon mask Wed Mar 11 02:17:36 CET 2026
recon-all -s sub-v2s11x28732_ses-1 finished without error at Wed Mar 11 02:35:14 CET 2026



#New# invocation of recon-all 



status file for recon-all
Wed Mar 11 02:45:58 CET 2026
#@# white curv lh Wed Mar 11 02:45:58 CET 2026
#@# white area lh Wed Mar 11 02:45:58 CET 2026
#@# pial curv lh Wed Mar 11 02:45:58 CET 2026
#@# pial area lh Wed Mar 11 02:45:58 CET 2026
#@# thickness lh Wed Mar 11 02:45:58 CET 2026
#@# area and vertex vol lh Wed Mar 11 02:45:58 CET 2026
#@# white curv rh Wed Mar 11 02:45:58 CET 2026
#@# white area rh Wed Mar 11 02:45:58 CET 2026
#@# pial curv rh Wed Mar 11 02:45:58 CET 2026
#@# pial area rh Wed Mar 11 02:45:58 CET 2026
#@# thickness rh Wed Mar 11 02:45:58 CET 2026
#@# area and vertex vol rh Wed Mar 11 02:45:58 CET 2026
#@# Curvature Stats lh Wed Mar 11 02:45:58 CET 2026
#@# Curvature Stats rh Wed Mar 11 02:46:02 CET 2026
#@# Relabel Hypointensities Wed Mar 11 02:46:06 CET 2026
#@# APas-to-ASeg Wed Mar 11 02:46:35 CET 2026
#@# AParc-to-ASeg aparc Wed Mar 11 02:46:49 CET 2026
#@# AParc-to-ASeg aparc.a2009s Wed Mar 11 02:48:15 CET 2026
#@# AParc-to-ASeg aparc.DKTatlas Wed Mar 11 02:49:44 CET 2026
#@# WMParc Wed Mar 11 02:51:10 CET 2026
#@# ASeg Stats Wed Mar 11 02:56:58 CET 2026
recon-all -s sub-v2s11x28732_ses-1 finished without error at Wed Mar 11 02:57:57 CET 2026
