/out/sourcedata/freesurfer/sub-v2s11x28683_ses-1/mri
/opt/freesurfer/bin/talairach_avi
--i orig_nu.mgz --xfm transforms/talairach.auto.xfm
talairach_avi 7.3.2
Linux dna030 5.14.0-427.37.1.el9_4.x86_64 #1 SMP PREEMPT_DYNAMIC Fri Sep 13 12:41:50 EDT 2024 x86_64 x86_64 x86_64 GNU/Linux
Tue Mar 10 14:10:31 CET 2026
mri_convert orig_nu.mgz talsrcimg.img 
reading from orig_nu.mgz...
TR=0.00, TE=0.00, TI=0.00, flip angle=0.00
i_ras = (-1, 0, 0)
j_ras = (0, 0, -1)
k_ras = (0, 1, 0)
writing to talsrcimg.img...
Analyze Output Matrix
-0.80000   0.00000   0.00000   134.53818;
 0.00000   0.00000   0.80000  -149.98442;
 0.00000  -0.80000   0.00000   139.21544;
 0.00000   0.00000   0.00000   1.00000;
--------------------
INFO: set hdr.hist.orient to -1
mpr2mni305 talsrcimg
Tue Mar 10 14:10:31 CET 2026
/opt/freesurfer/bin/mpr2mni305 talsrcimg
mpr2mni305 7.3.2
target=711-2C_as_mni_average_305

---------------------------------------------------------------------
analyzeto4dfp talsrcimg -O0 -y
---------------------------------------------------------------------

freesurfer ifh2hdr.c
Tue Mar 10 14:10:31 2026
Writing: talsrcimg.4dfp.hdr
freesurfer analyzeto4dfp.c
Reading: talsrcimg.hdr
header size 348 bytes
hdr.dime.datatype	offset=70	value=2
hdr.dime.bitpix		offset=72	value=8
hdr.hist.orient		offset=252	value=-1
dimensionality     4
dimensions       320       320       320         1
Reading: talsrcimg.img
Writing: talsrcimg.4dfp.img
Writing: talsrcimg.4dfp.ifh
ifh2hdr talsrcimg -r0to191
ori=2

---------------------------------------------------------------------
gauss_4dfp talsrcimg 1.1
---------------------------------------------------------------------

freesurfer gauss_4dfp.c
Reading: talsrcimg.4dfp.img
Writing: talsrcimg_g11.4dfp.img
image dimensions 320 320 320 padded to 384 384 384
processing volume 1freesurfer ifh2hdr.c
Tue Mar 10 14:10:48 2026
Writing: talsrcimg_g11.4dfp.hdr

Writing: talsrcimg_g11.4dfp.ifh
including: talsrcimg.4dfp.img.rec in talsrcimg_g11.4dfp.img.rec

---------------------------------------------------------------------
imgreg_4dfp /opt/freesurfer/average/711-2C_as_mni_average_305 none talsrcimg_g11 none talsrcimg_to_711-2C_as_mni_average_305_t4 4355
---------------------------------------------------------------------

freesurfer imgreg_4dfp.c
/opt/freesurfer/average/711-2C_as_mni_average_305.4dfp.img
       256       256       256         1
  1.000000  1.000000  1.000000
orientation T byte_order littleendian
Reading image: /opt/freesurfer/average/711-2C_as_mni_average_305.4dfp.img
dimensions:      256       256       256
mmppix:       1.0000   -1.0000   -1.0000
center:     128.0000 -129.0000 -129.0000
talsrcimg_g11.4dfp.img
       320       320       320         1
  0.800000  0.800000  0.800000
orientation T byte_order littleendian
Reading image: talsrcimg_g11.4dfp.img
dimensions:      320       320       320
mmppix:       0.8000   -0.8000   -0.8000
center:     128.0000 -128.8000 -128.8000
t4_read: open error in t4_sub.f l:  41 t4_file(1:l)talsrcimg_to_711-2C_as_mni_average_305_t4 
t4_read: transform initialized to I4
rotation matrix determinant  1.000000
image alignment mode   4355 decimal     1103 hex
   -7.5000  -45.0000  -45.0000 8475.0215   23.5401
    0.0000  -45.0000  -45.0000 8851.2490   23.6840
    7.5000  -45.0000  -45.0000 8481.5098   23.6437
   -7.5000  -37.5000  -45.0000 8995.1445   23.6147
    0.0000  -37.5000  -45.0000 9417.5020   23.7564
    7.5000  -37.5000  -45.0000 9004.9521   23.7033
   -7.5000  -30.0000  -45.0000 9844.3320   23.7655
    0.0000  -30.0000  -45.000010299.9688   23.8963
    7.5000  -30.0000  -45.0000 9818.1572   23.8356
   -7.5000  -22.5000  -45.000010689.0146   23.8407
    0.0000  -22.5000  -45.000011173.0537   23.9624
    7.5000  -22.5000  -45.000010627.4199   23.9069
   -7.5000  -15.0000  -45.000011479.0244   23.7768
    0.0000  -15.0000  -45.000012027.6895   23.9011
    7.5000  -15.0000  -45.000011411.4707   23.8576
   -7.5000   -7.5000  -45.000012289.5840   23.6234
    0.0000   -7.5000  -45.000012879.1299   23.7588
    7.5000   -7.5000  -45.000012228.8994   23.7229
   -7.5000    0.0000  -45.000012886.0771   23.5401
    0.0000    0.0000  -45.000013509.0840   23.6840
    7.5000    0.0000  -45.000012798.4121   23.6437
   -7.5000    7.5000  -45.000012386.1455   23.6147
    0.0000    7.5000  -45.000013007.7510   23.7564
    7.5000    7.5000  -45.000012270.3135   23.7033
   -7.5000   15.0000  -45.000011752.7461   23.7655
    0.0000   15.0000  -45.000012329.3232   23.8963
    7.5000   15.0000  -45.000011608.9824   23.8356
   -7.5000   22.5000  -45.000011019.9326   23.8374
    0.0000   22.5000  -45.000011573.4268   23.9591
    7.5000   22.5000  -45.000010859.9980   23.9036
   -7.5000   30.0000  -45.000010209.7812   23.4599
    0.0000   30.0000  -45.000010741.2891   23.5825
    7.5000   30.0000  -45.000010067.2207   23.5397
   -7.5000   37.5000  -45.0000 9753.9932   23.3086
    0.0000   37.5000  -45.000010280.1953   23.4422
    7.5000   37.5000  -45.0000 9638.6260   23.4068
   -7.5000   45.0000  -45.0000 8973.8135   22.6367
    0.0000   45.0000  -45.0000 9457.5596   22.7750
    7.5000   45.0000  -45.0000 8887.0156   22.7362
   -7.5000  -45.0000  -37.5000 8724.4258   23.1277
    0.0000  -45.0000  -37.5000 9105.2617   23.2809
    7.5000  -45.0000  -37.5000 8709.7422   23.2524
   -7.5000  -37.5000  -37.5000 9256.4980   23.1952
    0.0000  -37.5000  -37.5000 9689.1240   23.3465
    7.5000  -37.5000  -37.5000 9220.5352   23.3087
   -7.5000  -30.0000  -37.500010113.6992   23.3284
    0.0000  -30.0000  -37.500010572.8242   23.4661
    7.5000  -30.0000  -37.500010027.5039   23.4297
   -7.5000  -22.5000  -37.500010954.8936   23.3923
    0.0000  -22.5000  -37.500011431.3320   23.5183
    7.5000  -22.5000  -37.500010851.5557   23.4928
   -7.5000  -15.0000  -37.500011758.3828   23.3353
    0.0000  -15.0000  -37.500012309.5801   23.4634
    7.5000  -15.0000  -37.500011658.9590   23.4469
   -7.5000   -7.5000  -37.500012607.2314   23.2001
    0.0000   -7.5000  -37.500013192.9717   23.3419
    7.5000   -7.5000  -37.500012506.8848   23.3238
   -7.5000    0.0000  -37.500013233.2666   23.1277
    0.0000    0.0000  -37.500013844.8232   23.2809
    7.5000    0.0000  -37.500013089.1016   23.2524
   -7.5000    7.5000  -37.500012725.8457   23.1952
    0.0000    7.5000  -37.500013335.7480   23.3465
    7.5000    7.5000  -37.500012559.1621   23.3087
   -7.5000   15.0000  -37.500012025.6094   23.3284
    0.0000   15.0000  -37.500012616.0674   23.4661
    7.5000   15.0000  -37.500011851.7578   23.4297
   -7.5000   22.5000  -37.500011196.1416   23.3891
    0.0000   22.5000  -37.500011785.9775   23.5150
    7.5000   22.5000  -37.500011039.3086   23.4895
   -7.5000   30.0000  -37.500010341.5088   23.0243
    0.0000   30.0000  -37.500010931.9600   23.1507
    7.5000   30.0000  -37.500010227.1348   23.1344
   -7.5000   37.5000  -37.5000 9898.4531   22.8909
    0.0000   37.5000  -37.500010492.4941   23.0308
    7.5000   37.5000  -37.5000 9810.4717   23.0130
   -7.5000   45.0000  -37.5000 9111.6943   22.2400
    0.0000   45.0000  -37.5000 9653.5879   22.3874
    7.5000   45.0000  -37.5000 9045.5557   22.3600
   -7.5000  -45.0000  -30.0000 9244.0088   23.4523
    0.0000  -45.0000  -30.0000 9647.2246   23.6079
    7.5000  -45.0000  -30.0000 9209.6104   23.5825
   -7.5000  -37.5000  -30.0000 9813.2715   23.5074
    0.0000  -37.5000  -30.000010254.1816   23.6624
    7.5000  -37.5000  -30.0000 9740.3330   23.6331
   -7.5000  -30.0000  -30.000010703.9570   23.6364
    0.0000  -30.0000  -30.000011175.1201   23.7773
    7.5000  -30.0000  -30.000010592.6416   23.7565
   -7.5000  -22.5000  -30.000011580.0820   23.7085
    0.0000  -22.5000  -30.000012053.5605   23.8359
    7.5000  -22.5000  -30.000011468.7100   23.8278
   -7.5000  -15.0000  -30.000012443.5732   23.6633
    0.0000  -15.0000  -30.000012983.8438   23.7915
    7.5000  -15.0000  -30.000012319.2051   23.7871
   -7.5000   -7.5000  -30.000013352.7031   23.5322
    0.0000   -7.5000  -30.000013915.9600   23.6744
    7.5000   -7.5000  -30.000013201.0859   23.6612
   -7.5000    0.0000  -30.000013996.3408   23.4523
    0.0000    0.0000  -30.000014600.5762   23.6079
    7.5000    0.0000  -30.000013809.5078   23.5825
   -7.5000    7.5000  -30.000013450.5576   23.5074
    0.0000    7.5000  -30.000014075.9307   23.6624
    7.5000    7.5000  -30.000013279.9697   23.6331
   -7.5000   15.0000  -30.000012706.9424   23.6364
    0.0000   15.0000  -30.000013338.3037   23.7773
    7.5000   15.0000  -30.000012543.5928   23.7565
   -7.5000   22.5000  -30.000011813.8369   23.7028
    0.0000   22.5000  -30.000012449.0049   23.8301
    7.5000   22.5000  -30.000011691.5166   23.8221
   -7.5000   30.0000  -30.000010895.5127   23.3501
    0.0000   30.0000  -30.000011537.1182   23.4766
    7.5000   30.0000  -30.000010817.5586   23.4724
   -7.5000   37.5000  -30.000010425.6729   23.2208
    0.0000   37.5000  -30.000011068.1318   23.3612
    7.5000   37.5000  -30.000010368.6309   23.3481
   -7.5000   45.0000  -30.0000 9562.9561   22.5688
    0.0000   45.0000  -30.000010179.7246   22.7185
    7.5000   45.0000  -30.0000 9533.3506   22.6940
   -7.5000  -45.0000  -22.5000 9757.3496   23.7460
    0.0000  -45.0000  -22.500010208.6738   23.8920
    7.5000  -45.0000  -22.5000 9729.6729   23.8571
   -7.5000  -37.5000  -22.500010366.9150   23.7887
    0.0000  -37.5000  -22.500010833.5000   23.9356
    7.5000  -37.5000  -22.500010304.8936   23.8989
   -7.5000  -30.0000  -22.500011324.6943   23.9198
    0.0000  -30.0000  -22.500011809.4873   24.0552
    7.5000  -30.0000  -22.500011228.9941   24.0279
   -7.5000  -22.5000  -22.500012266.8760   24.0076
    0.0000  -22.5000  -22.500012743.9834   24.1312
    7.5000  -22.5000  -22.500012159.5986   24.1149
   -7.5000  -15.0000  -22.500013179.6406   23.9752
    0.0000  -15.0000  -22.500013706.5059   24.0981
    7.5000  -15.0000  -22.500013033.2529   24.0829
   -7.5000   -7.5000  -22.500014119.6455   23.8410
    0.0000   -7.5000  -22.500014679.9492   23.9747
    7.5000   -7.5000  -22.500013938.3799   23.9500
   -7.5000    0.0000  -22.500014773.0703   23.7460
    0.0000    0.0000  -22.500015391.8584   23.8920
    7.5000    0.0000  -22.500014576.5957   23.8571
   -7.5000    7.5000  -22.500014207.4678   23.7887
    0.0000    7.5000  -22.500014834.2686   23.9356
    7.5000    7.5000  -22.500014044.5869   23.8989
   -7.5000   15.0000  -22.500013420.9824   23.9198
    0.0000   15.0000  -22.500014073.8311   24.0552
    7.5000   15.0000  -22.500013303.1211   24.0279
   -7.5000   22.5000  -22.500012489.5684   24.0002
    0.0000   22.5000  -22.500013155.3584   24.1238
    7.5000   22.5000  -22.500012421.1387   24.1075
   -7.5000   30.0000  -22.500011536.4092   23.6616
    0.0000   30.0000  -22.500012194.5840   23.7829
    7.5000   30.0000  -22.500011481.2998   23.7679
   -7.5000   37.5000  -22.500011019.9150   23.5291
    0.0000   37.5000  -22.500011702.2441   23.6611
    7.5000   37.5000  -22.500010991.3623   23.6367
   -7.5000   45.0000  -22.500010093.5469   22.8686
    0.0000   45.0000  -22.500010736.1348   23.0092
    7.5000   45.0000  -22.500010086.2988   22.9755
   -7.5000  -45.0000  -15.000010311.1836   23.9448
    0.0000  -45.0000  -15.000010809.8643   24.0832
    7.5000  -45.0000  -15.000010296.2080   24.0367
   -7.5000  -37.5000  -15.000010992.8779   23.9963
    0.0000  -37.5000  -15.000011515.7822   24.1348
    7.5000  -37.5000  -15.000010952.7266   24.0825
   -7.5000  -30.0000  -15.000012050.4727   24.1414
    0.0000  -30.0000  -15.000012561.8535   24.2705
    7.5000  -30.0000  -15.000011953.9717   24.2185
   -7.5000  -22.5000  -15.000013055.2178   24.2359
    0.0000  -22.5000  -15.000013558.9756   24.3562
    7.5000  -22.5000  -15.000012904.7520   24.3106
   -7.5000  -15.0000  -15.000014011.8477   24.1963
    0.0000  -15.0000  -15.000014531.1426   24.3164
    7.5000  -15.0000  -15.000013801.4043   24.2755
   -7.5000   -7.5000  -15.000014961.9854   24.0465
    0.0000   -7.5000  -15.000015536.2539   24.1753
    7.5000   -7.5000  -15.000014750.3252   24.1337
   -7.5000    0.0000  -15.000015647.5381   23.9448
    0.0000    0.0000  -15.000016282.0586   24.0832
    7.5000    0.0000  -15.000015447.9834   24.0367
   -7.5000    7.5000  -15.000015085.3740   23.9963
    0.0000    7.5000  -15.000015712.8633   24.1348
    7.5000    7.5000  -15.000014909.1807   24.0825
   -7.5000   15.0000  -15.000014279.5459   24.1414
    0.0000   15.0000  -15.000014925.1299   24.2705
    7.5000   15.0000  -15.000014165.6211   24.2185
   -7.5000   22.5000  -15.000013306.1221   24.2274
    0.0000   22.5000  -15.000013958.3613   24.3476
    7.5000   22.5000  -15.000013216.9717   24.3020
   -7.5000   30.0000  -15.000012295.9971   23.8832
    0.0000   30.0000  -15.000012961.6045   24.0017
    7.5000   30.0000  -15.000012224.6553   23.9613
   -7.5000   37.5000  -15.000011736.2979   23.7353
    0.0000   37.5000  -15.000012423.6162   23.8624
    7.5000   37.5000  -15.000011689.8242   23.8214
   -7.5000   45.0000  -15.000010711.7480   23.0740
    0.0000   45.0000  -15.000011368.0947   23.2073
    7.5000   45.0000  -15.000010705.2178   23.1625
   -7.5000  -45.0000   -7.500010915.6875   23.9662
    0.0000  -45.0000   -7.500011448.3086   24.1050
    7.5000  -45.0000   -7.500010887.6797   24.0562
   -7.5000  -37.5000   -7.500011677.7988   24.0371
    0.0000  -37.5000   -7.500012254.6064   24.1744
    7.5000  -37.5000   -7.500011624.2783   24.1143
   -7.5000  -30.0000   -7.500012872.0762   24.1942
    0.0000  -30.0000   -7.500013430.0283   24.3230
    7.5000  -30.0000   -7.500012751.1602   24.2546
   -7.5000  -22.5000   -7.500013930.3174   24.2823
    0.0000  -22.5000   -7.500014484.8242   24.4044
    7.5000  -22.5000   -7.500013707.9404   24.3394
   -7.5000  -15.0000   -7.500014919.8740   24.2247
    0.0000  -15.0000   -7.500015414.1152   24.3485
    7.5000  -15.0000   -7.500014643.7256   24.2937
   -7.5000   -7.5000   -7.500015922.2793   24.0619
    0.0000   -7.5000   -7.500016453.2129   24.1939
    7.5000   -7.5000   -7.500015673.3184   24.1471
   -7.5000    0.0000   -7.500016643.5059   23.9662
    0.0000    0.0000   -7.500017267.6641   24.1050
    7.5000    0.0000   -7.500016455.2539   24.0562
   -7.5000    7.5000   -7.500016044.2939   24.0371
    0.0000    7.5000   -7.500016687.5059   24.1744
    7.5000    7.5000   -7.500015894.6582   24.1143
   -7.5000   15.0000   -7.500015223.8535   24.1942
    0.0000   15.0000   -7.500015882.8379   24.3230
    7.5000   15.0000   -7.500015078.3359   24.2546
   -7.5000   22.5000   -7.500014237.6230   24.2711
    0.0000   22.5000   -7.500014876.7646   24.3932
    7.5000   22.5000   -7.500014068.5264   24.3282
   -7.5000   30.0000   -7.500013164.1133   23.9106
    0.0000   30.0000   -7.500013819.6406   24.0327
    7.5000   30.0000   -7.500013031.8848   23.9786
   -7.5000   37.5000   -7.500012557.5703   23.7499
    0.0000   37.5000   -7.500013246.0869   23.8802
    7.5000   37.5000   -7.500012443.8486   23.8339
   -7.5000   45.0000   -7.500011460.3496   23.0989
    0.0000   45.0000   -7.500012112.2695   23.2327
    7.5000   45.0000   -7.500011388.8906   23.1857
   -7.5000  -45.0000    0.000011449.6768   23.8271
    0.0000  -45.0000    0.000012001.7451   23.9761
    7.5000  -45.0000    0.000011365.5723   23.9332
   -7.5000  -37.5000    0.000012309.5879   23.9061
    0.0000  -37.5000    0.000012964.2832   24.0526
    7.5000  -37.5000    0.000012224.8809   23.9973
   -7.5000  -30.0000    0.000013622.1582   24.0558
    0.0000  -30.0000    0.000014289.7256   24.1921
    7.5000  -30.0000    0.000013442.5371   24.1299
   -7.5000  -22.5000    0.000014807.8643   24.1282
    0.0000  -22.5000    0.000015419.2510   24.2566
    7.5000  -22.5000    0.000014526.1914   24.1999
   -7.5000  -15.0000    0.000015801.1914   24.0625
    0.0000  -15.0000    0.000016291.0928   24.1938
    7.5000  -15.0000    0.000015480.6914   24.1490
   -7.5000   -7.5000    0.000016845.0918   23.9075
    0.0000   -7.5000    0.000017334.8164   24.0492
    7.5000   -7.5000    0.000016587.0996   24.0111
   -7.5000    0.0000    0.000017669.1191   23.8271
    0.0000    0.0000    0.000018267.1289   23.9761
    7.5000    0.0000    0.000017428.6230   23.9332
   -7.5000    7.5000    0.000017084.9375   23.9061
    0.0000    7.5000    0.000017717.1367   24.0526
    7.5000    7.5000    0.000016807.8652   23.9973
   -7.5000   15.0000    0.000016261.5117   24.0558
    0.0000   15.0000    0.000016846.5605   24.1921
    7.5000   15.0000    0.000015930.5742   24.1299
   -7.5000   22.5000    0.000015222.0215   24.1171
    0.0000   22.5000    0.000015804.8691   24.2454
    7.5000   22.5000    0.000014888.4580   24.1888
   -7.5000   30.0000    0.000014104.5771   23.7510
    0.0000   30.0000    0.000014711.6113   23.8807
    7.5000   30.0000    0.000013794.5107   23.8364
   -7.5000   37.5000    0.000013448.6768   23.5981
    0.0000   37.5000    0.000014080.0430   23.7379
    7.5000   37.5000    0.000013181.4570   23.7004
   -7.5000   45.0000    0.000012234.0820   22.9666
    0.0000   45.0000    0.000012857.2891   23.1102
    7.5000   45.0000    0.000012035.8291   23.0689
   -7.5000  -45.0000    7.500011018.8506   24.0541
    0.0000  -45.0000    7.500011550.3721   24.2163
    7.5000  -45.0000    7.500010905.5820   24.1839
   -7.5000  -37.5000    7.500011911.5781   24.1284
    0.0000  -37.5000    7.500012551.5342   24.2888
    7.5000  -37.5000    7.500011785.9814   24.2473
   -7.5000  -30.0000    7.500013272.1768   24.2686
    0.0000  -30.0000    7.500014061.4746   24.4155
    7.5000  -30.0000    7.500013079.8516   24.3752
   -7.5000  -22.5000    7.500014571.0273   24.3353
    0.0000  -22.5000    7.500015417.6533   24.4702
    7.5000  -22.5000    7.500014312.0898   24.4404
   -7.5000  -15.0000    7.500015718.3545   24.2739
    0.0000  -15.0000    7.500016328.4004   24.4110
    7.5000  -15.0000    7.500015404.5342   24.3901
   -7.5000   -7.5000    7.500016792.1602   24.1290
    0.0000   -7.5000    7.500017267.9473   24.2798
    7.5000   -7.5000    7.500016379.2393   24.2577
   -7.5000    0.0000    7.500017639.2734   24.0541
    0.0000    0.0000    7.500018098.0078   24.2163
    7.5000    0.0000    7.500017070.5254   24.1839
   -7.5000    7.5000    7.500017049.3906   24.1284
    0.0000    7.5000    7.500017484.2285   24.2888
    7.5000    7.5000    7.500016423.4570   24.2473
   -7.5000   15.0000    7.500016200.1895   24.2686
    0.0000   15.0000    7.500016634.2227   24.4155
    7.5000   15.0000    7.500015549.8135   24.3752
   -7.5000   22.5000    7.500015093.3857   24.3241
    0.0000   22.5000    7.500015592.3369   24.4589
    7.5000   22.5000    7.500014520.2314   24.4292
   -7.5000   30.0000    7.500013939.0576   23.9598
    0.0000   30.0000    7.500014530.0225   24.0951
    7.5000   30.0000    7.500013472.8887   24.0744
   -7.5000   37.5000    7.500013282.7129   23.8168
    0.0000   37.5000    7.500013933.9473   23.9656
    7.5000   37.5000    7.500012922.0762   23.9437
   -7.5000   45.0000    7.500012070.1084   23.1853
    0.0000   45.0000    7.500012704.2354   23.3417
    7.5000   45.0000    7.500011801.0732   23.3105
   -7.5000  -45.0000   15.000010517.6904   24.3954
    0.0000  -45.0000   15.000011019.6562   24.5578
    7.5000  -45.0000   15.000010399.5400   24.5301
   -7.5000  -37.5000   15.000011331.4111   24.4565
    0.0000  -37.5000   15.000011899.5107   24.6190
    7.5000  -37.5000   15.000011177.2227   24.5873
   -7.5000  -30.0000   15.000012728.2598   24.5919
    0.0000  -30.0000   15.000013411.5361   24.7404
    7.5000  -30.0000   15.000012449.5566   24.7175
   -7.5000  -22.5000   15.000014259.8096   24.6668
    0.0000  -22.5000   15.000015178.8516   24.8015
    7.5000  -22.5000   15.000013786.7832   24.7918
   -7.5000  -15.0000   15.000015761.9297   24.6185
    0.0000  -15.0000   15.000016620.1426   24.7535
    7.5000  -15.0000   15.000015064.9219   24.7477
   -7.5000   -7.5000   15.000016915.9824   24.4784
    0.0000   -7.5000   15.000017479.2031   24.6271
    7.5000   -7.5000   15.000016005.4414   24.6121
   -7.5000    0.0000   15.000017475.8516   24.3954
    0.0000    0.0000   15.000017904.4434   24.5578
    7.5000    0.0000   15.000016493.1035   24.5301
   -7.5000    7.5000   15.000016700.7695   24.4565
    0.0000    7.5000   15.000017111.4434   24.6190
    7.5000    7.5000   15.000015801.8887   24.5873
   -7.5000   15.0000   15.000015740.0430   24.5919
    0.0000   15.0000   15.000016200.5420   24.7404
    7.5000   15.0000   15.000015022.2529   24.7175
   -7.5000   22.5000   15.000014646.6328   24.6554
    0.0000   22.5000   15.000015181.5771   24.7901
    7.5000   22.5000   15.000014102.9805   24.7804
   -7.5000   30.0000   15.000013584.3223   24.2999
    0.0000   30.0000   15.000014164.7490   24.4332
    7.5000   30.0000   15.000013152.1309   24.4274
   -7.5000   37.5000   15.000012972.9473   24.1616
    0.0000   37.5000   15.000013586.7148   24.3084
    7.5000   37.5000   15.000012624.0967   24.2936
   -7.5000   45.0000   15.000011777.3848   23.5144
    0.0000   45.0000   15.000012375.4023   23.6709
    7.5000   45.0000   15.000011507.7168   23.6442
   -7.5000  -45.0000   22.5000 9935.6572   24.8133
    0.0000  -45.0000   22.500010378.9365   24.9646
    7.5000  -45.0000   22.5000 9795.8643   24.9278
   -7.5000  -37.5000   22.500010709.4512   24.8647
    0.0000  -37.5000   22.500011190.3936   25.0170
    7.5000  -37.5000   22.500010531.8066   24.9783
   -7.5000  -30.0000   22.500012048.6602   25.0046
    0.0000  -30.0000   22.500012649.7100   25.1448
    7.5000  -30.0000   22.500011789.1094   25.1157
   -7.5000  -22.5000   22.500013602.5830   25.0952
    0.0000  -22.5000   22.500014400.8662   25.2230
    7.5000  -22.5000   22.500013192.6426   25.2056
   -7.5000  -15.0000   22.500014996.2070   25.0572
    0.0000  -15.0000   22.500015727.9375   25.1842
    7.5000  -15.0000   22.500014425.5781   25.1681
   -7.5000   -7.5000   22.500015983.7314   24.9112
    0.0000   -7.5000   22.500016569.7383   25.0495
    7.5000   -7.5000   22.500015322.8428   25.0235
   -7.5000    0.0000   22.500016569.0781   24.8133
    0.0000    0.0000   22.500017207.0000   24.9646
    7.5000    0.0000   22.500015883.1621   24.9278
   -7.5000    7.5000   22.500015845.1211   24.8647
    0.0000    7.5000   22.500016472.6230   25.0170
    7.5000    7.5000   22.500015217.4951   24.9783
   -7.5000   15.0000   22.500014949.6445   25.0046
    0.0000   15.0000   22.500015560.2412   25.1448
    7.5000   15.0000   22.500014423.5635   25.1157
   -7.5000   22.5000   22.500013925.8613   25.0837
    0.0000   22.5000   22.500014535.4492   25.2114
    7.5000   22.5000   22.500013516.3564   25.1939
   -7.5000   30.0000   22.500012925.8076   24.7330
    0.0000   30.0000   22.500013525.3477   24.8583
    7.5000   30.0000   22.500012584.9736   24.8424
   -7.5000   37.5000   22.500012364.4619   24.5888
    0.0000   37.5000   22.500012972.2803   24.7253
    7.5000   37.5000   22.500012081.8838   24.6997
   -7.5000   45.0000   22.500011248.4883   23.9172
    0.0000   45.0000   22.500011818.8125   24.0630
    7.5000   45.0000   22.500011039.9150   24.0275
   -7.5000  -45.0000   30.0000 9315.2012   25.3203
    0.0000  -45.0000   30.0000 9732.5088   25.4620
    7.5000  -45.0000   30.0000 9177.3135   25.4139
   -7.5000  -37.5000   30.000010066.4824   25.3843
    0.0000  -37.5000   30.000010511.1396   25.5261
    7.5000  -37.5000   30.0000 9888.8281   25.4714
   -7.5000  -30.0000   30.000011317.5107   25.5416
    0.0000  -30.0000   30.000011901.1357   25.6729
    7.5000  -30.0000   30.000011112.7422   25.6185
   -7.5000  -22.5000   30.000012629.2734   25.6389
    0.0000  -22.5000   30.000013331.3818   25.7603
    7.5000  -22.5000   30.000012389.8857   25.7130
   -7.5000  -15.0000   30.000013729.5859   25.5902
    0.0000  -15.0000   30.000014266.0420   25.7115
    7.5000  -15.0000   30.000013440.5156   25.6695
   -7.5000   -7.5000   30.000014574.9990   25.4248
    0.0000   -7.5000   30.000015104.6289   25.5559
    7.5000   -7.5000   30.000014272.6748   25.5133
   -7.5000    0.0000   30.000015232.2783   25.3203
    0.0000    0.0000   30.000015841.5498   25.4620
    7.5000    0.0000   30.000014904.2334   25.4139
   -7.5000    7.5000   30.000014746.0107   25.3843
    0.0000    7.5000   30.000015378.5361   25.5261
    7.5000    7.5000   30.000014407.3008   25.4714
   -7.5000   15.0000   30.000013970.1885   25.5416
    0.0000   15.0000   30.000014585.1719   25.6729
    7.5000   15.0000   30.000013673.5254   25.6185
   -7.5000   22.5000   30.000013051.3408   25.6271
    0.0000   22.5000   30.000013639.8584   25.7484
    7.5000   22.5000   30.000012787.3271   25.7011
   -7.5000   30.0000   30.000012154.8477   25.2591
    0.0000   30.0000   30.000012716.8418   25.3787
    7.5000   30.0000   30.000011904.8271   25.3373
   -7.5000   37.5000   30.000011682.1650   25.0958
    0.0000   37.5000   30.000012221.6992   25.2251
    7.5000   37.5000   30.000011452.5215   25.1831
   -7.5000   45.0000   30.000010642.2559   24.4059
    0.0000   45.0000   30.000011146.2910   24.5425
    7.5000   45.0000   30.000010469.5449   24.4961
   -7.5000  -45.0000   37.5000 9180.0205   25.9234
    0.0000  -45.0000   37.5000 9587.1758   26.0672
    7.5000  -45.0000   37.5000 9062.0527   26.0156
   -7.5000  -37.5000   37.5000 9872.6797   26.0146
    0.0000  -37.5000   37.500010352.7266   26.1565
    7.5000  -37.5000   37.5000 9760.9453   26.0914
   -7.5000  -30.0000   37.500010964.6064   26.1867
    0.0000  -30.0000   37.500011579.1289   26.3184
    7.5000  -30.0000   37.500010915.1777   26.2436
   -7.5000  -22.5000   37.500012077.4062   26.2733
    0.0000  -22.5000   37.500012712.7051   26.3971
    7.5000  -22.5000   37.500012041.3789   26.3263
   -7.5000  -15.0000   37.500013057.7871   26.1998
    0.0000  -15.0000   37.500013588.9834   26.3256
    7.5000  -15.0000   37.500012936.5615   26.2671
   -7.5000   -7.5000   37.500013986.2334   26.0178
    0.0000   -7.5000   37.500014527.0156   26.1535
    7.5000   -7.5000   37.500013845.0645   26.1043
   -7.5000    0.0000   37.500014750.8369   25.9234
    0.0000    0.0000   37.500015407.1553   26.0672
    7.5000    0.0000   37.500014573.0693   26.0156
   -7.5000    7.5000   37.500014334.2012   26.0146
    0.0000    7.5000   37.500014965.7354   26.1565
    7.5000    7.5000   37.500014103.5146   26.0914
   -7.5000   15.0000   37.500013637.9717   26.1867
    0.0000   15.0000   37.500014237.9834   26.3184
    7.5000   15.0000   37.500013400.6387   26.2436
   -7.5000   22.5000   37.500012771.0410   26.2612
    0.0000   22.5000   37.500013361.9785   26.3850
    7.5000   22.5000   37.500012554.1260   26.3142
   -7.5000   30.0000   37.500011919.3193   25.8607
    0.0000   30.0000   37.500012456.5146   25.9849
    7.5000   30.0000   37.500011705.0020   25.9271
   -7.5000   37.5000   37.500011453.7627   25.6810
    0.0000   37.5000   37.500011979.3389   25.8150
    7.5000   37.5000   37.500011275.2891   25.7665
   -7.5000   45.0000   37.500010453.0215   24.9872
    0.0000   45.0000   37.500010926.5898   25.1258
    7.5000   45.0000   37.500010295.1826   25.0761
   -7.5000  -45.0000   45.0000 8650.0322   26.7282
    0.0000  -45.0000   45.0000 9063.3066   26.8932
    7.5000  -45.0000   45.0000 8625.0625   26.8494
   -7.5000  -37.5000   45.0000 9265.6426   26.8386
    0.0000  -37.5000   45.0000 9754.0059   27.0002
    7.5000  -37.5000   45.0000 9274.6885   26.9408
   -7.5000  -30.0000   45.000010238.3223   27.0128
    0.0000  -30.0000   45.000010806.3467   27.1603
    7.5000  -30.0000   45.000010313.4541   27.0915
   -7.5000  -22.5000   45.000011247.9453   27.0830
    0.0000  -22.5000   45.000011797.0010   27.2195
    7.5000  -22.5000   45.000011262.5957   27.1573
   -7.5000  -15.0000   45.000012163.8203   26.9918
    0.0000  -15.0000   45.000012672.6064   27.1322
    7.5000  -15.0000   45.000012115.8105   27.0848
   -7.5000   -7.5000   45.000013081.7939   26.8070
    0.0000   -7.5000   45.000013659.0195   26.9616
    7.5000   -7.5000   45.000013053.3926   26.9234
   -7.5000    0.0000   45.000013807.8105   26.7282
    0.0000    0.0000   45.000014453.2959   26.8932
    7.5000    0.0000   45.000013761.3154   26.8494
   -7.5000    7.5000   45.000013445.8896   26.8386
    0.0000    7.5000   45.000014028.3438   27.0002
    7.5000    7.5000   45.000013322.2051   26.9408
   -7.5000   15.0000   45.000012781.3623   27.0128
    0.0000   15.0000   45.000013362.7109   27.1603
    7.5000   15.0000   45.000012622.5117   27.0915
   -7.5000   22.5000   45.000011983.6357   27.0705
    0.0000   22.5000   45.000012539.1436   27.2069
    7.5000   22.5000   45.000011826.2529   27.1447
   -7.5000   30.0000   45.000011196.6162   26.6402
    0.0000   30.0000   45.000011692.6729   26.7787
    7.5000   30.0000   45.000011049.4189   26.7319
   -7.5000   37.5000   45.000010754.9990   26.4578
    0.0000   37.5000   45.000011230.6191   26.6104
    7.5000   37.5000   45.000010626.4238   26.5726
   -7.5000   45.0000   45.0000 9807.0518   25.7746
    0.0000   45.0000   45.000010266.0762   25.9337
    7.5000   45.0000   45.0000 9708.1328   25.8915

---------------------------------------------------------------------
imgreg_4dfp /opt/freesurfer/average/711-2C_as_mni_average_305 /opt/freesurfer/average/711-2B_as_mni_average_305_mask talsrcimg_g11 none talsrcimg_to_711-2C_as_mni_average_305_t4 4355
---------------------------------------------------------------------

freesurfer imgreg_4dfp.c
/opt/freesurfer/average/711-2C_as_mni_average_305.4dfp.img
       256       256       256         1
  1.000000  1.000000  1.000000
orientation T byte_order littleendian
Reading image: /opt/freesurfer/average/711-2C_as_mni_average_305.4dfp.img
dimensions:      256       256       256
mmppix:       1.0000   -1.0000   -1.0000
center:     128.0000 -129.0000 -129.0000
/opt/freesurfer/average/711-2B_as_mni_average_305_mask.4dfp.img
       256       256       256         1
  1.000000  1.000000  1.000000
orientation T byte_order littleendian
Reading mask: /opt/freesurfer/average/711-2B_as_mni_average_305_mask.4dfp.img (2306576 pixels)
talsrcimg_g11.4dfp.img
       320       320       320         1
  0.800000  0.800000  0.800000
orientation T byte_order littleendian
Reading image: talsrcimg_g11.4dfp.img
dimensions:      320       320       320
mmppix:       0.8000   -0.8000   -0.8000
center:     128.0000 -128.8000 -128.8000
rotation matrix determinant  1.000000
image alignment mode   4355 decimal     1103 hex
   -7.5000  -45.0000  -45.0000 2342.6692   34.0912
    0.0000  -45.0000  -45.0000 2340.9834   33.9142
    7.5000  -45.0000  -45.0000 2326.6140   33.8654
   -7.5000  -37.5000  -45.0000 2392.0007   31.8316
    0.0000  -37.5000  -45.0000 2391.2253   31.7497
    7.5000  -37.5000  -45.0000 2379.2429   31.6272
   -7.5000  -30.0000  -45.0000 2421.2505   30.0606
    0.0000  -30.0000  -45.0000 2418.8372   29.9885
    7.5000  -30.0000  -45.0000 2402.9568   29.9275
   -7.5000  -22.5000  -45.0000 2441.6726   28.7973
    0.0000  -22.5000  -45.0000 2442.1140   28.7432
    7.5000  -22.5000  -45.0000 2419.0071   28.6003
   -7.5000  -15.0000  -45.0000 2457.3469   28.1300
    0.0000  -15.0000  -45.0000 2459.5151   28.0235
    7.5000  -15.0000  -45.0000 2439.3267   27.8757
   -7.5000   -7.5000  -45.0000 2455.1453   27.8569
    0.0000   -7.5000  -45.0000 2468.3052   27.8089
    7.5000   -7.5000  -45.0000 2449.0503   27.6120
   -7.5000    0.0000  -45.0000 2454.0569   27.9996
    0.0000    0.0000  -45.0000 2463.1470   27.9435
    7.5000    0.0000  -45.0000 2445.5261   27.7708
   -7.5000    7.5000  -45.0000 2435.1377   28.6307
    0.0000    7.5000  -45.0000 2450.8965   28.5898
    7.5000    7.5000  -45.0000 2422.4001   28.3116
   -7.5000   15.0000  -45.0000 2407.1848   29.7819
    0.0000   15.0000  -45.0000 2411.5615   29.6686
    7.5000   15.0000  -45.0000 2389.1609   29.4215
   -7.5000   22.5000  -45.0000 2360.7627   31.4304
    0.0000   22.5000  -45.0000 2360.4285   31.1846
    7.5000   22.5000  -45.0000 2338.3030   30.9847
   -7.5000   30.0000  -45.0000 2295.9146   33.5897
    0.0000   30.0000  -45.0000 2287.4072   33.2432
    7.5000   30.0000  -45.0000 2270.3391   33.1780
   -7.5000   37.5000  -45.0000 2213.9624   36.3111
    0.0000   37.5000  -45.0000 2205.6936   35.8460
    7.5000   37.5000  -45.0000 2197.0098   35.8629
   -7.5000   45.0000  -45.0000 2123.8413   39.6028
    0.0000   45.0000  -45.0000 2114.8767   39.1001
    7.5000   45.0000  -45.0000 2116.9810   39.1556
   -7.5000  -45.0000  -37.5000 2379.5278   32.6364
    0.0000  -45.0000  -37.5000 2378.7258   32.5366
    7.5000  -45.0000  -37.5000 2361.0503   32.5222
   -7.5000  -37.5000  -37.5000 2432.3259   30.4690
    0.0000  -37.5000  -37.5000 2429.3435   30.3652
    7.5000  -37.5000  -37.5000 2407.0823   30.3379
   -7.5000  -30.0000  -37.5000 2461.3994   28.7739
    0.0000  -30.0000  -37.5000 2461.0427   28.6910
    7.5000  -30.0000  -37.5000 2437.4380   28.6726
   -7.5000  -22.5000  -37.5000 2482.6277   27.4835
    0.0000  -22.5000  -37.5000 2487.8762   27.3980
    7.5000  -22.5000  -37.5000 2458.6821   27.3892
   -7.5000  -15.0000  -37.5000 2500.4739   26.7227
    0.0000  -15.0000  -37.5000 2509.1646   26.6424
    7.5000  -15.0000  -37.5000 2482.6157   26.5915
   -7.5000   -7.5000  -37.5000 2507.8230   26.5014
    0.0000   -7.5000  -37.5000 2522.3289   26.3923
    7.5000   -7.5000  -37.5000 2497.5073   26.3659
   -7.5000    0.0000  -37.5000 2503.6189   26.6496
    0.0000    0.0000  -37.5000 2519.7544   26.5907
    7.5000    0.0000  -37.5000 2498.6902   26.5267
   -7.5000    7.5000  -37.5000 2486.9736   27.2775
    0.0000    7.5000  -37.5000 2504.5820   27.2307
    7.5000    7.5000  -37.5000 2480.4910   27.0487
   -7.5000   15.0000  -37.5000 2451.4395   28.3373
    0.0000   15.0000  -37.5000 2463.6616   28.2726
    7.5000   15.0000  -37.5000 2439.9941   28.0537
   -7.5000   22.5000  -37.5000 2399.2166   29.8483
    0.0000   22.5000  -37.5000 2410.0701   29.7673
    7.5000   22.5000  -37.5000 2381.2681   29.5630
   -7.5000   30.0000  -37.5000 2328.5911   31.8658
    0.0000   30.0000  -37.5000 2335.0537   31.7380
    7.5000   30.0000  -37.5000 2315.2368   31.6646
   -7.5000   37.5000  -37.5000 2249.9841   34.4717
    0.0000   37.5000  -37.5000 2255.0132   34.2538
    7.5000   37.5000  -37.5000 2243.0632   34.2192
   -7.5000   45.0000  -37.5000 2164.4211   37.6349
    0.0000   45.0000  -37.5000 2161.1392   37.3265
    7.5000   45.0000  -37.5000 2158.1465   37.2927
   -7.5000  -45.0000  -30.0000 2472.4143   32.3481
    0.0000  -45.0000  -30.0000 2469.8315   32.1763
    7.5000  -45.0000  -30.0000 2452.3503   32.1398
   -7.5000  -37.5000  -30.0000 2520.8772   29.9845
    0.0000  -37.5000  -30.0000 2521.9202   29.8861
    7.5000  -37.5000  -30.0000 2495.2190   29.8277
   -7.5000  -30.0000  -30.0000 2552.5774   28.2498
    0.0000  -30.0000  -30.0000 2549.9138   28.0684
    7.5000  -30.0000  -30.0000 2532.6375   28.1135
   -7.5000  -22.5000  -30.0000 2574.4180   26.9290
    0.0000  -22.5000  -30.0000 2579.2468   26.7497
    7.5000  -22.5000  -30.0000 2562.4368   26.8508
   -7.5000  -15.0000  -30.0000 2595.1875   26.1137
    0.0000  -15.0000  -30.0000 2605.7231   25.9373
    7.5000  -15.0000  -30.0000 2589.8311   25.9999
   -7.5000   -7.5000  -30.0000 2610.8311   25.8776
    0.0000   -7.5000  -30.0000 2620.0171   25.6609
    7.5000   -7.5000  -30.0000 2607.6919   25.7514
   -7.5000    0.0000  -30.0000 2608.2551   26.0386
    0.0000    0.0000  -30.0000 2623.7158   25.8918
    7.5000    0.0000  -30.0000 2609.1067   25.8691
   -7.5000    7.5000  -30.0000 2595.3013   26.6016
    0.0000    7.5000  -30.0000 2616.3792   26.5022
    7.5000    7.5000  -30.0000 2592.9924   26.3773
   -7.5000   15.0000  -30.0000 2556.5801   27.5002
    0.0000   15.0000  -30.0000 2580.0962   27.4721
    7.5000   15.0000  -30.0000 2553.9060   27.3219
   -7.5000   22.5000  -30.0000 2495.8923   28.9278
    0.0000   22.5000  -30.0000 2517.3557   28.8833
    7.5000   22.5000  -30.0000 2490.6938   28.7312
   -7.5000   30.0000  -30.0000 2418.5706   30.8991
    0.0000   30.0000  -30.0000 2439.1338   30.8423
    7.5000   30.0000  -30.0000 2417.9773   30.7530
   -7.5000   37.5000  -30.0000 2343.3215   33.3881
    0.0000   37.5000  -30.0000 2357.0811   33.3230
    7.5000   37.5000  -30.0000 2345.2515   33.2590
   -7.5000   45.0000  -30.0000 2252.2720   36.4271
    0.0000   45.0000  -30.0000 2264.6907   36.3090
    7.5000   45.0000  -30.0000 2258.5925   36.3505
   -7.5000  -45.0000  -22.5000 2528.4429   31.8164
    0.0000  -45.0000  -22.5000 2533.2075   31.6327
    7.5000  -45.0000  -22.5000 2513.4194   31.6061
   -7.5000  -37.5000  -22.5000 2585.1392   29.5601
    0.0000  -37.5000  -22.5000 2583.1106   29.3380
    7.5000  -37.5000  -22.5000 2565.9871   29.2992
   -7.5000  -30.0000  -22.5000 2610.4253   27.7503
    0.0000  -30.0000  -22.5000 2610.6135   27.5061
    7.5000  -30.0000  -22.5000 2597.8901   27.4581
   -7.5000  -22.5000  -22.5000 2634.0613   26.3296
    0.0000  -22.5000  -22.5000 2633.6277   26.0306
    7.5000  -22.5000  -22.5000 2634.0054   26.1442
   -7.5000  -15.0000  -22.5000 2659.8123   25.4893
    0.0000  -15.0000  -22.5000 2663.2710   25.2120
    7.5000  -15.0000  -22.5000 2659.5828   25.2918
   -7.5000   -7.5000  -22.5000 2675.4370   25.1895
    0.0000   -7.5000  -22.5000 2681.5745   24.9091
    7.5000   -7.5000  -22.5000 2679.0139   24.9791
   -7.5000    0.0000  -22.5000 2678.4116   25.3238
    0.0000    0.0000  -22.5000 2692.5071   25.0987
    7.5000    0.0000  -22.5000 2683.4844   25.1144
   -7.5000    7.5000  -22.5000 2663.6858   25.8102
    0.0000    7.5000  -22.5000 2678.9814   25.6316
    7.5000    7.5000  -22.5000 2672.3196   25.6357
   -7.5000   15.0000  -22.5000 2625.0300   26.7150
    0.0000   15.0000  -22.5000 2644.1790   26.5508
    7.5000   15.0000  -22.5000 2637.6848   26.5301
   -7.5000   22.5000  -22.5000 2564.6755   28.0760
    0.0000   22.5000  -22.5000 2582.4666   27.9334
    7.5000   22.5000  -22.5000 2577.6855   27.9253
   -7.5000   30.0000  -22.5000 2482.4939   29.9527
    0.0000   30.0000  -22.5000 2500.4309   29.7856
    7.5000   30.0000  -22.5000 2489.6660   29.7766
   -7.5000   37.5000  -22.5000 2394.9883   32.2874
    0.0000   37.5000  -22.5000 2419.7727   32.1842
    7.5000   37.5000  -22.5000 2406.2810   32.0834
   -7.5000   45.0000  -22.5000 2301.9988   35.2345
    0.0000   45.0000  -22.5000 2323.0154   35.2026
    7.5000   45.0000  -22.5000 2314.8438   35.0479
   -7.5000  -45.0000  -15.0000 2574.8647   31.5999
    0.0000  -45.0000  -15.0000 2576.6328   31.3640
    7.5000  -45.0000  -15.0000 2562.6182   31.3883
   -7.5000  -37.5000  -15.0000 2627.6555   29.2095
    0.0000  -37.5000  -15.0000 2625.0596   28.9089
    7.5000  -37.5000  -15.0000 2613.3245   28.9296
   -7.5000  -30.0000  -15.0000 2658.3777   27.3492
    0.0000  -30.0000  -15.0000 2658.4087   27.0099
    7.5000  -30.0000  -15.0000 2643.4631   27.0132
   -7.5000  -22.5000  -15.0000 2685.3223   25.8815
    0.0000  -22.5000  -15.0000 2673.1880   25.4705
    7.5000  -22.5000  -15.0000 2671.8560   25.5362
   -7.5000  -15.0000  -15.0000 2702.0637   24.9243
    0.0000  -15.0000  -15.0000 2696.1331   24.5592
    7.5000  -15.0000  -15.0000 2696.6223   24.6415
   -7.5000   -7.5000  -15.0000 2714.5664   24.5332
    0.0000   -7.5000  -15.0000 2716.6499   24.2150
    7.5000   -7.5000  -15.0000 2722.7429   24.3191
   -7.5000    0.0000  -15.0000 2718.8616   24.6301
    0.0000    0.0000  -15.0000 2732.4858   24.3614
    7.5000    0.0000  -15.0000 2734.7041   24.4846
   -7.5000    7.5000  -15.0000 2711.8586   25.1684
    0.0000    7.5000  -15.0000 2722.9805   24.8690
    7.5000    7.5000  -15.0000 2725.2974   24.9992
   -7.5000   15.0000  -15.0000 2679.2163   26.0619
    0.0000   15.0000  -15.0000 2687.5388   25.8128
    7.5000   15.0000  -15.0000 2690.7900   25.8537
   -7.5000   22.5000  -15.0000 2615.4561   27.4426
    0.0000   22.5000  -15.0000 2622.8105   27.1679
    7.5000   22.5000  -15.0000 2625.0146   27.2011
   -7.5000   30.0000  -15.0000 2531.4514   29.2795
    0.0000   30.0000  -15.0000 2539.9849   28.9944
    7.5000   30.0000  -15.0000 2533.7549   28.9906
   -7.5000   37.5000  -15.0000 2446.9993   31.5669
    0.0000   37.5000  -15.0000 2457.2349   31.3395
    7.5000   37.5000  -15.0000 2447.2786   31.2364
   -7.5000   45.0000  -15.0000 2344.9761   34.4624
    0.0000   45.0000  -15.0000 2355.1106   34.2871
    7.5000   45.0000  -15.0000 2342.1746   34.1144
   -7.5000  -45.0000   -7.5000 2614.2969   31.5696
    0.0000  -45.0000   -7.5000 2614.5930   31.3735
    7.5000  -45.0000   -7.5000 2594.5171   31.4028
   -7.5000  -37.5000   -7.5000 2665.3469   29.0548
    0.0000  -37.5000   -7.5000 2659.5273   28.7841
    7.5000  -37.5000   -7.5000 2644.6133   28.8229
   -7.5000  -30.0000   -7.5000 2698.5442   27.1700
    0.0000  -30.0000   -7.5000 2684.8596   26.7215
    7.5000  -30.0000   -7.5000 2679.2239   26.8603
   -7.5000  -22.5000   -7.5000 2710.1672   25.5466
    0.0000  -22.5000   -7.5000 2701.7288   25.0842
    7.5000  -22.5000   -7.5000 2694.0298   25.2165
   -7.5000  -15.0000   -7.5000 2727.5085   24.4084
    0.0000  -15.0000   -7.5000 2708.3342   23.8955
    7.5000  -15.0000   -7.5000 2717.3691   24.1595
   -7.5000   -7.5000   -7.5000 2740.0886   23.9182
    0.0000   -7.5000   -7.5000 2726.4788   23.5151
    7.5000   -7.5000   -7.5000 2746.6479   23.7813
   -7.5000    0.0000   -7.5000 2741.2712   24.0665
    0.0000    0.0000   -7.5000 2744.5176   23.6826
    7.5000    0.0000   -7.5000 2765.6838   23.9583
   -7.5000    7.5000   -7.5000 2736.4443   24.6574
    0.0000    7.5000   -7.5000 2741.0320   24.2671
    7.5000    7.5000   -7.5000 2758.6191   24.5266
   -7.5000   15.0000   -7.5000 2707.6038   25.5708
    0.0000   15.0000   -7.5000 2708.9365   25.2256
    7.5000   15.0000   -7.5000 2717.9285   25.3860
   -7.5000   22.5000   -7.5000 2654.5962   26.9215
    0.0000   22.5000   -7.5000 2652.4023   26.5702
    7.5000   22.5000   -7.5000 2653.0515   26.6896
   -7.5000   30.0000   -7.5000 2570.2017   28.6943
    0.0000   30.0000   -7.5000 2574.6812   28.3905
    7.5000   30.0000   -7.5000 2570.3823   28.4377
   -7.5000   37.5000   -7.5000 2478.7966   30.9223
    0.0000   37.5000   -7.5000 2488.3945   30.6743
    7.5000   37.5000   -7.5000 2476.7197   30.6914
   -7.5000   45.0000   -7.5000 2370.4316   33.8018
    0.0000   45.0000   -7.5000 2377.1257   33.6284
    7.5000   45.0000   -7.5000 2368.5471   33.5470
   -7.5000  -45.0000    0.0000 2641.3542   31.8170
    0.0000  -45.0000    0.0000 2642.6292   31.5833
    7.5000  -45.0000    0.0000 2621.0828   31.6699
   -7.5000  -37.5000    0.0000 2694.6331   29.2855
    0.0000  -37.5000    0.0000 2693.2297   28.9864
    7.5000  -37.5000    0.0000 2676.5176   29.0885
   -7.5000  -30.0000    0.0000 2721.6653   27.2438
    0.0000  -30.0000    0.0000 2714.3633   26.8805
    7.5000  -30.0000    0.0000 2703.4055   26.9946
   -7.5000  -22.5000    0.0000 2736.0146   25.5082
    0.0000  -22.5000    0.0000 2717.7781   25.0317
    7.5000  -22.5000    0.0000 2716.0103   25.2447
   -7.5000  -15.0000    0.0000 2737.4480   24.1630
    0.0000  -15.0000    0.0000 2707.4038   23.5071
    7.5000  -15.0000    0.0000 2725.3940   24.0293
   -7.5000   -7.5000    0.0000 2744.1936   23.5766
    0.0000   -7.5000    0.0000 2715.5503   22.9609
    7.5000   -7.5000    0.0000 2755.4668   23.5680
   -7.5000    0.0000    0.0000 2759.5049   23.8232
    0.0000    0.0000    0.0000 2740.7798   23.2900
    7.5000    0.0000    0.0000 2779.6692   23.7415
   -7.5000    7.5000    0.0000 2765.0342   24.4346
    0.0000    7.5000    0.0000 2753.1704   23.9385
    7.5000    7.5000    0.0000 2775.2214   24.2347
   -7.5000   15.0000    0.0000 2742.7065   25.3152
    0.0000   15.0000    0.0000 2725.7957   24.8386
    7.5000   15.0000    0.0000 2740.8616   25.0546
   -7.5000   22.5000    0.0000 2687.2673   26.6842
    0.0000   22.5000    0.0000 2669.9426   26.1661
    7.5000   22.5000    0.0000 2680.5791   26.3891
   -7.5000   30.0000    0.0000 2605.8738   28.4483
    0.0000   30.0000    0.0000 2597.1895   27.9366
    7.5000   30.0000    0.0000 2596.8457   28.1439
   -7.5000   37.5000    0.0000 2507.0754   30.6241
    0.0000   37.5000    0.0000 2504.1062   30.2535
    7.5000   37.5000    0.0000 2502.2527   30.3937
   -7.5000   45.0000    0.0000 2384.9619   33.3460
    0.0000   45.0000    0.0000 2391.5652   33.1421
    7.5000   45.0000    0.0000 2388.1714   33.2092
   -7.5000  -45.0000    7.5000 2639.0454   32.0992
    0.0000  -45.0000    7.5000 2639.2485   31.8741
    7.5000  -45.0000    7.5000 2623.6155   31.9750
   -7.5000  -37.5000    7.5000 2701.9270   29.5665
    0.0000  -37.5000    7.5000 2702.2852   29.3562
    7.5000  -37.5000    7.5000 2690.1497   29.3736
   -7.5000  -30.0000    7.5000 2744.9106   27.6348
    0.0000  -30.0000    7.5000 2744.8374   27.3644
    7.5000  -30.0000    7.5000 2734.2222   27.3320
   -7.5000  -22.5000    7.5000 2760.6736   25.9189
    0.0000  -22.5000    7.5000 2765.6699   25.6511
    7.5000  -22.5000    7.5000 2753.3984   25.6074
   -7.5000  -15.0000    7.5000 2764.3550   24.5982
    0.0000  -15.0000    7.5000 2750.2788   24.1389
    7.5000  -15.0000    7.5000 2756.9761   24.3964
   -7.5000   -7.5000    7.5000 2773.8528   23.9066
    0.0000   -7.5000    7.5000 2727.9133   23.1408
    7.5000   -7.5000    7.5000 2761.4937   23.7238
   -7.5000    0.0000    7.5000 2790.0095   23.9451
    0.0000    0.0000    7.5000 2744.9001   23.3120
    7.5000    0.0000    7.5000 2771.2097   23.5496
   -7.5000    7.5000    7.5000 2787.2297   24.4328
    0.0000    7.5000    7.5000 2751.6765   23.7736
    7.5000    7.5000    7.5000 2771.1655   23.9019
   -7.5000   15.0000    7.5000 2759.8005   25.2892
    0.0000   15.0000    7.5000 2731.0928   24.6205
    7.5000   15.0000    7.5000 2745.1133   24.7626
   -7.5000   22.5000    7.5000 2699.0491   26.5696
    0.0000   22.5000    7.5000 2680.6943   25.9886
    7.5000   22.5000    7.5000 2679.1521   26.0620
   -7.5000   30.0000    7.5000 2617.1199   28.3433
    0.0000   30.0000    7.5000 2619.5171   27.9112
    7.5000   30.0000    7.5000 2600.4763   27.9251
   -7.5000   37.5000    7.5000 2530.4771   30.5429
    0.0000   37.5000    7.5000 2540.0525   30.2797
    7.5000   37.5000    7.5000 2525.0073   30.2025
   -7.5000   45.0000    7.5000 2421.3716   33.3036
    0.0000   45.0000    7.5000 2430.3362   33.1724
    7.5000   45.0000    7.5000 2417.4492   32.9761
   -7.5000  -45.0000   15.0000 2644.5564   32.6440
    0.0000  -45.0000   15.0000 2644.5996   32.4756
    7.5000  -45.0000   15.0000 2630.3894   32.5038
   -7.5000  -37.5000   15.0000 2707.5850   30.0327
    0.0000  -37.5000   15.0000 2709.2656   29.8043
    7.5000  -37.5000   15.0000 2697.1643   29.7935
   -7.5000  -30.0000   15.0000 2773.3582   28.2395
    0.0000  -30.0000   15.0000 2770.8047   27.9456
    7.5000  -30.0000   15.0000 2747.4229   27.7344
   -7.5000  -22.5000   15.0000 2835.0491   27.0031
    0.0000  -22.5000   15.0000 2832.6079   26.6851
    7.5000  -22.5000   15.0000 2781.4077   26.1797
   -7.5000  -15.0000   15.0000 2865.4663   25.9050
    0.0000  -15.0000   15.0000 2857.7522   25.5456
    7.5000  -15.0000   15.0000 2791.7512   25.0943
   -7.5000   -7.5000   15.0000 2854.6140   25.0557
    0.0000   -7.5000   15.0000 2835.8442   24.4957
    7.5000   -7.5000   15.0000 2779.4312   24.2223
   -7.5000    0.0000   15.0000 2814.6108   24.3817
    0.0000    0.0000   15.0000 2786.3982   23.7789
    7.5000    0.0000   15.0000 2760.9595   23.6676
   -7.5000    7.5000   15.0000 2789.8923   24.4453
    0.0000    7.5000   15.0000 2762.0940   23.8322
    7.5000    7.5000   15.0000 2753.2688   23.7989
   -7.5000   15.0000   15.0000 2758.0269   25.2161
    0.0000   15.0000   15.0000 2737.2444   24.6365
    7.5000   15.0000   15.0000 2734.0984   24.6127
   -7.5000   22.5000   15.0000 2707.3972   26.6246
    0.0000   22.5000   15.0000 2697.6465   26.1336
    7.5000   22.5000   15.0000 2688.5730   26.1315
   -7.5000   30.0000   15.0000 2641.1858   28.5656
    0.0000   30.0000   15.0000 2643.9990   28.1351
    7.5000   30.0000   15.0000 2624.1560   28.1054
   -7.5000   37.5000   15.0000 2561.0715   30.8205
    0.0000   37.5000   15.0000 2571.9341   30.5310
    7.5000   37.5000   15.0000 2550.8333   30.4013
   -7.5000   45.0000   15.0000 2449.3735   33.5610
    0.0000   45.0000   15.0000 2473.0464   33.4549
    7.5000   45.0000   15.0000 2434.8271   33.1434
   -7.5000  -45.0000   22.5000 2683.4653   33.7894
    0.0000  -45.0000   22.5000 2677.6912   33.6742
    7.5000  -45.0000   22.5000 2655.8655   33.6580
   -7.5000  -37.5000   22.5000 2759.5134   31.2450
    0.0000  -37.5000   22.5000 2755.6362   31.0673
    7.5000  -37.5000   22.5000 2723.4370   30.8887
   -7.5000  -30.0000   22.5000 2830.1172   29.3626
    0.0000  -30.0000   22.5000 2823.4036   29.0950
    7.5000  -30.0000   22.5000 2780.7463   28.7691
   -7.5000  -22.5000   22.5000 2886.0403   28.0102
    0.0000  -22.5000   22.5000 2885.7664   27.7251
    7.5000  -22.5000   22.5000 2826.6104   27.2445
   -7.5000  -15.0000   22.5000 2921.3230   26.8633
    0.0000  -15.0000   22.5000 2916.6665   26.4811
    7.5000  -15.0000   22.5000 2839.1106   25.9948
   -7.5000   -7.5000   22.5000 2906.2441   25.8374
    0.0000   -7.5000   22.5000 2885.6946   25.1855
    7.5000   -7.5000   22.5000 2823.0276   25.0440
   -7.5000    0.0000   22.5000 2857.8225   25.1689
    0.0000    0.0000   22.5000 2841.7432   24.5373
    7.5000    0.0000   22.5000 2792.1912   24.4685
   -7.5000    7.5000   22.5000 2814.2222   25.1838
    0.0000    7.5000   22.5000 2811.8770   24.7274
    7.5000    7.5000   22.5000 2766.9414   24.6031
   -7.5000   15.0000   22.5000 2778.1128   25.8363
    0.0000   15.0000   22.5000 2772.7344   25.4421
    7.5000   15.0000   22.5000 2745.0847   25.3062
   -7.5000   22.5000   22.5000 2729.1670   27.1389
    0.0000   22.5000   22.5000 2720.6333   26.6844
    7.5000   22.5000   22.5000 2701.4385   26.5942
   -7.5000   30.0000   22.5000 2656.3271   28.9219
    0.0000   30.0000   22.5000 2658.1565   28.5455
    7.5000   30.0000   22.5000 2635.5398   28.4178
   -7.5000   37.5000   22.5000 2581.0022   31.1483
    0.0000   37.5000   22.5000 2588.2800   30.8551
    7.5000   37.5000   22.5000 2562.8372   30.7064
   -7.5000   45.0000   22.5000 2471.9585   33.9228
    0.0000   45.0000   22.5000 2485.9756   33.7051
    7.5000   45.0000   22.5000 2457.6650   33.5269
   -7.5000  -45.0000   30.0000 2687.9775   34.8557
    0.0000  -45.0000   30.0000 2688.0979   34.7951
    7.5000  -45.0000   30.0000 2665.2183   34.7963
   -7.5000  -37.5000   30.0000 2767.2305   32.1595
    0.0000  -37.5000   30.0000 2766.2200   31.9907
    7.5000  -37.5000   30.0000 2741.5747   31.9424
   -7.5000  -30.0000   30.0000 2834.2747   30.0469
    0.0000  -30.0000   30.0000 2834.3652   29.8282
    7.5000  -30.0000   30.0000 2806.6523   29.7581
   -7.5000  -22.5000   30.0000 2892.0552   28.5445
    0.0000  -22.5000   30.0000 2894.5505   28.2731
    7.5000  -22.5000   30.0000 2847.2366   28.0023
   -7.5000  -15.0000   30.0000 2910.0801   27.1759
    0.0000  -15.0000   30.0000 2904.3848   26.6925
    7.5000  -15.0000   30.0000 2856.1658   26.6883
   -7.5000   -7.5000   30.0000 2879.3838   26.0052
    0.0000   -7.5000   30.0000 2843.9548   25.2576
    7.5000   -7.5000   30.0000 2840.3074   25.6602
   -7.5000    0.0000   30.0000 2849.6096   25.6118
    0.0000    0.0000   30.0000 2837.7986   25.0758
    7.5000    0.0000   30.0000 2818.2759   25.2605
   -7.5000    7.5000   30.0000 2842.9700   26.0089
    0.0000    7.5000   30.0000 2838.3772   25.5986
    7.5000    7.5000   30.0000 2818.6279   25.6355
   -7.5000   15.0000   30.0000 2806.8674   26.8554
    0.0000   15.0000   30.0000 2810.5059   26.4755
    7.5000   15.0000   30.0000 2789.3105   26.4016
   -7.5000   22.5000   30.0000 2750.2439   28.1335
    0.0000   22.5000   30.0000 2754.6233   27.7884
    7.5000   22.5000   30.0000 2730.1921   27.6178
   -7.5000   30.0000   30.0000 2677.1204   29.7892
    0.0000   30.0000   30.0000 2682.1321   29.4178
    7.5000   30.0000   30.0000 2652.9243   29.2771
   -7.5000   37.5000   30.0000 2594.4741   31.8259
    0.0000   37.5000   30.0000 2599.5400   31.5682
    7.5000   37.5000   30.0000 2572.2363   31.3766
   -7.5000   45.0000   30.0000 2479.1614   34.5871
    0.0000   45.0000   30.0000 2489.4338   34.3899
    7.5000   45.0000   30.0000 2460.1492   34.1371
   -7.5000  -45.0000   37.5000 2673.1914   35.7301
    0.0000  -45.0000   37.5000 2680.8438   35.6823
    7.5000  -45.0000   37.5000 2664.8079   35.8542
   -7.5000  -37.5000   37.5000 2746.6233   32.7821
    0.0000  -37.5000   37.5000 2755.4500   32.6572
    7.5000  -37.5000   37.5000 2738.8022   32.8700
   -7.5000  -30.0000   37.5000 2807.4578   30.5093
    0.0000  -30.0000   37.5000 2815.5327   30.3749
    7.5000  -30.0000   37.5000 2803.3955   30.5275
   -7.5000  -22.5000   37.5000 2847.9268   28.6637
    0.0000  -22.5000   37.5000 2857.0244   28.4577
    7.5000  -22.5000   37.5000 2841.8640   28.6655
   -7.5000  -15.0000   37.5000 2855.5044   27.2285
    0.0000  -15.0000   37.5000 2841.4524   26.6823
    7.5000  -15.0000   37.5000 2843.5188   27.1983
   -7.5000   -7.5000   37.5000 2843.5361   26.3312
    0.0000   -7.5000   37.5000 2821.5713   25.7255
    7.5000   -7.5000   37.5000 2828.9753   26.1902
   -7.5000    0.0000   37.5000 2858.9883   26.3270
    0.0000    0.0000   37.5000 2862.7993   25.9358
    7.5000    0.0000   37.5000 2847.5474   26.1297
   -7.5000    7.5000   37.5000 2866.7803   26.9573
    0.0000    7.5000   37.5000 2868.4487   26.6034
    7.5000    7.5000   37.5000 2846.9978   26.6410
   -7.5000   15.0000   37.5000 2835.6348   28.0151
    0.0000   15.0000   37.5000 2833.5652   27.6300
    7.5000   15.0000   37.5000 2814.9546   27.5965
   -7.5000   22.5000   37.5000 2771.2415   29.3167
    0.0000   22.5000   37.5000 2777.4111   28.9715
    7.5000   22.5000   37.5000 2753.0859   28.8533
   -7.5000   30.0000   37.5000 2690.6965   30.9461
    0.0000   30.0000   37.5000 2697.8926   30.6389
    7.5000   30.0000   37.5000 2667.0022   30.4259
   -7.5000   37.5000   37.5000 2596.3779   32.8822
    0.0000   37.5000   37.5000 2600.2876   32.6717
    7.5000   37.5000   37.5000 2581.3003   32.4612
   -7.5000   45.0000   37.5000 2472.3257   35.4633
    0.0000   45.0000   37.5000 2477.7566   35.3398
    7.5000   45.0000   37.5000 2457.5867   35.1451
   -7.5000  -45.0000   45.0000 2644.7610   36.3080
    0.0000  -45.0000   45.0000 2653.4797   36.3084
    7.5000  -45.0000   45.0000 2655.0522   36.8502
   -7.5000  -37.5000   45.0000 2713.2698   33.2755
    0.0000  -37.5000   45.0000 2728.3179   33.2648
    7.5000  -37.5000   45.0000 2729.3826   33.7800
   -7.5000  -30.0000   45.0000 2767.7178   30.9488
    0.0000  -30.0000   45.0000 2781.9958   30.8530
    7.5000  -30.0000   45.0000 2790.5288   31.3541
   -7.5000  -22.5000   45.0000 2806.1648   29.0718
    0.0000  -22.5000   45.0000 2814.4155   28.7588
    7.5000  -22.5000   45.0000 2819.8782   29.3143
   -7.5000  -15.0000   45.0000 2824.9890   27.7055
    0.0000  -15.0000   45.0000 2808.9744   27.1064
    7.5000  -15.0000   45.0000 2815.3716   27.7739
   -7.5000   -7.5000   45.0000 2839.8203   27.0710
    0.0000   -7.5000   45.0000 2835.1401   26.6885
    7.5000   -7.5000   45.0000 2840.4634   27.0940
   -7.5000    0.0000   45.0000 2865.2231   27.2588
    0.0000    0.0000   45.0000 2871.7188   26.9631
    7.5000    0.0000   45.0000 2865.0632   27.1586
   -7.5000    7.5000   45.0000 2876.6113   27.9739
    0.0000    7.5000   45.0000 2875.7324   27.6309
    7.5000    7.5000   45.0000 2859.4639   27.6981
   -7.5000   15.0000   45.0000 2839.9182   29.0593
    0.0000   15.0000   45.0000 2841.8740   28.7216
    7.5000   15.0000   45.0000 2821.9146   28.6851
   -7.5000   22.5000   45.0000 2770.6353   30.3899
    0.0000   22.5000   45.0000 2779.3313   30.1058
    7.5000   22.5000   45.0000 2754.2563   29.9987
   -7.5000   30.0000   45.0000 2687.1311   32.0914
    0.0000   30.0000   45.0000 2692.7078   31.8531
    7.5000   30.0000   45.0000 2674.9851   31.7047
   -7.5000   37.5000   45.0000 2587.8938   34.1079
    0.0000   37.5000   45.0000 2593.8403   33.8907
    7.5000   37.5000   45.0000 2574.8188   33.7266
   -7.5000   45.0000   45.0000 2461.0427   36.8143
    0.0000   45.0000   45.0000 2478.5159   36.6736
    7.5000   45.0000   45.0000 2454.0029   36.4730

---------------------------------------------------------------------
imgreg_4dfp /opt/freesurfer/average/711-2C_as_mni_average_305 /opt/freesurfer/average/711-2B_as_mni_average_305_mask talsrcimg_g11 none talsrcimg_to_711-2C_as_mni_average_305_t4 1283
---------------------------------------------------------------------

freesurfer imgreg_4dfp.c
/opt/freesurfer/average/711-2C_as_mni_average_305.4dfp.img
       256       256       256         1
  1.000000  1.000000  1.000000
orientation T byte_order littleendian
Reading image: /opt/freesurfer/average/711-2C_as_mni_average_305.4dfp.img
dimensions:      256       256       256
mmppix:       1.0000   -1.0000   -1.0000
center:     128.0000 -129.0000 -129.0000
/opt/freesurfer/average/711-2B_as_mni_average_305_mask.4dfp.img
       256       256       256         1
  1.000000  1.000000  1.000000
orientation T byte_order littleendian
Reading mask: /opt/freesurfer/average/711-2B_as_mni_average_305_mask.4dfp.img (2306576 pixels)
talsrcimg_g11.4dfp.img
       320       320       320         1
  0.800000  0.800000  0.800000
orientation T byte_order littleendian
Reading image: talsrcimg_g11.4dfp.img
dimensions:      320       320       320
mmppix:       0.8000   -0.8000   -0.8000
center:     128.0000 -128.8000 -128.8000
rotation matrix determinant  1.000000
fimgreg.f
image alignment mode   1283 decimal      503 hex
parameters
   -7.5000  -15.0000   22.5000    0.0000    0.0000    0.0000
eta,q 0.91649 26.93423
niter,ni,del,rscale     5    3   12.0000    1.2000
parameter  1 -0.554341 -> -0.500000 qaram    1.1500
parameter  4  1.424161 ->  0.500000 qaram    1.1500
parameter  6  1.103551 ->  0.500000 qaram    1.1500
parameters
   -4.0500  -14.7214   23.1978   -3.4500   -1.3907   -3.4500
eta,q 0.92603 27.00975
  0.1001  0.0864  0.0885  0.0778  0.0808  0.0743
  0.0966  0.0827  0.0843  0.0769  0.0783  0.0739
  0.0909  0.0805  0.0826  0.0779  0.0769  0.0747
  0.0845  0.0807  0.0809  0.0804  0.0770  0.0768
  0.0809  0.0825  0.0803  0.0825  0.0789  0.0795
  0.0812  0.0834  0.0821  0.0843  0.0829  0.0821
  0.0857  0.0840  0.0861  0.0859  0.0866  0.0843
niter,ni,del,rscale     7    3   12.0000    1.2000
parameters
   -3.7170  -14.0143   22.0499   -5.8404   -2.1143   -4.7634
eta,q 0.92758 27.10257
  0.0945  0.0883  0.0803  0.0766  0.0793  0.0775
  0.0859  0.0819  0.0766  0.0743  0.0763  0.0744
  0.0764  0.0764  0.0747  0.0732  0.0735  0.0726
  0.0740  0.0744  0.0745  0.0744  0.0732  0.0729
  0.0792  0.0760  0.0769  0.0770  0.0755  0.0752
  0.0857  0.0795  0.0815  0.0799  0.0791  0.0784
  0.0888  0.0823  0.0872  0.0826  0.0822  0.0818
niter,ni,del,rscale     6    3   12.0000    1.2000
parameters
   -3.4170  -13.1010   21.5674   -7.0625   -2.5036   -4.8158
eta,q 0.92796 27.03686
  0.0940  0.0881  0.0817  0.0763  0.0795  0.0784
  0.0857  0.0812  0.0755  0.0740  0.0767  0.0751
  0.0760  0.0757  0.0728  0.0727  0.0730  0.0728
  0.0724  0.0727  0.0725  0.0724  0.0722  0.0720
  0.0783  0.0735  0.0744  0.0747  0.0749  0.0731
  0.0850  0.0772  0.0786  0.0766  0.0784  0.0751
  0.0890  0.0808  0.0843  0.0794  0.0807  0.0785
niter,ni,del,rscale     5    3   12.0000    1.2000
parameters
   -3.2133  -12.5932   21.3079   -7.8288   -2.7180   -4.7568
eta,q 0.92792 26.97405
  0.0938  0.0861  0.0827  0.0768  0.0796  0.0780
  0.0844  0.0797  0.0755  0.0742  0.0768  0.0747
  0.0757  0.0746  0.0727  0.0725  0.0732  0.0728
  0.0720  0.0723  0.0723  0.0722  0.0722  0.0721
  0.0786  0.0735  0.0742  0.0740  0.0746  0.0727
  0.0852  0.0770  0.0781  0.0765  0.0779  0.0745
  0.0890  0.0822  0.0834  0.0784  0.0800  0.0779
niter,ni,del,rscale     4    3   12.0000    1.2000
parameters
   -3.1237  -12.3397   21.2032   -8.3184   -2.8362   -4.7523
eta,q 0.92798 26.94398
  0.0933  0.0853  0.0832  0.0771  0.0797  0.0778
  0.0836  0.0790  0.0755  0.0748  0.0768  0.0745
  0.0755  0.0742  0.0726  0.0725  0.0733  0.0726
  0.0721  0.0722  0.0722  0.0721  0.0721  0.0720
  0.0790  0.0731  0.0740  0.0734  0.0743  0.0726
  0.0856  0.0772  0.0776  0.0763  0.0776  0.0744
  0.0894  0.0836  0.0825  0.0782  0.0797  0.0779
niter,ni,del,rscale     3    3   12.0000    1.2000
parameters
   -3.1070  -12.1875   21.1678   -8.6358   -2.8569   -4.7965
eta,q 0.92808 26.93134
  0.0930  0.0849  0.0833  0.0772  0.0798  0.0777
  0.0831  0.0787  0.0754  0.0753  0.0769  0.0744
  0.0753  0.0741  0.0724  0.0726  0.0734  0.0725
  0.0720  0.0720  0.0720  0.0720  0.0719  0.0719
  0.0792  0.0729  0.0739  0.0732  0.0741  0.0726
  0.0858  0.0774  0.0772  0.0760  0.0773  0.0744
  0.0897  0.0842  0.0820  0.0781  0.0795  0.0779
niter,ni,del,rscale     2    3   12.0000    1.2000
parameters
   -3.1354  -12.0821   21.1446   -8.8400   -2.8245   -4.8596
eta,q 0.92819 26.92579
  0.0928  0.0846  0.0831  0.0772  0.0798  0.0776
  0.0828  0.0786  0.0753  0.0755  0.0770  0.0743
  0.0751  0.0742  0.0722  0.0728  0.0734  0.0724
  0.0719  0.0719  0.0718  0.0718  0.0718  0.0718
  0.0792  0.0727  0.0738  0.0730  0.0739  0.0726
  0.0859  0.0774  0.0770  0.0757  0.0770  0.0744
  0.0898  0.0846  0.0817  0.0779  0.0793  0.0778
niter,ni,del,rscale     1    3   12.0000    1.2000
parameters
   -3.1774  -12.0059   21.1224   -8.9663   -2.7706   -4.9194
eta,q 0.92829 26.92214
  0.0928  0.0844  0.0830  0.0772  0.0797  0.0776
  0.0827  0.0786  0.0752  0.0756  0.0770  0.0742
  0.0750  0.0742  0.0721  0.0729  0.0734  0.0723
  0.0718  0.0718  0.0717  0.0717  0.0717  0.0717
  0.0791  0.0726  0.0737  0.0728  0.0737  0.0725
  0.0859  0.0774  0.0769  0.0755  0.0769  0.0744
  0.0899  0.0848  0.0817  0.0779  0.0793  0.0777
registration optimization eta report
parameter search radius
    6.9000    6.0000    6.0000    6.9000    6.0000    6.9000
100000*second partial in parameter space
       37.       35.       29.       12.       20.       12.
  0.0928  0.0844  0.0830  0.0772  0.0797  0.0776
  0.0827  0.0786  0.0752  0.0756  0.0770  0.0742
  0.0750  0.0742  0.0721  0.0729  0.0734  0.0723
  0.0718  0.0718  0.0717  0.0717  0.0717  0.0717
  0.0791  0.0726  0.0737  0.0728  0.0737  0.0725
  0.0859  0.0774  0.0769  0.0755  0.0769  0.0744
  0.0899  0.0848  0.0817  0.0779  0.0793  0.0777
   -3.1774  -12.0059   21.1224   -8.9663   -2.7706   -4.9194
eta,q 0.92829 26.92214

---------------------------------------------------------------------
imgreg_4dfp /opt/freesurfer/average/711-2C_as_mni_average_305 /opt/freesurfer/average/711-2B_as_mni_average_305_mask talsrcimg_g11 none talsrcimg_to_711-2C_as_mni_average_305_t4 3335
---------------------------------------------------------------------

freesurfer imgreg_4dfp.c
/opt/freesurfer/average/711-2C_as_mni_average_305.4dfp.img
       256       256       256         1
  1.000000  1.000000  1.000000
orientation T byte_order littleendian
Reading image: /opt/freesurfer/average/711-2C_as_mni_average_305.4dfp.img
dimensions:      256       256       256
mmppix:       1.0000   -1.0000   -1.0000
center:     128.0000 -129.0000 -129.0000
/opt/freesurfer/average/711-2B_as_mni_average_305_mask.4dfp.img
       256       256       256         1
  1.000000  1.000000  1.000000
orientation T byte_order littleendian
Reading mask: /opt/freesurfer/average/711-2B_as_mni_average_305_mask.4dfp.img (2306576 pixels)
talsrcimg_g11.4dfp.img
       320       320       320         1
  0.800000  0.800000  0.800000
orientation T byte_order littleendian
Reading image: talsrcimg_g11.4dfp.img
dimensions:      320       320       320
mmppix:       0.8000   -0.8000   -0.8000
center:     128.0000 -128.8000 -128.8000
fimgreg.f
image alignment mode   3335 decimal      D07 hex
parameters
   -3.1774  -12.0059   21.1224   -0.4848   -1.5212   -1.3374
    7.7201    6.0936   -8.5654   15.1185   -4.8337  -15.5671
eta,q 0.92857 27.16354
niter,ni,del,rscale     5    3    5.0000    1.2000
parameter  4  1.357316 ->  0.500000 qaram    1.1500
parameter  5  1.373004 ->  0.500000 qaram    1.1500
parameter 11 -0.592016 -> -0.500000 qaram    1.1500
parameter 12 -0.532958 -> -0.500000 qaram    1.1500
parameters
   -2.4483  -12.0256   20.4464   -4.6248   -5.6612   -4.8048
    8.7330    4.2074   -7.6694   16.0272   -0.6937  -11.4271
eta,q 0.94332 27.77741
  0.0770  0.0725  0.0716  0.0612  0.0566  0.0572  0.0620  0.0594  0.0599  0.0603  0.0591  0.0592
  0.0746  0.0717  0.0711  0.0621  0.0576  0.0575  0.0599  0.0579  0.0585  0.0588  0.0583  0.0582
  0.0727  0.0711  0.0709  0.0654  0.0597  0.0578  0.0584  0.0574  0.0577  0.0578  0.0577  0.0574
  0.0714  0.0710  0.0710  0.0709  0.0627  0.0581  0.0577  0.0576  0.0574  0.0574  0.0573  0.0570
  0.0710  0.0712  0.0714  0.0783  0.0667  0.0583  0.0578  0.0586  0.0575  0.0572  0.0570  0.0567
  0.0715  0.0717  0.0722  0.0864  0.0713  0.0606  0.0586  0.0604  0.0580  0.0578  0.0570  0.0567
  0.0729  0.0726  0.0732  0.0934  0.0761  0.0656  0.0602  0.0640  0.0588  0.0592  0.0571  0.0569
niter,ni,del,rscale     7    3    5.0000    1.2000
parameter  2 -0.991177 -> -0.500000 qaram    1.1500
parameter  5  0.564771 ->  0.500000 qaram    1.3225
parameter  6  1.099259 ->  0.500000 qaram    1.1500
parameter 11 -0.546323 -> -0.500000 qaram    1.3225
parameters
   -2.8341  -10.6456   20.5847   -8.1593  -10.4222   -8.9448
    8.5603    4.0807   -8.0556   15.3700    4.0673   -9.2998
eta,q 0.94760 27.70847
  0.0592  0.0619  0.0560  0.0564  0.0538  0.0525  0.0542  0.0538  0.0538  0.0539  0.0534  0.0530
  0.0575  0.0598  0.0555  0.0553  0.0532  0.0525  0.0533  0.0532  0.0531  0.0532  0.0531  0.0527
  0.0567  0.0580  0.0552  0.0543  0.0532  0.0527  0.0528  0.0527  0.0527  0.0527  0.0528  0.0526
  0.0567  0.0566  0.0550  0.0550  0.0545  0.0531  0.0526  0.0526  0.0526  0.0526  0.0526  0.0524
  0.0575  0.0555  0.0551  0.0590  0.0570  0.0536  0.0528  0.0527  0.0528  0.0528  0.0524  0.0524
  0.0592  0.0549  0.0553  0.0660  0.0606  0.0541  0.0534  0.0531  0.0533  0.0534  0.0524  0.0524
  0.0615  0.0549  0.0559  0.0743  0.0652  0.0547  0.0544  0.0540  0.0542  0.0547  0.0526  0.0526
niter,ni,del,rscale     7    3    5.0000    1.2000
parameter  2 -1.160051 -> -0.500000 qaram    1.3225
parameter  3 -1.707317 -> -0.500000 qaram    1.1500
parameters
   -3.0247   -9.0586   21.9647   -9.4288  -12.3662  -11.8423
    8.9088    4.0384   -8.3776   14.6811    5.2512  -11.0734
eta,q 0.95008 27.71187
  0.0539  0.0586  0.0527  0.0529  0.0528  0.0507  0.0518  0.0513  0.0513  0.0512  0.0507  0.0502
  0.0530  0.0562  0.0519  0.0520  0.0514  0.0502  0.0509  0.0506  0.0505  0.0506  0.0504  0.0500
  0.0525  0.0541  0.0511  0.0507  0.0503  0.0500  0.0503  0.0502  0.0501  0.0501  0.0501  0.0499
  0.0524  0.0524  0.0504  0.0495  0.0500  0.0501  0.0500  0.0499  0.0499  0.0499  0.0500  0.0499
  0.0527  0.0511  0.0498  0.0497  0.0511  0.0508  0.0501  0.0500  0.0502  0.0501  0.0499  0.0500
  0.0534  0.0502  0.0494  0.0528  0.0536  0.0522  0.0506  0.0505  0.0507  0.0508  0.0501  0.0503
  0.0545  0.0500  0.0492  0.0588  0.0577  0.0541  0.0515  0.0515  0.0516  0.0521  0.0505  0.0507
niter,ni,del,rscale     7    3    5.0000    1.2000
parameter  2 -0.685141 -> -0.500000 qaram    1.5209
parameter  3 -1.206595 -> -0.500000 qaram    1.3225
parameters
   -2.9512   -7.2335   23.5517  -10.2934  -13.5079  -13.4875
    8.9383    3.9439   -8.6928   13.7316    5.6458  -12.0548
eta,q 0.95153 27.69287
  0.0515  0.0557  0.0508  0.0510  0.0520  0.0498  0.0504  0.0498  0.0498  0.0497  0.0492  0.0490
  0.0506  0.0534  0.0501  0.0502  0.0503  0.0491  0.0494  0.0491  0.0491  0.0490  0.0489  0.0487
  0.0501  0.0514  0.0494  0.0491  0.0489  0.0486  0.0488  0.0487  0.0486  0.0486  0.0486  0.0485
  0.0499  0.0499  0.0487  0.0480  0.0484  0.0484  0.0485  0.0485  0.0485  0.0485  0.0485  0.0485
  0.0500  0.0490  0.0483  0.0477  0.0492  0.0488  0.0487  0.0486  0.0487  0.0488  0.0485  0.0486
  0.0505  0.0487  0.0480  0.0498  0.0514  0.0501  0.0493  0.0490  0.0493  0.0495  0.0487  0.0489
  0.0513  0.0491  0.0479  0.0550  0.0551  0.0522  0.0504  0.0499  0.0501  0.0509  0.0492  0.0495
niter,ni,del,rscale     7    3    5.0000    1.2000
parameter  3 -0.704592 -> -0.500000 qaram    1.5209
parameters
   -2.9379   -6.6168   25.3768  -10.8654  -14.1604  -14.5593
    9.0233    3.3774   -8.7808   12.5179    3.8460  -11.1361
eta,q 0.95188 27.76926
  0.0499  0.0529  0.0503  0.0506  0.0521  0.0497  0.0502  0.0493  0.0496  0.0494  0.0487  0.0493
  0.0491  0.0508  0.0496  0.0498  0.0504  0.0490  0.0492  0.0487  0.0488  0.0487  0.0483  0.0488
  0.0486  0.0493  0.0489  0.0489  0.0488  0.0484  0.0485  0.0483  0.0483  0.0483  0.0482  0.0484
  0.0485  0.0485  0.0484  0.0479  0.0481  0.0481  0.0482  0.0482  0.0482  0.0482  0.0482  0.0482
  0.0486  0.0485  0.0480  0.0474  0.0487  0.0483  0.0484  0.0484  0.0484  0.0485  0.0484  0.0481
  0.0491  0.0492  0.0479  0.0490  0.0507  0.0495  0.0491  0.0489  0.0489  0.0494  0.0488  0.0484
  0.0499  0.0507  0.0481  0.0535  0.0541  0.0515  0.0502  0.0498  0.0496  0.0509  0.0494  0.0490
niter,ni,del,rscale     7    3    5.0000    1.2000
parameters
   -2.8163   -6.5516   26.6730  -10.9707  -14.5594  -15.2947
    9.1872    2.9305   -8.6627   11.3528    2.5533  -10.0408
eta,q 0.95208 27.82438
  0.0497  0.0517  0.0501  0.0506  0.0522  0.0497  0.0502  0.0493  0.0495  0.0493  0.0487  0.0493
  0.0489  0.0498  0.0494  0.0498  0.0504  0.0489  0.0491  0.0485  0.0486  0.0486  0.0482  0.0487
  0.0483  0.0486  0.0487  0.0489  0.0487  0.0483  0.0483  0.0481  0.0481  0.0481  0.0480  0.0483
  0.0481  0.0481  0.0481  0.0479  0.0479  0.0479  0.0480  0.0480  0.0480  0.0480  0.0480  0.0480
  0.0482  0.0485  0.0479  0.0473  0.0484  0.0481  0.0482  0.0482  0.0482  0.0483  0.0482  0.0479
  0.0486  0.0496  0.0480  0.0485  0.0503  0.0491  0.0489  0.0488  0.0486  0.0493  0.0486  0.0482
  0.0494  0.0515  0.0486  0.0523  0.0536  0.0511  0.0501  0.0496  0.0493  0.0509  0.0492  0.0489
niter,ni,del,rscale     6    3    5.0000    1.2000
parameters
   -2.8004   -6.6049   27.4066  -10.9557  -14.8089  -15.6301
    9.3392    2.8300   -8.4033   10.5579    2.0716   -9.3324
eta,q 0.95218 27.84917
  0.0495  0.0514  0.0498  0.0507  0.0522  0.0498  0.0501  0.0494  0.0494  0.0494  0.0489  0.0492
  0.0486  0.0496  0.0490  0.0499  0.0504  0.0489  0.0490  0.0485  0.0486  0.0487  0.0483  0.0486
  0.0481  0.0483  0.0484  0.0489  0.0487  0.0483  0.0482  0.0480  0.0480  0.0481  0.0479  0.0482
  0.0479  0.0479  0.0479  0.0478  0.0478  0.0478  0.0478  0.0478  0.0478  0.0478  0.0479  0.0479
  0.0481  0.0484  0.0478  0.0472  0.0482  0.0478  0.0480  0.0481  0.0480  0.0481  0.0480  0.0478
  0.0486  0.0496  0.0480  0.0484  0.0501  0.0487  0.0488  0.0486  0.0485  0.0491  0.0484  0.0482
  0.0494  0.0516  0.0489  0.0521  0.0534  0.0507  0.0500  0.0495  0.0492  0.0506  0.0491  0.0490
niter,ni,del,rscale     5    3    5.0000    1.2000
parameters
   -2.8742   -6.6463   27.7870  -10.9597  -14.9758  -15.8054
    9.3986    2.8874   -8.1266   10.0775    2.0079   -8.8565
eta,q 0.95220 27.85924
  0.0494  0.0513  0.0495  0.0508  0.0522  0.0498  0.0501  0.0495  0.0494  0.0495  0.0490  0.0492
  0.0485  0.0495  0.0488  0.0499  0.0504  0.0490  0.0489  0.0486  0.0485  0.0488  0.0483  0.0486
  0.0480  0.0483  0.0482  0.0489  0.0487  0.0483  0.0481  0.0480  0.0480  0.0481  0.0480  0.0481
  0.0478  0.0478  0.0478  0.0478  0.0478  0.0478  0.0478  0.0478  0.0478  0.0478  0.0478  0.0478
  0.0480  0.0483  0.0477  0.0473  0.0481  0.0478  0.0480  0.0480  0.0480  0.0480  0.0480  0.0478
  0.0486  0.0495  0.0481  0.0485  0.0500  0.0486  0.0488  0.0486  0.0484  0.0489  0.0484  0.0482
  0.0496  0.0516  0.0491  0.0523  0.0532  0.0505  0.0501  0.0494  0.0491  0.0504  0.0490  0.0491
niter,ni,del,rscale     4    3    5.0000    1.2000
parameters
   -2.9558   -6.6580   27.9872  -10.9752  -15.1091  -15.9528
    9.4091    2.9564   -7.9159    9.7873    2.0812   -8.5069
eta,q 0.95219 27.86276
  0.0494  0.0514  0.0494  0.0508  0.0522  0.0498  0.0501  0.0495  0.0494  0.0496  0.0490  0.0492
  0.0485  0.0496  0.0487  0.0500  0.0504  0.0490  0.0489  0.0486  0.0485  0.0488  0.0484  0.0486
  0.0480  0.0483  0.0482  0.0489  0.0487  0.0483  0.0481  0.0480  0.0480  0.0482  0.0480  0.0481
  0.0478  0.0478  0.0478  0.0478  0.0478  0.0478  0.0478  0.0478  0.0478  0.0478  0.0478  0.0478
  0.0480  0.0482  0.0478  0.0473  0.0481  0.0478  0.0480  0.0480  0.0480  0.0480  0.0479  0.0478
  0.0486  0.0495  0.0482  0.0485  0.0500  0.0486  0.0488  0.0486  0.0484  0.0488  0.0483  0.0483
  0.0496  0.0515  0.0493  0.0523  0.0532  0.0505  0.0502  0.0494  0.0492  0.0503  0.0490  0.0492
niter,ni,del,rscale     3    3    5.0000    1.2000
parameters
   -3.0138   -6.6533   28.1094  -10.9889  -15.2168  -16.0928
    9.3910    3.0003   -7.7763    9.5925    2.1629   -8.2489
eta,q 0.95217 27.86369
  0.0494  0.0514  0.0494  0.0508  0.0523  0.0498  0.0501  0.0495  0.0493  0.0497  0.0491  0.0492
  0.0485  0.0496  0.0487  0.0500  0.0504  0.0490  0.0489  0.0486  0.0485  0.0489  0.0484  0.0486
  0.0480  0.0483  0.0482  0.0489  0.0488  0.0483  0.0481  0.0480  0.0480  0.0482  0.0480  0.0481
  0.0478  0.0478  0.0478  0.0478  0.0478  0.0478  0.0478  0.0478  0.0478  0.0478  0.0478  0.0478
  0.0480  0.0482  0.0478  0.0473  0.0481  0.0478  0.0481  0.0480  0.0480  0.0479  0.0480  0.0479
  0.0486  0.0494  0.0483  0.0486  0.0499  0.0486  0.0489  0.0486  0.0485  0.0487  0.0484  0.0483
  0.0496  0.0515  0.0495  0.0524  0.0531  0.0504  0.0502  0.0495  0.0492  0.0502  0.0490  0.0492
niter,ni,del,rscale     2    3    5.0000    1.2000
parameters
   -3.0473   -6.6384   28.2025  -11.0025  -15.3071  -16.2176
    9.3748    3.0152   -7.6765    9.4420    2.2153   -8.0504
eta,q 0.95216 27.86343
  0.0495  0.0514  0.0494  0.0509  0.0523  0.0498  0.0501  0.0495  0.0493  0.0497  0.0491  0.0492
  0.0486  0.0496  0.0487  0.0500  0.0505  0.0490  0.0490  0.0486  0.0485  0.0489  0.0484  0.0486
  0.0480  0.0484  0.0482  0.0489  0.0488  0.0483  0.0482  0.0480  0.0480  0.0482  0.0480  0.0481
  0.0478  0.0478  0.0478  0.0478  0.0478  0.0478  0.0478  0.0478  0.0478  0.0478  0.0479  0.0479
  0.0480  0.0482  0.0478  0.0473  0.0482  0.0478  0.0481  0.0481  0.0480  0.0480  0.0480  0.0479
  0.0486  0.0494  0.0484  0.0486  0.0499  0.0486  0.0489  0.0486  0.0485  0.0487  0.0484  0.0483
  0.0496  0.0515  0.0495  0.0524  0.0531  0.0504  0.0502  0.0495  0.0492  0.0502  0.0491  0.0493
niter,ni,del,rscale     1    3    5.0000    1.2000
parameters
   -3.0649   -6.6224   28.2799  -11.0159  -15.3828  -16.3209
    9.3519    3.0101   -7.6158    9.3192    2.2365   -7.8919
eta,q 0.95214 27.86301
  0.0495  0.0514  0.0494  0.0509  0.0523  0.0498  0.0501  0.0495  0.0493  0.0497  0.0491  0.0493
  0.0486  0.0496  0.0487  0.0501  0.0505  0.0490  0.0490  0.0486  0.0485  0.0489  0.0484  0.0486
  0.0480  0.0484  0.0482  0.0490  0.0488  0.0483  0.0482  0.0480  0.0480  0.0482  0.0480  0.0482
  0.0478  0.0478  0.0478  0.0478  0.0478  0.0478  0.0479  0.0479  0.0479  0.0479  0.0479  0.0479
  0.0480  0.0482  0.0479  0.0473  0.0482  0.0478  0.0481  0.0481  0.0480  0.0480  0.0480  0.0479
  0.0486  0.0494  0.0484  0.0486  0.0499  0.0486  0.0489  0.0487  0.0485  0.0487  0.0484  0.0484
  0.0496  0.0515  0.0495  0.0524  0.0531  0.0504  0.0502  0.0495  0.0492  0.0501  0.0491  0.0493
registration optimization eta report
parameter search radius
    2.4000    3.6501    3.6501    8.2800    9.5220    8.2800
    7.2000    7.2000    7.2000    7.2000    9.5220    8.2800
100000*second partial in parameter space
       30.       27.       12.        6.        5.        3.
        4.        3.        3.        4.        1.        2.
  0.0495  0.0514  0.0494  0.0509  0.0523  0.0498  0.0501  0.0495  0.0493  0.0497  0.0491  0.0493
  0.0486  0.0496  0.0487  0.0501  0.0505  0.0490  0.0490  0.0486  0.0485  0.0489  0.0484  0.0486
  0.0480  0.0484  0.0482  0.0490  0.0488  0.0483  0.0482  0.0480  0.0480  0.0482  0.0480  0.0482
  0.0478  0.0478  0.0478  0.0478  0.0478  0.0478  0.0479  0.0479  0.0479  0.0479  0.0479  0.0479
  0.0480  0.0482  0.0479  0.0473  0.0482  0.0478  0.0481  0.0481  0.0480  0.0480  0.0480  0.0479
  0.0486  0.0494  0.0484  0.0486  0.0499  0.0486  0.0489  0.0487  0.0485  0.0487  0.0484  0.0484
  0.0496  0.0515  0.0495  0.0524  0.0531  0.0504  0.0502  0.0495  0.0492  0.0501  0.0491  0.0493
   -3.0649   -6.6224   28.2799  -11.0159  -15.3828  -16.3209
    9.3519    3.0101   -7.6158    9.3192    2.2365   -7.8919
eta,q 0.95214 27.86301

---------------------------------------------------------------------
imgreg_4dfp /opt/freesurfer/average/711-2C_as_mni_average_305 /opt/freesurfer/average/711-2B_as_mni_average_305_mask talsrcimg_g11 none talsrcimg_to_711-2C_as_mni_average_305_t4 2311
---------------------------------------------------------------------

freesurfer imgreg_4dfp.c
/opt/freesurfer/average/711-2C_as_mni_average_305.4dfp.img
       256       256       256         1
  1.000000  1.000000  1.000000
orientation T byte_order littleendian
Reading image: /opt/freesurfer/average/711-2C_as_mni_average_305.4dfp.img
dimensions:      256       256       256
mmppix:       1.0000   -1.0000   -1.0000
center:     128.0000 -129.0000 -129.0000
/opt/freesurfer/average/711-2B_as_mni_average_305_mask.4dfp.img
       256       256       256         1
  1.000000  1.000000  1.000000
orientation T byte_order littleendian
Reading mask: /opt/freesurfer/average/711-2B_as_mni_average_305_mask.4dfp.img (2306576 pixels)
talsrcimg_g11.4dfp.img
       320       320       320         1
  0.800000  0.800000  0.800000
orientation T byte_order littleendian
Reading image: talsrcimg_g11.4dfp.img
dimensions:      320       320       320
mmppix:       0.8000   -0.8000   -0.8000
center:     128.0000 -128.8000 -128.8000
fimgreg.f
image alignment mode   2311 decimal      907 hex
parameters
   -3.0649   -6.6224   28.2799  -11.0159  -15.3828  -16.3209
    9.3519    3.0101   -7.6158    9.3192    2.2365   -7.8919
eta,q 0.95214 27.86300
niter,ni,del,rscale     5    3    5.0000    0.8000
parameters
   -3.0683   -6.4999   28.7222   -9.2479  -15.8205  -16.0652
    9.4041    2.5789   -7.5087    9.1941    2.1934   -8.0378
eta,q 0.95258 27.79368
  0.0486  0.0487  0.0483  0.0497  0.0487  0.0483  0.0487  0.0482  0.0483  0.0484  0.0478  0.0479
  0.0482  0.0483  0.0481  0.0491  0.0480  0.0479  0.0481  0.0478  0.0478  0.0479  0.0476  0.0477
  0.0479  0.0480  0.0480  0.0484  0.0476  0.0476  0.0476  0.0475  0.0475  0.0476  0.0475  0.0475
  0.0479  0.0479  0.0479  0.0478  0.0474  0.0474  0.0474  0.0474  0.0474  0.0474  0.0474  0.0474
  0.0479  0.0479  0.0478  0.0474  0.0477  0.0474  0.0476  0.0476  0.0475  0.0475  0.0475  0.0475
  0.0482  0.0481  0.0479  0.0475  0.0483  0.0477  0.0480  0.0480  0.0478  0.0479  0.0476  0.0477
  0.0486  0.0485  0.0480  0.0483  0.0493  0.0483  0.0487  0.0486  0.0482  0.0486  0.0479  0.0480
niter,ni,del,rscale     4    3    5.0000    0.7000
parameters
   -3.0773   -6.6858   28.5262   -9.1021  -15.4152  -15.5310
    9.3445    2.5582   -7.4914    9.4725    2.1016   -8.3933
eta,q 0.95268 27.80105
  0.0482  0.0479  0.0476  0.0489  0.0487  0.0481  0.0483  0.0481  0.0480  0.0483  0.0476  0.0477
  0.0478  0.0476  0.0475  0.0483  0.0481  0.0478  0.0478  0.0477  0.0476  0.0478  0.0475  0.0475
  0.0475  0.0474  0.0474  0.0478  0.0476  0.0475  0.0475  0.0474  0.0474  0.0475  0.0474  0.0474
  0.0474  0.0474  0.0474  0.0474  0.0474  0.0474  0.0473  0.0473  0.0473  0.0473  0.0473  0.0473
  0.0475  0.0475  0.0475  0.0474  0.0474  0.0473  0.0475  0.0474  0.0474  0.0474  0.0474  0.0474
  0.0478  0.0478  0.0476  0.0479  0.0477  0.0475  0.0478  0.0477  0.0476  0.0476  0.0475  0.0476
  0.0483  0.0482  0.0478  0.0490  0.0483  0.0479  0.0484  0.0481  0.0480  0.0481  0.0477  0.0479
niter,ni,del,rscale     3    3    5.0000    0.6000
parameters
   -3.0686   -6.8291   28.2229   -8.8374  -15.1370  -15.0155
    9.3146    2.5677   -7.5333    9.9098    1.9577   -8.8344
eta,q 0.95278 27.79427
  0.0480  0.0477  0.0474  0.0485  0.0483  0.0478  0.0480  0.0478  0.0478  0.0480  0.0475  0.0475
  0.0476  0.0475  0.0473  0.0480  0.0478  0.0476  0.0476  0.0475  0.0475  0.0477  0.0473  0.0473
  0.0474  0.0473  0.0473  0.0476  0.0474  0.0474  0.0473  0.0473  0.0473  0.0474  0.0472  0.0472
  0.0473  0.0473  0.0473  0.0473  0.0473  0.0473  0.0472  0.0472  0.0472  0.0472  0.0472  0.0472
  0.0474  0.0474  0.0474  0.0473  0.0473  0.0472  0.0473  0.0473  0.0473  0.0472  0.0473  0.0473
  0.0476  0.0476  0.0475  0.0476  0.0476  0.0474  0.0476  0.0475  0.0475  0.0474  0.0473  0.0474
  0.0479  0.0479  0.0476  0.0484  0.0480  0.0476  0.0480  0.0478  0.0478  0.0478  0.0475  0.0476
niter,ni,del,rscale     2    3    5.0000    0.5000
parameters
   -3.0488   -6.9514   27.8761   -8.5566  -14.8811  -14.4859
    9.2938    2.5826   -7.5953   10.3431    1.7402   -9.2948
eta,q 0.95287 27.78104
  0.0477  0.0475  0.0473  0.0481  0.0479  0.0476  0.0477  0.0476  0.0475  0.0478  0.0473  0.0473
  0.0474  0.0473  0.0472  0.0477  0.0475  0.0474  0.0474  0.0473  0.0473  0.0475  0.0472  0.0472
  0.0473  0.0472  0.0472  0.0474  0.0473  0.0473  0.0472  0.0472  0.0472  0.0473  0.0471  0.0471
  0.0472  0.0472  0.0472  0.0472  0.0472  0.0472  0.0471  0.0471  0.0471  0.0471  0.0471  0.0471
  0.0473  0.0473  0.0473  0.0472  0.0472  0.0471  0.0472  0.0472  0.0472  0.0471  0.0472  0.0472
  0.0474  0.0474  0.0474  0.0474  0.0474  0.0472  0.0474  0.0473  0.0473  0.0473  0.0472  0.0473
  0.0477  0.0477  0.0475  0.0479  0.0477  0.0474  0.0477  0.0476  0.0475  0.0475  0.0473  0.0474
niter,ni,del,rscale     1    3    5.0000    0.4000
parameters
   -3.0118   -7.0557   27.5160   -8.3106  -14.6395  -13.9657
    9.2645    2.6276   -7.6728   10.7410    1.5966   -9.7060
eta,q 0.95295 27.76440
  0.0475  0.0473  0.0471  0.0478  0.0476  0.0474  0.0474  0.0473  0.0473  0.0475  0.0472  0.0471
  0.0473  0.0472  0.0471  0.0475  0.0473  0.0473  0.0472  0.0472  0.0472  0.0473  0.0471  0.0471
  0.0472  0.0471  0.0471  0.0472  0.0472  0.0472  0.0471  0.0471  0.0471  0.0471  0.0471  0.0470
  0.0471  0.0471  0.0471  0.0471  0.0471  0.0471  0.0471  0.0471  0.0471  0.0471  0.0470  0.0470
  0.0472  0.0472  0.0472  0.0471  0.0471  0.0471  0.0471  0.0471  0.0471  0.0471  0.0471  0.0471
  0.0472  0.0473  0.0472  0.0473  0.0472  0.0471  0.0472  0.0472  0.0472  0.0471  0.0471  0.0471
  0.0474  0.0474  0.0473  0.0476  0.0474  0.0472  0.0474  0.0473  0.0473  0.0473  0.0472  0.0472
registration optimization eta report
parameter search radius
    0.8000    0.8000    0.8000    2.4000    2.4000    2.4000
    2.4000    2.4000    2.4000    2.4000    2.4000    2.4000
100000*second partial in parameter space
       47.       37.       16.       10.        7.        4.
        6.        5.        4.        6.        2.        3.
  0.0475  0.0473  0.0471  0.0478  0.0476  0.0474  0.0474  0.0473  0.0473  0.0475  0.0472  0.0471
  0.0473  0.0472  0.0471  0.0475  0.0473  0.0473  0.0472  0.0472  0.0472  0.0473  0.0471  0.0471
  0.0472  0.0471  0.0471  0.0472  0.0472  0.0472  0.0471  0.0471  0.0471  0.0471  0.0471  0.0470
  0.0471  0.0471  0.0471  0.0471  0.0471  0.0471  0.0471  0.0471  0.0471  0.0471  0.0470  0.0470
  0.0472  0.0472  0.0472  0.0471  0.0471  0.0471  0.0471  0.0471  0.0471  0.0471  0.0471  0.0471
  0.0472  0.0473  0.0472  0.0473  0.0472  0.0471  0.0472  0.0472  0.0472  0.0471  0.0471  0.0471
  0.0474  0.0474  0.0473  0.0476  0.0474  0.0472  0.0474  0.0473  0.0473  0.0473  0.0472  0.0472
   -3.0118   -7.0557   27.5160   -8.3106  -14.6395  -13.9657
    9.2645    2.6276   -7.6728   10.7410    1.5966   -9.7060
eta,q 0.95295 27.76440

---------------------------------------------------------------------
imgreg_4dfp /opt/freesurfer/average/711-2C_as_mni_average_305 /opt/freesurfer/average/711-2B_as_mni_average_305_mask talsrcimg_g11 none talsrcimg_to_711-2C_as_mni_average_305_t4 2311
---------------------------------------------------------------------

freesurfer imgreg_4dfp.c
/opt/freesurfer/average/711-2C_as_mni_average_305.4dfp.img
       256       256       256         1
  1.000000  1.000000  1.000000
orientation T byte_order littleendian
Reading image: /opt/freesurfer/average/711-2C_as_mni_average_305.4dfp.img
dimensions:      256       256       256
mmppix:       1.0000   -1.0000   -1.0000
center:     128.0000 -129.0000 -129.0000
/opt/freesurfer/average/711-2B_as_mni_average_305_mask.4dfp.img
       256       256       256         1
  1.000000  1.000000  1.000000
orientation T byte_order littleendian
Reading mask: /opt/freesurfer/average/711-2B_as_mni_average_305_mask.4dfp.img (2306576 pixels)
talsrcimg_g11.4dfp.img
       320       320       320         1
  0.800000  0.800000  0.800000
orientation T byte_order littleendian
Reading image: talsrcimg_g11.4dfp.img
dimensions:      320       320       320
mmppix:       0.8000   -0.8000   -0.8000
center:     128.0000 -128.8000 -128.8000
fimgreg.f
image alignment mode   2311 decimal      907 hex
parameters
   -3.0118   -7.0557   27.5160   -8.3106  -14.6395  -13.9657
    9.2645    2.6276   -7.6728   10.7410    1.5966   -9.7060
eta,q 0.95295 27.76439
niter,ni,del,rscale     5    3    5.0000    0.8000
parameters
   -2.9965   -7.1468   27.1427   -8.7849  -14.3301  -14.0138
    9.2728    2.8264   -7.7724   10.9904    1.5906   -9.8031
eta,q 0.95294 27.79586
  0.0483  0.0479  0.0473  0.0487  0.0487  0.0479  0.0483  0.0481  0.0480  0.0483  0.0475  0.0475
  0.0476  0.0474  0.0471  0.0480  0.0479  0.0475  0.0477  0.0476  0.0475  0.0477  0.0472  0.0473
  0.0472  0.0471  0.0470  0.0474  0.0474  0.0472  0.0472  0.0472  0.0472  0.0473  0.0471  0.0471
  0.0470  0.0470  0.0470  0.0470  0.0471  0.0471  0.0471  0.0471  0.0471  0.0471  0.0471  0.0471
  0.0472  0.0472  0.0471  0.0472  0.0471  0.0471  0.0472  0.0472  0.0472  0.0471  0.0471  0.0471
  0.0476  0.0475  0.0474  0.0482  0.0476  0.0474  0.0476  0.0475  0.0475  0.0475  0.0472  0.0473
  0.0482  0.0481  0.0477  0.0500  0.0484  0.0481  0.0483  0.0479  0.0480  0.0481  0.0475  0.0476
niter,ni,del,rscale     4    3    5.0000    0.7000
parameters
   -2.9953   -7.1142   27.1154   -8.7278  -14.3385  -13.9648
    9.3153    2.8108   -7.8472   11.0773    1.5766   -9.9019
eta,q 0.95296 27.79041
  0.0479  0.0478  0.0473  0.0485  0.0482  0.0477  0.0480  0.0478  0.0478  0.0480  0.0474  0.0474
  0.0474  0.0474  0.0472  0.0479  0.0476  0.0474  0.0475  0.0474  0.0474  0.0475  0.0472  0.0472
  0.0472  0.0471  0.0471  0.0474  0.0472  0.0472  0.0472  0.0471  0.0471  0.0472  0.0471  0.0471
  0.0471  0.0471  0.0471  0.0471  0.0470  0.0470  0.0470  0.0470  0.0470  0.0470  0.0470  0.0470
  0.0471  0.0471  0.0471  0.0471  0.0472  0.0471  0.0471  0.0471  0.0472  0.0471  0.0471  0.0471
  0.0474  0.0473  0.0472  0.0476  0.0476  0.0473  0.0475  0.0474  0.0474  0.0474  0.0472  0.0472
  0.0479  0.0477  0.0474  0.0488  0.0483  0.0478  0.0480  0.0478  0.0478  0.0480  0.0474  0.0475
niter,ni,del,rscale     3    3    5.0000    0.6000
parameters
   -2.9888   -7.1183   27.0907   -8.5355  -14.3583  -13.8289
    9.3406    2.7915   -7.8805   11.1598    1.5380  -10.0249
eta,q 0.95299 27.77835
  0.0477  0.0476  0.0473  0.0483  0.0479  0.0476  0.0478  0.0476  0.0476  0.0477  0.0473  0.0473
  0.0473  0.0473  0.0471  0.0478  0.0474  0.0473  0.0474  0.0473  0.0473  0.0474  0.0471  0.0471
  0.0471  0.0471  0.0471  0.0473  0.0471  0.0471  0.0471  0.0471  0.0471  0.0471  0.0470  0.0470
  0.0470  0.0470  0.0470  0.0470  0.0470  0.0470  0.0470  0.0470  0.0470  0.0470  0.0470  0.0470
  0.0471  0.0471  0.0471  0.0470  0.0471  0.0470  0.0471  0.0471  0.0471  0.0471  0.0470  0.0470
  0.0473  0.0473  0.0471  0.0474  0.0474  0.0472  0.0473  0.0473  0.0473  0.0473  0.0471  0.0472
  0.0477  0.0476  0.0473  0.0482  0.0479  0.0476  0.0478  0.0476  0.0476  0.0477  0.0473  0.0473
niter,ni,del,rscale     2    3    5.0000    0.5000
parameters
   -2.9827   -7.1446   27.0161   -8.3458  -14.3427  -13.6237
    9.3499    2.8107   -7.8962   11.2770    1.4861  -10.1889
eta,q 0.95301 27.76527
  0.0475  0.0474  0.0471  0.0479  0.0476  0.0474  0.0475  0.0474  0.0474  0.0475  0.0472  0.0472
  0.0472  0.0472  0.0471  0.0475  0.0473  0.0472  0.0472  0.0472  0.0472  0.0472  0.0471  0.0471
  0.0471  0.0470  0.0470  0.0472  0.0471  0.0471  0.0471  0.0470  0.0470  0.0471  0.0470  0.0470
  0.0470  0.0470  0.0470  0.0470  0.0470  0.0470  0.0470  0.0470  0.0470  0.0470  0.0470  0.0470
  0.0471  0.0471  0.0470  0.0470  0.0471  0.0470  0.0470  0.0470  0.0470  0.0470  0.0470  0.0470
  0.0472  0.0472  0.0471  0.0473  0.0473  0.0471  0.0472  0.0472  0.0472  0.0472  0.0471  0.0471
  0.0475  0.0474  0.0472  0.0478  0.0476  0.0474  0.0475  0.0474  0.0474  0.0475  0.0472  0.0472
niter,ni,del,rscale     1    3    5.0000    0.4000
parameters
   -2.9810   -7.1760   26.9187   -8.1733  -14.3055  -13.4236
    9.3517    2.8279   -7.8988   11.4018    1.4845  -10.3250
eta,q 0.95304 27.75319
  0.0473  0.0472  0.0471  0.0476  0.0474  0.0473  0.0473  0.0472  0.0472  0.0473  0.0471  0.0471
  0.0471  0.0471  0.0470  0.0473  0.0472  0.0471  0.0471  0.0471  0.0471  0.0471  0.0470  0.0470
  0.0470  0.0470  0.0470  0.0471  0.0470  0.0470  0.0470  0.0470  0.0470  0.0470  0.0470  0.0470
  0.0470  0.0470  0.0470  0.0470  0.0470  0.0470  0.0470  0.0470  0.0470  0.0470  0.0470  0.0470
  0.0470  0.0470  0.0470  0.0470  0.0470  0.0470  0.0470  0.0470  0.0470  0.0470  0.0470  0.0470
  0.0471  0.0471  0.0470  0.0472  0.0471  0.0470  0.0471  0.0471  0.0471  0.0471  0.0470  0.0470
  0.0473  0.0472  0.0471  0.0475  0.0474  0.0472  0.0473  0.0472  0.0472  0.0473  0.0471  0.0471
registration optimization eta report
parameter search radius
    0.8000    0.8000    0.8000    2.4000    2.4000    2.4000
    2.4000    2.4000    2.4000    2.4000    2.4000    2.4000
100000*second partial in parameter space
       46.       37.       17.       10.        7.        4.
        6.        5.        5.        6.        2.        2.
  0.0473  0.0472  0.0471  0.0476  0.0474  0.0473  0.0473  0.0472  0.0472  0.0473  0.0471  0.0471
  0.0471  0.0471  0.0470  0.0473  0.0472  0.0471  0.0471  0.0471  0.0471  0.0471  0.0470  0.0470
  0.0470  0.0470  0.0470  0.0471  0.0470  0.0470  0.0470  0.0470  0.0470  0.0470  0.0470  0.0470
  0.0470  0.0470  0.0470  0.0470  0.0470  0.0470  0.0470  0.0470  0.0470  0.0470  0.0470  0.0470
  0.0470  0.0470  0.0470  0.0470  0.0470  0.0470  0.0470  0.0470  0.0470  0.0470  0.0470  0.0470
  0.0471  0.0471  0.0470  0.0472  0.0471  0.0470  0.0471  0.0471  0.0471  0.0471  0.0470  0.0470
  0.0473  0.0472  0.0471  0.0475  0.0474  0.0472  0.0473  0.0472  0.0472  0.0473  0.0471  0.0471
   -2.9810   -7.1760   26.9187   -8.1733  -14.3055  -13.4236
    9.3517    2.8279   -7.8988   11.4018    1.4845  -10.3250
eta,q 0.95304 27.75319

---------------------------------------------------------------------
compute_vox2vox talsrcimg talsrcimg_to_711-2C_as_mni_average_305_t4 /opt/freesurfer/average/711-2C_as_mni_average_305
---------------------------------------------------------------------

freesurfer compute_vox2vox.c
Reading: talsrcimg.4dfp.ifh
Reading: talsrcimg_to_711-2C_as_mni_average_305_t4
Reading: /opt/freesurfer/average/711-2C_as_mni_average_305.4dfp.ifh
Writing: talsrcimg_to_711-2C_as_mni_average_305_t4_vox2vox.txt

start time Tue Mar 10 14:10:31 CET 2026
end		time Tue Mar 10 14:11:56 CET 2026

mpr2mni305 success

avi2talxfm orig_nu.mgz /opt/freesurfer/average/mni305.cor.mgz talsrcimg_to_711-2C_as_mni_average_305_t4_vox2vox.txt transforms/talairach.auto.xfm
avi2talxfm done
mv -f /out/sourcedata/freesurfer/sub-v2s11x28683_ses-1/mri/talsrcimg_to_711-2C_as_mni_average_305_t4_vox2vox.txt /out/sourcedata/freesurfer/sub-v2s11x28683_ses-1/mri/transforms/talsrcimg_to_711-2C_as_mni_average_305_t4_vox2vox.txt
lta_convert --src orig_nu.mgz --trg /opt/freesurfer/average/mni305.cor.mgz --inxfm transforms/talairach.auto.xfm --outlta transforms/talairach.auto.xfm.lta --subject fsaverage
7.3.2

--src: orig_nu.mgz src image (geometry).
--trg: /opt/freesurfer/average/mni305.cor.mgz trg image (geometry).
--inmni: transforms/talairach.auto.xfm input MNI/XFM transform.
--outlta: transforms/talairach.auto.xfm.lta output LTA.
--s: fsaverage subject name
 LTA read, type : 1
 1.07899  -0.01943  -0.12009  -2.49010;
-0.00654   1.13713   0.13772  -7.03917;
 0.10033  -0.15309   1.13754  -3.20613;
 0.00000   0.00000   0.00000   1.00000;
setting subject to fsaverage
Writing  LTA to file transforms/talairach.auto.xfm.lta...
lta_convert successful.
 
 
Started at Tue Mar 10 14:10:31 CET 2026
Ended   at Tue Mar 10 14:11:56 CET 2026
talairach_avi done
