status file for recon-all
Wed Mar 11 00:56:52 CET 2026
#@# Tessellate rh Wed Mar 11 00:56:52 CET 2026
#@# Smooth1 rh Wed Mar 11 00:56:59 CET 2026
#@# Inflation1 rh Wed Mar 11 00:57:03 CET 2026
#@# QSphere rh Wed Mar 11 00:59:01 CET 2026
#@# Fix Topology rh Wed Mar 11 01:00:35 CET 2026
#@# Smooth2 rh Wed Mar 11 01:25:46 CET 2026
#@# Inflation2 rh Wed Mar 11 01:25:50 CET 2026
#@# Curv .H and .K rh Wed Mar 11 01:26:32 CET 2026
#@# Sphere rh Wed Mar 11 01:27:42 CET 2026
#@# Surf Reg rh Wed Mar 11 01:35:50 CET 2026
#@# Jacobian white rh Wed Mar 11 01:46:47 CET 2026
#@# AvgCurv rh Wed Mar 11 01:46:48 CET 2026
#@# Cortical Parc rh Wed Mar 11 01:46:49 CET 2026
#@# white curv rh Wed Mar 11 01:56:59 CET 2026
#@# white area rh Wed Mar 11 01:57:02 CET 2026
#@# pial curv rh Wed Mar 11 01:57:03 CET 2026
#@# pial area rh Wed Mar 11 01:57:05 CET 2026
#@# thickness rh Wed Mar 11 01:57:06 CET 2026
#@# area and vertex vol rh Wed Mar 11 01:57:51 CET 2026
#@# Curvature Stats rh Wed Mar 11 01:57:53 CET 2026
#@# Cortical Parc 2 rh Wed Mar 11 01:57:57 CET 2026
#@# Cortical Parc 3 rh Wed Mar 11 01:58:16 CET 2026
#@# WM/GM Contrast rh Wed Mar 11 01:58:31 CET 2026
recon-all -s sub-v2s11x28717_ses-1 finished without error at Wed Mar 11 01:58:35 CET 2026



#New# invocation of recon-all 



status file for recon-all
Wed Mar 11 02:26:41 CET 2026
#@# white curv rh Wed Mar 11 02:26:41 CET 2026
#@# white area rh Wed Mar 11 02:26:41 CET 2026
#@# pial curv rh Wed Mar 11 02:26:41 CET 2026
#@# pial area rh Wed Mar 11 02:26:41 CET 2026
#@# thickness rh Wed Mar 11 02:26:41 CET 2026
#@# area and vertex vol rh Wed Mar 11 02:26:41 CET 2026
#@# Parcellation Stats rh Wed Mar 11 02:26:41 CET 2026
#@# Parcellation Stats 2 rh Wed Mar 11 02:27:17 CET 2026
#@# Parcellation Stats 3 rh Wed Mar 11 02:27:35 CET 2026
#@# BA_exvivo Labels rh Wed Mar 11 02:27:54 CET 2026
recon-all -s sub-v2s11x28717_ses-1 finished without error at Wed Mar 11 02:31:40 CET 2026
