status file for recon-all
Tue Mar 10 21:00:30 CET 2026
#@# MotionCor Tue Mar 10 21:00:34 CET 2026
#@# Talairach Tue Mar 10 21:00:44 CET 2026
#@# Talairach Failure Detection Tue Mar 10 21:07:54 CET 2026
#@# Nu Intensity Correction Tue Mar 10 21:07:54 CET 2026
#@# Intensity Normalization Tue Mar 10 21:14:09 CET 2026
recon-all -s sub-v2s11x28717_ses-1 finished without error at Tue Mar 10 21:18:14 CET 2026



#New# invocation of recon-all 



status file for recon-all
Tue Mar 10 21:25:53 CET 2026
#@# EM Registration Tue Mar 10 21:25:53 CET 2026
recon-all -s sub-v2s11x28717_ses-1 finished without error at Tue Mar 10 21:28:06 CET 2026



#New# invocation of recon-all 



status file for recon-all
Tue Mar 10 21:28:07 CET 2026
#@# CA Normalize Tue Mar 10 21:28:07 CET 2026
#@# CA Reg Tue Mar 10 21:29:57 CET 2026
#@# SubCort Seg Tue Mar 10 22:24:49 CET 2026
#@# CC Seg Tue Mar 10 23:34:12 CET 2026
#@# Merge ASeg Tue Mar 10 23:36:15 CET 2026
#@# Intensity Normalization2 Tue Mar 10 23:36:15 CET 2026
#@# Mask BFS Tue Mar 10 23:40:43 CET 2026
#@# WM Segmentation Tue Mar 10 23:40:44 CET 2026
#@# Fill Tue Mar 10 23:45:08 CET 2026
recon-all -s sub-v2s11x28717_ses-1 finished without error at Tue Mar 10 23:46:55 CET 2026



#New# invocation of recon-all 



status file for recon-all
Wed Mar 11 01:58:38 CET 2026
#@# white curv lh Wed Mar 11 01:58:38 CET 2026
#@# white area lh Wed Mar 11 01:58:39 CET 2026
#@# pial curv lh Wed Mar 11 01:58:39 CET 2026
#@# pial area lh Wed Mar 11 01:58:39 CET 2026
#@# thickness lh Wed Mar 11 01:58:39 CET 2026
#@# area and vertex vol lh Wed Mar 11 01:58:39 CET 2026
#@# white curv rh Wed Mar 11 01:58:39 CET 2026
#@# white area rh Wed Mar 11 01:58:39 CET 2026
#@# pial curv rh Wed Mar 11 01:58:39 CET 2026
#@# pial area rh Wed Mar 11 01:58:39 CET 2026
#@# thickness rh Wed Mar 11 01:58:39 CET 2026
#@# area and vertex vol rh Wed Mar 11 01:58:39 CET 2026
#@# Cortical ribbon mask Wed Mar 11 01:58:39 CET 2026
recon-all -s sub-v2s11x28717_ses-1 finished without error at Wed Mar 11 02:21:28 CET 2026



#New# invocation of recon-all 



status file for recon-all
Wed Mar 11 02:31:45 CET 2026
#@# white curv lh Wed Mar 11 02:31:45 CET 2026
#@# white area lh Wed Mar 11 02:31:45 CET 2026
#@# pial curv lh Wed Mar 11 02:31:45 CET 2026
#@# pial area lh Wed Mar 11 02:31:45 CET 2026
#@# thickness lh Wed Mar 11 02:31:45 CET 2026
#@# area and vertex vol lh Wed Mar 11 02:31:45 CET 2026
#@# white curv rh Wed Mar 11 02:31:45 CET 2026
#@# white area rh Wed Mar 11 02:31:45 CET 2026
#@# pial curv rh Wed Mar 11 02:31:45 CET 2026
#@# pial area rh Wed Mar 11 02:31:45 CET 2026
#@# thickness rh Wed Mar 11 02:31:45 CET 2026
#@# area and vertex vol rh Wed Mar 11 02:31:45 CET 2026
#@# Curvature Stats lh Wed Mar 11 02:31:45 CET 2026
#@# Curvature Stats rh Wed Mar 11 02:31:49 CET 2026
#@# Relabel Hypointensities Wed Mar 11 02:31:53 CET 2026
#@# APas-to-ASeg Wed Mar 11 02:32:22 CET 2026
#@# AParc-to-ASeg aparc Wed Mar 11 02:32:36 CET 2026
#@# AParc-to-ASeg aparc.a2009s Wed Mar 11 02:34:04 CET 2026
#@# AParc-to-ASeg aparc.DKTatlas Wed Mar 11 02:35:34 CET 2026
#@# WMParc Wed Mar 11 02:37:10 CET 2026
#@# ASeg Stats Wed Mar 11 02:43:39 CET 2026
recon-all -s sub-v2s11x28717_ses-1 finished without error at Wed Mar 11 02:44:39 CET 2026
