status file for recon-all
Tue Mar 10 23:54:24 CET 2026
#@# Tessellate lh Tue Mar 10 23:54:24 CET 2026
#@# Smooth1 lh Tue Mar 10 23:54:32 CET 2026
#@# Inflation1 lh Tue Mar 10 23:54:36 CET 2026
#@# QSphere lh Tue Mar 10 23:56:08 CET 2026
#@# Fix Topology lh Tue Mar 10 23:57:31 CET 2026
#@# Smooth2 lh Wed Mar 11 00:10:01 CET 2026
#@# Inflation2 lh Wed Mar 11 00:10:06 CET 2026
#@# Curv .H and .K lh Wed Mar 11 00:10:46 CET 2026
#@# Sphere lh Wed Mar 11 00:12:06 CET 2026
#@# Surf Reg lh Wed Mar 11 00:17:22 CET 2026
#@# Jacobian white lh Wed Mar 11 00:24:12 CET 2026
#@# AvgCurv lh Wed Mar 11 00:24:13 CET 2026
#@# Cortical Parc lh Wed Mar 11 00:24:14 CET 2026
#@# white curv lh Wed Mar 11 00:34:35 CET 2026
#@# white area lh Wed Mar 11 00:34:38 CET 2026
#@# pial curv lh Wed Mar 11 00:34:39 CET 2026
#@# pial area lh Wed Mar 11 00:34:41 CET 2026
#@# thickness lh Wed Mar 11 00:34:42 CET 2026
#@# area and vertex vol lh Wed Mar 11 00:35:32 CET 2026
#@# Curvature Stats lh Wed Mar 11 00:35:34 CET 2026
#@# Cortical Parc 2 lh Wed Mar 11 00:35:38 CET 2026
#@# Cortical Parc 3 lh Wed Mar 11 00:35:59 CET 2026
#@# WM/GM Contrast lh Wed Mar 11 00:36:15 CET 2026
recon-all -s sub-v2s11x28721_ses-1 finished without error at Wed Mar 11 00:36:20 CET 2026



#New# invocation of recon-all 



status file for recon-all
Wed Mar 11 01:33:09 CET 2026
#@# white curv lh Wed Mar 11 01:33:09 CET 2026
#@# white area lh Wed Mar 11 01:33:09 CET 2026
#@# pial curv lh Wed Mar 11 01:33:09 CET 2026
#@# pial area lh Wed Mar 11 01:33:09 CET 2026
#@# thickness lh Wed Mar 11 01:33:09 CET 2026
#@# area and vertex vol lh Wed Mar 11 01:33:09 CET 2026
#@# Parcellation Stats lh Wed Mar 11 01:33:09 CET 2026
#@# Parcellation Stats 2 lh Wed Mar 11 01:33:54 CET 2026
#@# Parcellation Stats 3 lh Wed Mar 11 01:34:17 CET 2026
#@# BA_exvivo Labels lh Wed Mar 11 01:34:39 CET 2026
recon-all -s sub-v2s11x28721_ses-1 finished without error at Wed Mar 11 01:38:23 CET 2026
