/out/sourcedata/freesurfer/sub-v2s11x28679_ses-1/mri
/opt/freesurfer/bin/talairach_avi
--i orig_nu.mgz --xfm transforms/talairach.auto.xfm
talairach_avi 7.3.2
Linux dna050 5.14.0-427.37.1.el9_4.x86_64 #1 SMP PREEMPT_DYNAMIC Fri Sep 13 12:41:50 EDT 2024 x86_64 x86_64 x86_64 GNU/Linux
Tue Mar 10 13:57:10 CET 2026
mri_convert orig_nu.mgz talsrcimg.img 
reading from orig_nu.mgz...
TR=0.00, TE=0.00, TI=0.00, flip angle=0.00
i_ras = (-1, 0, 0)
j_ras = (0, 0, -1)
k_ras = (0, 1, 0)
writing to talsrcimg.img...
Analyze Output Matrix
-0.80000   0.00000   0.00000   132.11685;
 0.00000   0.00000   0.80000  -138.48325;
 0.00000  -0.80000   0.00000   138.61011;
 0.00000   0.00000   0.00000   1.00000;
--------------------
INFO: set hdr.hist.orient to -1
mpr2mni305 talsrcimg
Tue Mar 10 13:57:10 CET 2026
/opt/freesurfer/bin/mpr2mni305 talsrcimg
mpr2mni305 7.3.2
target=711-2C_as_mni_average_305

---------------------------------------------------------------------
analyzeto4dfp talsrcimg -O0 -y
---------------------------------------------------------------------

freesurfer ifh2hdr.c
Tue Mar 10 13:57:10 2026
Writing: talsrcimg.4dfp.hdr
freesurfer analyzeto4dfp.c
Reading: talsrcimg.hdr
header size 348 bytes
hdr.dime.datatype	offset=70	value=2
hdr.dime.bitpix		offset=72	value=8
hdr.hist.orient		offset=252	value=-1
dimensionality     4
dimensions       320       320       320         1
Reading: talsrcimg.img
Writing: talsrcimg.4dfp.img
Writing: talsrcimg.4dfp.ifh
ifh2hdr talsrcimg -r0to167
ori=2

---------------------------------------------------------------------
gauss_4dfp talsrcimg 1.1
---------------------------------------------------------------------

freesurfer gauss_4dfp.c
Reading: talsrcimg.4dfp.img
Writing: talsrcimg_g11.4dfp.img
image dimensions 320 320 320 padded to 384 384 384
processing volume 1freesurfer ifh2hdr.c
Tue Mar 10 13:57:27 2026
Writing: talsrcimg_g11.4dfp.hdr

Writing: talsrcimg_g11.4dfp.ifh
including: talsrcimg.4dfp.img.rec in talsrcimg_g11.4dfp.img.rec

---------------------------------------------------------------------
imgreg_4dfp /opt/freesurfer/average/711-2C_as_mni_average_305 none talsrcimg_g11 none talsrcimg_to_711-2C_as_mni_average_305_t4 4355
---------------------------------------------------------------------

freesurfer imgreg_4dfp.c
/opt/freesurfer/average/711-2C_as_mni_average_305.4dfp.img
       256       256       256         1
  1.000000  1.000000  1.000000
orientation T byte_order littleendian
Reading image: /opt/freesurfer/average/711-2C_as_mni_average_305.4dfp.img
dimensions:      256       256       256
mmppix:       1.0000   -1.0000   -1.0000
center:     128.0000 -129.0000 -129.0000
talsrcimg_g11.4dfp.img
       320       320       320         1
  0.800000  0.800000  0.800000
orientation T byte_order littleendian
Reading image: talsrcimg_g11.4dfp.img
dimensions:      320       320       320
mmppix:       0.8000   -0.8000   -0.8000
center:     128.0000 -128.8000 -128.8000
t4_read: open error in t4_sub.f l:  41 t4_file(1:l)talsrcimg_to_711-2C_as_mni_average_305_t4 
t4_read: transform initialized to I4
rotation matrix determinant  1.000000
image alignment mode   4355 decimal     1103 hex
   -7.5000  -45.0000  -45.0000 8711.9336   19.2543
    0.0000  -45.0000  -45.0000 9156.8428   19.3661
    7.5000  -45.0000  -45.0000 8677.8379   19.3064
   -7.5000  -37.5000  -45.0000 9232.8076   19.3060
    0.0000  -37.5000  -45.0000 9705.9238   19.4171
    7.5000  -37.5000  -45.0000 9192.1250   19.3557
   -7.5000  -30.0000  -45.000010086.6914   19.4424
    0.0000  -30.0000  -45.000010615.5332   19.5490
    7.5000  -30.0000  -45.000010022.1152   19.4873
   -7.5000  -22.5000  -45.000010899.6494   19.5250
    0.0000  -22.5000  -45.000011481.5654   19.6274
    7.5000  -22.5000  -45.000010810.5635   19.5668
   -7.5000  -15.0000  -45.000011691.3516   19.4761
    0.0000  -15.0000  -45.000012331.9502   19.5791
    7.5000  -15.0000  -45.000011605.5107   19.5209
   -7.5000   -7.5000  -45.000012487.1523   19.3383
    0.0000   -7.5000  -45.000013170.9023   19.4463
    7.5000   -7.5000  -45.000012384.1162   19.3888
   -7.5000    0.0000  -45.000013061.5127   19.2543
    0.0000    0.0000  -45.000013780.7002   19.3661
    7.5000    0.0000  -45.000012938.7246   19.3064
   -7.5000    7.5000  -45.000012543.9072   19.3060
    0.0000    7.5000  -45.000013234.8096   19.4171
    7.5000    7.5000  -45.000012418.1982   19.3557
   -7.5000   15.0000  -45.000011854.2373   19.4424
    0.0000   15.0000  -45.000012513.9902   19.5490
    7.5000   15.0000  -45.000011732.9912   19.4873
   -7.5000   22.5000  -45.000011057.4619   19.5224
    0.0000   22.5000  -45.000011670.4238   19.6247
    7.5000   22.5000  -45.000010950.1143   19.5641
   -7.5000   30.0000  -45.000010251.3174   19.2166
    0.0000   30.0000  -45.000010805.0264   19.3182
    7.5000   30.0000  -45.000010156.5156   19.2607
   -7.5000   37.5000  -45.0000 9848.5449   19.0806
    0.0000   37.5000  -45.000010364.6426   19.1872
    7.5000   37.5000  -45.0000 9749.0469   19.1304
   -7.5000   45.0000  -45.0000 9042.3398   18.5154
    0.0000   45.0000  -45.0000 9474.8906   18.6228
    7.5000   45.0000  -45.0000 8932.6191   18.5654
   -7.5000  -45.0000  -37.5000 9018.5156   18.9683
    0.0000  -45.0000  -37.5000 9459.7812   19.0944
    7.5000  -45.0000  -37.5000 8953.7812   19.0413
   -7.5000  -37.5000  -37.5000 9569.5557   19.0237
    0.0000  -37.5000  -37.500010030.9092   19.1467
    7.5000  -37.5000  -37.5000 9474.8018   19.0902
   -7.5000  -30.0000  -37.500010449.8086   19.1640
    0.0000  -30.0000  -37.500010949.5322   19.2809
    7.5000  -30.0000  -37.500010332.1982   19.2240
   -7.5000  -22.5000  -37.500011279.4521   19.2466
    0.0000  -22.5000  -37.500011843.0039   19.3606
    7.5000  -22.5000  -37.500011157.1963   19.3064
   -7.5000  -15.0000  -37.500012082.6436   19.1939
    0.0000  -15.0000  -37.500012718.3164   19.3112
    7.5000  -15.0000  -37.500011972.2949   19.2611
   -7.5000   -7.5000  -37.500012881.0811   19.0523
    0.0000   -7.5000  -37.500013575.6572   19.1758
    7.5000   -7.5000  -37.500012764.7773   19.1265
   -7.5000    0.0000  -37.500013469.1465   18.9683
    0.0000    0.0000  -37.500014206.3242   19.0944
    7.5000    0.0000  -37.500013324.5732   19.0413
   -7.5000    7.5000  -37.500012923.1719   19.0237
    0.0000    7.5000  -37.500013639.8262   19.1467
    7.5000    7.5000  -37.500012784.5889   19.0902
   -7.5000   15.0000  -37.500012210.8936   19.1640
    0.0000   15.0000  -37.500012893.5186   19.2809
    7.5000   15.0000  -37.500012100.1943   19.2240
   -7.5000   22.5000  -37.500011376.8936   19.2440
    0.0000   22.5000  -37.500012013.0830   19.3579
    7.5000   22.5000  -37.500011295.7041   19.3038
   -7.5000   30.0000  -37.500010536.0840   18.9381
    0.0000   30.0000  -37.500011118.0791   19.0538
    7.5000   30.0000  -37.500010481.7520   19.0045
   -7.5000   37.5000  -37.500010090.6416   18.7984
    0.0000   37.5000  -37.500010644.2246   18.9203
    7.5000   37.5000  -37.500010030.9043   18.8716
   -7.5000   45.0000  -37.5000 9256.6514   18.2403
    0.0000   45.0000  -37.5000 9725.7861   18.3616
    7.5000   45.0000  -37.5000 9168.5537   18.3105
   -7.5000  -45.0000  -30.0000 9607.9111   19.2567
    0.0000  -45.0000  -30.000010056.1670   19.3973
    7.5000  -45.0000  -30.0000 9530.2881   19.3527
   -7.5000  -37.5000  -30.000010178.7344   19.3094
    0.0000  -37.5000  -30.000010651.2559   19.4474
    7.5000  -37.5000  -30.000010080.2637   19.3998
   -7.5000  -30.0000  -30.000011112.6982   19.4584
    0.0000  -30.0000  -30.000011615.3965   19.5891
    7.5000  -30.0000  -30.000010986.5947   19.5398
   -7.5000  -22.5000  -30.000012011.1240   19.5525
    0.0000  -22.5000  -30.000012579.3750   19.6786
    7.5000  -22.5000  -30.000011882.8516   19.6308
   -7.5000  -15.0000  -30.000012869.6523   19.5026
    0.0000  -15.0000  -30.000013510.9277   19.6318
    7.5000  -15.0000  -30.000012744.1768   19.5879
   -7.5000   -7.5000  -30.000013709.3672   19.3524
    0.0000   -7.5000  -30.000014405.1768   19.4888
    7.5000   -7.5000  -30.000013577.0811   19.4465
   -7.5000    0.0000  -30.000014306.5996   19.2567
    0.0000    0.0000  -30.000015046.8740   19.3973
    7.5000    0.0000  -30.000014165.3711   19.3527
   -7.5000    7.5000  -30.000013737.8369   19.3094
    0.0000    7.5000  -30.000014458.8652   19.4474
    7.5000    7.5000  -30.000013601.3818   19.3998
   -7.5000   15.0000  -30.000012999.1699   19.4584
    0.0000   15.0000  -30.000013703.9033   19.5891
    7.5000   15.0000  -30.000012902.1338   19.5398
   -7.5000   22.5000  -30.000012089.9131   19.5478
    0.0000   22.5000  -30.000012763.4707   19.6739
    7.5000   22.5000  -30.000012036.2012   19.6260
   -7.5000   30.0000  -30.000011182.6162   19.2446
    0.0000   30.0000  -30.000011800.4092   19.3721
    7.5000   30.0000  -30.000011143.5596   19.3287
   -7.5000   37.5000  -30.000010692.7344   19.0964
    0.0000   37.5000  -30.000011285.5029   19.2309
    7.5000   37.5000  -30.000010648.3076   19.1892
   -7.5000   45.0000  -30.0000 9785.1318   18.5312
    0.0000   45.0000  -30.000010289.3594   18.6665
    7.5000   45.0000  -30.0000 9700.8867   18.6237
   -7.5000  -45.0000  -22.500010223.9092   19.5400
    0.0000  -45.0000  -22.500010685.1338   19.6793
    7.5000  -45.0000  -22.500010170.6855   19.6377
   -7.5000  -37.5000  -22.500010820.7012   19.5858
    0.0000  -37.5000  -22.500011312.4922   19.7255
    7.5000  -37.5000  -22.500010752.1855   19.6833
   -7.5000  -30.0000  -22.500011804.6562   19.7360
    0.0000  -30.0000  -22.500012333.0605   19.8690
    7.5000  -30.0000  -22.500011703.1523   19.8243
   -7.5000  -22.5000  -22.500012764.6875   19.8378
    0.0000  -22.5000  -22.500013361.3086   19.9639
    7.5000  -22.5000  -22.500012671.4590   19.9173
   -7.5000  -15.0000  -22.500013688.4248   19.7950
    0.0000  -15.0000  -22.500014355.2070   19.9207
    7.5000  -15.0000  -22.500013575.7012   19.8757
   -7.5000   -7.5000  -22.500014596.3770   19.6438
    0.0000   -7.5000  -22.500015313.9727   19.7761
    7.5000   -7.5000  -22.500014476.7070   19.7336
   -7.5000    0.0000  -22.500015238.8740   19.5400
    0.0000    0.0000  -22.500015998.2314   19.6793
    7.5000    0.0000  -22.500015112.6904   19.6377
   -7.5000    7.5000  -22.500014611.3809   19.5858
    0.0000    7.5000  -22.500015360.5283   19.7255
    7.5000    7.5000  -22.500014505.9102   19.6833
   -7.5000   15.0000  -22.500013835.7822   19.7360
    0.0000   15.0000  -22.500014559.1035   19.8690
    7.5000   15.0000  -22.500013760.7686   19.8243
   -7.5000   22.5000  -22.500012880.0137   19.8317
    0.0000   22.5000  -22.500013573.8418   19.9577
    7.5000   22.5000  -22.500012852.8525   19.9111
   -7.5000   30.0000  -22.500011915.9756   19.5360
    0.0000   30.0000  -22.500012558.4541   19.6601
    7.5000   30.0000  -22.500011899.4863   19.6157
   -7.5000   37.5000  -22.500011371.3721   19.3869
    0.0000   37.5000  -22.500011991.4336   19.5175
    7.5000   37.5000  -22.500011342.6436   19.4754
   -7.5000   45.0000  -22.500010381.3623   18.8180
    0.0000   45.0000  -22.500010929.2676   18.9521
    7.5000   45.0000  -22.500010330.9590   18.9121
   -7.5000  -45.0000  -15.000010880.0557   19.7338
    0.0000  -45.0000  -15.000011363.6836   19.8587
    7.5000  -45.0000  -15.000010832.5127   19.8117
   -7.5000  -37.5000  -15.000011540.6963   19.7751
    0.0000  -37.5000  -15.000012053.9521   19.9033
    7.5000  -37.5000  -15.000011483.7637   19.8578
   -7.5000  -30.0000  -15.000012557.4287   19.9226
    0.0000  -30.0000  -15.000013120.7139   20.0463
    7.5000  -30.0000  -15.000012492.4893   19.9988
   -7.5000  -22.5000  -15.000013577.4434   20.0261
    0.0000  -22.5000  -15.000014202.3145   20.1415
    7.5000  -22.5000  -15.000013492.0215   20.0906
   -7.5000  -15.0000  -15.000014559.1143   19.9877
    0.0000  -15.0000  -15.000015239.1328   20.0997
    7.5000  -15.0000  -15.000014459.5713   20.0479
   -7.5000   -7.5000  -15.000015552.9619   19.8393
    0.0000   -7.5000  -15.000016291.0820   19.9562
    7.5000   -7.5000  -15.000015431.5332   19.9064
   -7.5000    0.0000  -15.000016254.7617   19.7338
    0.0000    0.0000  -15.000017034.9902   19.8587
    7.5000    0.0000  -15.000016111.1338   19.8117
   -7.5000    7.5000  -15.000015579.0742   19.7751
    0.0000    7.5000  -15.000016333.4033   19.9033
    7.5000    7.5000  -15.000015469.2959   19.8578
   -7.5000   15.0000  -15.000014733.0000   19.9226
    0.0000   15.0000  -15.000015465.8262   20.0463
    7.5000   15.0000  -15.000014674.3945   19.9988
   -7.5000   22.5000  -15.000013719.6514   20.0191
    0.0000   22.5000  -15.000014418.8574   20.1343
    7.5000   22.5000  -15.000013717.8008   20.0835
   -7.5000   30.0000  -15.000012716.3008   19.7290
    0.0000   30.0000  -15.000013370.0977   19.8395
    7.5000   30.0000  -15.000012707.5400   19.7884
   -7.5000   37.5000  -15.000012131.1104   19.5825
    0.0000   37.5000  -15.000012758.1191   19.6979
    7.5000   37.5000  -15.000012102.0996   19.6488
   -7.5000   45.0000  -15.000011055.7188   19.0161
    0.0000   45.0000  -15.000011612.1875   19.1365
    7.5000   45.0000  -15.000011005.3125   19.0912
   -7.5000  -45.0000   -7.500011528.0752   19.7135
    0.0000  -45.0000   -7.500012053.3457   19.8281
    7.5000  -45.0000   -7.500011475.1699   19.7715
   -7.5000  -37.5000   -7.500012297.9766   19.7569
    0.0000  -37.5000   -7.500012850.3906   19.8746
    7.5000  -37.5000   -7.500012236.7930   19.8193
   -7.5000  -30.0000   -7.500013411.0928   19.9024
    0.0000  -30.0000   -7.500013994.2314   20.0162
    7.5000  -30.0000   -7.500013318.6533   19.9598
   -7.5000  -22.5000   -7.500014459.0645   20.0020
    0.0000  -22.5000   -7.500015079.3311   20.1084
    7.5000  -22.5000   -7.500014350.1660   20.0493
   -7.5000  -15.0000   -7.500015497.8623   19.9613
    0.0000  -15.0000   -7.500016152.3682   20.0646
    7.5000  -15.0000   -7.500015369.9697   20.0048
   -7.5000   -7.5000   -7.500016593.4824   19.8146
    0.0000   -7.5000   -7.500017317.5371   19.9223
    7.5000   -7.5000   -7.500016429.0664   19.8639
   -7.5000    0.0000   -7.500017358.6055   19.7135
    0.0000    0.0000   -7.500018132.1973   19.8281
    7.5000    0.0000   -7.500017187.3027   19.7715
   -7.5000    7.5000   -7.500016620.6836   19.7569
    0.0000    7.5000   -7.500017398.3730   19.8746
    7.5000    7.5000   -7.500016503.5078   19.8193
   -7.5000   15.0000   -7.500015736.6689   19.9024
    0.0000   15.0000   -7.500016478.7539   20.0162
    7.5000   15.0000   -7.500015660.2559   19.9598
   -7.5000   22.5000   -7.500014664.2246   19.9928
    0.0000   22.5000   -7.500015379.2705   20.0991
    7.5000   22.5000   -7.500014623.3008   20.0400
   -7.5000   30.0000   -7.500013612.5928   19.7024
    0.0000   30.0000   -7.500014292.8027   19.8044
    7.5000   30.0000   -7.500013567.7998   19.7454
   -7.5000   37.5000   -7.500012995.4551   19.5576
    0.0000   37.5000   -7.500013654.1377   19.6640
    7.5000   37.5000   -7.500012925.3418   19.6063
   -7.5000   45.0000   -7.500011820.1328   19.0002
    0.0000   45.0000   -7.500012410.4424   19.1106
    7.5000   45.0000   -7.500011733.7090   19.0560
   -7.5000  -45.0000    0.000012089.7324   19.5175
    0.0000  -45.0000    0.000012673.2988   19.6372
    7.5000  -45.0000    0.000012011.8740   19.5775
   -7.5000  -37.5000    0.000012989.0391   19.5685
    0.0000  -37.5000    0.000013627.2451   19.6883
    7.5000  -37.5000    0.000012861.4570   19.6274
   -7.5000  -30.0000    0.000014288.0850   19.7153
    0.0000  -30.0000    0.000014949.1826   19.8312
    7.5000  -30.0000    0.000014107.7617   19.7702
   -7.5000  -22.5000    0.000015406.9297   19.8091
    0.0000  -22.5000    0.000016057.3145   19.9205
    7.5000  -22.5000    0.000015224.9121   19.8601
   -7.5000  -15.0000    0.000016464.9805   19.7611
    0.0000  -15.0000    0.000017135.3398   19.8725
    7.5000  -15.0000    0.000016282.8018   19.8138
   -7.5000   -7.5000    0.000017664.9883   19.6126
    0.0000   -7.5000    0.000018420.6016   19.7285
    7.5000   -7.5000    0.000017417.1465   19.6704
   -7.5000    0.0000    0.000018529.5703   19.5175
    0.0000    0.0000    0.000019371.1055   19.6372
    7.5000    0.0000    0.000018240.6445   19.5775
   -7.5000    7.5000    0.000017759.9883   19.5685
    0.0000    7.5000    0.000018584.6328   19.6883
    7.5000    7.5000    0.000017514.8203   19.6274
   -7.5000   15.0000    0.000016825.6660   19.7153
    0.0000   15.0000    0.000017618.9238   19.8312
    7.5000   15.0000    0.000016621.3711   19.7702
   -7.5000   22.5000    0.000015700.2676   19.8000
    0.0000   22.5000    0.000016464.3066   19.9114
    7.5000   22.5000    0.000015538.4775   19.8510
   -7.5000   30.0000    0.000014550.8301   19.5053
    0.0000   30.0000    0.000015272.2383   19.6153
    7.5000   30.0000    0.000014419.3486   19.5574
   -7.5000   37.5000    0.000013887.8613   19.3588
    0.0000   37.5000    0.000014579.4385   19.4732
    7.5000   37.5000    0.000013755.1865   19.4158
   -7.5000   45.0000    0.000012588.4365   18.8126
    0.0000   45.0000    0.000013222.5811   18.9280
    7.5000   45.0000    0.000012464.6201   18.8705
   -7.5000  -45.0000    7.500011744.4443   19.7636
    0.0000  -45.0000    7.500012340.3994   19.8991
    7.5000  -45.0000    7.500011643.9707   19.8444
   -7.5000  -37.5000    7.500012673.2939   19.8198
    0.0000  -37.5000    7.500013333.6064   19.9525
    7.5000  -37.5000    7.500012482.2217   19.8945
   -7.5000  -30.0000    7.500014147.8223   19.9730
    0.0000  -30.0000    7.500014926.8906   20.1000
    7.5000  -30.0000    7.500013833.0889   20.0415
   -7.5000  -22.5000    7.500015500.0029   20.0675
    0.0000  -22.5000    7.500016297.2900   20.1917
    7.5000  -22.5000    7.500015121.8740   20.1360
   -7.5000  -15.0000    7.500016605.8945   20.0141
    0.0000  -15.0000    7.500017404.9121   20.1414
    7.5000  -15.0000    7.500016162.1523   20.0899
   -7.5000   -7.5000    7.500017693.0137   19.8597
    0.0000   -7.5000    7.500018533.5039   19.9928
    7.5000   -7.5000    7.500017192.5723   19.9419
   -7.5000    0.0000    7.500018423.2969   19.7636
    0.0000    0.0000    7.500019327.2598   19.8991
    7.5000    0.0000    7.500017917.6348   19.8444
   -7.5000    7.5000    7.500017598.4668   19.8198
    0.0000    7.5000    7.500018460.9648   19.9525
    7.5000    7.5000    7.500017158.5215   19.8945
   -7.5000   15.0000    7.500016638.1641   19.9730
    0.0000   15.0000    7.500017450.9453   20.1000
    7.5000   15.0000    7.500016267.0166   20.0415
   -7.5000   22.5000    7.500015507.3613   20.0582
    0.0000   22.5000    7.500016284.1172   20.1824
    7.5000   22.5000    7.500015210.3799   20.1267
   -7.5000   30.0000    7.500014352.5566   19.7551
    0.0000   30.0000    7.500015085.0947   19.8807
    7.5000   30.0000    7.500014128.6357   19.8299
   -7.5000   37.5000    7.500013682.1250   19.6026
    0.0000   37.5000    7.500014374.0361   19.7340
    7.5000   37.5000    7.500013490.3428   19.6838
   -7.5000   45.0000    7.500012399.6064   19.0498
    0.0000   45.0000    7.500013019.1299   19.1804
    7.5000   45.0000    7.500012221.5762   19.1277
   -7.5000  -45.0000   15.000011268.5186   20.0204
    0.0000  -45.0000   15.000011889.4316   20.1692
    7.5000  -45.0000   15.000011170.6406   20.1236
   -7.5000  -37.5000   15.000012132.6689   20.0743
    0.0000  -37.5000   15.000012833.7686   20.2204
    7.5000  -37.5000   15.000011979.3545   20.1716
   -7.5000  -30.0000   15.000013651.1768   20.2318
    0.0000  -30.0000   15.000014588.7061   20.3706
    7.5000  -30.0000   15.000013272.7285   20.3201
   -7.5000  -22.5000   15.000015271.9189   20.3330
    0.0000  -22.5000   15.000016425.8672   20.4675
    7.5000  -22.5000   15.000014596.2363   20.4185
   -7.5000  -15.0000   15.000016478.2051   20.2821
    0.0000  -15.0000   15.000017618.3750   20.4197
    7.5000  -15.0000   15.000015710.8604   20.3747
   -7.5000   -7.5000   15.000017371.9043   20.1235
    0.0000   -7.5000   15.000018426.4941   20.2682
    7.5000   -7.5000   15.000016669.0449   20.2249
   -7.5000    0.0000   15.000017934.0234   20.0204
    0.0000    0.0000   15.000018926.6055   20.1692
    7.5000    0.0000   15.000017323.8965   20.1236
   -7.5000    7.5000   15.000017050.3047   20.0743
    0.0000    7.5000   15.000017947.0039   20.2204
    7.5000    7.5000   15.000016572.4238   20.1716
   -7.5000   15.0000   15.000016116.0977   20.2318
    0.0000   15.0000   15.000016940.3516   20.3706
    7.5000   15.0000   15.000015730.3779   20.3201
   -7.5000   22.5000   15.000015053.9883   20.3236
    0.0000   22.5000   15.000015813.0518   20.4580
    7.5000   22.5000   15.000014747.1553   20.4091
   -7.5000   30.0000   15.000013968.4941   20.0197
    0.0000   30.0000   15.000014668.0234   20.1554
    7.5000   30.0000   15.000013737.7900   20.1110
   -7.5000   37.5000   15.000013319.9600   19.8631
    0.0000   37.5000   15.000013992.7422   20.0059
    7.5000   37.5000   15.000013117.3516   19.9631
   -7.5000   45.0000   15.000012091.8428   19.2974
    0.0000   45.0000   15.000012709.3389   19.4408
    7.5000   45.0000   15.000011909.9072   19.3968
   -7.5000  -45.0000   22.500010730.9482   20.3775
    0.0000  -45.0000   22.500011308.9365   20.5236
    7.5000  -45.0000   22.500010653.4648   20.4823
   -7.5000  -37.5000   22.500011564.5986   20.4232
    0.0000  -37.5000   22.500012193.7363   20.5696
    7.5000  -37.5000   22.500011457.8965   20.5274
   -7.5000  -30.0000   22.500013011.1680   20.5787
    0.0000  -30.0000   22.500013833.5391   20.7179
    7.5000  -30.0000   22.500012676.4863   20.6730
   -7.5000  -22.5000   22.500014429.4424   20.6858
    0.0000  -22.5000   22.500015387.7549   20.8179
    7.5000  -22.5000   22.500013886.5713   20.7712
   -7.5000  -15.0000   22.500015378.5420   20.6432
    0.0000  -15.0000   22.500016330.7666   20.7751
    7.5000  -15.0000   22.500014921.9658   20.7302
   -7.5000   -7.5000   22.500016285.3418   20.4866
    0.0000   -7.5000   22.500017181.2793   20.6255
    7.5000   -7.5000   22.500015881.4590   20.5833
   -7.5000    0.0000   22.500017005.6484   20.3775
    0.0000    0.0000   22.500017896.0820   20.5236
    7.5000    0.0000   22.500016566.1484   20.4823
   -7.5000    7.5000   22.500016248.5811   20.4232
    0.0000    7.5000   22.500017104.2090   20.5696
    7.5000    7.5000   22.500015860.0557   20.5274
   -7.5000   15.0000   22.500015385.0889   20.5787
    0.0000   15.0000   22.500016188.9961   20.7179
    7.5000   15.0000   22.500015051.1113   20.6730
   -7.5000   22.5000   22.500014390.9883   20.6763
    0.0000   22.5000   22.500015135.3750   20.8083
    7.5000   22.5000   22.500014112.0938   20.7616
   -7.5000   30.0000   22.500013398.0908   20.3760
    0.0000   30.0000   22.500014095.2109   20.5062
    7.5000   30.0000   22.500013155.3906   20.4619
   -7.5000   37.5000   22.500012795.6514   20.2215
    0.0000   37.5000   22.500013457.3740   20.3586
    7.5000   37.5000   22.500012601.3369   20.3169
   -7.5000   45.0000   22.500011631.3311   19.6416
    0.0000   45.0000   22.500012222.1885   19.7824
    7.5000   45.0000   22.500011453.6016   19.7426
   -7.5000  -45.0000   30.000010085.5166   20.8080
    0.0000  -45.0000   30.000010563.5879   20.9371
    7.5000  -45.0000   30.000010028.2725   20.8901
   -7.5000  -37.5000   30.000010828.5664   20.8482
    0.0000  -37.5000   30.000011353.1367   20.9807
    7.5000  -37.5000   30.000010775.9912   20.9352
   -7.5000  -30.0000   30.000012082.5938   20.9965
    0.0000  -30.0000   30.000012755.1143   21.1237
    7.5000  -30.0000   30.000011886.2051   21.0760
   -7.5000  -22.5000   30.000013205.1465   21.1022
    0.0000  -22.5000   30.000013962.7070   21.2204
    7.5000  -22.5000   30.000012954.6357   21.1689
   -7.5000  -15.0000   30.000014080.0283   21.0652
    0.0000  -15.0000   30.000014830.7578   21.1799
    7.5000  -15.0000   30.000013924.3184   21.1274
   -7.5000   -7.5000   30.000015076.4209   20.9156
    0.0000   -7.5000   30.000015833.8369   21.0360
    7.5000   -7.5000   30.000014883.5098   20.9857
   -7.5000    0.0000   30.000015904.0498   20.8080
    0.0000    0.0000   30.000016694.8789   20.9371
    7.5000    0.0000   30.000015610.9902   20.8901
   -7.5000    7.5000   30.000015272.4824   20.8482
    0.0000    7.5000   30.000016031.7334   20.9807
    7.5000    7.5000   30.000014989.1113   20.9352
   -7.5000   15.0000   30.000014514.2568   20.9965
    0.0000   15.0000   30.000015236.0859   21.1237
    7.5000   15.0000   30.000014242.6211   21.0760
   -7.5000   22.5000   30.000013609.9727   21.0925
    0.0000   22.5000   30.000014277.7695   21.2107
    7.5000   22.5000   30.000013349.9863   21.1591
   -7.5000   30.0000   30.000012689.8936   20.7926
    0.0000   30.0000   30.000013313.5342   20.9058
    7.5000   30.0000   30.000012445.1475   20.8540
   -7.5000   37.5000   30.000012124.5068   20.6449
    0.0000   37.5000   30.000012721.1211   20.7637
    7.5000   37.5000   30.000011927.9570   20.7141
   -7.5000   45.0000   30.000011035.1748   20.0565
    0.0000   45.0000   30.000011579.1631   20.1810
    7.5000   45.0000   30.000010849.4072   20.1357
   -7.5000  -45.0000   37.5000 9968.0137   21.2564
    0.0000  -45.0000   37.500010393.3164   21.3752
    7.5000  -45.0000   37.5000 9918.6455   21.3149
   -7.5000  -37.5000   37.500010726.0146   21.2998
    0.0000  -37.5000   37.500011198.8936   21.4222
    7.5000  -37.5000   37.500010663.9932   21.3635
   -7.5000  -30.0000   37.500011879.8047   21.4458
    0.0000  -30.0000   37.500012488.3135   21.5638
    7.5000  -30.0000   37.500011726.0400   21.5040
   -7.5000  -22.5000   37.500012891.5723   21.5466
    0.0000  -22.5000   37.500013532.7061   21.6562
    7.5000  -22.5000   37.500012741.7734   21.5934
   -7.5000  -15.0000   37.500013804.3643   21.5067
    0.0000  -15.0000   37.500014462.3955   21.6126
    7.5000  -15.0000   37.500013694.3369   21.5489
   -7.5000   -7.5000   37.500014856.7686   21.3586
    0.0000   -7.5000   37.500015546.2832   21.4696
    7.5000   -7.5000   37.500014675.9111   21.4073
   -7.5000    0.0000   37.500015684.6084   21.2564
    0.0000    0.0000   37.500016414.3691   21.3752
    7.5000    0.0000   37.500015438.7236   21.3149
   -7.5000    7.5000   37.500015075.1094   21.2998
    0.0000    7.5000   37.500015782.3516   21.4222
    7.5000    7.5000   37.500014826.6045   21.3635
   -7.5000   15.0000   37.500014344.1123   21.4458
    0.0000   15.0000   37.500015005.2900   21.5638
    7.5000   15.0000   37.500014092.3838   21.5040
   -7.5000   22.5000   37.500013470.7354   21.5366
    0.0000   22.5000   37.500014097.7266   21.6462
    7.5000   22.5000   37.500013214.8701   21.5834
   -7.5000   30.0000   37.500012543.6992   21.2284
    0.0000   30.0000   37.500013138.5400   21.3329
    7.5000   30.0000   37.500012310.4629   21.2701
   -7.5000   37.5000   37.500011978.8389   21.0822
    0.0000   37.5000   37.500012528.2324   21.1917
    7.5000   37.5000   37.500011787.4404   21.1302
   -7.5000   45.0000   37.500010919.9824   20.4887
    0.0000   45.0000   37.500011428.5801   20.6032
    7.5000   45.0000   37.500010752.9473   20.5451
   -7.5000  -45.0000   45.0000 9438.5020   21.8531
    0.0000  -45.0000   45.0000 9828.7715   21.9784
    7.5000  -45.0000   45.0000 9383.4971   21.9105
   -7.5000  -37.5000   45.000010147.6523   21.9079
    0.0000  -37.5000   45.000010583.2959   22.0329
    7.5000  -37.5000   45.000010069.1484   21.9631
   -7.5000  -30.0000   45.000011183.4180   22.0592
    0.0000  -30.0000   45.000011707.2510   22.1787
    7.5000  -30.0000   45.000011058.1768   22.1084
   -7.5000  -22.5000   45.000012102.1924   22.1539
    0.0000  -22.5000   45.000012636.6436   22.2680
    7.5000  -22.5000   45.000011985.4961   22.1988
   -7.5000  -15.0000   45.000012985.1191   22.1030
    0.0000  -15.0000   45.000013571.4170   22.2176
    7.5000  -15.0000   45.000012887.7520   22.1511
   -7.5000   -7.5000   45.000013974.1934   21.9495
    0.0000   -7.5000   45.000014603.3516   22.0700
    7.5000   -7.5000   45.000013826.8623   22.0044
   -7.5000    0.0000   45.000014756.9727   21.8531
    0.0000    0.0000   45.000015405.6846   21.9784
    7.5000    0.0000   45.000014538.9355   21.9105
   -7.5000    7.5000   45.000014216.3184   21.9079
    0.0000    7.5000   45.000014836.8652   22.0329
    7.5000    7.5000   45.000013980.2803   21.9631
   -7.5000   15.0000   45.000013513.4199   22.0592
    0.0000   15.0000   45.000014112.3115   22.1787
    7.5000   15.0000   45.000013276.9004   22.1084
   -7.5000   22.5000   45.000012684.4229   22.1436
    0.0000   22.5000   45.000013253.6992   22.2577
    7.5000   22.5000   45.000012464.9834   22.1885
   -7.5000   30.0000   45.000011787.9180   21.8150
    0.0000   30.0000   45.000012325.6787   21.9282
    7.5000   30.0000   45.000011605.2344   21.8625
   -7.5000   37.5000   45.000011240.6289   21.6635
    0.0000   37.5000   45.000011735.1162   21.7825
    7.5000   37.5000   45.000011084.4404   21.7177
   -7.5000   45.0000   45.000010249.8350   21.0734
    0.0000   45.0000   45.000010698.3926   21.1942
    7.5000   45.0000   45.000010120.6396   21.1288

---------------------------------------------------------------------
imgreg_4dfp /opt/freesurfer/average/711-2C_as_mni_average_305 /opt/freesurfer/average/711-2B_as_mni_average_305_mask talsrcimg_g11 none talsrcimg_to_711-2C_as_mni_average_305_t4 4355
---------------------------------------------------------------------

freesurfer imgreg_4dfp.c
/opt/freesurfer/average/711-2C_as_mni_average_305.4dfp.img
       256       256       256         1
  1.000000  1.000000  1.000000
orientation T byte_order littleendian
Reading image: /opt/freesurfer/average/711-2C_as_mni_average_305.4dfp.img
dimensions:      256       256       256
mmppix:       1.0000   -1.0000   -1.0000
center:     128.0000 -129.0000 -129.0000
/opt/freesurfer/average/711-2B_as_mni_average_305_mask.4dfp.img
       256       256       256         1
  1.000000  1.000000  1.000000
orientation T byte_order littleendian
Reading mask: /opt/freesurfer/average/711-2B_as_mni_average_305_mask.4dfp.img (2306576 pixels)
talsrcimg_g11.4dfp.img
       320       320       320         1
  0.800000  0.800000  0.800000
orientation T byte_order littleendian
Reading image: talsrcimg_g11.4dfp.img
dimensions:      320       320       320
mmppix:       0.8000   -0.8000   -0.8000
center:     128.0000 -128.8000 -128.8000
rotation matrix determinant  1.000000
image alignment mode   4355 decimal     1103 hex
   -7.5000  -45.0000  -45.0000 2438.6760   27.7246
    0.0000  -45.0000  -45.0000 2444.9712   27.7206
    7.5000  -45.0000  -45.0000 2433.1409   27.6514
   -7.5000  -37.5000  -45.0000 2495.8718   25.9182
    0.0000  -37.5000  -45.0000 2505.8262   25.9119
    7.5000  -37.5000  -45.0000 2489.5859   25.8270
   -7.5000  -30.0000  -45.0000 2532.2400   24.5557
    0.0000  -30.0000  -45.0000 2545.3606   24.5495
    7.5000  -30.0000  -45.0000 2528.8176   24.4830
   -7.5000  -22.5000  -45.0000 2557.4644   23.5990
    0.0000  -22.5000  -45.0000 2571.6235   23.5764
    7.5000  -22.5000  -45.0000 2557.5457   23.5351
   -7.5000  -15.0000  -45.0000 2571.7151   23.0488
    0.0000  -15.0000  -45.0000 2591.5103   23.0653
    7.5000  -15.0000  -45.0000 2573.2893   22.9939
   -7.5000   -7.5000  -45.0000 2573.9834   22.8723
    0.0000   -7.5000  -45.0000 2588.3362   22.9125
    7.5000   -7.5000  -45.0000 2571.2632   22.8413
   -7.5000    0.0000  -45.0000 2565.8987   23.1703
    0.0000    0.0000  -45.0000 2577.7771   23.1530
    7.5000    0.0000  -45.0000 2555.9915   23.0972
   -7.5000    7.5000  -45.0000 2542.6250   23.8151
    0.0000    7.5000  -45.0000 2546.0156   23.8156
    7.5000    7.5000  -45.0000 2528.9124   23.7972
   -7.5000   15.0000  -45.0000 2498.0969   24.9360
    0.0000   15.0000  -45.0000 2496.2551   24.9150
    7.5000   15.0000  -45.0000 2479.4827   24.9353
   -7.5000   22.5000  -45.0000 2430.0703   26.4809
    0.0000   22.5000  -45.0000 2425.6541   26.4103
    7.5000   22.5000  -45.0000 2416.4036   26.5554
   -7.5000   30.0000  -45.0000 2345.9717   28.4908
    0.0000   30.0000  -45.0000 2340.7297   28.4109
    7.5000   30.0000  -45.0000 2338.2136   28.6420
   -7.5000   37.5000  -45.0000 2270.2651   31.0727
    0.0000   37.5000  -45.0000 2265.1575   30.9252
    7.5000   37.5000  -45.0000 2260.7212   31.1914
   -7.5000   45.0000  -45.0000 2175.0029   34.3470
    0.0000   45.0000  -45.0000 2168.5256   34.2745
    7.5000   45.0000  -45.0000 2162.6313   34.5063
   -7.5000  -45.0000  -37.5000 2484.8921   26.5441
    0.0000  -45.0000  -37.5000 2486.4365   26.5146
    7.5000  -45.0000  -37.5000 2473.2456   26.5183
   -7.5000  -37.5000  -37.5000 2549.0715   24.7920
    0.0000  -37.5000  -37.5000 2551.6399   24.7517
    7.5000  -37.5000  -37.5000 2535.0305   24.7903
   -7.5000  -30.0000  -37.5000 2590.8206   23.4826
    0.0000  -30.0000  -37.5000 2594.3442   23.4613
    7.5000  -30.0000  -37.5000 2576.0864   23.4700
   -7.5000  -22.5000  -37.5000 2616.9167   22.5260
    0.0000  -22.5000  -37.5000 2622.1707   22.4943
    7.5000  -22.5000  -37.5000 2609.0503   22.5289
   -7.5000  -15.0000  -37.5000 2632.9045   21.9532
    0.0000  -15.0000  -37.5000 2644.5938   21.9365
    7.5000  -15.0000  -37.5000 2628.5491   21.9770
   -7.5000   -7.5000  -37.5000 2633.9578   21.7593
    0.0000   -7.5000  -37.5000 2646.2151   21.7863
    7.5000   -7.5000  -37.5000 2629.5012   21.8011
   -7.5000    0.0000  -37.5000 2626.2026   21.9779
    0.0000    0.0000  -37.5000 2638.3228   21.9917
    7.5000    0.0000  -37.5000 2615.4932   22.0060
   -7.5000    7.5000  -37.5000 2602.7717   22.5592
    0.0000    7.5000  -37.5000 2610.8269   22.6177
    7.5000    7.5000  -37.5000 2587.7395   22.6192
   -7.5000   15.0000  -37.5000 2553.8479   23.5897
    0.0000   15.0000  -37.5000 2559.0725   23.6528
    7.5000   15.0000  -37.5000 2535.8865   23.6479
   -7.5000   22.5000  -37.5000 2483.3118   25.0447
    0.0000   22.5000  -37.5000 2487.3005   25.0735
    7.5000   22.5000  -37.5000 2469.1824   25.1610
   -7.5000   30.0000  -37.5000 2397.5569   26.9262
    0.0000   30.0000  -37.5000 2399.6365   26.9632
    7.5000   30.0000  -37.5000 2390.6226   27.0976
   -7.5000   37.5000  -37.5000 2309.4185   29.3160
    0.0000   37.5000  -37.5000 2310.4910   29.2877
    7.5000   37.5000  -37.5000 2305.4065   29.4969
   -7.5000   45.0000  -37.5000 2210.8235   32.3973
    0.0000   45.0000  -37.5000 2205.3181   32.3751
    7.5000   45.0000  -37.5000 2203.0054   32.6296
   -7.5000  -45.0000  -30.0000 2592.2739   26.1266
    0.0000  -45.0000  -30.0000 2593.1553   26.0295
    7.5000  -45.0000  -30.0000 2582.7744   26.1188
   -7.5000  -37.5000  -30.0000 2655.9343   24.2500
    0.0000  -37.5000  -30.0000 2653.3088   24.1688
    7.5000  -37.5000  -30.0000 2645.9827   24.2907
   -7.5000  -30.0000  -30.0000 2705.5193   22.9678
    0.0000  -30.0000  -30.0000 2701.9583   22.8705
    7.5000  -30.0000  -30.0000 2692.8254   23.0059
   -7.5000  -22.5000  -30.0000 2737.9009   22.0199
    0.0000  -22.5000  -30.0000 2735.5347   21.9404
    7.5000  -22.5000  -30.0000 2727.9795   22.0719
   -7.5000  -15.0000  -30.0000 2760.5889   21.4508
    0.0000  -15.0000  -30.0000 2758.7385   21.3924
    7.5000  -15.0000  -30.0000 2751.3914   21.5158
   -7.5000   -7.5000  -30.0000 2756.1443   21.2206
    0.0000   -7.5000  -30.0000 2765.1472   21.2393
    7.5000   -7.5000  -30.0000 2752.7615   21.3316
   -7.5000    0.0000  -30.0000 2744.6846   21.3731
    0.0000    0.0000  -30.0000 2757.9678   21.4223
    7.5000    0.0000  -30.0000 2738.2913   21.4947
   -7.5000    7.5000  -30.0000 2721.6216   21.8855
    0.0000    7.5000  -30.0000 2732.5938   21.9547
    7.5000    7.5000  -30.0000 2710.7188   22.0423
   -7.5000   15.0000  -30.0000 2675.0410   22.8740
    0.0000   15.0000  -30.0000 2686.1091   22.9289
    7.5000   15.0000  -30.0000 2662.1055   23.0046
   -7.5000   22.5000  -30.0000 2601.5117   24.2922
    0.0000   22.5000  -30.0000 2611.2754   24.3305
    7.5000   22.5000  -30.0000 2591.1726   24.4505
   -7.5000   30.0000  -30.0000 2510.5950   26.1027
    0.0000   30.0000  -30.0000 2518.1111   26.1699
    7.5000   30.0000  -30.0000 2504.1028   26.2809
   -7.5000   37.5000  -30.0000 2417.7942   28.3635
    0.0000   37.5000  -30.0000 2425.0911   28.3941
    7.5000   37.5000  -30.0000 2415.3296   28.5547
   -7.5000   45.0000  -30.0000 2311.8765   31.2969
    0.0000   45.0000  -30.0000 2309.9246   31.3264
    7.5000   45.0000  -30.0000 2306.9277   31.5776
   -7.5000  -45.0000  -22.5000 2654.6819   25.6956
    0.0000  -45.0000  -22.5000 2657.5815   25.4577
    7.5000  -45.0000  -22.5000 2655.8218   25.6194
   -7.5000  -37.5000  -22.5000 2713.0750   23.7065
    0.0000  -37.5000  -22.5000 2711.5620   23.5069
    7.5000  -37.5000  -22.5000 2716.7847   23.6837
   -7.5000  -30.0000  -22.5000 2760.5813   22.3329
    0.0000  -30.0000  -22.5000 2758.8936   22.1722
    7.5000  -30.0000  -22.5000 2761.3567   22.3522
   -7.5000  -22.5000  -22.5000 2802.0361   21.3667
    0.0000  -22.5000  -22.5000 2798.9031   21.2612
    7.5000  -22.5000  -22.5000 2801.0693   21.4153
   -7.5000  -15.0000  -22.5000 2829.4768   20.7955
    0.0000  -15.0000  -22.5000 2827.9292   20.7034
    7.5000  -15.0000  -22.5000 2828.5989   20.8563
   -7.5000   -7.5000  -22.5000 2832.6646   20.5698
    0.0000   -7.5000  -22.5000 2840.8208   20.5334
    7.5000   -7.5000  -22.5000 2836.2878   20.6909
   -7.5000    0.0000  -22.5000 2824.5029   20.6906
    0.0000    0.0000  -22.5000 2832.7739   20.6532
    7.5000    0.0000  -22.5000 2827.0850   20.8598
   -7.5000    7.5000  -22.5000 2798.4011   21.1706
    0.0000    7.5000  -22.5000 2804.8533   21.1406
    7.5000    7.5000  -22.5000 2797.4131   21.3365
   -7.5000   15.0000  -22.5000 2750.1851   22.0894
    0.0000   15.0000  -22.5000 2756.7244   22.0646
    7.5000   15.0000  -22.5000 2745.6116   22.2137
   -7.5000   22.5000  -22.5000 2677.0115   23.4270
    0.0000   22.5000  -22.5000 2688.2749   23.4099
    7.5000   22.5000  -22.5000 2671.1091   23.5595
   -7.5000   30.0000  -22.5000 2583.4690   25.1740
    0.0000   30.0000  -22.5000 2593.9656   25.1738
    7.5000   30.0000  -22.5000 2579.6199   25.2835
   -7.5000   37.5000  -22.5000 2482.9861   27.3370
    0.0000   37.5000  -22.5000 2494.7524   27.3659
    7.5000   37.5000  -22.5000 2479.1477   27.4481
   -7.5000   45.0000  -22.5000 2371.7004   30.1648
    0.0000   45.0000  -22.5000 2378.4402   30.2334
    7.5000   45.0000  -22.5000 2369.3975   30.3683
   -7.5000  -45.0000  -15.0000 2682.0891   25.3163
    0.0000  -45.0000  -15.0000 2681.4041   24.9411
    7.5000  -45.0000  -15.0000 2686.4116   25.1142
   -7.5000  -37.5000  -15.0000 2745.7971   23.3324
    0.0000  -37.5000  -15.0000 2741.1709   22.9877
    7.5000  -37.5000  -15.0000 2751.1580   23.1732
   -7.5000  -30.0000  -15.0000 2786.7136   21.8204
    0.0000  -30.0000  -15.0000 2783.4915   21.5338
    7.5000  -30.0000  -15.0000 2795.9050   21.7468
   -7.5000  -22.5000  -15.0000 2829.2373   20.7724
    0.0000  -22.5000  -15.0000 2826.4985   20.5500
    7.5000  -22.5000  -15.0000 2833.5427   20.7595
   -7.5000  -15.0000  -15.0000 2862.5093   20.1734
    0.0000  -15.0000  -15.0000 2857.7751   19.9760
    7.5000  -15.0000  -15.0000 2865.6318   20.1652
   -7.5000   -7.5000  -15.0000 2871.3093   19.9659
    0.0000   -7.5000  -15.0000 2875.2637   19.8180
    7.5000   -7.5000  -15.0000 2878.7783   20.0066
   -7.5000    0.0000  -15.0000 2869.5681   20.0886
    0.0000    0.0000  -15.0000 2871.9434   19.9481
    7.5000    0.0000  -15.0000 2871.7566   20.1714
   -7.5000    7.5000  -15.0000 2843.2495   20.5317
    0.0000    7.5000  -15.0000 2843.8899   20.4095
    7.5000    7.5000  -15.0000 2842.2014   20.6048
   -7.5000   15.0000  -15.0000 2791.4355   21.3657
    0.0000   15.0000  -15.0000 2792.4275   21.2835
    7.5000   15.0000  -15.0000 2791.2788   21.4490
   -7.5000   22.5000  -15.0000 2714.9211   22.6319
    0.0000   22.5000  -15.0000 2717.2668   22.5586
    7.5000   22.5000  -15.0000 2717.8430   22.7204
   -7.5000   30.0000  -15.0000 2625.1819   24.3260
    0.0000   30.0000  -15.0000 2630.6655   24.2388
    7.5000   30.0000  -15.0000 2623.9333   24.3920
   -7.5000   37.5000  -15.0000 2524.4272   26.4594
    0.0000   37.5000  -15.0000 2527.6855   26.4002
    7.5000   37.5000  -15.0000 2517.2043   26.5448
   -7.5000   45.0000  -15.0000 2410.9856   29.2240
    0.0000   45.0000  -15.0000 2409.7312   29.2552
    7.5000   45.0000  -15.0000 2399.2080   29.4039
   -7.5000  -45.0000   -7.5000 2690.8594   25.0429
    0.0000  -45.0000   -7.5000 2684.9722   24.5887
    7.5000  -45.0000   -7.5000 2689.1648   24.7392
   -7.5000  -37.5000   -7.5000 2765.9001   23.0640
    0.0000  -37.5000   -7.5000 2755.7649   22.6600
    7.5000  -37.5000   -7.5000 2762.8213   22.7938
   -7.5000  -30.0000   -7.5000 2809.2871   21.5018
    0.0000  -30.0000   -7.5000 2796.7849   21.1205
    7.5000  -30.0000   -7.5000 2808.3333   21.3705
   -7.5000  -22.5000   -7.5000 2842.6765   20.2664
    0.0000  -22.5000   -7.5000 2829.3210   19.9527
    7.5000  -22.5000   -7.5000 2840.8003   20.2187
   -7.5000  -15.0000   -7.5000 2873.4373   19.5764
    0.0000  -15.0000   -7.5000 2859.1228   19.2920
    7.5000  -15.0000   -7.5000 2871.3481   19.5616
   -7.5000   -7.5000   -7.5000 2890.7051   19.4201
    0.0000   -7.5000   -7.5000 2882.7317   19.1706
    7.5000   -7.5000   -7.5000 2891.9944   19.4002
   -7.5000    0.0000   -7.5000 2891.7546   19.5606
    0.0000    0.0000   -7.5000 2883.3682   19.3388
    7.5000    0.0000   -7.5000 2891.4617   19.5695
   -7.5000    7.5000   -7.5000 2865.7766   19.9520
    0.0000    7.5000   -7.5000 2858.8923   19.7989
    7.5000    7.5000   -7.5000 2864.5149   20.0197
   -7.5000   15.0000   -7.5000 2816.2388   20.7381
    0.0000   15.0000   -7.5000 2812.0833   20.6083
    7.5000   15.0000   -7.5000 2815.4358   20.8619
   -7.5000   22.5000   -7.5000 2737.4312   21.9121
    0.0000   22.5000   -7.5000 2735.2578   21.8133
    7.5000   22.5000   -7.5000 2740.4685   22.0473
   -7.5000   30.0000   -7.5000 2650.3474   23.5380
    0.0000   30.0000   -7.5000 2652.2773   23.4455
    7.5000   30.0000   -7.5000 2649.1296   23.6687
   -7.5000   37.5000   -7.5000 2549.7385   25.6192
    0.0000   37.5000   -7.5000 2551.9097   25.6121
    7.5000   37.5000   -7.5000 2539.0754   25.7900
   -7.5000   45.0000   -7.5000 2432.6831   28.3243
    0.0000   45.0000   -7.5000 2427.1343   28.3762
    7.5000   45.0000   -7.5000 2415.1355   28.5264
   -7.5000  -45.0000    0.0000 2706.3640   25.0220
    0.0000  -45.0000    0.0000 2691.3936   24.6241
    7.5000  -45.0000    0.0000 2691.7212   24.6704
   -7.5000  -37.5000    0.0000 2784.2620   23.0455
    0.0000  -37.5000    0.0000 2766.5232   22.6835
    7.5000  -37.5000    0.0000 2764.5178   22.6742
   -7.5000  -30.0000    0.0000 2838.2505   21.5252
    0.0000  -30.0000    0.0000 2818.7783   21.1583
    7.5000  -30.0000    0.0000 2817.7000   21.1989
   -7.5000  -22.5000    0.0000 2865.4854   20.1535
    0.0000  -22.5000    0.0000 2842.1289   19.7995
    7.5000  -22.5000    0.0000 2849.1904   20.0274
   -7.5000  -15.0000    0.0000 2887.6746   19.2383
    0.0000  -15.0000    0.0000 2860.4373   18.9119
    7.5000  -15.0000    0.0000 2873.3677   19.2520
   -7.5000   -7.5000    0.0000 2911.0984   19.0896
    0.0000   -7.5000    0.0000 2888.0403   18.8191
    7.5000   -7.5000    0.0000 2897.7710   19.0546
   -7.5000    0.0000    0.0000 2919.5752   19.2354
    0.0000    0.0000    0.0000 2902.8633   19.0109
    7.5000    0.0000    0.0000 2904.8528   19.1889
   -7.5000    7.5000    0.0000 2901.4309   19.6208
    0.0000    7.5000    0.0000 2884.9436   19.4446
    7.5000    7.5000    0.0000 2888.6323   19.6372
   -7.5000   15.0000    0.0000 2849.6648   20.3557
    0.0000   15.0000    0.0000 2838.0940   20.2148
    7.5000   15.0000    0.0000 2843.1135   20.4420
   -7.5000   22.5000    0.0000 2769.7375   21.5198
    0.0000   22.5000    0.0000 2763.3457   21.3722
    7.5000   22.5000    0.0000 2766.2158   21.6321
   -7.5000   30.0000    0.0000 2677.3318   23.1382
    0.0000   30.0000    0.0000 2674.3325   23.0051
    7.5000   30.0000    0.0000 2674.6521   23.3113
   -7.5000   37.5000    0.0000 2573.6396   25.1433
    0.0000   37.5000    0.0000 2570.4312   25.0874
    7.5000   37.5000    0.0000 2566.4629   25.3521
   -7.5000   45.0000    0.0000 2446.2444   27.7271
    0.0000   45.0000    0.0000 2446.1694   27.7330
    7.5000   45.0000    0.0000 2437.2732   27.9181
   -7.5000  -45.0000    7.5000 2716.3318   25.2916
    0.0000  -45.0000    7.5000 2712.2893   24.9786
    7.5000  -45.0000    7.5000 2687.9844   24.8103
   -7.5000  -37.5000    7.5000 2795.1951   23.2711
    0.0000  -37.5000    7.5000 2787.4875   22.9930
    7.5000  -37.5000    7.5000 2765.2000   22.7830
   -7.5000  -30.0000    7.5000 2862.7971   21.8312
    0.0000  -30.0000    7.5000 2852.5261   21.5992
    7.5000  -30.0000    7.5000 2828.2563   21.2921
   -7.5000  -22.5000    7.5000 2913.3025   20.6663
    0.0000  -22.5000    7.5000 2906.4080   20.4349
    7.5000  -22.5000    7.5000 2876.2310   20.2026
   -7.5000  -15.0000    7.5000 2924.1506   19.4749
    0.0000  -15.0000    7.5000 2909.6821   19.2819
    7.5000  -15.0000    7.5000 2896.9932   19.3571
   -7.5000   -7.5000    7.5000 2934.2354   19.0225
    0.0000   -7.5000    7.5000 2922.0779   18.8860
    7.5000   -7.5000    7.5000 2908.0859   18.9383
   -7.5000    0.0000    7.5000 2931.0298   19.0263
    0.0000    0.0000    7.5000 2922.4243   18.9015
    7.5000    0.0000    7.5000 2907.3242   18.9117
   -7.5000    7.5000    7.5000 2910.8374   19.3232
    0.0000    7.5000    7.5000 2906.9851   19.2092
    7.5000    7.5000    7.5000 2895.3215   19.2937
   -7.5000   15.0000    7.5000 2865.9302   20.0741
    0.0000   15.0000    7.5000 2858.1353   19.9625
    7.5000   15.0000    7.5000 2850.7561   20.1112
   -7.5000   22.5000    7.5000 2786.8691   21.3108
    0.0000   22.5000    7.5000 2785.0566   21.2186
    7.5000   22.5000    7.5000 2775.2327   21.3857
   -7.5000   30.0000    7.5000 2693.7502   22.8952
    0.0000   30.0000    7.5000 2698.7156   22.8506
    7.5000   30.0000    7.5000 2685.0813   23.0015
   -7.5000   37.5000    7.5000 2589.1255   24.8418
    0.0000   37.5000    7.5000 2591.9688   24.8570
    7.5000   37.5000    7.5000 2584.2876   24.9878
   -7.5000   45.0000    7.5000 2464.2949   27.3699
    0.0000   45.0000    7.5000 2465.7573   27.4140
    7.5000   45.0000    7.5000 2453.3813   27.5075
   -7.5000  -45.0000   15.0000 2715.7041   25.6808
    0.0000  -45.0000   15.0000 2722.9387   25.5369
    7.5000  -45.0000   15.0000 2685.0205   25.2126
   -7.5000  -37.5000   15.0000 2799.7578   23.6374
    0.0000  -37.5000   15.0000 2810.7041   23.5714
    7.5000  -37.5000   15.0000 2765.7124   23.1671
   -7.5000  -30.0000   15.0000 2874.4646   22.1540
    0.0000  -30.0000   15.0000 2892.7971   22.1873
    7.5000  -30.0000   15.0000 2831.1116   21.6304
   -7.5000  -22.5000   15.0000 2942.6116   21.0986
    0.0000  -22.5000   15.0000 2971.1111   21.1905
    7.5000  -22.5000   15.0000 2883.9368   20.4579
   -7.5000  -15.0000   15.0000 2972.8491   20.0513
    0.0000  -15.0000   15.0000 2993.4556   20.1129
    7.5000  -15.0000   15.0000 2913.1243   19.6096
   -7.5000   -7.5000   15.0000 2959.2578   19.2947
    0.0000   -7.5000   15.0000 2966.1819   19.2838
    7.5000   -7.5000   15.0000 2914.7329   19.0834
   -7.5000    0.0000   15.0000 2926.1245   18.9313
    0.0000    0.0000   15.0000 2926.2498   18.8760
    7.5000    0.0000   15.0000 2908.6895   18.9212
   -7.5000    7.5000   15.0000 2903.2266   19.1759
    0.0000    7.5000   15.0000 2897.5977   19.0550
    7.5000    7.5000   15.0000 2892.8582   19.2236
   -7.5000   15.0000   15.0000 2866.6216   19.9600
    0.0000   15.0000   15.0000 2862.0364   19.8710
    7.5000   15.0000   15.0000 2854.3062   20.0124
   -7.5000   22.5000   15.0000 2796.8306   21.2158
    0.0000   22.5000   15.0000 2796.1509   21.1161
    7.5000   22.5000   15.0000 2788.9980   21.2733
   -7.5000   30.0000   15.0000 2707.1072   22.8101
    0.0000   30.0000   15.0000 2708.9270   22.7320
    7.5000   30.0000   15.0000 2703.6111   22.9259
   -7.5000   37.5000   15.0000 2604.5149   24.7773
    0.0000   37.5000   15.0000 2608.1838   24.7725
    7.5000   37.5000   15.0000 2596.8213   24.9438
   -7.5000   45.0000   15.0000 2477.6555   27.2779
    0.0000   45.0000   15.0000 2486.4753   27.3589
    7.5000   45.0000   15.0000 2464.2888   27.4520
   -7.5000  -45.0000   22.5000 2711.0808   26.1434
    0.0000  -45.0000   22.5000 2717.6565   26.0892
    7.5000  -45.0000   22.5000 2685.4187   25.8105
   -7.5000  -37.5000   22.5000 2796.9875   23.9988
    0.0000  -37.5000   22.5000 2803.9587   24.0081
    7.5000  -37.5000   22.5000 2768.7925   23.6904
   -7.5000  -30.0000   22.5000 2875.5889   22.4307
    0.0000  -30.0000   22.5000 2883.3550   22.4267
    7.5000  -30.0000   22.5000 2840.7539   22.0294
   -7.5000  -22.5000   22.5000 2949.0959   21.2177
    0.0000  -22.5000   22.5000 2962.3811   21.2412
    7.5000  -22.5000   22.5000 2892.1167   20.6944
   -7.5000  -15.0000   22.5000 2964.2468   20.0258
    0.0000  -15.0000   22.5000 2975.0974   20.0362
    7.5000  -15.0000   22.5000 2909.4226   19.7429
   -7.5000   -7.5000   22.5000 2939.7651   19.2503
    0.0000   -7.5000   22.5000 2936.3376   19.1348
    7.5000   -7.5000   22.5000 2913.9077   19.2677
   -7.5000    0.0000   22.5000 2929.8066   19.1232
    0.0000    0.0000   22.5000 2921.2224   19.0111
    7.5000    0.0000   22.5000 2907.6106   19.1849
   -7.5000    7.5000   22.5000 2906.7717   19.4559
    0.0000    7.5000   22.5000 2904.4441   19.3873
    7.5000    7.5000   22.5000 2890.2991   19.5070
   -7.5000   15.0000   22.5000 2868.9087   20.2150
    0.0000   15.0000   22.5000 2865.6104   20.1302
    7.5000   15.0000   22.5000 2855.7449   20.2646
   -7.5000   22.5000   22.5000 2801.8882   21.4251
    0.0000   22.5000   22.5000 2801.2390   21.3195
    7.5000   22.5000   22.5000 2792.9136   21.4470
   -7.5000   30.0000   22.5000 2715.4707   22.9999
    0.0000   30.0000   22.5000 2717.2742   22.9093
    7.5000   30.0000   22.5000 2706.9216   23.0592
   -7.5000   37.5000   22.5000 2615.8779   24.9048
    0.0000   37.5000   22.5000 2616.9268   24.8621
    7.5000   37.5000   22.5000 2607.6199   25.0457
   -7.5000   45.0000   22.5000 2485.3660   27.3575
    0.0000   45.0000   22.5000 2490.7766   27.3917
    7.5000   45.0000   22.5000 2473.2219   27.5416
   -7.5000  -45.0000   30.0000 2692.3821   26.4127
    0.0000  -45.0000   30.0000 2693.5762   26.2496
    7.5000  -45.0000   30.0000 2679.0266   26.2696
   -7.5000  -37.5000   30.0000 2772.9683   24.1586
    0.0000  -37.5000   30.0000 2776.5251   24.0597
    7.5000  -37.5000   30.0000 2761.8894   24.0544
   -7.5000  -30.0000   30.0000 2849.0771   22.4901
    0.0000  -30.0000   30.0000 2852.3220   22.4213
    7.5000  -30.0000   30.0000 2829.7217   22.2807
   -7.5000  -22.5000   30.0000 2913.1526   21.1475
    0.0000  -22.5000   30.0000 2920.4292   21.1221
    7.5000  -22.5000   30.0000 2878.4116   20.8881
   -7.5000  -15.0000   30.0000 2913.6204   19.8817
    0.0000  -15.0000   30.0000 2919.6226   19.8503
    7.5000  -15.0000   30.0000 2899.7554   19.9876
   -7.5000   -7.5000   30.0000 2928.9563   19.4282
    0.0000   -7.5000   30.0000 2918.3782   19.2438
    7.5000   -7.5000   30.0000 2912.4395   19.5581
   -7.5000    0.0000   30.0000 2947.1931   19.5303
    0.0000    0.0000   30.0000 2937.3169   19.3969
    7.5000    0.0000   30.0000 2914.9348   19.5572
   -7.5000    7.5000   30.0000 2921.9260   19.9888
    0.0000    7.5000   30.0000 2920.6138   19.8820
    7.5000    7.5000   30.0000 2902.9690   20.0021
   -7.5000   15.0000   30.0000 2877.7188   20.7514
    0.0000   15.0000   30.0000 2878.6387   20.6707
    7.5000   15.0000   30.0000 2864.5891   20.7769
   -7.5000   22.5000   30.0000 2805.9758   21.8746
    0.0000   22.5000   30.0000 2805.0283   21.7843
    7.5000   22.5000   30.0000 2794.1492   21.8726
   -7.5000   30.0000   30.0000 2720.9539   23.3480
    0.0000   30.0000   30.0000 2718.4004   23.2495
    7.5000   30.0000   30.0000 2702.6658   23.3588
   -7.5000   37.5000   30.0000 2611.8372   25.2076
    0.0000   37.5000   30.0000 2611.2598   25.1549
    7.5000   37.5000   30.0000 2602.1125   25.2770
   -7.5000   45.0000   30.0000 2477.5811   27.6330
    0.0000   45.0000   30.0000 2482.4224   27.6275
    7.5000   45.0000   30.0000 2471.2583   27.7464
   -7.5000  -45.0000   37.5000 2664.2048   26.6161
    0.0000  -45.0000   37.5000 2662.4285   26.3882
    7.5000  -45.0000   37.5000 2663.4001   26.6626
   -7.5000  -37.5000   37.5000 2753.1594   24.4241
    0.0000  -37.5000   37.5000 2753.5779   24.2691
    7.5000  -37.5000   37.5000 2750.2156   24.4475
   -7.5000  -30.0000   37.5000 2832.5312   22.8198
    0.0000  -30.0000   37.5000 2831.9043   22.6933
    7.5000  -30.0000   37.5000 2817.2698   22.6922
   -7.5000  -22.5000   37.5000 2879.1653   21.3702
    0.0000  -22.5000   37.5000 2882.2910   21.2700
    7.5000  -22.5000   37.5000 2858.6760   21.3099
   -7.5000  -15.0000   37.5000 2895.4299   20.2097
    0.0000  -15.0000   37.5000 2892.7666   20.0783
    7.5000  -15.0000   37.5000 2890.2856   20.4197
   -7.5000   -7.5000   37.5000 2928.0325   19.8937
    0.0000   -7.5000   37.5000 2926.3416   19.7658
    7.5000   -7.5000   37.5000 2911.4558   20.0136
   -7.5000    0.0000   37.5000 2946.3962   20.0303
    0.0000    0.0000   37.5000 2940.6689   19.9384
    7.5000    0.0000   37.5000 2921.0354   20.0852
   -7.5000    7.5000   37.5000 2924.1423   20.5212
    0.0000    7.5000   37.5000 2919.3352   20.4209
    7.5000    7.5000   37.5000 2905.0271   20.5375
   -7.5000   15.0000   37.5000 2880.0195   21.3422
    0.0000   15.0000   37.5000 2876.6069   21.2440
    7.5000   15.0000   37.5000 2865.5513   21.3599
   -7.5000   22.5000   37.5000 2803.7571   22.5227
    0.0000   22.5000   37.5000 2804.5010   22.4140
    7.5000   22.5000   37.5000 2790.7959   22.5045
   -7.5000   30.0000   37.5000 2711.4119   23.9627
    0.0000   30.0000   37.5000 2714.7517   23.8884
    7.5000   30.0000   37.5000 2699.2517   23.9677
   -7.5000   37.5000   37.5000 2601.5996   25.7530
    0.0000   37.5000   37.5000 2597.5503   25.7226
    7.5000   37.5000   37.5000 2593.0996   25.7861
   -7.5000   45.0000   37.5000 2472.5732   28.1570
    0.0000   45.0000   37.5000 2478.8379   28.1362
    7.5000   45.0000   37.5000 2467.2759   28.1955
   -7.5000  -45.0000   45.0000 2646.2004   27.1097
    0.0000  -45.0000   45.0000 2635.8818   26.7856
    7.5000  -45.0000   45.0000 2648.7717   27.2597
   -7.5000  -37.5000   45.0000 2740.8840   24.9545
    0.0000  -37.5000   45.0000 2730.5598   24.6996
    7.5000  -37.5000   45.0000 2736.5957   25.0091
   -7.5000  -30.0000   45.0000 2807.3457   23.2364
    0.0000  -30.0000   45.0000 2801.1550   23.0449
    7.5000  -30.0000   45.0000 2798.7959   23.2506
   -7.5000  -22.5000   45.0000 2847.1660   21.7703
    0.0000  -22.5000   45.0000 2836.0376   21.5502
    7.5000  -22.5000   45.0000 2838.1438   21.8896
   -7.5000  -15.0000   45.0000 2882.4224   20.7971
    0.0000  -15.0000   45.0000 2879.3757   20.6861
    7.5000  -15.0000   45.0000 2873.6118   21.0018
   -7.5000   -7.5000   45.0000 2916.3464   20.5608
    0.0000   -7.5000   45.0000 2916.8066   20.4536
    7.5000   -7.5000   45.0000 2905.2959   20.6903
   -7.5000    0.0000   45.0000 2929.4043   20.6953
    0.0000    0.0000   45.0000 2926.9653   20.6056
    7.5000    0.0000   45.0000 2910.6597   20.7743
   -7.5000    7.5000   45.0000 2911.1260   21.1860
    0.0000    7.5000   45.0000 2907.6450   21.0607
    7.5000    7.5000   45.0000 2894.4509   21.2213
   -7.5000   15.0000   45.0000 2864.1992   21.9899
    0.0000   15.0000   45.0000 2859.9231   21.8730
    7.5000   15.0000   45.0000 2847.9358   21.9969
   -7.5000   22.5000   45.0000 2791.1057   23.1827
    0.0000   22.5000   45.0000 2789.8911   23.0776
    7.5000   22.5000   45.0000 2775.6292   23.1609
   -7.5000   30.0000   45.0000 2688.5806   24.7080
    0.0000   30.0000   45.0000 2690.6677   24.6176
    7.5000   30.0000   45.0000 2683.0742   24.6915
   -7.5000   37.5000   45.0000 2573.2920   26.4328
    0.0000   37.5000   45.0000 2575.2305   26.4308
    7.5000   37.5000   45.0000 2570.3464   26.5460
   -7.5000   45.0000   45.0000 2456.5618   28.7422
    0.0000   45.0000   45.0000 2465.7412   28.8438
    7.5000   45.0000   45.0000 2450.3232   28.9395

---------------------------------------------------------------------
imgreg_4dfp /opt/freesurfer/average/711-2C_as_mni_average_305 /opt/freesurfer/average/711-2B_as_mni_average_305_mask talsrcimg_g11 none talsrcimg_to_711-2C_as_mni_average_305_t4 1283
---------------------------------------------------------------------

freesurfer imgreg_4dfp.c
/opt/freesurfer/average/711-2C_as_mni_average_305.4dfp.img
       256       256       256         1
  1.000000  1.000000  1.000000
orientation T byte_order littleendian
Reading image: /opt/freesurfer/average/711-2C_as_mni_average_305.4dfp.img
dimensions:      256       256       256
mmppix:       1.0000   -1.0000   -1.0000
center:     128.0000 -129.0000 -129.0000
/opt/freesurfer/average/711-2B_as_mni_average_305_mask.4dfp.img
       256       256       256         1
  1.000000  1.000000  1.000000
orientation T byte_order littleendian
Reading mask: /opt/freesurfer/average/711-2B_as_mni_average_305_mask.4dfp.img (2306576 pixels)
talsrcimg_g11.4dfp.img
       320       320       320         1
  0.800000  0.800000  0.800000
orientation T byte_order littleendian
Reading image: talsrcimg_g11.4dfp.img
dimensions:      320       320       320
mmppix:       0.8000   -0.8000   -0.8000
center:     128.0000 -128.8000 -128.8000
rotation matrix determinant  1.000000
fimgreg.f
image alignment mode   1283 decimal      503 hex
parameters
    0.0000  -15.0000   15.0000    0.0000    0.0000    0.0000
eta,q 0.94013 20.25180
niter,ni,del,rscale     5    3   12.0000    1.2000
parameters
   -2.6943  -16.9497   16.8318   -0.4769    1.1490   -0.3877
eta,q 0.94321 20.48053
  0.0639  0.0627  0.0807  0.0597  0.0640  0.0588
  0.0609  0.0591  0.0702  0.0583  0.0613  0.0582
  0.0589  0.0580  0.0615  0.0574  0.0592  0.0573
  0.0613  0.0592  0.0580  0.0575  0.0574  0.0568
  0.0679  0.0627  0.0576  0.0581  0.0566  0.0573
  0.0776  0.0667  0.0597  0.0590  0.0580  0.0584
  0.0846  0.0690  0.0629  0.0602  0.0609  0.0595
niter,ni,del,rscale     4    3   12.0000    1.2000
parameters
   -3.1580  -16.4025   17.0587   -1.8040    1.8187   -1.3723
eta,q 0.94351 20.46604
  0.0700  0.0682  0.0714  0.0584  0.0627  0.0580
  0.0632  0.0620  0.0619  0.0574  0.0605  0.0573
  0.0591  0.0582  0.0577  0.0567  0.0584  0.0567
  0.0568  0.0569  0.0569  0.0570  0.0567  0.0564
  0.0597  0.0574  0.0591  0.0578  0.0568  0.0571
  0.0665  0.0603  0.0625  0.0590  0.0587  0.0583
  0.0749  0.0643  0.0676  0.0603  0.0610  0.0593
niter,ni,del,rscale     3    3   12.0000    1.2000
parameters
   -3.5696  -15.6493   16.9872   -3.1517    2.7580   -1.4863
eta,q 0.94400 20.41177
  0.0694  0.0689  0.0699  0.0582  0.0631  0.0587
  0.0628  0.0626  0.0611  0.0569  0.0607  0.0574
  0.0587  0.0584  0.0570  0.0561  0.0581  0.0564
  0.0565  0.0566  0.0564  0.0564  0.0560  0.0560
  0.0593  0.0568  0.0589  0.0575  0.0566  0.0564
  0.0656  0.0597  0.0630  0.0589  0.0582  0.0577
  0.0735  0.0637  0.0690  0.0603  0.0602  0.0588
niter,ni,del,rscale     2    3   12.0000    1.2000
parameters
   -3.9446  -15.0517   16.8923   -3.8700    3.1279   -1.4790
eta,q 0.94396 20.37283
  0.0696  0.0685  0.0691  0.0587  0.0626  0.0592
  0.0625  0.0625  0.0609  0.0575  0.0598  0.0577
  0.0581  0.0580  0.0568  0.0564  0.0571  0.0565
  0.0560  0.0560  0.0559  0.0559  0.0559  0.0560
  0.0588  0.0567  0.0581  0.0568  0.0571  0.0564
  0.0651  0.0601  0.0626  0.0586  0.0587  0.0578
  0.0734  0.0642  0.0689  0.0604  0.0612  0.0591
niter,ni,del,rscale     1    3   12.0000    1.2000
parameters
   -4.0447  -14.7671   16.8479   -4.2146    3.1817   -1.4577
eta,q 0.94386 20.35979
  0.0711  0.0677  0.0691  0.0590  0.0621  0.0593
  0.0632  0.0616  0.0612  0.0580  0.0594  0.0578
  0.0585  0.0575  0.0572  0.0569  0.0567  0.0566
  0.0560  0.0561  0.0560  0.0560  0.0561  0.0561
  0.0581  0.0572  0.0579  0.0565  0.0574  0.0565
  0.0639  0.0610  0.0624  0.0582  0.0591  0.0579
  0.0723  0.0652  0.0687  0.0603  0.0618  0.0592
registration optimization eta report
parameter search radius
    6.0000    6.0000    6.0000    6.0000    6.0000    6.0000
100000*second partial in parameter space
       42.       29.       36.       10.       16.        8.
  0.0711  0.0677  0.0691  0.0590  0.0621  0.0593
  0.0632  0.0616  0.0612  0.0580  0.0594  0.0578
  0.0585  0.0575  0.0572  0.0569  0.0567  0.0566
  0.0560  0.0561  0.0560  0.0560  0.0561  0.0561
  0.0581  0.0572  0.0579  0.0565  0.0574  0.0565
  0.0639  0.0610  0.0624  0.0582  0.0591  0.0579
  0.0723  0.0652  0.0687  0.0603  0.0618  0.0592
   -4.0447  -14.7671   16.8479   -4.2146    3.1817   -1.4577
eta,q 0.94386 20.35979

---------------------------------------------------------------------
imgreg_4dfp /opt/freesurfer/average/711-2C_as_mni_average_305 /opt/freesurfer/average/711-2B_as_mni_average_305_mask talsrcimg_g11 none talsrcimg_to_711-2C_as_mni_average_305_t4 3335
---------------------------------------------------------------------

freesurfer imgreg_4dfp.c
/opt/freesurfer/average/711-2C_as_mni_average_305.4dfp.img
       256       256       256         1
  1.000000  1.000000  1.000000
orientation T byte_order littleendian
Reading image: /opt/freesurfer/average/711-2C_as_mni_average_305.4dfp.img
dimensions:      256       256       256
mmppix:       1.0000   -1.0000   -1.0000
center:     128.0000 -129.0000 -129.0000
/opt/freesurfer/average/711-2B_as_mni_average_305_mask.4dfp.img
       256       256       256         1
  1.000000  1.000000  1.000000
orientation T byte_order littleendian
Reading mask: /opt/freesurfer/average/711-2B_as_mni_average_305_mask.4dfp.img (2306576 pixels)
talsrcimg_g11.4dfp.img
       320       320       320         1
  0.800000  0.800000  0.800000
orientation T byte_order littleendian
Reading image: talsrcimg_g11.4dfp.img
dimensions:      320       320       320
mmppix:       0.8000   -0.8000   -0.8000
center:     128.0000 -128.8000 -128.8000
fimgreg.f
image alignment mode   3335 decimal      D07 hex
parameters
   -4.0447  -14.7671   16.8479   -0.1865   -0.3131   -0.4241
    2.9448   -5.3465   -2.5400    7.4877    5.5503   -7.3379
eta,q 0.94566 20.63914
niter,ni,del,rscale     5    3    5.0000    1.2000
parameter  4  1.252841 ->  0.500000 qaram    1.1500
parameter  5  1.689818 ->  0.500000 qaram    1.1500
parameter 12 -0.750734 -> -0.500000 qaram    1.1500
parameters
   -3.3889  -14.8012   16.6872   -4.3265   -4.4531   -1.6973
    1.3958   -4.2492   -1.0015    8.1722    6.1161   -3.1979
eta,q 0.95824 20.74488
  0.0594  0.0556  0.0557  0.0464  0.0404  0.0447  0.0446  0.0487  0.0456  0.0456  0.0433  0.0446
  0.0571  0.0547  0.0546  0.0471  0.0416  0.0439  0.0432  0.0452  0.0441  0.0436  0.0427  0.0435
  0.0554  0.0542  0.0541  0.0496  0.0440  0.0431  0.0425  0.0433  0.0430  0.0426  0.0424  0.0427
  0.0543  0.0541  0.0541  0.0540  0.0476  0.0421  0.0426  0.0425  0.0424  0.0422  0.0422  0.0422
  0.0541  0.0543  0.0544  0.0602  0.0522  0.0418  0.0436  0.0425  0.0423  0.0424  0.0423  0.0419
  0.0546  0.0548  0.0551  0.0669  0.0569  0.0447  0.0452  0.0434  0.0427  0.0431  0.0425  0.0417
  0.0559  0.0557  0.0561  0.0731  0.0614  0.0513  0.0474  0.0457  0.0437  0.0443  0.0431  0.0417
niter,ni,del,rscale     7    3    5.0000    1.2000
parameter  2 -1.025014 -> -0.500000 qaram    1.1500
parameter  3  0.835733 ->  0.500000 qaram    1.1500
parameter  5  0.630540 ->  0.500000 qaram    1.3225
parameters
   -3.1128  -13.4212   15.3072   -7.2425   -9.2141   -1.0376
    0.6924   -4.2358   -0.9598    7.2220    5.6959   -0.4208
eta,q 0.96352 20.35659
  0.0456  0.0476  0.0393  0.0418  0.0377  0.0403  0.0384  0.0401  0.0384  0.0381  0.0371  0.0376
  0.0436  0.0453  0.0393  0.0402  0.0371  0.0395  0.0373  0.0380  0.0374  0.0372  0.0368  0.0371
  0.0423  0.0433  0.0396  0.0390  0.0373  0.0384  0.0367  0.0369  0.0367  0.0367  0.0366  0.0368
  0.0418  0.0417  0.0401  0.0394  0.0390  0.0370  0.0366  0.0366  0.0366  0.0366  0.0365  0.0366
  0.0419  0.0406  0.0408  0.0423  0.0422  0.0359  0.0370  0.0368  0.0368  0.0369  0.0366  0.0365
  0.0427  0.0399  0.0417  0.0482  0.0467  0.0369  0.0379  0.0379  0.0374  0.0378  0.0368  0.0365
  0.0441  0.0397  0.0429  0.0560  0.0516  0.0407  0.0392  0.0401  0.0384  0.0393  0.0373  0.0368
niter,ni,del,rscale     7    3    5.0000    1.2000
parameter  2 -0.994412 -> -0.500000 qaram    1.3225
parameters
   -2.9775  -11.8342   14.7102   -7.5925  -11.8970   -1.2933
    0.4344   -4.0232   -1.0093    7.6910    5.0927   -0.7994
eta,q 0.96540 20.08856
  0.0390  0.0435  0.0354  0.0394  0.0372  0.0381  0.0365  0.0383  0.0364  0.0367  0.0350  0.0350
  0.0376  0.0408  0.0346  0.0378  0.0357  0.0373  0.0354  0.0361  0.0354  0.0357  0.0348  0.0348
  0.0368  0.0384  0.0343  0.0360  0.0346  0.0361  0.0348  0.0350  0.0348  0.0350  0.0346  0.0347
  0.0365  0.0365  0.0344  0.0343  0.0345  0.0345  0.0346  0.0346  0.0346  0.0346  0.0346  0.0346
  0.0367  0.0351  0.0349  0.0342  0.0363  0.0341  0.0349  0.0349  0.0348  0.0347  0.0346  0.0346
  0.0374  0.0343  0.0356  0.0367  0.0401  0.0357  0.0357  0.0359  0.0355  0.0352  0.0348  0.0348
  0.0384  0.0342  0.0366  0.0425  0.0456  0.0410  0.0368  0.0379  0.0365  0.0364  0.0353  0.0351
niter,ni,del,rscale     7    3    5.0000    1.2000
parameter  2 -0.570497 -> -0.500000 qaram    1.5209
parameters
   -2.9019  -10.0091   14.4594   -7.6714  -13.6700   -1.3315
    0.4811   -3.7863   -1.1476    8.1425    4.8625   -3.0507
eta,q 0.96632 19.88112
  0.0368  0.0410  0.0347  0.0385  0.0373  0.0374  0.0359  0.0376  0.0355  0.0358  0.0342  0.0339
  0.0356  0.0384  0.0339  0.0370  0.0356  0.0366  0.0347  0.0352  0.0345  0.0347  0.0339  0.0337
  0.0349  0.0362  0.0335  0.0352  0.0341  0.0354  0.0340  0.0341  0.0339  0.0340  0.0338  0.0337
  0.0346  0.0346  0.0335  0.0335  0.0335  0.0337  0.0337  0.0337  0.0337  0.0337  0.0337  0.0337
  0.0348  0.0337  0.0338  0.0331  0.0347  0.0331  0.0340  0.0340  0.0340  0.0338  0.0337  0.0338
  0.0355  0.0336  0.0343  0.0353  0.0380  0.0345  0.0347  0.0350  0.0346  0.0344  0.0339  0.0341
  0.0365  0.0343  0.0351  0.0407  0.0430  0.0397  0.0359  0.0370  0.0356  0.0353  0.0343  0.0345
niter,ni,del,rscale     7    3    5.0000    1.2000
parameters
   -2.8573   -9.4243   14.6045   -7.4418  -14.4587   -1.1656
    0.6495   -3.6567   -1.2784    8.7858    4.6928   -4.3368
eta,q 0.96651 19.82735
  0.0359  0.0386  0.0350  0.0387  0.0379  0.0374  0.0359  0.0375  0.0353  0.0358  0.0340  0.0339
  0.0347  0.0363  0.0341  0.0372  0.0363  0.0365  0.0346  0.0350  0.0343  0.0344  0.0337  0.0336
  0.0339  0.0346  0.0337  0.0354  0.0346  0.0353  0.0338  0.0339  0.0337  0.0337  0.0336  0.0335
  0.0337  0.0337  0.0336  0.0336  0.0335  0.0336  0.0335  0.0335  0.0335  0.0335  0.0335  0.0335
  0.0339  0.0337  0.0337  0.0330  0.0339  0.0328  0.0337  0.0338  0.0337  0.0336  0.0335  0.0336
  0.0346  0.0346  0.0341  0.0349  0.0364  0.0340  0.0345  0.0349  0.0344  0.0341  0.0337  0.0339
  0.0357  0.0363  0.0346  0.0400  0.0410  0.0392  0.0357  0.0372  0.0354  0.0350  0.0341  0.0342
niter,ni,del,rscale     6    3    5.0000    1.2000
parameters
   -2.8641   -9.1498   14.6584   -7.3660  -14.8116   -1.1764
    0.8206   -3.5937   -1.4009    9.2367    4.6829   -4.9149
eta,q 0.96647 19.80347
  0.0357  0.0375  0.0349  0.0386  0.0380  0.0373  0.0360  0.0375  0.0352  0.0357  0.0341  0.0341
  0.0344  0.0355  0.0340  0.0371  0.0365  0.0365  0.0347  0.0350  0.0343  0.0343  0.0338  0.0337
  0.0337  0.0341  0.0335  0.0353  0.0347  0.0352  0.0338  0.0339  0.0337  0.0337  0.0336  0.0336
  0.0335  0.0335  0.0335  0.0335  0.0334  0.0335  0.0335  0.0335  0.0335  0.0335  0.0335  0.0335
  0.0338  0.0337  0.0336  0.0330  0.0335  0.0328  0.0338  0.0338  0.0338  0.0337  0.0336  0.0336
  0.0345  0.0347  0.0340  0.0350  0.0357  0.0342  0.0345  0.0350  0.0344  0.0342  0.0337  0.0338
  0.0357  0.0365  0.0347  0.0404  0.0402  0.0397  0.0357  0.0373  0.0353  0.0350  0.0341  0.0342
niter,ni,del,rscale     5    3    5.0000    1.2000
parameters
   -2.8752   -8.9963   14.6481   -7.3263  -14.9904   -1.2210
    0.9518   -3.5932   -1.5313    9.5102    4.7542   -5.1697
eta,q 0.96641 19.79085
  0.0357  0.0372  0.0349  0.0387  0.0381  0.0373  0.0360  0.0374  0.0352  0.0355  0.0341  0.0342
  0.0345  0.0353  0.0340  0.0372  0.0366  0.0365  0.0347  0.0350  0.0343  0.0343  0.0338  0.0338
  0.0337  0.0340  0.0336  0.0354  0.0349  0.0352  0.0339  0.0339  0.0338  0.0337  0.0337  0.0336
  0.0335  0.0335  0.0335  0.0335  0.0335  0.0336  0.0336  0.0336  0.0336  0.0336  0.0336  0.0336
  0.0338  0.0338  0.0337  0.0330  0.0335  0.0329  0.0338  0.0339  0.0338  0.0338  0.0336  0.0337
  0.0346  0.0348  0.0341  0.0352  0.0355  0.0343  0.0346  0.0350  0.0344  0.0343  0.0338  0.0339
  0.0357  0.0366  0.0348  0.0406  0.0399  0.0398  0.0358  0.0374  0.0353  0.0351  0.0342  0.0342
niter,ni,del,rscale     4    3    5.0000    1.2000
parameters
   -2.8841   -8.9010   14.6212   -7.3123  -15.1023   -1.2631
    1.0621   -3.6194   -1.6389    9.6750    4.8616   -5.2664
eta,q 0.96636 19.78191
  0.0358  0.0370  0.0349  0.0387  0.0381  0.0374  0.0360  0.0374  0.0353  0.0355  0.0342  0.0343
  0.0345  0.0352  0.0341  0.0372  0.0366  0.0365  0.0347  0.0350  0.0343  0.0343  0.0339  0.0339
  0.0338  0.0340  0.0336  0.0354  0.0349  0.0353  0.0339  0.0339  0.0338  0.0337  0.0337  0.0337
  0.0336  0.0336  0.0336  0.0336  0.0336  0.0336  0.0336  0.0336  0.0336  0.0336  0.0336  0.0336
  0.0339  0.0339  0.0338  0.0331  0.0335  0.0329  0.0339  0.0340  0.0339  0.0338  0.0337  0.0337
  0.0346  0.0349  0.0342  0.0353  0.0355  0.0344  0.0346  0.0351  0.0344  0.0343  0.0338  0.0339
  0.0358  0.0367  0.0349  0.0407  0.0398  0.0398  0.0359  0.0374  0.0353  0.0352  0.0342  0.0342
niter,ni,del,rscale     3    3    5.0000    1.2000
parameters
   -2.8953   -8.8380   14.5978   -7.3001  -15.1810   -1.3005
    1.1451   -3.6655   -1.7337    9.7854    4.9818   -5.3055
eta,q 0.96632 19.77556
  0.0358  0.0369  0.0349  0.0387  0.0381  0.0374  0.0360  0.0374  0.0353  0.0355  0.0342  0.0343
  0.0346  0.0352  0.0341  0.0373  0.0367  0.0366  0.0347  0.0350  0.0344  0.0343  0.0339  0.0339
  0.0339  0.0341  0.0337  0.0355  0.0350  0.0353  0.0340  0.0340  0.0338  0.0338  0.0338  0.0337
  0.0336  0.0336  0.0336  0.0336  0.0336  0.0336  0.0337  0.0337  0.0337  0.0337  0.0337  0.0337
  0.0339  0.0339  0.0338  0.0331  0.0335  0.0330  0.0339  0.0340  0.0339  0.0339  0.0337  0.0338
  0.0347  0.0350  0.0342  0.0353  0.0355  0.0344  0.0347  0.0351  0.0345  0.0344  0.0339  0.0340
  0.0358  0.0368  0.0349  0.0407  0.0397  0.0398  0.0359  0.0375  0.0354  0.0352  0.0342  0.0343
niter,ni,del,rscale     2    3    5.0000    1.2000
parameters
   -2.9056   -8.7905   14.5767   -7.2954  -15.2405   -1.3331
    1.2155   -3.7091   -1.8107    9.8601    5.0833   -5.3072
eta,q 0.96628 19.77015
  0.0358  0.0369  0.0350  0.0388  0.0382  0.0374  0.0361  0.0374  0.0353  0.0354  0.0342  0.0343
  0.0346  0.0352  0.0341  0.0373  0.0367  0.0366  0.0348  0.0351  0.0344  0.0343  0.0340  0.0339
  0.0339  0.0341  0.0337  0.0355  0.0350  0.0354  0.0340  0.0340  0.0339  0.0338  0.0338  0.0338
  0.0337  0.0337  0.0337  0.0337  0.0337  0.0337  0.0337  0.0337  0.0337  0.0337  0.0337  0.0337
  0.0340  0.0340  0.0339  0.0332  0.0335  0.0330  0.0340  0.0340  0.0339  0.0339  0.0337  0.0338
  0.0347  0.0350  0.0343  0.0354  0.0355  0.0344  0.0347  0.0351  0.0345  0.0344  0.0339  0.0340
  0.0358  0.0368  0.0349  0.0408  0.0397  0.0398  0.0359  0.0375  0.0354  0.0352  0.0343  0.0343
niter,ni,del,rscale     1    3    5.0000    1.2000
parameters
   -2.9140   -8.7563   14.5608   -7.2901  -15.2883   -1.3571
    1.2669   -3.7492   -1.8746    9.9171    5.1691   -5.3242
eta,q 0.96626 19.76619
  0.0359  0.0369  0.0350  0.0388  0.0382  0.0374  0.0361  0.0374  0.0353  0.0354  0.0343  0.0344
  0.0346  0.0352  0.0342  0.0373  0.0367  0.0366  0.0348  0.0351  0.0344  0.0343  0.0340  0.0340
  0.0339  0.0341  0.0338  0.0355  0.0351  0.0354  0.0340  0.0340  0.0339  0.0338  0.0338  0.0338
  0.0337  0.0337  0.0337  0.0337  0.0337  0.0337  0.0337  0.0337  0.0337  0.0337  0.0337  0.0337
  0.0340  0.0340  0.0339  0.0332  0.0336  0.0330  0.0340  0.0340  0.0340  0.0339  0.0338  0.0338
  0.0347  0.0350  0.0343  0.0354  0.0355  0.0344  0.0348  0.0352  0.0345  0.0344  0.0339  0.0340
  0.0359  0.0368  0.0349  0.0408  0.0397  0.0397  0.0360  0.0375  0.0354  0.0352  0.0343  0.0343
registration optimization eta report
parameter search radius
    2.4000    3.6501    2.7600    8.2800    9.5220    7.2000
    7.2000    7.2000    7.2000    7.2000    7.2000    8.2800
100000*second partial in parameter space
       37.       23.       17.        9.        6.        9.
        4.        7.        3.        3.        1.        1.
  0.0359  0.0369  0.0350  0.0388  0.0382  0.0374  0.0361  0.0374  0.0353  0.0354  0.0343  0.0344
  0.0346  0.0352  0.0342  0.0373  0.0367  0.0366  0.0348  0.0351  0.0344  0.0343  0.0340  0.0340
  0.0339  0.0341  0.0338  0.0355  0.0351  0.0354  0.0340  0.0340  0.0339  0.0338  0.0338  0.0338
  0.0337  0.0337  0.0337  0.0337  0.0337  0.0337  0.0337  0.0337  0.0337  0.0337  0.0337  0.0337
  0.0340  0.0340  0.0339  0.0332  0.0336  0.0330  0.0340  0.0340  0.0340  0.0339  0.0338  0.0338
  0.0347  0.0350  0.0343  0.0354  0.0355  0.0344  0.0348  0.0352  0.0345  0.0344  0.0339  0.0340
  0.0359  0.0368  0.0349  0.0408  0.0397  0.0397  0.0360  0.0375  0.0354  0.0352  0.0343  0.0343
   -2.9140   -8.7563   14.5608   -7.2901  -15.2883   -1.3571
    1.2669   -3.7492   -1.8746    9.9171    5.1691   -5.3242
eta,q 0.96626 19.76619

---------------------------------------------------------------------
imgreg_4dfp /opt/freesurfer/average/711-2C_as_mni_average_305 /opt/freesurfer/average/711-2B_as_mni_average_305_mask talsrcimg_g11 none talsrcimg_to_711-2C_as_mni_average_305_t4 2311
---------------------------------------------------------------------

freesurfer imgreg_4dfp.c
/opt/freesurfer/average/711-2C_as_mni_average_305.4dfp.img
       256       256       256         1
  1.000000  1.000000  1.000000
orientation T byte_order littleendian
Reading image: /opt/freesurfer/average/711-2C_as_mni_average_305.4dfp.img
dimensions:      256       256       256
mmppix:       1.0000   -1.0000   -1.0000
center:     128.0000 -129.0000 -129.0000
/opt/freesurfer/average/711-2B_as_mni_average_305_mask.4dfp.img
       256       256       256         1
  1.000000  1.000000  1.000000
orientation T byte_order littleendian
Reading mask: /opt/freesurfer/average/711-2B_as_mni_average_305_mask.4dfp.img (2306576 pixels)
talsrcimg_g11.4dfp.img
       320       320       320         1
  0.800000  0.800000  0.800000
orientation T byte_order littleendian
Reading image: talsrcimg_g11.4dfp.img
dimensions:      320       320       320
mmppix:       0.8000   -0.8000   -0.8000
center:     128.0000 -128.8000 -128.8000
fimgreg.f
image alignment mode   2311 decimal      907 hex
parameters
   -2.9140   -8.7563   14.5608   -7.2901  -15.2883   -1.3570
    1.2669   -3.7492   -1.8746    9.9171    5.1691   -5.3242
eta,q 0.96626 19.76619
niter,ni,del,rscale     5    3    5.0000    0.8000
parameters
   -2.9561   -8.6816   14.4023   -5.6107  -14.6140   -0.4470
    1.4162   -3.8585   -1.9122   10.1740    4.5880   -6.1366
eta,q 0.96739 19.85943
  0.0347  0.0344  0.0341  0.0369  0.0351  0.0360  0.0342  0.0354  0.0337  0.0339  0.0331  0.0329
  0.0341  0.0340  0.0338  0.0358  0.0343  0.0352  0.0334  0.0338  0.0331  0.0331  0.0328  0.0327
  0.0338  0.0338  0.0337  0.0347  0.0337  0.0342  0.0328  0.0329  0.0327  0.0327  0.0327  0.0326
  0.0337  0.0337  0.0337  0.0337  0.0332  0.0331  0.0326  0.0326  0.0326  0.0326  0.0326  0.0326
  0.0339  0.0338  0.0338  0.0332  0.0331  0.0325  0.0328  0.0330  0.0328  0.0327  0.0327  0.0327
  0.0342  0.0340  0.0340  0.0334  0.0335  0.0333  0.0332  0.0340  0.0331  0.0330  0.0330  0.0329
  0.0347  0.0343  0.0342  0.0346  0.0345  0.0350  0.0341  0.0356  0.0337  0.0335  0.0334  0.0331
niter,ni,del,rscale     4    3    5.0000    0.7000
parameters
   -2.9875   -9.2856   14.7142   -5.7777  -13.6222   -0.0779
    1.3657   -3.7004   -1.6788    9.7552    4.2444   -6.4206
eta,q 0.96783 19.94999
  0.0337  0.0327  0.0334  0.0347  0.0343  0.0350  0.0334  0.0346  0.0332  0.0330  0.0326  0.0325
  0.0331  0.0325  0.0330  0.0337  0.0335  0.0342  0.0327  0.0333  0.0327  0.0324  0.0324  0.0323
  0.0327  0.0325  0.0326  0.0329  0.0329  0.0332  0.0323  0.0325  0.0324  0.0322  0.0322  0.0322
  0.0326  0.0326  0.0325  0.0325  0.0325  0.0324  0.0322  0.0322  0.0322  0.0322  0.0322  0.0322
  0.0328  0.0328  0.0325  0.0327  0.0323  0.0322  0.0324  0.0324  0.0323  0.0324  0.0323  0.0322
  0.0332  0.0332  0.0326  0.0336  0.0326  0.0332  0.0328  0.0331  0.0325  0.0328  0.0325  0.0324
  0.0338  0.0337  0.0328  0.0355  0.0332  0.0347  0.0334  0.0342  0.0330  0.0333  0.0328  0.0325
niter,ni,del,rscale     3    3    5.0000    0.6000
parameters
   -2.9922   -9.6632   14.8505   -5.8510  -13.1857    0.2500
    1.2452   -3.5848   -1.4764    9.5060    4.0501   -6.5703
eta,q 0.96802 19.99680
  0.0331  0.0324  0.0328  0.0339  0.0334  0.0344  0.0329  0.0338  0.0328  0.0327  0.0323  0.0322
  0.0326  0.0322  0.0324  0.0331  0.0329  0.0336  0.0324  0.0328  0.0324  0.0322  0.0321  0.0321
  0.0323  0.0321  0.0322  0.0324  0.0324  0.0328  0.0321  0.0322  0.0321  0.0320  0.0320  0.0320
  0.0322  0.0322  0.0321  0.0321  0.0321  0.0321  0.0320  0.0320  0.0320  0.0320  0.0320  0.0320
  0.0323  0.0324  0.0322  0.0323  0.0321  0.0321  0.0321  0.0322  0.0320  0.0321  0.0320  0.0320
  0.0326  0.0326  0.0323  0.0330  0.0324  0.0328  0.0324  0.0327  0.0323  0.0324  0.0322  0.0321
  0.0331  0.0330  0.0325  0.0343  0.0330  0.0340  0.0330  0.0336  0.0326  0.0329  0.0325  0.0323
niter,ni,del,rscale     2    3    5.0000    0.5000
parameters
   -2.9773   -9.8401   14.9610   -5.8763  -12.9957    0.4516
    1.1212   -3.5104   -1.3530    9.3289    3.9361   -6.6983
eta,q 0.96809 20.01592
  0.0326  0.0322  0.0325  0.0333  0.0329  0.0338  0.0325  0.0332  0.0325  0.0324  0.0322  0.0321
  0.0323  0.0321  0.0322  0.0327  0.0324  0.0331  0.0322  0.0325  0.0322  0.0321  0.0320  0.0320
  0.0321  0.0320  0.0320  0.0322  0.0321  0.0324  0.0320  0.0321  0.0320  0.0319  0.0319  0.0319
  0.0320  0.0320  0.0320  0.0320  0.0320  0.0319  0.0319  0.0319  0.0319  0.0319  0.0319  0.0319
  0.0320  0.0321  0.0320  0.0321  0.0320  0.0320  0.0320  0.0320  0.0320  0.0320  0.0320  0.0319
  0.0323  0.0323  0.0321  0.0326  0.0322  0.0327  0.0322  0.0324  0.0321  0.0322  0.0321  0.0320
  0.0326  0.0325  0.0323  0.0335  0.0327  0.0335  0.0326  0.0331  0.0324  0.0325  0.0322  0.0321
niter,ni,del,rscale     1    3    5.0000    0.4000
parameters
   -2.9624   -9.9278   15.0412   -5.8692  -12.8979    0.5789
    1.0403   -3.4651   -1.2881    9.2415    3.8725   -6.7988
eta,q 0.96812 20.02534
  0.0323  0.0321  0.0322  0.0328  0.0325  0.0333  0.0323  0.0327  0.0322  0.0323  0.0321  0.0320
  0.0321  0.0320  0.0321  0.0324  0.0322  0.0327  0.0321  0.0323  0.0320  0.0320  0.0320  0.0319
  0.0320  0.0319  0.0320  0.0320  0.0320  0.0322  0.0319  0.0320  0.0319  0.0319  0.0319  0.0319
  0.0319  0.0319  0.0319  0.0319  0.0319  0.0319  0.0319  0.0319  0.0319  0.0319  0.0319  0.0319
  0.0320  0.0320  0.0319  0.0320  0.0319  0.0320  0.0319  0.0320  0.0319  0.0319  0.0319  0.0319
  0.0321  0.0321  0.0320  0.0323  0.0321  0.0324  0.0321  0.0322  0.0320  0.0321  0.0320  0.0320
  0.0323  0.0322  0.0321  0.0329  0.0324  0.0331  0.0323  0.0326  0.0322  0.0323  0.0321  0.0320
registration optimization eta report
parameter search radius
    0.8000    0.8000    0.8000    2.4000    2.4000    2.4000
    2.4000    2.4000    2.4000    2.4000    2.4000    2.4000
100000*second partial in parameter space
       65.       42.       43.       16.       10.       22.
        8.       14.        6.        7.        3.        2.
  0.0323  0.0321  0.0322  0.0328  0.0325  0.0333  0.0323  0.0327  0.0322  0.0323  0.0321  0.0320
  0.0321  0.0320  0.0321  0.0324  0.0322  0.0327  0.0321  0.0323  0.0320  0.0320  0.0320  0.0319
  0.0320  0.0319  0.0320  0.0320  0.0320  0.0322  0.0319  0.0320  0.0319  0.0319  0.0319  0.0319
  0.0319  0.0319  0.0319  0.0319  0.0319  0.0319  0.0319  0.0319  0.0319  0.0319  0.0319  0.0319
  0.0320  0.0320  0.0319  0.0320  0.0319  0.0320  0.0319  0.0320  0.0319  0.0319  0.0319  0.0319
  0.0321  0.0321  0.0320  0.0323  0.0321  0.0324  0.0321  0.0322  0.0320  0.0321  0.0320  0.0320
  0.0323  0.0322  0.0321  0.0329  0.0324  0.0331  0.0323  0.0326  0.0322  0.0323  0.0321  0.0320
   -2.9624   -9.9278   15.0412   -5.8692  -12.8979    0.5789
    1.0403   -3.4651   -1.2881    9.2415    3.8725   -6.7988
eta,q 0.96812 20.02534

---------------------------------------------------------------------
imgreg_4dfp /opt/freesurfer/average/711-2C_as_mni_average_305 /opt/freesurfer/average/711-2B_as_mni_average_305_mask talsrcimg_g11 none talsrcimg_to_711-2C_as_mni_average_305_t4 2311
---------------------------------------------------------------------

freesurfer imgreg_4dfp.c
/opt/freesurfer/average/711-2C_as_mni_average_305.4dfp.img
       256       256       256         1
  1.000000  1.000000  1.000000
orientation T byte_order littleendian
Reading image: /opt/freesurfer/average/711-2C_as_mni_average_305.4dfp.img
dimensions:      256       256       256
mmppix:       1.0000   -1.0000   -1.0000
center:     128.0000 -129.0000 -129.0000
/opt/freesurfer/average/711-2B_as_mni_average_305_mask.4dfp.img
       256       256       256         1
  1.000000  1.000000  1.000000
orientation T byte_order littleendian
Reading mask: /opt/freesurfer/average/711-2B_as_mni_average_305_mask.4dfp.img (2306576 pixels)
talsrcimg_g11.4dfp.img
       320       320       320         1
  0.800000  0.800000  0.800000
orientation T byte_order littleendian
Reading image: talsrcimg_g11.4dfp.img
dimensions:      320       320       320
mmppix:       0.8000   -0.8000   -0.8000
center:     128.0000 -128.8000 -128.8000
fimgreg.f
image alignment mode   2311 decimal      907 hex
parameters
   -2.9624   -9.9278   15.0412   -5.8692  -12.8979    0.5789
    1.0403   -3.4651   -1.2881    9.2415    3.8725   -6.7988
eta,q 0.96812 20.02533
niter,ni,del,rscale     5    3    5.0000    0.8000
parameters
   -2.9324   -9.9939   15.1421   -6.3394  -13.0633    0.1853
    0.9539   -3.3858   -1.2224    9.3309    3.8102   -6.6556
eta,q 0.96794 20.01945
  0.0336  0.0329  0.0331  0.0345  0.0338  0.0349  0.0335  0.0348  0.0333  0.0336  0.0326  0.0325
  0.0327  0.0323  0.0325  0.0333  0.0330  0.0339  0.0327  0.0332  0.0326  0.0326  0.0323  0.0322
  0.0321  0.0320  0.0320  0.0323  0.0323  0.0328  0.0322  0.0323  0.0322  0.0322  0.0321  0.0321
  0.0319  0.0319  0.0319  0.0319  0.0319  0.0319  0.0321  0.0321  0.0321  0.0321  0.0321  0.0321
  0.0321  0.0320  0.0320  0.0323  0.0321  0.0324  0.0322  0.0323  0.0322  0.0322  0.0321  0.0321
  0.0326  0.0324  0.0323  0.0338  0.0329  0.0338  0.0328  0.0331  0.0326  0.0327  0.0323  0.0323
  0.0335  0.0330  0.0328  0.0364  0.0344  0.0370  0.0336  0.0346  0.0332  0.0334  0.0327  0.0324
niter,ni,del,rscale     4    3    5.0000    0.7000
parameters
   -2.9242   -9.8251   14.9501   -6.1644  -13.0903    0.2613
    0.9307   -3.3561   -1.2181    9.4314    3.7274   -6.6641
eta,q 0.96802 20.01123
  0.0332  0.0330  0.0326  0.0345  0.0335  0.0347  0.0332  0.0343  0.0329  0.0332  0.0325  0.0324
  0.0326  0.0325  0.0322  0.0335  0.0328  0.0338  0.0325  0.0329  0.0324  0.0325  0.0322  0.0321
  0.0322  0.0322  0.0320  0.0326  0.0323  0.0328  0.0321  0.0322  0.0321  0.0321  0.0320  0.0320
  0.0321  0.0321  0.0321  0.0320  0.0320  0.0320  0.0320  0.0320  0.0320  0.0320  0.0320  0.0320
  0.0322  0.0321  0.0322  0.0321  0.0321  0.0322  0.0321  0.0322  0.0321  0.0321  0.0320  0.0320
  0.0326  0.0323  0.0325  0.0329  0.0327  0.0332  0.0325  0.0329  0.0324  0.0325  0.0322  0.0322
  0.0332  0.0326  0.0329  0.0345  0.0338  0.0350  0.0332  0.0342  0.0329  0.0330  0.0325  0.0323
niter,ni,del,rscale     3    3    5.0000    0.6000
parameters
   -2.9234   -9.8264   14.9610   -6.0233  -13.0455    0.3966
    0.9322   -3.3317   -1.2291    9.3777    3.6932   -6.7118
eta,q 0.96807 20.01341
  0.0329  0.0325  0.0326  0.0339  0.0332  0.0342  0.0329  0.0337  0.0326  0.0328  0.0323  0.0322
  0.0324  0.0322  0.0322  0.0331  0.0326  0.0334  0.0324  0.0327  0.0323  0.0322  0.0321  0.0320
  0.0321  0.0320  0.0320  0.0324  0.0322  0.0326  0.0320  0.0321  0.0320  0.0320  0.0320  0.0319
  0.0320  0.0320  0.0320  0.0320  0.0320  0.0320  0.0319  0.0319  0.0319  0.0319  0.0319  0.0319
  0.0321  0.0320  0.0321  0.0320  0.0320  0.0321  0.0320  0.0321  0.0320  0.0321  0.0320  0.0320
  0.0324  0.0322  0.0322  0.0327  0.0324  0.0329  0.0323  0.0327  0.0323  0.0323  0.0321  0.0321
  0.0329  0.0326  0.0325  0.0339  0.0332  0.0342  0.0329  0.0336  0.0327  0.0328  0.0323  0.0322
niter,ni,del,rscale     2    3    5.0000    0.5000
parameters
   -2.9199   -9.8771   15.0136   -5.9393  -12.9737    0.5169
    0.9426   -3.3299   -1.2438    9.3044    3.7118   -6.7930
eta,q 0.96810 20.01936
  0.0326  0.0323  0.0324  0.0334  0.0328  0.0337  0.0326  0.0331  0.0324  0.0325  0.0322  0.0321
  0.0322  0.0321  0.0321  0.0327  0.0324  0.0330  0.0322  0.0324  0.0321  0.0321  0.0320  0.0320
  0.0320  0.0320  0.0320  0.0322  0.0321  0.0324  0.0320  0.0320  0.0320  0.0319  0.0319  0.0319
  0.0319  0.0319  0.0319  0.0319  0.0319  0.0319  0.0319  0.0319  0.0319  0.0319  0.0319  0.0319
  0.0320  0.0320  0.0320  0.0320  0.0320  0.0321  0.0320  0.0320  0.0320  0.0320  0.0319  0.0319
  0.0322  0.0321  0.0321  0.0325  0.0323  0.0327  0.0322  0.0324  0.0321  0.0322  0.0320  0.0320
  0.0326  0.0324  0.0323  0.0333  0.0328  0.0336  0.0326  0.0331  0.0324  0.0325  0.0322  0.0321
niter,ni,del,rscale     1    3    5.0000    0.4000
parameters
   -2.9193   -9.9343   15.0679   -5.8836  -12.9032    0.6070
    0.9485   -3.3469   -1.2480    9.2333    3.7592   -6.8319
eta,q 0.96812 20.02549
  0.0323  0.0321  0.0322  0.0328  0.0325  0.0332  0.0323  0.0327  0.0322  0.0323  0.0321  0.0320
  0.0321  0.0320  0.0320  0.0324  0.0322  0.0327  0.0321  0.0322  0.0320  0.0320  0.0320  0.0319
  0.0319  0.0319  0.0319  0.0320  0.0320  0.0322  0.0319  0.0320  0.0319  0.0319  0.0319  0.0319
  0.0319  0.0319  0.0319  0.0319  0.0319  0.0319  0.0319  0.0319  0.0319  0.0319  0.0319  0.0319
  0.0319  0.0319  0.0319  0.0320  0.0319  0.0320  0.0319  0.0320  0.0319  0.0319  0.0319  0.0319
  0.0321  0.0320  0.0320  0.0323  0.0321  0.0325  0.0321  0.0322  0.0320  0.0321  0.0320  0.0319
  0.0323  0.0322  0.0321  0.0328  0.0325  0.0331  0.0323  0.0327  0.0322  0.0323  0.0321  0.0320
registration optimization eta report
parameter search radius
    0.8000    0.8000    0.8000    2.4000    2.4000    2.4000
    2.4000    2.4000    2.4000    2.4000    2.4000    2.4000
100000*second partial in parameter space
       65.       42.       44.       16.       10.       22.
        8.       14.        6.        7.        3.        2.
  0.0323  0.0321  0.0322  0.0328  0.0325  0.0332  0.0323  0.0327  0.0322  0.0323  0.0321  0.0320
  0.0321  0.0320  0.0320  0.0324  0.0322  0.0327  0.0321  0.0322  0.0320  0.0320  0.0320  0.0319
  0.0319  0.0319  0.0319  0.0320  0.0320  0.0322  0.0319  0.0320  0.0319  0.0319  0.0319  0.0319
  0.0319  0.0319  0.0319  0.0319  0.0319  0.0319  0.0319  0.0319  0.0319  0.0319  0.0319  0.0319
  0.0319  0.0319  0.0319  0.0320  0.0319  0.0320  0.0319  0.0320  0.0319  0.0319  0.0319  0.0319
  0.0321  0.0320  0.0320  0.0323  0.0321  0.0325  0.0321  0.0322  0.0320  0.0321  0.0320  0.0319
  0.0323  0.0322  0.0321  0.0328  0.0325  0.0331  0.0323  0.0327  0.0322  0.0323  0.0321  0.0320
   -2.9193   -9.9343   15.0679   -5.8836  -12.9032    0.6070
    0.9485   -3.3469   -1.2480    9.2333    3.7592   -6.8319
eta,q 0.96812 20.02549

---------------------------------------------------------------------
compute_vox2vox talsrcimg talsrcimg_to_711-2C_as_mni_average_305_t4 /opt/freesurfer/average/711-2C_as_mni_average_305
---------------------------------------------------------------------

freesurfer compute_vox2vox.c
Reading: talsrcimg.4dfp.ifh
Reading: talsrcimg_to_711-2C_as_mni_average_305_t4
Reading: /opt/freesurfer/average/711-2C_as_mni_average_305.4dfp.ifh
Writing: talsrcimg_to_711-2C_as_mni_average_305_t4_vox2vox.txt

start time Tue Mar 10 13:57:10 CET 2026
end		time Tue Mar 10 13:58:35 CET 2026

mpr2mni305 success

avi2talxfm orig_nu.mgz /opt/freesurfer/average/mni305.cor.mgz talsrcimg_to_711-2C_as_mni_average_305_t4_vox2vox.txt transforms/talairach.auto.xfm
avi2talxfm done
mv -f /out/sourcedata/freesurfer/sub-v2s11x28679_ses-1/mri/talsrcimg_to_711-2C_as_mni_average_305_t4_vox2vox.txt /out/sourcedata/freesurfer/sub-v2s11x28679_ses-1/mri/transforms/talsrcimg_to_711-2C_as_mni_average_305_t4_vox2vox.txt
lta_convert --src orig_nu.mgz --trg /opt/freesurfer/average/mni305.cor.mgz --inxfm transforms/talairach.auto.xfm --outlta transforms/talairach.auto.xfm.lta --subject fsaverage
7.3.2

--src: orig_nu.mgz src image (geometry).
--trg: /opt/freesurfer/average/mni305.cor.mgz trg image (geometry).
--inmni: transforms/talairach.auto.xfm input MNI/XFM transform.
--outlta: transforms/talairach.auto.xfm.lta output LTA.
--s: fsaverage subject name
 LTA read, type : 1
 1.06096   0.03610  -0.00872  -0.58838;
-0.03833   0.98556   0.07773  -5.49358;
 0.01927  -0.10396   1.13978   0.61055;
 0.00000   0.00000   0.00000   1.00000;
setting subject to fsaverage
Writing  LTA to file transforms/talairach.auto.xfm.lta...
lta_convert successful.
 
 
Started at Tue Mar 10 13:57:10 CET 2026
Ended   at Tue Mar 10 13:58:35 CET 2026
talairach_avi done
