status file for recon-all
Tue Mar 10 23:08:43 CET 2026
#@# Tessellate lh Tue Mar 10 23:08:43 CET 2026
#@# Smooth1 lh Tue Mar 10 23:08:50 CET 2026
#@# Inflation1 lh Tue Mar 10 23:08:53 CET 2026
#@# QSphere lh Tue Mar 10 23:10:10 CET 2026
#@# Fix Topology lh Tue Mar 10 23:11:19 CET 2026
#@# Smooth2 lh Tue Mar 10 23:30:14 CET 2026
#@# Inflation2 lh Tue Mar 10 23:30:18 CET 2026
#@# Curv .H and .K lh Tue Mar 10 23:31:23 CET 2026
#@# Sphere lh Tue Mar 10 23:32:23 CET 2026
#@# Surf Reg lh Tue Mar 10 23:37:29 CET 2026
#@# Jacobian white lh Tue Mar 10 23:44:01 CET 2026
#@# AvgCurv lh Tue Mar 10 23:44:02 CET 2026
#@# Cortical Parc lh Tue Mar 10 23:44:03 CET 2026
#@# white curv lh Wed Mar 11 00:06:52 CET 2026
#@# white area lh Wed Mar 11 00:06:54 CET 2026
#@# pial curv lh Wed Mar 11 00:06:55 CET 2026
#@# pial area lh Wed Mar 11 00:06:57 CET 2026
#@# thickness lh Wed Mar 11 00:06:58 CET 2026
#@# area and vertex vol lh Wed Mar 11 00:07:37 CET 2026
#@# Curvature Stats lh Wed Mar 11 00:07:38 CET 2026
#@# Cortical Parc 2 lh Wed Mar 11 00:07:41 CET 2026
#@# Cortical Parc 3 lh Wed Mar 11 00:07:57 CET 2026
#@# WM/GM Contrast lh Wed Mar 11 00:08:10 CET 2026
recon-all -s sub-v2s11x28703_ses-1 finished without error at Wed Mar 11 00:08:13 CET 2026



#New# invocation of recon-all 



status file for recon-all
Wed Mar 11 00:45:04 CET 2026
#@# white curv lh Wed Mar 11 00:45:04 CET 2026
#@# white area lh Wed Mar 11 00:45:04 CET 2026
#@# pial curv lh Wed Mar 11 00:45:04 CET 2026
#@# pial area lh Wed Mar 11 00:45:04 CET 2026
#@# thickness lh Wed Mar 11 00:45:04 CET 2026
#@# area and vertex vol lh Wed Mar 11 00:45:04 CET 2026
#@# Parcellation Stats lh Wed Mar 11 00:45:04 CET 2026
#@# Parcellation Stats 2 lh Wed Mar 11 00:45:32 CET 2026
#@# Parcellation Stats 3 lh Wed Mar 11 00:45:47 CET 2026
#@# BA_exvivo Labels lh Wed Mar 11 00:46:01 CET 2026
recon-all -s sub-v2s11x28703_ses-1 finished without error at Wed Mar 11 00:49:02 CET 2026
