status file for recon-all
Tue Mar 10 20:50:04 CET 2026
#@# MotionCor Tue Mar 10 20:50:08 CET 2026
#@# Talairach Tue Mar 10 20:50:17 CET 2026
#@# Talairach Failure Detection Tue Mar 10 20:57:25 CET 2026
#@# Nu Intensity Correction Tue Mar 10 20:57:25 CET 2026
#@# Intensity Normalization Tue Mar 10 21:03:39 CET 2026
recon-all -s sub-v2s11x28703_ses-1 finished without error at Tue Mar 10 21:09:16 CET 2026



#New# invocation of recon-all 



status file for recon-all
Tue Mar 10 21:16:32 CET 2026
#@# EM Registration Tue Mar 10 21:16:32 CET 2026
recon-all -s sub-v2s11x28703_ses-1 finished without error at Tue Mar 10 21:18:42 CET 2026



#New# invocation of recon-all 



status file for recon-all
Tue Mar 10 21:18:43 CET 2026
#@# CA Normalize Tue Mar 10 21:18:43 CET 2026
#@# CA Reg Tue Mar 10 21:20:32 CET 2026
#@# SubCort Seg Tue Mar 10 21:58:13 CET 2026
#@# CC Seg Tue Mar 10 22:56:30 CET 2026
#@# Merge ASeg Tue Mar 10 22:57:37 CET 2026
#@# Intensity Normalization2 Tue Mar 10 22:57:37 CET 2026
#@# Mask BFS Tue Mar 10 23:02:50 CET 2026
#@# WM Segmentation Tue Mar 10 23:02:52 CET 2026
#@# Fill Tue Mar 10 23:06:55 CET 2026
recon-all -s sub-v2s11x28703_ses-1 finished without error at Tue Mar 10 23:08:39 CET 2026



#New# invocation of recon-all 



status file for recon-all
Wed Mar 11 00:36:56 CET 2026
#@# white curv lh Wed Mar 11 00:36:56 CET 2026
#@# white area lh Wed Mar 11 00:36:56 CET 2026
#@# pial curv lh Wed Mar 11 00:36:56 CET 2026
#@# pial area lh Wed Mar 11 00:36:56 CET 2026
#@# thickness lh Wed Mar 11 00:36:56 CET 2026
#@# area and vertex vol lh Wed Mar 11 00:36:56 CET 2026
#@# white curv rh Wed Mar 11 00:36:56 CET 2026
#@# white area rh Wed Mar 11 00:36:56 CET 2026
#@# pial curv rh Wed Mar 11 00:36:56 CET 2026
#@# pial area rh Wed Mar 11 00:36:56 CET 2026
#@# thickness rh Wed Mar 11 00:36:56 CET 2026
#@# area and vertex vol rh Wed Mar 11 00:36:56 CET 2026
#@# Cortical ribbon mask Wed Mar 11 00:36:56 CET 2026
recon-all -s sub-v2s11x28703_ses-1 finished without error at Wed Mar 11 00:44:59 CET 2026



#New# invocation of recon-all 



status file for recon-all
Wed Mar 11 00:53:20 CET 2026
#@# white curv lh Wed Mar 11 00:53:20 CET 2026
#@# white area lh Wed Mar 11 00:53:20 CET 2026
#@# pial curv lh Wed Mar 11 00:53:20 CET 2026
#@# pial area lh Wed Mar 11 00:53:20 CET 2026
#@# thickness lh Wed Mar 11 00:53:20 CET 2026
#@# area and vertex vol lh Wed Mar 11 00:53:20 CET 2026
#@# white curv rh Wed Mar 11 00:53:20 CET 2026
#@# white area rh Wed Mar 11 00:53:20 CET 2026
#@# pial curv rh Wed Mar 11 00:53:20 CET 2026
#@# pial area rh Wed Mar 11 00:53:20 CET 2026
#@# thickness rh Wed Mar 11 00:53:20 CET 2026
#@# area and vertex vol rh Wed Mar 11 00:53:20 CET 2026
#@# Curvature Stats lh Wed Mar 11 00:53:20 CET 2026
#@# Curvature Stats rh Wed Mar 11 00:53:23 CET 2026
#@# Relabel Hypointensities Wed Mar 11 00:53:25 CET 2026
#@# APas-to-ASeg Wed Mar 11 00:53:51 CET 2026
#@# AParc-to-ASeg aparc Wed Mar 11 00:54:01 CET 2026
#@# AParc-to-ASeg aparc.a2009s Wed Mar 11 00:55:00 CET 2026
#@# AParc-to-ASeg aparc.DKTatlas Wed Mar 11 00:56:00 CET 2026
#@# WMParc Wed Mar 11 00:56:59 CET 2026
#@# ASeg Stats Wed Mar 11 01:02:30 CET 2026
recon-all -s sub-v2s11x28703_ses-1 finished without error at Wed Mar 11 01:03:14 CET 2026
