Log file for defect2seg
Wed Mar 11 00:21:15 CET 2026

setenv SUBJECTS_DIR /out/sourcedata/freesurfer
cd /out/sourcedata/freesurfer/sub-v2s11x28704_ses-1/scripts
/opt/freesurfer/bin/defect2seg --s sub-v2s11x28704_ses-1 --rh-only --cortex

freesurfer-linux-ubuntu22_x86_64-7.3.2-20220804-6354275
defect2seg 7.3.2
Linux dna003 5.14.0-427.37.1.el9_4.x86_64 #1 SMP PREEMPT_DYNAMIC Fri Sep 13 12:41:50 EDT 2024 x86_64 x86_64 x86_64 GNU/Linux
pid 2248227
mri_label2label --label-cortex /out/sourcedata/freesurfer/sub-v2s11x28704_ses-1/surf/rh.orig.nofix /out/sourcedata/freesurfer/sub-v2s11x28704_ses-1/mri/aseg.presurf.mgz 0 /out/sourcedata/freesurfer/sub-v2s11x28704_ses-1/label/rh.nofix.cortex.label

 Generating cortex label... RemoveHipAmgy=0
 NucAccIsMedialWall=0
 mris->useRealRAS=0
33 non-cortical segments detected
only using segment with 11666 vertices
erasing segment 0 (vno[0] = 47015)
erasing segment 1 (vno[0] = 87013)
erasing segment 3 (vno[0] = 91429)
erasing segment 4 (vno[0] = 98935)
erasing segment 5 (vno[0] = 103268)
erasing segment 6 (vno[0] = 103673)
erasing segment 7 (vno[0] = 108647)
erasing segment 8 (vno[0] = 114287)
erasing segment 9 (vno[0] = 118601)
erasing segment 10 (vno[0] = 122063)
erasing segment 11 (vno[0] = 125622)
erasing segment 12 (vno[0] = 128419)
erasing segment 13 (vno[0] = 134389)
erasing segment 14 (vno[0] = 138990)
erasing segment 15 (vno[0] = 139006)
erasing segment 16 (vno[0] = 144688)
erasing segment 17 (vno[0] = 148105)
erasing segment 18 (vno[0] = 148259)
erasing segment 19 (vno[0] = 149172)
erasing segment 20 (vno[0] = 162582)
erasing segment 21 (vno[0] = 163466)
erasing segment 22 (vno[0] = 165427)
erasing segment 23 (vno[0] = 170964)
erasing segment 24 (vno[0] = 170966)
erasing segment 25 (vno[0] = 171281)
erasing segment 26 (vno[0] = 172042)
erasing segment 27 (vno[0] = 173173)
erasing segment 28 (vno[0] = 174126)
erasing segment 29 (vno[0] = 175051)
erasing segment 30 (vno[0] = 176887)
erasing segment 31 (vno[0] = 177790)
erasing segment 32 (vno[0] = 179617)
mri_label2vol --defects /out/sourcedata/freesurfer/sub-v2s11x28704_ses-1/surf/rh.orig.nofix /out/sourcedata/freesurfer/sub-v2s11x28704_ses-1/surf/rh.defect_labels /out/sourcedata/freesurfer/sub-v2s11x28704_ses-1/mri/orig.mgz 2000 0 /out/sourcedata/freesurfer/sub-v2s11x28704_ses-1/mri/rh.surface.defects.mgz /out/sourcedata/freesurfer/sub-v2s11x28704_ses-1/label/rh.nofix.cortex.label
mri_label2vol supposed to be reproducible but seed not set
Contraining to label /out/sourcedata/freesurfer/sub-v2s11x28704_ses-1/label/rh.nofix.cortex.label
Changing input type 0 to MRI_INT
Converting defects to volume: offset=2000, merge=0
Writing to /out/sourcedata/freesurfer/sub-v2s11x28704_ses-1/mri/rh.surface.defects.mgz
mris_defects_pointset -s /out/sourcedata/freesurfer/sub-v2s11x28704_ses-1/surf/rh.orig.nofix -d /out/sourcedata/freesurfer/sub-v2s11x28704_ses-1/surf/rh.defect_labels -o /out/sourcedata/freesurfer/sub-v2s11x28704_ses-1/surf/rh.defects.pointset --label /out/sourcedata/freesurfer/sub-v2s11x28704_ses-1/label/rh.nofix.cortex.label
Reading in surface /out/sourcedata/freesurfer/sub-v2s11x28704_ses-1/surf/rh.orig.nofix
Reading in defect segmentation /out/sourcedata/freesurfer/sub-v2s11x28704_ses-1/surf/rh.defect_labels
Reading in label /out/sourcedata/freesurfer/sub-v2s11x28704_ses-1/label/rh.nofix.cortex.label
#VMPC# mris_defects_pointset 1426612
mris_defects_pointset done
 
Started at Wed Mar 11 00:21:15 CET 2026 
Ended   at Wed Mar 11 00:21:41 CET 2026
Defect2seg-Run-Time-Sec 26
Defect2seg-Run-Time-Min 0.52
Defect2seg-Run-Time-Hours 0.01
 
defect2seg Done
