status file for recon-all
Tue Mar 10 23:23:24 CET 2026
#@# Tessellate lh Tue Mar 10 23:23:24 CET 2026
#@# Smooth1 lh Tue Mar 10 23:23:30 CET 2026
#@# Inflation1 lh Tue Mar 10 23:23:34 CET 2026
#@# QSphere lh Tue Mar 10 23:25:00 CET 2026
#@# Fix Topology lh Tue Mar 10 23:26:23 CET 2026
#@# Smooth2 lh Tue Mar 10 23:42:01 CET 2026
#@# Inflation2 lh Tue Mar 10 23:42:06 CET 2026
#@# Curv .H and .K lh Tue Mar 10 23:42:35 CET 2026
#@# Sphere lh Tue Mar 10 23:43:51 CET 2026
#@# Surf Reg lh Tue Mar 10 23:51:12 CET 2026
#@# Jacobian white lh Tue Mar 10 23:59:32 CET 2026
#@# AvgCurv lh Tue Mar 10 23:59:33 CET 2026
#@# Cortical Parc lh Tue Mar 10 23:59:34 CET 2026
#@# white curv lh Wed Mar 11 00:09:46 CET 2026
#@# white area lh Wed Mar 11 00:09:48 CET 2026
#@# pial curv lh Wed Mar 11 00:09:49 CET 2026
#@# pial area lh Wed Mar 11 00:09:52 CET 2026
#@# thickness lh Wed Mar 11 00:09:53 CET 2026
#@# area and vertex vol lh Wed Mar 11 00:10:41 CET 2026
#@# Curvature Stats lh Wed Mar 11 00:10:44 CET 2026
#@# Cortical Parc 2 lh Wed Mar 11 00:10:47 CET 2026
#@# Cortical Parc 3 lh Wed Mar 11 00:11:07 CET 2026
#@# WM/GM Contrast lh Wed Mar 11 00:11:22 CET 2026
recon-all -s sub-v2s11x28704_ses-1 finished without error at Wed Mar 11 00:11:27 CET 2026



#New# invocation of recon-all 



status file for recon-all
Wed Mar 11 01:22:20 CET 2026
#@# white curv lh Wed Mar 11 01:22:20 CET 2026
#@# white area lh Wed Mar 11 01:22:20 CET 2026
#@# pial curv lh Wed Mar 11 01:22:20 CET 2026
#@# pial area lh Wed Mar 11 01:22:20 CET 2026
#@# thickness lh Wed Mar 11 01:22:20 CET 2026
#@# area and vertex vol lh Wed Mar 11 01:22:21 CET 2026
#@# Parcellation Stats lh Wed Mar 11 01:22:21 CET 2026
#@# Parcellation Stats 2 lh Wed Mar 11 01:23:00 CET 2026
#@# Parcellation Stats 3 lh Wed Mar 11 01:23:21 CET 2026
#@# BA_exvivo Labels lh Wed Mar 11 01:23:40 CET 2026
recon-all -s sub-v2s11x28704_ses-1 finished without error at Wed Mar 11 01:27:11 CET 2026
