status file for recon-all
Wed Mar 11 00:11:28 CET 2026
#@# Tessellate rh Wed Mar 11 00:11:28 CET 2026
#@# Smooth1 rh Wed Mar 11 00:11:34 CET 2026
#@# Inflation1 rh Wed Mar 11 00:11:38 CET 2026
#@# QSphere rh Wed Mar 11 00:13:07 CET 2026
#@# Fix Topology rh Wed Mar 11 00:14:25 CET 2026
#@# Smooth2 rh Wed Mar 11 00:35:37 CET 2026
#@# Inflation2 rh Wed Mar 11 00:35:42 CET 2026
#@# Curv .H and .K rh Wed Mar 11 00:36:28 CET 2026
#@# Sphere rh Wed Mar 11 00:37:42 CET 2026
#@# Surf Reg rh Wed Mar 11 00:43:44 CET 2026
#@# Jacobian white rh Wed Mar 11 00:53:11 CET 2026
#@# AvgCurv rh Wed Mar 11 00:53:12 CET 2026
#@# Cortical Parc rh Wed Mar 11 00:53:13 CET 2026
#@# white curv rh Wed Mar 11 01:09:50 CET 2026
#@# white area rh Wed Mar 11 01:09:52 CET 2026
#@# pial curv rh Wed Mar 11 01:09:53 CET 2026
#@# pial area rh Wed Mar 11 01:09:56 CET 2026
#@# thickness rh Wed Mar 11 01:09:57 CET 2026
#@# area and vertex vol rh Wed Mar 11 01:10:46 CET 2026
#@# Curvature Stats rh Wed Mar 11 01:10:48 CET 2026
#@# Cortical Parc 2 rh Wed Mar 11 01:10:51 CET 2026
#@# Cortical Parc 3 rh Wed Mar 11 01:11:11 CET 2026
#@# WM/GM Contrast rh Wed Mar 11 01:11:26 CET 2026
recon-all -s sub-v2s11x28704_ses-1 finished without error at Wed Mar 11 01:11:30 CET 2026



#New# invocation of recon-all 



status file for recon-all
Wed Mar 11 01:27:13 CET 2026
#@# white curv rh Wed Mar 11 01:27:13 CET 2026
#@# white area rh Wed Mar 11 01:27:13 CET 2026
#@# pial curv rh Wed Mar 11 01:27:13 CET 2026
#@# pial area rh Wed Mar 11 01:27:13 CET 2026
#@# thickness rh Wed Mar 11 01:27:13 CET 2026
#@# area and vertex vol rh Wed Mar 11 01:27:13 CET 2026
#@# Parcellation Stats rh Wed Mar 11 01:27:13 CET 2026
#@# Parcellation Stats 2 rh Wed Mar 11 01:27:52 CET 2026
#@# Parcellation Stats 3 rh Wed Mar 11 01:28:12 CET 2026
#@# BA_exvivo Labels rh Wed Mar 11 01:28:32 CET 2026
recon-all -s sub-v2s11x28704_ses-1 finished without error at Wed Mar 11 01:31:59 CET 2026
