status file for recon-all
Tue Mar 10 20:50:17 CET 2026
#@# MotionCor Tue Mar 10 20:50:21 CET 2026
#@# Talairach Tue Mar 10 20:50:30 CET 2026
#@# Talairach Failure Detection Tue Mar 10 20:57:36 CET 2026
#@# Nu Intensity Correction Tue Mar 10 20:57:36 CET 2026
#@# Intensity Normalization Tue Mar 10 21:03:51 CET 2026
recon-all -s sub-v2s11x28704_ses-1 finished without error at Tue Mar 10 21:08:25 CET 2026



#New# invocation of recon-all 



status file for recon-all
Tue Mar 10 21:15:37 CET 2026
#@# EM Registration Tue Mar 10 21:15:37 CET 2026
recon-all -s sub-v2s11x28704_ses-1 finished without error at Tue Mar 10 21:17:24 CET 2026



#New# invocation of recon-all 



status file for recon-all
Tue Mar 10 21:17:26 CET 2026
#@# CA Normalize Tue Mar 10 21:17:26 CET 2026
#@# CA Reg Tue Mar 10 21:19:17 CET 2026
#@# SubCort Seg Tue Mar 10 22:01:51 CET 2026
#@# CC Seg Tue Mar 10 23:11:34 CET 2026
#@# Merge ASeg Tue Mar 10 23:12:24 CET 2026
#@# Intensity Normalization2 Tue Mar 10 23:12:24 CET 2026
#@# Mask BFS Tue Mar 10 23:17:10 CET 2026
#@# WM Segmentation Tue Mar 10 23:17:11 CET 2026
#@# Fill Tue Mar 10 23:21:36 CET 2026
recon-all -s sub-v2s11x28704_ses-1 finished without error at Tue Mar 10 23:23:20 CET 2026



#New# invocation of recon-all 



status file for recon-all
Wed Mar 11 01:11:36 CET 2026
#@# white curv lh Wed Mar 11 01:11:36 CET 2026
#@# white area lh Wed Mar 11 01:11:36 CET 2026
#@# pial curv lh Wed Mar 11 01:11:36 CET 2026
#@# pial area lh Wed Mar 11 01:11:36 CET 2026
#@# thickness lh Wed Mar 11 01:11:36 CET 2026
#@# area and vertex vol lh Wed Mar 11 01:11:36 CET 2026
#@# white curv rh Wed Mar 11 01:11:36 CET 2026
#@# white area rh Wed Mar 11 01:11:36 CET 2026
#@# pial curv rh Wed Mar 11 01:11:36 CET 2026
#@# pial area rh Wed Mar 11 01:11:36 CET 2026
#@# thickness rh Wed Mar 11 01:11:36 CET 2026
#@# area and vertex vol rh Wed Mar 11 01:11:36 CET 2026
#@# Cortical ribbon mask Wed Mar 11 01:11:36 CET 2026
recon-all -s sub-v2s11x28704_ses-1 finished without error at Wed Mar 11 01:22:17 CET 2026



#New# invocation of recon-all 



status file for recon-all
Wed Mar 11 01:32:04 CET 2026
#@# white curv lh Wed Mar 11 01:32:05 CET 2026
#@# white area lh Wed Mar 11 01:32:05 CET 2026
#@# pial curv lh Wed Mar 11 01:32:05 CET 2026
#@# pial area lh Wed Mar 11 01:32:05 CET 2026
#@# thickness lh Wed Mar 11 01:32:05 CET 2026
#@# area and vertex vol lh Wed Mar 11 01:32:05 CET 2026
#@# white curv rh Wed Mar 11 01:32:05 CET 2026
#@# white area rh Wed Mar 11 01:32:05 CET 2026
#@# pial curv rh Wed Mar 11 01:32:05 CET 2026
#@# pial area rh Wed Mar 11 01:32:05 CET 2026
#@# thickness rh Wed Mar 11 01:32:05 CET 2026
#@# area and vertex vol rh Wed Mar 11 01:32:05 CET 2026
#@# Curvature Stats lh Wed Mar 11 01:32:05 CET 2026
#@# Curvature Stats rh Wed Mar 11 01:32:08 CET 2026
#@# Relabel Hypointensities Wed Mar 11 01:32:12 CET 2026
#@# APas-to-ASeg Wed Mar 11 01:32:40 CET 2026
#@# AParc-to-ASeg aparc Wed Mar 11 01:32:52 CET 2026
#@# AParc-to-ASeg aparc.a2009s Wed Mar 11 01:34:10 CET 2026
#@# AParc-to-ASeg aparc.DKTatlas Wed Mar 11 01:35:28 CET 2026
#@# WMParc Wed Mar 11 01:36:44 CET 2026
#@# ASeg Stats Wed Mar 11 01:42:14 CET 2026
recon-all -s sub-v2s11x28704_ses-1 finished without error at Wed Mar 11 01:42:58 CET 2026
