/out/sourcedata/freesurfer/sub-v2s11x28701_ses-1/mri
/opt/freesurfer/bin/talairach_avi
--i orig_nu.mgz --xfm transforms/talairach.auto.xfm
talairach_avi 7.3.2
Linux dna050 5.14.0-427.37.1.el9_4.x86_64 #1 SMP PREEMPT_DYNAMIC Fri Sep 13 12:41:50 EDT 2024 x86_64 x86_64 x86_64 GNU/Linux
Tue Mar 10 20:54:11 CET 2026
mri_convert orig_nu.mgz talsrcimg.img 
reading from orig_nu.mgz...
TR=0.00, TE=0.00, TI=0.00, flip angle=0.00
i_ras = (-1, 0, 0)
j_ras = (0, 0, -1)
k_ras = (0, 1, 0)
writing to talsrcimg.img...
Analyze Output Matrix
-0.80000   0.00000   0.00000   132.72220;
 0.00000   0.00000   0.80000  -127.58735;
 0.00000  -0.80000   0.00000   140.96718;
 0.00000   0.00000   0.00000   1.00000;
--------------------
INFO: set hdr.hist.orient to -1
mpr2mni305 talsrcimg
Tue Mar 10 20:54:11 CET 2026
/opt/freesurfer/bin/mpr2mni305 talsrcimg
mpr2mni305 7.3.2
target=711-2C_as_mni_average_305

---------------------------------------------------------------------
analyzeto4dfp talsrcimg -O0 -y
---------------------------------------------------------------------

freesurfer ifh2hdr.c
Tue Mar 10 20:54:11 2026
Writing: talsrcimg.4dfp.hdr
freesurfer analyzeto4dfp.c
Reading: talsrcimg.hdr
header size 348 bytes
hdr.dime.datatype	offset=70	value=2
hdr.dime.bitpix		offset=72	value=8
hdr.hist.orient		offset=252	value=-1
dimensionality     4
dimensions       320       320       320         1
Reading: talsrcimg.img
Writing: talsrcimg.4dfp.img
Writing: talsrcimg.4dfp.ifh
ifh2hdr talsrcimg -r0to189
ori=2

---------------------------------------------------------------------
gauss_4dfp talsrcimg 1.1
---------------------------------------------------------------------

freesurfer gauss_4dfp.c
Reading: talsrcimg.4dfp.img
Writing: talsrcimg_g11.4dfp.img
image dimensions 320 320 320 padded to 384 384 384
processing volume 1freesurfer ifh2hdr.c
Tue Mar 10 20:54:28 2026
Writing: talsrcimg_g11.4dfp.hdr

Writing: talsrcimg_g11.4dfp.ifh
including: talsrcimg.4dfp.img.rec in talsrcimg_g11.4dfp.img.rec

---------------------------------------------------------------------
imgreg_4dfp /opt/freesurfer/average/711-2C_as_mni_average_305 none talsrcimg_g11 none talsrcimg_to_711-2C_as_mni_average_305_t4 4355
---------------------------------------------------------------------

freesurfer imgreg_4dfp.c
/opt/freesurfer/average/711-2C_as_mni_average_305.4dfp.img
       256       256       256         1
  1.000000  1.000000  1.000000
orientation T byte_order littleendian
Reading image: /opt/freesurfer/average/711-2C_as_mni_average_305.4dfp.img
dimensions:      256       256       256
mmppix:       1.0000   -1.0000   -1.0000
center:     128.0000 -129.0000 -129.0000
talsrcimg_g11.4dfp.img
       320       320       320         1
  0.800000  0.800000  0.800000
orientation T byte_order littleendian
Reading image: talsrcimg_g11.4dfp.img
dimensions:      320       320       320
mmppix:       0.8000   -0.8000   -0.8000
center:     128.0000 -128.8000 -128.8000
t4_read: open error in t4_sub.f l:  41 t4_file(1:l)talsrcimg_to_711-2C_as_mni_average_305_t4 
t4_read: transform initialized to I4
rotation matrix determinant  1.000000
image alignment mode   4355 decimal     1103 hex
   -7.5000  -45.0000  -45.0000 8761.1396   16.0042
    0.0000  -45.0000  -45.0000 9138.8506   16.1264
    7.5000  -45.0000  -45.0000 8678.3555   16.1137
   -7.5000  -37.5000  -45.0000 9331.5215   16.0301
    0.0000  -37.5000  -45.0000 9734.0156   16.1550
    7.5000  -37.5000  -45.0000 9258.7627   16.1482
   -7.5000  -30.0000  -45.000010246.4502   16.1457
    0.0000  -30.0000  -45.000010669.7002   16.2772
    7.5000  -30.0000  -45.000010149.1484   16.2704
   -7.5000  -22.5000  -45.000011140.7148   16.2345
    0.0000  -22.5000  -45.000011592.0068   16.3705
    7.5000  -22.5000  -45.000011010.8086   16.3591
   -7.5000  -15.0000  -45.000011991.7881   16.2167
    0.0000  -15.0000  -45.000012472.2891   16.3494
    7.5000  -15.0000  -45.000011829.3594   16.3323
   -7.5000   -7.5000  -45.000012863.2930   16.0993
    0.0000   -7.5000  -45.000013373.9707   16.2248
    7.5000   -7.5000  -45.000012676.2295   16.2064
   -7.5000    0.0000  -45.000013537.1582   16.0042
    0.0000    0.0000  -45.000014065.9785   16.1264
    7.5000    0.0000  -45.000013333.9824   16.1137
   -7.5000    7.5000  -45.000013045.6963   16.0301
    0.0000    7.5000  -45.000013554.1553   16.1550
    7.5000    7.5000  -45.000012851.7725   16.1482
   -7.5000   15.0000  -45.000012426.6602   16.1457
    0.0000   15.0000  -45.000012912.7070   16.2772
    7.5000   15.0000  -45.000012226.3027   16.2704
   -7.5000   22.5000  -45.000011655.4551   16.2323
    0.0000   22.5000  -45.000012106.4424   16.3683
    7.5000   22.5000  -45.000011440.6465   16.3569
   -7.5000   30.0000  -45.000010806.8623   16.0006
    0.0000   30.0000  -45.000011229.0186   16.1315
    7.5000   30.0000  -45.000010589.1973   16.1147
   -7.5000   37.5000  -45.000010337.4395   15.8848
    0.0000   37.5000  -45.000010752.6475   16.0086
    7.5000   37.5000  -45.000010134.5127   15.9905
   -7.5000   45.0000  -45.0000 9546.0361   15.3900
    0.0000   45.0000  -45.0000 9933.8936   15.5074
    7.5000   45.0000  -45.0000 9357.3770   15.4953
   -7.5000  -45.0000  -37.5000 8987.9219   15.8125
    0.0000  -45.0000  -37.5000 9355.7578   15.9326
    7.5000  -45.0000  -37.5000 8892.2988   15.9230
   -7.5000  -37.5000  -37.5000 9569.1377   15.8415
    0.0000  -37.5000  -37.5000 9966.2021   15.9622
    7.5000  -37.5000  -37.5000 9479.8037   15.9563
   -7.5000  -30.0000  -37.500010523.2334   15.9640
    0.0000  -30.0000  -37.500010950.2725   16.0891
    7.5000  -30.0000  -37.500010398.1895   16.0801
   -7.5000  -22.5000  -37.500011446.3594   16.0565
    0.0000  -22.5000  -37.500011902.2910   16.1861
    7.5000  -22.5000  -37.500011285.8623   16.1716
   -7.5000  -15.0000  -37.500012323.0303   16.0354
    0.0000  -15.0000  -37.500012796.8770   16.1639
    7.5000  -15.0000  -37.500012142.4961   16.1458
   -7.5000   -7.5000  -37.500013203.2930   15.9111
    0.0000   -7.5000  -37.500013704.9512   16.0347
    7.5000   -7.5000  -37.500013004.8438   16.0182
   -7.5000    0.0000  -37.500013875.1035   15.8125
    0.0000    0.0000  -37.500014397.0674   15.9326
    7.5000    0.0000  -37.500013671.9600   15.9230
   -7.5000    7.5000  -37.500013353.2070   15.8415
    0.0000    7.5000  -37.500013862.4863   15.9622
    7.5000    7.5000  -37.500013152.1436   15.9563
   -7.5000   15.0000  -37.500012724.0742   15.9640
    0.0000   15.0000  -37.500013212.0703   16.0891
    7.5000   15.0000  -37.500012516.3643   16.0801
   -7.5000   22.5000  -37.500011952.9502   16.0543
    0.0000   22.5000  -37.500012405.0049   16.1839
    7.5000   22.5000  -37.500011744.2422   16.1693
   -7.5000   30.0000  -37.500011071.0605   15.8217
    0.0000   30.0000  -37.500011493.6025   15.9485
    7.5000   30.0000  -37.500010878.8506   15.9306
   -7.5000   37.5000  -37.500010589.9355   15.6991
    0.0000   37.5000  -37.500010990.1309   15.8210
    7.5000   37.5000  -37.500010411.2314   15.8048
   -7.5000   45.0000  -37.5000 9761.1074   15.2056
    0.0000   45.0000  -37.500010137.1904   15.3211
    7.5000   45.0000  -37.5000 9586.4971   15.3118
   -7.5000  -45.0000  -30.0000 9519.3633   16.0726
    0.0000  -45.0000  -30.0000 9900.9395   16.1913
    7.5000  -45.0000  -30.0000 9409.7578   16.1804
   -7.5000  -37.5000  -30.000010144.5146   16.1073
    0.0000  -37.5000  -30.000010548.5459   16.2281
    7.5000  -37.5000  -30.000010030.4756   16.2193
   -7.5000  -30.0000  -30.000011167.2012   16.2354
    0.0000  -30.0000  -30.000011609.6221   16.3585
    7.5000  -30.0000  -30.000011023.2490   16.3447
   -7.5000  -22.5000  -30.000012157.0205   16.3277
    0.0000  -22.5000  -30.000012631.7568   16.4512
    7.5000  -22.5000  -30.000011974.4482   16.4317
   -7.5000  -15.0000  -30.000013096.7900   16.3014
    0.0000  -15.0000  -30.000013594.1416   16.4223
    7.5000  -15.0000  -30.000012907.0488   16.4011
   -7.5000   -7.5000  -30.000014026.7275   16.1717
    0.0000   -7.5000  -30.000014557.1982   16.2900
    7.5000   -7.5000  -30.000013821.5713   16.2723
   -7.5000    0.0000  -30.000014724.7842   16.0726
    0.0000    0.0000  -30.000015274.7627   16.1913
    7.5000    0.0000  -30.000014504.5752   16.1804
   -7.5000    7.5000  -30.000014171.2539   16.1073
    0.0000    7.5000  -30.000014698.9258   16.2281
    7.5000    7.5000  -30.000013958.4414   16.2193
   -7.5000   15.0000  -30.000013510.5078   16.2354
    0.0000   15.0000  -30.000014008.6289   16.3585
    7.5000   15.0000  -30.000013297.5117   16.3447
   -7.5000   22.5000  -30.000012710.7900   16.3238
    0.0000   22.5000  -30.000013175.0039   16.4472
    7.5000   22.5000  -30.000012504.9121   16.4278
   -7.5000   30.0000  -30.000011782.3691   16.0857
    0.0000   30.0000  -30.000012204.2754   16.2050
    7.5000   30.0000  -30.000011602.3779   16.1841
   -7.5000   37.5000  -30.000011252.6416   15.9577
    0.0000   37.5000  -30.000011642.0156   16.0744
    7.5000   37.5000  -30.000011082.6455   16.0570
   -7.5000   45.0000  -30.000010356.4834   15.4671
    0.0000   45.0000  -30.000010715.4082   15.5813
    7.5000   45.0000  -30.000010182.8438   15.5708
   -7.5000  -45.0000  -22.500010105.3770   16.3244
    0.0000  -45.0000  -22.500010493.3223   16.4440
    7.5000  -45.0000  -22.5000 9977.6006   16.4293
   -7.5000  -37.5000  -22.500010786.5020   16.3636
    0.0000  -37.5000  -22.500011205.9189   16.4889
    7.5000  -37.5000  -22.500010660.5332   16.4770
   -7.5000  -30.0000  -22.500011883.2061   16.4916
    0.0000  -30.0000  -22.500012347.4355   16.6184
    7.5000  -30.0000  -22.500011726.4307   16.6028
   -7.5000  -22.5000  -22.500012955.5166   16.5794
    0.0000  -22.5000  -22.500013453.7402   16.7022
    7.5000  -22.5000  -22.500012765.2549   16.6819
   -7.5000  -15.0000  -22.500013964.7227   16.5498
    0.0000  -15.0000  -22.500014484.9727   16.6665
    7.5000  -15.0000  -22.500013753.3457   16.6437
   -7.5000   -7.5000  -22.500014927.3867   16.4199
    0.0000   -7.5000  -22.500015498.3428   16.5349
    7.5000   -7.5000  -22.500014716.3652   16.5142
   -7.5000    0.0000  -22.500015672.6201   16.3244
    0.0000    0.0000  -22.500016272.4502   16.4440
    7.5000    0.0000  -22.500015439.3877   16.4293
   -7.5000    7.5000  -22.500015111.2578   16.3636
    0.0000    7.5000  -22.500015678.0273   16.4889
    7.5000    7.5000  -22.500014872.4932   16.4770
   -7.5000   15.0000  -22.500014401.3672   16.4916
    0.0000   15.0000  -22.500014931.7559   16.6184
    7.5000   15.0000  -22.500014183.6133   16.6028
   -7.5000   22.5000  -22.500013555.9912   16.5743
    0.0000   22.5000  -22.500014027.7490   16.6971
    7.5000   22.5000  -22.500013347.7588   16.6767
   -7.5000   30.0000  -22.500012555.7188   16.3333
    0.0000   30.0000  -22.500012981.2559   16.4485
    7.5000   30.0000  -22.500012393.4414   16.4260
   -7.5000   37.5000  -22.500011990.7881   16.2051
    0.0000   37.5000  -22.500012389.1025   16.3186
    7.5000   37.5000  -22.500011846.3779   16.2982
   -7.5000   45.0000  -22.500011027.3096   15.7212
    0.0000   45.0000  -22.500011395.3154   15.8364
    7.5000   45.0000  -22.500010880.6875   15.8222
   -7.5000  -45.0000  -15.000010678.9355   16.4662
    0.0000  -45.0000  -15.000011078.8271   16.5887
    7.5000  -45.0000  -15.000010531.9580   16.5704
   -7.5000  -37.5000  -15.000011429.8154   16.5071
    0.0000  -37.5000  -15.000011868.8506   16.6372
    7.5000  -37.5000  -15.000011281.3301   16.6232
   -7.5000  -30.0000  -15.000012638.6816   16.6311
    0.0000  -30.0000  -15.000013132.3154   16.7642
    7.5000  -30.0000  -15.000012457.5635   16.7496
   -7.5000  -22.5000  -15.000013777.5303   16.7138
    0.0000  -22.5000  -15.000014317.5088   16.8429
    7.5000  -22.5000  -15.000013564.7520   16.8247
   -7.5000  -15.0000  -15.000014843.4277   16.6836
    0.0000  -15.0000  -15.000015391.7676   16.8048
    7.5000  -15.0000  -15.000014598.4287   16.7823
   -7.5000   -7.5000  -15.000015873.6055   16.5571
    0.0000   -7.5000  -15.000016467.1562   16.6749
    7.5000   -7.5000  -15.000015628.2627   16.6516
   -7.5000    0.0000  -15.000016712.9668   16.4662
    0.0000    0.0000  -15.000017338.3457   16.5887
    7.5000    0.0000  -15.000016422.4727   16.5704
   -7.5000    7.5000  -15.000016123.5918   16.5071
    0.0000    7.5000  -15.000016730.7617   16.6372
    7.5000    7.5000  -15.000015842.2109   16.6232
   -7.5000   15.0000  -15.000015332.7998   16.6311
    0.0000   15.0000  -15.000015906.5371   16.7642
    7.5000   15.0000  -15.000015098.4238   16.7496
   -7.5000   22.5000  -15.000014407.0830   16.7079
    0.0000   22.5000  -15.000014904.5967   16.8369
    7.5000   22.5000  -15.000014208.8936   16.8187
   -7.5000   30.0000  -15.000013364.5332   16.4677
    0.0000   30.0000  -15.000013802.7188   16.5874
    7.5000   30.0000  -15.000013208.4258   16.5651
   -7.5000   37.5000  -15.000012802.1270   16.3428
    0.0000   37.5000  -15.000013225.0332   16.4591
    7.5000   37.5000  -15.000012665.1758   16.4361
   -7.5000   45.0000  -15.000011782.0615   15.8674
    0.0000   45.0000  -15.000012188.7979   15.9854
    7.5000   45.0000  -15.000011643.2588   15.9677
   -7.5000  -45.0000   -7.500011223.2627   16.4366
    0.0000  -45.0000   -7.500011630.0146   16.5622
    7.5000  -45.0000   -7.500011086.7334   16.5432
   -7.5000  -37.5000   -7.500012066.1543   16.4741
    0.0000  -37.5000   -7.500012518.1436   16.6058
    7.5000  -37.5000   -7.500011898.7998   16.5927
   -7.5000  -30.0000   -7.500013393.1621   16.5939
    0.0000  -30.0000   -7.500013910.4150   16.7313
    7.5000  -30.0000   -7.500013165.8799   16.7193
   -7.5000  -22.5000   -7.500014680.0518   16.6767
    0.0000  -22.5000   -7.500015248.0859   16.8144
    7.5000  -22.5000   -7.500014388.8184   16.7988
   -7.5000  -15.0000   -7.500015771.6553   16.6500
    0.0000  -15.0000   -7.500016365.8281   16.7814
    7.5000  -15.0000   -7.500015467.3682   16.7600
   -7.5000   -7.5000   -7.500016852.7070   16.5269
    0.0000   -7.5000   -7.500017478.3652   16.6519
    7.5000   -7.5000   -7.500016529.6289   16.6283
   -7.5000    0.0000   -7.500017766.5957   16.4366
    0.0000    0.0000   -7.500018420.4258   16.5622
    7.5000    0.0000   -7.500017393.2773   16.5432
   -7.5000    7.5000   -7.500017169.2305   16.4741
    0.0000    7.5000   -7.500017802.1016   16.6058
    7.5000    7.5000   -7.500016828.0625   16.5927
   -7.5000   15.0000   -7.500016330.3223   16.5939
    0.0000   15.0000   -7.500016924.4492   16.7313
    7.5000   15.0000   -7.500016049.5635   16.7193
   -7.5000   22.5000   -7.500015340.5508   16.6690
    0.0000   22.5000   -7.500015879.7520   16.8066
    7.5000   22.5000   -7.500015104.0977   16.7911
   -7.5000   30.0000   -7.500014297.6133   16.4341
    0.0000   30.0000   -7.500014770.6738   16.5637
    7.5000   30.0000   -7.500014073.7939   16.5426
   -7.5000   37.5000   -7.500013723.8359   16.3126
    0.0000   37.5000   -7.500014177.2822   16.4360
    7.5000   37.5000   -7.500013513.6465   16.4127
   -7.5000   45.0000   -7.500012638.9121   15.8418
    0.0000   45.0000   -7.500013068.9277   15.9628
    7.5000   45.0000   -7.500012435.8145   15.9446
   -7.5000  -45.0000    0.000011667.8926   16.2781
    0.0000  -45.0000    0.000012146.5137   16.4067
    7.5000  -45.0000    0.000011522.9521   16.3912
   -7.5000  -37.5000    0.000012549.0635   16.3120
    0.0000  -37.5000    0.000013066.3184   16.4433
    7.5000  -37.5000    0.000012361.4961   16.4335
   -7.5000  -30.0000    0.000013948.8848   16.4328
    0.0000  -30.0000    0.000014564.1367   16.5705
    7.5000  -30.0000    0.000013711.3262   16.5609
   -7.5000  -22.5000    0.000015457.1680   16.5207
    0.0000  -22.5000    0.000016167.3701   16.6626
    7.5000  -22.5000    0.000015078.3281   16.6484
   -7.5000  -15.0000    0.000016786.2734   16.4972
    0.0000  -15.0000    0.000017487.4180   16.6359
    7.5000  -15.0000    0.000016288.3672   16.6161
   -7.5000   -7.5000    0.000017926.6621   16.3727
    0.0000   -7.5000    0.000018592.4863   16.5045
    7.5000   -7.5000    0.000017357.5352   16.4835
   -7.5000    0.0000    0.000018856.9668   16.2781
    0.0000    0.0000    0.000019515.2656   16.4067
    7.5000    0.0000    0.000018263.2598   16.3912
   -7.5000    7.5000    0.000018205.5781   16.3120
    0.0000    7.5000    0.000018899.2070   16.4433
    7.5000    7.5000    0.000017677.3066   16.4335
   -7.5000   15.0000    0.000017293.5078   16.4328
    0.0000   15.0000    0.000018010.9961   16.5705
    7.5000   15.0000    0.000016849.8945   16.5609
   -7.5000   22.5000    0.000016242.6455   16.5130
    0.0000   22.5000    0.000016921.6504   16.6549
    7.5000   22.5000    0.000015849.6934   16.6407
   -7.5000   30.0000    0.000015116.2061   16.2837
    0.0000   30.0000    0.000015725.7959   16.4206
    7.5000   30.0000    0.000014763.6699   16.4010
   -7.5000   37.5000    0.000014495.3379   16.1608
    0.0000   37.5000    0.000015072.6465   16.2909
    7.5000   37.5000    0.000014187.9121   16.2701
   -7.5000   45.0000    0.000013335.2529   15.6903
    0.0000   45.0000    0.000013856.5576   15.8141
    7.5000   45.0000    0.000013075.8369   15.7993
   -7.5000  -45.0000    7.500011318.6465   16.4941
    0.0000  -45.0000    7.500011760.4961   16.6235
    7.5000  -45.0000    7.500011157.9395   16.6113
   -7.5000  -37.5000    7.500012162.6465   16.5302
    0.0000  -37.5000    7.500012625.8682   16.6603
    7.5000  -37.5000    7.500011957.8242   16.6519
   -7.5000  -30.0000    7.500013485.4697   16.6594
    0.0000  -30.0000    7.500013996.6035   16.7940
    7.5000  -30.0000    7.500013250.9971   16.7827
   -7.5000  -22.5000    7.500014929.9131   16.7530
    0.0000  -22.5000    7.500015614.9023   16.8920
    7.5000  -22.5000    7.500014589.6055   16.8752
   -7.5000  -15.0000    7.500016460.0742   16.7269
    0.0000  -15.0000    7.500017369.6094   16.8647
    7.5000  -15.0000    7.500015852.8623   16.8444
   -7.5000   -7.5000    7.500017814.9863   16.5943
    0.0000   -7.5000    7.500018817.4199   16.7271
    7.5000   -7.5000    7.500017035.2148   16.7084
   -7.5000    0.0000    7.500018672.2168   16.4941
    0.0000    0.0000    7.500019696.7773   16.6235
    7.5000    0.0000    7.500017884.4648   16.6113
   -7.5000    7.5000    7.500017953.6211   16.5302
    0.0000    7.5000    7.500018885.1484   16.6603
    7.5000    7.5000    7.500017226.9902   16.6519
   -7.5000   15.0000    7.500016995.8594   16.6594
    0.0000   15.0000    7.500017840.3086   16.7940
    7.5000   15.0000    7.500016371.2852   16.7827
   -7.5000   22.5000    7.500015934.4209   16.7453
    0.0000   22.5000    7.500016653.5176   16.8842
    7.5000   22.5000    7.500015404.6094   16.8675
   -7.5000   30.0000    7.500014826.1182   16.5104
    0.0000   30.0000    7.500015434.8467   16.6465
    7.5000   30.0000    7.500014374.6992   16.6264
   -7.5000   37.5000    7.500014237.5645   16.3796
    0.0000   37.5000    7.500014784.7275   16.5106
    7.5000   37.5000    7.500013852.5234   16.4922
   -7.5000   45.0000    7.500013087.5381   15.8984
    0.0000   45.0000    7.500013598.0156   16.0231
    7.5000   45.0000    7.500012798.8223   16.0114
   -7.5000  -45.0000   15.000010859.8359   16.7942
    0.0000  -45.0000   15.000011286.7227   16.9202
    7.5000  -45.0000   15.000010693.7012   16.9079
   -7.5000  -37.5000   15.000011687.3682   16.8356
    0.0000  -37.5000   15.000012138.5215   16.9640
    7.5000  -37.5000   15.000011484.6836   16.9538
   -7.5000  -30.0000   15.000012998.5918   16.9703
    0.0000  -30.0000   15.000013498.3828   17.1011
    7.5000  -30.0000   15.000012763.0176   17.0858
   -7.5000  -22.5000   15.000014510.8418   17.0642
    0.0000  -22.5000   15.000015116.8037   17.1952
    7.5000  -22.5000   15.000014061.4336   17.1744
   -7.5000  -15.0000   15.000016122.6338   17.0333
    0.0000  -15.0000   15.000016835.6660   17.1616
    7.5000  -15.0000   15.000015242.7617   17.1390
   -7.5000   -7.5000   15.000017338.4727   16.8952
    0.0000   -7.5000   15.000018181.4219   17.0208
    7.5000   -7.5000   15.000016361.0254   17.0016
   -7.5000    0.0000   15.000018115.9316   16.7942
    0.0000    0.0000   15.000019046.3965   16.9202
    7.5000    0.0000   15.000017226.6973   16.9079
   -7.5000    7.5000   15.000017428.7441   16.8356
    0.0000    7.5000   15.000018313.4531   16.9640
    7.5000    7.5000   15.000016656.8828   16.9538
   -7.5000   15.0000   15.000016485.5449   16.9703
    0.0000   15.0000   15.000017301.9199   17.1011
    7.5000   15.0000   15.000015836.3086   17.0858
   -7.5000   22.5000   15.000015398.0957   17.0564
    0.0000   22.5000   15.000016128.0576   17.1873
    7.5000   22.5000   15.000014868.9951   17.1665
   -7.5000   30.0000   15.000014287.3750   16.8129
    0.0000   30.0000   15.000014925.9648   16.9395
    7.5000   30.0000   15.000013849.0811   16.9172
   -7.5000   37.5000   15.000013727.7588   16.6766
    0.0000   37.5000   15.000014308.2520   16.8005
    7.5000   37.5000   15.000013337.0752   16.7815
   -7.5000   45.0000   15.000012640.2432   16.1877
    0.0000   45.0000   15.000013168.9531   16.3092
    7.5000   45.0000   15.000012331.3467   16.2973
   -7.5000  -45.0000   22.500010385.9932   17.1456
    0.0000  -45.0000   22.500010779.5820   17.2702
    7.5000  -45.0000   22.500010204.1768   17.2550
   -7.5000  -37.5000   22.500011169.8887   17.1912
    0.0000  -37.5000   22.500011589.4824   17.3219
    7.5000  -37.5000   22.500010971.0371   17.3096
   -7.5000  -30.0000   22.500012421.7812   17.3253
    0.0000  -30.0000   22.500012887.4570   17.4576
    7.5000  -30.0000   22.500012186.0850   17.4414
   -7.5000  -22.5000   22.500013858.4434   17.4146
    0.0000  -22.5000   22.500014373.5527   17.5427
    7.5000  -22.5000   22.500013379.8037   17.5216
   -7.5000  -15.0000   22.500015140.9736   17.3807
    0.0000  -15.0000   22.500015736.5625   17.5023
    7.5000  -15.0000   22.500014456.1182   17.4787
   -7.5000   -7.5000   22.500016134.3730   17.2426
    0.0000   -7.5000   22.500016833.3809   17.3624
    7.5000   -7.5000   22.500015520.6533   17.3409
   -7.5000    0.0000   22.500016903.0469   17.1456
    0.0000    0.0000   22.500017652.8789   17.2702
    7.5000    0.0000   22.500016373.5430   17.2550
   -7.5000    7.5000   22.500016405.0508   17.1912
    0.0000    7.5000   22.500017123.8145   17.3219
    7.5000    7.5000   22.500015869.7715   17.3096
   -7.5000   15.0000   22.500015595.9258   17.3253
    0.0000   15.0000   22.500016284.2256   17.4576
    7.5000   15.0000   22.500015102.5244   17.4414
   -7.5000   22.5000   22.500014624.7168   17.4066
    0.0000   22.5000   22.500015265.3555   17.5347
    7.5000   22.5000   22.500014178.5742   17.5135
   -7.5000   30.0000   22.500013618.3643   17.1558
    0.0000   30.0000   22.500014192.2402   17.2758
    7.5000   30.0000   22.500013212.1133   17.2524
   -7.5000   37.5000   22.500013098.9082   17.0195
    0.0000   37.5000   22.500013640.4268   17.1377
    7.5000   37.5000   22.500012710.9766   17.1165
   -7.5000   45.0000   22.500012076.6289   16.5264
    0.0000   45.0000   22.500012594.4043   16.6465
    7.5000   45.0000   22.500011759.7695   16.6318
   -7.5000  -45.0000   30.0000 9920.0498   17.6654
    0.0000  -45.0000   30.000010281.6416   17.7939
    7.5000  -45.0000   30.0000 9737.9268   17.7754
   -7.5000  -37.5000   30.000010631.9150   17.7133
    0.0000  -37.5000   30.000011038.5166   17.8503
    7.5000  -37.5000   30.000010475.8418   17.8368
   -7.5000  -30.0000   30.000011815.5312   17.8454
    0.0000  -30.0000   30.000012254.5479   17.9856
    7.5000  -30.0000   30.000011614.1152   17.9713
   -7.5000  -22.5000   30.000013072.2734   17.9314
    0.0000  -22.5000   30.000013560.8613   18.0671
    7.5000  -22.5000   30.000012684.5850   18.0485
   -7.5000  -15.0000   30.000014133.0342   17.8968
    0.0000  -15.0000   30.000014707.9492   18.0236
    7.5000  -15.0000   30.000013700.3418   18.0001
   -7.5000   -7.5000   30.000015085.7764   17.7596
    0.0000   -7.5000   30.000015737.8389   17.8826
    7.5000   -7.5000   30.000014740.3584   17.8585
   -7.5000    0.0000   30.000015915.7480   17.6654
    0.0000    0.0000   30.000016610.1699   17.7939
    7.5000    0.0000   30.000015568.5645   17.7754
   -7.5000    7.5000   30.000015477.9336   17.7133
    0.0000    7.5000   30.000016133.2588   17.8503
    7.5000    7.5000   30.000015107.5723   17.8368
   -7.5000   15.0000   30.000014773.5068   17.8454
    0.0000   15.0000   30.000015384.3135   17.9856
    7.5000   15.0000   30.000014374.5518   17.9713
   -7.5000   22.5000   30.000013873.7041   17.9232
    0.0000   22.5000   30.000014439.7412   18.0587
    7.5000   22.5000   30.000013475.3311   18.0401
   -7.5000   30.0000   30.000012934.6973   17.6652
    0.0000   30.0000   30.000013439.6084   17.7903
    7.5000   30.0000   30.000012552.3193   17.7672
   -7.5000   37.5000   30.000012465.7979   17.5298
    0.0000   37.5000   30.000012944.0996   17.6511
    7.5000   37.5000   30.000012088.7168   17.6274
   -7.5000   45.0000   30.000011481.7188   17.0274
    0.0000   45.0000   30.000011950.4053   17.1512
    7.5000   45.0000   30.000011196.7090   17.1334
   -7.5000  -45.0000   37.5000 9766.7090   18.0259
    0.0000  -45.0000   37.500010094.6445   18.1607
    7.5000  -45.0000   37.5000 9611.5889   18.1431
   -7.5000  -37.5000   37.500010450.5762   18.0725
    0.0000  -37.5000   37.500010820.6748   18.2148
    7.5000  -37.5000   37.500010332.0078   18.2044
   -7.5000  -30.0000   37.500011594.0010   18.2021
    0.0000  -30.0000   37.500012014.8252   18.3510
    7.5000  -30.0000   37.500011420.3457   18.3421
   -7.5000  -22.5000   37.500012745.9902   18.2883
    0.0000  -22.5000   37.500013241.2100   18.4372
    7.5000  -22.5000   37.500012470.8955   18.4239
   -7.5000  -15.0000   37.500013742.9082   18.2556
    0.0000  -15.0000   37.500014286.6807   18.3966
    7.5000  -15.0000   37.500013485.2598   18.3762
   -7.5000   -7.5000   37.500014747.3701   18.1195
    0.0000   -7.5000   37.500015331.2480   18.2531
    7.5000   -7.5000   37.500014493.2090   18.2299
   -7.5000    0.0000   37.500015591.0947   18.0259
    0.0000    0.0000   37.500016202.3057   18.1607
    7.5000    0.0000   37.500015281.2109   18.1431
   -7.5000    7.5000   37.500015162.4111   18.0725
    0.0000    7.5000   37.500015752.4277   18.2148
    7.5000    7.5000   37.500014839.8574   18.2044
   -7.5000   15.0000   37.500014482.8955   18.2021
    0.0000   15.0000   37.500015038.0615   18.3510
    7.5000   15.0000   37.500014134.7383   18.3421
   -7.5000   22.5000   37.500013603.8643   18.2799
    0.0000   22.5000   37.500014102.5107   18.4287
    7.5000   22.5000   37.500013260.6025   18.4154
   -7.5000   30.0000   37.500012696.0986   18.0193
    0.0000   30.0000   37.500013161.9570   18.1585
    7.5000   30.0000   37.500012342.2207   18.1383
   -7.5000   37.5000   37.500012222.4756   17.8850
    0.0000   37.5000   37.500012672.8594   18.0169
    7.5000   37.5000   37.500011883.6250   17.9939
   -7.5000   45.0000   37.500011241.7529   17.3749
    0.0000   45.0000   37.500011676.0254   17.5048
    7.5000   45.0000   37.500010973.8506   17.4878
   -7.5000  -45.0000   45.0000 9207.5928   18.5275
    0.0000  -45.0000   45.0000 9529.7285   18.6685
    7.5000  -45.0000   45.0000 9092.9775   18.6538
   -7.5000  -37.5000   45.0000 9858.0713   18.5749
    0.0000  -37.5000   45.000010211.8262   18.7197
    7.5000  -37.5000   45.0000 9753.5459   18.7117
   -7.5000  -30.0000   45.000010933.5801   18.7133
    0.0000  -30.0000   45.000011337.7988   18.8667
    7.5000  -30.0000   45.000010775.3438   18.8589
   -7.5000  -22.5000   45.000011980.3154   18.8084
    0.0000  -22.5000   45.000012438.7949   18.9674
    7.5000  -22.5000   45.000011780.5996   18.9547
   -7.5000  -15.0000   45.000012932.3994   18.7751
    0.0000  -15.0000   45.000013433.8115   18.9299
    7.5000  -15.0000   45.000012752.2832   18.9105
   -7.5000   -7.5000   45.000013901.1875   18.6292
    0.0000   -7.5000   45.000014434.1963   18.7746
    7.5000   -7.5000   45.000013691.2275   18.7536
   -7.5000    0.0000   45.000014661.7930   18.5275
    0.0000    0.0000   45.000015217.5010   18.6685
    7.5000    0.0000   45.000014401.6924   18.6538
   -7.5000    7.5000   45.000014250.9297   18.5749
    0.0000    7.5000   45.000014786.4980   18.7197
    7.5000    7.5000   45.000013969.2998   18.7117
   -7.5000   15.0000   45.000013617.6680   18.7133
    0.0000   15.0000   45.000014111.3359   18.8667
    7.5000   15.0000   45.000013323.1504   18.8589
   -7.5000   22.5000   45.000012796.1904   18.7997
    0.0000   22.5000   45.000013250.1133   18.9586
    7.5000   22.5000   45.000012489.4766   18.9459
   -7.5000   30.0000   45.000011936.9902   18.5305
    0.0000   30.0000   45.000012376.4492   18.6833
    7.5000   30.0000   45.000011643.1846   18.6642
   -7.5000   37.5000   45.000011472.0264   18.3865
    0.0000   37.5000   45.000011901.3359   18.5300
    7.5000   37.5000   45.000011220.3145   18.5093
   -7.5000   45.0000   45.000010559.9453   17.8665
    0.0000   45.0000   45.000010976.4092   18.0025
    7.5000   45.0000   45.000010334.2207   17.9883

---------------------------------------------------------------------
imgreg_4dfp /opt/freesurfer/average/711-2C_as_mni_average_305 /opt/freesurfer/average/711-2B_as_mni_average_305_mask talsrcimg_g11 none talsrcimg_to_711-2C_as_mni_average_305_t4 4355
---------------------------------------------------------------------

freesurfer imgreg_4dfp.c
/opt/freesurfer/average/711-2C_as_mni_average_305.4dfp.img
       256       256       256         1
  1.000000  1.000000  1.000000
orientation T byte_order littleendian
Reading image: /opt/freesurfer/average/711-2C_as_mni_average_305.4dfp.img
dimensions:      256       256       256
mmppix:       1.0000   -1.0000   -1.0000
center:     128.0000 -129.0000 -129.0000
/opt/freesurfer/average/711-2B_as_mni_average_305_mask.4dfp.img
       256       256       256         1
  1.000000  1.000000  1.000000
orientation T byte_order littleendian
Reading mask: /opt/freesurfer/average/711-2B_as_mni_average_305_mask.4dfp.img (2306576 pixels)
talsrcimg_g11.4dfp.img
       320       320       320         1
  0.800000  0.800000  0.800000
orientation T byte_order littleendian
Reading image: talsrcimg_g11.4dfp.img
dimensions:      320       320       320
mmppix:       0.8000   -0.8000   -0.8000
center:     128.0000 -128.8000 -128.8000
rotation matrix determinant  1.000000
image alignment mode   4355 decimal     1103 hex
   -7.5000  -45.0000  -37.5000 2533.1233   23.7399
    0.0000  -45.0000  -37.5000 2537.8555   23.6426
    7.5000  -45.0000  -37.5000 2529.6472   23.6620
   -7.5000  -37.5000  -37.5000 2601.4067   21.9368
    0.0000  -37.5000  -37.5000 2607.8257   21.8537
    7.5000  -37.5000  -37.5000 2601.7439   21.9199
   -7.5000  -30.0000  -37.5000 2654.5552   20.6164
    0.0000  -30.0000  -37.5000 2658.7749   20.5148
    7.5000  -30.0000  -37.5000 2651.5579   20.6358
   -7.5000  -22.5000  -37.5000 2690.9387   19.6393
    0.0000  -22.5000  -37.5000 2693.2739   19.5576
    7.5000  -22.5000  -37.5000 2685.6257   19.7058
   -7.5000  -15.0000  -37.5000 2709.7832   19.0052
    0.0000  -15.0000  -37.5000 2713.2285   18.9597
    7.5000  -15.0000  -37.5000 2708.5994   19.0934
   -7.5000   -7.5000  -37.5000 2723.4038   18.7215
    0.0000   -7.5000  -37.5000 2724.5752   18.6350
    7.5000   -7.5000  -37.5000 2723.2966   18.7896
   -7.5000    0.0000  -37.5000 2729.2327   18.6724
    0.0000    0.0000  -37.5000 2730.1926   18.5744
    7.5000    0.0000  -37.5000 2728.6494   18.7507
   -7.5000    7.5000  -37.5000 2717.7705   18.9439
    0.0000    7.5000  -37.5000 2718.7195   18.8476
    7.5000    7.5000  -37.5000 2716.9041   19.0237
   -7.5000   15.0000  -37.5000 2687.9297   19.5968
    0.0000   15.0000  -37.5000 2690.7705   19.5029
    7.5000   15.0000  -37.5000 2683.3008   19.6574
   -7.5000   22.5000  -37.5000 2628.7217   20.6105
    0.0000   22.5000  -37.5000 2635.2588   20.5691
    7.5000   22.5000  -37.5000 2620.0583   20.6572
   -7.5000   30.0000  -37.5000 2548.3582   21.9427
    0.0000   30.0000  -37.5000 2557.1167   21.9079
    7.5000   30.0000  -37.5000 2538.1948   22.0086
   -7.5000   37.5000  -37.5000 2461.5322   23.5676
    0.0000   37.5000  -37.5000 2468.3665   23.5903
    7.5000   37.5000  -37.5000 2453.8411   23.6486
   -7.5000   45.0000  -37.5000 2365.7029   25.6816
    0.0000   45.0000  -37.5000 2372.3767   25.6727
    7.5000   45.0000  -37.5000 2357.9436   25.7809
   -7.5000  -45.0000  -30.0000 2627.3726   23.5106
    0.0000  -45.0000  -30.0000 2630.5449   23.3241
    7.5000  -45.0000  -30.0000 2620.3877   23.4093
   -7.5000  -37.5000  -30.0000 2704.3098   21.7110
    0.0000  -37.5000  -30.0000 2709.8113   21.5751
    7.5000  -37.5000  -30.0000 2699.1555   21.6329
   -7.5000  -30.0000  -30.0000 2757.8083   20.3414
    0.0000  -30.0000  -30.0000 2761.0327   20.2122
    7.5000  -30.0000  -30.0000 2753.6194   20.3043
   -7.5000  -22.5000  -30.0000 2793.2812   19.3130
    0.0000  -22.5000  -30.0000 2796.8093   19.1897
    7.5000  -22.5000  -30.0000 2792.6025   19.3618
   -7.5000  -15.0000  -30.0000 2819.0479   18.6369
    0.0000  -15.0000  -30.0000 2823.3240   18.5478
    7.5000  -15.0000  -30.0000 2823.8442   18.7480
   -7.5000   -7.5000  -30.0000 2834.2163   18.3165
    0.0000   -7.5000  -30.0000 2838.2031   18.2406
    7.5000   -7.5000  -30.0000 2841.1963   18.4404
   -7.5000    0.0000  -30.0000 2839.7734   18.2661
    0.0000    0.0000  -30.0000 2842.2561   18.1937
    7.5000    0.0000  -30.0000 2840.8467   18.3841
   -7.5000    7.5000  -30.0000 2826.9507   18.4939
    0.0000    7.5000  -30.0000 2831.7917   18.4371
    7.5000    7.5000  -30.0000 2827.8215   18.6142
   -7.5000   15.0000  -30.0000 2795.4485   19.0790
    0.0000   15.0000  -30.0000 2797.8826   19.0103
    7.5000   15.0000  -30.0000 2790.4199   19.1972
   -7.5000   22.5000  -30.0000 2737.6597   20.0554
    0.0000   22.5000  -30.0000 2739.4517   19.9704
    7.5000   22.5000  -30.0000 2728.3669   20.1414
   -7.5000   30.0000  -30.0000 2659.1323   21.3397
    0.0000   30.0000  -30.0000 2661.3655   21.2509
    7.5000   30.0000  -30.0000 2648.2715   21.4040
   -7.5000   37.5000  -30.0000 2567.3064   22.8935
    0.0000   37.5000  -30.0000 2567.1011   22.8342
    7.5000   37.5000  -30.0000 2555.4832   22.9605
   -7.5000   45.0000  -30.0000 2459.0662   24.9309
    0.0000   45.0000  -30.0000 2463.3938   24.8959
    7.5000   45.0000  -30.0000 2448.2163   25.0201
   -7.5000  -45.0000  -22.5000 2681.5999   23.1542
    0.0000  -45.0000  -22.5000 2684.1462   23.0173
    7.5000  -45.0000  -22.5000 2675.5867   23.0900
   -7.5000  -37.5000  -22.5000 2757.6775   21.3160
    0.0000  -37.5000  -22.5000 2762.4111   21.1965
    7.5000  -37.5000  -22.5000 2758.5149   21.2995
   -7.5000  -30.0000  -22.5000 2814.0000   19.9381
    0.0000  -30.0000  -22.5000 2818.7795   19.8269
    7.5000  -30.0000  -22.5000 2814.9238   19.9411
   -7.5000  -22.5000  -22.5000 2853.1572   18.8899
    0.0000  -22.5000  -22.5000 2856.8914   18.7645
    7.5000  -22.5000  -22.5000 2858.5691   18.9285
   -7.5000  -15.0000  -22.5000 2883.3381   18.1717
    0.0000  -15.0000  -22.5000 2887.6047   18.0707
    7.5000  -15.0000  -22.5000 2890.3420   18.2821
   -7.5000   -7.5000  -22.5000 2899.8394   17.7982
    0.0000   -7.5000  -22.5000 2905.1592   17.7520
    7.5000   -7.5000  -22.5000 2906.4497   17.9468
   -7.5000    0.0000  -22.5000 2900.1758   17.7236
    0.0000    0.0000  -22.5000 2911.1169   17.6951
    7.5000    0.0000  -22.5000 2907.6082   17.9021
   -7.5000    7.5000  -22.5000 2888.2114   17.9390
    0.0000    7.5000  -22.5000 2896.8315   17.9055
    7.5000    7.5000  -22.5000 2893.9980   18.1357
   -7.5000   15.0000  -22.5000 2855.4475   18.4947
    0.0000   15.0000  -22.5000 2857.0664   18.4195
    7.5000   15.0000  -22.5000 2856.1189   18.6894
   -7.5000   22.5000  -22.5000 2797.5310   19.4247
    0.0000   22.5000  -22.5000 2791.9871   19.3081
    7.5000   22.5000  -22.5000 2791.6672   19.5490
   -7.5000   30.0000  -22.5000 2714.7908   20.6270
    0.0000   30.0000  -22.5000 2713.1245   20.5349
    7.5000   30.0000  -22.5000 2707.9680   20.7303
   -7.5000   37.5000  -22.5000 2626.7285   22.1444
    0.0000   37.5000  -22.5000 2623.7051   22.0619
    7.5000   37.5000  -22.5000 2615.9500   22.2298
   -7.5000   45.0000  -22.5000 2515.6323   24.1500
    0.0000   45.0000  -22.5000 2513.2649   24.0520
    7.5000   45.0000  -22.5000 2505.8230   24.2820
   -7.5000  -45.0000  -15.0000 2700.7856   22.8843
    0.0000  -45.0000  -15.0000 2700.3899   22.7785
    7.5000  -45.0000  -15.0000 2701.0969   22.8241
   -7.5000  -37.5000  -15.0000 2778.3577   21.0095
    0.0000  -37.5000  -15.0000 2783.0403   20.9451
    7.5000  -37.5000  -15.0000 2784.2644   21.0082
   -7.5000  -30.0000  -15.0000 2838.2820   19.6106
    0.0000  -30.0000  -15.0000 2845.8296   19.5487
    7.5000  -30.0000  -15.0000 2845.5627   19.6133
   -7.5000  -22.5000  -15.0000 2877.2158   18.5395
    0.0000  -22.5000  -15.0000 2885.6729   18.4471
    7.5000  -22.5000  -15.0000 2885.5530   18.5590
   -7.5000  -15.0000  -15.0000 2908.6433   17.7602
    0.0000  -15.0000  -15.0000 2912.3318   17.6381
    7.5000  -15.0000  -15.0000 2913.8025   17.8416
   -7.5000   -7.5000  -15.0000 2928.6689   17.3232
    0.0000   -7.5000  -15.0000 2930.8696   17.2389
    7.5000   -7.5000  -15.0000 2933.6833   17.4577
   -7.5000    0.0000  -15.0000 2933.1902   17.2510
    0.0000    0.0000  -15.0000 2938.9451   17.1796
    7.5000    0.0000  -15.0000 2939.2417   17.4208
   -7.5000    7.5000  -15.0000 2918.0493   17.4280
    0.0000    7.5000  -15.0000 2924.9180   17.3748
    7.5000    7.5000  -15.0000 2927.1816   17.6490
   -7.5000   15.0000  -15.0000 2878.4456   17.9559
    0.0000   15.0000  -15.0000 2882.2683   17.8863
    7.5000   15.0000  -15.0000 2886.3311   18.1634
   -7.5000   22.5000  -15.0000 2818.6921   18.8486
    0.0000   22.5000  -15.0000 2816.2957   18.7753
    7.5000   22.5000  -15.0000 2821.1150   19.0387
   -7.5000   30.0000  -15.0000 2739.6597   20.0141
    0.0000   30.0000  -15.0000 2738.8975   19.9591
    7.5000   30.0000  -15.0000 2740.9385   20.2031
   -7.5000   37.5000  -15.0000 2656.2571   21.5041
    0.0000   37.5000  -15.0000 2656.5151   21.4327
    7.5000   37.5000  -15.0000 2656.0823   21.6956
   -7.5000   45.0000  -15.0000 2547.4700   23.4781
    0.0000   45.0000  -15.0000 2548.0068   23.4238
    7.5000   45.0000  -15.0000 2545.4099   23.7246
   -7.5000  -45.0000   -7.5000 2708.5076   22.8303
    0.0000  -45.0000   -7.5000 2708.1982   22.6803
    7.5000  -45.0000   -7.5000 2712.7830   22.7594
   -7.5000  -37.5000   -7.5000 2790.8152   20.9638
    0.0000  -37.5000   -7.5000 2787.1533   20.8066
    7.5000  -37.5000   -7.5000 2790.8206   20.8859
   -7.5000  -30.0000   -7.5000 2850.9651   19.5179
    0.0000  -30.0000   -7.5000 2850.2432   19.4072
    7.5000  -30.0000   -7.5000 2849.5293   19.4351
   -7.5000  -22.5000   -7.5000 2894.7695   18.3830
    0.0000  -22.5000   -7.5000 2899.0383   18.3026
    7.5000  -22.5000   -7.5000 2896.2417   18.3413
   -7.5000  -15.0000   -7.5000 2919.8328   17.4778
    0.0000  -15.0000   -7.5000 2919.4983   17.3447
    7.5000  -15.0000   -7.5000 2918.8535   17.5116
   -7.5000   -7.5000   -7.5000 2935.3438   16.8828
    0.0000   -7.5000   -7.5000 2932.4783   16.7521
    7.5000   -7.5000   -7.5000 2933.0859   17.0292
   -7.5000    0.0000   -7.5000 2941.8547   16.8075
    0.0000    0.0000   -7.5000 2939.1462   16.6617
    7.5000    0.0000   -7.5000 2944.1240   16.9654
   -7.5000    7.5000   -7.5000 2930.8191   17.0152
    0.0000    7.5000   -7.5000 2930.0774   16.8813
    7.5000    7.5000   -7.5000 2935.3010   17.1733
   -7.5000   15.0000   -7.5000 2900.7593   17.5966
    0.0000   15.0000   -7.5000 2893.9639   17.4628
    7.5000   15.0000   -7.5000 2904.0610   17.7656
   -7.5000   22.5000   -7.5000 2840.7385   18.4679
    0.0000   22.5000   -7.5000 2834.1516   18.3779
    7.5000   22.5000   -7.5000 2840.7561   18.6751
   -7.5000   30.0000   -7.5000 2763.6313   19.6203
    0.0000   30.0000   -7.5000 2754.6980   19.5308
    7.5000   30.0000   -7.5000 2758.5686   19.8273
   -7.5000   37.5000   -7.5000 2676.8059   21.1212
    0.0000   37.5000   -7.5000 2671.2715   20.9923
    7.5000   37.5000   -7.5000 2673.5112   21.3523
   -7.5000   45.0000   -7.5000 2567.6890   23.0493
    0.0000   45.0000   -7.5000 2564.9158   22.9627
    7.5000   45.0000   -7.5000 2561.8960   23.3133
   -7.5000  -45.0000    0.0000 2707.1655   22.8685
    0.0000  -45.0000    0.0000 2714.2729   22.8195
    7.5000  -45.0000    0.0000 2705.1389   22.7846
   -7.5000  -37.5000    0.0000 2787.9819   20.9702
    0.0000  -37.5000    0.0000 2798.8792   20.9392
    7.5000  -37.5000    0.0000 2780.8572   20.8526
   -7.5000  -30.0000    0.0000 2849.2151   19.4942
    0.0000  -30.0000    0.0000 2863.0908   19.4850
    7.5000  -30.0000    0.0000 2843.1982   19.3708
   -7.5000  -22.5000    0.0000 2906.7146   18.3756
    0.0000  -22.5000    0.0000 2917.0542   18.4035
    7.5000  -22.5000    0.0000 2898.0071   18.2355
   -7.5000  -15.0000    0.0000 2939.0171   17.5344
    0.0000  -15.0000    0.0000 2949.8357   17.5501
    7.5000  -15.0000    0.0000 2927.0276   17.3571
   -7.5000   -7.5000    0.0000 2950.6440   16.7702
    0.0000   -7.5000    0.0000 2947.3108   16.7000
    7.5000   -7.5000    0.0000 2933.8411   16.7915
   -7.5000    0.0000    0.0000 2951.1016   16.5549
    0.0000    0.0000    0.0000 2944.5845   16.4823
    7.5000    0.0000    0.0000 2939.1323   16.6945
   -7.5000    7.5000    0.0000 2940.8225   16.7814
    0.0000    7.5000    0.0000 2944.7480   16.7302
    7.5000    7.5000    0.0000 2934.2446   16.9359
   -7.5000   15.0000    0.0000 2907.4070   17.2780
    0.0000   15.0000    0.0000 2922.0818   17.2974
    7.5000   15.0000    0.0000 2904.7600   17.4699
   -7.5000   22.5000    0.0000 2845.2124   18.1033
    0.0000   22.5000    0.0000 2858.4597   18.1659
    7.5000   22.5000    0.0000 2843.8123   18.3139
   -7.5000   30.0000    0.0000 2769.8179   19.3442
    0.0000   30.0000    0.0000 2777.2439   19.3661
    7.5000   30.0000    0.0000 2763.9180   19.5420
   -7.5000   37.5000    0.0000 2690.7051   20.8399
    0.0000   37.5000    0.0000 2696.7585   20.8501
    7.5000   37.5000    0.0000 2682.4219   21.0361
   -7.5000   45.0000    0.0000 2585.5908   22.7540
    0.0000   45.0000    0.0000 2587.0552   22.7543
    7.5000   45.0000    0.0000 2575.5425   22.9451
   -7.5000  -45.0000    7.5000 2700.8269   23.0540
    0.0000  -45.0000    7.5000 2708.0688   23.0180
    7.5000  -45.0000    7.5000 2696.0891   22.9925
   -7.5000  -37.5000    7.5000 2779.8994   21.1051
    0.0000  -37.5000    7.5000 2785.1877   21.0537
    7.5000  -37.5000    7.5000 2770.6274   20.9735
   -7.5000  -30.0000    7.5000 2842.8235   19.5760
    0.0000  -30.0000    7.5000 2847.7422   19.5384
    7.5000  -30.0000    7.5000 2832.3369   19.4122
   -7.5000  -22.5000    7.5000 2901.9199   18.3910
    0.0000  -22.5000    7.5000 2910.0063   18.4323
    7.5000  -22.5000    7.5000 2888.6523   18.2257
   -7.5000  -15.0000    7.5000 2946.9788   17.5987
    0.0000  -15.0000    7.5000 2965.4971   17.7208
    7.5000  -15.0000    7.5000 2928.7578   17.3875
   -7.5000   -7.5000    7.5000 2972.6521   17.0223
    0.0000   -7.5000    7.5000 3004.1372   17.2363
    7.5000   -7.5000    7.5000 2943.8108   16.8904
   -7.5000    0.0000    7.5000 2969.8428   16.6821
    0.0000    0.0000    7.5000 3000.6826   16.8860
    7.5000    0.0000    7.5000 2945.3926   16.7011
   -7.5000    7.5000    7.5000 2948.0857   16.6545
    0.0000    7.5000    7.5000 2968.0151   16.7922
    7.5000    7.5000    7.5000 2927.9363   16.7781
   -7.5000   15.0000    7.5000 2907.3123   17.0561
    0.0000   15.0000    7.5000 2921.8726   17.1186
    7.5000   15.0000    7.5000 2899.7898   17.2394
   -7.5000   22.5000    7.5000 2851.5745   17.9550
    0.0000   22.5000    7.5000 2860.3943   17.9782
    7.5000   22.5000    7.5000 2849.1235   18.1490
   -7.5000   30.0000    7.5000 2782.1895   19.2343
    0.0000   30.0000    7.5000 2786.1868   19.2136
    7.5000   30.0000    7.5000 2780.0601   19.4218
   -7.5000   37.5000    7.5000 2703.6943   20.7506
    0.0000   37.5000    7.5000 2705.9175   20.7166
    7.5000   37.5000    7.5000 2698.4985   20.9568
   -7.5000   45.0000    7.5000 2597.3906   22.6560
    0.0000   45.0000    7.5000 2596.0063   22.6047
    7.5000   45.0000    7.5000 2591.5049   22.8785
   -7.5000  -45.0000   15.0000 2691.0139   23.3255
    0.0000  -45.0000   15.0000 2693.4531   23.2900
    7.5000  -45.0000   15.0000 2687.0398   23.3018
   -7.5000  -37.5000   15.0000 2766.7756   21.3401
    0.0000  -37.5000   15.0000 2768.7585   21.3200
    7.5000  -37.5000   15.0000 2759.9976   21.2530
   -7.5000  -30.0000   15.0000 2832.3333   19.7560
    0.0000  -30.0000   15.0000 2835.3186   19.8004
    7.5000  -30.0000   15.0000 2821.8984   19.6817
   -7.5000  -22.5000   15.0000 2893.1133   18.5510
    0.0000  -22.5000   15.0000 2903.7654   18.6750
    7.5000  -22.5000   15.0000 2879.1042   18.4677
   -7.5000  -15.0000   15.0000 2954.2866   17.8186
    0.0000  -15.0000   15.0000 2968.2402   17.9383
    7.5000  -15.0000   15.0000 2921.9524   17.5760
   -7.5000   -7.5000   15.0000 2996.4783   17.2584
    0.0000   -7.5000   15.0000 3009.3550   17.3686
    7.5000   -7.5000   15.0000 2938.7556   16.9765
   -7.5000    0.0000   15.0000 2982.6929   16.8393
    0.0000    0.0000   15.0000 2998.0452   16.9945
    7.5000    0.0000   15.0000 2941.0234   16.7876
   -7.5000    7.5000   15.0000 2949.5183   16.7474
    0.0000    7.5000   15.0000 2963.3440   16.9119
    7.5000    7.5000   15.0000 2929.2212   16.9285
   -7.5000   15.0000   15.0000 2910.2378   17.1737
    0.0000   15.0000   15.0000 2923.8862   17.2963
    7.5000   15.0000   15.0000 2903.0938   17.4082
   -7.5000   22.5000   15.0000 2855.0449   18.0291
    0.0000   22.5000   15.0000 2866.1353   18.0818
    7.5000   22.5000   15.0000 2851.0049   18.2248
   -7.5000   30.0000   15.0000 2784.3601   19.2511
    0.0000   30.0000   15.0000 2790.7307   19.2594
    7.5000   30.0000   15.0000 2781.3167   19.4329
   -7.5000   37.5000   15.0000 2703.6509   20.7446
    0.0000   37.5000   15.0000 2706.3447   20.7223
    7.5000   37.5000   15.0000 2699.6621   20.9283
   -7.5000   45.0000   15.0000 2598.6960   22.6384
    0.0000   45.0000   15.0000 2595.8826   22.5806
    7.5000   45.0000   15.0000 2595.8865   22.8511
   -7.5000  -45.0000   22.5000 2677.8523   23.6540
    0.0000  -45.0000   22.5000 2679.4719   23.6398
    7.5000  -45.0000   22.5000 2674.8049   23.6977
   -7.5000  -37.5000   22.5000 2752.8132   21.6672
    0.0000  -37.5000   22.5000 2756.8528   21.6689
    7.5000  -37.5000   22.5000 2747.2693   21.6478
   -7.5000  -30.0000   22.5000 2814.7104   20.0599
    0.0000  -30.0000   22.5000 2819.3572   20.1062
    7.5000  -30.0000   22.5000 2808.0359   20.0306
   -7.5000  -22.5000   22.5000 2874.8752   18.7918
    0.0000  -22.5000   22.5000 2883.6594   18.8989
    7.5000  -22.5000   22.5000 2863.5125   18.7503
   -7.5000  -15.0000   22.5000 2930.1387   17.9056
    0.0000  -15.0000   22.5000 2941.5422   17.9868
    7.5000  -15.0000   22.5000 2902.5183   17.7202
   -7.5000   -7.5000   22.5000 2951.7778   17.1566
    0.0000   -7.5000   22.5000 2963.2700   17.2686
    7.5000   -7.5000   22.5000 2919.6687   17.1278
   -7.5000    0.0000   22.5000 2939.8015   16.7246
    0.0000    0.0000   22.5000 2953.8674   16.8621
    7.5000    0.0000   22.5000 2935.2288   16.9688
   -7.5000    7.5000   22.5000 2947.8467   16.8985
    0.0000    7.5000   22.5000 2955.6091   16.9910
    7.5000    7.5000   22.5000 2934.3481   17.1564
   -7.5000   15.0000   22.5000 2919.5986   17.5234
    0.0000   15.0000   22.5000 2925.2380   17.5962
    7.5000   15.0000   22.5000 2909.9114   17.7057
   -7.5000   22.5000   22.5000 2863.9438   18.4323
    0.0000   22.5000   22.5000 2870.4702   18.4543
    7.5000   22.5000   22.5000 2857.9941   18.5816
   -7.5000   30.0000   22.5000 2792.3765   19.5986
    0.0000   30.0000   22.5000 2795.9099   19.5789
    7.5000   30.0000   22.5000 2789.2566   19.7317
   -7.5000   37.5000   22.5000 2711.4204   20.9969
    0.0000   37.5000   22.5000 2712.3557   20.9684
    7.5000   37.5000   22.5000 2704.7498   21.1827
   -7.5000   45.0000   22.5000 2602.3848   22.8344
    0.0000   45.0000   22.5000 2600.9512   22.8095
    7.5000   45.0000   22.5000 2597.6211   23.0136
   -7.5000  -45.0000   30.0000 2659.0112   24.1021
    0.0000  -45.0000   30.0000 2660.4744   24.0926
    7.5000  -45.0000   30.0000 2653.6384   24.1786
   -7.5000  -37.5000   30.0000 2728.8977   22.0323
    0.0000  -37.5000   30.0000 2733.3938   22.0392
    7.5000  -37.5000   30.0000 2729.9087   22.0946
   -7.5000  -30.0000   30.0000 2787.3462   20.3269
    0.0000  -30.0000   30.0000 2794.9521   20.3691
    7.5000  -30.0000   30.0000 2793.5002   20.4283
   -7.5000  -22.5000   30.0000 2851.5513   19.0513
    0.0000  -22.5000   30.0000 2859.8147   19.0999
    7.5000  -22.5000   30.0000 2845.5159   19.0574
   -7.5000  -15.0000   30.0000 2907.0427   18.1320
    0.0000  -15.0000   30.0000 2917.2327   18.1882
    7.5000  -15.0000   30.0000 2883.6316   18.0482
   -7.5000   -7.5000   30.0000 2917.7532   17.3050
    0.0000   -7.5000   30.0000 2930.5825   17.4479
    7.5000   -7.5000   30.0000 2912.4907   17.5060
   -7.5000    0.0000   30.0000 2942.5901   17.0822
    0.0000    0.0000   30.0000 2950.7517   17.1932
    7.5000    0.0000   30.0000 2937.0608   17.3401
   -7.5000    7.5000   30.0000 2952.7812   17.2972
    0.0000    7.5000   30.0000 2958.4258   17.3832
    7.5000    7.5000   30.0000 2936.2507   17.5063
   -7.5000   15.0000   30.0000 2925.6533   17.9188
    0.0000   15.0000   30.0000 2930.0376   17.9715
    7.5000   15.0000   30.0000 2908.6086   18.0715
   -7.5000   22.5000   30.0000 2864.7363   18.8553
    0.0000   22.5000   30.0000 2868.8298   18.8937
    7.5000   22.5000   30.0000 2851.2568   18.9757
   -7.5000   30.0000   30.0000 2788.2625   20.0211
    0.0000   30.0000   30.0000 2788.3979   20.0515
    7.5000   30.0000   30.0000 2776.9607   20.1265
   -7.5000   37.5000   30.0000 2707.6443   21.4193
    0.0000   37.5000   30.0000 2703.5586   21.3985
    7.5000   37.5000   30.0000 2696.5598   21.5741
   -7.5000   45.0000   30.0000 2594.9531   23.2022
    0.0000   45.0000   30.0000 2592.9663   23.1800
    7.5000   45.0000   30.0000 2594.8135   23.4268
   -7.5000  -45.0000   37.5000 2635.1396   24.5883
    0.0000  -45.0000   37.5000 2632.8782   24.5165
    7.5000  -45.0000   37.5000 2636.7852   24.7395
   -7.5000  -37.5000   37.5000 2705.8669   22.3979
    0.0000  -37.5000   37.5000 2703.2524   22.3328
    7.5000  -37.5000   37.5000 2712.3638   22.5666
   -7.5000  -30.0000   37.5000 2771.5693   20.6773
    0.0000  -30.0000   37.5000 2772.0300   20.6784
    7.5000  -30.0000   37.5000 2781.6458   20.8836
   -7.5000  -22.5000   37.5000 2840.1833   19.4134
    0.0000  -22.5000   37.5000 2842.7979   19.4115
    7.5000  -22.5000   37.5000 2830.0813   19.4751
   -7.5000  -15.0000   37.5000 2873.4094   18.3592
    0.0000  -15.0000   37.5000 2881.3560   18.4064
    7.5000  -15.0000   37.5000 2871.4854   18.5606
   -7.5000   -7.5000   37.5000 2907.4014   17.7279
    0.0000   -7.5000   37.5000 2912.6338   17.8145
    7.5000   -7.5000   37.5000 2904.5195   18.0194
   -7.5000    0.0000   37.5000 2944.7539   17.6099
    0.0000    0.0000   37.5000 2946.9976   17.6800
    7.5000    0.0000   37.5000 2931.2974   17.8250
   -7.5000    7.5000   37.5000 2950.7900   17.8443
    0.0000    7.5000   37.5000 2952.3469   17.9146
    7.5000    7.5000   37.5000 2933.6392   18.0130
   -7.5000   15.0000   37.5000 2921.2773   18.4527
    0.0000   15.0000   37.5000 2921.8503   18.4809
    7.5000   15.0000   37.5000 2901.0222   18.5846
   -7.5000   22.5000   37.5000 2855.6060   19.3813
    0.0000   22.5000   37.5000 2853.9722   19.3995
    7.5000   22.5000   37.5000 2842.7781   19.5006
   -7.5000   30.0000   37.5000 2779.0696   20.5774
    0.0000   30.0000   37.5000 2778.5793   20.6068
    7.5000   30.0000   37.5000 2767.3774   20.6936
   -7.5000   37.5000   37.5000 2696.9607   21.9764
    0.0000   37.5000   37.5000 2696.0764   21.9607
    7.5000   37.5000   37.5000 2686.1057   22.0756
   -7.5000   45.0000   37.5000 2578.6130   23.7349
    0.0000   45.0000   37.5000 2577.4846   23.7013
    7.5000   45.0000   37.5000 2578.1714   23.8632
   -7.5000  -45.0000   45.0000 2605.1697   25.0706
    0.0000  -45.0000   45.0000 2601.1399   24.9470
    7.5000  -45.0000   45.0000 2614.8237   25.3631
   -7.5000  -37.5000   45.0000 2682.9409   22.8322
    0.0000  -37.5000   45.0000 2678.2673   22.7481
    7.5000  -37.5000   45.0000 2693.6965   23.1270
   -7.5000  -30.0000   45.0000 2753.4800   21.1215
    0.0000  -30.0000   45.0000 2748.3162   21.0741
    7.5000  -30.0000   45.0000 2756.1252   21.3561
   -7.5000  -22.5000   45.0000 2815.3057   19.8081
    0.0000  -22.5000   45.0000 2811.8345   19.7737
    7.5000  -22.5000   45.0000 2812.6130   20.0253
   -7.5000  -15.0000   45.0000 2852.0002   18.8077
    0.0000  -15.0000   45.0000 2854.3674   18.8353
    7.5000  -15.0000   45.0000 2854.8347   19.1843
   -7.5000   -7.5000   45.0000 2898.2151   18.3305
    0.0000   -7.5000   45.0000 2899.4331   18.3845
    7.5000   -7.5000   45.0000 2888.6499   18.6338
   -7.5000    0.0000   45.0000 2931.6560   18.1849
    0.0000    0.0000   45.0000 2930.9016   18.2350
    7.5000    0.0000   45.0000 2914.2134   18.4239
   -7.5000    7.5000   45.0000 2930.5144   18.4310
    0.0000    7.5000   45.0000 2931.2866   18.4597
    7.5000    7.5000   45.0000 2911.0388   18.6254
   -7.5000   15.0000   45.0000 2896.1987   19.0201
    0.0000   15.0000   45.0000 2892.0051   19.0312
    7.5000   15.0000   45.0000 2879.1401   19.1883
   -7.5000   22.5000   45.0000 2829.9651   19.9647
    0.0000   22.5000   45.0000 2821.4993   19.9643
    7.5000   22.5000   45.0000 2818.2627   20.1108
   -7.5000   30.0000   45.0000 2757.5718   21.1468
    0.0000   30.0000   45.0000 2754.9160   21.1738
    7.5000   30.0000   45.0000 2745.9470   21.3019
   -7.5000   37.5000   45.0000 2668.8879   22.5682
    0.0000   37.5000   45.0000 2670.9734   22.5968
    7.5000   37.5000   45.0000 2665.9187   22.7266
   -7.5000   45.0000   45.0000 2555.5203   24.3322
    0.0000   45.0000   45.0000 2557.2551   24.3577
    7.5000   45.0000   45.0000 2549.7632   24.5440
   -7.5000  -45.0000   52.5000 2575.7925   25.5914
    0.0000  -45.0000   52.5000 2571.6111   25.4696
    7.5000  -45.0000   52.5000 2579.7505   25.9697
   -7.5000  -37.5000   52.5000 2652.3191   23.3438
    0.0000  -37.5000   52.5000 2649.2800   23.2412
    7.5000  -37.5000   52.5000 2659.6282   23.7107
   -7.5000  -30.0000   52.5000 2725.5320   21.6877
    0.0000  -30.0000   52.5000 2718.9004   21.6039
    7.5000  -30.0000   52.5000 2728.0254   21.9807
   -7.5000  -22.5000   52.5000 2779.3218   20.3286
    0.0000  -22.5000   52.5000 2776.1301   20.3073
    7.5000  -22.5000   52.5000 2783.7444   20.6882
   -7.5000  -15.0000   52.5000 2833.0181   19.4749
    0.0000  -15.0000   52.5000 2829.4329   19.4805
    7.5000  -15.0000   52.5000 2831.8835   19.8463
   -7.5000   -7.5000   52.5000 2876.1487   19.0374
    0.0000   -7.5000   52.5000 2871.8635   19.0532
    7.5000   -7.5000   52.5000 2868.4102   19.3214
   -7.5000    0.0000   52.5000 2895.8560   18.8901
    0.0000    0.0000   52.5000 2893.2271   18.8936
    7.5000    0.0000   52.5000 2883.3987   19.1050
   -7.5000    7.5000   52.5000 2888.4133   19.0838
    0.0000    7.5000   52.5000 2886.4880   19.0816
    7.5000    7.5000   52.5000 2878.0076   19.2753
   -7.5000   15.0000   52.5000 2859.6067   19.5989
    0.0000   15.0000   52.5000 2856.0217   19.6122
    7.5000   15.0000   52.5000 2848.0386   19.8262
   -7.5000   22.5000   52.5000 2802.0051   20.5411
    0.0000   22.5000   52.5000 2797.8660   20.5681
    7.5000   22.5000   52.5000 2788.2969   20.7702
   -7.5000   30.0000   52.5000 2725.4797   21.7810
    0.0000   30.0000   52.5000 2723.6694   21.7826
    7.5000   30.0000   52.5000 2714.4868   21.9764
   -7.5000   37.5000   52.5000 2636.0469   23.2575
    0.0000   37.5000   52.5000 2636.5469   23.2428
    7.5000   37.5000   52.5000 2627.0132   23.4063
   -7.5000   45.0000   52.5000 2528.5208   25.0360
    0.0000   45.0000   52.5000 2528.7781   25.0213
    7.5000   45.0000   52.5000 2519.4377   25.1974

---------------------------------------------------------------------
imgreg_4dfp /opt/freesurfer/average/711-2C_as_mni_average_305 /opt/freesurfer/average/711-2B_as_mni_average_305_mask talsrcimg_g11 none talsrcimg_to_711-2C_as_mni_average_305_t4 1283
---------------------------------------------------------------------

freesurfer imgreg_4dfp.c
/opt/freesurfer/average/711-2C_as_mni_average_305.4dfp.img
       256       256       256         1
  1.000000  1.000000  1.000000
orientation T byte_order littleendian
Reading image: /opt/freesurfer/average/711-2C_as_mni_average_305.4dfp.img
dimensions:      256       256       256
mmppix:       1.0000   -1.0000   -1.0000
center:     128.0000 -129.0000 -129.0000
/opt/freesurfer/average/711-2B_as_mni_average_305_mask.4dfp.img
       256       256       256         1
  1.000000  1.000000  1.000000
orientation T byte_order littleendian
Reading mask: /opt/freesurfer/average/711-2B_as_mni_average_305_mask.4dfp.img (2306576 pixels)
talsrcimg_g11.4dfp.img
       320       320       320         1
  0.800000  0.800000  0.800000
orientation T byte_order littleendian
Reading image: talsrcimg_g11.4dfp.img
dimensions:      320       320       320
mmppix:       0.8000   -0.8000   -0.8000
center:     128.0000 -128.8000 -128.8000
rotation matrix determinant  1.000000
fimgreg.f
image alignment mode   1283 decimal      503 hex
parameters
    0.0000   -7.5000   15.0000    0.0000    0.0000    0.0000
eta,q 0.94369 17.39335
niter,ni,del,rscale     5    3   12.0000    1.2000
parameter  1  0.533004 ->  0.500000 qaram    1.1500
parameter  3  0.525773 ->  0.500000 qaram    1.1500
parameter  4  0.642834 ->  0.500000 qaram    1.1500
parameters
   -3.4500   -5.7797   11.5500   -3.4500    1.8257   -1.6255
eta,q 0.95114 17.47952
  0.0574  0.0651  0.0522  0.0497  0.0574  0.0501
  0.0535  0.0597  0.0507  0.0493  0.0540  0.0493
  0.0532  0.0556  0.0506  0.0502  0.0513  0.0489
  0.0567  0.0530  0.0523  0.0504  0.0495  0.0490
  0.0631  0.0524  0.0559  0.0513  0.0491  0.0499
  0.0714  0.0539  0.0618  0.0531  0.0498  0.0510
  0.0777  0.0564  0.0675  0.0557  0.0516  0.0519
niter,ni,del,rscale     7    3   12.0000    1.2000
parameter  4  0.557323 ->  0.500000 qaram    1.3225
parameters
   -3.5415   -2.8639   11.3655   -7.4175    1.4690   -1.6533
eta,q 0.95559 17.39732
  0.0684  0.0617  0.0603  0.0468  0.0517  0.0483
  0.0582  0.0572  0.0521  0.0448  0.0476  0.0469
  0.0513  0.0528  0.0478  0.0450  0.0449  0.0452
  0.0489  0.0489  0.0467  0.0467  0.0445  0.0444
  0.0514  0.0468  0.0491  0.0494  0.0461  0.0451
  0.0594  0.0475  0.0542  0.0522  0.0490  0.0467
  0.0692  0.0498  0.0607  0.0550  0.0534  0.0485
niter,ni,del,rscale     7    3   12.0000    1.2000
parameters
   -3.2376   -2.1205   10.9446   -7.7400    1.2460   -1.6656
eta,q 0.95619 17.35857
  0.0690  0.0572  0.0578  0.0507  0.0518  0.0480
  0.0579  0.0523  0.0492  0.0483  0.0474  0.0464
  0.0485  0.0478  0.0448  0.0458  0.0445  0.0447
  0.0444  0.0444  0.0439  0.0438  0.0439  0.0438
  0.0468  0.0445  0.0468  0.0456  0.0453  0.0444
  0.0550  0.0481  0.0529  0.0487  0.0483  0.0462
  0.0654  0.0531  0.0603  0.0523  0.0528  0.0483
niter,ni,del,rscale     6    3   12.0000    1.2000
parameters
   -3.0963   -1.9473   10.8942   -7.8596    1.1233   -1.6649
eta,q 0.95623 17.35683
  0.0681  0.0555  0.0594  0.0510  0.0520  0.0480
  0.0567  0.0508  0.0505  0.0486  0.0476  0.0464
  0.0474  0.0462  0.0453  0.0461  0.0446  0.0446
  0.0438  0.0438  0.0438  0.0438  0.0438  0.0438
  0.0469  0.0452  0.0461  0.0452  0.0451  0.0444
  0.0557  0.0496  0.0516  0.0485  0.0481  0.0461
  0.0660  0.0547  0.0591  0.0521  0.0526  0.0483
niter,ni,del,rscale     5    3   12.0000    1.2000
parameters
   -3.0447   -1.9040   10.8886   -7.9017    1.0748   -1.6630
eta,q 0.95623 17.35765
  0.0677  0.0551  0.0596  0.0511  0.0522  0.0480
  0.0562  0.0504  0.0507  0.0487  0.0478  0.0464
  0.0470  0.0459  0.0454  0.0462  0.0447  0.0446
  0.0438  0.0438  0.0438  0.0438  0.0438  0.0438
  0.0472  0.0455  0.0460  0.0451  0.0450  0.0444
  0.0562  0.0499  0.0515  0.0484  0.0479  0.0461
  0.0665  0.0551  0.0590  0.0519  0.0524  0.0483
registration optimization eta report
parameter search radius
    6.9000    6.0000    6.9000    7.9350    6.0000    6.0000
100000*second partial in parameter space
       48.       30.       32.       11.       23.       12.
  0.0677  0.0551  0.0596  0.0511  0.0522  0.0480
  0.0562  0.0504  0.0507  0.0487  0.0478  0.0464
  0.0470  0.0459  0.0454  0.0462  0.0447  0.0446
  0.0438  0.0438  0.0438  0.0438  0.0438  0.0438
  0.0472  0.0455  0.0460  0.0451  0.0450  0.0444
  0.0562  0.0499  0.0515  0.0484  0.0479  0.0461
  0.0665  0.0551  0.0590  0.0519  0.0524  0.0483
   -3.0447   -1.9040   10.8886   -7.9017    1.0748   -1.6630
eta,q 0.95623 17.35765

---------------------------------------------------------------------
imgreg_4dfp /opt/freesurfer/average/711-2C_as_mni_average_305 /opt/freesurfer/average/711-2B_as_mni_average_305_mask talsrcimg_g11 none talsrcimg_to_711-2C_as_mni_average_305_t4 3335
---------------------------------------------------------------------

freesurfer imgreg_4dfp.c
/opt/freesurfer/average/711-2C_as_mni_average_305.4dfp.img
       256       256       256         1
  1.000000  1.000000  1.000000
orientation T byte_order littleendian
Reading image: /opt/freesurfer/average/711-2C_as_mni_average_305.4dfp.img
dimensions:      256       256       256
mmppix:       1.0000   -1.0000   -1.0000
center:     128.0000 -129.0000 -129.0000
/opt/freesurfer/average/711-2B_as_mni_average_305_mask.4dfp.img
       256       256       256         1
  1.000000  1.000000  1.000000
orientation T byte_order littleendian
Reading mask: /opt/freesurfer/average/711-2B_as_mni_average_305_mask.4dfp.img (2306576 pixels)
talsrcimg_g11.4dfp.img
       320       320       320         1
  0.800000  0.800000  0.800000
orientation T byte_order littleendian
Reading image: talsrcimg_g11.4dfp.img
dimensions:      320       320       320
mmppix:       0.8000   -0.8000   -0.8000
center:     128.0000 -128.8000 -128.8000
fimgreg.f
image alignment mode   3335 decimal      D07 hex
parameters
   -3.0447   -1.9040   10.8886   -0.0597   -0.9987   -0.9669
    3.1323   -1.4583   -2.9016   13.7956    1.8759  -13.7451
eta,q 0.95421 17.42096
niter,ni,del,rscale     5    3    5.0000    1.2000
parameter  5  2.383717 ->  0.500000 qaram    1.1500
parameters
   -2.9978   -1.8723   11.1724   -2.0746   -5.1387   -2.0541
    1.9345   -1.4744   -2.8128   12.3486    0.7300  -14.4273
eta,q 0.95753 17.33835
  0.0487  0.0475  0.0482  0.0479  0.0407  0.0452  0.0439  0.0455  0.0444  0.0447  0.0429  0.0435
  0.0471  0.0465  0.0469  0.0470  0.0419  0.0443  0.0431  0.0441  0.0434  0.0432  0.0427  0.0428
  0.0462  0.0460  0.0462  0.0461  0.0437  0.0432  0.0427  0.0432  0.0428  0.0425  0.0425  0.0425
  0.0458  0.0458  0.0458  0.0458  0.0460  0.0423  0.0426  0.0426  0.0426  0.0426  0.0425  0.0425
  0.0460  0.0460  0.0459  0.0468  0.0486  0.0426  0.0431  0.0426  0.0428  0.0434  0.0426  0.0427
  0.0469  0.0465  0.0463  0.0505  0.0513  0.0450  0.0439  0.0436  0.0434  0.0451  0.0429  0.0432
  0.0485  0.0473  0.0472  0.0566  0.0542  0.0500  0.0452  0.0461  0.0443  0.0478  0.0436  0.0439
niter,ni,del,rscale     5    3    5.0000    1.2000
parameter  5  0.828644 ->  0.500000 qaram    1.3225
parameters
   -3.1354   -1.0885   11.4457   -0.8852   -9.8997    0.4129
    2.5278   -1.7323   -2.9850   12.2006   -0.7687  -16.3254
eta,q 0.96188 17.22110
  0.0436  0.0452  0.0433  0.0455  0.0399  0.0435  0.0411  0.0434  0.0405  0.0424  0.0392  0.0389
  0.0429  0.0440  0.0427  0.0447  0.0396  0.0425  0.0397  0.0404  0.0393  0.0402  0.0386  0.0383
  0.0426  0.0431  0.0424  0.0435  0.0401  0.0412  0.0387  0.0388  0.0385  0.0388  0.0383  0.0381
  0.0425  0.0425  0.0422  0.0422  0.0416  0.0396  0.0383  0.0383  0.0383  0.0383  0.0383  0.0383
  0.0426  0.0422  0.0423  0.0412  0.0441  0.0384  0.0385  0.0389  0.0386  0.0387  0.0387  0.0386
  0.0431  0.0424  0.0425  0.0417  0.0468  0.0383  0.0391  0.0409  0.0394  0.0403  0.0394  0.0392
  0.0440  0.0431  0.0429  0.0450  0.0496  0.0412  0.0404  0.0443  0.0407  0.0429  0.0407  0.0401
niter,ni,del,rscale     5    3    5.0000    1.2000
parameters
   -3.1476   -0.6468   11.3581   -0.7555  -12.3576    0.2786
    2.8059   -1.0716   -2.9355   13.2071   -1.3997  -17.8013
eta,q 0.96238 17.14688
  0.0404  0.0409  0.0394  0.0428  0.0407  0.0425  0.0403  0.0440  0.0401  0.0424  0.0389  0.0383
  0.0391  0.0396  0.0386  0.0415  0.0389  0.0413  0.0390  0.0407  0.0388  0.0401  0.0382  0.0378
  0.0384  0.0386  0.0381  0.0398  0.0379  0.0395  0.0382  0.0387  0.0380  0.0386  0.0378  0.0376
  0.0381  0.0381  0.0380  0.0380  0.0379  0.0378  0.0379  0.0378  0.0378  0.0378  0.0377  0.0377
  0.0383  0.0381  0.0382  0.0373  0.0395  0.0370  0.0380  0.0380  0.0380  0.0378  0.0379  0.0379
  0.0391  0.0385  0.0388  0.0393  0.0427  0.0393  0.0387  0.0393  0.0388  0.0386  0.0385  0.0384
  0.0405  0.0394  0.0396  0.0444  0.0465  0.0454  0.0400  0.0421  0.0400  0.0405  0.0395  0.0391
niter,ni,del,rscale     4    3    5.0000    1.2000
parameters
   -3.0905   -0.2823   11.2633   -0.1986  -13.1320    0.0890
    2.7953   -0.7818   -3.0202   13.9873   -1.6247  -18.3978
eta,q 0.96273 17.12707
  0.0399  0.0400  0.0388  0.0428  0.0415  0.0423  0.0398  0.0437  0.0396  0.0416  0.0389  0.0382
  0.0387  0.0388  0.0381  0.0414  0.0395  0.0409  0.0385  0.0402  0.0383  0.0394  0.0380  0.0376
  0.0379  0.0380  0.0377  0.0395  0.0379  0.0390  0.0377  0.0381  0.0376  0.0380  0.0374  0.0373
  0.0376  0.0376  0.0376  0.0376  0.0372  0.0372  0.0374  0.0374  0.0374  0.0374  0.0373  0.0373
  0.0378  0.0376  0.0377  0.0365  0.0378  0.0365  0.0376  0.0378  0.0376  0.0374  0.0375  0.0375
  0.0385  0.0381  0.0382  0.0383  0.0402  0.0391  0.0385  0.0395  0.0384  0.0383  0.0381  0.0379
  0.0398  0.0389  0.0390  0.0432  0.0439  0.0454  0.0399  0.0428  0.0397  0.0402  0.0391  0.0385
niter,ni,del,rscale     3    3    5.0000    1.2000
parameters
   -3.0908   -0.1402   11.2649   -0.0345  -13.3467   -0.0558
    2.8747   -0.6700   -3.1341   14.3126   -1.6675  -18.6156
eta,q 0.96276 17.12129
  0.0399  0.0393  0.0386  0.0427  0.0418  0.0422  0.0398  0.0434  0.0394  0.0410  0.0389  0.0383
  0.0384  0.0382  0.0379  0.0411  0.0398  0.0408  0.0385  0.0400  0.0382  0.0390  0.0380  0.0376
  0.0376  0.0375  0.0374  0.0392  0.0381  0.0390  0.0376  0.0379  0.0375  0.0378  0.0374  0.0373
  0.0373  0.0373  0.0373  0.0373  0.0371  0.0372  0.0373  0.0373  0.0373  0.0373  0.0372  0.0372
  0.0375  0.0374  0.0374  0.0365  0.0375  0.0365  0.0375  0.0378  0.0376  0.0374  0.0374  0.0374
  0.0384  0.0379  0.0378  0.0389  0.0395  0.0390  0.0384  0.0397  0.0383  0.0385  0.0380  0.0378
  0.0399  0.0389  0.0386  0.0442  0.0430  0.0451  0.0397  0.0431  0.0396  0.0405  0.0390  0.0383
niter,ni,del,rscale     2    3    5.0000    1.2000
parameters
   -3.0949   -0.0795   11.2572    0.0354  -13.4108   -0.1387
    2.9504   -0.6429   -3.2172   14.4564   -1.6598  -18.7038
eta,q 0.96276 17.11967
  0.0399  0.0391  0.0385  0.0427  0.0420  0.0423  0.0398  0.0433  0.0394  0.0408  0.0390  0.0383
  0.0384  0.0381  0.0378  0.0411  0.0399  0.0408  0.0385  0.0399  0.0382  0.0389  0.0380  0.0376
  0.0376  0.0375  0.0374  0.0392  0.0382  0.0390  0.0376  0.0379  0.0375  0.0377  0.0374  0.0373
  0.0372  0.0372  0.0372  0.0372  0.0372  0.0372  0.0373  0.0373  0.0373  0.0372  0.0372  0.0372
  0.0375  0.0374  0.0374  0.0366  0.0374  0.0365  0.0375  0.0378  0.0375  0.0375  0.0374  0.0374
  0.0384  0.0380  0.0378  0.0391  0.0393  0.0388  0.0384  0.0398  0.0383  0.0386  0.0380  0.0377
  0.0400  0.0389  0.0386  0.0445  0.0428  0.0449  0.0398  0.0432  0.0395  0.0406  0.0390  0.0383
niter,ni,del,rscale     1    3    5.0000    1.2000
parameters
   -3.1020   -0.0534   11.2569    0.0680  -13.4369   -0.1773
    3.0018   -0.6398   -3.2658   14.5164   -1.6383  -18.7311
eta,q 0.96275 17.11883
  0.0399  0.0390  0.0385  0.0427  0.0420  0.0423  0.0398  0.0432  0.0395  0.0407  0.0390  0.0383
  0.0384  0.0380  0.0378  0.0411  0.0400  0.0409  0.0384  0.0399  0.0382  0.0388  0.0380  0.0376
  0.0376  0.0375  0.0374  0.0392  0.0382  0.0390  0.0376  0.0379  0.0375  0.0377  0.0374  0.0373
  0.0372  0.0372  0.0372  0.0372  0.0372  0.0372  0.0372  0.0372  0.0372  0.0372  0.0372  0.0372
  0.0375  0.0374  0.0374  0.0366  0.0374  0.0365  0.0375  0.0378  0.0375  0.0375  0.0374  0.0374
  0.0384  0.0380  0.0378  0.0392  0.0393  0.0388  0.0384  0.0398  0.0383  0.0386  0.0380  0.0377
  0.0400  0.0390  0.0386  0.0447  0.0428  0.0447  0.0398  0.0433  0.0395  0.0407  0.0390  0.0383
registration optimization eta report
parameter search radius
    2.4000    2.4000    2.4000    7.2000    9.5220    7.2000
    7.2000    7.2000    7.2000    7.2000    7.2000    7.2000
100000*second partial in parameter space
       48.       30.       23.       13.        6.       12.
        5.       12.        4.        7.        3.        2.
  0.0399  0.0390  0.0385  0.0427  0.0420  0.0423  0.0398  0.0432  0.0395  0.0407  0.0390  0.0383
  0.0384  0.0380  0.0378  0.0411  0.0400  0.0409  0.0384  0.0399  0.0382  0.0388  0.0380  0.0376
  0.0376  0.0375  0.0374  0.0392  0.0382  0.0390  0.0376  0.0379  0.0375  0.0377  0.0374  0.0373
  0.0372  0.0372  0.0372  0.0372  0.0372  0.0372  0.0372  0.0372  0.0372  0.0372  0.0372  0.0372
  0.0375  0.0374  0.0374  0.0366  0.0374  0.0365  0.0375  0.0378  0.0375  0.0375  0.0374  0.0374
  0.0384  0.0380  0.0378  0.0392  0.0393  0.0388  0.0384  0.0398  0.0383  0.0386  0.0380  0.0377
  0.0400  0.0390  0.0386  0.0447  0.0428  0.0447  0.0398  0.0433  0.0395  0.0407  0.0390  0.0383
   -3.1020   -0.0534   11.2569    0.0680  -13.4369   -0.1773
    3.0018   -0.6398   -3.2658   14.5164   -1.6383  -18.7311
eta,q 0.96275 17.11883

---------------------------------------------------------------------
imgreg_4dfp /opt/freesurfer/average/711-2C_as_mni_average_305 /opt/freesurfer/average/711-2B_as_mni_average_305_mask talsrcimg_g11 none talsrcimg_to_711-2C_as_mni_average_305_t4 2311
---------------------------------------------------------------------

freesurfer imgreg_4dfp.c
/opt/freesurfer/average/711-2C_as_mni_average_305.4dfp.img
       256       256       256         1
  1.000000  1.000000  1.000000
orientation T byte_order littleendian
Reading image: /opt/freesurfer/average/711-2C_as_mni_average_305.4dfp.img
dimensions:      256       256       256
mmppix:       1.0000   -1.0000   -1.0000
center:     128.0000 -129.0000 -129.0000
/opt/freesurfer/average/711-2B_as_mni_average_305_mask.4dfp.img
       256       256       256         1
  1.000000  1.000000  1.000000
orientation T byte_order littleendian
Reading mask: /opt/freesurfer/average/711-2B_as_mni_average_305_mask.4dfp.img (2306576 pixels)
talsrcimg_g11.4dfp.img
       320       320       320         1
  0.800000  0.800000  0.800000
orientation T byte_order littleendian
Reading image: talsrcimg_g11.4dfp.img
dimensions:      320       320       320
mmppix:       0.8000   -0.8000   -0.8000
center:     128.0000 -128.8000 -128.8000
fimgreg.f
image alignment mode   2311 decimal      907 hex
parameters
   -3.1020   -0.0534   11.2569    0.0680  -13.4369   -0.1773
    3.0018   -0.6398   -3.2658   14.5164   -1.6383  -18.7311
eta,q 0.96275 17.11882
niter,ni,del,rscale     5    3    5.0000    0.8000
parameters
   -3.0873   -0.0494   11.2922    1.1920  -13.1509    0.5251
    2.8185   -0.7000   -3.2740   14.3675   -1.7676  -18.6272
eta,q 0.96364 17.12153
  0.0385  0.0380  0.0378  0.0411  0.0383  0.0401  0.0378  0.0403  0.0376  0.0382  0.0375  0.0371
  0.0378  0.0376  0.0375  0.0399  0.0375  0.0389  0.0370  0.0381  0.0369  0.0371  0.0369  0.0366
  0.0374  0.0373  0.0373  0.0385  0.0369  0.0377  0.0365  0.0368  0.0365  0.0365  0.0365  0.0364
  0.0372  0.0372  0.0372  0.0372  0.0367  0.0366  0.0364  0.0364  0.0364  0.0364  0.0364  0.0363
  0.0374  0.0373  0.0373  0.0366  0.0367  0.0362  0.0366  0.0369  0.0365  0.0366  0.0365  0.0364
  0.0377  0.0376  0.0375  0.0371  0.0372  0.0368  0.0371  0.0383  0.0369  0.0373  0.0370  0.0366
  0.0384  0.0380  0.0378  0.0393  0.0380  0.0392  0.0380  0.0405  0.0376  0.0384  0.0377  0.0370
niter,ni,del,rscale     4    3    5.0000    0.7000
parameters
   -3.0819   -0.2306   11.4093    1.0093  -13.1075    0.8465
    2.7919   -0.6872   -3.2490   14.0732   -1.8408  -18.6347
eta,q 0.96373 17.12634
  0.0378  0.0369  0.0371  0.0393  0.0376  0.0393  0.0374  0.0394  0.0373  0.0376  0.0372  0.0368
  0.0370  0.0365  0.0367  0.0381  0.0370  0.0381  0.0368  0.0377  0.0367  0.0368  0.0367  0.0365
  0.0365  0.0364  0.0364  0.0370  0.0366  0.0371  0.0364  0.0366  0.0364  0.0364  0.0364  0.0363
  0.0364  0.0364  0.0363  0.0363  0.0364  0.0364  0.0363  0.0363  0.0363  0.0363  0.0363  0.0363
  0.0365  0.0365  0.0364  0.0365  0.0365  0.0362  0.0364  0.0366  0.0364  0.0365  0.0364  0.0363
  0.0370  0.0368  0.0366  0.0379  0.0369  0.0369  0.0368  0.0377  0.0367  0.0371  0.0367  0.0365
  0.0378  0.0372  0.0369  0.0405  0.0376  0.0391  0.0374  0.0394  0.0372  0.0380  0.0373  0.0368
niter,ni,del,rscale     3    3    5.0000    0.6000
parameters
   -3.0461   -0.2901   11.4117    1.0507  -13.1537    1.1110
    2.7419   -0.6736   -3.2081   13.9590   -1.9022  -18.6591
eta,q 0.96381 17.12227
  0.0374  0.0368  0.0368  0.0387  0.0371  0.0386  0.0371  0.0387  0.0369  0.0373  0.0369  0.0366
  0.0368  0.0365  0.0365  0.0377  0.0367  0.0376  0.0366  0.0373  0.0365  0.0367  0.0365  0.0363
  0.0364  0.0363  0.0363  0.0368  0.0364  0.0368  0.0363  0.0365  0.0363  0.0363  0.0363  0.0362
  0.0363  0.0363  0.0363  0.0363  0.0363  0.0363  0.0362  0.0362  0.0362  0.0362  0.0362  0.0362
  0.0364  0.0363  0.0363  0.0363  0.0363  0.0361  0.0363  0.0365  0.0363  0.0363  0.0363  0.0362
  0.0367  0.0365  0.0365  0.0372  0.0367  0.0367  0.0366  0.0373  0.0365  0.0368  0.0365  0.0364
  0.0372  0.0369  0.0368  0.0390  0.0372  0.0384  0.0371  0.0386  0.0369  0.0374  0.0370  0.0366
niter,ni,del,rscale     2    3    5.0000    0.5000
parameters
   -3.0278   -0.3209   11.4281    1.1161  -13.2384    1.3070
    2.6859   -0.6619   -3.1807   13.8848   -1.9440  -18.6594
eta,q 0.96387 17.11615
  0.0370  0.0365  0.0366  0.0380  0.0368  0.0379  0.0367  0.0379  0.0367  0.0369  0.0367  0.0364
  0.0365  0.0363  0.0364  0.0373  0.0364  0.0371  0.0364  0.0369  0.0364  0.0365  0.0364  0.0363
  0.0363  0.0362  0.0362  0.0366  0.0362  0.0366  0.0362  0.0363  0.0362  0.0362  0.0362  0.0362
  0.0362  0.0362  0.0362  0.0362  0.0362  0.0362  0.0361  0.0361  0.0361  0.0361  0.0361  0.0361
  0.0363  0.0362  0.0362  0.0362  0.0362  0.0361  0.0362  0.0363  0.0362  0.0362  0.0362  0.0362
  0.0365  0.0364  0.0363  0.0369  0.0365  0.0366  0.0364  0.0369  0.0364  0.0365  0.0364  0.0363
  0.0369  0.0366  0.0365  0.0381  0.0369  0.0377  0.0368  0.0379  0.0366  0.0370  0.0367  0.0364
niter,ni,del,rscale     1    3    5.0000    0.4000
parameters
   -3.0129   -0.3421   11.4468    1.1923  -13.3113    1.4648
    2.6399   -0.6541   -3.1640   13.8215   -1.9601  -18.6581
eta,q 0.96390 17.11014
  0.0366  0.0364  0.0364  0.0374  0.0365  0.0373  0.0365  0.0373  0.0364  0.0366  0.0365  0.0363
  0.0364  0.0362  0.0362  0.0368  0.0363  0.0368  0.0363  0.0366  0.0363  0.0363  0.0363  0.0362
  0.0362  0.0362  0.0362  0.0364  0.0362  0.0364  0.0361  0.0362  0.0361  0.0362  0.0361  0.0361
  0.0361  0.0361  0.0361  0.0361  0.0361  0.0361  0.0361  0.0361  0.0361  0.0361  0.0361  0.0361
  0.0362  0.0362  0.0362  0.0362  0.0362  0.0361  0.0362  0.0362  0.0361  0.0362  0.0361  0.0361
  0.0363  0.0363  0.0362  0.0366  0.0363  0.0364  0.0363  0.0366  0.0363  0.0364  0.0363  0.0362
  0.0366  0.0364  0.0364  0.0374  0.0366  0.0371  0.0365  0.0373  0.0364  0.0367  0.0365  0.0363
registration optimization eta report
parameter search radius
    0.8000    0.8000    0.8000    2.4000    2.4000    2.4000
    2.4000    2.4000    2.4000    2.4000    2.4000    2.4000
100000*second partial in parameter space
       78.       39.       38.       22.        7.       19.
        7.       21.        6.       10.        6.        3.
  0.0366  0.0364  0.0364  0.0374  0.0365  0.0373  0.0365  0.0373  0.0364  0.0366  0.0365  0.0363
  0.0364  0.0362  0.0362  0.0368  0.0363  0.0368  0.0363  0.0366  0.0363  0.0363  0.0363  0.0362
  0.0362  0.0362  0.0362  0.0364  0.0362  0.0364  0.0361  0.0362  0.0361  0.0362  0.0361  0.0361
  0.0361  0.0361  0.0361  0.0361  0.0361  0.0361  0.0361  0.0361  0.0361  0.0361  0.0361  0.0361
  0.0362  0.0362  0.0362  0.0362  0.0362  0.0361  0.0362  0.0362  0.0361  0.0362  0.0361  0.0361
  0.0363  0.0363  0.0362  0.0366  0.0363  0.0364  0.0363  0.0366  0.0363  0.0364  0.0363  0.0362
  0.0366  0.0364  0.0364  0.0374  0.0366  0.0371  0.0365  0.0373  0.0364  0.0367  0.0365  0.0363
   -3.0129   -0.3421   11.4468    1.1923  -13.3113    1.4648
    2.6399   -0.6541   -3.1640   13.8215   -1.9601  -18.6581
eta,q 0.96390 17.11014

---------------------------------------------------------------------
imgreg_4dfp /opt/freesurfer/average/711-2C_as_mni_average_305 /opt/freesurfer/average/711-2B_as_mni_average_305_mask talsrcimg_g11 none talsrcimg_to_711-2C_as_mni_average_305_t4 2311
---------------------------------------------------------------------

freesurfer imgreg_4dfp.c
/opt/freesurfer/average/711-2C_as_mni_average_305.4dfp.img
       256       256       256         1
  1.000000  1.000000  1.000000
orientation T byte_order littleendian
Reading image: /opt/freesurfer/average/711-2C_as_mni_average_305.4dfp.img
dimensions:      256       256       256
mmppix:       1.0000   -1.0000   -1.0000
center:     128.0000 -129.0000 -129.0000
/opt/freesurfer/average/711-2B_as_mni_average_305_mask.4dfp.img
       256       256       256         1
  1.000000  1.000000  1.000000
orientation T byte_order littleendian
Reading mask: /opt/freesurfer/average/711-2B_as_mni_average_305_mask.4dfp.img (2306576 pixels)
talsrcimg_g11.4dfp.img
       320       320       320         1
  0.800000  0.800000  0.800000
orientation T byte_order littleendian
Reading image: talsrcimg_g11.4dfp.img
dimensions:      320       320       320
mmppix:       0.8000   -0.8000   -0.8000
center:     128.0000 -128.8000 -128.8000
fimgreg.f
image alignment mode   2311 decimal      907 hex
parameters
   -3.0129   -0.3421   11.4468    1.1923  -13.3113    1.4648
    2.6399   -0.6541   -3.1640   13.8215   -1.9601  -18.6581
eta,q 0.96390 17.11014
niter,ni,del,rscale     5    3    5.0000    0.8000
parameters
   -3.0115   -0.3732   11.4921    0.5947  -13.2826    0.9889
    2.7667   -0.5760   -3.1556   13.9130   -1.9774  -18.6955
eta,q 0.96362 17.12594
  0.0381  0.0371  0.0372  0.0393  0.0378  0.0394  0.0379  0.0402  0.0376  0.0384  0.0375  0.0370
  0.0370  0.0365  0.0366  0.0380  0.0370  0.0381  0.0371  0.0381  0.0369  0.0373  0.0369  0.0366
  0.0363  0.0362  0.0362  0.0368  0.0365  0.0369  0.0366  0.0368  0.0365  0.0366  0.0365  0.0364
  0.0361  0.0361  0.0361  0.0361  0.0362  0.0362  0.0364  0.0364  0.0364  0.0364  0.0364  0.0364
  0.0363  0.0362  0.0362  0.0367  0.0364  0.0364  0.0365  0.0368  0.0365  0.0365  0.0365  0.0365
  0.0370  0.0366  0.0365  0.0388  0.0369  0.0384  0.0370  0.0380  0.0369  0.0372  0.0369  0.0367
  0.0381  0.0371  0.0371  0.0423  0.0379  0.0421  0.0377  0.0400  0.0376  0.0383  0.0375  0.0370
niter,ni,del,rscale     4    3    5.0000    0.7000
parameters
   -3.0009   -0.2812   11.3719    0.8461  -13.1829    0.9927
    2.7172   -0.5739   -3.1759   14.0300   -2.0176  -18.7185
eta,q 0.96373 17.12598
  0.0376  0.0372  0.0369  0.0395  0.0375  0.0391  0.0374  0.0394  0.0372  0.0379  0.0372  0.0368
  0.0370  0.0368  0.0366  0.0383  0.0369  0.0380  0.0368  0.0377  0.0367  0.0370  0.0367  0.0365
  0.0365  0.0365  0.0364  0.0372  0.0365  0.0370  0.0364  0.0366  0.0364  0.0365  0.0364  0.0363
  0.0364  0.0364  0.0364  0.0364  0.0363  0.0363  0.0363  0.0363  0.0363  0.0363  0.0363  0.0363
  0.0365  0.0364  0.0365  0.0362  0.0364  0.0362  0.0364  0.0366  0.0364  0.0364  0.0364  0.0363
  0.0369  0.0366  0.0367  0.0372  0.0367  0.0372  0.0368  0.0377  0.0367  0.0369  0.0367  0.0365
  0.0376  0.0370  0.0371  0.0394  0.0375  0.0398  0.0374  0.0394  0.0372  0.0377  0.0373  0.0368
niter,ni,del,rscale     3    3    5.0000    0.6000
parameters
   -3.0103   -0.2809   11.3933    0.9976  -13.1979    1.1343
    2.6947   -0.5820   -3.1896   13.9913   -2.0328  -18.7105
eta,q 0.96381 17.12167
  0.0373  0.0368  0.0368  0.0388  0.0371  0.0385  0.0371  0.0386  0.0369  0.0373  0.0369  0.0366
  0.0367  0.0365  0.0365  0.0378  0.0367  0.0375  0.0366  0.0373  0.0365  0.0367  0.0365  0.0364
  0.0364  0.0363  0.0363  0.0369  0.0364  0.0368  0.0363  0.0364  0.0363  0.0363  0.0363  0.0362
  0.0363  0.0363  0.0363  0.0363  0.0362  0.0362  0.0362  0.0362  0.0362  0.0362  0.0362  0.0362
  0.0364  0.0363  0.0363  0.0363  0.0363  0.0362  0.0363  0.0365  0.0363  0.0363  0.0363  0.0362
  0.0367  0.0365  0.0365  0.0371  0.0366  0.0368  0.0366  0.0373  0.0365  0.0367  0.0365  0.0364
  0.0373  0.0368  0.0368  0.0388  0.0372  0.0386  0.0371  0.0386  0.0369  0.0374  0.0370  0.0366
niter,ni,del,rscale     2    3    5.0000    0.5000
parameters
   -3.0092   -0.3101   11.4174    1.1103  -13.2502    1.2995
    2.6773   -0.5892   -3.1880   13.9112   -2.0362  -18.6942
eta,q 0.96386 17.11608
  0.0369  0.0365  0.0366  0.0381  0.0368  0.0379  0.0368  0.0379  0.0367  0.0369  0.0367  0.0364
  0.0365  0.0363  0.0364  0.0373  0.0365  0.0371  0.0364  0.0369  0.0364  0.0365  0.0364  0.0363
  0.0363  0.0362  0.0362  0.0366  0.0363  0.0365  0.0362  0.0363  0.0362  0.0362  0.0362  0.0362
  0.0362  0.0362  0.0362  0.0362  0.0362  0.0362  0.0361  0.0361  0.0361  0.0361  0.0361  0.0361
  0.0363  0.0362  0.0362  0.0362  0.0362  0.0361  0.0362  0.0363  0.0362  0.0362  0.0362  0.0362
  0.0365  0.0364  0.0363  0.0368  0.0365  0.0366  0.0364  0.0369  0.0364  0.0365  0.0364  0.0363
  0.0369  0.0366  0.0365  0.0381  0.0368  0.0378  0.0368  0.0379  0.0366  0.0370  0.0367  0.0364
niter,ni,del,rscale     1    3    5.0000    0.4000
parameters
   -3.0024   -0.3378   11.4437    1.1946  -13.3098    1.4583
    2.6452   -0.6019   -3.1721   13.8419   -2.0269  -18.6879
eta,q 0.96390 17.11051
  0.0366  0.0364  0.0364  0.0374  0.0365  0.0373  0.0365  0.0373  0.0364  0.0366  0.0365  0.0363
  0.0364  0.0362  0.0363  0.0369  0.0363  0.0368  0.0363  0.0366  0.0362  0.0363  0.0363  0.0362
  0.0362  0.0362  0.0362  0.0364  0.0362  0.0364  0.0361  0.0362  0.0361  0.0362  0.0361  0.0361
  0.0361  0.0361  0.0361  0.0361  0.0361  0.0361  0.0361  0.0361  0.0361  0.0361  0.0361  0.0361
  0.0362  0.0362  0.0362  0.0362  0.0362  0.0361  0.0362  0.0362  0.0361  0.0362  0.0361  0.0361
  0.0364  0.0363  0.0362  0.0366  0.0363  0.0364  0.0363  0.0366  0.0363  0.0364  0.0363  0.0362
  0.0366  0.0364  0.0364  0.0374  0.0366  0.0371  0.0365  0.0373  0.0364  0.0367  0.0365  0.0363
registration optimization eta report
parameter search radius
    0.8000    0.8000    0.8000    2.4000    2.4000    2.4000
    2.4000    2.4000    2.4000    2.4000    2.4000    2.4000
100000*second partial in parameter space
       77.       39.       38.       22.        7.       19.
        7.       21.        6.       10.        6.        3.
  0.0366  0.0364  0.0364  0.0374  0.0365  0.0373  0.0365  0.0373  0.0364  0.0366  0.0365  0.0363
  0.0364  0.0362  0.0363  0.0369  0.0363  0.0368  0.0363  0.0366  0.0362  0.0363  0.0363  0.0362
  0.0362  0.0362  0.0362  0.0364  0.0362  0.0364  0.0361  0.0362  0.0361  0.0362  0.0361  0.0361
  0.0361  0.0361  0.0361  0.0361  0.0361  0.0361  0.0361  0.0361  0.0361  0.0361  0.0361  0.0361
  0.0362  0.0362  0.0362  0.0362  0.0362  0.0361  0.0362  0.0362  0.0361  0.0362  0.0361  0.0361
  0.0364  0.0363  0.0362  0.0366  0.0363  0.0364  0.0363  0.0366  0.0363  0.0364  0.0363  0.0362
  0.0366  0.0364  0.0364  0.0374  0.0366  0.0371  0.0365  0.0373  0.0364  0.0367  0.0365  0.0363
   -3.0024   -0.3378   11.4437    1.1946  -13.3098    1.4583
    2.6452   -0.6019   -3.1721   13.8419   -2.0269  -18.6879
eta,q 0.96390 17.11051

---------------------------------------------------------------------
compute_vox2vox talsrcimg talsrcimg_to_711-2C_as_mni_average_305_t4 /opt/freesurfer/average/711-2C_as_mni_average_305
---------------------------------------------------------------------

freesurfer compute_vox2vox.c
Reading: talsrcimg.4dfp.ifh
Reading: talsrcimg_to_711-2C_as_mni_average_305_t4
Reading: /opt/freesurfer/average/711-2C_as_mni_average_305.4dfp.ifh
Writing: talsrcimg_to_711-2C_as_mni_average_305_t4_vox2vox.txt

start time Tue Mar 10 20:54:11 CET 2026
end		time Tue Mar 10 20:55:34 CET 2026

mpr2mni305 success

avi2talxfm orig_nu.mgz /opt/freesurfer/average/mni305.cor.mgz talsrcimg_to_711-2C_as_mni_average_305_t4_vox2vox.txt transforms/talairach.auto.xfm
avi2talxfm done
mv -f /out/sourcedata/freesurfer/sub-v2s11x28701_ses-1/mri/talsrcimg_to_711-2C_as_mni_average_305_t4_vox2vox.txt /out/sourcedata/freesurfer/sub-v2s11x28701_ses-1/mri/transforms/talsrcimg_to_711-2C_as_mni_average_305_t4_vox2vox.txt
lta_convert --src orig_nu.mgz --trg /opt/freesurfer/average/mni305.cor.mgz --inxfm transforms/talairach.auto.xfm --outlta transforms/talairach.auto.xfm.lta --subject fsaverage
7.3.2

--src: orig_nu.mgz src image (geometry).
--trg: /opt/freesurfer/average/mni305.cor.mgz trg image (geometry).
--inmni: transforms/talairach.auto.xfm input MNI/XFM transform.
--outlta: transforms/talairach.auto.xfm.lta output LTA.
--s: fsaverage subject name
 LTA read, type : 1
 0.98751   0.00969  -0.02804  -0.69136;
 0.02563   0.95772   0.20568  -14.81165;
 0.03204  -0.15257   1.11967  -11.46564;
 0.00000   0.00000   0.00000   1.00000;
setting subject to fsaverage
Writing  LTA to file transforms/talairach.auto.xfm.lta...
lta_convert successful.
 
 
Started at Tue Mar 10 20:54:11 CET 2026
Ended   at Tue Mar 10 20:55:34 CET 2026
talairach_avi done
