Log file for defect2seg
Wed Mar 11 00:32:22 CET 2026

setenv SUBJECTS_DIR /out/sourcedata/freesurfer
cd /out/sourcedata/freesurfer/sub-v2s11x28716_ses-1/scripts
/opt/freesurfer/bin/defect2seg --s sub-v2s11x28716_ses-1 --rh-only --cortex

freesurfer-linux-ubuntu22_x86_64-7.3.2-20220804-6354275
defect2seg 7.3.2
Linux dna063 5.14.0-427.37.1.el9_4.x86_64 #1 SMP PREEMPT_DYNAMIC Fri Sep 13 12:41:50 EDT 2024 x86_64 x86_64 x86_64 GNU/Linux
pid 1149941
mri_label2label --label-cortex /out/sourcedata/freesurfer/sub-v2s11x28716_ses-1/surf/rh.orig.nofix /out/sourcedata/freesurfer/sub-v2s11x28716_ses-1/mri/aseg.presurf.mgz 0 /out/sourcedata/freesurfer/sub-v2s11x28716_ses-1/label/rh.nofix.cortex.label

 Generating cortex label... RemoveHipAmgy=0
 NucAccIsMedialWall=0
 mris->useRealRAS=0
36 non-cortical segments detected
only using segment with 10319 vertices
erasing segment 0 (vno[0] = 7890)
erasing segment 1 (vno[0] = 18175)
erasing segment 2 (vno[0] = 24986)
erasing segment 3 (vno[0] = 31184)
erasing segment 4 (vno[0] = 36747)
erasing segment 5 (vno[0] = 47179)
erasing segment 6 (vno[0] = 48640)
erasing segment 7 (vno[0] = 51564)
erasing segment 8 (vno[0] = 54516)
erasing segment 9 (vno[0] = 58356)
erasing segment 11 (vno[0] = 83546)
erasing segment 12 (vno[0] = 91393)
erasing segment 13 (vno[0] = 116627)
erasing segment 14 (vno[0] = 117905)
erasing segment 15 (vno[0] = 121939)
erasing segment 16 (vno[0] = 123885)
erasing segment 17 (vno[0] = 127019)
erasing segment 18 (vno[0] = 127542)
erasing segment 19 (vno[0] = 136000)
erasing segment 20 (vno[0] = 136614)
erasing segment 21 (vno[0] = 140368)
erasing segment 22 (vno[0] = 141465)
erasing segment 23 (vno[0] = 145054)
erasing segment 24 (vno[0] = 146186)
erasing segment 25 (vno[0] = 146240)
erasing segment 26 (vno[0] = 147264)
erasing segment 27 (vno[0] = 147291)
erasing segment 28 (vno[0] = 148542)
erasing segment 29 (vno[0] = 150739)
erasing segment 30 (vno[0] = 153755)
erasing segment 31 (vno[0] = 153821)
erasing segment 32 (vno[0] = 156648)
erasing segment 33 (vno[0] = 157560)
erasing segment 34 (vno[0] = 170637)
erasing segment 35 (vno[0] = 177563)
mri_label2vol --defects /out/sourcedata/freesurfer/sub-v2s11x28716_ses-1/surf/rh.orig.nofix /out/sourcedata/freesurfer/sub-v2s11x28716_ses-1/surf/rh.defect_labels /out/sourcedata/freesurfer/sub-v2s11x28716_ses-1/mri/orig.mgz 2000 0 /out/sourcedata/freesurfer/sub-v2s11x28716_ses-1/mri/rh.surface.defects.mgz /out/sourcedata/freesurfer/sub-v2s11x28716_ses-1/label/rh.nofix.cortex.label
mri_label2vol supposed to be reproducible but seed not set
Contraining to label /out/sourcedata/freesurfer/sub-v2s11x28716_ses-1/label/rh.nofix.cortex.label
Changing input type 0 to MRI_INT
Converting defects to volume: offset=2000, merge=0
Writing to /out/sourcedata/freesurfer/sub-v2s11x28716_ses-1/mri/rh.surface.defects.mgz
mris_defects_pointset -s /out/sourcedata/freesurfer/sub-v2s11x28716_ses-1/surf/rh.orig.nofix -d /out/sourcedata/freesurfer/sub-v2s11x28716_ses-1/surf/rh.defect_labels -o /out/sourcedata/freesurfer/sub-v2s11x28716_ses-1/surf/rh.defects.pointset --label /out/sourcedata/freesurfer/sub-v2s11x28716_ses-1/label/rh.nofix.cortex.label
Reading in surface /out/sourcedata/freesurfer/sub-v2s11x28716_ses-1/surf/rh.orig.nofix
Reading in defect segmentation /out/sourcedata/freesurfer/sub-v2s11x28716_ses-1/surf/rh.defect_labels
Reading in label /out/sourcedata/freesurfer/sub-v2s11x28716_ses-1/label/rh.nofix.cortex.label
#VMPC# mris_defects_pointset 1659536
mris_defects_pointset done
 
Started at Wed Mar 11 00:32:22 CET 2026 
Ended   at Wed Mar 11 00:32:46 CET 2026
Defect2seg-Run-Time-Sec 24
Defect2seg-Run-Time-Min 0.48
Defect2seg-Run-Time-Hours 0.01
 
defect2seg Done
