status file for recon-all
Tue Mar 10 23:48:31 CET 2026
#@# Tessellate lh Tue Mar 10 23:48:31 CET 2026
#@# Smooth1 lh Tue Mar 10 23:48:38 CET 2026
#@# Inflation1 lh Tue Mar 10 23:48:42 CET 2026
#@# QSphere lh Tue Mar 10 23:50:30 CET 2026
#@# Fix Topology lh Tue Mar 10 23:51:52 CET 2026
#@# Smooth2 lh Wed Mar 11 00:00:53 CET 2026
#@# Inflation2 lh Wed Mar 11 00:00:57 CET 2026
#@# Curv .H and .K lh Wed Mar 11 00:01:28 CET 2026
#@# Sphere lh Wed Mar 11 00:02:43 CET 2026
#@# Surf Reg lh Wed Mar 11 00:07:28 CET 2026
#@# Jacobian white lh Wed Mar 11 00:13:19 CET 2026
#@# AvgCurv lh Wed Mar 11 00:13:20 CET 2026
#@# Cortical Parc lh Wed Mar 11 00:13:21 CET 2026
#@# white curv lh Wed Mar 11 00:22:37 CET 2026
#@# white area lh Wed Mar 11 00:22:40 CET 2026
#@# pial curv lh Wed Mar 11 00:22:41 CET 2026
#@# pial area lh Wed Mar 11 00:22:43 CET 2026
#@# thickness lh Wed Mar 11 00:22:44 CET 2026
#@# area and vertex vol lh Wed Mar 11 00:23:28 CET 2026
#@# Curvature Stats lh Wed Mar 11 00:23:30 CET 2026
#@# Cortical Parc 2 lh Wed Mar 11 00:23:33 CET 2026
#@# Cortical Parc 3 lh Wed Mar 11 00:23:52 CET 2026
#@# WM/GM Contrast lh Wed Mar 11 00:24:05 CET 2026
recon-all -s sub-v2s11x28716_ses-1 finished without error at Wed Mar 11 00:24:09 CET 2026



#New# invocation of recon-all 



status file for recon-all
Wed Mar 11 01:18:29 CET 2026
#@# white curv lh Wed Mar 11 01:18:29 CET 2026
#@# white area lh Wed Mar 11 01:18:29 CET 2026
#@# pial curv lh Wed Mar 11 01:18:29 CET 2026
#@# pial area lh Wed Mar 11 01:18:29 CET 2026
#@# thickness lh Wed Mar 11 01:18:29 CET 2026
#@# area and vertex vol lh Wed Mar 11 01:18:29 CET 2026
#@# Parcellation Stats lh Wed Mar 11 01:18:29 CET 2026
#@# Parcellation Stats 2 lh Wed Mar 11 01:19:03 CET 2026
#@# Parcellation Stats 3 lh Wed Mar 11 01:19:21 CET 2026
#@# BA_exvivo Labels lh Wed Mar 11 01:19:38 CET 2026
recon-all -s sub-v2s11x28716_ses-1 finished without error at Wed Mar 11 01:23:20 CET 2026
