status file for recon-all
Wed Mar 11 00:12:25 CET 2026
#@# Tessellate lh Wed Mar 11 00:12:25 CET 2026
#@# Smooth1 lh Wed Mar 11 00:12:32 CET 2026
#@# Inflation1 lh Wed Mar 11 00:12:37 CET 2026
#@# QSphere lh Wed Mar 11 00:14:41 CET 2026
#@# Fix Topology lh Wed Mar 11 00:16:33 CET 2026
#@# Smooth2 lh Wed Mar 11 00:27:58 CET 2026
#@# Inflation2 lh Wed Mar 11 00:28:03 CET 2026
#@# Curv .H and .K lh Wed Mar 11 00:28:49 CET 2026
#@# Sphere lh Wed Mar 11 00:30:08 CET 2026
#@# Surf Reg lh Wed Mar 11 00:42:35 CET 2026
#@# Jacobian white lh Wed Mar 11 00:54:58 CET 2026
#@# AvgCurv lh Wed Mar 11 00:55:00 CET 2026
#@# Cortical Parc lh Wed Mar 11 00:55:02 CET 2026
#@# white curv lh Wed Mar 11 01:05:18 CET 2026
#@# white area lh Wed Mar 11 01:05:22 CET 2026
#@# pial curv lh Wed Mar 11 01:05:23 CET 2026
#@# pial area lh Wed Mar 11 01:05:26 CET 2026
#@# thickness lh Wed Mar 11 01:05:27 CET 2026
#@# area and vertex vol lh Wed Mar 11 01:06:19 CET 2026
#@# Curvature Stats lh Wed Mar 11 01:06:21 CET 2026
#@# Cortical Parc 2 lh Wed Mar 11 01:06:26 CET 2026
#@# Cortical Parc 3 lh Wed Mar 11 01:06:49 CET 2026
#@# WM/GM Contrast lh Wed Mar 11 01:07:06 CET 2026
recon-all -s sub-v2s11x28725_ses-1 finished without error at Wed Mar 11 01:07:11 CET 2026



#New# invocation of recon-all 



status file for recon-all
Wed Mar 11 02:08:21 CET 2026
#@# white curv lh Wed Mar 11 02:08:22 CET 2026
#@# white area lh Wed Mar 11 02:08:22 CET 2026
#@# pial curv lh Wed Mar 11 02:08:22 CET 2026
#@# pial area lh Wed Mar 11 02:08:22 CET 2026
#@# thickness lh Wed Mar 11 02:08:22 CET 2026
#@# area and vertex vol lh Wed Mar 11 02:08:22 CET 2026
#@# Parcellation Stats lh Wed Mar 11 02:08:22 CET 2026
#@# Parcellation Stats 2 lh Wed Mar 11 02:09:07 CET 2026
#@# Parcellation Stats 3 lh Wed Mar 11 02:09:33 CET 2026
#@# BA_exvivo Labels lh Wed Mar 11 02:09:56 CET 2026
recon-all -s sub-v2s11x28725_ses-1 finished without error at Wed Mar 11 02:14:24 CET 2026
