status file for recon-all
Tue Mar 10 17:37:44 CET 2026
#@# Tessellate rh Tue Mar 10 17:37:44 CET 2026
#@# Smooth1 rh Tue Mar 10 17:37:52 CET 2026
#@# Inflation1 rh Tue Mar 10 17:37:57 CET 2026
#@# QSphere rh Tue Mar 10 17:40:12 CET 2026
#@# Fix Topology rh Tue Mar 10 17:41:52 CET 2026
#@# Smooth2 rh Tue Mar 10 18:01:33 CET 2026
#@# Inflation2 rh Tue Mar 10 18:01:39 CET 2026
#@# Curv .H and .K rh Tue Mar 10 18:02:23 CET 2026
#@# Sphere rh Tue Mar 10 18:03:44 CET 2026
#@# Surf Reg rh Tue Mar 10 18:09:58 CET 2026
#@# Jacobian white rh Tue Mar 10 18:19:45 CET 2026
#@# AvgCurv rh Tue Mar 10 18:19:46 CET 2026
#@# Cortical Parc rh Tue Mar 10 18:19:48 CET 2026
#@# white curv rh Tue Mar 10 18:30:11 CET 2026
#@# white area rh Tue Mar 10 18:30:14 CET 2026
#@# pial curv rh Tue Mar 10 18:30:16 CET 2026
#@# pial area rh Tue Mar 10 18:30:19 CET 2026
#@# thickness rh Tue Mar 10 18:30:20 CET 2026
#@# area and vertex vol rh Tue Mar 10 18:31:15 CET 2026
#@# Curvature Stats rh Tue Mar 10 18:31:18 CET 2026
#@# Cortical Parc 2 rh Tue Mar 10 18:31:22 CET 2026
#@# Cortical Parc 3 rh Tue Mar 10 18:31:46 CET 2026
#@# WM/GM Contrast rh Tue Mar 10 18:32:05 CET 2026
recon-all -s sub-v2s11x28682_ses-2 finished without error at Tue Mar 10 18:32:10 CET 2026



#New# invocation of recon-all 



status file for recon-all
Tue Mar 10 19:02:48 CET 2026
#@# white curv rh Tue Mar 10 19:02:48 CET 2026
#@# white area rh Tue Mar 10 19:02:48 CET 2026
#@# pial curv rh Tue Mar 10 19:02:48 CET 2026
#@# pial area rh Tue Mar 10 19:02:48 CET 2026
#@# thickness rh Tue Mar 10 19:02:48 CET 2026
#@# area and vertex vol rh Tue Mar 10 19:02:48 CET 2026
#@# Parcellation Stats rh Tue Mar 10 19:02:48 CET 2026
#@# Parcellation Stats 2 rh Tue Mar 10 19:03:35 CET 2026
#@# Parcellation Stats 3 rh Tue Mar 10 19:04:00 CET 2026
#@# BA_exvivo Labels rh Tue Mar 10 19:04:25 CET 2026
recon-all -s sub-v2s11x28682_ses-2 finished without error at Tue Mar 10 19:08:58 CET 2026
