Log file for defect2seg
Tue Mar 10 17:14:48 CET 2026

setenv SUBJECTS_DIR /out/sourcedata/freesurfer
cd /out/sourcedata/freesurfer/sub-v2s11x28678_ses-1/scripts
/opt/freesurfer/bin/defect2seg --s sub-v2s11x28678_ses-1 --rh-only --cortex

freesurfer-linux-ubuntu22_x86_64-7.3.2-20220804-6354275
defect2seg 7.3.2
Linux dna052 5.14.0-427.37.1.el9_4.x86_64 #1 SMP PREEMPT_DYNAMIC Fri Sep 13 12:41:50 EDT 2024 x86_64 x86_64 x86_64 GNU/Linux
pid 3923066
mri_label2label --label-cortex /out/sourcedata/freesurfer/sub-v2s11x28678_ses-1/surf/rh.orig.nofix /out/sourcedata/freesurfer/sub-v2s11x28678_ses-1/mri/aseg.presurf.mgz 0 /out/sourcedata/freesurfer/sub-v2s11x28678_ses-1/label/rh.nofix.cortex.label

 Generating cortex label... RemoveHipAmgy=0
 NucAccIsMedialWall=0
 mris->useRealRAS=0
40 non-cortical segments detected
only using segment with 11297 vertices
erasing segment 0 (vno[0] = 5177)
erasing segment 1 (vno[0] = 6066)
erasing segment 2 (vno[0] = 6115)
erasing segment 3 (vno[0] = 6944)
erasing segment 4 (vno[0] = 7625)
erasing segment 5 (vno[0] = 7718)
erasing segment 6 (vno[0] = 7989)
erasing segment 7 (vno[0] = 45423)
erasing segment 8 (vno[0] = 45463)
erasing segment 9 (vno[0] = 53778)
erasing segment 10 (vno[0] = 67517)
erasing segment 12 (vno[0] = 80280)
erasing segment 13 (vno[0] = 90860)
erasing segment 14 (vno[0] = 92342)
erasing segment 15 (vno[0] = 100148)
erasing segment 16 (vno[0] = 103989)
erasing segment 17 (vno[0] = 106386)
erasing segment 18 (vno[0] = 108900)
erasing segment 19 (vno[0] = 110193)
erasing segment 20 (vno[0] = 127107)
erasing segment 21 (vno[0] = 132917)
erasing segment 22 (vno[0] = 136642)
erasing segment 23 (vno[0] = 138644)
erasing segment 24 (vno[0] = 145099)
erasing segment 25 (vno[0] = 146664)
erasing segment 26 (vno[0] = 147791)
erasing segment 27 (vno[0] = 147816)
erasing segment 28 (vno[0] = 148532)
erasing segment 29 (vno[0] = 149058)
erasing segment 30 (vno[0] = 149101)
erasing segment 31 (vno[0] = 150006)
erasing segment 32 (vno[0] = 150025)
erasing segment 33 (vno[0] = 150137)
erasing segment 34 (vno[0] = 151052)
erasing segment 35 (vno[0] = 152615)
erasing segment 36 (vno[0] = 153557)
erasing segment 37 (vno[0] = 165828)
erasing segment 38 (vno[0] = 166751)
erasing segment 39 (vno[0] = 179587)
mri_label2vol --defects /out/sourcedata/freesurfer/sub-v2s11x28678_ses-1/surf/rh.orig.nofix /out/sourcedata/freesurfer/sub-v2s11x28678_ses-1/surf/rh.defect_labels /out/sourcedata/freesurfer/sub-v2s11x28678_ses-1/mri/orig.mgz 2000 0 /out/sourcedata/freesurfer/sub-v2s11x28678_ses-1/mri/rh.surface.defects.mgz /out/sourcedata/freesurfer/sub-v2s11x28678_ses-1/label/rh.nofix.cortex.label
mri_label2vol supposed to be reproducible but seed not set
Contraining to label /out/sourcedata/freesurfer/sub-v2s11x28678_ses-1/label/rh.nofix.cortex.label
Changing input type 0 to MRI_INT
Converting defects to volume: offset=2000, merge=0
Writing to /out/sourcedata/freesurfer/sub-v2s11x28678_ses-1/mri/rh.surface.defects.mgz
mris_defects_pointset -s /out/sourcedata/freesurfer/sub-v2s11x28678_ses-1/surf/rh.orig.nofix -d /out/sourcedata/freesurfer/sub-v2s11x28678_ses-1/surf/rh.defect_labels -o /out/sourcedata/freesurfer/sub-v2s11x28678_ses-1/surf/rh.defects.pointset --label /out/sourcedata/freesurfer/sub-v2s11x28678_ses-1/label/rh.nofix.cortex.label
Reading in surface /out/sourcedata/freesurfer/sub-v2s11x28678_ses-1/surf/rh.orig.nofix
Reading in defect segmentation /out/sourcedata/freesurfer/sub-v2s11x28678_ses-1/surf/rh.defect_labels
Reading in label /out/sourcedata/freesurfer/sub-v2s11x28678_ses-1/label/rh.nofix.cortex.label
#VMPC# mris_defects_pointset 1930312
mris_defects_pointset done
 
Started at Tue Mar 10 17:14:48 CET 2026 
Ended   at Tue Mar 10 17:15:13 CET 2026
Defect2seg-Run-Time-Sec 25
Defect2seg-Run-Time-Min 0.50
Defect2seg-Run-Time-Hours 0.01
 
defect2seg Done
