status file for recon-all
Tue Mar 10 16:34:07 CET 2026
#@# Tessellate lh Tue Mar 10 16:34:07 CET 2026
#@# Smooth1 lh Tue Mar 10 16:34:14 CET 2026
#@# Inflation1 lh Tue Mar 10 16:34:18 CET 2026
#@# QSphere lh Tue Mar 10 16:35:50 CET 2026
#@# Fix Topology lh Tue Mar 10 16:37:11 CET 2026
#@# Smooth2 lh Tue Mar 10 16:46:25 CET 2026
#@# Inflation2 lh Tue Mar 10 16:46:30 CET 2026
#@# Curv .H and .K lh Tue Mar 10 16:47:05 CET 2026
#@# Sphere lh Tue Mar 10 16:48:15 CET 2026
#@# Surf Reg lh Tue Mar 10 16:53:16 CET 2026
#@# Jacobian white lh Tue Mar 10 16:59:06 CET 2026
#@# AvgCurv lh Tue Mar 10 16:59:07 CET 2026
#@# Cortical Parc lh Tue Mar 10 16:59:09 CET 2026
#@# white curv lh Tue Mar 10 17:07:45 CET 2026
#@# white area lh Tue Mar 10 17:07:48 CET 2026
#@# pial curv lh Tue Mar 10 17:07:49 CET 2026
#@# pial area lh Tue Mar 10 17:07:51 CET 2026
#@# thickness lh Tue Mar 10 17:07:52 CET 2026
#@# area and vertex vol lh Tue Mar 10 17:08:34 CET 2026
#@# Curvature Stats lh Tue Mar 10 17:08:36 CET 2026
#@# Cortical Parc 2 lh Tue Mar 10 17:08:40 CET 2026
#@# Cortical Parc 3 lh Tue Mar 10 17:08:58 CET 2026
#@# WM/GM Contrast lh Tue Mar 10 17:09:12 CET 2026
recon-all -s sub-v2s11x28678_ses-1 finished without error at Tue Mar 10 17:09:17 CET 2026



#New# invocation of recon-all 



status file for recon-all
Tue Mar 10 17:55:25 CET 2026
#@# white curv lh Tue Mar 10 17:55:25 CET 2026
#@# white area lh Tue Mar 10 17:55:25 CET 2026
#@# pial curv lh Tue Mar 10 17:55:25 CET 2026
#@# pial area lh Tue Mar 10 17:55:25 CET 2026
#@# thickness lh Tue Mar 10 17:55:25 CET 2026
#@# area and vertex vol lh Tue Mar 10 17:55:25 CET 2026
#@# Parcellation Stats lh Tue Mar 10 17:55:25 CET 2026
#@# Parcellation Stats 2 lh Tue Mar 10 17:55:57 CET 2026
#@# Parcellation Stats 3 lh Tue Mar 10 17:56:14 CET 2026
#@# BA_exvivo Labels lh Tue Mar 10 17:56:30 CET 2026
recon-all -s sub-v2s11x28678_ses-1 finished without error at Tue Mar 10 18:00:08 CET 2026
