/out/sourcedata/freesurfer/sub-v2s11x28676_ses-1/mri
/opt/freesurfer/bin/talairach_avi
--i orig_nu.mgz --xfm transforms/talairach.auto.xfm
talairach_avi 7.3.2
Linux dna023 5.14.0-427.37.1.el9_4.x86_64 #1 SMP PREEMPT_DYNAMIC Fri Sep 13 12:41:50 EDT 2024 x86_64 x86_64 x86_64 GNU/Linux
Tue Mar 10 13:53:44 CET 2026
mri_convert orig_nu.mgz talsrcimg.img 
reading from orig_nu.mgz...
TR=0.00, TE=0.00, TI=0.00, flip angle=0.00
i_ras = (-1, 0, 0)
j_ras = (0, 0, -1)
k_ras = (0, 1, 0)
writing to talsrcimg.img...
Analyze Output Matrix
-0.80000   0.00000   0.00000   130.30087;
 0.00000   0.00000   0.80000  -125.77136;
 0.00000  -0.80000   0.00000   155.08408;
 0.00000   0.00000   0.00000   1.00000;
--------------------
INFO: set hdr.hist.orient to -1
mpr2mni305 talsrcimg
Tue Mar 10 13:53:44 CET 2026
/opt/freesurfer/bin/mpr2mni305 talsrcimg
mpr2mni305 7.3.2
target=711-2C_as_mni_average_305

---------------------------------------------------------------------
analyzeto4dfp talsrcimg -O0 -y
---------------------------------------------------------------------

freesurfer ifh2hdr.c
Tue Mar 10 13:53:45 2026
Writing: talsrcimg.4dfp.hdr
freesurfer analyzeto4dfp.c
Reading: talsrcimg.hdr
header size 348 bytes
hdr.dime.datatype	offset=70	value=2
hdr.dime.bitpix		offset=72	value=8
hdr.hist.orient		offset=252	value=-1
dimensionality     4
dimensions       320       320       320         1
Reading: talsrcimg.img
Writing: talsrcimg.4dfp.img
Writing: talsrcimg.4dfp.ifh
ifh2hdr talsrcimg -r0to191
ori=2

---------------------------------------------------------------------
gauss_4dfp talsrcimg 1.1
---------------------------------------------------------------------

freesurfer gauss_4dfp.c
Reading: talsrcimg.4dfp.img
Writing: talsrcimg_g11.4dfp.img
image dimensions 320 320 320 padded to 384 384 384
processing volume 1freesurfer ifh2hdr.c
Tue Mar 10 13:54:01 2026
Writing: talsrcimg_g11.4dfp.hdr

Writing: talsrcimg_g11.4dfp.ifh
including: talsrcimg.4dfp.img.rec in talsrcimg_g11.4dfp.img.rec

---------------------------------------------------------------------
imgreg_4dfp /opt/freesurfer/average/711-2C_as_mni_average_305 none talsrcimg_g11 none talsrcimg_to_711-2C_as_mni_average_305_t4 4355
---------------------------------------------------------------------

freesurfer imgreg_4dfp.c
/opt/freesurfer/average/711-2C_as_mni_average_305.4dfp.img
       256       256       256         1
  1.000000  1.000000  1.000000
orientation T byte_order littleendian
Reading image: /opt/freesurfer/average/711-2C_as_mni_average_305.4dfp.img
dimensions:      256       256       256
mmppix:       1.0000   -1.0000   -1.0000
center:     128.0000 -129.0000 -129.0000
talsrcimg_g11.4dfp.img
       320       320       320         1
  0.800000  0.800000  0.800000
orientation T byte_order littleendian
Reading image: talsrcimg_g11.4dfp.img
dimensions:      320       320       320
mmppix:       0.8000   -0.8000   -0.8000
center:     128.0000 -128.8000 -128.8000
t4_read: open error in t4_sub.f l:  41 t4_file(1:l)talsrcimg_to_711-2C_as_mni_average_305_t4 
t4_read: transform initialized to I4
rotation matrix determinant  1.000000
image alignment mode   4355 decimal     1103 hex
   -7.5000  -45.0000  -45.0000 8045.6919   19.3217
    0.0000  -45.0000  -45.0000 8511.6436   19.2646
    7.5000  -45.0000  -45.0000 8163.3643   19.1599
   -7.5000  -37.5000  -45.0000 8579.3623   19.3787
    0.0000  -37.5000  -45.0000 9086.0068   19.3146
    7.5000  -37.5000  -45.0000 8698.0225   19.2016
   -7.5000  -30.0000  -45.0000 9428.1035   19.4979
    0.0000  -30.0000  -45.0000 9994.4971   19.4349
    7.5000  -30.0000  -45.0000 9563.4453   19.3181
   -7.5000  -22.5000  -45.000010249.3496   19.5632
    0.0000  -22.5000  -45.000010879.0186   19.5090
    7.5000  -22.5000  -45.000010404.3623   19.3967
   -7.5000  -15.0000  -45.000011019.5850   19.5125
    0.0000  -15.0000  -45.000011708.4648   19.4640
    7.5000  -15.0000  -45.000011181.9424   19.3604
   -7.5000   -7.5000  -45.000011809.9658   19.3878
    0.0000   -7.5000  -45.000012567.6104   19.3375
    7.5000   -7.5000  -45.000011988.4805   19.2376
   -7.5000    0.0000  -45.000012388.7139   19.3217
    0.0000    0.0000  -45.000013220.0938   19.2646
    7.5000    0.0000  -45.000012580.9678   19.1599
   -7.5000    7.5000  -45.000011963.8457   19.3787
    0.0000    7.5000  -45.000012792.9346   19.3146
    7.5000    7.5000  -45.000012161.6299   19.2016
   -7.5000   15.0000  -45.000011367.8252   19.4979
    0.0000   15.0000  -45.000012176.5430   19.4349
    7.5000   15.0000  -45.000011595.2627   19.3181
   -7.5000   22.5000  -45.000010676.2061   19.5605
    0.0000   22.5000  -45.000011445.9619   19.5063
    7.5000   22.5000  -45.000010930.6143   19.3940
   -7.5000   30.0000  -45.0000 9953.9434   19.2524
    0.0000   30.0000  -45.000010670.9990   19.2046
    7.5000   30.0000  -45.000010198.5215   19.1024
   -7.5000   37.5000  -45.0000 9575.5244   19.1294
    0.0000   37.5000  -45.000010238.1504   19.0798
    7.5000   37.5000  -45.0000 9785.2334   18.9813
   -7.5000   45.0000  -45.0000 8834.5508   18.5802
    0.0000   45.0000  -45.0000 9433.6768   18.5252
    7.5000   45.0000  -45.0000 9017.5449   18.4246
   -7.5000  -45.0000  -37.5000 8350.9307   19.1111
    0.0000  -45.0000  -37.5000 8810.6992   19.0527
    7.5000  -45.0000  -37.5000 8476.0801   18.9474
   -7.5000  -37.5000  -37.5000 8893.8291   19.1713
    0.0000  -37.5000  -37.5000 9393.0967   19.1065
    7.5000  -37.5000  -37.5000 9027.6016   18.9935
   -7.5000  -30.0000  -37.5000 9772.9951   19.2940
    0.0000  -30.0000  -37.500010328.3574   19.2302
    7.5000  -30.0000  -37.5000 9909.0820   19.1138
   -7.5000  -22.5000  -37.500010622.7812   19.3592
    0.0000  -22.5000  -37.500011218.9609   19.3034
    7.5000  -22.5000  -37.500010769.3750   19.1910
   -7.5000  -15.0000  -37.500011404.4824   19.3046
    0.0000  -15.0000  -37.500012060.3076   19.2542
    7.5000  -15.0000  -37.500011560.3525   19.1497
   -7.5000   -7.5000  -37.500012205.7656   19.1767
    0.0000   -7.5000  -37.500012938.0322   19.1247
    7.5000   -7.5000  -37.500012383.5625   19.0240
   -7.5000    0.0000  -37.500012790.7939   19.1111
    0.0000    0.0000  -37.500013589.4521   19.0527
    7.5000    0.0000  -37.500012981.0215   18.9474
   -7.5000    7.5000  -37.500012355.0361   19.1713
    0.0000    7.5000  -37.500013152.8379   19.1065
    7.5000    7.5000  -37.500012564.2754   18.9935
   -7.5000   15.0000  -37.500011742.7471   19.2940
    0.0000   15.0000  -37.500012520.4453   19.2302
    7.5000   15.0000  -37.500011984.0557   19.1138
   -7.5000   22.5000  -37.500011012.5791   19.3565
    0.0000   22.5000  -37.500011762.7275   19.3008
    7.5000   22.5000  -37.500011277.4219   19.1884
   -7.5000   30.0000  -37.500010258.9160   19.0473
    0.0000   30.0000  -37.500010951.4443   18.9976
    7.5000   30.0000  -37.500010517.8936   18.8945
   -7.5000   37.5000  -37.5000 9857.5850   18.9211
    0.0000   37.5000  -37.500010519.9473   18.8698
    7.5000   37.5000  -37.500010084.0371   18.7704
   -7.5000   45.0000  -37.5000 9068.9150   18.3776
    0.0000   45.0000  -37.5000 9691.3984   18.3214
    7.5000   45.0000  -37.5000 9279.6084   18.2202
   -7.5000  -45.0000  -30.0000 8910.7393   19.6699
    0.0000  -45.0000  -30.0000 9394.5107   19.6199
    7.5000  -45.0000  -30.0000 9046.9385   19.5070
   -7.5000  -37.5000  -30.0000 9504.1572   19.7294
    0.0000  -37.5000  -30.000010027.6787   19.6722
    7.5000  -37.5000  -30.0000 9659.6230   19.5541
   -7.5000  -30.0000  -30.000010460.1328   19.8644
    0.0000  -30.0000  -30.000011054.5391   19.8079
    7.5000  -30.0000  -30.000010618.6162   19.6873
   -7.5000  -22.5000  -30.000011368.1943   19.9429
    0.0000  -22.5000  -30.000011994.1113   19.8944
    7.5000  -22.5000  -30.000011531.8916   19.7756
   -7.5000  -15.0000  -30.000012187.2246   19.8893
    0.0000  -15.0000  -30.000012866.7139   19.8464
    7.5000  -15.0000  -30.000012359.7627   19.7324
   -7.5000   -7.5000  -30.000013019.3564   19.7486
    0.0000   -7.5000  -30.000013781.8809   19.7049
    7.5000   -7.5000  -30.000013208.7910   19.5944
   -7.5000    0.0000  -30.000013653.6377   19.6699
    0.0000    0.0000  -30.000014459.4551   19.6199
    7.5000    0.0000  -30.000013851.8838   19.5070
   -7.5000    7.5000  -30.000013197.6943   19.7294
    0.0000    7.5000  -30.000013999.2451   19.6722
    7.5000    7.5000  -30.000013427.5420   19.5541
   -7.5000   15.0000  -30.000012574.6553   19.8644
    0.0000   15.0000  -30.000013353.5498   19.8079
    7.5000   15.0000  -30.000012836.6094   19.6873
   -7.5000   22.5000  -30.000011782.8379   19.9381
    0.0000   22.5000  -30.000012519.9844   19.8896
    7.5000   22.5000  -30.000012072.1396   19.7709
   -7.5000   30.0000  -30.000010968.0059   19.6261
    0.0000   30.0000  -30.000011669.5938   19.5837
    7.5000   30.0000  -30.000011241.3867   19.4713
   -7.5000   37.5000  -30.000010539.8887   19.4872
    0.0000   37.5000  -30.000011217.6191   19.4442
    7.5000   37.5000  -30.000010778.7451   19.3351
   -7.5000   45.0000  -30.0000 9660.5322   18.9289
    0.0000   45.0000  -30.000010314.3076   18.8807
    7.5000   45.0000  -30.0000 9889.5947   18.7721
   -7.5000  -45.0000  -22.5000 9461.4746   20.1935
    0.0000  -45.0000  -22.5000 9997.8975   20.1549
    7.5000  -45.0000  -22.5000 9629.6143   20.0368
   -7.5000  -37.5000  -22.500010134.2686   20.2485
    0.0000  -37.5000  -22.500010717.9004   20.2015
    7.5000  -37.5000  -22.500010314.9014   20.0801
   -7.5000  -30.0000  -22.500011161.4346   20.3879
    0.0000  -30.0000  -22.500011823.4629   20.3408
    7.5000  -30.0000  -22.500011360.9385   20.2167
   -7.5000  -22.5000  -22.500012126.9023   20.4756
    0.0000  -22.5000  -22.500012824.0000   20.4364
    7.5000  -22.5000  -22.500012308.5498   20.3126
   -7.5000  -15.0000  -22.500013010.8984   20.4273
    0.0000  -15.0000  -22.500013733.3145   20.3946
    7.5000  -15.0000  -22.500013176.6484   20.2735
   -7.5000   -7.5000  -22.500013890.5312   20.2816
    0.0000   -7.5000  -22.500014695.4805   20.2493
    7.5000   -7.5000  -22.500014085.0811   20.1315
   -7.5000    0.0000  -22.500014581.6338   20.1935
    0.0000    0.0000  -22.500015419.5879   20.1549
    7.5000    0.0000  -22.500014795.2217   20.0368
   -7.5000    7.5000  -22.500014110.9912   20.2485
    0.0000    7.5000  -22.500014928.5967   20.2015
    7.5000    7.5000  -22.500014361.6709   20.0801
   -7.5000   15.0000  -22.500013460.4795   20.3879
    0.0000   15.0000  -22.500014256.0352   20.3408
    7.5000   15.0000  -22.500013734.1230   20.2167
   -7.5000   22.5000  -22.500012637.3486   20.4693
    0.0000   22.5000  -22.500013395.8311   20.4301
    7.5000   22.5000  -22.500012929.4287   20.3063
   -7.5000   30.0000  -22.500011780.3652   20.1601
    0.0000   30.0000  -22.500012488.6152   20.1278
    7.5000   30.0000  -22.500012040.7734   20.0083
   -7.5000   37.5000  -22.500011297.7031   20.0163
    0.0000   37.5000  -22.500011992.5986   19.9845
    7.5000   37.5000  -22.500011537.8936   19.8682
   -7.5000   45.0000  -22.500010324.7451   19.4473
    0.0000   45.0000  -22.500010993.2305   19.4101
    7.5000   45.0000  -22.500010556.4619   19.2964
   -7.5000  -45.0000  -15.0000 9998.7822   20.5338
    0.0000  -45.0000  -15.000010603.7998   20.4987
    7.5000  -45.0000  -15.000010212.3262   20.3812
   -7.5000  -37.5000  -15.000010772.9209   20.5844
    0.0000  -37.5000  -15.000011451.8418   20.5401
    7.5000  -37.5000  -15.000011000.9824   20.4184
   -7.5000  -30.0000  -15.000011899.8320   20.7191
    0.0000  -30.0000  -15.000012659.1748   20.6741
    7.5000  -30.0000  -15.000012148.4150   20.5493
   -7.5000  -22.5000  -15.000012915.8301   20.8067
    0.0000  -22.5000  -15.000013708.2373   20.7700
    7.5000  -22.5000  -15.000013136.3467   20.6461
   -7.5000  -15.0000  -15.000013880.5840   20.7634
    0.0000  -15.0000  -15.000014666.8467   20.7342
    7.5000  -15.0000  -15.000014051.2578   20.6141
   -7.5000   -7.5000  -15.000014851.7500   20.6224
    0.0000   -7.5000  -15.000015686.5244   20.5940
    7.5000   -7.5000  -15.000015029.0801   20.4772
   -7.5000    0.0000  -15.000015600.6650   20.5338
    0.0000    0.0000  -15.000016500.9648   20.4987
    7.5000    0.0000  -15.000015839.0049   20.3812
   -7.5000    7.5000  -15.000015104.3086   20.5844
    0.0000    7.5000  -15.000015998.6885   20.5401
    7.5000    7.5000  -15.000015386.3223   20.4184
   -7.5000   15.0000  -15.000014439.2500   20.7191
    0.0000   15.0000  -15.000015305.9932   20.6741
    7.5000   15.0000  -15.000014718.7266   20.5493
   -7.5000   22.5000  -15.000013576.5791   20.7993
    0.0000   22.5000  -15.000014397.5742   20.7626
    7.5000   22.5000  -15.000013826.5547   20.6388
   -7.5000   30.0000  -15.000012680.9941   20.4946
    0.0000   30.0000  -15.000013424.5576   20.4659
    7.5000   30.0000  -15.000012888.1494   20.3473
   -7.5000   37.5000  -15.000012158.3662   20.3555
    0.0000   37.5000  -15.000012893.3887   20.3275
    7.5000   37.5000  -15.000012375.8838   20.2122
   -7.5000   45.0000  -15.000011052.1719   19.7870
    0.0000   45.0000  -15.000011771.2705   19.7532
    7.5000   45.0000  -15.000011288.1738   19.6399
   -7.5000  -45.0000   -7.500010524.7227   20.6164
    0.0000  -45.0000   -7.500011200.1807   20.5748
    7.5000  -45.0000   -7.500010722.6807   20.4621
   -7.5000  -37.5000   -7.500011357.9639   20.6669
    0.0000  -37.5000   -7.500012175.1699   20.6168
    7.5000  -37.5000   -7.500011613.6406   20.4973
   -7.5000  -30.0000   -7.500012628.1045   20.7946
    0.0000  -30.0000   -7.500013582.5908   20.7446
    7.5000  -30.0000   -7.500012934.0449   20.6214
   -7.5000  -22.5000   -7.500013732.3760   20.8749
    0.0000  -22.5000   -7.500014741.1406   20.8339
    7.5000  -22.5000   -7.500014029.1523   20.7139
   -7.5000  -15.0000   -7.500014767.8350   20.8317
    0.0000  -15.0000   -7.500015734.1221   20.7980
    7.5000  -15.0000   -7.500014982.0840   20.6847
   -7.5000   -7.5000   -7.500015869.6553   20.6982
    0.0000   -7.5000   -7.500016834.3887   20.6639
    7.5000   -7.5000   -7.500016033.3018   20.5541
   -7.5000    0.0000   -7.500016736.4727   20.6164
    0.0000    0.0000   -7.500017795.1934   20.5748
    7.5000    0.0000   -7.500016960.1309   20.4621
   -7.5000    7.5000   -7.500016218.6924   20.6669
    0.0000    7.5000   -7.500017308.8164   20.6168
    7.5000    7.5000   -7.500016470.1914   20.4973
   -7.5000   15.0000   -7.500015492.0410   20.7946
    0.0000   15.0000   -7.500016516.1348   20.7446
    7.5000   15.0000   -7.500015733.3809   20.6214
   -7.5000   22.5000   -7.500014598.0479   20.8653
    0.0000   22.5000   -7.500015526.8838   20.8243
    7.5000   22.5000   -7.500014799.9902   20.7043
   -7.5000   30.0000   -7.500013604.7842   20.5615
    0.0000   30.0000   -7.500014473.7393   20.5283
    7.5000   30.0000   -7.500013809.3887   20.4164
   -7.5000   37.5000   -7.500013021.9121   20.4298
    0.0000   37.5000   -7.500013865.1523   20.3959
    7.5000   37.5000   -7.500013252.0400   20.2876
   -7.5000   45.0000   -7.500011823.3584   19.8703
    0.0000   45.0000   -7.500012612.2129   19.8302
    7.5000   45.0000   -7.500012068.4775   19.7216
   -7.5000  -45.0000    0.000010929.6309   20.4918
    0.0000  -45.0000    0.000011638.3027   20.4422
    7.5000  -45.0000    0.000011098.0293   20.3335
   -7.5000  -37.5000    0.000011835.7998   20.5476
    0.0000  -37.5000    0.000012729.0488   20.4909
    7.5000  -37.5000    0.000012076.3008   20.3738
   -7.5000  -30.0000    0.000013223.0820   20.6735
    0.0000  -30.0000    0.000014422.5332   20.6179
    7.5000  -30.0000    0.000013577.4023   20.4967
   -7.5000  -22.5000    0.000014555.9248   20.7463
    0.0000  -22.5000    0.000016022.7598   20.6995
    7.5000  -22.5000    0.000014998.7021   20.5828
   -7.5000  -15.0000    0.000015747.0381   20.6974
    0.0000  -15.0000    0.000017245.8203   20.6565
    7.5000  -15.0000    0.000016092.8662   20.5486
   -7.5000   -7.5000    0.000016960.3242   20.5662
    0.0000   -7.5000    0.000018376.1211   20.5235
    7.5000   -7.5000    0.000017148.8242   20.4196
   -7.5000    0.0000    0.000017856.1270   20.4918
    0.0000    0.0000    0.000019305.2305   20.4422
    7.5000    0.0000    0.000018021.6914   20.3335
   -7.5000    7.5000    0.000017242.6816   20.5476
    0.0000    7.5000    0.000018576.4219   20.4909
    7.5000    7.5000    0.000017427.5957   20.3738
   -7.5000   15.0000    0.000016420.5156   20.6735
    0.0000   15.0000    0.000017587.9922   20.6179
    7.5000   15.0000    0.000016580.4316   20.4967
   -7.5000   22.5000    0.000015394.5459   20.7367
    0.0000   22.5000    0.000016465.6387   20.6900
    7.5000   22.5000    0.000015607.5957   20.5733
   -7.5000   30.0000    0.000014342.9590   20.4296
    0.0000   30.0000    0.000015344.3330   20.3892
    7.5000   30.0000    0.000014597.3818   20.2826
   -7.5000   37.5000    0.000013753.2227   20.3000
    0.0000   37.5000    0.000014717.5234   20.2579
    7.5000   37.5000    0.000014032.7480   20.1553
   -7.5000   45.0000    0.000012508.2754   19.7517
    0.0000   45.0000    0.000013378.8213   19.7039
    7.5000   45.0000    0.000012764.0479   19.5992
   -7.5000  -45.0000    7.500010434.8311   20.6607
    0.0000  -45.0000    7.500011113.0625   20.6056
    7.5000  -45.0000    7.500010564.8223   20.4926
   -7.5000  -37.5000    7.500011362.6582   20.7230
    0.0000  -37.5000    7.500012172.4326   20.6613
    7.5000  -37.5000    7.500011470.9014   20.5404
   -7.5000  -30.0000    7.500012806.9395   20.8567
    0.0000  -30.0000    7.500013962.4326   20.7963
    7.5000  -30.0000    7.500013025.3271   20.6718
   -7.5000  -22.5000    7.500014249.1357   20.9308
    0.0000  -22.5000    7.500016062.4473   20.8787
    7.5000  -22.5000    7.500014756.1064   20.7583
   -7.5000  -15.0000    7.500015601.5430   20.8749
    0.0000  -15.0000    7.500017721.2383   20.8283
    7.5000  -15.0000    7.500016204.0762   20.7161
   -7.5000   -7.5000    7.500016659.9395   20.7358
    0.0000   -7.5000    7.500018649.3145   20.6874
    7.5000   -7.5000    7.500017095.4727   20.5791
   -7.5000    0.0000    7.500017350.9336   20.6607
    0.0000    0.0000    7.500019032.5977   20.6056
    7.5000    0.0000    7.500017637.8848   20.4926
   -7.5000    7.5000    7.500016623.0938   20.7230
    0.0000    7.5000    7.500018025.3125   20.6613
    7.5000    7.5000    7.500016886.7949   20.5404
   -7.5000   15.0000    7.500015809.2803   20.8567
    0.0000   15.0000    7.500017018.3516   20.7963
    7.5000   15.0000    7.500016087.7832   20.6718
   -7.5000   22.5000    7.500014878.5742   20.9211
    0.0000   22.5000    7.500015962.9883   20.8691
    7.5000   22.5000    7.500015178.0820   20.7488
   -7.5000   30.0000    7.500013910.6768   20.6048
    0.0000   30.0000    7.500014891.8760   20.5588
    7.5000   30.0000    7.500014204.8438   20.4480
   -7.5000   37.5000    7.500013369.9170   20.4674
    0.0000   37.5000    7.500014277.0107   20.4197
    7.5000   37.5000    7.500013634.7207   20.3128
   -7.5000   45.0000    7.500012180.9307   19.9145
    0.0000   45.0000    7.500012996.1650   19.8614
    7.5000   45.0000    7.500012412.4912   19.7525
   -7.5000  -45.0000   15.0000 9860.9873   20.9368
    0.0000  -45.0000   15.000010503.7256   20.8858
    7.5000  -45.0000   15.000010009.8467   20.7651
   -7.5000  -37.5000   15.000010753.6260   20.9993
    0.0000  -37.5000   15.000011489.3867   20.9410
    7.5000  -37.5000   15.000010904.6445   20.8148
   -7.5000  -30.0000   15.000012099.9072   21.1431
    0.0000  -30.0000   15.000013143.3848   21.0856
    7.5000  -30.0000   15.000012401.8896   20.9568
   -7.5000  -22.5000   15.000013456.3428   21.2274
    0.0000  -22.5000   15.000014997.7236   21.1782
    7.5000  -22.5000   15.000014066.4893   21.0513
   -7.5000  -15.0000   15.000014721.3926   21.1715
    0.0000  -15.0000   15.000016532.8008   21.1281
    7.5000  -15.0000   15.000015445.7480   21.0062
   -7.5000   -7.5000   15.000015789.8594   21.0217
    0.0000   -7.5000   15.000017347.8633   20.9773
    7.5000   -7.5000   15.000016237.0889   20.8591
   -7.5000    0.0000   15.000016415.4082   20.9368
    0.0000    0.0000   15.000017790.6113   20.8858
    7.5000    0.0000   15.000016750.0137   20.7651
   -7.5000    7.5000   15.000015734.4092   20.9993
    0.0000    7.5000   15.000017005.1660   20.9410
    7.5000    7.5000   15.000016072.6982   20.8148
   -7.5000   15.0000   15.000015004.2754   21.1431
    0.0000   15.0000   15.000016177.4404   21.0856
    7.5000   15.0000   15.000015352.5225   20.9568
   -7.5000   22.5000   15.000014141.4707   21.2177
    0.0000   22.5000   15.000015203.0293   21.1684
    7.5000   22.5000   15.000014461.0029   21.0416
   -7.5000   30.0000   15.000013233.8926   20.8975
    0.0000   30.0000   15.000014215.1533   20.8546
    7.5000   30.0000   15.000013522.0352   20.7344
   -7.5000   37.5000   15.000012777.2070   20.7496
    0.0000   37.5000   15.000013700.8311   20.7058
    7.5000   37.5000   15.000013048.3525   20.5891
   -7.5000   45.0000   15.000011696.3613   20.1807
    0.0000   45.0000   15.000012512.8291   20.1315
    7.5000   45.0000   15.000011922.2285   20.0151
   -7.5000  -45.0000   22.5000 9260.2041   21.2892
    0.0000  -45.0000   22.5000 9863.3545   21.2454
    7.5000  -45.0000   22.5000 9451.7412   21.1197
   -7.5000  -37.5000   22.500010035.7627   21.3466
    0.0000  -37.5000   22.500010714.7773   21.2940
    7.5000  -37.5000   22.500010246.2139   21.1648
   -7.5000  -30.0000   22.500011229.7852   21.4919
    0.0000  -30.0000   22.500012146.9775   21.4391
    7.5000  -30.0000   22.500011582.5439   21.3072
   -7.5000  -22.5000   22.500012424.4746   21.5834
    0.0000  -22.5000   22.500013684.9619   21.5391
    7.5000  -22.5000   22.500012988.9697   21.4074
   -7.5000  -15.0000   22.500013538.7607   21.5331
    0.0000  -15.0000   22.500014856.2266   21.4957
    7.5000  -15.0000   22.500014105.4092   21.3669
   -7.5000   -7.5000   22.500014528.1152   21.3812
    0.0000   -7.5000   22.500015581.7920   21.3442
    7.5000   -7.5000   22.500014815.0791   21.2187
   -7.5000    0.0000   22.500015265.5186   21.2892
    0.0000    0.0000   22.500016337.2861   21.2454
    7.5000    0.0000   22.500015541.2588   21.1197
   -7.5000    7.5000   22.500014775.1689   21.3466
    0.0000    7.5000   22.500015897.8662   21.2940
    7.5000    7.5000   22.500015123.6123   21.1648
   -7.5000   15.0000   22.500014151.0039   21.4919
    0.0000   15.0000   22.500015229.8877   21.4391
    7.5000   15.0000   22.500014499.2090   21.3072
   -7.5000   22.5000   22.500013369.7881   21.5734
    0.0000   22.5000   22.500014370.2275   21.5291
    7.5000   22.5000   22.500013674.7363   21.3975
   -7.5000   30.0000   22.500012519.4531   21.2544
    0.0000   30.0000   22.500013451.8633   21.2175
    7.5000   30.0000   22.500012795.8096   21.0904
   -7.5000   37.5000   22.500012098.0996   21.1045
    0.0000   37.5000   22.500012990.5449   21.0679
    7.5000   37.5000   22.500012367.0137   20.9441
   -7.5000   45.0000   22.500011072.4121   20.5204
    0.0000   45.0000   22.500011863.8252   20.4781
    7.5000   45.0000   22.500011311.0381   20.3569
   -7.5000  -45.0000   30.0000 8690.1152   21.8648
    0.0000  -45.0000   30.0000 9212.9980   21.8178
    7.5000  -45.0000   30.0000 8875.3027   21.6890
   -7.5000  -37.5000   30.0000 9399.3711   21.9181
    0.0000  -37.5000   30.0000 9974.9521   21.8608
    7.5000  -37.5000   30.0000 9610.9521   21.7274
   -7.5000  -30.0000   30.000010501.4199   22.0569
    0.0000  -30.0000   30.000011262.4883   21.9987
    7.5000  -30.0000   30.000010823.8955   21.8619
   -7.5000  -22.5000   30.000011601.8301   22.1467
    0.0000  -22.5000   30.000012578.1387   22.0978
    7.5000  -22.5000   30.000012049.6348   21.9620
   -7.5000  -15.0000   30.000012647.5684   22.1013
    0.0000  -15.0000   30.000013572.6680   22.0609
    7.5000  -15.0000   30.000012988.0029   21.9294
   -7.5000   -7.5000   30.000013564.9062   21.9554
    0.0000   -7.5000   30.000014358.1631   21.9158
    7.5000   -7.5000   30.000013731.4834   21.7879
   -7.5000    0.0000   30.000014272.1934   21.8648
    0.0000    0.0000   30.000015174.0264   21.8178
    7.5000    0.0000   30.000014521.4346   21.6890
   -7.5000    7.5000   30.000013875.3936   21.9181
    0.0000    7.5000   30.000014822.7969   21.8608
    7.5000    7.5000   30.000014173.6494   21.7274
   -7.5000   15.0000   30.000013295.0791   22.0569
    0.0000   15.0000   30.000014215.9980   21.9987
    7.5000   15.0000   30.000013586.8789   21.8619
   -7.5000   22.5000   30.000012586.7158   22.1365
    0.0000   22.5000   30.000013450.3750   22.0877
    7.5000   22.5000   30.000012839.4951   21.9518
   -7.5000   30.0000   30.000011805.2354   21.8153
    0.0000   30.0000   30.000012626.6406   21.7754
    7.5000   30.0000   30.000012023.6670   21.6456
   -7.5000   37.5000   30.000011387.6592   21.6712
    0.0000   37.5000   30.000012188.2188   21.6322
    7.5000   37.5000   30.000011601.1309   21.5059
   -7.5000   45.0000   30.000010428.3369   21.0752
    0.0000   45.0000   30.000011135.4541   21.0298
    7.5000   45.0000   30.000010618.2930   20.9057
   -7.5000  -45.0000   37.5000 8507.1514   22.4348
    0.0000  -45.0000   37.5000 8962.4580   22.3767
    7.5000  -45.0000   37.5000 8660.0000   22.2493
   -7.5000  -37.5000   37.5000 9200.7812   22.4899
    0.0000  -37.5000   37.5000 9711.2480   22.4217
    7.5000  -37.5000   37.5000 9392.1572   22.2863
   -7.5000  -30.0000   37.500010245.8262   22.6201
    0.0000  -30.0000   37.500010922.8389   22.5519
    7.5000  -30.0000   37.500010541.6680   22.4122
   -7.5000  -22.5000   37.500011308.8857   22.6996
    0.0000  -22.5000   37.500012087.2129   22.6421
    7.5000  -22.5000   37.500011635.7627   22.5064
   -7.5000  -15.0000   37.500012275.3691   22.6529
    0.0000  -15.0000   37.500012998.6299   22.6040
    7.5000  -15.0000   37.500012470.2275   22.4763
   -7.5000   -7.5000   37.500013170.8740   22.5154
    0.0000   -7.5000   37.500013867.8203   22.4658
    7.5000   -7.5000   37.500013303.0918   22.3421
   -7.5000    0.0000   37.500013926.2197   22.4348
    0.0000    0.0000   37.500014726.8926   22.3767
    7.5000    0.0000   37.500014116.6035   22.2493
   -7.5000    7.5000   37.500013535.3867   22.4899
    0.0000    7.5000   37.500014349.9502   22.4217
    7.5000    7.5000   37.500013754.2568   22.2863
   -7.5000   15.0000   37.500012979.1123   22.6201
    0.0000   15.0000   37.500013779.2891   22.5519
    7.5000   15.0000   37.500013203.3057   22.4122
   -7.5000   22.5000   37.500012281.7793   22.6892
    0.0000   22.5000   37.500013057.6406   22.6317
    7.5000   22.5000   37.500012476.4209   22.4961
   -7.5000   30.0000   37.500011515.9189   22.3597
    0.0000   30.0000   37.500012241.4521   22.3115
    7.5000   30.0000   37.500011680.1182   22.1854
   -7.5000   37.5000   37.500011092.4277   22.2240
    0.0000   37.5000   37.500011782.7715   22.1750
    7.5000   37.5000   37.500011248.4951   22.0530
   -7.5000   45.0000   37.500010156.8330   21.6246
    0.0000   45.0000   37.500010740.7256   21.5685
    7.5000   45.0000   37.500010259.1895   21.4457
   -7.5000  -45.0000   45.0000 8005.6465   23.1218
    0.0000  -45.0000   45.0000 8389.6895   23.0455
    7.5000  -45.0000   45.0000 8111.7222   22.9141
   -7.5000  -37.5000   45.0000 8642.1797   23.1862
    0.0000  -37.5000   45.0000 9082.8711   23.1011
    7.5000  -37.5000   45.0000 8772.1826   22.9590
   -7.5000  -30.0000   45.0000 9617.3301   23.3172
    0.0000  -30.0000   45.000010182.6484   23.2329
    7.5000  -30.0000   45.0000 9825.1611   23.0860
   -7.5000  -22.5000   45.000010572.0439   23.3888
    0.0000  -22.5000   45.000011196.4199   23.3151
    7.5000  -22.5000   45.000010775.5078   23.1736
   -7.5000  -15.0000   45.000011447.5752   23.3329
    0.0000  -15.0000   45.000012025.3281   23.2665
    7.5000  -15.0000   45.000011553.4814   23.1360
   -7.5000   -7.5000   45.000012269.5859   23.1942
    0.0000   -7.5000   45.000012895.0918   23.1260
    7.5000   -7.5000   45.000012372.2939   23.0005
   -7.5000    0.0000   45.000012984.7344   23.1218
    0.0000    0.0000   45.000013692.1816   23.0455
    7.5000    0.0000   45.000013126.6924   22.9141
   -7.5000    7.5000   45.000012645.7451   23.1862
    0.0000    7.5000   45.000013338.9795   23.1011
    7.5000    7.5000   45.000012775.7930   22.9590
   -7.5000   15.0000   45.000012106.2490   23.3172
    0.0000   15.0000   45.000012790.4961   23.2329
    7.5000   15.0000   45.000012244.2578   23.0860
   -7.5000   22.5000   45.000011444.0723   23.3779
    0.0000   22.5000   45.000012080.5596   23.3043
    7.5000   22.5000   45.000011569.2949   23.1628
   -7.5000   30.0000   45.000010728.0361   23.0289
    0.0000   30.0000   45.000011339.2764   22.9634
    7.5000   30.0000   45.000010837.8975   22.8346
   -7.5000   37.5000   45.000010314.9561   22.8920
    0.0000   37.5000   45.000010892.3115   22.8247
    7.5000   37.5000   45.000010398.6836   22.7009
   -7.5000   45.0000   45.0000 9432.3389   22.2969
    0.0000   45.0000   45.0000 9953.5889   22.2233
    7.5000   45.0000   45.0000 9492.5244   22.0966

---------------------------------------------------------------------
imgreg_4dfp /opt/freesurfer/average/711-2C_as_mni_average_305 /opt/freesurfer/average/711-2B_as_mni_average_305_mask talsrcimg_g11 none talsrcimg_to_711-2C_as_mni_average_305_t4 4355
---------------------------------------------------------------------

freesurfer imgreg_4dfp.c
/opt/freesurfer/average/711-2C_as_mni_average_305.4dfp.img
       256       256       256         1
  1.000000  1.000000  1.000000
orientation T byte_order littleendian
Reading image: /opt/freesurfer/average/711-2C_as_mni_average_305.4dfp.img
dimensions:      256       256       256
mmppix:       1.0000   -1.0000   -1.0000
center:     128.0000 -129.0000 -129.0000
/opt/freesurfer/average/711-2B_as_mni_average_305_mask.4dfp.img
       256       256       256         1
  1.000000  1.000000  1.000000
orientation T byte_order littleendian
Reading mask: /opt/freesurfer/average/711-2B_as_mni_average_305_mask.4dfp.img (2306576 pixels)
talsrcimg_g11.4dfp.img
       320       320       320         1
  0.800000  0.800000  0.800000
orientation T byte_order littleendian
Reading image: talsrcimg_g11.4dfp.img
dimensions:      320       320       320
mmppix:       0.8000   -0.8000   -0.8000
center:     128.0000 -128.8000 -128.8000
rotation matrix determinant  1.000000
image alignment mode   4355 decimal     1103 hex
   -7.5000  -45.0000  -45.0000 2355.6851   28.3606
    0.0000  -45.0000  -45.0000 2362.5872   28.0901
    7.5000  -45.0000  -45.0000 2355.5569   28.1141
   -7.5000  -37.5000  -45.0000 2417.8872   26.3514
    0.0000  -37.5000  -45.0000 2422.5789   26.0446
    7.5000  -37.5000  -45.0000 2411.3643   26.0957
   -7.5000  -30.0000  -45.0000 2453.2363   24.7710
    0.0000  -30.0000  -45.0000 2455.4407   24.4734
    7.5000  -30.0000  -45.0000 2449.8140   24.5289
   -7.5000  -22.5000  -45.0000 2474.9751   23.5006
    0.0000  -22.5000  -45.0000 2483.1626   23.2568
    7.5000  -22.5000  -45.0000 2477.0916   23.2804
   -7.5000  -15.0000  -45.0000 2498.4829   22.7194
    0.0000  -15.0000  -45.0000 2505.6499   22.4478
    7.5000  -15.0000  -45.0000 2497.6780   22.4523
   -7.5000   -7.5000  -45.0000 2509.5217   22.3838
    0.0000   -7.5000  -45.0000 2524.2593   22.1732
    7.5000   -7.5000  -45.0000 2516.0515   22.1717
   -7.5000    0.0000  -45.0000 2502.0229   22.3114
    0.0000    0.0000  -45.0000 2520.0925   22.1529
    7.5000    0.0000  -45.0000 2511.6997   22.1502
   -7.5000    7.5000  -45.0000 2485.7175   22.7149
    0.0000    7.5000  -45.0000 2504.5608   22.5736
    7.5000    7.5000  -45.0000 2489.7112   22.4848
   -7.5000   15.0000  -45.0000 2439.9526   23.4835
    0.0000   15.0000  -45.0000 2465.3469   23.3959
    7.5000   15.0000  -45.0000 2449.6504   23.2585
   -7.5000   22.5000  -45.0000 2377.3494   24.6782
    0.0000   22.5000  -45.0000 2403.9507   24.6186
    7.5000   22.5000  -45.0000 2392.2986   24.5256
   -7.5000   30.0000  -45.0000 2304.4219   26.3593
    0.0000   30.0000  -45.0000 2320.0508   26.2498
    7.5000   30.0000  -45.0000 2310.6860   26.1928
   -7.5000   37.5000  -45.0000 2224.8445   28.5345
    0.0000   37.5000  -45.0000 2225.9578   28.3371
    7.5000   37.5000  -45.0000 2220.4651   28.3370
   -7.5000   45.0000  -45.0000 2137.8909   31.3882
    0.0000   45.0000  -45.0000 2131.2075   31.0105
    7.5000   45.0000  -45.0000 2131.3196   30.9717
   -7.5000  -45.0000  -37.5000 2398.7463   27.3091
    0.0000  -45.0000  -37.5000 2393.7139   26.8964
    7.5000  -45.0000  -37.5000 2394.2810   26.9191
   -7.5000  -37.5000  -37.5000 2457.7151   25.2134
    0.0000  -37.5000  -37.5000 2448.2810   24.7618
    7.5000  -37.5000  -37.5000 2452.3105   24.8636
   -7.5000  -30.0000  -37.5000 2500.0476   23.6799
    0.0000  -30.0000  -37.5000 2486.4353   23.2255
    7.5000  -30.0000  -37.5000 2490.3628   23.3578
   -7.5000  -22.5000  -37.5000 2527.7058   22.4590
    0.0000  -22.5000  -37.5000 2512.6377   22.0544
    7.5000  -22.5000  -37.5000 2521.3386   22.1848
   -7.5000  -15.0000  -37.5000 2546.5557   21.5940
    0.0000  -15.0000  -37.5000 2540.1643   21.2680
    7.5000  -15.0000  -37.5000 2542.2129   21.3377
   -7.5000   -7.5000  -37.5000 2559.6519   21.2297
    0.0000   -7.5000  -37.5000 2565.7637   20.9748
    7.5000   -7.5000  -37.5000 2564.1663   21.0042
   -7.5000    0.0000  -37.5000 2551.9817   21.1287
    0.0000    0.0000  -37.5000 2562.8372   20.9103
    7.5000    0.0000  -37.5000 2559.6924   20.9544
   -7.5000    7.5000  -37.5000 2536.6282   21.4833
    0.0000    7.5000  -37.5000 2551.5132   21.2568
    7.5000    7.5000  -37.5000 2542.7939   21.2707
   -7.5000   15.0000  -37.5000 2489.9719   22.2046
    0.0000   15.0000  -37.5000 2510.7729   22.0138
    7.5000   15.0000  -37.5000 2502.7649   22.0090
   -7.5000   22.5000  -37.5000 2420.2766   23.2991
    0.0000   22.5000  -37.5000 2449.7168   23.2079
    7.5000   22.5000  -37.5000 2439.7522   23.1689
   -7.5000   30.0000  -37.5000 2342.9065   24.8633
    0.0000   30.0000  -37.5000 2364.6926   24.7687
    7.5000   30.0000  -37.5000 2354.2039   24.7270
   -7.5000   37.5000  -37.5000 2256.6870   26.8586
    0.0000   37.5000  -37.5000 2271.5500   26.7348
    7.5000   37.5000  -37.5000 2260.1799   26.7024
   -7.5000   45.0000  -37.5000 2167.6987   29.5097
    0.0000   45.0000  -37.5000 2175.0146   29.2693
    7.5000   45.0000  -37.5000 2173.0928   29.1967
   -7.5000  -45.0000  -30.0000 2498.6440   27.2020
    0.0000  -45.0000  -30.0000 2490.0291   26.6850
    7.5000  -45.0000  -30.0000 2497.0952   26.7543
   -7.5000  -37.5000  -30.0000 2553.5681   24.9755
    0.0000  -37.5000  -30.0000 2541.6692   24.4658
    7.5000  -37.5000  -30.0000 2552.2388   24.5542
   -7.5000  -30.0000  -30.0000 2603.6980   23.3607
    0.0000  -30.0000  -30.0000 2583.9856   22.8149
    7.5000  -30.0000  -30.0000 2594.5664   22.9054
   -7.5000  -22.5000  -30.0000 2635.7319   22.1271
    0.0000  -22.5000  -30.0000 2616.7834   21.6291
    7.5000  -22.5000  -30.0000 2631.2986   21.7561
   -7.5000  -15.0000  -30.0000 2650.3845   21.2075
    0.0000  -15.0000  -30.0000 2640.3511   20.8063
    7.5000  -15.0000  -30.0000 2650.3318   20.9071
   -7.5000   -7.5000  -30.0000 2661.0752   20.7499
    0.0000   -7.5000  -30.0000 2663.4436   20.4226
    7.5000   -7.5000  -30.0000 2668.1873   20.5023
   -7.5000    0.0000  -30.0000 2663.1616   20.6268
    0.0000    0.0000  -30.0000 2663.9810   20.3111
    7.5000    0.0000  -30.0000 2669.0144   20.4290
   -7.5000    7.5000  -30.0000 2648.3372   20.9613
    0.0000    7.5000  -30.0000 2649.9434   20.6080
    7.5000    7.5000  -30.0000 2655.1233   20.7083
   -7.5000   15.0000  -30.0000 2605.6938   21.6576
    0.0000   15.0000  -30.0000 2614.4678   21.3724
    7.5000   15.0000  -30.0000 2619.9861   21.4235
   -7.5000   22.5000  -30.0000 2532.1277   22.6980
    0.0000   22.5000  -30.0000 2549.8540   22.5245
    7.5000   22.5000  -30.0000 2552.7034   22.5130
   -7.5000   30.0000  -30.0000 2447.6499   24.1638
    0.0000   30.0000  -30.0000 2467.8613   24.0305
    7.5000   30.0000  -30.0000 2463.1138   23.9891
   -7.5000   37.5000  -30.0000 2358.7524   26.0572
    0.0000   37.5000  -30.0000 2376.6982   25.9394
    7.5000   37.5000  -30.0000 2364.6960   25.8230
   -7.5000   45.0000  -30.0000 2258.3086   28.5406
    0.0000   45.0000  -30.0000 2279.2075   28.3893
    7.5000   45.0000  -30.0000 2267.1270   28.2005
   -7.5000  -45.0000  -22.5000 2569.4260   26.9895
    0.0000  -45.0000  -22.5000 2558.4263   26.4404
    7.5000  -45.0000  -22.5000 2571.6213   26.5442
   -7.5000  -37.5000  -22.5000 2630.3499   24.7609
    0.0000  -37.5000  -22.5000 2617.2773   24.1971
    7.5000  -37.5000  -22.5000 2628.7576   24.2835
   -7.5000  -30.0000  -22.5000 2673.2109   23.0129
    0.0000  -30.0000  -22.5000 2658.2615   22.4868
    7.5000  -30.0000  -22.5000 2664.6482   22.5379
   -7.5000  -22.5000  -22.5000 2712.9478   21.7094
    0.0000  -22.5000  -22.5000 2689.1775   21.1500
    7.5000  -22.5000  -22.5000 2699.6196   21.2279
   -7.5000  -15.0000  -22.5000 2729.4834   20.7798
    0.0000  -15.0000  -22.5000 2709.2019   20.2575
    7.5000  -15.0000  -22.5000 2721.9346   20.3800
   -7.5000   -7.5000  -22.5000 2740.6895   20.2819
    0.0000   -7.5000  -22.5000 2731.7280   19.8325
    7.5000   -7.5000  -22.5000 2742.6462   19.9394
   -7.5000    0.0000  -22.5000 2743.0708   20.1629
    0.0000    0.0000  -22.5000 2734.5818   19.7106
    7.5000    0.0000  -22.5000 2748.4885   19.8577
   -7.5000    7.5000  -22.5000 2730.1887   20.4500
    0.0000    7.5000  -22.5000 2725.0886   20.0211
    7.5000    7.5000  -22.5000 2739.0476   20.1376
   -7.5000   15.0000  -22.5000 2687.8811   21.0979
    0.0000   15.0000  -22.5000 2691.1235   20.7490
    7.5000   15.0000  -22.5000 2701.9111   20.8248
   -7.5000   22.5000  -22.5000 2615.1172   22.1167
    0.0000   22.5000  -22.5000 2628.1035   21.8801
    7.5000   22.5000  -22.5000 2635.6597   21.9120
   -7.5000   30.0000  -22.5000 2533.5259   23.5335
    0.0000   30.0000  -22.5000 2546.4905   23.3220
    7.5000   30.0000  -22.5000 2551.7366   23.3549
   -7.5000   37.5000  -22.5000 2437.3318   25.3097
    0.0000   37.5000  -22.5000 2453.0730   25.1149
    7.5000   37.5000  -22.5000 2450.5125   25.0738
   -7.5000   45.0000  -22.5000 2325.4290   27.6697
    0.0000   45.0000  -22.5000 2341.0557   27.4096
    7.5000   45.0000  -22.5000 2333.8933   27.3470
   -7.5000  -45.0000  -15.0000 2614.6750   26.9149
    0.0000  -45.0000  -15.0000 2608.2112   26.3666
    7.5000  -45.0000  -15.0000 2613.4424   26.4651
   -7.5000  -37.5000  -15.0000 2685.7212   24.6396
    0.0000  -37.5000  -15.0000 2673.6309   24.1170
    7.5000  -37.5000  -15.0000 2680.8574   24.1780
   -7.5000  -30.0000  -15.0000 2726.0005   22.8226
    0.0000  -30.0000  -15.0000 2703.6794   22.2753
    7.5000  -30.0000  -15.0000 2714.5088   22.3413
   -7.5000  -22.5000  -15.0000 2759.9932   21.4071
    0.0000  -22.5000  -15.0000 2731.3188   20.8191
    7.5000  -22.5000  -15.0000 2740.5220   20.8813
   -7.5000  -15.0000  -15.0000 2777.1138   20.3909
    0.0000  -15.0000  -15.0000 2748.0891   19.7617
    7.5000  -15.0000  -15.0000 2758.9983   19.8778
   -7.5000   -7.5000  -15.0000 2793.8052   19.8785
    0.0000   -7.5000  -15.0000 2769.2937   19.3117
    7.5000   -7.5000  -15.0000 2777.9570   19.4382
   -7.5000    0.0000  -15.0000 2793.1953   19.7850
    0.0000    0.0000  -15.0000 2776.6663   19.2290
    7.5000    0.0000  -15.0000 2794.5454   19.3911
   -7.5000    7.5000  -15.0000 2778.9490   20.0527
    0.0000    7.5000  -15.0000 2770.0181   19.5594
    7.5000    7.5000  -15.0000 2789.8745   19.6886
   -7.5000   15.0000  -15.0000 2740.4978   20.6420
    0.0000   15.0000  -15.0000 2743.0005   20.2201
    7.5000   15.0000  -15.0000 2753.3223   20.3292
   -7.5000   22.5000  -15.0000 2673.9448   21.5799
    0.0000   22.5000  -15.0000 2683.6687   21.2541
    7.5000   22.5000  -15.0000 2682.2798   21.3133
   -7.5000   30.0000  -15.0000 2588.8572   22.9320
    0.0000   30.0000  -15.0000 2598.6453   22.6166
    7.5000   30.0000  -15.0000 2593.1401   22.6651
   -7.5000   37.5000  -15.0000 2487.2566   24.5951
    0.0000   37.5000  -15.0000 2499.8142   24.3069
    7.5000   37.5000  -15.0000 2495.4324   24.3134
   -7.5000   45.0000  -15.0000 2358.2493   26.8603
    0.0000   45.0000  -15.0000 2373.8716   26.5083
    7.5000   45.0000  -15.0000 2368.1555   26.5033
   -7.5000  -45.0000   -7.5000 2636.9614   27.0355
    0.0000  -45.0000   -7.5000 2635.8650   26.5603
    7.5000  -45.0000   -7.5000 2626.2927   26.4502
   -7.5000  -37.5000   -7.5000 2705.0730   24.6235
    0.0000  -37.5000   -7.5000 2707.0073   24.2630
    7.5000  -37.5000   -7.5000 2694.5281   24.1188
   -7.5000  -30.0000   -7.5000 2750.4084   22.7494
    0.0000  -30.0000   -7.5000 2751.3452   22.4326
    7.5000  -30.0000   -7.5000 2735.5779   22.2411
   -7.5000  -22.5000   -7.5000 2773.5103   21.1965
    0.0000  -22.5000   -7.5000 2762.1187   20.8085
    7.5000  -22.5000   -7.5000 2756.8533   20.6989
   -7.5000  -15.0000   -7.5000 2788.8748   20.0617
    0.0000  -15.0000   -7.5000 2766.3733   19.5156
    7.5000  -15.0000   -7.5000 2769.2974   19.5354
   -7.5000   -7.5000   -7.5000 2809.9299   19.5378
    0.0000   -7.5000   -7.5000 2783.5032   18.9596
    7.5000   -7.5000   -7.5000 2780.3428   19.0357
   -7.5000    0.0000   -7.5000 2821.8391   19.4857
    0.0000    0.0000   -7.5000 2801.9114   18.9540
    7.5000    0.0000   -7.5000 2804.6897   19.0032
   -7.5000    7.5000   -7.5000 2808.3408   19.7174
    0.0000    7.5000   -7.5000 2805.1665   19.2500
    7.5000    7.5000   -7.5000 2807.9319   19.2180
   -7.5000   15.0000   -7.5000 2764.5889   20.2025
    0.0000   15.0000   -7.5000 2772.5327   19.8028
    7.5000   15.0000   -7.5000 2773.1030   19.7403
   -7.5000   22.5000   -7.5000 2704.8264   21.1076
    0.0000   22.5000   -7.5000 2705.7878   20.7031
    7.5000   22.5000   -7.5000 2709.0667   20.7014
   -7.5000   30.0000   -7.5000 2615.5652   22.3306
    0.0000   30.0000   -7.5000 2619.2461   21.9520
    7.5000   30.0000   -7.5000 2615.3230   21.9348
   -7.5000   37.5000   -7.5000 2514.9382   24.0188
    0.0000   37.5000   -7.5000 2518.7688   23.5888
    7.5000   37.5000   -7.5000 2513.0027   23.5949
   -7.5000   45.0000   -7.5000 2383.7126   26.1661
    0.0000   45.0000   -7.5000 2390.8755   25.7662
    7.5000   45.0000   -7.5000 2385.8049   25.7560
   -7.5000  -45.0000    0.0000 2646.9038   27.3779
    0.0000  -45.0000    0.0000 2659.4368   27.0507
    7.5000  -45.0000    0.0000 2626.4641   26.7226
   -7.5000  -37.5000    0.0000 2721.0654   24.9265
    0.0000  -37.5000    0.0000 2741.4277   24.7427
    7.5000  -37.5000    0.0000 2704.7847   24.3459
   -7.5000  -30.0000    0.0000 2769.4529   23.0074
    0.0000  -30.0000    0.0000 2803.4246   22.9919
    7.5000  -30.0000    0.0000 2757.8276   22.5178
   -7.5000  -22.5000    0.0000 2796.8958   21.4905
    0.0000  -22.5000    0.0000 2849.5383   21.5973
    7.5000  -22.5000    0.0000 2786.9766   21.0233
   -7.5000  -15.0000    0.0000 2799.3357   20.2111
    0.0000  -15.0000    0.0000 2839.6223   20.2058
    7.5000  -15.0000    0.0000 2788.9670   19.7655
   -7.5000   -7.5000    0.0000 2819.4851   19.4648
    0.0000   -7.5000    0.0000 2825.0017   19.1906
    7.5000   -7.5000    0.0000 2781.7117   18.9295
   -7.5000    0.0000    0.0000 2833.2688   19.2694
    0.0000    0.0000    0.0000 2828.9922   18.9182
    7.5000    0.0000    0.0000 2797.9150   18.7047
   -7.5000    7.5000    0.0000 2820.9785   19.3674
    0.0000    7.5000    0.0000 2824.9070   19.0388
    7.5000    7.5000    0.0000 2804.1245   18.8031
   -7.5000   15.0000    0.0000 2778.6941   19.8205
    0.0000   15.0000    0.0000 2785.8081   19.4512
    7.5000   15.0000    0.0000 2770.7861   19.2699
   -7.5000   22.5000    0.0000 2709.5835   20.6775
    0.0000   22.5000    0.0000 2716.3657   20.2842
    7.5000   22.5000    0.0000 2703.5193   20.1499
   -7.5000   30.0000    0.0000 2626.9336   21.9308
    0.0000   30.0000    0.0000 2636.0789   21.5765
    7.5000   30.0000    0.0000 2627.9976   21.4902
   -7.5000   37.5000    0.0000 2534.9583   23.5867
    0.0000   37.5000    0.0000 2548.6189   23.2716
    7.5000   37.5000    0.0000 2539.0884   23.2103
   -7.5000   45.0000    0.0000 2414.9131   25.7573
    0.0000   45.0000    0.0000 2422.5049   25.4623
    7.5000   45.0000    0.0000 2409.0779   25.3388
   -7.5000  -45.0000    7.5000 2637.9800   27.8160
    0.0000  -45.0000    7.5000 2666.8191   27.6719
    7.5000  -45.0000    7.5000 2623.9155   27.2048
   -7.5000  -37.5000    7.5000 2720.3025   25.3582
    0.0000  -37.5000    7.5000 2762.8069   25.3875
    7.5000  -37.5000    7.5000 2705.0503   24.7910
   -7.5000  -30.0000    7.5000 2784.1099   23.5474
    0.0000  -30.0000    7.5000 2848.7146   23.7323
    7.5000  -30.0000    7.5000 2766.3298   22.9977
   -7.5000  -22.5000    7.5000 2832.0002   22.1164
    0.0000  -22.5000    7.5000 2924.7417   22.5680
    7.5000  -22.5000    7.5000 2820.1438   21.6956
   -7.5000  -15.0000    7.5000 2846.3594   20.8198
    0.0000  -15.0000    7.5000 2965.9009   21.4550
    7.5000  -15.0000    7.5000 2843.5337   20.5120
   -7.5000   -7.5000    7.5000 2830.9778   19.6943
    0.0000   -7.5000    7.5000 2883.2126   19.7729
    7.5000   -7.5000    7.5000 2809.9185   19.2857
   -7.5000    0.0000    7.5000 2816.9077   19.0558
    0.0000    0.0000    7.5000 2840.1191   18.8696
    7.5000    0.0000    7.5000 2792.6648   18.5675
   -7.5000    7.5000    7.5000 2799.1389   19.0355
    0.0000    7.5000    7.5000 2807.0288   18.6804
    7.5000    7.5000    7.5000 2784.5168   18.5035
   -7.5000   15.0000    7.5000 2772.8318   19.6090
    0.0000   15.0000    7.5000 2768.2412   19.0840
    7.5000   15.0000    7.5000 2753.9785   18.9863
   -7.5000   22.5000    7.5000 2715.3752   20.5091
    0.0000   22.5000    7.5000 2720.3247   20.0613
    7.5000   22.5000    7.5000 2713.0688   20.0092
   -7.5000   30.0000    7.5000 2642.9883   21.7896
    0.0000   30.0000    7.5000 2647.7878   21.4026
    7.5000   30.0000    7.5000 2645.8613   21.3886
   -7.5000   37.5000    7.5000 2554.9834   23.4536
    0.0000   37.5000    7.5000 2563.9341   23.1039
    7.5000   37.5000    7.5000 2558.0200   23.0790
   -7.5000   45.0000    7.5000 2436.3076   25.5789
    0.0000   45.0000    7.5000 2451.4475   25.3363
    7.5000   45.0000    7.5000 2437.2947   25.2434
   -7.5000  -45.0000   15.0000 2635.5781   28.5979
    0.0000  -45.0000   15.0000 2666.8120   28.5338
    7.5000  -45.0000   15.0000 2628.3162   28.1167
   -7.5000  -37.5000   15.0000 2728.7883   26.0704
    0.0000  -37.5000   15.0000 2766.6333   26.1010
    7.5000  -37.5000   15.0000 2721.5417   25.6408
   -7.5000  -30.0000   15.0000 2800.2761   24.1189
    0.0000  -30.0000   15.0000 2850.5032   24.2420
    7.5000  -30.0000   15.0000 2797.2625   23.7437
   -7.5000  -22.5000   15.0000 2850.2910   22.5279
    0.0000  -22.5000   15.0000 2926.3259   22.8641
    7.5000  -22.5000   15.0000 2856.0081   22.2677
   -7.5000  -15.0000   15.0000 2864.2546   21.1456
    0.0000  -15.0000   15.0000 2961.3052   21.5561
    7.5000  -15.0000   15.0000 2881.4731   20.9878
   -7.5000   -7.5000   15.0000 2849.8313   20.0949
    0.0000   -7.5000   15.0000 2895.7334   19.9642
    7.5000   -7.5000   15.0000 2834.2900   19.6777
   -7.5000    0.0000   15.0000 2821.1257   19.3764
    0.0000    0.0000   15.0000 2825.3848   18.9290
    7.5000    0.0000   15.0000 2795.5168   18.8360
   -7.5000    7.5000   15.0000 2791.5383   19.2497
    0.0000    7.5000   15.0000 2791.7375   18.7558
    7.5000    7.5000   15.0000 2770.0601   18.6989
   -7.5000   15.0000   15.0000 2770.3311   19.6920
    0.0000   15.0000   15.0000 2775.0945   19.2959
    7.5000   15.0000   15.0000 2763.0852   19.2114
   -7.5000   22.5000   15.0000 2724.2024   20.5876
    0.0000   22.5000   15.0000 2732.2317   20.2701
    7.5000   22.5000   15.0000 2727.9316   20.1701
   -7.5000   30.0000   15.0000 2652.7871   21.8778
    0.0000   30.0000   15.0000 2662.5461   21.5921
    7.5000   30.0000   15.0000 2658.3794   21.5064
   -7.5000   37.5000   15.0000 2570.9128   23.5526
    0.0000   37.5000   15.0000 2580.7100   23.2530
    7.5000   37.5000   15.0000 2575.6292   23.1959
   -7.5000   45.0000   15.0000 2454.9565   25.7542
    0.0000   45.0000   15.0000 2468.3987   25.4459
    7.5000   45.0000   15.0000 2457.4036   25.3919
   -7.5000  -45.0000   22.5000 2616.8423   29.3153
    0.0000  -45.0000   22.5000 2635.7212   29.0616
    7.5000  -45.0000   22.5000 2620.2930   28.8374
   -7.5000  -37.5000   22.5000 2705.5642   26.5731
    0.0000  -37.5000   22.5000 2730.2661   26.4189
    7.5000  -37.5000   22.5000 2709.0488   26.1560
   -7.5000  -30.0000   22.5000 2775.0264   24.4005
    0.0000  -30.0000   22.5000 2810.2588   24.3610
    7.5000  -30.0000   22.5000 2779.7864   24.0760
   -7.5000  -22.5000   22.5000 2820.5322   22.6693
    0.0000  -22.5000   22.5000 2870.8801   22.7486
    7.5000  -22.5000   22.5000 2832.0710   22.4179
   -7.5000  -15.0000   22.5000 2834.7969   21.2117
    0.0000  -15.0000   22.5000 2892.9460   21.2314
    7.5000  -15.0000   22.5000 2846.8096   20.9423
   -7.5000   -7.5000   22.5000 2835.4487   20.2077
    0.0000   -7.5000   22.5000 2843.1973   19.7343
    7.5000   -7.5000   22.5000 2814.3066   19.7116
   -7.5000    0.0000   22.5000 2828.7661   19.7171
    0.0000    0.0000   22.5000 2815.4453   19.0924
    7.5000    0.0000   22.5000 2794.2444   19.0665
   -7.5000    7.5000   22.5000 2811.7095   19.7979
    0.0000    7.5000   22.5000 2824.4946   19.3524
    7.5000    7.5000   22.5000 2812.0027   19.3362
   -7.5000   15.0000   22.5000 2784.6077   20.3334
    0.0000   15.0000   22.5000 2804.5278   20.0424
    7.5000   15.0000   22.5000 2797.3308   19.9846
   -7.5000   22.5000   22.5000 2738.8071   21.2164
    0.0000   22.5000   22.5000 2752.8015   20.9480
    7.5000   22.5000   22.5000 2745.1453   20.8778
   -7.5000   30.0000   22.5000 2661.1443   22.4105
    0.0000   30.0000   22.5000 2676.6506   22.1720
    7.5000   30.0000   22.5000 2670.9460   22.1167
   -7.5000   37.5000   22.5000 2568.3950   23.9390
    0.0000   37.5000   22.5000 2590.5889   23.7535
    7.5000   37.5000   22.5000 2582.5493   23.7047
   -7.5000   45.0000   22.5000 2445.6514   26.0537
    0.0000   45.0000   22.5000 2462.7825   25.8324
    7.5000   45.0000   22.5000 2455.9502   25.7626
   -7.5000  -45.0000   30.0000 2585.2634   29.9146
    0.0000  -45.0000   30.0000 2592.9258   29.4526
    7.5000  -45.0000   30.0000 2593.0530   29.4438
   -7.5000  -37.5000   30.0000 2672.0420   27.0650
    0.0000  -37.5000   30.0000 2680.4937   26.6867
    7.5000  -37.5000   30.0000 2681.9131   26.6586
   -7.5000  -30.0000   30.0000 2738.8953   24.8402
    0.0000  -30.0000   30.0000 2757.0632   24.5887
    7.5000  -30.0000   30.0000 2749.7505   24.4816
   -7.5000  -22.5000   30.0000 2785.9404   23.0700
    0.0000  -22.5000   30.0000 2814.1682   22.8968
    7.5000  -22.5000   30.0000 2797.1724   22.7228
   -7.5000  -15.0000   30.0000 2812.4302   21.6379
    0.0000  -15.0000   30.0000 2842.5176   21.3932
    7.5000  -15.0000   30.0000 2816.5198   21.2412
   -7.5000   -7.5000   30.0000 2818.2432   20.6575
    0.0000   -7.5000   30.0000 2805.2632   19.9989
    7.5000   -7.5000   30.0000 2783.3516   19.9960
   -7.5000    0.0000   30.0000 2820.5647   20.2410
    0.0000    0.0000   30.0000 2822.6658   19.6725
    7.5000    0.0000   30.0000 2810.2830   19.6785
   -7.5000    7.5000   30.0000 2819.3389   20.4228
    0.0000    7.5000   30.0000 2839.1082   20.0207
    7.5000    7.5000   30.0000 2832.0620   20.0421
   -7.5000   15.0000   30.0000 2787.7422   21.0463
    0.0000   15.0000   30.0000 2809.2791   20.7302
    7.5000   15.0000   30.0000 2806.2615   20.7219
   -7.5000   22.5000   30.0000 2733.4844   21.9949
    0.0000   22.5000   30.0000 2753.9468   21.7628
    7.5000   22.5000   30.0000 2749.1138   21.7242
   -7.5000   30.0000   30.0000 2656.2673   23.1931
    0.0000   30.0000   30.0000 2673.3086   22.9897
    7.5000   30.0000   30.0000 2666.6509   22.9263
   -7.5000   37.5000   30.0000 2563.1746   24.6935
    0.0000   37.5000   30.0000 2579.4807   24.4927
    7.5000   37.5000   30.0000 2571.9001   24.4390
   -7.5000   45.0000   30.0000 2434.1914   26.7548
    0.0000   45.0000   30.0000 2445.8643   26.5517
    7.5000   45.0000   30.0000 2441.1060   26.4831
   -7.5000  -45.0000   37.5000 2552.3547   30.6221
    0.0000  -45.0000   37.5000 2548.0042   29.9329
    7.5000  -45.0000   37.5000 2561.0874   30.1076
   -7.5000  -37.5000   37.5000 2640.6924   27.7036
    0.0000  -37.5000   37.5000 2635.1794   27.0945
    7.5000  -37.5000   37.5000 2649.2542   27.2378
   -7.5000  -30.0000   37.5000 2710.1699   25.4832
    0.0000  -30.0000   37.5000 2712.5962   24.9833
    7.5000  -30.0000   37.5000 2716.7378   25.0242
   -7.5000  -22.5000   37.5000 2755.6157   23.7052
    0.0000  -22.5000   37.5000 2763.7148   23.2384
    7.5000  -22.5000   37.5000 2755.6086   23.1598
   -7.5000  -15.0000   37.5000 2775.5378   22.2379
    0.0000  -15.0000   37.5000 2780.0359   21.6977
    7.5000  -15.0000   37.5000 2768.2810   21.6695
   -7.5000   -7.5000   37.5000 2788.7175   21.2762
    0.0000   -7.5000   37.5000 2784.5122   20.6126
    7.5000   -7.5000   37.5000 2770.7249   20.6509
   -7.5000    0.0000   37.5000 2808.9214   20.9614
    0.0000    0.0000   37.5000 2819.4622   20.5174
    7.5000    0.0000   37.5000 2810.7969   20.5236
   -7.5000    7.5000   37.5000 2808.4663   21.2341
    0.0000    7.5000   37.5000 2828.1421   20.8644
    7.5000    7.5000   37.5000 2822.3931   20.8750
   -7.5000   15.0000   37.5000 2777.0413   21.9237
    0.0000   15.0000   37.5000 2792.6375   21.5762
    7.5000   15.0000   37.5000 2791.8391   21.5733
   -7.5000   22.5000   37.5000 2716.5342   22.9020
    0.0000   22.5000   37.5000 2733.1809   22.6160
    7.5000   22.5000   37.5000 2732.4937   22.5788
   -7.5000   30.0000   37.5000 2633.4326   24.0942
    0.0000   30.0000   37.5000 2648.1821   23.8939
    7.5000   30.0000   37.5000 2644.7124   23.8471
   -7.5000   37.5000   37.5000 2534.6799   25.5926
    0.0000   37.5000   37.5000 2547.4985   25.4066
    7.5000   37.5000   37.5000 2548.3108   25.3878
   -7.5000   45.0000   37.5000 2405.3950   27.5789
    0.0000   45.0000   37.5000 2408.6426   27.3441
    7.5000   45.0000   37.5000 2409.8523   27.3828
   -7.5000  -45.0000   45.0000 2520.4751   31.5044
    0.0000  -45.0000   45.0000 2504.7937   30.5844
    7.5000  -45.0000   45.0000 2522.9229   30.8996
   -7.5000  -37.5000   45.0000 2598.9634   28.5102
    0.0000  -37.5000   45.0000 2591.4937   27.7415
    7.5000  -37.5000   45.0000 2604.4236   27.9344
   -7.5000  -30.0000   45.0000 2662.8140   26.1669
    0.0000  -30.0000   45.0000 2658.2356   25.5393
    7.5000  -30.0000   45.0000 2665.9055   25.6353
   -7.5000  -22.5000   45.0000 2717.2632   24.4536
    0.0000  -22.5000   45.0000 2709.1858   23.7487
    7.5000  -22.5000   45.0000 2706.5403   23.7908
   -7.5000  -15.0000   45.0000 2732.3445   23.0406
    0.0000  -15.0000   45.0000 2728.9851   22.3289
    7.5000  -15.0000   45.0000 2725.9695   22.3981
   -7.5000   -7.5000   45.0000 2755.5054   22.1033
    0.0000   -7.5000   45.0000 2762.6226   21.5159
    7.5000   -7.5000   45.0000 2754.0867   21.5827
   -7.5000    0.0000   45.0000 2781.4006   21.8848
    0.0000    0.0000   45.0000 2793.5703   21.4409
    7.5000    0.0000   45.0000 2790.1243   21.4673
   -7.5000    7.5000   45.0000 2783.7590   22.1645
    0.0000    7.5000   45.0000 2796.2349   21.7762
    7.5000    7.5000   45.0000 2795.7212   21.7961
   -7.5000   15.0000   45.0000 2746.8013   22.8894
    0.0000   15.0000   45.0000 2758.1528   22.5105
    7.5000   15.0000   45.0000 2760.6067   22.5220
   -7.5000   22.5000   45.0000 2682.1145   23.8469
    0.0000   22.5000   45.0000 2693.1663   23.5307
    7.5000   22.5000   45.0000 2695.7871   23.5480
   -7.5000   30.0000   45.0000 2595.3701   25.1047
    0.0000   30.0000   45.0000 2613.5737   24.8841
    7.5000   30.0000   45.0000 2611.9700   24.9020
   -7.5000   37.5000   45.0000 2488.2803   26.6176
    0.0000   37.5000   45.0000 2497.1960   26.4167
    7.5000   37.5000   45.0000 2499.1589   26.4079
   -7.5000   45.0000   45.0000 2362.4534   28.6736
    0.0000   45.0000   45.0000 2365.1074   28.4682
    7.5000   45.0000   45.0000 2365.8894   28.4489

---------------------------------------------------------------------
imgreg_4dfp /opt/freesurfer/average/711-2C_as_mni_average_305 /opt/freesurfer/average/711-2B_as_mni_average_305_mask talsrcimg_g11 none talsrcimg_to_711-2C_as_mni_average_305_t4 1283
---------------------------------------------------------------------

freesurfer imgreg_4dfp.c
/opt/freesurfer/average/711-2C_as_mni_average_305.4dfp.img
       256       256       256         1
  1.000000  1.000000  1.000000
orientation T byte_order littleendian
Reading image: /opt/freesurfer/average/711-2C_as_mni_average_305.4dfp.img
dimensions:      256       256       256
mmppix:       1.0000   -1.0000   -1.0000
center:     128.0000 -129.0000 -129.0000
/opt/freesurfer/average/711-2B_as_mni_average_305_mask.4dfp.img
       256       256       256         1
  1.000000  1.000000  1.000000
orientation T byte_order littleendian
Reading mask: /opt/freesurfer/average/711-2B_as_mni_average_305_mask.4dfp.img (2306576 pixels)
talsrcimg_g11.4dfp.img
       320       320       320         1
  0.800000  0.800000  0.800000
orientation T byte_order littleendian
Reading image: talsrcimg_g11.4dfp.img
dimensions:      320       320       320
mmppix:       0.8000   -0.8000   -0.8000
center:     128.0000 -128.8000 -128.8000
rotation matrix determinant  1.000000
fimgreg.f
image alignment mode   1283 decimal      503 hex
parameters
    0.0000  -15.0000    7.5000    0.0000    0.0000    0.0000
eta,q 0.93148 21.69447
niter,ni,del,rscale     5    3   12.0000    1.2000
parameter  3 -0.816433 -> -0.500000 qaram    1.1500
parameter  4  0.512716 ->  0.500000 qaram    1.1500
parameters
   -0.0400  -16.0562   10.9500   -3.4500   -0.0128   -2.5851
eta,q 0.93376 21.95743
  0.0979  0.0804  0.0964  0.0680  0.0713  0.0670
  0.0846  0.0758  0.0867  0.0667  0.0692  0.0665
  0.0797  0.0736  0.0821  0.0666  0.0679  0.0662
  0.0749  0.0749  0.0739  0.0677  0.0666  0.0666
  0.0763  0.0770  0.0686  0.0694  0.0663  0.0674
  0.0854  0.0800  0.0677  0.0710  0.0681  0.0682
  0.0995  0.0857  0.0694  0.0726  0.0726  0.0688
niter,ni,del,rscale     6    3   12.0000    1.2000
parameters
   -0.1954  -14.9944   10.8599   -5.3166    0.4036   -2.9854
eta,q 0.93527 21.92247
  0.0854  0.0818  0.0816  0.0679  0.0711  0.0670
  0.0745  0.0751  0.0729  0.0656  0.0687  0.0659
  0.0707  0.0697  0.0659  0.0650  0.0669  0.0651
  0.0662  0.0665  0.0660  0.0659  0.0650  0.0648
  0.0671  0.0665  0.0680  0.0674  0.0644  0.0653
  0.0760  0.0703  0.0739  0.0689  0.0663  0.0664
  0.0889  0.0738  0.0816  0.0703  0.0709  0.0675
niter,ni,del,rscale     5    3   12.0000    1.2000
parameters
   -0.3001  -14.0951   10.5282   -7.1323    0.3986   -2.7644
eta,q 0.93712 21.91982
  0.0858  0.0812  0.0807  0.0670  0.0695  0.0669
  0.0739  0.0754  0.0705  0.0647  0.0669  0.0653
  0.0691  0.0693  0.0636  0.0629  0.0647  0.0636
  0.0647  0.0649  0.0640  0.0637  0.0629  0.0629
  0.0662  0.0643  0.0674  0.0667  0.0628  0.0634
  0.0755  0.0692  0.0743  0.0690  0.0656  0.0649
  0.0881  0.0749  0.0822  0.0699  0.0711  0.0664
niter,ni,del,rscale     4    3   12.0000    1.2000
parameters
   -0.2358  -13.4086   10.0984   -8.4806    0.1134   -2.8151
eta,q 0.93811 21.91032
  0.0864  0.0808  0.0798  0.0664  0.0686  0.0662
  0.0731  0.0743  0.0690  0.0644  0.0653  0.0642
  0.0678  0.0674  0.0615  0.0624  0.0631  0.0624
  0.0629  0.0628  0.0621  0.0617  0.0618  0.0619
  0.0637  0.0628  0.0664  0.0644  0.0623  0.0629
  0.0730  0.0690  0.0737  0.0685  0.0656  0.0645
  0.0863  0.0753  0.0824  0.0703  0.0711  0.0660
niter,ni,del,rscale     3    3   12.0000    1.2000
parameters
   -0.0760  -12.9500    9.8226   -9.4033   -0.1534   -2.9416
eta,q 0.93866 21.91242
  0.0869  0.0791  0.0799  0.0664  0.0686  0.0656
  0.0730  0.0721  0.0691  0.0639  0.0648  0.0636
  0.0673  0.0656  0.0609  0.0622  0.0625  0.0618
  0.0619  0.0616  0.0613  0.0610  0.0613  0.0614
  0.0621  0.0625  0.0655  0.0623  0.0620  0.0625
  0.0715  0.0689  0.0720  0.0670  0.0653  0.0641
  0.0856  0.0751  0.0812  0.0702  0.0708  0.0655
niter,ni,del,rscale     2    3   12.0000    1.2000
parameters
    0.0434  -12.6475    9.6809   -9.9993   -0.3130   -2.9990
eta,q 0.93899 21.91754
  0.0866  0.0776  0.0803  0.0666  0.0690  0.0653
  0.0728  0.0707  0.0694  0.0638  0.0649  0.0634
  0.0669  0.0646  0.0607  0.0620  0.0623  0.0616
  0.0613  0.0612  0.0610  0.0608  0.0610  0.0610
  0.0618  0.0623  0.0651  0.0613  0.0618  0.0621
  0.0717  0.0688  0.0711  0.0654  0.0651  0.0638
  0.0859  0.0751  0.0802  0.0698  0.0704  0.0651
niter,ni,del,rscale     1    3   12.0000    1.2000
parameters
    0.1159  -12.4478    9.5885  -10.3791   -0.4062   -3.0031
eta,q 0.93919 21.91925
  0.0864  0.0768  0.0805  0.0668  0.0693  0.0653
  0.0727  0.0699  0.0694  0.0639  0.0650  0.0633
  0.0665  0.0641  0.0606  0.0619  0.0622  0.0614
  0.0610  0.0609  0.0608  0.0607  0.0608  0.0608
  0.0618  0.0622  0.0649  0.0610  0.0616  0.0619
  0.0721  0.0688  0.0708  0.0644  0.0650  0.0636
  0.0864  0.0752  0.0797  0.0694  0.0703  0.0649
registration optimization eta report
parameter search radius
    6.0000    6.0000    6.9000    6.9000    6.0000    6.0000
100000*second partial in parameter space
       70.       41.       41.       16.       25.       11.
  0.0864  0.0768  0.0805  0.0668  0.0693  0.0653
  0.0727  0.0699  0.0694  0.0639  0.0650  0.0633
  0.0665  0.0641  0.0606  0.0619  0.0622  0.0614
  0.0610  0.0609  0.0608  0.0607  0.0608  0.0608
  0.0618  0.0622  0.0649  0.0610  0.0616  0.0619
  0.0721  0.0688  0.0708  0.0644  0.0650  0.0636
  0.0864  0.0752  0.0797  0.0694  0.0703  0.0649
    0.1159  -12.4478    9.5885  -10.3791   -0.4062   -3.0031
eta,q 0.93919 21.91925

---------------------------------------------------------------------
imgreg_4dfp /opt/freesurfer/average/711-2C_as_mni_average_305 /opt/freesurfer/average/711-2B_as_mni_average_305_mask talsrcimg_g11 none talsrcimg_to_711-2C_as_mni_average_305_t4 3335
---------------------------------------------------------------------

freesurfer imgreg_4dfp.c
/opt/freesurfer/average/711-2C_as_mni_average_305.4dfp.img
       256       256       256         1
  1.000000  1.000000  1.000000
orientation T byte_order littleendian
Reading image: /opt/freesurfer/average/711-2C_as_mni_average_305.4dfp.img
dimensions:      256       256       256
mmppix:       1.0000   -1.0000   -1.0000
center:     128.0000 -129.0000 -129.0000
/opt/freesurfer/average/711-2B_as_mni_average_305_mask.4dfp.img
       256       256       256         1
  1.000000  1.000000  1.000000
orientation T byte_order littleendian
Reading mask: /opt/freesurfer/average/711-2B_as_mni_average_305_mask.4dfp.img (2306576 pixels)
talsrcimg_g11.4dfp.img
       320       320       320         1
  0.800000  0.800000  0.800000
orientation T byte_order littleendian
Reading image: talsrcimg_g11.4dfp.img
dimensions:      320       320       320
mmppix:       0.8000   -0.8000   -0.8000
center:     128.0000 -128.8000 -128.8000
fimgreg.f
image alignment mode   3335 decimal      D07 hex
parameters
    0.1159  -12.4478    9.5885   -0.1398   -1.7647   -1.6388
    5.0258    1.6402   -5.2389   17.9548   -0.7089  -18.0156
eta,q 0.94096 22.17187
niter,ni,del,rscale     5    3    5.0000    1.2000
parameter  4  0.746766 ->  0.500000 qaram    1.1500
parameter  5  0.798926 ->  0.500000 qaram    1.1500
parameters
    1.0152  -11.5378    8.6208   -4.2798   -5.9047   -4.1866
    4.3526    2.4905   -2.7265   15.8553    0.4580  -15.3241
eta,q 0.95261 21.99391
  0.0688  0.0621  0.0583  0.0515  0.0463  0.0492  0.0506  0.0532  0.0513  0.0486  0.0488  0.0485
  0.0646  0.0604  0.0573  0.0508  0.0473  0.0485  0.0489  0.0503  0.0496  0.0479  0.0481  0.0480
  0.0613  0.0591  0.0572  0.0523  0.0488  0.0479  0.0480  0.0486  0.0485  0.0475  0.0477  0.0477
  0.0590  0.0581  0.0577  0.0572  0.0510  0.0476  0.0480  0.0479  0.0479  0.0476  0.0475  0.0475
  0.0581  0.0577  0.0587  0.0660  0.0545  0.0497  0.0486  0.0480  0.0476  0.0483  0.0475  0.0474
  0.0586  0.0579  0.0602  0.0781  0.0604  0.0551  0.0498  0.0490  0.0478  0.0498  0.0477  0.0474
  0.0606  0.0588  0.0621  0.0898  0.0689  0.0653  0.0516  0.0511  0.0484  0.0520  0.0481  0.0476
niter,ni,del,rscale     6    3    5.0000    1.2000
parameter  2 -1.424965 -> -0.500000 qaram    1.1500
parameters
    1.2755  -10.1578    8.0010   -6.4240   -9.6836   -4.6700
    3.4867    2.2155   -2.4248   15.1799   -1.2692  -18.1937
eta,q 0.95503 21.57020
  0.0511  0.0534  0.0456  0.0493  0.0456  0.0473  0.0465  0.0469  0.0465  0.0467  0.0452  0.0451
  0.0492  0.0512  0.0453  0.0479  0.0449  0.0465  0.0456  0.0458  0.0457  0.0459  0.0450  0.0450
  0.0480  0.0491  0.0452  0.0462  0.0450  0.0456  0.0451  0.0452  0.0452  0.0453  0.0450  0.0450
  0.0474  0.0473  0.0452  0.0452  0.0458  0.0448  0.0450  0.0450  0.0450  0.0450  0.0450  0.0450
  0.0475  0.0460  0.0454  0.0469  0.0474  0.0441  0.0454  0.0452  0.0451  0.0453  0.0451  0.0451
  0.0483  0.0450  0.0458  0.0530  0.0509  0.0458  0.0462  0.0459  0.0456  0.0462  0.0452  0.0454
  0.0498  0.0445  0.0465  0.0645  0.0573  0.0500  0.0474  0.0473  0.0463  0.0478  0.0454  0.0457
niter,ni,del,rscale     6    3    5.0000    1.2000
parameter  2 -1.156758 -> -0.500000 qaram    1.3225
parameter  3 -0.539685 -> -0.500000 qaram    1.1500
parameters
    1.5208   -8.5708    9.3810   -7.1080  -11.8387   -5.3238
    2.7163    2.1600   -2.5298   14.8587   -2.4897  -20.0424
eta,q 0.95686 21.29164
  0.0473  0.0511  0.0443  0.0472  0.0448  0.0451  0.0446  0.0450  0.0444  0.0449  0.0434  0.0434
  0.0461  0.0487  0.0438  0.0459  0.0437  0.0442  0.0438  0.0439  0.0437  0.0441  0.0432  0.0432
  0.0454  0.0466  0.0434  0.0445  0.0431  0.0435  0.0433  0.0433  0.0433  0.0434  0.0432  0.0431
  0.0450  0.0449  0.0431  0.0429  0.0432  0.0431  0.0432  0.0431  0.0432  0.0432  0.0432  0.0432
  0.0450  0.0437  0.0429  0.0424  0.0440  0.0429  0.0435  0.0433  0.0433  0.0433  0.0432  0.0433
  0.0455  0.0429  0.0429  0.0450  0.0458  0.0435  0.0443  0.0439  0.0438  0.0441  0.0434  0.0435
  0.0466  0.0425  0.0431  0.0520  0.0503  0.0478  0.0455  0.0451  0.0445  0.0455  0.0436  0.0439
niter,ni,del,rscale     7    3    5.0000    1.2000
parameter  2 -0.628816 -> -0.500000 qaram    1.5209
parameters
    1.7893   -6.7458    9.4533   -7.7798  -13.7492   -6.1145
    2.1526    1.9296   -2.7765   15.1347   -3.2517  -20.2214
eta,q 0.95748 21.03356
  0.0453  0.0486  0.0432  0.0460  0.0442  0.0444  0.0440  0.0441  0.0435  0.0442  0.0427  0.0429
  0.0442  0.0462  0.0427  0.0449  0.0431  0.0436  0.0432  0.0431  0.0429  0.0434  0.0426  0.0427
  0.0435  0.0444  0.0423  0.0436  0.0425  0.0429  0.0427  0.0426  0.0426  0.0428  0.0425  0.0426
  0.0431  0.0431  0.0422  0.0422  0.0425  0.0424  0.0425  0.0425  0.0425  0.0425  0.0425  0.0425
  0.0432  0.0424  0.0422  0.0417  0.0430  0.0424  0.0428  0.0428  0.0427  0.0426  0.0426  0.0425
  0.0436  0.0422  0.0426  0.0439  0.0446  0.0430  0.0435  0.0433  0.0430  0.0431  0.0427  0.0427
  0.0445  0.0425  0.0432  0.0503  0.0493  0.0474  0.0447  0.0442  0.0436  0.0440  0.0428  0.0429
niter,ni,del,rscale     7    3    5.0000    1.2000
parameters
    2.0404   -5.7991    9.5591   -7.9637  -15.0188   -6.6114
    1.6709    1.7698   -2.8174   15.1358   -3.4449  -19.5643
eta,q 0.95753 20.89198
  0.0443  0.0467  0.0433  0.0458  0.0444  0.0443  0.0440  0.0440  0.0433  0.0438  0.0427  0.0429
  0.0434  0.0446  0.0428  0.0448  0.0433  0.0435  0.0431  0.0430  0.0428  0.0432  0.0426  0.0427
  0.0428  0.0432  0.0425  0.0437  0.0426  0.0428  0.0426  0.0425  0.0426  0.0427  0.0425  0.0426
  0.0425  0.0425  0.0424  0.0424  0.0424  0.0424  0.0425  0.0425  0.0425  0.0425  0.0425  0.0425
  0.0425  0.0424  0.0424  0.0416  0.0428  0.0424  0.0427  0.0427  0.0426  0.0426  0.0425  0.0425
  0.0429  0.0428  0.0427  0.0431  0.0439  0.0429  0.0434  0.0432  0.0428  0.0431  0.0426  0.0426
  0.0437  0.0438  0.0432  0.0484  0.0473  0.0461  0.0445  0.0440  0.0434  0.0439  0.0427  0.0428
niter,ni,del,rscale     6    3    5.0000    1.2000
parameters
    2.2526   -5.2104    9.4365   -8.0596  -15.9370   -6.8628
    1.1800    1.6325   -2.8825   15.3043   -3.7897  -18.7074
eta,q 0.95754 20.79696
  0.0441  0.0458  0.0431  0.0457  0.0445  0.0443  0.0439  0.0440  0.0432  0.0438  0.0426  0.0429
  0.0433  0.0441  0.0428  0.0448  0.0435  0.0435  0.0431  0.0429  0.0428  0.0432  0.0425  0.0427
  0.0427  0.0429  0.0425  0.0437  0.0427  0.0429  0.0427  0.0425  0.0426  0.0427  0.0425  0.0426
  0.0425  0.0424  0.0424  0.0424  0.0425  0.0425  0.0425  0.0425  0.0425  0.0425  0.0425  0.0425
  0.0425  0.0425  0.0425  0.0416  0.0428  0.0425  0.0427  0.0427  0.0425  0.0425  0.0425  0.0425
  0.0428  0.0431  0.0428  0.0430  0.0437  0.0429  0.0433  0.0432  0.0428  0.0430  0.0426  0.0426
  0.0436  0.0441  0.0433  0.0479  0.0464  0.0453  0.0445  0.0439  0.0433  0.0438  0.0427  0.0428
niter,ni,del,rscale     5    3    5.0000    1.2000
parameters
    2.4920   -4.6702    8.9471   -8.3527  -16.9746   -7.1382
    0.5215    1.3276   -3.1538   16.4211   -5.2876  -18.0278
eta,q 0.95754 20.71290
  0.0440  0.0455  0.0429  0.0456  0.0444  0.0441  0.0438  0.0438  0.0431  0.0439  0.0425  0.0429
  0.0432  0.0439  0.0426  0.0447  0.0435  0.0435  0.0431  0.0429  0.0428  0.0433  0.0425  0.0427
  0.0427  0.0429  0.0424  0.0436  0.0427  0.0429  0.0427  0.0425  0.0426  0.0428  0.0425  0.0426
  0.0425  0.0424  0.0424  0.0424  0.0425  0.0425  0.0425  0.0426  0.0425  0.0425  0.0425  0.0425
  0.0425  0.0425  0.0425  0.0417  0.0429  0.0425  0.0428  0.0428  0.0426  0.0425  0.0425  0.0425
  0.0428  0.0430  0.0429  0.0431  0.0438  0.0429  0.0434  0.0432  0.0428  0.0428  0.0425  0.0426
  0.0436  0.0440  0.0435  0.0483  0.0462  0.0452  0.0445  0.0438  0.0433  0.0433  0.0426  0.0428
niter,ni,del,rscale     4    3    5.0000    1.2000
parameter 10 -0.581699 -> -0.500000 qaram    1.1500
parameters
    2.8482   -3.8310    7.6038   -9.3091  -18.8224   -8.0855
   -0.6778    0.2957   -3.6743   20.5611   -8.6849  -19.0278
eta,q 0.95812 20.61238
  0.0440  0.0456  0.0423  0.0451  0.0437  0.0436  0.0433  0.0433  0.0429  0.0443  0.0420  0.0423
  0.0433  0.0441  0.0421  0.0442  0.0430  0.0432  0.0429  0.0425  0.0426  0.0436  0.0419  0.0420
  0.0428  0.0430  0.0421  0.0432  0.0425  0.0427  0.0425  0.0423  0.0424  0.0429  0.0419  0.0419
  0.0425  0.0424  0.0423  0.0421  0.0424  0.0424  0.0425  0.0425  0.0424  0.0424  0.0420  0.0419
  0.0424  0.0423  0.0426  0.0418  0.0430  0.0423  0.0427  0.0428  0.0425  0.0420  0.0421  0.0420
  0.0427  0.0427  0.0431  0.0438  0.0441  0.0428  0.0434  0.0432  0.0427  0.0420  0.0422  0.0422
  0.0434  0.0436  0.0439  0.0498  0.0465  0.0461  0.0444  0.0437  0.0431  0.0423  0.0423  0.0425
niter,ni,del,rscale     4    3    5.0000    1.2000
parameter  3  0.689891 ->  0.500000 qaram    1.3225
parameters
    3.1518   -2.4169    6.0168  -11.0306  -21.0791   -9.5752
   -1.8899   -0.0055   -4.1333   22.3933  -10.7105  -18.9507
eta,q 0.95871 20.36039
  0.0436  0.0462  0.0409  0.0437  0.0424  0.0426  0.0423  0.0430  0.0420  0.0439  0.0415  0.0417
  0.0428  0.0444  0.0408  0.0427  0.0419  0.0422  0.0419  0.0418  0.0417  0.0428  0.0413  0.0415
  0.0422  0.0429  0.0410  0.0417  0.0414  0.0416  0.0415  0.0414  0.0415  0.0420  0.0413  0.0413
  0.0419  0.0418  0.0413  0.0409  0.0413  0.0413  0.0415  0.0415  0.0415  0.0415  0.0413  0.0413
  0.0418  0.0414  0.0419  0.0413  0.0421  0.0413  0.0417  0.0418  0.0416  0.0413  0.0414  0.0414
  0.0422  0.0416  0.0428  0.0445  0.0434  0.0427  0.0423  0.0424  0.0418  0.0417  0.0416  0.0415
  0.0430  0.0425  0.0439  0.0514  0.0458  0.0471  0.0433  0.0429  0.0422  0.0425  0.0417  0.0417
niter,ni,del,rscale     4    3    5.0000    1.2000
parameters
    3.6713   -1.0221    4.8432  -12.5207  -22.7476  -10.8792
   -2.8653   -0.0666   -5.2503   23.5772  -12.7972  -19.0133
eta,q 0.95872 20.18346
  0.0430  0.0452  0.0411  0.0434  0.0424  0.0425  0.0422  0.0432  0.0418  0.0433  0.0414  0.0416
  0.0422  0.0435  0.0407  0.0425  0.0419  0.0421  0.0418  0.0417  0.0415  0.0424  0.0413  0.0414
  0.0416  0.0421  0.0406  0.0415  0.0413  0.0416  0.0415  0.0414  0.0414  0.0418  0.0413  0.0413
  0.0413  0.0412  0.0408  0.0406  0.0411  0.0412  0.0414  0.0414  0.0414  0.0414  0.0413  0.0413
  0.0412  0.0408  0.0412  0.0408  0.0415  0.0411  0.0416  0.0417  0.0415  0.0413  0.0414  0.0413
  0.0414  0.0410  0.0419  0.0435  0.0428  0.0424  0.0421  0.0422  0.0417  0.0417  0.0415  0.0415
  0.0420  0.0418  0.0429  0.0500  0.0447  0.0464  0.0429  0.0428  0.0421  0.0426  0.0416  0.0416
niter,ni,del,rscale     3    3    5.0000    1.2000
parameters
    4.1050    0.0048    4.1003  -13.8370  -24.0508  -12.0509
   -3.2078   -0.0684   -6.9100   24.0865  -15.3157  -19.5782
eta,q 0.95842 20.06881
  0.0427  0.0442  0.0415  0.0436  0.0427  0.0428  0.0425  0.0436  0.0419  0.0432  0.0417  0.0418
  0.0420  0.0429  0.0412  0.0428  0.0422  0.0424  0.0421  0.0420  0.0417  0.0425  0.0416  0.0417
  0.0416  0.0418  0.0410  0.0419  0.0417  0.0419  0.0418  0.0416  0.0417  0.0420  0.0416  0.0416
  0.0413  0.0412  0.0410  0.0410  0.0414  0.0415  0.0417  0.0417  0.0417  0.0417  0.0416  0.0416
  0.0412  0.0410  0.0413  0.0408  0.0416  0.0413  0.0418  0.0420  0.0418  0.0417  0.0417  0.0417
  0.0414  0.0413  0.0418  0.0431  0.0427  0.0424  0.0421  0.0425  0.0420  0.0421  0.0418  0.0417
  0.0420  0.0421  0.0425  0.0491  0.0445  0.0461  0.0428  0.0431  0.0423  0.0430  0.0418  0.0419
niter,ni,del,rscale     2    3    5.0000    1.2000
parameters
    4.3542    0.7397    3.6188  -15.1273  -25.0856  -13.2017
   -3.2301   -0.1740   -8.3849   24.4856  -17.5998  -20.4771
eta,q 0.95805 19.99767
  0.0428  0.0439  0.0420  0.0438  0.0430  0.0431  0.0429  0.0439  0.0424  0.0434  0.0421  0.0421
  0.0422  0.0428  0.0416  0.0430  0.0426  0.0428  0.0425  0.0423  0.0421  0.0428  0.0420  0.0420
  0.0418  0.0420  0.0415  0.0422  0.0421  0.0423  0.0422  0.0420  0.0420  0.0423  0.0420  0.0420
  0.0416  0.0415  0.0415  0.0414  0.0418  0.0419  0.0421  0.0421  0.0421  0.0420  0.0420  0.0420
  0.0416  0.0415  0.0416  0.0412  0.0419  0.0417  0.0421  0.0424  0.0422  0.0421  0.0421  0.0420
  0.0418  0.0418  0.0420  0.0432  0.0428  0.0427  0.0424  0.0429  0.0424  0.0425  0.0422  0.0421
  0.0425  0.0426  0.0425  0.0488  0.0445  0.0462  0.0430  0.0436  0.0427  0.0433  0.0422  0.0422
niter,ni,del,rscale     1    3    5.0000    1.2000
parameters
    4.5548    1.3349    3.1563  -16.4304  -25.8276  -14.4060
   -3.3289   -0.4335   -9.3944   25.1186  -19.3758  -21.4682
eta,q 0.95765 19.95794
  0.0430  0.0440  0.0424  0.0440  0.0434  0.0434  0.0432  0.0442  0.0428  0.0438  0.0425  0.0425
  0.0425  0.0429  0.0420  0.0433  0.0430  0.0431  0.0429  0.0426  0.0426  0.0431  0.0424  0.0424
  0.0422  0.0423  0.0419  0.0426  0.0425  0.0427  0.0426  0.0423  0.0424  0.0427  0.0423  0.0423
  0.0419  0.0419  0.0419  0.0419  0.0422  0.0423  0.0425  0.0425  0.0424  0.0424  0.0424  0.0424
  0.0419  0.0419  0.0421  0.0417  0.0422  0.0421  0.0425  0.0428  0.0426  0.0424  0.0425  0.0424
  0.0422  0.0423  0.0424  0.0435  0.0430  0.0431  0.0428  0.0433  0.0428  0.0428  0.0426  0.0425
  0.0428  0.0430  0.0428  0.0488  0.0446  0.0465  0.0433  0.0439  0.0431  0.0435  0.0426  0.0426
registration optimization eta report
parameter search radius
    2.4000    3.6501    3.1740    8.2800    8.2800    7.2000
    7.2000    7.2000    7.2000    8.2800    7.2000    7.2000
100000*second partial in parameter space
       17.       12.        7.        7.        3.        5.
        2.        3.        1.        2.        0.        0.
  0.0430  0.0440  0.0424  0.0440  0.0434  0.0434  0.0432  0.0442  0.0428  0.0438  0.0425  0.0425
  0.0425  0.0429  0.0420  0.0433  0.0430  0.0431  0.0429  0.0426  0.0426  0.0431  0.0424  0.0424
  0.0422  0.0423  0.0419  0.0426  0.0425  0.0427  0.0426  0.0423  0.0424  0.0427  0.0423  0.0423
  0.0419  0.0419  0.0419  0.0419  0.0422  0.0423  0.0425  0.0425  0.0424  0.0424  0.0424  0.0424
  0.0419  0.0419  0.0421  0.0417  0.0422  0.0421  0.0425  0.0428  0.0426  0.0424  0.0425  0.0424
  0.0422  0.0423  0.0424  0.0435  0.0430  0.0431  0.0428  0.0433  0.0428  0.0428  0.0426  0.0425
  0.0428  0.0430  0.0428  0.0488  0.0446  0.0465  0.0433  0.0439  0.0431  0.0435  0.0426  0.0426
    4.5548    1.3349    3.1563  -16.4304  -25.8276  -14.4060
   -3.3289   -0.4335   -9.3944   25.1186  -19.3758  -21.4682
eta,q 0.95765 19.95794

---------------------------------------------------------------------
imgreg_4dfp /opt/freesurfer/average/711-2C_as_mni_average_305 /opt/freesurfer/average/711-2B_as_mni_average_305_mask talsrcimg_g11 none talsrcimg_to_711-2C_as_mni_average_305_t4 2311
---------------------------------------------------------------------

freesurfer imgreg_4dfp.c
/opt/freesurfer/average/711-2C_as_mni_average_305.4dfp.img
       256       256       256         1
  1.000000  1.000000  1.000000
orientation T byte_order littleendian
Reading image: /opt/freesurfer/average/711-2C_as_mni_average_305.4dfp.img
dimensions:      256       256       256
mmppix:       1.0000   -1.0000   -1.0000
center:     128.0000 -129.0000 -129.0000
/opt/freesurfer/average/711-2B_as_mni_average_305_mask.4dfp.img
       256       256       256         1
  1.000000  1.000000  1.000000
orientation T byte_order littleendian
Reading mask: /opt/freesurfer/average/711-2B_as_mni_average_305_mask.4dfp.img (2306576 pixels)
talsrcimg_g11.4dfp.img
       320       320       320         1
  0.800000  0.800000  0.800000
orientation T byte_order littleendian
Reading image: talsrcimg_g11.4dfp.img
dimensions:      320       320       320
mmppix:       0.8000   -0.8000   -0.8000
center:     128.0000 -128.8000 -128.8000
fimgreg.f
image alignment mode   2311 decimal      907 hex
parameters
    4.5548    1.3349    3.1563  -16.4304  -25.8276  -14.4060
   -3.3289   -0.4335   -9.3944   25.1186  -19.3758  -21.4682
eta,q 0.95766 19.95794
niter,ni,del,rscale     5    3    5.0000    0.8000
parameter  3  0.551560 ->  0.500000 qaram    1.1500
parameters
    4.9684    2.0168    2.2363  -16.3522  -25.6235  -15.1682
   -3.6746    0.0238   -9.5807   26.6249  -19.4852  -21.9343
eta,q 0.95774 19.97516
  0.0429  0.0428  0.0422  0.0434  0.0429  0.0429  0.0427  0.0438  0.0426  0.0430  0.0425  0.0424
  0.0426  0.0426  0.0422  0.0430  0.0426  0.0427  0.0425  0.0427  0.0424  0.0427  0.0423  0.0423
  0.0425  0.0424  0.0422  0.0426  0.0424  0.0424  0.0423  0.0423  0.0423  0.0425  0.0422  0.0423
  0.0423  0.0423  0.0423  0.0422  0.0422  0.0422  0.0423  0.0423  0.0423  0.0423  0.0423  0.0423
  0.0423  0.0423  0.0423  0.0421  0.0422  0.0422  0.0424  0.0425  0.0424  0.0423  0.0423  0.0423
  0.0424  0.0423  0.0424  0.0425  0.0424  0.0428  0.0426  0.0427  0.0425  0.0423  0.0424  0.0423
  0.0425  0.0423  0.0426  0.0437  0.0429  0.0444  0.0429  0.0431  0.0426  0.0425  0.0424  0.0424
niter,ni,del,rscale     5    3    5.0000    0.8000
parameters
    5.2266    2.3905    1.6891  -16.5572  -25.9328  -15.7767
   -3.8819    0.3832   -9.5623   27.6880  -20.0409  -22.0851
eta,q 0.95771 19.97407
  0.0428  0.0426  0.0423  0.0433  0.0428  0.0429  0.0428  0.0437  0.0426  0.0430  0.0425  0.0424
  0.0426  0.0424  0.0422  0.0429  0.0426  0.0427  0.0425  0.0427  0.0425  0.0427  0.0423  0.0423
  0.0424  0.0423  0.0422  0.0425  0.0423  0.0424  0.0424  0.0423  0.0424  0.0425  0.0423  0.0423
  0.0423  0.0422  0.0422  0.0422  0.0422  0.0422  0.0423  0.0423  0.0423  0.0423  0.0423  0.0423
  0.0422  0.0422  0.0423  0.0421  0.0423  0.0422  0.0424  0.0425  0.0424  0.0423  0.0424  0.0423
  0.0423  0.0423  0.0424  0.0426  0.0426  0.0426  0.0426  0.0428  0.0425  0.0424  0.0424  0.0424
  0.0426  0.0424  0.0425  0.0440  0.0431  0.0441  0.0429  0.0431  0.0426  0.0426  0.0425  0.0424
niter,ni,del,rscale     4    3    5.0000    0.7000
parameters
    5.4398    2.8147    1.0645  -16.7475  -26.2292  -16.2580
   -4.1782    0.7027   -9.4416   28.4679  -20.5496  -21.9241
eta,q 0.95771 19.96061
  0.0427  0.0426  0.0423  0.0431  0.0427  0.0428  0.0427  0.0435  0.0426  0.0428  0.0425  0.0424
  0.0425  0.0425  0.0422  0.0428  0.0425  0.0426  0.0425  0.0427  0.0424  0.0426  0.0423  0.0423
  0.0424  0.0423  0.0422  0.0425  0.0423  0.0424  0.0423  0.0423  0.0424  0.0424  0.0423  0.0423
  0.0423  0.0423  0.0423  0.0422  0.0422  0.0422  0.0423  0.0423  0.0423  0.0423  0.0423  0.0423
  0.0423  0.0422  0.0423  0.0422  0.0423  0.0422  0.0424  0.0424  0.0423  0.0423  0.0424  0.0423
  0.0424  0.0423  0.0424  0.0426  0.0425  0.0426  0.0425  0.0427  0.0424  0.0424  0.0424  0.0423
  0.0425  0.0424  0.0425  0.0437  0.0430  0.0436  0.0428  0.0430  0.0426  0.0426  0.0425  0.0424
niter,ni,del,rscale     3    3    5.0000    0.6000
parameters
    5.5929    3.1421    0.5815  -16.7808  -26.4324  -16.5870
   -4.3827    1.0369   -9.1726   28.9861  -20.8525  -21.5195
eta,q 0.95772 19.94689
  0.0426  0.0425  0.0423  0.0430  0.0426  0.0427  0.0426  0.0433  0.0425  0.0427  0.0424  0.0424
  0.0425  0.0424  0.0423  0.0427  0.0424  0.0425  0.0424  0.0426  0.0424  0.0425  0.0423  0.0423
  0.0424  0.0423  0.0422  0.0424  0.0423  0.0424  0.0423  0.0423  0.0423  0.0424  0.0423  0.0423
  0.0423  0.0423  0.0423  0.0422  0.0422  0.0423  0.0423  0.0423  0.0423  0.0423  0.0423  0.0423
  0.0423  0.0423  0.0423  0.0422  0.0423  0.0422  0.0423  0.0424  0.0423  0.0423  0.0423  0.0423
  0.0423  0.0423  0.0424  0.0425  0.0425  0.0425  0.0424  0.0426  0.0424  0.0424  0.0424  0.0423
  0.0425  0.0424  0.0425  0.0432  0.0428  0.0432  0.0427  0.0428  0.0424  0.0425  0.0425  0.0423
niter,ni,del,rscale     2    3    5.0000    0.5000
parameters
    5.6883    3.3994    0.2370  -16.6038  -26.5425  -16.7271
   -4.5175    1.3949   -8.7866   29.2884  -20.9149  -21.0767
eta,q 0.95775 19.93336
  0.0425  0.0424  0.0423  0.0428  0.0425  0.0426  0.0425  0.0430  0.0424  0.0425  0.0424  0.0423
  0.0424  0.0424  0.0423  0.0426  0.0424  0.0425  0.0424  0.0425  0.0423  0.0424  0.0423  0.0423
  0.0423  0.0423  0.0423  0.0424  0.0423  0.0423  0.0423  0.0423  0.0423  0.0423  0.0423  0.0423
  0.0423  0.0423  0.0423  0.0423  0.0422  0.0422  0.0422  0.0422  0.0423  0.0423  0.0423  0.0423
  0.0423  0.0423  0.0423  0.0422  0.0423  0.0422  0.0423  0.0423  0.0423  0.0423  0.0423  0.0423
  0.0423  0.0423  0.0423  0.0424  0.0424  0.0424  0.0424  0.0425  0.0423  0.0423  0.0423  0.0423
  0.0424  0.0423  0.0424  0.0428  0.0426  0.0428  0.0425  0.0427  0.0424  0.0424  0.0424  0.0423
niter,ni,del,rscale     1    3    5.0000    0.4000
parameters
    5.7054    3.5310   -0.0085  -16.1998  -26.5761  -16.6920
   -4.6210    1.7870   -8.4041   29.4956  -20.7523  -20.4383
eta,q 0.95779 19.92507
  0.0424  0.0424  0.0423  0.0427  0.0424  0.0425  0.0424  0.0428  0.0423  0.0424  0.0423  0.0423
  0.0423  0.0423  0.0423  0.0425  0.0423  0.0424  0.0423  0.0425  0.0423  0.0423  0.0423  0.0422
  0.0423  0.0423  0.0422  0.0424  0.0422  0.0423  0.0422  0.0423  0.0422  0.0422  0.0422  0.0422
  0.0423  0.0423  0.0422  0.0422  0.0422  0.0422  0.0422  0.0422  0.0422  0.0422  0.0422  0.0422
  0.0423  0.0423  0.0423  0.0422  0.0422  0.0422  0.0422  0.0422  0.0422  0.0422  0.0422  0.0422
  0.0423  0.0423  0.0423  0.0423  0.0423  0.0423  0.0423  0.0423  0.0422  0.0423  0.0423  0.0422
  0.0424  0.0423  0.0423  0.0425  0.0424  0.0425  0.0424  0.0425  0.0423  0.0423  0.0423  0.0422
registration optimization eta report
parameter search radius
    0.8000    0.8000    0.9200    2.4000    2.4000    2.4000
    2.4000    2.4000    2.4000    2.4000    2.4000    2.4000
100000*second partial in parameter space
       22.       12.        7.        6.        4.        5.
        3.        7.        1.        2.        2.        1.
  0.0424  0.0424  0.0423  0.0427  0.0424  0.0425  0.0424  0.0428  0.0423  0.0424  0.0423  0.0423
  0.0423  0.0423  0.0423  0.0425  0.0423  0.0424  0.0423  0.0425  0.0423  0.0423  0.0423  0.0422
  0.0423  0.0423  0.0422  0.0424  0.0422  0.0423  0.0422  0.0423  0.0422  0.0422  0.0422  0.0422
  0.0423  0.0423  0.0422  0.0422  0.0422  0.0422  0.0422  0.0422  0.0422  0.0422  0.0422  0.0422
  0.0423  0.0423  0.0423  0.0422  0.0422  0.0422  0.0422  0.0422  0.0422  0.0422  0.0422  0.0422
  0.0423  0.0423  0.0423  0.0423  0.0423  0.0423  0.0423  0.0423  0.0422  0.0423  0.0423  0.0422
  0.0424  0.0423  0.0423  0.0425  0.0424  0.0425  0.0424  0.0425  0.0423  0.0423  0.0423  0.0422
    5.7054    3.5310   -0.0085  -16.1998  -26.5761  -16.6920
   -4.6210    1.7870   -8.4041   29.4956  -20.7523  -20.4383
eta,q 0.95779 19.92507

---------------------------------------------------------------------
imgreg_4dfp /opt/freesurfer/average/711-2C_as_mni_average_305 /opt/freesurfer/average/711-2B_as_mni_average_305_mask talsrcimg_g11 none talsrcimg_to_711-2C_as_mni_average_305_t4 2311
---------------------------------------------------------------------

freesurfer imgreg_4dfp.c
/opt/freesurfer/average/711-2C_as_mni_average_305.4dfp.img
       256       256       256         1
  1.000000  1.000000  1.000000
orientation T byte_order littleendian
Reading image: /opt/freesurfer/average/711-2C_as_mni_average_305.4dfp.img
dimensions:      256       256       256
mmppix:       1.0000   -1.0000   -1.0000
center:     128.0000 -129.0000 -129.0000
/opt/freesurfer/average/711-2B_as_mni_average_305_mask.4dfp.img
       256       256       256         1
  1.000000  1.000000  1.000000
orientation T byte_order littleendian
Reading mask: /opt/freesurfer/average/711-2B_as_mni_average_305_mask.4dfp.img (2306576 pixels)
talsrcimg_g11.4dfp.img
       320       320       320         1
  0.800000  0.800000  0.800000
orientation T byte_order littleendian
Reading image: talsrcimg_g11.4dfp.img
dimensions:      320       320       320
mmppix:       0.8000   -0.8000   -0.8000
center:     128.0000 -128.8000 -128.8000
fimgreg.f
image alignment mode   2311 decimal      907 hex
parameters
    5.7054    3.5310   -0.0085  -16.1998  -26.5761  -16.6920
   -4.6210    1.7870   -8.4041   29.4956  -20.7523  -20.4383
eta,q 0.95779 19.92508
niter,ni,del,rscale     5    3    5.0000    0.8000
parameters
    5.5578    3.5100   -0.1719  -16.6754  -26.7997  -17.1598
   -4.3170    1.8080   -8.1868   29.4188  -21.8830  -19.7939
eta,q 0.95771 19.91054
  0.0427  0.0425  0.0424  0.0432  0.0429  0.0430  0.0429  0.0437  0.0426  0.0428  0.0425  0.0425
  0.0424  0.0423  0.0423  0.0428  0.0426  0.0428  0.0426  0.0426  0.0425  0.0426  0.0423  0.0424
  0.0423  0.0422  0.0422  0.0425  0.0424  0.0425  0.0425  0.0423  0.0424  0.0424  0.0423  0.0423
  0.0422  0.0422  0.0422  0.0422  0.0423  0.0423  0.0423  0.0423  0.0423  0.0423  0.0423  0.0423
  0.0423  0.0422  0.0423  0.0422  0.0423  0.0422  0.0424  0.0426  0.0424  0.0424  0.0424  0.0423
  0.0425  0.0423  0.0423  0.0428  0.0426  0.0426  0.0425  0.0429  0.0424  0.0425  0.0426  0.0423
  0.0430  0.0425  0.0424  0.0443  0.0432  0.0439  0.0428  0.0434  0.0426  0.0429  0.0427  0.0424
niter,ni,del,rscale     4    3    5.0000    0.7000
parameters
    5.4963    3.7046   -0.5681  -16.9467  -26.7293  -17.5226
   -4.2902    1.8620   -7.9699   29.4109  -22.6305  -19.0506
eta,q 0.95769 19.89893
  0.0427  0.0426  0.0423  0.0431  0.0429  0.0429  0.0428  0.0435  0.0426  0.0427  0.0425  0.0425
  0.0425  0.0424  0.0423  0.0428  0.0426  0.0427  0.0426  0.0426  0.0425  0.0425  0.0423  0.0424
  0.0423  0.0423  0.0423  0.0425  0.0424  0.0425  0.0424  0.0423  0.0424  0.0424  0.0423  0.0423
  0.0423  0.0423  0.0423  0.0423  0.0423  0.0423  0.0423  0.0423  0.0423  0.0423  0.0423  0.0423
  0.0423  0.0423  0.0423  0.0423  0.0423  0.0423  0.0424  0.0425  0.0424  0.0424  0.0424  0.0423
  0.0425  0.0423  0.0424  0.0427  0.0425  0.0426  0.0425  0.0428  0.0424  0.0425  0.0425  0.0423
  0.0428  0.0424  0.0425  0.0438  0.0429  0.0436  0.0428  0.0432  0.0425  0.0427  0.0427  0.0424
niter,ni,del,rscale     3    3    5.0000    0.6000
parameters
    5.4587    3.8243   -0.9201  -17.0478  -26.6402  -17.7435
   -4.2664    1.9977   -7.6975   29.4132  -23.1476  -18.2737
eta,q 0.95769 19.89150
  0.0426  0.0425  0.0424  0.0430  0.0428  0.0428  0.0427  0.0433  0.0425  0.0426  0.0425  0.0425
  0.0425  0.0424  0.0423  0.0427  0.0426  0.0426  0.0425  0.0426  0.0424  0.0425  0.0424  0.0424
  0.0423  0.0423  0.0423  0.0425  0.0424  0.0424  0.0424  0.0424  0.0424  0.0424  0.0423  0.0423
  0.0423  0.0423  0.0423  0.0423  0.0423  0.0423  0.0423  0.0423  0.0423  0.0423  0.0423  0.0423
  0.0423  0.0423  0.0423  0.0423  0.0423  0.0423  0.0424  0.0425  0.0423  0.0424  0.0424  0.0423
  0.0424  0.0424  0.0424  0.0426  0.0425  0.0425  0.0425  0.0427  0.0424  0.0425  0.0425  0.0423
  0.0427  0.0424  0.0425  0.0433  0.0428  0.0432  0.0427  0.0430  0.0425  0.0426  0.0426  0.0424
niter,ni,del,rscale     2    3    5.0000    0.5000
parameters
    5.3956    3.8904   -1.2030  -16.9726  -26.5419  -17.8225
   -4.1887    2.1957   -7.3517   29.3864  -23.3881  -17.4613
eta,q 0.95771 19.88508
  0.0425  0.0424  0.0423  0.0428  0.0426  0.0427  0.0426  0.0431  0.0425  0.0425  0.0425  0.0424
  0.0424  0.0424  0.0423  0.0426  0.0425  0.0425  0.0424  0.0426  0.0424  0.0424  0.0423  0.0424
  0.0423  0.0423  0.0423  0.0424  0.0424  0.0424  0.0423  0.0423  0.0423  0.0423  0.0423  0.0423
  0.0423  0.0423  0.0423  0.0423  0.0423  0.0423  0.0423  0.0423  0.0423  0.0423  0.0423  0.0423
  0.0423  0.0423  0.0423  0.0423  0.0423  0.0423  0.0423  0.0424  0.0423  0.0423  0.0423  0.0423
  0.0424  0.0424  0.0424  0.0425  0.0424  0.0424  0.0424  0.0426  0.0423  0.0424  0.0424  0.0423
  0.0426  0.0424  0.0424  0.0429  0.0426  0.0429  0.0426  0.0428  0.0424  0.0425  0.0425  0.0423
niter,ni,del,rscale     1    3    5.0000    0.4000
parameters
    5.3037    3.9044   -1.3934  -16.6611  -26.4543  -17.7660
   -4.0827    2.4580   -6.8834   29.3395  -23.4173  -16.6169
eta,q 0.95774 19.87898
  0.0424  0.0424  0.0423  0.0427  0.0425  0.0426  0.0425  0.0428  0.0424  0.0424  0.0424  0.0424
  0.0423  0.0423  0.0423  0.0425  0.0424  0.0424  0.0424  0.0425  0.0423  0.0423  0.0423  0.0423
  0.0423  0.0423  0.0423  0.0424  0.0423  0.0423  0.0423  0.0423  0.0423  0.0423  0.0423  0.0423
  0.0423  0.0423  0.0423  0.0423  0.0423  0.0423  0.0423  0.0423  0.0423  0.0423  0.0423  0.0423
  0.0423  0.0423  0.0423  0.0423  0.0423  0.0423  0.0423  0.0423  0.0423  0.0423  0.0423  0.0423
  0.0424  0.0423  0.0423  0.0423  0.0423  0.0424  0.0423  0.0424  0.0423  0.0423  0.0423  0.0423
  0.0425  0.0424  0.0424  0.0426  0.0425  0.0426  0.0424  0.0426  0.0423  0.0424  0.0424  0.0423
registration optimization eta report
parameter search radius
    0.8000    0.8000    0.8000    2.4000    2.4000    2.4000
    2.4000    2.4000    2.4000    2.4000    2.4000    2.4000
100000*second partial in parameter space
       24.       12.        8.        6.        4.        6.
        3.        8.        1.        2.        2.        1.
  0.0424  0.0424  0.0423  0.0427  0.0425  0.0426  0.0425  0.0428  0.0424  0.0424  0.0424  0.0424
  0.0423  0.0423  0.0423  0.0425  0.0424  0.0424  0.0424  0.0425  0.0423  0.0423  0.0423  0.0423
  0.0423  0.0423  0.0423  0.0424  0.0423  0.0423  0.0423  0.0423  0.0423  0.0423  0.0423  0.0423
  0.0423  0.0423  0.0423  0.0423  0.0423  0.0423  0.0423  0.0423  0.0423  0.0423  0.0423  0.0423
  0.0423  0.0423  0.0423  0.0423  0.0423  0.0423  0.0423  0.0423  0.0423  0.0423  0.0423  0.0423
  0.0424  0.0423  0.0423  0.0423  0.0423  0.0424  0.0423  0.0424  0.0423  0.0423  0.0423  0.0423
  0.0425  0.0424  0.0424  0.0426  0.0425  0.0426  0.0424  0.0426  0.0423  0.0424  0.0424  0.0423
    5.3037    3.9044   -1.3934  -16.6611  -26.4543  -17.7660
   -4.0827    2.4580   -6.8834   29.3395  -23.4173  -16.6169
eta,q 0.95774 19.87898

---------------------------------------------------------------------
compute_vox2vox talsrcimg talsrcimg_to_711-2C_as_mni_average_305_t4 /opt/freesurfer/average/711-2C_as_mni_average_305
---------------------------------------------------------------------

freesurfer compute_vox2vox.c
Reading: talsrcimg.4dfp.ifh
Reading: talsrcimg_to_711-2C_as_mni_average_305_t4
Reading: /opt/freesurfer/average/711-2C_as_mni_average_305.4dfp.ifh
Writing: talsrcimg_to_711-2C_as_mni_average_305_t4_vox2vox.txt

start time Tue Mar 10 13:53:44 CET 2026
end		time Tue Mar 10 13:55:09 CET 2026

mpr2mni305 success

avi2talxfm orig_nu.mgz /opt/freesurfer/average/mni305.cor.mgz talsrcimg_to_711-2C_as_mni_average_305_t4_vox2vox.txt transforms/talairach.auto.xfm
avi2talxfm done
mv -f /out/sourcedata/freesurfer/sub-v2s11x28676_ses-1/mri/talsrcimg_to_711-2C_as_mni_average_305_t4_vox2vox.txt /out/sourcedata/freesurfer/sub-v2s11x28676_ses-1/mri/transforms/talsrcimg_to_711-2C_as_mni_average_305_t4_vox2vox.txt
lta_convert --src orig_nu.mgz --trg /opt/freesurfer/average/mni305.cor.mgz --inxfm transforms/talairach.auto.xfm --outlta transforms/talairach.auto.xfm.lta --subject fsaverage
7.3.2

--src: orig_nu.mgz src image (geometry).
--trg: /opt/freesurfer/average/mni305.cor.mgz trg image (geometry).
--inmni: transforms/talairach.auto.xfm input MNI/XFM transform.
--outlta: transforms/talairach.auto.xfm.lta output LTA.
--s: fsaverage subject name
 LTA read, type : 1
 1.18899  -0.05468   0.05365  -9.66454;
 0.33413   1.10996   0.26933  -12.33148;
-0.02201  -0.44791   1.25728  -37.43146;
 0.00000   0.00000   0.00000   1.00000;
setting subject to fsaverage
Writing  LTA to file transforms/talairach.auto.xfm.lta...
lta_convert successful.
 
 
Started at Tue Mar 10 13:53:44 CET 2026
Ended   at Tue Mar 10 13:55:10 CET 2026
talairach_avi done
