Log file for defect2seg
Wed Mar 11 00:41:39 CET 2026

setenv SUBJECTS_DIR /out/sourcedata/freesurfer
cd /out/sourcedata/freesurfer/sub-v2s11x28723_ses-1/scripts
/opt/freesurfer/bin/defect2seg --s sub-v2s11x28723_ses-1 --rh-only --cortex

freesurfer-linux-ubuntu22_x86_64-7.3.2-20220804-6354275
defect2seg 7.3.2
Linux dna058 5.14.0-427.37.1.el9_4.x86_64 #1 SMP PREEMPT_DYNAMIC Fri Sep 13 12:41:50 EDT 2024 x86_64 x86_64 x86_64 GNU/Linux
pid 336880
mri_label2label --label-cortex /out/sourcedata/freesurfer/sub-v2s11x28723_ses-1/surf/rh.orig.nofix /out/sourcedata/freesurfer/sub-v2s11x28723_ses-1/mri/aseg.presurf.mgz 0 /out/sourcedata/freesurfer/sub-v2s11x28723_ses-1/label/rh.nofix.cortex.label

 Generating cortex label... RemoveHipAmgy=0
 NucAccIsMedialWall=0
 mris->useRealRAS=0
36 non-cortical segments detected
only using segment with 13641 vertices
erasing segment 0 (vno[0] = 6004)
erasing segment 1 (vno[0] = 9452)
erasing segment 2 (vno[0] = 10705)
erasing segment 3 (vno[0] = 30758)
erasing segment 4 (vno[0] = 34086)
erasing segment 5 (vno[0] = 36550)
erasing segment 6 (vno[0] = 75899)
erasing segment 7 (vno[0] = 76387)
erasing segment 8 (vno[0] = 76399)
erasing segment 9 (vno[0] = 76426)
erasing segment 11 (vno[0] = 111181)
erasing segment 12 (vno[0] = 115775)
erasing segment 13 (vno[0] = 116122)
erasing segment 14 (vno[0] = 122094)
erasing segment 15 (vno[0] = 136792)
erasing segment 16 (vno[0] = 146396)
erasing segment 17 (vno[0] = 152611)
erasing segment 18 (vno[0] = 159143)
erasing segment 19 (vno[0] = 162801)
erasing segment 20 (vno[0] = 165308)
erasing segment 21 (vno[0] = 168346)
erasing segment 22 (vno[0] = 181227)
erasing segment 23 (vno[0] = 182394)
erasing segment 24 (vno[0] = 182403)
erasing segment 25 (vno[0] = 183501)
erasing segment 26 (vno[0] = 185418)
erasing segment 27 (vno[0] = 185420)
erasing segment 28 (vno[0] = 186638)
erasing segment 29 (vno[0] = 196352)
erasing segment 30 (vno[0] = 203683)
erasing segment 31 (vno[0] = 222522)
erasing segment 32 (vno[0] = 226082)
erasing segment 33 (vno[0] = 227681)
erasing segment 34 (vno[0] = 229252)
erasing segment 35 (vno[0] = 229895)
mri_label2vol --defects /out/sourcedata/freesurfer/sub-v2s11x28723_ses-1/surf/rh.orig.nofix /out/sourcedata/freesurfer/sub-v2s11x28723_ses-1/surf/rh.defect_labels /out/sourcedata/freesurfer/sub-v2s11x28723_ses-1/mri/orig.mgz 2000 0 /out/sourcedata/freesurfer/sub-v2s11x28723_ses-1/mri/rh.surface.defects.mgz /out/sourcedata/freesurfer/sub-v2s11x28723_ses-1/label/rh.nofix.cortex.label
mri_label2vol supposed to be reproducible but seed not set
Contraining to label /out/sourcedata/freesurfer/sub-v2s11x28723_ses-1/label/rh.nofix.cortex.label
Changing input type 0 to MRI_INT
Converting defects to volume: offset=2000, merge=0
Writing to /out/sourcedata/freesurfer/sub-v2s11x28723_ses-1/mri/rh.surface.defects.mgz
mris_defects_pointset -s /out/sourcedata/freesurfer/sub-v2s11x28723_ses-1/surf/rh.orig.nofix -d /out/sourcedata/freesurfer/sub-v2s11x28723_ses-1/surf/rh.defect_labels -o /out/sourcedata/freesurfer/sub-v2s11x28723_ses-1/surf/rh.defects.pointset --label /out/sourcedata/freesurfer/sub-v2s11x28723_ses-1/label/rh.nofix.cortex.label
Reading in surface /out/sourcedata/freesurfer/sub-v2s11x28723_ses-1/surf/rh.orig.nofix
Reading in defect segmentation /out/sourcedata/freesurfer/sub-v2s11x28723_ses-1/surf/rh.defect_labels
Reading in label /out/sourcedata/freesurfer/sub-v2s11x28723_ses-1/label/rh.nofix.cortex.label
#VMPC# mris_defects_pointset 2164576
mris_defects_pointset done
 
Started at Wed Mar 11 00:41:39 CET 2026 
Ended   at Wed Mar 11 00:42:07 CET 2026
Defect2seg-Run-Time-Sec 28
Defect2seg-Run-Time-Min 0.56
Defect2seg-Run-Time-Hours 0.01
 
defect2seg Done
