status file for recon-all
Tue Mar 10 21:05:35 CET 2026
#@# MotionCor Tue Mar 10 21:05:39 CET 2026
#@# Talairach Tue Mar 10 21:05:49 CET 2026
#@# Talairach Failure Detection Tue Mar 10 21:12:56 CET 2026
#@# Nu Intensity Correction Tue Mar 10 21:12:56 CET 2026
#@# Intensity Normalization Tue Mar 10 21:19:12 CET 2026
recon-all -s sub-v2s11x28723_ses-1 finished without error at Tue Mar 10 21:23:38 CET 2026



#New# invocation of recon-all 



status file for recon-all
Tue Mar 10 21:31:23 CET 2026
#@# EM Registration Tue Mar 10 21:31:23 CET 2026
recon-all -s sub-v2s11x28723_ses-1 finished without error at Tue Mar 10 21:33:49 CET 2026



#New# invocation of recon-all 



status file for recon-all
Tue Mar 10 21:33:51 CET 2026
#@# CA Normalize Tue Mar 10 21:33:51 CET 2026
#@# CA Reg Tue Mar 10 21:35:41 CET 2026
#@# SubCort Seg Tue Mar 10 22:26:11 CET 2026
#@# CC Seg Tue Mar 10 23:39:58 CET 2026
#@# Merge ASeg Tue Mar 10 23:40:50 CET 2026
#@# Intensity Normalization2 Tue Mar 10 23:40:50 CET 2026
#@# Mask BFS Tue Mar 10 23:45:32 CET 2026
#@# WM Segmentation Tue Mar 10 23:45:34 CET 2026
#@# Fill Tue Mar 10 23:50:04 CET 2026
recon-all -s sub-v2s11x28723_ses-1 finished without error at Tue Mar 10 23:51:52 CET 2026



#New# invocation of recon-all 



status file for recon-all
Wed Mar 11 01:19:22 CET 2026
#@# white curv lh Wed Mar 11 01:19:22 CET 2026
#@# white area lh Wed Mar 11 01:19:22 CET 2026
#@# pial curv lh Wed Mar 11 01:19:22 CET 2026
#@# pial area lh Wed Mar 11 01:19:22 CET 2026
#@# thickness lh Wed Mar 11 01:19:22 CET 2026
#@# area and vertex vol lh Wed Mar 11 01:19:22 CET 2026
#@# white curv rh Wed Mar 11 01:19:22 CET 2026
#@# white area rh Wed Mar 11 01:19:22 CET 2026
#@# pial curv rh Wed Mar 11 01:19:22 CET 2026
#@# pial area rh Wed Mar 11 01:19:22 CET 2026
#@# thickness rh Wed Mar 11 01:19:22 CET 2026
#@# area and vertex vol rh Wed Mar 11 01:19:22 CET 2026
#@# Cortical ribbon mask Wed Mar 11 01:19:22 CET 2026
recon-all -s sub-v2s11x28723_ses-1 finished without error at Wed Mar 11 01:31:36 CET 2026



#New# invocation of recon-all 



status file for recon-all
Wed Mar 11 01:42:46 CET 2026
#@# white curv lh Wed Mar 11 01:42:46 CET 2026
#@# white area lh Wed Mar 11 01:42:46 CET 2026
#@# pial curv lh Wed Mar 11 01:42:46 CET 2026
#@# pial area lh Wed Mar 11 01:42:46 CET 2026
#@# thickness lh Wed Mar 11 01:42:46 CET 2026
#@# area and vertex vol lh Wed Mar 11 01:42:46 CET 2026
#@# white curv rh Wed Mar 11 01:42:46 CET 2026
#@# white area rh Wed Mar 11 01:42:46 CET 2026
#@# pial curv rh Wed Mar 11 01:42:46 CET 2026
#@# pial area rh Wed Mar 11 01:42:46 CET 2026
#@# thickness rh Wed Mar 11 01:42:46 CET 2026
#@# area and vertex vol rh Wed Mar 11 01:42:46 CET 2026
#@# Curvature Stats lh Wed Mar 11 01:42:46 CET 2026
#@# Curvature Stats rh Wed Mar 11 01:42:51 CET 2026
#@# Relabel Hypointensities Wed Mar 11 01:42:55 CET 2026
#@# APas-to-ASeg Wed Mar 11 01:43:25 CET 2026
#@# AParc-to-ASeg aparc Wed Mar 11 01:43:39 CET 2026
#@# AParc-to-ASeg aparc.a2009s Wed Mar 11 01:45:09 CET 2026
#@# AParc-to-ASeg aparc.DKTatlas Wed Mar 11 01:46:32 CET 2026
#@# WMParc Wed Mar 11 01:48:01 CET 2026
#@# ASeg Stats Wed Mar 11 01:55:11 CET 2026
recon-all -s sub-v2s11x28723_ses-1 finished without error at Wed Mar 11 01:56:13 CET 2026
