/out/sourcedata/freesurfer/sub-v2s11x28688_ses-1/mri
/opt/freesurfer/bin/talairach_avi
--i orig_nu.mgz --xfm transforms/talairach.auto.xfm
talairach_avi 7.3.2
Linux dna013 5.14.0-427.37.1.el9_4.x86_64 #1 SMP PREEMPT_DYNAMIC Fri Sep 13 12:41:50 EDT 2024 x86_64 x86_64 x86_64 GNU/Linux
Tue Mar 10 14:39:12 CET 2026
mri_convert orig_nu.mgz talsrcimg.img 
reading from orig_nu.mgz...
TR=0.00, TE=0.00, TI=0.00, flip angle=0.00
i_ras = (-1, 0, 0)
j_ras = (0, 0, -1)
k_ras = (0, 1, 0)
writing to talsrcimg.img...
Analyze Output Matrix
-0.80000   0.00000   0.00000   132.72215;
 0.00000   0.00000   0.80000  -106.27759;
 0.00000  -0.80000   0.00000   113.72131;
 0.00000   0.00000   0.00000   1.00000;
--------------------
INFO: set hdr.hist.orient to -1
mpr2mni305 talsrcimg
Tue Mar 10 14:39:12 CET 2026
/opt/freesurfer/bin/mpr2mni305 talsrcimg
mpr2mni305 7.3.2
target=711-2C_as_mni_average_305

---------------------------------------------------------------------
analyzeto4dfp talsrcimg -O0 -y
---------------------------------------------------------------------

freesurfer ifh2hdr.c
Tue Mar 10 14:39:12 2026
Writing: talsrcimg.4dfp.hdr
freesurfer analyzeto4dfp.c
Reading: talsrcimg.hdr
header size 348 bytes
hdr.dime.datatype	offset=70	value=2
hdr.dime.bitpix		offset=72	value=8
hdr.hist.orient		offset=252	value=-1
dimensionality     4
dimensions       320       320       320         1
Reading: talsrcimg.img
Writing: talsrcimg.4dfp.img
Writing: talsrcimg.4dfp.ifh
ifh2hdr talsrcimg -r0to176
ori=2

---------------------------------------------------------------------
gauss_4dfp talsrcimg 1.1
---------------------------------------------------------------------

freesurfer gauss_4dfp.c
Reading: talsrcimg.4dfp.img
Writing: talsrcimg_g11.4dfp.img
image dimensions 320 320 320 padded to 384 384 384
processing volume 1freesurfer ifh2hdr.c
Tue Mar 10 14:39:28 2026
Writing: talsrcimg_g11.4dfp.hdr

Writing: talsrcimg_g11.4dfp.ifh
including: talsrcimg.4dfp.img.rec in talsrcimg_g11.4dfp.img.rec

---------------------------------------------------------------------
imgreg_4dfp /opt/freesurfer/average/711-2C_as_mni_average_305 none talsrcimg_g11 none talsrcimg_to_711-2C_as_mni_average_305_t4 4355
---------------------------------------------------------------------

freesurfer imgreg_4dfp.c
/opt/freesurfer/average/711-2C_as_mni_average_305.4dfp.img
       256       256       256         1
  1.000000  1.000000  1.000000
orientation T byte_order littleendian
Reading image: /opt/freesurfer/average/711-2C_as_mni_average_305.4dfp.img
dimensions:      256       256       256
mmppix:       1.0000   -1.0000   -1.0000
center:     128.0000 -129.0000 -129.0000
talsrcimg_g11.4dfp.img
       320       320       320         1
  0.800000  0.800000  0.800000
orientation T byte_order littleendian
Reading image: talsrcimg_g11.4dfp.img
dimensions:      320       320       320
mmppix:       0.8000   -0.8000   -0.8000
center:     128.0000 -128.8000 -128.8000
t4_read: open error in t4_sub.f l:  41 t4_file(1:l)talsrcimg_to_711-2C_as_mni_average_305_t4 
t4_read: transform initialized to I4
rotation matrix determinant  1.000000
image alignment mode   4355 decimal     1103 hex
   -7.5000  -45.0000  -45.0000 8602.0547   19.3525
    0.0000  -45.0000  -45.0000 8972.0352   19.4506
    7.5000  -45.0000  -45.0000 8474.8516   19.4230
   -7.5000  -37.5000  -45.0000 9165.5576   19.3835
    0.0000  -37.5000  -45.0000 9551.4580   19.4841
    7.5000  -37.5000  -45.0000 9021.2568   19.4588
   -7.5000  -30.0000  -45.000010090.6787   19.5195
    0.0000  -30.0000  -45.000010503.3027   19.6178
    7.5000  -30.0000  -45.0000 9903.3564   19.5867
   -7.5000  -22.5000  -45.000011013.5605   19.6284
    0.0000  -22.5000  -45.000011442.8252   19.7218
    7.5000  -22.5000  -45.000010753.7715   19.6822
   -7.5000  -15.0000  -45.000011844.1445   19.6048
    0.0000  -15.0000  -45.000012304.2520   19.6961
    7.5000  -15.0000  -45.000011537.2334   19.6547
   -7.5000   -7.5000  -45.000012671.4951   19.4618
    0.0000   -7.5000  -45.000013160.1406   19.5556
    7.5000   -7.5000  -45.000012335.7158   19.5204
   -7.5000    0.0000  -45.000013334.5000   19.3525
    0.0000    0.0000  -45.000013852.0371   19.4506
    7.5000    0.0000  -45.000012972.4268   19.4230
   -7.5000    7.5000  -45.000012841.9180   19.3835
    0.0000    7.5000  -45.000013343.8682   19.4841
    7.5000    7.5000  -45.000012466.5840   19.4588
   -7.5000   15.0000  -45.000012204.9131   19.5195
    0.0000   15.0000  -45.000012694.2285   19.6178
    7.5000   15.0000  -45.000011849.0254   19.5867
   -7.5000   22.5000  -45.000011430.0215   19.6257
    0.0000   22.5000  -45.000011879.3945   19.7191
    7.5000   22.5000  -45.000011080.6260   19.6795
   -7.5000   30.0000  -45.000010584.2109   19.3435
    0.0000   30.0000  -45.000011014.3652   19.4337
    7.5000   30.0000  -45.000010284.2207   19.3927
   -7.5000   37.5000  -45.000010117.6631   19.2024
    0.0000   37.5000  -45.000010533.7910   19.2950
    7.5000   37.5000  -45.0000 9850.4082   19.2603
   -7.5000   45.0000  -45.0000 9297.6826   18.6097
    0.0000   45.0000  -45.0000 9670.5518   18.7041
    7.5000   45.0000  -45.0000 9053.7314   18.6776
   -7.5000  -45.0000  -37.5000 8835.0430   19.0107
    0.0000  -45.0000  -37.5000 9202.3672   19.1083
    7.5000  -45.0000  -37.5000 8706.5566   19.0945
   -7.5000  -37.5000  -37.5000 9422.2822   19.0431
    0.0000  -37.5000  -37.5000 9796.8174   19.1430
    7.5000  -37.5000  -37.5000 9275.9346   19.1326
   -7.5000  -30.0000  -37.500010374.7783   19.1736
    0.0000  -30.0000  -37.500010777.4521   19.2718
    7.5000  -30.0000  -37.500010187.2432   19.2563
   -7.5000  -22.5000  -37.500011308.7666   19.2758
    0.0000  -22.5000  -37.500011726.5420   19.3696
    7.5000  -22.5000  -37.500011036.6484   19.3451
   -7.5000  -15.0000  -37.500012150.4131   19.2517
    0.0000  -15.0000  -37.500012599.7168   19.3436
    7.5000  -15.0000  -37.500011841.9541   19.3154
   -7.5000   -7.5000  -37.500012981.5908   19.1142
    0.0000   -7.5000  -37.500013457.2891   19.2083
    7.5000   -7.5000  -37.500012635.8486   19.1857
   -7.5000    0.0000  -37.500013638.3848   19.0107
    0.0000    0.0000  -37.500014139.1494   19.1083
    7.5000    0.0000  -37.500013272.3877   19.0945
   -7.5000    7.5000  -37.500013122.4424   19.0431
    0.0000    7.5000  -37.500013604.6055   19.1430
    7.5000    7.5000  -37.500012758.8584   19.1326
   -7.5000   15.0000  -37.500012474.1914   19.1736
    0.0000   15.0000  -37.500012952.2197   19.2718
    7.5000   15.0000  -37.500012139.9854   19.2563
   -7.5000   22.5000  -37.500011662.6152   19.2732
    0.0000   22.5000  -37.500012112.2021   19.3670
    7.5000   22.5000  -37.500011347.1455   19.3424
   -7.5000   30.0000  -37.500010784.6885   18.9952
    0.0000   30.0000  -37.500011213.5361   19.0858
    7.5000   30.0000  -37.500010527.1777   19.0580
   -7.5000   37.5000  -37.500010297.0244   18.8595
    0.0000   37.5000  -37.500010707.7480   18.9523
    7.5000   37.5000  -37.500010062.4316   18.9301
   -7.5000   45.0000  -37.5000 9460.6465   18.2811
    0.0000   45.0000  -37.5000 9826.5078   18.3750
    7.5000   45.0000  -37.5000 9235.8525   18.3616
   -7.5000  -45.0000  -30.0000 9327.7471   19.2965
    0.0000  -45.0000  -30.0000 9701.2910   19.3945
    7.5000  -45.0000  -30.0000 9204.2129   19.3818
   -7.5000  -37.5000  -30.0000 9949.3789   19.3342
    0.0000  -37.5000  -30.000010338.9902   19.4339
    7.5000  -37.5000  -30.0000 9817.5225   19.4235
   -7.5000  -30.0000  -30.000010963.3496   19.4708
    0.0000  -30.0000  -30.000011382.5615   19.5698
    7.5000  -30.0000  -30.000010779.1582   19.5550
   -7.5000  -22.5000  -30.000011934.2109   19.5736
    0.0000  -22.5000  -30.000012375.6504   19.6697
    7.5000  -22.5000  -30.000011674.8174   19.6479
   -7.5000  -15.0000  -30.000012827.2490   19.5439
    0.0000  -15.0000  -30.000013293.9482   19.6390
    7.5000  -15.0000  -30.000012524.0400   19.6147
   -7.5000   -7.5000  -30.000013675.5879   19.4006
    0.0000   -7.5000  -30.000014166.0596   19.4969
    7.5000   -7.5000  -30.000013325.2412   19.4772
   -7.5000    0.0000  -30.000014361.3418   19.2965
    0.0000    0.0000  -30.000014884.1211   19.3945
    7.5000    0.0000  -30.000014009.5547   19.3818
   -7.5000    7.5000  -30.000013814.3174   19.3342
    0.0000    7.5000  -30.000014320.8877   19.4339
    7.5000    7.5000  -30.000013487.3750   19.4235
   -7.5000   15.0000  -30.000013139.8662   19.4708
    0.0000   15.0000  -30.000013624.7119   19.5698
    7.5000   15.0000  -30.000012847.7012   19.5550
   -7.5000   22.5000  -30.000012260.9883   19.5689
    0.0000   22.5000  -30.000012719.2871   19.6650
    7.5000   22.5000  -30.000011991.1562   19.6432
   -7.5000   30.0000  -30.000011329.1924   19.2853
    0.0000   30.0000  -30.000011767.4922   19.3791
    7.5000   30.0000  -30.000011104.2734   19.3552
   -7.5000   37.5000  -30.000010815.9756   19.1438
    0.0000   37.5000  -30.000011237.9053   19.2389
    7.5000   37.5000  -30.000010596.5088   19.2195
   -7.5000   45.0000  -30.0000 9913.2217   18.5695
    0.0000   45.0000  -30.000010294.1436   18.6638
    7.5000   45.0000  -30.0000 9692.1592   18.6516
   -7.5000  -45.0000  -22.5000 9912.7705   19.6689
    0.0000  -45.0000  -22.500010292.2500   19.7670
    7.5000  -45.0000  -22.5000 9775.2285   19.7410
   -7.5000  -37.5000  -22.500010581.6562   19.7085
    0.0000  -37.5000  -22.500010985.8691   19.8073
    7.5000  -37.5000  -22.500010441.7266   19.7809
   -7.5000  -30.0000  -22.500011666.0391   19.8525
    0.0000  -30.0000  -22.500012109.7412   19.9507
    7.5000  -30.0000  -22.500011464.5693   19.9203
   -7.5000  -22.5000  -22.500012695.9180   19.9604
    0.0000  -22.5000  -22.500013164.9170   20.0571
    7.5000  -22.5000  -22.500012407.7695   20.0232
   -7.5000  -15.0000  -22.500013647.8184   19.9281
    0.0000  -15.0000  -22.500014131.1045   20.0248
    7.5000  -15.0000  -22.500013298.6680   19.9915
   -7.5000   -7.5000  -22.500014526.2773   19.7777
    0.0000   -7.5000  -22.500015048.5645   19.8752
    7.5000   -7.5000  -22.500014174.8867   19.8458
   -7.5000    0.0000  -22.500015270.4580   19.6689
    0.0000    0.0000  -22.500015834.7998   19.7670
    7.5000    0.0000  -22.500014918.1016   19.7410
   -7.5000    7.5000  -22.500014690.9355   19.7085
    0.0000    7.5000  -22.500015229.0498   19.8073
    7.5000    7.5000  -22.500014356.9492   19.7809
   -7.5000   15.0000  -22.500013965.0176   19.8525
    0.0000   15.0000  -22.500014481.0430   19.9507
    7.5000   15.0000  -22.500013674.8926   19.9203
   -7.5000   22.5000  -22.500013016.9990   19.9542
    0.0000   22.5000  -22.500013487.0166   20.0510
    7.5000   22.5000  -22.500012755.7256   20.0170
   -7.5000   30.0000  -22.500012037.8545   19.6674
    0.0000   30.0000  -22.500012492.8496   19.7629
    7.5000   30.0000  -22.500011819.8574   19.7300
   -7.5000   37.5000  -22.500011511.3467   19.5190
    0.0000   37.5000  -22.500011946.8809   19.6152
    7.5000   37.5000  -22.500011282.7520   19.5862
   -7.5000   45.0000  -22.500010538.6865   18.9421
    0.0000   45.0000  -22.500010928.9307   19.0366
    7.5000   45.0000  -22.500010289.5713   19.0116
   -7.5000  -45.0000  -15.000010531.3496   19.9360
    0.0000  -45.0000  -15.000010910.0430   20.0370
    7.5000  -45.0000  -15.000010344.8604   19.9968
   -7.5000  -37.5000  -15.000011267.3760   19.9739
    0.0000  -37.5000  -15.000011687.4990   20.0758
    7.5000  -37.5000  -15.000011079.5361   20.0344
   -7.5000  -30.0000  -15.000012441.9150   20.1226
    0.0000  -30.0000  -15.000012897.0332   20.2233
    7.5000  -30.0000  -15.000012176.5439   20.1779
   -7.5000  -22.5000  -15.000013550.2812   20.2367
    0.0000  -22.5000  -15.000014034.0410   20.3355
    7.5000  -22.5000  -15.000013174.1250   20.2875
   -7.5000  -15.0000  -15.000014555.1172   20.2057
    0.0000  -15.0000  -15.000015044.3096   20.3044
    7.5000  -15.0000  -15.000014111.7686   20.2581
   -7.5000   -7.5000  -15.000015477.2031   20.0507
    0.0000   -7.5000  -15.000016006.5137   20.1502
    7.5000   -7.5000  -15.000015062.0674   20.1080
   -7.5000    0.0000  -15.000016265.2031   19.9360
    0.0000    0.0000  -15.000016861.3398   20.0370
    7.5000    0.0000  -15.000015880.3457   19.9968
   -7.5000    7.5000  -15.000015646.3486   19.9739
    0.0000    7.5000  -15.000016216.8379   20.0758
    7.5000    7.5000  -15.000015271.8096   20.0344
   -7.5000   15.0000  -15.000014878.9141   20.1226
    0.0000   15.0000  -15.000015425.7041   20.2233
    7.5000   15.0000  -15.000014528.1943   20.1779
   -7.5000   22.5000  -15.000013884.0781   20.2295
    0.0000   22.5000  -15.000014391.7822   20.3283
    7.5000   22.5000  -15.000013579.4414   20.2803
   -7.5000   30.0000  -15.000012868.4463   19.9442
    0.0000   30.0000  -15.000013352.2139   20.0417
    7.5000   30.0000  -15.000012580.6436   19.9960
   -7.5000   37.5000  -15.000012302.0938   19.7912
    0.0000   37.5000  -15.000012764.6582   19.8894
    7.5000   37.5000  -15.000012006.1807   19.8477
   -7.5000   45.0000  -15.000011246.0703   19.2109
    0.0000   45.0000  -15.000011646.5586   19.3083
    7.5000   45.0000  -15.000010937.1377   19.2695
   -7.5000  -45.0000   -7.500011104.7686   19.9277
    0.0000  -45.0000   -7.500011494.7275   20.0325
    7.5000  -45.0000   -7.500010872.3125   19.9910
   -7.5000  -37.5000   -7.500011949.9834   19.9615
    0.0000  -37.5000   -7.500012383.8359   20.0682
    7.5000  -37.5000   -7.500011658.9990   20.0267
   -7.5000  -30.0000   -7.500013279.5488   20.1094
    0.0000  -30.0000   -7.500013764.4014   20.2141
    7.5000  -30.0000   -7.500012879.6250   20.1680
   -7.5000  -22.5000   -7.500014524.9521   20.2268
    0.0000  -22.5000   -7.500015051.3613   20.3281
    7.5000  -22.5000   -7.500013959.9541   20.2769
   -7.5000  -15.0000   -7.500015570.9785   20.2002
    0.0000  -15.0000   -7.500016093.0938   20.3002
    7.5000  -15.0000   -7.500014914.3467   20.2496
   -7.5000   -7.5000   -7.500016493.3711   20.0457
    0.0000   -7.5000   -7.500017057.5703   20.1474
    7.5000   -7.5000   -7.500015915.2490   20.1017
   -7.5000    0.0000   -7.500017348.8945   19.9277
    0.0000    0.0000   -7.500017985.4609   20.0325
    7.5000    0.0000   -7.500016798.8594   19.9910
   -7.5000    7.5000   -7.500016727.1660   19.9615
    0.0000    7.5000   -7.500017345.8301   20.0682
    7.5000    7.5000   -7.500016169.7842   20.0267
   -7.5000   15.0000   -7.500015928.8428   20.1094
    0.0000   15.0000   -7.500016511.9805   20.2141
    7.5000   15.0000   -7.500015395.0088   20.1680
   -7.5000   22.5000   -7.500014912.9941   20.2175
    0.0000   22.5000   -7.500015450.0410   20.3187
    7.5000   22.5000   -7.500014409.9307   20.2676
   -7.5000   30.0000   -7.500013832.6797   19.9382
    0.0000   30.0000   -7.500014328.9326   20.0370
    7.5000   30.0000   -7.500013374.7441   19.9870
   -7.5000   37.5000   -7.500013201.7275   19.7858
    0.0000   37.5000   -7.500013667.5742   19.8861
    7.5000   37.5000   -7.500012766.1475   19.8410
   -7.5000   45.0000   -7.500012004.8154   19.2066
    0.0000   45.0000   -7.500012417.4727   19.3076
    7.5000   45.0000   -7.500011626.8770   19.2676
   -7.5000  -45.0000    0.000011524.9805   19.7169
    0.0000  -45.0000    0.000011950.8662   19.8239
    7.5000  -45.0000    0.000011257.5020   19.7942
   -7.5000  -37.5000    0.000012455.5664   19.7472
    0.0000  -37.5000    0.000012927.7627   19.8566
    7.5000  -37.5000    0.000012105.7705   19.8289
   -7.5000  -30.0000    0.000014009.3633   19.8903
    0.0000  -30.0000    0.000014557.2100   19.9977
    7.5000  -30.0000    0.000013422.8594   19.9648
   -7.5000  -22.5000    0.000015593.5840   20.0062
    0.0000  -22.5000    0.000016201.2100   20.1092
    7.5000  -22.5000    0.000014653.9971   20.0686
   -7.5000  -15.0000    0.000016804.1895   19.9833
    0.0000  -15.0000    0.000017391.3223   20.0845
    7.5000  -15.0000    0.000015689.3438   20.0422
   -7.5000   -7.5000    0.000017675.3848   19.8341
    0.0000   -7.5000    0.000018293.9160   19.9371
    7.5000   -7.5000    0.000016727.4102   19.9005
   -7.5000    0.0000    0.000018514.1016   19.7169
    0.0000    0.0000    0.000019198.5176   19.8239
    7.5000    0.0000    0.000017636.6035   19.7942
   -7.5000    7.5000    0.000017821.6113   19.7472
    0.0000    7.5000    0.000018473.8164   19.8566
    7.5000    7.5000    0.000016967.1406   19.8289
   -7.5000   15.0000    0.000016950.5195   19.8903
    0.0000   15.0000    0.000017558.9082   19.9977
    7.5000   15.0000    0.000016169.4824   19.9648
   -7.5000   22.5000    0.000015850.1045   19.9970
    0.0000   22.5000    0.000016405.2012   20.0999
    7.5000   22.5000    0.000015151.4863   20.0593
   -7.5000   30.0000    0.000014674.5537   19.7247
    0.0000   30.0000    0.000015186.3574   19.8245
    7.5000   30.0000    0.000014070.0713   19.7828
   -7.5000   37.5000    0.000014002.5898   19.5774
    0.0000   37.5000    0.000014490.5215   19.6791
    7.5000   37.5000    0.000013436.3135   19.6430
   -7.5000   45.0000    0.000012722.1445   19.0048
    0.0000   45.0000    0.000013166.2910   19.1080
    7.5000   45.0000    0.000012246.7236   19.0793
   -7.5000  -45.0000    7.500011092.7051   19.9050
    0.0000  -45.0000    7.500011531.8291   20.0122
    7.5000  -45.0000    7.500010809.0918   19.9952
   -7.5000  -37.5000    7.500011958.6846   19.9370
    0.0000  -37.5000    7.500012456.9541   20.0466
    7.5000  -37.5000    7.500011632.5508   20.0331
   -7.5000  -30.0000    7.500013463.0654   20.0782
    0.0000  -30.0000    7.500014070.5479   20.1864
    7.5000  -30.0000    7.500012918.5547   20.1679
   -7.5000  -22.5000    7.500015305.0977   20.1906
    0.0000  -22.5000    7.500015964.7100   20.2947
    7.5000  -22.5000    7.500014157.9072   20.2674
   -7.5000  -15.0000    7.500016882.6973   20.1669
    0.0000  -15.0000    7.500017547.8477   20.2690
    7.5000  -15.0000    7.500015348.2539   20.2381
   -7.5000   -7.5000    7.500017762.6309   20.0195
    0.0000   -7.5000    7.500018461.2559   20.1233
    7.5000   -7.5000    7.500016384.1230   20.0978
   -7.5000    0.0000    7.500018340.6406   19.9050
    0.0000    0.0000    7.500019069.6738   20.0122
    7.5000    0.0000    7.500017172.3730   19.9952
   -7.5000    7.5000    7.500017437.9121   19.9370
    0.0000    7.5000    7.500018108.6074   20.0466
    7.5000    7.5000    7.500016477.9785   20.0331
   -7.5000   15.0000    7.500016519.0684   20.0782
    0.0000   15.0000    7.500017125.3633   20.1864
    7.5000   15.0000    7.500015694.6416   20.1679
   -7.5000   22.5000    7.500015449.9580   20.1813
    0.0000   22.5000    7.500016005.3418   20.2854
    7.5000   22.5000    7.500014733.0195   20.2581
   -7.5000   30.0000    7.500014334.0557   19.9059
    0.0000   30.0000    7.500014821.5898   20.0066
    7.5000   30.0000    7.500013723.7559   19.9762
   -7.5000   37.5000    7.500013687.0098   19.7604
    0.0000   37.5000    7.500014145.3965   19.8628
    7.5000   37.5000    7.500013130.6611   19.8377
   -7.5000   45.0000    7.500012426.0059   19.1862
    0.0000   45.0000    7.500012854.1279   19.2894
    7.5000   45.0000    7.500011971.5098   19.2731
   -7.5000  -45.0000   15.000010581.1084   20.2625
    0.0000  -45.0000   15.000011024.5781   20.3677
    7.5000  -45.0000   15.000010316.9131   20.3522
   -7.5000  -37.5000   15.000011402.8408   20.2994
    0.0000  -37.5000   15.000011891.9824   20.4062
    7.5000  -37.5000   15.000011112.6709   20.3930
   -7.5000  -30.0000   15.000012818.6660   20.4450
    0.0000  -30.0000   15.000013375.7002   20.5510
    7.5000  -30.0000   15.000012392.5635   20.5331
   -7.5000  -22.5000   15.000014562.9775   20.5568
    0.0000  -22.5000   15.000015118.3281   20.6600
    7.5000  -22.5000   15.000013650.9814   20.6349
   -7.5000  -15.0000   15.000016081.6455   20.5279
    0.0000  -15.0000   15.000016687.4629   20.6301
    7.5000  -15.0000   15.000014869.0488   20.6026
   -7.5000   -7.5000   15.000017063.5254   20.3763
    0.0000   -7.5000   15.000017779.2051   20.4797
    7.5000   -7.5000   15.000016004.6387   20.4570
   -7.5000    0.0000   15.000017619.0410   20.2625
    0.0000    0.0000   15.000018376.0996   20.3677
    7.5000    0.0000   15.000016739.9961   20.3522
   -7.5000    7.5000   15.000016714.2793   20.2994
    0.0000    7.5000   15.000017411.5332   20.4062
    7.5000    7.5000   15.000015983.9912   20.3930
   -7.5000   15.0000   15.000015805.9443   20.4450
    0.0000   15.0000   15.000016426.1953   20.5510
    7.5000   15.0000   15.000015164.6562   20.5331
   -7.5000   22.5000   15.000014785.5635   20.5473
    0.0000   22.5000   15.000015345.2832   20.6505
    7.5000   22.5000   15.000014201.0049   20.6254
   -7.5000   30.0000   15.000013748.2461   20.2622
    0.0000   30.0000   15.000014251.5898   20.3631
    7.5000   30.0000   15.000013237.0605   20.3360
   -7.5000   37.5000   15.000013155.1992   20.1126
    0.0000   37.5000   15.000013621.2998   20.2147
    7.5000   37.5000   15.000012674.0742   20.1923
   -7.5000   45.0000   15.000011986.0488   19.5308
    0.0000   45.0000   15.000012420.6611   19.6321
    7.5000   45.0000   15.000011593.8047   19.6172
   -7.5000  -45.0000   22.5000 9981.7656   20.6785
    0.0000  -45.0000   22.500010385.5293   20.7806
    7.5000  -45.0000   22.5000 9792.3164   20.7523
   -7.5000  -37.5000   22.500010729.2432   20.7197
    0.0000  -37.5000   22.500011177.3184   20.8224
    7.5000  -37.5000   22.500010538.5488   20.7937
   -7.5000  -30.0000   22.500012063.8340   20.8725
    0.0000  -30.0000   22.500012539.7607   20.9746
    7.5000  -30.0000   22.500011719.2695   20.9414
   -7.5000  -22.5000   22.500013527.0674   20.9872
    0.0000  -22.5000   22.500014035.2295   21.0879
    7.5000  -22.5000   22.500012889.7100   21.0509
   -7.5000  -15.0000   22.500014537.6201   20.9536
    0.0000  -15.0000   22.500015184.9092   21.0541
    7.5000  -15.0000   22.500014040.7686   21.0180
   -7.5000   -7.5000   22.500015429.7295   20.7945
    0.0000   -7.5000   22.500016140.2393   20.8959
    7.5000   -7.5000   22.500015084.2910   20.8640
   -7.5000    0.0000   22.500016248.8350   20.6785
    0.0000    0.0000   22.500016971.9707   20.7806
    7.5000    0.0000   22.500015848.4209   20.7523
   -7.5000    7.5000   22.500015627.9023   20.7197
    0.0000    7.5000   22.500016286.7188   20.8224
    7.5000    7.5000   22.500015176.7451   20.7937
   -7.5000   15.0000   22.500014866.2344   20.8725
    0.0000   15.0000   22.500015446.1689   20.9746
    7.5000   15.0000   22.500014406.9570   20.9414
   -7.5000   22.5000   22.500013970.0469   20.9776
    0.0000   22.5000   22.500014475.0947   21.0781
    7.5000   22.5000   22.500013504.4502   21.0412
   -7.5000   30.0000   22.500013037.5684   20.6824
    0.0000   30.0000   22.500013495.4512   20.7816
    7.5000   30.0000   22.500012590.8584   20.7459
   -7.5000   37.5000   22.500012532.4893   20.5254
    0.0000   37.5000   22.500012961.2246   20.6255
    7.5000   37.5000   22.500012080.5078   20.5940
   -7.5000   45.0000   22.500011443.7764   19.9317
    0.0000   45.0000   22.500011852.6631   20.0301
    7.5000   45.0000   22.500011078.6367   20.0028
   -7.5000  -45.0000   30.0000 9363.7285   21.2580
    0.0000  -45.0000   30.0000 9733.2119   21.3614
    7.5000  -45.0000   30.0000 9233.9756   21.3176
   -7.5000  -37.5000   30.000010089.8262   21.3001
    0.0000  -37.5000   30.000010482.4678   21.4044
    7.5000  -37.5000   30.0000 9932.8848   21.3590
   -7.5000  -30.0000   30.000011314.1406   21.4587
    0.0000  -30.0000   30.000011731.3428   21.5615
    7.5000  -30.0000   30.000010999.4160   21.5113
   -7.5000  -22.5000   30.000012428.5957   21.5787
    0.0000  -22.5000   30.000012942.0889   21.6793
    7.5000  -22.5000   30.000012087.8613   21.6261
   -7.5000  -15.0000   30.000013278.5801   21.5440
    0.0000  -15.0000   30.000013870.5322   21.6445
    7.5000  -15.0000   30.000013134.2383   21.5934
   -7.5000   -7.5000   30.000014235.0625   21.3786
    0.0000   -7.5000   30.000014851.3838   21.4802
    7.5000   -7.5000   30.000014069.1230   21.4339
   -7.5000    0.0000   30.000015190.5928   21.2580
    0.0000    0.0000   30.000015794.5703   21.3614
    7.5000    0.0000   30.000014832.8838   21.3176
   -7.5000    7.5000   30.000014708.1396   21.3001
    0.0000    7.5000   30.000015273.6035   21.4044
    7.5000    7.5000   30.000014326.3477   21.3590
   -7.5000   15.0000   30.000014014.5068   21.4587
    0.0000   15.0000   30.000014541.0859   21.5615
    7.5000   15.0000   30.000013624.8994   21.5113
   -7.5000   22.5000   30.000013180.3535   21.5688
    0.0000   22.5000   30.000013661.3662   21.6693
    7.5000   22.5000   30.000012771.8672   21.6161
   -7.5000   30.0000   30.000012330.4580   21.2652
    0.0000   30.0000   30.000012767.7266   21.3643
    7.5000   30.0000   30.000011925.7656   21.3139
   -7.5000   37.5000   30.000011866.8076   21.1020
    0.0000   37.5000   30.000012278.4863   21.2022
    7.5000   37.5000   30.000011483.1396   21.1565
   -7.5000   45.0000   30.000010850.6270   20.4903
    0.0000   45.0000   30.000011224.7344   20.5900
    7.5000   45.0000   30.000010524.9580   20.5477
   -7.5000  -45.0000   37.5000 9232.8730   21.7447
    0.0000  -45.0000   37.5000 9573.7900   21.8541
    7.5000  -45.0000   37.5000 9095.0918   21.8080
   -7.5000  -37.5000   37.5000 9948.4746   21.7835
    0.0000  -37.5000   37.500010314.6045   21.8956
    7.5000  -37.5000   37.5000 9763.1982   21.8498
   -7.5000  -30.0000   37.500011077.0957   21.9440
    0.0000  -30.0000   37.500011494.2783   22.0540
    7.5000  -30.0000   37.500010803.6953   22.0024
   -7.5000  -22.5000   37.500012038.7695   22.0692
    0.0000  -22.5000   37.500012522.7334   22.1749
    7.5000  -22.5000   37.500011842.2949   22.1169
   -7.5000  -15.0000   37.500012923.7090   22.0381
    0.0000  -15.0000   37.500013457.3164   22.1416
    7.5000  -15.0000   37.500012818.6211   22.0841
   -7.5000   -7.5000   37.500013948.6846   21.8704
    0.0000   -7.5000   37.500014495.1367   21.9757
    7.5000   -7.5000   37.500013742.3711   21.9242
   -7.5000    0.0000   37.500014846.9062   21.7447
    0.0000    0.0000   37.500015402.0088   21.8541
    7.5000    0.0000   37.500014526.5068   21.8080
   -7.5000    7.5000   37.500014358.5166   21.7835
    0.0000    7.5000   37.500014888.9414   21.8956
    7.5000    7.5000   37.500014036.3232   21.8498
   -7.5000   15.0000   37.500013728.3320   21.9440
    0.0000   15.0000   37.500014223.4795   22.0540
    7.5000   15.0000   37.500013387.0703   22.0024
   -7.5000   22.5000   37.500012913.9170   22.0590
    0.0000   22.5000   37.500013377.8564   22.1646
    7.5000   22.5000   37.500012583.2969   22.1067
   -7.5000   30.0000   37.500012045.5693   21.7529
    0.0000   30.0000   37.500012479.2188   21.8551
    7.5000   30.0000   37.500011748.6162   21.7983
   -7.5000   37.5000   37.500011586.3086   21.5874
    0.0000   37.5000   37.500011996.2812   21.6913
    7.5000   37.5000   37.500011336.4902   21.6405
   -7.5000   45.0000   37.500010618.6504   20.9594
    0.0000   45.0000   37.500010974.7246   21.0648
    7.5000   45.0000   37.500010365.4404   21.0204
   -7.5000  -45.0000   45.0000 8745.6787   22.3970
    0.0000  -45.0000   45.0000 9057.4453   22.5125
    7.5000  -45.0000   45.0000 8609.4717   22.4785
   -7.5000  -37.5000   45.0000 9399.0742   22.4346
    0.0000  -37.5000   45.0000 9739.4014   22.5539
    7.5000  -37.5000   45.0000 9230.8066   22.5234
   -7.5000  -30.0000   45.000010388.8066   22.5955
    0.0000  -30.0000   45.000010774.1113   22.7135
    7.5000  -30.0000   45.000010203.5146   22.6767
   -7.5000  -22.5000   45.000011265.8252   22.7231
    0.0000  -22.5000   45.000011703.6045   22.8359
    7.5000  -22.5000   45.000011126.8691   22.7889
   -7.5000  -15.0000   45.000012161.2207   22.6939
    0.0000  -15.0000   45.000012637.9785   22.8034
    7.5000  -15.0000   45.000012041.0947   22.7535
   -7.5000   -7.5000   45.000013132.8467   22.5251
    0.0000   -7.5000   45.000013641.2490   22.6358
    7.5000   -7.5000   45.000012942.8555   22.5927
   -7.5000    0.0000   45.000013922.3750   22.3970
    0.0000    0.0000   45.000014431.5078   22.5125
    7.5000    0.0000   45.000013651.7988   22.4785
   -7.5000    7.5000   45.000013453.3809   22.4346
    0.0000    7.5000   45.000013951.3125   22.5539
    7.5000    7.5000   45.000013191.2656   22.5234
   -7.5000   15.0000   45.000012843.7344   22.5955
    0.0000   15.0000   45.000013311.2070   22.7135
    7.5000   15.0000   45.000012566.6094   22.6767
   -7.5000   22.5000   45.000012101.7832   22.7126
    0.0000   22.5000   45.000012542.6533   22.8253
    7.5000   22.5000   45.000011838.3516   22.7783
   -7.5000   30.0000   45.000011277.0000   22.3982
    0.0000   30.0000   45.000011697.0977   22.5063
    7.5000   30.0000   45.000011050.4980   22.4570
   -7.5000   37.5000   45.000010799.8906   22.2316
    0.0000   37.5000   45.000011207.4570   22.3409
    7.5000   37.5000   45.000010628.4404   22.2984
   -7.5000   45.0000   45.0000 9886.1494   21.5979
    0.0000   45.0000   45.000010248.9150   21.7093
    7.5000   45.0000   45.0000 9710.6455   21.6765

---------------------------------------------------------------------
imgreg_4dfp /opt/freesurfer/average/711-2C_as_mni_average_305 /opt/freesurfer/average/711-2B_as_mni_average_305_mask talsrcimg_g11 none talsrcimg_to_711-2C_as_mni_average_305_t4 4355
---------------------------------------------------------------------

freesurfer imgreg_4dfp.c
/opt/freesurfer/average/711-2C_as_mni_average_305.4dfp.img
       256       256       256         1
  1.000000  1.000000  1.000000
orientation T byte_order littleendian
Reading image: /opt/freesurfer/average/711-2C_as_mni_average_305.4dfp.img
dimensions:      256       256       256
mmppix:       1.0000   -1.0000   -1.0000
center:     128.0000 -129.0000 -129.0000
/opt/freesurfer/average/711-2B_as_mni_average_305_mask.4dfp.img
       256       256       256         1
  1.000000  1.000000  1.000000
orientation T byte_order littleendian
Reading mask: /opt/freesurfer/average/711-2B_as_mni_average_305_mask.4dfp.img (2306576 pixels)
talsrcimg_g11.4dfp.img
       320       320       320         1
  0.800000  0.800000  0.800000
orientation T byte_order littleendian
Reading image: talsrcimg_g11.4dfp.img
dimensions:      320       320       320
mmppix:       0.8000   -0.8000   -0.8000
center:     128.0000 -128.8000 -128.8000
rotation matrix determinant  1.000000
image alignment mode   4355 decimal     1103 hex
   -7.5000  -45.0000  -45.0000 2422.6362   28.1893
    0.0000  -45.0000  -45.0000 2421.6450   28.1154
    7.5000  -45.0000  -45.0000 2393.9060   28.1667
   -7.5000  -37.5000  -45.0000 2486.3193   26.2244
    0.0000  -37.5000  -45.0000 2480.6992   26.1616
    7.5000  -37.5000  -45.0000 2456.6936   26.2313
   -7.5000  -30.0000  -45.0000 2527.6123   24.7712
    0.0000  -30.0000  -45.0000 2522.0776   24.6725
    7.5000  -30.0000  -45.0000 2495.4866   24.7819
   -7.5000  -22.5000  -45.0000 2556.8640   23.7039
    0.0000  -22.5000  -45.0000 2548.1094   23.5729
    7.5000  -22.5000  -45.0000 2518.7451   23.6440
   -7.5000  -15.0000  -45.0000 2566.7544   22.9713
    0.0000  -15.0000  -45.0000 2557.3098   22.8654
    7.5000  -15.0000  -45.0000 2536.4294   22.9416
   -7.5000   -7.5000  -45.0000 2567.3345   22.6608
    0.0000   -7.5000  -45.0000 2559.2300   22.5614
    7.5000   -7.5000  -45.0000 2539.2791   22.6349
   -7.5000    0.0000  -45.0000 2558.0703   22.6176
    0.0000    0.0000  -45.0000 2553.3938   22.5895
    7.5000    0.0000  -45.0000 2532.9463   22.6368
   -7.5000    7.5000  -45.0000 2543.7068   23.0594
    0.0000    7.5000  -45.0000 2541.8406   23.0357
    7.5000    7.5000  -45.0000 2520.7241   23.1242
   -7.5000   15.0000  -45.0000 2512.4470   23.9505
    0.0000   15.0000  -45.0000 2511.9614   23.9366
    7.5000   15.0000  -45.0000 2483.9951   23.9733
   -7.5000   22.5000  -45.0000 2461.8767   25.3102
    0.0000   22.5000  -45.0000 2459.1389   25.2759
    7.5000   22.5000  -45.0000 2431.9900   25.3373
   -7.5000   30.0000  -45.0000 2386.5515   26.9991
    0.0000   30.0000  -45.0000 2385.2622   27.0368
    7.5000   30.0000  -45.0000 2363.4397   27.1197
   -7.5000   37.5000  -45.0000 2298.9468   29.0922
    0.0000   37.5000  -45.0000 2296.2925   29.1087
    7.5000   37.5000  -45.0000 2284.9668   29.3032
   -7.5000   45.0000  -45.0000 2198.1462   31.7530
    0.0000   45.0000  -45.0000 2196.7854   31.7396
    7.5000   45.0000  -45.0000 2191.0891   32.0337
   -7.5000  -45.0000  -37.5000 2452.7329   27.1293
    0.0000  -45.0000  -37.5000 2448.4800   26.9716
    7.5000  -45.0000  -37.5000 2426.6394   27.1180
   -7.5000  -37.5000  -37.5000 2516.0576   25.1062
    0.0000  -37.5000  -37.5000 2508.4070   24.9753
    7.5000  -37.5000  -37.5000 2492.4709   25.1476
   -7.5000  -30.0000  -37.5000 2559.0396   23.6343
    0.0000  -30.0000  -37.5000 2548.3665   23.5164
    7.5000  -30.0000  -37.5000 2539.8467   23.7194
   -7.5000  -22.5000  -37.5000 2587.7852   22.5531
    0.0000  -22.5000  -37.5000 2574.6194   22.4352
    7.5000  -22.5000  -37.5000 2562.7498   22.6172
   -7.5000  -15.0000  -37.5000 2603.5483   21.8234
    0.0000  -15.0000  -37.5000 2589.7021   21.7537
    7.5000  -15.0000  -37.5000 2579.1111   21.8807
   -7.5000   -7.5000  -37.5000 2610.2910   21.4987
    0.0000   -7.5000  -37.5000 2599.8877   21.4384
    7.5000   -7.5000  -37.5000 2587.4861   21.5994
   -7.5000    0.0000  -37.5000 2600.0547   21.4561
    0.0000    0.0000  -37.5000 2597.6897   21.4614
    7.5000    0.0000  -37.5000 2580.4739   21.5772
   -7.5000    7.5000  -37.5000 2585.8987   21.8332
    0.0000    7.5000  -37.5000 2585.0544   21.8432
    7.5000    7.5000  -37.5000 2568.7839   22.0116
   -7.5000   15.0000  -37.5000 2555.7842   22.6325
    0.0000   15.0000  -37.5000 2556.0676   22.6621
    7.5000   15.0000  -37.5000 2533.9290   22.8177
   -7.5000   22.5000  -37.5000 2501.5183   23.8867
    0.0000   22.5000  -37.5000 2503.0388   23.8894
    7.5000   22.5000  -37.5000 2479.8411   24.0682
   -7.5000   30.0000  -37.5000 2425.8530   25.5320
    0.0000   30.0000  -37.5000 2425.8823   25.5707
    7.5000   30.0000  -37.5000 2407.0410   25.7085
   -7.5000   37.5000  -37.5000 2336.2175   27.5831
    0.0000   37.5000  -37.5000 2335.6970   27.5675
    7.5000   37.5000  -37.5000 2321.3171   27.7794
   -7.5000   45.0000  -37.5000 2236.9646   30.1301
    0.0000   45.0000  -37.5000 2238.0854   30.1351
    7.5000   45.0000  -37.5000 2228.1924   30.4066
   -7.5000  -45.0000  -30.0000 2544.6941   26.9503
    0.0000  -45.0000  -30.0000 2540.7307   26.7681
    7.5000  -45.0000  -30.0000 2528.9939   27.0204
   -7.5000  -37.5000  -30.0000 2612.6399   24.9092
    0.0000  -37.5000  -30.0000 2602.6465   24.6932
    7.5000  -37.5000  -30.0000 2597.6177   24.9239
   -7.5000  -30.0000  -30.0000 2652.5654   23.3148
    0.0000  -30.0000  -30.0000 2642.5076   23.1257
    7.5000  -30.0000  -30.0000 2645.8533   23.3690
   -7.5000  -22.5000  -30.0000 2683.4158   22.1644
    0.0000  -22.5000  -30.0000 2673.1282   22.0461
    7.5000  -22.5000  -30.0000 2675.1892   22.2604
   -7.5000  -15.0000  -30.0000 2700.1580   21.3776
    0.0000  -15.0000  -30.0000 2688.6638   21.3244
    7.5000  -15.0000  -30.0000 2692.2048   21.5149
   -7.5000   -7.5000  -30.0000 2708.3091   20.9947
    0.0000   -7.5000  -30.0000 2697.9133   20.9650
    7.5000   -7.5000  -30.0000 2698.2756   21.1697
   -7.5000    0.0000  -30.0000 2702.8115   20.9488
    0.0000    0.0000  -30.0000 2701.9585   20.9644
    7.5000    0.0000  -30.0000 2698.7705   21.1527
   -7.5000    7.5000  -30.0000 2690.2129   21.3105
    0.0000    7.5000  -30.0000 2689.7268   21.3215
    7.5000    7.5000  -30.0000 2689.5671   21.5822
   -7.5000   15.0000  -30.0000 2658.8474   22.0884
    0.0000   15.0000  -30.0000 2657.4958   22.1049
    7.5000   15.0000  -30.0000 2656.6597   22.3947
   -7.5000   22.5000  -30.0000 2604.3396   23.3126
    0.0000   22.5000  -30.0000 2604.8438   23.3178
    7.5000   22.5000  -30.0000 2596.3528   23.5792
   -7.5000   30.0000  -30.0000 2527.8252   24.9097
    0.0000   30.0000  -30.0000 2529.1926   24.9031
    7.5000   30.0000  -30.0000 2517.7092   25.1245
   -7.5000   37.5000  -30.0000 2437.5593   26.8967
    0.0000   37.5000  -30.0000 2437.1633   26.8392
    7.5000   37.5000  -30.0000 2425.0059   27.0889
   -7.5000   45.0000  -30.0000 2331.6208   29.4271
    0.0000   45.0000  -30.0000 2330.6533   29.3929
    7.5000   45.0000  -30.0000 2320.9883   29.6428
   -7.5000  -45.0000  -22.5000 2607.2478   26.7977
    0.0000  -45.0000  -22.5000 2604.0903   26.5812
    7.5000  -45.0000  -22.5000 2596.6128   26.8278
   -7.5000  -37.5000  -22.5000 2671.1387   24.6547
    0.0000  -37.5000  -22.5000 2663.4658   24.4370
    7.5000  -37.5000  -22.5000 2661.6929   24.6804
   -7.5000  -30.0000  -22.5000 2717.6711   23.0876
    0.0000  -30.0000  -22.5000 2705.1675   22.8386
    7.5000  -30.0000  -22.5000 2707.7815   23.0727
   -7.5000  -22.5000  -22.5000 2742.3245   21.8145
    0.0000  -22.5000  -22.5000 2729.8826   21.6298
    7.5000  -22.5000  -22.5000 2741.8247   21.8826
   -7.5000  -15.0000  -22.5000 2759.9075   20.9618
    0.0000  -15.0000  -22.5000 2748.3164   20.8360
    7.5000  -15.0000  -22.5000 2760.8750   21.0923
   -7.5000   -7.5000  -22.5000 2766.9045   20.4756
    0.0000   -7.5000  -22.5000 2756.4224   20.4106
    7.5000   -7.5000  -22.5000 2774.2554   20.6762
   -7.5000    0.0000  -22.5000 2771.3145   20.4190
    0.0000    0.0000  -22.5000 2766.1755   20.3969
    7.5000    0.0000  -22.5000 2780.3623   20.6775
   -7.5000    7.5000  -22.5000 2764.6030   20.7951
    0.0000    7.5000  -22.5000 2761.3398   20.7759
    7.5000    7.5000  -22.5000 2770.2012   21.0732
   -7.5000   15.0000  -22.5000 2731.6921   21.5781
    0.0000   15.0000  -22.5000 2729.9983   21.5661
    7.5000   15.0000  -22.5000 2736.6990   21.8713
   -7.5000   22.5000  -22.5000 2673.6887   22.7508
    0.0000   22.5000  -22.5000 2672.6870   22.7597
    7.5000   22.5000  -22.5000 2672.6199   23.0237
   -7.5000   30.0000  -22.5000 2595.7954   24.3084
    0.0000   30.0000  -22.5000 2597.4316   24.2972
    7.5000   30.0000  -22.5000 2591.0896   24.5332
   -7.5000   37.5000  -22.5000 2510.9700   26.2387
    0.0000   37.5000  -22.5000 2510.8010   26.1831
    7.5000   37.5000  -22.5000 2497.2417   26.4356
   -7.5000   45.0000  -22.5000 2403.3357   28.7246
    0.0000   45.0000  -22.5000 2399.2603   28.6873
    7.5000   45.0000  -22.5000 2382.1279   28.9142
   -7.5000  -45.0000  -15.0000 2647.9087   26.8034
    0.0000  -45.0000  -15.0000 2639.2815   26.4952
    7.5000  -45.0000  -15.0000 2631.3892   26.7085
   -7.5000  -37.5000  -15.0000 2708.7236   24.5693
    0.0000  -37.5000  -15.0000 2698.7090   24.3241
    7.5000  -37.5000  -15.0000 2698.7644   24.5135
   -7.5000  -30.0000  -15.0000 2751.3030   22.8710
    0.0000  -30.0000  -15.0000 2734.8914   22.6425
    7.5000  -30.0000  -15.0000 2740.5503   22.8350
   -7.5000  -22.5000  -15.0000 2779.3933   21.5553
    0.0000  -22.5000  -15.0000 2757.8574   21.3207
    7.5000  -22.5000  -15.0000 2773.6106   21.5996
   -7.5000  -15.0000  -15.0000 2790.9883   20.5612
    0.0000  -15.0000  -15.0000 2772.6611   20.3784
    7.5000  -15.0000  -15.0000 2790.7329   20.7139
   -7.5000   -7.5000  -15.0000 2798.6790   19.9898
    0.0000   -7.5000  -15.0000 2783.3276   19.8783
    7.5000   -7.5000  -15.0000 2811.9080   20.2878
   -7.5000    0.0000  -15.0000 2805.8711   19.9423
    0.0000    0.0000  -15.0000 2800.8674   19.8749
    7.5000    0.0000  -15.0000 2826.1572   20.2711
   -7.5000    7.5000  -15.0000 2805.4993   20.3422
    0.0000    7.5000  -15.0000 2801.4883   20.3078
    7.5000    7.5000  -15.0000 2817.7896   20.6670
   -7.5000   15.0000  -15.0000 2778.5730   21.1160
    0.0000   15.0000  -15.0000 2775.9985   21.1178
    7.5000   15.0000  -15.0000 2783.8210   21.4554
   -7.5000   22.5000  -15.0000 2719.2112   22.2654
    0.0000   22.5000  -15.0000 2718.9375   22.2953
    7.5000   22.5000  -15.0000 2722.2021   22.6139
   -7.5000   30.0000  -15.0000 2640.2690   23.7829
    0.0000   30.0000  -15.0000 2643.7874   23.7706
    7.5000   30.0000  -15.0000 2634.7896   24.0769
   -7.5000   37.5000  -15.0000 2551.4561   25.6088
    0.0000   37.5000  -15.0000 2557.5818   25.6207
    7.5000   37.5000  -15.0000 2538.7539   25.8904
   -7.5000   45.0000  -15.0000 2437.3291   27.9872
    0.0000   45.0000  -15.0000 2437.9844   28.0617
    7.5000   45.0000  -15.0000 2416.3030   28.3259
   -7.5000  -45.0000   -7.5000 2674.0474   26.8715
    0.0000  -45.0000   -7.5000 2649.8516   26.4786
    7.5000  -45.0000   -7.5000 2642.6165   26.6600
   -7.5000  -37.5000   -7.5000 2738.3376   24.6334
    0.0000  -37.5000   -7.5000 2713.3167   24.3043
    7.5000  -37.5000   -7.5000 2708.6692   24.4078
   -7.5000  -30.0000   -7.5000 2781.5464   22.8691
    0.0000  -30.0000   -7.5000 2757.1736   22.6063
    7.5000  -30.0000   -7.5000 2755.8262   22.6503
   -7.5000  -22.5000   -7.5000 2806.3796   21.4595
    0.0000  -22.5000   -7.5000 2782.0205   21.2510
    7.5000  -22.5000   -7.5000 2783.9290   21.3182
   -7.5000  -15.0000   -7.5000 2813.1033   20.3104
    0.0000  -15.0000   -7.5000 2788.0767   20.1420
    7.5000  -15.0000   -7.5000 2795.2358   20.3511
   -7.5000   -7.5000   -7.5000 2811.7261   19.5935
    0.0000   -7.5000   -7.5000 2791.5557   19.5358
    7.5000   -7.5000   -7.5000 2816.5559   19.9301
   -7.5000    0.0000   -7.5000 2826.7271   19.5836
    0.0000    0.0000   -7.5000 2816.5215   19.5450
    7.5000    0.0000   -7.5000 2836.1167   19.9277
   -7.5000    7.5000   -7.5000 2836.4768   20.0172
    0.0000    7.5000   -7.5000 2833.5774   19.9903
    7.5000    7.5000   -7.5000 2834.8525   20.3126
   -7.5000   15.0000   -7.5000 2813.3462   20.7668
    0.0000   15.0000   -7.5000 2811.0117   20.7812
    7.5000   15.0000   -7.5000 2807.0889   21.0565
   -7.5000   22.5000   -7.5000 2754.0388   21.9033
    0.0000   22.5000   -7.5000 2751.3037   21.8946
    7.5000   22.5000   -7.5000 2743.8665   22.1631
   -7.5000   30.0000   -7.5000 2671.1572   23.3712
    0.0000   30.0000   -7.5000 2669.2971   23.3404
    7.5000   30.0000   -7.5000 2656.7395   23.6424
   -7.5000   37.5000   -7.5000 2578.3052   25.1451
    0.0000   37.5000   -7.5000 2578.8533   25.1546
    7.5000   37.5000   -7.5000 2560.8518   25.5081
   -7.5000   45.0000   -7.5000 2456.7051   27.4876
    0.0000   45.0000   -7.5000 2453.7192   27.5087
    7.5000   45.0000   -7.5000 2441.5195   27.8707
   -7.5000  -45.0000    0.0000 2683.1887   27.1324
    0.0000  -45.0000    0.0000 2665.4536   26.8532
    7.5000  -45.0000    0.0000 2639.9944   26.7655
   -7.5000  -37.5000    0.0000 2755.7969   24.8808
    0.0000  -37.5000    0.0000 2732.7065   24.6503
    7.5000  -37.5000    0.0000 2712.6282   24.5035
   -7.5000  -30.0000    0.0000 2812.5935   23.1924
    0.0000  -30.0000    0.0000 2785.0771   22.9889
    7.5000  -30.0000    0.0000 2765.1143   22.6884
   -7.5000  -22.5000    0.0000 2853.7036   21.9088
    0.0000  -22.5000    0.0000 2826.3784   21.7229
    7.5000  -22.5000    0.0000 2800.4106   21.3168
   -7.5000  -15.0000    0.0000 2861.8469   20.7517
    0.0000  -15.0000    0.0000 2839.6252   20.6359
    7.5000  -15.0000    0.0000 2812.2744   20.3312
   -7.5000   -7.5000    0.0000 2836.2690   19.6566
    0.0000   -7.5000    0.0000 2823.8953   19.7267
    7.5000   -7.5000    0.0000 2820.8115   19.7893
   -7.5000    0.0000    0.0000 2843.9114   19.5242
    0.0000    0.0000    0.0000 2837.8120   19.5772
    7.5000    0.0000    0.0000 2839.4109   19.7536
   -7.5000    7.5000    0.0000 2853.0964   19.8358
    0.0000    7.5000    0.0000 2851.8904   19.8740
    7.5000    7.5000    0.0000 2837.0364   20.0567
   -7.5000   15.0000    0.0000 2833.7075   20.5714
    0.0000   15.0000    0.0000 2835.3789   20.5882
    7.5000   15.0000    0.0000 2813.5945   20.7721
   -7.5000   22.5000    0.0000 2776.8359   21.7027
    0.0000   22.5000    0.0000 2776.5410   21.6925
    7.5000   22.5000    0.0000 2755.5601   21.8477
   -7.5000   30.0000    0.0000 2695.5427   23.2017
    0.0000   30.0000    0.0000 2696.0752   23.2087
    7.5000   30.0000    0.0000 2670.3750   23.3594
   -7.5000   37.5000    0.0000 2607.2322   25.0577
    0.0000   37.5000    0.0000 2607.8105   25.0722
    7.5000   37.5000    0.0000 2576.3538   25.2003
   -7.5000   45.0000    0.0000 2481.1895   27.3805
    0.0000   45.0000    0.0000 2478.0088   27.3558
    7.5000   45.0000    0.0000 2464.0969   27.5665
   -7.5000  -45.0000    7.5000 2691.8909   27.5904
    0.0000  -45.0000    7.5000 2678.1650   27.4285
    7.5000  -45.0000    7.5000 2639.8159   27.1047
   -7.5000  -37.5000    7.5000 2770.3931   25.3249
    0.0000  -37.5000    7.5000 2758.1204   25.2688
    7.5000  -37.5000    7.5000 2713.6748   24.8294
   -7.5000  -30.0000    7.5000 2834.6548   23.6591
    0.0000  -30.0000    7.5000 2827.3826   23.6743
    7.5000  -30.0000    7.5000 2771.9314   23.0884
   -7.5000  -22.5000    7.5000 2900.2744   22.5367
    0.0000  -22.5000    7.5000 2895.8127   22.5222
    7.5000  -22.5000    7.5000 2813.5828   21.7120
   -7.5000  -15.0000    7.5000 2953.2097   21.7147
    0.0000  -15.0000    7.5000 2938.9307   21.6183
    7.5000  -15.0000    7.5000 2831.6384   20.7140
   -7.5000   -7.5000    7.5000 2912.8120   20.4142
    0.0000   -7.5000    7.5000 2909.0476   20.5271
    7.5000   -7.5000    7.5000 2841.0269   20.1099
   -7.5000    0.0000    7.5000 2875.2046   19.7305
    0.0000    0.0000    7.5000 2873.5515   19.8307
    7.5000    0.0000    7.5000 2845.5449   19.8043
   -7.5000    7.5000    7.5000 2862.9458   19.7658
    0.0000    7.5000    7.5000 2861.9163   19.8548
    7.5000    7.5000    7.5000 2841.3821   20.0033
   -7.5000   15.0000    7.5000 2836.5586   20.4374
    0.0000   15.0000    7.5000 2835.1885   20.4704
    7.5000   15.0000    7.5000 2817.8035   20.6531
   -7.5000   22.5000    7.5000 2782.6077   21.6047
    0.0000   22.5000    7.5000 2785.6968   21.6158
    7.5000   22.5000    7.5000 2763.6697   21.8110
   -7.5000   30.0000    7.5000 2709.5237   23.1614
    0.0000   30.0000    7.5000 2710.5625   23.1868
    7.5000   30.0000    7.5000 2684.9919   23.3305
   -7.5000   37.5000    7.5000 2621.1934   25.0100
    0.0000   37.5000    7.5000 2619.8198   25.0191
    7.5000   37.5000    7.5000 2592.0007   25.1711
   -7.5000   45.0000    7.5000 2496.7678   27.2855
    0.0000   45.0000    7.5000 2498.1150   27.3175
    7.5000   45.0000    7.5000 2474.0945   27.4629
   -7.5000  -45.0000   15.0000 2699.9871   28.1638
    0.0000  -45.0000   15.0000 2699.1367   28.1796
    7.5000  -45.0000   15.0000 2641.7712   27.7619
   -7.5000  -37.5000   15.0000 2785.5342   25.8882
    0.0000  -37.5000   15.0000 2785.5754   25.9738
    7.5000  -37.5000   15.0000 2722.7585   25.4744
   -7.5000  -30.0000   15.0000 2855.7537   24.1673
    0.0000  -30.0000   15.0000 2856.6423   24.2869
    7.5000  -30.0000   15.0000 2791.1812   23.7244
   -7.5000  -22.5000   15.0000 2928.8269   22.9856
    0.0000  -22.5000   15.0000 2924.6104   23.0177
    7.5000  -22.5000   15.0000 2846.4612   22.3772
   -7.5000  -15.0000   15.0000 2983.5088   22.1107
    0.0000  -15.0000   15.0000 2968.3035   22.0447
    7.5000  -15.0000   15.0000 2874.3071   21.4049
   -7.5000   -7.5000   15.0000 2972.4451   21.0223
    0.0000   -7.5000   15.0000 2962.7349   21.1177
    7.5000   -7.5000   15.0000 2876.9509   20.6961
   -7.5000    0.0000   15.0000 2908.8018   20.2511
    0.0000    0.0000   15.0000 2906.8396   20.4119
    7.5000    0.0000   15.0000 2867.1602   20.3534
   -7.5000    7.5000   15.0000 2871.8179   20.0907
    0.0000    7.5000   15.0000 2873.4839   20.2337
    7.5000    7.5000   15.0000 2848.2871   20.3947
   -7.5000   15.0000   15.0000 2837.7708   20.6618
    0.0000   15.0000   15.0000 2834.9309   20.7320
    7.5000   15.0000   15.0000 2816.9419   20.9199
   -7.5000   22.5000   15.0000 2780.2378   21.7491
    0.0000   22.5000   15.0000 2777.8059   21.7460
    7.5000   22.5000   15.0000 2756.6309   21.9204
   -7.5000   30.0000   15.0000 2704.8259   23.1994
    0.0000   30.0000   15.0000 2701.9546   23.1550
    7.5000   30.0000   15.0000 2681.8450   23.3369
   -7.5000   37.5000   15.0000 2620.1562   24.9716
    0.0000   37.5000   15.0000 2616.7759   24.9650
    7.5000   37.5000   15.0000 2588.6873   25.1296
   -7.5000   45.0000   15.0000 2507.9717   27.3066
    0.0000   45.0000   15.0000 2507.4272   27.3003
    7.5000   45.0000   15.0000 2482.4333   27.5176
   -7.5000  -45.0000   22.5000 2691.2295   28.5748
    0.0000  -45.0000   22.5000 2692.8054   28.5993
    7.5000  -45.0000   22.5000 2658.1294   28.4904
   -7.5000  -37.5000   22.5000 2772.5166   26.1305
    0.0000  -37.5000   22.5000 2774.8457   26.2050
    7.5000  -37.5000   22.5000 2738.2539   26.0357
   -7.5000  -30.0000   22.5000 2839.6274   24.2332
    0.0000  -30.0000   22.5000 2841.4202   24.3757
    7.5000  -30.0000   22.5000 2804.5122   24.1669
   -7.5000  -22.5000   22.5000 2910.6892   22.9202
    0.0000  -22.5000   22.5000 2909.8906   22.9898
    7.5000  -22.5000   22.5000 2861.6899   22.7135
   -7.5000  -15.0000   22.5000 2945.6123   21.8265
    0.0000  -15.0000   22.5000 2942.2153   21.9393
    7.5000  -15.0000   22.5000 2877.1799   21.6809
   -7.5000   -7.5000   22.5000 2906.3020   20.6477
    0.0000   -7.5000   22.5000 2915.3953   20.9445
    7.5000   -7.5000   22.5000 2887.4729   21.0874
   -7.5000    0.0000   22.5000 2888.4746   20.3085
    0.0000    0.0000   22.5000 2887.9282   20.4786
    7.5000    0.0000   22.5000 2878.1038   20.7966
   -7.5000    7.5000   22.5000 2879.5688   20.5590
    0.0000    7.5000   22.5000 2874.4946   20.6023
    7.5000    7.5000   22.5000 2849.2612   20.8161
   -7.5000   15.0000   22.5000 2846.0312   21.2478
    0.0000   15.0000   22.5000 2842.8315   21.2585
    7.5000   15.0000   22.5000 2819.7427   21.3887
   -7.5000   22.5000   22.5000 2783.5693   22.2502
    0.0000   22.5000   22.5000 2777.0291   22.2384
    7.5000   22.5000   22.5000 2757.1792   22.3444
   -7.5000   30.0000   22.5000 2705.2910   23.5865
    0.0000   30.0000   22.5000 2695.8149   23.5498
    7.5000   30.0000   22.5000 2675.8352   23.6852
   -7.5000   37.5000   22.5000 2621.6140   25.3057
    0.0000   37.5000   22.5000 2615.5017   25.2617
    7.5000   37.5000   22.5000 2585.2510   25.3963
   -7.5000   45.0000   22.5000 2511.9380   27.5856
    0.0000   45.0000   22.5000 2510.9692   27.5278
    7.5000   45.0000   22.5000 2484.8938   27.6792
   -7.5000  -45.0000   30.0000 2664.2527   28.7504
    0.0000  -45.0000   30.0000 2663.0251   28.6954
    7.5000  -45.0000   30.0000 2651.4856   28.9704
   -7.5000  -37.5000   30.0000 2748.7937   26.2417
    0.0000  -37.5000   30.0000 2744.5129   26.2605
    7.5000  -37.5000   30.0000 2735.9880   26.4878
   -7.5000  -30.0000   30.0000 2819.5254   24.3863
    0.0000  -30.0000   30.0000 2812.3604   24.4340
    7.5000  -30.0000   30.0000 2799.5645   24.5288
   -7.5000  -22.5000   30.0000 2875.7559   22.9697
    0.0000  -22.5000   30.0000 2871.2766   22.9988
    7.5000  -22.5000   30.0000 2845.3792   22.9809
   -7.5000  -15.0000   30.0000 2876.3059   21.5577
    0.0000  -15.0000   30.0000 2888.3328   21.8095
    7.5000  -15.0000   30.0000 2875.6636   22.0217
   -7.5000   -7.5000   30.0000 2876.8757   20.8041
    0.0000   -7.5000   30.0000 2878.9146   21.0103
    7.5000   -7.5000   30.0000 2884.1628   21.4432
   -7.5000    0.0000   30.0000 2910.8699   20.8795
    0.0000    0.0000   30.0000 2904.4070   20.9565
    7.5000    0.0000   30.0000 2877.5999   21.1828
   -7.5000    7.5000   30.0000 2905.4404   21.2688
    0.0000    7.5000   30.0000 2896.1538   21.2913
    7.5000    7.5000   30.0000 2870.5872   21.4277
   -7.5000   15.0000   30.0000 2859.3804   21.9099
    0.0000   15.0000   30.0000 2854.0593   21.9155
    7.5000   15.0000   30.0000 2829.2363   22.0388
   -7.5000   22.5000   30.0000 2797.1255   22.9604
    0.0000   22.5000   30.0000 2790.6836   22.9509
    7.5000   22.5000   30.0000 2761.4470   23.0275
   -7.5000   30.0000   30.0000 2718.6384   24.3053
    0.0000   30.0000   30.0000 2708.7227   24.2457
    7.5000   30.0000   30.0000 2677.5986   24.3281
   -7.5000   37.5000   30.0000 2619.6252   25.9212
    0.0000   37.5000   30.0000 2614.1448   25.8425
    7.5000   37.5000   30.0000 2588.4666   25.9786
   -7.5000   45.0000   30.0000 2497.1965   28.0783
    0.0000   45.0000   30.0000 2495.6726   28.0445
    7.5000   45.0000   30.0000 2476.6934   28.1506
   -7.5000  -45.0000   37.5000 2647.0112   29.0293
    0.0000  -45.0000   37.5000 2639.7224   28.9370
    7.5000  -45.0000   37.5000 2641.6394   29.5114
   -7.5000  -37.5000   37.5000 2737.8125   26.6144
    0.0000  -37.5000   37.5000 2728.5234   26.5817
    7.5000  -37.5000   37.5000 2726.7566   26.9870
   -7.5000  -30.0000   37.5000 2806.3059   24.7772
    0.0000  -30.0000   37.5000 2796.8303   24.7730
    7.5000  -30.0000   37.5000 2784.1958   24.9867
   -7.5000  -22.5000   37.5000 2841.0815   23.1770
    0.0000  -22.5000   37.5000 2838.2402   23.2292
    7.5000  -22.5000   37.5000 2839.1245   23.5680
   -7.5000  -15.0000   37.5000 2849.1816   21.7652
    0.0000  -15.0000   37.5000 2852.1011   21.9975
    7.5000  -15.0000   37.5000 2866.4756   22.5004
   -7.5000   -7.5000   37.5000 2890.9443   21.4010
    0.0000   -7.5000   37.5000 2884.7576   21.5131
    7.5000   -7.5000   37.5000 2877.6243   21.8853
   -7.5000    0.0000   37.5000 2916.3052   21.5724
    0.0000    0.0000   37.5000 2907.2078   21.5913
    7.5000    0.0000   37.5000 2883.6418   21.7791
   -7.5000    7.5000   37.5000 2902.6560   21.9865
    0.0000    7.5000   37.5000 2892.8855   21.9960
    7.5000    7.5000   37.5000 2874.7283   22.1105
   -7.5000   15.0000   37.5000 2864.2996   22.6864
    0.0000   15.0000   37.5000 2857.6787   22.6907
    7.5000   15.0000   37.5000 2836.1201   22.8272
   -7.5000   22.5000   37.5000 2800.5527   23.7344
    0.0000   22.5000   37.5000 2792.9309   23.7290
    7.5000   22.5000   37.5000 2767.9475   23.8664
   -7.5000   30.0000   37.5000 2715.2983   25.1322
    0.0000   30.0000   37.5000 2711.7166   25.0885
    7.5000   30.0000   37.5000 2683.2214   25.1576
   -7.5000   37.5000   37.5000 2610.9744   26.8310
    0.0000   37.5000   37.5000 2608.5161   26.7555
    7.5000   37.5000   37.5000 2595.0950   26.7975
   -7.5000   45.0000   37.5000 2486.2920   28.9132
    0.0000   45.0000   37.5000 2481.2559   28.8744
    7.5000   45.0000   37.5000 2466.2341   28.9647
   -7.5000  -45.0000   45.0000 2626.3965   29.5864
    0.0000  -45.0000   45.0000 2616.3022   29.4449
    7.5000  -45.0000   45.0000 2624.8521   30.1409
   -7.5000  -37.5000   45.0000 2717.6931   27.1632
    0.0000  -37.5000   45.0000 2705.6025   27.1013
    7.5000  -37.5000   45.0000 2705.3411   27.6278
   -7.5000  -30.0000   45.0000 2777.1328   25.2445
    0.0000  -30.0000   45.0000 2765.0337   25.1956
    7.5000  -30.0000   45.0000 2769.0034   25.7034
   -7.5000  -22.5000   45.0000 2799.1040   23.5126
    0.0000  -22.5000   45.0000 2799.3867   23.6026
    7.5000  -22.5000   45.0000 2807.8594   24.1921
   -7.5000  -15.0000   45.0000 2845.6003   22.4459
    0.0000  -15.0000   45.0000 2841.9841   22.5789
    7.5000  -15.0000   45.0000 2842.4031   23.0879
   -7.5000   -7.5000   45.0000 2887.5486   22.1854
    0.0000   -7.5000   45.0000 2883.0212   22.2424
    7.5000   -7.5000   45.0000 2868.4307   22.6031
   -7.5000    0.0000   45.0000 2896.9395   22.3536
    0.0000    0.0000   45.0000 2889.9670   22.3593
    7.5000    0.0000   45.0000 2870.1567   22.5714
   -7.5000    7.5000   45.0000 2883.1309   22.7800
    0.0000    7.5000   45.0000 2875.6414   22.7645
    7.5000    7.5000   45.0000 2858.8416   22.9045
   -7.5000   15.0000   45.0000 2848.2542   23.4908
    0.0000   15.0000   45.0000 2839.5195   23.4807
    7.5000   15.0000   45.0000 2820.2688   23.6556
   -7.5000   22.5000   45.0000 2785.5005   24.6309
    0.0000   22.5000   45.0000 2777.1602   24.5690
    7.5000   22.5000   45.0000 2755.7881   24.7082
   -7.5000   30.0000   45.0000 2698.9260   26.0933
    0.0000   30.0000   45.0000 2697.8245   26.0373
    7.5000   30.0000   45.0000 2676.2896   26.1410
   -7.5000   37.5000   45.0000 2582.6013   27.7399
    0.0000   37.5000   45.0000 2584.5186   27.6884
    7.5000   37.5000   45.0000 2572.7275   27.7860
   -7.5000   45.0000   45.0000 2467.0093   29.9110
    0.0000   45.0000   45.0000 2461.9680   29.9044
    7.5000   45.0000   45.0000 2445.9636   30.0623

---------------------------------------------------------------------
imgreg_4dfp /opt/freesurfer/average/711-2C_as_mni_average_305 /opt/freesurfer/average/711-2B_as_mni_average_305_mask talsrcimg_g11 none talsrcimg_to_711-2C_as_mni_average_305_t4 1283
---------------------------------------------------------------------

freesurfer imgreg_4dfp.c
/opt/freesurfer/average/711-2C_as_mni_average_305.4dfp.img
       256       256       256         1
  1.000000  1.000000  1.000000
orientation T byte_order littleendian
Reading image: /opt/freesurfer/average/711-2C_as_mni_average_305.4dfp.img
dimensions:      256       256       256
mmppix:       1.0000   -1.0000   -1.0000
center:     128.0000 -129.0000 -129.0000
/opt/freesurfer/average/711-2B_as_mni_average_305_mask.4dfp.img
       256       256       256         1
  1.000000  1.000000  1.000000
orientation T byte_order littleendian
Reading mask: /opt/freesurfer/average/711-2B_as_mni_average_305_mask.4dfp.img (2306576 pixels)
talsrcimg_g11.4dfp.img
       320       320       320         1
  0.800000  0.800000  0.800000
orientation T byte_order littleendian
Reading image: talsrcimg_g11.4dfp.img
dimensions:      320       320       320
mmppix:       0.8000   -0.8000   -0.8000
center:     128.0000 -128.8000 -128.8000
rotation matrix determinant  1.000000
fimgreg.f
image alignment mode   1283 decimal      503 hex
parameters
   -7.5000  -15.0000   15.0000    0.0000    0.0000    0.0000
eta,q 0.93844 22.23442
niter,ni,del,rscale     5    3   12.0000    1.2000
parameter  1 -0.632583 -> -0.500000 qaram    1.1500
parameters
   -4.0500  -12.7970   12.6489   -1.2738    0.7243    0.9378
eta,q 0.94733 21.97525
  0.0919  0.0736  0.0566  0.0564  0.0617  0.0567
  0.0836  0.0685  0.0537  0.0548  0.0578  0.0549
  0.0747  0.0632  0.0535  0.0535  0.0555  0.0535
  0.0660  0.0580  0.0551  0.0534  0.0533  0.0527
  0.0597  0.0551  0.0578  0.0550  0.0529  0.0526
  0.0584  0.0569  0.0615  0.0574  0.0552  0.0533
  0.0647  0.0619  0.0681  0.0606  0.0590  0.0550
niter,ni,del,rscale     5    3   12.0000    1.2000
parameters
   -4.3909  -12.4034   12.8119   -2.0921    1.2520    0.5792
eta,q 0.94787 21.98086
  0.0792  0.0680  0.0633  0.0562  0.0598  0.0553
  0.0676  0.0623  0.0556  0.0542  0.0567  0.0536
  0.0575  0.0565  0.0525  0.0527  0.0549  0.0523
  0.0527  0.0527  0.0524  0.0525  0.0524  0.0521
  0.0593  0.0536  0.0538  0.0537  0.0523  0.0524
  0.0714  0.0592  0.0567  0.0559  0.0547  0.0541
  0.0846  0.0655  0.0605  0.0590  0.0584  0.0564
niter,ni,del,rscale     4    3   12.0000    1.2000
parameters
   -4.6157  -12.1691   12.7941   -2.4796    1.6045    0.4256
eta,q 0.94818 21.97069
  0.0797  0.0668  0.0623  0.0564  0.0594  0.0556
  0.0684  0.0612  0.0547  0.0541  0.0567  0.0536
  0.0577  0.0557  0.0520  0.0526  0.0545  0.0521
  0.0521  0.0521  0.0520  0.0520  0.0520  0.0518
  0.0584  0.0535  0.0535  0.0529  0.0522  0.0521
  0.0705  0.0595  0.0564  0.0549  0.0548  0.0538
  0.0838  0.0655  0.0609  0.0578  0.0589  0.0561
niter,ni,del,rscale     3    3   12.0000    1.2000
parameters
   -4.7588  -12.0415   12.7818   -2.6749    1.8178    0.3514
eta,q 0.94832 21.96317
  0.0803  0.0661  0.0623  0.0565  0.0592  0.0557
  0.0692  0.0606  0.0547  0.0541  0.0567  0.0535
  0.0580  0.0553  0.0519  0.0524  0.0541  0.0520
  0.0518  0.0519  0.0518  0.0518  0.0518  0.0517
  0.0578  0.0536  0.0532  0.0526  0.0522  0.0519
  0.0700  0.0596  0.0563  0.0544  0.0550  0.0536
  0.0835  0.0656  0.0609  0.0572  0.0594  0.0560
niter,ni,del,rscale     2    3   12.0000    1.2000
parameters
   -4.8452  -11.9740   12.7704   -2.7773    1.9410    0.3101
eta,q 0.94838 21.95763
  0.0808  0.0657  0.0623  0.0565  0.0591  0.0557
  0.0697  0.0603  0.0548  0.0541  0.0567  0.0535
  0.0583  0.0550  0.0518  0.0524  0.0539  0.0520
  0.0517  0.0517  0.0517  0.0517  0.0517  0.0516
  0.0575  0.0537  0.0531  0.0524  0.0523  0.0519
  0.0697  0.0597  0.0562  0.0543  0.0551  0.0535
  0.0833  0.0656  0.0610  0.0569  0.0597  0.0559
niter,ni,del,rscale     1    3   12.0000    1.2000
parameters
   -4.8971  -11.9406   12.7640   -2.8233    2.0167    0.2857
eta,q 0.94841 21.95419
  0.0810  0.0655  0.0624  0.0566  0.0591  0.0557
  0.0701  0.0601  0.0548  0.0541  0.0566  0.0535
  0.0585  0.0549  0.0519  0.0523  0.0539  0.0520
  0.0516  0.0516  0.0516  0.0516  0.0516  0.0516
  0.0573  0.0537  0.0531  0.0524  0.0523  0.0519
  0.0696  0.0597  0.0562  0.0542  0.0553  0.0535
  0.0831  0.0657  0.0611  0.0568  0.0599  0.0559
registration optimization eta report
parameter search radius
    6.9000    6.0000    6.0000    6.0000    6.0000    6.0000
100000*second partial in parameter space
       60.       37.       29.       14.       21.       12.
  0.0810  0.0655  0.0624  0.0566  0.0591  0.0557
  0.0701  0.0601  0.0548  0.0541  0.0566  0.0535
  0.0585  0.0549  0.0519  0.0523  0.0539  0.0520
  0.0516  0.0516  0.0516  0.0516  0.0516  0.0516
  0.0573  0.0537  0.0531  0.0524  0.0523  0.0519
  0.0696  0.0597  0.0562  0.0542  0.0553  0.0535
  0.0831  0.0657  0.0611  0.0568  0.0599  0.0559
   -4.8971  -11.9406   12.7640   -2.8233    2.0167    0.2857
eta,q 0.94841 21.95419

---------------------------------------------------------------------
imgreg_4dfp /opt/freesurfer/average/711-2C_as_mni_average_305 /opt/freesurfer/average/711-2B_as_mni_average_305_mask talsrcimg_g11 none talsrcimg_to_711-2C_as_mni_average_305_t4 3335
---------------------------------------------------------------------

freesurfer imgreg_4dfp.c
/opt/freesurfer/average/711-2C_as_mni_average_305.4dfp.img
       256       256       256         1
  1.000000  1.000000  1.000000
orientation T byte_order littleendian
Reading image: /opt/freesurfer/average/711-2C_as_mni_average_305.4dfp.img
dimensions:      256       256       256
mmppix:       1.0000   -1.0000   -1.0000
center:     128.0000 -129.0000 -129.0000
/opt/freesurfer/average/711-2B_as_mni_average_305_mask.4dfp.img
       256       256       256         1
  1.000000  1.000000  1.000000
orientation T byte_order littleendian
Reading mask: /opt/freesurfer/average/711-2B_as_mni_average_305_mask.4dfp.img (2306576 pixels)
talsrcimg_g11.4dfp.img
       320       320       320         1
  0.800000  0.800000  0.800000
orientation T byte_order littleendian
Reading image: talsrcimg_g11.4dfp.img
dimensions:      320       320       320
mmppix:       0.8000   -0.8000   -0.8000
center:     128.0000 -128.8000 -128.8000
fimgreg.f
image alignment mode   3335 decimal      D07 hex
parameters
   -4.8971  -11.9406   12.7640   -0.0632   -0.1218   -0.1832
   -0.3247   -3.5394    0.4983    4.9080    3.5191   -4.9225
eta,q 0.95066 22.26320
niter,ni,del,rscale     5    3    5.0000    1.2000
parameter  3  0.739950 ->  0.500000 qaram    1.1500
parameter  4  0.735156 ->  0.500000 qaram    1.1500
parameter  5  0.689827 ->  0.500000 qaram    1.1500
parameter 12 -0.570139 -> -0.500000 qaram    1.1500
parameters
   -5.0385  -11.6723   11.3840   -4.2032   -4.2618    0.0640
   -2.3185   -2.4434    2.0751    2.7058    5.7434   -0.7825
eta,q 0.96009 22.20441
  0.0543  0.0522  0.0489  0.0439  0.0413  0.0445  0.0426  0.0453  0.0438  0.0412  0.0409  0.0416
  0.0514  0.0507  0.0488  0.0435  0.0412  0.0438  0.0412  0.0426  0.0422  0.0404  0.0406  0.0408
  0.0497  0.0498  0.0490  0.0448  0.0417  0.0429  0.0407  0.0414  0.0411  0.0402  0.0404  0.0404
  0.0493  0.0493  0.0493  0.0488  0.0436  0.0412  0.0410  0.0407  0.0406  0.0404  0.0402  0.0401
  0.0503  0.0494  0.0498  0.0568  0.0474  0.0402  0.0421  0.0405  0.0405  0.0410  0.0401  0.0400
  0.0524  0.0501  0.0504  0.0681  0.0528  0.0407  0.0438  0.0409  0.0409  0.0420  0.0401  0.0399
  0.0554  0.0512  0.0512  0.0787  0.0591  0.0466  0.0463  0.0432  0.0418  0.0435  0.0404  0.0400
niter,ni,del,rscale     7    3    5.0000    1.2000
parameter  2 -1.076690 -> -0.500000 qaram    1.1500
parameters
   -4.8096  -10.2923   12.0491   -6.6653   -7.3889    0.5139
   -3.8934   -1.8424    2.9202    1.8544    8.7037   -0.4936
eta,q 0.96247 21.91428
  0.0437  0.0459  0.0402  0.0414  0.0399  0.0411  0.0392  0.0395  0.0398  0.0388  0.0381  0.0382
  0.0416  0.0436  0.0391  0.0401  0.0388  0.0405  0.0381  0.0388  0.0387  0.0381  0.0379  0.0378
  0.0404  0.0416  0.0383  0.0386  0.0382  0.0397  0.0378  0.0382  0.0380  0.0377  0.0378  0.0376
  0.0399  0.0399  0.0380  0.0380  0.0384  0.0382  0.0379  0.0378  0.0377  0.0377  0.0377  0.0375
  0.0401  0.0386  0.0381  0.0401  0.0406  0.0373  0.0385  0.0375  0.0377  0.0379  0.0375  0.0376
  0.0409  0.0379  0.0383  0.0468  0.0452  0.0377  0.0395  0.0378  0.0381  0.0385  0.0375  0.0377
  0.0424  0.0378  0.0387  0.0590  0.0511  0.0423  0.0410  0.0395  0.0390  0.0396  0.0377  0.0381
niter,ni,del,rscale     7    3    5.0000    1.2000
parameter  2 -0.907955 -> -0.500000 qaram    1.3225
parameters
   -4.6915   -8.7053   12.8366   -7.9043   -9.4790   -0.1853
   -4.4695   -0.8097    2.5367    1.8591    8.8316   -3.4807
eta,q 0.96340 21.65155
  0.0398  0.0434  0.0387  0.0398  0.0391  0.0394  0.0387  0.0385  0.0383  0.0383  0.0371  0.0369
  0.0385  0.0411  0.0372  0.0386  0.0378  0.0385  0.0375  0.0380  0.0373  0.0373  0.0369  0.0366
  0.0378  0.0391  0.0362  0.0372  0.0367  0.0376  0.0369  0.0374  0.0368  0.0368  0.0368  0.0366
  0.0375  0.0375  0.0358  0.0358  0.0364  0.0366  0.0369  0.0369  0.0367  0.0367  0.0367  0.0367
  0.0377  0.0363  0.0358  0.0358  0.0376  0.0362  0.0373  0.0366  0.0370  0.0370  0.0367  0.0369
  0.0383  0.0358  0.0360  0.0390  0.0412  0.0382  0.0380  0.0368  0.0376  0.0374  0.0368  0.0373
  0.0393  0.0359  0.0365  0.0473  0.0468  0.0430  0.0393  0.0382  0.0386  0.0381  0.0372  0.0376
niter,ni,del,rscale     7    3    5.0000    1.2000
parameters
   -4.5341   -7.1999   13.4709   -8.7269  -10.9746   -0.8703
   -4.0344   -0.3642    1.8849    2.8200    7.9461   -4.9397
eta,q 0.96345 21.46539
  0.0385  0.0420  0.0378  0.0392  0.0396  0.0391  0.0391  0.0381  0.0379  0.0385  0.0368  0.0371
  0.0374  0.0398  0.0366  0.0382  0.0381  0.0382  0.0376  0.0376  0.0370  0.0373  0.0367  0.0367
  0.0368  0.0379  0.0361  0.0370  0.0368  0.0373  0.0368  0.0370  0.0366  0.0368  0.0366  0.0366
  0.0366  0.0366  0.0358  0.0358  0.0361  0.0364  0.0366  0.0366  0.0366  0.0366  0.0366  0.0366
  0.0367  0.0359  0.0358  0.0353  0.0368  0.0359  0.0368  0.0365  0.0369  0.0367  0.0366  0.0368
  0.0372  0.0359  0.0360  0.0375  0.0400  0.0380  0.0374  0.0368  0.0375  0.0370  0.0368  0.0371
  0.0380  0.0369  0.0364  0.0439  0.0456  0.0424  0.0384  0.0382  0.0384  0.0375  0.0371  0.0375
niter,ni,del,rscale     6    3    5.0000    1.2000
parameters
   -4.5796   -6.4745   13.7883   -8.4002  -11.8849   -1.0187
   -3.4151   -0.5798    1.4229    3.6500    6.8203   -5.9817
eta,q 0.96353 21.39590
  0.0378  0.0400  0.0374  0.0396  0.0399  0.0391  0.0392  0.0376  0.0378  0.0379  0.0367  0.0370
  0.0371  0.0384  0.0369  0.0387  0.0384  0.0382  0.0375  0.0372  0.0370  0.0370  0.0366  0.0367
  0.0367  0.0372  0.0366  0.0377  0.0371  0.0373  0.0367  0.0368  0.0366  0.0366  0.0365  0.0365
  0.0365  0.0365  0.0364  0.0363  0.0362  0.0364  0.0365  0.0365  0.0365  0.0365  0.0365  0.0365
  0.0367  0.0364  0.0364  0.0354  0.0364  0.0359  0.0366  0.0364  0.0367  0.0366  0.0365  0.0366
  0.0371  0.0368  0.0366  0.0363  0.0388  0.0368  0.0372  0.0368  0.0373  0.0368  0.0367  0.0369
  0.0379  0.0379  0.0371  0.0410  0.0438  0.0409  0.0382  0.0383  0.0381  0.0373  0.0370  0.0374
niter,ni,del,rscale     5    3    5.0000    1.2000
parameters
   -4.6624   -6.0374   13.8490   -7.9342  -12.4182   -0.7581
   -2.9869   -1.0227    1.2106    4.3850    5.6428   -7.1483
eta,q 0.96374 21.37163
  0.0377  0.0392  0.0372  0.0397  0.0399  0.0390  0.0389  0.0373  0.0377  0.0375  0.0365  0.0368
  0.0370  0.0378  0.0368  0.0389  0.0385  0.0382  0.0373  0.0368  0.0368  0.0367  0.0364  0.0365
  0.0366  0.0369  0.0366  0.0378  0.0372  0.0372  0.0365  0.0365  0.0364  0.0364  0.0363  0.0363
  0.0365  0.0365  0.0364  0.0364  0.0362  0.0363  0.0362  0.0362  0.0363  0.0363  0.0363  0.0363
  0.0366  0.0365  0.0364  0.0353  0.0361  0.0357  0.0365  0.0362  0.0365  0.0363  0.0363  0.0364
  0.0371  0.0370  0.0367  0.0362  0.0381  0.0362  0.0371  0.0366  0.0370  0.0366  0.0365  0.0367
  0.0379  0.0381  0.0372  0.0409  0.0426  0.0400  0.0382  0.0380  0.0378  0.0370  0.0368  0.0372
niter,ni,del,rscale     4    3    5.0000    1.2000
parameters
   -4.7042   -5.7164   13.7225   -7.6043  -12.7350   -0.4966
   -2.7777   -1.3787    1.1884    5.2705    4.8708   -8.2554
eta,q 0.96392 21.36564
  0.0376  0.0387  0.0369  0.0397  0.0398  0.0388  0.0386  0.0370  0.0376  0.0373  0.0363  0.0366
  0.0368  0.0374  0.0366  0.0388  0.0384  0.0380  0.0370  0.0366  0.0367  0.0365  0.0362  0.0363
  0.0364  0.0366  0.0363  0.0377  0.0371  0.0370  0.0362  0.0363  0.0362  0.0362  0.0361  0.0361
  0.0363  0.0363  0.0362  0.0362  0.0361  0.0361  0.0361  0.0361  0.0361  0.0361  0.0361  0.0361
  0.0364  0.0363  0.0363  0.0351  0.0358  0.0354  0.0363  0.0360  0.0362  0.0361  0.0361  0.0362
  0.0369  0.0368  0.0365  0.0362  0.0376  0.0360  0.0370  0.0364  0.0367  0.0363  0.0362  0.0365
  0.0377  0.0379  0.0371  0.0412  0.0420  0.0399  0.0381  0.0376  0.0376  0.0367  0.0365  0.0369
niter,ni,del,rscale     3    3    5.0000    1.2000
parameters
   -4.7294   -5.3958   13.4259   -7.4625  -13.0430   -0.4636
   -2.7360   -1.5322    1.2085    6.6534    5.2937   -9.0431
eta,q 0.96396 21.36071
  0.0374  0.0384  0.0365  0.0396  0.0396  0.0387  0.0384  0.0369  0.0376  0.0373  0.0363  0.0365
  0.0366  0.0372  0.0363  0.0387  0.0383  0.0380  0.0369  0.0365  0.0367  0.0366  0.0362  0.0362
  0.0362  0.0365  0.0361  0.0376  0.0370  0.0370  0.0362  0.0363  0.0362  0.0362  0.0361  0.0361
  0.0361  0.0361  0.0360  0.0361  0.0360  0.0361  0.0361  0.0361  0.0361  0.0361  0.0360  0.0360
  0.0362  0.0361  0.0361  0.0350  0.0357  0.0352  0.0363  0.0360  0.0362  0.0361  0.0360  0.0361
  0.0367  0.0366  0.0364  0.0362  0.0374  0.0362  0.0370  0.0363  0.0367  0.0362  0.0361  0.0364
  0.0375  0.0377  0.0370  0.0416  0.0418  0.0404  0.0382  0.0373  0.0375  0.0366  0.0363  0.0367
niter,ni,del,rscale     2    3    5.0000    1.2000
parameters
   -4.8232   -4.9642   12.8500   -7.5236  -13.5728   -0.7417
   -2.6251   -1.5271    1.0634    8.9307    8.7191   -9.1531
eta,q 0.96389 21.34396
  0.0373  0.0384  0.0363  0.0395  0.0393  0.0387  0.0384  0.0371  0.0376  0.0377  0.0365  0.0366
  0.0365  0.0372  0.0361  0.0387  0.0381  0.0380  0.0370  0.0368  0.0368  0.0369  0.0364  0.0363
  0.0361  0.0364  0.0360  0.0375  0.0369  0.0371  0.0364  0.0365  0.0364  0.0365  0.0363  0.0362
  0.0360  0.0360  0.0360  0.0360  0.0360  0.0362  0.0363  0.0363  0.0363  0.0363  0.0362  0.0361
  0.0362  0.0360  0.0361  0.0349  0.0358  0.0352  0.0365  0.0362  0.0364  0.0362  0.0361  0.0361
  0.0367  0.0364  0.0364  0.0363  0.0375  0.0367  0.0371  0.0363  0.0369  0.0363  0.0361  0.0363
  0.0375  0.0375  0.0370  0.0422  0.0420  0.0412  0.0381  0.0374  0.0376  0.0366  0.0362  0.0366
niter,ni,del,rscale     1    3    5.0000    1.2000
parameter 11 -1.042872 -> -0.500000 qaram    1.1500
parameters
   -5.2030   -4.3900   11.9388   -8.1955  -14.4998   -1.6835
   -2.0730   -1.4270    0.4827   11.6639   12.8591   -7.8747
eta,q 0.96361 21.28664
  0.0370  0.0386  0.0362  0.0393  0.0390  0.0389  0.0387  0.0378  0.0377  0.0386  0.0371  0.0371
  0.0364  0.0374  0.0359  0.0385  0.0379  0.0382  0.0374  0.0375  0.0371  0.0377  0.0369  0.0366
  0.0361  0.0366  0.0359  0.0374  0.0369  0.0373  0.0369  0.0372  0.0368  0.0371  0.0368  0.0364
  0.0361  0.0361  0.0359  0.0359  0.0362  0.0364  0.0368  0.0368  0.0368  0.0368  0.0366  0.0364
  0.0364  0.0359  0.0362  0.0350  0.0361  0.0359  0.0369  0.0365  0.0370  0.0366  0.0365  0.0364
  0.0370  0.0363  0.0366  0.0371  0.0379  0.0384  0.0373  0.0368  0.0373  0.0367  0.0364  0.0365
  0.0379  0.0374  0.0373  0.0441  0.0426  0.0431  0.0380  0.0384  0.0381  0.0370  0.0365  0.0367
niter,ni,del,rscale     1    3    5.0000    1.2000
parameters
   -5.6046   -3.7297   11.2999   -9.2389  -15.7155   -2.9598
   -1.9129   -1.4676   -0.3093   13.6420   16.8022   -6.2478
eta,q 0.96318 21.18685
  0.0373  0.0390  0.0367  0.0394  0.0388  0.0389  0.0386  0.0388  0.0380  0.0388  0.0378  0.0376
  0.0366  0.0378  0.0362  0.0386  0.0380  0.0383  0.0376  0.0382  0.0374  0.0380  0.0376  0.0371
  0.0363  0.0369  0.0361  0.0375  0.0372  0.0376  0.0372  0.0377  0.0372  0.0375  0.0374  0.0369
  0.0364  0.0363  0.0362  0.0361  0.0366  0.0368  0.0372  0.0372  0.0372  0.0372  0.0371  0.0368
  0.0367  0.0361  0.0364  0.0355  0.0366  0.0366  0.0374  0.0369  0.0374  0.0371  0.0369  0.0368
  0.0373  0.0365  0.0369  0.0380  0.0383  0.0391  0.0377  0.0374  0.0378  0.0373  0.0368  0.0369
  0.0382  0.0376  0.0377  0.0457  0.0428  0.0438  0.0383  0.0397  0.0384  0.0377  0.0373  0.0371
registration optimization eta report
parameter search radius
    2.4000    3.1740    2.7600    8.2800    8.2800    7.2000
    7.2000    7.2000    7.2000    7.2000    8.2800    8.2800
100000*second partial in parameter space
       24.       20.       14.       10.        6.        9.
        2.        4.        2.        2.        1.        1.
  0.0373  0.0390  0.0367  0.0394  0.0388  0.0389  0.0386  0.0388  0.0380  0.0388  0.0378  0.0376
  0.0366  0.0378  0.0362  0.0386  0.0380  0.0383  0.0376  0.0382  0.0374  0.0380  0.0376  0.0371
  0.0363  0.0369  0.0361  0.0375  0.0372  0.0376  0.0372  0.0377  0.0372  0.0375  0.0374  0.0369
  0.0364  0.0363  0.0362  0.0361  0.0366  0.0368  0.0372  0.0372  0.0372  0.0372  0.0371  0.0368
  0.0367  0.0361  0.0364  0.0355  0.0366  0.0366  0.0374  0.0369  0.0374  0.0371  0.0369  0.0368
  0.0373  0.0365  0.0369  0.0380  0.0383  0.0391  0.0377  0.0374  0.0378  0.0373  0.0368  0.0369
  0.0382  0.0376  0.0377  0.0457  0.0428  0.0438  0.0383  0.0397  0.0384  0.0377  0.0373  0.0371
   -5.6046   -3.7297   11.2999   -9.2389  -15.7155   -2.9598
   -1.9129   -1.4676   -0.3093   13.6420   16.8022   -6.2478
eta,q 0.96318 21.18685

---------------------------------------------------------------------
imgreg_4dfp /opt/freesurfer/average/711-2C_as_mni_average_305 /opt/freesurfer/average/711-2B_as_mni_average_305_mask talsrcimg_g11 none talsrcimg_to_711-2C_as_mni_average_305_t4 2311
---------------------------------------------------------------------

freesurfer imgreg_4dfp.c
/opt/freesurfer/average/711-2C_as_mni_average_305.4dfp.img
       256       256       256         1
  1.000000  1.000000  1.000000
orientation T byte_order littleendian
Reading image: /opt/freesurfer/average/711-2C_as_mni_average_305.4dfp.img
dimensions:      256       256       256
mmppix:       1.0000   -1.0000   -1.0000
center:     128.0000 -129.0000 -129.0000
/opt/freesurfer/average/711-2B_as_mni_average_305_mask.4dfp.img
       256       256       256         1
  1.000000  1.000000  1.000000
orientation T byte_order littleendian
Reading mask: /opt/freesurfer/average/711-2B_as_mni_average_305_mask.4dfp.img (2306576 pixels)
talsrcimg_g11.4dfp.img
       320       320       320         1
  0.800000  0.800000  0.800000
orientation T byte_order littleendian
Reading image: talsrcimg_g11.4dfp.img
dimensions:      320       320       320
mmppix:       0.8000   -0.8000   -0.8000
center:     128.0000 -128.8000 -128.8000
fimgreg.f
image alignment mode   2311 decimal      907 hex
parameters
   -5.6046   -3.7297   11.2999   -9.2389  -15.7155   -2.9598
   -1.9129   -1.4676   -0.3093   13.6420   16.8022   -6.2478
eta,q 0.96318 21.18685
niter,ni,del,rscale     5    3    5.0000    0.8000
parameter  2 -0.525855 -> -0.500000 qaram    1.1500
parameters
   -5.8998   -2.8097   10.6682   -8.5792  -16.4534   -3.9683
   -1.1300   -2.0521   -1.0260   14.8678   17.3697   -6.0280
eta,q 0.96349 21.12965
  0.0372  0.0377  0.0367  0.0386  0.0372  0.0376  0.0378  0.0377  0.0370  0.0374  0.0370  0.0367
  0.0369  0.0373  0.0366  0.0380  0.0368  0.0371  0.0371  0.0373  0.0367  0.0370  0.0368  0.0366
  0.0368  0.0370  0.0366  0.0373  0.0365  0.0367  0.0367  0.0368  0.0366  0.0367  0.0367  0.0365
  0.0368  0.0368  0.0366  0.0366  0.0364  0.0364  0.0365  0.0365  0.0366  0.0366  0.0365  0.0365
  0.0370  0.0367  0.0368  0.0362  0.0364  0.0367  0.0366  0.0366  0.0367  0.0365  0.0365  0.0365
  0.0372  0.0367  0.0371  0.0366  0.0371  0.0380  0.0368  0.0374  0.0370  0.0366  0.0366  0.0366
  0.0376  0.0368  0.0374  0.0382  0.0385  0.0405  0.0371  0.0392  0.0374  0.0369  0.0369  0.0367
niter,ni,del,rscale     5    3    5.0000    0.8000
parameters
   -6.0083   -2.6078   10.1663   -7.9197  -16.9047   -4.6812
   -0.5624   -2.6915   -1.3062   15.9343   17.8302   -5.4065
eta,q 0.96363 21.12684
  0.0372  0.0373  0.0366  0.0387  0.0371  0.0374  0.0376  0.0376  0.0371  0.0372  0.0369  0.0366
  0.0367  0.0369  0.0365  0.0380  0.0367  0.0370  0.0369  0.0371  0.0367  0.0368  0.0367  0.0365
  0.0365  0.0367  0.0364  0.0372  0.0364  0.0366  0.0365  0.0367  0.0365  0.0366  0.0365  0.0364
  0.0365  0.0365  0.0365  0.0364  0.0362  0.0362  0.0364  0.0364  0.0364  0.0364  0.0364  0.0364
  0.0366  0.0365  0.0366  0.0361  0.0362  0.0363  0.0364  0.0365  0.0366  0.0364  0.0364  0.0364
  0.0369  0.0367  0.0368  0.0365  0.0367  0.0373  0.0367  0.0373  0.0368  0.0365  0.0365  0.0364
  0.0373  0.0371  0.0371  0.0383  0.0379  0.0394  0.0371  0.0393  0.0372  0.0368  0.0368  0.0365
niter,ni,del,rscale     4    3    5.0000    0.7000
parameters
   -6.1392   -2.4130    9.6934   -7.2311  -17.3090   -5.0866
   -0.2967   -3.3493   -1.3995   16.7925   17.7988   -4.7763
eta,q 0.96379 21.12458
  0.0369  0.0370  0.0364  0.0384  0.0368  0.0371  0.0371  0.0372  0.0368  0.0368  0.0366  0.0364
  0.0366  0.0367  0.0363  0.0377  0.0365  0.0368  0.0366  0.0368  0.0365  0.0366  0.0364  0.0363
  0.0364  0.0365  0.0363  0.0370  0.0362  0.0364  0.0363  0.0364  0.0363  0.0364  0.0363  0.0363
  0.0364  0.0364  0.0363  0.0363  0.0361  0.0361  0.0362  0.0362  0.0362  0.0362  0.0362  0.0362
  0.0365  0.0364  0.0364  0.0360  0.0361  0.0362  0.0363  0.0364  0.0363  0.0362  0.0362  0.0362
  0.0368  0.0365  0.0366  0.0364  0.0365  0.0367  0.0365  0.0372  0.0365  0.0363  0.0364  0.0362
  0.0371  0.0368  0.0368  0.0378  0.0374  0.0381  0.0369  0.0388  0.0369  0.0365  0.0367  0.0363
niter,ni,del,rscale     3    3    5.0000    0.6000
parameters
   -6.2036   -2.2715    9.2585   -6.4932  -17.7204   -5.2510
   -0.2340   -3.9814   -1.3408   17.5305   17.3555   -4.2868
eta,q 0.96398 21.12206
  0.0367  0.0367  0.0362  0.0380  0.0365  0.0367  0.0367  0.0368  0.0365  0.0365  0.0363  0.0361
  0.0364  0.0365  0.0362  0.0374  0.0362  0.0365  0.0363  0.0364  0.0363  0.0363  0.0361  0.0361
  0.0362  0.0363  0.0362  0.0367  0.0361  0.0362  0.0361  0.0361  0.0361  0.0361  0.0361  0.0361
  0.0362  0.0362  0.0362  0.0362  0.0360  0.0360  0.0360  0.0360  0.0360  0.0360  0.0360  0.0360
  0.0363  0.0362  0.0363  0.0359  0.0360  0.0360  0.0361  0.0362  0.0361  0.0360  0.0361  0.0360
  0.0365  0.0363  0.0364  0.0362  0.0363  0.0363  0.0363  0.0369  0.0362  0.0361  0.0362  0.0360
  0.0368  0.0366  0.0365  0.0372  0.0369  0.0371  0.0366  0.0381  0.0365  0.0362  0.0365  0.0361
niter,ni,del,rscale     2    3    5.0000    0.5000
parameters
   -6.2281   -2.1736    8.8590   -5.7474  -18.0769   -5.1860
   -0.2554   -4.5720   -1.1733   18.1436   16.6028   -3.9214
eta,q 0.96419 21.12130
  0.0364  0.0364  0.0360  0.0375  0.0362  0.0364  0.0363  0.0364  0.0363  0.0362  0.0359  0.0359
  0.0362  0.0362  0.0360  0.0370  0.0360  0.0362  0.0360  0.0361  0.0360  0.0360  0.0359  0.0359
  0.0361  0.0361  0.0360  0.0364  0.0359  0.0360  0.0359  0.0359  0.0359  0.0359  0.0358  0.0358
  0.0360  0.0360  0.0360  0.0360  0.0358  0.0358  0.0358  0.0358  0.0358  0.0358  0.0358  0.0358
  0.0361  0.0360  0.0361  0.0358  0.0359  0.0358  0.0359  0.0360  0.0359  0.0358  0.0359  0.0358
  0.0362  0.0361  0.0361  0.0360  0.0361  0.0360  0.0361  0.0365  0.0360  0.0359  0.0360  0.0358
  0.0364  0.0363  0.0362  0.0367  0.0365  0.0365  0.0363  0.0374  0.0362  0.0360  0.0363  0.0359
niter,ni,del,rscale     1    3    5.0000    0.4000
parameter  3  0.512603 ->  0.500000 qaram    1.1500
parameters
   -6.2226   -2.1184    8.3990   -5.0975  -18.3263   -4.9063
   -0.3322   -5.1246   -0.9080   18.6807   15.5793   -3.7465
eta,q 0.96440 21.12292
  0.0361  0.0360  0.0358  0.0370  0.0359  0.0360  0.0360  0.0360  0.0360  0.0359  0.0357  0.0356
  0.0359  0.0359  0.0358  0.0365  0.0358  0.0359  0.0358  0.0358  0.0358  0.0358  0.0356  0.0356
  0.0358  0.0358  0.0358  0.0361  0.0357  0.0358  0.0357  0.0357  0.0357  0.0357  0.0356  0.0356
  0.0358  0.0358  0.0358  0.0358  0.0357  0.0357  0.0357  0.0357  0.0356  0.0356  0.0356  0.0356
  0.0359  0.0358  0.0358  0.0357  0.0357  0.0356  0.0357  0.0358  0.0357  0.0356  0.0357  0.0356
  0.0359  0.0359  0.0359  0.0358  0.0358  0.0357  0.0358  0.0362  0.0357  0.0357  0.0358  0.0356
  0.0361  0.0360  0.0359  0.0362  0.0361  0.0360  0.0360  0.0368  0.0358  0.0357  0.0360  0.0356
niter,ni,del,rscale     1    3    5.0000    0.4000
parameter  3  0.526816 ->  0.500000 qaram    1.3225
parameter 11  0.503938 ->  0.500000 qaram    1.1500
parameters
   -6.1725   -2.1072    7.8700   -4.6653  -18.3861   -4.6286
   -0.5063   -5.6088   -0.5560   19.1156   14.1993   -3.6555
eta,q 0.96458 21.12999
  0.0360  0.0358  0.0356  0.0368  0.0358  0.0359  0.0358  0.0359  0.0358  0.0357  0.0354  0.0355
  0.0358  0.0357  0.0356  0.0363  0.0356  0.0358  0.0356  0.0356  0.0356  0.0356  0.0354  0.0354
  0.0357  0.0356  0.0356  0.0359  0.0356  0.0356  0.0355  0.0355  0.0355  0.0355  0.0354  0.0354
  0.0356  0.0356  0.0356  0.0356  0.0355  0.0355  0.0355  0.0355  0.0355  0.0355  0.0355  0.0354
  0.0356  0.0356  0.0356  0.0355  0.0355  0.0354  0.0355  0.0356  0.0355  0.0355  0.0355  0.0354
  0.0357  0.0357  0.0357  0.0357  0.0356  0.0355  0.0357  0.0360  0.0355  0.0355  0.0357  0.0354
  0.0359  0.0358  0.0358  0.0362  0.0358  0.0359  0.0359  0.0366  0.0357  0.0356  0.0359  0.0355
niter,ni,del,rscale     2    3    5.0000    0.5000
parameter  3  0.587368 ->  0.500000 qaram    1.5209
parameters
   -6.0950   -2.1068    7.1096   -4.4533  -18.2662   -4.8620
   -0.6914   -5.8213   -0.1120   19.4639   12.8102   -3.0715
eta,q 0.96471 21.13312
  0.0360  0.0358  0.0354  0.0369  0.0357  0.0359  0.0358  0.0361  0.0359  0.0357  0.0354  0.0354
  0.0357  0.0356  0.0354  0.0363  0.0355  0.0357  0.0355  0.0357  0.0356  0.0355  0.0353  0.0353
  0.0355  0.0355  0.0354  0.0357  0.0354  0.0355  0.0354  0.0355  0.0354  0.0354  0.0353  0.0353
  0.0354  0.0354  0.0354  0.0353  0.0353  0.0353  0.0353  0.0353  0.0353  0.0353  0.0353  0.0353
  0.0355  0.0354  0.0355  0.0353  0.0353  0.0353  0.0354  0.0354  0.0354  0.0353  0.0354  0.0353
  0.0356  0.0356  0.0356  0.0357  0.0354  0.0356  0.0356  0.0358  0.0355  0.0354  0.0356  0.0353
  0.0358  0.0358  0.0357  0.0368  0.0357  0.0365  0.0359  0.0365  0.0356  0.0356  0.0360  0.0353
niter,ni,del,rscale     2    3    5.0000    0.5000
parameter  3  0.531923 ->  0.500000 qaram    1.7490
parameters
   -6.0445   -2.0445    6.2351   -4.2176  -18.2367   -5.2312
   -0.9371   -5.9583    0.3554   19.7013   11.3167   -2.7962
eta,q 0.96485 21.12331
  0.0359  0.0357  0.0353  0.0368  0.0356  0.0359  0.0357  0.0360  0.0358  0.0355  0.0352  0.0352
  0.0355  0.0355  0.0352  0.0362  0.0354  0.0356  0.0354  0.0356  0.0355  0.0354  0.0352  0.0352
  0.0354  0.0354  0.0352  0.0356  0.0352  0.0354  0.0352  0.0353  0.0353  0.0353  0.0351  0.0352
  0.0353  0.0353  0.0353  0.0352  0.0351  0.0351  0.0352  0.0352  0.0352  0.0352  0.0352  0.0352
  0.0353  0.0353  0.0354  0.0351  0.0351  0.0352  0.0353  0.0353  0.0352  0.0352  0.0353  0.0352
  0.0355  0.0354  0.0356  0.0355  0.0353  0.0358  0.0355  0.0356  0.0353  0.0353  0.0355  0.0352
  0.0357  0.0356  0.0357  0.0367  0.0356  0.0367  0.0358  0.0363  0.0355  0.0355  0.0358  0.0352
niter,ni,del,rscale     2    3    5.0000    0.5000
parameters
   -5.9874   -1.8928    5.6855   -3.9403  -18.3962   -5.3252
   -1.1017   -5.8828    0.7675   19.8107    9.8179   -3.0990
eta,q 0.96504 21.10322
  0.0357  0.0356  0.0353  0.0368  0.0354  0.0358  0.0355  0.0359  0.0356  0.0353  0.0350  0.0350
  0.0354  0.0354  0.0351  0.0361  0.0352  0.0356  0.0352  0.0355  0.0353  0.0352  0.0350  0.0350
  0.0352  0.0352  0.0351  0.0355  0.0351  0.0353  0.0351  0.0352  0.0351  0.0351  0.0350  0.0350
  0.0352  0.0352  0.0351  0.0351  0.0350  0.0350  0.0350  0.0350  0.0350  0.0350  0.0350  0.0350
  0.0352  0.0352  0.0353  0.0350  0.0350  0.0350  0.0351  0.0350  0.0350  0.0350  0.0351  0.0350
  0.0353  0.0352  0.0355  0.0354  0.0352  0.0355  0.0353  0.0353  0.0351  0.0351  0.0353  0.0350
  0.0356  0.0354  0.0357  0.0365  0.0356  0.0362  0.0356  0.0359  0.0354  0.0353  0.0356  0.0350
niter,ni,del,rscale     1    3    5.0000    0.4000
parameter 12  0.593686 ->  0.500000 qaram    1.1500
parameters
   -5.9517   -1.7190    5.2435   -3.6063  -18.4130   -5.1800
   -1.1499   -5.7065    1.1516   19.7922    8.4549   -4.4790
eta,q 0.96526 21.09481
  0.0353  0.0353  0.0351  0.0362  0.0351  0.0356  0.0352  0.0355  0.0352  0.0350  0.0348  0.0347
  0.0351  0.0351  0.0349  0.0357  0.0350  0.0354  0.0350  0.0352  0.0350  0.0349  0.0348  0.0347
  0.0350  0.0350  0.0349  0.0352  0.0349  0.0351  0.0349  0.0349  0.0349  0.0348  0.0348  0.0347
  0.0350  0.0350  0.0350  0.0349  0.0348  0.0348  0.0348  0.0348  0.0348  0.0348  0.0348  0.0347
  0.0350  0.0350  0.0351  0.0348  0.0349  0.0348  0.0349  0.0348  0.0348  0.0348  0.0349  0.0348
  0.0351  0.0350  0.0352  0.0351  0.0350  0.0351  0.0350  0.0350  0.0349  0.0349  0.0350  0.0348
  0.0353  0.0351  0.0354  0.0358  0.0352  0.0356  0.0352  0.0354  0.0350  0.0350  0.0352  0.0348
niter,ni,del,rscale     1    3    5.0000    0.4000
parameter 12  0.756955 ->  0.500000 qaram    1.3225
parameters
   -5.9089   -1.5756    5.1827   -3.5131  -18.2192   -4.8125
   -1.1751   -5.3468    1.4849   19.8451    7.3689   -6.0660
eta,q 0.96544 21.10897
  0.0352  0.0350  0.0351  0.0359  0.0351  0.0356  0.0351  0.0354  0.0351  0.0349  0.0346  0.0346
  0.0349  0.0349  0.0349  0.0354  0.0349  0.0353  0.0348  0.0351  0.0348  0.0347  0.0346  0.0346
  0.0348  0.0348  0.0347  0.0350  0.0348  0.0350  0.0347  0.0348  0.0347  0.0346  0.0346  0.0346
  0.0347  0.0347  0.0347  0.0347  0.0347  0.0347  0.0346  0.0346  0.0346  0.0346  0.0346  0.0346
  0.0348  0.0347  0.0348  0.0347  0.0347  0.0347  0.0347  0.0346  0.0346  0.0346  0.0347  0.0346
  0.0349  0.0348  0.0349  0.0351  0.0348  0.0349  0.0349  0.0348  0.0347  0.0347  0.0348  0.0347
  0.0351  0.0349  0.0351  0.0359  0.0350  0.0353  0.0351  0.0351  0.0349  0.0348  0.0350  0.0347
niter,ni,del,rscale     1    3    5.0000    0.4000
parameter 12  0.830109 ->  0.500000 qaram    1.5209
parameters
   -5.8565   -1.4960    5.3409   -3.5280  -18.0311   -4.4093
   -1.2872   -4.9485    1.7797   20.0027    6.5777   -7.8910
eta,q 0.96557 21.13604
  0.0350  0.0348  0.0351  0.0357  0.0349  0.0355  0.0349  0.0352  0.0349  0.0347  0.0345  0.0344
  0.0348  0.0347  0.0348  0.0352  0.0348  0.0352  0.0347  0.0349  0.0347  0.0346  0.0345  0.0344
  0.0346  0.0346  0.0346  0.0348  0.0346  0.0348  0.0345  0.0347  0.0345  0.0345  0.0345  0.0344
  0.0346  0.0346  0.0346  0.0346  0.0346  0.0346  0.0345  0.0345  0.0345  0.0345  0.0345  0.0345
  0.0346  0.0346  0.0346  0.0346  0.0346  0.0345  0.0346  0.0345  0.0345  0.0345  0.0345  0.0345
  0.0347  0.0346  0.0347  0.0350  0.0346  0.0348  0.0347  0.0346  0.0346  0.0345  0.0346  0.0345
  0.0349  0.0348  0.0349  0.0359  0.0349  0.0351  0.0350  0.0349  0.0347  0.0347  0.0348  0.0346
niter,ni,del,rscale     1    3    5.0000    0.4000
parameter 12  0.723876 ->  0.500000 qaram    1.7490
parameters
   -5.7906   -1.4315    5.5944   -3.5805  -17.8874   -4.0446
   -1.4536   -4.6130    2.0098   20.2389    6.0505   -9.9898
eta,q 0.96569 21.16959
  0.0349  0.0347  0.0350  0.0355  0.0348  0.0354  0.0348  0.0350  0.0348  0.0346  0.0345  0.0343
  0.0347  0.0346  0.0347  0.0350  0.0346  0.0351  0.0345  0.0347  0.0346  0.0345  0.0344  0.0343
  0.0345  0.0345  0.0345  0.0346  0.0345  0.0347  0.0344  0.0345  0.0344  0.0344  0.0344  0.0343
  0.0344  0.0344  0.0344  0.0344  0.0344  0.0344  0.0344  0.0344  0.0344  0.0344  0.0344  0.0344
  0.0345  0.0344  0.0344  0.0345  0.0344  0.0344  0.0345  0.0344  0.0344  0.0344  0.0344  0.0344
  0.0346  0.0345  0.0345  0.0349  0.0345  0.0347  0.0346  0.0345  0.0345  0.0344  0.0345  0.0344
  0.0348  0.0346  0.0347  0.0358  0.0347  0.0350  0.0349  0.0348  0.0346  0.0345  0.0346  0.0345
niter,ni,del,rscale     1    3    5.0000    0.4000
parameters
   -5.7108   -1.3614    5.8838   -3.6496  -17.7981   -3.7119
   -1.6562   -4.3758    2.1888   20.5340    5.6761  -11.8977
eta,q 0.96578 21.20295
  0.0348  0.0346  0.0350  0.0354  0.0347  0.0353  0.0346  0.0349  0.0347  0.0345  0.0343  0.0342
  0.0345  0.0344  0.0347  0.0349  0.0345  0.0350  0.0344  0.0346  0.0344  0.0344  0.0343  0.0342
  0.0344  0.0344  0.0344  0.0345  0.0344  0.0346  0.0343  0.0344  0.0343  0.0343  0.0342  0.0342
  0.0343  0.0343  0.0343  0.0343  0.0343  0.0343  0.0343  0.0343  0.0342  0.0342  0.0342  0.0342
  0.0343  0.0343  0.0343  0.0344  0.0343  0.0343  0.0343  0.0343  0.0343  0.0342  0.0343  0.0343
  0.0344  0.0344  0.0344  0.0348  0.0344  0.0346  0.0345  0.0344  0.0344  0.0343  0.0343  0.0343
  0.0346  0.0345  0.0346  0.0357  0.0346  0.0350  0.0348  0.0347  0.0345  0.0344  0.0345  0.0344
registration optimization eta report
parameter search radius
    0.8000    0.9200    1.3992    2.4000    2.4000    2.4000
    2.4000    2.4000    2.4000    2.4000    2.7600    4.1976
100000*second partial in parameter space
       65.       29.       24.       22.        6.       14.
        7.        9.        6.        4.        2.        1.
  0.0348  0.0346  0.0350  0.0354  0.0347  0.0353  0.0346  0.0349  0.0347  0.0345  0.0343  0.0342
  0.0345  0.0344  0.0347  0.0349  0.0345  0.0350  0.0344  0.0346  0.0344  0.0344  0.0343  0.0342
  0.0344  0.0344  0.0344  0.0345  0.0344  0.0346  0.0343  0.0344  0.0343  0.0343  0.0342  0.0342
  0.0343  0.0343  0.0343  0.0343  0.0343  0.0343  0.0343  0.0343  0.0342  0.0342  0.0342  0.0342
  0.0343  0.0343  0.0343  0.0344  0.0343  0.0343  0.0343  0.0343  0.0343  0.0342  0.0343  0.0343
  0.0344  0.0344  0.0344  0.0348  0.0344  0.0346  0.0345  0.0344  0.0344  0.0343  0.0343  0.0343
  0.0346  0.0345  0.0346  0.0357  0.0346  0.0350  0.0348  0.0347  0.0345  0.0344  0.0345  0.0344
   -5.7108   -1.3614    5.8838   -3.6496  -17.7981   -3.7119
   -1.6562   -4.3758    2.1888   20.5340    5.6761  -11.8977
eta,q 0.96578 21.20295

---------------------------------------------------------------------
imgreg_4dfp /opt/freesurfer/average/711-2C_as_mni_average_305 /opt/freesurfer/average/711-2B_as_mni_average_305_mask talsrcimg_g11 none talsrcimg_to_711-2C_as_mni_average_305_t4 2311
---------------------------------------------------------------------

freesurfer imgreg_4dfp.c
/opt/freesurfer/average/711-2C_as_mni_average_305.4dfp.img
       256       256       256         1
  1.000000  1.000000  1.000000
orientation T byte_order littleendian
Reading image: /opt/freesurfer/average/711-2C_as_mni_average_305.4dfp.img
dimensions:      256       256       256
mmppix:       1.0000   -1.0000   -1.0000
center:     128.0000 -129.0000 -129.0000
/opt/freesurfer/average/711-2B_as_mni_average_305_mask.4dfp.img
       256       256       256         1
  1.000000  1.000000  1.000000
orientation T byte_order littleendian
Reading mask: /opt/freesurfer/average/711-2B_as_mni_average_305_mask.4dfp.img (2306576 pixels)
talsrcimg_g11.4dfp.img
       320       320       320         1
  0.800000  0.800000  0.800000
orientation T byte_order littleendian
Reading image: talsrcimg_g11.4dfp.img
dimensions:      320       320       320
mmppix:       0.8000   -0.8000   -0.8000
center:     128.0000 -128.8000 -128.8000
fimgreg.f
image alignment mode   2311 decimal      907 hex
parameters
   -5.7108   -1.3614    5.8838   -3.6496  -17.7981   -3.7119
   -1.6562   -4.3758    2.1888   20.5340    5.6761  -11.8977
eta,q 0.96578 21.20296
niter,ni,del,rscale     5    3    5.0000    0.8000
parameters
   -5.5829   -1.3341    6.2292   -4.4865  -17.7878   -4.0333
   -2.0955   -4.3020    2.2970   20.5339    6.1786  -12.4157
eta,q 0.96551 21.19312
  0.0362  0.0350  0.0351  0.0369  0.0356  0.0360  0.0356  0.0359  0.0357  0.0352  0.0347  0.0346
  0.0351  0.0346  0.0347  0.0359  0.0351  0.0357  0.0349  0.0352  0.0350  0.0348  0.0346  0.0345
  0.0344  0.0343  0.0344  0.0348  0.0347  0.0351  0.0346  0.0347  0.0346  0.0346  0.0346  0.0345
  0.0342  0.0342  0.0342  0.0342  0.0344  0.0344  0.0345  0.0345  0.0345  0.0345  0.0345  0.0345
  0.0343  0.0343  0.0342  0.0347  0.0344  0.0346  0.0348  0.0345  0.0346  0.0345  0.0345  0.0345
  0.0348  0.0345  0.0343  0.0370  0.0348  0.0354  0.0353  0.0349  0.0350  0.0348  0.0345  0.0345
  0.0356  0.0349  0.0346  0.0419  0.0359  0.0372  0.0361  0.0360  0.0356  0.0352  0.0347  0.0346
niter,ni,del,rscale     4    3    5.0000    0.7000
parameters
   -5.5758   -1.0272    5.9280   -4.5290  -17.8231   -4.1870
   -2.1159   -4.4286    2.2891   21.0259    6.0775  -13.7521
eta,q 0.96552 21.19711
  0.0354  0.0352  0.0347  0.0370  0.0354  0.0359  0.0356  0.0355  0.0354  0.0351  0.0346  0.0345
  0.0349  0.0349  0.0345  0.0361  0.0350  0.0356  0.0349  0.0350  0.0349  0.0348  0.0346  0.0345
  0.0346  0.0346  0.0344  0.0352  0.0346  0.0351  0.0346  0.0347  0.0346  0.0346  0.0345  0.0345
  0.0345  0.0345  0.0345  0.0344  0.0344  0.0344  0.0345  0.0345  0.0345  0.0345  0.0345  0.0345
  0.0346  0.0345  0.0346  0.0343  0.0345  0.0346  0.0346  0.0345  0.0346  0.0345  0.0345  0.0345
  0.0349  0.0346  0.0347  0.0353  0.0348  0.0354  0.0350  0.0349  0.0349  0.0346  0.0346  0.0346
  0.0354  0.0348  0.0349  0.0379  0.0356  0.0366  0.0356  0.0358  0.0354  0.0349  0.0347  0.0346
niter,ni,del,rscale     3    3    5.0000    0.6000
parameters
   -5.5909   -0.8426    5.7428   -4.3453  -17.9027   -4.1967
   -2.0549   -4.4656    2.3373   21.5921    5.7763  -14.6264
eta,q 0.96561 21.21271
  0.0352  0.0349  0.0347  0.0366  0.0351  0.0357  0.0353  0.0353  0.0351  0.0349  0.0345  0.0344
  0.0348  0.0347  0.0345  0.0358  0.0348  0.0354  0.0348  0.0348  0.0347  0.0347  0.0345  0.0344
  0.0345  0.0346  0.0345  0.0350  0.0345  0.0349  0.0345  0.0346  0.0345  0.0345  0.0344  0.0344
  0.0345  0.0345  0.0345  0.0344  0.0344  0.0344  0.0344  0.0344  0.0344  0.0344  0.0344  0.0344
  0.0346  0.0345  0.0345  0.0343  0.0344  0.0345  0.0345  0.0344  0.0345  0.0344  0.0344  0.0344
  0.0348  0.0346  0.0347  0.0350  0.0347  0.0352  0.0348  0.0347  0.0347  0.0345  0.0345  0.0344
  0.0352  0.0347  0.0348  0.0367  0.0353  0.0361  0.0352  0.0354  0.0351  0.0347  0.0346  0.0345
niter,ni,del,rscale     2    3    5.0000    0.5000
parameters
   -5.6046   -0.7666    5.6994   -4.1241  -18.0137   -4.0795
   -2.0422   -4.3902    2.4414   21.9489    5.4618  -14.8893
eta,q 0.96569 21.22217
  0.0349  0.0347  0.0346  0.0361  0.0348  0.0355  0.0350  0.0350  0.0349  0.0347  0.0344  0.0343
  0.0346  0.0345  0.0345  0.0354  0.0346  0.0352  0.0346  0.0347  0.0346  0.0345  0.0344  0.0343
  0.0344  0.0344  0.0344  0.0348  0.0344  0.0347  0.0344  0.0344  0.0344  0.0344  0.0343  0.0343
  0.0344  0.0344  0.0344  0.0344  0.0343  0.0343  0.0343  0.0343  0.0343  0.0343  0.0343  0.0343
  0.0345  0.0344  0.0344  0.0343  0.0344  0.0344  0.0344  0.0343  0.0344  0.0343  0.0343  0.0343
  0.0346  0.0345  0.0345  0.0348  0.0346  0.0349  0.0346  0.0346  0.0345  0.0344  0.0344  0.0343
  0.0349  0.0346  0.0346  0.0360  0.0350  0.0356  0.0349  0.0350  0.0348  0.0345  0.0345  0.0344
niter,ni,del,rscale     1    3    5.0000    0.4000
parameters
   -5.6006   -0.7644    5.7745   -3.9074  -18.1266   -3.8893
   -2.0866   -4.2324    2.5627   22.0716    5.2139  -14.7755
eta,q 0.96577 21.22457
  0.0347  0.0345  0.0345  0.0356  0.0346  0.0353  0.0347  0.0348  0.0346  0.0345  0.0343  0.0343
  0.0345  0.0344  0.0344  0.0350  0.0344  0.0349  0.0344  0.0345  0.0344  0.0343  0.0343  0.0342
  0.0343  0.0343  0.0343  0.0346  0.0343  0.0345  0.0343  0.0343  0.0343  0.0343  0.0342  0.0342
  0.0343  0.0343  0.0343  0.0343  0.0343  0.0343  0.0342  0.0342  0.0342  0.0342  0.0342  0.0342
  0.0343  0.0343  0.0343  0.0343  0.0343  0.0343  0.0343  0.0343  0.0343  0.0343  0.0342  0.0342
  0.0345  0.0344  0.0344  0.0346  0.0344  0.0346  0.0344  0.0344  0.0344  0.0343  0.0343  0.0342
  0.0347  0.0345  0.0344  0.0353  0.0347  0.0351  0.0347  0.0347  0.0345  0.0344  0.0344  0.0343
registration optimization eta report
parameter search radius
    0.8000    0.8000    0.8000    2.4000    2.4000    2.4000
    2.4000    2.4000    2.4000    2.4000    2.4000    2.4000
100000*second partial in parameter space
       58.       27.       25.       20.        6.       16.
        7.        9.        6.        3.        2.        1.
  0.0347  0.0345  0.0345  0.0356  0.0346  0.0353  0.0347  0.0348  0.0346  0.0345  0.0343  0.0343
  0.0345  0.0344  0.0344  0.0350  0.0344  0.0349  0.0344  0.0345  0.0344  0.0343  0.0343  0.0342
  0.0343  0.0343  0.0343  0.0346  0.0343  0.0345  0.0343  0.0343  0.0343  0.0343  0.0342  0.0342
  0.0343  0.0343  0.0343  0.0343  0.0343  0.0343  0.0342  0.0342  0.0342  0.0342  0.0342  0.0342
  0.0343  0.0343  0.0343  0.0343  0.0343  0.0343  0.0343  0.0343  0.0343  0.0343  0.0342  0.0342
  0.0345  0.0344  0.0344  0.0346  0.0344  0.0346  0.0344  0.0344  0.0344  0.0343  0.0343  0.0342
  0.0347  0.0345  0.0344  0.0353  0.0347  0.0351  0.0347  0.0347  0.0345  0.0344  0.0344  0.0343
   -5.6006   -0.7644    5.7745   -3.9074  -18.1266   -3.8893
   -2.0866   -4.2324    2.5627   22.0716    5.2139  -14.7755
eta,q 0.96577 21.22457

---------------------------------------------------------------------
compute_vox2vox talsrcimg talsrcimg_to_711-2C_as_mni_average_305_t4 /opt/freesurfer/average/711-2C_as_mni_average_305
---------------------------------------------------------------------

freesurfer compute_vox2vox.c
Reading: talsrcimg.4dfp.ifh
Reading: talsrcimg_to_711-2C_as_mni_average_305_t4
Reading: /opt/freesurfer/average/711-2C_as_mni_average_305.4dfp.ifh
Writing: talsrcimg_to_711-2C_as_mni_average_305_t4_vox2vox.txt

start time Tue Mar 10 14:39:12 CET 2026
end		time Tue Mar 10 14:40:38 CET 2026

mpr2mni305 success

avi2talxfm orig_nu.mgz /opt/freesurfer/average/mni305.cor.mgz talsrcimg_to_711-2C_as_mni_average_305_t4_vox2vox.txt transforms/talairach.auto.xfm
avi2talxfm done
mv -f /out/sourcedata/freesurfer/sub-v2s11x28688_ses-1/mri/talsrcimg_to_711-2C_as_mni_average_305_t4_vox2vox.txt /out/sourcedata/freesurfer/sub-v2s11x28688_ses-1/mri/transforms/talsrcimg_to_711-2C_as_mni_average_305_t4_vox2vox.txt
lta_convert --src orig_nu.mgz --trg /opt/freesurfer/average/mni305.cor.mgz --inxfm transforms/talairach.auto.xfm --outlta transforms/talairach.auto.xfm.lta --subject fsaverage
7.3.2

--src: orig_nu.mgz src image (geometry).
--trg: /opt/freesurfer/average/mni305.cor.mgz trg image (geometry).
--inmni: transforms/talairach.auto.xfm input MNI/XFM transform.
--outlta: transforms/talairach.auto.xfm.lta output LTA.
--s: fsaverage subject name
 LTA read, type : 1
 1.03771   0.03805   0.03331   1.22331;
-0.05885   0.99690   0.17841  -25.68409;
-0.01662  -0.26994   1.17226   25.96677;
 0.00000   0.00000   0.00000   1.00000;
setting subject to fsaverage
Writing  LTA to file transforms/talairach.auto.xfm.lta...
lta_convert successful.
 
 
Started at Tue Mar 10 14:39:12 CET 2026
Ended   at Tue Mar 10 14:40:38 CET 2026
talairach_avi done
