/out/sourcedata/freesurfer/sub-v2s11x28678_ses-1/mri
/opt/freesurfer/bin/talairach
--i orig_nu.mgz --xfm transforms/talairach.auto.xfm
talairach 7.3.2
Linux dna052 5.14.0-427.37.1.el9_4.x86_64 #1 SMP PREEMPT_DYNAMIC Fri Sep 13 12:41:50 EDT 2024 x86_64 x86_64 x86_64 GNU/Linux
Tue Mar 10 14:09:58 CET 2026
tmpdir is transforms/tmp.talairach.3851885
/out/sourcedata/freesurfer/sub-v2s11x28678_ses-1/mri
mri_convert orig_nu.mgz transforms/tmp.talairach.3851885/src.mnc
mri_convert orig_nu.mgz transforms/tmp.talairach.3851885/src.mnc 
reading from orig_nu.mgz...
TR=0.00, TE=0.00, TI=0.00, flip angle=0.00
i_ras = (-1, 0, 0)
j_ras = (0, 0, -1)
k_ras = (0, 1, 0)
writing to transforms/tmp.talairach.3851885/src.mnc...
[oesteban@dna052:/out/sourcedata/freesurfer/sub-v2s11x28678_ses-1/mri/] [2026-03-10 14:09:59] running:
  /opt/freesurfer/mni/bin/mritotal -verbose -debug -clobber -modeldir /opt/freesurfer/mni/bin/../share/mni_autoreg -protocol icbm transforms/tmp.talairach.3851885/src.mnc transforms/talairach.auto.xfm

Loading configuration file /opt/freesurfer/mni/bin/../etc/mni_autoreg/mritotal.cfg
Loading protocol default (protocol file = /opt/freesurfer/mni/bin/../etc/mni_autoreg/mritotal.default.cfg)
Loading protocol icbm (protocol file = /opt/freesurfer/mni/bin/../etc/mni_autoreg/mritotal.icbm.cfg)
   source = transforms/tmp.talairach.3851885/src.mnc
    model = /opt/freesurfer/mni/bin/../share/mni_autoreg/average_305
transform = transforms/talairach.auto.xfm
 protocol = icbm:
    linear fit only
    subsample heuristically
    crop according to 0,0 0,0 -25%,0
    blur with 16 and 8 mm FHWM kernels
    pad/unpad correctly (encroach on original volume)
    default objective function = cross-correlation

Subsampling/cropping data:
[mritotal] [oesteban@dna052:/out/sourcedata/freesurfer/sub-v2s11x28678_ses-1/mri] [2026-03-10 14:09:59] /opt/freesurfer/mni/bin/autocrop -clobber transforms/tmp.talairach.3851885/src.mnc /var/tmp/mritotal_3851934//src_crop.mnc -step 1.59999990463257 1.59999990463257 1.59999990463257 -extend 0,0 0,0 -25%,0
[autocrop] [oesteban@dna052:/out/sourcedata/freesurfer/sub-v2s11x28678_ses-1/mri] [2026-03-10 14:09:59] /opt/freesurfer/mni/bin/mincresample -clobber transforms/tmp.talairach.3851885/src.mnc /var/tmp/mritotal_3851934//src_crop.mnc -start -131.317 -135.389 -96.2860038385391 -step 1.59999990463257 1.59999990463257 1.59999990463257 -nelements 161 161 121
Centroid of input volume: 2.256449 -17.439226 8.120614

Zero-padding data:
[mritotal] [oesteban@dna052:/out/sourcedata/freesurfer/sub-v2s11x28678_ses-1/mri] [2026-03-10 14:09:59] /opt/freesurfer/mni/bin/autocrop -clobber /var/tmp/mritotal_3851934//src_crop.mnc /var/tmp/mritotal_3851934//src_pad.mnc -expand 20.7999987602234 20.7999987602234 20.7999987602234
[autocrop] [oesteban@dna052:/out/sourcedata/freesurfer/sub-v2s11x28678_ses-1/mri] [2026-03-10 14:09:59] /opt/freesurfer/mni/bin/mincreshape -clobber /var/tmp/mritotal_3851934//src_crop.mnc /var/tmp/mritotal_3851934//src_pad.mnc -start -13,-13,-13 -count 188,188,148

Intensity blurring data:
[mritotal] [oesteban@dna052:/out/sourcedata/freesurfer/sub-v2s11x28678_ses-1/mri] [2026-03-10 14:09:59] /opt/freesurfer/mni/bin/mincblur -clobber -debug /var/tmp/mritotal_3851934//src_pad.mnc /var/tmp/mritotal_3851934//tmp_16 -fwhm 16
===== Debugging information from /opt/freesurfer/mni/bin/mincblur =====
Data filename     = /var/tmp/mritotal_3851934//src_pad.mnc
Output basename   = /var/tmp/mritotal_3851934//tmp_16
Input volume      = 188 cols by 188 rows by 148 slices
Input voxels are  =    1.600    1.600    1.600
min/max value     =    0.000  170.491
Apodizing data at (16.000000,16.000000) (16.000000,16.000000) (16.000000,16.000000)
Volume def min and max: = 0.000000 170.491207
before blur min/max = 0.000000 170.491211
after  blur min/max = -0.000002 72.562744
Making byte volume...
[mritotal] [oesteban@dna052:/out/sourcedata/freesurfer/sub-v2s11x28678_ses-1/mri] [2026-03-10 14:10:00] /opt/freesurfer/mni/bin/autocrop -clobber /var/tmp/mritotal_3851934//tmp_16_blur.mnc /var/tmp/mritotal_3851934//src_16_blur.mnc -expand -41.5999975204468 -41.5999975204468 -41.5999975204468
[autocrop] [oesteban@dna052:/out/sourcedata/freesurfer/sub-v2s11x28678_ses-1/mri] [2026-03-10 14:10:00] /opt/freesurfer/mni/bin/mincreshape -clobber /var/tmp/mritotal_3851934//tmp_16_blur.mnc /var/tmp/mritotal_3851934//src_16_blur.mnc -start 26,26,26 -count 137,137,98

Gradient blurring data:
[mritotal] [oesteban@dna052:/out/sourcedata/freesurfer/sub-v2s11x28678_ses-1/mri] [2026-03-10 14:10:00] /opt/freesurfer/mni/bin/mincblur -clobber -debug /var/tmp/mritotal_3851934//src_pad.mnc /var/tmp/mritotal_3851934//tmp_8 -fwhm 8 -gradient
===== Debugging information from /opt/freesurfer/mni/bin/mincblur =====
Data filename     = /var/tmp/mritotal_3851934//src_pad.mnc
Output basename   = /var/tmp/mritotal_3851934//tmp_8
Input volume      = 188 cols by 188 rows by 148 slices
Input voxels are  =    1.600    1.600    1.600
min/max value     =    0.000  170.491
Apodizing data at (8.000000,8.000000) (8.000000,8.000000) (8.000000,8.000000)
Volume def min and max: = 0.000000 170.491207
before blur min/max = 0.000000 170.491211
after  blur min/max = -0.000011 96.223465
Making byte volume...
Making byte volume dx...dx: min = -10.418156, max = 9.954023
Making byte volume dy...dy: min = -7.665283, max = 7.485003
Making byte volume dz...dz: min = -8.578622, max = 11.769285
[mritotal] [oesteban@dna052:/out/sourcedata/freesurfer/sub-v2s11x28678_ses-1/mri] [2026-03-10 14:10:02] /opt/freesurfer/mni/bin/autocrop -clobber /var/tmp/mritotal_3851934//tmp_8_blur.mnc /var/tmp/mritotal_3851934//src_8_blur.mnc -expand -31.9999980926514 -31.9999980926514 -31.9999980926514
[autocrop] [oesteban@dna052:/out/sourcedata/freesurfer/sub-v2s11x28678_ses-1/mri] [2026-03-10 14:10:02] /opt/freesurfer/mni/bin/mincreshape -clobber /var/tmp/mritotal_3851934//tmp_8_blur.mnc /var/tmp/mritotal_3851934//src_8_blur.mnc -start 20,20,20 -count 149,149,109
[mritotal] [oesteban@dna052:/out/sourcedata/freesurfer/sub-v2s11x28678_ses-1/mri] [2026-03-10 14:10:02] /opt/freesurfer/mni/bin/autocrop -clobber /var/tmp/mritotal_3851934//tmp_8_dxyz.mnc /var/tmp/mritotal_3851934//src_8_dxyz.mnc -expand -31.9999980926514 -31.9999980926514 -31.9999980926514
[autocrop] [oesteban@dna052:/out/sourcedata/freesurfer/sub-v2s11x28678_ses-1/mri] [2026-03-10 14:10:02] /opt/freesurfer/mni/bin/mincreshape -clobber /var/tmp/mritotal_3851934//tmp_8_dxyz.mnc /var/tmp/mritotal_3851934//src_8_dxyz.mnc -start 20,20,20 -count 149,149,109

16mm intensity lsq7 fit, no masks: making /var/tmp/mritotal_3851934//src_16.xfm
[mritotal] [oesteban@dna052:/out/sourcedata/freesurfer/sub-v2s11x28678_ses-1/mri] [2026-03-10 14:10:02] /opt/freesurfer/mni/bin/minctracc -clobber -debug /var/tmp/mritotal_3851934//src_16_blur.mnc /opt/freesurfer/mni/bin/../share/mni_autoreg/average_305_16_blur.mnc /var/tmp/mritotal_3851934//src_16.xfm -est_translations -lsq7 -xcorr -center 2.256449 -17.439226 8.120614 -step 4 4 4 -tol 0.01 -simplex 20
===== Debugging information from /opt/freesurfer/mni/bin/minctracc =====
Data filename       = /var/tmp/mritotal_3851934//src_16_blur.mnc
Model filename      = /opt/freesurfer/mni/bin/../share/mni_autoreg/average_305_16_blur.mnc
Data mask filename  = 
Model mask filename = 
Input xform name    = 
Output filename     = /var/tmp/mritotal_3851934//src_16.xfm
Step size           = 4.000000 4.000000 4.000000
Sub-lattice dia     = 24.000000 24.000000 24.000000
Objective function  = cross correlation (threshold = 0.000000 0.000000)
Transform linear    = TRUE
Transform inverted? = FALSE
Transform type      = 4
Transform matrix    =    1.0000    0.0000    0.0000    0.0000 
                         0.0000    1.0000    0.0000    0.0000 
                         0.0000    0.0000    1.0000    0.0000 
Transform center   =    2.256  -17.439    8.121
Transform rotation   =    0.000    0.000    0.000 

Transform trans    =    0.000    0.000    0.000
Transform scale    =    1.000    1.000    1.000

Center of rot/scale forced: 2.256449 -17.439226 8.120614
  using PAT to get initial parameters:
  will try to get: [trans]
COG of v1 forced: 2.256449 -17.439226 8.120614
In set_up_lattice, xyzv[axes] = 2, 1, 0, -1
In set_up_lattice, xyzv[axes] = 2, 1, 0, -1
in vol to cov
start =   -47.25  -125.51   -85.09 
count =       43       55       29 
step  =     4.00     4.00     4.00 
direct=     1.00     0.00     0.00 
direct=     0.00     1.00     0.00 
direct=     0.00     0.00     1.00 
In set_up_lattice, xyzv[axes] = 2, 1, 0, -1
In set_up_lattice, xyzv[axes] = 2, 1, 0, -1
COG of v2: 0.327802 -17.590965 9.454404
   [trans] = -1.928647 -0.151739 1.333790
Only center & trans required, now returning from init_transformation
Transform center   =    2.256  -17.439    8.121
Transform rots    =    0.000    0.000    0.000
Transform trans    =   -1.929   -0.152    1.334
Transform scale    =    1.000    1.000    1.000

In set_up_lattice, xyzv[axes] = 2, 1, 0, -1
slice lim 0 38
row lim   3 51
col lim   2 52
thresh =    0.00000    0.00000
In set_up_lattice, xyzv[axes] = 2, 1, 0, -1
  68585   48633 -> 0.04467592
  68585   48633 -> 0.04467592
  68585   46371 -> 0.07899326
  68585   46139 -> 0.05759792
  68585   48633 -> 0.07027368
  68585   50740 -> 0.05667268
  68585   48633 -> 0.05251158
  68585   48894 -> 0.04963282
  68585   59856 -> 0.15398192
  68585   19300 -> 0.14684270
  68585   36300 -> 0.06601769
  68585   43238 -> 0.09693430
  68585   47596 -> 0.05525854
  68585   45572 -> 0.06538159
  68585   54682 -> 0.09176872
  68585   43150 -> 0.04538042
  68585   48633 -> 0.07243619
  68585   46755 -> 0.04527096
  68585   46624 -> 0.07235899
  68585   47921 -> 0.04504029
  68585   47513 -> 0.04324073
  68585   47173 -> 0.06126316
  68585   46230 -> 0.05216864
  68585   44724 -> 0.04000581
  68585   41703 -> 0.05228636
  68585   46337 -> 0.05748559
  68585   46732 -> 0.04316175
  68585   43609 -> 0.03835671
  68585   38838 -> 0.04681301
  68585   49031 -> 0.04542141
  68585   44903 -> 0.04042810
  68585   46548 -> 0.03618311
  68585   47277 -> 0.04427475
  68585   44461 -> 0.04262492
  68585   41262 -> 0.04520354
  68585   46715 -> 0.03882548
  68585   44653 -> 0.04353585
  68585   46506 -> 0.03882341
  68585   43749 -> 0.04137407
  68585   47336 -> 0.04208478
  68585   46022 -> 0.03778481
  68585   47308 -> 0.04358743
  68585   44924 -> 0.03801734
  68585   46671 -> 0.03532492
  68585   47077 -> 0.03648901
  68585   46171 -> 0.03734530
  68585   44400 -> 0.03621700
  68585   44183 -> 0.03816872
  68585   47693 -> 0.03918443
  68585   44847 -> 0.03615355
  68585   46807 -> 0.03884296
  68585   45229 -> 0.03618212
  68585   46369 -> 0.03700013
  68585   45688 -> 0.03518599
  68585   45322 -> 0.04076481
  68585   44703 -> 0.03658195
  68585   44449 -> 0.03686609
  68585   45234 -> 0.03531758
  68585   45804 -> 0.03671249
  68585   45348 -> 0.03507080
  68585   46578 -> 0.03554935
  68585   44108 -> 0.03710459
  68585   46185 -> 0.03485855
  68585   46405 -> 0.03382554
  68585   46809 -> 0.03448125
  68585   47212 -> 0.03534602
  68585   45642 -> 0.03557846
  68585   46397 -> 0.03454117
  68585   44718 -> 0.03615674
  68585   46631 -> 0.03425035
  68585   45462 -> 0.03474302
  68585   46962 -> 0.03500709
  68585   45747 -> 0.03631183
  68585   46189 -> 0.03426233
  68585   47490 -> 0.03584203
  68585   45832 -> 0.03422845
  68585   45326 -> 0.03520735
  68585   46563 -> 0.03421573
  68585   46219 -> 0.03368000
  68585   46216 -> 0.03439160
  68585   47099 -> 0.03448283
  68585   46410 -> 0.03374298
  68585   45502 -> 0.03492814
  68585   46707 -> 0.03392814
  68585   46449 -> 0.03394259
  68585   46111 -> 0.03342510
  68585   45872 -> 0.03360926
  68585   47117 -> 0.03376044
  68585   46332 -> 0.03376805
  68585   46392 -> 0.03377899
  68585   46192 -> 0.03379859
  68585   46401 -> 0.03454333
  68585   46405 -> 0.03351296
  68585   46689 -> 0.03384236
  68585   46325 -> 0.03349623
  68585   46336 -> 0.03359207
  68585   46429 -> 0.03407555
  68585   46418 -> 0.03350148
  68585   45591 -> 0.03370474
  68585   46006 -> 0.03346537
done with simplex after 91 iterations
0 0.03347:-1.44104 11.55278 -0.27362 -15.17900 -3.54562  3.20738 46.23886 
1 0.03350:-1.03164 12.12311  0.16171 -18.12459 -3.07880  3.50902 46.47492 
2 0.03359:-1.63389 12.02427  0.94518 -17.22341 -5.32808  5.80753 46.55560 
3 0.03368:-1.26513 12.38092  2.00012 -17.78101 -2.10136 -0.62174 46.21833 
4 0.03351:-1.05466 11.25738  0.84657 -16.47259 -1.72484  2.51950 46.52294 
5 0.03370:-0.44024 13.38486  1.00552 -15.55561 -2.41083  1.28756 45.83813 
6 0.03343:-1.14070 12.21010  0.64631 -15.50003 -0.68651  0.85062 46.39953 
7 0.03350:-1.11995 12.22472  0.78775 -18.99983 -0.52978  1.28896 46.19242 
after parameter optimization
-center         2.25645  -17.43923    8.12061
-translation   -1.14070   12.21010    0.64631
-rotation     -15.50003   -0.68651    0.85062
-scale          0.92799    0.92799    0.92799
-shear          0.00000    0.00000    0.00000
  68585   46111 -> 0.03342510
Initial objective function val = 0.04467592
Final objective function value = 0.03342510

8mm intensity lsq7 fit, no masks: making /var/tmp/mritotal_3851934//src_8tmp1a.xfm
[mritotal] [oesteban@dna052:/out/sourcedata/freesurfer/sub-v2s11x28678_ses-1/mri] [2026-03-10 14:10:03] /opt/freesurfer/mni/bin/minctracc -clobber -debug /var/tmp/mritotal_3851934//src_8_blur.mnc /opt/freesurfer/mni/bin/../share/mni_autoreg/average_305_8_blur.mnc /var/tmp/mritotal_3851934//src_8tmp1a.xfm -transformation /var/tmp/mritotal_3851934//src_16.xfm -lsq7 -xcorr -center 2.256449 -17.439226 8.120614 -step 4 4 4 -tol 0.004 -simplex 5
===== Debugging information from /opt/freesurfer/mni/bin/minctracc =====
Data filename       = /var/tmp/mritotal_3851934//src_8_blur.mnc
Model filename      = /opt/freesurfer/mni/bin/../share/mni_autoreg/average_305_8_blur.mnc
Data mask filename  = 
Model mask filename = 
Input xform name    = /var/tmp/mritotal_3851934//src_16.xfm
Output filename     = /var/tmp/mritotal_3851934//src_8tmp1a.xfm
Step size           = 4.000000 4.000000 4.000000
Sub-lattice dia     = 24.000000 24.000000 24.000000
Objective function  = cross correlation (threshold = 0.000000 0.000000)
Transform linear    = TRUE
Transform inverted? = FALSE
Transform type      = 4
Transform matrix    =    0.9278   -0.0103   -0.0144   -1.0406 
                         0.0138    0.8942    0.2478    8.3213 
                         0.0111   -0.2480    0.8942   -2.8440 
Transform center   =    2.256  -17.439    8.121
Transform rotation   =    0.000    0.000    0.000 

Transform trans    =    0.000    0.000    0.000
Transform scale    =    1.000    1.000    1.000

Center of rot/scale forced: 2.256449 -17.439226 8.120614
  using input transformation to get initial parameters:
In set_up_lattice, xyzv[axes] = 2, 1, 0, -1
slice lim 0 43
row lim   7 52
col lim   6 53
thresh =    0.00000    0.00000
In set_up_lattice, xyzv[axes] = 2, 1, 0, -1
  80410   57675 -> 0.07871795
  80410   57675 -> 0.07871795
  80410   55846 -> 0.08335752
  80410   56698 -> 0.07910331
  80410   58028 -> 0.08411968
  80410   57937 -> 0.07811618
  80410   57188 -> 0.08020828
  80410   56918 -> 0.07982308
  80410   61938 -> 0.08950029
  80410   46559 -> 0.08949359
  80410   52696 -> 0.08060619
  80410   54891 -> 0.07918460
  80410   55408 -> 0.07918349
  80410   59072 -> 0.08282073
  80410   55056 -> 0.07810007
  80410   55215 -> 0.07685352
  80410   53494 -> 0.07916044
  80410   55086 -> 0.07727276
  80410   57105 -> 0.08302639
  80410   55736 -> 0.07675180
  80410   55284 -> 0.08074737
  80410   56243 -> 0.07712335
  80410   55665 -> 0.07761943
  80410   54401 -> 0.07783277
  80410   52506 -> 0.07826672
  80410   56787 -> 0.07663632
  80410   56387 -> 0.07815848
  80410   55477 -> 0.07665222
  80410   57411 -> 0.07802647
  80410   55225 -> 0.07659427
  80410   55733 -> 0.07779077
  80410   55844 -> 0.07654661
  80410   55698 -> 0.07782038
  80410   55227 -> 0.07634009
  80410   54868 -> 0.07768053
  80410   56134 -> 0.07641609
  80410   55624 -> 0.07746261
  80410   55635 -> 0.07636898
  80410   55676 -> 0.07701468
  80410   55822 -> 0.07636017
  80410   56392 -> 0.07655061
  80410   54730 -> 0.07669228
  80410   56337 -> 0.07628987
  80410   56764 -> 0.07645884
done with simplex after 35 iterations
0 0.07646:-1.73242 13.50751 -0.80597 -13.15661 -1.10619  1.30446 45.95424 
1 0.07642:-2.40654 14.19687 -0.66960 -12.73443 -0.31169  1.97523 45.54633 
2 0.07655:-1.82740 12.51822 -1.16997 -11.51346 -0.72791  1.75639 45.26424 
3 0.07636:-1.21275 14.04293 -1.42993 -12.77312 -0.28912  1.81243 45.57059 
4 0.07629:-1.66288 13.64509 -0.71883 -11.61550 -0.79316  1.48381 45.63607 
5 0.07637:-1.68647 14.49654 -0.96923 -12.37912 -2.31998  2.65064 45.49006 
6 0.07634:-1.82833 14.93569 -1.15799 -12.04753 -0.53940  0.12138 45.38659 
7 0.07655:-2.20585 14.23102 -1.80964 -10.83076 -1.42049  1.45938 45.68980 
after parameter optimization
-center         2.25645  -17.43923    8.12061
-translation   -1.66288   13.64509   -0.71883
-rotation     -11.61550   -0.79316    1.48381
-scale          0.91272    0.91272    0.91272
-shear          0.00000    0.00000    0.00000
  80410   56337 -> 0.07628987
Initial objective function val = 0.07871795
Final objective function value = 0.07628987

8mm gradient lsq7 fit, target masked: making /var/tmp/mritotal_3851934//src_8tmp1b.xfm
[mritotal] [oesteban@dna052:/out/sourcedata/freesurfer/sub-v2s11x28678_ses-1/mri] [2026-03-10 14:10:03] /opt/freesurfer/mni/bin/minctracc -clobber -debug /var/tmp/mritotal_3851934//src_8_dxyz.mnc /opt/freesurfer/mni/bin/../share/mni_autoreg/average_305_8_dxyz.mnc /var/tmp/mritotal_3851934//src_8tmp1b.xfm -transformation /var/tmp/mritotal_3851934//src_8tmp1a.xfm -lsq7 -xcorr -model_mask /opt/freesurfer/mni/bin/../share/mni_autoreg/average_305_8_mask.mnc -center 2.256449 -17.439226 8.120614 -step 4 4 4 -tol 0.004 -simplex 2
===== Debugging information from /opt/freesurfer/mni/bin/minctracc =====
Data filename       = /var/tmp/mritotal_3851934//src_8_dxyz.mnc
Model filename      = /opt/freesurfer/mni/bin/../share/mni_autoreg/average_305_8_dxyz.mnc
Data mask filename  = 
Model mask filename = /opt/freesurfer/mni/bin/../share/mni_autoreg/average_305_8_mask.mnc
Input xform name    = /var/tmp/mritotal_3851934//src_8tmp1a.xfm
Output filename     = /var/tmp/mritotal_3851934//src_8tmp1b.xfm
Step size           = 4.000000 4.000000 4.000000
Sub-lattice dia     = 24.000000 24.000000 24.000000
Objective function  = cross correlation (threshold = 0.000000 0.000000)
Transform linear    = TRUE
Transform inverted? = FALSE
Transform type      = 4
Transform matrix    =    0.9123   -0.0206   -0.0171   -1.6853 
                         0.0236    0.8938    0.1834   10.2504 
                         0.0126   -0.1838    0.8939   -3.0906 
Transform center   =    2.256  -17.439    8.121
Transform rotation   =    0.000    0.000    0.000 

Transform trans    =    0.000    0.000    0.000
Transform scale    =    1.000    1.000    1.000

Center of rot/scale forced: 2.256449 -17.439226 8.120614
  using input transformation to get initial parameters:
In set_up_lattice, xyzv[axes] = 2, 1, 0, -1
slice lim 0 43
row lim   0 59
col lim   0 59
thresh =    0.00000    0.00000
In set_up_lattice, xyzv[axes] = 2, 1, 0, -1
  29440   25311 -> 0.22271298
  29440   25311 -> 0.22271298
  29440   25323 -> 0.23276304
  29440   24887 -> 0.22643119
  29440   25394 -> 0.21392794
  29440   25242 -> 0.22799063
  29440   25308 -> 0.22371772
  29440   25316 -> 0.22449219
  29440   25887 -> 0.22614077
  29440   25347 -> 0.22578764
  29440   25479 -> 0.21652496
  29440   25961 -> 0.21450762
  29440   24997 -> 0.24969442
  29440   25666 -> 0.21940733
  29440   25640 -> 0.22145160
  29440   25767 -> 0.21620703
  29440   25890 -> 0.21502271
  29440   26054 -> 0.21467006
  29440   25864 -> 0.21993428
  29440   25804 -> 0.21990769
  29440   25696 -> 0.21472584
  29440   25840 -> 0.21099336
  29440   25935 -> 0.21050960
  29440   26133 -> 0.20743451
  29440   26426 -> 0.20333557
  29440   26068 -> 0.20855121
  29440   25989 -> 0.20909552
  29440   26256 -> 0.20475571
  29440   25968 -> 0.21415557
  29440   26059 -> 0.21673682
  29440   25991 -> 0.20995757
  29440   26064 -> 0.21323533
  29440   26764 -> 0.19862539
  29440   27378 -> 0.19821295
  29440   26540 -> 0.20814073
  29440   26835 -> 0.19882251
  29440   27008 -> 0.19941932
  29440   27277 -> 0.19696867
  29440   27824 -> 0.20575351
  29440   27514 -> 0.20116343
  29440   27378 -> 0.19761616
  29440   27875 -> 0.20831847
  29440   26706 -> 0.19719450
  29440   27807 -> 0.20534192
  29440   26809 -> 0.19682650
  29440   26566 -> 0.20373783
  29440   27293 -> 0.19652829
  29440   27191 -> 0.19677684
  29440   27463 -> 0.20044318
  29440   26990 -> 0.19607280
  29440   26803 -> 0.19744201
  29440   26629 -> 0.20104721
  29440   27195 -> 0.19624865
  29440   27332 -> 0.19817020
  29440   26943 -> 0.19575423
  29440   27472 -> 0.19730118
  29440   26901 -> 0.19540201
  29440   26815 -> 0.19809005
  29440   27159 -> 0.19567773
  29440   27375 -> 0.19618364
  29440   27056 -> 0.19719487
  29440   27156 -> 0.19567202
  29440   26914 -> 0.19920208
  29440   27198 -> 0.19558160
  29440   27012 -> 0.19461784
  29440   26920 -> 0.19627509
  29440   26718 -> 0.19805674
  29440   27217 -> 0.19521533
  29440   27178 -> 0.19473085
  29440   27305 -> 0.19599332
  29440   27027 -> 0.19502735
  29440   27039 -> 0.19438039
  29440   26977 -> 0.19503988
  29440   27008 -> 0.19474092
  29440   26912 -> 0.19503196
  29440   27203 -> 0.19371538
  29440   27341 -> 0.19423750
  29440   26891 -> 0.19523719
  29440   27137 -> 0.19447617
  29440   27257 -> 0.19525178
  29440   26998 -> 0.19456387
  29440   27143 -> 0.19380286
  29440   27193 -> 0.19448957
  29440   27031 -> 0.19434966
  29440   27196 -> 0.19407204
  29440   27264 -> 0.19378261
  29440   27093 -> 0.19389158
  29440   27142 -> 0.19290265
  29440   27145 -> 0.19289592
  29440   27263 -> 0.19338973
  29440   27338 -> 0.19401018
  29440   27217 -> 0.19392978
  29440   27040 -> 0.19424325
  29440   27261 -> 0.19315311
  29440   27175 -> 0.19386642
  29440   27314 -> 0.19402690
  29440   27151 -> 0.19335817
  29440   27234 -> 0.19378316
  29440   27296 -> 0.19326171
  29440   27218 -> 0.19411701
  29440   27229 -> 0.19329129
  29440   27177 -> 0.19329365
  29440   27235 -> 0.19297875
  29440   27161 -> 0.19285797
  29440   27117 -> 0.19321671
  29440   27282 -> 0.19317190
done with simplex after 97 iterations
0 0.19329:-1.42919  6.38091  5.08034 -11.17885 -0.39327  1.55186 46.93589 
1 0.19298:-1.75567  6.22575  5.05329 -10.72856  0.09047  1.43879 46.93934 
2 0.19317:-1.77000  5.96607  5.12762 -10.44088 -0.13917  1.20408 47.00320 
3 0.19326:-1.49227  6.10826  4.97996 -10.60306 -0.33247  1.38784 47.15735 
4 0.19290:-1.72119  6.78273  4.65493 -10.83028  0.03160  1.33203 46.98221 
5 0.19286:-1.50450  6.64413  4.98937 -10.86091  0.03735  1.08695 46.92280 
6 0.19329:-1.51680  6.37795  5.24067 -10.63675 -0.64999  1.36112 46.79664 
7 0.19315:-1.37848  6.46217  5.29468 -11.38465 -0.44122  1.32607 47.07639 
after parameter optimization
-center         2.25645  -17.43923    8.12061
-translation   -1.50450    6.64413    4.98937
-rotation     -10.86091    0.03735    1.08695
-scale          0.93846    0.93846    0.93846
-shear          0.00000    0.00000    0.00000
  29440   27161 -> 0.19285797
Initial objective function val = 0.22271298
Final objective function value = 0.19285797

8mm gradient lsq9 fit, target masked: making /var/tmp/mritotal_3851934//src_8tmp2a.xfm
[mritotal] [oesteban@dna052:/out/sourcedata/freesurfer/sub-v2s11x28678_ses-1/mri] [2026-03-10 14:10:04] /opt/freesurfer/mni/bin/minctracc -clobber -debug /var/tmp/mritotal_3851934//src_8_dxyz.mnc /opt/freesurfer/mni/bin/../share/mni_autoreg/average_305_8_dxyz.mnc /var/tmp/mritotal_3851934//src_8tmp2a.xfm -transformation /var/tmp/mritotal_3851934//src_8tmp1b.xfm -lsq9 -xcorr -model_mask /opt/freesurfer/mni/bin/../share/mni_autoreg/average_305_8_mask.mnc -center 2.256449 -17.439226 8.120614 -step 4 4 4 -tol 0.004 -simplex 2
===== Debugging information from /opt/freesurfer/mni/bin/minctracc =====
Data filename       = /var/tmp/mritotal_3851934//src_8_dxyz.mnc
Model filename      = /opt/freesurfer/mni/bin/../share/mni_autoreg/average_305_8_dxyz.mnc
Data mask filename  = 
Model mask filename = /opt/freesurfer/mni/bin/../share/mni_autoreg/average_305_8_mask.mnc
Input xform name    = /var/tmp/mritotal_3851934//src_8tmp1b.xfm
Output filename     = /var/tmp/mritotal_3851934//src_8tmp2a.xfm
Step size           = 4.000000 4.000000 4.000000
Sub-lattice dia     = 24.000000 24.000000 24.000000
Objective function  = cross correlation (threshold = 0.000000 0.000000)
Transform linear    = TRUE
Transform inverted? = FALSE
Transform type      = 5
Transform matrix    =    0.9383   -0.0176   -0.0028   -1.6498 
                         0.0178    0.9215    0.1768    3.7988 
                        -0.0006   -0.1768    0.9216    2.5433 
Transform center   =    2.256  -17.439    8.121
Transform rotation   =    0.000    0.000    0.000 

Transform trans    =    0.000    0.000    0.000
Transform scale    =    1.000    1.000    1.000

Center of rot/scale forced: 2.256449 -17.439226 8.120614
  using input transformation to get initial parameters:
In set_up_lattice, xyzv[axes] = 2, 1, 0, -1
slice lim 0 43
row lim   0 59
col lim   0 59
thresh =    0.00000    0.00000
In set_up_lattice, xyzv[axes] = 2, 1, 0, -1
  29440   27161 -> 0.19285797
  29440   27161 -> 0.19285797
  29440   27173 -> 0.19910569
  29440   26821 -> 0.19665593
  29440   27226 -> 0.19600810
  29440   27079 -> 0.19486652
  29440   27165 -> 0.19322932
  29440   27174 -> 0.19431525
  29440   27164 -> 0.19148086
  29440   27621 -> 0.19319868
  29440   27163 -> 0.19999093
  29440   27192 -> 0.19431686
  29440   27187 -> 0.19413775
  29440   27602 -> 0.19467759
  29440   27303 -> 0.19607276
  29440   27245 -> 0.19349098
  29440   27486 -> 0.19398971
  29440   26920 -> 0.19590501
  29440   27440 -> 0.19298498
  29440   27392 -> 0.19987315
  29440   27248 -> 0.19267625
  29440   27447 -> 0.19276018
  29440   27469 -> 0.19534943
  29440   27260 -> 0.19286360
  29440   27136 -> 0.19545814
  29440   27394 -> 0.19279872
  29440   27393 -> 0.19276994
  29440   27529 -> 0.19349258
  29440   27255 -> 0.19278048
  29440   26986 -> 0.19554399
  29440   27466 -> 0.19329143
  29440   27163 -> 0.19436374
  29440   27211 -> 0.19365799
  29440   27300 -> 0.19364409
  29440   27278 -> 0.19243614
  29440   27277 -> 0.19308758
  29440   27211 -> 0.19352476
  29440   27294 -> 0.19204380
  29440   27389 -> 0.19466299
  29440   27204 -> 0.19276354
  29440   27077 -> 0.19255924
  29440   27282 -> 0.19066168
  29440   27343 -> 0.18900657
  29440   27262 -> 0.19144109
  29440   27172 -> 0.18966165
  29440   27249 -> 0.18831880
  29440   27276 -> 0.18569157
  29440   27183 -> 0.18745768
  29440   27256 -> 0.18687262
  29440   27425 -> 0.18924025
  29440   27251 -> 0.18561101
  29440   27231 -> 0.18558457
  29440   27219 -> 0.18472786
  29440   27178 -> 0.18425506
  29440   27353 -> 0.18589547
  29440   27274 -> 0.18513718
  29440   27391 -> 0.18652356
  29440   27131 -> 0.18566443
  29440   27153 -> 0.18576178
  29440   27319 -> 0.19068481
  29440   27210 -> 0.18483339
  29440   27237 -> 0.18765391
  29440   27251 -> 0.18499935
  29440   27064 -> 0.18416564
  29440   26904 -> 0.18644415
  29440   27044 -> 0.18346630
  29440   26872 -> 0.18446700
  29440   27210 -> 0.18780538
  29440   27172 -> 0.18417174
  29440   27067 -> 0.18554242
  29440   27209 -> 0.18449068
  29440   27093 -> 0.18302988
  29440   27017 -> 0.18320656
  29440   27260 -> 0.18616207
  29440   27125 -> 0.18396990
  29440   27026 -> 0.18507697
  29440   27088 -> 0.18420523
  29440   27012 -> 0.18302947
  29440   26884 -> 0.18454066
  29440   26996 -> 0.18430914
  29440   26958 -> 0.18547498
  29440   27154 -> 0.18363558
  29440   27196 -> 0.18452805
  29440   27049 -> 0.18329379
  29440   26972 -> 0.18386826
  29440   27068 -> 0.18269061
  29440   27064 -> 0.18331601
  29440   26957 -> 0.18276891
  29440   27040 -> 0.18388490
  29440   26969 -> 0.18230359
  29440   26893 -> 0.18243282
  29440   27040 -> 0.18413879
  29440   27039 -> 0.18284076
  29440   27084 -> 0.18400030
  29440   27024 -> 0.18287258
  29440   26906 -> 0.18291962
  29440   26986 -> 0.18235043
  29440   26960 -> 0.18230665
  29440   26887 -> 0.18192381
  29440   26781 -> 0.18225175
  29440   26939 -> 0.18230189
  29440   27061 -> 0.18285051
  29440   26946 -> 0.18181194
  29440   26915 -> 0.18180852
  29440   26879 -> 0.18265009
  29440   26867 -> 0.18147977
  29440   26771 -> 0.18176581
  29440   26919 -> 0.18185237
  29440   26783 -> 0.18187514
  29440   26950 -> 0.18234564
  29440   26832 -> 0.18163374
  29440   26844 -> 0.18209188
  29440   26802 -> 0.18134432
  29440   26734 -> 0.18176700
  29440   26759 -> 0.18081748
  29440   26651 -> 0.18066134
  29440   26720 -> 0.18156876
  29440   26790 -> 0.18056297
  29440   26777 -> 0.18049553
  29440   26726 -> 0.18032399
  29440   26648 -> 0.18109278
  29440   26832 -> 0.18070501
  29440   26656 -> 0.18001215
  29440   26517 -> 0.18068497
  29440   26608 -> 0.17948060
  29440   26451 -> 0.18011868
  29440   26643 -> 0.18088190
  29440   26734 -> 0.18022567
  29440   26572 -> 0.18020155
  29440   26574 -> 0.17946412
  29440   26442 -> 0.18066804
  29440   26715 -> 0.18030117
  29440   26498 -> 0.18016791
  29440   26650 -> 0.18093820
  29440   26644 -> 0.17971832
  29440   26501 -> 0.17928894
  29440   26364 -> 0.18017419
  29440   26502 -> 0.17902301
  29440   26380 -> 0.18014604
  29440   26457 -> 0.17977214
  29440   26375 -> 0.17982702
  29440   26504 -> 0.18047531
  29440   26554 -> 0.17962709
  29440   26587 -> 0.18017423
  29440   26517 -> 0.17943929
  29440   26390 -> 0.18004666
  29440   26594 -> 0.17946057
  29440   26717 -> 0.18022241
  29440   26461 -> 0.17920116
  29440   26639 -> 0.17966808
  29440   26446 -> 0.17891483
  29440   26338 -> 0.17956547
  29440   26409 -> 0.17959476
  29440   26469 -> 0.17945196
  29440   26622 -> 0.17986853
  29440   26463 -> 0.17913762
done with simplex after 145 iterations
0 0.17946:-1.86111  8.37292  4.47890 -11.24749 -0.16767  0.89235 51.24777 45.83480 46.43774 
1 0.17944:-1.91542  8.60436  4.26000 -11.26137 -0.23815  0.76513 51.19117 45.76321 46.51746 
2 0.17945:-2.04301  8.68906  4.51863 -11.21426 -0.19367  0.70509 50.99747 45.61426 46.46619 
3 0.17902:-2.05680  8.75404  4.93506 -11.19072 -0.22827  0.18120 51.16174 45.68938 46.52255 
4 0.17946:-2.05912  8.83158  4.27677 -11.32471  0.15115  0.55117 51.42822 46.08976 46.21978 
5 0.17891:-1.99178  8.87520  4.47718 -11.22063 -0.52505  0.64501 51.13341 45.64458 46.56728 
6 0.17948:-1.89209  8.20657  4.76792 -11.23261 -0.36051  0.58225 51.10118 45.75302 46.32448 
7 0.17914:-1.96602  8.77212  4.38725 -11.32396 -0.13765  0.79196 51.41424 45.63517 46.38557 
8 0.17929:-2.28532  8.48076  4.39253 -11.16689 -0.24750  1.05773 51.38663 45.60375 46.44706 
9 0.17920:-1.93815  8.67732  4.44020 -11.20847 -0.32081  0.87127 51.54078 45.57208 46.39857 
after parameter optimization
-center         2.25645  -17.43923    8.12061
-translation   -1.99178    8.87520    4.47718
-rotation     -11.22063   -0.52505    0.64501
-scale          1.02267    0.91289    0.93135
-shear          0.00000    0.00000    0.00000
  29440   26446 -> 0.17891483
Initial objective function val = 0.19285797
Final objective function value = 0.17891483

checking z-scale: making /var/tmp/mritotal_3851934//src_8tmp2b.xfm
[mritotal] [oesteban@dna052:/out/sourcedata/freesurfer/sub-v2s11x28678_ses-1/mri] [2026-03-10 14:10:04] /opt/freesurfer/mni/bin/check_scale /var/tmp/mritotal_3851934//src_8tmp2a.xfm /var/tmp/mritotal_3851934//src_8tmp2b.xfm

8mm gradient lsq9 fit, target masked: making /var/tmp/mritotal_3851934//src_8tmp2c.xfm
[mritotal] [oesteban@dna052:/out/sourcedata/freesurfer/sub-v2s11x28678_ses-1/mri] [2026-03-10 14:10:04] /opt/freesurfer/mni/bin/minctracc -clobber -debug /var/tmp/mritotal_3851934//src_8_dxyz.mnc /opt/freesurfer/mni/bin/../share/mni_autoreg/average_305_8_dxyz.mnc /var/tmp/mritotal_3851934//src_8tmp2c.xfm -transformation /var/tmp/mritotal_3851934//src_8tmp2b.xfm -lsq9 -xcorr -model_mask /opt/freesurfer/mni/bin/../share/mni_autoreg/average_305_8_mask.mnc -center 2.256449 -17.439226 8.120614 -step 4 4 4 -tol 0.004 -simplex 2
===== Debugging information from /opt/freesurfer/mni/bin/minctracc =====
Data filename       = /var/tmp/mritotal_3851934//src_8_dxyz.mnc
Model filename      = /opt/freesurfer/mni/bin/../share/mni_autoreg/average_305_8_dxyz.mnc
Data mask filename  = 
Model mask filename = /opt/freesurfer/mni/bin/../share/mni_autoreg/average_305_8_mask.mnc
Input xform name    = /var/tmp/mritotal_3851934//src_8tmp2b.xfm
Output filename     = /var/tmp/mritotal_3851934//src_8tmp2c.xfm
Step size           = 4.000000 4.000000 4.000000
Sub-lattice dia     = 24.000000 24.000000 24.000000
Objective function  = cross correlation (threshold = 0.000000 0.000000)
Transform linear    = TRUE
Transform inverted? = FALSE
Transform type      = 5
Transform matrix    =    1.0226   -0.0095   -0.0114   -2.1150 
                         0.0103    0.8954    0.1775    5.5862 
                         0.0085   -0.1812    0.9135    2.0000 
Transform center   =    2.256  -17.439    8.121
Transform rotation   =    0.000    0.000    0.000 

Transform trans    =    0.000    0.000    0.000
Transform scale    =    1.000    1.000    1.000

Center of rot/scale forced: 2.256449 -17.439226 8.120614
  using input transformation to get initial parameters:
In set_up_lattice, xyzv[axes] = 2, 1, 0, -1
slice lim 0 43
row lim   0 59
col lim   0 59
thresh =    0.00000    0.00000
In set_up_lattice, xyzv[axes] = 2, 1, 0, -1
  29440   26446 -> 0.17891486
  29440   26446 -> 0.17891486
  29440   26448 -> 0.18848376
  29440   26068 -> 0.18028955
  29440   26514 -> 0.18066709
  29440   26353 -> 0.18208285
  29440   26443 -> 0.18006238
  29440   26447 -> 0.18082374
  29440   26445 -> 0.18666513
  29440   26951 -> 0.18046536
  29440   26442 -> 0.18354571
  29440   26462 -> 0.18640019
  29440   26473 -> 0.19018695
  29440   26452 -> 0.18072881
  29440   26451 -> 0.18875802
  29440   26459 -> 0.18069157
  29440   26483 -> 0.18343742
  29440   26472 -> 0.17985418
  29440   26612 -> 0.18002549
  29440   26556 -> 0.18106142
  29440   26466 -> 0.17885424
  29440   26542 -> 0.18126023
  29440   26471 -> 0.17887212
  29440   26532 -> 0.18133661
  29440   26481 -> 0.17904833
  29440   26465 -> 0.18364532
  29440   26499 -> 0.17854945
  29440   25901 -> 0.18244952
  29440   26710 -> 0.17935549
  29440   26939 -> 0.18223891
  29440   26297 -> 0.17857596
  29440   26548 -> 0.17775375
  29440   26593 -> 0.17706424
  29440   26384 -> 0.18079133
  29440   26553 -> 0.17854241
  29440   26534 -> 0.17917025
  29440   26257 -> 0.17881717
  29440   26373 -> 0.17926633
  29440   26488 -> 0.17825760
  29440   26423 -> 0.17876749
  29440   26459 -> 0.17805897
  29440   26429 -> 0.17827488
  29440   26421 -> 0.17838767
  29440   26668 -> 0.17764615
  29440   26554 -> 0.17704621
  29440   26620 -> 0.17708251
  29440   26747 -> 0.17958823
  29440   26406 -> 0.17808983
  29440   26511 -> 0.17744493
  29440   26455 -> 0.17565185
  29440   26406 -> 0.17405514
  29440   26585 -> 0.17671512
  29440   26615 -> 0.17582530
  29440   26575 -> 0.17289610
  29440   26613 -> 0.17081723
  29440   26705 -> 0.17240259
  29440   26706 -> 0.17060395
  29440   26821 -> 0.16816778
  29440   26531 -> 0.17153789
  29440   26694 -> 0.16934808
  29440   26635 -> 0.16775854
  29440   26652 -> 0.17129882
  29440   26691 -> 0.17233072
  29440   26689 -> 0.17746800
  29440   26610 -> 0.17316934
  29440   26658 -> 0.17455092
  29440   26647 -> 0.17027836
  29440   26898 -> 0.16964217
  29440   26779 -> 0.17536078
  29440   26652 -> 0.17055570
  29440   26675 -> 0.16958831
  29440   26686 -> 0.17073676
  29440   26863 -> 0.16745266
  29440   27016 -> 0.16895305
  29440   26849 -> 0.16743560
  29440   26967 -> 0.16909391
  29440   26815 -> 0.17129026
  29440   26718 -> 0.16853169
  29440   26859 -> 0.16998170
  29440   26909 -> 0.16733146
  29440   27043 -> 0.16850512
  29440   26711 -> 0.16951552
  29440   26639 -> 0.16949858
  29440   26843 -> 0.17121539
  29440   26717 -> 0.16751666
  29440   26808 -> 0.16827820
  29440   26925 -> 0.17015955
  29440   26695 -> 0.16771129
  29440   26860 -> 0.16824064
  29440   26879 -> 0.16796121
  29440   26800 -> 0.16687196
  29440   26797 -> 0.16822839
  29440   26733 -> 0.16857205
  29440   26830 -> 0.16724978
  29440   26774 -> 0.16640472
  29440   26752 -> 0.16680992
  29440   26701 -> 0.16843906
  29440   26831 -> 0.16704054
  29440   26975 -> 0.16870040
  29440   26721 -> 0.16695842
  29440   26915 -> 0.16832142
  29440   26759 -> 0.16692828
  29440   26913 -> 0.16663986
  29440   26783 -> 0.16763915
  29440   26842 -> 0.16680251
  29440   26799 -> 0.16617048
  29440   26776 -> 0.16718259
  29440   26710 -> 0.16712585
  29440   26758 -> 0.16597866
  29440   26719 -> 0.16646434
  29440   26893 -> 0.16677962
  29440   26787 -> 0.16651025
  29440   26904 -> 0.16606221
  29440   26902 -> 0.16562332
  29440   26971 -> 0.16596581
  29440   26886 -> 0.16606329
  29440   26852 -> 0.16562349
  29440   26791 -> 0.16529049
  29440   26737 -> 0.16580071
  29440   26739 -> 0.16609679
  29440   26861 -> 0.16590677
  29440   26883 -> 0.16567710
  29440   26888 -> 0.16526419
  29440   26936 -> 0.16558708
  29440   26974 -> 0.16569161
  29440   26853 -> 0.16555975
  29440   26826 -> 0.16499552
  29440   26778 -> 0.16584542
  29440   26977 -> 0.16592756
  29440   26926 -> 0.16503559
  29440   26890 -> 0.16636364
  29440   26866 -> 0.16534001
  29440   26756 -> 0.16616498
  29440   26921 -> 0.16525443
  29440   26851 -> 0.16531731
  29440   26887 -> 0.16526508
  29440   26832 -> 0.16449626
  29440   26795 -> 0.16479295
  29440   26874 -> 0.16590331
  29440   26856 -> 0.16510868
  29440   26857 -> 0.16486891
  29440   26875 -> 0.16535681
  29440   26856 -> 0.16497414
  29440   26957 -> 0.16517948
  29440   26873 -> 0.16563767
  29440   26883 -> 0.16490819
  29440   26871 -> 0.16502576
  29440   26826 -> 0.16521050
  29440   26848 -> 0.16468108
  29440   26771 -> 0.16534641
  29440   26911 -> 0.16474628
  29440   26873 -> 0.16478211
  29440   26798 -> 0.16486029
done with simplex after 142 iterations
0 0.16497:-2.79518 11.65636  6.03158 -10.89396 -3.82818  1.79122 51.30351 49.08178 46.13647 
1 0.16487:-2.67896 11.52251  6.03688 -11.03027 -3.26041  1.81987 51.28336 48.95824 46.18761 
2 0.16468:-2.66683 11.68954  6.04006 -10.99504 -3.26317  1.80764 51.32098 49.05148 46.12586 
3 0.16486:-2.66245 11.72673  6.19890 -10.98513 -3.72470  1.96024 51.29676 48.85081 46.37714 
4 0.16450:-2.62267 11.68585  6.18115 -10.81987 -3.34973  1.65885 51.20851 48.98283 46.19073 
5 0.16500:-2.67175 11.75929  6.16771 -11.08600 -3.17552  1.75834 51.41064 48.94202 46.06803 
6 0.16478:-2.69514 11.73857  6.18237 -10.89717 -3.17551  1.73451 51.25432 49.18515 46.14693 
7 0.16475:-2.70763 11.48670  5.94918 -10.88757 -3.40747  1.68653 51.31001 49.17881 46.08480 
8 0.16491:-2.67476 11.67818  6.07596 -11.04914 -3.73590  1.79744 51.29882 49.16429 45.99617 
9 0.16503:-2.65722 11.83572  5.86206 -11.36084 -3.77409  1.68616 51.27753 49.19614 46.16046 
after parameter optimization
-center         2.25645  -17.43923    8.12061
-translation   -2.62267   11.68585    6.18115
-rotation     -10.81987   -3.34973    1.65885
-scale          1.02417    0.97966    0.92381
-shear          0.00000    0.00000    0.00000
  29440   26832 -> 0.16449626
Initial objective function val = 0.17891486
Final objective function value = 0.16449626

final linear fit: 8mm gradient lsq9 fit, target masked: making transforms/talairach.auto.xfm
[mritotal] [oesteban@dna052:/out/sourcedata/freesurfer/sub-v2s11x28678_ses-1/mri] [2026-03-10 14:10:05] /opt/freesurfer/mni/bin/minctracc -clobber -debug /var/tmp/mritotal_3851934//src_8_dxyz.mnc /opt/freesurfer/mni/bin/../share/mni_autoreg/average_305_8_dxyz.mnc transforms/talairach.auto.xfm -transformation /var/tmp/mritotal_3851934//src_8tmp2c.xfm -lsq9 -xcorr -model_mask /opt/freesurfer/mni/bin/../share/mni_autoreg/average_305_8_mask.mnc -center 2.256449 -17.439226 8.120614 -step 4 4 4 -tol 0.004 -simplex 2
===== Debugging information from /opt/freesurfer/mni/bin/minctracc =====
Data filename       = /var/tmp/mritotal_3851934//src_8_dxyz.mnc
Model filename      = /opt/freesurfer/mni/bin/../share/mni_autoreg/average_305_8_dxyz.mnc
Data mask filename  = 
Model mask filename = /opt/freesurfer/mni/bin/../share/mni_autoreg/average_305_8_mask.mnc
Input xform name    = /var/tmp/mritotal_3851934//src_8tmp2c.xfm
Output filename     = transforms/talairach.auto.xfm
Step size           = 4.000000 4.000000 4.000000
Sub-lattice dia     = 24.000000 24.000000 24.000000
Objective function  = cross correlation (threshold = 0.000000 0.000000)
Transform linear    = TRUE
Transform inverted? = FALSE
Transform type      = 5
Transform matrix    =    1.0220   -0.0179   -0.0643   -2.4620 
                         0.0283    0.9621    0.1822    9.4823 
                         0.0540   -0.1731    0.9058    3.8048 
Transform center   =    2.256  -17.439    8.121
Transform rotation   =    0.000    0.000    0.000 

Transform trans    =    0.000    0.000    0.000
Transform scale    =    1.000    1.000    1.000

Center of rot/scale forced: 2.256449 -17.439226 8.120614
  using input transformation to get initial parameters:
In set_up_lattice, xyzv[axes] = 2, 1, 0, -1
slice lim 0 43
row lim   0 59
col lim   0 59
thresh =    0.00000    0.00000
In set_up_lattice, xyzv[axes] = 2, 1, 0, -1
  29440   26832 -> 0.16449627
  29440   26832 -> 0.16449627
  29440   26837 -> 0.17315236
  29440   26462 -> 0.16886924
  29440   26902 -> 0.17189261
  29440   26725 -> 0.16534674
  29440   26832 -> 0.16555747
  29440   26831 -> 0.16610195
  29440   26831 -> 0.17288448
  29440   27307 -> 0.16839935
  29440   26826 -> 0.16995253
  29440   26848 -> 0.18012658
  29440   26840 -> 0.16656114
  29440   26861 -> 0.17676996
  29440   26838 -> 0.16781113
  29440   26775 -> 0.16787037
  29440   26837 -> 0.17337240
  29440   26828 -> 0.16610424
  29440   27249 -> 0.16668823
  29440   26385 -> 0.16983514
  29440   27092 -> 0.16580993
  29440   27024 -> 0.16974768
  29440   26840 -> 0.16510962
  29440   26964 -> 0.16731969
  29440   26933 -> 0.16505368
  29440   26440 -> 0.16788143
  29440   27059 -> 0.16488753
  29440   26936 -> 0.16899100
  29440   26866 -> 0.16504969
  29440   26961 -> 0.16584806
  29440   26982 -> 0.16595027
  29440   26945 -> 0.16499311
  29440   26856 -> 0.16653533
  29440   26928 -> 0.16471556
  29440   26659 -> 0.16571610
  29440   26777 -> 0.16490372
  29440   26933 -> 0.16551736
  29440   26904 -> 0.16474803
  29440   27054 -> 0.16515423
  29440   26974 -> 0.16454314
  29440   26988 -> 0.16528811
  29440   26878 -> 0.16463442
  29440   26883 -> 0.16538022
  29440   26918 -> 0.16446938
done with simplex after 33 iterations
0 0.16450:-2.62267 11.68585  6.18115 -10.81987 -3.34973  1.65885 51.20851 48.98283 46.19072 
1 0.16505:-2.07503 11.68973  6.13638 -10.55265 -3.08250  1.92608 51.27452 49.16982 46.36205 
2 0.16489:-2.38156 10.78747  5.90075 -10.31087 -2.84072  2.16785 51.37599 49.41581 46.49191 
3 0.16463:-2.38635 11.62556  5.54558 -10.37073 -2.93145  1.98278 51.30836 49.29186 46.41571 
4 0.16454:-2.24569 11.34166  5.68570 -11.00910 -2.76117  2.00478 51.22108 49.36102 46.37326 
5 0.16475:-2.29954 11.39083  5.75648 -9.83921 -3.70239  1.95536 51.21928 49.30699 46.34718 
6 0.16499:-2.36299 11.44113  5.83959 -10.04534 -2.57520  1.10005 51.23221 49.44680 46.26487 
7 0.16447:-2.36289 11.40751  5.87076 -10.32398 -2.88641  2.02257 51.04413 49.27482 46.37775 
8 0.16490:-2.38533 11.45513  5.87000 -10.06297 -2.59282  1.82934 51.17580 48.79607 46.27351 
9 0.16472:-2.42184 11.41701  5.91748 -10.19816 -2.72801  2.09538 51.20163 49.33320 45.87725 
after parameter optimization
-center         2.25645  -17.43923    8.12061
-translation   -2.36289   11.40751    5.87076
-rotation     -10.32398   -2.88641    2.02257
-scale          1.02088    0.98550    0.92756
-shear          0.00000    0.00000    0.00000
  29440   26918 -> 0.16446938
Initial objective function val = 0.16449627
Final objective function value = 0.16446938
lta_convert --src orig_nu.mgz --trg /opt/freesurfer/mni/bin/../share/mni_autoreg/average_305.mnc --inxfm transforms/talairach.auto.xfm --outlta transforms/talairach.auto.xfm.lta --subject fsaverage
7.3.2

--src: orig_nu.mgz src image (geometry).
--trg: /opt/freesurfer/mni/bin/../share/mni_autoreg/average_305.mnc trg image (geometry).
--inmni: transforms/talairach.auto.xfm input MNI/XFM transform.
--outlta: transforms/talairach.auto.xfm.lta output LTA.
--s: fsaverage subject name
 LTA read, type : 1
 1.01895  -0.02624  -0.05700  -2.40037;
 0.03474   0.96925   0.17478   9.37356;
 0.04671  -0.16602   0.91138   3.58975;
 0.00000   0.00000   0.00000   1.00000;
setting subject to fsaverage
Writing  LTA to file transforms/talairach.auto.xfm.lta...
lta_convert successful.
 
 
Tue Mar 10 14:10:05 CET 2026
talairach done
