Log file for defect2seg
Tue Mar 10 23:10:45 CET 2026

setenv SUBJECTS_DIR /out/sourcedata/freesurfer
cd /out/sourcedata/freesurfer/sub-v2s11x28699_ses-1/scripts
/opt/freesurfer/bin/defect2seg --s sub-v2s11x28699_ses-1 --rh-only --cortex

freesurfer-linux-ubuntu22_x86_64-7.3.2-20220804-6354275
defect2seg 7.3.2
Linux dna023 5.14.0-427.37.1.el9_4.x86_64 #1 SMP PREEMPT_DYNAMIC Fri Sep 13 12:41:50 EDT 2024 x86_64 x86_64 x86_64 GNU/Linux
pid 243438
mri_label2label --label-cortex /out/sourcedata/freesurfer/sub-v2s11x28699_ses-1/surf/rh.orig.nofix /out/sourcedata/freesurfer/sub-v2s11x28699_ses-1/mri/aseg.presurf.mgz 0 /out/sourcedata/freesurfer/sub-v2s11x28699_ses-1/label/rh.nofix.cortex.label

 Generating cortex label... RemoveHipAmgy=0
 NucAccIsMedialWall=0
 mris->useRealRAS=0
36 non-cortical segments detected
only using segment with 12136 vertices
erasing segment 0 (vno[0] = 27418)
erasing segment 1 (vno[0] = 60755)
erasing segment 2 (vno[0] = 63925)
erasing segment 4 (vno[0] = 90597)
erasing segment 5 (vno[0] = 102678)
erasing segment 6 (vno[0] = 107900)
erasing segment 7 (vno[0] = 119751)
erasing segment 8 (vno[0] = 124930)
erasing segment 9 (vno[0] = 126434)
erasing segment 10 (vno[0] = 151024)
erasing segment 11 (vno[0] = 152718)
erasing segment 12 (vno[0] = 152731)
erasing segment 13 (vno[0] = 160615)
erasing segment 14 (vno[0] = 161766)
erasing segment 15 (vno[0] = 162101)
erasing segment 16 (vno[0] = 164416)
erasing segment 17 (vno[0] = 165817)
erasing segment 18 (vno[0] = 167368)
erasing segment 19 (vno[0] = 168263)
erasing segment 20 (vno[0] = 168329)
erasing segment 21 (vno[0] = 168381)
erasing segment 22 (vno[0] = 168456)
erasing segment 23 (vno[0] = 169759)
erasing segment 24 (vno[0] = 169767)
erasing segment 25 (vno[0] = 169773)
erasing segment 26 (vno[0] = 169778)
erasing segment 27 (vno[0] = 170801)
erasing segment 28 (vno[0] = 172064)
erasing segment 29 (vno[0] = 173178)
erasing segment 30 (vno[0] = 174492)
erasing segment 31 (vno[0] = 177751)
erasing segment 32 (vno[0] = 183802)
erasing segment 33 (vno[0] = 203396)
erasing segment 34 (vno[0] = 211030)
erasing segment 35 (vno[0] = 217580)
mri_label2vol --defects /out/sourcedata/freesurfer/sub-v2s11x28699_ses-1/surf/rh.orig.nofix /out/sourcedata/freesurfer/sub-v2s11x28699_ses-1/surf/rh.defect_labels /out/sourcedata/freesurfer/sub-v2s11x28699_ses-1/mri/orig.mgz 2000 0 /out/sourcedata/freesurfer/sub-v2s11x28699_ses-1/mri/rh.surface.defects.mgz /out/sourcedata/freesurfer/sub-v2s11x28699_ses-1/label/rh.nofix.cortex.label
mri_label2vol supposed to be reproducible but seed not set
Contraining to label /out/sourcedata/freesurfer/sub-v2s11x28699_ses-1/label/rh.nofix.cortex.label
Changing input type 0 to MRI_INT
Converting defects to volume: offset=2000, merge=0
Writing to /out/sourcedata/freesurfer/sub-v2s11x28699_ses-1/mri/rh.surface.defects.mgz
mris_defects_pointset -s /out/sourcedata/freesurfer/sub-v2s11x28699_ses-1/surf/rh.orig.nofix -d /out/sourcedata/freesurfer/sub-v2s11x28699_ses-1/surf/rh.defect_labels -o /out/sourcedata/freesurfer/sub-v2s11x28699_ses-1/surf/rh.defects.pointset --label /out/sourcedata/freesurfer/sub-v2s11x28699_ses-1/label/rh.nofix.cortex.label
Reading in surface /out/sourcedata/freesurfer/sub-v2s11x28699_ses-1/surf/rh.orig.nofix
Reading in defect segmentation /out/sourcedata/freesurfer/sub-v2s11x28699_ses-1/surf/rh.defect_labels
Reading in label /out/sourcedata/freesurfer/sub-v2s11x28699_ses-1/label/rh.nofix.cortex.label
#VMPC# mris_defects_pointset 1507636
mris_defects_pointset done
 
Started at Tue Mar 10 23:10:45 CET 2026 
Ended   at Tue Mar 10 23:11:13 CET 2026
Defect2seg-Run-Time-Sec 28
Defect2seg-Run-Time-Min 0.56
Defect2seg-Run-Time-Hours 0.01
 
defect2seg Done
