status file for recon-all
Tue Mar 10 19:34:55 CET 2026
#@# MotionCor Tue Mar 10 19:35:00 CET 2026
#@# Talairach Tue Mar 10 19:35:09 CET 2026
#@# Talairach Failure Detection Tue Mar 10 19:42:16 CET 2026
#@# Nu Intensity Correction Tue Mar 10 19:42:16 CET 2026
#@# Intensity Normalization Tue Mar 10 19:48:30 CET 2026
recon-all -s sub-v2s11x28699_ses-1 finished without error at Tue Mar 10 19:52:39 CET 2026



#New# invocation of recon-all 



status file for recon-all
Tue Mar 10 19:59:42 CET 2026
#@# EM Registration Tue Mar 10 19:59:42 CET 2026
recon-all -s sub-v2s11x28699_ses-1 finished without error at Tue Mar 10 20:02:07 CET 2026



#New# invocation of recon-all 



status file for recon-all
Tue Mar 10 20:02:08 CET 2026
#@# CA Normalize Tue Mar 10 20:02:08 CET 2026
#@# CA Reg Tue Mar 10 20:03:58 CET 2026
#@# SubCort Seg Tue Mar 10 20:53:59 CET 2026
#@# CC Seg Tue Mar 10 22:07:37 CET 2026
#@# Merge ASeg Tue Mar 10 22:08:34 CET 2026
#@# Intensity Normalization2 Tue Mar 10 22:08:34 CET 2026
#@# Mask BFS Tue Mar 10 22:13:40 CET 2026
#@# WM Segmentation Tue Mar 10 22:13:41 CET 2026
#@# Fill Tue Mar 10 22:18:09 CET 2026
recon-all -s sub-v2s11x28699_ses-1 finished without error at Tue Mar 10 22:19:52 CET 2026



#New# invocation of recon-all 



status file for recon-all
Tue Mar 10 23:44:59 CET 2026
#@# white curv lh Tue Mar 10 23:44:59 CET 2026
#@# white area lh Tue Mar 10 23:44:59 CET 2026
#@# pial curv lh Tue Mar 10 23:44:59 CET 2026
#@# pial area lh Tue Mar 10 23:44:59 CET 2026
#@# thickness lh Tue Mar 10 23:44:59 CET 2026
#@# area and vertex vol lh Tue Mar 10 23:44:59 CET 2026
#@# white curv rh Tue Mar 10 23:44:59 CET 2026
#@# white area rh Tue Mar 10 23:44:59 CET 2026
#@# pial curv rh Tue Mar 10 23:44:59 CET 2026
#@# pial area rh Tue Mar 10 23:44:59 CET 2026
#@# thickness rh Tue Mar 10 23:44:59 CET 2026
#@# area and vertex vol rh Tue Mar 10 23:44:59 CET 2026
#@# Cortical ribbon mask Tue Mar 10 23:44:59 CET 2026
recon-all -s sub-v2s11x28699_ses-1 finished without error at Tue Mar 10 23:58:03 CET 2026



#New# invocation of recon-all 



status file for recon-all
Wed Mar 11 00:08:41 CET 2026
#@# white curv lh Wed Mar 11 00:08:41 CET 2026
#@# white area lh Wed Mar 11 00:08:41 CET 2026
#@# pial curv lh Wed Mar 11 00:08:41 CET 2026
#@# pial area lh Wed Mar 11 00:08:41 CET 2026
#@# thickness lh Wed Mar 11 00:08:41 CET 2026
#@# area and vertex vol lh Wed Mar 11 00:08:41 CET 2026
#@# white curv rh Wed Mar 11 00:08:41 CET 2026
#@# white area rh Wed Mar 11 00:08:41 CET 2026
#@# pial curv rh Wed Mar 11 00:08:41 CET 2026
#@# pial area rh Wed Mar 11 00:08:41 CET 2026
#@# thickness rh Wed Mar 11 00:08:41 CET 2026
#@# area and vertex vol rh Wed Mar 11 00:08:41 CET 2026
#@# Curvature Stats lh Wed Mar 11 00:08:42 CET 2026
#@# Curvature Stats rh Wed Mar 11 00:08:46 CET 2026
#@# Relabel Hypointensities Wed Mar 11 00:08:50 CET 2026
#@# APas-to-ASeg Wed Mar 11 00:09:19 CET 2026
#@# AParc-to-ASeg aparc Wed Mar 11 00:09:33 CET 2026
#@# AParc-to-ASeg aparc.a2009s Wed Mar 11 00:11:13 CET 2026
#@# AParc-to-ASeg aparc.DKTatlas Wed Mar 11 00:12:51 CET 2026
#@# WMParc Wed Mar 11 00:14:15 CET 2026
#@# ASeg Stats Wed Mar 11 00:20:02 CET 2026
recon-all -s sub-v2s11x28699_ses-1 finished without error at Wed Mar 11 00:20:59 CET 2026
