status file for recon-all
Tue Mar 10 22:19:58 CET 2026
#@# Tessellate lh Tue Mar 10 22:19:58 CET 2026
#@# Smooth1 lh Tue Mar 10 22:20:06 CET 2026
#@# Inflation1 lh Tue Mar 10 22:20:10 CET 2026
#@# QSphere lh Tue Mar 10 22:22:03 CET 2026
#@# Fix Topology lh Tue Mar 10 22:23:28 CET 2026
#@# Smooth2 lh Tue Mar 10 22:32:37 CET 2026
#@# Inflation2 lh Tue Mar 10 22:32:42 CET 2026
#@# Curv .H and .K lh Tue Mar 10 22:33:19 CET 2026
#@# Sphere lh Tue Mar 10 22:34:35 CET 2026
#@# Surf Reg lh Tue Mar 10 22:42:04 CET 2026
#@# Jacobian white lh Tue Mar 10 22:52:32 CET 2026
#@# AvgCurv lh Tue Mar 10 22:52:33 CET 2026
#@# Cortical Parc lh Tue Mar 10 22:52:35 CET 2026
#@# white curv lh Tue Mar 10 23:01:17 CET 2026
#@# white area lh Tue Mar 10 23:01:19 CET 2026
#@# pial curv lh Tue Mar 10 23:01:21 CET 2026
#@# pial area lh Tue Mar 10 23:01:23 CET 2026
#@# thickness lh Tue Mar 10 23:01:24 CET 2026
#@# area and vertex vol lh Tue Mar 10 23:02:12 CET 2026
#@# Curvature Stats lh Tue Mar 10 23:02:15 CET 2026
#@# Cortical Parc 2 lh Tue Mar 10 23:02:19 CET 2026
#@# Cortical Parc 3 lh Tue Mar 10 23:02:39 CET 2026
#@# WM/GM Contrast lh Tue Mar 10 23:02:55 CET 2026
recon-all -s sub-v2s11x28699_ses-1 finished without error at Tue Mar 10 23:02:59 CET 2026



#New# invocation of recon-all 



status file for recon-all
Tue Mar 10 23:58:07 CET 2026
#@# white curv lh Tue Mar 10 23:58:07 CET 2026
#@# white area lh Tue Mar 10 23:58:07 CET 2026
#@# pial curv lh Tue Mar 10 23:58:07 CET 2026
#@# pial area lh Tue Mar 10 23:58:07 CET 2026
#@# thickness lh Tue Mar 10 23:58:07 CET 2026
#@# area and vertex vol lh Tue Mar 10 23:58:07 CET 2026
#@# Parcellation Stats lh Tue Mar 10 23:58:07 CET 2026
#@# Parcellation Stats 2 lh Tue Mar 10 23:58:48 CET 2026
#@# Parcellation Stats 3 lh Tue Mar 10 23:59:09 CET 2026
#@# BA_exvivo Labels lh Tue Mar 10 23:59:29 CET 2026
recon-all -s sub-v2s11x28699_ses-1 finished without error at Wed Mar 11 00:03:15 CET 2026
