/out/sourcedata/freesurfer/sub-v2s11x28694_ses-1/mri
/opt/freesurfer/bin/talairach_avi
--i orig_nu.mgz --xfm transforms/talairach.auto.xfm
talairach_avi 7.3.2
Linux dna030 5.14.0-427.37.1.el9_4.x86_64 #1 SMP PREEMPT_DYNAMIC Fri Sep 13 12:41:50 EDT 2024 x86_64 x86_64 x86_64 GNU/Linux
Tue Mar 10 18:20:12 CET 2026
mri_convert orig_nu.mgz talsrcimg.img 
reading from orig_nu.mgz...
TR=0.00, TE=0.00, TI=0.00, flip angle=0.00
i_ras = (-1, 0, 0)
j_ras = (0, 0, -1)
k_ras = (0, 1, 0)
writing to talsrcimg.img...
Analyze Output Matrix
-0.80000   0.00000   0.00000   132.11685;
 0.00000   0.00000   0.80000  -132.42996;
 0.00000  -0.80000   0.00000   136.18878;
 0.00000   0.00000   0.00000   1.00000;
--------------------
INFO: set hdr.hist.orient to -1
mpr2mni305 talsrcimg
Tue Mar 10 18:20:12 CET 2026
/opt/freesurfer/bin/mpr2mni305 talsrcimg
mpr2mni305 7.3.2
target=711-2C_as_mni_average_305

---------------------------------------------------------------------
analyzeto4dfp talsrcimg -O0 -y
---------------------------------------------------------------------

freesurfer ifh2hdr.c
Tue Mar 10 18:20:13 2026
Writing: talsrcimg.4dfp.hdr
freesurfer analyzeto4dfp.c
Reading: talsrcimg.hdr
header size 348 bytes
hdr.dime.datatype	offset=70	value=2
hdr.dime.bitpix		offset=72	value=8
hdr.hist.orient		offset=252	value=-1
dimensionality     4
dimensions       320       320       320         1
Reading: talsrcimg.img
Writing: talsrcimg.4dfp.img
Writing: talsrcimg.4dfp.ifh
ifh2hdr talsrcimg -r0to190
ori=2

---------------------------------------------------------------------
gauss_4dfp talsrcimg 1.1
---------------------------------------------------------------------

freesurfer gauss_4dfp.c
Reading: talsrcimg.4dfp.img
Writing: talsrcimg_g11.4dfp.img
image dimensions 320 320 320 padded to 384 384 384
processing volume 1freesurfer ifh2hdr.c
Tue Mar 10 18:20:29 2026
Writing: talsrcimg_g11.4dfp.hdr

Writing: talsrcimg_g11.4dfp.ifh
including: talsrcimg.4dfp.img.rec in talsrcimg_g11.4dfp.img.rec

---------------------------------------------------------------------
imgreg_4dfp /opt/freesurfer/average/711-2C_as_mni_average_305 none talsrcimg_g11 none talsrcimg_to_711-2C_as_mni_average_305_t4 4355
---------------------------------------------------------------------

freesurfer imgreg_4dfp.c
/opt/freesurfer/average/711-2C_as_mni_average_305.4dfp.img
       256       256       256         1
  1.000000  1.000000  1.000000
orientation T byte_order littleendian
Reading image: /opt/freesurfer/average/711-2C_as_mni_average_305.4dfp.img
dimensions:      256       256       256
mmppix:       1.0000   -1.0000   -1.0000
center:     128.0000 -129.0000 -129.0000
talsrcimg_g11.4dfp.img
       320       320       320         1
  0.800000  0.800000  0.800000
orientation T byte_order littleendian
Reading image: talsrcimg_g11.4dfp.img
dimensions:      320       320       320
mmppix:       0.8000   -0.8000   -0.8000
center:     128.0000 -128.8000 -128.8000
t4_read: open error in t4_sub.f l:  41 t4_file(1:l)talsrcimg_to_711-2C_as_mni_average_305_t4 
t4_read: transform initialized to I4
rotation matrix determinant  1.000000
image alignment mode   4355 decimal     1103 hex
   -7.5000  -45.0000  -45.0000 8404.1748   17.7265
    0.0000  -45.0000  -45.0000 8826.9072   17.8088
    7.5000  -45.0000  -45.0000 8431.3535   17.7852
   -7.5000  -37.5000  -45.0000 8931.4922   17.7462
    0.0000  -37.5000  -45.0000 9389.2930   17.8290
    7.5000  -37.5000  -45.0000 8956.8857   17.8063
   -7.5000  -30.0000  -45.0000 9829.4883   17.8998
    0.0000  -30.0000  -45.000010335.5166   17.9821
    7.5000  -30.0000  -45.0000 9844.3643   17.9593
   -7.5000  -22.5000  -45.000010729.9893   18.0341
    0.0000  -22.5000  -45.000011279.1924   18.1161
    7.5000  -22.5000  -45.000010719.5332   18.0918
   -7.5000  -15.0000  -45.000011582.6562   18.0239
    0.0000  -15.0000  -45.000012167.8242   18.1064
    7.5000  -15.0000  -45.000011561.9619   18.0803
   -7.5000   -7.5000  -45.000012417.0674   17.8664
    0.0000   -7.5000  -45.000013062.4287   17.9485
    7.5000   -7.5000  -45.000012393.0557   17.9232
   -7.5000    0.0000  -45.000013102.2178   17.7265
    0.0000    0.0000  -45.000013781.0479   17.8088
    7.5000    0.0000  -45.000013069.0469   17.7852
   -7.5000    7.5000  -45.000012671.3936   17.7462
    0.0000    7.5000  -45.000013353.2520   17.8290
    7.5000    7.5000  -45.000012628.2910   17.8063
   -7.5000   15.0000  -45.000012108.4873   17.8998
    0.0000   15.0000  -45.000012759.1221   17.9821
    7.5000   15.0000  -45.000012049.2549   17.9593
   -7.5000   22.5000  -45.000011339.2607   18.0316
    0.0000   22.5000  -45.000011958.8828   18.1137
    7.5000   22.5000  -45.000011287.5527   18.0893
   -7.5000   30.0000  -45.000010482.3496   17.7837
    0.0000   30.0000  -45.000011082.0684   17.8651
    7.5000   30.0000  -45.000010432.0078   17.8393
   -7.5000   37.5000  -45.000010013.9932   17.6283
    0.0000   37.5000  -45.000010587.3652   17.7093
    7.5000   37.5000  -45.0000 9974.7607   17.6844
   -7.5000   45.0000  -45.0000 9195.0801   17.0462
    0.0000   45.0000  -45.0000 9729.1113   17.1253
    7.5000   45.0000  -45.0000 9166.4609   17.1026
   -7.5000  -45.0000  -37.5000 8594.3809   17.5338
    0.0000  -45.0000  -37.5000 9044.4795   17.6133
    7.5000  -45.0000  -37.5000 8621.7422   17.5938
   -7.5000  -37.5000  -37.5000 9158.3662   17.5521
    0.0000  -37.5000  -37.5000 9647.2578   17.6324
    7.5000  -37.5000  -37.5000 9184.7480   17.6121
   -7.5000  -30.0000  -37.500010088.8604   17.7037
    0.0000  -30.0000  -37.500010611.2939   17.7840
    7.5000  -30.0000  -37.500010102.8623   17.7617
   -7.5000  -22.5000  -37.500011013.8389   17.8375
    0.0000  -22.5000  -37.500011583.5352   17.9179
    7.5000  -22.5000  -37.500010998.9336   17.8944
   -7.5000  -15.0000  -37.500011871.8408   17.8286
    0.0000  -15.0000  -37.500012478.8242   17.9095
    7.5000  -15.0000  -37.500011842.7920   17.8860
   -7.5000   -7.5000  -37.500012723.9805   17.6731
    0.0000   -7.5000  -37.500013359.7168   17.7529
    7.5000   -7.5000  -37.500012694.2344   17.7317
   -7.5000    0.0000  -37.500013418.3691   17.5338
    0.0000    0.0000  -37.500014109.4150   17.6133
    7.5000    0.0000  -37.500013382.9355   17.5938
   -7.5000    7.5000  -37.500012993.5625   17.5521
    0.0000    7.5000  -37.500013686.1094   17.6324
    7.5000    7.5000  -37.500012955.6396   17.6121
   -7.5000   15.0000  -37.500012398.4170   17.7037
    0.0000   15.0000  -37.500013072.1094   17.7840
    7.5000   15.0000  -37.500012349.9424   17.7617
   -7.5000   22.5000  -37.500011609.6484   17.8350
    0.0000   22.5000  -37.500012256.4707   17.9155
    7.5000   22.5000  -37.500011563.2314   17.8920
   -7.5000   30.0000  -37.500010730.2139   17.5910
    0.0000   30.0000  -37.500011327.8652   17.6708
    7.5000   30.0000  -37.500010693.9648   17.6476
   -7.5000   37.5000  -37.500010226.5273   17.4376
    0.0000   37.5000  -37.500010801.4424   17.5163
    7.5000   37.5000  -37.500010215.2314   17.4954
   -7.5000   45.0000  -37.5000 9398.7529   16.8609
    0.0000   45.0000  -37.5000 9928.7314   16.9373
    7.5000   45.0000  -37.5000 9400.8330   16.9186
   -7.5000  -45.0000  -30.0000 9099.6523   17.8608
    0.0000  -45.0000  -30.0000 9590.4189   17.9496
    7.5000  -45.0000  -30.0000 9129.5830   17.9272
   -7.5000  -37.5000  -30.0000 9715.3184   17.8702
    0.0000  -37.5000  -30.000010234.3018   17.9598
    7.5000  -37.5000  -30.0000 9745.2314   17.9365
   -7.5000  -30.0000  -30.000010712.6650   18.0191
    0.0000  -30.0000  -30.000011260.9648   18.1072
    7.5000  -30.0000  -30.000010730.4814   18.0823
   -7.5000  -22.5000  -30.000011715.7129   18.1587
    0.0000  -22.5000  -30.000012300.2100   18.2458
    7.5000  -22.5000  -30.000011697.4805   18.2200
   -7.5000  -15.0000  -30.000012617.7305   18.1586
    0.0000  -15.0000  -30.000013258.1182   18.2464
    7.5000  -15.0000  -30.000012587.7607   18.2207
   -7.5000   -7.5000  -30.000013536.7314   18.0062
    0.0000   -7.5000  -30.000014170.7002   18.0941
    7.5000   -7.5000  -30.000013503.4473   18.0704
   -7.5000    0.0000  -30.000014254.2041   17.8608
    0.0000    0.0000  -30.000014952.7822   17.9496
    7.5000    0.0000  -30.000014218.8447   17.9272
   -7.5000    7.5000  -30.000013778.9746   17.8702
    0.0000    7.5000  -30.000014479.3076   17.9598
    7.5000    7.5000  -30.000013750.3535   17.9365
   -7.5000   15.0000  -30.000013113.4326   18.0191
    0.0000   15.0000  -30.000013804.9014   18.1072
    7.5000   15.0000  -30.000013088.6514   18.0823
   -7.5000   22.5000  -30.000012304.2891   18.1543
    0.0000   22.5000  -30.000012962.7832   18.2414
    7.5000   22.5000  -30.000012274.7002   18.2157
   -7.5000   30.0000  -30.000011406.7568   17.9184
    0.0000   30.0000  -30.000012007.6445   18.0050
    7.5000   30.0000  -30.000011386.9199   17.9796
   -7.5000   37.5000  -30.000010871.9922   17.7680
    0.0000   37.5000  -30.000011442.3193   17.8547
    7.5000   37.5000  -30.000010876.9912   17.8313
   -7.5000   45.0000  -30.0000 9981.3564   17.1879
    0.0000   45.0000  -30.000010497.5645   17.2734
    7.5000   45.0000  -30.0000 9995.6094   17.2519
   -7.5000  -45.0000  -22.5000 9630.4473   18.1179
    0.0000  -45.0000  -22.500010145.1855   18.2175
    7.5000  -45.0000  -22.5000 9670.0889   18.1883
   -7.5000  -37.5000  -22.500010287.1943   18.1204
    0.0000  -37.5000  -22.500010820.9609   18.2202
    7.5000  -37.5000  -22.500010332.1221   18.1920
   -7.5000  -30.0000  -22.500011344.1221   18.2657
    0.0000  -30.0000  -22.500011909.0938   18.3617
    7.5000  -30.0000  -22.500011370.8789   18.3336
   -7.5000  -22.5000  -22.500012419.1523   18.4082
    0.0000  -22.5000  -22.500013012.5742   18.5015
    7.5000  -22.5000  -22.500012413.9873   18.4724
   -7.5000  -15.0000  -22.500013394.7744   18.4148
    0.0000  -15.0000  -22.500014047.5332   18.5093
    7.5000  -15.0000  -22.500013371.9043   18.4790
   -7.5000   -7.5000  -22.500014367.5742   18.2666
    0.0000   -7.5000  -22.500015032.1309   18.3634
    7.5000   -7.5000  -22.500014343.0361   18.3331
   -7.5000    0.0000  -22.500015096.6572   18.1179
    0.0000    0.0000  -22.500015845.3984   18.2175
    7.5000    0.0000  -22.500015085.3740   18.1883
   -7.5000    7.5000  -22.500014590.8975   18.1204
    0.0000    7.5000  -22.500015333.8887   18.2202
    7.5000    7.5000  -22.500014574.8496   18.1920
   -7.5000   15.0000  -22.500013890.5078   18.2657
    0.0000   15.0000  -22.500014606.5928   18.3617
    7.5000   15.0000  -22.500013879.8848   18.3336
   -7.5000   22.5000  -22.500013042.1680   18.4025
    0.0000   22.5000  -22.500013711.7607   18.4957
    7.5000   22.5000  -22.500013028.8496   18.4667
   -7.5000   30.0000  -22.500012123.0605   18.1740
    0.0000   30.0000  -22.500012735.6699   18.2672
    7.5000   30.0000  -22.500012117.4834   18.2373
   -7.5000   37.5000  -22.500011573.8262   18.0276
    0.0000   37.5000  -22.500012131.4082   18.1232
    7.5000   37.5000  -22.500011590.1123   18.0933
   -7.5000   45.0000  -22.500010600.7529   17.4485
    0.0000   45.0000  -22.500011117.3408   17.5444
    7.5000   45.0000  -22.500010632.7227   17.5162
   -7.5000  -45.0000  -15.000010166.3340   18.2703
    0.0000  -45.0000  -15.000010708.2734   18.3720
    7.5000  -45.0000  -15.000010223.7266   18.3382
   -7.5000  -37.5000  -15.000010889.5732   18.2725
    0.0000  -37.5000  -15.000011433.7637   18.3743
    7.5000  -37.5000  -15.000010946.6250   18.3435
   -7.5000  -30.0000  -15.000012023.1553   18.4184
    0.0000  -30.0000  -15.000012616.2158   18.5168
    7.5000  -30.0000  -15.000012075.4199   18.4876
   -7.5000  -22.5000  -15.000013184.6816   18.5615
    0.0000  -22.5000  -15.000013822.2051   18.6575
    7.5000  -22.5000  -15.000013203.0303   18.6270
   -7.5000  -15.0000  -15.000014232.8232   18.5686
    0.0000  -15.0000  -15.000014916.9990   18.6658
    7.5000  -15.0000  -15.000014225.2773   18.6320
   -7.5000   -7.5000  -15.000015261.1963   18.4198
    0.0000   -7.5000  -15.000015986.7793   18.5192
    7.5000   -7.5000  -15.000015226.7100   18.4840
   -7.5000    0.0000  -15.000016041.3271   18.2703
    0.0000    0.0000  -15.000016835.6914   18.3720
    7.5000    0.0000  -15.000016010.0391   18.3382
   -7.5000    7.5000  -15.000015511.0391   18.2725
    0.0000    7.5000  -15.000016293.8311   18.3743
    7.5000    7.5000  -15.000015483.6719   18.3435
   -7.5000   15.0000  -15.000014772.9854   18.4184
    0.0000   15.0000  -15.000015524.8721   18.5168
    7.5000   15.0000  -15.000014746.9434   18.4876
   -7.5000   22.5000  -15.000013882.5244   18.5549
    0.0000   22.5000  -15.000014577.1855   18.6509
    7.5000   22.5000  -15.000013861.2354   18.6204
   -7.5000   30.0000  -15.000012922.0244   18.3283
    0.0000   30.0000  -15.000013527.6445   18.4242
    7.5000   30.0000  -15.000012894.5107   18.3909
   -7.5000   37.5000  -15.000012335.7773   18.1814
    0.0000   37.5000  -15.000012900.1582   18.2795
    7.5000   37.5000  -15.000012331.5195   18.2448
   -7.5000   45.0000  -15.000011307.0254   17.6058
    0.0000   45.0000  -15.000011833.1357   17.7039
    7.5000   45.0000  -15.000011334.8486   17.6713
   -7.5000  -45.0000   -7.500010704.7930   18.2111
    0.0000  -45.0000   -7.500011237.4453   18.3074
    7.5000  -45.0000   -7.500010733.1250   18.2746
   -7.5000  -37.5000   -7.500011484.2949   18.2196
    0.0000  -37.5000   -7.500012029.2324   18.3161
    7.5000  -37.5000   -7.500011507.5654   18.2862
   -7.5000  -30.0000   -7.500012718.5703   18.3680
    0.0000  -30.0000   -7.500013305.6875   18.4631
    7.5000  -30.0000   -7.500012744.3408   18.4347
   -7.5000  -22.5000   -7.500013981.2871   18.5074
    0.0000  -22.5000   -7.500014627.8125   18.6014
    7.5000  -22.5000   -7.500013971.4609   18.5715
   -7.5000  -15.0000   -7.500015110.3975   18.5085
    0.0000  -15.0000   -7.500015810.6768   18.6032
    7.5000  -15.0000   -7.500015077.9111   18.5699
   -7.5000   -7.5000   -7.500016188.6855   18.3570
    0.0000   -7.5000   -7.500016951.9492   18.4525
    7.5000   -7.5000   -7.500016128.2627   18.4180
   -7.5000    0.0000   -7.500017050.7832   18.2111
    0.0000    0.0000   -7.500017842.8438   18.3074
    7.5000    0.0000   -7.500016967.5195   18.2746
   -7.5000    7.5000   -7.500016526.0820   18.2196
    0.0000    7.5000   -7.500017303.6562   18.3161
    7.5000    7.5000   -7.500016428.7031   18.2862
   -7.5000   15.0000   -7.500015739.6064   18.3680
    0.0000   15.0000   -7.500016489.6016   18.4631
    7.5000   15.0000   -7.500015656.7803   18.4347
   -7.5000   22.5000   -7.500014774.9922   18.4989
    0.0000   22.5000   -7.500015480.7031   18.5928
    7.5000   22.5000   -7.500014712.6846   18.5630
   -7.5000   30.0000   -7.500013755.8428   18.2685
    0.0000   30.0000   -7.500014393.4463   18.3620
    7.5000   30.0000   -7.500013702.7070   18.3291
   -7.5000   37.5000   -7.500013161.6143   18.1189
    0.0000   37.5000   -7.500013771.0850   18.2132
    7.5000   37.5000   -7.500013120.6602   18.1791
   -7.5000   45.0000   -7.500012081.8691   17.5521
    0.0000   45.0000   -7.500012656.6807   17.6449
    7.5000   45.0000   -7.500012064.0479   17.6133
   -7.5000  -45.0000    0.000011118.4668   17.9956
    0.0000  -45.0000    0.000011679.1357   18.0849
    7.5000  -45.0000    0.000011163.4365   18.0576
   -7.5000  -37.5000    0.000011918.5713   18.0107
    0.0000  -37.5000    0.000012509.5186   18.1006
    7.5000  -37.5000    0.000011967.2637   18.0741
   -7.5000  -30.0000    0.000013238.3545   18.1620
    0.0000  -30.0000    0.000013885.9219   18.2521
    7.5000  -30.0000    0.000013271.7676   18.2256
   -7.5000  -22.5000    0.000014639.3105   18.2982
    0.0000  -22.5000    0.000015365.5322   18.3882
    7.5000  -22.5000    0.000014638.5361   18.3602
   -7.5000  -15.0000    0.000015923.6064   18.2927
    0.0000  -15.0000    0.000016730.9180   18.3830
    7.5000  -15.0000    0.000015900.4004   18.3534
   -7.5000   -7.5000    0.000017072.6680   18.1380
    0.0000   -7.5000    0.000017932.5449   18.2276
    7.5000   -7.5000    0.000017000.3281   18.1987
   -7.5000    0.0000    0.000017998.4004   17.9956
    0.0000    0.0000    0.000018855.2578   18.0849
    7.5000    0.0000    0.000017864.0820   18.0576
   -7.5000    7.5000    0.000017517.1875   18.0107
    0.0000    7.5000    0.000018322.4102   18.1006
    7.5000    7.5000    0.000017338.4258   18.0741
   -7.5000   15.0000    0.000016692.3613   18.1620
    0.0000   15.0000    0.000017518.8164   18.2521
    7.5000   15.0000    0.000016542.8379   18.2256
   -7.5000   22.5000    0.000015683.7451   18.2897
    0.0000   22.5000    0.000016478.5859   18.3797
    7.5000   22.5000    0.000015556.1201   18.3518
   -7.5000   30.0000    0.000014579.9854   18.0559
    0.0000   30.0000    0.000015339.2197   18.1451
    7.5000   30.0000    0.000014476.1533   18.1159
   -7.5000   37.5000    0.000013958.5371   17.9033
    0.0000   37.5000    0.000014703.5439   17.9918
    7.5000   37.5000    0.000013869.2598   17.9632
   -7.5000   45.0000    0.000012824.9941   17.3457
    0.0000   45.0000    0.000013522.8447   17.4318
    7.5000   45.0000    0.000012762.0635   17.4054
   -7.5000  -45.0000    7.500010742.6660   18.2628
    0.0000  -45.0000    7.500011256.9834   18.3507
    7.5000  -45.0000    7.500010787.7412   18.3275
   -7.5000  -37.5000    7.500011537.2139   18.2778
    0.0000  -37.5000    7.500012094.6826   18.3667
    7.5000  -37.5000    7.500011571.0459   18.3424
   -7.5000  -30.0000    7.500012801.3271   18.4323
    0.0000  -30.0000    7.500013414.8955   18.5217
    7.5000  -30.0000    7.500012809.5723   18.4955
   -7.5000  -22.5000    7.500014174.9512   18.5716
    0.0000  -22.5000    7.500014885.6182   18.6614
    7.5000  -22.5000    7.500014168.1855   18.6341
   -7.5000  -15.0000    7.500015575.2412   18.5663
    0.0000  -15.0000    7.500016548.4766   18.6562
    7.5000  -15.0000    7.500015582.4238   18.6291
   -7.5000   -7.5000    7.500016934.4141   18.4085
    0.0000   -7.5000    7.500018175.9688   18.4970
    7.5000   -7.5000    7.500016865.2559   18.4721
   -7.5000    0.0000    7.500017898.7383   18.2628
    0.0000    0.0000    7.500019157.0469   18.3507
    7.5000    0.0000    7.500017720.1367   18.3275
   -7.5000    7.5000    7.500017345.5371   18.2778
    0.0000    7.5000    7.500018459.5859   18.3667
    7.5000    7.5000    7.500017107.8203   18.3424
   -7.5000   15.0000    7.500016488.6992   18.4323
    0.0000   15.0000    7.500017516.7871   18.5217
    7.5000   15.0000    7.500016245.3369   18.4955
   -7.5000   22.5000    7.500015434.4023   18.5630
    0.0000   22.5000    7.500016409.3301   18.6528
    7.5000   22.5000    7.500015223.6328   18.6255
   -7.5000   30.0000    7.500014285.0947   18.3261
    0.0000   30.0000    7.500015195.4521   18.4147
    7.5000   30.0000    7.500014120.1963   18.3880
   -7.5000   37.5000    7.500013647.3486   18.1703
    0.0000   37.5000    7.500014498.9111   18.2576
    7.5000   37.5000    7.500013528.1846   18.2330
   -7.5000   45.0000    7.500012520.2969   17.6032
    0.0000   45.0000    7.500013286.2090   17.6880
    7.5000   45.0000    7.500012442.7812   17.6656
   -7.5000  -45.0000   15.000010316.7148   18.5710
    0.0000  -45.0000   15.000010777.2041   18.6648
    7.5000  -45.0000   15.000010331.8535   18.6388
   -7.5000  -37.5000   15.000011069.0684   18.5781
    0.0000  -37.5000   15.000011572.0703   18.6729
    7.5000  -37.5000   15.000011059.0967   18.6456
   -7.5000  -30.0000   15.000012261.1172   18.7289
    0.0000  -30.0000   15.000012843.6748   18.8223
    7.5000  -30.0000   15.000012230.7754   18.7932
   -7.5000  -22.5000   15.000013568.8154   18.8725
    0.0000  -22.5000   15.000014264.8428   18.9648
    7.5000  -22.5000   15.000013536.2373   18.9348
   -7.5000  -15.0000   15.000015021.8730   18.8754
    0.0000  -15.0000   15.000016112.8789   18.9681
    7.5000  -15.0000   15.000015002.5967   18.9385
   -7.5000   -7.5000   15.000016513.0996   18.7211
    0.0000   -7.5000   15.000018272.0039   18.8140
    7.5000   -7.5000   15.000016446.8145   18.7865
   -7.5000    0.0000   15.000017469.2051   18.5710
    0.0000    0.0000   15.000019292.0957   18.6648
    7.5000    0.0000   15.000017355.5430   18.6388
   -7.5000    7.5000   15.000016793.2559   18.5781
    0.0000    7.5000   15.000018324.5703   18.6729
    7.5000    7.5000   15.000016638.2539   18.6456
   -7.5000   15.0000   15.000015866.9180   18.7289
    0.0000   15.0000   15.000017186.9531   18.8223
    7.5000   15.0000   15.000015668.7041   18.7932
   -7.5000   22.5000   15.000014815.6094   18.8638
    0.0000   22.5000   15.000015950.2236   18.9561
    7.5000   22.5000   15.000014650.0713   18.9261
   -7.5000   30.0000   15.000013727.9316   18.6311
    0.0000   30.0000   15.000014678.5889   18.7227
    7.5000   30.0000   15.000013596.6016   18.6934
   -7.5000   37.5000   15.000013157.3262   18.4789
    0.0000   37.5000   15.000013976.8789   18.5705
    7.5000   37.5000   15.000013056.7080   18.5434
   -7.5000   45.0000   15.000012109.4053   17.9003
    0.0000   45.0000   15.000012831.8975   17.9908
    7.5000   45.0000   15.000012045.5996   17.9656
   -7.5000  -45.0000   22.5000 9836.1182   18.9487
    0.0000  -45.0000   22.500010341.0898   19.0505
    7.5000  -45.0000   22.5000 9834.1123   19.0169
   -7.5000  -37.5000   22.500010572.3994   18.9485
    0.0000  -37.5000   22.500011126.2080   19.0505
    7.5000  -37.5000   22.500010549.9375   19.0179
   -7.5000  -30.0000   22.500011777.7832   19.0949
    0.0000  -30.0000   22.500012394.1641   19.1932
    7.5000  -30.0000   22.500011703.2188   19.1606
   -7.5000  -22.5000   22.500013109.6787   19.2413
    0.0000  -22.5000   22.500013833.1387   19.3368
    7.5000  -22.5000   22.500012994.9658   19.3033
   -7.5000  -15.0000   22.500014468.0898   19.2514
    0.0000  -15.0000   22.500015481.5645   19.3481
    7.5000  -15.0000   22.500014337.8701   19.3134
   -7.5000   -7.5000   22.500015681.9414   19.1017
    0.0000   -7.5000   22.500016986.3242   19.2008
    7.5000   -7.5000   22.500015555.4268   19.1661
   -7.5000    0.0000   22.500016485.8730   18.9487
    0.0000    0.0000   22.500017793.5488   19.0505
    7.5000    0.0000   22.500016398.2617   19.0169
   -7.5000    7.5000   22.500015967.9531   18.9485
    0.0000    7.5000   22.500017155.5762   19.0505
    7.5000    7.5000   22.500015860.7871   19.0179
   -7.5000   15.0000   22.500015162.3838   19.0949
    0.0000   15.0000   22.500016279.3779   19.1932
    7.5000   15.0000   22.500015024.0586   19.1606
   -7.5000   22.5000   22.500014138.4424   19.2324
    0.0000   22.5000   22.500015138.1641   19.3279
    7.5000   22.5000   22.500014027.4170   19.2944
   -7.5000   30.0000   22.500013073.5303   19.0022
    0.0000   30.0000   22.500013944.2656   19.0977
    7.5000   30.0000   22.500012974.7852   19.0635
   -7.5000   37.5000   22.500012530.1787   18.8545
    0.0000   37.5000   22.500013313.8457   18.9523
    7.5000   37.5000   22.500012447.9033   18.9181
   -7.5000   45.0000   22.500011557.8184   18.2643
    0.0000   45.0000   22.500012262.5957   18.3625
    7.5000   45.0000   22.500011499.1162   18.3301
   -7.5000  -45.0000   30.0000 9328.8486   19.3848
    0.0000  -45.0000   30.0000 9840.8945   19.4878
    7.5000  -45.0000   30.0000 9323.5596   19.4497
   -7.5000  -37.5000   30.000010045.1816   19.3849
    0.0000  -37.5000   30.000010584.5420   19.4879
    7.5000  -37.5000   30.000010010.2637   19.4529
   -7.5000  -30.0000   30.000011156.9980   19.5325
    0.0000  -30.0000   30.000011727.8955   19.6317
    7.5000  -30.0000   30.000011090.4404   19.5984
   -7.5000  -22.5000   30.000012327.3359   19.6797
    0.0000  -22.5000   30.000012954.6025   19.7764
    7.5000  -22.5000   30.000012253.6123   19.7417
   -7.5000  -15.0000   30.000013442.6631   19.6899
    0.0000  -15.0000   30.000014264.7256   19.7878
    7.5000  -15.0000   30.000013385.6904   19.7497
   -7.5000   -7.5000   30.000014468.8525   19.5389
    0.0000   -7.5000   30.000015378.5957   19.6394
    7.5000   -7.5000   30.000014421.8574   19.5996
   -7.5000    0.0000   30.000015220.1201   19.3848
    0.0000    0.0000   30.000016108.8672   19.4878
    7.5000    0.0000   30.000015179.4609   19.4497
   -7.5000    7.5000   30.000014848.3760   19.3849
    0.0000    7.5000   30.000015691.9482   19.4879
    7.5000    7.5000   30.000014762.8730   19.4529
   -7.5000   15.0000   30.000014223.6006   19.5325
    0.0000   15.0000   30.000015041.2666   19.6317
    7.5000   15.0000   30.000014098.1807   19.5984
   -7.5000   22.5000   30.000013321.2803   19.6706
    0.0000   22.5000   30.000014074.5557   19.7672
    7.5000   22.5000   30.000013199.0576   19.7326
   -7.5000   30.0000   30.000012373.6045   19.4351
    0.0000   30.0000   30.000013043.2236   19.5317
    7.5000   30.0000   30.000012257.3984   19.4941
   -7.5000   37.5000   30.000011877.2832   19.2861
    0.0000   37.5000   30.000012500.4941   19.3852
    7.5000   37.5000   30.000011760.1855   19.3460
   -7.5000   45.0000   30.000010948.6367   18.6848
    0.0000   45.0000   30.000011551.1826   18.7840
    7.5000   45.0000   30.000010869.5010   18.7472
   -7.5000  -45.0000   37.5000 9205.9443   19.7699
    0.0000  -45.0000   37.5000 9683.9580   19.8675
    7.5000  -45.0000   37.5000 9190.3047   19.8284
   -7.5000  -37.5000   37.5000 9868.8340   19.7762
    0.0000  -37.5000   37.500010348.5342   19.8738
    7.5000  -37.5000   37.5000 9849.9805   19.8379
   -7.5000  -30.0000   37.500010910.5244   19.9275
    0.0000  -30.0000   37.500011408.3564   20.0233
    7.5000  -30.0000   37.500010903.4307   19.9893
   -7.5000  -22.5000   37.500012005.7744   20.0728
    0.0000  -22.5000   37.500012602.0381   20.1674
    7.5000  -22.5000   37.500012008.6895   20.1318
   -7.5000  -15.0000   37.500013074.4873   20.0775
    0.0000  -15.0000   37.500013785.0420   20.1731
    7.5000  -15.0000   37.500013089.5508   20.1337
   -7.5000   -7.5000   37.500014081.9609   19.9221
    0.0000   -7.5000   37.500014808.9912   20.0188
    7.5000   -7.5000   37.500014070.0186   19.9778
   -7.5000    0.0000   37.500014855.6543   19.7699
    0.0000    0.0000   37.500015604.6152   19.8675
    7.5000    0.0000   37.500014833.3584   19.8284
   -7.5000    7.5000   37.500014494.1787   19.7762
    0.0000    7.5000   37.500015221.5137   19.8738
    7.5000    7.5000   37.500014451.6191   19.8379
   -7.5000   15.0000   37.500013895.4863   19.9275
    0.0000   15.0000   37.500014575.4131   20.0233
    7.5000   15.0000   37.500013796.8525   19.9893
   -7.5000   22.5000   37.500013066.5381   20.0636
    0.0000   22.5000   37.500013701.3975   20.1581
    7.5000   22.5000   37.500012953.8154   20.1225
   -7.5000   30.0000   37.500012182.2285   19.8177
    0.0000   30.0000   37.500012750.6797   19.9120
    7.5000   30.0000   37.500012059.5000   19.8732
   -7.5000   37.5000   37.500011720.0732   19.6642
    0.0000   37.5000   37.500012263.2266   19.7597
    7.5000   37.5000   37.500011594.7783   19.7193
   -7.5000   45.0000   37.500010798.4951   19.0559
    0.0000   45.0000   37.500011337.4355   19.1500
    7.5000   45.0000   37.500010714.7627   19.1123
   -7.5000  -45.0000   45.0000 8639.1133   20.3473
    0.0000  -45.0000   45.0000 9048.2168   20.4388
    7.5000  -45.0000   45.0000 8647.9688   20.4024
   -7.5000  -37.5000   45.0000 9254.1553   20.3643
    0.0000  -37.5000   45.0000 9671.2969   20.4565
    7.5000  -37.5000   45.0000 9279.1641   20.4209
   -7.5000  -30.0000   45.000010241.3711   20.5275
    0.0000  -30.0000   45.000010696.1953   20.6199
    7.5000  -30.0000   45.000010268.6484   20.5840
   -7.5000  -22.5000   45.000011299.0879   20.6745
    0.0000  -22.5000   45.000011818.9307   20.7669
    7.5000  -22.5000   45.000011316.8379   20.7295
   -7.5000  -15.0000   45.000012281.9238   20.6688
    0.0000  -15.0000   45.000012873.2432   20.7616
    7.5000  -15.0000   45.000012282.2275   20.7223
   -7.5000   -7.5000   45.000013218.5029   20.5011
    0.0000   -7.5000   45.000013816.9678   20.5928
    7.5000   -7.5000   45.000013193.7393   20.5546
   -7.5000    0.0000   45.000013934.1553   20.3473
    0.0000    0.0000   45.000014572.8203   20.4388
    7.5000    0.0000   45.000013908.9473   20.4024
   -7.5000    7.5000   45.000013589.9463   20.3643
    0.0000    7.5000   45.000014211.8633   20.4565
    7.5000    7.5000   45.000013550.5986   20.4209
   -7.5000   15.0000   45.000013041.8877   20.5275
    0.0000   15.0000   45.000013624.1143   20.6199
    7.5000   15.0000   45.000012960.8125   20.5840
   -7.5000   22.5000   45.000012269.1787   20.6649
    0.0000   22.5000   45.000012808.2109   20.7572
    7.5000   22.5000   45.000012170.4531   20.7199
   -7.5000   30.0000   45.000011448.3633   20.3996
    0.0000   30.0000   45.000011949.0928   20.4911
    7.5000   30.0000   45.000011335.7451   20.4524
   -7.5000   37.5000   45.000011024.8418   20.2340
    0.0000   37.5000   45.000011529.5010   20.3245
    7.5000   37.5000   45.000010924.3252   20.2868
   -7.5000   45.0000   45.000010165.4102   19.6214
    0.0000   45.0000   45.000010626.4072   19.7096
    7.5000   45.0000   45.000010101.3086   19.6745

---------------------------------------------------------------------
imgreg_4dfp /opt/freesurfer/average/711-2C_as_mni_average_305 /opt/freesurfer/average/711-2B_as_mni_average_305_mask talsrcimg_g11 none talsrcimg_to_711-2C_as_mni_average_305_t4 4355
---------------------------------------------------------------------

freesurfer imgreg_4dfp.c
/opt/freesurfer/average/711-2C_as_mni_average_305.4dfp.img
       256       256       256         1
  1.000000  1.000000  1.000000
orientation T byte_order littleendian
Reading image: /opt/freesurfer/average/711-2C_as_mni_average_305.4dfp.img
dimensions:      256       256       256
mmppix:       1.0000   -1.0000   -1.0000
center:     128.0000 -129.0000 -129.0000
/opt/freesurfer/average/711-2B_as_mni_average_305_mask.4dfp.img
       256       256       256         1
  1.000000  1.000000  1.000000
orientation T byte_order littleendian
Reading mask: /opt/freesurfer/average/711-2B_as_mni_average_305_mask.4dfp.img (2306576 pixels)
talsrcimg_g11.4dfp.img
       320       320       320         1
  0.800000  0.800000  0.800000
orientation T byte_order littleendian
Reading image: talsrcimg_g11.4dfp.img
dimensions:      320       320       320
mmppix:       0.8000   -0.8000   -0.8000
center:     128.0000 -128.8000 -128.8000
rotation matrix determinant  1.000000
image alignment mode   4355 decimal     1103 hex
   -7.5000  -45.0000  -30.0000 2525.1365   26.2202
    0.0000  -45.0000  -30.0000 2544.4253   26.0956
    7.5000  -45.0000  -30.0000 2528.7720   25.8306
   -7.5000  -37.5000  -30.0000 2600.5723   24.2928
    0.0000  -37.5000  -30.0000 2618.6655   24.1767
    7.5000  -37.5000  -30.0000 2604.6826   23.9799
   -7.5000  -30.0000  -30.0000 2647.9321   22.7883
    0.0000  -30.0000  -30.0000 2656.6243   22.6192
    7.5000  -30.0000  -30.0000 2649.8315   22.5116
   -7.5000  -22.5000  -30.0000 2680.6042   21.7053
    0.0000  -22.5000  -30.0000 2683.9688   21.5029
    7.5000  -22.5000  -30.0000 2677.2532   21.4554
   -7.5000  -15.0000  -30.0000 2698.6245   21.0091
    0.0000  -15.0000  -30.0000 2701.6816   20.8153
    7.5000  -15.0000  -30.0000 2697.0046   20.8094
   -7.5000   -7.5000  -30.0000 2707.7549   20.5907
    0.0000   -7.5000  -30.0000 2706.5610   20.3995
    7.5000   -7.5000  -30.0000 2709.2751   20.4517
   -7.5000    0.0000  -30.0000 2713.2952   20.4944
    0.0000    0.0000  -30.0000 2712.2195   20.3227
    7.5000    0.0000  -30.0000 2712.1128   20.3748
   -7.5000    7.5000  -30.0000 2705.6252   20.6871
    0.0000    7.5000  -30.0000 2707.6855   20.5534
    7.5000    7.5000  -30.0000 2707.7927   20.6243
   -7.5000   15.0000  -30.0000 2680.3401   21.3371
    0.0000   15.0000  -30.0000 2681.5457   21.2122
    7.5000   15.0000  -30.0000 2685.5618   21.3091
   -7.5000   22.5000  -30.0000 2628.0330   22.4067
    0.0000   22.5000  -30.0000 2638.5198   22.3252
    7.5000   22.5000  -30.0000 2634.5459   22.3967
   -7.5000   30.0000  -30.0000 2558.1460   23.8226
    0.0000   30.0000  -30.0000 2573.1624   23.7785
    7.5000   30.0000  -30.0000 2564.8118   23.7903
   -7.5000   37.5000  -30.0000 2485.5510   25.4358
    0.0000   37.5000  -30.0000 2501.4832   25.4178
    7.5000   37.5000  -30.0000 2492.1560   25.4398
   -7.5000   45.0000  -30.0000 2395.6465   27.3991
    0.0000   45.0000  -30.0000 2405.6379   27.3774
    7.5000   45.0000  -30.0000 2400.0667   27.3784
   -7.5000  -45.0000  -22.5000 2597.0425   25.9998
    0.0000  -45.0000  -22.5000 2612.0540   25.7444
    7.5000  -45.0000  -22.5000 2600.0334   25.5721
   -7.5000  -37.5000  -22.5000 2672.2476   24.0263
    0.0000  -37.5000  -22.5000 2684.0369   23.7604
    7.5000  -37.5000  -22.5000 2675.1587   23.6839
   -7.5000  -30.0000  -22.5000 2719.4917   22.4877
    0.0000  -30.0000  -22.5000 2726.0269   22.2409
    7.5000  -30.0000  -22.5000 2722.3350   22.1862
   -7.5000  -22.5000  -22.5000 2749.8435   21.3504
    0.0000  -22.5000  -22.5000 2749.5720   21.0954
    7.5000  -22.5000  -22.5000 2746.7183   21.0207
   -7.5000  -15.0000  -22.5000 2771.1868   20.5756
    0.0000  -15.0000  -22.5000 2769.5732   20.3352
    7.5000  -15.0000  -22.5000 2771.8699   20.2896
   -7.5000   -7.5000  -22.5000 2783.1411   20.1387
    0.0000   -7.5000  -22.5000 2777.4924   19.8841
    7.5000   -7.5000  -22.5000 2786.9390   19.9377
   -7.5000    0.0000  -22.5000 2784.7590   19.9634
    0.0000    0.0000  -22.5000 2778.2151   19.7768
    7.5000    0.0000  -22.5000 2786.6150   19.8417
   -7.5000    7.5000  -22.5000 2775.3247   20.1244
    0.0000    7.5000  -22.5000 2771.7881   19.9553
    7.5000    7.5000  -22.5000 2781.1284   20.0603
   -7.5000   15.0000  -22.5000 2750.3845   20.7325
    0.0000   15.0000  -22.5000 2747.2087   20.5650
    7.5000   15.0000  -22.5000 2756.7856   20.6863
   -7.5000   22.5000  -22.5000 2698.2830   21.7673
    0.0000   22.5000  -22.5000 2697.4631   21.5903
    7.5000   22.5000  -22.5000 2702.8364   21.7202
   -7.5000   30.0000  -22.5000 2637.1523   23.1655
    0.0000   30.0000  -22.5000 2636.1125   22.9848
    7.5000   30.0000  -22.5000 2637.0701   23.0855
   -7.5000   37.5000  -22.5000 2564.7576   24.7384
    0.0000   37.5000  -22.5000 2563.5249   24.5980
    7.5000   37.5000  -22.5000 2565.2729   24.6783
   -7.5000   45.0000  -22.5000 2467.4609   26.6705
    0.0000   45.0000  -22.5000 2470.0159   26.5589
    7.5000   45.0000  -22.5000 2463.2134   26.5637
   -7.5000  -45.0000  -15.0000 2630.0823   25.7162
    0.0000  -45.0000  -15.0000 2640.8745   25.4318
    7.5000  -45.0000  -15.0000 2633.7351   25.3469
   -7.5000  -37.5000  -15.0000 2703.5530   23.7467
    0.0000  -37.5000  -15.0000 2709.5061   23.4108
    7.5000  -37.5000  -15.0000 2707.7131   23.4034
   -7.5000  -30.0000  -15.0000 2752.8252   22.1961
    0.0000  -30.0000  -15.0000 2755.4563   21.8395
    7.5000  -30.0000  -15.0000 2757.0884   21.8734
   -7.5000  -22.5000  -15.0000 2786.7463   21.0039
    0.0000  -22.5000  -15.0000 2785.1694   20.6778
    7.5000  -22.5000  -15.0000 2788.1265   20.6651
   -7.5000  -15.0000  -15.0000 2805.2598   20.1536
    0.0000  -15.0000  -15.0000 2802.6899   19.8428
    7.5000  -15.0000  -15.0000 2804.3237   19.8075
   -7.5000   -7.5000  -15.0000 2820.8999   19.6475
    0.0000   -7.5000  -15.0000 2812.9060   19.3241
    7.5000   -7.5000  -15.0000 2818.0605   19.3539
   -7.5000    0.0000  -15.0000 2822.9751   19.4313
    0.0000    0.0000  -15.0000 2810.8684   19.1704
    7.5000    0.0000  -15.0000 2817.4285   19.2523
   -7.5000    7.5000  -15.0000 2812.5945   19.5855
    0.0000    7.5000  -15.0000 2801.1609   19.3545
    7.5000    7.5000  -15.0000 2811.6499   19.4531
   -7.5000   15.0000  -15.0000 2790.2488   20.1797
    0.0000   15.0000  -15.0000 2777.7485   19.9517
    7.5000   15.0000  -15.0000 2789.3022   20.0729
   -7.5000   22.5000  -15.0000 2741.8074   21.1782
    0.0000   22.5000  -15.0000 2728.3809   20.9151
    7.5000   22.5000  -15.0000 2737.9949   21.0717
   -7.5000   30.0000  -15.0000 2678.8774   22.5475
    0.0000   30.0000  -15.0000 2660.9399   22.2814
    7.5000   30.0000  -15.0000 2669.6348   22.4259
   -7.5000   37.5000  -15.0000 2604.8330   24.0674
    0.0000   37.5000  -15.0000 2591.1509   23.8756
    7.5000   37.5000  -15.0000 2597.5710   23.9843
   -7.5000   45.0000  -15.0000 2503.6211   25.9089
    0.0000   45.0000  -15.0000 2496.8386   25.7160
    7.5000   45.0000  -15.0000 2502.2615   25.8120
   -7.5000  -45.0000   -7.5000 2633.7063   25.6127
    0.0000  -45.0000   -7.5000 2644.8848   25.1865
    7.5000  -45.0000   -7.5000 2642.0417   25.1662
   -7.5000  -37.5000   -7.5000 2707.3145   23.6013
    0.0000  -37.5000   -7.5000 2710.3506   23.1388
    7.5000  -37.5000   -7.5000 2711.5232   23.1608
   -7.5000  -30.0000   -7.5000 2764.1724   22.0282
    0.0000  -30.0000   -7.5000 2760.0745   21.5732
    7.5000  -30.0000   -7.5000 2763.7124   21.6059
   -7.5000  -22.5000   -7.5000 2800.9133   20.7688
    0.0000  -22.5000   -7.5000 2793.6277   20.3586
    7.5000  -22.5000   -7.5000 2797.5676   20.3724
   -7.5000  -15.0000   -7.5000 2819.8025   19.8437
    0.0000  -15.0000   -7.5000 2806.3569   19.4379
    7.5000  -15.0000   -7.5000 2813.0151   19.4622
   -7.5000   -7.5000   -7.5000 2830.7925   19.2511
    0.0000   -7.5000   -7.5000 2811.1272   18.8059
    7.5000   -7.5000   -7.5000 2820.0603   18.8747
   -7.5000    0.0000   -7.5000 2839.4236   18.9749
    0.0000    0.0000   -7.5000 2809.5396   18.5863
    7.5000    0.0000   -7.5000 2817.9905   18.7099
   -7.5000    7.5000   -7.5000 2833.9670   19.1476
    0.0000    7.5000   -7.5000 2801.5840   18.7860
    7.5000    7.5000   -7.5000 2815.8623   18.9190
   -7.5000   15.0000   -7.5000 2804.8623   19.7514
    0.0000   15.0000   -7.5000 2777.6443   19.3984
    7.5000   15.0000   -7.5000 2795.0850   19.5485
   -7.5000   22.5000   -7.5000 2758.3718   20.7710
    0.0000   22.5000   -7.5000 2727.5090   20.3872
    7.5000   22.5000   -7.5000 2746.0452   20.5752
   -7.5000   30.0000   -7.5000 2694.4556   22.0355
    0.0000   30.0000   -7.5000 2669.7637   21.6982
    7.5000   30.0000   -7.5000 2681.8352   21.9179
   -7.5000   37.5000   -7.5000 2619.0613   23.4648
    0.0000   37.5000   -7.5000 2600.1733   23.1450
    7.5000   37.5000   -7.5000 2608.5820   23.3781
   -7.5000   45.0000   -7.5000 2521.7173   25.2952
    0.0000   45.0000   -7.5000 2509.9766   24.9710
    7.5000   45.0000   -7.5000 2518.1479   25.2134
   -7.5000  -45.0000    0.0000 2649.5422   25.7559
    0.0000  -45.0000    0.0000 2649.3408   25.2667
    7.5000  -45.0000    0.0000 2655.0044   25.2445
   -7.5000  -37.5000    0.0000 2715.1155   23.6886
    0.0000  -37.5000    0.0000 2711.8020   23.2089
    7.5000  -37.5000    0.0000 2719.7153   23.1925
   -7.5000  -30.0000    0.0000 2766.7551   22.0424
    0.0000  -30.0000    0.0000 2758.5415   21.6002
    7.5000  -30.0000    0.0000 2767.2915   21.5799
   -7.5000  -22.5000    0.0000 2809.2234   20.7764
    0.0000  -22.5000    0.0000 2797.4736   20.3668
    7.5000  -22.5000    0.0000 2803.0405   20.3153
   -7.5000  -15.0000    0.0000 2832.7703   19.8399
    0.0000  -15.0000    0.0000 2814.6453   19.4553
    7.5000  -15.0000    0.0000 2819.1790   19.3893
   -7.5000   -7.5000    0.0000 2837.3291   19.1393
    0.0000   -7.5000    0.0000 2809.6487   18.7279
    7.5000   -7.5000    0.0000 2816.8318   18.6924
   -7.5000    0.0000    0.0000 2841.9702   18.7429
    0.0000    0.0000    0.0000 2799.2451   18.2983
    7.5000    0.0000    0.0000 2812.8938   18.4511
   -7.5000    7.5000    0.0000 2847.4167   18.9857
    0.0000    7.5000    0.0000 2794.3254   18.5583
    7.5000    7.5000    0.0000 2817.4504   18.7281
   -7.5000   15.0000    0.0000 2831.0410   19.6510
    0.0000   15.0000    0.0000 2786.2659   19.2688
    7.5000   15.0000    0.0000 2806.7209   19.3824
   -7.5000   22.5000    0.0000 2783.1074   20.6146
    0.0000   22.5000    0.0000 2750.0117   20.2725
    7.5000   22.5000    0.0000 2763.0994   20.3849
   -7.5000   30.0000    0.0000 2715.3850   21.7966
    0.0000   30.0000    0.0000 2687.8479   21.4719
    7.5000   30.0000    0.0000 2698.9849   21.6215
   -7.5000   37.5000    0.0000 2643.5564   23.2436
    0.0000   37.5000    0.0000 2619.2737   22.9261
    7.5000   37.5000    0.0000 2628.0371   23.0983
   -7.5000   45.0000    0.0000 2552.3857   25.1218
    0.0000   45.0000    0.0000 2533.7212   24.7744
    7.5000   45.0000    0.0000 2541.2219   24.9921
   -7.5000  -45.0000    7.5000 2657.1262   26.0753
    0.0000  -45.0000    7.5000 2654.5400   25.5823
    7.5000  -45.0000    7.5000 2654.2954   25.4881
   -7.5000  -37.5000    7.5000 2731.5312   24.0098
    0.0000  -37.5000    7.5000 2724.2188   23.5312
    7.5000  -37.5000    7.5000 2723.4058   23.4276
   -7.5000  -30.0000    7.5000 2786.3506   22.3045
    0.0000  -30.0000    7.5000 2772.7327   21.8950
    7.5000  -30.0000    7.5000 2773.7617   21.7598
   -7.5000  -22.5000    7.5000 2833.4756   20.9974
    0.0000  -22.5000    7.5000 2814.5698   20.6351
    7.5000  -22.5000    7.5000 2812.6360   20.4762
   -7.5000  -15.0000    7.5000 2865.8979   20.1240
    0.0000  -15.0000    7.5000 2846.7444   19.8786
    7.5000  -15.0000    7.5000 2838.5374   19.6289
   -7.5000   -7.5000    7.5000 2878.7422   19.5874
    0.0000   -7.5000    7.5000 2873.6509   19.5476
    7.5000   -7.5000    7.5000 2842.9705   19.0593
   -7.5000    0.0000    7.5000 2875.1736   19.0782
    0.0000    0.0000    7.5000 2864.8342   18.9861
    7.5000    0.0000    7.5000 2836.7478   18.7563
   -7.5000    7.5000    7.5000 2877.1204   19.1093
    0.0000    7.5000    7.5000 2849.6321   18.9661
    7.5000    7.5000    7.5000 2831.7588   18.8498
   -7.5000   15.0000    7.5000 2845.5251   19.5640
    0.0000   15.0000    7.5000 2830.2927   19.4355
    7.5000   15.0000    7.5000 2811.2644   19.3354
   -7.5000   22.5000    7.5000 2796.7141   20.4394
    0.0000   22.5000    7.5000 2780.2493   20.2419
    7.5000   22.5000    7.5000 2767.9324   20.2134
   -7.5000   30.0000    7.5000 2726.6113   21.6381
    0.0000   30.0000    7.5000 2720.9182   21.4951
    7.5000   30.0000    7.5000 2707.6741   21.4764
   -7.5000   37.5000    7.5000 2656.4844   23.1387
    0.0000   37.5000    7.5000 2650.0798   22.9968
    7.5000   37.5000    7.5000 2640.5222   23.0140
   -7.5000   45.0000    7.5000 2561.1650   24.9672
    0.0000   45.0000    7.5000 2561.9211   24.8187
    7.5000   45.0000    7.5000 2552.2717   24.8478
   -7.5000  -45.0000   15.0000 2658.2688   26.5064
    0.0000  -45.0000   15.0000 2645.8784   25.9586
    7.5000  -45.0000   15.0000 2649.1550   25.8615
   -7.5000  -37.5000   15.0000 2734.5454   24.3787
    0.0000  -37.5000   15.0000 2718.1707   23.8861
    7.5000  -37.5000   15.0000 2714.5105   23.7545
   -7.5000  -30.0000   15.0000 2793.4712   22.7162
    0.0000  -30.0000   15.0000 2780.5662   22.3467
    7.5000  -30.0000   15.0000 2768.2083   22.1565
   -7.5000  -22.5000   15.0000 2844.7664   21.4063
    0.0000  -22.5000   15.0000 2843.2815   21.2173
    7.5000  -22.5000   15.0000 2817.5203   20.9606
   -7.5000  -15.0000   15.0000 2892.8459   20.6007
    0.0000  -15.0000   15.0000 2912.0828   20.6531
    7.5000  -15.0000   15.0000 2863.1570   20.2368
   -7.5000   -7.5000   15.0000 2928.0171   20.2018
    0.0000   -7.5000   15.0000 2986.2070   20.5936
    7.5000   -7.5000   15.0000 2893.1458   19.8346
   -7.5000    0.0000   15.0000 2931.2104   19.7746
    0.0000    0.0000   15.0000 3019.0171   20.3416
    7.5000    0.0000   15.0000 2886.0410   19.4744
   -7.5000    7.5000   15.0000 2885.1851   19.3875
    0.0000    7.5000   15.0000 2931.4729   19.6764
    7.5000    7.5000   15.0000 2849.5691   19.2605
   -7.5000   15.0000   15.0000 2844.7556   19.6098
    0.0000   15.0000   15.0000 2858.8481   19.6572
    7.5000   15.0000   15.0000 2807.4207   19.5064
   -7.5000   22.5000   15.0000 2798.2744   20.4029
    0.0000   22.5000   15.0000 2807.6973   20.3812
    7.5000   22.5000   15.0000 2768.8604   20.2586
   -7.5000   30.0000   15.0000 2743.3120   21.6717
    0.0000   30.0000   15.0000 2743.7627   21.5792
    7.5000   30.0000   15.0000 2719.0444   21.5228
   -7.5000   37.5000   15.0000 2675.6880   23.1882
    0.0000   37.5000   15.0000 2667.6653   23.0361
    7.5000   37.5000   15.0000 2656.6982   23.0533
   -7.5000   45.0000   15.0000 2579.1814   25.0594
    0.0000   45.0000   15.0000 2574.3945   24.8924
    7.5000   45.0000   15.0000 2568.5286   24.9590
   -7.5000  -45.0000   22.5000 2654.2441   27.0569
    0.0000  -45.0000   22.5000 2657.6907   26.6666
    7.5000  -45.0000   22.5000 2643.1814   26.4895
   -7.5000  -37.5000   22.5000 2733.2341   24.9420
    0.0000  -37.5000   22.5000 2738.3037   24.6401
    7.5000  -37.5000   22.5000 2714.0698   24.4121
   -7.5000  -30.0000   22.5000 2799.0771   23.2885
    0.0000  -30.0000   22.5000 2811.7158   23.1190
    7.5000  -30.0000   22.5000 2778.4058   22.8536
   -7.5000  -22.5000   22.5000 2860.3647   21.9731
    0.0000  -22.5000   22.5000 2879.2524   21.9378
    7.5000  -22.5000   22.5000 2840.8215   21.6262
   -7.5000  -15.0000   22.5000 2917.8716   21.1421
    0.0000  -15.0000   22.5000 2948.7869   21.2435
    7.5000  -15.0000   22.5000 2893.1873   20.8088
   -7.5000   -7.5000   22.5000 2949.5625   20.5131
    0.0000   -7.5000   22.5000 3000.0256   20.8024
    7.5000   -7.5000   22.5000 2915.7183   20.1693
   -7.5000    0.0000   22.5000 2935.6030   19.8441
    0.0000    0.0000   22.5000 2989.8137   20.1372
    7.5000    0.0000   22.5000 2911.3115   19.7807
   -7.5000    7.5000   22.5000 2911.8877   19.7687
    0.0000    7.5000   22.5000 2923.7312   19.7661
    7.5000    7.5000   22.5000 2888.8997   19.7185
   -7.5000   15.0000   22.5000 2873.6436   20.0965
    0.0000   15.0000   22.5000 2888.8625   20.1073
    7.5000   15.0000   22.5000 2850.1685   20.0407
   -7.5000   22.5000   22.5000 2819.4731   20.8691
    0.0000   22.5000   22.5000 2835.4575   20.8900
    7.5000   22.5000   22.5000 2802.4060   20.8398
   -7.5000   30.0000   22.5000 2755.7827   22.0307
    0.0000   30.0000   22.5000 2762.4526   21.9956
    7.5000   30.0000   22.5000 2735.4170   21.9358
   -7.5000   37.5000   22.5000 2686.6941   23.5102
    0.0000   37.5000   22.5000 2684.0698   23.4151
    7.5000   37.5000   22.5000 2669.1748   23.3772
   -7.5000   45.0000   22.5000 2589.2021   25.3546
    0.0000   45.0000   22.5000 2587.9614   25.2090
    7.5000   45.0000   22.5000 2577.8860   25.2168
   -7.5000  -45.0000   30.0000 2650.8599   27.7509
    0.0000  -45.0000   30.0000 2669.8772   27.5057
    7.5000  -45.0000   30.0000 2649.0959   27.3584
   -7.5000  -37.5000   30.0000 2733.9094   25.6156
    0.0000  -37.5000   30.0000 2748.3010   25.3867
    7.5000  -37.5000   30.0000 2727.1147   25.2489
   -7.5000  -30.0000   30.0000 2802.3962   23.9046
    0.0000  -30.0000   30.0000 2810.6843   23.7010
    7.5000  -30.0000   30.0000 2790.4324   23.5630
   -7.5000  -22.5000   30.0000 2851.8442   22.4240
    0.0000  -22.5000   30.0000 2865.5688   22.3230
    7.5000  -22.5000   30.0000 2840.7605   22.1601
   -7.5000  -15.0000   30.0000 2893.3540   21.3657
    0.0000  -15.0000   30.0000 2911.6853   21.3712
    7.5000  -15.0000   30.0000 2886.5547   21.1618
   -7.5000   -7.5000   30.0000 2912.6865   20.5110
    0.0000   -7.5000   30.0000 2947.4270   20.6536
    7.5000   -7.5000   30.0000 2901.5391   20.3710
   -7.5000    0.0000   30.0000 2916.2251   19.9198
    0.0000    0.0000   30.0000 2922.4546   19.8480
    7.5000    0.0000   30.0000 2905.5388   19.9624
   -7.5000    7.5000   30.0000 2925.5818   20.0138
    0.0000    7.5000   30.0000 2924.9421   19.8901
    7.5000    7.5000   30.0000 2905.1736   20.0066
   -7.5000   15.0000   30.0000 2904.6155   20.6324
    0.0000   15.0000   30.0000 2908.7178   20.5367
    7.5000   15.0000   30.0000 2883.5903   20.5518
   -7.5000   22.5000   30.0000 2847.6902   21.5888
    0.0000   22.5000   30.0000 2849.8318   21.4663
    7.5000   22.5000   30.0000 2830.5081   21.5179
   -7.5000   30.0000   30.0000 2777.0920   22.7968
    0.0000   30.0000   30.0000 2778.2207   22.6673
    7.5000   30.0000   30.0000 2764.3950   22.6804
   -7.5000   37.5000   30.0000 2701.6587   24.1370
    0.0000   37.5000   30.0000 2699.6587   24.0322
    7.5000   37.5000   30.0000 2685.4412   24.0284
   -7.5000   45.0000   30.0000 2598.7749   25.8733
    0.0000   45.0000   30.0000 2599.5566   25.7421
    7.5000   45.0000   30.0000 2587.0078   25.7490
   -7.5000  -45.0000   37.5000 2644.5210   28.4743
    0.0000  -45.0000   37.5000 2651.4814   28.1211
    7.5000  -45.0000   37.5000 2646.6646   28.1906
   -7.5000  -37.5000   37.5000 2722.6970   26.1666
    0.0000  -37.5000   37.5000 2725.3442   25.8352
    7.5000  -37.5000   37.5000 2721.1667   25.8979
   -7.5000  -30.0000   37.5000 2778.5061   24.3103
    0.0000  -30.0000   37.5000 2780.1836   24.0031
    7.5000  -30.0000   37.5000 2782.5110   24.1193
   -7.5000  -22.5000   37.5000 2831.3135   22.8356
    0.0000  -22.5000   37.5000 2832.0576   22.5860
    7.5000  -22.5000   37.5000 2835.4050   22.6823
   -7.5000  -15.0000   37.5000 2875.3521   21.7377
    0.0000  -15.0000   37.5000 2881.4578   21.6206
    7.5000  -15.0000   37.5000 2872.0137   21.6032
   -7.5000   -7.5000   37.5000 2896.6707   20.8635
    0.0000   -7.5000   37.5000 2893.8357   20.6874
    7.5000   -7.5000   37.5000 2891.5649   20.7764
   -7.5000    0.0000   37.5000 2908.4534   20.3491
    0.0000    0.0000   37.5000 2913.5918   20.2124
    7.5000    0.0000   37.5000 2901.1550   20.3477
   -7.5000    7.5000   37.5000 2925.1516   20.4736
    0.0000    7.5000   37.5000 2925.8994   20.3485
    7.5000    7.5000   37.5000 2911.3345   20.4637
   -7.5000   15.0000   37.5000 2910.0374   21.1415
    0.0000   15.0000   37.5000 2910.8413   21.0599
    7.5000   15.0000   37.5000 2889.3586   21.0921
   -7.5000   22.5000   37.5000 2856.6226   22.2233
    0.0000   22.5000   37.5000 2852.1863   22.0969
    7.5000   22.5000   37.5000 2837.5957   22.1453
   -7.5000   30.0000   37.5000 2785.6152   23.5042
    0.0000   30.0000   37.5000 2780.6274   23.3456
    7.5000   30.0000   37.5000 2775.8359   23.4151
   -7.5000   37.5000   37.5000 2703.8792   24.9089
    0.0000   37.5000   37.5000 2703.3064   24.7851
    7.5000   37.5000   37.5000 2693.8064   24.7985
   -7.5000   45.0000   37.5000 2597.6702   26.6633
    0.0000   45.0000   37.5000 2600.9229   26.4964
    7.5000   45.0000   37.5000 2593.4292   26.5235
   -7.5000  -45.0000   45.0000 2624.0908   29.0650
    0.0000  -45.0000   45.0000 2620.8191   28.6020
    7.5000  -45.0000   45.0000 2633.5369   28.8860
   -7.5000  -37.5000   45.0000 2699.4070   26.6789
    0.0000  -37.5000   45.0000 2690.5408   26.2023
    7.5000  -37.5000   45.0000 2711.1965   26.5630
   -7.5000  -30.0000   45.0000 2761.2727   24.8454
    0.0000  -30.0000   45.0000 2747.8391   24.3920
    7.5000  -30.0000   45.0000 2772.5662   24.7542
   -7.5000  -22.5000   45.0000 2815.7339   23.3364
    0.0000  -22.5000   45.0000 2808.4993   23.0086
    7.5000  -22.5000   45.0000 2821.3164   23.2509
   -7.5000  -15.0000   45.0000 2857.7571   22.2171
    0.0000  -15.0000   45.0000 2846.7878   21.9246
    7.5000  -15.0000   45.0000 2858.5283   22.1253
   -7.5000   -7.5000   45.0000 2877.5188   21.4062
    0.0000   -7.5000   45.0000 2869.9238   21.1058
    7.5000   -7.5000   45.0000 2873.6421   21.3286
   -7.5000    0.0000   45.0000 2902.8625   20.9771
    0.0000    0.0000   45.0000 2900.9946   20.7832
    7.5000    0.0000   45.0000 2896.1865   20.9567
   -7.5000    7.5000   45.0000 2914.5259   21.1092
    0.0000    7.5000   45.0000 2911.4360   20.9410
    7.5000    7.5000   45.0000 2904.3132   21.0947
   -7.5000   15.0000   45.0000 2897.5659   21.7725
    0.0000   15.0000   45.0000 2894.0081   21.6689
    7.5000   15.0000   45.0000 2879.6479   21.7334
   -7.5000   22.5000   45.0000 2842.6431   22.9227
    0.0000   22.5000   45.0000 2836.8318   22.7750
    7.5000   22.5000   45.0000 2824.8994   22.8334
   -7.5000   30.0000   45.0000 2777.6692   24.2580
    0.0000   30.0000   45.0000 2770.6572   24.0725
    7.5000   30.0000   45.0000 2762.6414   24.1211
   -7.5000   37.5000   45.0000 2697.2400   25.7150
    0.0000   37.5000   45.0000 2699.7949   25.5475
    7.5000   37.5000   45.0000 2691.4651   25.5865
   -7.5000   45.0000   45.0000 2582.7695   27.4728
    0.0000   45.0000   45.0000 2581.8865   27.3183
    7.5000   45.0000   45.0000 2579.5542   27.3476
   -7.5000  -45.0000   52.5000 2597.9048   29.7506
    0.0000  -45.0000   52.5000 2587.1094   29.1650
    7.5000  -45.0000   52.5000 2613.4619   29.6650
   -7.5000  -37.5000   52.5000 2674.3418   27.2571
    0.0000  -37.5000   52.5000 2660.5588   26.6800
    7.5000  -37.5000   52.5000 2690.9783   27.2147
   -7.5000  -30.0000   52.5000 2735.5381   25.4074
    0.0000  -30.0000   52.5000 2721.9878   24.9073
    7.5000  -30.0000   52.5000 2748.4626   25.3494
   -7.5000  -22.5000   52.5000 2793.3406   23.9750
    0.0000  -22.5000   52.5000 2779.0969   23.5335
    7.5000  -22.5000   52.5000 2798.6946   23.8656
   -7.5000  -15.0000   52.5000 2824.8989   22.8175
    0.0000  -15.0000   52.5000 2820.6172   22.4684
    7.5000  -15.0000   52.5000 2830.0950   22.7427
   -7.5000   -7.5000   52.5000 2858.6650   22.0716
    0.0000   -7.5000   52.5000 2851.1831   21.7659
    7.5000   -7.5000   52.5000 2858.0510   22.0637
   -7.5000    0.0000   52.5000 2880.9138   21.7192
    0.0000    0.0000   52.5000 2877.9849   21.5161
    7.5000    0.0000   52.5000 2875.9626   21.7272
   -7.5000    7.5000   52.5000 2888.1055   21.8393
    0.0000    7.5000   52.5000 2887.5232   21.6578
    7.5000    7.5000   52.5000 2881.5847   21.8436
   -7.5000   15.0000   52.5000 2868.2271   22.5003
    0.0000   15.0000   52.5000 2864.7202   22.3398
    7.5000   15.0000   52.5000 2859.3369   22.4581
   -7.5000   22.5000   52.5000 2816.6167   23.6220
    0.0000   22.5000   52.5000 2813.5703   23.4350
    7.5000   22.5000   52.5000 2806.4270   23.5372
   -7.5000   30.0000   52.5000 2750.3088   24.9656
    0.0000   30.0000   52.5000 2752.0200   24.7763
    7.5000   30.0000   52.5000 2739.2937   24.8641
   -7.5000   37.5000   52.5000 2670.1975   26.4257
    0.0000   37.5000   52.5000 2673.4819   26.2681
    7.5000   37.5000   52.5000 2662.2441   26.3806
   -7.5000   45.0000   52.5000 2550.9043   28.3097
    0.0000   45.0000   52.5000 2555.2437   28.1991
    7.5000   45.0000   52.5000 2547.9712   28.2743
   -7.5000  -45.0000   60.0000 2536.0762   30.4326
    0.0000  -45.0000   60.0000 2533.2432   29.8920
    7.5000  -45.0000   60.0000 2560.4932   30.4819
   -7.5000  -37.5000   60.0000 2620.8594   27.9309
    0.0000  -37.5000   60.0000 2611.4451   27.3898
    7.5000  -37.5000   60.0000 2634.4490   27.9407
   -7.5000  -30.0000   60.0000 2683.9673   26.1130
    0.0000  -30.0000   60.0000 2674.5476   25.6271
    7.5000  -30.0000   60.0000 2692.4287   26.0480
   -7.5000  -22.5000   60.0000 2728.5144   24.6161
    0.0000  -22.5000   60.0000 2727.9778   24.2486
    7.5000  -22.5000   60.0000 2736.9927   24.5475
   -7.5000  -15.0000   60.0000 2769.9075   23.5286
    0.0000  -15.0000   60.0000 2767.6025   23.1764
    7.5000  -15.0000   60.0000 2772.3372   23.4776
   -7.5000   -7.5000   60.0000 2801.6826   22.8209
    0.0000   -7.5000   60.0000 2801.3638   22.5983
    7.5000   -7.5000   60.0000 2800.3962   22.8368
   -7.5000    0.0000   60.0000 2821.5132   22.5305
    0.0000    0.0000   60.0000 2820.1604   22.3784
    7.5000    0.0000   60.0000 2818.4375   22.5592
   -7.5000    7.5000   60.0000 2818.3030   22.6270
    0.0000    7.5000   60.0000 2823.8020   22.5020
    7.5000    7.5000   60.0000 2820.1084   22.6382
   -7.5000   15.0000   60.0000 2802.1753   23.2013
    0.0000   15.0000   60.0000 2808.4465   23.0839
    7.5000   15.0000   60.0000 2802.6067   23.2359
   -7.5000   22.5000   60.0000 2754.7520   24.2552
    0.0000   22.5000   60.0000 2763.8555   24.1186
    7.5000   22.5000   60.0000 2749.5417   24.2542
   -7.5000   30.0000   60.0000 2688.0305   25.6423
    0.0000   30.0000   60.0000 2696.4768   25.4995
    7.5000   30.0000   60.0000 2680.4026   25.6201
   -7.5000   37.5000   60.0000 2606.2080   27.2327
    0.0000   37.5000   60.0000 2610.8953   27.0909
    7.5000   37.5000   60.0000 2601.7649   27.1732
   -7.5000   45.0000   60.0000 2487.5569   29.1883
    0.0000   45.0000   60.0000 2496.6067   29.1322
    7.5000   45.0000   60.0000 2489.5107   29.1467

---------------------------------------------------------------------
imgreg_4dfp /opt/freesurfer/average/711-2C_as_mni_average_305 /opt/freesurfer/average/711-2B_as_mni_average_305_mask talsrcimg_g11 none talsrcimg_to_711-2C_as_mni_average_305_t4 1283
---------------------------------------------------------------------

freesurfer imgreg_4dfp.c
/opt/freesurfer/average/711-2C_as_mni_average_305.4dfp.img
       256       256       256         1
  1.000000  1.000000  1.000000
orientation T byte_order littleendian
Reading image: /opt/freesurfer/average/711-2C_as_mni_average_305.4dfp.img
dimensions:      256       256       256
mmppix:       1.0000   -1.0000   -1.0000
center:     128.0000 -129.0000 -129.0000
/opt/freesurfer/average/711-2B_as_mni_average_305_mask.4dfp.img
       256       256       256         1
  1.000000  1.000000  1.000000
orientation T byte_order littleendian
Reading mask: /opt/freesurfer/average/711-2B_as_mni_average_305_mask.4dfp.img (2306576 pixels)
talsrcimg_g11.4dfp.img
       320       320       320         1
  0.800000  0.800000  0.800000
orientation T byte_order littleendian
Reading image: talsrcimg_g11.4dfp.img
dimensions:      320       320       320
mmppix:       0.8000   -0.8000   -0.8000
center:     128.0000 -128.8000 -128.8000
rotation matrix determinant  1.000000
fimgreg.f
image alignment mode   1283 decimal      503 hex
parameters
    0.0000    0.0000   15.0000    0.0000    0.0000    0.0000
eta,q 0.94722 20.44596
niter,ni,del,rscale     5    3   12.0000    1.2000
parameter  4  0.612374 ->  0.500000 qaram    1.1500
parameter  6  0.531910 ->  0.500000 qaram    1.1500
parameters
   -0.4981   -1.7782   17.4096   -3.4500    0.5219   -3.4500
eta,q 0.94982 20.39253
  0.0760  0.0596  0.0841  0.0511  0.0587  0.0508
  0.0666  0.0561  0.0683  0.0508  0.0547  0.0503
  0.0577  0.0538  0.0585  0.0510  0.0520  0.0500
  0.0544  0.0545  0.0537  0.0516  0.0508  0.0508
  0.0593  0.0582  0.0517  0.0527  0.0510  0.0524
  0.0714  0.0661  0.0523  0.0542  0.0529  0.0541
  0.0855  0.0771  0.0558  0.0563  0.0565  0.0562
niter,ni,del,rscale     6    3   12.0000    1.2000
parameters
   -1.0775   -1.4474   17.3302   -4.4708    1.4215   -3.7868
eta,q 0.95152 20.43762
  0.0689  0.0627  0.0619  0.0516  0.0592  0.0523
  0.0582  0.0577  0.0542  0.0502  0.0546  0.0503
  0.0505  0.0526  0.0504  0.0487  0.0511  0.0491
  0.0502  0.0496  0.0494  0.0494  0.0488  0.0485
  0.0556  0.0498  0.0515  0.0503  0.0488  0.0491
  0.0650  0.0543  0.0562  0.0514  0.0511  0.0510
  0.0758  0.0616  0.0612  0.0531  0.0548  0.0531
niter,ni,del,rscale     5    3   12.0000    1.2000
parameters
   -1.3946   -1.2221   17.0760   -4.7526    1.8576   -3.8394
eta,q 0.95206 20.44214
  0.0702  0.0617  0.0608  0.0519  0.0582  0.0524
  0.0592  0.0568  0.0527  0.0500  0.0536  0.0501
  0.0503  0.0515  0.0491  0.0483  0.0498  0.0487
  0.0485  0.0483  0.0482  0.0481  0.0480  0.0479
  0.0536  0.0493  0.0506  0.0493  0.0488  0.0484
  0.0632  0.0542  0.0560  0.0505  0.0517  0.0504
  0.0741  0.0612  0.0614  0.0522  0.0559  0.0525
niter,ni,del,rscale     4    3   12.0000    1.2000
parameters
   -1.5451   -1.0677   17.0001   -4.9616    2.0600   -3.8728
eta,q 0.95228 20.44366
  0.0712  0.0613  0.0619  0.0519  0.0577  0.0524
  0.0603  0.0561  0.0530  0.0500  0.0529  0.0500
  0.0507  0.0508  0.0489  0.0482  0.0492  0.0485
  0.0479  0.0479  0.0478  0.0478  0.0477  0.0477
  0.0525  0.0491  0.0500  0.0490  0.0489  0.0483
  0.0620  0.0541  0.0554  0.0503  0.0520  0.0502
  0.0732  0.0611  0.0610  0.0522  0.0565  0.0524
niter,ni,del,rscale     3    3   12.0000    1.2000
parameters
   -1.6053   -0.9789   16.9512   -5.0898    2.1439   -3.8929
eta,q 0.95237 20.44478
  0.0719  0.0610  0.0621  0.0519  0.0574  0.0524
  0.0609  0.0557  0.0529  0.0501  0.0526  0.0500
  0.0509  0.0505  0.0488  0.0482  0.0489  0.0484
  0.0477  0.0477  0.0477  0.0477  0.0476  0.0476
  0.0520  0.0492  0.0498  0.0489  0.0490  0.0482
  0.0614  0.0543  0.0553  0.0501  0.0523  0.0502
  0.0727  0.0612  0.0609  0.0522  0.0568  0.0524
niter,ni,del,rscale     2    3   12.0000    1.2000
parameters
   -1.6262   -0.9244   16.9214   -5.1679    2.1736   -3.9059
eta,q 0.95242 20.44520
  0.0722  0.0609  0.0623  0.0520  0.0573  0.0524
  0.0612  0.0555  0.0529  0.0501  0.0524  0.0499
  0.0511  0.0503  0.0487  0.0482  0.0488  0.0484
  0.0476  0.0476  0.0476  0.0476  0.0476  0.0476
  0.0518  0.0493  0.0497  0.0488  0.0490  0.0481
  0.0611  0.0544  0.0552  0.0500  0.0524  0.0502
  0.0725  0.0612  0.0609  0.0522  0.0570  0.0524
niter,ni,del,rscale     1    3   12.0000    1.2000
parameters
   -1.6309   -0.8931   16.9046   -5.2148    2.1803   -3.9111
eta,q 0.95244 20.44537
  0.0724  0.0608  0.0625  0.0520  0.0573  0.0524
  0.0613  0.0554  0.0530  0.0501  0.0524  0.0499
  0.0511  0.0502  0.0487  0.0483  0.0488  0.0484
  0.0476  0.0476  0.0476  0.0476  0.0476  0.0476
  0.0517  0.0493  0.0496  0.0487  0.0490  0.0481
  0.0610  0.0545  0.0551  0.0500  0.0525  0.0501
  0.0724  0.0613  0.0609  0.0521  0.0571  0.0524
registration optimization eta report
parameter search radius
    6.0000    6.0000    6.0000    6.9000    6.0000    6.9000
100000*second partial in parameter space
       67.       36.       39.        9.       26.       10.
  0.0724  0.0608  0.0625  0.0520  0.0573  0.0524
  0.0613  0.0554  0.0530  0.0501  0.0524  0.0499
  0.0511  0.0502  0.0487  0.0483  0.0488  0.0484
  0.0476  0.0476  0.0476  0.0476  0.0476  0.0476
  0.0517  0.0493  0.0496  0.0487  0.0490  0.0481
  0.0610  0.0545  0.0551  0.0500  0.0525  0.0501
  0.0724  0.0613  0.0609  0.0521  0.0571  0.0524
   -1.6309   -0.8931   16.9046   -5.2148    2.1803   -3.9111
eta,q 0.95244 20.44537

---------------------------------------------------------------------
imgreg_4dfp /opt/freesurfer/average/711-2C_as_mni_average_305 /opt/freesurfer/average/711-2B_as_mni_average_305_mask talsrcimg_g11 none talsrcimg_to_711-2C_as_mni_average_305_t4 3335
---------------------------------------------------------------------

freesurfer imgreg_4dfp.c
/opt/freesurfer/average/711-2C_as_mni_average_305.4dfp.img
       256       256       256         1
  1.000000  1.000000  1.000000
orientation T byte_order littleendian
Reading image: /opt/freesurfer/average/711-2C_as_mni_average_305.4dfp.img
dimensions:      256       256       256
mmppix:       1.0000   -1.0000   -1.0000
center:     128.0000 -129.0000 -129.0000
/opt/freesurfer/average/711-2B_as_mni_average_305_mask.4dfp.img
       256       256       256         1
  1.000000  1.000000  1.000000
orientation T byte_order littleendian
Reading mask: /opt/freesurfer/average/711-2B_as_mni_average_305_mask.4dfp.img (2306576 pixels)
talsrcimg_g11.4dfp.img
       320       320       320         1
  0.800000  0.800000  0.800000
orientation T byte_order littleendian
Reading image: talsrcimg_g11.4dfp.img
dimensions:      320       320       320
mmppix:       0.8000   -0.8000   -0.8000
center:     128.0000 -128.8000 -128.8000
fimgreg.f
image alignment mode   3335 decimal      D07 hex
parameters
   -1.6309   -0.8931   16.9046   -0.3051   -0.6694   -0.4860
    7.1377   -3.1599   -6.8160    9.3262    3.8044   -9.0823
eta,q 0.95404 20.72894
niter,ni,del,rscale     5    3    5.0000    1.2000
parameter  4  0.965642 ->  0.500000 qaram    1.1500
parameter  5  0.816412 ->  0.500000 qaram    1.1500
parameter 10  0.526396 ->  0.500000 qaram    1.1500
parameter 12  0.897155 ->  0.500000 qaram    1.1500
parameters
   -1.4775   -0.3768   16.5617   -4.4451   -4.8094   -3.2808
    5.4708   -3.4824   -4.6983    5.1862    3.9845  -13.2223
eta,q 0.96586 20.84652
  0.0520  0.0494  0.0477  0.0367  0.0351  0.0363  0.0367  0.0407  0.0370  0.0350  0.0356  0.0342
  0.0490  0.0477  0.0465  0.0374  0.0355  0.0357  0.0357  0.0373  0.0361  0.0346  0.0350  0.0341
  0.0469  0.0466  0.0458  0.0402  0.0363  0.0354  0.0353  0.0357  0.0356  0.0347  0.0347  0.0343
  0.0460  0.0459  0.0458  0.0457  0.0379  0.0357  0.0354  0.0353  0.0353  0.0352  0.0346  0.0346
  0.0463  0.0458  0.0464  0.0545  0.0407  0.0373  0.0360  0.0361  0.0352  0.0360  0.0347  0.0351
  0.0479  0.0463  0.0475  0.0653  0.0448  0.0424  0.0372  0.0381  0.0353  0.0372  0.0350  0.0356
  0.0508  0.0473  0.0491  0.0763  0.0496  0.0519  0.0390  0.0417  0.0357  0.0391  0.0355  0.0363
niter,ni,del,rscale     7    3    5.0000    1.2000
parameter  2 -1.326783 -> -0.500000 qaram    1.1500
parameters
   -1.1239    1.0032   17.0146   -7.2215   -7.7846   -0.4272
    5.1872   -3.5700   -5.4794    7.3268    5.3875  -15.7694
eta,q 0.96978 20.81656
  0.0381  0.0393  0.0337  0.0348  0.0333  0.0353  0.0325  0.0351  0.0318  0.0382  0.0319  0.0313
  0.0361  0.0374  0.0329  0.0333  0.0325  0.0344  0.0316  0.0323  0.0312  0.0344  0.0313  0.0304
  0.0348  0.0356  0.0325  0.0321  0.0320  0.0332  0.0311  0.0311  0.0309  0.0320  0.0308  0.0302
  0.0341  0.0341  0.0322  0.0322  0.0321  0.0320  0.0308  0.0308  0.0308  0.0308  0.0306  0.0305
  0.0342  0.0329  0.0322  0.0348  0.0336  0.0310  0.0310  0.0313  0.0310  0.0306  0.0305  0.0311
  0.0349  0.0321  0.0324  0.0414  0.0364  0.0306  0.0317  0.0326  0.0316  0.0313  0.0307  0.0320
  0.0363  0.0317  0.0329  0.0525  0.0400  0.0330  0.0330  0.0351  0.0324  0.0330  0.0312  0.0332
niter,ni,del,rscale     7    3    5.0000    1.2000
parameter  2 -0.927338 -> -0.500000 qaram    1.3225
parameters
   -1.0480    2.5902   16.7707   -8.2748  -10.2859   -1.7255
    5.9922   -3.8963   -6.1672    9.5406    5.9123  -17.9481
eta,q 0.97127 20.68662
  0.0328  0.0361  0.0301  0.0333  0.0308  0.0326  0.0312  0.0322  0.0305  0.0360  0.0299  0.0297
  0.0314  0.0338  0.0291  0.0316  0.0296  0.0312  0.0303  0.0304  0.0298  0.0327  0.0294  0.0289
  0.0305  0.0318  0.0286  0.0298  0.0289  0.0299  0.0297  0.0296  0.0294  0.0306  0.0291  0.0287
  0.0302  0.0302  0.0285  0.0285  0.0289  0.0289  0.0294  0.0293  0.0293  0.0293  0.0289  0.0289
  0.0304  0.0290  0.0289  0.0287  0.0302  0.0290  0.0294  0.0297  0.0296  0.0289  0.0289  0.0294
  0.0312  0.0284  0.0296  0.0319  0.0337  0.0328  0.0298  0.0308  0.0301  0.0296  0.0292  0.0301
  0.0325  0.0285  0.0308  0.0401  0.0385  0.0408  0.0306  0.0327  0.0310  0.0313  0.0297  0.0311
niter,ni,del,rscale     7    3    5.0000    1.2000
parameters
   -1.0150    3.9778   16.4016   -7.7866  -11.3470   -2.5362
    6.2005   -3.8463   -6.3681   10.9586    5.8267  -18.8818
eta,q 0.97201 20.65632
  0.0310  0.0343  0.0291  0.0335  0.0312  0.0319  0.0301  0.0317  0.0298  0.0346  0.0289  0.0295
  0.0298  0.0320  0.0284  0.0318  0.0296  0.0306  0.0291  0.0296  0.0289  0.0312  0.0285  0.0283
  0.0290  0.0301  0.0280  0.0298  0.0284  0.0291  0.0285  0.0286  0.0284  0.0292  0.0282  0.0280
  0.0287  0.0287  0.0280  0.0280  0.0277  0.0279  0.0282  0.0282  0.0282  0.0282  0.0281  0.0281
  0.0289  0.0281  0.0283  0.0271  0.0281  0.0276  0.0283  0.0286  0.0284  0.0281  0.0282  0.0284
  0.0297  0.0282  0.0290  0.0286  0.0306  0.0303  0.0289  0.0296  0.0290  0.0292  0.0285  0.0291
  0.0309  0.0292  0.0300  0.0343  0.0350  0.0376  0.0300  0.0316  0.0299  0.0313  0.0290  0.0300
niter,ni,del,rscale     6    3    5.0000    1.2000
parameters
   -0.9838    4.2468   16.1319   -7.5637  -11.2681   -2.8757
    6.3089   -3.7654   -6.3738   11.6723    5.7693  -19.1930
eta,q 0.97210 20.67303
  0.0304  0.0317  0.0290  0.0336  0.0319  0.0320  0.0299  0.0318  0.0296  0.0336  0.0288  0.0298
  0.0291  0.0299  0.0284  0.0318  0.0302  0.0307  0.0289  0.0295  0.0287  0.0305  0.0284  0.0284
  0.0283  0.0286  0.0280  0.0298  0.0288  0.0291  0.0282  0.0283  0.0282  0.0287  0.0280  0.0279
  0.0280  0.0280  0.0280  0.0279  0.0278  0.0278  0.0280  0.0280  0.0280  0.0280  0.0279  0.0279
  0.0282  0.0281  0.0282  0.0272  0.0276  0.0273  0.0281  0.0283  0.0281  0.0282  0.0280  0.0283
  0.0290  0.0290  0.0287  0.0291  0.0290  0.0290  0.0287  0.0294  0.0287  0.0295  0.0283  0.0289
  0.0303  0.0307  0.0296  0.0352  0.0328  0.0355  0.0299  0.0316  0.0296  0.0319  0.0289  0.0298
niter,ni,del,rscale     5    3    5.0000    1.2000
parameters
   -0.9753    4.3686   15.9872   -7.5718  -11.1802   -3.0028
    6.3388   -3.7458   -6.3601   11.9936    5.8111  -19.2879
eta,q 0.97207 20.68070
  0.0304  0.0313  0.0290  0.0335  0.0320  0.0321  0.0298  0.0317  0.0296  0.0332  0.0289  0.0300
  0.0290  0.0296  0.0284  0.0317  0.0303  0.0308  0.0288  0.0294  0.0287  0.0301  0.0284  0.0285
  0.0282  0.0284  0.0280  0.0297  0.0288  0.0293  0.0282  0.0283  0.0281  0.0285  0.0281  0.0279
  0.0279  0.0279  0.0279  0.0279  0.0279  0.0279  0.0279  0.0279  0.0279  0.0279  0.0279  0.0279
  0.0282  0.0282  0.0281  0.0273  0.0277  0.0273  0.0281  0.0283  0.0281  0.0284  0.0280  0.0283
  0.0290  0.0291  0.0285  0.0294  0.0291  0.0287  0.0287  0.0294  0.0286  0.0298  0.0283  0.0289
  0.0304  0.0309  0.0294  0.0359  0.0328  0.0348  0.0299  0.0316  0.0296  0.0323  0.0289  0.0298
niter,ni,del,rscale     4    3    5.0000    1.2000
parameters
   -0.9716    4.4225   15.9305   -7.5788  -11.1562   -3.0553
    6.3472   -3.7563   -6.3670   12.1132    5.8402  -19.3085
eta,q 0.97206 20.68279
  0.0304  0.0312  0.0291  0.0336  0.0319  0.0322  0.0298  0.0317  0.0296  0.0330  0.0289  0.0301
  0.0290  0.0295  0.0285  0.0318  0.0303  0.0308  0.0288  0.0294  0.0287  0.0300  0.0284  0.0285
  0.0282  0.0284  0.0281  0.0297  0.0288  0.0293  0.0282  0.0283  0.0281  0.0284  0.0281  0.0279
  0.0279  0.0279  0.0279  0.0279  0.0279  0.0279  0.0279  0.0279  0.0279  0.0279  0.0279  0.0279
  0.0282  0.0282  0.0281  0.0274  0.0277  0.0273  0.0281  0.0283  0.0281  0.0285  0.0280  0.0283
  0.0290  0.0293  0.0285  0.0294  0.0292  0.0286  0.0287  0.0295  0.0287  0.0300  0.0283  0.0289
  0.0304  0.0311  0.0293  0.0360  0.0329  0.0346  0.0299  0.0317  0.0296  0.0325  0.0289  0.0298
niter,ni,del,rscale     3    3    5.0000    1.2000
parameters
   -0.9717    4.4461   15.9070   -7.5793  -11.1508   -3.0757
    6.3555   -3.7620   -6.3749   12.1560    5.8548  -19.3111
eta,q 0.97205 20.68339
  0.0304  0.0312  0.0292  0.0336  0.0319  0.0322  0.0298  0.0317  0.0296  0.0329  0.0289  0.0302
  0.0291  0.0295  0.0285  0.0318  0.0303  0.0309  0.0288  0.0294  0.0287  0.0299  0.0284  0.0285
  0.0282  0.0284  0.0281  0.0297  0.0289  0.0293  0.0282  0.0283  0.0281  0.0284  0.0281  0.0279
  0.0279  0.0279  0.0279  0.0279  0.0280  0.0279  0.0280  0.0280  0.0280  0.0280  0.0280  0.0280
  0.0282  0.0283  0.0281  0.0274  0.0278  0.0273  0.0281  0.0283  0.0281  0.0285  0.0280  0.0283
  0.0290  0.0293  0.0285  0.0294  0.0292  0.0286  0.0287  0.0295  0.0287  0.0301  0.0283  0.0289
  0.0304  0.0312  0.0292  0.0360  0.0330  0.0345  0.0299  0.0317  0.0296  0.0326  0.0289  0.0298
registration optimization eta report
parameter search radius
    2.4000    3.1740    2.4000    8.2800    8.2800    7.2000
    7.2000    7.2000    7.2000    8.2800    7.2000    8.2800
100000*second partial in parameter space
       42.       32.       22.       10.        7.       11.
        4.        7.        3.        7.        2.        3.
  0.0304  0.0312  0.0292  0.0336  0.0319  0.0322  0.0298  0.0317  0.0296  0.0329  0.0289  0.0302
  0.0291  0.0295  0.0285  0.0318  0.0303  0.0309  0.0288  0.0294  0.0287  0.0299  0.0284  0.0285
  0.0282  0.0284  0.0281  0.0297  0.0289  0.0293  0.0282  0.0283  0.0281  0.0284  0.0281  0.0279
  0.0279  0.0279  0.0279  0.0279  0.0280  0.0279  0.0280  0.0280  0.0280  0.0280  0.0280  0.0280
  0.0282  0.0283  0.0281  0.0274  0.0278  0.0273  0.0281  0.0283  0.0281  0.0285  0.0280  0.0283
  0.0290  0.0293  0.0285  0.0294  0.0292  0.0286  0.0287  0.0295  0.0287  0.0301  0.0283  0.0289
  0.0304  0.0312  0.0292  0.0360  0.0330  0.0345  0.0299  0.0317  0.0296  0.0326  0.0289  0.0298
   -0.9717    4.4461   15.9070   -7.5793  -11.1508   -3.0757
    6.3555   -3.7620   -6.3749   12.1560    5.8548  -19.3111
eta,q 0.97205 20.68339

---------------------------------------------------------------------
imgreg_4dfp /opt/freesurfer/average/711-2C_as_mni_average_305 /opt/freesurfer/average/711-2B_as_mni_average_305_mask talsrcimg_g11 none talsrcimg_to_711-2C_as_mni_average_305_t4 2311
---------------------------------------------------------------------

freesurfer imgreg_4dfp.c
/opt/freesurfer/average/711-2C_as_mni_average_305.4dfp.img
       256       256       256         1
  1.000000  1.000000  1.000000
orientation T byte_order littleendian
Reading image: /opt/freesurfer/average/711-2C_as_mni_average_305.4dfp.img
dimensions:      256       256       256
mmppix:       1.0000   -1.0000   -1.0000
center:     128.0000 -129.0000 -129.0000
/opt/freesurfer/average/711-2B_as_mni_average_305_mask.4dfp.img
       256       256       256         1
  1.000000  1.000000  1.000000
orientation T byte_order littleendian
Reading mask: /opt/freesurfer/average/711-2B_as_mni_average_305_mask.4dfp.img (2306576 pixels)
talsrcimg_g11.4dfp.img
       320       320       320         1
  0.800000  0.800000  0.800000
orientation T byte_order littleendian
Reading image: talsrcimg_g11.4dfp.img
dimensions:      320       320       320
mmppix:       0.8000   -0.8000   -0.8000
center:     128.0000 -128.8000 -128.8000
fimgreg.f
image alignment mode   2311 decimal      907 hex
parameters
   -0.9717    4.4461   15.9070   -7.5793  -11.1508   -3.0757
    6.3555   -3.7620   -6.3749   12.1560    5.8548  -19.3111
eta,q 0.97205 20.68339
niter,ni,del,rscale     5    3    5.0000    0.8000
parameters
   -0.9584    4.4996   15.9207   -5.6560  -10.5447   -2.1314
    5.9736   -3.7350   -6.0352   11.7955    5.2633  -19.5278
eta,q 0.97306 20.76350
  0.0291  0.0288  0.0285  0.0313  0.0291  0.0300  0.0280  0.0297  0.0281  0.0289  0.0275  0.0279
  0.0285  0.0284  0.0282  0.0301  0.0283  0.0290  0.0274  0.0281  0.0275  0.0277  0.0272  0.0272
  0.0281  0.0281  0.0280  0.0289  0.0277  0.0280  0.0271  0.0272  0.0271  0.0271  0.0270  0.0270
  0.0280  0.0280  0.0280  0.0279  0.0273  0.0273  0.0270  0.0270  0.0270  0.0270  0.0270  0.0270
  0.0281  0.0280  0.0280  0.0274  0.0272  0.0269  0.0272  0.0273  0.0270  0.0274  0.0271  0.0272
  0.0284  0.0283  0.0282  0.0275  0.0276  0.0272  0.0276  0.0281  0.0273  0.0282  0.0274  0.0275
  0.0290  0.0287  0.0285  0.0286  0.0286  0.0289  0.0285  0.0296  0.0278  0.0295  0.0278  0.0280
niter,ni,del,rscale     4    3    5.0000    0.7000
parameters
   -1.0095    4.2591   15.8238   -6.0959  -10.6390   -1.8028
    5.9707   -3.5980   -5.9285   11.8130    5.2810  -19.6942
eta,q 0.97312 20.76758
  0.0281  0.0275  0.0274  0.0289  0.0282  0.0293  0.0277  0.0289  0.0276  0.0287  0.0274  0.0277
  0.0274  0.0271  0.0271  0.0280  0.0276  0.0283  0.0273  0.0277  0.0272  0.0276  0.0271  0.0271
  0.0270  0.0269  0.0270  0.0272  0.0272  0.0275  0.0270  0.0271  0.0270  0.0271  0.0270  0.0269
  0.0269  0.0269  0.0269  0.0269  0.0270  0.0270  0.0269  0.0269  0.0269  0.0269  0.0269  0.0269
  0.0271  0.0271  0.0270  0.0272  0.0270  0.0268  0.0270  0.0271  0.0270  0.0271  0.0269  0.0270
  0.0275  0.0275  0.0272  0.0283  0.0275  0.0273  0.0272  0.0276  0.0272  0.0277  0.0271  0.0273
  0.0282  0.0280  0.0276  0.0305  0.0285  0.0291  0.0278  0.0286  0.0276  0.0286  0.0274  0.0277
niter,ni,del,rscale     3    3    5.0000    0.6000
parameters
   -0.9839    4.2238   15.8255   -6.0018  -10.6938   -1.6010
    5.9326   -3.6039   -5.8932   11.8127    5.2392  -19.7856
eta,q 0.97317 20.76936
  0.0277  0.0274  0.0273  0.0287  0.0278  0.0286  0.0275  0.0282  0.0274  0.0282  0.0272  0.0274
  0.0273  0.0271  0.0271  0.0279  0.0273  0.0279  0.0271  0.0274  0.0271  0.0274  0.0270  0.0270
  0.0270  0.0269  0.0269  0.0273  0.0270  0.0273  0.0269  0.0270  0.0269  0.0270  0.0269  0.0269
  0.0269  0.0269  0.0269  0.0269  0.0269  0.0269  0.0268  0.0268  0.0268  0.0268  0.0268  0.0268
  0.0270  0.0270  0.0269  0.0269  0.0269  0.0268  0.0269  0.0270  0.0269  0.0270  0.0269  0.0269
  0.0272  0.0272  0.0271  0.0275  0.0272  0.0272  0.0271  0.0274  0.0271  0.0275  0.0270  0.0272
  0.0277  0.0275  0.0273  0.0288  0.0280  0.0286  0.0275  0.0282  0.0273  0.0281  0.0272  0.0274
niter,ni,del,rscale     2    3    5.0000    0.5000
parameters
   -0.9881    4.1881   15.8194   -5.8925  -10.7042   -1.4125
    5.9121   -3.5947   -5.8551   11.7917    5.1997  -19.8226
eta,q 0.97320 20.77229
  0.0274  0.0272  0.0272  0.0282  0.0274  0.0281  0.0272  0.0278  0.0272  0.0278  0.0271  0.0272
  0.0271  0.0270  0.0270  0.0276  0.0271  0.0275  0.0270  0.0272  0.0270  0.0272  0.0269  0.0270
  0.0269  0.0269  0.0269  0.0271  0.0269  0.0271  0.0268  0.0269  0.0268  0.0269  0.0268  0.0268
  0.0268  0.0268  0.0268  0.0268  0.0268  0.0268  0.0268  0.0268  0.0268  0.0268  0.0268  0.0268
  0.0269  0.0269  0.0269  0.0269  0.0268  0.0268  0.0268  0.0269  0.0268  0.0269  0.0268  0.0269
  0.0271  0.0270  0.0270  0.0273  0.0271  0.0271  0.0270  0.0272  0.0269  0.0272  0.0269  0.0270
  0.0274  0.0273  0.0272  0.0281  0.0275  0.0280  0.0273  0.0278  0.0271  0.0278  0.0271  0.0272
niter,ni,del,rscale     1    3    5.0000    0.4000
parameters
   -0.9929    4.1502   15.8221   -5.8102  -10.7254   -1.2408
    5.8936   -3.5956   -5.8332   11.7455    5.1740  -19.8339
eta,q 0.97324 20.77339
  0.0272  0.0270  0.0270  0.0277  0.0272  0.0276  0.0270  0.0274  0.0270  0.0274  0.0270  0.0271
  0.0270  0.0269  0.0269  0.0273  0.0270  0.0273  0.0269  0.0270  0.0269  0.0270  0.0269  0.0269
  0.0268  0.0268  0.0268  0.0270  0.0268  0.0270  0.0268  0.0268  0.0268  0.0268  0.0268  0.0268
  0.0268  0.0268  0.0268  0.0268  0.0268  0.0268  0.0268  0.0268  0.0268  0.0268  0.0268  0.0268
  0.0268  0.0268  0.0268  0.0268  0.0268  0.0268  0.0268  0.0268  0.0268  0.0269  0.0268  0.0268
  0.0270  0.0269  0.0269  0.0271  0.0269  0.0270  0.0269  0.0271  0.0269  0.0271  0.0269  0.0269
  0.0272  0.0271  0.0270  0.0276  0.0272  0.0275  0.0271  0.0274  0.0270  0.0274  0.0270  0.0270
registration optimization eta report
parameter search radius
    0.8000    0.8000    0.8000    2.4000    2.4000    2.4000
    2.4000    2.4000    2.4000    2.4000    2.4000    2.4000
100000*second partial in parameter space
       61.       41.       34.       15.        7.       14.
        5.       11.        4.       11.        3.        5.
  0.0272  0.0270  0.0270  0.0277  0.0272  0.0276  0.0270  0.0274  0.0270  0.0274  0.0270  0.0271
  0.0270  0.0269  0.0269  0.0273  0.0270  0.0273  0.0269  0.0270  0.0269  0.0270  0.0269  0.0269
  0.0268  0.0268  0.0268  0.0270  0.0268  0.0270  0.0268  0.0268  0.0268  0.0268  0.0268  0.0268
  0.0268  0.0268  0.0268  0.0268  0.0268  0.0268  0.0268  0.0268  0.0268  0.0268  0.0268  0.0268
  0.0268  0.0268  0.0268  0.0268  0.0268  0.0268  0.0268  0.0268  0.0268  0.0269  0.0268  0.0268
  0.0270  0.0269  0.0269  0.0271  0.0269  0.0270  0.0269  0.0271  0.0269  0.0271  0.0269  0.0269
  0.0272  0.0271  0.0270  0.0276  0.0272  0.0275  0.0271  0.0274  0.0270  0.0274  0.0270  0.0270
   -0.9929    4.1502   15.8221   -5.8102  -10.7254   -1.2408
    5.8936   -3.5956   -5.8332   11.7455    5.1740  -19.8339
eta,q 0.97324 20.77339

---------------------------------------------------------------------
imgreg_4dfp /opt/freesurfer/average/711-2C_as_mni_average_305 /opt/freesurfer/average/711-2B_as_mni_average_305_mask talsrcimg_g11 none talsrcimg_to_711-2C_as_mni_average_305_t4 2311
---------------------------------------------------------------------

freesurfer imgreg_4dfp.c
/opt/freesurfer/average/711-2C_as_mni_average_305.4dfp.img
       256       256       256         1
  1.000000  1.000000  1.000000
orientation T byte_order littleendian
Reading image: /opt/freesurfer/average/711-2C_as_mni_average_305.4dfp.img
dimensions:      256       256       256
mmppix:       1.0000   -1.0000   -1.0000
center:     128.0000 -129.0000 -129.0000
/opt/freesurfer/average/711-2B_as_mni_average_305_mask.4dfp.img
       256       256       256         1
  1.000000  1.000000  1.000000
orientation T byte_order littleendian
Reading mask: /opt/freesurfer/average/711-2B_as_mni_average_305_mask.4dfp.img (2306576 pixels)
talsrcimg_g11.4dfp.img
       320       320       320         1
  0.800000  0.800000  0.800000
orientation T byte_order littleendian
Reading image: talsrcimg_g11.4dfp.img
dimensions:      320       320       320
mmppix:       0.8000   -0.8000   -0.8000
center:     128.0000 -128.8000 -128.8000
fimgreg.f
image alignment mode   2311 decimal      907 hex
parameters
   -0.9929    4.1502   15.8221   -5.8102  -10.7254   -1.2408
    5.8936   -3.5956   -5.8332   11.7455    5.1740  -19.8339
eta,q 0.97324 20.77340
niter,ni,del,rscale     5    3    5.0000    0.8000
parameters
   -1.0106    4.0801   15.8612   -6.4197  -11.1240   -1.8385
    6.0119   -3.5887   -5.9503   11.8501    5.3683  -19.8934
eta,q 0.97298 20.74187
  0.0283  0.0277  0.0277  0.0292  0.0283  0.0293  0.0280  0.0293  0.0278  0.0292  0.0277  0.0280
  0.0275  0.0272  0.0272  0.0281  0.0276  0.0283  0.0275  0.0279  0.0274  0.0280  0.0273  0.0273
  0.0269  0.0269  0.0269  0.0272  0.0271  0.0274  0.0272  0.0272  0.0271  0.0273  0.0271  0.0270
  0.0268  0.0268  0.0268  0.0268  0.0269  0.0269  0.0270  0.0270  0.0270  0.0270  0.0270  0.0270
  0.0269  0.0269  0.0269  0.0271  0.0270  0.0270  0.0271  0.0273  0.0271  0.0273  0.0271  0.0272
  0.0275  0.0273  0.0272  0.0287  0.0277  0.0285  0.0274  0.0280  0.0274  0.0279  0.0272  0.0275
  0.0284  0.0280  0.0276  0.0317  0.0292  0.0325  0.0280  0.0293  0.0279  0.0290  0.0276  0.0279
niter,ni,del,rscale     4    3    5.0000    0.7000
parameters
   -0.9765    4.2680   15.8199   -6.0761  -10.8507   -1.8558
    5.9528   -3.6148   -5.9348   11.9656    5.2684  -19.9101
eta,q 0.97310 20.75981
  0.0281  0.0279  0.0276  0.0294  0.0283  0.0291  0.0277  0.0288  0.0276  0.0287  0.0274  0.0277
  0.0275  0.0275  0.0272  0.0284  0.0276  0.0282  0.0273  0.0276  0.0272  0.0277  0.0271  0.0272
  0.0272  0.0272  0.0271  0.0276  0.0272  0.0274  0.0270  0.0271  0.0270  0.0271  0.0270  0.0269
  0.0270  0.0270  0.0270  0.0270  0.0269  0.0269  0.0269  0.0269  0.0269  0.0269  0.0269  0.0269
  0.0271  0.0270  0.0271  0.0269  0.0269  0.0268  0.0270  0.0271  0.0270  0.0271  0.0270  0.0270
  0.0274  0.0272  0.0273  0.0275  0.0272  0.0275  0.0273  0.0277  0.0272  0.0276  0.0271  0.0273
  0.0280  0.0276  0.0276  0.0291  0.0281  0.0297  0.0278  0.0288  0.0276  0.0285  0.0275  0.0276
niter,ni,del,rscale     3    3    5.0000    0.6000
parameters
   -0.9829    4.2617   15.7977   -5.9660  -10.7191   -1.6603
    5.9258   -3.5872   -5.8769   11.9514    5.2111  -19.8965
eta,q 0.97316 20.76995
  0.0277  0.0275  0.0273  0.0287  0.0278  0.0286  0.0275  0.0283  0.0274  0.0282  0.0272  0.0275
  0.0273  0.0272  0.0271  0.0279  0.0274  0.0279  0.0271  0.0274  0.0271  0.0274  0.0270  0.0271
  0.0270  0.0270  0.0269  0.0273  0.0271  0.0273  0.0269  0.0270  0.0269  0.0270  0.0269  0.0269
  0.0269  0.0269  0.0269  0.0269  0.0269  0.0269  0.0268  0.0268  0.0268  0.0268  0.0268  0.0268
  0.0270  0.0270  0.0270  0.0269  0.0269  0.0268  0.0269  0.0270  0.0269  0.0270  0.0269  0.0269
  0.0273  0.0272  0.0271  0.0275  0.0272  0.0272  0.0271  0.0274  0.0270  0.0275  0.0270  0.0271
  0.0277  0.0275  0.0274  0.0288  0.0278  0.0286  0.0275  0.0282  0.0273  0.0282  0.0273  0.0274
niter,ni,del,rscale     2    3    5.0000    0.5000
parameters
   -0.9884    4.2118   15.7964   -5.8807  -10.6940   -1.4461
    5.9058   -3.5800   -5.8477   11.8777    5.1806  -19.8816
eta,q 0.97321 20.77382
  0.0274  0.0272  0.0272  0.0282  0.0275  0.0281  0.0272  0.0278  0.0272  0.0277  0.0271  0.0273
  0.0271  0.0270  0.0270  0.0276  0.0272  0.0276  0.0270  0.0272  0.0270  0.0272  0.0269  0.0270
  0.0269  0.0269  0.0269  0.0271  0.0269  0.0271  0.0269  0.0269  0.0268  0.0269  0.0268  0.0268
  0.0268  0.0268  0.0268  0.0268  0.0268  0.0268  0.0268  0.0268  0.0268  0.0268  0.0268  0.0268
  0.0269  0.0269  0.0269  0.0269  0.0269  0.0268  0.0268  0.0269  0.0268  0.0269  0.0268  0.0269
  0.0271  0.0270  0.0270  0.0273  0.0271  0.0271  0.0270  0.0272  0.0269  0.0273  0.0269  0.0270
  0.0274  0.0273  0.0272  0.0282  0.0275  0.0280  0.0273  0.0278  0.0271  0.0278  0.0271  0.0272
niter,ni,del,rscale     1    3    5.0000    0.4000
parameters
   -0.9910    4.1665   15.8109   -5.8069  -10.7133   -1.2641
    5.8982   -3.5825   -5.8380   11.7882    5.1501  -19.8665
eta,q 0.97323 20.77426
  0.0272  0.0270  0.0270  0.0277  0.0272  0.0277  0.0271  0.0274  0.0270  0.0274  0.0270  0.0271
  0.0270  0.0269  0.0269  0.0273  0.0270  0.0273  0.0269  0.0270  0.0269  0.0270  0.0269  0.0269
  0.0268  0.0268  0.0268  0.0270  0.0268  0.0270  0.0268  0.0268  0.0268  0.0268  0.0268  0.0268
  0.0268  0.0268  0.0268  0.0268  0.0268  0.0268  0.0268  0.0268  0.0268  0.0268  0.0268  0.0268
  0.0268  0.0268  0.0268  0.0268  0.0268  0.0268  0.0268  0.0268  0.0268  0.0269  0.0268  0.0268
  0.0270  0.0269  0.0269  0.0271  0.0269  0.0270  0.0269  0.0271  0.0269  0.0271  0.0269  0.0269
  0.0272  0.0271  0.0270  0.0277  0.0272  0.0275  0.0271  0.0274  0.0270  0.0274  0.0270  0.0270
registration optimization eta report
parameter search radius
    0.8000    0.8000    0.8000    2.4000    2.4000    2.4000
    2.4000    2.4000    2.4000    2.4000    2.4000    2.4000
100000*second partial in parameter space
       61.       42.       34.       15.        7.       14.
        5.       11.        4.       11.        3.        5.
  0.0272  0.0270  0.0270  0.0277  0.0272  0.0277  0.0271  0.0274  0.0270  0.0274  0.0270  0.0271
  0.0270  0.0269  0.0269  0.0273  0.0270  0.0273  0.0269  0.0270  0.0269  0.0270  0.0269  0.0269
  0.0268  0.0268  0.0268  0.0270  0.0268  0.0270  0.0268  0.0268  0.0268  0.0268  0.0268  0.0268
  0.0268  0.0268  0.0268  0.0268  0.0268  0.0268  0.0268  0.0268  0.0268  0.0268  0.0268  0.0268
  0.0268  0.0268  0.0268  0.0268  0.0268  0.0268  0.0268  0.0268  0.0268  0.0269  0.0268  0.0268
  0.0270  0.0269  0.0269  0.0271  0.0269  0.0270  0.0269  0.0271  0.0269  0.0271  0.0269  0.0269
  0.0272  0.0271  0.0270  0.0277  0.0272  0.0275  0.0271  0.0274  0.0270  0.0274  0.0270  0.0270
   -0.9910    4.1665   15.8109   -5.8069  -10.7133   -1.2641
    5.8982   -3.5825   -5.8380   11.7882    5.1501  -19.8665
eta,q 0.97323 20.77426

---------------------------------------------------------------------
compute_vox2vox talsrcimg talsrcimg_to_711-2C_as_mni_average_305_t4 /opt/freesurfer/average/711-2C_as_mni_average_305
---------------------------------------------------------------------

freesurfer compute_vox2vox.c
Reading: talsrcimg.4dfp.ifh
Reading: talsrcimg_to_711-2C_as_mni_average_305_t4
Reading: /opt/freesurfer/average/711-2C_as_mni_average_305.4dfp.ifh
Writing: talsrcimg_to_711-2C_as_mni_average_305_t4_vox2vox.txt

start time Tue Mar 10 18:20:12 CET 2026
end		time Tue Mar 10 18:21:38 CET 2026

mpr2mni305 success

avi2talxfm orig_nu.mgz /opt/freesurfer/average/mni305.cor.mgz talsrcimg_to_711-2C_as_mni_average_305_t4_vox2vox.txt transforms/talairach.auto.xfm
avi2talxfm done
mv -f /out/sourcedata/freesurfer/sub-v2s11x28694_ses-1/mri/talsrcimg_to_711-2C_as_mni_average_305_t4_vox2vox.txt /out/sourcedata/freesurfer/sub-v2s11x28694_ses-1/mri/transforms/talsrcimg_to_711-2C_as_mni_average_305_t4_vox2vox.txt
lta_convert --src orig_nu.mgz --trg /opt/freesurfer/average/mni305.cor.mgz --inxfm transforms/talairach.auto.xfm --outlta transforms/talairach.auto.xfm.lta --subject fsaverage
7.3.2

--src: orig_nu.mgz src image (geometry).
--trg: /opt/freesurfer/average/mni305.cor.mgz trg image (geometry).
--inmni: transforms/talairach.auto.xfm input MNI/XFM transform.
--outlta: transforms/talairach.auto.xfm.lta output LTA.
--s: fsaverage subject name
 LTA read, type : 1
 1.05547   0.04541  -0.05962  -2.28281;
-0.04010   0.98487   0.22178  -14.67834;
 0.07431  -0.12706   1.08681  -11.28519;
 0.00000   0.00000   0.00000   1.00000;
setting subject to fsaverage
Writing  LTA to file transforms/talairach.auto.xfm.lta...
lta_convert successful.
 
 
Started at Tue Mar 10 18:20:12 CET 2026
Ended   at Tue Mar 10 18:21:38 CET 2026
talairach_avi done
