/out/sourcedata/freesurfer/sub-v2s11x28706_ses-1/mri
/opt/freesurfer/bin/talairach_avi
--i orig_nu.mgz --xfm transforms/talairach.auto.xfm
talairach_avi 7.3.2
Linux dna060 5.14.0-427.37.1.el9_4.x86_64 #1 SMP PREEMPT_DYNAMIC Fri Sep 13 12:41:50 EDT 2024 x86_64 x86_64 x86_64 GNU/Linux
Tue Mar 10 20:56:12 CET 2026
mri_convert orig_nu.mgz talsrcimg.img 
reading from orig_nu.mgz...
TR=0.00, TE=0.00, TI=0.00, flip angle=0.00
i_ras = (-1, 0, 0)
j_ras = (0, 0, -1)
k_ras = (0, 1, 0)
writing to talsrcimg.img...
Analyze Output Matrix
-0.80000   0.00000   0.00000   132.11685;
 0.00000   0.00000   0.80000  -132.20575;
 0.00000  -0.80000   0.00000   152.98175;
 0.00000   0.00000   0.00000   1.00000;
--------------------
INFO: set hdr.hist.orient to -1
mpr2mni305 talsrcimg
Tue Mar 10 20:56:13 CET 2026
/opt/freesurfer/bin/mpr2mni305 talsrcimg
mpr2mni305 7.3.2
target=711-2C_as_mni_average_305

---------------------------------------------------------------------
analyzeto4dfp talsrcimg -O0 -y
---------------------------------------------------------------------

freesurfer ifh2hdr.c
Tue Mar 10 20:56:13 2026
Writing: talsrcimg.4dfp.hdr
freesurfer analyzeto4dfp.c
Reading: talsrcimg.hdr
header size 348 bytes
hdr.dime.datatype	offset=70	value=2
hdr.dime.bitpix		offset=72	value=8
hdr.hist.orient		offset=252	value=-1
dimensionality     4
dimensions       320       320       320         1
Reading: talsrcimg.img
Writing: talsrcimg.4dfp.img
Writing: talsrcimg.4dfp.ifh
ifh2hdr talsrcimg -r0to181
ori=2

---------------------------------------------------------------------
gauss_4dfp talsrcimg 1.1
---------------------------------------------------------------------

freesurfer gauss_4dfp.c
Reading: talsrcimg.4dfp.img
Writing: talsrcimg_g11.4dfp.img
image dimensions 320 320 320 padded to 384 384 384
processing volume 1freesurfer ifh2hdr.c
Tue Mar 10 20:56:29 2026
Writing: talsrcimg_g11.4dfp.hdr

Writing: talsrcimg_g11.4dfp.ifh
including: talsrcimg.4dfp.img.rec in talsrcimg_g11.4dfp.img.rec

---------------------------------------------------------------------
imgreg_4dfp /opt/freesurfer/average/711-2C_as_mni_average_305 none talsrcimg_g11 none talsrcimg_to_711-2C_as_mni_average_305_t4 4355
---------------------------------------------------------------------

freesurfer imgreg_4dfp.c
/opt/freesurfer/average/711-2C_as_mni_average_305.4dfp.img
       256       256       256         1
  1.000000  1.000000  1.000000
orientation T byte_order littleendian
Reading image: /opt/freesurfer/average/711-2C_as_mni_average_305.4dfp.img
dimensions:      256       256       256
mmppix:       1.0000   -1.0000   -1.0000
center:     128.0000 -129.0000 -129.0000
talsrcimg_g11.4dfp.img
       320       320       320         1
  0.800000  0.800000  0.800000
orientation T byte_order littleendian
Reading image: talsrcimg_g11.4dfp.img
dimensions:      320       320       320
mmppix:       0.8000   -0.8000   -0.8000
center:     128.0000 -128.8000 -128.8000
t4_read: open error in t4_sub.f l:  41 t4_file(1:l)talsrcimg_to_711-2C_as_mni_average_305_t4 
t4_read: transform initialized to I4
rotation matrix determinant  1.000000
image alignment mode   4355 decimal     1103 hex
   -7.5000  -45.0000  -45.0000 8698.3320   21.2726
    0.0000  -45.0000  -45.0000 9078.0186   21.4379
    7.5000  -45.0000  -45.0000 8672.7676   21.3978
   -7.5000  -37.5000  -45.0000 9255.0547   21.3158
    0.0000  -37.5000  -45.0000 9643.6064   21.4764
    7.5000  -37.5000  -45.0000 9215.7305   21.4389
   -7.5000  -30.0000  -45.000010164.1240   21.4827
    0.0000  -30.0000  -45.000010580.1562   21.6432
    7.5000  -30.0000  -45.000010122.4570   21.6095
   -7.5000  -22.5000  -45.000011063.9434   21.6019
    0.0000  -22.5000  -45.000011532.5303   21.7685
    7.5000  -22.5000  -45.000011030.2334   21.7362
   -7.5000  -15.0000  -45.000011935.9863   21.5679
    0.0000  -15.0000  -45.000012418.1992   21.7388
    7.5000  -15.0000  -45.000011884.6904   21.7031
   -7.5000   -7.5000  -45.000012792.6025   21.4009
    0.0000   -7.5000  -45.000013321.1533   21.5703
    7.5000   -7.5000  -45.000012724.0674   21.5306
   -7.5000    0.0000  -45.000013406.3213   21.2726
    0.0000    0.0000  -45.000013939.0156   21.4379
    7.5000    0.0000  -45.000013321.3350   21.3978
   -7.5000    7.5000  -45.000012868.2578   21.3158
    0.0000    7.5000  -45.000013367.6367   21.4764
    7.5000    7.5000  -45.000012771.4434   21.4389
   -7.5000   15.0000  -45.000012276.3750   21.4827
    0.0000   15.0000  -45.000012736.9600   21.6432
    7.5000   15.0000  -45.000012176.0352   21.6095
   -7.5000   22.5000  -45.000011559.2939   21.5989
    0.0000   22.5000  -45.000011986.3447   21.7655
    7.5000   22.5000  -45.000011452.9551   21.7333
   -7.5000   30.0000  -45.000010739.6895   21.2804
    0.0000   30.0000  -45.000011128.4883   21.4491
    7.5000   30.0000  -45.000010618.6826   21.4139
   -7.5000   37.5000  -45.000010325.4736   21.1157
    0.0000   37.5000  -45.000010689.9541   21.2828
    7.5000   37.5000  -45.000010191.6963   21.2437
   -7.5000   45.0000  -45.0000 9476.7266   20.4561
    0.0000   45.0000  -45.0000 9822.0098   20.6151
    7.5000   45.0000  -45.0000 9333.2852   20.5766
   -7.5000  -45.0000  -37.5000 8979.0039   21.0609
    0.0000  -45.0000  -37.5000 9344.3574   21.2168
    7.5000  -45.0000  -37.5000 8925.7539   21.1737
   -7.5000  -37.5000  -37.5000 9558.2158   21.1004
    0.0000  -37.5000  -37.5000 9946.1055   21.2521
    7.5000  -37.5000  -37.5000 9490.2832   21.2104
   -7.5000  -30.0000  -37.500010487.8779   21.2652
    0.0000  -30.0000  -37.500010902.5752   21.4198
    7.5000  -30.0000  -37.500010424.4893   21.3814
   -7.5000  -22.5000  -37.500011391.4561   21.3860
    0.0000  -22.5000  -37.500011879.4492   21.5500
    7.5000  -22.5000  -37.500011353.0410   21.5149
   -7.5000  -15.0000  -37.500012295.4736   21.3559
    0.0000  -15.0000  -37.500012786.4355   21.5240
    7.5000  -15.0000  -37.500012210.3184   21.4869
   -7.5000   -7.5000  -37.500013165.1660   21.1911
    0.0000   -7.5000  -37.500013708.3330   21.3540
    7.5000   -7.5000  -37.500013062.9150   21.3121
   -7.5000    0.0000  -37.500013801.6553   21.0609
    0.0000    0.0000  -37.500014337.8047   21.2168
    7.5000    0.0000  -37.500013678.3076   21.1737
   -7.5000    7.5000  -37.500013255.1289   21.1004
    0.0000    7.5000  -37.500013740.1113   21.2521
    7.5000    7.5000  -37.500013105.5186   21.2104
   -7.5000   15.0000  -37.500012623.4395   21.2652
    0.0000   15.0000  -37.500013082.8672   21.4198
    7.5000   15.0000  -37.500012487.2363   21.3814
   -7.5000   22.5000  -37.500011885.9434   21.3831
    0.0000   22.5000  -37.500012303.8242   21.5471
    7.5000   22.5000  -37.500011745.1436   21.5119
   -7.5000   30.0000  -37.500011054.4951   21.0713
    0.0000   30.0000  -37.500011433.9541   21.2372
    7.5000   30.0000  -37.500010896.6504   21.2005
   -7.5000   37.5000  -37.500010621.5586   20.9087
    0.0000   37.5000  -37.500010967.7246   21.0694
    7.5000   37.5000  -37.500010441.8701   21.0281
   -7.5000   45.0000  -37.5000 9769.9629   20.2526
    0.0000   45.0000  -37.500010074.2500   20.4025
    7.5000   45.0000  -37.5000 9553.1387   20.3611
   -7.5000  -45.0000  -30.0000 9657.6553   21.4396
    0.0000  -45.0000  -30.000010035.0303   21.5902
    7.5000  -45.0000  -30.0000 9572.2852   21.5416
   -7.5000  -37.5000  -30.000010275.1973   21.4814
    0.0000  -37.5000  -30.000010669.6016   21.6314
    7.5000  -37.5000  -30.000010169.5020   21.5826
   -7.5000  -30.0000  -30.000011258.5264   21.6547
    0.0000  -30.0000  -30.000011692.9580   21.8108
    7.5000  -30.0000  -30.000011175.4971   21.7642
   -7.5000  -22.5000  -30.000012244.9336   21.7811
    0.0000  -22.5000  -30.000012758.1602   21.9467
    7.5000  -22.5000  -30.000012178.7754   21.9042
   -7.5000  -15.0000  -30.000013204.2070   21.7500
    0.0000  -15.0000  -30.000013749.6572   21.9163
    7.5000  -15.0000  -30.000013086.8213   21.8739
   -7.5000   -7.5000  -30.000014151.7344   21.5770
    0.0000   -7.5000  -30.000014736.5781   21.7346
    7.5000   -7.5000  -30.000014000.1465   21.6885
   -7.5000    0.0000  -30.000014796.9570   21.4396
    0.0000    0.0000  -30.000015369.3262   21.5902
    7.5000    0.0000  -30.000014620.2148   21.5416
   -7.5000    7.5000  -30.000014200.2432   21.4814
    0.0000    7.5000  -30.000014736.7471   21.6314
    7.5000    7.5000  -30.000014016.5752   21.5826
   -7.5000   15.0000  -30.000013544.2646   21.6547
    0.0000   15.0000  -30.000014055.9346   21.8108
    7.5000   15.0000  -30.000013372.1387   21.7642
   -7.5000   22.5000  -30.000012741.4814   21.7759
    0.0000   22.5000  -30.000013214.9268   21.9414
    7.5000   22.5000  -30.000012576.5898   21.8990
   -7.5000   30.0000  -30.000011852.5596   21.4622
    0.0000   30.0000  -30.000012253.3525   21.6263
    7.5000   30.0000  -30.000011639.7471   21.5845
   -7.5000   37.5000  -30.000011347.8301   21.2915
    0.0000   37.5000  -30.000011728.7803   21.4470
    7.5000   37.5000  -30.000011131.7314   21.4015
   -7.5000   45.0000  -30.000010428.2012   20.6318
    0.0000   45.0000  -30.000010750.7793   20.7768
    7.5000   45.0000  -30.000010170.1543   20.7300
   -7.5000  -45.0000  -22.500010301.8994   21.6793
    0.0000  -45.0000  -22.500010678.6660   21.8289
    7.5000  -45.0000  -22.500010178.5615   21.7764
   -7.5000  -37.5000  -22.500010959.3945   21.7215
    0.0000  -37.5000  -22.500011377.1748   21.8729
    7.5000  -37.5000  -22.500010833.8936   21.8191
   -7.5000  -30.0000  -22.500012020.2793   21.9043
    0.0000  -30.0000  -22.500012502.6055   22.0611
    7.5000  -30.0000  -22.500011909.5625   22.0081
   -7.5000  -22.5000  -22.500013106.1484   22.0387
    0.0000  -22.5000  -22.500013632.6602   22.2009
    7.5000  -22.5000  -22.500012970.4512   22.1514
   -7.5000  -15.0000  -22.500014140.3350   22.0072
    0.0000  -15.0000  -22.500014719.7383   22.1677
    7.5000  -15.0000  -22.500013943.0811   22.1199
   -7.5000   -7.5000  -22.500015148.1191   21.8261
    0.0000   -7.5000  -22.500015744.2188   21.9793
    7.5000   -7.5000  -22.500014908.8760   21.9293
   -7.5000    0.0000  -22.500015800.7939   21.6793
    0.0000    0.0000  -22.500016405.8086   21.8289
    7.5000    0.0000  -22.500015564.5781   21.7764
   -7.5000    7.5000  -22.500015144.3027   21.7215
    0.0000    7.5000  -22.500015744.9307   21.8729
    7.5000    7.5000  -22.500014910.5674   21.8191
   -7.5000   15.0000  -22.500014448.9805   21.9043
    0.0000   15.0000  -22.500015017.9336   22.0611
    7.5000   15.0000  -22.500014217.7666   22.0081
   -7.5000   22.5000  -22.500013596.1748   22.0319
    0.0000   22.5000  -22.500014111.1846   22.1941
    7.5000   22.5000  -22.500013347.3770   22.1445
   -7.5000   30.0000  -22.500012640.5186   21.7194
    0.0000   30.0000  -22.500013082.4932   21.8778
    7.5000   30.0000  -22.500012365.8916   21.8306
   -7.5000   37.5000  -22.500012090.4912   21.5406
    0.0000   37.5000  -22.500012494.0869   21.6918
    7.5000   37.5000  -22.500011806.0771   21.6425
   -7.5000   45.0000  -22.500011077.6094   20.8783
    0.0000   45.0000  -22.500011422.0498   21.0223
    7.5000   45.0000  -22.500010770.9893   20.9718
   -7.5000  -45.0000  -15.000010959.2500   21.7273
    0.0000  -45.0000  -15.000011360.5146   21.8831
    7.5000  -45.0000  -15.000010819.8564   21.8310
   -7.5000  -37.5000  -15.000011675.1094   21.7671
    0.0000  -37.5000  -15.000012108.8750   21.9236
    7.5000  -37.5000  -15.000011512.9883   21.8708
   -7.5000  -30.0000  -15.000012786.5635   21.9536
    0.0000  -30.0000  -15.000013299.0576   22.1120
    7.5000  -30.0000  -15.000012636.7568   22.0599
   -7.5000  -22.5000  -15.000013942.0908   22.0927
    0.0000  -22.5000  -15.000014490.3037   22.2535
    7.5000  -22.5000  -15.000013751.5107   22.2037
   -7.5000  -15.0000  -15.000015042.6367   22.0622
    0.0000  -15.0000  -15.000015648.7100   22.2223
    7.5000  -15.0000  -15.000014789.9629   22.1734
   -7.5000   -7.5000  -15.000016113.8564   21.8786
    0.0000   -7.5000  -15.000016720.7012   22.0357
    7.5000   -7.5000  -15.000015820.4219   21.9855
   -7.5000    0.0000  -15.000016815.2852   21.7273
    0.0000    0.0000  -15.000017445.5801   21.8831
    7.5000    0.0000  -15.000016501.7734   21.8310
   -7.5000    7.5000  -15.000016117.9092   21.7671
    0.0000    7.5000  -15.000016757.9316   21.9236
    7.5000    7.5000  -15.000015820.2197   21.8708
   -7.5000   15.0000  -15.000015364.6914   21.9536
    0.0000   15.0000  -15.000015971.5859   22.1120
    7.5000   15.0000  -15.000015096.0713   22.0599
   -7.5000   22.5000  -15.000014448.4873   22.0849
    0.0000   22.5000  -15.000014996.8262   22.2457
    7.5000   22.5000  -15.000014133.2285   22.1958
   -7.5000   30.0000  -15.000013427.8555   21.7767
    0.0000   30.0000  -15.000013909.9199   21.9347
    7.5000   30.0000  -15.000013080.6270   21.8864
   -7.5000   37.5000  -15.000012820.5996   21.5955
    0.0000   37.5000  -15.000013253.6738   21.7505
    7.5000   37.5000  -15.000012475.4209   21.7010
   -7.5000   45.0000  -15.000011698.1621   20.9371
    0.0000   45.0000  -15.000012061.6025   21.0873
    7.5000   45.0000  -15.000011373.7197   21.0371
   -7.5000  -45.0000   -7.500011629.9678   21.5472
    0.0000  -45.0000   -7.500012081.6670   21.7105
    7.5000  -45.0000   -7.500011497.1035   21.6600
   -7.5000  -37.5000   -7.500012401.5439   21.5847
    0.0000  -37.5000   -7.500012886.9424   21.7458
    7.5000  -37.5000   -7.500012249.4141   21.6969
   -7.5000  -30.0000   -7.500013557.8711   21.7672
    0.0000  -30.0000   -7.500014125.4580   21.9281
    7.5000  -30.0000   -7.500013424.8252   21.8813
   -7.5000  -22.5000   -7.500014777.3633   21.9045
    0.0000  -22.5000   -7.500015374.8389   22.0683
    7.5000  -22.5000   -7.500014595.4795   22.0222
   -7.5000  -15.0000   -7.500015943.1611   21.8752
    0.0000  -15.0000   -7.500016554.0566   22.0406
    7.5000  -15.0000   -7.500015677.5371   21.9928
   -7.5000   -7.5000   -7.500017062.0645   21.6959
    0.0000   -7.5000   -7.500017668.3301   21.8606
    7.5000   -7.5000   -7.500016745.6074   21.8106
   -7.5000    0.0000   -7.500017827.3359   21.5472
    0.0000    0.0000   -7.500018481.4121   21.7105
    7.5000    0.0000   -7.500017489.2031   21.6600
   -7.5000    7.5000   -7.500017092.0547   21.5847
    0.0000    7.5000   -7.500017749.7383   21.7458
    7.5000    7.5000   -7.500016791.8047   21.6969
   -7.5000   15.0000   -7.500016300.4170   21.7672
    0.0000   15.0000   -7.500016925.9824   21.9281
    7.5000   15.0000   -7.500015978.2188   21.8813
   -7.5000   22.5000   -7.500015307.5449   21.8944
    0.0000   22.5000   -7.500015864.0635   22.0581
    7.5000   22.5000   -7.500014933.0732   22.0120
   -7.5000   30.0000   -7.500014219.0479   21.5915
    0.0000   30.0000   -7.500014721.3047   21.7548
    7.5000   30.0000   -7.500013836.8018   21.7076
   -7.5000   37.5000   -7.500013549.0908   21.4145
    0.0000   37.5000   -7.500014017.3750   21.5771
    7.5000   37.5000   -7.500013171.8945   21.5278
   -7.5000   45.0000   -7.500012330.8516   20.7674
    0.0000   45.0000   -7.500012736.7207   20.9249
    7.5000   45.0000   -7.500012003.2100   20.8762
   -7.5000  -45.0000    0.000012241.4814   21.2350
    0.0000  -45.0000    0.000012757.9150   21.3979
    7.5000  -45.0000    0.000012135.8574   21.3469
   -7.5000  -37.5000    0.000013019.8643   21.2710
    0.0000  -37.5000    0.000013571.6270   21.4299
    7.5000  -37.5000    0.000012901.9404   21.3815
   -7.5000  -30.0000    0.000014261.0645   21.4467
    0.0000  -30.0000    0.000014920.9238   21.6058
    7.5000  -30.0000    0.000014158.2090   21.5609
   -7.5000  -22.5000    0.000015584.2090   21.5794
    0.0000  -22.5000    0.000016248.6816   21.7441
    7.5000  -22.5000    0.000015383.8115   21.7003
   -7.5000  -15.0000    0.000016755.8340   21.5518
    0.0000  -15.0000    0.000017375.5840   21.7202
    7.5000  -15.0000    0.000016504.0703   21.6730
   -7.5000   -7.5000    0.000017888.8945   21.3787
    0.0000   -7.5000    0.000018541.0391   21.5455
    7.5000   -7.5000    0.000017638.0098   21.4946
   -7.5000    0.0000    0.000018664.2148   21.2350
    0.0000    0.0000    0.000019397.1016   21.3979
    7.5000    0.0000    0.000018401.8008   21.3469
   -7.5000    7.5000    0.000017936.5703   21.2710
    0.0000    7.5000    0.000018620.6875   21.4299
    7.5000    7.5000    0.000017635.3594   21.3815
   -7.5000   15.0000    0.000017096.1895   21.4467
    0.0000   15.0000    0.000017738.1680   21.6058
    7.5000   15.0000    0.000016770.6133   21.5609
   -7.5000   22.5000    0.000016029.7051   21.5694
    0.0000   22.5000    0.000016622.0605   21.7341
    7.5000   22.5000    0.000015659.1475   21.6903
   -7.5000   30.0000    0.000014885.0000   21.2729
    0.0000   30.0000    0.000015423.2539   21.4391
    7.5000   30.0000    0.000014511.7979   21.3926
   -7.5000   37.5000    0.000014214.7139   21.1020
    0.0000   37.5000    0.000014700.2812   21.2666
    7.5000   37.5000    0.000013843.5078   21.2164
   -7.5000   45.0000    0.000012961.1328   20.4680
    0.0000   45.0000    0.000013364.9443   20.6251
    7.5000   45.0000    0.000012609.5576   20.5759
   -7.5000  -45.0000    7.500012029.4453   21.6466
    0.0000  -45.0000    7.500012530.2607   21.8068
    7.5000  -45.0000    7.500011928.9668   21.7541
   -7.5000  -37.5000    7.500012762.4658   21.6829
    0.0000  -37.5000    7.500013304.5596   21.8393
    7.5000  -37.5000    7.500012670.1943   21.7881
   -7.5000  -30.0000    7.500014108.7852   21.8596
    0.0000  -30.0000    7.500014692.8848   22.0189
    7.5000  -30.0000    7.500013911.0732   21.9710
   -7.5000  -22.5000    7.500015589.1748   21.9934
    0.0000  -22.5000    7.500016100.8604   22.1619
    7.5000  -22.5000    7.500015211.1006   22.1171
   -7.5000  -15.0000    7.500016495.3848   21.9662
    0.0000  -15.0000    7.500017060.2188   22.1385
    7.5000  -15.0000    7.500016321.3975   22.0916
   -7.5000   -7.5000    7.500017446.2324   21.7916
    0.0000   -7.5000    7.500018107.9707   21.9586
    7.5000   -7.5000    7.500017364.8750   21.9071
   -7.5000    0.0000    7.500018225.2500   21.6466
    0.0000    0.0000    7.500018965.4629   21.8068
    7.5000    0.0000    7.500018097.9336   21.7541
   -7.5000    7.5000    7.500017545.2637   21.6829
    0.0000    7.5000    7.500018224.7383   21.8393
    7.5000    7.5000    7.500017351.1055   21.7881
   -7.5000   15.0000    7.500016724.9883   21.8596
    0.0000   15.0000    7.500017361.7227   22.0189
    7.5000   15.0000    7.500016501.1387   21.9710
   -7.5000   22.5000    7.500015684.0068   21.9833
    0.0000   22.5000    7.500016272.9258   22.1517
    7.5000   22.5000    7.500015431.3164   22.1069
   -7.5000   30.0000    7.500014593.8623   21.6819
    0.0000   30.0000    7.500015117.4795   21.8520
    7.5000   30.0000    7.500014302.6641   21.8057
   -7.5000   37.5000    7.500013992.9990   21.5096
    0.0000   37.5000    7.500014444.5439   21.6745
    7.5000   37.5000    7.500013638.0576   21.6236
   -7.5000   45.0000    7.500012770.3467   20.8648
    0.0000   45.0000    7.500013166.5049   21.0193
    7.5000   45.0000    7.500012421.2441   20.9685
   -7.5000  -45.0000   15.000011659.9707   22.0913
    0.0000  -45.0000   15.000012144.3281   22.2449
    7.5000  -45.0000   15.000011549.2402   22.1884
   -7.5000  -37.5000   15.000012404.3320   22.1276
    0.0000  -37.5000   15.000012897.1875   22.2805
    7.5000  -37.5000   15.000012279.8682   22.2240
   -7.5000  -30.0000   15.000013765.6533   22.3087
    0.0000  -30.0000   15.000014344.5811   22.4678
    7.5000  -30.0000   15.000013494.6953   22.4134
   -7.5000  -22.5000   15.000015125.2197   22.4468
    0.0000  -22.5000   15.000015746.9570   22.6153
    7.5000  -22.5000   15.000014844.9756   22.5650
   -7.5000  -15.0000   15.000015860.8301   22.4203
    0.0000  -15.0000   15.000016532.2539   22.5895
    7.5000  -15.0000   15.000015983.4854   22.5393
   -7.5000   -7.5000   15.000016738.1113   22.2414
    0.0000   -7.5000   15.000017440.2363   22.4019
    7.5000   -7.5000   15.000016989.2383   22.3479
   -7.5000    0.0000   15.000017556.2500   22.0913
    0.0000    0.0000   15.000018271.5410   22.2449
    7.5000    0.0000   15.000017703.3535   22.1884
   -7.5000    7.5000   15.000016952.6055   22.1276
    0.0000    7.5000   15.000017642.0820   22.2805
    7.5000    7.5000   15.000017016.1484   22.2240
   -7.5000   15.0000   15.000016225.4414   22.3087
    0.0000   15.0000   15.000016870.9922   22.4678
    7.5000   15.0000   15.000016183.1914   22.4134
   -7.5000   22.5000   15.000015208.0547   22.4364
    0.0000   22.5000   15.000015823.2930   22.6048
    7.5000   22.5000   15.000015066.5117   22.5546
   -7.5000   30.0000   15.000014162.0605   22.1302
    0.0000   30.0000   15.000014708.4375   22.2972
    7.5000   30.0000   15.000013909.5781   22.2476
   -7.5000   37.5000   15.000013580.9492   21.9535
    0.0000   37.5000   15.000014072.6826   22.1120
    7.5000   37.5000   15.000013244.5918   22.0586
   -7.5000   45.0000   15.000012384.7852   21.2934
    0.0000   45.0000   15.000012794.2959   21.4415
    7.5000   45.0000   15.000012050.3809   21.3871
   -7.5000  -45.0000   22.500011233.2666   22.5299
    0.0000  -45.0000   22.500011686.2158   22.6812
    7.5000  -45.0000   22.500011111.2451   22.6219
   -7.5000  -37.5000   22.500011992.8643   22.5641
    0.0000  -37.5000   22.500012436.4570   22.7175
    7.5000  -37.5000   22.500011815.6660   22.6570
   -7.5000  -30.0000   22.500013210.9404   22.7511
    0.0000  -30.0000   22.500013764.9092   22.9099
    7.5000  -30.0000   22.500013029.2129   22.8504
   -7.5000  -22.5000   22.500014257.6074   22.8961
    0.0000  -22.5000   22.500014886.9814   23.0604
    7.5000  -22.5000   22.500014289.6074   23.0043
   -7.5000  -15.0000   22.500015160.2617   22.8714
    0.0000  -15.0000   22.500015813.6680   23.0338
    7.5000  -15.0000   22.500015412.3877   22.9793
   -7.5000   -7.5000   22.500016275.0352   22.6877
    0.0000   -7.5000   22.500016881.8828   22.8426
    7.5000   -7.5000   22.500016444.5605   22.7858
   -7.5000    0.0000   22.500017086.0312   22.5299
    0.0000    0.0000   22.500017716.0156   22.6812
    7.5000    0.0000   22.500017137.0684   22.6219
   -7.5000    7.5000   22.500016470.3945   22.5641
    0.0000    7.5000   22.500017091.5312   22.7175
    7.5000    7.5000   22.500016455.7676   22.6570
   -7.5000   15.0000   22.500015676.8262   22.7511
    0.0000   15.0000   22.500016305.3105   22.9099
    7.5000   15.0000   22.500015616.2236   22.8504
   -7.5000   22.5000   22.500014652.9092   22.8856
    0.0000   22.5000   22.500015259.7539   23.0498
    7.5000   22.5000   22.500014520.3135   22.9937
   -7.5000   30.0000   22.500013643.2539   22.5754
    0.0000   30.0000   22.500014183.5225   22.7357
    7.5000   30.0000   22.500013421.6934   22.6819
   -7.5000   37.5000   22.500013048.6465   22.3941
    0.0000   37.5000   22.500013543.1289   22.5470
    7.5000   37.5000   22.500012784.1719   22.4909
   -7.5000   45.0000   22.500011905.4854   21.7162
    0.0000   45.0000   22.500012333.9189   21.8621
    7.5000   45.0000   22.500011618.9648   21.8049
   -7.5000  -45.0000   30.000010711.7207   23.0035
    0.0000  -45.0000   30.000011108.9658   23.1623
    7.5000  -45.0000   30.000010571.2471   23.1047
   -7.5000  -37.5000   30.000011448.2949   23.0343
    0.0000  -37.5000   30.000011871.3125   23.1939
    7.5000  -37.5000   30.000011265.0508   23.1359
   -7.5000  -30.0000   30.000012522.1318   23.2237
    0.0000  -30.0000   30.000013065.6621   23.3851
    7.5000  -30.0000   30.000012412.0088   23.3281
   -7.5000  -22.5000   30.000013517.1709   23.3733
    0.0000  -22.5000   30.000014104.0938   23.5372
    7.5000  -22.5000   30.000013561.9092   23.4822
   -7.5000  -15.0000   30.000014541.2920   23.3503
    0.0000  -15.0000   30.000015156.9883   23.5132
    7.5000  -15.0000   30.000014612.6631   23.4590
   -7.5000   -7.5000   30.000015637.6211   23.1654
    0.0000   -7.5000   30.000016263.6709   23.3251
    7.5000   -7.5000   30.000015639.6465   23.2695
   -7.5000    0.0000   30.000016378.8643   23.0035
    0.0000    0.0000   30.000017034.6465   23.1623
    7.5000    0.0000   30.000016308.8125   23.1047
   -7.5000    7.5000   30.000015737.8750   23.0343
    0.0000    7.5000   30.000016377.3262   23.1939
    7.5000    7.5000   30.000015641.7725   23.1359
   -7.5000   15.0000   30.000014950.3945   23.2237
    0.0000   15.0000   30.000015588.1650   23.3851
    7.5000   15.0000   30.000014857.9277   23.3281
   -7.5000   22.5000   30.000013969.7979   23.3626
    0.0000   22.5000   30.000014564.7734   23.5263
    7.5000   22.5000   30.000013855.7168   23.4714
   -7.5000   30.0000   30.000012961.8232   23.0481
    0.0000   30.0000   30.000013509.5781   23.2089
    7.5000   30.0000   30.000012827.8418   23.1554
   -7.5000   37.5000   30.000012335.5000   22.8656
    0.0000   37.5000   30.000012861.1660   23.0232
    7.5000   37.5000   30.000012219.0410   22.9683
   -7.5000   45.0000   30.000011273.5811   22.1727
    0.0000   45.0000   30.000011733.4062   22.3258
    7.5000   45.0000   30.000011115.0361   22.2703
   -7.5000  -45.0000   37.500010560.2578   23.1285
    0.0000  -45.0000   37.500010966.8311   23.2950
    7.5000  -45.0000   37.500010379.1611   23.2397
   -7.5000  -37.5000   37.500011267.0303   23.1541
    0.0000  -37.5000   37.500011712.9736   23.3184
    7.5000  -37.5000   37.500011066.2578   23.2656
   -7.5000  -30.0000   37.500012289.5000   23.3374
    0.0000  -30.0000   37.500012823.8848   23.5015
    7.5000  -30.0000   37.500012179.4453   23.4512
   -7.5000  -22.5000   37.500013332.2998   23.4864
    0.0000  -22.5000   37.500013867.0527   23.6533
    7.5000  -22.5000   37.500013253.9512   23.6035
   -7.5000  -15.0000   37.500014352.9453   23.4673
    0.0000  -15.0000   37.500014917.2939   23.6357
    7.5000  -15.0000   37.500014262.6689   23.5834
   -7.5000   -7.5000   37.500015379.2412   23.2884
    0.0000   -7.5000   37.500015975.8291   23.4562
    7.5000   -7.5000   37.500015286.6084   23.4011
   -7.5000    0.0000   37.500016084.4492   23.1285
    0.0000    0.0000   37.500016700.8730   23.2950
    7.5000    0.0000   37.500015962.5654   23.2397
   -7.5000    7.5000   37.500015459.2344   23.1541
    0.0000    7.5000   37.500016057.8311   23.3184
    7.5000    7.5000   37.500015330.9990   23.2656
   -7.5000   15.0000   37.500014695.5205   23.3374
    0.0000   15.0000   37.500015294.4629   23.5015
    7.5000   15.0000   37.500014587.5254   23.4512
   -7.5000   22.5000   37.500013730.1074   23.4756
    0.0000   22.5000   37.500014300.1074   23.6424
    7.5000   22.5000   37.500013604.6279   23.5926
   -7.5000   30.0000   37.500012707.0557   23.1636
    0.0000   30.0000   37.500013248.5830   23.3298
    7.5000   30.0000   37.500012592.0732   23.2781
   -7.5000   37.5000   37.500012102.2383   22.9870
    0.0000   37.5000   37.500012604.3691   23.1526
    7.5000   37.5000   37.500011978.9482   23.0982
   -7.5000   45.0000   37.500011047.4502   22.2932
    0.0000   45.0000   37.500011483.1260   22.4537
    7.5000   45.0000   37.500010897.1787   22.4004
   -7.5000  -45.0000   45.000010006.4053   23.6841
    0.0000  -45.0000   45.000010392.7305   23.8581
    7.5000  -45.0000   45.0000 9819.6064   23.8026
   -7.5000  -37.5000   45.000010649.8252   23.7091
    0.0000  -37.5000   45.000011055.0596   23.8780
    7.5000  -37.5000   45.000010459.8350   23.8262
   -7.5000  -30.0000   45.000011601.6279   23.8904
    0.0000  -30.0000   45.000012059.4209   24.0590
    7.5000  -30.0000   45.000011480.1738   24.0115
   -7.5000  -22.5000   45.000012592.1514   24.0383
    0.0000  -22.5000   45.000013066.8770   24.2136
    7.5000  -22.5000   45.000012469.7100   24.1672
   -7.5000  -15.0000   45.000013554.1650   24.0195
    0.0000  -15.0000   45.000014075.1777   24.1995
    7.5000  -15.0000   45.000013424.3711   24.1486
   -7.5000   -7.5000   45.000014506.0664   23.8423
    0.0000   -7.5000   45.000015083.8301   24.0207
    7.5000   -7.5000   45.000014397.0439   23.9650
   -7.5000    0.0000   45.000015192.0859   23.6841
    0.0000    0.0000   45.000015776.5078   23.8581
    7.5000    0.0000   45.000015084.9590   23.8026
   -7.5000    7.5000   45.000014594.2061   23.7091
    0.0000    7.5000   45.000015179.3721   23.8780
    7.5000    7.5000   45.000014502.6221   23.8262
   -7.5000   15.0000   45.000013886.0039   23.8904
    0.0000   15.0000   45.000014445.8223   24.0590
    7.5000   15.0000   45.000013773.0820   24.0115
   -7.5000   22.5000   45.000012972.6973   24.0271
    0.0000   22.5000   45.000013505.6436   24.2024
    7.5000   22.5000   45.000012857.3291   24.1559
   -7.5000   30.0000   45.000012004.4404   23.7066
    0.0000   30.0000   45.000012482.7646   23.8842
    7.5000   30.0000   45.000011881.6602   23.8340
   -7.5000   37.5000   45.000011433.6533   23.5317
    0.0000   37.5000   45.000011880.2041   23.7077
    7.5000   37.5000   45.000011305.4375   23.6528
   -7.5000   45.0000   45.000010437.4268   22.8391
    0.0000   45.0000   45.000010831.4902   23.0068
    7.5000   45.0000   45.000010299.7344   22.9533

---------------------------------------------------------------------
imgreg_4dfp /opt/freesurfer/average/711-2C_as_mni_average_305 /opt/freesurfer/average/711-2B_as_mni_average_305_mask talsrcimg_g11 none talsrcimg_to_711-2C_as_mni_average_305_t4 4355
---------------------------------------------------------------------

freesurfer imgreg_4dfp.c
/opt/freesurfer/average/711-2C_as_mni_average_305.4dfp.img
       256       256       256         1
  1.000000  1.000000  1.000000
orientation T byte_order littleendian
Reading image: /opt/freesurfer/average/711-2C_as_mni_average_305.4dfp.img
dimensions:      256       256       256
mmppix:       1.0000   -1.0000   -1.0000
center:     128.0000 -129.0000 -129.0000
/opt/freesurfer/average/711-2B_as_mni_average_305_mask.4dfp.img
       256       256       256         1
  1.000000  1.000000  1.000000
orientation T byte_order littleendian
Reading mask: /opt/freesurfer/average/711-2B_as_mni_average_305_mask.4dfp.img (2306576 pixels)
talsrcimg_g11.4dfp.img
       320       320       320         1
  0.800000  0.800000  0.800000
orientation T byte_order littleendian
Reading image: talsrcimg_g11.4dfp.img
dimensions:      320       320       320
mmppix:       0.8000   -0.8000   -0.8000
center:     128.0000 -128.8000 -128.8000
rotation matrix determinant  1.000000
image alignment mode   4355 decimal     1103 hex
   -7.5000  -45.0000  -45.0000 2453.7263   31.9289
    0.0000  -45.0000  -45.0000 2454.1191   31.7965
    7.5000  -45.0000  -45.0000 2448.4849   32.0671
   -7.5000  -37.5000  -45.0000 2513.6565   29.8097
    0.0000  -37.5000  -45.0000 2516.2083   29.6893
    7.5000  -37.5000  -45.0000 2510.7092   29.9736
   -7.5000  -30.0000  -45.0000 2561.3042   28.1775
    0.0000  -30.0000  -45.0000 2560.8582   28.0254
    7.5000  -30.0000  -45.0000 2553.6311   28.2628
   -7.5000  -22.5000  -45.0000 2595.2080   26.8383
    0.0000  -22.5000  -45.0000 2591.8745   26.7027
    7.5000  -22.5000  -45.0000 2586.1326   26.9612
   -7.5000  -15.0000  -45.0000 2611.9856   26.0677
    0.0000  -15.0000  -45.0000 2609.6538   25.9053
    7.5000  -15.0000  -45.0000 2602.7656   26.1609
   -7.5000   -7.5000  -45.0000 2608.1558   25.6687
    0.0000   -7.5000  -45.0000 2604.7292   25.5001
    7.5000   -7.5000  -45.0000 2603.3982   25.8096
   -7.5000    0.0000  -45.0000 2605.8176   25.7189
    0.0000    0.0000  -45.0000 2598.6125   25.5015
    7.5000    0.0000  -45.0000 2597.1272   25.8475
   -7.5000    7.5000  -45.0000 2589.7891   26.2109
    0.0000    7.5000  -45.0000 2578.1995   25.9431
    7.5000    7.5000  -45.0000 2580.7109   26.2794
   -7.5000   15.0000  -45.0000 2554.0454   27.1275
    0.0000   15.0000  -45.0000 2544.9229   26.8688
    7.5000   15.0000  -45.0000 2546.3110   27.1931
   -7.5000   22.5000  -45.0000 2493.5791   28.5671
    0.0000   22.5000  -45.0000 2487.5049   28.2712
    7.5000   22.5000  -45.0000 2491.1409   28.6758
   -7.5000   30.0000  -45.0000 2425.2612   30.4850
    0.0000   30.0000  -45.0000 2422.8596   30.2601
    7.5000   30.0000  -45.0000 2421.1685   30.5914
   -7.5000   37.5000  -45.0000 2363.2441   32.8467
    0.0000   37.5000  -45.0000 2361.3398   32.6186
    7.5000   37.5000  -45.0000 2355.6951   32.8849
   -7.5000   45.0000  -45.0000 2269.8933   35.7977
    0.0000   45.0000  -45.0000 2275.0154   35.6832
    7.5000   45.0000  -45.0000 2260.1133   35.8349
   -7.5000  -45.0000  -37.5000 2477.8420   30.5319
    0.0000  -45.0000  -37.5000 2476.1797   30.4086
    7.5000  -45.0000  -37.5000 2474.3550   30.7464
   -7.5000  -37.5000  -37.5000 2546.4792   28.5558
    0.0000  -37.5000  -37.5000 2548.3901   28.4049
    7.5000  -37.5000  -37.5000 2542.7332   28.6962
   -7.5000  -30.0000  -37.5000 2595.9019   26.9311
    0.0000  -30.0000  -37.5000 2599.1082   26.8228
    7.5000  -30.0000  -37.5000 2595.0327   27.0916
   -7.5000  -22.5000  -37.5000 2628.6443   25.6739
    0.0000  -22.5000  -37.5000 2630.0261   25.5634
    7.5000  -22.5000  -37.5000 2627.9397   25.8013
   -7.5000  -15.0000  -37.5000 2649.5916   24.8850
    0.0000  -15.0000  -37.5000 2643.4346   24.7467
    7.5000  -15.0000  -37.5000 2644.3413   25.0294
   -7.5000   -7.5000  -37.5000 2646.2478   24.5316
    0.0000   -7.5000  -37.5000 2644.4482   24.4180
    7.5000   -7.5000  -37.5000 2643.1953   24.6934
   -7.5000    0.0000  -37.5000 2645.0403   24.5524
    0.0000    0.0000  -37.5000 2640.0605   24.3875
    7.5000    0.0000  -37.5000 2641.2485   24.7080
   -7.5000    7.5000  -37.5000 2631.7749   24.9507
    0.0000    7.5000  -37.5000 2618.4426   24.7131
    7.5000    7.5000  -37.5000 2618.4695   25.0328
   -7.5000   15.0000  -37.5000 2588.1738   25.7795
    0.0000   15.0000  -37.5000 2579.4990   25.5245
    7.5000   15.0000  -37.5000 2580.9402   25.8678
   -7.5000   22.5000  -37.5000 2530.5586   27.1676
    0.0000   22.5000  -37.5000 2523.6260   26.9290
    7.5000   22.5000  -37.5000 2525.9470   27.3097
   -7.5000   30.0000  -37.5000 2465.4768   29.1185
    0.0000   30.0000  -37.5000 2457.6172   28.8382
    7.5000   30.0000  -37.5000 2457.4832   29.2619
   -7.5000   37.5000  -37.5000 2395.1304   31.4105
    0.0000   37.5000  -37.5000 2386.3936   31.1419
    7.5000   37.5000  -37.5000 2384.3330   31.4845
   -7.5000   45.0000  -37.5000 2310.2942   34.3029
    0.0000   45.0000  -37.5000 2305.7786   34.0574
    7.5000   45.0000  -37.5000 2289.1069   34.3304
   -7.5000  -45.0000  -30.0000 2582.2070   29.7673
    0.0000  -45.0000  -30.0000 2587.0828   29.6772
    7.5000  -45.0000  -30.0000 2579.8284   29.9879
   -7.5000  -37.5000  -30.0000 2654.6787   27.7273
    0.0000  -37.5000  -30.0000 2657.2698   27.6365
    7.5000  -37.5000  -30.0000 2651.0146   27.9574
   -7.5000  -30.0000  -30.0000 2712.8804   26.2432
    0.0000  -30.0000  -30.0000 2710.8816   26.1197
    7.5000  -30.0000  -30.0000 2708.3330   26.3877
   -7.5000  -22.5000  -30.0000 2748.5115   24.9963
    0.0000  -22.5000  -30.0000 2748.4055   24.9134
    7.5000  -22.5000  -30.0000 2746.7634   25.1311
   -7.5000  -15.0000  -30.0000 2767.2070   24.1978
    0.0000  -15.0000  -30.0000 2766.6614   24.0996
    7.5000  -15.0000  -30.0000 2761.3789   24.3263
   -7.5000   -7.5000  -30.0000 2765.3020   23.8727
    0.0000   -7.5000  -30.0000 2771.6226   23.8099
    7.5000   -7.5000  -30.0000 2761.6931   24.0191
   -7.5000    0.0000  -30.0000 2761.2812   23.8666
    0.0000    0.0000  -30.0000 2759.2935   23.7400
    7.5000    0.0000  -30.0000 2755.8132   24.0233
   -7.5000    7.5000  -30.0000 2749.9299   24.1929
    0.0000    7.5000  -30.0000 2741.5095   24.0308
    7.5000    7.5000  -30.0000 2735.5898   24.2999
   -7.5000   15.0000  -30.0000 2707.2815   25.0172
    0.0000   15.0000  -30.0000 2701.7771   24.8294
    7.5000   15.0000  -30.0000 2700.3176   25.1433
   -7.5000   22.5000  -30.0000 2642.9148   26.3836
    0.0000   22.5000  -30.0000 2640.0781   26.2174
    7.5000   22.5000  -30.0000 2644.6528   26.5760
   -7.5000   30.0000  -30.0000 2575.9238   28.2820
    0.0000   30.0000  -30.0000 2565.2578   28.0422
    7.5000   30.0000  -30.0000 2565.6519   28.4401
   -7.5000   37.5000  -30.0000 2496.6558   30.4906
    0.0000   37.5000  -30.0000 2490.9277   30.2688
    7.5000   37.5000  -30.0000 2486.7759   30.6223
   -7.5000   45.0000  -30.0000 2406.7441   33.2346
    0.0000   45.0000  -30.0000 2402.1794   33.0628
    7.5000   45.0000  -30.0000 2387.1646   33.4106
   -7.5000  -45.0000  -22.5000 2649.6743   28.8975
    0.0000  -45.0000  -22.5000 2652.1970   28.8394
    7.5000  -45.0000  -22.5000 2643.1450   29.1228
   -7.5000  -37.5000  -22.5000 2722.3611   26.8497
    0.0000  -37.5000  -22.5000 2724.7832   26.7817
    7.5000  -37.5000  -22.5000 2715.7234   27.0356
   -7.5000  -30.0000  -22.5000 2782.8401   25.3349
    0.0000  -30.0000  -22.5000 2783.3054   25.2770
    7.5000  -30.0000  -22.5000 2774.1206   25.5133
   -7.5000  -22.5000  -22.5000 2824.8101   24.1771
    0.0000  -22.5000  -22.5000 2823.9363   24.1216
    7.5000  -22.5000  -22.5000 2814.8545   24.2989
   -7.5000  -15.0000  -22.5000 2843.0054   23.3536
    0.0000  -15.0000  -22.5000 2847.8921   23.3174
    7.5000  -15.0000  -22.5000 2836.0498   23.4809
   -7.5000   -7.5000  -22.5000 2847.5364   23.0487
    0.0000   -7.5000  -22.5000 2856.6567   23.0173
    7.5000   -7.5000  -22.5000 2840.6067   23.1814
   -7.5000    0.0000  -22.5000 2844.0046   23.0246
    0.0000    0.0000  -22.5000 2844.5498   22.9493
    7.5000    0.0000  -22.5000 2836.7253   23.1757
   -7.5000    7.5000  -22.5000 2826.9067   23.3294
    0.0000    7.5000  -22.5000 2825.4568   23.2381
    7.5000    7.5000  -22.5000 2813.5813   23.4526
   -7.5000   15.0000  -22.5000 2785.0144   24.1599
    0.0000   15.0000  -22.5000 2785.0049   24.0544
    7.5000   15.0000  -22.5000 2777.7812   24.3003
   -7.5000   22.5000  -22.5000 2717.8955   25.4911
    0.0000   22.5000  -22.5000 2719.1926   25.3534
    7.5000   22.5000  -22.5000 2712.6099   25.6628
   -7.5000   30.0000  -22.5000 2644.2478   27.2593
    0.0000   30.0000  -22.5000 2637.4221   27.1171
    7.5000   30.0000  -22.5000 2631.5793   27.4586
   -7.5000   37.5000  -22.5000 2558.6938   29.4024
    0.0000   37.5000  -22.5000 2550.4648   29.2336
    7.5000   37.5000  -22.5000 2543.9771   29.5914
   -7.5000   45.0000  -22.5000 2468.8394   32.1599
    0.0000   45.0000  -22.5000 2457.0420   31.9362
    7.5000   45.0000  -22.5000 2442.9016   32.2665
   -7.5000  -45.0000  -15.0000 2683.7505   28.0339
    0.0000  -45.0000  -15.0000 2682.8840   27.9005
    7.5000  -45.0000  -15.0000 2675.9294   28.2387
   -7.5000  -37.5000  -15.0000 2761.2842   25.9905
    0.0000  -37.5000  -15.0000 2763.0437   25.9374
    7.5000  -37.5000  -15.0000 2752.3315   26.1819
   -7.5000  -30.0000  -15.0000 2815.7788   24.4254
    0.0000  -30.0000  -15.0000 2818.8708   24.3712
    7.5000  -30.0000  -15.0000 2806.0115   24.5956
   -7.5000  -22.5000  -15.0000 2860.6135   23.2478
    0.0000  -22.5000  -15.0000 2860.9360   23.2225
    7.5000  -22.5000  -15.0000 2845.3857   23.3864
   -7.5000  -15.0000  -15.0000 2881.4626   22.4630
    0.0000  -15.0000  -15.0000 2889.3413   22.4661
    7.5000  -15.0000  -15.0000 2875.1160   22.6217
   -7.5000   -7.5000  -15.0000 2894.6965   22.1535
    0.0000   -7.5000  -15.0000 2905.7166   22.1633
    7.5000   -7.5000  -15.0000 2888.8594   22.3418
   -7.5000    0.0000  -15.0000 2894.6003   22.1590
    0.0000    0.0000  -15.0000 2896.5161   22.1067
    7.5000    0.0000  -15.0000 2885.0359   22.3167
   -7.5000    7.5000  -15.0000 2874.5063   22.4716
    0.0000    7.5000  -15.0000 2876.3699   22.4143
    7.5000    7.5000  -15.0000 2858.0684   22.6074
   -7.5000   15.0000  -15.0000 2825.3757   23.2503
    0.0000   15.0000  -15.0000 2831.0315   23.2253
    7.5000   15.0000  -15.0000 2819.9722   23.4280
   -7.5000   22.5000  -15.0000 2752.7993   24.5044
    0.0000   22.5000  -15.0000 2759.7312   24.4255
    7.5000   22.5000  -15.0000 2745.8555   24.6809
   -7.5000   30.0000  -15.0000 2679.3071   26.2114
    0.0000   30.0000  -15.0000 2680.4119   26.1353
    7.5000   30.0000  -15.0000 2663.8762   26.4290
   -7.5000   37.5000  -15.0000 2591.9055   28.3613
    0.0000   37.5000  -15.0000 2585.6606   28.2587
    7.5000   37.5000  -15.0000 2574.3606   28.5795
   -7.5000   45.0000  -15.0000 2488.7146   31.0515
    0.0000   45.0000  -15.0000 2471.9351   30.7977
    7.5000   45.0000  -15.0000 2469.9563   31.2352
   -7.5000  -45.0000   -7.5000 2699.7522   27.2262
    0.0000  -45.0000   -7.5000 2700.8638   27.1473
    7.5000  -45.0000   -7.5000 2693.5112   27.4986
   -7.5000  -37.5000   -7.5000 2777.5417   25.1695
    0.0000  -37.5000   -7.5000 2780.1758   25.1132
    7.5000  -37.5000   -7.5000 2769.9143   25.4157
   -7.5000  -30.0000   -7.5000 2831.5488   23.5703
    0.0000  -30.0000   -7.5000 2836.9763   23.5543
    7.5000  -30.0000   -7.5000 2823.9934   23.8235
   -7.5000  -22.5000   -7.5000 2878.4761   22.3564
    0.0000  -22.5000   -7.5000 2879.0178   22.3208
    7.5000  -22.5000   -7.5000 2864.5771   22.5705
   -7.5000  -15.0000   -7.5000 2906.0408   21.5821
    0.0000  -15.0000   -7.5000 2908.8167   21.5968
    7.5000  -15.0000   -7.5000 2893.4272   21.7879
   -7.5000   -7.5000   -7.5000 2921.9084   21.2992
    0.0000   -7.5000   -7.5000 2925.6343   21.2703
    7.5000   -7.5000   -7.5000 2911.9575   21.5333
   -7.5000    0.0000   -7.5000 2922.1543   21.3428
    0.0000    0.0000   -7.5000 2926.4524   21.2648
    7.5000    0.0000   -7.5000 2905.9299   21.5013
   -7.5000    7.5000   -7.5000 2899.2532   21.6061
    0.0000    7.5000   -7.5000 2906.6414   21.5906
    7.5000    7.5000   -7.5000 2885.5781   21.8227
   -7.5000   15.0000   -7.5000 2847.4995   22.3463
    0.0000   15.0000   -7.5000 2855.3264   22.3376
    7.5000   15.0000   -7.5000 2835.6335   22.5429
   -7.5000   22.5000   -7.5000 2772.8584   23.5589
    0.0000   22.5000   -7.5000 2781.1128   23.5506
    7.5000   22.5000   -7.5000 2761.5825   23.8200
   -7.5000   30.0000   -7.5000 2692.8623   25.2613
    0.0000   30.0000   -7.5000 2697.6213   25.2642
    7.5000   30.0000   -7.5000 2683.5842   25.5504
   -7.5000   37.5000   -7.5000 2602.7754   27.4676
    0.0000   37.5000   -7.5000 2601.1375   27.3555
    7.5000   37.5000   -7.5000 2588.8440   27.6779
   -7.5000   45.0000   -7.5000 2491.1694   30.0314
    0.0000   45.0000   -7.5000 2484.4851   29.8783
    7.5000   45.0000   -7.5000 2476.2517   30.2112
   -7.5000  -45.0000    0.0000 2709.0491   26.6178
    0.0000  -45.0000    0.0000 2711.8416   26.6301
    7.5000  -45.0000    0.0000 2708.4253   27.0441
   -7.5000  -37.5000    0.0000 2782.9028   24.5150
    0.0000  -37.5000    0.0000 2788.5664   24.5468
    7.5000  -37.5000    0.0000 2780.3386   24.9141
   -7.5000  -30.0000    0.0000 2842.1831   22.9369
    0.0000  -30.0000    0.0000 2847.8452   22.9468
    7.5000  -30.0000    0.0000 2837.6055   23.2812
   -7.5000  -22.5000    0.0000 2895.6667   21.7391
    0.0000  -22.5000    0.0000 2899.4116   21.7026
    7.5000  -22.5000    0.0000 2881.2083   22.0275
   -7.5000  -15.0000    0.0000 2922.6653   20.8709
    0.0000  -15.0000    0.0000 2923.8811   20.8590
    7.5000  -15.0000    0.0000 2907.6423   21.2042
   -7.5000   -7.5000    0.0000 2941.7046   20.6201
    0.0000   -7.5000    0.0000 2939.8213   20.5185
    7.5000   -7.5000    0.0000 2927.5161   20.8708
   -7.5000    0.0000    0.0000 2938.0811   20.5969
    0.0000    0.0000    0.0000 2945.7642   20.5485
    7.5000    0.0000    0.0000 2927.2705   20.8469
   -7.5000    7.5000    0.0000 2916.1636   20.8392
    0.0000    7.5000    0.0000 2925.5325   20.8611
    7.5000    7.5000    0.0000 2903.9429   21.1162
   -7.5000   15.0000    0.0000 2866.4207   21.6237
    0.0000   15.0000    0.0000 2872.3110   21.6333
    7.5000   15.0000    0.0000 2854.8782   21.9155
   -7.5000   22.5000    0.0000 2786.3247   22.8917
    0.0000   22.5000    0.0000 2793.4319   22.9328
    7.5000   22.5000    0.0000 2775.3418   23.1832
   -7.5000   30.0000    0.0000 2701.6196   24.6734
    0.0000   30.0000    0.0000 2709.3674   24.6664
    7.5000   30.0000    0.0000 2692.1545   24.9323
   -7.5000   37.5000    0.0000 2610.1311   26.7757
    0.0000   37.5000    0.0000 2612.3181   26.7109
    7.5000   37.5000    0.0000 2596.5750   27.0008
   -7.5000   45.0000    0.0000 2503.9277   29.3565
    0.0000   45.0000    0.0000 2495.7527   29.2244
    7.5000   45.0000    0.0000 2483.8208   29.5208
   -7.5000  -45.0000    7.5000 2715.5173   26.2952
    0.0000  -45.0000    7.5000 2724.5515   26.4109
    7.5000  -45.0000    7.5000 2722.7217   26.8716
   -7.5000  -37.5000    7.5000 2787.0122   24.1543
    0.0000  -37.5000    7.5000 2799.0796   24.2279
    7.5000  -37.5000    7.5000 2791.6946   24.6928
   -7.5000  -30.0000    7.5000 2846.7122   22.5149
    0.0000  -30.0000    7.5000 2853.6226   22.5498
    7.5000  -30.0000    7.5000 2844.1377   22.9724
   -7.5000  -22.5000    7.5000 2911.0188   21.4403
    0.0000  -22.5000    7.5000 2914.8821   21.3947
    7.5000  -22.5000    7.5000 2899.7285   21.7398
   -7.5000  -15.0000    7.5000 2937.8027   20.4267
    0.0000  -15.0000    7.5000 2937.4070   20.3404
    7.5000  -15.0000    7.5000 2928.1628   20.8881
   -7.5000   -7.5000    7.5000 2941.5615   19.9467
    0.0000   -7.5000    7.5000 2935.7065   19.8741
    7.5000   -7.5000    7.5000 2940.5625   20.4376
   -7.5000    0.0000    7.5000 2935.5037   19.9206
    0.0000    0.0000    7.5000 2947.9441   19.9332
    7.5000    0.0000    7.5000 2939.3801   20.3756
   -7.5000    7.5000    7.5000 2929.1694   20.3289
    0.0000    7.5000    7.5000 2932.6516   20.3213
    7.5000    7.5000    7.5000 2921.5203   20.7326
   -7.5000   15.0000    7.5000 2878.2122   21.2628
    0.0000   15.0000    7.5000 2881.8689   21.2218
    7.5000   15.0000    7.5000 2872.5098   21.5793
   -7.5000   22.5000    7.5000 2801.8950   22.6302
    0.0000   22.5000    7.5000 2808.1624   22.5861
    7.5000   22.5000    7.5000 2796.4436   22.9513
   -7.5000   30.0000    7.5000 2712.2642   24.3399
    0.0000   30.0000    7.5000 2718.7551   24.3161
    7.5000   30.0000    7.5000 2705.1736   24.6681
   -7.5000   37.5000    7.5000 2626.0120   26.4275
    0.0000   37.5000    7.5000 2620.1990   26.3664
    7.5000   37.5000    7.5000 2606.6182   26.6776
   -7.5000   45.0000    7.5000 2517.0442   29.0482
    0.0000   45.0000    7.5000 2507.5786   28.8078
    7.5000   45.0000    7.5000 2495.4253   29.2343
   -7.5000  -45.0000   15.0000 2714.5251   26.1523
    0.0000  -45.0000   15.0000 2723.0806   26.2382
    7.5000  -45.0000   15.0000 2721.4612   26.7081
   -7.5000  -37.5000   15.0000 2787.2720   23.9944
    0.0000  -37.5000   15.0000 2796.1711   24.0628
    7.5000  -37.5000   15.0000 2789.9495   24.5709
   -7.5000  -30.0000   15.0000 2847.3005   22.3176
    0.0000  -30.0000   15.0000 2855.2200   22.4085
    7.5000  -30.0000   15.0000 2843.4387   22.9230
   -7.5000  -22.5000   15.0000 2913.7898   21.2068
    0.0000  -22.5000   15.0000 2920.8501   21.2060
    7.5000  -22.5000   15.0000 2900.7329   21.6382
   -7.5000  -15.0000   15.0000 2936.9595   20.1325
    0.0000  -15.0000   15.0000 2940.7644   20.1646
    7.5000  -15.0000   15.0000 2932.6001   20.7732
   -7.5000   -7.5000   15.0000 2920.4504   19.3739
    0.0000   -7.5000   15.0000 2928.2336   19.4837
    7.5000   -7.5000   15.0000 2945.2209   20.3449
   -7.5000    0.0000   15.0000 2936.7073   19.6383
    0.0000    0.0000   15.0000 2936.1255   19.5756
    7.5000    0.0000   15.0000 2946.0615   20.2822
   -7.5000    7.5000   15.0000 2931.2886   20.2480
    0.0000    7.5000   15.0000 2928.6665   20.1196
    7.5000    7.5000   15.0000 2931.5049   20.6601
   -7.5000   15.0000   15.0000 2888.7217   21.1920
    0.0000   15.0000   15.0000 2885.9001   21.0953
    7.5000   15.0000   15.0000 2883.4355   21.5373
   -7.5000   22.5000   15.0000 2806.0842   22.4737
    0.0000   22.5000   15.0000 2814.7029   22.4443
    7.5000   22.5000   15.0000 2803.6855   22.7960
   -7.5000   30.0000   15.0000 2719.0764   24.2043
    0.0000   30.0000   15.0000 2720.8818   24.1920
    7.5000   30.0000   15.0000 2704.9675   24.4808
   -7.5000   37.5000   15.0000 2629.4675   26.3066
    0.0000   37.5000   15.0000 2626.8997   26.2124
    7.5000   37.5000   15.0000 2610.0093   26.5220
   -7.5000   45.0000   15.0000 2518.1663   28.9368
    0.0000   45.0000   15.0000 2507.5562   28.6897
    7.5000   45.0000   15.0000 2497.3989   29.0172
   -7.5000  -45.0000   22.5000 2712.7068   26.2172
    0.0000  -45.0000   22.5000 2718.6311   26.2310
    7.5000  -45.0000   22.5000 2717.2271   26.7648
   -7.5000  -37.5000   22.5000 2785.5134   24.0162
    0.0000  -37.5000   22.5000 2790.1584   24.0159
    7.5000  -37.5000   22.5000 2785.5093   24.6096
   -7.5000  -30.0000   22.5000 2846.4224   22.4232
    0.0000  -30.0000   22.5000 2845.2793   22.3631
    7.5000  -30.0000   22.5000 2839.4702   22.9426
   -7.5000  -22.5000   22.5000 2893.6238   21.1377
    0.0000  -22.5000   22.5000 2894.1821   21.0412
    7.5000  -22.5000   22.5000 2893.8196   21.7066
   -7.5000  -15.0000   22.5000 2887.4111   19.9090
    0.0000  -15.0000   22.5000 2906.5894   20.0100
    7.5000  -15.0000   22.5000 2926.5300   20.8858
   -7.5000   -7.5000   22.5000 2929.5044   19.6902
    0.0000   -7.5000   22.5000 2921.8005   19.6015
    7.5000   -7.5000   22.5000 2946.3794   20.5239
   -7.5000    0.0000   22.5000 2947.4514   19.9320
    0.0000    0.0000   22.5000 2936.1694   19.8096
    7.5000    0.0000   22.5000 2937.7605   20.4174
   -7.5000    7.5000   22.5000 2931.1294   20.4455
    0.0000    7.5000   22.5000 2922.9829   20.3079
    7.5000    7.5000   22.5000 2920.3940   20.7658
   -7.5000   15.0000   22.5000 2880.7449   21.2807
    0.0000   15.0000   22.5000 2880.0103   21.1452
    7.5000   15.0000   22.5000 2876.1096   21.5395
   -7.5000   22.5000   22.5000 2801.6052   22.5585
    0.0000   22.5000   22.5000 2808.8503   22.4617
    7.5000   22.5000   22.5000 2798.7029   22.8176
   -7.5000   30.0000   22.5000 2725.8379   24.2782
    0.0000   30.0000   22.5000 2724.2886   24.1628
    7.5000   30.0000   22.5000 2707.6235   24.5129
   -7.5000   37.5000   22.5000 2627.3987   26.3712
    0.0000   37.5000   22.5000 2620.4216   26.2153
    7.5000   37.5000   22.5000 2612.0032   26.5404
   -7.5000   45.0000   22.5000 2504.0857   28.8827
    0.0000   45.0000   22.5000 2496.9819   28.7441
    7.5000   45.0000   22.5000 2489.0806   29.0509
   -7.5000  -45.0000   30.0000 2700.6980   26.3868
    0.0000  -45.0000   30.0000 2697.6257   26.3180
    7.5000  -45.0000   30.0000 2696.2151   26.8826
   -7.5000  -37.5000   30.0000 2779.1816   24.3057
    0.0000  -37.5000   30.0000 2773.8804   24.2237
    7.5000  -37.5000   30.0000 2767.9089   24.7615
   -7.5000  -30.0000   30.0000 2838.0474   22.7136
    0.0000  -30.0000   30.0000 2831.6357   22.6463
    7.5000  -30.0000   30.0000 2826.0342   23.2005
   -7.5000  -22.5000   30.0000 2864.2585   21.2557
    0.0000  -22.5000   30.0000 2870.7498   21.2909
    7.5000  -22.5000   30.0000 2866.5005   22.0253
   -7.5000  -15.0000   30.0000 2899.0872   20.3634
    0.0000  -15.0000   30.0000 2898.0771   20.3946
    7.5000  -15.0000   30.0000 2903.3330   21.2323
   -7.5000   -7.5000   30.0000 2937.7876   20.2259
    0.0000   -7.5000   30.0000 2929.2205   20.1755
    7.5000   -7.5000   30.0000 2924.1130   20.8210
   -7.5000    0.0000   30.0000 2937.9541   20.3121
    0.0000    0.0000   30.0000 2930.6619   20.2854
    7.5000    0.0000   30.0000 2919.0430   20.7352
   -7.5000    7.5000   30.0000 2913.9382   20.7427
    0.0000    7.5000   30.0000 2911.2234   20.7401
    7.5000    7.5000   30.0000 2895.5798   21.0432
   -7.5000   15.0000   30.0000 2862.1614   21.5954
    0.0000   15.0000   30.0000 2862.8232   21.5712
    7.5000   15.0000   30.0000 2847.9797   21.8189
   -7.5000   22.5000   30.0000 2792.9651   22.8207
    0.0000   22.5000   30.0000 2794.2107   22.8138
    7.5000   22.5000   30.0000 2779.8958   23.0737
   -7.5000   30.0000   30.0000 2710.4397   24.4605
    0.0000   30.0000   30.0000 2715.3354   24.4742
    7.5000   30.0000   30.0000 2698.4751   24.7588
   -7.5000   37.5000   30.0000 2599.5615   26.5375
    0.0000   37.5000   30.0000 2610.2195   26.4785
    7.5000   37.5000   30.0000 2602.2036   26.7980
   -7.5000   45.0000   30.0000 2493.1787   29.1090
    0.0000   45.0000   30.0000 2490.4600   28.9092
    7.5000   45.0000   30.0000 2478.9531   29.2887
   -7.5000  -45.0000   37.5000 2694.0122   26.8651
    0.0000  -45.0000   37.5000 2691.9331   26.8743
    7.5000  -45.0000   37.5000 2683.2585   27.3182
   -7.5000  -37.5000   37.5000 2781.0562   24.8328
    0.0000  -37.5000   37.5000 2775.3645   24.8361
    7.5000  -37.5000   37.5000 2758.8850   25.2626
   -7.5000  -30.0000   37.5000 2823.7761   23.1595
    0.0000  -30.0000   37.5000 2829.7078   23.2404
    7.5000  -30.0000   37.5000 2811.6936   23.7467
   -7.5000  -22.5000   37.5000 2860.1147   21.8246
    0.0000  -22.5000   37.5000 2858.2095   21.8407
    7.5000  -22.5000   37.5000 2859.3518   22.6018
   -7.5000  -15.0000   37.5000 2898.8425   21.0867
    0.0000  -15.0000   37.5000 2898.3257   21.1002
    7.5000  -15.0000   37.5000 2888.9282   21.7050
   -7.5000   -7.5000   37.5000 2921.8079   20.8495
    0.0000   -7.5000   37.5000 2920.8320   20.8213
    7.5000   -7.5000   37.5000 2907.0071   21.3825
   -7.5000    0.0000   37.5000 2921.1821   20.8879
    0.0000    0.0000   37.5000 2917.8169   20.9033
    7.5000    0.0000   37.5000 2900.1187   21.3401
   -7.5000    7.5000   37.5000 2896.1814   21.2458
    0.0000    7.5000   37.5000 2894.8394   21.2725
    7.5000    7.5000   37.5000 2876.6343   21.6473
   -7.5000   15.0000   37.5000 2848.5669   22.1040
    0.0000   15.0000   37.5000 2851.5234   22.1259
    7.5000   15.0000   37.5000 2832.4878   22.4399
   -7.5000   22.5000   37.5000 2776.8938   23.3630
    0.0000   22.5000   37.5000 2784.8567   23.3659
    7.5000   22.5000   37.5000 2761.5088   23.6363
   -7.5000   30.0000   37.5000 2682.6865   24.9661
    0.0000   30.0000   37.5000 2698.0969   24.9521
    7.5000   30.0000   37.5000 2679.1167   25.2445
   -7.5000   37.5000   37.5000 2582.2544   26.9532
    0.0000   37.5000   37.5000 2589.6089   26.9486
    7.5000   37.5000   37.5000 2579.3374   27.2611
   -7.5000   45.0000   37.5000 2482.2781   29.4721
    0.0000   45.0000   37.5000 2476.3352   29.4204
    7.5000   45.0000   37.5000 2464.4966   29.7844
   -7.5000  -45.0000   45.0000 2691.2573   27.6324
    0.0000  -45.0000   45.0000 2686.4065   27.6453
    7.5000  -45.0000   45.0000 2669.6758   27.9886
   -7.5000  -37.5000   45.0000 2765.8562   25.4645
    0.0000  -37.5000   45.0000 2765.0339   25.5686
    7.5000  -37.5000   45.0000 2742.0618   25.9139
   -7.5000  -30.0000   45.0000 2810.8447   23.8416
    0.0000  -30.0000   45.0000 2810.0330   23.8799
    7.5000  -30.0000   45.0000 2798.5886   24.4510
   -7.5000  -22.5000   45.0000 2850.9636   22.6375
    0.0000  -22.5000   45.0000 2846.5002   22.6644
    7.5000  -22.5000   45.0000 2837.4580   23.2055
   -7.5000  -15.0000   45.0000 2886.2307   21.9366
    0.0000  -15.0000   45.0000 2883.4006   21.9383
    7.5000  -15.0000   45.0000 2874.2832   22.4293
   -7.5000   -7.5000   45.0000 2897.6953   21.6470
    0.0000   -7.5000   45.0000 2901.4338   21.6612
    7.5000   -7.5000   45.0000 2888.7749   22.1510
   -7.5000    0.0000   45.0000 2899.0315   21.6675
    0.0000    0.0000   45.0000 2893.1038   21.7043
    7.5000    0.0000   45.0000 2883.0757   22.1677
   -7.5000    7.5000   45.0000 2871.8997   22.0039
    0.0000    7.5000   45.0000 2869.3362   22.0740
    7.5000    7.5000   45.0000 2855.7795   22.4723
   -7.5000   15.0000   45.0000 2827.4934   22.7941
    0.0000   15.0000   45.0000 2827.0144   22.8636
    7.5000   15.0000   45.0000 2806.6218   23.1941
   -7.5000   22.5000   45.0000 2751.0701   24.0676
    0.0000   22.5000   45.0000 2761.1660   24.1703
    7.5000   22.5000   45.0000 2741.9304   24.4225
   -7.5000   30.0000   45.0000 2657.6580   25.6591
    0.0000   30.0000   45.0000 2666.5574   25.7371
    7.5000   30.0000   45.0000 2650.0056   26.0038
   -7.5000   37.5000   45.0000 2560.6575   27.6225
    0.0000   37.5000   45.0000 2565.2200   27.6559
    7.5000   37.5000   45.0000 2552.4358   27.9662
   -7.5000   45.0000   45.0000 2461.4277   30.1500
    0.0000   45.0000   45.0000 2460.9836   30.0768
    7.5000   45.0000   45.0000 2450.7114   30.4231

---------------------------------------------------------------------
imgreg_4dfp /opt/freesurfer/average/711-2C_as_mni_average_305 /opt/freesurfer/average/711-2B_as_mni_average_305_mask talsrcimg_g11 none talsrcimg_to_711-2C_as_mni_average_305_t4 1283
---------------------------------------------------------------------

freesurfer imgreg_4dfp.c
/opt/freesurfer/average/711-2C_as_mni_average_305.4dfp.img
       256       256       256         1
  1.000000  1.000000  1.000000
orientation T byte_order littleendian
Reading image: /opt/freesurfer/average/711-2C_as_mni_average_305.4dfp.img
dimensions:      256       256       256
mmppix:       1.0000   -1.0000   -1.0000
center:     128.0000 -129.0000 -129.0000
/opt/freesurfer/average/711-2B_as_mni_average_305_mask.4dfp.img
       256       256       256         1
  1.000000  1.000000  1.000000
orientation T byte_order littleendian
Reading mask: /opt/freesurfer/average/711-2B_as_mni_average_305_mask.4dfp.img (2306576 pixels)
talsrcimg_g11.4dfp.img
       320       320       320         1
  0.800000  0.800000  0.800000
orientation T byte_order littleendian
Reading image: talsrcimg_g11.4dfp.img
dimensions:      320       320       320
mmppix:       0.8000   -0.8000   -0.8000
center:     128.0000 -128.8000 -128.8000
rotation matrix determinant  1.000000
fimgreg.f
image alignment mode   1283 decimal      503 hex
parameters
    0.0000    0.0000    7.5000    0.0000    0.0000    0.0000
eta,q 0.92321 19.85481
niter,ni,del,rscale     5    3   12.0000    1.2000
parameter  1 -1.708358 ->  0.500000 qaram    1.1500
parameter  5 -2.271132 -> -0.500000 qaram    1.1500
parameters
   -3.4500   -1.2114    6.6271   -2.0825    3.4500    2.5620
eta,q 0.92568 19.75118
  0.0756  0.0796  0.0775  0.0777  0.0792  0.0750
  0.0767  0.0807  0.0777  0.0768  0.0774  0.0749
  0.0774  0.0765  0.0774  0.0763  0.0767  0.0748
  0.0778  0.0768  0.0755  0.0763  0.0763  0.0746
  0.0783  0.0805  0.0756  0.0780  0.0756  0.0743
  0.0790  0.0815  0.0780  0.0798  0.0743  0.0743
  0.0791  0.0811  0.0810  0.0812  0.0742  0.0747
niter,ni,del,rscale     6    3   12.0000    1.2000
parameters
   -3.6975   -1.5615    5.5104   -2.4636    5.0253    0.3476
eta,q 0.92546 19.85286
  0.0823  0.0780  0.0779  0.0778  0.0804  0.0749
  0.0791  0.0786  0.0768  0.0765  0.0789  0.0746
  0.0769  0.0777  0.0756  0.0755  0.0770  0.0745
  0.0743  0.0744  0.0746  0.0752  0.0753  0.0747
  0.0762  0.0773  0.0753  0.0753  0.0747  0.0750
  0.0807  0.0794  0.0792  0.0768  0.0760  0.0757
  0.0833  0.0784  0.0829  0.0790  0.0778  0.0763
niter,ni,del,rscale     5    3   12.0000    1.2000
parameter  2  0.802851 ->  0.500000 qaram    1.1500
parameter  4  6.490732 -> -0.500000 qaram    1.1500
parameter  6 -1.871277 ->  0.500000 qaram    1.1500
parameters
   -3.8065   -5.0115    3.8945    0.9864    6.0293   -3.1024
eta,q 0.92772 20.06415
  0.0830  0.0753  0.0787  0.0795  0.0783  0.0718
  0.0807  0.0747  0.0781  0.0777  0.0763  0.0722
  0.0768  0.0772  0.0757  0.0762  0.0744  0.0727
  0.0745  0.0745  0.0755  0.0753  0.0732  0.0732
  0.0769  0.0749  0.0783  0.0744  0.0736  0.0736
  0.0811  0.0776  0.0820  0.0727  0.0748  0.0738
  0.0834  0.0765  0.0852  0.0705  0.0761  0.0739
niter,ni,del,rscale     7    3   12.0000    1.2000
parameter  4 -0.932421 -> -0.500000 qaram    1.3225
parameters
   -3.4873   -4.7177    2.6955    4.9539    4.8769   -2.6106
eta,q 0.93000 20.15938
  0.0840  0.0769  0.0752  0.0772  0.0736  0.0715
  0.0836  0.0766  0.0751  0.0762  0.0720  0.0708
  0.0773  0.0734  0.0729  0.0744  0.0704  0.0704
  0.0723  0.0722  0.0723  0.0723  0.0704  0.0701
  0.0751  0.0737  0.0743  0.0709  0.0722  0.0699
  0.0803  0.0751  0.0765  0.0704  0.0741  0.0703
  0.0841  0.0767  0.0795  0.0713  0.0757  0.0714
niter,ni,del,rscale     7    3   12.0000    1.2000
parameters
   -3.4456   -5.1740    3.1464    5.3504    4.6861   -2.4340
eta,q 0.93012 20.08352
  0.0826  0.0795  0.0754  0.0753  0.0744  0.0716
  0.0797  0.0756  0.0736  0.0735  0.0728  0.0709
  0.0739  0.0715  0.0720  0.0711  0.0711  0.0703
  0.0700  0.0700  0.0702  0.0699  0.0699  0.0699
  0.0718  0.0738  0.0699  0.0706  0.0711  0.0698
  0.0792  0.0799  0.0718  0.0724  0.0733  0.0707
  0.0831  0.0793  0.0750  0.0747  0.0748  0.0717
niter,ni,del,rscale     6    3   12.0000    1.2000
parameters
   -3.5309   -5.5353    3.5715    5.4608    4.6915   -2.5378
eta,q 0.93012 20.02445
  0.0818  0.0793  0.0754  0.0745  0.0749  0.0716
  0.0793  0.0762  0.0737  0.0728  0.0732  0.0709
  0.0737  0.0715  0.0718  0.0707  0.0712  0.0703
  0.0699  0.0699  0.0701  0.0699  0.0699  0.0699
  0.0727  0.0730  0.0699  0.0706  0.0711  0.0699
  0.0794  0.0793  0.0717  0.0722  0.0733  0.0709
  0.0829  0.0796  0.0751  0.0745  0.0748  0.0719
niter,ni,del,rscale     5    3   12.0000    1.2000
parameters
   -3.6636   -5.8217    3.8725    5.5361    4.7778   -2.7974
eta,q 0.93009 19.98606
  0.0815  0.0791  0.0756  0.0740  0.0753  0.0716
  0.0792  0.0764  0.0738  0.0725  0.0735  0.0709
  0.0738  0.0717  0.0717  0.0705  0.0713  0.0703
  0.0699  0.0699  0.0700  0.0699  0.0699  0.0699
  0.0733  0.0723  0.0701  0.0706  0.0712  0.0700
  0.0794  0.0786  0.0720  0.0720  0.0735  0.0710
  0.0828  0.0797  0.0756  0.0741  0.0750  0.0721
niter,ni,del,rscale     4    3   12.0000    1.2000
parameters
   -3.7926   -6.0199    4.0716    5.6636    4.9454   -2.9866
eta,q 0.93000 19.96618
  0.0814  0.0790  0.0757  0.0738  0.0757  0.0717
  0.0793  0.0766  0.0738  0.0724  0.0738  0.0710
  0.0742  0.0720  0.0716  0.0705  0.0714  0.0704
  0.0699  0.0699  0.0700  0.0699  0.0699  0.0700
  0.0737  0.0718  0.0703  0.0706  0.0713  0.0700
  0.0794  0.0779  0.0722  0.0718  0.0736  0.0710
  0.0826  0.0797  0.0760  0.0738  0.0751  0.0722
niter,ni,del,rscale     3    3   12.0000    1.2000
parameters
   -3.9043   -6.1529    4.2151    5.7978    5.1170   -3.1225
eta,q 0.92988 19.95136
  0.0814  0.0789  0.0759  0.0738  0.0759  0.0718
  0.0792  0.0766  0.0739  0.0723  0.0740  0.0710
  0.0744  0.0721  0.0716  0.0704  0.0714  0.0704
  0.0700  0.0700  0.0701  0.0701  0.0701  0.0701
  0.0739  0.0715  0.0706  0.0706  0.0715  0.0701
  0.0794  0.0775  0.0724  0.0717  0.0738  0.0710
  0.0825  0.0796  0.0763  0.0737  0.0752  0.0722
niter,ni,del,rscale     2    3   12.0000    1.2000
parameters
   -3.9988   -6.2513    4.3576    5.9548    5.2865   -3.2284
eta,q 0.92982 19.93835
  0.0814  0.0789  0.0760  0.0737  0.0761  0.0719
  0.0792  0.0766  0.0740  0.0723  0.0740  0.0710
  0.0746  0.0723  0.0716  0.0705  0.0714  0.0705
  0.0701  0.0701  0.0702  0.0701  0.0701  0.0702
  0.0740  0.0715  0.0707  0.0706  0.0717  0.0702
  0.0793  0.0773  0.0725  0.0716  0.0739  0.0710
  0.0824  0.0795  0.0764  0.0736  0.0753  0.0722
niter,ni,del,rscale     1    3   12.0000    1.2000
parameters
   -4.0729   -6.3336    4.4775    6.0841    5.4542   -3.3164
eta,q 0.92971 19.92844
  0.0814  0.0790  0.0760  0.0737  0.0762  0.0720
  0.0792  0.0766  0.0739  0.0723  0.0741  0.0711
  0.0747  0.0724  0.0715  0.0705  0.0714  0.0706
  0.0702  0.0702  0.0702  0.0702  0.0702  0.0703
  0.0740  0.0715  0.0708  0.0707  0.0718  0.0702
  0.0792  0.0773  0.0725  0.0717  0.0740  0.0710
  0.0824  0.0795  0.0765  0.0737  0.0754  0.0723
registration optimization eta report
parameter search radius
    6.9000    6.9000    6.0000    7.9350    6.9000    6.9000
100000*second partial in parameter space
       21.       18.       16.        6.       11.        4.
  0.0814  0.0790  0.0760  0.0737  0.0762  0.0720
  0.0792  0.0766  0.0739  0.0723  0.0741  0.0711
  0.0747  0.0724  0.0715  0.0705  0.0714  0.0706
  0.0702  0.0702  0.0702  0.0702  0.0702  0.0703
  0.0740  0.0715  0.0708  0.0707  0.0718  0.0702
  0.0792  0.0773  0.0725  0.0717  0.0740  0.0710
  0.0824  0.0795  0.0765  0.0737  0.0754  0.0723
   -4.0729   -6.3336    4.4775    6.0841    5.4542   -3.3164
eta,q 0.92971 19.92844

---------------------------------------------------------------------
imgreg_4dfp /opt/freesurfer/average/711-2C_as_mni_average_305 /opt/freesurfer/average/711-2B_as_mni_average_305_mask talsrcimg_g11 none talsrcimg_to_711-2C_as_mni_average_305_t4 3335
---------------------------------------------------------------------

freesurfer imgreg_4dfp.c
/opt/freesurfer/average/711-2C_as_mni_average_305.4dfp.img
       256       256       256         1
  1.000000  1.000000  1.000000
orientation T byte_order littleendian
Reading image: /opt/freesurfer/average/711-2C_as_mni_average_305.4dfp.img
dimensions:      256       256       256
mmppix:       1.0000   -1.0000   -1.0000
center:     128.0000 -129.0000 -129.0000
/opt/freesurfer/average/711-2B_as_mni_average_305_mask.4dfp.img
       256       256       256         1
  1.000000  1.000000  1.000000
orientation T byte_order littleendian
Reading mask: /opt/freesurfer/average/711-2B_as_mni_average_305_mask.4dfp.img (2306576 pixels)
talsrcimg_g11.4dfp.img
       320       320       320         1
  0.800000  0.800000  0.800000
orientation T byte_order littleendian
Reading image: talsrcimg_g11.4dfp.img
dimensions:      320       320       320
mmppix:       0.8000   -0.8000   -0.8000
center:     128.0000 -128.8000 -128.8000
fimgreg.f
image alignment mode   3335 decimal      D07 hex
parameters
   -4.0729   -6.3336    4.4775   -0.6195   -0.6715   -1.0135
    4.7466  -10.0488   -5.7587  -10.0344    9.5050   10.5509
eta,q 0.92628 20.00234
niter,ni,del,rscale     5    3    5.0000    1.2000
parameter  3  0.766831 ->  0.500000 qaram    1.1500
parameter  4  0.557755 ->  0.500000 qaram    1.1500
parameter  5  7.704443 ->  0.500000 qaram    1.1500
parameter  7 -0.048082 ->  0.500000 qaram    1.1500
parameter  8 -0.930327 -> -0.500000 qaram    1.1500
parameter  9 -1.646056 ->  0.500000 qaram    1.1500
parameter 12  1.692805 ->  0.500000 qaram    1.1500
parameters
   -4.5650   -5.3649    3.0975   -4.7595   -4.8115   -4.0369
    0.6066   -5.9088   -9.8987  -11.0374    8.4750    6.4109
eta,q 0.93041 19.34141
  0.0742  0.0750  0.0735  0.0732  0.0714  0.0730  0.0716  0.0748  0.0699  0.0712  0.0707  0.0692
  0.0739  0.0744  0.0734  0.0735  0.0723  0.0723  0.0719  0.0738  0.0703  0.0707  0.0705  0.0695
  0.0737  0.0740  0.0734  0.0732  0.0729  0.0724  0.0722  0.0728  0.0708  0.0705  0.0704  0.0699
  0.0737  0.0737  0.0737  0.0734  0.0734  0.0725  0.0723  0.0720  0.0714  0.0705  0.0704  0.0704
  0.0740  0.0736  0.0740  0.0736  0.0739  0.0735  0.0722  0.0715  0.0718  0.0706  0.0706  0.0710
  0.0744  0.0737  0.0743  0.0737  0.0746  0.0745  0.0720  0.0713  0.0721  0.0711  0.0707  0.0718
  0.0749  0.0738  0.0746  0.0743  0.0756  0.0757  0.0717  0.0712  0.0721  0.0719  0.0709  0.0726
niter,ni,del,rscale     7    3    5.0000    1.2000
parameter  1  1.301329 ->  0.500000 qaram    1.1500
parameter  2  1.258966 ->  0.500000 qaram    1.1500
parameter  3 -1.009124 -> -0.500000 qaram    1.3225
parameter  4 -4.165345 ->  0.500000 qaram    1.3225
parameter  5  4.658851 ->  0.500000 qaram    1.3225
parameter  6 -1.098338 ->  0.500000 qaram    1.1500
parameter  8  5.659920 -> -0.500000 qaram    1.3225
parameter  9 -2.245560 -> -0.500000 qaram    1.3225
parameter 10  0.513248 -> -0.500000 qaram    1.1500
parameter 11  8.590428 -> -0.500000 qaram    1.1500
parameter 12 -0.218702 ->  0.500000 qaram    1.3225
parameters
   -5.9450   -6.7449    4.6845   -9.5205   -9.5725   -8.1769
   -1.5054   -1.1478   -5.1377   -6.8974   12.6150    1.6499
eta,q 0.93995 19.03416
  0.0688  0.0686  0.0698  0.0651  0.0632  0.0631  0.0648  0.0668  0.0638  0.0622  0.0637  0.0598
  0.0690  0.0686  0.0694  0.0661  0.0641  0.0642  0.0646  0.0667  0.0634  0.0621  0.0630  0.0600
  0.0692  0.0688  0.0691  0.0674  0.0652  0.0647  0.0645  0.0658  0.0630  0.0621  0.0623  0.0601
  0.0696  0.0691  0.0687  0.0683  0.0665  0.0643  0.0644  0.0644  0.0626  0.0621  0.0615  0.0601
  0.0700  0.0694  0.0684  0.0691  0.0678  0.0645  0.0646  0.0633  0.0623  0.0619  0.0607  0.0600
  0.0706  0.0698  0.0683  0.0699  0.0693  0.0647  0.0652  0.0624  0.0620  0.0614  0.0599  0.0600
  0.0714  0.0702  0.0684  0.0708  0.0705  0.0652  0.0659  0.0617  0.0619  0.0607  0.0591  0.0601
niter,ni,del,rscale     7    3    5.0000    1.2000
parameter  2 -0.573148 -> -0.500000 qaram    1.3225
parameter  3  6.571647 -> -0.500000 qaram    1.5209
parameter  5 38.487446 ->  0.500000 qaram    1.5209
parameter  6 -2.428733 ->  0.500000 qaram    1.3225
parameter  7  5.992012 -> -0.500000 qaram    1.3225
parameter  8 -1.180138 ->  0.500000 qaram    1.5209
parameter  9 -0.651971 -> -0.500000 qaram    1.5209
parameter 10 -0.679029 -> -0.500000 qaram    1.3225
parameter 11-12.009886 ->  0.500000 qaram    1.3225
parameters
   -5.8614   -5.1579    6.5095  -13.8537  -15.0477  -12.9379
    3.2556   -6.6230    0.3375   -2.1364    7.8540   -1.3439
eta,q 0.95783 18.90961
  0.0609  0.0606  0.0628  0.0578  0.0528  0.0511  0.0548  0.0432  0.0512  0.0535  0.0420  0.0434
  0.0605  0.0604  0.0618  0.0584  0.0545  0.0521  0.0543  0.0455  0.0495  0.0511  0.0424  0.0425
  0.0602  0.0602  0.0608  0.0584  0.0566  0.0533  0.0535  0.0484  0.0478  0.0481  0.0429  0.0422
  0.0601  0.0600  0.0599  0.0582  0.0584  0.0551  0.0524  0.0506  0.0463  0.0451  0.0433  0.0426
  0.0600  0.0599  0.0590  0.0585  0.0605  0.0563  0.0514  0.0520  0.0453  0.0434  0.0438  0.0434
  0.0603  0.0600  0.0579  0.0610  0.0625  0.0572  0.0504  0.0528  0.0451  0.0435  0.0442  0.0443
  0.0609  0.0600  0.0567  0.0644  0.0643  0.0574  0.0496  0.0534  0.0459  0.0444  0.0445  0.0451
niter,ni,del,rscale     7    3    5.0000    1.2000
parameter  3 -1.362496 -> -0.500000 qaram    1.7490
parameter 11 -0.525507 -> -0.500000 qaram    1.5209
parameters
   -4.5404   -4.6810    8.6084  -17.3892  -18.6839  -16.2973
   -0.0041   -8.3155    3.0347   -0.0505   13.3291   -1.3858
eta,q 0.96132 18.64655
  0.0467  0.0459  0.0510  0.0400  0.0416  0.0397  0.0397  0.0421  0.0408  0.0418  0.0394  0.0392
  0.0449  0.0439  0.0472  0.0392  0.0402  0.0396  0.0394  0.0396  0.0400  0.0400  0.0392  0.0390
  0.0434  0.0423  0.0440  0.0382  0.0388  0.0393  0.0393  0.0391  0.0395  0.0393  0.0391  0.0388
  0.0422  0.0414  0.0413  0.0381  0.0383  0.0388  0.0393  0.0393  0.0392  0.0390  0.0389  0.0387
  0.0415  0.0414  0.0392  0.0406  0.0418  0.0394  0.0397  0.0398  0.0390  0.0389  0.0387  0.0387
  0.0415  0.0423  0.0378  0.0459  0.0475  0.0433  0.0406  0.0415  0.0391  0.0391  0.0387  0.0389
  0.0424  0.0440  0.0369  0.0507  0.0525  0.0469  0.0424  0.0446  0.0398  0.0399  0.0389  0.0394
niter,ni,del,rscale     7    3    5.0000    1.2000
parameter  2 -0.824782 -> -0.500000 qaram    1.5209
parameter  3 -0.726195 -> -0.500000 qaram    2.0114
parameter  6 -4.738394 -> -0.500000 qaram    1.5209
parameters
   -3.6349   -2.8559   11.0220  -16.9722  -20.6345  -10.8221
   -3.2495   -8.1754    0.8820    0.6105   15.0007   -2.1413
eta,q 0.96408 18.74280
  0.0406  0.0420  0.0390  0.0399  0.0415  0.0387  0.0371  0.0433  0.0374  0.0399  0.0381  0.0371
  0.0396  0.0407  0.0384  0.0393  0.0400  0.0384  0.0364  0.0390  0.0365  0.0377  0.0372  0.0365
  0.0390  0.0395  0.0380  0.0385  0.0384  0.0381  0.0362  0.0367  0.0362  0.0367  0.0366  0.0361
  0.0387  0.0386  0.0377  0.0373  0.0372  0.0377  0.0363  0.0362  0.0362  0.0361  0.0361  0.0359
  0.0386  0.0379  0.0374  0.0363  0.0381  0.0371  0.0371  0.0369  0.0365  0.0361  0.0358  0.0360
  0.0387  0.0376  0.0373  0.0371  0.0426  0.0361  0.0388  0.0392  0.0375  0.0371  0.0362  0.0366
  0.0390  0.0378  0.0374  0.0412  0.0482  0.0368  0.0412  0.0425  0.0395  0.0390  0.0374  0.0378
niter,ni,del,rscale     7    3    5.0000    1.2000
parameter 10 -0.659010 -> -0.500000 qaram    1.5209
parameters
   -3.2862   -1.5689   11.8665  -17.0599  -22.2768  -12.4398
   -3.0263   -8.0222   -0.3077    6.0856   15.6001   -3.2132
eta,q 0.96377 18.67142
  0.0378  0.0392  0.0396  0.0396  0.0413  0.0387  0.0393  0.0419  0.0384  0.0402  0.0377  0.0375
  0.0368  0.0377  0.0370  0.0389  0.0394  0.0383  0.0379  0.0385  0.0376  0.0388  0.0372  0.0370
  0.0362  0.0366  0.0358  0.0377  0.0375  0.0377  0.0374  0.0374  0.0373  0.0380  0.0367  0.0365
  0.0359  0.0359  0.0355  0.0357  0.0358  0.0365  0.0372  0.0372  0.0372  0.0372  0.0362  0.0362
  0.0360  0.0356  0.0359  0.0342  0.0358  0.0353  0.0373  0.0372  0.0373  0.0365  0.0360  0.0363
  0.0363  0.0356  0.0363  0.0366  0.0417  0.0384  0.0378  0.0384  0.0379  0.0362  0.0364  0.0371
  0.0370  0.0366  0.0370  0.0426  0.0493  0.0443  0.0391  0.0416  0.0394  0.0368  0.0379  0.0389
niter,ni,del,rscale     7    3    5.0000    1.2000
parameters
   -3.8579   -1.7408   12.6930  -16.4578  -23.6540  -14.4830
   -1.9052   -8.5835   -0.8507    7.4299   16.4329    1.0104
eta,q 0.96402 18.63761
  0.0369  0.0381  0.0396  0.0394  0.0400  0.0382  0.0387  0.0405  0.0379  0.0394  0.0374  0.0384
  0.0364  0.0371  0.0376  0.0388  0.0386  0.0377  0.0375  0.0379  0.0372  0.0384  0.0371  0.0377
  0.0362  0.0364  0.0365  0.0378  0.0371  0.0370  0.0369  0.0371  0.0369  0.0375  0.0368  0.0371
  0.0362  0.0362  0.0362  0.0361  0.0358  0.0362  0.0367  0.0367  0.0368  0.0368  0.0365  0.0365
  0.0365  0.0363  0.0362  0.0346  0.0356  0.0355  0.0368  0.0368  0.0368  0.0362  0.0363  0.0360
  0.0371  0.0371  0.0366  0.0357  0.0391  0.0384  0.0371  0.0384  0.0372  0.0366  0.0364  0.0360
  0.0379  0.0389  0.0377  0.0409  0.0459  0.0446  0.0379  0.0417  0.0383  0.0391  0.0375  0.0367
niter,ni,del,rscale     6    3    5.0000    1.2000
parameter 12 -0.509768 -> -0.500000 qaram    1.5209
parameters
   -4.4053   -2.5630   13.5933  -16.3196  -25.5293  -16.6708
   -2.0224   -8.9617   -0.4759    8.7298   15.0471    6.4856
eta,q 0.96419 18.61082
  0.0368  0.0374  0.0399  0.0389  0.0392  0.0381  0.0378  0.0398  0.0378  0.0395  0.0368  0.0385
  0.0362  0.0364  0.0379  0.0383  0.0379  0.0375  0.0370  0.0378  0.0371  0.0384  0.0366  0.0377
  0.0359  0.0359  0.0366  0.0373  0.0366  0.0368  0.0366  0.0370  0.0367  0.0374  0.0364  0.0370
  0.0360  0.0359  0.0359  0.0357  0.0357  0.0361  0.0365  0.0365  0.0365  0.0365  0.0363  0.0363
  0.0363  0.0365  0.0358  0.0344  0.0360  0.0359  0.0366  0.0364  0.0366  0.0360  0.0362  0.0359
  0.0369  0.0379  0.0363  0.0357  0.0396  0.0384  0.0370  0.0378  0.0369  0.0365  0.0366  0.0358
  0.0380  0.0405  0.0378  0.0411  0.0453  0.0443  0.0378  0.0409  0.0377  0.0391  0.0378  0.0365
niter,ni,del,rscale     6    3    5.0000    1.2000
parameters
   -4.8841   -3.4057   14.0328  -15.8690  -27.7568  -18.8427
   -1.7465   -9.2741    0.5384    9.2802   13.3619    9.5115
eta,q 0.96407 18.54709
  0.0366  0.0374  0.0396  0.0384  0.0388  0.0380  0.0376  0.0395  0.0379  0.0392  0.0367  0.0385
  0.0360  0.0364  0.0375  0.0379  0.0374  0.0374  0.0369  0.0375  0.0371  0.0381  0.0364  0.0377
  0.0358  0.0358  0.0363  0.0370  0.0363  0.0366  0.0365  0.0367  0.0366  0.0371  0.0363  0.0369
  0.0358  0.0358  0.0357  0.0357  0.0355  0.0359  0.0363  0.0363  0.0363  0.0363  0.0362  0.0363
  0.0360  0.0364  0.0359  0.0343  0.0361  0.0360  0.0364  0.0364  0.0364  0.0360  0.0362  0.0359
  0.0366  0.0381  0.0366  0.0350  0.0400  0.0385  0.0368  0.0375  0.0367  0.0368  0.0365  0.0361
  0.0374  0.0410  0.0384  0.0401  0.0458  0.0439  0.0375  0.0403  0.0374  0.0395  0.0376  0.0372
niter,ni,del,rscale     5    3    5.0000    1.2000
parameters
   -5.0721   -3.5669   14.0746  -15.1967  -29.1005  -20.5258
   -1.4839   -9.4372    1.4750    9.9539   11.6308   11.7290
eta,q 0.96401 18.51864
  0.0368  0.0381  0.0384  0.0385  0.0393  0.0380  0.0376  0.0396  0.0379  0.0390  0.0366  0.0382
  0.0362  0.0369  0.0369  0.0379  0.0379  0.0374  0.0369  0.0374  0.0371  0.0380  0.0364  0.0374
  0.0360  0.0362  0.0361  0.0371  0.0366  0.0367  0.0365  0.0365  0.0365  0.0370  0.0362  0.0367
  0.0359  0.0359  0.0359  0.0359  0.0357  0.0360  0.0363  0.0363  0.0363  0.0363  0.0362  0.0362
  0.0361  0.0361  0.0362  0.0346  0.0356  0.0358  0.0363  0.0364  0.0363  0.0360  0.0362  0.0359
  0.0364  0.0370  0.0369  0.0351  0.0383  0.0377  0.0367  0.0375  0.0367  0.0367  0.0365  0.0361
  0.0370  0.0388  0.0382  0.0398  0.0440  0.0424  0.0376  0.0399  0.0375  0.0391  0.0374  0.0373
niter,ni,del,rscale     4    3    5.0000    1.2000
parameters
   -5.1466   -3.5658   13.9568  -15.0078  -30.1044  -21.9125
   -1.2914   -9.3336    2.2373   10.6230   10.3494   13.2391
eta,q 0.96381 18.47921
  0.0369  0.0382  0.0379  0.0386  0.0396  0.0382  0.0378  0.0398  0.0381  0.0391  0.0368  0.0381
  0.0364  0.0370  0.0367  0.0380  0.0383  0.0375  0.0370  0.0376  0.0372  0.0381  0.0365  0.0373
  0.0361  0.0363  0.0361  0.0372  0.0369  0.0368  0.0366  0.0366  0.0367  0.0371  0.0364  0.0367
  0.0360  0.0360  0.0360  0.0360  0.0359  0.0361  0.0364  0.0364  0.0364  0.0364  0.0363  0.0363
  0.0361  0.0361  0.0362  0.0347  0.0356  0.0358  0.0365  0.0366  0.0364  0.0361  0.0363  0.0361
  0.0364  0.0368  0.0368  0.0356  0.0380  0.0374  0.0369  0.0376  0.0369  0.0368  0.0366  0.0364
  0.0371  0.0384  0.0381  0.0405  0.0435  0.0417  0.0377  0.0396  0.0378  0.0392  0.0373  0.0376
niter,ni,del,rscale     3    3    5.0000    1.2000
parameters
   -5.1626   -3.4599   13.8026  -14.8213  -30.8660  -23.0017
   -1.3612   -9.1661    2.7662   11.1284    9.7214   14.2570
eta,q 0.96364 18.44851
  0.0372  0.0383  0.0378  0.0388  0.0399  0.0383  0.0378  0.0399  0.0382  0.0392  0.0370  0.0380
  0.0366  0.0373  0.0368  0.0382  0.0385  0.0376  0.0371  0.0377  0.0373  0.0381  0.0367  0.0373
  0.0363  0.0365  0.0363  0.0374  0.0372  0.0370  0.0367  0.0367  0.0367  0.0372  0.0365  0.0368
  0.0362  0.0362  0.0362  0.0362  0.0361  0.0363  0.0365  0.0365  0.0365  0.0365  0.0364  0.0364
  0.0363  0.0363  0.0364  0.0350  0.0357  0.0359  0.0366  0.0368  0.0366  0.0363  0.0364  0.0363
  0.0366  0.0369  0.0369  0.0359  0.0379  0.0371  0.0370  0.0377  0.0370  0.0370  0.0366  0.0366
  0.0372  0.0383  0.0381  0.0407  0.0432  0.0413  0.0380  0.0396  0.0380  0.0394  0.0373  0.0378
niter,ni,del,rscale     2    3    5.0000    1.2000
parameters
   -5.1172   -3.3267   13.7032  -14.6938  -31.4275  -23.7638
   -1.6036   -8.9882    3.0344   11.4320    9.5391   14.9342
eta,q 0.96350 18.42394
  0.0374  0.0384  0.0378  0.0390  0.0401  0.0385  0.0379  0.0400  0.0382  0.0392  0.0371  0.0380
  0.0368  0.0374  0.0369  0.0384  0.0388  0.0378  0.0372  0.0378  0.0374  0.0382  0.0368  0.0374
  0.0365  0.0367  0.0365  0.0375  0.0374  0.0371  0.0367  0.0368  0.0368  0.0373  0.0366  0.0369
  0.0364  0.0364  0.0363  0.0363  0.0363  0.0364  0.0366  0.0366  0.0366  0.0366  0.0365  0.0365
  0.0364  0.0364  0.0365  0.0352  0.0358  0.0360  0.0367  0.0369  0.0367  0.0364  0.0365  0.0364
  0.0367  0.0370  0.0370  0.0362  0.0378  0.0370  0.0372  0.0378  0.0372  0.0372  0.0367  0.0367
  0.0373  0.0383  0.0380  0.0409  0.0431  0.0409  0.0382  0.0396  0.0382  0.0396  0.0373  0.0380
niter,ni,del,rscale     1    3    5.0000    1.2000
parameters
   -5.0684   -3.2302   13.6886  -14.6006  -31.8250  -24.2122
   -1.8613   -8.8695    3.1133   11.5610    9.6091   15.3892
eta,q 0.96340 18.40793
  0.0375  0.0384  0.0379  0.0391  0.0403  0.0386  0.0380  0.0400  0.0383  0.0392  0.0372  0.0380
  0.0369  0.0374  0.0370  0.0385  0.0390  0.0379  0.0372  0.0378  0.0374  0.0382  0.0369  0.0374
  0.0366  0.0368  0.0366  0.0377  0.0376  0.0372  0.0368  0.0368  0.0369  0.0373  0.0367  0.0370
  0.0365  0.0365  0.0365  0.0365  0.0365  0.0366  0.0366  0.0366  0.0366  0.0366  0.0366  0.0366
  0.0366  0.0366  0.0366  0.0353  0.0359  0.0361  0.0368  0.0370  0.0368  0.0365  0.0366  0.0365
  0.0369  0.0371  0.0370  0.0364  0.0377  0.0368  0.0372  0.0379  0.0373  0.0373  0.0367  0.0368
  0.0375  0.0384  0.0380  0.0411  0.0429  0.0405  0.0383  0.0397  0.0383  0.0398  0.0373  0.0381
registration optimization eta report
parameter search radius
    2.7600    3.6501    4.8273    9.5220   10.9503   10.9503
    9.5220   10.9503   10.9503   10.9503   10.9503   10.9503
100000*second partial in parameter space
       13.       15.        6.        4.        4.        3.
        2.        3.        1.        2.        1.        1.
  0.0375  0.0384  0.0379  0.0391  0.0403  0.0386  0.0380  0.0400  0.0383  0.0392  0.0372  0.0380
  0.0369  0.0374  0.0370  0.0385  0.0390  0.0379  0.0372  0.0378  0.0374  0.0382  0.0369  0.0374
  0.0366  0.0368  0.0366  0.0377  0.0376  0.0372  0.0368  0.0368  0.0369  0.0373  0.0367  0.0370
  0.0365  0.0365  0.0365  0.0365  0.0365  0.0366  0.0366  0.0366  0.0366  0.0366  0.0366  0.0366
  0.0366  0.0366  0.0366  0.0353  0.0359  0.0361  0.0368  0.0370  0.0368  0.0365  0.0366  0.0365
  0.0369  0.0371  0.0370  0.0364  0.0377  0.0368  0.0372  0.0379  0.0373  0.0373  0.0367  0.0368
  0.0375  0.0384  0.0380  0.0411  0.0429  0.0405  0.0383  0.0397  0.0383  0.0398  0.0373  0.0381
   -5.0684   -3.2302   13.6886  -14.6006  -31.8250  -24.2122
   -1.8613   -8.8695    3.1133   11.5610    9.6091   15.3892
eta,q 0.96340 18.40793

---------------------------------------------------------------------
imgreg_4dfp /opt/freesurfer/average/711-2C_as_mni_average_305 /opt/freesurfer/average/711-2B_as_mni_average_305_mask talsrcimg_g11 none talsrcimg_to_711-2C_as_mni_average_305_t4 2311
---------------------------------------------------------------------

freesurfer imgreg_4dfp.c
/opt/freesurfer/average/711-2C_as_mni_average_305.4dfp.img
       256       256       256         1
  1.000000  1.000000  1.000000
orientation T byte_order littleendian
Reading image: /opt/freesurfer/average/711-2C_as_mni_average_305.4dfp.img
dimensions:      256       256       256
mmppix:       1.0000   -1.0000   -1.0000
center:     128.0000 -129.0000 -129.0000
/opt/freesurfer/average/711-2B_as_mni_average_305_mask.4dfp.img
       256       256       256         1
  1.000000  1.000000  1.000000
orientation T byte_order littleendian
Reading mask: /opt/freesurfer/average/711-2B_as_mni_average_305_mask.4dfp.img (2306576 pixels)
talsrcimg_g11.4dfp.img
       320       320       320         1
  0.800000  0.800000  0.800000
orientation T byte_order littleendian
Reading image: talsrcimg_g11.4dfp.img
dimensions:      320       320       320
mmppix:       0.8000   -0.8000   -0.8000
center:     128.0000 -128.8000 -128.8000
fimgreg.f
image alignment mode   2311 decimal      907 hex
parameters
   -5.0684   -3.2302   13.6886  -14.6006  -31.8250  -24.2122
   -1.8613   -8.8695    3.1133   11.5610    9.6091   15.3892
eta,q 0.96340 18.40793
niter,ni,del,rscale     5    3    5.0000    0.8000
parameter  4 -2.387751 -> -0.500000 qaram    1.1500
parameter  5 -0.516954 -> -0.500000 qaram    1.1500
parameters
   -5.0001   -2.9705   13.6347  -11.8406  -29.0650  -24.3908
   -2.4885   -8.8670    2.5056    9.9933    9.9188   14.1839
eta,q 0.96493 18.57146
  0.0369  0.0370  0.0367  0.0383  0.0371  0.0357  0.0360  0.0364  0.0357  0.0354  0.0355  0.0353
  0.0367  0.0368  0.0366  0.0378  0.0365  0.0354  0.0355  0.0356  0.0353  0.0352  0.0353  0.0352
  0.0366  0.0367  0.0366  0.0372  0.0360  0.0353  0.0352  0.0352  0.0352  0.0351  0.0351  0.0351
  0.0366  0.0366  0.0366  0.0366  0.0355  0.0351  0.0352  0.0351  0.0351  0.0351  0.0351  0.0351
  0.0366  0.0366  0.0366  0.0359  0.0352  0.0352  0.0354  0.0353  0.0353  0.0354  0.0351  0.0352
  0.0367  0.0367  0.0366  0.0354  0.0352  0.0354  0.0359  0.0357  0.0356  0.0359  0.0352  0.0354
  0.0369  0.0368  0.0367  0.0355  0.0356  0.0359  0.0366  0.0363  0.0361  0.0368  0.0354  0.0359
niter,ni,del,rscale     6    3    5.0000    0.9000
parameter  6 -0.646080 -> -0.500000 qaram    1.1500
parameters
   -4.9269   -3.1547   13.5010  -12.6079  -28.3563  -21.2858
   -2.2399   -8.8465    2.0597    8.5224   10.5059   13.0703
eta,q 0.96513 18.58976
  0.0364  0.0356  0.0353  0.0374  0.0374  0.0361  0.0363  0.0366  0.0355  0.0354  0.0354  0.0352
  0.0356  0.0353  0.0352  0.0367  0.0366  0.0358  0.0355  0.0356  0.0352  0.0351  0.0352  0.0350
  0.0352  0.0351  0.0351  0.0359  0.0359  0.0355  0.0351  0.0351  0.0350  0.0349  0.0350  0.0349
  0.0351  0.0351  0.0351  0.0351  0.0353  0.0352  0.0349  0.0349  0.0349  0.0349  0.0349  0.0349
  0.0352  0.0352  0.0351  0.0351  0.0350  0.0350  0.0350  0.0351  0.0350  0.0352  0.0349  0.0350
  0.0355  0.0354  0.0352  0.0371  0.0354  0.0349  0.0354  0.0356  0.0353  0.0358  0.0350  0.0353
  0.0361  0.0359  0.0354  0.0404  0.0371  0.0351  0.0360  0.0365  0.0358  0.0369  0.0353  0.0359
niter,ni,del,rscale     6    3    5.0000    0.9000
parameters
   -4.9189   -3.1934   13.5520  -12.9625  -27.8883  -20.9301
   -2.2651   -8.9089    1.9729    8.4698   10.9512   12.3677
eta,q 0.96512 18.60197
  0.0359  0.0354  0.0352  0.0373  0.0371  0.0360  0.0359  0.0362  0.0355  0.0358  0.0353  0.0353
  0.0353  0.0351  0.0350  0.0366  0.0363  0.0356  0.0353  0.0354  0.0352  0.0354  0.0351  0.0351
  0.0350  0.0349  0.0349  0.0358  0.0356  0.0352  0.0350  0.0350  0.0350  0.0350  0.0350  0.0349
  0.0349  0.0349  0.0349  0.0349  0.0350  0.0349  0.0349  0.0349  0.0349  0.0349  0.0349  0.0349
  0.0350  0.0349  0.0349  0.0346  0.0348  0.0348  0.0350  0.0350  0.0349  0.0349  0.0349  0.0349
  0.0353  0.0351  0.0350  0.0361  0.0353  0.0350  0.0353  0.0355  0.0351  0.0352  0.0350  0.0352
  0.0358  0.0355  0.0352  0.0394  0.0370  0.0361  0.0359  0.0362  0.0355  0.0359  0.0352  0.0358
niter,ni,del,rscale     5    3    5.0000    0.8000
parameters
   -4.9301   -3.2019   13.5106  -12.6731  -27.3471  -20.6355
   -2.3967   -8.9714    1.7318    8.1834   11.3335   11.7457
eta,q 0.96537 18.62936
  0.0355  0.0353  0.0351  0.0371  0.0365  0.0356  0.0355  0.0358  0.0351  0.0353  0.0351  0.0350
  0.0352  0.0351  0.0350  0.0365  0.0358  0.0352  0.0350  0.0351  0.0348  0.0350  0.0349  0.0348
  0.0349  0.0349  0.0349  0.0357  0.0352  0.0349  0.0347  0.0347  0.0347  0.0347  0.0347  0.0347
  0.0349  0.0349  0.0349  0.0349  0.0348  0.0347  0.0346  0.0346  0.0346  0.0346  0.0346  0.0346
  0.0350  0.0349  0.0349  0.0344  0.0346  0.0346  0.0347  0.0348  0.0347  0.0347  0.0346  0.0347
  0.0352  0.0351  0.0350  0.0352  0.0349  0.0348  0.0351  0.0352  0.0349  0.0350  0.0347  0.0349
  0.0356  0.0354  0.0351  0.0376  0.0363  0.0357  0.0356  0.0359  0.0353  0.0356  0.0350  0.0354
niter,ni,del,rscale     4    3    5.0000    0.7000
parameters
   -4.9037   -3.1771   13.4872  -12.3893  -26.7462  -20.2659
   -2.4495   -8.9874    1.4236    7.6958   11.5406   11.1175
eta,q 0.96559 18.65256
  0.0353  0.0350  0.0348  0.0367  0.0360  0.0352  0.0352  0.0355  0.0348  0.0349  0.0348  0.0347
  0.0349  0.0348  0.0347  0.0361  0.0354  0.0349  0.0347  0.0349  0.0346  0.0346  0.0346  0.0345
  0.0347  0.0347  0.0347  0.0354  0.0349  0.0346  0.0345  0.0345  0.0344  0.0345  0.0345  0.0344
  0.0346  0.0346  0.0346  0.0346  0.0345  0.0344  0.0344  0.0344  0.0344  0.0344  0.0344  0.0344
  0.0347  0.0347  0.0347  0.0343  0.0344  0.0344  0.0345  0.0345  0.0345  0.0345  0.0344  0.0345
  0.0349  0.0348  0.0347  0.0350  0.0346  0.0346  0.0348  0.0349  0.0346  0.0347  0.0345  0.0347
  0.0352  0.0350  0.0349  0.0370  0.0357  0.0352  0.0352  0.0355  0.0350  0.0352  0.0347  0.0350
niter,ni,del,rscale     3    3    5.0000    0.6000
parameters
   -4.8729   -3.1803   13.5117  -12.1170  -26.0766  -19.7917
   -2.3958   -8.9721    1.1135    7.0850   11.6123   10.4453
eta,q 0.96582 18.67713
  0.0350  0.0347  0.0346  0.0363  0.0355  0.0349  0.0349  0.0351  0.0345  0.0345  0.0345  0.0344
  0.0347  0.0345  0.0345  0.0357  0.0350  0.0346  0.0345  0.0346  0.0343  0.0343  0.0343  0.0343
  0.0345  0.0344  0.0344  0.0350  0.0346  0.0344  0.0343  0.0343  0.0342  0.0342  0.0342  0.0342
  0.0344  0.0344  0.0344  0.0344  0.0343  0.0342  0.0342  0.0342  0.0342  0.0342  0.0342  0.0342
  0.0345  0.0344  0.0344  0.0342  0.0342  0.0342  0.0343  0.0343  0.0342  0.0343  0.0342  0.0342
  0.0346  0.0345  0.0345  0.0348  0.0344  0.0343  0.0345  0.0346  0.0344  0.0345  0.0343  0.0344
  0.0349  0.0347  0.0346  0.0364  0.0351  0.0347  0.0349  0.0351  0.0347  0.0349  0.0345  0.0347
niter,ni,del,rscale     2    3    5.0000    0.5000
parameters
   -4.8456   -3.2473   13.6124  -11.8733  -25.3800  -19.1702
   -2.2797   -8.9633    0.8628    6.3945   11.5742    9.7337
eta,q 0.96602 18.70502
  0.0347  0.0344  0.0343  0.0358  0.0350  0.0345  0.0346  0.0347  0.0343  0.0342  0.0342  0.0341
  0.0344  0.0343  0.0343  0.0352  0.0347  0.0343  0.0343  0.0343  0.0341  0.0341  0.0341  0.0340
  0.0342  0.0342  0.0342  0.0347  0.0344  0.0342  0.0341  0.0341  0.0340  0.0340  0.0340  0.0340
  0.0342  0.0342  0.0342  0.0342  0.0341  0.0340  0.0340  0.0340  0.0340  0.0340  0.0340  0.0340
  0.0342  0.0342  0.0342  0.0341  0.0340  0.0340  0.0341  0.0341  0.0340  0.0341  0.0340  0.0340
  0.0344  0.0343  0.0342  0.0345  0.0341  0.0341  0.0342  0.0343  0.0342  0.0343  0.0341  0.0342
  0.0346  0.0344  0.0343  0.0357  0.0346  0.0343  0.0345  0.0347  0.0344  0.0345  0.0342  0.0344
niter,ni,del,rscale     1    3    5.0000    0.4000
parameters
   -4.8211   -3.3704   13.7437  -11.6729  -24.6600  -18.4766
   -2.1310   -8.9365    0.6628    5.6615   11.4742    8.9818
eta,q 0.96619 18.73535
  0.0343  0.0341  0.0341  0.0352  0.0346  0.0342  0.0343  0.0344  0.0340  0.0339  0.0340  0.0339
  0.0341  0.0340  0.0340  0.0348  0.0343  0.0341  0.0341  0.0341  0.0339  0.0338  0.0339  0.0338
  0.0340  0.0340  0.0340  0.0343  0.0341  0.0340  0.0339  0.0339  0.0338  0.0338  0.0338  0.0338
  0.0340  0.0340  0.0340  0.0340  0.0339  0.0339  0.0338  0.0338  0.0338  0.0338  0.0338  0.0338
  0.0340  0.0340  0.0340  0.0339  0.0339  0.0338  0.0339  0.0339  0.0339  0.0339  0.0338  0.0339
  0.0341  0.0341  0.0340  0.0343  0.0339  0.0339  0.0340  0.0341  0.0340  0.0340  0.0339  0.0340
  0.0343  0.0342  0.0340  0.0351  0.0342  0.0340  0.0342  0.0343  0.0341  0.0342  0.0340  0.0341
registration optimization eta report
parameter search radius
    0.8000    0.8000    0.8000    2.7600    2.7600    2.7600
    2.4000    2.4000    2.4000    2.4000    2.4000    2.4000
100000*second partial in parameter space
       52.       24.       13.       16.        6.        3.
        7.        9.        4.        4.        3.        3.
  0.0343  0.0341  0.0341  0.0352  0.0346  0.0342  0.0343  0.0344  0.0340  0.0339  0.0340  0.0339
  0.0341  0.0340  0.0340  0.0348  0.0343  0.0341  0.0341  0.0341  0.0339  0.0338  0.0339  0.0338
  0.0340  0.0340  0.0340  0.0343  0.0341  0.0340  0.0339  0.0339  0.0338  0.0338  0.0338  0.0338
  0.0340  0.0340  0.0340  0.0340  0.0339  0.0339  0.0338  0.0338  0.0338  0.0338  0.0338  0.0338
  0.0340  0.0340  0.0340  0.0339  0.0339  0.0338  0.0339  0.0339  0.0339  0.0339  0.0338  0.0339
  0.0341  0.0341  0.0340  0.0343  0.0339  0.0339  0.0340  0.0341  0.0340  0.0340  0.0339  0.0340
  0.0343  0.0342  0.0340  0.0351  0.0342  0.0340  0.0342  0.0343  0.0341  0.0342  0.0340  0.0341
   -4.8211   -3.3704   13.7437  -11.6729  -24.6600  -18.4766
   -2.1310   -8.9365    0.6628    5.6615   11.4742    8.9818
eta,q 0.96619 18.73535

---------------------------------------------------------------------
imgreg_4dfp /opt/freesurfer/average/711-2C_as_mni_average_305 /opt/freesurfer/average/711-2B_as_mni_average_305_mask talsrcimg_g11 none talsrcimg_to_711-2C_as_mni_average_305_t4 2311
---------------------------------------------------------------------

freesurfer imgreg_4dfp.c
/opt/freesurfer/average/711-2C_as_mni_average_305.4dfp.img
       256       256       256         1
  1.000000  1.000000  1.000000
orientation T byte_order littleendian
Reading image: /opt/freesurfer/average/711-2C_as_mni_average_305.4dfp.img
dimensions:      256       256       256
mmppix:       1.0000   -1.0000   -1.0000
center:     128.0000 -129.0000 -129.0000
/opt/freesurfer/average/711-2B_as_mni_average_305_mask.4dfp.img
       256       256       256         1
  1.000000  1.000000  1.000000
orientation T byte_order littleendian
Reading mask: /opt/freesurfer/average/711-2B_as_mni_average_305_mask.4dfp.img (2306576 pixels)
talsrcimg_g11.4dfp.img
       320       320       320         1
  0.800000  0.800000  0.800000
orientation T byte_order littleendian
Reading image: talsrcimg_g11.4dfp.img
dimensions:      320       320       320
mmppix:       0.8000   -0.8000   -0.8000
center:     128.0000 -128.8000 -128.8000
fimgreg.f
image alignment mode   2311 decimal      907 hex
parameters
   -4.8211   -3.3704   13.7437  -11.6729  -24.6600  -18.4766
   -2.1310   -8.9365    0.6628    5.6615   11.4742    8.9818
eta,q 0.96619 18.73535
niter,ni,del,rscale     5    3    5.0000    0.8000
parameters
   -4.7704   -3.6023   13.9720  -12.3064  -24.4760  -17.5565
   -1.9470   -8.7737    0.5098    5.2206   11.6776    8.5719
eta,q 0.96615 18.74896
  0.0353  0.0343  0.0343  0.0360  0.0354  0.0348  0.0353  0.0356  0.0345  0.0345  0.0344  0.0344
  0.0345  0.0340  0.0340  0.0352  0.0348  0.0345  0.0345  0.0346  0.0341  0.0342  0.0341  0.0341
  0.0340  0.0338  0.0339  0.0344  0.0343  0.0342  0.0340  0.0341  0.0339  0.0339  0.0339  0.0339
  0.0338  0.0338  0.0338  0.0338  0.0340  0.0339  0.0338  0.0338  0.0338  0.0338  0.0338  0.0338
  0.0340  0.0339  0.0338  0.0341  0.0339  0.0338  0.0340  0.0340  0.0339  0.0339  0.0339  0.0339
  0.0344  0.0342  0.0339  0.0358  0.0343  0.0339  0.0344  0.0345  0.0342  0.0343  0.0340  0.0342
  0.0351  0.0347  0.0340  0.0386  0.0356  0.0345  0.0350  0.0354  0.0346  0.0349  0.0343  0.0347
niter,ni,del,rscale     4    3    5.0000    0.7000
parameters
   -4.7848   -3.6480   14.1330  -12.2366  -24.1795  -16.9980
   -1.9966   -8.8336    0.4490    4.8484   11.7922    8.1687
eta,q 0.96626 18.76925
  0.0347  0.0343  0.0342  0.0360  0.0350  0.0345  0.0348  0.0350  0.0343  0.0343  0.0342  0.0341
  0.0342  0.0340  0.0340  0.0353  0.0346  0.0342  0.0342  0.0343  0.0340  0.0340  0.0340  0.0339
  0.0339  0.0339  0.0339  0.0345  0.0341  0.0340  0.0338  0.0339  0.0338  0.0338  0.0338  0.0338
  0.0339  0.0339  0.0338  0.0338  0.0338  0.0338  0.0337  0.0337  0.0337  0.0337  0.0337  0.0337
  0.0340  0.0339  0.0339  0.0337  0.0337  0.0337  0.0339  0.0339  0.0338  0.0338  0.0338  0.0338
  0.0343  0.0341  0.0339  0.0346  0.0341  0.0339  0.0342  0.0344  0.0340  0.0341  0.0339  0.0340
  0.0348  0.0344  0.0341  0.0364  0.0350  0.0343  0.0348  0.0351  0.0344  0.0346  0.0342  0.0344
niter,ni,del,rscale     3    3    5.0000    0.6000
parameters
   -4.7854   -3.7345   14.2973  -12.0441  -23.8534  -16.4812
   -1.9751   -8.9052    0.3707    4.4334   11.7670    7.7487
eta,q 0.96639 18.79226
  0.0345  0.0340  0.0340  0.0356  0.0346  0.0342  0.0345  0.0347  0.0341  0.0340  0.0339  0.0339
  0.0340  0.0339  0.0339  0.0349  0.0342  0.0340  0.0340  0.0341  0.0338  0.0338  0.0338  0.0337
  0.0338  0.0338  0.0338  0.0343  0.0339  0.0338  0.0337  0.0337  0.0337  0.0337  0.0337  0.0336
  0.0337  0.0337  0.0337  0.0337  0.0337  0.0337  0.0336  0.0336  0.0336  0.0336  0.0336  0.0336
  0.0338  0.0338  0.0338  0.0336  0.0336  0.0336  0.0337  0.0338  0.0337  0.0337  0.0336  0.0337
  0.0341  0.0339  0.0338  0.0342  0.0339  0.0337  0.0340  0.0341  0.0338  0.0339  0.0338  0.0338
  0.0344  0.0342  0.0339  0.0356  0.0345  0.0341  0.0344  0.0347  0.0341  0.0343  0.0340  0.0341
niter,ni,del,rscale     2    3    5.0000    0.5000
parameters
   -4.7925   -3.8359   14.4746  -11.8653  -23.4858  -15.9357
   -1.8937   -8.9632    0.3240    3.9834   11.6685    7.2638
eta,q 0.96650 18.81673
  0.0342  0.0338  0.0338  0.0351  0.0343  0.0340  0.0342  0.0343  0.0339  0.0338  0.0337  0.0337
  0.0338  0.0337  0.0337  0.0346  0.0340  0.0338  0.0338  0.0339  0.0337  0.0336  0.0336  0.0336
  0.0337  0.0336  0.0336  0.0340  0.0337  0.0336  0.0336  0.0336  0.0335  0.0335  0.0335  0.0335
  0.0336  0.0336  0.0336  0.0336  0.0336  0.0335  0.0335  0.0335  0.0335  0.0335  0.0335  0.0335
  0.0337  0.0337  0.0336  0.0336  0.0335  0.0335  0.0336  0.0336  0.0336  0.0336  0.0335  0.0336
  0.0339  0.0338  0.0336  0.0340  0.0337  0.0336  0.0338  0.0339  0.0337  0.0337  0.0336  0.0337
  0.0342  0.0339  0.0337  0.0351  0.0341  0.0338  0.0341  0.0344  0.0339  0.0340  0.0338  0.0339
niter,ni,del,rscale     1    3    5.0000    0.4000
parameters
   -4.8079   -3.9535   14.6672  -11.7187  -23.0719  -15.3331
   -1.7896   -9.0257    0.3074    3.5059   11.5589    6.7239
eta,q 0.96659 18.84423
  0.0339  0.0336  0.0336  0.0346  0.0340  0.0338  0.0339  0.0340  0.0337  0.0336  0.0336  0.0335
  0.0337  0.0336  0.0336  0.0342  0.0338  0.0336  0.0336  0.0336  0.0335  0.0335  0.0335  0.0334
  0.0335  0.0335  0.0335  0.0338  0.0336  0.0335  0.0335  0.0335  0.0334  0.0334  0.0334  0.0334
  0.0335  0.0335  0.0335  0.0335  0.0335  0.0334  0.0334  0.0334  0.0334  0.0334  0.0334  0.0334
  0.0336  0.0335  0.0335  0.0335  0.0334  0.0334  0.0335  0.0335  0.0334  0.0335  0.0334  0.0335
  0.0337  0.0336  0.0335  0.0338  0.0335  0.0335  0.0336  0.0337  0.0335  0.0336  0.0335  0.0336
  0.0339  0.0337  0.0336  0.0345  0.0338  0.0336  0.0338  0.0340  0.0337  0.0338  0.0336  0.0337
registration optimization eta report
parameter search radius
    0.8000    0.8000    0.8000    2.4000    2.4000    2.4000
    2.4000    2.4000    2.4000    2.4000    2.4000    2.4000
100000*second partial in parameter space
       59.       27.       16.       19.        7.        4.
        8.       10.        4.        4.        3.        3.
  0.0339  0.0336  0.0336  0.0346  0.0340  0.0338  0.0339  0.0340  0.0337  0.0336  0.0336  0.0335
  0.0337  0.0336  0.0336  0.0342  0.0338  0.0336  0.0336  0.0336  0.0335  0.0335  0.0335  0.0334
  0.0335  0.0335  0.0335  0.0338  0.0336  0.0335  0.0335  0.0335  0.0334  0.0334  0.0334  0.0334
  0.0335  0.0335  0.0335  0.0335  0.0335  0.0334  0.0334  0.0334  0.0334  0.0334  0.0334  0.0334
  0.0336  0.0335  0.0335  0.0335  0.0334  0.0334  0.0335  0.0335  0.0334  0.0335  0.0334  0.0335
  0.0337  0.0336  0.0335  0.0338  0.0335  0.0335  0.0336  0.0337  0.0335  0.0336  0.0335  0.0336
  0.0339  0.0337  0.0336  0.0345  0.0338  0.0336  0.0338  0.0340  0.0337  0.0338  0.0336  0.0337
   -4.8079   -3.9535   14.6672  -11.7187  -23.0719  -15.3331
   -1.7896   -9.0257    0.3074    3.5059   11.5589    6.7239
eta,q 0.96659 18.84423

---------------------------------------------------------------------
compute_vox2vox talsrcimg talsrcimg_to_711-2C_as_mni_average_305_t4 /opt/freesurfer/average/711-2C_as_mni_average_305
---------------------------------------------------------------------

freesurfer compute_vox2vox.c
Reading: talsrcimg.4dfp.ifh
Reading: talsrcimg_to_711-2C_as_mni_average_305_t4
Reading: /opt/freesurfer/average/711-2C_as_mni_average_305.4dfp.ifh
Writing: talsrcimg_to_711-2C_as_mni_average_305_t4_vox2vox.txt

start time Tue Mar 10 20:56:13 CET 2026
end		time Tue Mar 10 20:57:39 CET 2026

mpr2mni305 success

avi2talxfm orig_nu.mgz /opt/freesurfer/average/mni305.cor.mgz talsrcimg_to_711-2C_as_mni_average_305_t4_vox2vox.txt transforms/talairach.auto.xfm
avi2talxfm done
mv -f /out/sourcedata/freesurfer/sub-v2s11x28706_ses-1/mri/talsrcimg_to_711-2C_as_mni_average_305_t4_vox2vox.txt /out/sourcedata/freesurfer/sub-v2s11x28706_ses-1/mri/transforms/talsrcimg_to_711-2C_as_mni_average_305_t4_vox2vox.txt
lta_convert --src orig_nu.mgz --trg /opt/freesurfer/average/mni305.cor.mgz --inxfm transforms/talairach.auto.xfm --outlta transforms/talairach.auto.xfm.lta --subject fsaverage
7.3.2

--src: orig_nu.mgz src image (geometry).
--trg: /opt/freesurfer/average/mni305.cor.mgz trg image (geometry).
--inmni: transforms/talairach.auto.xfm input MNI/XFM transform.
--outlta: transforms/talairach.auto.xfm.lta output LTA.
--s: fsaverage subject name
 LTA read, type : 1
 1.11718   0.11845   0.01564   0.11034;
-0.15272   1.16920  -0.10575  -11.32014;
 0.00250  -0.05376   1.30467  -25.82526;
 0.00000   0.00000   0.00000   1.00000;
setting subject to fsaverage
Writing  LTA to file transforms/talairach.auto.xfm.lta...
lta_convert successful.
 
 
Started at Tue Mar 10 20:56:12 CET 2026
Ended   at Tue Mar 10 20:57:40 CET 2026
talairach_avi done
