status file for recon-all
Tue Mar 10 23:44:42 CET 2026
#@# Tessellate lh Tue Mar 10 23:44:42 CET 2026
#@# Smooth1 lh Tue Mar 10 23:44:50 CET 2026
#@# Inflation1 lh Tue Mar 10 23:44:54 CET 2026
#@# QSphere lh Tue Mar 10 23:46:28 CET 2026
#@# Fix Topology lh Tue Mar 10 23:48:10 CET 2026
#@# Smooth2 lh Wed Mar 11 00:00:02 CET 2026
#@# Inflation2 lh Wed Mar 11 00:00:07 CET 2026
#@# Curv .H and .K lh Wed Mar 11 00:00:44 CET 2026
#@# Sphere lh Wed Mar 11 00:01:53 CET 2026
#@# Surf Reg lh Wed Mar 11 00:07:03 CET 2026
#@# Jacobian white lh Wed Mar 11 00:13:45 CET 2026
#@# AvgCurv lh Wed Mar 11 00:13:46 CET 2026
#@# Cortical Parc lh Wed Mar 11 00:13:48 CET 2026
#@# white curv lh Wed Mar 11 00:22:57 CET 2026
#@# white area lh Wed Mar 11 00:23:00 CET 2026
#@# pial curv lh Wed Mar 11 00:23:01 CET 2026
#@# pial area lh Wed Mar 11 00:23:04 CET 2026
#@# thickness lh Wed Mar 11 00:23:05 CET 2026
#@# area and vertex vol lh Wed Mar 11 00:23:48 CET 2026
#@# Curvature Stats lh Wed Mar 11 00:23:51 CET 2026
#@# Cortical Parc 2 lh Wed Mar 11 00:23:54 CET 2026
#@# Cortical Parc 3 lh Wed Mar 11 00:24:15 CET 2026
#@# WM/GM Contrast lh Wed Mar 11 00:24:30 CET 2026
recon-all -s sub-v2s11x28708_ses-1 finished without error at Wed Mar 11 00:24:35 CET 2026



#New# invocation of recon-all 



status file for recon-all
Wed Mar 11 01:16:09 CET 2026
#@# white curv lh Wed Mar 11 01:16:09 CET 2026
#@# white area lh Wed Mar 11 01:16:09 CET 2026
#@# pial curv lh Wed Mar 11 01:16:09 CET 2026
#@# pial area lh Wed Mar 11 01:16:09 CET 2026
#@# thickness lh Wed Mar 11 01:16:09 CET 2026
#@# area and vertex vol lh Wed Mar 11 01:16:09 CET 2026
#@# Parcellation Stats lh Wed Mar 11 01:16:09 CET 2026
#@# Parcellation Stats 2 lh Wed Mar 11 01:16:45 CET 2026
#@# Parcellation Stats 3 lh Wed Mar 11 01:17:03 CET 2026
#@# BA_exvivo Labels lh Wed Mar 11 01:17:25 CET 2026
recon-all -s sub-v2s11x28708_ses-1 finished without error at Wed Mar 11 01:21:27 CET 2026
