status file for recon-all
Tue Mar 10 20:50:56 CET 2026
#@# MotionCor Tue Mar 10 20:51:01 CET 2026
#@# Talairach Tue Mar 10 20:51:10 CET 2026
#@# Talairach Failure Detection Tue Mar 10 20:58:19 CET 2026
#@# Talairach Tue Mar 10 20:58:19 CET 2026
#@# Talairach Failure Detection Tue Mar 10 21:05:30 CET 2026
#@# Talairach Tue Mar 10 21:05:30 CET 2026
#@# Talairach Failure Detection Tue Mar 10 21:11:17 CET 2026
#@# Nu Intensity Correction Tue Mar 10 21:11:17 CET 2026
#@# Intensity Normalization Tue Mar 10 21:17:38 CET 2026
recon-all -s sub-v2s11x28708_ses-1 finished without error at Tue Mar 10 21:20:58 CET 2026



#New# invocation of recon-all 



status file for recon-all
Tue Mar 10 21:27:53 CET 2026
#@# EM Registration Tue Mar 10 21:27:53 CET 2026
recon-all -s sub-v2s11x28708_ses-1 finished without error at Tue Mar 10 21:30:55 CET 2026



#New# invocation of recon-all 



status file for recon-all
Tue Mar 10 21:30:58 CET 2026
#@# CA Normalize Tue Mar 10 21:30:58 CET 2026
#@# CA Reg Tue Mar 10 21:32:45 CET 2026
#@# SubCort Seg Tue Mar 10 22:29:36 CET 2026
#@# CC Seg Tue Mar 10 23:33:22 CET 2026
#@# Merge ASeg Tue Mar 10 23:34:10 CET 2026
#@# Intensity Normalization2 Tue Mar 10 23:34:10 CET 2026
#@# Mask BFS Tue Mar 10 23:38:48 CET 2026
#@# WM Segmentation Tue Mar 10 23:38:49 CET 2026
#@# Fill Tue Mar 10 23:42:51 CET 2026
recon-all -s sub-v2s11x28708_ses-1 finished without error at Tue Mar 10 23:44:38 CET 2026



#New# invocation of recon-all 



status file for recon-all
Wed Mar 11 01:01:22 CET 2026
#@# white curv lh Wed Mar 11 01:01:22 CET 2026
#@# white area lh Wed Mar 11 01:01:22 CET 2026
#@# pial curv lh Wed Mar 11 01:01:22 CET 2026
#@# pial area lh Wed Mar 11 01:01:22 CET 2026
#@# thickness lh Wed Mar 11 01:01:22 CET 2026
#@# area and vertex vol lh Wed Mar 11 01:01:22 CET 2026
#@# white curv rh Wed Mar 11 01:01:22 CET 2026
#@# white area rh Wed Mar 11 01:01:22 CET 2026
#@# pial curv rh Wed Mar 11 01:01:22 CET 2026
#@# pial area rh Wed Mar 11 01:01:22 CET 2026
#@# thickness rh Wed Mar 11 01:01:22 CET 2026
#@# area and vertex vol rh Wed Mar 11 01:01:22 CET 2026
#@# Cortical ribbon mask Wed Mar 11 01:01:22 CET 2026
recon-all -s sub-v2s11x28708_ses-1 finished without error at Wed Mar 11 01:16:04 CET 2026



#New# invocation of recon-all 



status file for recon-all
Wed Mar 11 01:26:35 CET 2026
#@# white curv lh Wed Mar 11 01:26:35 CET 2026
#@# white area lh Wed Mar 11 01:26:35 CET 2026
#@# pial curv lh Wed Mar 11 01:26:35 CET 2026
#@# pial area lh Wed Mar 11 01:26:35 CET 2026
#@# thickness lh Wed Mar 11 01:26:35 CET 2026
#@# area and vertex vol lh Wed Mar 11 01:26:35 CET 2026
#@# white curv rh Wed Mar 11 01:26:35 CET 2026
#@# white area rh Wed Mar 11 01:26:35 CET 2026
#@# pial curv rh Wed Mar 11 01:26:35 CET 2026
#@# pial area rh Wed Mar 11 01:26:35 CET 2026
#@# thickness rh Wed Mar 11 01:26:35 CET 2026
#@# area and vertex vol rh Wed Mar 11 01:26:35 CET 2026
#@# Curvature Stats lh Wed Mar 11 01:26:35 CET 2026
#@# Curvature Stats rh Wed Mar 11 01:26:39 CET 2026
#@# Relabel Hypointensities Wed Mar 11 01:26:42 CET 2026
#@# APas-to-ASeg Wed Mar 11 01:27:11 CET 2026
#@# AParc-to-ASeg aparc Wed Mar 11 01:27:26 CET 2026
#@# AParc-to-ASeg aparc.a2009s Wed Mar 11 01:28:42 CET 2026
#@# AParc-to-ASeg aparc.DKTatlas Wed Mar 11 01:29:53 CET 2026
#@# WMParc Wed Mar 11 01:31:10 CET 2026
#@# ASeg Stats Wed Mar 11 01:38:51 CET 2026
recon-all -s sub-v2s11x28708_ses-1 finished without error at Wed Mar 11 01:39:52 CET 2026
