status file for recon-all
Tue Mar 10 13:46:44 CET 2026
#@# MotionCor Tue Mar 10 13:46:48 CET 2026
#@# Talairach Tue Mar 10 13:46:57 CET 2026
#@# Talairach Failure Detection Tue Mar 10 13:54:09 CET 2026
#@# Nu Intensity Correction Tue Mar 10 13:54:09 CET 2026
#@# Intensity Normalization Tue Mar 10 14:00:26 CET 2026
recon-all -s sub-v2s11x28675_ses-1 finished without error at Tue Mar 10 14:04:45 CET 2026



#New# invocation of recon-all 



status file for recon-all
Tue Mar 10 14:11:55 CET 2026
#@# EM Registration Tue Mar 10 14:11:55 CET 2026
recon-all -s sub-v2s11x28675_ses-1 finished without error at Tue Mar 10 14:13:27 CET 2026



#New# invocation of recon-all 



status file for recon-all
Tue Mar 10 14:13:29 CET 2026
#@# CA Normalize Tue Mar 10 14:13:29 CET 2026
#@# CA Reg Tue Mar 10 14:15:18 CET 2026
#@# SubCort Seg Tue Mar 10 14:57:15 CET 2026
#@# CC Seg Tue Mar 10 16:03:17 CET 2026
#@# Merge ASeg Tue Mar 10 16:04:07 CET 2026
#@# Intensity Normalization2 Tue Mar 10 16:04:07 CET 2026
#@# Mask BFS Tue Mar 10 16:08:53 CET 2026
#@# WM Segmentation Tue Mar 10 16:08:54 CET 2026
#@# Fill Tue Mar 10 16:13:01 CET 2026
recon-all -s sub-v2s11x28675_ses-1 finished without error at Tue Mar 10 16:14:45 CET 2026



#New# invocation of recon-all 



status file for recon-all
Tue Mar 10 17:06:16 CET 2026
#@# white curv lh Tue Mar 10 17:06:16 CET 2026
#@# white area lh Tue Mar 10 17:06:16 CET 2026
#@# pial curv lh Tue Mar 10 17:06:16 CET 2026
#@# pial area lh Tue Mar 10 17:06:16 CET 2026
#@# thickness lh Tue Mar 10 17:06:16 CET 2026
#@# area and vertex vol lh Tue Mar 10 17:06:16 CET 2026
#@# white curv rh Tue Mar 10 17:06:16 CET 2026
#@# white area rh Tue Mar 10 17:06:16 CET 2026
#@# pial curv rh Tue Mar 10 17:06:16 CET 2026
#@# pial area rh Tue Mar 10 17:06:16 CET 2026
#@# thickness rh Tue Mar 10 17:06:16 CET 2026
#@# area and vertex vol rh Tue Mar 10 17:06:16 CET 2026
#@# Cortical ribbon mask Tue Mar 10 17:06:16 CET 2026
recon-all -s sub-v2s11x28675_ses-1 finished without error at Tue Mar 10 17:23:53 CET 2026



#New# invocation of recon-all 



status file for recon-all
Tue Mar 10 17:32:08 CET 2026
#@# white curv lh Tue Mar 10 17:32:09 CET 2026
#@# white area lh Tue Mar 10 17:32:09 CET 2026
#@# pial curv lh Tue Mar 10 17:32:09 CET 2026
#@# pial area lh Tue Mar 10 17:32:09 CET 2026
#@# thickness lh Tue Mar 10 17:32:09 CET 2026
#@# area and vertex vol lh Tue Mar 10 17:32:09 CET 2026
#@# white curv rh Tue Mar 10 17:32:09 CET 2026
#@# white area rh Tue Mar 10 17:32:09 CET 2026
#@# pial curv rh Tue Mar 10 17:32:09 CET 2026
#@# pial area rh Tue Mar 10 17:32:09 CET 2026
#@# thickness rh Tue Mar 10 17:32:09 CET 2026
#@# area and vertex vol rh Tue Mar 10 17:32:09 CET 2026
#@# Curvature Stats lh Tue Mar 10 17:32:09 CET 2026
#@# Curvature Stats rh Tue Mar 10 17:32:12 CET 2026
#@# Relabel Hypointensities Tue Mar 10 17:32:15 CET 2026
#@# APas-to-ASeg Tue Mar 10 17:32:42 CET 2026
#@# AParc-to-ASeg aparc Tue Mar 10 17:32:53 CET 2026
#@# AParc-to-ASeg aparc.a2009s Tue Mar 10 17:33:44 CET 2026
#@# AParc-to-ASeg aparc.DKTatlas Tue Mar 10 17:34:37 CET 2026
#@# WMParc Tue Mar 10 17:35:28 CET 2026
#@# ASeg Stats Tue Mar 10 17:41:03 CET 2026
recon-all -s sub-v2s11x28675_ses-1 finished without error at Tue Mar 10 17:41:50 CET 2026
