Log file for defect2seg
Tue Mar 10 17:13:22 CET 2026

setenv SUBJECTS_DIR /out/sourcedata/freesurfer
cd /out/sourcedata/freesurfer/sub-v2s11x28677_ses-1/scripts
/opt/freesurfer/bin/defect2seg --s sub-v2s11x28677_ses-1 --rh-only --cortex

freesurfer-linux-ubuntu22_x86_64-7.3.2-20220804-6354275
defect2seg 7.3.2
Linux dna043 5.14.0-427.37.1.el9_4.x86_64 #1 SMP PREEMPT_DYNAMIC Fri Sep 13 12:41:50 EDT 2024 x86_64 x86_64 x86_64 GNU/Linux
pid 45549
mri_label2label --label-cortex /out/sourcedata/freesurfer/sub-v2s11x28677_ses-1/surf/rh.orig.nofix /out/sourcedata/freesurfer/sub-v2s11x28677_ses-1/mri/aseg.presurf.mgz 0 /out/sourcedata/freesurfer/sub-v2s11x28677_ses-1/label/rh.nofix.cortex.label

 Generating cortex label... RemoveHipAmgy=0
 NucAccIsMedialWall=0
 mris->useRealRAS=0
27 non-cortical segments detected
only using segment with 12468 vertices
erasing segment 0 (vno[0] = 7096)
erasing segment 1 (vno[0] = 57810)
erasing segment 2 (vno[0] = 58282)
erasing segment 3 (vno[0] = 61268)
erasing segment 4 (vno[0] = 61321)
erasing segment 6 (vno[0] = 92432)
erasing segment 7 (vno[0] = 111493)
erasing segment 8 (vno[0] = 147044)
erasing segment 9 (vno[0] = 150583)
erasing segment 10 (vno[0] = 155104)
erasing segment 11 (vno[0] = 159670)
erasing segment 12 (vno[0] = 162017)
erasing segment 13 (vno[0] = 162031)
erasing segment 14 (vno[0] = 164222)
erasing segment 15 (vno[0] = 165413)
erasing segment 16 (vno[0] = 165543)
erasing segment 17 (vno[0] = 167448)
erasing segment 18 (vno[0] = 167604)
erasing segment 19 (vno[0] = 170417)
erasing segment 20 (vno[0] = 170444)
erasing segment 21 (vno[0] = 171335)
erasing segment 22 (vno[0] = 171365)
erasing segment 23 (vno[0] = 173168)
erasing segment 24 (vno[0] = 174982)
erasing segment 25 (vno[0] = 181434)
erasing segment 26 (vno[0] = 218800)
mri_label2vol --defects /out/sourcedata/freesurfer/sub-v2s11x28677_ses-1/surf/rh.orig.nofix /out/sourcedata/freesurfer/sub-v2s11x28677_ses-1/surf/rh.defect_labels /out/sourcedata/freesurfer/sub-v2s11x28677_ses-1/mri/orig.mgz 2000 0 /out/sourcedata/freesurfer/sub-v2s11x28677_ses-1/mri/rh.surface.defects.mgz /out/sourcedata/freesurfer/sub-v2s11x28677_ses-1/label/rh.nofix.cortex.label
mri_label2vol supposed to be reproducible but seed not set
Contraining to label /out/sourcedata/freesurfer/sub-v2s11x28677_ses-1/label/rh.nofix.cortex.label
Changing input type 0 to MRI_INT
Converting defects to volume: offset=2000, merge=0
Writing to /out/sourcedata/freesurfer/sub-v2s11x28677_ses-1/mri/rh.surface.defects.mgz
mris_defects_pointset -s /out/sourcedata/freesurfer/sub-v2s11x28677_ses-1/surf/rh.orig.nofix -d /out/sourcedata/freesurfer/sub-v2s11x28677_ses-1/surf/rh.defect_labels -o /out/sourcedata/freesurfer/sub-v2s11x28677_ses-1/surf/rh.defects.pointset --label /out/sourcedata/freesurfer/sub-v2s11x28677_ses-1/label/rh.nofix.cortex.label
Reading in surface /out/sourcedata/freesurfer/sub-v2s11x28677_ses-1/surf/rh.orig.nofix
Reading in defect segmentation /out/sourcedata/freesurfer/sub-v2s11x28677_ses-1/surf/rh.defect_labels
Reading in label /out/sourcedata/freesurfer/sub-v2s11x28677_ses-1/label/rh.nofix.cortex.label
#VMPC# mris_defects_pointset 2044772
mris_defects_pointset done
 
Started at Tue Mar 10 17:13:22 CET 2026 
Ended   at Tue Mar 10 17:13:52 CET 2026
Defect2seg-Run-Time-Sec 30
Defect2seg-Run-Time-Min 0.60
Defect2seg-Run-Time-Hours 0.01
 
defect2seg Done
