status file for recon-all
Tue Mar 10 13:47:57 CET 2026
#@# MotionCor Tue Mar 10 13:48:01 CET 2026
#@# Talairach Tue Mar 10 13:48:10 CET 2026
#@# Talairach Failure Detection Tue Mar 10 13:55:19 CET 2026
#@# Nu Intensity Correction Tue Mar 10 13:55:19 CET 2026
#@# Intensity Normalization Tue Mar 10 14:01:38 CET 2026
recon-all -s sub-v2s11x28677_ses-1 finished without error at Tue Mar 10 14:06:33 CET 2026



#New# invocation of recon-all 



status file for recon-all
Tue Mar 10 14:14:22 CET 2026
#@# EM Registration Tue Mar 10 14:14:22 CET 2026
recon-all -s sub-v2s11x28677_ses-1 finished without error at Tue Mar 10 14:16:59 CET 2026



#New# invocation of recon-all 



status file for recon-all
Tue Mar 10 14:17:00 CET 2026
#@# CA Normalize Tue Mar 10 14:17:00 CET 2026
#@# CA Reg Tue Mar 10 14:18:48 CET 2026
#@# SubCort Seg Tue Mar 10 15:05:06 CET 2026
#@# CC Seg Tue Mar 10 16:14:47 CET 2026
#@# Merge ASeg Tue Mar 10 16:15:40 CET 2026
#@# Intensity Normalization2 Tue Mar 10 16:15:40 CET 2026
#@# Mask BFS Tue Mar 10 16:20:51 CET 2026
#@# WM Segmentation Tue Mar 10 16:20:52 CET 2026
#@# Fill Tue Mar 10 16:25:00 CET 2026
recon-all -s sub-v2s11x28677_ses-1 finished without error at Tue Mar 10 16:26:44 CET 2026



#New# invocation of recon-all 



status file for recon-all
Tue Mar 10 17:59:29 CET 2026
#@# white curv lh Tue Mar 10 17:59:29 CET 2026
#@# white area lh Tue Mar 10 17:59:29 CET 2026
#@# pial curv lh Tue Mar 10 17:59:29 CET 2026
#@# pial area lh Tue Mar 10 17:59:29 CET 2026
#@# thickness lh Tue Mar 10 17:59:29 CET 2026
#@# area and vertex vol lh Tue Mar 10 17:59:29 CET 2026
#@# white curv rh Tue Mar 10 17:59:29 CET 2026
#@# white area rh Tue Mar 10 17:59:29 CET 2026
#@# pial curv rh Tue Mar 10 17:59:29 CET 2026
#@# pial area rh Tue Mar 10 17:59:29 CET 2026
#@# thickness rh Tue Mar 10 17:59:29 CET 2026
#@# area and vertex vol rh Tue Mar 10 17:59:29 CET 2026
#@# Cortical ribbon mask Tue Mar 10 17:59:29 CET 2026
recon-all -s sub-v2s11x28677_ses-1 finished without error at Tue Mar 10 18:17:20 CET 2026



#New# invocation of recon-all 



status file for recon-all
Tue Mar 10 18:27:47 CET 2026
#@# white curv lh Tue Mar 10 18:27:47 CET 2026
#@# white area lh Tue Mar 10 18:27:47 CET 2026
#@# pial curv lh Tue Mar 10 18:27:47 CET 2026
#@# pial area lh Tue Mar 10 18:27:47 CET 2026
#@# thickness lh Tue Mar 10 18:27:47 CET 2026
#@# area and vertex vol lh Tue Mar 10 18:27:47 CET 2026
#@# white curv rh Tue Mar 10 18:27:47 CET 2026
#@# white area rh Tue Mar 10 18:27:47 CET 2026
#@# pial curv rh Tue Mar 10 18:27:47 CET 2026
#@# pial area rh Tue Mar 10 18:27:47 CET 2026
#@# thickness rh Tue Mar 10 18:27:47 CET 2026
#@# area and vertex vol rh Tue Mar 10 18:27:47 CET 2026
#@# Curvature Stats lh Tue Mar 10 18:27:47 CET 2026
#@# Curvature Stats rh Tue Mar 10 18:27:51 CET 2026
#@# Relabel Hypointensities Tue Mar 10 18:27:54 CET 2026
#@# APas-to-ASeg Tue Mar 10 18:28:22 CET 2026
#@# AParc-to-ASeg aparc Tue Mar 10 18:28:35 CET 2026
#@# AParc-to-ASeg aparc.a2009s Tue Mar 10 18:29:49 CET 2026
#@# AParc-to-ASeg aparc.DKTatlas Tue Mar 10 18:31:20 CET 2026
#@# WMParc Tue Mar 10 18:32:45 CET 2026
#@# ASeg Stats Tue Mar 10 18:38:24 CET 2026
recon-all -s sub-v2s11x28677_ses-1 finished without error at Tue Mar 10 18:39:23 CET 2026
