status file for recon-all
Tue Mar 10 17:06:47 CET 2026
#@# Tessellate rh Tue Mar 10 17:06:47 CET 2026
#@# Smooth1 rh Tue Mar 10 17:06:54 CET 2026
#@# Inflation1 rh Tue Mar 10 17:06:58 CET 2026
#@# QSphere rh Tue Mar 10 17:08:47 CET 2026
#@# Fix Topology rh Tue Mar 10 17:10:16 CET 2026
#@# Smooth2 rh Tue Mar 10 17:23:37 CET 2026
#@# Inflation2 rh Tue Mar 10 17:23:42 CET 2026
#@# Curv .H and .K rh Tue Mar 10 17:24:22 CET 2026
#@# Sphere rh Tue Mar 10 17:25:37 CET 2026
#@# Surf Reg rh Tue Mar 10 17:34:56 CET 2026
#@# Jacobian white rh Tue Mar 10 17:45:10 CET 2026
#@# AvgCurv rh Tue Mar 10 17:45:12 CET 2026
#@# Cortical Parc rh Tue Mar 10 17:45:13 CET 2026
#@# white curv rh Tue Mar 10 17:57:43 CET 2026
#@# white area rh Tue Mar 10 17:57:45 CET 2026
#@# pial curv rh Tue Mar 10 17:57:46 CET 2026
#@# pial area rh Tue Mar 10 17:57:49 CET 2026
#@# thickness rh Tue Mar 10 17:57:50 CET 2026
#@# area and vertex vol rh Tue Mar 10 17:58:39 CET 2026
#@# Curvature Stats rh Tue Mar 10 17:58:41 CET 2026
#@# Cortical Parc 2 rh Tue Mar 10 17:58:45 CET 2026
#@# Cortical Parc 3 rh Tue Mar 10 17:59:06 CET 2026
#@# WM/GM Contrast rh Tue Mar 10 17:59:21 CET 2026
recon-all -s sub-v2s11x28677_ses-1 finished without error at Tue Mar 10 17:59:26 CET 2026



#New# invocation of recon-all 



status file for recon-all
Tue Mar 10 18:22:39 CET 2026
#@# white curv rh Tue Mar 10 18:22:39 CET 2026
#@# white area rh Tue Mar 10 18:22:39 CET 2026
#@# pial curv rh Tue Mar 10 18:22:39 CET 2026
#@# pial area rh Tue Mar 10 18:22:39 CET 2026
#@# thickness rh Tue Mar 10 18:22:39 CET 2026
#@# area and vertex vol rh Tue Mar 10 18:22:39 CET 2026
#@# Parcellation Stats rh Tue Mar 10 18:22:39 CET 2026
#@# Parcellation Stats 2 rh Tue Mar 10 18:23:19 CET 2026
#@# Parcellation Stats 3 rh Tue Mar 10 18:23:40 CET 2026
#@# BA_exvivo Labels rh Tue Mar 10 18:24:00 CET 2026
recon-all -s sub-v2s11x28677_ses-1 finished without error at Tue Mar 10 18:27:43 CET 2026
