status file for recon-all
Tue Mar 10 16:26:48 CET 2026
#@# Tessellate lh Tue Mar 10 16:26:48 CET 2026
#@# Smooth1 lh Tue Mar 10 16:26:56 CET 2026
#@# Inflation1 lh Tue Mar 10 16:27:00 CET 2026
#@# QSphere lh Tue Mar 10 16:28:54 CET 2026
#@# Fix Topology lh Tue Mar 10 16:30:29 CET 2026
#@# Smooth2 lh Tue Mar 10 16:40:07 CET 2026
#@# Inflation2 lh Tue Mar 10 16:40:12 CET 2026
#@# Curv .H and .K lh Tue Mar 10 16:40:49 CET 2026
#@# Sphere lh Tue Mar 10 16:42:05 CET 2026
#@# Surf Reg lh Tue Mar 10 16:47:34 CET 2026
#@# Jacobian white lh Tue Mar 10 16:56:19 CET 2026
#@# AvgCurv lh Tue Mar 10 16:56:20 CET 2026
#@# Cortical Parc lh Tue Mar 10 16:56:21 CET 2026
#@# white curv lh Tue Mar 10 17:05:04 CET 2026
#@# white area lh Tue Mar 10 17:05:07 CET 2026
#@# pial curv lh Tue Mar 10 17:05:08 CET 2026
#@# pial area lh Tue Mar 10 17:05:11 CET 2026
#@# thickness lh Tue Mar 10 17:05:12 CET 2026
#@# area and vertex vol lh Tue Mar 10 17:05:59 CET 2026
#@# Curvature Stats lh Tue Mar 10 17:06:02 CET 2026
#@# Cortical Parc 2 lh Tue Mar 10 17:06:05 CET 2026
#@# Cortical Parc 3 lh Tue Mar 10 17:06:25 CET 2026
#@# WM/GM Contrast lh Tue Mar 10 17:06:41 CET 2026
recon-all -s sub-v2s11x28677_ses-1 finished without error at Tue Mar 10 17:06:45 CET 2026



#New# invocation of recon-all 



status file for recon-all
Tue Mar 10 18:17:26 CET 2026
#@# white curv lh Tue Mar 10 18:17:26 CET 2026
#@# white area lh Tue Mar 10 18:17:26 CET 2026
#@# pial curv lh Tue Mar 10 18:17:26 CET 2026
#@# pial area lh Tue Mar 10 18:17:26 CET 2026
#@# thickness lh Tue Mar 10 18:17:26 CET 2026
#@# area and vertex vol lh Tue Mar 10 18:17:26 CET 2026
#@# Parcellation Stats lh Tue Mar 10 18:17:27 CET 2026
#@# Parcellation Stats 2 lh Tue Mar 10 18:18:07 CET 2026
#@# Parcellation Stats 3 lh Tue Mar 10 18:18:28 CET 2026
#@# BA_exvivo Labels lh Tue Mar 10 18:18:48 CET 2026
recon-all -s sub-v2s11x28677_ses-1 finished without error at Tue Mar 10 18:22:35 CET 2026
