Log file for defect2seg
Wed Mar 11 00:34:39 CET 2026

setenv SUBJECTS_DIR /out/sourcedata/freesurfer
cd /out/sourcedata/freesurfer/sub-v2s11x28720_ses-1/scripts
/opt/freesurfer/bin/defect2seg --s sub-v2s11x28720_ses-1 --rh-only --cortex

freesurfer-linux-ubuntu22_x86_64-7.3.2-20220804-6354275
defect2seg 7.3.2
Linux dna043 5.14.0-427.37.1.el9_4.x86_64 #1 SMP PREEMPT_DYNAMIC Fri Sep 13 12:41:50 EDT 2024 x86_64 x86_64 x86_64 GNU/Linux
pid 171854
mri_label2label --label-cortex /out/sourcedata/freesurfer/sub-v2s11x28720_ses-1/surf/rh.orig.nofix /out/sourcedata/freesurfer/sub-v2s11x28720_ses-1/mri/aseg.presurf.mgz 0 /out/sourcedata/freesurfer/sub-v2s11x28720_ses-1/label/rh.nofix.cortex.label

 Generating cortex label... RemoveHipAmgy=0
 NucAccIsMedialWall=0
 mris->useRealRAS=0
39 non-cortical segments detected
only using segment with 13351 vertices
erasing segment 0 (vno[0] = 14916)
erasing segment 1 (vno[0] = 23562)
erasing segment 2 (vno[0] = 65587)
erasing segment 3 (vno[0] = 76263)
erasing segment 4 (vno[0] = 76303)
erasing segment 6 (vno[0] = 80079)
erasing segment 7 (vno[0] = 80348)
erasing segment 8 (vno[0] = 85704)
erasing segment 9 (vno[0] = 87159)
erasing segment 10 (vno[0] = 90034)
erasing segment 11 (vno[0] = 91387)
erasing segment 12 (vno[0] = 91743)
erasing segment 13 (vno[0] = 92793)
erasing segment 14 (vno[0] = 94349)
erasing segment 15 (vno[0] = 99371)
erasing segment 16 (vno[0] = 101324)
erasing segment 17 (vno[0] = 105323)
erasing segment 18 (vno[0] = 108298)
erasing segment 19 (vno[0] = 134615)
erasing segment 20 (vno[0] = 143357)
erasing segment 21 (vno[0] = 149380)
erasing segment 22 (vno[0] = 150297)
erasing segment 23 (vno[0] = 159144)
erasing segment 24 (vno[0] = 159147)
erasing segment 25 (vno[0] = 161770)
erasing segment 26 (vno[0] = 162486)
erasing segment 27 (vno[0] = 162961)
erasing segment 28 (vno[0] = 165047)
erasing segment 29 (vno[0] = 166305)
erasing segment 30 (vno[0] = 166662)
erasing segment 31 (vno[0] = 166786)
erasing segment 32 (vno[0] = 168074)
erasing segment 33 (vno[0] = 168089)
erasing segment 34 (vno[0] = 169246)
erasing segment 35 (vno[0] = 170364)
erasing segment 36 (vno[0] = 177099)
erasing segment 37 (vno[0] = 181085)
erasing segment 38 (vno[0] = 181102)
mri_label2vol --defects /out/sourcedata/freesurfer/sub-v2s11x28720_ses-1/surf/rh.orig.nofix /out/sourcedata/freesurfer/sub-v2s11x28720_ses-1/surf/rh.defect_labels /out/sourcedata/freesurfer/sub-v2s11x28720_ses-1/mri/orig.mgz 2000 0 /out/sourcedata/freesurfer/sub-v2s11x28720_ses-1/mri/rh.surface.defects.mgz /out/sourcedata/freesurfer/sub-v2s11x28720_ses-1/label/rh.nofix.cortex.label
mri_label2vol supposed to be reproducible but seed not set
Contraining to label /out/sourcedata/freesurfer/sub-v2s11x28720_ses-1/label/rh.nofix.cortex.label
Changing input type 0 to MRI_INT
Converting defects to volume: offset=2000, merge=0
Writing to /out/sourcedata/freesurfer/sub-v2s11x28720_ses-1/mri/rh.surface.defects.mgz
mris_defects_pointset -s /out/sourcedata/freesurfer/sub-v2s11x28720_ses-1/surf/rh.orig.nofix -d /out/sourcedata/freesurfer/sub-v2s11x28720_ses-1/surf/rh.defect_labels -o /out/sourcedata/freesurfer/sub-v2s11x28720_ses-1/surf/rh.defects.pointset --label /out/sourcedata/freesurfer/sub-v2s11x28720_ses-1/label/rh.nofix.cortex.label
Reading in surface /out/sourcedata/freesurfer/sub-v2s11x28720_ses-1/surf/rh.orig.nofix
Reading in defect segmentation /out/sourcedata/freesurfer/sub-v2s11x28720_ses-1/surf/rh.defect_labels
Reading in label /out/sourcedata/freesurfer/sub-v2s11x28720_ses-1/label/rh.nofix.cortex.label
#VMPC# mris_defects_pointset 1965084
mris_defects_pointset done
 
Started at Wed Mar 11 00:34:39 CET 2026 
Ended   at Wed Mar 11 00:35:08 CET 2026
Defect2seg-Run-Time-Sec 29
Defect2seg-Run-Time-Min 0.58
Defect2seg-Run-Time-Hours 0.01
 
defect2seg Done
