status file for recon-all
Tue Mar 10 21:01:05 CET 2026
#@# MotionCor Tue Mar 10 21:01:09 CET 2026
#@# Talairach Tue Mar 10 21:01:19 CET 2026
#@# Talairach Failure Detection Tue Mar 10 21:08:25 CET 2026
#@# Nu Intensity Correction Tue Mar 10 21:08:25 CET 2026
#@# Intensity Normalization Tue Mar 10 21:14:43 CET 2026
recon-all -s sub-v2s11x28720_ses-1 finished without error at Tue Mar 10 21:19:42 CET 2026



#New# invocation of recon-all 



status file for recon-all
Tue Mar 10 21:27:15 CET 2026
#@# EM Registration Tue Mar 10 21:27:15 CET 2026
recon-all -s sub-v2s11x28720_ses-1 finished without error at Tue Mar 10 21:28:52 CET 2026



#New# invocation of recon-all 



status file for recon-all
Tue Mar 10 21:28:55 CET 2026
#@# CA Normalize Tue Mar 10 21:28:55 CET 2026
#@# CA Reg Tue Mar 10 21:30:42 CET 2026
#@# SubCort Seg Tue Mar 10 22:21:42 CET 2026
#@# CC Seg Tue Mar 10 23:34:21 CET 2026
#@# Merge ASeg Tue Mar 10 23:35:20 CET 2026
#@# Intensity Normalization2 Tue Mar 10 23:35:20 CET 2026
#@# Mask BFS Tue Mar 10 23:40:24 CET 2026
#@# WM Segmentation Tue Mar 10 23:40:26 CET 2026
#@# Fill Tue Mar 10 23:45:11 CET 2026
recon-all -s sub-v2s11x28720_ses-1 finished without error at Tue Mar 10 23:46:59 CET 2026



#New# invocation of recon-all 



status file for recon-all
Wed Mar 11 01:10:51 CET 2026
#@# white curv lh Wed Mar 11 01:10:51 CET 2026
#@# white area lh Wed Mar 11 01:10:51 CET 2026
#@# pial curv lh Wed Mar 11 01:10:51 CET 2026
#@# pial area lh Wed Mar 11 01:10:51 CET 2026
#@# thickness lh Wed Mar 11 01:10:51 CET 2026
#@# area and vertex vol lh Wed Mar 11 01:10:51 CET 2026
#@# white curv rh Wed Mar 11 01:10:51 CET 2026
#@# white area rh Wed Mar 11 01:10:51 CET 2026
#@# pial curv rh Wed Mar 11 01:10:51 CET 2026
#@# pial area rh Wed Mar 11 01:10:51 CET 2026
#@# thickness rh Wed Mar 11 01:10:51 CET 2026
#@# area and vertex vol rh Wed Mar 11 01:10:51 CET 2026
#@# Cortical ribbon mask Wed Mar 11 01:10:51 CET 2026
recon-all -s sub-v2s11x28720_ses-1 finished without error at Wed Mar 11 01:36:37 CET 2026



#New# invocation of recon-all 



status file for recon-all
Wed Mar 11 01:48:28 CET 2026
#@# white curv lh Wed Mar 11 01:48:28 CET 2026
#@# white area lh Wed Mar 11 01:48:28 CET 2026
#@# pial curv lh Wed Mar 11 01:48:28 CET 2026
#@# pial area lh Wed Mar 11 01:48:28 CET 2026
#@# thickness lh Wed Mar 11 01:48:28 CET 2026
#@# area and vertex vol lh Wed Mar 11 01:48:28 CET 2026
#@# white curv rh Wed Mar 11 01:48:28 CET 2026
#@# white area rh Wed Mar 11 01:48:28 CET 2026
#@# pial curv rh Wed Mar 11 01:48:28 CET 2026
#@# pial area rh Wed Mar 11 01:48:28 CET 2026
#@# thickness rh Wed Mar 11 01:48:28 CET 2026
#@# area and vertex vol rh Wed Mar 11 01:48:28 CET 2026
#@# Curvature Stats lh Wed Mar 11 01:48:28 CET 2026
#@# Curvature Stats rh Wed Mar 11 01:48:32 CET 2026
#@# Relabel Hypointensities Wed Mar 11 01:48:36 CET 2026
#@# APas-to-ASeg Wed Mar 11 01:49:07 CET 2026
#@# AParc-to-ASeg aparc Wed Mar 11 01:49:22 CET 2026
#@# AParc-to-ASeg aparc.a2009s Wed Mar 11 01:50:57 CET 2026
#@# AParc-to-ASeg aparc.DKTatlas Wed Mar 11 01:52:35 CET 2026
#@# WMParc Wed Mar 11 01:54:14 CET 2026
#@# ASeg Stats Wed Mar 11 02:00:56 CET 2026
recon-all -s sub-v2s11x28720_ses-1 finished without error at Wed Mar 11 02:01:55 CET 2026
