status file for recon-all
Tue Mar 10 17:39:35 CET 2026
#@# Tessellate rh Tue Mar 10 17:39:35 CET 2026
#@# Smooth1 rh Tue Mar 10 17:39:44 CET 2026
#@# Inflation1 rh Tue Mar 10 17:39:48 CET 2026
#@# QSphere rh Tue Mar 10 17:41:34 CET 2026
#@# Fix Topology rh Tue Mar 10 17:43:02 CET 2026
#@# Smooth2 rh Tue Mar 10 18:06:27 CET 2026
#@# Inflation2 rh Tue Mar 10 18:06:32 CET 2026
#@# Curv .H and .K rh Tue Mar 10 18:08:38 CET 2026
#@# Sphere rh Tue Mar 10 18:09:51 CET 2026
#@# Surf Reg rh Tue Mar 10 18:18:27 CET 2026
#@# Jacobian white rh Tue Mar 10 18:30:46 CET 2026
#@# AvgCurv rh Tue Mar 10 18:30:48 CET 2026
#@# Cortical Parc rh Tue Mar 10 18:30:49 CET 2026
#@# white curv rh Tue Mar 10 18:46:47 CET 2026
#@# white area rh Tue Mar 10 18:46:51 CET 2026
#@# pial curv rh Tue Mar 10 18:46:52 CET 2026
#@# pial area rh Tue Mar 10 18:46:55 CET 2026
#@# thickness rh Tue Mar 10 18:46:56 CET 2026
#@# area and vertex vol rh Tue Mar 10 18:47:42 CET 2026
#@# Curvature Stats rh Tue Mar 10 18:47:45 CET 2026
#@# Cortical Parc 2 rh Tue Mar 10 18:47:49 CET 2026
#@# Cortical Parc 3 rh Tue Mar 10 18:48:09 CET 2026
#@# WM/GM Contrast rh Tue Mar 10 18:48:26 CET 2026
recon-all -s sub-v2s11x28683_ses-1 finished without error at Tue Mar 10 18:48:31 CET 2026



#New# invocation of recon-all 



status file for recon-all
Tue Mar 10 19:09:27 CET 2026
#@# white curv rh Tue Mar 10 19:09:27 CET 2026
#@# white area rh Tue Mar 10 19:09:27 CET 2026
#@# pial curv rh Tue Mar 10 19:09:27 CET 2026
#@# pial area rh Tue Mar 10 19:09:27 CET 2026
#@# thickness rh Tue Mar 10 19:09:27 CET 2026
#@# area and vertex vol rh Tue Mar 10 19:09:27 CET 2026
#@# Parcellation Stats rh Tue Mar 10 19:09:27 CET 2026
#@# Parcellation Stats 2 rh Tue Mar 10 19:10:06 CET 2026
#@# Parcellation Stats 3 rh Tue Mar 10 19:10:27 CET 2026
#@# BA_exvivo Labels rh Tue Mar 10 19:10:47 CET 2026
recon-all -s sub-v2s11x28683_ses-1 finished without error at Tue Mar 10 19:14:45 CET 2026
