status file for recon-all
Tue Mar 10 16:51:09 CET 2026
#@# Tessellate lh Tue Mar 10 16:51:09 CET 2026
#@# Smooth1 lh Tue Mar 10 16:51:17 CET 2026
#@# Inflation1 lh Tue Mar 10 16:51:21 CET 2026
#@# QSphere lh Tue Mar 10 16:53:15 CET 2026
#@# Fix Topology lh Tue Mar 10 16:54:50 CET 2026
#@# Smooth2 lh Tue Mar 10 17:11:36 CET 2026
#@# Inflation2 lh Tue Mar 10 17:11:41 CET 2026
#@# Curv .H and .K lh Tue Mar 10 17:12:18 CET 2026
#@# Sphere lh Tue Mar 10 17:13:41 CET 2026
#@# Surf Reg lh Tue Mar 10 17:19:53 CET 2026
#@# Jacobian white lh Tue Mar 10 17:27:31 CET 2026
#@# AvgCurv lh Tue Mar 10 17:27:33 CET 2026
#@# Cortical Parc lh Tue Mar 10 17:27:35 CET 2026
#@# white curv lh Tue Mar 10 17:37:28 CET 2026
#@# white area lh Tue Mar 10 17:37:31 CET 2026
#@# pial curv lh Tue Mar 10 17:37:32 CET 2026
#@# pial area lh Tue Mar 10 17:37:35 CET 2026
#@# thickness lh Tue Mar 10 17:37:37 CET 2026
#@# area and vertex vol lh Tue Mar 10 17:38:39 CET 2026
#@# Curvature Stats lh Tue Mar 10 17:38:42 CET 2026
#@# Cortical Parc 2 lh Tue Mar 10 17:38:47 CET 2026
#@# Cortical Parc 3 lh Tue Mar 10 17:39:10 CET 2026
#@# WM/GM Contrast lh Tue Mar 10 17:39:28 CET 2026
recon-all -s sub-v2s11x28683_ses-1 finished without error at Tue Mar 10 17:39:33 CET 2026



#New# invocation of recon-all 



status file for recon-all
Tue Mar 10 19:03:18 CET 2026
#@# white curv lh Tue Mar 10 19:03:18 CET 2026
#@# white area lh Tue Mar 10 19:03:18 CET 2026
#@# pial curv lh Tue Mar 10 19:03:18 CET 2026
#@# pial area lh Tue Mar 10 19:03:18 CET 2026
#@# thickness lh Tue Mar 10 19:03:18 CET 2026
#@# area and vertex vol lh Tue Mar 10 19:03:18 CET 2026
#@# Parcellation Stats lh Tue Mar 10 19:03:18 CET 2026
#@# Parcellation Stats 2 lh Tue Mar 10 19:04:08 CET 2026
#@# Parcellation Stats 3 lh Tue Mar 10 19:04:33 CET 2026
#@# BA_exvivo Labels lh Tue Mar 10 19:04:58 CET 2026
recon-all -s sub-v2s11x28683_ses-1 finished without error at Tue Mar 10 19:09:23 CET 2026
