status file for recon-all
Wed Mar 11 00:40:52 CET 2026
#@# Tessellate rh Wed Mar 11 00:40:52 CET 2026
#@# Smooth1 rh Wed Mar 11 00:40:59 CET 2026
#@# Inflation1 rh Wed Mar 11 00:41:03 CET 2026
#@# QSphere rh Wed Mar 11 00:42:44 CET 2026
#@# Fix Topology rh Wed Mar 11 00:44:19 CET 2026
#@# Smooth2 rh Wed Mar 11 01:11:07 CET 2026
#@# Inflation2 rh Wed Mar 11 01:11:12 CET 2026
#@# Curv .H and .K rh Wed Mar 11 01:11:55 CET 2026
#@# Sphere rh Wed Mar 11 01:13:09 CET 2026
#@# Surf Reg rh Wed Mar 11 01:23:51 CET 2026
#@# Jacobian white rh Wed Mar 11 01:35:57 CET 2026
#@# AvgCurv rh Wed Mar 11 01:35:59 CET 2026
#@# Cortical Parc rh Wed Mar 11 01:36:00 CET 2026
#@# white curv rh Wed Mar 11 01:56:04 CET 2026
#@# white area rh Wed Mar 11 01:56:07 CET 2026
#@# pial curv rh Wed Mar 11 01:56:08 CET 2026
#@# pial area rh Wed Mar 11 01:56:11 CET 2026
#@# thickness rh Wed Mar 11 01:56:13 CET 2026
#@# area and vertex vol rh Wed Mar 11 01:56:58 CET 2026
#@# Curvature Stats rh Wed Mar 11 01:57:01 CET 2026
#@# Cortical Parc 2 rh Wed Mar 11 01:57:06 CET 2026
#@# Cortical Parc 3 rh Wed Mar 11 01:57:25 CET 2026
#@# WM/GM Contrast rh Wed Mar 11 01:57:41 CET 2026
recon-all -s sub-v2s11x28702_ses-1 finished without error at Wed Mar 11 01:57:46 CET 2026



#New# invocation of recon-all 



status file for recon-all
Wed Mar 11 02:15:35 CET 2026
#@# white curv rh Wed Mar 11 02:15:35 CET 2026
#@# white area rh Wed Mar 11 02:15:35 CET 2026
#@# pial curv rh Wed Mar 11 02:15:35 CET 2026
#@# pial area rh Wed Mar 11 02:15:35 CET 2026
#@# thickness rh Wed Mar 11 02:15:35 CET 2026
#@# area and vertex vol rh Wed Mar 11 02:15:35 CET 2026
#@# Parcellation Stats rh Wed Mar 11 02:15:35 CET 2026
#@# Parcellation Stats 2 rh Wed Mar 11 02:16:13 CET 2026
#@# Parcellation Stats 3 rh Wed Mar 11 02:16:34 CET 2026
#@# BA_exvivo Labels rh Wed Mar 11 02:16:52 CET 2026
recon-all -s sub-v2s11x28702_ses-1 finished without error at Wed Mar 11 02:20:57 CET 2026
