Log file for defect2seg
Tue Mar 10 18:02:37 CET 2026

setenv SUBJECTS_DIR /out/sourcedata/freesurfer
cd /out/sourcedata/freesurfer/sub-v2s11x28687_ses-1/scripts
/opt/freesurfer/bin/defect2seg --s sub-v2s11x28687_ses-1 --rh-only --cortex

freesurfer-linux-ubuntu22_x86_64-7.3.2-20220804-6354275
defect2seg 7.3.2
Linux dna013 5.14.0-427.37.1.el9_4.x86_64 #1 SMP PREEMPT_DYNAMIC Fri Sep 13 12:41:50 EDT 2024 x86_64 x86_64 x86_64 GNU/Linux
pid 1943244
mri_label2label --label-cortex /out/sourcedata/freesurfer/sub-v2s11x28687_ses-1/surf/rh.orig.nofix /out/sourcedata/freesurfer/sub-v2s11x28687_ses-1/mri/aseg.presurf.mgz 0 /out/sourcedata/freesurfer/sub-v2s11x28687_ses-1/label/rh.nofix.cortex.label

 Generating cortex label... RemoveHipAmgy=0
 NucAccIsMedialWall=0
 mris->useRealRAS=0
27 non-cortical segments detected
only using segment with 11965 vertices
erasing segment 0 (vno[0] = 23908)
erasing segment 1 (vno[0] = 67093)
erasing segment 3 (vno[0] = 99527)
erasing segment 4 (vno[0] = 99752)
erasing segment 5 (vno[0] = 124736)
erasing segment 6 (vno[0] = 127008)
erasing segment 7 (vno[0] = 129200)
erasing segment 8 (vno[0] = 130707)
erasing segment 9 (vno[0] = 139004)
erasing segment 10 (vno[0] = 142645)
erasing segment 11 (vno[0] = 143859)
erasing segment 12 (vno[0] = 153035)
erasing segment 13 (vno[0] = 154390)
erasing segment 14 (vno[0] = 155588)
erasing segment 15 (vno[0] = 155697)
erasing segment 16 (vno[0] = 156628)
erasing segment 17 (vno[0] = 159217)
erasing segment 18 (vno[0] = 160304)
erasing segment 19 (vno[0] = 160399)
erasing segment 20 (vno[0] = 160532)
erasing segment 21 (vno[0] = 161640)
erasing segment 22 (vno[0] = 163715)
erasing segment 23 (vno[0] = 165706)
erasing segment 24 (vno[0] = 165721)
erasing segment 25 (vno[0] = 167642)
erasing segment 26 (vno[0] = 170518)
mri_label2vol --defects /out/sourcedata/freesurfer/sub-v2s11x28687_ses-1/surf/rh.orig.nofix /out/sourcedata/freesurfer/sub-v2s11x28687_ses-1/surf/rh.defect_labels /out/sourcedata/freesurfer/sub-v2s11x28687_ses-1/mri/orig.mgz 2000 0 /out/sourcedata/freesurfer/sub-v2s11x28687_ses-1/mri/rh.surface.defects.mgz /out/sourcedata/freesurfer/sub-v2s11x28687_ses-1/label/rh.nofix.cortex.label
mri_label2vol supposed to be reproducible but seed not set
Contraining to label /out/sourcedata/freesurfer/sub-v2s11x28687_ses-1/label/rh.nofix.cortex.label
Changing input type 0 to MRI_INT
Converting defects to volume: offset=2000, merge=0
Writing to /out/sourcedata/freesurfer/sub-v2s11x28687_ses-1/mri/rh.surface.defects.mgz
mris_defects_pointset -s /out/sourcedata/freesurfer/sub-v2s11x28687_ses-1/surf/rh.orig.nofix -d /out/sourcedata/freesurfer/sub-v2s11x28687_ses-1/surf/rh.defect_labels -o /out/sourcedata/freesurfer/sub-v2s11x28687_ses-1/surf/rh.defects.pointset --label /out/sourcedata/freesurfer/sub-v2s11x28687_ses-1/label/rh.nofix.cortex.label
Reading in surface /out/sourcedata/freesurfer/sub-v2s11x28687_ses-1/surf/rh.orig.nofix
Reading in defect segmentation /out/sourcedata/freesurfer/sub-v2s11x28687_ses-1/surf/rh.defect_labels
Reading in label /out/sourcedata/freesurfer/sub-v2s11x28687_ses-1/label/rh.nofix.cortex.label
#VMPC# mris_defects_pointset 2039552
mris_defects_pointset done
 
Started at Tue Mar 10 18:02:37 CET 2026 
Ended   at Tue Mar 10 18:03:01 CET 2026
Defect2seg-Run-Time-Sec 24
Defect2seg-Run-Time-Min 0.48
Defect2seg-Run-Time-Hours 0.01
 
defect2seg Done
