status file for recon-all
Tue Mar 10 17:57:05 CET 2026
#@# Tessellate rh Tue Mar 10 17:57:05 CET 2026
#@# Smooth1 rh Tue Mar 10 17:57:11 CET 2026
#@# Inflation1 rh Tue Mar 10 17:57:15 CET 2026
#@# QSphere rh Tue Mar 10 17:58:38 CET 2026
#@# Fix Topology rh Tue Mar 10 18:00:04 CET 2026
#@# Smooth2 rh Tue Mar 10 18:10:40 CET 2026
#@# Inflation2 rh Tue Mar 10 18:10:44 CET 2026
#@# Curv .H and .K rh Tue Mar 10 18:11:14 CET 2026
#@# Sphere rh Tue Mar 10 18:12:26 CET 2026
#@# Surf Reg rh Tue Mar 10 18:18:19 CET 2026
#@# Jacobian white rh Tue Mar 10 18:25:45 CET 2026
#@# AvgCurv rh Tue Mar 10 18:25:46 CET 2026
#@# Cortical Parc rh Tue Mar 10 18:25:47 CET 2026
#@# white curv rh Tue Mar 10 18:34:38 CET 2026
#@# white area rh Tue Mar 10 18:34:40 CET 2026
#@# pial curv rh Tue Mar 10 18:34:41 CET 2026
#@# pial area rh Tue Mar 10 18:34:44 CET 2026
#@# thickness rh Tue Mar 10 18:34:44 CET 2026
#@# area and vertex vol rh Tue Mar 10 18:35:30 CET 2026
#@# Curvature Stats rh Tue Mar 10 18:35:32 CET 2026
#@# Cortical Parc 2 rh Tue Mar 10 18:35:36 CET 2026
#@# Cortical Parc 3 rh Tue Mar 10 18:35:55 CET 2026
#@# WM/GM Contrast rh Tue Mar 10 18:36:10 CET 2026
recon-all -s sub-v2s11x28687_ses-1 finished without error at Tue Mar 10 18:36:14 CET 2026



#New# invocation of recon-all 



status file for recon-all
Tue Mar 10 18:55:21 CET 2026
#@# white curv rh Tue Mar 10 18:55:21 CET 2026
#@# white area rh Tue Mar 10 18:55:21 CET 2026
#@# pial curv rh Tue Mar 10 18:55:21 CET 2026
#@# pial area rh Tue Mar 10 18:55:21 CET 2026
#@# thickness rh Tue Mar 10 18:55:21 CET 2026
#@# area and vertex vol rh Tue Mar 10 18:55:21 CET 2026
#@# Parcellation Stats rh Tue Mar 10 18:55:22 CET 2026
#@# Parcellation Stats 2 rh Tue Mar 10 18:55:59 CET 2026
#@# Parcellation Stats 3 rh Tue Mar 10 18:56:18 CET 2026
#@# BA_exvivo Labels rh Tue Mar 10 18:56:36 CET 2026
recon-all -s sub-v2s11x28687_ses-1 finished without error at Tue Mar 10 19:00:06 CET 2026
