status file for recon-all
Tue Mar 10 14:33:31 CET 2026
#@# MotionCor Tue Mar 10 14:33:36 CET 2026
#@# Talairach Tue Mar 10 14:33:45 CET 2026
#@# Talairach Failure Detection Tue Mar 10 14:40:49 CET 2026
#@# Nu Intensity Correction Tue Mar 10 14:40:50 CET 2026
#@# Intensity Normalization Tue Mar 10 14:47:06 CET 2026
recon-all -s sub-v2s11x28687_ses-1 finished without error at Tue Mar 10 14:50:50 CET 2026



#New# invocation of recon-all 



status file for recon-all
Tue Mar 10 14:57:36 CET 2026
#@# EM Registration Tue Mar 10 14:57:36 CET 2026
recon-all -s sub-v2s11x28687_ses-1 finished without error at Tue Mar 10 14:59:20 CET 2026



#New# invocation of recon-all 



status file for recon-all
Tue Mar 10 14:59:24 CET 2026
#@# CA Normalize Tue Mar 10 14:59:24 CET 2026
#@# CA Reg Tue Mar 10 15:01:14 CET 2026
#@# SubCort Seg Tue Mar 10 15:41:57 CET 2026
#@# CC Seg Tue Mar 10 16:50:35 CET 2026
#@# Merge ASeg Tue Mar 10 16:51:52 CET 2026
#@# Intensity Normalization2 Tue Mar 10 16:51:52 CET 2026
#@# Mask BFS Tue Mar 10 16:56:40 CET 2026
#@# WM Segmentation Tue Mar 10 16:56:41 CET 2026
#@# Fill Tue Mar 10 17:01:04 CET 2026
recon-all -s sub-v2s11x28687_ses-1 finished without error at Tue Mar 10 17:02:47 CET 2026



#New# invocation of recon-all 



status file for recon-all
Tue Mar 10 18:36:17 CET 2026
#@# white curv lh Tue Mar 10 18:36:17 CET 2026
#@# white area lh Tue Mar 10 18:36:17 CET 2026
#@# pial curv lh Tue Mar 10 18:36:17 CET 2026
#@# pial area lh Tue Mar 10 18:36:17 CET 2026
#@# thickness lh Tue Mar 10 18:36:17 CET 2026
#@# area and vertex vol lh Tue Mar 10 18:36:17 CET 2026
#@# white curv rh Tue Mar 10 18:36:17 CET 2026
#@# white area rh Tue Mar 10 18:36:17 CET 2026
#@# pial curv rh Tue Mar 10 18:36:17 CET 2026
#@# pial area rh Tue Mar 10 18:36:17 CET 2026
#@# thickness rh Tue Mar 10 18:36:17 CET 2026
#@# area and vertex vol rh Tue Mar 10 18:36:17 CET 2026
#@# Cortical ribbon mask Tue Mar 10 18:36:17 CET 2026
recon-all -s sub-v2s11x28687_ses-1 finished without error at Tue Mar 10 18:50:34 CET 2026



#New# invocation of recon-all 



status file for recon-all
Tue Mar 10 19:00:09 CET 2026
#@# white curv lh Tue Mar 10 19:00:09 CET 2026
#@# white area lh Tue Mar 10 19:00:09 CET 2026
#@# pial curv lh Tue Mar 10 19:00:09 CET 2026
#@# pial area lh Tue Mar 10 19:00:09 CET 2026
#@# thickness lh Tue Mar 10 19:00:09 CET 2026
#@# area and vertex vol lh Tue Mar 10 19:00:09 CET 2026
#@# white curv rh Tue Mar 10 19:00:09 CET 2026
#@# white area rh Tue Mar 10 19:00:09 CET 2026
#@# pial curv rh Tue Mar 10 19:00:10 CET 2026
#@# pial area rh Tue Mar 10 19:00:10 CET 2026
#@# thickness rh Tue Mar 10 19:00:10 CET 2026
#@# area and vertex vol rh Tue Mar 10 19:00:10 CET 2026
#@# Curvature Stats lh Tue Mar 10 19:00:10 CET 2026
#@# Curvature Stats rh Tue Mar 10 19:00:13 CET 2026
#@# Relabel Hypointensities Tue Mar 10 19:00:16 CET 2026
#@# APas-to-ASeg Tue Mar 10 19:00:46 CET 2026
#@# AParc-to-ASeg aparc Tue Mar 10 19:00:58 CET 2026
#@# AParc-to-ASeg aparc.a2009s Tue Mar 10 19:01:56 CET 2026
#@# AParc-to-ASeg aparc.DKTatlas Tue Mar 10 19:02:56 CET 2026
#@# WMParc Tue Mar 10 19:03:54 CET 2026
#@# ASeg Stats Tue Mar 10 19:09:32 CET 2026
recon-all -s sub-v2s11x28687_ses-1 finished without error at Tue Mar 10 19:10:17 CET 2026
