Log file for defect2seg
Wed Mar 11 01:32:05 CET 2026

setenv SUBJECTS_DIR /out/sourcedata/freesurfer
cd /out/sourcedata/freesurfer/sub-v2s11x28733_ses-1/scripts
/opt/freesurfer/bin/defect2seg --s sub-v2s11x28733_ses-1 --rh-only --cortex

freesurfer-linux-ubuntu22_x86_64-7.3.2-20220804-6354275
defect2seg 7.3.2
Linux dna013 5.14.0-427.37.1.el9_4.x86_64 #1 SMP PREEMPT_DYNAMIC Fri Sep 13 12:41:50 EDT 2024 x86_64 x86_64 x86_64 GNU/Linux
pid 2056670
mri_label2label --label-cortex /out/sourcedata/freesurfer/sub-v2s11x28733_ses-1/surf/rh.orig.nofix /out/sourcedata/freesurfer/sub-v2s11x28733_ses-1/mri/aseg.presurf.mgz 0 /out/sourcedata/freesurfer/sub-v2s11x28733_ses-1/label/rh.nofix.cortex.label

 Generating cortex label... RemoveHipAmgy=0
 NucAccIsMedialWall=0
 mris->useRealRAS=0
30 non-cortical segments detected
only using segment with 11231 vertices
erasing segment 0 (vno[0] = 9830)
erasing segment 1 (vno[0] = 10883)
erasing segment 2 (vno[0] = 54849)
erasing segment 3 (vno[0] = 54858)
erasing segment 4 (vno[0] = 69409)
erasing segment 5 (vno[0] = 70978)
erasing segment 6 (vno[0] = 71059)
erasing segment 7 (vno[0] = 87282)
erasing segment 9 (vno[0] = 105386)
erasing segment 10 (vno[0] = 118925)
erasing segment 11 (vno[0] = 133721)
erasing segment 12 (vno[0] = 141047)
erasing segment 13 (vno[0] = 155386)
erasing segment 14 (vno[0] = 160407)
erasing segment 15 (vno[0] = 166096)
erasing segment 16 (vno[0] = 171146)
erasing segment 17 (vno[0] = 171294)
erasing segment 18 (vno[0] = 171362)
erasing segment 19 (vno[0] = 172718)
erasing segment 20 (vno[0] = 175122)
erasing segment 21 (vno[0] = 175136)
erasing segment 22 (vno[0] = 176307)
erasing segment 23 (vno[0] = 176355)
erasing segment 24 (vno[0] = 177541)
erasing segment 25 (vno[0] = 177626)
erasing segment 26 (vno[0] = 178813)
erasing segment 27 (vno[0] = 178901)
erasing segment 28 (vno[0] = 203977)
erasing segment 29 (vno[0] = 214865)
mri_label2vol --defects /out/sourcedata/freesurfer/sub-v2s11x28733_ses-1/surf/rh.orig.nofix /out/sourcedata/freesurfer/sub-v2s11x28733_ses-1/surf/rh.defect_labels /out/sourcedata/freesurfer/sub-v2s11x28733_ses-1/mri/orig.mgz 2000 0 /out/sourcedata/freesurfer/sub-v2s11x28733_ses-1/mri/rh.surface.defects.mgz /out/sourcedata/freesurfer/sub-v2s11x28733_ses-1/label/rh.nofix.cortex.label
mri_label2vol supposed to be reproducible but seed not set
Contraining to label /out/sourcedata/freesurfer/sub-v2s11x28733_ses-1/label/rh.nofix.cortex.label
Changing input type 0 to MRI_INT
Converting defects to volume: offset=2000, merge=0
Writing to /out/sourcedata/freesurfer/sub-v2s11x28733_ses-1/mri/rh.surface.defects.mgz
mris_defects_pointset -s /out/sourcedata/freesurfer/sub-v2s11x28733_ses-1/surf/rh.orig.nofix -d /out/sourcedata/freesurfer/sub-v2s11x28733_ses-1/surf/rh.defect_labels -o /out/sourcedata/freesurfer/sub-v2s11x28733_ses-1/surf/rh.defects.pointset --label /out/sourcedata/freesurfer/sub-v2s11x28733_ses-1/label/rh.nofix.cortex.label
Reading in surface /out/sourcedata/freesurfer/sub-v2s11x28733_ses-1/surf/rh.orig.nofix
Reading in defect segmentation /out/sourcedata/freesurfer/sub-v2s11x28733_ses-1/surf/rh.defect_labels
Reading in label /out/sourcedata/freesurfer/sub-v2s11x28733_ses-1/label/rh.nofix.cortex.label
#VMPC# mris_defects_pointset 1377856
mris_defects_pointset done
 
Started at Wed Mar 11 01:32:05 CET 2026 
Ended   at Wed Mar 11 01:32:34 CET 2026
Defect2seg-Run-Time-Sec 29
Defect2seg-Run-Time-Min 0.58
Defect2seg-Run-Time-Hours 0.01
 
defect2seg Done
