status file for recon-all
Wed Mar 11 01:25:47 CET 2026
#@# Tessellate rh Wed Mar 11 01:25:47 CET 2026
#@# Smooth1 rh Wed Mar 11 01:25:54 CET 2026
#@# Inflation1 rh Wed Mar 11 01:25:58 CET 2026
#@# QSphere rh Wed Mar 11 01:27:48 CET 2026
#@# Fix Topology rh Wed Mar 11 01:29:34 CET 2026
#@# Smooth2 rh Wed Mar 11 01:38:53 CET 2026
#@# Inflation2 rh Wed Mar 11 01:38:58 CET 2026
#@# Curv .H and .K rh Wed Mar 11 01:39:35 CET 2026
#@# Sphere rh Wed Mar 11 01:40:53 CET 2026
#@# Surf Reg rh Wed Mar 11 01:46:35 CET 2026
#@# Jacobian white rh Wed Mar 11 01:57:20 CET 2026
#@# AvgCurv rh Wed Mar 11 01:57:22 CET 2026
#@# Cortical Parc rh Wed Mar 11 01:57:23 CET 2026
#@# white curv rh Wed Mar 11 02:06:41 CET 2026
#@# white area rh Wed Mar 11 02:06:44 CET 2026
#@# pial curv rh Wed Mar 11 02:06:45 CET 2026
#@# pial area rh Wed Mar 11 02:06:48 CET 2026
#@# thickness rh Wed Mar 11 02:06:49 CET 2026
#@# area and vertex vol rh Wed Mar 11 02:07:39 CET 2026
#@# Curvature Stats rh Wed Mar 11 02:07:41 CET 2026
#@# Cortical Parc 2 rh Wed Mar 11 02:07:45 CET 2026
#@# Cortical Parc 3 rh Wed Mar 11 02:08:07 CET 2026
#@# WM/GM Contrast rh Wed Mar 11 02:08:23 CET 2026
recon-all -s sub-v2s11x28733_ses-1 finished without error at Wed Mar 11 02:08:28 CET 2026



#New# invocation of recon-all 



status file for recon-all
Wed Mar 11 02:33:42 CET 2026
#@# white curv rh Wed Mar 11 02:33:42 CET 2026
#@# white area rh Wed Mar 11 02:33:42 CET 2026
#@# pial curv rh Wed Mar 11 02:33:42 CET 2026
#@# pial area rh Wed Mar 11 02:33:42 CET 2026
#@# thickness rh Wed Mar 11 02:33:42 CET 2026
#@# area and vertex vol rh Wed Mar 11 02:33:42 CET 2026
#@# Parcellation Stats rh Wed Mar 11 02:33:42 CET 2026
#@# Parcellation Stats 2 rh Wed Mar 11 02:34:26 CET 2026
#@# Parcellation Stats 3 rh Wed Mar 11 02:34:49 CET 2026
#@# BA_exvivo Labels rh Wed Mar 11 02:35:10 CET 2026
recon-all -s sub-v2s11x28733_ses-1 finished without error at Wed Mar 11 02:39:06 CET 2026
