/out/sourcedata/freesurfer/sub-v2s11x28690_ses-1/mri
/opt/freesurfer/bin/talairach_avi
--i orig_nu.mgz --xfm transforms/talairach.auto.xfm
talairach_avi 7.3.2
Linux dna003 5.14.0-427.37.1.el9_4.x86_64 #1 SMP PREEMPT_DYNAMIC Fri Sep 13 12:41:50 EDT 2024 x86_64 x86_64 x86_64 GNU/Linux
Tue Mar 10 14:46:48 CET 2026
mri_convert orig_nu.mgz talsrcimg.img 
reading from orig_nu.mgz...
TR=0.00, TE=0.00, TI=0.00, flip angle=0.00
i_ras = (-1, 0, 0)
j_ras = (0, 0, -1)
k_ras = (0, 1, 0)
writing to talsrcimg.img...
Analyze Output Matrix
-0.80000   0.00000   0.00000   130.90617;
 0.00000   0.00000   0.80000  -122.10197;
 0.00000  -0.80000   0.00000   128.57614;
 0.00000   0.00000   0.00000   1.00000;
--------------------
INFO: set hdr.hist.orient to -1
mpr2mni305 talsrcimg
Tue Mar 10 14:46:49 CET 2026
/opt/freesurfer/bin/mpr2mni305 talsrcimg
mpr2mni305 7.3.2
target=711-2C_as_mni_average_305

---------------------------------------------------------------------
analyzeto4dfp talsrcimg -O0 -y
---------------------------------------------------------------------

freesurfer ifh2hdr.c
Tue Mar 10 14:46:49 2026
Writing: talsrcimg.4dfp.hdr
freesurfer analyzeto4dfp.c
Reading: talsrcimg.hdr
header size 348 bytes
hdr.dime.datatype	offset=70	value=2
hdr.dime.bitpix		offset=72	value=8
hdr.hist.orient		offset=252	value=-1
dimensionality     4
dimensions       320       320       320         1
Reading: talsrcimg.img
Writing: talsrcimg.4dfp.img
Writing: talsrcimg.4dfp.ifh
ifh2hdr talsrcimg -r0to176
ori=2

---------------------------------------------------------------------
gauss_4dfp talsrcimg 1.1
---------------------------------------------------------------------

freesurfer gauss_4dfp.c
Reading: talsrcimg.4dfp.img
Writing: talsrcimg_g11.4dfp.img
image dimensions 320 320 320 padded to 384 384 384
processing volume 1freesurfer ifh2hdr.c
Tue Mar 10 14:47:06 2026
Writing: talsrcimg_g11.4dfp.hdr

Writing: talsrcimg_g11.4dfp.ifh
including: talsrcimg.4dfp.img.rec in talsrcimg_g11.4dfp.img.rec

---------------------------------------------------------------------
imgreg_4dfp /opt/freesurfer/average/711-2C_as_mni_average_305 none talsrcimg_g11 none talsrcimg_to_711-2C_as_mni_average_305_t4 4355
---------------------------------------------------------------------

freesurfer imgreg_4dfp.c
/opt/freesurfer/average/711-2C_as_mni_average_305.4dfp.img
       256       256       256         1
  1.000000  1.000000  1.000000
orientation T byte_order littleendian
Reading image: /opt/freesurfer/average/711-2C_as_mni_average_305.4dfp.img
dimensions:      256       256       256
mmppix:       1.0000   -1.0000   -1.0000
center:     128.0000 -129.0000 -129.0000
talsrcimg_g11.4dfp.img
       320       320       320         1
  0.800000  0.800000  0.800000
orientation T byte_order littleendian
Reading image: talsrcimg_g11.4dfp.img
dimensions:      320       320       320
mmppix:       0.8000   -0.8000   -0.8000
center:     128.0000 -128.8000 -128.8000
t4_read: open error in t4_sub.f l:  41 t4_file(1:l)talsrcimg_to_711-2C_as_mni_average_305_t4 
t4_read: transform initialized to I4
rotation matrix determinant  1.000000
image alignment mode   4355 decimal     1103 hex
   -7.5000  -45.0000  -45.0000 8411.0049   15.7315
    0.0000  -45.0000  -45.0000 8869.8955   15.8210
    7.5000  -45.0000  -45.0000 8487.8965   15.7807
   -7.5000  -37.5000  -45.0000 8949.9258   15.7367
    0.0000  -37.5000  -45.0000 9430.8975   15.8246
    7.5000  -37.5000  -45.0000 9013.1211   15.7844
   -7.5000  -30.0000  -45.0000 9808.3975   15.8348
    0.0000  -30.0000  -45.000010333.7461   15.9205
    7.5000  -30.0000  -45.0000 9862.7832   15.8808
   -7.5000  -22.5000  -45.000010653.0957   15.9227
    0.0000  -22.5000  -45.000011217.1602   16.0080
    7.5000  -22.5000  -45.000010721.3691   15.9687
   -7.5000  -15.0000  -45.000011457.1865   15.9229
    0.0000  -15.0000  -45.000012085.5078   16.0097
    7.5000  -15.0000  -45.000011546.4980   15.9701
   -7.5000   -7.5000  -45.000012271.2881   15.8274
    0.0000   -7.5000  -45.000012950.0127   15.9164
    7.5000   -7.5000  -45.000012377.6807   15.8764
   -7.5000    0.0000  -45.000012946.0703   15.7315
    0.0000    0.0000  -45.000013680.7393   15.8210
    7.5000    0.0000  -45.000013056.6016   15.7807
   -7.5000    7.5000  -45.000012500.1738   15.7367
    0.0000    7.5000  -45.000013205.8916   15.8246
    7.5000    7.5000  -45.000012588.8076   15.7844
   -7.5000   15.0000  -45.000011832.3291   15.8348
    0.0000   15.0000  -45.000012505.9795   15.9205
    7.5000   15.0000  -45.000011906.6035   15.8808
   -7.5000   22.5000  -45.000011049.0498   15.9205
    0.0000   22.5000  -45.000011701.4531   16.0058
    7.5000   22.5000  -45.000011113.3701   15.9665
   -7.5000   30.0000  -45.000010249.1055   15.7107
    0.0000   30.0000  -45.000010865.9697   15.7964
    7.5000   30.0000  -45.000010323.2051   15.7573
   -7.5000   37.5000  -45.0000 9836.6250   15.6164
    0.0000   37.5000  -45.000010423.4619   15.7043
    7.5000   37.5000  -45.0000 9918.6201   15.6648
   -7.5000   45.0000  -45.0000 9070.7100   15.1277
    0.0000   45.0000  -45.0000 9595.3379   15.2138
    7.5000   45.0000  -45.0000 9124.3047   15.1751
   -7.5000  -45.0000  -37.5000 8728.1025   15.4928
    0.0000  -45.0000  -37.5000 9202.5713   15.5731
    7.5000  -45.0000  -37.5000 8814.6016   15.5322
   -7.5000  -37.5000  -37.5000 9284.9023   15.5036
    0.0000  -37.5000  -37.5000 9777.3311   15.5835
    7.5000  -37.5000  -37.5000 9353.0078   15.5422
   -7.5000  -30.0000  -37.500010175.3789   15.5982
    0.0000  -30.0000  -37.500010712.6680   15.6782
    7.5000  -30.0000  -37.500010225.2783   15.6383
   -7.5000  -22.5000  -37.500011044.8516   15.6783
    0.0000  -22.5000  -37.500011633.2041   15.7586
    7.5000  -22.5000  -37.500011103.0703   15.7204
   -7.5000  -15.0000  -37.500011864.9980   15.6735
    0.0000  -15.0000  -37.500012498.8418   15.7542
    7.5000  -15.0000  -37.500011950.1113   15.7166
   -7.5000   -7.5000  -37.500012707.7158   15.5806
    0.0000   -7.5000  -37.500013399.7617   15.6613
    7.5000   -7.5000  -37.500012817.9814   15.6224
   -7.5000    0.0000  -37.500013406.3525   15.4928
    0.0000    0.0000  -37.500014154.0674   15.5731
    7.5000    0.0000  -37.500013522.9561   15.5322
   -7.5000    7.5000  -37.500012926.2988   15.5036
    0.0000    7.5000  -37.500013639.6104   15.5835
    7.5000    7.5000  -37.500013011.1338   15.5422
   -7.5000   15.0000  -37.500012204.5283   15.5982
    0.0000   15.0000  -37.500012885.7988   15.6782
    7.5000   15.0000  -37.500012301.1191   15.6383
   -7.5000   22.5000  -37.500011379.7578   15.6761
    0.0000   22.5000  -37.500012020.1504   15.7564
    7.5000   22.5000  -37.500011488.0596   15.7182
   -7.5000   30.0000  -37.500010546.5088   15.4646
    0.0000   30.0000  -37.500011144.5400   15.5443
    7.5000   30.0000  -37.500010659.3936   15.5071
   -7.5000   37.5000  -37.500010108.0293   15.3729
    0.0000   37.5000  -37.500010684.1768   15.4526
    7.5000   37.5000  -37.500010215.5596   15.4142
   -7.5000   45.0000  -37.5000 9301.8174   14.8982
    0.0000   45.0000  -37.5000 9831.8057   14.9754
    7.5000   45.0000  -37.5000 9385.4668   14.9361
   -7.5000  -45.0000  -30.0000 9330.3828   15.6988
    0.0000  -45.0000  -30.0000 9819.3877   15.7767
    7.5000  -45.0000  -30.0000 9413.1934   15.7363
   -7.5000  -37.5000  -30.0000 9919.8799   15.7138
    0.0000  -37.5000  -30.000010425.7793   15.7925
    7.5000  -37.5000  -30.0000 9989.6426   15.7513
   -7.5000  -30.0000  -30.000010854.9658   15.8120
    0.0000  -30.0000  -30.000011414.0869   15.8922
    7.5000  -30.0000  -30.000010922.3701   15.8517
   -7.5000  -22.5000  -30.000011788.5391   15.8916
    0.0000  -22.5000  -30.000012409.0176   15.9724
    7.5000  -22.5000  -30.000011866.7910   15.9334
   -7.5000  -15.0000  -30.000012691.0742   15.8831
    0.0000  -15.0000  -30.000013339.3965   15.9636
    7.5000  -15.0000  -30.000012785.6484   15.9256
   -7.5000   -7.5000  -30.000013585.2959   15.7866
    0.0000   -7.5000  -30.000014304.3447   15.8655
    7.5000   -7.5000  -30.000013693.4189   15.8267
   -7.5000    0.0000  -30.000014311.2783   15.6988
    0.0000    0.0000  -30.000015081.6494   15.7767
    7.5000    0.0000  -30.000014411.9404   15.7363
   -7.5000    7.5000  -30.000013763.8047   15.7138
    0.0000    7.5000  -30.000014497.0742   15.7925
    7.5000    7.5000  -30.000013847.0098   15.7513
   -7.5000   15.0000  -30.000012974.4326   15.8120
    0.0000   15.0000  -30.000013668.6230   15.8922
    7.5000   15.0000  -30.000013082.9521   15.8517
   -7.5000   22.5000  -30.000012102.4189   15.8878
    0.0000   22.5000  -30.000012720.8994   15.9685
    7.5000   22.5000  -30.000012219.9512   15.9295
   -7.5000   30.0000  -30.000011210.2588   15.6730
    0.0000   30.0000  -30.000011781.3545   15.7523
    7.5000   30.0000  -30.000011323.8916   15.7149
   -7.5000   37.5000  -30.000010723.4141   15.5777
    0.0000   37.5000  -30.000011288.3066   15.6556
    7.5000   37.5000  -30.000010832.8867   15.6173
   -7.5000   45.0000  -30.0000 9846.3906   15.1073
    0.0000   45.0000  -30.000010384.6445   15.1824
    7.5000   45.0000  -30.0000 9933.9756   15.1435
   -7.5000  -45.0000  -22.500010025.9336   15.9492
    0.0000  -45.0000  -22.500010531.0771   16.0311
    7.5000  -45.0000  -22.500010105.2754   15.9892
   -7.5000  -37.5000  -22.500010647.5117   15.9674
    0.0000  -37.5000  -22.500011185.8037   16.0498
    7.5000  -37.5000  -22.500010731.3145   16.0076
   -7.5000  -30.0000  -22.500011658.8164   16.0715
    0.0000  -30.0000  -22.500012249.7090   16.1545
    7.5000  -30.0000  -22.500011735.9902   16.1115
   -7.5000  -22.5000  -22.500012692.5117   16.1538
    0.0000  -22.5000  -22.500013345.0635   16.2365
    7.5000  -22.5000  -22.500012763.7686   16.1935
   -7.5000  -15.0000  -22.500013669.1221   16.1428
    0.0000  -15.0000  -22.500014356.4287   16.2253
    7.5000  -15.0000  -22.500013758.8379   16.1831
   -7.5000   -7.5000  -22.500014613.6826   16.0402
    0.0000   -7.5000  -22.500015382.0088   16.1225
    7.5000   -7.5000  -22.500014709.6338   16.0805
   -7.5000    0.0000  -22.500015361.9541   15.9492
    0.0000    0.0000  -22.500016155.7500   16.0311
    7.5000    0.0000  -22.500015457.5449   15.9892
   -7.5000    7.5000  -22.500014721.3428   15.9674
    0.0000    7.5000  -22.500015475.5977   16.0498
    7.5000    7.5000  -22.500014830.5000   16.0076
   -7.5000   15.0000  -22.500013896.1797   16.0715
    0.0000   15.0000  -22.500014561.2402   16.1545
    7.5000   15.0000  -22.500013999.9883   16.1115
   -7.5000   22.5000  -22.500012961.6934   16.1488
    0.0000   22.5000  -22.500013554.5342   16.2315
    7.5000   22.5000  -22.500013062.3652   16.1885
   -7.5000   30.0000  -22.500011990.5059   15.9317
    0.0000   30.0000  -22.500012555.0967   16.0131
    7.5000   30.0000  -22.500012103.1416   15.9714
   -7.5000   37.5000  -22.500011455.9072   15.8304
    0.0000   37.5000  -22.500012011.5186   15.9116
    7.5000   37.5000  -22.500011569.8232   15.8701
   -7.5000   45.0000  -22.500010496.0762   15.3599
    0.0000   45.0000  -22.500011048.6797   15.4387
    7.5000   45.0000  -22.500010597.3857   15.3984
   -7.5000  -45.0000  -15.000010748.3281   16.1100
    0.0000  -45.0000  -15.000011292.5869   16.1983
    7.5000  -45.0000  -15.000010831.2910   16.1530
   -7.5000  -37.5000  -15.000011415.5234   16.1291
    0.0000  -37.5000  -15.000012003.8564   16.2167
    7.5000  -37.5000  -15.000011503.2363   16.1715
   -7.5000  -30.0000  -15.000012507.8379   16.2373
    0.0000  -30.0000  -15.000013150.9209   16.3234
    7.5000  -30.0000  -15.000012572.7363   16.2769
   -7.5000  -22.5000  -15.000013651.5156   16.3229
    0.0000  -22.5000  -15.000014344.4941   16.4079
    7.5000  -22.5000  -15.000013705.7363   16.3603
   -7.5000  -15.0000  -15.000014681.6445   16.3114
    0.0000  -15.0000  -15.000015455.1611   16.3973
    7.5000  -15.0000  -15.000014773.1094   16.3497
   -7.5000   -7.5000  -15.000015661.0869   16.2046
    0.0000   -7.5000  -15.000016519.0547   16.2922
    7.5000   -7.5000  -15.000015762.9434   16.2455
   -7.5000    0.0000  -15.000016459.3711   16.1100
    0.0000    0.0000  -15.000017321.5234   16.1983
    7.5000    0.0000  -15.000016564.8828   16.1530
   -7.5000    7.5000  -15.000015741.6875   16.1291
    0.0000    7.5000  -15.000016536.3867   16.2167
    7.5000    7.5000  -15.000015852.1602   16.1715
   -7.5000   15.0000  -15.000014867.2734   16.2373
    0.0000   15.0000  -15.000015547.3330   16.3234
    7.5000   15.0000  -15.000014960.3760   16.2769
   -7.5000   22.5000  -15.000013875.8945   16.3171
    0.0000   22.5000  -15.000014487.2002   16.4020
    7.5000   22.5000  -15.000013967.3545   16.3545
   -7.5000   30.0000  -15.000012834.9414   16.1003
    0.0000   30.0000  -15.000013402.0107   16.1851
    7.5000   30.0000  -15.000012931.8359   16.1381
   -7.5000   37.5000  -15.000012235.8320   15.9948
    0.0000   37.5000  -15.000012809.7041   16.0813
    7.5000   37.5000  -15.000012346.6260   16.0352
   -7.5000   45.0000  -15.000011179.8477   15.5241
    0.0000   45.0000  -15.000011747.9102   15.6092
    7.5000   45.0000  -15.000011281.3438   15.5656
   -7.5000  -45.0000   -7.500011464.4053   16.0772
    0.0000  -45.0000   -7.500012069.9395   16.1691
    7.5000  -45.0000   -7.500011555.2070   16.1214
   -7.5000  -37.5000   -7.500012197.6533   16.0947
    0.0000  -37.5000   -7.500012854.2383   16.1849
    7.5000  -37.5000   -7.500012282.4648   16.1375
   -7.5000  -30.0000   -7.500013384.4980   16.2008
    0.0000  -30.0000   -7.500014089.9990   16.2884
    7.5000  -30.0000   -7.500013441.2432   16.2400
   -7.5000  -22.5000   -7.500014615.6006   16.2863
    0.0000  -22.5000   -7.500015390.4219   16.3729
    7.5000  -22.5000   -7.500014679.1621   16.3237
   -7.5000  -15.0000   -7.500015688.3252   16.2767
    0.0000  -15.0000   -7.500016630.3145   16.3648
    7.5000  -15.0000   -7.500015804.2354   16.3152
   -7.5000   -7.5000   -7.500016719.4941   16.1715
    0.0000   -7.5000   -7.500017725.5879   16.2624
    7.5000   -7.5000   -7.500016830.9531   16.2133
   -7.5000    0.0000   -7.500017543.2520   16.0772
    0.0000    0.0000   -7.500018533.3887   16.1691
    7.5000    0.0000   -7.500017665.0488   16.1214
   -7.5000    7.5000   -7.500016802.8223   16.0947
    0.0000    7.5000   -7.500017690.3145   16.1849
    7.5000    7.5000   -7.500016905.2168   16.1375
   -7.5000   15.0000   -7.500015878.5439   16.2008
    0.0000   15.0000   -7.500016638.0410   16.2884
    7.5000   15.0000   -7.500015964.1367   16.2400
   -7.5000   22.5000   -7.500014813.8330   16.2788
    0.0000   22.5000   -7.500015496.2666   16.3653
    7.5000   22.5000   -7.500014895.4072   16.3162
   -7.5000   30.0000   -7.500013695.8486   16.0656
    0.0000   30.0000   -7.500014325.6553   16.1526
    7.5000   30.0000   -7.500013801.6230   16.1036
   -7.5000   37.5000   -7.500013036.4209   15.9618
    0.0000   37.5000   -7.500013664.6318   16.0515
    7.5000   37.5000   -7.500013159.7354   16.0031
   -7.5000   45.0000   -7.500011880.6445   15.4954
    0.0000   45.0000   -7.500012463.6045   15.5839
    7.5000   45.0000   -7.500011976.2705   15.5380
   -7.5000  -45.0000    0.000012102.7959   15.9195
    0.0000  -45.0000    0.000012783.5391   16.0081
    7.5000  -45.0000    0.000012192.6777   15.9602
   -7.5000  -37.5000    0.000012924.0811   15.9364
    0.0000  -37.5000    0.000013649.8721   16.0234
    7.5000  -37.5000    0.000012994.7998   15.9754
   -7.5000  -30.0000    0.000014246.0400   16.0366
    0.0000  -30.0000    0.000014993.9092   16.1217
    7.5000  -30.0000    0.000014292.4219   16.0741
   -7.5000  -22.5000    0.000015502.2549   16.1176
    0.0000  -22.5000    0.000016484.9199   16.2024
    7.5000  -22.5000    0.000015639.4404   16.1553
   -7.5000  -15.0000    0.000016567.1465   16.1088
    0.0000  -15.0000    0.000017807.7266   16.1951
    7.5000  -15.0000    0.000016753.2090   16.1477
   -7.5000   -7.5000    0.000017645.3203   16.0086
    0.0000   -7.5000    0.000018855.2656   16.0969
    7.5000   -7.5000    0.000017796.9844   16.0492
   -7.5000    0.0000    0.000018537.8516   15.9195
    0.0000    0.0000    0.000019650.1348   16.0081
    7.5000    0.0000    0.000018658.9434   15.9602
   -7.5000    7.5000    0.000017752.8047   15.9364
    0.0000    7.5000    0.000018752.6523   16.0234
    7.5000    7.5000    0.000017860.0000   15.9754
   -7.5000   15.0000    0.000016775.3301   16.0366
    0.0000   15.0000    0.000017676.5938   16.1217
    7.5000   15.0000    0.000016873.5781   16.0741
   -7.5000   22.5000    0.000015679.8076   16.1101
    0.0000   22.5000    0.000016493.4668   16.1950
    7.5000   22.5000    0.000015768.4561   16.1478
   -7.5000   30.0000    0.000014512.1855   15.9003
    0.0000   30.0000    0.000015241.0820   15.9855
    7.5000   30.0000    0.000014604.9072   15.9387
   -7.5000   37.5000    0.000013806.1543   15.8014
    0.0000   37.5000    0.000014506.8506   15.8886
    7.5000   37.5000    0.000013915.4453   15.8415
   -7.5000   45.0000    0.000012529.5459   15.3446
    0.0000   45.0000    0.000013175.4844   15.4300
    7.5000   45.0000    0.000012628.2705   15.3838
   -7.5000  -45.0000    7.500011824.4893   16.0976
    0.0000  -45.0000    7.500012486.4355   16.1805
    7.5000  -45.0000    7.500011933.9141   16.1325
   -7.5000  -37.5000    7.500012647.9092   16.1176
    0.0000  -37.5000    7.500013341.4414   16.1999
    7.5000  -37.5000    7.500012728.1387   16.1515
   -7.5000  -30.0000    7.500014045.7021   16.2179
    0.0000  -30.0000    7.500014922.2217   16.3004
    7.5000  -30.0000    7.500014146.4521   16.2532
   -7.5000  -22.5000    7.500015311.5879   16.2965
    0.0000  -22.5000    7.500016679.9062   16.3794
    7.5000  -22.5000    7.500015525.8066   16.3338
   -7.5000  -15.0000    7.500016298.0449   16.2850
    0.0000  -15.0000    7.500017812.1035   16.3685
    7.5000  -15.0000    7.500016492.5508   16.3233
   -7.5000   -7.5000    7.500017301.3047   16.1842
    0.0000   -7.5000    7.500018618.3418   16.2677
    7.5000   -7.5000    7.500017427.9824   16.2215
   -7.5000    0.0000    7.500018164.8555   16.0976
    0.0000    0.0000    7.500019364.9082   16.1805
    7.5000    0.0000    7.500018257.2656   16.1325
   -7.5000    7.5000    7.500017416.5742   16.1176
    0.0000    7.5000    7.500018553.5488   16.1999
    7.5000    7.5000    7.500017511.7363   16.1515
   -7.5000   15.0000    7.500016491.3789   16.2179
    0.0000   15.0000    7.500017560.2207   16.3004
    7.5000   15.0000    7.500016575.3809   16.2532
   -7.5000   22.5000    7.500015459.3027   16.2890
    0.0000   22.5000    7.500016416.5312   16.3719
    7.5000   22.5000    7.500015528.5664   16.3263
   -7.5000   30.0000    7.500014332.8828   16.0743
    0.0000   30.0000    7.500015171.3369   16.1566
    7.5000   30.0000    7.500014389.2090   16.1121
   -7.5000   37.5000    7.500013621.3633   15.9748
    0.0000   37.5000    7.500014400.1123   16.0572
    7.5000   37.5000    7.500013691.8906   16.0116
   -7.5000   45.0000    7.500012329.2549   15.5162
    0.0000   45.0000    7.500013016.9883   15.5961
    7.5000   45.0000    7.500012412.2539   15.5499
   -7.5000  -45.0000   15.000011511.7695   16.3217
    0.0000  -45.0000   15.000012133.8193   16.4010
    7.5000  -45.0000   15.000011635.6943   16.3535
   -7.5000  -37.5000   15.000012331.6807   16.3457
    0.0000  -37.5000   15.000013063.9717   16.4256
    7.5000  -37.5000   15.000012486.1250   16.3773
   -7.5000  -30.0000   15.000013739.7979   16.4491
    0.0000  -30.0000   15.000014849.3047   16.5305
    7.5000  -30.0000   15.000013950.6572   16.4827
   -7.5000  -22.5000   15.000015100.7471   16.5270
    0.0000  -22.5000   15.000016680.0801   16.6091
    7.5000  -22.5000   15.000015333.7109   16.5627
   -7.5000  -15.0000   15.000016035.3672   16.5120
    0.0000  -15.0000   15.000017714.2031   16.5937
    7.5000  -15.0000   15.000016204.6709   16.5485
   -7.5000   -7.5000   15.000016970.4844   16.4081
    0.0000   -7.5000   15.000018444.0098   16.4883
    7.5000   -7.5000   15.000017049.0977   16.4424
   -7.5000    0.0000   15.000017793.4004   16.3217
    0.0000    0.0000   15.000019167.6719   16.4010
    7.5000    0.0000   15.000017843.2539   16.3535
   -7.5000    7.5000   15.000017044.6602   16.3457
    0.0000    7.5000   15.000018314.8965   16.4256
    7.5000    7.5000   15.000017100.8203   16.3773
   -7.5000   15.0000   15.000016161.5664   16.4491
    0.0000   15.0000   15.000017290.1309   16.5305
    7.5000   15.0000   15.000016204.5723   16.4827
   -7.5000   22.5000   15.000015131.6807   16.5194
    0.0000   22.5000   15.000016107.8398   16.6014
    7.5000   22.5000   15.000015172.9736   16.5551
   -7.5000   30.0000   15.000014018.7812   16.2983
    0.0000   30.0000   15.000014871.7529   16.3790
    7.5000   30.0000   15.000014056.9629   16.3344
   -7.5000   37.5000   15.000013312.0293   16.1957
    0.0000   37.5000   15.000014092.5215   16.2750
    7.5000   37.5000   15.000013374.4541   16.2296
   -7.5000   45.0000   15.000012019.6670   15.7323
    0.0000   45.0000   15.000012702.5049   15.8087
    7.5000   45.0000   15.000012082.5205   15.7629
   -7.5000  -45.0000   22.500011041.4375   16.5644
    0.0000  -45.0000   22.500011637.6396   16.6452
    7.5000  -45.0000   22.500011168.5801   16.5965
   -7.5000  -37.5000   22.500011818.3281   16.5913
    0.0000  -37.5000   22.500012530.6953   16.6725
    7.5000  -37.5000   22.500011973.2910   16.6234
   -7.5000  -30.0000   22.500013056.7988   16.6993
    0.0000  -30.0000   22.500013981.9990   16.7810
    7.5000  -30.0000   22.500013265.6699   16.7310
   -7.5000  -22.5000   22.500014268.2979   16.7793
    0.0000  -22.5000   22.500015459.2256   16.8606
    7.5000  -22.5000   22.500014493.9658   16.8107
   -7.5000  -15.0000   22.500015379.6338   16.7621
    0.0000  -15.0000   22.500016730.5508   16.8434
    7.5000  -15.0000   22.500015526.6270   16.7944
   -7.5000   -7.5000   22.500016375.7666   16.6532
    0.0000   -7.5000   22.500017778.5625   16.7343
    7.5000   -7.5000   22.500016483.8066   16.6855
   -7.5000    0.0000   22.500017107.0664   16.5644
    0.0000    0.0000   22.500018466.5898   16.6452
    7.5000    0.0000   22.500017213.9844   16.5965
   -7.5000    7.5000   22.500016333.9395   16.5913
    0.0000    7.5000   22.500017532.2324   16.6725
    7.5000    7.5000   22.500016435.3164   16.6234
   -7.5000   15.0000   22.500015467.6631   16.6993
    0.0000   15.0000   22.500016519.2363   16.7810
    7.5000   15.0000   22.500015560.7041   16.7310
   -7.5000   22.5000   22.500014515.6104   16.7715
    0.0000   22.5000   22.500015435.3662   16.8529
    7.5000   22.5000   22.500014590.0146   16.8029
   -7.5000   30.0000   22.500013472.6104   16.5452
    0.0000   30.0000   22.500014300.7969   16.6254
    7.5000   30.0000   22.500013528.7783   16.5770
   -7.5000   37.5000   22.500012806.8027   16.4377
    0.0000   37.5000   22.500013550.3682   16.5177
    7.5000   37.5000   22.500012859.0127   16.4696
   -7.5000   45.0000   22.500011559.1904   15.9662
    0.0000   45.0000   22.500012225.6387   16.0440
    7.5000   45.0000   22.500011611.8867   15.9971
   -7.5000  -45.0000   30.000010467.4453   16.9093
    0.0000  -45.0000   30.000011014.5156   16.9954
    7.5000  -45.0000   30.000010580.0645   16.9428
   -7.5000  -37.5000   30.000011189.8789   16.9364
    0.0000  -37.5000   30.000011806.8516   17.0215
    7.5000  -37.5000   30.000011319.4199   16.9690
   -7.5000  -30.0000   30.000012308.7305   17.0486
    0.0000  -30.0000   30.000013030.4180   17.1319
    7.5000  -30.0000   30.000012469.7188   17.0779
   -7.5000  -22.5000   30.000013441.1348   17.1327
    0.0000  -22.5000   30.000014218.7832   17.2148
    7.5000  -22.5000   30.000013593.9971   17.1597
   -7.5000  -15.0000   30.000014519.1396   17.1160
    0.0000  -15.0000   30.000015373.6104   17.1992
    7.5000  -15.0000   30.000014667.5518   17.1442
   -7.5000   -7.5000   30.000015539.6289   17.0026
    0.0000   -7.5000   30.000016468.0371   17.0878
    7.5000   -7.5000   30.000015698.2275   17.0338
   -7.5000    0.0000   30.000016280.1582   16.9093
    0.0000    0.0000   30.000017255.6016   16.9954
    7.5000    0.0000   30.000016432.5137   16.9428
   -7.5000    7.5000   30.000015551.5615   16.9364
    0.0000    7.5000   30.000016485.8047   17.0215
    7.5000    7.5000   30.000015683.7793   16.9690
   -7.5000   15.0000   30.000014722.8721   17.0486
    0.0000   15.0000   30.000015579.9922   17.1319
    7.5000   15.0000   30.000014813.3516   17.0779
   -7.5000   22.5000   30.000013827.3037   17.1248
    0.0000   22.5000   30.000014626.5371   17.2069
    7.5000   22.5000   30.000013873.3857   17.1518
   -7.5000   30.0000   30.000012846.1328   16.8945
    0.0000   30.0000   30.000013610.0068   16.9767
    7.5000   30.0000   30.000012875.3398   16.9223
   -7.5000   37.5000   30.000012176.0117   16.7826
    0.0000   37.5000   30.000012899.7393   16.8667
    7.5000   37.5000   30.000012224.9658   16.8133
   -7.5000   45.0000   30.000010983.1016   16.2987
    0.0000   45.0000   30.000011626.8486   16.3816
    7.5000   45.0000   30.000011039.2480   16.3310
   -7.5000  -45.0000   37.500010218.0176   17.0894
    0.0000  -45.0000   37.500010714.4141   17.1779
    7.5000  -45.0000   37.500010329.6025   17.1211
   -7.5000  -37.5000   37.500010881.2705   17.1154
    0.0000  -37.5000   37.500011428.2197   17.2019
    7.5000  -37.5000   37.500011009.0664   17.1451
   -7.5000  -30.0000   37.500011955.2207   17.2250
    0.0000  -30.0000   37.500012552.9678   17.3084
    7.5000  -30.0000   37.500012081.0439   17.2507
   -7.5000  -22.5000   37.500013067.5557   17.3084
    0.0000  -22.5000   37.500013714.9854   17.3908
    7.5000  -22.5000   37.500013183.8613   17.3321
   -7.5000  -15.0000   37.500014110.8115   17.2934
    0.0000  -15.0000   37.500014811.9590   17.3776
    7.5000  -15.0000   37.500014229.6289   17.3186
   -7.5000   -7.5000   37.500015105.5723   17.1816
    0.0000   -7.5000   37.500015875.1348   17.2690
    7.5000   -7.5000   37.500015234.4062   17.2107
   -7.5000    0.0000   37.500015858.5762   17.0894
    0.0000    0.0000   37.500016661.0488   17.1779
    7.5000    0.0000   37.500015976.8184   17.1211
   -7.5000    7.5000   37.500015211.0000   17.1154
    0.0000    7.5000   37.500015979.1611   17.2019
    7.5000    7.5000   37.500015296.6494   17.1451
   -7.5000   15.0000   37.500014391.5186   17.2250
    0.0000   15.0000   37.500015135.8301   17.3084
    7.5000   15.0000   37.500014444.9824   17.2507
   -7.5000   22.5000   37.500013507.6475   17.3004
    0.0000   22.5000   37.500014210.7959   17.3827
    7.5000   22.5000   37.500013533.2080   17.3241
   -7.5000   30.0000   37.500012538.5605   17.0696
    0.0000   30.0000   37.500013202.0625   17.1527
    7.5000   30.0000   37.500012562.9229   17.0944
   -7.5000   37.5000   37.500011893.2119   16.9592
    0.0000   37.5000   37.500012531.3252   17.0455
    7.5000   37.5000   37.500011926.7578   16.9879
   -7.5000   45.0000   37.500010747.5576   16.4722
    0.0000   45.0000   37.500011328.2334   16.5575
    7.5000   45.0000   37.500010777.7080   16.5028
   -7.5000  -45.0000   45.0000 9589.6172   17.4621
    0.0000  -45.0000   45.000010054.6299   17.5485
    7.5000  -45.0000   45.0000 9696.1494   17.4894
   -7.5000  -37.5000   45.000010205.8467   17.4875
    0.0000  -37.5000   45.000010708.0566   17.5720
    7.5000  -37.5000   45.000010313.0156   17.5126
   -7.5000  -30.0000   45.000011216.2188   17.5943
    0.0000  -30.0000   45.000011747.9160   17.6764
    7.5000  -30.0000   45.000011310.5381   17.6176
   -7.5000  -22.5000   45.000012257.8008   17.6766
    0.0000  -22.5000   45.000012824.0176   17.7584
    7.5000  -22.5000   45.000012342.5166   17.7002
   -7.5000  -15.0000   45.000013228.3057   17.6630
    0.0000  -15.0000   45.000013838.3291   17.7466
    7.5000  -15.0000   45.000013319.5166   17.6883
   -7.5000   -7.5000   45.000014162.6201   17.5527
    0.0000   -7.5000   45.000014837.9395   17.6386
    7.5000   -7.5000   45.000014255.3779   17.5801
   -7.5000    0.0000   45.000014853.6777   17.4621
    0.0000    0.0000   45.000015533.1543   17.5485
    7.5000    0.0000   45.000014924.0605   17.4894
   -7.5000    7.5000   45.000014265.6592   17.4875
    0.0000    7.5000   45.000014899.5459   17.5720
    7.5000    7.5000   45.000014310.6328   17.5126
   -7.5000   15.0000   45.000013514.7422   17.5943
    0.0000   15.0000   45.000014145.0850   17.6764
    7.5000   15.0000   45.000013550.9180   17.6176
   -7.5000   22.5000   45.000012642.3672   17.6684
    0.0000   22.5000   45.000013253.8584   17.7502
    7.5000   22.5000   45.000012670.7051   17.6919
   -7.5000   30.0000   45.000011698.6455   17.4329
    0.0000   30.0000   45.000012296.6963   17.5154
    7.5000   30.0000   45.000011732.4150   17.4579
   -7.5000   37.5000   45.000011098.4775   17.3241
    0.0000   37.5000   45.000011686.9004   17.4089
    7.5000   37.5000   45.000011147.3320   17.3510
   -7.5000   45.0000   45.000010051.8555   16.8391
    0.0000   45.0000   45.000010575.4385   16.9224
    7.5000   45.0000   45.000010085.7314   16.8654

---------------------------------------------------------------------
imgreg_4dfp /opt/freesurfer/average/711-2C_as_mni_average_305 /opt/freesurfer/average/711-2B_as_mni_average_305_mask talsrcimg_g11 none talsrcimg_to_711-2C_as_mni_average_305_t4 4355
---------------------------------------------------------------------

freesurfer imgreg_4dfp.c
/opt/freesurfer/average/711-2C_as_mni_average_305.4dfp.img
       256       256       256         1
  1.000000  1.000000  1.000000
orientation T byte_order littleendian
Reading image: /opt/freesurfer/average/711-2C_as_mni_average_305.4dfp.img
dimensions:      256       256       256
mmppix:       1.0000   -1.0000   -1.0000
center:     128.0000 -129.0000 -129.0000
/opt/freesurfer/average/711-2B_as_mni_average_305_mask.4dfp.img
       256       256       256         1
  1.000000  1.000000  1.000000
orientation T byte_order littleendian
Reading mask: /opt/freesurfer/average/711-2B_as_mni_average_305_mask.4dfp.img (2306576 pixels)
talsrcimg_g11.4dfp.img
       320       320       320         1
  0.800000  0.800000  0.800000
orientation T byte_order littleendian
Reading image: talsrcimg_g11.4dfp.img
dimensions:      320       320       320
mmppix:       0.8000   -0.8000   -0.8000
center:     128.0000 -128.8000 -128.8000
rotation matrix determinant  1.000000
image alignment mode   4355 decimal     1103 hex
   -7.5000  -45.0000  -45.0000 2457.5896   24.3913
    0.0000  -45.0000  -45.0000 2469.5330   24.3645
    7.5000  -45.0000  -45.0000 2462.5942   24.2912
   -7.5000  -37.5000  -45.0000 2514.0891   22.7460
    0.0000  -37.5000  -45.0000 2526.3896   22.7059
    7.5000  -37.5000  -45.0000 2519.0962   22.6694
   -7.5000  -30.0000  -45.0000 2546.2244   21.5896
    0.0000  -30.0000  -45.0000 2562.4768   21.5684
    7.5000  -30.0000  -45.0000 2550.8464   21.4987
   -7.5000  -22.5000  -45.0000 2567.2195   20.7319
    0.0000  -22.5000  -45.0000 2579.8252   20.7018
    7.5000  -22.5000  -45.0000 2571.6335   20.6212
   -7.5000  -15.0000  -45.0000 2580.4922   20.2338
    0.0000  -15.0000  -45.0000 2591.3911   20.1535
    7.5000  -15.0000  -45.0000 2584.3804   20.0949
   -7.5000   -7.5000  -45.0000 2575.3604   19.9918
    0.0000   -7.5000  -45.0000 2591.5754   19.9661
    7.5000   -7.5000  -45.0000 2582.1641   19.8989
   -7.5000    0.0000  -45.0000 2565.7200   20.0518
    0.0000    0.0000  -45.0000 2581.8667   20.0664
    7.5000    0.0000  -45.0000 2570.1401   19.9837
   -7.5000    7.5000  -45.0000 2543.5652   20.4121
    0.0000    7.5000  -45.0000 2558.7454   20.4145
    7.5000    7.5000  -45.0000 2547.2310   20.3346
   -7.5000   15.0000  -45.0000 2507.8057   21.1681
    0.0000   15.0000  -45.0000 2520.4678   21.1638
    7.5000   15.0000  -45.0000 2509.4045   21.0553
   -7.5000   22.5000  -45.0000 2448.3574   22.3502
    0.0000   22.5000  -45.0000 2461.2397   22.3325
    7.5000   22.5000  -45.0000 2440.8582   22.1963
   -7.5000   30.0000  -45.0000 2372.1494   23.9725
    0.0000   30.0000  -45.0000 2381.0625   23.8977
    7.5000   30.0000  -45.0000 2364.5940   23.8085
   -7.5000   37.5000  -45.0000 2298.6687   25.9638
    0.0000   37.5000  -45.0000 2297.2969   25.8116
    7.5000   37.5000  -45.0000 2292.8557   25.7783
   -7.5000   45.0000  -45.0000 2210.3667   28.5215
    0.0000   45.0000  -45.0000 2202.9678   28.2191
    7.5000   45.0000  -45.0000 2202.1602   28.2045
   -7.5000  -45.0000  -37.5000 2495.2129   23.1739
    0.0000  -45.0000  -37.5000 2505.7666   23.1307
    7.5000  -45.0000  -37.5000 2502.5498   23.0771
   -7.5000  -37.5000  -37.5000 2554.8416   21.6488
    0.0000  -37.5000  -37.5000 2566.9771   21.5806
    7.5000  -37.5000  -37.5000 2559.5884   21.5432
   -7.5000  -30.0000  -37.5000 2592.1604   20.5094
    0.0000  -30.0000  -37.5000 2601.9883   20.4034
    7.5000  -30.0000  -37.5000 2594.3386   20.3923
   -7.5000  -22.5000  -37.5000 2611.1174   19.6723
    0.0000  -22.5000  -37.5000 2624.6572   19.5748
    7.5000  -22.5000  -37.5000 2614.7029   19.5656
   -7.5000  -15.0000  -37.5000 2624.9507   19.1534
    0.0000  -15.0000  -37.5000 2634.5239   19.0552
    7.5000  -15.0000  -37.5000 2624.8333   19.0309
   -7.5000   -7.5000  -37.5000 2625.4771   18.9123
    0.0000   -7.5000  -37.5000 2635.2932   18.7943
    7.5000   -7.5000  -37.5000 2629.1240   18.8045
   -7.5000    0.0000  -37.5000 2617.2935   18.9375
    0.0000    0.0000  -37.5000 2630.4065   18.8459
    7.5000    0.0000  -37.5000 2623.7874   18.8656
   -7.5000    7.5000  -37.5000 2597.3022   19.2748
    0.0000    7.5000  -37.5000 2608.1482   19.1811
    7.5000    7.5000  -37.5000 2601.4932   19.1955
   -7.5000   15.0000  -37.5000 2556.6611   19.9628
    0.0000   15.0000  -37.5000 2566.7229   19.8955
    7.5000   15.0000  -37.5000 2559.6040   19.8540
   -7.5000   22.5000  -37.5000 2495.1812   21.0704
    0.0000   22.5000  -37.5000 2506.9626   20.9940
    7.5000   22.5000  -37.5000 2493.4343   20.9419
   -7.5000   30.0000  -37.5000 2418.2534   22.5549
    0.0000   30.0000  -37.5000 2426.7620   22.4852
    7.5000   30.0000  -37.5000 2413.7393   22.4167
   -7.5000   37.5000  -37.5000 2337.5591   24.4353
    0.0000   37.5000  -37.5000 2342.8655   24.3296
    7.5000   37.5000  -37.5000 2332.7844   24.2637
   -7.5000   45.0000  -37.5000 2245.5557   26.7938
    0.0000   45.0000  -37.5000 2247.5542   26.6440
    7.5000   45.0000  -37.5000 2242.8181   26.5769
   -7.5000  -45.0000  -30.0000 2603.0386   22.6456
    0.0000  -45.0000  -30.0000 2615.0786   22.5296
    7.5000  -45.0000  -30.0000 2608.1006   22.4848
   -7.5000  -37.5000  -30.0000 2665.3081   21.0852
    0.0000  -37.5000  -30.0000 2672.8579   20.9507
    7.5000  -37.5000  -30.0000 2667.9888   20.9469
   -7.5000  -30.0000  -30.0000 2706.0381   20.0043
    0.0000  -30.0000  -30.0000 2710.8274   19.8238
    7.5000  -30.0000  -30.0000 2707.2742   19.8451
   -7.5000  -22.5000  -30.0000 2731.2314   19.1580
    0.0000  -22.5000  -30.0000 2737.0823   18.9794
    7.5000  -22.5000  -30.0000 2735.1118   19.0130
   -7.5000  -15.0000  -30.0000 2749.2478   18.5986
    0.0000  -15.0000  -30.0000 2752.6250   18.4407
    7.5000  -15.0000  -30.0000 2751.2539   18.4778
   -7.5000   -7.5000  -30.0000 2755.0818   18.3552
    0.0000   -7.5000  -30.0000 2755.9294   18.1685
    7.5000   -7.5000  -30.0000 2756.4236   18.2201
   -7.5000    0.0000  -30.0000 2745.9998   18.3544
    0.0000    0.0000  -30.0000 2752.3257   18.1848
    7.5000    0.0000  -30.0000 2748.5120   18.2459
   -7.5000    7.5000  -30.0000 2725.8000   18.6646
    0.0000    7.5000  -30.0000 2732.9980   18.4945
    7.5000    7.5000  -30.0000 2727.7229   18.5584
   -7.5000   15.0000  -30.0000 2679.6592   19.3095
    0.0000   15.0000  -30.0000 2690.7729   19.1753
    7.5000   15.0000  -30.0000 2682.8623   19.2043
   -7.5000   22.5000  -30.0000 2613.3093   20.3479
    0.0000   22.5000  -30.0000 2622.1064   20.2352
    7.5000   22.5000  -30.0000 2614.8547   20.2579
   -7.5000   30.0000  -30.0000 2532.8062   21.7449
    0.0000   30.0000  -30.0000 2541.5972   21.6620
    7.5000   30.0000  -30.0000 2531.6777   21.6550
   -7.5000   37.5000  -30.0000 2445.1897   23.5402
    0.0000   37.5000  -30.0000 2455.5291   23.4458
    7.5000   37.5000  -30.0000 2445.9102   23.4159
   -7.5000   45.0000  -30.0000 2346.6450   25.7915
    0.0000   45.0000  -30.0000 2358.8516   25.7028
    7.5000   45.0000  -30.0000 2350.1943   25.6523
   -7.5000  -45.0000  -22.5000 2677.6162   22.1005
    0.0000  -45.0000  -22.5000 2684.5940   21.8732
    7.5000  -45.0000  -22.5000 2677.7061   21.8512
   -7.5000  -37.5000  -22.5000 2739.0227   20.5076
    0.0000  -37.5000  -22.5000 2740.5461   20.2718
    7.5000  -37.5000  -22.5000 2738.3022   20.2755
   -7.5000  -30.0000  -22.5000 2781.7122   19.3909
    0.0000  -30.0000  -22.5000 2782.2852   19.1703
    7.5000  -30.0000  -22.5000 2780.4001   19.1952
   -7.5000  -22.5000  -22.5000 2816.6089   18.5690
    0.0000  -22.5000  -22.5000 2815.3503   18.3472
    7.5000  -22.5000  -22.5000 2815.8657   18.3753
   -7.5000  -15.0000  -22.5000 2837.3081   17.9657
    0.0000  -15.0000  -22.5000 2834.7888   17.7699
    7.5000  -15.0000  -22.5000 2834.9373   17.8109
   -7.5000   -7.5000  -22.5000 2846.1523   17.6807
    0.0000   -7.5000  -22.5000 2843.4539   17.4912
    7.5000   -7.5000  -22.5000 2841.4885   17.5372
   -7.5000    0.0000  -22.5000 2833.3552   17.6745
    0.0000    0.0000  -22.5000 2834.8545   17.4799
    7.5000    0.0000  -22.5000 2833.1326   17.5533
   -7.5000    7.5000  -22.5000 2808.1023   17.9643
    0.0000    7.5000  -22.5000 2808.8975   17.7463
    7.5000    7.5000  -22.5000 2811.7917   17.8354
   -7.5000   15.0000  -22.5000 2763.5586   18.6121
    0.0000   15.0000  -22.5000 2762.6218   18.3699
    7.5000   15.0000  -22.5000 2765.0779   18.4717
   -7.5000   22.5000  -22.5000 2694.9004   19.6258
    0.0000   22.5000  -22.5000 2695.8850   19.4173
    7.5000   22.5000  -22.5000 2695.4785   19.5012
   -7.5000   30.0000  -22.5000 2608.3579   21.0089
    0.0000   30.0000  -22.5000 2616.7344   20.8205
    7.5000   30.0000  -22.5000 2611.9448   20.8893
   -7.5000   37.5000  -22.5000 2517.8865   22.7246
    0.0000   37.5000  -22.5000 2524.3484   22.5566
    7.5000   37.5000  -22.5000 2519.5649   22.5821
   -7.5000   45.0000  -22.5000 2415.7173   24.8618
    0.0000   45.0000  -22.5000 2431.5325   24.7556
    7.5000   45.0000  -22.5000 2418.9395   24.7286
   -7.5000  -45.0000  -15.0000 2715.1387   21.5038
    0.0000  -45.0000  -15.0000 2718.4185   21.2558
    7.5000  -45.0000  -15.0000 2711.7437   21.2121
   -7.5000  -37.5000  -15.0000 2779.3577   19.9336
    0.0000  -37.5000  -15.0000 2779.5808   19.6911
    7.5000  -37.5000  -15.0000 2775.8960   19.6774
   -7.5000  -30.0000  -15.0000 2824.2861   18.7977
    0.0000  -30.0000  -15.0000 2820.9006   18.5519
    7.5000  -30.0000  -15.0000 2818.0391   18.5289
   -7.5000  -22.5000  -15.0000 2863.1086   17.9770
    0.0000  -22.5000  -15.0000 2860.7390   17.7304
    7.5000  -22.5000  -15.0000 2856.1597   17.7115
   -7.5000  -15.0000  -15.0000 2885.1621   17.3640
    0.0000  -15.0000  -15.0000 2881.3286   17.1238
    7.5000  -15.0000  -15.0000 2880.4946   17.1526
   -7.5000   -7.5000  -15.0000 2894.7468   17.0185
    0.0000   -7.5000  -15.0000 2892.8594   16.8198
    7.5000   -7.5000  -15.0000 2889.0505   16.8681
   -7.5000    0.0000  -15.0000 2887.3123   17.0196
    0.0000    0.0000  -15.0000 2885.0962   16.7949
    7.5000    0.0000  -15.0000 2882.6384   16.8716
   -7.5000    7.5000  -15.0000 2861.9663   17.3138
    0.0000    7.5000  -15.0000 2855.4351   17.0427
    7.5000    7.5000  -15.0000 2858.6677   17.1450
   -7.5000   15.0000  -15.0000 2814.8044   17.9539
    0.0000   15.0000  -15.0000 2803.2898   17.6760
    7.5000   15.0000  -15.0000 2811.6345   17.7722
   -7.5000   22.5000  -15.0000 2745.1367   18.9829
    0.0000   22.5000  -15.0000 2737.9065   18.7113
    7.5000   22.5000  -15.0000 2743.1042   18.7965
   -7.5000   30.0000  -15.0000 2661.9097   20.3513
    0.0000   30.0000  -15.0000 2658.8132   20.0908
    7.5000   30.0000  -15.0000 2659.0967   20.1748
   -7.5000   37.5000  -15.0000 2562.6799   22.0216
    0.0000   37.5000  -15.0000 2563.9612   21.7887
    7.5000   37.5000  -15.0000 2560.5574   21.8562
   -7.5000   45.0000  -15.0000 2452.1609   24.0619
    0.0000   45.0000  -15.0000 2460.4578   23.9023
    7.5000   45.0000  -15.0000 2450.2925   23.8934
   -7.5000  -45.0000   -7.5000 2727.1968   20.9358
    0.0000  -45.0000   -7.5000 2731.4487   20.6985
    7.5000  -45.0000   -7.5000 2725.2327   20.6154
   -7.5000  -37.5000   -7.5000 2794.0845   19.3341
    0.0000  -37.5000   -7.5000 2797.1807   19.1138
    7.5000  -37.5000   -7.5000 2790.2900   19.0611
   -7.5000  -30.0000   -7.5000 2842.6445   18.1985
    0.0000  -30.0000   -7.5000 2843.2693   17.9727
    7.5000  -30.0000   -7.5000 2837.5254   17.9263
   -7.5000  -22.5000   -7.5000 2884.3872   17.3544
    0.0000  -22.5000   -7.5000 2885.2739   17.1132
    7.5000  -22.5000   -7.5000 2875.1045   17.0660
   -7.5000  -15.0000   -7.5000 2909.9338   16.7214
    0.0000  -15.0000   -7.5000 2906.9648   16.4830
    7.5000  -15.0000   -7.5000 2903.4133   16.4972
   -7.5000   -7.5000   -7.5000 2921.6550   16.3987
    0.0000   -7.5000   -7.5000 2921.9434   16.1683
    7.5000   -7.5000   -7.5000 2913.6890   16.2096
   -7.5000    0.0000   -7.5000 2916.7742   16.4072
    0.0000    0.0000   -7.5000 2910.1223   16.1401
    7.5000    0.0000   -7.5000 2910.2297   16.2075
   -7.5000    7.5000   -7.5000 2889.9670   16.6845
    0.0000    7.5000   -7.5000 2883.8398   16.4136
    7.5000    7.5000   -7.5000 2887.4685   16.4913
   -7.5000   15.0000   -7.5000 2843.8884   17.3159
    0.0000   15.0000   -7.5000 2831.7427   17.0268
    7.5000   15.0000   -7.5000 2838.9146   17.1089
   -7.5000   22.5000   -7.5000 2768.8508   18.3450
    0.0000   22.5000   -7.5000 2759.2373   18.0592
    7.5000   22.5000   -7.5000 2763.6497   18.1496
   -7.5000   30.0000   -7.5000 2683.3608   19.7199
    0.0000   30.0000   -7.5000 2679.4143   19.4454
    7.5000   30.0000   -7.5000 2683.7629   19.5489
   -7.5000   37.5000   -7.5000 2583.9573   21.3729
    0.0000   37.5000   -7.5000 2585.1816   21.1124
    7.5000   37.5000   -7.5000 2587.4307   21.2176
   -7.5000   45.0000   -7.5000 2467.5164   23.3192
    0.0000   45.0000   -7.5000 2468.5945   23.1407
    7.5000   45.0000   -7.5000 2469.4690   23.2094
   -7.5000  -45.0000    0.0000 2731.3555   20.5497
    0.0000  -45.0000    0.0000 2738.6152   20.3156
    7.5000  -45.0000    0.0000 2725.6836   20.1733
   -7.5000  -37.5000    0.0000 2803.6787   18.9261
    0.0000  -37.5000    0.0000 2809.7380   18.7251
    7.5000  -37.5000    0.0000 2797.7781   18.5987
   -7.5000  -30.0000    0.0000 2858.3401   17.7326
    0.0000  -30.0000    0.0000 2861.9043   17.5404
    7.5000  -30.0000    0.0000 2850.4297   17.4649
   -7.5000  -22.5000    0.0000 2903.5339   16.8796
    0.0000  -22.5000    0.0000 2902.9426   16.6511
    7.5000  -22.5000    0.0000 2892.4810   16.6172
   -7.5000  -15.0000    0.0000 2923.9734   16.1945
    0.0000  -15.0000    0.0000 2932.0911   16.0054
    7.5000  -15.0000    0.0000 2918.8533   15.9669
   -7.5000   -7.5000    0.0000 2937.8645   15.8477
    0.0000   -7.5000    0.0000 2941.2407   15.6457
    7.5000   -7.5000    0.0000 2928.0447   15.6533
   -7.5000    0.0000    0.0000 2934.9695   15.8785
    0.0000    0.0000    0.0000 2926.9580   15.5929
    7.5000    0.0000    0.0000 2925.0930   15.6593
   -7.5000    7.5000    0.0000 2905.1431   16.1966
    0.0000    7.5000    0.0000 2895.2097   15.8700
    7.5000    7.5000    0.0000 2902.1052   15.9550
   -7.5000   15.0000    0.0000 2858.7422   16.8774
    0.0000   15.0000    0.0000 2848.3105   16.5298
    7.5000   15.0000    0.0000 2856.1377   16.6464
   -7.5000   22.5000    0.0000 2785.8772   17.8887
    0.0000   22.5000    0.0000 2777.8538   17.5589
    7.5000   22.5000    0.0000 2782.1040   17.7091
   -7.5000   30.0000    0.0000 2699.1392   19.2320
    0.0000   30.0000    0.0000 2691.6577   18.9191
    7.5000   30.0000    0.0000 2697.8303   19.0718
   -7.5000   37.5000    0.0000 2595.2798   20.8089
    0.0000   37.5000    0.0000 2595.5750   20.5345
    7.5000   37.5000    0.0000 2599.1299   20.6684
   -7.5000   45.0000    0.0000 2472.4619   22.7885
    0.0000   45.0000    0.0000 2479.5291   22.5600
    7.5000   45.0000    0.0000 2476.2029   22.6450
   -7.5000  -45.0000    7.5000 2732.9326   20.3474
    0.0000  -45.0000    7.5000 2742.5574   20.1376
    7.5000  -45.0000    7.5000 2725.4705   19.9556
   -7.5000  -37.5000    7.5000 2801.3245   18.6650
    0.0000  -37.5000    7.5000 2813.6077   18.5297
    7.5000  -37.5000    7.5000 2794.2754   18.3304
   -7.5000  -30.0000    7.5000 2864.0249   17.5039
    0.0000  -30.0000    7.5000 2874.9324   17.3872
    7.5000  -30.0000    7.5000 2851.4114   17.1754
   -7.5000  -22.5000    7.5000 2915.6936   16.6397
    0.0000  -22.5000    7.5000 2939.2625   16.5973
    7.5000  -22.5000    7.5000 2904.9773   16.3336
   -7.5000  -15.0000    7.5000 2930.2673   15.8063
    0.0000  -15.0000    7.5000 2969.6475   15.8958
    7.5000  -15.0000    7.5000 2921.9944   15.5897
   -7.5000   -7.5000    7.5000 2933.2859   15.4000
    0.0000   -7.5000    7.5000 2952.0452   15.3204
    7.5000   -7.5000    7.5000 2919.9563   15.2193
   -7.5000    0.0000    7.5000 2934.6365   15.5030
    0.0000    0.0000    7.5000 2930.2129   15.2035
    7.5000    0.0000    7.5000 2922.5056   15.2720
   -7.5000    7.5000    7.5000 2915.1536   15.9060
    0.0000    7.5000    7.5000 2916.6494   15.6101
    7.5000    7.5000    7.5000 2908.8877   15.6675
   -7.5000   15.0000    7.5000 2870.2021   16.6235
    0.0000   15.0000    7.5000 2875.8835   16.3693
    7.5000   15.0000    7.5000 2865.9111   16.4080
   -7.5000   22.5000    7.5000 2800.7959   17.6670
    0.0000   22.5000    7.5000 2800.8679   17.4383
    7.5000   22.5000    7.5000 2794.5979   17.4331
   -7.5000   30.0000    7.5000 2716.3862   19.0068
    0.0000   30.0000    7.5000 2710.5371   18.7525
    7.5000   30.0000    7.5000 2709.9490   18.7670
   -7.5000   37.5000    7.5000 2614.4597   20.6058
    0.0000   37.5000    7.5000 2611.7476   20.3096
    7.5000   37.5000    7.5000 2612.9009   20.3950
   -7.5000   45.0000    7.5000 2491.8599   22.5835
    0.0000   45.0000    7.5000 2489.4763   22.2876
    7.5000   45.0000    7.5000 2491.2961   22.3684
   -7.5000  -45.0000   15.0000 2729.4250   20.3015
    0.0000  -45.0000   15.0000 2736.5942   20.0963
    7.5000  -45.0000   15.0000 2722.9392   19.9514
   -7.5000  -37.5000   15.0000 2803.1057   18.5993
    0.0000  -37.5000   15.0000 2815.3574   18.5027
    7.5000  -37.5000   15.0000 2796.9341   18.2917
   -7.5000  -30.0000   15.0000 2871.5664   17.4304
    0.0000  -30.0000   15.0000 2891.3831   17.4109
    7.5000  -30.0000   15.0000 2861.0605   17.1601
   -7.5000  -22.5000   15.0000 2928.5713   16.6278
    0.0000  -22.5000   15.0000 2979.8376   16.8801
    7.5000  -22.5000   15.0000 2921.1284   16.3589
   -7.5000  -15.0000   15.0000 2934.4751   15.8118
    0.0000  -15.0000   15.0000 3008.8528   16.1145
    7.5000  -15.0000   15.0000 2921.5571   15.5349
   -7.5000   -7.5000   15.0000 2934.1714   15.3649
    0.0000   -7.5000   15.0000 2962.7434   15.3361
    7.5000   -7.5000   15.0000 2912.7554   15.1335
   -7.5000    0.0000   15.0000 2938.4600   15.4398
    0.0000    0.0000   15.0000 2951.0374   15.2804
    7.5000    0.0000   15.0000 2921.5720   15.2211
   -7.5000    7.5000   15.0000 2922.3171   15.8545
    0.0000    7.5000   15.0000 2936.5144   15.7128
    7.5000    7.5000   15.0000 2915.6814   15.6435
   -7.5000   15.0000   15.0000 2881.5164   16.6148
    0.0000   15.0000   15.0000 2889.8860   16.4465
    7.5000   15.0000   15.0000 2875.3584   16.3853
   -7.5000   22.5000   15.0000 2810.4844   17.6788
    0.0000   22.5000   15.0000 2809.6196   17.4703
    7.5000   22.5000   15.0000 2805.8269   17.4472
   -7.5000   30.0000   15.0000 2726.6992   19.0390
    0.0000   30.0000   15.0000 2723.6179   18.7777
    7.5000   30.0000   15.0000 2717.8958   18.7981
   -7.5000   37.5000   15.0000 2626.6577   20.5956
    0.0000   37.5000   15.0000 2626.5269   20.3371
    7.5000   37.5000   15.0000 2620.8501   20.3729
   -7.5000   45.0000   15.0000 2499.9812   22.4706
    0.0000   45.0000   15.0000 2502.2771   22.3067
    7.5000   45.0000   15.0000 2499.8005   22.3008
   -7.5000  -45.0000   22.5000 2719.3567   20.3290
    0.0000  -45.0000   22.5000 2721.7207   20.0685
    7.5000  -45.0000   22.5000 2716.0415   20.0305
   -7.5000  -37.5000   22.5000 2798.4387   18.6514
    0.0000  -37.5000   22.5000 2808.3599   18.4883
    7.5000  -37.5000   22.5000 2793.6689   18.3662
   -7.5000  -30.0000   22.5000 2861.3120   17.4399
    0.0000  -30.0000   22.5000 2887.0205   17.4529
    7.5000  -30.0000   22.5000 2855.1160   17.2175
   -7.5000  -22.5000   22.5000 2906.3999   16.5566
    0.0000  -22.5000   22.5000 2955.4451   16.7500
    7.5000  -22.5000   22.5000 2901.2476   16.3694
   -7.5000  -15.0000   22.5000 2931.3213   16.0167
    0.0000  -15.0000   22.5000 2966.6038   16.0587
    7.5000  -15.0000   22.5000 2912.4312   15.7416
   -7.5000   -7.5000   22.5000 2944.8057   15.7351
    0.0000   -7.5000   22.5000 2972.9517   15.7693
    7.5000   -7.5000   22.5000 2925.3860   15.4966
   -7.5000    0.0000   22.5000 2946.8098   15.7097
    0.0000    0.0000   22.5000 2967.6406   15.6885
    7.5000    0.0000   22.5000 2935.6462   15.5376
   -7.5000    7.5000   22.5000 2919.7517   16.0552
    0.0000    7.5000   22.5000 2940.5481   15.9789
    7.5000    7.5000   22.5000 2916.3477   15.9003
   -7.5000   15.0000   22.5000 2878.8799   16.7887
    0.0000   15.0000   22.5000 2887.9988   16.6357
    7.5000   15.0000   22.5000 2872.8484   16.5915
   -7.5000   22.5000   22.5000 2815.7341   17.8452
    0.0000   22.5000   22.5000 2815.8760   17.6325
    7.5000   22.5000   22.5000 2806.1218   17.6093
   -7.5000   30.0000   22.5000 2732.5249   19.1428
    0.0000   30.0000   22.5000 2735.7419   18.9326
    7.5000   30.0000   22.5000 2723.4514   18.9295
   -7.5000   37.5000   22.5000 2629.0300   20.6985
    0.0000   37.5000   22.5000 2626.6289   20.4758
    7.5000   37.5000   22.5000 2620.9397   20.4906
   -7.5000   45.0000   22.5000 2496.7517   22.6094
    0.0000   45.0000   22.5000 2497.0974   22.3867
    7.5000   45.0000   22.5000 2497.9075   22.4443
   -7.5000  -45.0000   30.0000 2715.9070   20.6014
    0.0000  -45.0000   30.0000 2713.7800   20.3068
    7.5000  -45.0000   30.0000 2711.9656   20.3220
   -7.5000  -37.5000   30.0000 2796.6350   18.9221
    0.0000  -37.5000   30.0000 2799.1912   18.7478
    7.5000  -37.5000   30.0000 2790.9604   18.7003
   -7.5000  -30.0000   30.0000 2856.0615   17.6810
    0.0000  -30.0000   30.0000 2864.9006   17.6002
    7.5000  -30.0000   30.0000 2852.7012   17.5020
   -7.5000  -22.5000   30.0000 2899.6392   16.8170
    0.0000  -22.5000   30.0000 2906.2363   16.6739
    7.5000  -22.5000   30.0000 2886.3489   16.5419
   -7.5000  -15.0000   30.0000 2936.8616   16.3376
    0.0000  -15.0000   30.0000 2952.4536   16.1824
    7.5000  -15.0000   30.0000 2923.6299   16.0741
   -7.5000   -7.5000   30.0000 2954.3247   16.1427
    0.0000   -7.5000   30.0000 2970.0220   16.0602
    7.5000   -7.5000   30.0000 2944.6943   15.9833
   -7.5000    0.0000   30.0000 2950.1589   16.2171
    0.0000    0.0000   30.0000 2967.9856   16.0944
    7.5000    0.0000   30.0000 2945.4651   16.0487
   -7.5000    7.5000   30.0000 2920.1023   16.5342
    0.0000    7.5000   30.0000 2935.8860   16.4312
    7.5000    7.5000   30.0000 2921.4373   16.3812
   -7.5000   15.0000   30.0000 2876.2595   17.1739
    0.0000   15.0000   30.0000 2881.2903   17.0463
    7.5000   15.0000   30.0000 2871.5398   17.0115
   -7.5000   22.5000   30.0000 2809.9624   18.1441
    0.0000   22.5000   30.0000 2813.1882   17.9638
    7.5000   22.5000   30.0000 2798.0320   17.9336
   -7.5000   30.0000   30.0000 2725.3408   19.4128
    0.0000   30.0000   30.0000 2728.7886   19.2397
    7.5000   30.0000   30.0000 2713.6948   19.1954
   -7.5000   37.5000   30.0000 2619.6982   20.9597
    0.0000   37.5000   30.0000 2617.2300   20.7654
    7.5000   37.5000   30.0000 2615.4614   20.7452
   -7.5000   45.0000   30.0000 2494.6367   22.8725
    0.0000   45.0000   30.0000 2495.6875   22.6622
    7.5000   45.0000   30.0000 2495.6753   22.6631
   -7.5000  -45.0000   37.5000 2710.7002   20.9909
    0.0000  -45.0000   37.5000 2708.4287   20.6007
    7.5000  -45.0000   37.5000 2707.6147   20.7240
   -7.5000  -37.5000   37.5000 2795.6538   19.3399
    0.0000  -37.5000   37.5000 2793.5967   19.0336
    7.5000  -37.5000   37.5000 2788.3875   19.0986
   -7.5000  -30.0000   37.5000 2852.3174   18.0456
    0.0000  -30.0000   37.5000 2844.3286   17.7703
    7.5000  -30.0000   37.5000 2843.6812   17.7934
   -7.5000  -22.5000   37.5000 2900.6301   17.2129
    0.0000  -22.5000   37.5000 2899.8235   16.8977
    7.5000  -22.5000   37.5000 2889.9067   16.9083
   -7.5000  -15.0000   37.5000 2933.2029   16.7652
    0.0000  -15.0000   37.5000 2940.8379   16.5547
    7.5000  -15.0000   37.5000 2924.4846   16.5318
   -7.5000   -7.5000   37.5000 2944.9529   16.6382
    0.0000   -7.5000   37.5000 2954.7400   16.5147
    7.5000   -7.5000   37.5000 2937.2021   16.4702
   -7.5000    0.0000   37.5000 2937.4639   16.7338
    0.0000    0.0000   37.5000 2948.7986   16.6160
    7.5000    0.0000   37.5000 2933.6731   16.5742
   -7.5000    7.5000   37.5000 2916.1621   17.0880
    0.0000    7.5000   37.5000 2920.3630   16.9376
    7.5000    7.5000   37.5000 2910.7627   16.9252
   -7.5000   15.0000   37.5000 2870.8206   17.7361
    0.0000   15.0000   37.5000 2872.2197   17.5656
    7.5000   15.0000   37.5000 2863.7681   17.5424
   -7.5000   22.5000   37.5000 2805.7473   18.6630
    0.0000   22.5000   37.5000 2806.5959   18.4789
    7.5000   22.5000   37.5000 2797.4304   18.4495
   -7.5000   30.0000   37.5000 2709.3113   19.8750
    0.0000   30.0000   37.5000 2708.5916   19.6643
    7.5000   30.0000   37.5000 2705.5466   19.6502
   -7.5000   37.5000   37.5000 2598.4558   21.3969
    0.0000   37.5000   37.5000 2601.0981   21.1875
    7.5000   37.5000   37.5000 2600.4607   21.1941
   -7.5000   45.0000   37.5000 2480.1233   23.2742
    0.0000   45.0000   37.5000 2492.0537   23.1159
    7.5000   45.0000   37.5000 2486.5652   23.1219
   -7.5000  -45.0000   45.0000 2697.5271   21.4796
    0.0000  -45.0000   45.0000 2697.8899   21.0370
    7.5000  -45.0000   45.0000 2692.8159   21.1672
   -7.5000  -37.5000   45.0000 2772.3835   19.7673
    0.0000  -37.5000   45.0000 2768.7903   19.4067
    7.5000  -37.5000   45.0000 2768.0088   19.5214
   -7.5000  -30.0000   45.0000 2833.1460   18.5454
    0.0000  -30.0000   45.0000 2827.6780   18.1716
    7.5000  -30.0000   45.0000 2825.3398   18.2538
   -7.5000  -22.5000   45.0000 2888.8599   17.7350
    0.0000  -22.5000   45.0000 2886.9036   17.3774
    7.5000  -22.5000   45.0000 2882.9988   17.4884
   -7.5000  -15.0000   45.0000 2914.4009   17.3389
    0.0000  -15.0000   45.0000 2915.2510   17.0724
    7.5000  -15.0000   45.0000 2910.9211   17.1405
   -7.5000   -7.5000   45.0000 2920.0393   17.2510
    0.0000   -7.5000   45.0000 2925.4500   17.0565
    7.5000   -7.5000   45.0000 2916.0344   17.0446
   -7.5000    0.0000   45.0000 2911.8044   17.3467
    0.0000    0.0000   45.0000 2914.9893   17.1712
    7.5000    0.0000   45.0000 2907.7632   17.1356
   -7.5000    7.5000   45.0000 2892.4001   17.6900
    0.0000    7.5000   45.0000 2889.2969   17.4965
    7.5000    7.5000   45.0000 2886.7871   17.4761
   -7.5000   15.0000   45.0000 2850.4614   18.3271
    0.0000   15.0000   45.0000 2850.0247   18.1221
    7.5000   15.0000   45.0000 2844.6694   18.1124
   -7.5000   22.5000   45.0000 2779.7449   19.2285
    0.0000   22.5000   45.0000 2780.9912   19.0471
    7.5000   22.5000   45.0000 2775.1052   19.0425
   -7.5000   30.0000   45.0000 2675.8801   20.4525
    0.0000   30.0000   45.0000 2686.7075   20.2806
    7.5000   30.0000   45.0000 2680.4521   20.2781
   -7.5000   37.5000   45.0000 2572.9473   21.9613
    0.0000   37.5000   45.0000 2584.3416   21.7787
    7.5000   37.5000   45.0000 2578.5771   21.7865
   -7.5000   45.0000   45.0000 2469.4756   23.8829
    0.0000   45.0000   45.0000 2471.2761   23.7441
    7.5000   45.0000   45.0000 2469.4619   23.7280

---------------------------------------------------------------------
imgreg_4dfp /opt/freesurfer/average/711-2C_as_mni_average_305 /opt/freesurfer/average/711-2B_as_mni_average_305_mask talsrcimg_g11 none talsrcimg_to_711-2C_as_mni_average_305_t4 1283
---------------------------------------------------------------------

freesurfer imgreg_4dfp.c
/opt/freesurfer/average/711-2C_as_mni_average_305.4dfp.img
       256       256       256         1
  1.000000  1.000000  1.000000
orientation T byte_order littleendian
Reading image: /opt/freesurfer/average/711-2C_as_mni_average_305.4dfp.img
dimensions:      256       256       256
mmppix:       1.0000   -1.0000   -1.0000
center:     128.0000 -129.0000 -129.0000
/opt/freesurfer/average/711-2B_as_mni_average_305_mask.4dfp.img
       256       256       256         1
  1.000000  1.000000  1.000000
orientation T byte_order littleendian
Reading mask: /opt/freesurfer/average/711-2B_as_mni_average_305_mask.4dfp.img (2306576 pixels)
talsrcimg_g11.4dfp.img
       320       320       320         1
  0.800000  0.800000  0.800000
orientation T byte_order littleendian
Reading image: talsrcimg_g11.4dfp.img
dimensions:      320       320       320
mmppix:       0.8000   -0.8000   -0.8000
center:     128.0000 -128.8000 -128.8000
rotation matrix determinant  1.000000
fimgreg.f
image alignment mode   1283 decimal      503 hex
parameters
    0.0000  -15.0000   15.0000    0.0000    0.0000    0.0000
eta,q 0.94555 16.20630
niter,ni,del,rscale     5    3   12.0000    1.2000
parameter  4 -0.553900 -> -0.500000 qaram    1.1500
parameter  6  0.507303 ->  0.500000 qaram    1.1500
parameters
   -0.1261  -16.9048   15.0966    3.4500    0.4178   -3.4500
eta,q 0.94843 16.18195
  0.0754  0.0600  0.0686  0.0611  0.0616  0.0529
  0.0681  0.0555  0.0615  0.0577  0.0578  0.0517
  0.0600  0.0538  0.0554  0.0555  0.0546  0.0517
  0.0553  0.0554  0.0538  0.0539  0.0529  0.0527
  0.0581  0.0600  0.0563  0.0530  0.0530  0.0544
  0.0680  0.0650  0.0612  0.0530  0.0555  0.0562
  0.0789  0.0690  0.0671  0.0534  0.0602  0.0585
niter,ni,del,rscale     6    3   12.0000    1.2000
parameters
   -0.2678  -17.2852   15.5617    3.0886    0.5345   -3.1538
eta,q 0.94887 16.26320
  0.0737  0.0642  0.0681  0.0560  0.0606  0.0567
  0.0655  0.0568  0.0606  0.0535  0.0568  0.0544
  0.0561  0.0521  0.0543  0.0518  0.0535  0.0522
  0.0516  0.0516  0.0514  0.0512  0.0512  0.0511
  0.0561  0.0549  0.0525  0.0523  0.0518  0.0517
  0.0659  0.0604  0.0576  0.0540  0.0556  0.0536
  0.0767  0.0661  0.0638  0.0572  0.0608  0.0561
niter,ni,del,rscale     5    3   12.0000    1.2000
parameters
   -0.2976  -17.3038   15.6245    3.1482    0.5992   -3.1300
eta,q 0.94889 16.26170
  0.0742  0.0653  0.0664  0.0566  0.0605  0.0564
  0.0658  0.0580  0.0588  0.0538  0.0567  0.0541
  0.0563  0.0526  0.0531  0.0520  0.0534  0.0520
  0.0511  0.0511  0.0511  0.0511  0.0511  0.0511
  0.0551  0.0536  0.0533  0.0520  0.0518  0.0519
  0.0649  0.0589  0.0591  0.0535  0.0558  0.0539
  0.0759  0.0646  0.0652  0.0566  0.0610  0.0564
niter,ni,del,rscale     4    3   12.0000    1.2000
parameters
   -0.3165  -17.3227   15.6344    3.1672    0.6287   -3.1371
eta,q 0.94890 16.26304
  0.0743  0.0652  0.0662  0.0565  0.0604  0.0564
  0.0659  0.0580  0.0586  0.0538  0.0566  0.0541
  0.0563  0.0526  0.0529  0.0520  0.0533  0.0519
  0.0511  0.0511  0.0511  0.0511  0.0511  0.0511
  0.0550  0.0536  0.0534  0.0519  0.0519  0.0519
  0.0649  0.0588  0.0593  0.0535  0.0559  0.0540
  0.0759  0.0646  0.0654  0.0566  0.0611  0.0565
registration optimization eta report
parameter search radius
    6.0000    6.0000    6.0000    6.9000    6.0000    6.9000
100000*second partial in parameter space
       63.       38.       40.       11.       26.       11.
  0.0743  0.0652  0.0662  0.0565  0.0604  0.0564
  0.0659  0.0580  0.0586  0.0538  0.0566  0.0541
  0.0563  0.0526  0.0529  0.0520  0.0533  0.0519
  0.0511  0.0511  0.0511  0.0511  0.0511  0.0511
  0.0550  0.0536  0.0534  0.0519  0.0519  0.0519
  0.0649  0.0588  0.0593  0.0535  0.0559  0.0540
  0.0759  0.0646  0.0654  0.0566  0.0611  0.0565
   -0.3165  -17.3227   15.6344    3.1672    0.6287   -3.1371
eta,q 0.94890 16.26304

---------------------------------------------------------------------
imgreg_4dfp /opt/freesurfer/average/711-2C_as_mni_average_305 /opt/freesurfer/average/711-2B_as_mni_average_305_mask talsrcimg_g11 none talsrcimg_to_711-2C_as_mni_average_305_t4 3335
---------------------------------------------------------------------

freesurfer imgreg_4dfp.c
/opt/freesurfer/average/711-2C_as_mni_average_305.4dfp.img
       256       256       256         1
  1.000000  1.000000  1.000000
orientation T byte_order littleendian
Reading image: /opt/freesurfer/average/711-2C_as_mni_average_305.4dfp.img
dimensions:      256       256       256
mmppix:       1.0000   -1.0000   -1.0000
center:     128.0000 -129.0000 -129.0000
/opt/freesurfer/average/711-2B_as_mni_average_305_mask.4dfp.img
       256       256       256         1
  1.000000  1.000000  1.000000
orientation T byte_order littleendian
Reading mask: /opt/freesurfer/average/711-2B_as_mni_average_305_mask.4dfp.img (2306576 pixels)
talsrcimg_g11.4dfp.img
       320       320       320         1
  0.800000  0.800000  0.800000
orientation T byte_order littleendian
Reading image: talsrcimg_g11.4dfp.img
dimensions:      320       320       320
mmppix:       0.8000   -0.8000   -0.8000
center:     128.0000 -128.8000 -128.8000
fimgreg.f
image alignment mode   3335 decimal      D07 hex
parameters
   -0.3165  -17.3227   15.6344   -0.1559   -0.2990   -0.1588
    5.4036   -1.3963   -5.4721   -5.4567    1.0973    5.5246
eta,q 0.94952 16.35041
niter,ni,del,rscale     5    3    5.0000    1.2000
parameter  4  0.577657 ->  0.500000 qaram    1.1500
parameter  5  0.980387 ->  0.500000 qaram    1.1500
parameter  6  0.523805 ->  0.500000 qaram    1.1500
parameter 10  0.709256 ->  0.500000 qaram    1.1500
parameters
   -0.2734  -17.8097   15.6868   -4.2959   -4.4390   -4.2988
    4.6496   -0.8788   -3.3121   -9.5967    2.1439    5.1775
eta,q 0.95849 16.49059
  0.0555  0.0522  0.0535  0.0491  0.0444  0.0449  0.0447  0.0481  0.0453  0.0420  0.0434  0.0431
  0.0529  0.0509  0.0519  0.0484  0.0446  0.0434  0.0437  0.0453  0.0442  0.0415  0.0425  0.0422
  0.0512  0.0504  0.0507  0.0485  0.0457  0.0431  0.0432  0.0437  0.0435  0.0419  0.0418  0.0417
  0.0505  0.0505  0.0503  0.0503  0.0483  0.0448  0.0431  0.0431  0.0431  0.0430  0.0415  0.0415
  0.0509  0.0512  0.0506  0.0550  0.0524  0.0482  0.0435  0.0434  0.0430  0.0446  0.0416  0.0417
  0.0526  0.0525  0.0516  0.0619  0.0571  0.0526  0.0443  0.0447  0.0432  0.0466  0.0419  0.0424
  0.0552  0.0542  0.0533  0.0697  0.0615  0.0574  0.0454  0.0467  0.0436  0.0492  0.0426  0.0435
niter,ni,del,rscale     7    3    5.0000    1.2000
parameter  2 -1.138410 -> -0.500000 qaram    1.1500
parameters
    0.1831  -16.4297   16.5346   -3.4255   -7.3763   -4.0648
    3.0844   -1.0765   -2.9681   -9.3930    2.5249    5.1129
eta,q 0.96231 16.36344
  0.0441  0.0483  0.0428  0.0448  0.0405  0.0453  0.0391  0.0425  0.0398  0.0426  0.0396  0.0394
  0.0429  0.0457  0.0411  0.0432  0.0389  0.0435  0.0382  0.0394  0.0387  0.0398  0.0386  0.0385
  0.0420  0.0434  0.0399  0.0412  0.0380  0.0410  0.0378  0.0379  0.0380  0.0382  0.0379  0.0379
  0.0415  0.0414  0.0393  0.0391  0.0385  0.0380  0.0378  0.0377  0.0377  0.0377  0.0377  0.0377
  0.0415  0.0400  0.0391  0.0377  0.0409  0.0372  0.0384  0.0384  0.0378  0.0382  0.0378  0.0378
  0.0419  0.0391  0.0393  0.0390  0.0450  0.0407  0.0395  0.0400  0.0384  0.0396  0.0383  0.0384
  0.0427  0.0388  0.0398  0.0449  0.0495  0.0470  0.0413  0.0427  0.0394  0.0420  0.0392  0.0396
niter,ni,del,rscale     7    3    5.0000    1.2000
parameter  2 -0.624293 -> -0.500000 qaram    1.3225
parameters
    0.1649  -14.8427   16.3761   -3.1876   -8.9413   -4.2241
    2.8018   -1.1938   -3.1131   -8.7915    2.7163    4.5006
eta,q 0.96348 16.25260
  0.0400  0.0441  0.0384  0.0428  0.0402  0.0439  0.0388  0.0416  0.0384  0.0420  0.0383  0.0380
  0.0387  0.0415  0.0372  0.0410  0.0383  0.0420  0.0375  0.0383  0.0373  0.0389  0.0373  0.0372
  0.0379  0.0393  0.0366  0.0388  0.0368  0.0394  0.0368  0.0367  0.0367  0.0371  0.0367  0.0367
  0.0377  0.0377  0.0365  0.0365  0.0363  0.0364  0.0365  0.0365  0.0365  0.0365  0.0365  0.0365
  0.0379  0.0367  0.0369  0.0352  0.0378  0.0360  0.0368  0.0372  0.0367  0.0368  0.0367  0.0367
  0.0387  0.0365  0.0377  0.0377  0.0412  0.0403  0.0377  0.0388  0.0374  0.0382  0.0372  0.0374
  0.0401  0.0371  0.0389  0.0448  0.0455  0.0471  0.0393  0.0416  0.0385  0.0404  0.0381  0.0388
niter,ni,del,rscale     7    3    5.0000    1.2000
parameters
    0.1785  -14.2279   16.2594   -2.8157   -9.5787   -4.4126
    2.8288   -1.2269   -3.3221   -8.1859    2.8191    4.0693
eta,q 0.96366 16.21304
  0.0389  0.0415  0.0381  0.0428  0.0409  0.0435  0.0389  0.0417  0.0381  0.0415  0.0382  0.0379
  0.0376  0.0392  0.0370  0.0411  0.0388  0.0417  0.0375  0.0382  0.0371  0.0385  0.0371  0.0370
  0.0368  0.0375  0.0364  0.0388  0.0370  0.0391  0.0367  0.0366  0.0365  0.0369  0.0365  0.0365
  0.0365  0.0365  0.0363  0.0363  0.0360  0.0362  0.0363  0.0363  0.0363  0.0363  0.0363  0.0363
  0.0368  0.0364  0.0366  0.0349  0.0367  0.0357  0.0365  0.0370  0.0366  0.0367  0.0365  0.0365
  0.0375  0.0372  0.0373  0.0374  0.0394  0.0400  0.0374  0.0386  0.0372  0.0379  0.0371  0.0372
  0.0389  0.0388  0.0384  0.0445  0.0435  0.0470  0.0389  0.0415  0.0383  0.0400  0.0380  0.0385
niter,ni,del,rscale     6    3    5.0000    1.2000
parameters
    0.1769  -13.8946   16.0997   -2.6595   -9.8166   -4.5876
    2.9290   -1.2523   -3.5113   -7.6613    2.9274    3.8037
eta,q 0.96361 16.19488
  0.0389  0.0405  0.0379  0.0429  0.0412  0.0435  0.0390  0.0418  0.0381  0.0412  0.0382  0.0380
  0.0374  0.0384  0.0369  0.0411  0.0392  0.0417  0.0376  0.0383  0.0371  0.0384  0.0371  0.0371
  0.0366  0.0370  0.0364  0.0388  0.0373  0.0392  0.0367  0.0366  0.0365  0.0368  0.0366  0.0366
  0.0363  0.0363  0.0363  0.0363  0.0361  0.0362  0.0364  0.0364  0.0364  0.0364  0.0364  0.0364
  0.0366  0.0364  0.0366  0.0350  0.0364  0.0357  0.0366  0.0370  0.0366  0.0368  0.0366  0.0365
  0.0374  0.0374  0.0373  0.0379  0.0388  0.0399  0.0374  0.0387  0.0372  0.0379  0.0371  0.0371
  0.0389  0.0391  0.0383  0.0453  0.0428  0.0469  0.0389  0.0415  0.0383  0.0399  0.0381  0.0384
niter,ni,del,rscale     5    3    5.0000    1.2000
parameters
    0.1749  -13.6658   15.9433   -2.5923   -9.9470   -4.7393
    3.0109   -1.2821   -3.6754   -7.2322    3.0491    3.6292
eta,q 0.96350 16.18256
  0.0389  0.0401  0.0379  0.0430  0.0413  0.0435  0.0391  0.0419  0.0381  0.0411  0.0383  0.0381
  0.0375  0.0382  0.0370  0.0412  0.0394  0.0417  0.0377  0.0384  0.0372  0.0383  0.0373  0.0372
  0.0367  0.0369  0.0364  0.0389  0.0375  0.0392  0.0368  0.0367  0.0366  0.0368  0.0367  0.0367
  0.0364  0.0364  0.0364  0.0364  0.0363  0.0363  0.0365  0.0365  0.0365  0.0365  0.0365  0.0365
  0.0366  0.0366  0.0367  0.0352  0.0365  0.0358  0.0367  0.0371  0.0367  0.0369  0.0367  0.0366
  0.0375  0.0375  0.0373  0.0383  0.0388  0.0399  0.0375  0.0388  0.0373  0.0380  0.0372  0.0372
  0.0390  0.0392  0.0383  0.0458  0.0426  0.0468  0.0391  0.0417  0.0383  0.0400  0.0381  0.0384
niter,ni,del,rscale     4    3    5.0000    1.2000
parameters
    0.1767  -13.4822   15.8030   -2.5618  -10.0622   -4.8706
    3.0750   -1.3197   -3.8432   -6.8772    3.1868    3.5423
eta,q 0.96339 16.17113
  0.0391  0.0400  0.0380  0.0431  0.0414  0.0435  0.0392  0.0420  0.0382  0.0409  0.0384  0.0382
  0.0376  0.0381  0.0371  0.0413  0.0395  0.0418  0.0378  0.0385  0.0373  0.0383  0.0374  0.0374
  0.0368  0.0370  0.0366  0.0390  0.0377  0.0394  0.0369  0.0369  0.0368  0.0369  0.0368  0.0368
  0.0365  0.0365  0.0365  0.0365  0.0364  0.0365  0.0366  0.0366  0.0366  0.0366  0.0366  0.0366
  0.0367  0.0367  0.0368  0.0353  0.0366  0.0358  0.0368  0.0372  0.0368  0.0370  0.0368  0.0367
  0.0376  0.0376  0.0374  0.0385  0.0388  0.0399  0.0377  0.0389  0.0374  0.0381  0.0373  0.0373
  0.0391  0.0393  0.0384  0.0460  0.0427  0.0468  0.0392  0.0418  0.0383  0.0400  0.0382  0.0385
niter,ni,del,rscale     3    3    5.0000    1.2000
parameters
    0.1811  -13.3165   15.6712   -2.5484  -10.1958   -4.9889
    3.1304   -1.3594   -4.0139   -6.5722    3.3350    3.4995
eta,q 0.96326 16.15872
  0.0392  0.0399  0.0381  0.0432  0.0414  0.0435  0.0393  0.0420  0.0383  0.0409  0.0385  0.0383
  0.0377  0.0382  0.0372  0.0414  0.0396  0.0419  0.0379  0.0386  0.0374  0.0383  0.0375  0.0375
  0.0369  0.0371  0.0367  0.0391  0.0378  0.0395  0.0371  0.0370  0.0369  0.0370  0.0369  0.0370
  0.0366  0.0366  0.0366  0.0366  0.0366  0.0366  0.0367  0.0367  0.0367  0.0367  0.0367  0.0367
  0.0369  0.0368  0.0369  0.0355  0.0367  0.0360  0.0369  0.0374  0.0369  0.0371  0.0369  0.0368
  0.0377  0.0377  0.0375  0.0386  0.0389  0.0399  0.0378  0.0390  0.0375  0.0381  0.0374  0.0374
  0.0392  0.0393  0.0384  0.0462  0.0427  0.0468  0.0393  0.0419  0.0384  0.0401  0.0383  0.0385
niter,ni,del,rscale     2    3    5.0000    1.2000
parameters
    0.1858  -13.1508   15.5445   -2.5434  -10.3549   -5.1018
    3.1828   -1.4071   -4.1874   -6.2826    3.5058    3.4947
eta,q 0.96315 16.14453
  0.0392  0.0399  0.0382  0.0433  0.0415  0.0436  0.0394  0.0421  0.0383  0.0408  0.0386  0.0384
  0.0378  0.0382  0.0373  0.0415  0.0396  0.0419  0.0380  0.0387  0.0375  0.0383  0.0376  0.0376
  0.0370  0.0372  0.0368  0.0392  0.0379  0.0396  0.0372  0.0371  0.0370  0.0371  0.0370  0.0371
  0.0367  0.0367  0.0367  0.0367  0.0367  0.0367  0.0368  0.0368  0.0368  0.0368  0.0369  0.0369
  0.0370  0.0369  0.0370  0.0356  0.0368  0.0361  0.0371  0.0375  0.0370  0.0372  0.0370  0.0369
  0.0378  0.0377  0.0376  0.0388  0.0390  0.0400  0.0379  0.0391  0.0376  0.0382  0.0375  0.0375
  0.0392  0.0394  0.0385  0.0463  0.0428  0.0467  0.0394  0.0419  0.0385  0.0401  0.0384  0.0386
niter,ni,del,rscale     1    3    5.0000    1.2000
parameters
    0.1949  -12.9773   15.4156   -2.5455  -10.5474   -5.2188
    3.2206   -1.4561   -4.3679   -5.9868    3.6878    3.5105
eta,q 0.96302 16.12770
  0.0393  0.0399  0.0383  0.0434  0.0415  0.0436  0.0394  0.0422  0.0384  0.0408  0.0387  0.0385
  0.0379  0.0383  0.0374  0.0416  0.0397  0.0420  0.0381  0.0388  0.0376  0.0384  0.0377  0.0378
  0.0371  0.0373  0.0369  0.0393  0.0380  0.0397  0.0373  0.0372  0.0371  0.0372  0.0372  0.0372
  0.0369  0.0369  0.0368  0.0368  0.0368  0.0369  0.0370  0.0370  0.0370  0.0370  0.0370  0.0370
  0.0371  0.0370  0.0371  0.0357  0.0370  0.0362  0.0372  0.0376  0.0372  0.0373  0.0371  0.0370
  0.0379  0.0378  0.0377  0.0389  0.0392  0.0401  0.0380  0.0392  0.0377  0.0382  0.0376  0.0376
  0.0393  0.0394  0.0386  0.0464  0.0429  0.0468  0.0395  0.0420  0.0385  0.0401  0.0385  0.0387
registration optimization eta report
parameter search radius
    2.4000    3.1740    2.4000    8.2800    8.2800    8.2800
    7.2000    7.2000    7.2000    8.2800    7.2000    7.2000
100000*second partial in parameter space
       43.       28.       28.       12.        8.       12.
        5.       10.        3.        5.        3.        3.
  0.0393  0.0399  0.0383  0.0434  0.0415  0.0436  0.0394  0.0422  0.0384  0.0408  0.0387  0.0385
  0.0379  0.0383  0.0374  0.0416  0.0397  0.0420  0.0381  0.0388  0.0376  0.0384  0.0377  0.0378
  0.0371  0.0373  0.0369  0.0393  0.0380  0.0397  0.0373  0.0372  0.0371  0.0372  0.0372  0.0372
  0.0369  0.0369  0.0368  0.0368  0.0368  0.0369  0.0370  0.0370  0.0370  0.0370  0.0370  0.0370
  0.0371  0.0370  0.0371  0.0357  0.0370  0.0362  0.0372  0.0376  0.0372  0.0373  0.0371  0.0370
  0.0379  0.0378  0.0377  0.0389  0.0392  0.0401  0.0380  0.0392  0.0377  0.0382  0.0376  0.0376
  0.0393  0.0394  0.0386  0.0464  0.0429  0.0468  0.0395  0.0420  0.0385  0.0401  0.0385  0.0387
    0.1949  -12.9773   15.4156   -2.5455  -10.5474   -5.2188
    3.2206   -1.4561   -4.3679   -5.9868    3.6878    3.5105
eta,q 0.96302 16.12770

---------------------------------------------------------------------
imgreg_4dfp /opt/freesurfer/average/711-2C_as_mni_average_305 /opt/freesurfer/average/711-2B_as_mni_average_305_mask talsrcimg_g11 none talsrcimg_to_711-2C_as_mni_average_305_t4 2311
---------------------------------------------------------------------

freesurfer imgreg_4dfp.c
/opt/freesurfer/average/711-2C_as_mni_average_305.4dfp.img
       256       256       256         1
  1.000000  1.000000  1.000000
orientation T byte_order littleendian
Reading image: /opt/freesurfer/average/711-2C_as_mni_average_305.4dfp.img
dimensions:      256       256       256
mmppix:       1.0000   -1.0000   -1.0000
center:     128.0000 -129.0000 -129.0000
/opt/freesurfer/average/711-2B_as_mni_average_305_mask.4dfp.img
       256       256       256         1
  1.000000  1.000000  1.000000
orientation T byte_order littleendian
Reading mask: /opt/freesurfer/average/711-2B_as_mni_average_305_mask.4dfp.img (2306576 pixels)
talsrcimg_g11.4dfp.img
       320       320       320         1
  0.800000  0.800000  0.800000
orientation T byte_order littleendian
Reading image: talsrcimg_g11.4dfp.img
dimensions:      320       320       320
mmppix:       0.8000   -0.8000   -0.8000
center:     128.0000 -128.8000 -128.8000
fimgreg.f
image alignment mode   2311 decimal      907 hex
parameters
    0.1949  -12.9773   15.4156   -2.5455  -10.5474   -5.2188
    3.2206   -1.4561   -4.3679   -5.9868    3.6878    3.5105
eta,q 0.96302 16.12770
niter,ni,del,rscale     5    3    5.0000    0.8000
parameters
    0.2173  -12.6881   15.1515   -0.4973  -10.7943   -4.7706
    3.0350   -1.4184   -4.3229   -6.3442    3.5456    2.8582
eta,q 0.96446 16.10560
  0.0380  0.0378  0.0374  0.0411  0.0376  0.0401  0.0372  0.0398  0.0366  0.0368  0.0370  0.0362
  0.0374  0.0374  0.0371  0.0398  0.0368  0.0387  0.0363  0.0374  0.0360  0.0360  0.0362  0.0358
  0.0371  0.0371  0.0369  0.0383  0.0361  0.0372  0.0357  0.0360  0.0357  0.0356  0.0357  0.0356
  0.0370  0.0370  0.0370  0.0369  0.0358  0.0358  0.0356  0.0356  0.0356  0.0356  0.0356  0.0356
  0.0371  0.0370  0.0371  0.0359  0.0360  0.0355  0.0358  0.0361  0.0357  0.0358  0.0358  0.0357
  0.0374  0.0371  0.0374  0.0360  0.0368  0.0368  0.0364  0.0375  0.0360  0.0363  0.0363  0.0361
  0.0380  0.0374  0.0379  0.0377  0.0384  0.0396  0.0374  0.0395  0.0366  0.0371  0.0371  0.0368
niter,ni,del,rscale     4    3    5.0000    0.7000
parameters
    0.1602  -12.7562   15.4678   -0.7951  -10.4596   -4.1985
    3.1541   -1.4689   -4.2693   -6.4593    3.4612    2.3243
eta,q 0.96476 16.12844
  0.0370  0.0361  0.0368  0.0386  0.0373  0.0394  0.0367  0.0385  0.0361  0.0365  0.0364  0.0358
  0.0362  0.0358  0.0362  0.0373  0.0366  0.0381  0.0359  0.0366  0.0356  0.0357  0.0358  0.0355
  0.0357  0.0356  0.0358  0.0362  0.0360  0.0367  0.0354  0.0355  0.0353  0.0353  0.0354  0.0353
  0.0355  0.0355  0.0355  0.0355  0.0356  0.0355  0.0353  0.0353  0.0353  0.0353  0.0353  0.0353
  0.0358  0.0356  0.0355  0.0358  0.0356  0.0352  0.0354  0.0357  0.0353  0.0354  0.0354  0.0354
  0.0363  0.0358  0.0357  0.0375  0.0360  0.0362  0.0358  0.0368  0.0356  0.0359  0.0358  0.0357
  0.0373  0.0362  0.0360  0.0404  0.0371  0.0384  0.0365  0.0385  0.0360  0.0365  0.0365  0.0363
niter,ni,del,rscale     3    3    5.0000    0.6000
parameters
    0.1267  -13.0606   15.7859   -0.7780  -10.0481   -3.8096
    3.2037   -1.4936   -4.1838   -6.8149    3.3688    2.0434
eta,q 0.96505 16.15579
  0.0363  0.0355  0.0363  0.0378  0.0366  0.0384  0.0360  0.0375  0.0356  0.0358  0.0358  0.0355
  0.0357  0.0353  0.0358  0.0367  0.0360  0.0372  0.0354  0.0360  0.0353  0.0352  0.0353  0.0352
  0.0354  0.0352  0.0354  0.0358  0.0355  0.0360  0.0351  0.0352  0.0350  0.0350  0.0350  0.0350
  0.0352  0.0352  0.0352  0.0352  0.0352  0.0351  0.0350  0.0350  0.0350  0.0350  0.0350  0.0350
  0.0354  0.0354  0.0352  0.0352  0.0351  0.0350  0.0351  0.0353  0.0350  0.0352  0.0351  0.0350
  0.0358  0.0356  0.0353  0.0362  0.0354  0.0358  0.0354  0.0362  0.0352  0.0356  0.0354  0.0353
  0.0365  0.0360  0.0355  0.0382  0.0362  0.0377  0.0360  0.0374  0.0356  0.0361  0.0359  0.0357
niter,ni,del,rscale     2    3    5.0000    0.5000
parameters
    0.0972  -13.4599   16.0702   -0.7185   -9.5847   -3.4689
    3.2046   -1.4946   -4.0261   -7.2714    3.2476    1.9362
eta,q 0.96533 16.18446
  0.0357  0.0350  0.0357  0.0369  0.0360  0.0374  0.0354  0.0365  0.0352  0.0353  0.0353  0.0351
  0.0353  0.0349  0.0353  0.0360  0.0355  0.0364  0.0350  0.0355  0.0349  0.0349  0.0349  0.0348
  0.0350  0.0349  0.0350  0.0353  0.0351  0.0354  0.0348  0.0349  0.0348  0.0347  0.0347  0.0347
  0.0349  0.0350  0.0349  0.0349  0.0348  0.0348  0.0347  0.0347  0.0347  0.0347  0.0347  0.0347
  0.0351  0.0351  0.0349  0.0349  0.0348  0.0347  0.0348  0.0349  0.0347  0.0349  0.0348  0.0347
  0.0353  0.0353  0.0349  0.0356  0.0350  0.0354  0.0350  0.0355  0.0349  0.0352  0.0350  0.0349
  0.0358  0.0356  0.0351  0.0370  0.0355  0.0367  0.0354  0.0365  0.0351  0.0357  0.0354  0.0352
niter,ni,del,rscale     1    3    5.0000    0.4000
parameters
    0.0759  -13.8352   16.3092   -0.7035   -9.2278   -3.1820
    3.1496   -1.4767   -3.8239   -7.6743    3.1416    1.9258
eta,q 0.96554 16.20828
  0.0352  0.0347  0.0352  0.0359  0.0353  0.0365  0.0349  0.0357  0.0349  0.0349  0.0349  0.0348
  0.0349  0.0346  0.0349  0.0353  0.0350  0.0357  0.0347  0.0350  0.0347  0.0346  0.0346  0.0346
  0.0347  0.0346  0.0347  0.0348  0.0347  0.0350  0.0345  0.0346  0.0345  0.0345  0.0345  0.0345
  0.0347  0.0347  0.0346  0.0346  0.0346  0.0345  0.0345  0.0345  0.0345  0.0345  0.0345  0.0345
  0.0347  0.0348  0.0346  0.0346  0.0346  0.0345  0.0345  0.0346  0.0345  0.0346  0.0345  0.0345
  0.0349  0.0349  0.0346  0.0351  0.0347  0.0350  0.0347  0.0350  0.0346  0.0349  0.0347  0.0346
  0.0353  0.0352  0.0347  0.0360  0.0350  0.0359  0.0350  0.0357  0.0347  0.0352  0.0350  0.0348
registration optimization eta report
parameter search radius
    0.8000    0.8000    0.8000    2.4000    2.4000    2.4000
    2.4000    2.4000    2.4000    2.4000    2.4000    2.4000
100000*second partial in parameter space
       86.       42.       55.       24.       11.       28.
        8.       21.        5.       10.        8.        5.
  0.0352  0.0347  0.0352  0.0359  0.0353  0.0365  0.0349  0.0357  0.0349  0.0349  0.0349  0.0348
  0.0349  0.0346  0.0349  0.0353  0.0350  0.0357  0.0347  0.0350  0.0347  0.0346  0.0346  0.0346
  0.0347  0.0346  0.0347  0.0348  0.0347  0.0350  0.0345  0.0346  0.0345  0.0345  0.0345  0.0345
  0.0347  0.0347  0.0346  0.0346  0.0346  0.0345  0.0345  0.0345  0.0345  0.0345  0.0345  0.0345
  0.0347  0.0348  0.0346  0.0346  0.0346  0.0345  0.0345  0.0346  0.0345  0.0346  0.0345  0.0345
  0.0349  0.0349  0.0346  0.0351  0.0347  0.0350  0.0347  0.0350  0.0346  0.0349  0.0347  0.0346
  0.0353  0.0352  0.0347  0.0360  0.0350  0.0359  0.0350  0.0357  0.0347  0.0352  0.0350  0.0348
    0.0759  -13.8352   16.3092   -0.7035   -9.2278   -3.1820
    3.1496   -1.4767   -3.8239   -7.6743    3.1416    1.9258
eta,q 0.96554 16.20828

---------------------------------------------------------------------
imgreg_4dfp /opt/freesurfer/average/711-2C_as_mni_average_305 /opt/freesurfer/average/711-2B_as_mni_average_305_mask talsrcimg_g11 none talsrcimg_to_711-2C_as_mni_average_305_t4 2311
---------------------------------------------------------------------

freesurfer imgreg_4dfp.c
/opt/freesurfer/average/711-2C_as_mni_average_305.4dfp.img
       256       256       256         1
  1.000000  1.000000  1.000000
orientation T byte_order littleendian
Reading image: /opt/freesurfer/average/711-2C_as_mni_average_305.4dfp.img
dimensions:      256       256       256
mmppix:       1.0000   -1.0000   -1.0000
center:     128.0000 -129.0000 -129.0000
/opt/freesurfer/average/711-2B_as_mni_average_305_mask.4dfp.img
       256       256       256         1
  1.000000  1.000000  1.000000
orientation T byte_order littleendian
Reading mask: /opt/freesurfer/average/711-2B_as_mni_average_305_mask.4dfp.img (2306576 pixels)
talsrcimg_g11.4dfp.img
       320       320       320         1
  0.800000  0.800000  0.800000
orientation T byte_order littleendian
Reading image: talsrcimg_g11.4dfp.img
dimensions:      320       320       320
mmppix:       0.8000   -0.8000   -0.8000
center:     128.0000 -128.8000 -128.8000
fimgreg.f
image alignment mode   2311 decimal      907 hex
parameters
    0.0759  -13.8352   16.3092   -0.7035   -9.2278   -3.1820
    3.1496   -1.4767   -3.8239   -7.6743    3.1416    1.9258
eta,q 0.96554 16.20828
niter,ni,del,rscale     5    3    5.0000    0.8000
parameters
    0.0467  -14.1253   16.4974   -1.3558   -9.2574   -3.3311
    3.1710   -1.4317   -3.7022   -7.7580    2.9823    2.1378
eta,q 0.96540 16.23715
  0.0366  0.0352  0.0362  0.0378  0.0368  0.0391  0.0362  0.0385  0.0358  0.0366  0.0360  0.0357
  0.0354  0.0347  0.0353  0.0363  0.0358  0.0375  0.0353  0.0363  0.0351  0.0354  0.0352  0.0351
  0.0347  0.0345  0.0347  0.0350  0.0350  0.0357  0.0348  0.0350  0.0348  0.0348  0.0347  0.0348
  0.0345  0.0345  0.0344  0.0344  0.0346  0.0346  0.0346  0.0346  0.0346  0.0346  0.0346  0.0346
  0.0347  0.0347  0.0345  0.0350  0.0347  0.0349  0.0348  0.0351  0.0347  0.0349  0.0348  0.0347
  0.0355  0.0352  0.0349  0.0374  0.0355  0.0370  0.0353  0.0363  0.0351  0.0356  0.0353  0.0350
  0.0368  0.0360  0.0355  0.0413  0.0372  0.0407  0.0362  0.0383  0.0357  0.0366  0.0361  0.0356
niter,ni,del,rscale     4    3    5.0000    0.7000
parameters
    0.0851  -14.1050   16.4464   -1.2139   -9.1906   -3.2742
    3.0723   -1.3504   -3.6107   -7.8666    2.8897    2.1934
eta,q 0.96548 16.23379
  0.0361  0.0355  0.0356  0.0379  0.0364  0.0385  0.0357  0.0378  0.0354  0.0361  0.0356  0.0354
  0.0353  0.0350  0.0350  0.0366  0.0356  0.0371  0.0351  0.0359  0.0349  0.0351  0.0350  0.0349
  0.0348  0.0347  0.0347  0.0354  0.0349  0.0356  0.0347  0.0349  0.0346  0.0346  0.0346  0.0346
  0.0346  0.0346  0.0346  0.0346  0.0346  0.0345  0.0345  0.0345  0.0345  0.0345  0.0345  0.0345
  0.0347  0.0347  0.0347  0.0345  0.0346  0.0347  0.0347  0.0349  0.0346  0.0348  0.0347  0.0346
  0.0352  0.0350  0.0351  0.0356  0.0352  0.0362  0.0351  0.0359  0.0349  0.0353  0.0351  0.0349
  0.0359  0.0354  0.0357  0.0381  0.0365  0.0390  0.0359  0.0374  0.0354  0.0362  0.0357  0.0354
niter,ni,del,rscale     3    3    5.0000    0.6000
parameters
    0.0949  -14.1403   16.4712   -1.0670   -9.1373   -3.1524
    3.0014   -1.3069   -3.5254   -7.9938    2.8373    2.1877
eta,q 0.96557 16.23197
  0.0356  0.0351  0.0353  0.0371  0.0359  0.0378  0.0354  0.0369  0.0351  0.0356  0.0353  0.0351
  0.0350  0.0348  0.0349  0.0361  0.0352  0.0365  0.0348  0.0355  0.0348  0.0349  0.0348  0.0347
  0.0346  0.0346  0.0346  0.0351  0.0347  0.0353  0.0345  0.0347  0.0345  0.0345  0.0345  0.0345
  0.0345  0.0345  0.0345  0.0345  0.0345  0.0345  0.0344  0.0344  0.0344  0.0344  0.0344  0.0344
  0.0346  0.0346  0.0346  0.0345  0.0345  0.0346  0.0345  0.0347  0.0345  0.0346  0.0345  0.0345
  0.0350  0.0348  0.0348  0.0353  0.0350  0.0357  0.0349  0.0355  0.0347  0.0351  0.0349  0.0347
  0.0356  0.0352  0.0353  0.0372  0.0359  0.0378  0.0355  0.0367  0.0351  0.0357  0.0354  0.0351
niter,ni,del,rscale     2    3    5.0000    0.5000
parameters
    0.0973  -14.2043   16.5275   -0.9479   -9.0855   -3.0206
    2.9381   -1.2877   -3.4588   -8.1260    2.8086    2.1725
eta,q 0.96564 16.23158
  0.0352  0.0348  0.0351  0.0364  0.0354  0.0370  0.0350  0.0362  0.0349  0.0352  0.0350  0.0348
  0.0348  0.0346  0.0347  0.0355  0.0349  0.0359  0.0347  0.0352  0.0346  0.0347  0.0347  0.0346
  0.0345  0.0345  0.0345  0.0348  0.0346  0.0349  0.0344  0.0346  0.0344  0.0344  0.0344  0.0344
  0.0344  0.0344  0.0344  0.0344  0.0344  0.0344  0.0344  0.0344  0.0344  0.0344  0.0344  0.0344
  0.0345  0.0345  0.0345  0.0344  0.0344  0.0345  0.0345  0.0346  0.0344  0.0345  0.0345  0.0344
  0.0348  0.0347  0.0346  0.0351  0.0348  0.0353  0.0347  0.0352  0.0346  0.0348  0.0347  0.0346
  0.0352  0.0349  0.0349  0.0364  0.0354  0.0368  0.0351  0.0361  0.0348  0.0353  0.0350  0.0348
niter,ni,del,rscale     1    3    5.0000    0.4000
parameters
    0.0985  -14.2733   16.5949   -0.8611   -9.0391   -2.8964
    2.8876   -1.2767   -3.4169   -8.2410    2.7970    2.1388
eta,q 0.96567 16.23199
  0.0349  0.0346  0.0348  0.0357  0.0350  0.0362  0.0348  0.0355  0.0347  0.0349  0.0348  0.0346
  0.0346  0.0345  0.0346  0.0351  0.0347  0.0354  0.0345  0.0348  0.0345  0.0345  0.0345  0.0345
  0.0344  0.0344  0.0344  0.0346  0.0345  0.0347  0.0344  0.0345  0.0344  0.0344  0.0344  0.0344
  0.0344  0.0344  0.0344  0.0344  0.0344  0.0344  0.0343  0.0343  0.0343  0.0343  0.0343  0.0343
  0.0344  0.0344  0.0344  0.0344  0.0344  0.0344  0.0344  0.0345  0.0344  0.0344  0.0344  0.0344
  0.0346  0.0345  0.0345  0.0348  0.0346  0.0350  0.0345  0.0349  0.0345  0.0346  0.0345  0.0345
  0.0349  0.0347  0.0347  0.0357  0.0350  0.0360  0.0348  0.0355  0.0346  0.0350  0.0348  0.0346
registration optimization eta report
parameter search radius
    0.8000    0.8000    0.8000    2.4000    2.4000    2.4000
    2.4000    2.4000    2.4000    2.4000    2.4000    2.4000
100000*second partial in parameter space
       83.       46.       60.       23.       12.       30.
        8.       20.        6.       10.        8.        5.
  0.0349  0.0346  0.0348  0.0357  0.0350  0.0362  0.0348  0.0355  0.0347  0.0349  0.0348  0.0346
  0.0346  0.0345  0.0346  0.0351  0.0347  0.0354  0.0345  0.0348  0.0345  0.0345  0.0345  0.0345
  0.0344  0.0344  0.0344  0.0346  0.0345  0.0347  0.0344  0.0345  0.0344  0.0344  0.0344  0.0344
  0.0344  0.0344  0.0344  0.0344  0.0344  0.0344  0.0343  0.0343  0.0343  0.0343  0.0343  0.0343
  0.0344  0.0344  0.0344  0.0344  0.0344  0.0344  0.0344  0.0345  0.0344  0.0344  0.0344  0.0344
  0.0346  0.0345  0.0345  0.0348  0.0346  0.0350  0.0345  0.0349  0.0345  0.0346  0.0345  0.0345
  0.0349  0.0347  0.0347  0.0357  0.0350  0.0360  0.0348  0.0355  0.0346  0.0350  0.0348  0.0346
    0.0985  -14.2733   16.5949   -0.8611   -9.0391   -2.8964
    2.8876   -1.2767   -3.4169   -8.2410    2.7970    2.1388
eta,q 0.96567 16.23199

---------------------------------------------------------------------
compute_vox2vox talsrcimg talsrcimg_to_711-2C_as_mni_average_305_t4 /opt/freesurfer/average/711-2C_as_mni_average_305
---------------------------------------------------------------------

freesurfer compute_vox2vox.c
Reading: talsrcimg.4dfp.ifh
Reading: talsrcimg_to_711-2C_as_mni_average_305_t4
Reading: /opt/freesurfer/average/711-2C_as_mni_average_305.4dfp.ifh
Writing: talsrcimg_to_711-2C_as_mni_average_305_t4_vox2vox.txt

start time Tue Mar 10 14:46:49 CET 2026
end		time Tue Mar 10 14:48:14 CET 2026

mpr2mni305 success

avi2talxfm orig_nu.mgz /opt/freesurfer/average/mni305.cor.mgz talsrcimg_to_711-2C_as_mni_average_305_t4_vox2vox.txt transforms/talairach.auto.xfm
avi2talxfm done
mv -f /out/sourcedata/freesurfer/sub-v2s11x28690_ses-1/mri/talsrcimg_to_711-2C_as_mni_average_305_t4_vox2vox.txt /out/sourcedata/freesurfer/sub-v2s11x28690_ses-1/mri/transforms/talsrcimg_to_711-2C_as_mni_average_305_t4_vox2vox.txt
lta_convert --src orig_nu.mgz --trg /opt/freesurfer/average/mni305.cor.mgz --inxfm transforms/talairach.auto.xfm --outlta transforms/talairach.auto.xfm.lta --subject fsaverage
7.3.2

--src: orig_nu.mgz src image (geometry).
--trg: /opt/freesurfer/average/mni305.cor.mgz trg image (geometry).
--inmni: transforms/talairach.auto.xfm input MNI/XFM transform.
--outlta: transforms/talairach.auto.xfm.lta output LTA.
--s: fsaverage subject name
 LTA read, type : 1
 1.00728   0.01051  -0.03222  -2.92423;
-0.02979   1.02747  -0.02321  -24.38162;
 0.03514   0.09348   1.09606   13.70963;
 0.00000   0.00000   0.00000   1.00000;
setting subject to fsaverage
Writing  LTA to file transforms/talairach.auto.xfm.lta...
lta_convert successful.
 
 
Started at Tue Mar 10 14:46:48 CET 2026
Ended   at Tue Mar 10 14:48:15 CET 2026
talairach_avi done
