status file for recon-all
Tue Mar 10 21:04:33 CET 2026
#@# MotionCor Tue Mar 10 21:04:37 CET 2026
#@# Talairach Tue Mar 10 21:04:47 CET 2026
#@# Talairach Failure Detection Tue Mar 10 21:12:01 CET 2026
#@# Talairach Tue Mar 10 21:12:01 CET 2026
#@# Talairach Failure Detection Tue Mar 10 21:19:15 CET 2026
#@# Talairach Tue Mar 10 21:19:15 CET 2026
#@# Talairach Failure Detection Tue Mar 10 21:25:07 CET 2026
#@# Nu Intensity Correction Tue Mar 10 21:25:07 CET 2026
#@# Intensity Normalization Tue Mar 10 21:31:29 CET 2026
recon-all -s sub-v2s11x28722_ses-1 finished without error at Tue Mar 10 21:35:16 CET 2026



#New# invocation of recon-all 



status file for recon-all
Tue Mar 10 21:42:47 CET 2026
#@# EM Registration Tue Mar 10 21:42:47 CET 2026
recon-all -s sub-v2s11x28722_ses-1 finished without error at Tue Mar 10 21:45:18 CET 2026



#New# invocation of recon-all 



status file for recon-all
Tue Mar 10 21:45:21 CET 2026
#@# CA Normalize Tue Mar 10 21:45:21 CET 2026
#@# CA Reg Tue Mar 10 21:47:11 CET 2026
#@# SubCort Seg Tue Mar 10 22:39:41 CET 2026
#@# CC Seg Tue Mar 10 23:48:30 CET 2026
#@# Merge ASeg Tue Mar 10 23:49:27 CET 2026
#@# Intensity Normalization2 Tue Mar 10 23:49:27 CET 2026
#@# Mask BFS Tue Mar 10 23:54:14 CET 2026
#@# WM Segmentation Tue Mar 10 23:54:15 CET 2026
#@# Fill Tue Mar 10 23:58:35 CET 2026
recon-all -s sub-v2s11x28722_ses-1 finished without error at Wed Mar 11 00:00:17 CET 2026



#New# invocation of recon-all 



status file for recon-all
Wed Mar 11 01:15:08 CET 2026
#@# white curv lh Wed Mar 11 01:15:08 CET 2026
#@# white area lh Wed Mar 11 01:15:08 CET 2026
#@# pial curv lh Wed Mar 11 01:15:08 CET 2026
#@# pial area lh Wed Mar 11 01:15:08 CET 2026
#@# thickness lh Wed Mar 11 01:15:08 CET 2026
#@# area and vertex vol lh Wed Mar 11 01:15:08 CET 2026
#@# white curv rh Wed Mar 11 01:15:08 CET 2026
#@# white area rh Wed Mar 11 01:15:08 CET 2026
#@# pial curv rh Wed Mar 11 01:15:08 CET 2026
#@# pial area rh Wed Mar 11 01:15:08 CET 2026
#@# thickness rh Wed Mar 11 01:15:08 CET 2026
#@# area and vertex vol rh Wed Mar 11 01:15:08 CET 2026
#@# Cortical ribbon mask Wed Mar 11 01:15:08 CET 2026
recon-all -s sub-v2s11x28722_ses-1 finished without error at Wed Mar 11 01:26:06 CET 2026



#New# invocation of recon-all 



status file for recon-all
Wed Mar 11 01:36:10 CET 2026
#@# white curv lh Wed Mar 11 01:36:10 CET 2026
#@# white area lh Wed Mar 11 01:36:10 CET 2026
#@# pial curv lh Wed Mar 11 01:36:10 CET 2026
#@# pial area lh Wed Mar 11 01:36:10 CET 2026
#@# thickness lh Wed Mar 11 01:36:10 CET 2026
#@# area and vertex vol lh Wed Mar 11 01:36:10 CET 2026
#@# white curv rh Wed Mar 11 01:36:10 CET 2026
#@# white area rh Wed Mar 11 01:36:10 CET 2026
#@# pial curv rh Wed Mar 11 01:36:10 CET 2026
#@# pial area rh Wed Mar 11 01:36:10 CET 2026
#@# thickness rh Wed Mar 11 01:36:10 CET 2026
#@# area and vertex vol rh Wed Mar 11 01:36:10 CET 2026
#@# Curvature Stats lh Wed Mar 11 01:36:10 CET 2026
#@# Curvature Stats rh Wed Mar 11 01:36:14 CET 2026
#@# Relabel Hypointensities Wed Mar 11 01:36:18 CET 2026
#@# APas-to-ASeg Wed Mar 11 01:36:46 CET 2026
#@# AParc-to-ASeg aparc Wed Mar 11 01:36:59 CET 2026
#@# AParc-to-ASeg aparc.a2009s Wed Mar 11 01:38:10 CET 2026
#@# AParc-to-ASeg aparc.DKTatlas Wed Mar 11 01:39:13 CET 2026
#@# WMParc Wed Mar 11 01:40:18 CET 2026
#@# ASeg Stats Wed Mar 11 01:46:33 CET 2026
recon-all -s sub-v2s11x28722_ses-1 finished without error at Wed Mar 11 01:47:33 CET 2026
