Log file for defect2seg
Tue Mar 10 21:59:16 CET 2026

setenv SUBJECTS_DIR /out/sourcedata/freesurfer
cd /out/sourcedata/freesurfer/sub-v2s11x28694_ses-1/scripts
/opt/freesurfer/bin/defect2seg --s sub-v2s11x28694_ses-1 --rh-only --cortex

freesurfer-linux-ubuntu22_x86_64-7.3.2-20220804-6354275
defect2seg 7.3.2
Linux dna030 5.14.0-427.37.1.el9_4.x86_64 #1 SMP PREEMPT_DYNAMIC Fri Sep 13 12:41:50 EDT 2024 x86_64 x86_64 x86_64 GNU/Linux
pid 3962377
mri_label2label --label-cortex /out/sourcedata/freesurfer/sub-v2s11x28694_ses-1/surf/rh.orig.nofix /out/sourcedata/freesurfer/sub-v2s11x28694_ses-1/mri/aseg.presurf.mgz 0 /out/sourcedata/freesurfer/sub-v2s11x28694_ses-1/label/rh.nofix.cortex.label

 Generating cortex label... RemoveHipAmgy=0
 NucAccIsMedialWall=0
 mris->useRealRAS=0
44 non-cortical segments detected
only using segment with 11449 vertices
erasing segment 0 (vno[0] = 4455)
erasing segment 1 (vno[0] = 5041)
erasing segment 2 (vno[0] = 9475)
erasing segment 3 (vno[0] = 10934)
erasing segment 4 (vno[0] = 10939)
erasing segment 5 (vno[0] = 10965)
erasing segment 6 (vno[0] = 12376)
erasing segment 7 (vno[0] = 16029)
erasing segment 8 (vno[0] = 19491)
erasing segment 9 (vno[0] = 31389)
erasing segment 10 (vno[0] = 35558)
erasing segment 11 (vno[0] = 44953)
erasing segment 12 (vno[0] = 49500)
erasing segment 13 (vno[0] = 52277)
erasing segment 14 (vno[0] = 53687)
erasing segment 15 (vno[0] = 58987)
erasing segment 16 (vno[0] = 72339)
erasing segment 17 (vno[0] = 73888)
erasing segment 18 (vno[0] = 75402)
erasing segment 20 (vno[0] = 90944)
erasing segment 21 (vno[0] = 90991)
erasing segment 22 (vno[0] = 96743)
erasing segment 23 (vno[0] = 99629)
erasing segment 24 (vno[0] = 101054)
erasing segment 25 (vno[0] = 115035)
erasing segment 26 (vno[0] = 126908)
erasing segment 27 (vno[0] = 144271)
erasing segment 28 (vno[0] = 154259)
erasing segment 29 (vno[0] = 161429)
erasing segment 30 (vno[0] = 162512)
erasing segment 31 (vno[0] = 162585)
erasing segment 32 (vno[0] = 162618)
erasing segment 33 (vno[0] = 163947)
erasing segment 34 (vno[0] = 163991)
erasing segment 35 (vno[0] = 163994)
erasing segment 36 (vno[0] = 165253)
erasing segment 37 (vno[0] = 165432)
erasing segment 38 (vno[0] = 168898)
erasing segment 39 (vno[0] = 169850)
erasing segment 40 (vno[0] = 169873)
erasing segment 41 (vno[0] = 169883)
erasing segment 42 (vno[0] = 170855)
erasing segment 43 (vno[0] = 174939)
mri_label2vol --defects /out/sourcedata/freesurfer/sub-v2s11x28694_ses-1/surf/rh.orig.nofix /out/sourcedata/freesurfer/sub-v2s11x28694_ses-1/surf/rh.defect_labels /out/sourcedata/freesurfer/sub-v2s11x28694_ses-1/mri/orig.mgz 2000 0 /out/sourcedata/freesurfer/sub-v2s11x28694_ses-1/mri/rh.surface.defects.mgz /out/sourcedata/freesurfer/sub-v2s11x28694_ses-1/label/rh.nofix.cortex.label
mri_label2vol supposed to be reproducible but seed not set
Contraining to label /out/sourcedata/freesurfer/sub-v2s11x28694_ses-1/label/rh.nofix.cortex.label
Changing input type 0 to MRI_INT
Converting defects to volume: offset=2000, merge=0
Writing to /out/sourcedata/freesurfer/sub-v2s11x28694_ses-1/mri/rh.surface.defects.mgz
mris_defects_pointset -s /out/sourcedata/freesurfer/sub-v2s11x28694_ses-1/surf/rh.orig.nofix -d /out/sourcedata/freesurfer/sub-v2s11x28694_ses-1/surf/rh.defect_labels -o /out/sourcedata/freesurfer/sub-v2s11x28694_ses-1/surf/rh.defects.pointset --label /out/sourcedata/freesurfer/sub-v2s11x28694_ses-1/label/rh.nofix.cortex.label
Reading in surface /out/sourcedata/freesurfer/sub-v2s11x28694_ses-1/surf/rh.orig.nofix
Reading in defect segmentation /out/sourcedata/freesurfer/sub-v2s11x28694_ses-1/surf/rh.defect_labels
Reading in label /out/sourcedata/freesurfer/sub-v2s11x28694_ses-1/label/rh.nofix.cortex.label
#VMPC# mris_defects_pointset 1374340
mris_defects_pointset done
 
Started at Tue Mar 10 21:59:16 CET 2026 
Ended   at Tue Mar 10 21:59:47 CET 2026
Defect2seg-Run-Time-Sec 31
Defect2seg-Run-Time-Min 0.62
Defect2seg-Run-Time-Hours 0.01
 
defect2seg Done
