status file for recon-all
Tue Mar 10 18:14:19 CET 2026
#@# MotionCor Tue Mar 10 18:14:24 CET 2026
#@# Talairach Tue Mar 10 18:14:34 CET 2026
#@# Talairach Failure Detection Tue Mar 10 18:21:41 CET 2026
#@# Nu Intensity Correction Tue Mar 10 18:21:41 CET 2026
#@# Intensity Normalization Tue Mar 10 18:27:57 CET 2026
recon-all -s sub-v2s11x28694_ses-1 finished without error at Tue Mar 10 18:32:57 CET 2026



#New# invocation of recon-all 



status file for recon-all
Tue Mar 10 18:40:35 CET 2026
#@# EM Registration Tue Mar 10 18:40:35 CET 2026
recon-all -s sub-v2s11x28694_ses-1 finished without error at Tue Mar 10 18:42:50 CET 2026



#New# invocation of recon-all 



status file for recon-all
Tue Mar 10 18:42:54 CET 2026
#@# CA Normalize Tue Mar 10 18:42:54 CET 2026
#@# CA Reg Tue Mar 10 18:44:48 CET 2026
#@# SubCort Seg Tue Mar 10 19:37:59 CET 2026
#@# CC Seg Tue Mar 10 20:54:29 CET 2026
#@# Merge ASeg Tue Mar 10 20:55:33 CET 2026
#@# Intensity Normalization2 Tue Mar 10 20:55:33 CET 2026
#@# Mask BFS Tue Mar 10 21:00:32 CET 2026
#@# WM Segmentation Tue Mar 10 21:00:34 CET 2026
#@# Fill Tue Mar 10 21:05:15 CET 2026
recon-all -s sub-v2s11x28694_ses-1 finished without error at Tue Mar 10 21:07:04 CET 2026



#New# invocation of recon-all 



status file for recon-all
Tue Mar 10 22:34:54 CET 2026
#@# white curv lh Tue Mar 10 22:34:54 CET 2026
#@# white area lh Tue Mar 10 22:34:54 CET 2026
#@# pial curv lh Tue Mar 10 22:34:54 CET 2026
#@# pial area lh Tue Mar 10 22:34:54 CET 2026
#@# thickness lh Tue Mar 10 22:34:54 CET 2026
#@# area and vertex vol lh Tue Mar 10 22:34:54 CET 2026
#@# white curv rh Tue Mar 10 22:34:54 CET 2026
#@# white area rh Tue Mar 10 22:34:54 CET 2026
#@# pial curv rh Tue Mar 10 22:34:54 CET 2026
#@# pial area rh Tue Mar 10 22:34:54 CET 2026
#@# thickness rh Tue Mar 10 22:34:54 CET 2026
#@# area and vertex vol rh Tue Mar 10 22:34:54 CET 2026
#@# Cortical ribbon mask Tue Mar 10 22:34:54 CET 2026
recon-all -s sub-v2s11x28694_ses-1 finished without error at Tue Mar 10 22:46:16 CET 2026



#New# invocation of recon-all 



status file for recon-all
Tue Mar 10 22:58:02 CET 2026
#@# white curv lh Tue Mar 10 22:58:02 CET 2026
#@# white area lh Tue Mar 10 22:58:02 CET 2026
#@# pial curv lh Tue Mar 10 22:58:02 CET 2026
#@# pial area lh Tue Mar 10 22:58:02 CET 2026
#@# thickness lh Tue Mar 10 22:58:02 CET 2026
#@# area and vertex vol lh Tue Mar 10 22:58:02 CET 2026
#@# white curv rh Tue Mar 10 22:58:02 CET 2026
#@# white area rh Tue Mar 10 22:58:02 CET 2026
#@# pial curv rh Tue Mar 10 22:58:02 CET 2026
#@# pial area rh Tue Mar 10 22:58:02 CET 2026
#@# thickness rh Tue Mar 10 22:58:02 CET 2026
#@# area and vertex vol rh Tue Mar 10 22:58:02 CET 2026
#@# Curvature Stats lh Tue Mar 10 22:58:02 CET 2026
#@# Curvature Stats rh Tue Mar 10 22:58:06 CET 2026
#@# Relabel Hypointensities Tue Mar 10 22:58:12 CET 2026
#@# APas-to-ASeg Tue Mar 10 22:58:42 CET 2026
#@# AParc-to-ASeg aparc Tue Mar 10 22:58:59 CET 2026
#@# AParc-to-ASeg aparc.a2009s Tue Mar 10 23:00:36 CET 2026
#@# AParc-to-ASeg aparc.DKTatlas Tue Mar 10 23:02:07 CET 2026
#@# WMParc Tue Mar 10 23:03:37 CET 2026
#@# ASeg Stats Tue Mar 10 23:10:23 CET 2026
recon-all -s sub-v2s11x28694_ses-1 finished without error at Tue Mar 10 23:11:26 CET 2026
